<?xml version="1.0" encoding="UTF-8"?>
<testsuite xmlns:xsi="http://www.w3.org/2001/XMLSchema-instance" xsi:noNamespaceSchemaLocation="https://maven.apache.org/surefire/maven-failsafe-plugin/xsd/failsafe-test-report-3.0.xsd" version="3.0" name="fr.insalyon.creatis.vip.integrationtest.VipWebConfigurationIT" time="8.288" tests="2" errors="0" skipped="0" failures="0">
  <properties>
    <property name="sun.desktop" value="gnome"/>
    <property name="awt.toolkit" value="sun.awt.X11.XToolkit"/>
    <property name="java.specification.version" value="11"/>
    <property name="sun.cpu.isalist" value=""/>
    <property name="sun.jnu.encoding" value="UTF-8"/>
    <property name="java.class.path" value="/home/marza/Documents/VIP-portal/vip-portal/target/test-classes:/home/marza/Documents/VIP-portal/vip-portal/target/classes:/home/marza/Documents/VIP-portal/vip-core/target/vip-core-2.4.1.jar:/home/marza/.m2/repository/com/google/gwt/gwt-user/2.8.2/gwt-user-2.8.2.jar:/home/marza/.m2/repository/com/google/jsinterop/jsinterop-annotations/1.0.2/jsinterop-annotations-1.0.2.jar:/home/marza/.m2/repository/com/google/jsinterop/jsinterop-annotations/1.0.2/jsinterop-annotations-1.0.2-sources.jar:/home/marza/.m2/repository/javax/servlet/javax.servlet-api/3.1.0/javax.servlet-api-3.1.0.jar:/home/marza/.m2/repository/org/w3c/css/sac/1.3/sac-1.3.jar:/home/marza/.m2/repository/org/bouncycastle/bcpkix-jdk15on/1.52/bcpkix-jdk15on-1.52.jar:/home/marza/.m2/repository/org/bouncycastle/bcprov-jdk15on/1.52/bcprov-jdk15on-1.52.jar:/home/marza/.m2/repository/fr/insalyon/creatis/grida-client/2.2.0/grida-client-2.2.0.jar:/home/marza/.m2/repository/fr/insalyon/creatis/grida-common/2.2.0/grida-common-2.2.0.jar:/home/marza/.m2/repository/commons-cli/commons-cli/1.4/commons-cli-1.4.jar:/home/marza/.m2/repository/fr/insalyon/creatis/sma-client/0.3.0/sma-client-0.3.0.jar:/home/marza/.m2/repository/fr/insalyon/creatis/sma-common/0.3.0/sma-common-0.3.0.jar:/home/marza/.m2/repository/fr/insalyon/creatis/devtools/0.1/devtools-0.1.jar:/home/marza/.m2/repository/org/slf4j/slf4j-api/1.7.30/slf4j-api-1.7.30.jar:/home/marza/.m2/repository/commons-configuration/commons-configuration/1.7/commons-configuration-1.7.jar:/home/marza/.m2/repository/commons-logging/commons-logging/99-empty/commons-logging-99-empty.jar:/home/marza/.m2/repository/commons-digester/commons-digester/1.8.1/commons-digester-1.8.1.jar:/home/marza/.m2/repository/commons-beanutils/commons-beanutils/1.8.3/commons-beanutils-1.8.3.jar:/home/marza/.m2/repository/commons-codec/commons-codec/1.6/commons-codec-1.6.jar:/home/marza/.m2/repository/commons-io/commons-io/2.4/commons-io-2.4.jar:/home/marza/.m2/repository/org/opensaml/opensaml/2.6.0/opensaml-2.6.0.jar:/home/marza/.m2/repository/org/opensaml/openws/1.5.0/openws-1.5.0.jar:/home/marza/.m2/repository/org/opensaml/xmltooling/1.4.0/xmltooling-1.4.0.jar:/home/marza/.m2/repository/ca/juliusdavies/not-yet-commons-ssl/0.3.9/not-yet-commons-ssl-0.3.9.jar:/home/marza/.m2/repository/org/apache/santuario/xmlsec/1.5.4/xmlsec-1.5.4.jar:/home/marza/.m2/repository/commons-httpclient/commons-httpclient/3.1/commons-httpclient-3.1.jar:/home/marza/.m2/repository/org/owasp/esapi/esapi/2.0.1/esapi-2.0.1.jar:/home/marza/.m2/repository/joda-time/joda-time/2.2/joda-time-2.2.jar:/home/marza/.m2/repository/xerces/xercesImpl/2.10.0/xercesImpl-2.10.0.jar:/home/marza/.m2/repository/xalan/serializer/2.7.1/serializer-2.7.1.jar:/home/marza/.m2/repository/xml-resolver/xml-resolver/1.2/xml-resolver-1.2.jar:/home/marza/.m2/repository/xalan/xalan/2.7.1/xalan-2.7.1.jar:/home/marza/.m2/repository/javax/mail/mail/1.4.5/mail-1.4.5.jar:/home/marza/.m2/repository/javax/activation/activation/1.1/activation-1.1.jar:/home/marza/.m2/repository/javax/annotation/javax.annotation-api/1.3.2/javax.annotation-api-1.3.2.jar:/home/marza/.m2/repository/org/springframework/spring-web/5.3.15/spring-web-5.3.15.jar:/home/marza/.m2/repository/org/springframework/spring-beans/5.3.15/spring-beans-5.3.15.jar:/home/marza/.m2/repository/org/springframework/spring-jdbc/5.3.15/spring-jdbc-5.3.15.jar:/home/marza/.m2/repository/org/springframework/spring-tx/5.3.15/spring-tx-5.3.15.jar:/home/marza/.m2/repository/org/springframework/spring-context/5.3.15/spring-context-5.3.15.jar:/home/marza/.m2/repository/org/springframework/spring-aop/5.3.15/spring-aop-5.3.15.jar:/home/marza/.m2/repository/org/springframework/spring-expression/5.3.15/spring-expression-5.3.15.jar:/home/marza/Documents/VIP-portal/vip-core/target/vip-core-2.4.1-sources.jar:/home/marza/Documents/VIP-portal/vip-docs/target/vip-docs-2.4.1.jar:/home/marza/Documents/VIP-portal/vip-docs/target/vip-docs-2.4.1-sources.jar:/home/marza/Documents/VIP-portal/vip-application-importer/target/vip-application-importer-2.4.1.jar:/home/marza/.m2/repository/org/apache/commons/commons-compress/1.20/commons-compress-1.20.jar:/home/marza/.m2/repository/org/apache/velocity/velocity/1.7/velocity-1.7.jar:/home/marza/.m2/repository/org/apache/velocity/velocity-tools/2.0/velocity-tools-2.0.jar:/home/marza/.m2/repository/commons-chain/commons-chain/1.1/commons-chain-1.1.jar:/home/marza/.m2/repository/commons-validator/commons-validator/1.3.1/commons-validator-1.3.1.jar:/home/marza/.m2/repository/dom4j/dom4j/1.1/dom4j-1.1.jar:/home/marza/.m2/repository/oro/oro/2.0.8/oro-2.0.8.jar:/home/marza/.m2/repository/sslext/sslext/1.2-0/sslext-1.2-0.jar:/home/marza/Documents/VIP-portal/vip-application-importer/target/vip-application-importer-2.4.1-sources.jar:/home/marza/Documents/VIP-portal/vip-datamanagement/target/vip-datamanager-2.4.1.jar:/home/marza/.m2/repository/commons-fileupload/commons-fileupload/1.3.3/commons-fileupload-1.3.3.jar:/home/marza/.m2/repository/com/fasterxml/jackson/core/jackson-databind/2.11.0/jackson-databind-2.11.0.jar:/home/marza/.m2/repository/com/fasterxml/jackson/core/jackson-annotations/2.11.0/jackson-annotations-2.11.0.jar:/home/marza/.m2/repository/com/fasterxml/jackson/core/jackson-core/2.11.0/jackson-core-2.11.0.jar:/home/marza/Documents/VIP-portal/vip-datamanagement/target/vip-datamanager-2.4.1-sources.jar:/home/marza/Documents/VIP-portal/vip-application/target/vip-application-2.4.1.jar:/home/marza/.m2/repository/fr/insalyon/creatis/moteur2-workflowsdb-common/1.6/moteur2-workflowsdb-common-1.6.jar:/home/marza/.m2/repository/org/hibernate/hibernate-entitymanager/4.1.1.Final/hibernate-entitymanager-4.1.1.Final.jar:/home/marza/.m2/repository/org/hibernate/hibernate-core/4.1.1.Final/hibernate-core-4.1.1.Final.jar:/home/marza/.m2/repository/antlr/antlr/2.7.7/antlr-2.7.7.jar:/home/marza/.m2/repository/org/jboss/spec/javax/transaction/jboss-transaction-api_1.1_spec/1.0.0.Final/jboss-transaction-api_1.1_spec-1.0.0.Final.jar:/home/marza/.m2/repository/org/hibernate/javax/persistence/hibernate-jpa-2.0-api/1.0.1.Final/hibernate-jpa-2.0-api-1.0.1.Final.jar:/home/marza/.m2/repository/org/javassist/javassist/3.15.0-GA/javassist-3.15.0-GA.jar:/home/marza/.m2/repository/org/hibernate/common/hibernate-commons-annotations/4.0.1.Final/hibernate-commons-annotations-4.0.1.Final.jar:/home/marza/.m2/repository/globus-common/jaxrpc/4.2.1/jaxrpc-4.2.1.jar:/home/marza/.m2/repository/org/apache/axis/axis/1.4.1-vip/axis-1.4.1-vip.jar:/home/marza/.m2/repository/org/apache/axis/axis-jaxrpc/1.4.1-SNAPSHOT/axis-jaxrpc-1.4.1-SNAPSHOT.jar:/home/marza/.m2/repository/javax/servlet/servlet-api/2.4/servlet-api-2.4.jar:/home/marza/.m2/repository/xerces/xmlParserAPIs/2.6.2/xmlParserAPIs-2.6.2.jar:/home/marza/.m2/repository/castor/castor/0.9.4.2/castor-0.9.4.2.jar:/home/marza/.m2/repository/bsf/bsf/2.3.0/bsf-2.3.0.jar:/home/marza/.m2/repository/commons-net/commons-net/1.0.0/commons-net-1.0.0.jar:/home/marza/.m2/repository/org/eclipse/emf/common/2.2.3/common-2.2.3.jar:/home/marza/.m2/repository/org/eclipse/emf/ecore/2.2.3/ecore-2.2.3.jar:/home/marza/.m2/repository/org/eclipse/emf/ecore-xmi/2.2.3/ecore-xmi-2.2.3.jar:/home/marza/.m2/repository/org/eclipse/xsd/xsd/2.2.3/xsd-2.2.3.jar:/home/marza/.m2/repository/org/apache/axis/axis-saaj/1.4/axis-saaj-1.4.jar:/home/marza/.m2/repository/commons-discovery/commons-discovery/0.4/commons-discovery-0.4.jar:/home/marza/.m2/repository/wsdl4j/wsdl4j/1.6.1/wsdl4j-1.6.1.jar:/home/marza/.m2/repository/org/jsoup/jsoup/1.7.2/jsoup-1.7.2.jar:/home/marza/.m2/repository/xml-apis/xml-apis/1.4.01/xml-apis-1.4.01.jar:/home/marza/Documents/VIP-portal/vip-application/target/vip-application-2.4.1-sources.jar:/home/marza/Documents/VIP-portal/vip-gatelab/target/vip-gatelab-2.4.1.jar:/home/marza/Documents/VIP-portal/vip-gatelab/target/vip-gatelab-2.4.1-sources.jar:/home/marza/Documents/VIP-portal/vip-publication/target/vip-publication-2.4.1.jar:/home/marza/.m2/repository/org/jbibtex/jbibtex/1.0.14/jbibtex-1.0.14.jar:/home/marza/Documents/VIP-portal/vip-publication/target/vip-publication-2.4.1-sources.jar:/home/marza/Documents/VIP-portal/vip-social/target/vip-social-2.4.1.jar:/home/marza/Documents/VIP-portal/vip-social/target/vip-social-2.4.1-sources.jar:/home/marza/Documents/VIP-portal/vip-api/target/vip-api-2.4.1.jar:/home/marza/.m2/repository/org/springframework/spring-webmvc/5.3.15/spring-webmvc-5.3.15.jar:/home/marza/.m2/repository/org/springframework/security/spring-security-config/5.6.1/spring-security-config-5.6.1.jar:/home/marza/.m2/repository/org/springframework/security/spring-security-oauth2-client/5.6.1/spring-security-oauth2-client-5.6.1.jar:/home/marza/.m2/repository/org/springframework/security/spring-security-oauth2-core/5.6.1/spring-security-oauth2-core-5.6.1.jar:/home/marza/.m2/repository/com/nimbusds/oauth2-oidc-sdk/9.19/oauth2-oidc-sdk-9.19.jar:/home/marza/.m2/repository/com/github/stephenc/jcip/jcip-annotations/1.0-1/jcip-annotations-1.0-1.jar:/home/marza/.m2/repository/com/nimbusds/content-type/2.1/content-type-2.1.jar:/home/marza/.m2/repository/com/nimbusds/lang-tag/1.5/lang-tag-1.5.jar:/home/marza/.m2/repository/org/springframework/security/spring-security-oauth2-jose/5.6.1/spring-security-oauth2-jose-5.6.1.jar:/home/marza/.m2/repository/com/nimbusds/nimbus-jose-jwt/9.14/nimbus-jose-jwt-9.14.jar:/home/marza/.m2/repository/org/springframework/security/spring-security-web/5.6.1/spring-security-web-5.6.1.jar:/home/marza/.m2/repository/org/keycloak/keycloak-spring-security-adapter/15.0.1/keycloak-spring-security-adapter-15.0.1.jar:/home/marza/.m2/repository/org/keycloak/keycloak-core/15.0.1/keycloak-core-15.0.1.jar:/home/marza/.m2/repository/org/keycloak/keycloak-adapter-spi/15.0.1/keycloak-adapter-spi-15.0.1.jar:/home/marza/.m2/repository/org/keycloak/keycloak-adapter-core/15.0.1/keycloak-adapter-core-15.0.1.jar:/home/marza/.m2/repository/org/jboss/logging/jboss-logging/3.4.1.Final/jboss-logging-3.4.1.Final.jar:/home/marza/.m2/repository/org/apache/httpcomponents/httpclient/4.5.13/httpclient-4.5.13.jar:/home/marza/.m2/repository/org/apache/httpcomponents/httpcore/4.4.13/httpcore-4.4.13.jar:/home/marza/.m2/repository/org/keycloak/keycloak-admin-client/15.0.1/keycloak-admin-client-15.0.1.jar:/home/marza/.m2/repository/org/keycloak/keycloak-common/15.0.1/keycloak-common-15.0.1.jar:/home/marza/.m2/repository/org/jboss/resteasy/resteasy-client/3.13.2.Final/resteasy-client-3.13.2.Final.jar:/home/marza/.m2/repository/org/jboss/spec/javax/ws/rs/jboss-jaxrs-api_2.1_spec/2.0.1.Final/jboss-jaxrs-api_2.1_spec-2.0.1.Final.jar:/home/marza/.m2/repository/org/jboss/resteasy/resteasy-jaxrs/3.13.2.Final/resteasy-jaxrs-3.13.2.Final.jar:/home/marza/.m2/repository/org/reactivestreams/reactive-streams/1.0.3/reactive-streams-1.0.3.jar:/home/marza/.m2/repository/org/jboss/spec/javax/annotation/jboss-annotations-api_1.3_spec/2.0.1.Final/jboss-annotations-api_1.3_spec-2.0.1.Final.jar:/home/marza/.m2/repository/com/sun/activation/jakarta.activation/1.2.1/jakarta.activation-1.2.1.jar:/home/marza/.m2/repository/org/jboss/resteasy/resteasy-multipart-provider/3.13.2.Final/resteasy-multipart-provider-3.13.2.Final.jar:/home/marza/.m2/repository/com/sun/mail/jakarta.mail/1.6.5/jakarta.mail-1.6.5.jar:/home/marza/.m2/repository/org/apache/james/apache-mime4j/0.6/apache-mime4j-0.6.jar:/home/marza/.m2/repository/org/jboss/resteasy/resteasy-jackson2-provider/3.13.2.Final/resteasy-jackson2-provider-3.13.2.Final.jar:/home/marza/.m2/repository/com/fasterxml/jackson/jaxrs/jackson-jaxrs-json-provider/2.10.5/jackson-jaxrs-json-provider-2.10.5.jar:/home/marza/.m2/repository/com/fasterxml/jackson/jaxrs/jackson-jaxrs-base/2.10.5/jackson-jaxrs-base-2.10.5.jar:/home/marza/.m2/repository/com/fasterxml/jackson/module/jackson-module-jaxb-annotations/2.10.5/jackson-module-jaxb-annotations-2.10.5.jar:/home/marza/.m2/repository/jakarta/activation/jakarta.activation-api/1.2.1/jakarta.activation-api-1.2.1.jar:/home/marza/.m2/repository/com/github/fge/json-patch/1.9/json-patch-1.9.jar:/home/marza/.m2/repository/com/github/fge/jackson-coreutils/1.6/jackson-coreutils-1.6.jar:/home/marza/.m2/repository/com/github/fge/msg-simple/1.1/msg-simple-1.1.jar:/home/marza/.m2/repository/com/github/fge/btf/1.2/btf-1.2.jar:/home/marza/.m2/repository/com/google/guava/guava/28.1-jre/guava-28.1-jre.jar:/home/marza/.m2/repository/com/google/guava/failureaccess/1.0.1/failureaccess-1.0.1.jar:/home/marza/.m2/repository/com/google/guava/listenablefuture/9999.0-empty-to-avoid-conflict-with-guava/listenablefuture-9999.0-empty-to-avoid-conflict-with-guava.jar:/home/marza/.m2/repository/org/checkerframework/checker-qual/2.8.1/checker-qual-2.8.1.jar:/home/marza/.m2/repository/org/jboss/resteasy/resteasy-jaxb-provider/3.13.2.Final/resteasy-jaxb-provider-3.13.2.Final.jar:/home/marza/.m2/repository/org/jboss/spec/javax/xml/bind/jboss-jaxb-api_2.3_spec/2.0.0.Final/jboss-jaxb-api_2.3_spec-2.0.0.Final.jar:/home/marza/.m2/repository/org/glassfish/jaxb/jaxb-runtime/2.3.3-b02/jaxb-runtime-2.3.3-b02.jar:/home/marza/.m2/repository/org/glassfish/jaxb/txw2/2.3.3-b02/txw2-2.3.3-b02.jar:/home/marza/.m2/repository/com/sun/istack/istack-commons-runtime/3.0.10/istack-commons-runtime-3.0.10.jar:/home/marza/.m2/repository/com/fasterxml/jackson/datatype/jackson-datatype-jsr310/2.11.0/jackson-datatype-jsr310-2.11.0.jar:/home/marza/.m2/repository/org/hibernate/validator/hibernate-validator/6.1.5.Final/hibernate-validator-6.1.5.Final.jar:/home/marza/.m2/repository/jakarta/validation/jakarta.validation-api/2.0.2/jakarta.validation-api-2.0.2.jar:/home/marza/.m2/repository/com/fasterxml/classmate/1.3.4/classmate-1.3.4.jar:/home/marza/.m2/repository/org/glassfish/jakarta.el/3.0.3/jakarta.el-3.0.3.jar:/home/marza/Documents/VIP-portal/vip-local/target/vip-local-2.4.1.jar:/home/marza/Documents/VIP-portal/vip-visualization/target/vip-visualization-2.4.1.jar:/home/marza/Documents/VIP-portal/vip-visualization/target/vip-visualization-2.4.1-sources.jar:/home/marza/.m2/repository/org/mariadb/jdbc/mariadb-java-client/2.1.2/mariadb-java-client-2.1.2.jar:/home/marza/.m2/repository/com/h2database/h2/1.3.173/h2-1.3.173.jar:/home/marza/.m2/repository/com/isomorphic/smartgwt/lgpl/smartgwt-lgpl/12.0p/smartgwt-lgpl-12.0p.jar:/home/marza/.m2/repository/com/google/gwt/gwt-dev/2.8.2/gwt-dev-2.8.2.jar:/home/marza/.m2/repository/com/google/code/findbugs/jsr305/1.3.9/jsr305-1.3.9.jar:/home/marza/.m2/repository/com/google/code/gson/gson/2.6.2/gson-2.6.2.jar:/home/marza/.m2/repository/org/ow2/asm/asm/5.0.3/asm-5.0.3.jar:/home/marza/.m2/repository/org/ow2/asm/asm-util/5.0.3/asm-util-5.0.3.jar:/home/marza/.m2/repository/org/ow2/asm/asm-tree/5.0.3/asm-tree-5.0.3.jar:/home/marza/.m2/repository/org/ow2/asm/asm-commons/5.0.3/asm-commons-5.0.3.jar:/home/marza/.m2/repository/colt/colt/1.2.0/colt-1.2.0.jar:/home/marza/.m2/repository/ant/ant/1.6.5/ant-1.6.5.jar:/home/marza/.m2/repository/commons-collections/commons-collections/3.2.2/commons-collections-3.2.2.jar:/home/marza/.m2/repository/com/ibm/icu/icu4j/50.1.1/icu4j-50.1.1.jar:/home/marza/.m2/repository/tapestry/tapestry/4.0.2/tapestry-4.0.2.jar:/home/marza/.m2/repository/net/sourceforge/htmlunit/htmlunit/2.19/htmlunit-2.19.jar:/home/marza/.m2/repository/org/apache/commons/commons-lang3/3.4/commons-lang3-3.4.jar:/home/marza/.m2/repository/org/apache/httpcomponents/httpmime/4.5.1/httpmime-4.5.1.jar:/home/marza/.m2/repository/net/sourceforge/htmlunit/htmlunit-core-js/2.17/htmlunit-core-js-2.17.jar:/home/marza/.m2/repository/net/sourceforge/nekohtml/nekohtml/1.9.22/nekohtml-1.9.22.jar:/home/marza/.m2/repository/net/sourceforge/cssparser/cssparser/0.9.18/cssparser-0.9.18.jar:/home/marza/.m2/repository/org/eclipse/jetty/websocket/websocket-client/9.2.13.v20150730/websocket-client-9.2.13.v20150730.jar:/home/marza/.m2/repository/org/eclipse/jetty/websocket/websocket-common/9.2.14.v20151106/websocket-common-9.2.14.v20151106.jar:/home/marza/.m2/repository/org/eclipse/jetty/websocket/websocket-api/9.2.14.v20151106/websocket-api-9.2.14.v20151106.jar:/home/marza/.m2/repository/org/eclipse/jetty/jetty-webapp/9.2.14.v20151106/jetty-webapp-9.2.14.v20151106.jar:/home/marza/.m2/repository/org/eclipse/jetty/jetty-xml/9.2.14.v20151106/jetty-xml-9.2.14.v20151106.jar:/home/marza/.m2/repository/org/eclipse/jetty/jetty-servlet/9.2.14.v20151106/jetty-servlet-9.2.14.v20151106.jar:/home/marza/.m2/repository/org/eclipse/jetty/jetty-security/9.2.14.v20151106/jetty-security-9.2.14.v20151106.jar:/home/marza/.m2/repository/org/eclipse/jetty/jetty-servlets/9.2.14.v20151106/jetty-servlets-9.2.14.v20151106.jar:/home/marza/.m2/repository/org/eclipse/jetty/jetty-continuation/9.2.14.v20151106/jetty-continuation-9.2.14.v20151106.jar:/home/marza/.m2/repository/org/eclipse/jetty/jetty-http/9.2.14.v20151106/jetty-http-9.2.14.v20151106.jar:/home/marza/.m2/repository/org/eclipse/jetty/jetty-util/9.2.14.v20151106/jetty-util-9.2.14.v20151106.jar:/home/marza/.m2/repository/org/eclipse/jetty/jetty-io/9.2.14.v20151106/jetty-io-9.2.14.v20151106.jar:/home/marza/.m2/repository/org/eclipse/jetty/jetty-annotations/9.2.14.v20151106/jetty-annotations-9.2.14.v20151106.jar:/home/marza/.m2/repository/org/eclipse/jetty/jetty-plus/9.2.14.v20151106/jetty-plus-9.2.14.v20151106.jar:/home/marza/.m2/repository/org/eclipse/jetty/jetty-jndi/9.2.14.v20151106/jetty-jndi-9.2.14.v20151106.jar:/home/marza/.m2/repository/org/eclipse/jetty/apache-jsp/9.2.14.v20151106/apache-jsp-9.2.14.v20151106.jar:/home/marza/.m2/repository/org/eclipse/jetty/jetty-server/9.2.14.v20151106/jetty-server-9.2.14.v20151106.jar:/home/marza/.m2/repository/org/eclipse/jetty/toolchain/jetty-schemas/3.1.M0/jetty-schemas-3.1.M0.jar:/home/marza/.m2/repository/org/mortbay/jasper/apache-jsp/8.0.9.M3/apache-jsp-8.0.9.M3.jar:/home/marza/.m2/repository/org/mortbay/jasper/apache-el/8.0.9.M3/apache-el-8.0.9.M3.jar:/home/marza/.m2/repository/com/googlecode/gflot/gflot/3.0.2/gflot-3.0.2.jar:/home/marza/.m2/repository/ch/qos/logback/logback-classic/1.2.3/logback-classic-1.2.3.jar:/home/marza/.m2/repository/ch/qos/logback/logback-core/1.2.3/logback-core-1.2.3.jar:/home/marza/Documents/VIP-portal/vip-core/target/vip-core-2.4.1-tests.jar:/home/marza/Documents/VIP-portal/vip-application/target/vip-application-2.4.1-tests.jar:/home/marza/.m2/repository/dev/rikka/tools/autoresconfig/gradle-plugin/1.2.2/gradle-plugin-1.2.2.jar:/home/marza/.m2/repository/org/junit/jupiter/junit-jupiter/5.6.2/junit-jupiter-5.6.2.jar:/home/marza/.m2/repository/org/junit/jupiter/junit-jupiter-api/5.6.2/junit-jupiter-api-5.6.2.jar:/home/marza/.m2/repository/org/apiguardian/apiguardian-api/1.1.0/apiguardian-api-1.1.0.jar:/home/marza/.m2/repository/org/opentest4j/opentest4j/1.2.0/opentest4j-1.2.0.jar:/home/marza/.m2/repository/org/junit/platform/junit-platform-commons/1.6.2/junit-platform-commons-1.6.2.jar:/home/marza/.m2/repository/org/junit/jupiter/junit-jupiter-params/5.6.2/junit-jupiter-params-5.6.2.jar:/home/marza/.m2/repository/org/junit/jupiter/junit-jupiter-engine/5.6.2/junit-jupiter-engine-5.6.2.jar:/home/marza/.m2/repository/org/junit/platform/junit-platform-engine/1.6.2/junit-platform-engine-1.6.2.jar:/home/marza/.m2/repository/org/springframework/spring-test/5.3.15/spring-test-5.3.15.jar:/home/marza/.m2/repository/org/springframework/spring-core/5.3.15/spring-core-5.3.15.jar:/home/marza/.m2/repository/org/springframework/spring-jcl/5.3.15/spring-jcl-5.3.15.jar:/home/marza/.m2/repository/com/github/h-thurow/simple-jndi/0.23.0/simple-jndi-0.23.0.jar:/home/marza/.m2/repository/org/jetbrains/annotations/13.0/annotations-13.0.jar:/home/marza/.m2/repository/commons-lang/commons-lang/2.6/commons-lang-2.6.jar:/home/marza/.m2/repository/org/mockito/mockito-core/4.6.1/mockito-core-4.6.1.jar:/home/marza/.m2/repository/net/bytebuddy/byte-buddy/1.12.10/byte-buddy-1.12.10.jar:/home/marza/.m2/repository/net/bytebuddy/byte-buddy-agent/1.12.10/byte-buddy-agent-1.12.10.jar:/home/marza/.m2/repository/org/objenesis/objenesis/3.2/objenesis-3.2.jar:/home/marza/.m2/repository/org/springframework/security/spring-security-test/5.6.1/spring-security-test-5.6.1.jar:/home/marza/.m2/repository/org/springframework/security/spring-security-core/5.6.1/spring-security-core-5.6.1.jar:/home/marza/.m2/repository/org/springframework/security/spring-security-crypto/5.6.1/spring-security-crypto-5.6.1.jar:/home/marza/.m2/repository/org/hamcrest/hamcrest/2.2/hamcrest-2.2.jar:/home/marza/.m2/repository/com/jayway/jsonpath/json-path/2.2.0/json-path-2.2.0.jar:/home/marza/.m2/repository/net/minidev/json-smart/2.2.1/json-smart-2.2.1.jar:/home/marza/.m2/repository/net/minidev/accessors-smart/1.1/accessors-smart-1.1.jar:/home/marza/.m2/repository/org/mockito/mockito-inline/5.2.0/mockito-inline-5.2.0.jar:"/>
    <property name="java.vm.vendor" value="Red Hat, Inc."/>
    <property name="sun.arch.data.model" value="64"/>
    <property name="java.vendor.url" value="https://www.redhat.com/"/>
    <property name="user.timezone" value="Europe/Paris"/>
    <property name="java.vm.specification.version" value="11"/>
    <property name="os.name" value="Linux"/>
    <property name="sun.java.launcher" value="SUN_STANDARD"/>
    <property name="user.country" value="FR"/>
    <property name="sun.boot.library.path" value="/usr/lib/jvm/java-11-openjdk-11.0.19.0.7-1.fc37.x86_64/lib"/>
    <property name="sun.java.command" value="/home/marza/Documents/VIP-portal/vip-portal/target/surefire/surefirebooter-20230711151958921_3.jar /home/marza/Documents/VIP-portal/vip-portal/target/surefire 2023-07-11T15-19-58_875-jvmRun1 surefire-20230711151958921_1tmp surefire_0-20230711151958921_2tmp"/>
    <property name="jdk.debug" value="release"/>
    <property name="surefire.test.class.path" value="/home/marza/Documents/VIP-portal/vip-portal/target/test-classes:/home/marza/Documents/VIP-portal/vip-portal/target/classes:/home/marza/Documents/VIP-portal/vip-core/target/vip-core-2.4.1.jar:/home/marza/.m2/repository/com/google/gwt/gwt-user/2.8.2/gwt-user-2.8.2.jar:/home/marza/.m2/repository/com/google/jsinterop/jsinterop-annotations/1.0.2/jsinterop-annotations-1.0.2.jar:/home/marza/.m2/repository/com/google/jsinterop/jsinterop-annotations/1.0.2/jsinterop-annotations-1.0.2-sources.jar:/home/marza/.m2/repository/javax/servlet/javax.servlet-api/3.1.0/javax.servlet-api-3.1.0.jar:/home/marza/.m2/repository/org/w3c/css/sac/1.3/sac-1.3.jar:/home/marza/.m2/repository/org/bouncycastle/bcpkix-jdk15on/1.52/bcpkix-jdk15on-1.52.jar:/home/marza/.m2/repository/org/bouncycastle/bcprov-jdk15on/1.52/bcprov-jdk15on-1.52.jar:/home/marza/.m2/repository/fr/insalyon/creatis/grida-client/2.2.0/grida-client-2.2.0.jar:/home/marza/.m2/repository/fr/insalyon/creatis/grida-common/2.2.0/grida-common-2.2.0.jar:/home/marza/.m2/repository/commons-cli/commons-cli/1.4/commons-cli-1.4.jar:/home/marza/.m2/repository/fr/insalyon/creatis/sma-client/0.3.0/sma-client-0.3.0.jar:/home/marza/.m2/repository/fr/insalyon/creatis/sma-common/0.3.0/sma-common-0.3.0.jar:/home/marza/.m2/repository/fr/insalyon/creatis/devtools/0.1/devtools-0.1.jar:/home/marza/.m2/repository/org/slf4j/slf4j-api/1.7.30/slf4j-api-1.7.30.jar:/home/marza/.m2/repository/commons-configuration/commons-configuration/1.7/commons-configuration-1.7.jar:/home/marza/.m2/repository/commons-logging/commons-logging/99-empty/commons-logging-99-empty.jar:/home/marza/.m2/repository/commons-digester/commons-digester/1.8.1/commons-digester-1.8.1.jar:/home/marza/.m2/repository/commons-beanutils/commons-beanutils/1.8.3/commons-beanutils-1.8.3.jar:/home/marza/.m2/repository/commons-codec/commons-codec/1.6/commons-codec-1.6.jar:/home/marza/.m2/repository/commons-io/commons-io/2.4/commons-io-2.4.jar:/home/marza/.m2/repository/org/opensaml/opensaml/2.6.0/opensaml-2.6.0.jar:/home/marza/.m2/repository/org/opensaml/openws/1.5.0/openws-1.5.0.jar:/home/marza/.m2/repository/org/opensaml/xmltooling/1.4.0/xmltooling-1.4.0.jar:/home/marza/.m2/repository/ca/juliusdavies/not-yet-commons-ssl/0.3.9/not-yet-commons-ssl-0.3.9.jar:/home/marza/.m2/repository/org/apache/santuario/xmlsec/1.5.4/xmlsec-1.5.4.jar:/home/marza/.m2/repository/commons-httpclient/commons-httpclient/3.1/commons-httpclient-3.1.jar:/home/marza/.m2/repository/org/owasp/esapi/esapi/2.0.1/esapi-2.0.1.jar:/home/marza/.m2/repository/joda-time/joda-time/2.2/joda-time-2.2.jar:/home/marza/.m2/repository/xerces/xercesImpl/2.10.0/xercesImpl-2.10.0.jar:/home/marza/.m2/repository/xalan/serializer/2.7.1/serializer-2.7.1.jar:/home/marza/.m2/repository/xml-resolver/xml-resolver/1.2/xml-resolver-1.2.jar:/home/marza/.m2/repository/xalan/xalan/2.7.1/xalan-2.7.1.jar:/home/marza/.m2/repository/javax/mail/mail/1.4.5/mail-1.4.5.jar:/home/marza/.m2/repository/javax/activation/activation/1.1/activation-1.1.jar:/home/marza/.m2/repository/javax/annotation/javax.annotation-api/1.3.2/javax.annotation-api-1.3.2.jar:/home/marza/.m2/repository/org/springframework/spring-web/5.3.15/spring-web-5.3.15.jar:/home/marza/.m2/repository/org/springframework/spring-beans/5.3.15/spring-beans-5.3.15.jar:/home/marza/.m2/repository/org/springframework/spring-jdbc/5.3.15/spring-jdbc-5.3.15.jar:/home/marza/.m2/repository/org/springframework/spring-tx/5.3.15/spring-tx-5.3.15.jar:/home/marza/.m2/repository/org/springframework/spring-context/5.3.15/spring-context-5.3.15.jar:/home/marza/.m2/repository/org/springframework/spring-aop/5.3.15/spring-aop-5.3.15.jar:/home/marza/.m2/repository/org/springframework/spring-expression/5.3.15/spring-expression-5.3.15.jar:/home/marza/Documents/VIP-portal/vip-core/target/vip-core-2.4.1-sources.jar:/home/marza/Documents/VIP-portal/vip-docs/target/vip-docs-2.4.1.jar:/home/marza/Documents/VIP-portal/vip-docs/target/vip-docs-2.4.1-sources.jar:/home/marza/Documents/VIP-portal/vip-application-importer/target/vip-application-importer-2.4.1.jar:/home/marza/.m2/repository/org/apache/commons/commons-compress/1.20/commons-compress-1.20.jar:/home/marza/.m2/repository/org/apache/velocity/velocity/1.7/velocity-1.7.jar:/home/marza/.m2/repository/org/apache/velocity/velocity-tools/2.0/velocity-tools-2.0.jar:/home/marza/.m2/repository/commons-chain/commons-chain/1.1/commons-chain-1.1.jar:/home/marza/.m2/repository/commons-validator/commons-validator/1.3.1/commons-validator-1.3.1.jar:/home/marza/.m2/repository/dom4j/dom4j/1.1/dom4j-1.1.jar:/home/marza/.m2/repository/oro/oro/2.0.8/oro-2.0.8.jar:/home/marza/.m2/repository/sslext/sslext/1.2-0/sslext-1.2-0.jar:/home/marza/Documents/VIP-portal/vip-application-importer/target/vip-application-importer-2.4.1-sources.jar:/home/marza/Documents/VIP-portal/vip-datamanagement/target/vip-datamanager-2.4.1.jar:/home/marza/.m2/repository/commons-fileupload/commons-fileupload/1.3.3/commons-fileupload-1.3.3.jar:/home/marza/.m2/repository/com/fasterxml/jackson/core/jackson-databind/2.11.0/jackson-databind-2.11.0.jar:/home/marza/.m2/repository/com/fasterxml/jackson/core/jackson-annotations/2.11.0/jackson-annotations-2.11.0.jar:/home/marza/.m2/repository/com/fasterxml/jackson/core/jackson-core/2.11.0/jackson-core-2.11.0.jar:/home/marza/Documents/VIP-portal/vip-datamanagement/target/vip-datamanager-2.4.1-sources.jar:/home/marza/Documents/VIP-portal/vip-application/target/vip-application-2.4.1.jar:/home/marza/.m2/repository/fr/insalyon/creatis/moteur2-workflowsdb-common/1.6/moteur2-workflowsdb-common-1.6.jar:/home/marza/.m2/repository/org/hibernate/hibernate-entitymanager/4.1.1.Final/hibernate-entitymanager-4.1.1.Final.jar:/home/marza/.m2/repository/org/hibernate/hibernate-core/4.1.1.Final/hibernate-core-4.1.1.Final.jar:/home/marza/.m2/repository/antlr/antlr/2.7.7/antlr-2.7.7.jar:/home/marza/.m2/repository/org/jboss/spec/javax/transaction/jboss-transaction-api_1.1_spec/1.0.0.Final/jboss-transaction-api_1.1_spec-1.0.0.Final.jar:/home/marza/.m2/repository/org/hibernate/javax/persistence/hibernate-jpa-2.0-api/1.0.1.Final/hibernate-jpa-2.0-api-1.0.1.Final.jar:/home/marza/.m2/repository/org/javassist/javassist/3.15.0-GA/javassist-3.15.0-GA.jar:/home/marza/.m2/repository/org/hibernate/common/hibernate-commons-annotations/4.0.1.Final/hibernate-commons-annotations-4.0.1.Final.jar:/home/marza/.m2/repository/globus-common/jaxrpc/4.2.1/jaxrpc-4.2.1.jar:/home/marza/.m2/repository/org/apache/axis/axis/1.4.1-vip/axis-1.4.1-vip.jar:/home/marza/.m2/repository/org/apache/axis/axis-jaxrpc/1.4.1-SNAPSHOT/axis-jaxrpc-1.4.1-SNAPSHOT.jar:/home/marza/.m2/repository/javax/servlet/servlet-api/2.4/servlet-api-2.4.jar:/home/marza/.m2/repository/xerces/xmlParserAPIs/2.6.2/xmlParserAPIs-2.6.2.jar:/home/marza/.m2/repository/castor/castor/0.9.4.2/castor-0.9.4.2.jar:/home/marza/.m2/repository/bsf/bsf/2.3.0/bsf-2.3.0.jar:/home/marza/.m2/repository/commons-net/commons-net/1.0.0/commons-net-1.0.0.jar:/home/marza/.m2/repository/org/eclipse/emf/common/2.2.3/common-2.2.3.jar:/home/marza/.m2/repository/org/eclipse/emf/ecore/2.2.3/ecore-2.2.3.jar:/home/marza/.m2/repository/org/eclipse/emf/ecore-xmi/2.2.3/ecore-xmi-2.2.3.jar:/home/marza/.m2/repository/org/eclipse/xsd/xsd/2.2.3/xsd-2.2.3.jar:/home/marza/.m2/repository/org/apache/axis/axis-saaj/1.4/axis-saaj-1.4.jar:/home/marza/.m2/repository/commons-discovery/commons-discovery/0.4/commons-discovery-0.4.jar:/home/marza/.m2/repository/wsdl4j/wsdl4j/1.6.1/wsdl4j-1.6.1.jar:/home/marza/.m2/repository/org/jsoup/jsoup/1.7.2/jsoup-1.7.2.jar:/home/marza/.m2/repository/xml-apis/xml-apis/1.4.01/xml-apis-1.4.01.jar:/home/marza/Documents/VIP-portal/vip-application/target/vip-application-2.4.1-sources.jar:/home/marza/Documents/VIP-portal/vip-gatelab/target/vip-gatelab-2.4.1.jar:/home/marza/Documents/VIP-portal/vip-gatelab/target/vip-gatelab-2.4.1-sources.jar:/home/marza/Documents/VIP-portal/vip-publication/target/vip-publication-2.4.1.jar:/home/marza/.m2/repository/org/jbibtex/jbibtex/1.0.14/jbibtex-1.0.14.jar:/home/marza/Documents/VIP-portal/vip-publication/target/vip-publication-2.4.1-sources.jar:/home/marza/Documents/VIP-portal/vip-social/target/vip-social-2.4.1.jar:/home/marza/Documents/VIP-portal/vip-social/target/vip-social-2.4.1-sources.jar:/home/marza/Documents/VIP-portal/vip-api/target/vip-api-2.4.1.jar:/home/marza/.m2/repository/org/springframework/spring-webmvc/5.3.15/spring-webmvc-5.3.15.jar:/home/marza/.m2/repository/org/springframework/security/spring-security-config/5.6.1/spring-security-config-5.6.1.jar:/home/marza/.m2/repository/org/springframework/security/spring-security-oauth2-client/5.6.1/spring-security-oauth2-client-5.6.1.jar:/home/marza/.m2/repository/org/springframework/security/spring-security-oauth2-core/5.6.1/spring-security-oauth2-core-5.6.1.jar:/home/marza/.m2/repository/com/nimbusds/oauth2-oidc-sdk/9.19/oauth2-oidc-sdk-9.19.jar:/home/marza/.m2/repository/com/github/stephenc/jcip/jcip-annotations/1.0-1/jcip-annotations-1.0-1.jar:/home/marza/.m2/repository/com/nimbusds/content-type/2.1/content-type-2.1.jar:/home/marza/.m2/repository/com/nimbusds/lang-tag/1.5/lang-tag-1.5.jar:/home/marza/.m2/repository/org/springframework/security/spring-security-oauth2-jose/5.6.1/spring-security-oauth2-jose-5.6.1.jar:/home/marza/.m2/repository/com/nimbusds/nimbus-jose-jwt/9.14/nimbus-jose-jwt-9.14.jar:/home/marza/.m2/repository/org/springframework/security/spring-security-web/5.6.1/spring-security-web-5.6.1.jar:/home/marza/.m2/repository/org/keycloak/keycloak-spring-security-adapter/15.0.1/keycloak-spring-security-adapter-15.0.1.jar:/home/marza/.m2/repository/org/keycloak/keycloak-core/15.0.1/keycloak-core-15.0.1.jar:/home/marza/.m2/repository/org/keycloak/keycloak-adapter-spi/15.0.1/keycloak-adapter-spi-15.0.1.jar:/home/marza/.m2/repository/org/keycloak/keycloak-adapter-core/15.0.1/keycloak-adapter-core-15.0.1.jar:/home/marza/.m2/repository/org/jboss/logging/jboss-logging/3.4.1.Final/jboss-logging-3.4.1.Final.jar:/home/marza/.m2/repository/org/apache/httpcomponents/httpclient/4.5.13/httpclient-4.5.13.jar:/home/marza/.m2/repository/org/apache/httpcomponents/httpcore/4.4.13/httpcore-4.4.13.jar:/home/marza/.m2/repository/org/keycloak/keycloak-admin-client/15.0.1/keycloak-admin-client-15.0.1.jar:/home/marza/.m2/repository/org/keycloak/keycloak-common/15.0.1/keycloak-common-15.0.1.jar:/home/marza/.m2/repository/org/jboss/resteasy/resteasy-client/3.13.2.Final/resteasy-client-3.13.2.Final.jar:/home/marza/.m2/repository/org/jboss/spec/javax/ws/rs/jboss-jaxrs-api_2.1_spec/2.0.1.Final/jboss-jaxrs-api_2.1_spec-2.0.1.Final.jar:/home/marza/.m2/repository/org/jboss/resteasy/resteasy-jaxrs/3.13.2.Final/resteasy-jaxrs-3.13.2.Final.jar:/home/marza/.m2/repository/org/reactivestreams/reactive-streams/1.0.3/reactive-streams-1.0.3.jar:/home/marza/.m2/repository/org/jboss/spec/javax/annotation/jboss-annotations-api_1.3_spec/2.0.1.Final/jboss-annotations-api_1.3_spec-2.0.1.Final.jar:/home/marza/.m2/repository/com/sun/activation/jakarta.activation/1.2.1/jakarta.activation-1.2.1.jar:/home/marza/.m2/repository/org/jboss/resteasy/resteasy-multipart-provider/3.13.2.Final/resteasy-multipart-provider-3.13.2.Final.jar:/home/marza/.m2/repository/com/sun/mail/jakarta.mail/1.6.5/jakarta.mail-1.6.5.jar:/home/marza/.m2/repository/org/apache/james/apache-mime4j/0.6/apache-mime4j-0.6.jar:/home/marza/.m2/repository/org/jboss/resteasy/resteasy-jackson2-provider/3.13.2.Final/resteasy-jackson2-provider-3.13.2.Final.jar:/home/marza/.m2/repository/com/fasterxml/jackson/jaxrs/jackson-jaxrs-json-provider/2.10.5/jackson-jaxrs-json-provider-2.10.5.jar:/home/marza/.m2/repository/com/fasterxml/jackson/jaxrs/jackson-jaxrs-base/2.10.5/jackson-jaxrs-base-2.10.5.jar:/home/marza/.m2/repository/com/fasterxml/jackson/module/jackson-module-jaxb-annotations/2.10.5/jackson-module-jaxb-annotations-2.10.5.jar:/home/marza/.m2/repository/jakarta/activation/jakarta.activation-api/1.2.1/jakarta.activation-api-1.2.1.jar:/home/marza/.m2/repository/com/github/fge/json-patch/1.9/json-patch-1.9.jar:/home/marza/.m2/repository/com/github/fge/jackson-coreutils/1.6/jackson-coreutils-1.6.jar:/home/marza/.m2/repository/com/github/fge/msg-simple/1.1/msg-simple-1.1.jar:/home/marza/.m2/repository/com/github/fge/btf/1.2/btf-1.2.jar:/home/marza/.m2/repository/com/google/guava/guava/28.1-jre/guava-28.1-jre.jar:/home/marza/.m2/repository/com/google/guava/failureaccess/1.0.1/failureaccess-1.0.1.jar:/home/marza/.m2/repository/com/google/guava/listenablefuture/9999.0-empty-to-avoid-conflict-with-guava/listenablefuture-9999.0-empty-to-avoid-conflict-with-guava.jar:/home/marza/.m2/repository/org/checkerframework/checker-qual/2.8.1/checker-qual-2.8.1.jar:/home/marza/.m2/repository/org/jboss/resteasy/resteasy-jaxb-provider/3.13.2.Final/resteasy-jaxb-provider-3.13.2.Final.jar:/home/marza/.m2/repository/org/jboss/spec/javax/xml/bind/jboss-jaxb-api_2.3_spec/2.0.0.Final/jboss-jaxb-api_2.3_spec-2.0.0.Final.jar:/home/marza/.m2/repository/org/glassfish/jaxb/jaxb-runtime/2.3.3-b02/jaxb-runtime-2.3.3-b02.jar:/home/marza/.m2/repository/org/glassfish/jaxb/txw2/2.3.3-b02/txw2-2.3.3-b02.jar:/home/marza/.m2/repository/com/sun/istack/istack-commons-runtime/3.0.10/istack-commons-runtime-3.0.10.jar:/home/marza/.m2/repository/com/fasterxml/jackson/datatype/jackson-datatype-jsr310/2.11.0/jackson-datatype-jsr310-2.11.0.jar:/home/marza/.m2/repository/org/hibernate/validator/hibernate-validator/6.1.5.Final/hibernate-validator-6.1.5.Final.jar:/home/marza/.m2/repository/jakarta/validation/jakarta.validation-api/2.0.2/jakarta.validation-api-2.0.2.jar:/home/marza/.m2/repository/com/fasterxml/classmate/1.3.4/classmate-1.3.4.jar:/home/marza/.m2/repository/org/glassfish/jakarta.el/3.0.3/jakarta.el-3.0.3.jar:/home/marza/Documents/VIP-portal/vip-local/target/vip-local-2.4.1.jar:/home/marza/Documents/VIP-portal/vip-visualization/target/vip-visualization-2.4.1.jar:/home/marza/Documents/VIP-portal/vip-visualization/target/vip-visualization-2.4.1-sources.jar:/home/marza/.m2/repository/org/mariadb/jdbc/mariadb-java-client/2.1.2/mariadb-java-client-2.1.2.jar:/home/marza/.m2/repository/com/h2database/h2/1.3.173/h2-1.3.173.jar:/home/marza/.m2/repository/com/isomorphic/smartgwt/lgpl/smartgwt-lgpl/12.0p/smartgwt-lgpl-12.0p.jar:/home/marza/.m2/repository/com/google/gwt/gwt-dev/2.8.2/gwt-dev-2.8.2.jar:/home/marza/.m2/repository/com/google/code/findbugs/jsr305/1.3.9/jsr305-1.3.9.jar:/home/marza/.m2/repository/com/google/code/gson/gson/2.6.2/gson-2.6.2.jar:/home/marza/.m2/repository/org/ow2/asm/asm/5.0.3/asm-5.0.3.jar:/home/marza/.m2/repository/org/ow2/asm/asm-util/5.0.3/asm-util-5.0.3.jar:/home/marza/.m2/repository/org/ow2/asm/asm-tree/5.0.3/asm-tree-5.0.3.jar:/home/marza/.m2/repository/org/ow2/asm/asm-commons/5.0.3/asm-commons-5.0.3.jar:/home/marza/.m2/repository/colt/colt/1.2.0/colt-1.2.0.jar:/home/marza/.m2/repository/ant/ant/1.6.5/ant-1.6.5.jar:/home/marza/.m2/repository/commons-collections/commons-collections/3.2.2/commons-collections-3.2.2.jar:/home/marza/.m2/repository/com/ibm/icu/icu4j/50.1.1/icu4j-50.1.1.jar:/home/marza/.m2/repository/tapestry/tapestry/4.0.2/tapestry-4.0.2.jar:/home/marza/.m2/repository/net/sourceforge/htmlunit/htmlunit/2.19/htmlunit-2.19.jar:/home/marza/.m2/repository/org/apache/commons/commons-lang3/3.4/commons-lang3-3.4.jar:/home/marza/.m2/repository/org/apache/httpcomponents/httpmime/4.5.1/httpmime-4.5.1.jar:/home/marza/.m2/repository/net/sourceforge/htmlunit/htmlunit-core-js/2.17/htmlunit-core-js-2.17.jar:/home/marza/.m2/repository/net/sourceforge/nekohtml/nekohtml/1.9.22/nekohtml-1.9.22.jar:/home/marza/.m2/repository/net/sourceforge/cssparser/cssparser/0.9.18/cssparser-0.9.18.jar:/home/marza/.m2/repository/org/eclipse/jetty/websocket/websocket-client/9.2.13.v20150730/websocket-client-9.2.13.v20150730.jar:/home/marza/.m2/repository/org/eclipse/jetty/websocket/websocket-common/9.2.14.v20151106/websocket-common-9.2.14.v20151106.jar:/home/marza/.m2/repository/org/eclipse/jetty/websocket/websocket-api/9.2.14.v20151106/websocket-api-9.2.14.v20151106.jar:/home/marza/.m2/repository/org/eclipse/jetty/jetty-webapp/9.2.14.v20151106/jetty-webapp-9.2.14.v20151106.jar:/home/marza/.m2/repository/org/eclipse/jetty/jetty-xml/9.2.14.v20151106/jetty-xml-9.2.14.v20151106.jar:/home/marza/.m2/repository/org/eclipse/jetty/jetty-servlet/9.2.14.v20151106/jetty-servlet-9.2.14.v20151106.jar:/home/marza/.m2/repository/org/eclipse/jetty/jetty-security/9.2.14.v20151106/jetty-security-9.2.14.v20151106.jar:/home/marza/.m2/repository/org/eclipse/jetty/jetty-servlets/9.2.14.v20151106/jetty-servlets-9.2.14.v20151106.jar:/home/marza/.m2/repository/org/eclipse/jetty/jetty-continuation/9.2.14.v20151106/jetty-continuation-9.2.14.v20151106.jar:/home/marza/.m2/repository/org/eclipse/jetty/jetty-http/9.2.14.v20151106/jetty-http-9.2.14.v20151106.jar:/home/marza/.m2/repository/org/eclipse/jetty/jetty-util/9.2.14.v20151106/jetty-util-9.2.14.v20151106.jar:/home/marza/.m2/repository/org/eclipse/jetty/jetty-io/9.2.14.v20151106/jetty-io-9.2.14.v20151106.jar:/home/marza/.m2/repository/org/eclipse/jetty/jetty-annotations/9.2.14.v20151106/jetty-annotations-9.2.14.v20151106.jar:/home/marza/.m2/repository/org/eclipse/jetty/jetty-plus/9.2.14.v20151106/jetty-plus-9.2.14.v20151106.jar:/home/marza/.m2/repository/org/eclipse/jetty/jetty-jndi/9.2.14.v20151106/jetty-jndi-9.2.14.v20151106.jar:/home/marza/.m2/repository/org/eclipse/jetty/apache-jsp/9.2.14.v20151106/apache-jsp-9.2.14.v20151106.jar:/home/marza/.m2/repository/org/eclipse/jetty/jetty-server/9.2.14.v20151106/jetty-server-9.2.14.v20151106.jar:/home/marza/.m2/repository/org/eclipse/jetty/toolchain/jetty-schemas/3.1.M0/jetty-schemas-3.1.M0.jar:/home/marza/.m2/repository/org/mortbay/jasper/apache-jsp/8.0.9.M3/apache-jsp-8.0.9.M3.jar:/home/marza/.m2/repository/org/mortbay/jasper/apache-el/8.0.9.M3/apache-el-8.0.9.M3.jar:/home/marza/.m2/repository/com/googlecode/gflot/gflot/3.0.2/gflot-3.0.2.jar:/home/marza/.m2/repository/ch/qos/logback/logback-classic/1.2.3/logback-classic-1.2.3.jar:/home/marza/.m2/repository/ch/qos/logback/logback-core/1.2.3/logback-core-1.2.3.jar:/home/marza/Documents/VIP-portal/vip-core/target/vip-core-2.4.1-tests.jar:/home/marza/Documents/VIP-portal/vip-application/target/vip-application-2.4.1-tests.jar:/home/marza/.m2/repository/dev/rikka/tools/autoresconfig/gradle-plugin/1.2.2/gradle-plugin-1.2.2.jar:/home/marza/.m2/repository/org/junit/jupiter/junit-jupiter/5.6.2/junit-jupiter-5.6.2.jar:/home/marza/.m2/repository/org/junit/jupiter/junit-jupiter-api/5.6.2/junit-jupiter-api-5.6.2.jar:/home/marza/.m2/repository/org/apiguardian/apiguardian-api/1.1.0/apiguardian-api-1.1.0.jar:/home/marza/.m2/repository/org/opentest4j/opentest4j/1.2.0/opentest4j-1.2.0.jar:/home/marza/.m2/repository/org/junit/platform/junit-platform-commons/1.6.2/junit-platform-commons-1.6.2.jar:/home/marza/.m2/repository/org/junit/jupiter/junit-jupiter-params/5.6.2/junit-jupiter-params-5.6.2.jar:/home/marza/.m2/repository/org/junit/jupiter/junit-jupiter-engine/5.6.2/junit-jupiter-engine-5.6.2.jar:/home/marza/.m2/repository/org/junit/platform/junit-platform-engine/1.6.2/junit-platform-engine-1.6.2.jar:/home/marza/.m2/repository/org/springframework/spring-test/5.3.15/spring-test-5.3.15.jar:/home/marza/.m2/repository/org/springframework/spring-core/5.3.15/spring-core-5.3.15.jar:/home/marza/.m2/repository/org/springframework/spring-jcl/5.3.15/spring-jcl-5.3.15.jar:/home/marza/.m2/repository/com/github/h-thurow/simple-jndi/0.23.0/simple-jndi-0.23.0.jar:/home/marza/.m2/repository/org/jetbrains/annotations/13.0/annotations-13.0.jar:/home/marza/.m2/repository/commons-lang/commons-lang/2.6/commons-lang-2.6.jar:/home/marza/.m2/repository/org/mockito/mockito-core/4.6.1/mockito-core-4.6.1.jar:/home/marza/.m2/repository/net/bytebuddy/byte-buddy/1.12.10/byte-buddy-1.12.10.jar:/home/marza/.m2/repository/net/bytebuddy/byte-buddy-agent/1.12.10/byte-buddy-agent-1.12.10.jar:/home/marza/.m2/repository/org/objenesis/objenesis/3.2/objenesis-3.2.jar:/home/marza/.m2/repository/org/springframework/security/spring-security-test/5.6.1/spring-security-test-5.6.1.jar:/home/marza/.m2/repository/org/springframework/security/spring-security-core/5.6.1/spring-security-core-5.6.1.jar:/home/marza/.m2/repository/org/springframework/security/spring-security-crypto/5.6.1/spring-security-crypto-5.6.1.jar:/home/marza/.m2/repository/org/hamcrest/hamcrest/2.2/hamcrest-2.2.jar:/home/marza/.m2/repository/com/jayway/jsonpath/json-path/2.2.0/json-path-2.2.0.jar:/home/marza/.m2/repository/net/minidev/json-smart/2.2.1/json-smart-2.2.1.jar:/home/marza/.m2/repository/net/minidev/accessors-smart/1.1/accessors-smart-1.1.jar:/home/marza/.m2/repository/org/mockito/mockito-inline/5.2.0/mockito-inline-5.2.0.jar:"/>
    <property name="sun.cpu.endian" value="little"/>
    <property name="user.home" value="/home/marza"/>
    <property name="user.language" value="fr"/>
    <property name="java.specification.vendor" value="Oracle Corporation"/>
    <property name="java.version.date" value="2023-04-18"/>
    <property name="java.home" value="/usr/lib/jvm/java-11-openjdk-11.0.19.0.7-1.fc37.x86_64"/>
    <property name="file.separator" value="/"/>
    <property name="basedir" value="/home/marza/Documents/VIP-portal/vip-portal"/>
    <property name="java.vm.compressedOopsMode" value="Zero based"/>
    <property name="line.separator" value="&#10;"/>
    <property name="java.specification.name" value="Java Platform API Specification"/>
    <property name="java.vm.specification.vendor" value="Oracle Corporation"/>
    <property name="java.awt.graphicsenv" value="sun.awt.X11GraphicsEnvironment"/>
    <property name="surefire.real.class.path" value="/home/marza/Documents/VIP-portal/vip-portal/target/surefire/surefirebooter-20230711151958921_3.jar"/>
    <property name="sun.management.compiler" value="HotSpot 64-Bit Tiered Compilers"/>
    <property name="java.runtime.version" value="11.0.19+7"/>
    <property name="user.name" value="marza"/>
    <property name="path.separator" value=":"/>
    <property name="os.version" value="6.2.15-200.fc37.x86_64"/>
    <property name="java.runtime.name" value="OpenJDK Runtime Environment"/>
    <property name="file.encoding" value="UTF-8"/>
    <property name="java.vm.name" value="OpenJDK 64-Bit Server VM"/>
    <property name="java.vendor.version" value="(Red_Hat-11.0.19.0.7-2.fc37)"/>
    <property name="localRepository" value="/home/marza/.m2/repository"/>
    <property name="java.vendor.url.bug" value="https://bugzilla.redhat.com/enter_bug.cgi?product=Fedora&amp;component=java-11-openjdk-portable&amp;version=37"/>
    <property name="java.io.tmpdir" value="/tmp"/>
    <property name="java.version" value="11.0.19"/>
    <property name="user.dir" value="/home/marza/Documents/VIP-portal/vip-portal"/>
    <property name="os.arch" value="amd64"/>
    <property name="java.vm.specification.name" value="Java Virtual Machine Specification"/>
    <property name="java.awt.printerjob" value="sun.print.PSPrinterJob"/>
    <property name="sun.os.patch.level" value="unknown"/>
    <property name="java.library.path" value="/usr/java/packages/lib:/usr/lib64:/lib64:/lib:/usr/lib"/>
    <property name="java.vm.info" value="mixed mode, sharing"/>
    <property name="java.vendor" value="Red Hat, Inc."/>
    <property name="java.vm.version" value="11.0.19+7"/>
    <property name="sun.io.unicode.encoding" value="UnicodeLittle"/>
    <property name="java.class.version" value="55.0"/>
  </properties>
  <testcase name="testGetPipelines" classname="fr.insalyon.creatis.vip.integrationtest.VipWebConfigurationIT" time="0.359">
    <system-out><![CDATA[15:20:00,049 |-INFO in ch.qos.logback.classic.LoggerContext[default] - Could NOT find resource [logback-test.xml]
15:20:00,050 |-INFO in ch.qos.logback.classic.LoggerContext[default] - Could NOT find resource [logback.groovy]
15:20:00,050 |-INFO in ch.qos.logback.classic.LoggerContext[default] - Found resource [logback.xml] at [file:/home/marza/Documents/VIP-portal/vip-portal/target/test-classes/logback.xml]
15:20:00,051 |-WARN in ch.qos.logback.classic.LoggerContext[default] - Resource [logback.xml] occurs multiple times on the classpath.
15:20:00,051 |-WARN in ch.qos.logback.classic.LoggerContext[default] - Resource [logback.xml] occurs at [file:/home/marza/Documents/VIP-portal/vip-portal/target/test-classes/logback.xml]
15:20:00,051 |-WARN in ch.qos.logback.classic.LoggerContext[default] - Resource [logback.xml] occurs at [file:/home/marza/Documents/VIP-portal/vip-portal/target/classes/logback.xml]
15:20:00,255 |-INFO in ch.qos.logback.core.joran.action.AppenderAction - About to instantiate appender of type [ch.qos.logback.core.ConsoleAppender]
15:20:00,260 |-INFO in ch.qos.logback.core.joran.action.AppenderAction - Naming appender as [STDOUT]
15:20:00,270 |-INFO in ch.qos.logback.core.joran.action.NestedComplexPropertyIA - Assuming default type [ch.qos.logback.classic.encoder.PatternLayoutEncoder] for [encoder] property
15:20:00,302 |-INFO in ch.qos.logback.classic.joran.action.RootLoggerAction - Setting level of ROOT logger to DEBUG
15:20:00,302 |-INFO in ch.qos.logback.core.joran.action.AppenderRefAction - Attaching appender named [STDOUT] to Logger[ROOT]
15:20:00,303 |-INFO in ch.qos.logback.classic.joran.action.ConfigurationAction - End of configuration.
15:20:00,304 |-INFO in ch.qos.logback.classic.joran.JoranConfigurator@4fb57fb3 - Registering current configuration as safe fallback point
15:20:00.322 [main] DEBUG o.s.test.context.BootstrapUtils - Instantiating CacheAwareContextLoaderDelegate from class [org.springframework.test.context.cache.DefaultCacheAwareContextLoaderDelegate]
15:20:00.337 [main] DEBUG o.s.test.context.BootstrapUtils - Instantiating BootstrapContext using constructor [public org.springframework.test.context.support.DefaultBootstrapContext(java.lang.Class,org.springframework.test.context.CacheAwareContextLoaderDelegate)]
15:20:00.427 [main] DEBUG o.s.test.context.BootstrapUtils - Instantiating TestContextBootstrapper for test class [fr.insalyon.creatis.vip.integrationtest.VipWebConfigurationIT] from class [org.springframework.test.context.web.WebTestContextBootstrapper]
15:20:00.456 [main] DEBUG o.s.t.c.s.AbstractDelegatingSmartContextLoader - Delegating to AnnotationConfigWebContextLoader to process context configuration [ContextConfigurationAttributes@7e4ac598 declaringClass = 'fr.insalyon.creatis.vip.integrationtest.VipWebConfigurationIT', classes = '{class fr.insalyon.creatis.vip.core.server.SpringCoreConfig}', locations = '{}', inheritLocations = true, initializers = '{}', inheritInitializers = true, name = [null], contextLoaderClass = 'org.springframework.test.context.ContextLoader'].
15:20:00.507 [main] DEBUG o.s.t.c.w.WebTestContextBootstrapper - @TestExecutionListeners is not present for class [fr.insalyon.creatis.vip.integrationtest.VipWebConfigurationIT]: using defaults.
15:20:00.508 [main] INFO  o.s.t.c.w.WebTestContextBootstrapper - Loaded default TestExecutionListener class names from location [META-INF/spring.factories]: [org.springframework.test.context.web.ServletTestExecutionListener, org.springframework.test.context.support.DirtiesContextBeforeModesTestExecutionListener, org.springframework.test.context.event.ApplicationEventsTestExecutionListener, org.springframework.test.context.support.DependencyInjectionTestExecutionListener, org.springframework.test.context.support.DirtiesContextTestExecutionListener, org.springframework.test.context.transaction.TransactionalTestExecutionListener, org.springframework.test.context.jdbc.SqlScriptsTestExecutionListener, org.springframework.test.context.event.EventPublishingTestExecutionListener, org.springframework.security.test.context.support.WithSecurityContextTestExecutionListener, org.springframework.security.test.context.support.ReactorContextTestExecutionListener]
15:20:00.538 [main] INFO  o.s.t.c.w.WebTestContextBootstrapper - Using TestExecutionListeners: [org.springframework.test.context.web.ServletTestExecutionListener@615ef20, org.springframework.test.context.support.DirtiesContextBeforeModesTestExecutionListener@13390a96, org.springframework.test.context.event.ApplicationEventsTestExecutionListener@3a8b9458, org.springframework.test.context.support.DependencyInjectionTestExecutionListener@7497a554, org.springframework.test.context.support.DirtiesContextTestExecutionListener@5dd23809, org.springframework.test.context.transaction.TransactionalTestExecutionListener@664f49f, org.springframework.test.context.jdbc.SqlScriptsTestExecutionListener@60ab895f, org.springframework.test.context.event.EventPublishingTestExecutionListener@295f2d1b, org.springframework.security.test.context.support.WithSecurityContextTestExecutionListener@65015a49, org.springframework.security.test.context.support.ReactorContextTestExecutionListener@44e08a7a]
15:20:00.540 [main] DEBUG o.s.t.c.s.AbstractDirtiesContextTestExecutionListener - Before test class: context [DefaultTestContext@27a90ce5 testClass = VipWebConfigurationIT, testInstance = [null], testMethod = [null], testException = [null], mergedContextConfiguration = [WebMergedContextConfiguration@77f4038c testClass = VipWebConfigurationIT, locations = '{}', classes = '{class fr.insalyon.creatis.vip.core.server.SpringCoreConfig}', contextInitializerClasses = '[]', activeProfiles = '{test-db, test}', propertySourceLocations = '{}', propertySourceProperties = '{db.tableEngine=, vipConfigFolder=classpath:}', contextCustomizers = set[[empty]], resourceBasePath = 'src/main/webapp', contextLoader = 'org.springframework.test.context.web.WebDelegatingSmartContextLoader', parent = [null]], attributes = map[[empty]]], class annotated with @DirtiesContext [false] with mode [null].
15:20:00.553 [main] DEBUG o.s.t.c.s.AbstractDelegatingSmartContextLoader - Delegating to AnnotationConfigWebContextLoader to load context from [WebMergedContextConfiguration@77f4038c testClass = VipWebConfigurationIT, locations = '{}', classes = '{class fr.insalyon.creatis.vip.core.server.SpringCoreConfig}', contextInitializerClasses = '[]', activeProfiles = '{test-db, test}', propertySourceLocations = '{}', propertySourceProperties = '{db.tableEngine=, vipConfigFolder=classpath:}', contextCustomizers = set[[empty]], resourceBasePath = 'src/main/webapp', contextLoader = 'org.springframework.test.context.web.WebDelegatingSmartContextLoader', parent = [null]].
15:20:00.554 [main] DEBUG o.s.t.c.w.AbstractGenericWebContextLoader - Loading WebApplicationContext for merged context configuration [WebMergedContextConfiguration@77f4038c testClass = VipWebConfigurationIT, locations = '{}', classes = '{class fr.insalyon.creatis.vip.core.server.SpringCoreConfig}', contextInitializerClasses = '[]', activeProfiles = '{test-db, test}', propertySourceLocations = '{}', propertySourceProperties = '{db.tableEngine=, vipConfigFolder=classpath:}', contextCustomizers = set[[empty]], resourceBasePath = 'src/main/webapp', contextLoader = 'org.springframework.test.context.web.WebDelegatingSmartContextLoader', parent = [null]].
15:20:00.671 [main] DEBUG org.eclipse.jetty.util.log - Logging to Logger[org.eclipse.jetty.util.log] via org.eclipse.jetty.util.log.Slf4jLog
15:20:00.673 [main] INFO  org.eclipse.jetty.util.log - Logging initialized @1710ms
15:20:00.674 [main] DEBUG jndi - InitialContextFactory.getInitialContext()
15:20:00.681 [main] DEBUG jndi - supportDeepBinding=false
15:20:00.681 [main] DEBUG jndi - Created initial context delegate for local namespace:org.eclipse.jetty.jndi.local.localContextRoot@3d99d327
15:20:00.683 [main] DEBUG o.s.w.c.s.StandardServletEnvironment - Activating profiles [test-db, test]
15:20:00.684 [main] DEBUG o.s.t.c.s.TestPropertySourceUtils - Adding inlined properties to environment: {db.tableEngine=, vipConfigFolder=classpath:}
15:20:00.684 [main] DEBUG o.s.t.c.w.AnnotationConfigWebContextLoader - Registering annotated classes: {class fr.insalyon.creatis.vip.core.server.SpringCoreConfig}
15:20:00.727 [main] DEBUG o.s.w.c.s.GenericWebApplicationContext - Refreshing org.springframework.web.context.support.GenericWebApplicationContext@2bd2430f
15:20:00.756 [main] DEBUG o.s.b.f.s.DefaultListableBeanFactory - Creating shared instance of singleton bean 'org.springframework.context.annotation.internalConfigurationAnnotationProcessor'
15:20:00.916 [main] DEBUG o.s.c.a.ClassPathBeanDefinitionScanner - Identified candidate component class: URL [jar:file:/home/marza/Documents/VIP-portal/vip-core/target/vip-core-2.4.1.jar!/fr/insalyon/creatis/vip/core/server/dao/mysql/UsersGroupsData.class]
15:20:00.922 [main] DEBUG o.s.c.a.ClassPathBeanDefinitionScanner - Identified candidate component class: URL [jar:file:/home/marza/Documents/VIP-portal/vip-core/target/vip-core-2.4.1.jar!/fr/insalyon/creatis/vip/core/server/business/StatsBusiness.class]
15:20:00.923 [main] DEBUG o.s.c.a.ClassPathBeanDefinitionScanner - Identified candidate component class: URL [jar:file:/home/marza/Documents/VIP-portal/vip-core/target/vip-core-2.4.1.jar!/fr/insalyon/creatis/vip/core/server/business/VipSessionBusiness.class]
15:20:00.939 [main] DEBUG o.s.c.a.ClassPathBeanDefinitionScanner - Identified candidate component class: URL [jar:file:/home/marza/Documents/VIP-portal/vip-core/target/vip-core-2.4.1.jar!/fr/insalyon/creatis/vip/core/server/DataSourceConfig.class]
15:20:00.940 [main] DEBUG o.s.c.a.ClassPathBeanDefinitionScanner - Identified candidate component class: URL [jar:file:/home/marza/Documents/VIP-portal/vip-core/target/vip-core-2.4.1.jar!/fr/insalyon/creatis/vip/core/server/dao/mysql/TermsUseData.class]
15:20:00.942 [main] DEBUG o.s.c.a.ClassPathBeanDefinitionScanner - Identified candidate component class: URL [jar:file:/home/marza/Documents/VIP-portal/vip-core/target/vip-core-2.4.1.jar!/fr/insalyon/creatis/vip/core/server/dao/mysql/CoreDataInitializer.class]
15:20:00.943 [main] DEBUG o.s.c.a.ClassPathBeanDefinitionScanner - Identified candidate component class: URL [jar:file:/home/marza/Documents/VIP-portal/vip-core/target/vip-core-2.4.1.jar!/fr/insalyon/creatis/vip/core/server/dao/mysql/GroupData.class]
15:20:00.955 [main] DEBUG o.s.c.a.ClassPathBeanDefinitionScanner - Identified candidate component class: URL [jar:file:/home/marza/Documents/VIP-portal/vip-core/target/vip-core-2.4.1.jar!/fr/insalyon/creatis/vip/core/server/business/EmailBusiness.class]
15:20:00.956 [main] DEBUG o.s.c.a.ClassPathBeanDefinitionScanner - Identified candidate component class: URL [jar:file:/home/marza/Documents/VIP-portal/vip-core/target/vip-core-2.4.1.jar!/fr/insalyon/creatis/vip/core/server/business/proxy/ProxyClient.class]
15:20:00.957 [main] DEBUG o.s.c.a.ClassPathBeanDefinitionScanner - Identified candidate component class: URL [jar:file:/home/marza/Documents/VIP-portal/vip-core/target/vip-core-2.4.1.jar!/fr/insalyon/creatis/vip/core/server/business/ConfigurationBusiness.class]
15:20:00.959 [main] DEBUG o.s.c.a.ClassPathBeanDefinitionScanner - Identified candidate component class: URL [jar:file:/home/marza/Documents/VIP-portal/vip-core/target/vip-core-2.4.1.jar!/fr/insalyon/creatis/vip/core/server/dao/mysql/TableInitializer.class]
15:20:00.959 [main] DEBUG o.s.c.a.ClassPathBeanDefinitionScanner - Identified candidate component class: URL [jar:file:/home/marza/Documents/VIP-portal/vip-core/target/vip-core-2.4.1.jar!/fr/insalyon/creatis/vip/core/server/dao/mysql/UserData.class]
15:20:00.964 [main] DEBUG o.s.c.a.ClassPathBeanDefinitionScanner - Identified candidate component class: URL [jar:file:/home/marza/Documents/VIP-portal/vip-application-importer/target/vip-application-importer-2.4.1.jar!/fr/insalyon/creatis/vip/applicationimporter/server/business/VelocityUtils.class]
15:20:00.965 [main] DEBUG o.s.c.a.ClassPathBeanDefinitionScanner - Identified candidate component class: URL [jar:file:/home/marza/Documents/VIP-portal/vip-application-importer/target/vip-application-importer-2.4.1.jar!/fr/insalyon/creatis/vip/applicationimporter/server/business/ApplicationImporterBusiness.class]
15:20:00.965 [main] DEBUG o.s.c.a.ClassPathBeanDefinitionScanner - Identified candidate component class: URL [jar:file:/home/marza/Documents/VIP-portal/vip-application-importer/target/vip-application-importer-2.4.1.jar!/fr/insalyon/creatis/vip/applicationimporter/server/business/TargzUtils.class]
15:20:00.986 [main] DEBUG o.s.c.a.ClassPathBeanDefinitionScanner - Identified candidate component class: URL [jar:file:/home/marza/Documents/VIP-portal/vip-datamanagement/target/vip-datamanager-2.4.1.jar!/fr/insalyon/creatis/vip/datamanager/server/business/LfcPathsBusiness.class]
15:20:00.987 [main] DEBUG o.s.c.a.ClassPathBeanDefinitionScanner - Identified candidate component class: URL [jar:file:/home/marza/Documents/VIP-portal/vip-datamanagement/target/vip-datamanager-2.4.1.jar!/fr/insalyon/creatis/vip/datamanager/server/business/ExternalPlatformBusiness.class]
15:20:00.987 [main] DEBUG o.s.c.a.ClassPathBeanDefinitionScanner - Identified candidate component class: URL [jar:file:/home/marza/Documents/VIP-portal/vip-datamanagement/target/vip-datamanager-2.4.1.jar!/fr/insalyon/creatis/vip/datamanager/server/business/GirderStorageBusiness.class]
15:20:00.988 [main] DEBUG o.s.c.a.ClassPathBeanDefinitionScanner - Identified candidate component class: URL [jar:file:/home/marza/Documents/VIP-portal/vip-datamanagement/target/vip-datamanager-2.4.1.jar!/fr/insalyon/creatis/vip/datamanager/server/business/DataManagerBusiness.class]
15:20:00.989 [main] DEBUG o.s.c.a.ClassPathBeanDefinitionScanner - Identified candidate component class: URL [jar:file:/home/marza/Documents/VIP-portal/vip-datamanagement/target/vip-datamanager-2.4.1.jar!/fr/insalyon/creatis/vip/datamanager/server/business/ApiKeyBusiness.class]
15:20:00.989 [main] DEBUG o.s.c.a.ClassPathBeanDefinitionScanner - Identified candidate component class: URL [jar:file:/home/marza/Documents/VIP-portal/vip-datamanagement/target/vip-datamanager-2.4.1.jar!/fr/insalyon/creatis/vip/datamanager/server/business/ShanoirStorageBusiness.class]
15:20:00.990 [main] DEBUG o.s.c.a.ClassPathBeanDefinitionScanner - Identified candidate component class: URL [jar:file:/home/marza/Documents/VIP-portal/vip-datamanagement/target/vip-datamanager-2.4.1.jar!/fr/insalyon/creatis/vip/datamanager/server/business/TransferPoolBusiness.class]
15:20:00.990 [main] DEBUG o.s.c.a.ClassPathBeanDefinitionScanner - Identified candidate component class: URL [jar:file:/home/marza/Documents/VIP-portal/vip-datamanagement/target/vip-datamanager-2.4.1.jar!/fr/insalyon/creatis/vip/datamanager/server/business/LFCBusiness.class]
15:20:00.990 [main] DEBUG o.s.c.a.ClassPathBeanDefinitionScanner - Identified candidate component class: URL [jar:file:/home/marza/Documents/VIP-portal/vip-datamanagement/target/vip-datamanager-2.4.1.jar!/fr/insalyon/creatis/vip/datamanager/server/business/LFCPermissionBusiness.class]
15:20:00.992 [main] DEBUG o.s.c.a.ClassPathBeanDefinitionScanner - Identified candidate component class: URL [jar:file:/home/marza/Documents/VIP-portal/vip-datamanagement/target/vip-datamanager-2.4.1.jar!/fr/insalyon/creatis/vip/datamanager/server/dao/mysql/SSHData.class]
15:20:00.992 [main] DEBUG o.s.c.a.ClassPathBeanDefinitionScanner - Identified candidate component class: URL [jar:file:/home/marza/Documents/VIP-portal/vip-datamanagement/target/vip-datamanager-2.4.1.jar!/fr/insalyon/creatis/vip/datamanager/server/dao/mysql/ApiKeysData.class]
15:20:00.992 [main] DEBUG o.s.c.a.ClassPathBeanDefinitionScanner - Identified candidate component class: URL [jar:file:/home/marza/Documents/VIP-portal/vip-datamanagement/target/vip-datamanager-2.4.1.jar!/fr/insalyon/creatis/vip/datamanager/server/dao/mysql/ExternalPlatformData.class]
15:20:00.993 [main] DEBUG o.s.c.a.ClassPathBeanDefinitionScanner - Identified candidate component class: URL [jar:file:/home/marza/Documents/VIP-portal/vip-datamanagement/target/vip-datamanager-2.4.1.jar!/fr/insalyon/creatis/vip/datamanager/server/dao/mysql/DataManagerDataInitializer.class]
15:20:01.012 [main] DEBUG o.s.c.a.ClassPathBeanDefinitionScanner - Identified candidate component class: URL [jar:file:/home/marza/Documents/VIP-portal/vip-application/target/vip-application-2.4.1.jar!/fr/insalyon/creatis/vip/application/server/business/EngineBusiness.class]
15:20:01.013 [main] DEBUG o.s.c.a.ClassPathBeanDefinitionScanner - Identified candidate component class: URL [jar:file:/home/marza/Documents/VIP-portal/vip-application/target/vip-application-2.4.1.jar!/fr/insalyon/creatis/vip/application/server/business/simulation/parser/InputParser.class]
15:20:01.014 [main] DEBUG o.s.c.a.ClassPathBeanDefinitionScanner - Identified candidate component class: URL [jar:file:/home/marza/Documents/VIP-portal/vip-application/target/vip-application-2.4.1.jar!/fr/insalyon/creatis/vip/application/server/business/simulation/parser/ScuflParser.class]
15:20:01.014 [main] DEBUG o.s.c.a.ClassPathBeanDefinitionScanner - Identified candidate component class: URL [jar:file:/home/marza/Documents/VIP-portal/vip-application/target/vip-application-2.4.1.jar!/fr/insalyon/creatis/vip/application/server/business/simulation/parser/GwendiaParser.class]
15:20:01.015 [main] DEBUG o.s.c.a.ClassPathBeanDefinitionScanner - Identified candidate component class: URL [jar:file:/home/marza/Documents/VIP-portal/vip-application/target/vip-application-2.4.1.jar!/fr/insalyon/creatis/vip/application/server/business/BoutiquesBusiness.class]
15:20:01.016 [main] DEBUG o.s.c.a.ClassPathBeanDefinitionScanner - Identified candidate component class: URL [jar:file:/home/marza/Documents/VIP-portal/vip-application/target/vip-application-2.4.1.jar!/fr/insalyon/creatis/vip/application/server/dao/hibernate/SimulationStatsData.class]
15:20:01.016 [main] DEBUG o.s.c.a.ClassPathBeanDefinitionScanner - Identified candidate component class: URL [jar:file:/home/marza/Documents/VIP-portal/vip-application/target/vip-application-2.4.1.jar!/fr/insalyon/creatis/vip/application/server/dao/mysql/ApplicationData.class]
15:20:01.027 [main] DEBUG o.s.c.a.ClassPathBeanDefinitionScanner - Identified candidate component class: URL [jar:file:/home/marza/Documents/VIP-portal/vip-application/target/vip-application-2.4.1.jar!/fr/insalyon/creatis/vip/application/server/business/InputBusiness.class]
15:20:01.028 [main] DEBUG o.s.c.a.ClassPathBeanDefinitionScanner - Identified candidate component class: URL [jar:file:/home/marza/Documents/VIP-portal/vip-application/target/vip-application-2.4.1.jar!/fr/insalyon/creatis/vip/application/server/business/SimulationBusiness.class]
15:20:01.035 [main] DEBUG o.s.c.a.ClassPathBeanDefinitionScanner - Identified candidate component class: URL [jar:file:/home/marza/Documents/VIP-portal/vip-application/target/vip-application-2.4.1.jar!/fr/insalyon/creatis/vip/application/server/business/WorkflowExecutionBusiness.class]
15:20:01.036 [main] DEBUG o.s.c.a.ClassPathBeanDefinitionScanner - Identified candidate component class: URL [jar:file:/home/marza/Documents/VIP-portal/vip-application/target/vip-application-2.4.1.jar!/fr/insalyon/creatis/vip/application/server/business/ApplicationBusiness.class]
15:20:01.036 [main] DEBUG o.s.c.a.ClassPathBeanDefinitionScanner - Identified candidate component class: URL [jar:file:/home/marza/Documents/VIP-portal/vip-application/target/vip-application-2.4.1.jar!/fr/insalyon/creatis/vip/application/server/business/ClassBusiness.class]
15:20:01.037 [main] DEBUG o.s.c.a.ClassPathBeanDefinitionScanner - Identified candidate component class: URL [jar:file:/home/marza/Documents/VIP-portal/vip-application/target/vip-application-2.4.1.jar!/fr/insalyon/creatis/vip/application/server/dao/mysql/EngineData.class]
15:20:01.037 [main] DEBUG o.s.c.a.ClassPathBeanDefinitionScanner - Identified candidate component class: URL [jar:file:/home/marza/Documents/VIP-portal/vip-application/target/vip-application-2.4.1.jar!/fr/insalyon/creatis/vip/application/server/dao/mysql/ApplicationDataInitializer.class]
15:20:01.038 [main] DEBUG o.s.c.a.ClassPathBeanDefinitionScanner - Identified candidate component class: URL [jar:file:/home/marza/Documents/VIP-portal/vip-application/target/vip-application-2.4.1.jar!/fr/insalyon/creatis/vip/application/server/dao/mysql/ApplicationInputData.class]
15:20:01.038 [main] DEBUG o.s.c.a.ClassPathBeanDefinitionScanner - Identified candidate component class: URL [jar:file:/home/marza/Documents/VIP-portal/vip-application/target/vip-application-2.4.1.jar!/fr/insalyon/creatis/vip/application/server/dao/h2/ExecutionNodeData.class]
15:20:01.042 [main] DEBUG o.s.c.a.ClassPathBeanDefinitionScanner - Identified candidate component class: URL [jar:file:/home/marza/Documents/VIP-portal/vip-application/target/vip-application-2.4.1.jar!/fr/insalyon/creatis/vip/application/server/business/simulation/parser/InputM2Parser.class]
15:20:01.042 [main] DEBUG o.s.c.a.ClassPathBeanDefinitionScanner - Identified candidate component class: URL [jar:file:/home/marza/Documents/VIP-portal/vip-application/target/vip-application-2.4.1.jar!/fr/insalyon/creatis/vip/application/server/business/simulation/WebServiceEngine.class]
15:20:01.043 [main] DEBUG o.s.c.a.ClassPathBeanDefinitionScanner - Identified candidate component class: URL [jar:file:/home/marza/Documents/VIP-portal/vip-application/target/vip-application-2.4.1.jar!/fr/insalyon/creatis/vip/application/server/business/WorkflowBusiness.class]
15:20:01.043 [main] DEBUG o.s.c.a.ClassPathBeanDefinitionScanner - Identified candidate component class: URL [jar:file:/home/marza/Documents/VIP-portal/vip-application/target/vip-application-2.4.1.jar!/fr/insalyon/creatis/vip/application/server/dao/mysql/ClassData.class]
15:20:01.044 [main] DEBUG o.s.c.a.ClassPathBeanDefinitionScanner - Identified candidate component class: URL [jar:file:/home/marza/Documents/VIP-portal/vip-application/target/vip-application-2.4.1.jar!/fr/insalyon/creatis/vip/application/server/dao/h2/SimulationData.class]
15:20:01.053 [main] DEBUG o.s.c.a.ClassPathBeanDefinitionScanner - Identified candidate component class: URL [jar:file:/home/marza/Documents/VIP-portal/vip-gatelab/target/vip-gatelab-2.4.1.jar!/fr/insalyon/creatis/vip/gatelab/server/business/GateLabInputsParser.class]
15:20:01.053 [main] DEBUG o.s.c.a.ClassPathBeanDefinitionScanner - Identified candidate component class: URL [jar:file:/home/marza/Documents/VIP-portal/vip-gatelab/target/vip-gatelab-2.4.1.jar!/fr/insalyon/creatis/vip/gatelab/server/business/GateLabInputs.class]
15:20:01.054 [main] DEBUG o.s.c.a.ClassPathBeanDefinitionScanner - Identified candidate component class: URL [jar:file:/home/marza/Documents/VIP-portal/vip-gatelab/target/vip-gatelab-2.4.1.jar!/fr/insalyon/creatis/vip/gatelab/server/business/GateLabBusiness.class]
15:20:01.054 [main] DEBUG o.s.c.a.ClassPathBeanDefinitionScanner - Identified candidate component class: URL [jar:file:/home/marza/Documents/VIP-portal/vip-gatelab/target/vip-gatelab-2.4.1.jar!/fr/insalyon/creatis/vip/gatelab/server/dao/derby/GateLabData.class]
15:20:01.057 [main] DEBUG o.s.c.a.ClassPathBeanDefinitionScanner - Identified candidate component class: URL [jar:file:/home/marza/Documents/VIP-portal/vip-publication/target/vip-publication-2.4.1.jar!/fr/insalyon/creatis/vip/publication/server/business/PublicationBusiness.class]
15:20:01.058 [main] DEBUG o.s.c.a.ClassPathBeanDefinitionScanner - Identified candidate component class: URL [jar:file:/home/marza/Documents/VIP-portal/vip-publication/target/vip-publication-2.4.1.jar!/fr/insalyon/creatis/vip/publication/server/dao/mysql/PublicationData.class]
15:20:01.058 [main] DEBUG o.s.c.a.ClassPathBeanDefinitionScanner - Identified candidate component class: URL [jar:file:/home/marza/Documents/VIP-portal/vip-publication/target/vip-publication-2.4.1.jar!/fr/insalyon/creatis/vip/publication/server/dao/PublicationDataInitializer.class]
15:20:01.063 [main] DEBUG o.s.c.a.ClassPathBeanDefinitionScanner - Identified candidate component class: URL [jar:file:/home/marza/Documents/VIP-portal/vip-social/target/vip-social-2.4.1.jar!/fr/insalyon/creatis/vip/social/server/business/MessageBusiness.class]
15:20:01.064 [main] DEBUG o.s.c.a.ClassPathBeanDefinitionScanner - Identified candidate component class: URL [jar:file:/home/marza/Documents/VIP-portal/vip-social/target/vip-social-2.4.1.jar!/fr/insalyon/creatis/vip/social/server/dao/mysql/MessageData.class]
15:20:01.065 [main] DEBUG o.s.c.a.ClassPathBeanDefinitionScanner - Identified candidate component class: URL [jar:file:/home/marza/Documents/VIP-portal/vip-social/target/vip-social-2.4.1.jar!/fr/insalyon/creatis/vip/social/server/dao/mysql/MessagingDataInitializer.class]
15:20:01.065 [main] DEBUG o.s.c.a.ClassPathBeanDefinitionScanner - Identified candidate component class: URL [jar:file:/home/marza/Documents/VIP-portal/vip-social/target/vip-social-2.4.1.jar!/fr/insalyon/creatis/vip/social/server/dao/mysql/GroupMessageData.class]
15:20:01.066 [main] DEBUG o.s.c.a.ClassPathBeanDefinitionScanner - Identified candidate component class: URL [jar:file:/home/marza/Documents/VIP-portal/vip-api/target/vip-api-2.4.1.jar!/fr/insalyon/creatis/vip/api/ApiPropertiesInitializer.class]
15:20:01.067 [main] DEBUG o.s.c.a.ClassPathBeanDefinitionScanner - Identified candidate component class: URL [jar:file:/home/marza/Documents/VIP-portal/vip-api/target/vip-api-2.4.1.jar!/fr/insalyon/creatis/vip/api/business/DataApiBusiness.class]
15:20:01.068 [main] DEBUG o.s.c.a.ClassPathBeanDefinitionScanner - Identified candidate component class: URL [jar:file:/home/marza/Documents/VIP-portal/vip-api/target/vip-api-2.4.1.jar!/fr/insalyon/creatis/vip/api/business/VipConfigurer.class]
15:20:01.069 [main] DEBUG o.s.c.a.ClassPathBeanDefinitionScanner - Identified candidate component class: URL [jar:file:/home/marza/Documents/VIP-portal/vip-api/target/vip-api-2.4.1.jar!/fr/insalyon/creatis/vip/api/business/ExecutionBusiness.class]
15:20:01.070 [main] DEBUG o.s.c.a.ClassPathBeanDefinitionScanner - Identified candidate component class: URL [jar:file:/home/marza/Documents/VIP-portal/vip-api/target/vip-api-2.4.1.jar!/fr/insalyon/creatis/vip/api/business/PipelineBusiness.class]
15:20:01.070 [main] DEBUG o.s.c.a.ClassPathBeanDefinitionScanner - Identified candidate component class: URL [jar:file:/home/marza/Documents/VIP-portal/vip-api/target/vip-api-2.4.1.jar!/fr/insalyon/creatis/vip/api/business/KeycloakBusiness.class]
15:20:01.071 [main] DEBUG o.s.c.a.ClassPathBeanDefinitionScanner - Identified candidate component class: URL [jar:file:/home/marza/Documents/VIP-portal/vip-api/target/vip-api-2.4.1.jar!/fr/insalyon/creatis/vip/api/business/ApiUserBusiness.class]
15:20:01.071 [main] DEBUG o.s.c.a.ClassPathBeanDefinitionScanner - Identified candidate component class: URL [jar:file:/home/marza/Documents/VIP-portal/vip-api/target/vip-api-2.4.1.jar!/fr/insalyon/creatis/vip/api/business/ApiBusiness.class]
15:20:01.072 [main] DEBUG o.s.c.a.ClassPathBeanDefinitionScanner - Identified candidate component class: URL [jar:file:/home/marza/Documents/VIP-portal/vip-api/target/vip-api-2.4.1.jar!/fr/insalyon/creatis/vip/api/business/StatsApiBusiness.class]
15:20:01.091 [main] DEBUG o.s.c.a.ClassPathBeanDefinitionScanner - Identified candidate component class: URL [jar:file:/home/marza/Documents/VIP-portal/vip-api/target/vip-api-2.4.1.jar!/fr/insalyon/creatis/vip/api/security/ApiSecurityConfig.class]
15:20:01.092 [main] DEBUG o.s.c.a.ClassPathBeanDefinitionScanner - Identified candidate component class: URL [jar:file:/home/marza/Documents/VIP-portal/vip-api/target/vip-api-2.4.1.jar!/fr/insalyon/creatis/vip/api/security/VipAuthenticationEntryPoint.class]
15:20:01.092 [main] DEBUG o.s.c.a.ClassPathBeanDefinitionScanner - Identified candidate component class: URL [jar:file:/home/marza/Documents/VIP-portal/vip-api/target/vip-api-2.4.1.jar!/fr/insalyon/creatis/vip/api/security/EgiSecurityConfig.class]
15:20:01.092 [main] DEBUG o.s.c.a.ClassPathBeanDefinitionScanner - Identified candidate component class: URL [jar:file:/home/marza/Documents/VIP-portal/vip-api/target/vip-api-2.4.1.jar!/fr/insalyon/creatis/vip/api/security/keycloak/PathBasedKeycloakConfigResolver.class]
15:20:01.093 [main] DEBUG o.s.c.a.ClassPathBeanDefinitionScanner - Identified candidate component class: URL [jar:file:/home/marza/Documents/VIP-portal/vip-api/target/vip-api-2.4.1.jar!/fr/insalyon/creatis/vip/api/security/keycloak/VipKeycloakAuthenticationProvider.class]
15:20:01.093 [main] DEBUG o.s.c.a.ClassPathBeanDefinitionScanner - Identified candidate component class: URL [jar:file:/home/marza/Documents/VIP-portal/vip-api/target/vip-api-2.4.1.jar!/fr/insalyon/creatis/vip/api/security/ApiSecurityConfig$CurrentUserProvider.class]
15:20:01.093 [main] DEBUG o.s.c.a.ClassPathBeanDefinitionScanner - Identified candidate component class: URL [jar:file:/home/marza/Documents/VIP-portal/vip-api/target/vip-api-2.4.1.jar!/fr/insalyon/creatis/vip/api/security/apikey/ApikeyAuthenticationProvider.class]
15:20:01.094 [main] DEBUG o.s.c.a.ClassPathBeanDefinitionScanner - Identified candidate component class: URL [jar:file:/home/marza/Documents/VIP-portal/vip-api/target/vip-api-2.4.1.jar!/fr/insalyon/creatis/vip/api/security/egi/EgiSecurityClientConfig.class]
15:20:01.100 [main] DEBUG o.s.c.a.ClassPathBeanDefinitionScanner - Identified candidate component class: URL [jar:file:/home/marza/Documents/VIP-portal/vip-api/target/vip-api-2.4.1.jar!/fr/insalyon/creatis/vip/api/controller/stats/StatsController.class]
15:20:01.104 [main] DEBUG o.s.c.a.ClassPathBeanDefinitionScanner - Identified candidate component class: URL [jar:file:/home/marza/Documents/VIP-portal/vip-api/target/vip-api-2.4.1.jar!/fr/insalyon/creatis/vip/api/controller/data/DataController.class]
15:20:01.107 [main] DEBUG o.s.c.a.ClassPathBeanDefinitionScanner - Identified candidate component class: URL [jar:file:/home/marza/Documents/VIP-portal/vip-api/target/vip-api-2.4.1.jar!/fr/insalyon/creatis/vip/api/controller/ExternalPlatformController.class]
15:20:01.110 [main] DEBUG o.s.c.a.ClassPathBeanDefinitionScanner - Identified candidate component class: URL [jar:file:/home/marza/Documents/VIP-portal/vip-api/target/vip-api-2.4.1.jar!/fr/insalyon/creatis/vip/api/controller/RestExceptionHandler.class]
15:20:01.110 [main] DEBUG o.s.c.a.ClassPathBeanDefinitionScanner - Identified candidate component class: URL [jar:file:/home/marza/Documents/VIP-portal/vip-api/target/vip-api-2.4.1.jar!/fr/insalyon/creatis/vip/api/controller/processing/ExecutionController.class]
15:20:01.111 [main] DEBUG o.s.c.a.ClassPathBeanDefinitionScanner - Identified candidate component class: URL [jar:file:/home/marza/Documents/VIP-portal/vip-api/target/vip-api-2.4.1.jar!/fr/insalyon/creatis/vip/api/controller/processing/PublicationController.class]
15:20:01.111 [main] DEBUG o.s.c.a.ClassPathBeanDefinitionScanner - Identified candidate component class: URL [jar:file:/home/marza/Documents/VIP-portal/vip-api/target/vip-api-2.4.1.jar!/fr/insalyon/creatis/vip/api/controller/processing/PipelineController.class]
15:20:01.113 [main] DEBUG o.s.c.a.ClassPathBeanDefinitionScanner - Identified candidate component class: URL [jar:file:/home/marza/Documents/VIP-portal/vip-api/target/vip-api-2.4.1.jar!/fr/insalyon/creatis/vip/api/controller/ApiKeyController.class]
15:20:01.114 [main] DEBUG o.s.c.a.ClassPathBeanDefinitionScanner - Identified candidate component class: URL [jar:file:/home/marza/Documents/VIP-portal/vip-api/target/vip-api-2.4.1.jar!/fr/insalyon/creatis/vip/api/controller/AuthenticationController.class]
15:20:01.114 [main] DEBUG o.s.c.a.ClassPathBeanDefinitionScanner - Identified candidate component class: URL [jar:file:/home/marza/Documents/VIP-portal/vip-api/target/vip-api-2.4.1.jar!/fr/insalyon/creatis/vip/api/controller/EgiController.class]
15:20:01.114 [main] DEBUG o.s.c.a.ClassPathBeanDefinitionScanner - Identified candidate component class: URL [jar:file:/home/marza/Documents/VIP-portal/vip-api/target/vip-api-2.4.1.jar!/fr/insalyon/creatis/vip/api/controller/PlatformController.class]
15:20:01.115 [main] DEBUG o.s.c.a.ClassPathBeanDefinitionScanner - Identified candidate component class: URL [jar:file:/home/marza/Documents/VIP-portal/vip-api/target/vip-api-2.4.1.jar!/fr/insalyon/creatis/vip/api/controller/RegisterUserController.class]
15:20:01.115 [main] DEBUG o.s.c.a.ClassPathBeanDefinitionScanner - Identified candidate component class: URL [jar:file:/home/marza/Documents/VIP-portal/vip-api/target/vip-api-2.4.1.jar!/fr/insalyon/creatis/vip/api/controller/RefreshTokenController.class]
15:20:01.119 [main] DEBUG o.s.c.a.ClassPathBeanDefinitionScanner - Identified candidate component class: URL [jar:file:/home/marza/Documents/VIP-portal/vip-api/target/vip-api-2.4.1.jar!/fr/insalyon/creatis/vip/api/SpringWebConfig.class]
15:20:01.120 [main] DEBUG o.s.c.a.ClassPathBeanDefinitionScanner - Ignored because not a concrete top-level class: URL [jar:file:/home/marza/Documents/VIP-portal/vip-local/target/vip-local-2.4.1.jar!/fr/insalyon/creatis/vip/local/LocalConfiguration$SmaClientLocal.class]
15:20:01.124 [main] DEBUG o.s.c.a.ClassPathBeanDefinitionScanner - Ignored because not a concrete top-level class: URL [jar:file:/home/marza/Documents/VIP-portal/vip-local/target/vip-local-2.4.1.jar!/fr/insalyon/creatis/vip/local/LocalConfiguration$ProxyClientLocal.class]
15:20:01.125 [main] DEBUG o.s.c.a.ClassPathBeanDefinitionScanner - Identified candidate component class: URL [jar:file:/home/marza/Documents/VIP-portal/vip-visualization/target/vip-visualization-2.4.1.jar!/fr/insalyon/creatis/vip/visualization/server/business/VisualizationBusiness.class]
15:20:01.126 [main] DEBUG o.s.c.a.ClassPathBeanDefinitionScanner - Identified candidate component class: URL [jar:file:/home/marza/Documents/VIP-portal/vip-core/target/vip-core-2.4.1-tests.jar!/fr/insalyon/creatis/vip/core/integrationtest/TestDataSourceSpringConfig.class]
15:20:01.130 [main] DEBUG o.s.c.a.ClassPathBeanDefinitionScanner - Identified candidate component class: URL [jar:file:/home/marza/Documents/VIP-portal/vip-core/target/vip-core-2.4.1-tests.jar!/fr/insalyon/creatis/vip/core/integrationtest/SpingTestConfig.class]
15:20:01.131 [main] DEBUG o.s.c.a.ClassPathBeanDefinitionScanner - Identified candidate component class: URL [jar:file:/home/marza/Documents/VIP-portal/vip-core/target/vip-core-2.4.1-tests.jar!/fr/insalyon/creatis/vip/core/integrationtest/ServerMockConfig.class]
15:20:01.132 [main] DEBUG o.s.c.a.ClassPathBeanDefinitionScanner - Identified candidate component class: URL [jar:file:/home/marza/Documents/VIP-portal/vip-application/target/vip-application-2.4.1-tests.jar!/fr/insalyon/creatis/vip/application/integrationtest/SpringApplicationTestConfig.class]
15:20:01.200 [main] DEBUG o.s.c.a.ClassPathBeanDefinitionScanner - Ignored because not a concrete top-level class: URL [jar:file:/home/marza/.m2/repository/org/keycloak/keycloak-spring-security-adapter/15.0.1/keycloak-spring-security-adapter-15.0.1.jar!/org/keycloak/adapters/springsecurity/KeycloakConfiguration.class]
15:20:01.202 [main] DEBUG o.s.c.a.ClassPathBeanDefinitionScanner - Identified candidate component class: URL [jar:file:/home/marza/.m2/repository/org/keycloak/keycloak-spring-security-adapter/15.0.1/keycloak-spring-security-adapter-15.0.1.jar!/org/keycloak/adapters/springsecurity/client/KeycloakClientRequestFactory.class]
15:20:01.287 [main] DEBUG o.s.b.f.s.DefaultListableBeanFactory - Overriding bean definition for bean 'httpFirewall' with a different definition: replacing [Root bean: class [null]; scope=; abstract=false; lazyInit=null; autowireMode=3; dependencyCheck=0; autowireCandidate=true; primary=false; factoryBeanName=apiSecurityConfig; factoryMethodName=httpFirewall; initMethodName=null; destroyMethodName=(inferred); defined in class path resource [fr/insalyon/creatis/vip/api/security/ApiSecurityConfig.class]] with [Root bean: class [null]; scope=; abstract=false; lazyInit=null; autowireMode=3; dependencyCheck=0; autowireCandidate=true; primary=false; factoryBeanName=egiSecurityConfig; factoryMethodName=httpFirewall; initMethodName=null; destroyMethodName=(inferred); defined in class path resource [fr/insalyon/creatis/vip/api/security/EgiSecurityConfig.class]]
15:20:01.651 [main] DEBUG o.s.b.f.s.DefaultListableBeanFactory - Creating shared instance of singleton bean 'properties'
15:20:01.663 [main] DEBUG o.s.b.f.s.DefaultListableBeanFactory - Creating shared instance of singleton bean 'org.springframework.context.event.internalEventListenerProcessor'
15:20:01.664 [main] DEBUG o.s.b.f.s.DefaultListableBeanFactory - Creating shared instance of singleton bean 'conversionServicePostProcessor'
15:20:01.711 [main] DEBUG o.s.b.f.s.DefaultListableBeanFactory - Creating shared instance of singleton bean 'org.springframework.context.event.internalEventListenerFactory'
15:20:01.712 [main] DEBUG o.s.b.f.s.DefaultListableBeanFactory - Creating shared instance of singleton bean 'org.springframework.transaction.config.internalTransactionalEventListenerFactory'
15:20:01.716 [main] DEBUG o.s.b.f.s.DefaultListableBeanFactory - Creating shared instance of singleton bean 'org.springframework.context.annotation.internalAutowiredAnnotationProcessor'
15:20:01.719 [main] DEBUG o.s.b.f.s.DefaultListableBeanFactory - Creating shared instance of singleton bean 'org.springframework.context.annotation.internalCommonAnnotationProcessor'
15:20:01.722 [main] DEBUG o.s.b.f.s.DefaultListableBeanFactory - Creating shared instance of singleton bean 'org.springframework.aop.config.internalAutoProxyCreator'
15:20:01.776 [main] DEBUG o.s.u.c.s.UiApplicationContextUtils - Unable to locate ThemeSource with name 'themeSource': using default [org.springframework.ui.context.support.ResourceBundleThemeSource@45c34a2]
15:20:01.777 [main] DEBUG o.s.b.f.s.DefaultListableBeanFactory - Creating shared instance of singleton bean 'conversionService'
15:20:01.804 [main] DEBUG o.s.b.f.s.DefaultListableBeanFactory - Creating shared instance of singleton bean 'org.springframework.transaction.config.internalTransactionAdvisor'
15:20:01.804 [main] DEBUG o.s.b.f.s.DefaultListableBeanFactory - Creating shared instance of singleton bean 'org.springframework.transaction.annotation.ProxyTransactionManagementConfiguration'
15:20:01.820 [main] DEBUG o.s.b.f.s.DefaultListableBeanFactory - Creating shared instance of singleton bean 'transactionAttributeSource'
15:20:01.821 [main] DEBUG o.s.b.f.s.DefaultListableBeanFactory - Creating shared instance of singleton bean 'transactionInterceptor'
15:20:01.822 [main] DEBUG o.s.b.f.s.DefaultListableBeanFactory - Autowiring by type from bean name 'transactionInterceptor' via factory method to bean named 'transactionAttributeSource'
15:20:01.831 [main] DEBUG o.s.b.f.s.DefaultListableBeanFactory - Autowiring by type from bean name 'org.springframework.transaction.config.internalTransactionAdvisor' via factory method to bean named 'transactionAttributeSource'
15:20:01.831 [main] DEBUG o.s.b.f.s.DefaultListableBeanFactory - Autowiring by type from bean name 'org.springframework.transaction.config.internalTransactionAdvisor' via factory method to bean named 'transactionInterceptor'
15:20:01.839 [main] DEBUG o.s.b.f.s.DefaultListableBeanFactory - Creating shared instance of singleton bean 'springCoreConfig'
15:20:01.840 [main] DEBUG o.s.b.f.s.DefaultListableBeanFactory - Creating shared instance of singleton bean 'usersGroupsData'
15:20:01.859 [main] DEBUG o.s.b.f.s.DefaultListableBeanFactory - Creating shared instance of singleton bean 'groupData'
15:20:01.869 [main] DEBUG o.s.b.f.s.DefaultListableBeanFactory - Creating shared instance of singleton bean 'lazyDataSource'
15:20:01.871 [main] DEBUG o.s.b.f.s.DefaultListableBeanFactory - Creating shared instance of singleton bean 'testDataSource'
15:20:01.872 [main] DEBUG o.s.b.f.s.DefaultListableBeanFactory - Creating shared instance of singleton bean 'testDataSourceSpringConfig'
15:20:01.913 [main] INFO  o.s.j.d.e.EmbeddedDatabaseFactory - Starting embedded database: url='jdbc:h2:mem:ba96bb59-9e1a-47de-acd0-e23da0464830;DB_CLOSE_DELAY=-1;DB_CLOSE_ON_EXIT=false', username='sa'
15:20:01.919 [main] DEBUG o.s.jdbc.datasource.DataSourceUtils - Fetching JDBC Connection from DataSource
15:20:01.919 [main] DEBUG o.s.j.d.SimpleDriverDataSource - Creating new JDBC Driver Connection to [jdbc:h2:mem:ba96bb59-9e1a-47de-acd0-e23da0464830;DB_CLOSE_DELAY=-1;DB_CLOSE_ON_EXIT=false]
15:20:03.321 [main] DEBUG o.s.b.f.s.DefaultListableBeanFactory - Autowiring by type from bean name 'lazyDataSource' via factory method to bean named 'testDataSource'
15:20:03.417 [main] DEBUG o.s.j.d.SimpleDriverDataSource - Creating new JDBC Driver Connection to [jdbc:h2:mem:ba96bb59-9e1a-47de-acd0-e23da0464830;DB_CLOSE_DELAY=-1;DB_CLOSE_ON_EXIT=false]
15:20:03.466 [main] DEBUG o.s.b.f.s.DefaultListableBeanFactory - Autowiring by type from bean name 'usersGroupsData' via constructor to bean named 'groupData'
15:20:03.485 [main] DEBUG o.s.b.f.s.DefaultListableBeanFactory - Creating shared instance of singleton bean 'statsBusiness'
15:20:03.490 [main] DEBUG o.s.b.f.s.DefaultListableBeanFactory - Creating shared instance of singleton bean 'userData'
15:20:03.518 [main] DEBUG o.s.b.f.s.DefaultListableBeanFactory - Autowiring by type from bean name 'statsBusiness' via constructor to bean named 'userData'
15:20:03.559 [main] DEBUG o.s.b.f.s.DefaultListableBeanFactory - Creating shared instance of singleton bean 'vipSessionBusiness'
15:20:03.564 [main] DEBUG o.s.b.f.s.DefaultListableBeanFactory - Creating shared instance of singleton bean 'testServer'
15:20:03.564 [main] DEBUG o.s.b.f.s.DefaultListableBeanFactory - Creating shared instance of singleton bean 'serverMockConfig'
15:20:03.809 [main] DEBUG o.s.b.f.s.DefaultListableBeanFactory - Creating shared instance of singleton bean 'configurationBusiness'
15:20:03.819 [main] DEBUG o.s.b.f.s.DefaultListableBeanFactory - Creating shared instance of singleton bean 'testProxyClient'
15:20:03.820 [main] DEBUG o.s.b.f.s.DefaultListableBeanFactory - Creating shared instance of singleton bean 'spingTestConfig'
15:20:04.022 [main] DEBUG o.s.b.f.s.DefaultListableBeanFactory - Creating shared instance of singleton bean 'testEmailBusiness'
15:20:04.061 [main] DEBUG o.s.b.f.s.DefaultListableBeanFactory - Creating shared instance of singleton bean 'testGridaClient'
15:20:04.155 [main] DEBUG o.s.b.f.s.DefaultListableBeanFactory - Creating shared instance of singleton bean 'testGridaPoolClient'
15:20:04.227 [main] DEBUG o.s.b.f.s.DefaultListableBeanFactory - Creating shared instance of singleton bean 'termsUseData'
15:20:04.246 [main] DEBUG o.s.b.f.s.DefaultListableBeanFactory - Autowiring by type from bean name 'configurationBusiness' via constructor to bean named 'testServer'
15:20:04.247 [main] DEBUG o.s.b.f.s.DefaultListableBeanFactory - Autowiring by type from bean name 'configurationBusiness' via constructor to bean named 'testProxyClient'
15:20:04.247 [main] DEBUG o.s.b.f.s.DefaultListableBeanFactory - Autowiring by type from bean name 'configurationBusiness' via constructor to bean named 'testEmailBusiness'
15:20:04.248 [main] DEBUG o.s.b.f.s.DefaultListableBeanFactory - Autowiring by type from bean name 'configurationBusiness' via constructor to bean named 'testGridaClient'
15:20:04.248 [main] DEBUG o.s.b.f.s.DefaultListableBeanFactory - Autowiring by type from bean name 'configurationBusiness' via constructor to bean named 'testGridaPoolClient'
15:20:04.248 [main] DEBUG o.s.b.f.s.DefaultListableBeanFactory - Autowiring by type from bean name 'configurationBusiness' via constructor to bean named 'groupData'
15:20:04.248 [main] DEBUG o.s.b.f.s.DefaultListableBeanFactory - Autowiring by type from bean name 'configurationBusiness' via constructor to bean named 'termsUseData'
15:20:04.248 [main] DEBUG o.s.b.f.s.DefaultListableBeanFactory - Autowiring by type from bean name 'configurationBusiness' via constructor to bean named 'userData'
15:20:04.248 [main] DEBUG o.s.b.f.s.DefaultListableBeanFactory - Autowiring by type from bean name 'configurationBusiness' via constructor to bean named 'usersGroupsData'
15:20:04.306 [main] DEBUG o.s.b.f.s.DefaultListableBeanFactory - Autowiring by type from bean name 'vipSessionBusiness' via constructor to bean named 'testServer'
15:20:04.307 [main] DEBUG o.s.b.f.s.DefaultListableBeanFactory - Autowiring by type from bean name 'vipSessionBusiness' via constructor to bean named 'configurationBusiness'
15:20:04.321 [main] DEBUG o.s.b.f.s.DefaultListableBeanFactory - Creating shared instance of singleton bean 'dataSourceConfig'
15:20:04.324 [main] DEBUG o.s.b.f.s.DefaultListableBeanFactory - Creating shared instance of singleton bean 'coreDataInitializer'
15:20:04.331 [main] DEBUG o.s.b.f.s.DefaultListableBeanFactory - Creating shared instance of singleton bean 'tableInitializer'
15:20:04.340 [main] DEBUG o.s.c.e.PropertySourcesPropertyResolver - Found key 'db.tableEngine' in PropertySource 'Inlined Test Properties' with value of type String
15:20:04.340 [main] DEBUG o.s.c.e.PropertySourcesPropertyResolver - Found key 'db.tableEngine' in PropertySource 'environmentProperties' with value of type String
15:20:04.345 [main] DEBUG o.s.aop.framework.CglibAopProxy - Final method [public final javax.sql.DataSource org.springframework.jdbc.core.support.JdbcDaoSupport.getDataSource()] cannot get proxied via CGLIB: Calls to this method will NOT be routed to the target instance and might lead to NPEs against uninitialized fields in the proxy instance.
15:20:04.345 [main] DEBUG o.s.aop.framework.CglibAopProxy - Final method [public final void org.springframework.jdbc.core.support.JdbcDaoSupport.setDataSource(javax.sql.DataSource)] cannot get proxied via CGLIB: Calls to this method will NOT be routed to the target instance and might lead to NPEs against uninitialized fields in the proxy instance.
15:20:04.346 [main] DEBUG o.s.aop.framework.CglibAopProxy - Final method [protected final org.springframework.jdbc.support.SQLExceptionTranslator org.springframework.jdbc.core.support.JdbcDaoSupport.getExceptionTranslator()] cannot get proxied via CGLIB: Calls to this method will NOT be routed to the target instance and might lead to NPEs against uninitialized fields in the proxy instance.
15:20:04.346 [main] DEBUG o.s.aop.framework.CglibAopProxy - Final method [public final void org.springframework.jdbc.core.support.JdbcDaoSupport.setJdbcTemplate(org.springframework.jdbc.core.JdbcTemplate)] cannot get proxied via CGLIB: Calls to this method will NOT be routed to the target instance and might lead to NPEs against uninitialized fields in the proxy instance.
15:20:04.346 [main] DEBUG o.s.aop.framework.CglibAopProxy - Final method [public final org.springframework.jdbc.core.JdbcTemplate org.springframework.jdbc.core.support.JdbcDaoSupport.getJdbcTemplate()] cannot get proxied via CGLIB: Calls to this method will NOT be routed to the target instance and might lead to NPEs against uninitialized fields in the proxy instance.
15:20:04.346 [main] DEBUG o.s.aop.framework.CglibAopProxy - Final method [protected final void org.springframework.jdbc.core.support.JdbcDaoSupport.releaseConnection(java.sql.Connection)] cannot get proxied via CGLIB: Calls to this method will NOT be routed to the target instance and might lead to NPEs against uninitialized fields in the proxy instance.
15:20:04.346 [main] DEBUG o.s.aop.framework.CglibAopProxy - Final method [protected final java.sql.Connection org.springframework.jdbc.core.support.JdbcDaoSupport.getConnection() throws org.springframework.jdbc.CannotGetJdbcConnectionException] cannot get proxied via CGLIB: Calls to this method will NOT be routed to the target instance and might lead to NPEs against uninitialized fields in the proxy instance.
15:20:04.347 [main] INFO  o.s.aop.framework.CglibAopProxy - Unable to proxy interface-implementing method [public final void org.springframework.dao.support.DaoSupport.afterPropertiesSet() throws java.lang.IllegalArgumentException,org.springframework.beans.factory.BeanInitializationException] because it is marked as final: Consider using interface-based JDK proxies instead!
15:20:04.347 [main] DEBUG o.s.aop.framework.CglibAopProxy - Final method [public final void org.springframework.dao.support.DaoSupport.afterPropertiesSet() throws java.lang.IllegalArgumentException,org.springframework.beans.factory.BeanInitializationException] cannot get proxied via CGLIB: Calls to this method will NOT be routed to the target instance and might lead to NPEs against uninitialized fields in the proxy instance.
15:20:04.355 [main] DEBUG o.s.b.f.s.DefaultListableBeanFactory - Autowiring by type from bean name 'coreDataInitializer' via constructor to bean named 'groupData'
15:20:04.355 [main] DEBUG o.s.b.f.s.DefaultListableBeanFactory - Autowiring by type from bean name 'coreDataInitializer' via constructor to bean named 'lazyDataSource'
15:20:04.356 [main] DEBUG o.s.b.f.s.DefaultListableBeanFactory - Autowiring by type from bean name 'coreDataInitializer' via constructor to bean named 'tableInitializer'
15:20:04.356 [main] DEBUG o.s.b.f.s.DefaultListableBeanFactory - Autowiring by type from bean name 'coreDataInitializer' via constructor to bean named 'testServer'
15:20:04.356 [main] DEBUG o.s.b.f.s.DefaultListableBeanFactory - Autowiring by type from bean name 'coreDataInitializer' via constructor to bean named 'userData'
15:20:04.356 [main] DEBUG o.s.b.f.s.DefaultListableBeanFactory - Autowiring by type from bean name 'coreDataInitializer' via constructor to bean named 'usersGroupsData'
15:20:04.356 [main] DEBUG o.s.b.f.s.DefaultListableBeanFactory - Autowiring by type from bean name 'coreDataInitializer' via constructor to bean named 'termsUseData'
15:20:04.358 [main] DEBUG o.s.aop.framework.CglibAopProxy - Final method [public final javax.sql.DataSource org.springframework.jdbc.core.support.JdbcDaoSupport.getDataSource()] cannot get proxied via CGLIB: Calls to this method will NOT be routed to the target instance and might lead to NPEs against uninitialized fields in the proxy instance.
15:20:04.358 [main] DEBUG o.s.aop.framework.CglibAopProxy - Final method [public final void org.springframework.jdbc.core.support.JdbcDaoSupport.setDataSource(javax.sql.DataSource)] cannot get proxied via CGLIB: Calls to this method will NOT be routed to the target instance and might lead to NPEs against uninitialized fields in the proxy instance.
15:20:04.358 [main] DEBUG o.s.aop.framework.CglibAopProxy - Final method [protected final org.springframework.jdbc.support.SQLExceptionTranslator org.springframework.jdbc.core.support.JdbcDaoSupport.getExceptionTranslator()] cannot get proxied via CGLIB: Calls to this method will NOT be routed to the target instance and might lead to NPEs against uninitialized fields in the proxy instance.
15:20:04.358 [main] DEBUG o.s.aop.framework.CglibAopProxy - Final method [public final void org.springframework.jdbc.core.support.JdbcDaoSupport.setJdbcTemplate(org.springframework.jdbc.core.JdbcTemplate)] cannot get proxied via CGLIB: Calls to this method will NOT be routed to the target instance and might lead to NPEs against uninitialized fields in the proxy instance.
15:20:04.358 [main] DEBUG o.s.aop.framework.CglibAopProxy - Final method [public final org.springframework.jdbc.core.JdbcTemplate org.springframework.jdbc.core.support.JdbcDaoSupport.getJdbcTemplate()] cannot get proxied via CGLIB: Calls to this method will NOT be routed to the target instance and might lead to NPEs against uninitialized fields in the proxy instance.
15:20:04.358 [main] DEBUG o.s.aop.framework.CglibAopProxy - Final method [protected final void org.springframework.jdbc.core.support.JdbcDaoSupport.releaseConnection(java.sql.Connection)] cannot get proxied via CGLIB: Calls to this method will NOT be routed to the target instance and might lead to NPEs against uninitialized fields in the proxy instance.
15:20:04.359 [main] DEBUG o.s.aop.framework.CglibAopProxy - Final method [protected final java.sql.Connection org.springframework.jdbc.core.support.JdbcDaoSupport.getConnection() throws org.springframework.jdbc.CannotGetJdbcConnectionException] cannot get proxied via CGLIB: Calls to this method will NOT be routed to the target instance and might lead to NPEs against uninitialized fields in the proxy instance.
15:20:04.359 [main] INFO  o.s.aop.framework.CglibAopProxy - Unable to proxy interface-implementing method [public final void org.springframework.dao.support.DaoSupport.afterPropertiesSet() throws java.lang.IllegalArgumentException,org.springframework.beans.factory.BeanInitializationException] because it is marked as final: Consider using interface-based JDK proxies instead!
15:20:04.359 [main] DEBUG o.s.aop.framework.CglibAopProxy - Final method [public final void org.springframework.dao.support.DaoSupport.afterPropertiesSet() throws java.lang.IllegalArgumentException,org.springframework.beans.factory.BeanInitializationException] cannot get proxied via CGLIB: Calls to this method will NOT be routed to the target instance and might lead to NPEs against uninitialized fields in the proxy instance.
15:20:04.366 [main] DEBUG o.s.b.f.s.DefaultListableBeanFactory - Creating shared instance of singleton bean 'emailBusiness'
15:20:04.368 [main] DEBUG o.s.b.f.s.DefaultListableBeanFactory - Creating shared instance of singleton bean 'smaClient'
15:20:04.368 [main] DEBUG o.s.b.f.s.DefaultListableBeanFactory - Autowiring by type from bean name 'smaClient' via factory method to bean named 'testServer'
15:20:04.371 [main] DEBUG o.s.b.f.s.DefaultListableBeanFactory - Autowiring by type from bean name 'emailBusiness' via constructor to bean named 'smaClient'
15:20:04.371 [main] DEBUG o.s.b.f.s.DefaultListableBeanFactory - Creating shared instance of singleton bean 'proxyClient'
15:20:04.374 [main] DEBUG o.s.b.f.s.DefaultListableBeanFactory - Autowiring by type from bean name 'proxyClient' via constructor to bean named 'testServer'
15:20:04.375 [main] DEBUG o.s.b.f.s.DefaultListableBeanFactory - Creating shared instance of singleton bean 'velocityUtils'
15:20:04.413 [main] DEBUG org.apache.velocity - CommonsLogLogChute name is 'org.apache.velocity'
15:20:04.413 [main] DEBUG org.apache.velocity - Initializing Velocity, Calling init()...
15:20:04.413 [main] DEBUG org.apache.velocity - Starting Apache Velocity v1.7 (compiled: 2010-11-19 12:14:37)
15:20:04.413 [main] DEBUG org.apache.velocity - Default Properties File: org/apache/velocity/runtime/defaults/velocity.properties
15:20:04.413 [main] DEBUG org.apache.velocity - Trying to use logger class org.apache.velocity.runtime.log.AvalonLogChute
15:20:04.413 [main] DEBUG org.apache.velocity - Target log system for org.apache.velocity.runtime.log.AvalonLogChute is not available (java.lang.NoClassDefFoundError: org/apache/log/format/Formatter).  Falling back to next log system...
15:20:04.413 [main] DEBUG org.apache.velocity - Trying to use logger class org.apache.velocity.runtime.log.Log4JLogChute
15:20:04.413 [main] DEBUG org.apache.velocity - Target log system for org.apache.velocity.runtime.log.Log4JLogChute is not available (java.lang.NoClassDefFoundError: org/apache/log4j/Priority).  Falling back to next log system...
15:20:04.413 [main] DEBUG org.apache.velocity - Trying to use logger class org.apache.velocity.runtime.log.CommonsLogLogChute
15:20:04.413 [main] DEBUG org.apache.velocity - Using logger class org.apache.velocity.runtime.log.CommonsLogLogChute
15:20:04.419 [main] DEBUG org.apache.velocity - ResourceLoader instantiated: org.apache.velocity.runtime.resource.loader.ClasspathResourceLoader
15:20:04.433 [main] DEBUG org.apache.velocity - ResourceCache: initialized (class org.apache.velocity.runtime.resource.ResourceCacheImpl) with class java.util.Collections$SynchronizedMap cache map.
15:20:04.434 [main] DEBUG org.apache.velocity - Loaded System Directive: org.apache.velocity.runtime.directive.Stop
15:20:04.435 [main] DEBUG org.apache.velocity - Loaded System Directive: org.apache.velocity.runtime.directive.Define
15:20:04.436 [main] DEBUG org.apache.velocity - Loaded System Directive: org.apache.velocity.runtime.directive.Break
15:20:04.437 [main] DEBUG org.apache.velocity - Loaded System Directive: org.apache.velocity.runtime.directive.Evaluate
15:20:04.437 [main] DEBUG org.apache.velocity - Loaded System Directive: org.apache.velocity.runtime.directive.Literal
15:20:04.439 [main] DEBUG org.apache.velocity - Loaded System Directive: org.apache.velocity.runtime.directive.Macro
15:20:04.440 [main] DEBUG org.apache.velocity - Loaded System Directive: org.apache.velocity.runtime.directive.Parse
15:20:04.442 [main] DEBUG org.apache.velocity - Loaded System Directive: org.apache.velocity.runtime.directive.Include
15:20:04.443 [main] DEBUG org.apache.velocity - Loaded System Directive: org.apache.velocity.runtime.directive.Foreach
15:20:04.484 [main] DEBUG org.apache.velocity - Created '20' parsers.
15:20:04.489 [main] DEBUG org.apache.velocity - Velocimacro : "velocimacro.library" is not set.  Trying default library: VM_global_library.vm
15:20:04.490 [main] DEBUG org.apache.velocity - Could not load resource 'VM_global_library.vm' from ResourceLoader org.apache.velocity.runtime.resource.loader.ClasspathResourceLoader: ClasspathResourceLoader Error: cannot find resource VM_global_library.vm
15:20:04.490 [main] DEBUG org.apache.velocity - Velocimacro : Default library not found.
15:20:04.490 [main] DEBUG org.apache.velocity - Velocimacro : allowInline = true : VMs can be defined inline in templates
15:20:04.490 [main] DEBUG org.apache.velocity - Velocimacro : allowInlineToOverride = false : VMs defined inline may NOT replace previous VM definitions
15:20:04.491 [main] DEBUG org.apache.velocity - Velocimacro : allowInlineLocal = false : VMs defined inline will be global in scope if allowed.
15:20:04.491 [main] DEBUG org.apache.velocity - Velocimacro : autoload off : VM system will not automatically reload global library macros
15:20:04.491 [main] DEBUG o.s.b.f.s.DefaultListableBeanFactory - Creating shared instance of singleton bean 'applicationImporterBusiness'
15:20:04.494 [main] DEBUG o.s.b.f.s.DefaultListableBeanFactory - Creating shared instance of singleton bean 'lfcPathsBusiness'
15:20:04.496 [main] DEBUG o.s.b.f.s.DefaultListableBeanFactory - Autowiring by type from bean name 'lfcPathsBusiness' via constructor to bean named 'testServer'
15:20:04.496 [main] DEBUG o.s.b.f.s.DefaultListableBeanFactory - Autowiring by type from bean name 'lfcPathsBusiness' via constructor to bean named 'groupData'
15:20:04.505 [main] DEBUG o.s.b.f.s.DefaultListableBeanFactory - Creating shared instance of singleton bean 'boutiquesBusiness'
15:20:04.508 [main] DEBUG o.s.b.f.s.DefaultListableBeanFactory - Creating shared instance of singleton bean 'dataManagerBusiness'
15:20:04.512 [main] DEBUG o.s.b.f.s.DefaultListableBeanFactory - Creating shared instance of singleton bean 'SSHData'
15:20:04.519 [main] DEBUG o.s.b.f.s.DefaultListableBeanFactory - Creating shared instance of singleton bean 'gridaCacheClient'
15:20:04.520 [main] DEBUG o.s.b.f.s.DefaultListableBeanFactory - Autowiring by type from bean name 'gridaCacheClient' via factory method to bean named 'testServer'
15:20:04.523 [main] DEBUG o.s.b.f.s.DefaultListableBeanFactory - Creating shared instance of singleton bean 'gridaZombieClient'
15:20:04.524 [main] DEBUG o.s.b.f.s.DefaultListableBeanFactory - Autowiring by type from bean name 'gridaZombieClient' via factory method to bean named 'testServer'
15:20:04.526 [main] DEBUG o.s.b.f.s.DefaultListableBeanFactory - Autowiring by type from bean name 'dataManagerBusiness' via constructor to bean named 'SSHData'
15:20:04.526 [main] DEBUG o.s.b.f.s.DefaultListableBeanFactory - Autowiring by type from bean name 'dataManagerBusiness' via constructor to bean named 'testGridaClient'
15:20:04.526 [main] DEBUG o.s.b.f.s.DefaultListableBeanFactory - Autowiring by type from bean name 'dataManagerBusiness' via constructor to bean named 'gridaCacheClient'
15:20:04.526 [main] DEBUG o.s.b.f.s.DefaultListableBeanFactory - Autowiring by type from bean name 'dataManagerBusiness' via constructor to bean named 'gridaZombieClient'
15:20:04.527 [main] DEBUG o.s.b.f.s.DefaultListableBeanFactory - Autowiring by type from bean name 'dataManagerBusiness' via constructor to bean named 'configurationBusiness'
15:20:04.527 [main] DEBUG o.s.b.f.s.DefaultListableBeanFactory - Autowiring by type from bean name 'dataManagerBusiness' via constructor to bean named 'lfcPathsBusiness'
15:20:04.527 [main] DEBUG o.s.b.f.s.DefaultListableBeanFactory - Autowiring by type from bean name 'dataManagerBusiness' via constructor to bean named 'testServer'
15:20:04.537 [main] DEBUG o.s.b.f.s.DefaultListableBeanFactory - Creating shared instance of singleton bean 'applicationBusiness'
15:20:04.541 [main] DEBUG o.s.b.f.s.DefaultListableBeanFactory - Creating shared instance of singleton bean 'applicationData'
15:20:04.545 [main] DEBUG o.s.b.f.s.DefaultListableBeanFactory - Creating shared instance of singleton bean 'classData'
15:20:04.552 [main] DEBUG o.s.b.f.s.DefaultListableBeanFactory - Autowiring by type from bean name 'applicationData' via constructor to bean named 'lazyDataSource'
15:20:04.553 [main] DEBUG o.s.b.f.s.DefaultListableBeanFactory - Autowiring by type from bean name 'applicationData' via constructor to bean named 'classData'
15:20:04.557 [main] DEBUG o.s.b.f.s.DefaultListableBeanFactory - Autowiring by type from bean name 'applicationBusiness' via constructor to bean named 'applicationData'
15:20:04.557 [main] DEBUG o.s.b.f.s.DefaultListableBeanFactory - Autowiring by type from bean name 'applicationBusiness' via constructor to bean named 'classData'
15:20:04.558 [main] DEBUG o.s.b.f.s.DefaultListableBeanFactory - Autowiring by type from bean name 'applicationBusiness' via constructor to bean named 'groupData'
15:20:04.569 [main] DEBUG o.s.b.f.s.DefaultListableBeanFactory - Autowiring by type from bean name 'boutiquesBusiness' via constructor to bean named 'testServer'
15:20:04.569 [main] DEBUG o.s.b.f.s.DefaultListableBeanFactory - Autowiring by type from bean name 'boutiquesBusiness' via constructor to bean named 'dataManagerBusiness'
15:20:04.569 [main] DEBUG o.s.b.f.s.DefaultListableBeanFactory - Autowiring by type from bean name 'boutiquesBusiness' via constructor to bean named 'applicationBusiness'
15:20:04.576 [main] DEBUG o.s.b.f.s.DefaultListableBeanFactory - Creating shared instance of singleton bean 'targzUtils'
15:20:04.582 [main] DEBUG o.s.b.f.s.DefaultListableBeanFactory - Autowiring by type from bean name 'applicationImporterBusiness' via constructor to bean named 'testServer'
15:20:04.582 [main] DEBUG o.s.b.f.s.DefaultListableBeanFactory - Autowiring by type from bean name 'applicationImporterBusiness' via constructor to bean named 'lfcPathsBusiness'
15:20:04.582 [main] DEBUG o.s.b.f.s.DefaultListableBeanFactory - Autowiring by type from bean name 'applicationImporterBusiness' via constructor to bean named 'testGridaClient'
15:20:04.582 [main] DEBUG o.s.b.f.s.DefaultListableBeanFactory - Autowiring by type from bean name 'applicationImporterBusiness' via constructor to bean named 'boutiquesBusiness'
15:20:04.582 [main] DEBUG o.s.b.f.s.DefaultListableBeanFactory - Autowiring by type from bean name 'applicationImporterBusiness' via constructor to bean named 'velocityUtils'
15:20:04.582 [main] DEBUG o.s.b.f.s.DefaultListableBeanFactory - Autowiring by type from bean name 'applicationImporterBusiness' via constructor to bean named 'targzUtils'
15:20:04.582 [main] DEBUG o.s.b.f.s.DefaultListableBeanFactory - Autowiring by type from bean name 'applicationImporterBusiness' via constructor to bean named 'applicationBusiness'
15:20:04.582 [main] DEBUG o.s.b.f.s.DefaultListableBeanFactory - Autowiring by type from bean name 'applicationImporterBusiness' via constructor to bean named 'dataManagerBusiness'
15:20:04.589 [main] DEBUG o.s.b.f.s.DefaultListableBeanFactory - Creating shared instance of singleton bean 'externalPlatformBusiness'
15:20:04.592 [main] DEBUG o.s.b.f.s.DefaultListableBeanFactory - Creating shared instance of singleton bean 'girderStorageBusiness'
15:20:04.595 [main] DEBUG o.s.b.f.s.DefaultListableBeanFactory - Creating shared instance of singleton bean 'apiKeyBusiness'
15:20:04.597 [main] DEBUG o.s.b.f.s.DefaultListableBeanFactory - Creating shared instance of singleton bean 'apiKeysData'
15:20:04.603 [main] DEBUG o.s.b.f.s.DefaultListableBeanFactory - Autowiring by type from bean name 'apiKeyBusiness' via constructor to bean named 'apiKeysData'
15:20:04.609 [main] DEBUG o.s.b.f.s.DefaultListableBeanFactory - Autowiring by type from bean name 'girderStorageBusiness' via constructor to bean named 'apiKeyBusiness'
15:20:04.610 [main] DEBUG o.s.b.f.s.DefaultListableBeanFactory - Autowiring by type from bean name 'girderStorageBusiness' via constructor to bean named 'testServer'
15:20:04.617 [main] DEBUG o.s.b.f.s.DefaultListableBeanFactory - Creating shared instance of singleton bean 'shanoirStorageBusiness'
15:20:04.620 [main] DEBUG o.s.b.f.s.DefaultListableBeanFactory - Creating shared instance of singleton bean 'externalPlatformData'
15:20:04.627 [main] DEBUG o.s.b.f.s.DefaultListableBeanFactory - Autowiring by type from bean name 'externalPlatformBusiness' via constructor to bean named 'girderStorageBusiness'
15:20:04.627 [main] DEBUG o.s.b.f.s.DefaultListableBeanFactory - Autowiring by type from bean name 'externalPlatformBusiness' via constructor to bean named 'shanoirStorageBusiness'
15:20:04.627 [main] DEBUG o.s.b.f.s.DefaultListableBeanFactory - Autowiring by type from bean name 'externalPlatformBusiness' via constructor to bean named 'externalPlatformData'
15:20:04.633 [main] DEBUG o.s.b.f.s.DefaultListableBeanFactory - Creating shared instance of singleton bean 'transferPoolBusiness'
15:20:04.636 [main] DEBUG o.s.b.f.s.DefaultListableBeanFactory - Creating shared instance of singleton bean 'LFCBusiness'
15:20:04.638 [main] DEBUG o.s.b.f.s.DefaultListableBeanFactory - Autowiring by type from bean name 'LFCBusiness' via constructor to bean named 'testGridaClient'
15:20:04.638 [main] DEBUG o.s.b.f.s.DefaultListableBeanFactory - Autowiring by type from bean name 'LFCBusiness' via constructor to bean named 'lfcPathsBusiness'
15:20:04.645 [main] DEBUG o.s.b.f.s.DefaultListableBeanFactory - Autowiring by type from bean name 'transferPoolBusiness' via constructor to bean named 'testServer'
15:20:04.646 [main] DEBUG o.s.b.f.s.DefaultListableBeanFactory - Autowiring by type from bean name 'transferPoolBusiness' via constructor to bean named 'LFCBusiness'
15:20:04.646 [main] DEBUG o.s.b.f.s.DefaultListableBeanFactory - Autowiring by type from bean name 'transferPoolBusiness' via constructor to bean named 'testGridaPoolClient'
15:20:04.646 [main] DEBUG o.s.b.f.s.DefaultListableBeanFactory - Autowiring by type from bean name 'transferPoolBusiness' via constructor to bean named 'lfcPathsBusiness'
15:20:04.654 [main] DEBUG o.s.b.f.s.DefaultListableBeanFactory - Creating shared instance of singleton bean 'LFCPermissionBusiness'
15:20:04.657 [main] DEBUG o.s.b.f.s.DefaultListableBeanFactory - Autowiring by type from bean name 'LFCPermissionBusiness' via constructor to bean named 'dataManagerBusiness'
15:20:04.657 [main] DEBUG o.s.b.f.s.DefaultListableBeanFactory - Autowiring by type from bean name 'LFCPermissionBusiness' via constructor to bean named 'lfcPathsBusiness'
15:20:04.663 [main] DEBUG o.s.b.f.s.DefaultListableBeanFactory - Creating shared instance of singleton bean 'dataManagerDataInitializer'
15:20:04.664 [main] DEBUG o.s.b.f.s.DefaultListableBeanFactory - Autowiring by type from bean name 'dataManagerDataInitializer' via constructor to bean named 'lazyDataSource'
15:20:04.664 [main] DEBUG o.s.b.f.s.DefaultListableBeanFactory - Autowiring by type from bean name 'dataManagerDataInitializer' via constructor to bean named 'tableInitializer'
15:20:04.665 [main] DEBUG o.s.aop.framework.CglibAopProxy - Final method [public final javax.sql.DataSource org.springframework.jdbc.core.support.JdbcDaoSupport.getDataSource()] cannot get proxied via CGLIB: Calls to this method will NOT be routed to the target instance and might lead to NPEs against uninitialized fields in the proxy instance.
15:20:04.665 [main] DEBUG o.s.aop.framework.CglibAopProxy - Final method [public final void org.springframework.jdbc.core.support.JdbcDaoSupport.setDataSource(javax.sql.DataSource)] cannot get proxied via CGLIB: Calls to this method will NOT be routed to the target instance and might lead to NPEs against uninitialized fields in the proxy instance.
15:20:04.665 [main] DEBUG o.s.aop.framework.CglibAopProxy - Final method [protected final org.springframework.jdbc.support.SQLExceptionTranslator org.springframework.jdbc.core.support.JdbcDaoSupport.getExceptionTranslator()] cannot get proxied via CGLIB: Calls to this method will NOT be routed to the target instance and might lead to NPEs against uninitialized fields in the proxy instance.
15:20:04.665 [main] DEBUG o.s.aop.framework.CglibAopProxy - Final method [public final void org.springframework.jdbc.core.support.JdbcDaoSupport.setJdbcTemplate(org.springframework.jdbc.core.JdbcTemplate)] cannot get proxied via CGLIB: Calls to this method will NOT be routed to the target instance and might lead to NPEs against uninitialized fields in the proxy instance.
15:20:04.665 [main] DEBUG o.s.aop.framework.CglibAopProxy - Final method [public final org.springframework.jdbc.core.JdbcTemplate org.springframework.jdbc.core.support.JdbcDaoSupport.getJdbcTemplate()] cannot get proxied via CGLIB: Calls to this method will NOT be routed to the target instance and might lead to NPEs against uninitialized fields in the proxy instance.
15:20:04.665 [main] DEBUG o.s.aop.framework.CglibAopProxy - Final method [protected final void org.springframework.jdbc.core.support.JdbcDaoSupport.releaseConnection(java.sql.Connection)] cannot get proxied via CGLIB: Calls to this method will NOT be routed to the target instance and might lead to NPEs against uninitialized fields in the proxy instance.
15:20:04.666 [main] DEBUG o.s.aop.framework.CglibAopProxy - Final method [protected final java.sql.Connection org.springframework.jdbc.core.support.JdbcDaoSupport.getConnection() throws org.springframework.jdbc.CannotGetJdbcConnectionException] cannot get proxied via CGLIB: Calls to this method will NOT be routed to the target instance and might lead to NPEs against uninitialized fields in the proxy instance.
15:20:04.666 [main] INFO  o.s.aop.framework.CglibAopProxy - Unable to proxy interface-implementing method [public final void org.springframework.dao.support.DaoSupport.afterPropertiesSet() throws java.lang.IllegalArgumentException,org.springframework.beans.factory.BeanInitializationException] because it is marked as final: Consider using interface-based JDK proxies instead!
15:20:04.666 [main] DEBUG o.s.aop.framework.CglibAopProxy - Final method [public final void org.springframework.dao.support.DaoSupport.afterPropertiesSet() throws java.lang.IllegalArgumentException,org.springframework.beans.factory.BeanInitializationException] cannot get proxied via CGLIB: Calls to this method will NOT be routed to the target instance and might lead to NPEs against uninitialized fields in the proxy instance.
15:20:04.671 [main] DEBUG o.s.b.f.s.DefaultListableBeanFactory - Creating shared instance of singleton bean 'engineBusiness'
15:20:04.673 [main] DEBUG o.s.b.f.s.DefaultListableBeanFactory - Creating shared instance of singleton bean 'engineData'
15:20:04.679 [main] DEBUG o.s.b.f.s.DefaultListableBeanFactory - Autowiring by type from bean name 'engineBusiness' via constructor to bean named 'engineData'
15:20:04.686 [main] DEBUG o.s.b.f.s.DefaultListableBeanFactory - Creating shared instance of singleton bean 'simulationStatsData'
15:20:04.689 [main] DEBUG o.s.b.f.s.DefaultListableBeanFactory - Creating shared instance of singleton bean 'sessionFactory'
15:20:04.689 [main] DEBUG o.s.b.f.s.DefaultListableBeanFactory - Creating shared instance of singleton bean 'springApplicationTestConfig'
15:20:04.803 [main] DEBUG o.s.b.f.s.DefaultListableBeanFactory - Autowiring by type from bean name 'simulationStatsData' via constructor to bean named 'sessionFactory'
15:20:04.805 [main] DEBUG o.s.b.f.s.DefaultListableBeanFactory - Creating shared instance of singleton bean 'inputBusiness'
15:20:04.811 [main] DEBUG o.s.b.f.s.DefaultListableBeanFactory - Creating shared instance of singleton bean 'applicationInputData'
15:20:04.820 [main] DEBUG o.s.b.f.s.DefaultListableBeanFactory - Autowiring by type from bean name 'inputBusiness' via constructor to bean named 'applicationInputData'
15:20:04.820 [main] DEBUG o.s.b.f.s.DefaultListableBeanFactory - Autowiring by type from bean name 'inputBusiness' via constructor to bean named 'dataManagerBusiness'
15:20:04.836 [main] DEBUG o.s.b.f.s.DefaultListableBeanFactory - Creating shared instance of singleton bean 'simulationBusiness'
15:20:04.841 [main] DEBUG o.s.b.f.s.DefaultListableBeanFactory - Autowiring by type from bean name 'simulationBusiness' via constructor to bean named 'lfcPathsBusiness'
15:20:04.841 [main] DEBUG o.s.b.f.s.DefaultListableBeanFactory - Autowiring by type from bean name 'simulationBusiness' via constructor to bean named 'testServer'
15:20:04.854 [main] DEBUG o.s.b.f.s.DefaultListableBeanFactory - Creating shared instance of singleton bean 'classBusiness'
15:20:04.855 [main] DEBUG o.s.b.f.s.DefaultListableBeanFactory - Autowiring by type from bean name 'classBusiness' via constructor to bean named 'classData'
15:20:04.863 [main] DEBUG o.s.b.f.s.DefaultListableBeanFactory - Creating shared instance of singleton bean 'applicationDataInitializer'
15:20:04.864 [main] DEBUG o.s.b.f.s.DefaultListableBeanFactory - Autowiring by type from bean name 'applicationDataInitializer' via constructor to bean named 'lazyDataSource'
15:20:04.864 [main] DEBUG o.s.b.f.s.DefaultListableBeanFactory - Autowiring by type from bean name 'applicationDataInitializer' via constructor to bean named 'tableInitializer'
15:20:04.865 [main] DEBUG o.s.aop.framework.CglibAopProxy - Final method [public final javax.sql.DataSource org.springframework.jdbc.core.support.JdbcDaoSupport.getDataSource()] cannot get proxied via CGLIB: Calls to this method will NOT be routed to the target instance and might lead to NPEs against uninitialized fields in the proxy instance.
15:20:04.865 [main] DEBUG o.s.aop.framework.CglibAopProxy - Final method [public final void org.springframework.jdbc.core.support.JdbcDaoSupport.setDataSource(javax.sql.DataSource)] cannot get proxied via CGLIB: Calls to this method will NOT be routed to the target instance and might lead to NPEs against uninitialized fields in the proxy instance.
15:20:04.866 [main] DEBUG o.s.aop.framework.CglibAopProxy - Final method [protected final org.springframework.jdbc.support.SQLExceptionTranslator org.springframework.jdbc.core.support.JdbcDaoSupport.getExceptionTranslator()] cannot get proxied via CGLIB: Calls to this method will NOT be routed to the target instance and might lead to NPEs against uninitialized fields in the proxy instance.
15:20:04.866 [main] DEBUG o.s.aop.framework.CglibAopProxy - Final method [public final void org.springframework.jdbc.core.support.JdbcDaoSupport.setJdbcTemplate(org.springframework.jdbc.core.JdbcTemplate)] cannot get proxied via CGLIB: Calls to this method will NOT be routed to the target instance and might lead to NPEs against uninitialized fields in the proxy instance.
15:20:04.866 [main] DEBUG o.s.aop.framework.CglibAopProxy - Final method [public final org.springframework.jdbc.core.JdbcTemplate org.springframework.jdbc.core.support.JdbcDaoSupport.getJdbcTemplate()] cannot get proxied via CGLIB: Calls to this method will NOT be routed to the target instance and might lead to NPEs against uninitialized fields in the proxy instance.
15:20:04.866 [main] DEBUG o.s.aop.framework.CglibAopProxy - Final method [protected final void org.springframework.jdbc.core.support.JdbcDaoSupport.releaseConnection(java.sql.Connection)] cannot get proxied via CGLIB: Calls to this method will NOT be routed to the target instance and might lead to NPEs against uninitialized fields in the proxy instance.
15:20:04.866 [main] DEBUG o.s.aop.framework.CglibAopProxy - Final method [protected final java.sql.Connection org.springframework.jdbc.core.support.JdbcDaoSupport.getConnection() throws org.springframework.jdbc.CannotGetJdbcConnectionException] cannot get proxied via CGLIB: Calls to this method will NOT be routed to the target instance and might lead to NPEs against uninitialized fields in the proxy instance.
15:20:04.866 [main] INFO  o.s.aop.framework.CglibAopProxy - Unable to proxy interface-implementing method [public final void org.springframework.dao.support.DaoSupport.afterPropertiesSet() throws java.lang.IllegalArgumentException,org.springframework.beans.factory.BeanInitializationException] because it is marked as final: Consider using interface-based JDK proxies instead!
15:20:04.866 [main] DEBUG o.s.aop.framework.CglibAopProxy - Final method [public final void org.springframework.dao.support.DaoSupport.afterPropertiesSet() throws java.lang.IllegalArgumentException,org.springframework.beans.factory.BeanInitializationException] cannot get proxied via CGLIB: Calls to this method will NOT be routed to the target instance and might lead to NPEs against uninitialized fields in the proxy instance.
15:20:04.872 [main] DEBUG o.s.b.f.s.DefaultListableBeanFactory - Creating shared instance of singleton bean 'workflowBusiness'
15:20:04.878 [main] DEBUG o.s.b.f.s.DefaultListableBeanFactory - Creating shared instance of singleton bean 'getTestWorkflowDAO'
15:20:04.962 [main] DEBUG o.s.b.f.s.DefaultListableBeanFactory - Creating shared instance of singleton bean 'getTestProcessorDAO'
15:20:05.022 [main] DEBUG o.s.b.f.s.DefaultListableBeanFactory - Creating shared instance of singleton bean 'getTestOutputDAO'
15:20:05.083 [main] DEBUG o.s.b.f.s.DefaultListableBeanFactory - Creating shared instance of singleton bean 'getTestInputDAO'
15:20:05.148 [main] DEBUG o.s.b.f.s.DefaultListableBeanFactory - Creating shared instance of singleton bean 'getTestStatsDAO'
15:20:05.215 [main] DEBUG o.s.b.f.s.DefaultListableBeanFactory - Autowiring by type from bean name 'workflowBusiness' via constructor to bean named 'testServer'
15:20:05.216 [main] DEBUG o.s.b.f.s.DefaultListableBeanFactory - Autowiring by type from bean name 'workflowBusiness' via constructor to bean named 'simulationStatsData'
15:20:05.216 [main] DEBUG o.s.b.f.s.DefaultListableBeanFactory - Autowiring by type from bean name 'workflowBusiness' via constructor to bean named 'getTestWorkflowDAO'
15:20:05.216 [main] DEBUG o.s.b.f.s.DefaultListableBeanFactory - Autowiring by type from bean name 'workflowBusiness' via constructor to bean named 'getTestProcessorDAO'
15:20:05.217 [main] DEBUG o.s.b.f.s.DefaultListableBeanFactory - Autowiring by type from bean name 'workflowBusiness' via constructor to bean named 'getTestOutputDAO'
15:20:05.217 [main] DEBUG o.s.b.f.s.DefaultListableBeanFactory - Autowiring by type from bean name 'workflowBusiness' via constructor to bean named 'getTestInputDAO'
15:20:05.217 [main] DEBUG o.s.b.f.s.DefaultListableBeanFactory - Autowiring by type from bean name 'workflowBusiness' via constructor to bean named 'getTestStatsDAO'
15:20:05.217 [main] DEBUG o.s.b.f.s.DefaultListableBeanFactory - Autowiring by type from bean name 'workflowBusiness' via constructor to bean named 'engineData'
15:20:05.217 [main] DEBUG o.s.b.f.s.DefaultListableBeanFactory - Autowiring by type from bean name 'workflowBusiness' via constructor to bean named 'applicationData'
15:20:05.217 [main] DEBUG o.s.b.f.s.DefaultListableBeanFactory - Autowiring by type from bean name 'workflowBusiness' via constructor to bean named 'usersGroupsData'
15:20:05.217 [main] DEBUG o.s.b.f.s.DefaultListableBeanFactory - Autowiring by type from bean name 'workflowBusiness' via constructor to bean named 'engineBusiness'
15:20:05.217 [main] DEBUG o.s.b.f.s.DefaultListableBeanFactory - Autowiring by type from bean name 'workflowBusiness' via constructor to bean named 'dataManagerBusiness'
15:20:05.217 [main] DEBUG o.s.b.f.s.DefaultListableBeanFactory - Autowiring by type from bean name 'workflowBusiness' via constructor to bean named 'testEmailBusiness'
15:20:05.217 [main] DEBUG o.s.b.f.s.DefaultListableBeanFactory - Autowiring by type from bean name 'workflowBusiness' via constructor to bean named 'lfcPathsBusiness'
15:20:05.218 [main] DEBUG o.s.b.f.s.DefaultListableBeanFactory - Autowiring by type from bean name 'workflowBusiness' via constructor to bean named 'testGridaPoolClient'
15:20:05.218 [main] DEBUG o.s.b.f.s.DefaultListableBeanFactory - Autowiring by type from bean name 'workflowBusiness' via constructor to bean named 'testGridaClient'
15:20:05.218 [main] DEBUG o.s.b.f.s.DefaultListableBeanFactory - Autowiring by type from bean name 'workflowBusiness' via constructor to bean named 'externalPlatformBusiness'
15:20:05.247 [main] DEBUG o.s.b.f.s.DefaultListableBeanFactory - Creating shared instance of singleton bean 'gateLabBusiness'
15:20:05.251 [main] DEBUG o.s.b.f.s.DefaultListableBeanFactory - Autowiring by type from bean name 'gateLabBusiness' via constructor to bean named 'classData'
15:20:05.251 [main] DEBUG o.s.b.f.s.DefaultListableBeanFactory - Autowiring by type from bean name 'gateLabBusiness' via constructor to bean named 'applicationBusiness'
15:20:05.252 [main] DEBUG o.s.b.f.s.DefaultListableBeanFactory - Autowiring by type from bean name 'gateLabBusiness' via constructor to bean named 'userData'
15:20:05.252 [main] DEBUG o.s.b.f.s.DefaultListableBeanFactory - Autowiring by type from bean name 'gateLabBusiness' via constructor to bean named 'usersGroupsData'
15:20:05.252 [main] DEBUG o.s.b.f.s.DefaultListableBeanFactory - Autowiring by type from bean name 'gateLabBusiness' via constructor to bean named 'testEmailBusiness'
15:20:05.265 [main] DEBUG o.s.b.f.s.DefaultListableBeanFactory - Creating shared instance of singleton bean 'publicationBusiness'
15:20:05.268 [main] DEBUG o.s.b.f.s.DefaultListableBeanFactory - Creating shared instance of singleton bean 'publicationData'
15:20:05.279 [main] DEBUG o.s.b.f.s.DefaultListableBeanFactory - Autowiring by type from bean name 'publicationBusiness' via constructor to bean named 'publicationData'
15:20:05.288 [main] DEBUG o.s.b.f.s.DefaultListableBeanFactory - Creating shared instance of singleton bean 'publicationDataInitializer'
15:20:05.290 [main] DEBUG o.s.b.f.s.DefaultListableBeanFactory - Autowiring by type from bean name 'publicationDataInitializer' via constructor to bean named 'lazyDataSource'
15:20:05.290 [main] DEBUG o.s.b.f.s.DefaultListableBeanFactory - Autowiring by type from bean name 'publicationDataInitializer' via constructor to bean named 'tableInitializer'
15:20:05.291 [main] DEBUG o.s.aop.framework.CglibAopProxy - Final method [public final javax.sql.DataSource org.springframework.jdbc.core.support.JdbcDaoSupport.getDataSource()] cannot get proxied via CGLIB: Calls to this method will NOT be routed to the target instance and might lead to NPEs against uninitialized fields in the proxy instance.
15:20:05.292 [main] DEBUG o.s.aop.framework.CglibAopProxy - Final method [public final void org.springframework.jdbc.core.support.JdbcDaoSupport.setDataSource(javax.sql.DataSource)] cannot get proxied via CGLIB: Calls to this method will NOT be routed to the target instance and might lead to NPEs against uninitialized fields in the proxy instance.
15:20:05.292 [main] DEBUG o.s.aop.framework.CglibAopProxy - Final method [protected final org.springframework.jdbc.support.SQLExceptionTranslator org.springframework.jdbc.core.support.JdbcDaoSupport.getExceptionTranslator()] cannot get proxied via CGLIB: Calls to this method will NOT be routed to the target instance and might lead to NPEs against uninitialized fields in the proxy instance.
15:20:05.292 [main] DEBUG o.s.aop.framework.CglibAopProxy - Final method [public final void org.springframework.jdbc.core.support.JdbcDaoSupport.setJdbcTemplate(org.springframework.jdbc.core.JdbcTemplate)] cannot get proxied via CGLIB: Calls to this method will NOT be routed to the target instance and might lead to NPEs against uninitialized fields in the proxy instance.
15:20:05.292 [main] DEBUG o.s.aop.framework.CglibAopProxy - Final method [public final org.springframework.jdbc.core.JdbcTemplate org.springframework.jdbc.core.support.JdbcDaoSupport.getJdbcTemplate()] cannot get proxied via CGLIB: Calls to this method will NOT be routed to the target instance and might lead to NPEs against uninitialized fields in the proxy instance.
15:20:05.292 [main] DEBUG o.s.aop.framework.CglibAopProxy - Final method [protected final void org.springframework.jdbc.core.support.JdbcDaoSupport.releaseConnection(java.sql.Connection)] cannot get proxied via CGLIB: Calls to this method will NOT be routed to the target instance and might lead to NPEs against uninitialized fields in the proxy instance.
15:20:05.293 [main] DEBUG o.s.aop.framework.CglibAopProxy - Final method [protected final java.sql.Connection org.springframework.jdbc.core.support.JdbcDaoSupport.getConnection() throws org.springframework.jdbc.CannotGetJdbcConnectionException] cannot get proxied via CGLIB: Calls to this method will NOT be routed to the target instance and might lead to NPEs against uninitialized fields in the proxy instance.
15:20:05.293 [main] INFO  o.s.aop.framework.CglibAopProxy - Unable to proxy interface-implementing method [public final void org.springframework.dao.support.DaoSupport.afterPropertiesSet() throws java.lang.IllegalArgumentException,org.springframework.beans.factory.BeanInitializationException] because it is marked as final: Consider using interface-based JDK proxies instead!
15:20:05.293 [main] DEBUG o.s.aop.framework.CglibAopProxy - Final method [public final void org.springframework.dao.support.DaoSupport.afterPropertiesSet() throws java.lang.IllegalArgumentException,org.springframework.beans.factory.BeanInitializationException] cannot get proxied via CGLIB: Calls to this method will NOT be routed to the target instance and might lead to NPEs against uninitialized fields in the proxy instance.
15:20:05.300 [main] DEBUG o.s.b.f.s.DefaultListableBeanFactory - Creating shared instance of singleton bean 'messageBusiness'
15:20:05.303 [main] DEBUG o.s.b.f.s.DefaultListableBeanFactory - Creating shared instance of singleton bean 'messageData'
15:20:05.305 [main] DEBUG o.s.b.f.s.DefaultListableBeanFactory - Autowiring by type from bean name 'messageData' via constructor to bean named 'userData'
15:20:05.306 [main] DEBUG o.s.b.f.s.DefaultListableBeanFactory - Autowiring by type from bean name 'messageData' via constructor to bean named 'lazyDataSource'
15:20:05.310 [main] DEBUG o.s.b.f.s.DefaultListableBeanFactory - Creating shared instance of singleton bean 'groupMessageData'
15:20:05.312 [main] DEBUG o.s.b.f.s.DefaultListableBeanFactory - Autowiring by type from bean name 'groupMessageData' via constructor to bean named 'userData'
15:20:05.312 [main] DEBUG o.s.b.f.s.DefaultListableBeanFactory - Autowiring by type from bean name 'groupMessageData' via constructor to bean named 'groupData'
15:20:05.312 [main] DEBUG o.s.b.f.s.DefaultListableBeanFactory - Autowiring by type from bean name 'groupMessageData' via constructor to bean named 'messageData'
15:20:05.312 [main] DEBUG o.s.b.f.s.DefaultListableBeanFactory - Autowiring by type from bean name 'groupMessageData' via constructor to bean named 'lazyDataSource'
15:20:05.317 [main] DEBUG o.s.b.f.s.DefaultListableBeanFactory - Autowiring by type from bean name 'messageBusiness' via constructor to bean named 'messageData'
15:20:05.317 [main] DEBUG o.s.b.f.s.DefaultListableBeanFactory - Autowiring by type from bean name 'messageBusiness' via constructor to bean named 'groupMessageData'
15:20:05.317 [main] DEBUG o.s.b.f.s.DefaultListableBeanFactory - Autowiring by type from bean name 'messageBusiness' via constructor to bean named 'usersGroupsData'
15:20:05.317 [main] DEBUG o.s.b.f.s.DefaultListableBeanFactory - Autowiring by type from bean name 'messageBusiness' via constructor to bean named 'configurationBusiness'
15:20:05.317 [main] DEBUG o.s.b.f.s.DefaultListableBeanFactory - Autowiring by type from bean name 'messageBusiness' via constructor to bean named 'testEmailBusiness'
15:20:05.327 [main] DEBUG o.s.b.f.s.DefaultListableBeanFactory - Creating shared instance of singleton bean 'messagingDataInitializer'
15:20:05.328 [main] DEBUG o.s.b.f.s.DefaultListableBeanFactory - Autowiring by type from bean name 'messagingDataInitializer' via constructor to bean named 'lazyDataSource'
15:20:05.329 [main] DEBUG o.s.b.f.s.DefaultListableBeanFactory - Autowiring by type from bean name 'messagingDataInitializer' via constructor to bean named 'tableInitializer'
15:20:05.330 [main] DEBUG o.s.aop.framework.CglibAopProxy - Final method [public final javax.sql.DataSource org.springframework.jdbc.core.support.JdbcDaoSupport.getDataSource()] cannot get proxied via CGLIB: Calls to this method will NOT be routed to the target instance and might lead to NPEs against uninitialized fields in the proxy instance.
15:20:05.330 [main] DEBUG o.s.aop.framework.CglibAopProxy - Final method [public final void org.springframework.jdbc.core.support.JdbcDaoSupport.setDataSource(javax.sql.DataSource)] cannot get proxied via CGLIB: Calls to this method will NOT be routed to the target instance and might lead to NPEs against uninitialized fields in the proxy instance.
15:20:05.330 [main] DEBUG o.s.aop.framework.CglibAopProxy - Final method [protected final org.springframework.jdbc.support.SQLExceptionTranslator org.springframework.jdbc.core.support.JdbcDaoSupport.getExceptionTranslator()] cannot get proxied via CGLIB: Calls to this method will NOT be routed to the target instance and might lead to NPEs against uninitialized fields in the proxy instance.
15:20:05.330 [main] DEBUG o.s.aop.framework.CglibAopProxy - Final method [public final void org.springframework.jdbc.core.support.JdbcDaoSupport.setJdbcTemplate(org.springframework.jdbc.core.JdbcTemplate)] cannot get proxied via CGLIB: Calls to this method will NOT be routed to the target instance and might lead to NPEs against uninitialized fields in the proxy instance.
15:20:05.330 [main] DEBUG o.s.aop.framework.CglibAopProxy - Final method [public final org.springframework.jdbc.core.JdbcTemplate org.springframework.jdbc.core.support.JdbcDaoSupport.getJdbcTemplate()] cannot get proxied via CGLIB: Calls to this method will NOT be routed to the target instance and might lead to NPEs against uninitialized fields in the proxy instance.
15:20:05.330 [main] DEBUG o.s.aop.framework.CglibAopProxy - Final method [protected final void org.springframework.jdbc.core.support.JdbcDaoSupport.releaseConnection(java.sql.Connection)] cannot get proxied via CGLIB: Calls to this method will NOT be routed to the target instance and might lead to NPEs against uninitialized fields in the proxy instance.
15:20:05.331 [main] DEBUG o.s.aop.framework.CglibAopProxy - Final method [protected final java.sql.Connection org.springframework.jdbc.core.support.JdbcDaoSupport.getConnection() throws org.springframework.jdbc.CannotGetJdbcConnectionException] cannot get proxied via CGLIB: Calls to this method will NOT be routed to the target instance and might lead to NPEs against uninitialized fields in the proxy instance.
15:20:05.331 [main] INFO  o.s.aop.framework.CglibAopProxy - Unable to proxy interface-implementing method [public final void org.springframework.dao.support.DaoSupport.afterPropertiesSet() throws java.lang.IllegalArgumentException,org.springframework.beans.factory.BeanInitializationException] because it is marked as final: Consider using interface-based JDK proxies instead!
15:20:05.331 [main] DEBUG o.s.aop.framework.CglibAopProxy - Final method [public final void org.springframework.dao.support.DaoSupport.afterPropertiesSet() throws java.lang.IllegalArgumentException,org.springframework.beans.factory.BeanInitializationException] cannot get proxied via CGLIB: Calls to this method will NOT be routed to the target instance and might lead to NPEs against uninitialized fields in the proxy instance.
15:20:05.336 [main] DEBUG o.s.b.f.s.DefaultListableBeanFactory - Creating shared instance of singleton bean 'apiPropertiesInitializer'
15:20:05.339 [main] DEBUG o.s.b.f.s.DefaultListableBeanFactory - Creating shared instance of singleton bean 'vipConfigFolder'
15:20:05.340 [main] DEBUG o.s.b.f.s.DefaultListableBeanFactory - Autowiring by type from bean name 'vipConfigFolder' via factory method to bean named 'org.springframework.web.context.support.GenericWebApplicationContext@2bd2430f'
15:20:05.340 [main] DEBUG o.s.c.e.PropertySourcesPropertyResolver - Found key 'vipConfigFolder' in PropertySource 'Inlined Test Properties' with value of type String
15:20:05.340 [main] INFO  f.i.c.v.core.server.SpringCoreConfig - found vipConfigFolder property : classpath:
15:20:05.343 [main] DEBUG o.s.b.f.s.DefaultListableBeanFactory - Autowiring by type from bean name 'apiPropertiesInitializer' via constructor to bean named 'vipConfigFolder'
15:20:05.343 [main] DEBUG o.s.b.f.s.DefaultListableBeanFactory - Autowiring by type from bean name 'apiPropertiesInitializer' via constructor to bean named 'environment'
15:20:05.347 [main] DEBUG o.springframework.jndi.JndiTemplate - Looking up JNDI object with name [java:comp/env/cors.autorized-domains]
15:20:05.348 [main] DEBUG jndi - InitialContextFactory.getInitialContext()
15:20:05.348 [main] DEBUG jndi - Created initial context delegate for local namespace:org.eclipse.jetty.jndi.local.localContextRoot@2fdf8482
15:20:05.365 [main] DEBUG o.e.j.j.java.javaURLContextFactory - >>> new root context requested 
15:20:05.367 [main] DEBUG jndi - supportDeepBinding=false
15:20:05.382 [main] DEBUG jndi - Adding binding with key=comp obj=Reference Class Name: javax.naming.Context
Type: parser
Content: org.eclipse.jetty.jndi.java.javaNameParser
 for context=null as comp: javax.naming.Reference:Reference Class Name: javax.naming.Context
Type: parser
Content: org.eclipse.jetty.jndi.java.javaNameParser

15:20:05.382 [main] DEBUG jndi - Looking up name="comp/env/cors.autorized-domains"
15:20:05.385 [main] DEBUG jndi - Trying thread context classloader
15:20:05.385 [main] DEBUG jndi - supportDeepBinding=false
15:20:05.385 [main] DEBUG jndi - Made context comp for classloader: jdk.internal.loader.ClassLoaders$AppClassLoader@3d4eac69
15:20:05.385 [main] DEBUG jndi - Looking up name="env/cors.autorized-domains"
15:20:05.390 [main] DEBUG o.s.jndi.JndiLocatorDelegate - Converted JNDI name [java:comp/env/cors.autorized-domains] not found - trying original name [cors.autorized-domains]. javax.naming.NameNotFoundException; remaining name 'env/cors.autorized-domains'
15:20:05.390 [main] DEBUG o.springframework.jndi.JndiTemplate - Looking up JNDI object with name [cors.autorized-domains]
15:20:05.390 [main] DEBUG jndi - InitialContextFactory.getInitialContext()
15:20:05.390 [main] DEBUG jndi - Created initial context delegate for local namespace:org.eclipse.jetty.jndi.local.localContextRoot@287aa013
15:20:05.390 [main] DEBUG jndi - Looking up name="cors.autorized-domains"
15:20:05.391 [main] DEBUG o.s.jndi.JndiPropertySource - JNDI lookup for name [cors.autorized-domains] threw NamingException with message: null. Returning null.
15:20:05.391 [main] DEBUG o.s.c.e.PropertySourcesPropertyResolver - Found key 'cors.autorized-domains' in PropertySource 'file [/home/marza/Documents/VIP-portal/vip-portal/target/test-classes/vip-api.conf]' with value of type String
15:20:05.392 [main] DEBUG o.springframework.jndi.JndiTemplate - Looking up JNDI object with name [java:comp/env/carmin.platform.name]
15:20:05.392 [main] DEBUG jndi - InitialContextFactory.getInitialContext()
15:20:05.392 [main] DEBUG jndi - Created initial context delegate for local namespace:org.eclipse.jetty.jndi.local.localContextRoot@34a6a83d
15:20:05.392 [main] DEBUG o.e.j.j.java.javaURLContextFactory - >>> new root context requested 
15:20:05.392 [main] DEBUG jndi - Looking up name="comp/env/carmin.platform.name"
15:20:05.393 [main] DEBUG jndi - Trying thread context classloader
15:20:05.393 [main] DEBUG jndi - Looking up name="env/carmin.platform.name"
15:20:05.393 [main] DEBUG o.s.jndi.JndiLocatorDelegate - Converted JNDI name [java:comp/env/carmin.platform.name] not found - trying original name [carmin.platform.name]. javax.naming.NameNotFoundException; remaining name 'env/carmin.platform.name'
15:20:05.393 [main] DEBUG o.springframework.jndi.JndiTemplate - Looking up JNDI object with name [carmin.platform.name]
15:20:05.393 [main] DEBUG jndi - InitialContextFactory.getInitialContext()
15:20:05.393 [main] DEBUG jndi - Created initial context delegate for local namespace:org.eclipse.jetty.jndi.local.localContextRoot@1cf808
15:20:05.393 [main] DEBUG jndi - Looking up name="carmin.platform.name"
15:20:05.393 [main] DEBUG o.s.jndi.JndiPropertySource - JNDI lookup for name [carmin.platform.name] threw NamingException with message: null. Returning null.
15:20:05.393 [main] DEBUG o.s.c.e.PropertySourcesPropertyResolver - Found key 'carmin.platform.name' in PropertySource 'file [/home/marza/Documents/VIP-portal/vip-portal/target/test-classes/vip-api.conf]' with value of type String
15:20:05.393 [main] DEBUG o.springframework.jndi.JndiTemplate - Looking up JNDI object with name [java:comp/env/carmin.platform.description]
15:20:05.393 [main] DEBUG jndi - InitialContextFactory.getInitialContext()
15:20:05.393 [main] DEBUG jndi - Created initial context delegate for local namespace:org.eclipse.jetty.jndi.local.localContextRoot@17a40c7a
15:20:05.393 [main] DEBUG o.e.j.j.java.javaURLContextFactory - >>> new root context requested 
15:20:05.394 [main] DEBUG jndi - Looking up name="comp/env/carmin.platform.description"
15:20:05.394 [main] DEBUG jndi - Trying thread context classloader
15:20:05.394 [main] DEBUG jndi - Looking up name="env/carmin.platform.description"
15:20:05.394 [main] DEBUG o.s.jndi.JndiLocatorDelegate - Converted JNDI name [java:comp/env/carmin.platform.description] not found - trying original name [carmin.platform.description]. javax.naming.NameNotFoundException; remaining name 'env/carmin.platform.description'
15:20:05.394 [main] DEBUG o.springframework.jndi.JndiTemplate - Looking up JNDI object with name [carmin.platform.description]
15:20:05.394 [main] DEBUG jndi - InitialContextFactory.getInitialContext()
15:20:05.394 [main] DEBUG jndi - Created initial context delegate for local namespace:org.eclipse.jetty.jndi.local.localContextRoot@6a234ca5
15:20:05.394 [main] DEBUG jndi - Looking up name="carmin.platform.description"
15:20:05.394 [main] DEBUG o.s.jndi.JndiPropertySource - JNDI lookup for name [carmin.platform.description] threw NamingException with message: null. Returning null.
15:20:05.394 [main] DEBUG o.s.c.e.PropertySourcesPropertyResolver - Found key 'carmin.platform.description' in PropertySource 'file [/home/marza/Documents/VIP-portal/vip-portal/target/test-classes/vip-api.conf]' with value of type String
15:20:05.394 [main] DEBUG o.springframework.jndi.JndiTemplate - Looking up JNDI object with name [java:comp/env/carmin.platform.email]
15:20:05.394 [main] DEBUG jndi - InitialContextFactory.getInitialContext()
15:20:05.394 [main] DEBUG jndi - Created initial context delegate for local namespace:org.eclipse.jetty.jndi.local.localContextRoot@6b45f69c
15:20:05.395 [main] DEBUG o.e.j.j.java.javaURLContextFactory - >>> new root context requested 
15:20:05.395 [main] DEBUG jndi - Looking up name="comp/env/carmin.platform.email"
15:20:05.395 [main] DEBUG jndi - Trying thread context classloader
15:20:05.395 [main] DEBUG jndi - Looking up name="env/carmin.platform.email"
15:20:05.395 [main] DEBUG o.s.jndi.JndiLocatorDelegate - Converted JNDI name [java:comp/env/carmin.platform.email] not found - trying original name [carmin.platform.email]. javax.naming.NameNotFoundException; remaining name 'env/carmin.platform.email'
15:20:05.395 [main] DEBUG o.springframework.jndi.JndiTemplate - Looking up JNDI object with name [carmin.platform.email]
15:20:05.395 [main] DEBUG jndi - InitialContextFactory.getInitialContext()
15:20:05.395 [main] DEBUG jndi - Created initial context delegate for local namespace:org.eclipse.jetty.jndi.local.localContextRoot@cfe9f44
15:20:05.395 [main] DEBUG jndi - Looking up name="carmin.platform.email"
15:20:05.395 [main] DEBUG o.s.jndi.JndiPropertySource - JNDI lookup for name [carmin.platform.email] threw NamingException with message: null. Returning null.
15:20:05.395 [main] DEBUG o.s.c.e.PropertySourcesPropertyResolver - Found key 'carmin.platform.email' in PropertySource 'file [/home/marza/Documents/VIP-portal/vip-portal/target/test-classes/vip-api.conf]' with value of type String
15:20:05.395 [main] DEBUG o.springframework.jndi.JndiTemplate - Looking up JNDI object with name [java:comp/env/carmin.platform.default_limit_list_execution]
15:20:05.396 [main] DEBUG jndi - InitialContextFactory.getInitialContext()
15:20:05.396 [main] DEBUG jndi - Created initial context delegate for local namespace:org.eclipse.jetty.jndi.local.localContextRoot@3b0e857d
15:20:05.396 [main] DEBUG o.e.j.j.java.javaURLContextFactory - >>> new root context requested 
15:20:05.396 [main] DEBUG jndi - Looking up name="comp/env/carmin.platform.default_limit_list_execution"
15:20:05.396 [main] DEBUG jndi - Trying thread context classloader
15:20:05.396 [main] DEBUG jndi - Looking up name="env/carmin.platform.default_limit_list_execution"
15:20:05.396 [main] DEBUG o.s.jndi.JndiLocatorDelegate - Converted JNDI name [java:comp/env/carmin.platform.default_limit_list_execution] not found - trying original name [carmin.platform.default_limit_list_execution]. javax.naming.NameNotFoundException; remaining name 'env/carmin.platform.default_limit_list_execution'
15:20:05.396 [main] DEBUG o.springframework.jndi.JndiTemplate - Looking up JNDI object with name [carmin.platform.default_limit_list_execution]
15:20:05.396 [main] DEBUG jndi - InitialContextFactory.getInitialContext()
15:20:05.396 [main] DEBUG jndi - Created initial context delegate for local namespace:org.eclipse.jetty.jndi.local.localContextRoot@4bb8a0dd
15:20:05.396 [main] DEBUG jndi - Looking up name="carmin.platform.default_limit_list_execution"
15:20:05.396 [main] DEBUG o.s.jndi.JndiPropertySource - JNDI lookup for name [carmin.platform.default_limit_list_execution] threw NamingException with message: null. Returning null.
15:20:05.397 [main] DEBUG o.s.c.e.PropertySourcesPropertyResolver - Found key 'carmin.platform.default_limit_list_execution' in PropertySource 'file [/home/marza/Documents/VIP-portal/vip-portal/target/test-classes/vip-api.conf]' with value of type String
15:20:05.399 [main] DEBUG o.springframework.jndi.JndiTemplate - Looking up JNDI object with name [java:comp/env/carmin.platform.supported_API_Version]
15:20:05.399 [main] DEBUG jndi - InitialContextFactory.getInitialContext()
15:20:05.400 [main] DEBUG jndi - Created initial context delegate for local namespace:org.eclipse.jetty.jndi.local.localContextRoot@df3f8ec
15:20:05.400 [main] DEBUG o.e.j.j.java.javaURLContextFactory - >>> new root context requested 
15:20:05.400 [main] DEBUG jndi - Looking up name="comp/env/carmin.platform.supported_API_Version"
15:20:05.400 [main] DEBUG jndi - Trying thread context classloader
15:20:05.400 [main] DEBUG jndi - Looking up name="env/carmin.platform.supported_API_Version"
15:20:05.400 [main] DEBUG o.s.jndi.JndiLocatorDelegate - Converted JNDI name [java:comp/env/carmin.platform.supported_API_Version] not found - trying original name [carmin.platform.supported_API_Version]. javax.naming.NameNotFoundException; remaining name 'env/carmin.platform.supported_API_Version'
15:20:05.400 [main] DEBUG o.springframework.jndi.JndiTemplate - Looking up JNDI object with name [carmin.platform.supported_API_Version]
15:20:05.400 [main] DEBUG jndi - InitialContextFactory.getInitialContext()
15:20:05.400 [main] DEBUG jndi - Created initial context delegate for local namespace:org.eclipse.jetty.jndi.local.localContextRoot@75403804
15:20:05.400 [main] DEBUG jndi - Looking up name="carmin.platform.supported_API_Version"
15:20:05.401 [main] DEBUG o.s.jndi.JndiPropertySource - JNDI lookup for name [carmin.platform.supported_API_Version] threw NamingException with message: null. Returning null.
15:20:05.401 [main] DEBUG o.s.c.e.PropertySourcesPropertyResolver - Found key 'carmin.platform.supported_API_Version' in PropertySource 'file [/home/marza/Documents/VIP-portal/vip-portal/target/test-classes/vip-api.conf]' with value of type String
15:20:05.401 [main] DEBUG o.springframework.jndi.JndiTemplate - Looking up JNDI object with name [java:comp/env/carmin.authentication.apikey.header.name]
15:20:05.401 [main] DEBUG jndi - InitialContextFactory.getInitialContext()
15:20:05.401 [main] DEBUG jndi - Created initial context delegate for local namespace:org.eclipse.jetty.jndi.local.localContextRoot@2758386b
15:20:05.401 [main] DEBUG o.e.j.j.java.javaURLContextFactory - >>> new root context requested 
15:20:05.401 [main] DEBUG jndi - Looking up name="comp/env/carmin.authentication.apikey.header.name"
15:20:05.401 [main] DEBUG jndi - Trying thread context classloader
15:20:05.401 [main] DEBUG jndi - Looking up name="env/carmin.authentication.apikey.header.name"
15:20:05.401 [main] DEBUG o.s.jndi.JndiLocatorDelegate - Converted JNDI name [java:comp/env/carmin.authentication.apikey.header.name] not found - trying original name [carmin.authentication.apikey.header.name]. javax.naming.NameNotFoundException; remaining name 'env/carmin.authentication.apikey.header.name'
15:20:05.401 [main] DEBUG o.springframework.jndi.JndiTemplate - Looking up JNDI object with name [carmin.authentication.apikey.header.name]
15:20:05.401 [main] DEBUG jndi - InitialContextFactory.getInitialContext()
15:20:05.402 [main] DEBUG jndi - Created initial context delegate for local namespace:org.eclipse.jetty.jndi.local.localContextRoot@3913408b
15:20:05.402 [main] DEBUG jndi - Looking up name="carmin.authentication.apikey.header.name"
15:20:05.402 [main] DEBUG o.s.jndi.JndiPropertySource - JNDI lookup for name [carmin.authentication.apikey.header.name] threw NamingException with message: null. Returning null.
15:20:05.402 [main] DEBUG o.s.c.e.PropertySourcesPropertyResolver - Found key 'carmin.authentication.apikey.header.name' in PropertySource 'file [/home/marza/Documents/VIP-portal/vip-portal/target/test-classes/vip-api.conf]' with value of type String
15:20:05.402 [main] DEBUG o.springframework.jndi.JndiTemplate - Looking up JNDI object with name [java:comp/env/carmin.authentication.apikey.generate_new_key_on_each_authentication]
15:20:05.402 [main] DEBUG jndi - InitialContextFactory.getInitialContext()
15:20:05.402 [main] DEBUG jndi - Created initial context delegate for local namespace:org.eclipse.jetty.jndi.local.localContextRoot@2bb5fbdd
15:20:05.402 [main] DEBUG o.e.j.j.java.javaURLContextFactory - >>> new root context requested 
15:20:05.402 [main] DEBUG jndi - Looking up name="comp/env/carmin.authentication.apikey.generate_new_key_on_each_authentication"
15:20:05.402 [main] DEBUG jndi - Trying thread context classloader
15:20:05.402 [main] DEBUG jndi - Looking up name="env/carmin.authentication.apikey.generate_new_key_on_each_authentication"
15:20:05.402 [main] DEBUG o.s.jndi.JndiLocatorDelegate - Converted JNDI name [java:comp/env/carmin.authentication.apikey.generate_new_key_on_each_authentication] not found - trying original name [carmin.authentication.apikey.generate_new_key_on_each_authentication]. javax.naming.NameNotFoundException; remaining name 'env/carmin.authentication.apikey.generate_new_key_on_each_authentication'
15:20:05.402 [main] DEBUG o.springframework.jndi.JndiTemplate - Looking up JNDI object with name [carmin.authentication.apikey.generate_new_key_on_each_authentication]
15:20:05.403 [main] DEBUG jndi - InitialContextFactory.getInitialContext()
15:20:05.403 [main] DEBUG jndi - Created initial context delegate for local namespace:org.eclipse.jetty.jndi.local.localContextRoot@5fc166b7
15:20:05.403 [main] DEBUG jndi - Looking up name="carmin.authentication.apikey.generate_new_key_on_each_authentication"
15:20:05.403 [main] DEBUG o.s.jndi.JndiPropertySource - JNDI lookup for name [carmin.authentication.apikey.generate_new_key_on_each_authentication] threw NamingException with message: null. Returning null.
15:20:05.403 [main] DEBUG o.s.c.e.PropertySourcesPropertyResolver - Found key 'carmin.authentication.apikey.generate_new_key_on_each_authentication' in PropertySource 'file [/home/marza/Documents/VIP-portal/vip-portal/target/test-classes/vip-api.conf]' with value of type String
15:20:05.403 [main] DEBUG o.springframework.jndi.JndiTemplate - Looking up JNDI object with name [java:comp/env/carmin.data.mime_type.directory]
15:20:05.403 [main] DEBUG jndi - InitialContextFactory.getInitialContext()
15:20:05.403 [main] DEBUG jndi - Created initial context delegate for local namespace:org.eclipse.jetty.jndi.local.localContextRoot@393c8644
15:20:05.403 [main] DEBUG o.e.j.j.java.javaURLContextFactory - >>> new root context requested 
15:20:05.403 [main] DEBUG jndi - Looking up name="comp/env/carmin.data.mime_type.directory"
15:20:05.403 [main] DEBUG jndi - Trying thread context classloader
15:20:05.404 [main] DEBUG jndi - Looking up name="env/carmin.data.mime_type.directory"
15:20:05.404 [main] DEBUG o.s.jndi.JndiLocatorDelegate - Converted JNDI name [java:comp/env/carmin.data.mime_type.directory] not found - trying original name [carmin.data.mime_type.directory]. javax.naming.NameNotFoundException; remaining name 'env/carmin.data.mime_type.directory'
15:20:05.404 [main] DEBUG o.springframework.jndi.JndiTemplate - Looking up JNDI object with name [carmin.data.mime_type.directory]
15:20:05.404 [main] DEBUG jndi - InitialContextFactory.getInitialContext()
15:20:05.404 [main] DEBUG jndi - Created initial context delegate for local namespace:org.eclipse.jetty.jndi.local.localContextRoot@1a089ef0
15:20:05.404 [main] DEBUG jndi - Looking up name="carmin.data.mime_type.directory"
15:20:05.404 [main] DEBUG o.s.jndi.JndiPropertySource - JNDI lookup for name [carmin.data.mime_type.directory] threw NamingException with message: null. Returning null.
15:20:05.404 [main] DEBUG o.s.c.e.PropertySourcesPropertyResolver - Found key 'carmin.data.mime_type.directory' in PropertySource 'file [/home/marza/Documents/VIP-portal/vip-portal/target/test-classes/vip-api.conf]' with value of type String
15:20:05.404 [main] DEBUG o.springframework.jndi.JndiTemplate - Looking up JNDI object with name [java:comp/env/carmin.data.mime_type.default]
15:20:05.404 [main] DEBUG jndi - InitialContextFactory.getInitialContext()
15:20:05.404 [main] DEBUG jndi - Created initial context delegate for local namespace:org.eclipse.jetty.jndi.local.localContextRoot@1ee7f57f
15:20:05.404 [main] DEBUG o.e.j.j.java.javaURLContextFactory - >>> new root context requested 
15:20:05.404 [main] DEBUG jndi - Looking up name="comp/env/carmin.data.mime_type.default"
15:20:05.404 [main] DEBUG jndi - Trying thread context classloader
15:20:05.404 [main] DEBUG jndi - Looking up name="env/carmin.data.mime_type.default"
15:20:05.405 [main] DEBUG o.s.jndi.JndiLocatorDelegate - Converted JNDI name [java:comp/env/carmin.data.mime_type.default] not found - trying original name [carmin.data.mime_type.default]. javax.naming.NameNotFoundException; remaining name 'env/carmin.data.mime_type.default'
15:20:05.405 [main] DEBUG o.springframework.jndi.JndiTemplate - Looking up JNDI object with name [carmin.data.mime_type.default]
15:20:05.405 [main] DEBUG jndi - InitialContextFactory.getInitialContext()
15:20:05.405 [main] DEBUG jndi - Created initial context delegate for local namespace:org.eclipse.jetty.jndi.local.localContextRoot@4ac7dcca
15:20:05.405 [main] DEBUG jndi - Looking up name="carmin.data.mime_type.default"
15:20:05.405 [main] DEBUG o.s.jndi.JndiPropertySource - JNDI lookup for name [carmin.data.mime_type.default] threw NamingException with message: null. Returning null.
15:20:05.405 [main] DEBUG o.s.c.e.PropertySourcesPropertyResolver - Found key 'carmin.data.mime_type.default' in PropertySource 'file [/home/marza/Documents/VIP-portal/vip-portal/target/test-classes/vip-api.conf]' with value of type String
15:20:05.405 [main] DEBUG o.springframework.jndi.JndiTemplate - Looking up JNDI object with name [java:comp/env/carmin.data.download.retry]
15:20:05.405 [main] DEBUG jndi - InitialContextFactory.getInitialContext()
15:20:05.405 [main] DEBUG jndi - Created initial context delegate for local namespace:org.eclipse.jetty.jndi.local.localContextRoot@17946d70
15:20:05.405 [main] DEBUG o.e.j.j.java.javaURLContextFactory - >>> new root context requested 
15:20:05.405 [main] DEBUG jndi - Looking up name="comp/env/carmin.data.download.retry"
15:20:05.405 [main] DEBUG jndi - Trying thread context classloader
15:20:05.405 [main] DEBUG jndi - Looking up name="env/carmin.data.download.retry"
15:20:05.406 [main] DEBUG o.s.jndi.JndiLocatorDelegate - Converted JNDI name [java:comp/env/carmin.data.download.retry] not found - trying original name [carmin.data.download.retry]. javax.naming.NameNotFoundException; remaining name 'env/carmin.data.download.retry'
15:20:05.406 [main] DEBUG o.springframework.jndi.JndiTemplate - Looking up JNDI object with name [carmin.data.download.retry]
15:20:05.406 [main] DEBUG jndi - InitialContextFactory.getInitialContext()
15:20:05.406 [main] DEBUG jndi - Created initial context delegate for local namespace:org.eclipse.jetty.jndi.local.localContextRoot@49b59e6c
15:20:05.406 [main] DEBUG jndi - Looking up name="carmin.data.download.retry"
15:20:05.406 [main] DEBUG o.s.jndi.JndiPropertySource - JNDI lookup for name [carmin.data.download.retry] threw NamingException with message: null. Returning null.
15:20:05.406 [main] DEBUG o.s.c.e.PropertySourcesPropertyResolver - Found key 'carmin.data.download.retry' in PropertySource 'file [/home/marza/Documents/VIP-portal/vip-portal/target/test-classes/vip-api.conf]' with value of type String
15:20:05.406 [main] DEBUG o.springframework.jndi.JndiTemplate - Looking up JNDI object with name [java:comp/env/carmin.data.download.timeout]
15:20:05.406 [main] DEBUG jndi - InitialContextFactory.getInitialContext()
15:20:05.406 [main] DEBUG jndi - Created initial context delegate for local namespace:org.eclipse.jetty.jndi.local.localContextRoot@68d8d628
15:20:05.406 [main] DEBUG o.e.j.j.java.javaURLContextFactory - >>> new root context requested 
15:20:05.406 [main] DEBUG jndi - Looking up name="comp/env/carmin.data.download.timeout"
15:20:05.406 [main] DEBUG jndi - Trying thread context classloader
15:20:05.406 [main] DEBUG jndi - Looking up name="env/carmin.data.download.timeout"
15:20:05.407 [main] DEBUG o.s.jndi.JndiLocatorDelegate - Converted JNDI name [java:comp/env/carmin.data.download.timeout] not found - trying original name [carmin.data.download.timeout]. javax.naming.NameNotFoundException; remaining name 'env/carmin.data.download.timeout'
15:20:05.407 [main] DEBUG o.springframework.jndi.JndiTemplate - Looking up JNDI object with name [carmin.data.download.timeout]
15:20:05.407 [main] DEBUG jndi - InitialContextFactory.getInitialContext()
15:20:05.407 [main] DEBUG jndi - Created initial context delegate for local namespace:org.eclipse.jetty.jndi.local.localContextRoot@1c0d7675
15:20:05.407 [main] DEBUG jndi - Looking up name="carmin.data.download.timeout"
15:20:05.407 [main] DEBUG o.s.jndi.JndiPropertySource - JNDI lookup for name [carmin.data.download.timeout] threw NamingException with message: null. Returning null.
15:20:05.407 [main] DEBUG o.s.c.e.PropertySourcesPropertyResolver - Found key 'carmin.data.download.timeout' in PropertySource 'file [/home/marza/Documents/VIP-portal/vip-portal/target/test-classes/vip-api.conf]' with value of type String
15:20:05.407 [main] DEBUG o.springframework.jndi.JndiTemplate - Looking up JNDI object with name [java:comp/env/carmin.data.max_size]
15:20:05.407 [main] DEBUG jndi - InitialContextFactory.getInitialContext()
15:20:05.407 [main] DEBUG jndi - Created initial context delegate for local namespace:org.eclipse.jetty.jndi.local.localContextRoot@28c67769
15:20:05.407 [main] DEBUG o.e.j.j.java.javaURLContextFactory - >>> new root context requested 
15:20:05.407 [main] DEBUG jndi - Looking up name="comp/env/carmin.data.max_size"
15:20:05.407 [main] DEBUG jndi - Trying thread context classloader
15:20:05.408 [main] DEBUG jndi - Looking up name="env/carmin.data.max_size"
15:20:05.408 [main] DEBUG o.s.jndi.JndiLocatorDelegate - Converted JNDI name [java:comp/env/carmin.data.max_size] not found - trying original name [carmin.data.max_size]. javax.naming.NameNotFoundException; remaining name 'env/carmin.data.max_size'
15:20:05.408 [main] DEBUG o.springframework.jndi.JndiTemplate - Looking up JNDI object with name [carmin.data.max_size]
15:20:05.408 [main] DEBUG jndi - InitialContextFactory.getInitialContext()
15:20:05.408 [main] DEBUG jndi - Created initial context delegate for local namespace:org.eclipse.jetty.jndi.local.localContextRoot@4d65dae3
15:20:05.408 [main] DEBUG jndi - Looking up name="carmin.data.max_size"
15:20:05.408 [main] DEBUG o.s.jndi.JndiPropertySource - JNDI lookup for name [carmin.data.max_size] threw NamingException with message: null. Returning null.
15:20:05.408 [main] DEBUG o.s.c.e.PropertySourcesPropertyResolver - Found key 'carmin.data.max_size' in PropertySource 'file [/home/marza/Documents/VIP-portal/vip-portal/target/test-classes/vip-api.conf]' with value of type String
15:20:05.408 [main] DEBUG o.springframework.jndi.JndiTemplate - Looking up JNDI object with name [java:comp/env/keycloak.active]
15:20:05.408 [main] DEBUG jndi - InitialContextFactory.getInitialContext()
15:20:05.408 [main] DEBUG jndi - Created initial context delegate for local namespace:org.eclipse.jetty.jndi.local.localContextRoot@63a22cf1
15:20:05.408 [main] DEBUG o.e.j.j.java.javaURLContextFactory - >>> new root context requested 
15:20:05.408 [main] DEBUG jndi - Looking up name="comp/env/keycloak.active"
15:20:05.408 [main] DEBUG jndi - Trying thread context classloader
15:20:05.408 [main] DEBUG jndi - Looking up name="env/keycloak.active"
15:20:05.409 [main] DEBUG o.s.jndi.JndiLocatorDelegate - Converted JNDI name [java:comp/env/keycloak.active] not found - trying original name [keycloak.active]. javax.naming.NameNotFoundException; remaining name 'env/keycloak.active'
15:20:05.409 [main] DEBUG o.springframework.jndi.JndiTemplate - Looking up JNDI object with name [keycloak.active]
15:20:05.409 [main] DEBUG jndi - InitialContextFactory.getInitialContext()
15:20:05.409 [main] DEBUG jndi - Created initial context delegate for local namespace:org.eclipse.jetty.jndi.local.localContextRoot@14eb502e
15:20:05.409 [main] DEBUG jndi - Looking up name="keycloak.active"
15:20:05.409 [main] DEBUG o.s.jndi.JndiPropertySource - JNDI lookup for name [keycloak.active] threw NamingException with message: null. Returning null.
15:20:05.409 [main] DEBUG o.s.c.e.PropertySourcesPropertyResolver - Found key 'keycloak.active' in PropertySource 'file [/home/marza/Documents/VIP-portal/vip-portal/target/test-classes/vip-api.conf]' with value of type String
15:20:05.409 [main] INFO  f.i.c.v.api.ApiPropertiesInitializer - Keycloak NOT active
15:20:05.410 [main] DEBUG o.springframework.jndi.JndiTemplate - Looking up JNDI object with name [java:comp/env/carmin.platform.supported_transfer_protocols]
15:20:05.410 [main] DEBUG jndi - InitialContextFactory.getInitialContext()
15:20:05.410 [main] DEBUG jndi - Created initial context delegate for local namespace:org.eclipse.jetty.jndi.local.localContextRoot@baf9560
15:20:05.410 [main] DEBUG o.e.j.j.java.javaURLContextFactory - >>> new root context requested 
15:20:05.410 [main] DEBUG jndi - Looking up name="comp/env/carmin.platform.supported_transfer_protocols"
15:20:05.410 [main] DEBUG jndi - Trying thread context classloader
15:20:05.410 [main] DEBUG jndi - Looking up name="env/carmin.platform.supported_transfer_protocols"
15:20:05.410 [main] DEBUG o.s.jndi.JndiLocatorDelegate - Converted JNDI name [java:comp/env/carmin.platform.supported_transfer_protocols] not found - trying original name [carmin.platform.supported_transfer_protocols]. javax.naming.NameNotFoundException; remaining name 'env/carmin.platform.supported_transfer_protocols'
15:20:05.410 [main] DEBUG o.springframework.jndi.JndiTemplate - Looking up JNDI object with name [carmin.platform.supported_transfer_protocols]
15:20:05.410 [main] DEBUG jndi - InitialContextFactory.getInitialContext()
15:20:05.410 [main] DEBUG jndi - Created initial context delegate for local namespace:org.eclipse.jetty.jndi.local.localContextRoot@24bc2048
15:20:05.410 [main] DEBUG jndi - Looking up name="carmin.platform.supported_transfer_protocols"
15:20:05.410 [main] DEBUG o.s.jndi.JndiPropertySource - JNDI lookup for name [carmin.platform.supported_transfer_protocols] threw NamingException with message: null. Returning null.
15:20:05.410 [main] DEBUG o.s.c.e.PropertySourcesPropertyResolver - Found key 'carmin.platform.supported_transfer_protocols' in PropertySource 'file [/home/marza/Documents/VIP-portal/vip-portal/target/test-classes/vip-api.conf]' with value of type String
15:20:05.413 [main] DEBUG o.springframework.jndi.JndiTemplate - Looking up JNDI object with name [java:comp/env/carmin.platform.supported_modules]
15:20:05.413 [main] DEBUG jndi - InitialContextFactory.getInitialContext()
15:20:05.413 [main] DEBUG jndi - Created initial context delegate for local namespace:org.eclipse.jetty.jndi.local.localContextRoot@176d5a9a
15:20:05.413 [main] DEBUG o.e.j.j.java.javaURLContextFactory - >>> new root context requested 
15:20:05.413 [main] DEBUG jndi - Looking up name="comp/env/carmin.platform.supported_modules"
15:20:05.413 [main] DEBUG jndi - Trying thread context classloader
15:20:05.413 [main] DEBUG jndi - Looking up name="env/carmin.platform.supported_modules"
15:20:05.413 [main] DEBUG o.s.jndi.JndiLocatorDelegate - Converted JNDI name [java:comp/env/carmin.platform.supported_modules] not found - trying original name [carmin.platform.supported_modules]. javax.naming.NameNotFoundException; remaining name 'env/carmin.platform.supported_modules'
15:20:05.413 [main] DEBUG o.springframework.jndi.JndiTemplate - Looking up JNDI object with name [carmin.platform.supported_modules]
15:20:05.414 [main] DEBUG jndi - InitialContextFactory.getInitialContext()
15:20:05.414 [main] DEBUG jndi - Created initial context delegate for local namespace:org.eclipse.jetty.jndi.local.localContextRoot@5334cf3f
15:20:05.414 [main] DEBUG jndi - Looking up name="carmin.platform.supported_modules"
15:20:05.414 [main] DEBUG o.s.jndi.JndiPropertySource - JNDI lookup for name [carmin.platform.supported_modules] threw NamingException with message: null. Returning null.
15:20:05.414 [main] DEBUG o.s.c.e.PropertySourcesPropertyResolver - Found key 'carmin.platform.supported_modules' in PropertySource 'file [/home/marza/Documents/VIP-portal/vip-portal/target/test-classes/vip-api.conf]' with value of type String
15:20:05.414 [main] DEBUG o.springframework.jndi.JndiTemplate - Looking up JNDI object with name [java:comp/env/carmin.platform.unsupported_methods]
15:20:05.414 [main] DEBUG jndi - InitialContextFactory.getInitialContext()
15:20:05.414 [main] DEBUG jndi - Created initial context delegate for local namespace:org.eclipse.jetty.jndi.local.localContextRoot@11fd0e81
15:20:05.415 [main] DEBUG o.e.j.j.java.javaURLContextFactory - >>> new root context requested 
15:20:05.415 [main] DEBUG jndi - Looking up name="comp/env/carmin.platform.unsupported_methods"
15:20:05.415 [main] DEBUG jndi - Trying thread context classloader
15:20:05.415 [main] DEBUG jndi - Looking up name="env/carmin.platform.unsupported_methods"
15:20:05.415 [main] DEBUG o.s.jndi.JndiLocatorDelegate - Converted JNDI name [java:comp/env/carmin.platform.unsupported_methods] not found - trying original name [carmin.platform.unsupported_methods]. javax.naming.NameNotFoundException; remaining name 'env/carmin.platform.unsupported_methods'
15:20:05.415 [main] DEBUG o.springframework.jndi.JndiTemplate - Looking up JNDI object with name [carmin.platform.unsupported_methods]
15:20:05.415 [main] DEBUG jndi - InitialContextFactory.getInitialContext()
15:20:05.415 [main] DEBUG jndi - Created initial context delegate for local namespace:org.eclipse.jetty.jndi.local.localContextRoot@64c566b6
15:20:05.415 [main] DEBUG jndi - Looking up name="carmin.platform.unsupported_methods"
15:20:05.415 [main] DEBUG o.s.jndi.JndiPropertySource - JNDI lookup for name [carmin.platform.unsupported_methods] threw NamingException with message: null. Returning null.
15:20:05.415 [main] DEBUG o.s.c.e.PropertySourcesPropertyResolver - Found key 'carmin.platform.unsupported_methods' in PropertySource 'file [/home/marza/Documents/VIP-portal/vip-portal/target/test-classes/vip-api.conf]' with value of type String
15:20:05.415 [main] DEBUG o.springframework.jndi.JndiTemplate - Looking up JNDI object with name [java:comp/env/carmin.processing.pipelines.whitelist]
15:20:05.415 [main] DEBUG jndi - InitialContextFactory.getInitialContext()
15:20:05.415 [main] DEBUG jndi - Created initial context delegate for local namespace:org.eclipse.jetty.jndi.local.localContextRoot@4d2e16c9
15:20:05.415 [main] DEBUG o.e.j.j.java.javaURLContextFactory - >>> new root context requested 
15:20:05.415 [main] DEBUG jndi - Looking up name="comp/env/carmin.processing.pipelines.whitelist"
15:20:05.416 [main] DEBUG jndi - Trying thread context classloader
15:20:05.416 [main] DEBUG jndi - Looking up name="env/carmin.processing.pipelines.whitelist"
15:20:05.416 [main] DEBUG o.s.jndi.JndiLocatorDelegate - Converted JNDI name [java:comp/env/carmin.processing.pipelines.whitelist] not found - trying original name [carmin.processing.pipelines.whitelist]. javax.naming.NameNotFoundException; remaining name 'env/carmin.processing.pipelines.whitelist'
15:20:05.416 [main] DEBUG o.springframework.jndi.JndiTemplate - Looking up JNDI object with name [carmin.processing.pipelines.whitelist]
15:20:05.416 [main] DEBUG jndi - InitialContextFactory.getInitialContext()
15:20:05.416 [main] DEBUG jndi - Created initial context delegate for local namespace:org.eclipse.jetty.jndi.local.localContextRoot@71045a81
15:20:05.416 [main] DEBUG jndi - Looking up name="carmin.processing.pipelines.whitelist"
15:20:05.416 [main] DEBUG o.s.jndi.JndiPropertySource - JNDI lookup for name [carmin.processing.pipelines.whitelist] threw NamingException with message: null. Returning null.
15:20:05.416 [main] DEBUG o.s.c.e.PropertySourcesPropertyResolver - Found key 'carmin.processing.pipelines.whitelist' in PropertySource 'file [/home/marza/Documents/VIP-portal/vip-portal/target/test-classes/vip-api.conf]' with value of type String
15:20:05.416 [main] DEBUG o.s.b.f.s.DefaultListableBeanFactory - Creating shared instance of singleton bean 'dataApiBusiness'
15:20:05.424 [main] DEBUG o.s.b.f.s.DefaultListableBeanFactory - Creating shared instance of singleton bean 'apiSecurityConfig.CurrentUserProvider'
15:20:05.426 [main] DEBUG o.s.b.f.s.DefaultListableBeanFactory - Autowiring by type from bean name 'dataApiBusiness' via constructor to bean named 'environment'
15:20:05.426 [main] DEBUG o.s.b.f.s.DefaultListableBeanFactory - Autowiring by type from bean name 'dataApiBusiness' via constructor to bean named 'apiSecurityConfig.CurrentUserProvider'
15:20:05.426 [main] DEBUG o.s.b.f.s.DefaultListableBeanFactory - Autowiring by type from bean name 'dataApiBusiness' via constructor to bean named 'LFCBusiness'
15:20:05.426 [main] DEBUG o.s.b.f.s.DefaultListableBeanFactory - Autowiring by type from bean name 'dataApiBusiness' via constructor to bean named 'transferPoolBusiness'
15:20:05.426 [main] DEBUG o.s.b.f.s.DefaultListableBeanFactory - Autowiring by type from bean name 'dataApiBusiness' via constructor to bean named 'LFCPermissionBusiness'
15:20:05.426 [main] DEBUG o.s.b.f.s.DefaultListableBeanFactory - Autowiring by type from bean name 'dataApiBusiness' via constructor to bean named 'dataManagerBusiness'
15:20:05.427 [main] DEBUG o.s.b.f.s.DefaultListableBeanFactory - Creating shared instance of singleton bean 'vipConfigurer'
15:20:05.429 [main] DEBUG o.s.b.f.s.DefaultListableBeanFactory - Autowiring by type from bean name 'vipConfigurer' via constructor to bean named 'configurationBusiness'
15:20:05.430 [main] DEBUG o.s.b.f.s.DefaultListableBeanFactory - Creating shared instance of singleton bean 'executionBusiness'
15:20:05.436 [main] DEBUG o.s.b.f.s.DefaultListableBeanFactory - Creating shared instance of singleton bean 'pipelineBusiness'
15:20:05.439 [main] DEBUG o.s.b.f.s.DefaultListableBeanFactory - Autowiring by type from bean name 'pipelineBusiness' via constructor to bean named 'apiSecurityConfig.CurrentUserProvider'
15:20:05.439 [main] DEBUG o.s.b.f.s.DefaultListableBeanFactory - Autowiring by type from bean name 'pipelineBusiness' via constructor to bean named 'environment'
15:20:05.439 [main] DEBUG o.s.b.f.s.DefaultListableBeanFactory - Autowiring by type from bean name 'pipelineBusiness' via constructor to bean named 'workflowBusiness'
15:20:05.439 [main] DEBUG o.s.b.f.s.DefaultListableBeanFactory - Autowiring by type from bean name 'pipelineBusiness' via constructor to bean named 'applicationBusiness'
15:20:05.439 [main] DEBUG o.s.b.f.s.DefaultListableBeanFactory - Autowiring by type from bean name 'pipelineBusiness' via constructor to bean named 'publicationBusiness'
15:20:05.439 [main] DEBUG o.s.b.f.s.DefaultListableBeanFactory - Autowiring by type from bean name 'pipelineBusiness' via constructor to bean named 'classBusiness'
15:20:05.440 [main] DEBUG o.s.b.f.s.DefaultListableBeanFactory - Autowiring by type from bean name 'executionBusiness' via constructor to bean named 'apiSecurityConfig.CurrentUserProvider'
15:20:05.440 [main] DEBUG o.s.b.f.s.DefaultListableBeanFactory - Autowiring by type from bean name 'executionBusiness' via constructor to bean named 'simulationBusiness'
15:20:05.440 [main] DEBUG o.s.b.f.s.DefaultListableBeanFactory - Autowiring by type from bean name 'executionBusiness' via constructor to bean named 'workflowBusiness'
15:20:05.440 [main] DEBUG o.s.b.f.s.DefaultListableBeanFactory - Autowiring by type from bean name 'executionBusiness' via constructor to bean named 'configurationBusiness'
15:20:05.440 [main] DEBUG o.s.b.f.s.DefaultListableBeanFactory - Autowiring by type from bean name 'executionBusiness' via constructor to bean named 'applicationBusiness'
15:20:05.440 [main] DEBUG o.s.b.f.s.DefaultListableBeanFactory - Autowiring by type from bean name 'executionBusiness' via constructor to bean named 'pipelineBusiness'
15:20:05.440 [main] DEBUG o.s.b.f.s.DefaultListableBeanFactory - Autowiring by type from bean name 'executionBusiness' via constructor to bean named 'dataApiBusiness'
15:20:05.441 [main] DEBUG o.s.b.f.s.DefaultListableBeanFactory - Creating shared instance of singleton bean 'keycloakBusiness'
15:20:05.446 [main] DEBUG o.s.b.f.s.DefaultListableBeanFactory - Autowiring by type from bean name 'keycloakBusiness' via constructor to bean named 'environment'
15:20:05.447 [main] DEBUG o.s.b.f.s.DefaultListableBeanFactory - Creating shared instance of singleton bean 'apiUserBusiness'
15:20:05.448 [main] DEBUG o.s.b.f.s.DefaultListableBeanFactory - Autowiring by type from bean name 'apiUserBusiness' via constructor to bean named 'environment'
15:20:05.449 [main] DEBUG o.s.b.f.s.DefaultListableBeanFactory - Autowiring by type from bean name 'apiUserBusiness' via constructor to bean named 'configurationBusiness'
15:20:05.449 [main] DEBUG o.s.b.f.s.DefaultListableBeanFactory - Autowiring by type from bean name 'apiUserBusiness' via constructor to bean named 'applicationBusiness'
15:20:05.449 [main] DEBUG o.s.b.f.s.DefaultListableBeanFactory - Creating shared instance of singleton bean 'apiBusiness'
15:20:05.452 [main] DEBUG o.s.b.f.s.DefaultListableBeanFactory - Autowiring by type from bean name 'apiBusiness' via constructor to bean named 'environment'
15:20:05.452 [main] DEBUG o.s.b.f.s.DefaultListableBeanFactory - Autowiring by type from bean name 'apiBusiness' via constructor to bean named 'configurationBusiness'
15:20:05.453 [main] DEBUG o.s.b.f.s.DefaultListableBeanFactory - Creating shared instance of singleton bean 'statsApiBusiness'
15:20:05.457 [main] DEBUG o.s.b.f.s.DefaultListableBeanFactory - Autowiring by type from bean name 'statsApiBusiness' via constructor to bean named 'statsBusiness'
15:20:05.459 [main] DEBUG o.s.b.f.s.DefaultListableBeanFactory - Creating shared instance of singleton bean 'apiSecurityConfig'
15:20:05.460 [main] DEBUG o.s.c.LocalVariableTableParameterNameDiscoverer - Cannot find '.class' file for class [class fr.insalyon.creatis.vip.api.security.ApiSecurityConfig$$EnhancerBySpringCGLIB$$64a95c94] - unable to determine constructor/method parameter names
15:20:05.461 [main] DEBUG o.s.b.f.s.DefaultListableBeanFactory - Creating shared instance of singleton bean 'apikeyAuthenticationProvider'
15:20:05.476 [main] DEBUG o.s.b.f.s.DefaultListableBeanFactory - Creating shared instance of singleton bean 'vipAuthenticationEntryPoint'
15:20:05.479 [main] DEBUG o.s.b.f.s.DefaultListableBeanFactory - Creating shared instance of singleton bean 'objectMapper'
15:20:05.479 [main] DEBUG o.s.b.f.s.DefaultListableBeanFactory - Creating shared instance of singleton bean 'springWebConfig'
15:20:05.480 [main] DEBUG o.s.c.LocalVariableTableParameterNameDiscoverer - Cannot find '.class' file for class [class fr.insalyon.creatis.vip.api.SpringWebConfig$$EnhancerBySpringCGLIB$$3b962ff5] - unable to determine constructor/method parameter names
15:20:05.481 [main] DEBUG o.s.b.f.s.DefaultListableBeanFactory - Autowiring by type from bean name 'springWebConfig' via constructor to bean named 'environment'
15:20:05.481 [main] DEBUG o.s.b.f.s.DefaultListableBeanFactory - Autowiring by type from bean name 'springWebConfig' via constructor to bean named 'vipConfigurer'
15:20:05.960 [main] DEBUG o.s.b.f.s.DefaultListableBeanFactory - Autowiring by type from bean name 'vipAuthenticationEntryPoint' via constructor to bean named 'objectMapper'
15:20:05.962 [main] DEBUG o.s.b.f.s.DefaultListableBeanFactory - Creating shared instance of singleton bean 'vipKeycloakAuthenticationProvider'
15:20:05.963 [main] DEBUG o.s.b.f.s.DefaultListableBeanFactory - Autowiring by type from bean name 'vipKeycloakAuthenticationProvider' via constructor to bean named 'configurationBusiness'
15:20:05.964 [main] DEBUG o.s.b.f.s.DefaultListableBeanFactory - Autowiring by type from bean name 'apiSecurityConfig' via constructor to bean named 'environment'
15:20:05.964 [main] DEBUG o.s.b.f.s.DefaultListableBeanFactory - Autowiring by type from bean name 'apiSecurityConfig' via constructor to bean named 'apikeyAuthenticationProvider'
15:20:05.964 [main] DEBUG o.s.b.f.s.DefaultListableBeanFactory - Autowiring by type from bean name 'apiSecurityConfig' via constructor to bean named 'vipAuthenticationEntryPoint'
15:20:05.964 [main] DEBUG o.s.b.f.s.DefaultListableBeanFactory - Autowiring by type from bean name 'apiSecurityConfig' via constructor to bean named 'vipKeycloakAuthenticationProvider'
15:20:05.982 [main] DEBUG o.s.b.f.s.DefaultListableBeanFactory - Creating shared instance of singleton bean 'objectPostProcessor'
15:20:05.982 [main] DEBUG o.s.b.f.s.DefaultListableBeanFactory - Creating shared instance of singleton bean 'org.springframework.security.config.annotation.configuration.ObjectPostProcessorConfiguration'
15:20:05.983 [main] DEBUG o.s.b.f.s.DefaultListableBeanFactory - Autowiring by type from bean name 'objectPostProcessor' via factory method to bean named 'org.springframework.beans.factory.support.DefaultListableBeanFactory@2512155e'
15:20:05.992 [main] DEBUG o.s.b.f.s.DefaultListableBeanFactory - Creating shared instance of singleton bean 'org.springframework.security.config.annotation.authentication.configuration.AuthenticationConfiguration'
15:20:05.996 [main] DEBUG o.s.b.f.s.DefaultListableBeanFactory - Creating shared instance of singleton bean 'enableGlobalAuthenticationAutowiredConfigurer'
15:20:05.997 [main] DEBUG o.s.b.f.s.DefaultListableBeanFactory - Autowiring by type from bean name 'enableGlobalAuthenticationAutowiredConfigurer' via factory method to bean named 'org.springframework.web.context.support.GenericWebApplicationContext@2bd2430f'
15:20:05.998 [main] DEBUG o.s.b.f.s.DefaultListableBeanFactory - Creating shared instance of singleton bean 'initializeUserDetailsBeanManagerConfigurer'
15:20:05.998 [main] DEBUG o.s.b.f.s.DefaultListableBeanFactory - Autowiring by type from bean name 'initializeUserDetailsBeanManagerConfigurer' via factory method to bean named 'org.springframework.web.context.support.GenericWebApplicationContext@2bd2430f'
15:20:05.999 [main] DEBUG o.s.b.f.s.DefaultListableBeanFactory - Creating shared instance of singleton bean 'initializeAuthenticationProviderBeanManagerConfigurer'
15:20:05.999 [main] DEBUG o.s.b.f.s.DefaultListableBeanFactory - Autowiring by type from bean name 'initializeAuthenticationProviderBeanManagerConfigurer' via factory method to bean named 'org.springframework.web.context.support.GenericWebApplicationContext@2bd2430f'
15:20:06.007 [main] DEBUG o.s.b.f.s.DefaultListableBeanFactory - Creating shared instance of singleton bean 'mvcContentNegotiationManager'
15:20:06.008 [main] DEBUG o.s.b.f.s.DefaultListableBeanFactory - Creating shared instance of singleton bean 'org.springframework.web.servlet.config.annotation.DelegatingWebMvcConfiguration'
15:20:06.023 [main] DEBUG o.s.b.f.s.DefaultListableBeanFactory - Creating shared instance of singleton bean 'org.springframework.security.config.annotation.web.configuration.WebMvcSecurityConfiguration'
15:20:06.025 [main] DEBUG o.s.b.f.s.DefaultListableBeanFactory - Creating shared instance of singleton bean 'org.springframework.security.config.annotation.web.configuration.OAuth2ClientConfiguration$OAuth2ClientWebMvcSecurityConfiguration'
15:20:06.035 [main] DEBUG o.s.b.f.s.DefaultListableBeanFactory - Creating shared instance of singleton bean 'clientRegistrationRepository'
15:20:06.035 [main] DEBUG o.s.b.f.s.DefaultListableBeanFactory - Creating shared instance of singleton bean 'egiSecurityClientConfig'
15:20:06.036 [main] DEBUG o.s.c.LocalVariableTableParameterNameDiscoverer - Cannot find '.class' file for class [class fr.insalyon.creatis.vip.api.security.egi.EgiSecurityClientConfig$$EnhancerBySpringCGLIB$$dd5e87a5] - unable to determine constructor/method parameter names
15:20:06.036 [main] DEBUG o.s.b.f.s.DefaultListableBeanFactory - Autowiring by type from bean name 'egiSecurityClientConfig' via constructor to bean named 'environment'
15:20:06.049 [main] DEBUG o.springframework.jndi.JndiTemplate - Looking up JNDI object with name [java:comp/env/oidc.egi.client_id]
15:20:06.050 [main] DEBUG jndi - InitialContextFactory.getInitialContext()
15:20:06.050 [main] DEBUG jndi - Created initial context delegate for local namespace:org.eclipse.jetty.jndi.local.localContextRoot@3cb11972
15:20:06.050 [main] DEBUG o.e.j.j.java.javaURLContextFactory - >>> new root context requested 
15:20:06.050 [main] DEBUG jndi - Looking up name="comp/env/oidc.egi.client_id"
15:20:06.050 [main] DEBUG jndi - Trying thread context classloader
15:20:06.050 [main] DEBUG jndi - Looking up name="env/oidc.egi.client_id"
15:20:06.050 [main] DEBUG o.s.jndi.JndiLocatorDelegate - Converted JNDI name [java:comp/env/oidc.egi.client_id] not found - trying original name [oidc.egi.client_id]. javax.naming.NameNotFoundException; remaining name 'env/oidc.egi.client_id'
15:20:06.050 [main] DEBUG o.springframework.jndi.JndiTemplate - Looking up JNDI object with name [oidc.egi.client_id]
15:20:06.050 [main] DEBUG jndi - InitialContextFactory.getInitialContext()
15:20:06.051 [main] DEBUG jndi - Created initial context delegate for local namespace:org.eclipse.jetty.jndi.local.localContextRoot@4fa9d5a9
15:20:06.051 [main] DEBUG jndi - Looking up name="oidc.egi.client_id"
15:20:06.051 [main] DEBUG o.s.jndi.JndiPropertySource - JNDI lookup for name [oidc.egi.client_id] threw NamingException with message: null. Returning null.
15:20:06.051 [main] DEBUG o.s.c.e.PropertySourcesPropertyResolver - Found key 'oidc.egi.client_id' in PropertySource 'file [/home/marza/Documents/VIP-portal/vip-portal/target/test-classes/vip-api.conf]' with value of type String
15:20:06.051 [main] DEBUG o.springframework.jndi.JndiTemplate - Looking up JNDI object with name [java:comp/env/oidc.egi.client_secret]
15:20:06.051 [main] DEBUG jndi - InitialContextFactory.getInitialContext()
15:20:06.051 [main] DEBUG jndi - Created initial context delegate for local namespace:org.eclipse.jetty.jndi.local.localContextRoot@674e8734
15:20:06.051 [main] DEBUG o.e.j.j.java.javaURLContextFactory - >>> new root context requested 
15:20:06.051 [main] DEBUG jndi - Looking up name="comp/env/oidc.egi.client_secret"
15:20:06.051 [main] DEBUG jndi - Trying thread context classloader
15:20:06.052 [main] DEBUG jndi - Looking up name="env/oidc.egi.client_secret"
15:20:06.052 [main] DEBUG o.s.jndi.JndiLocatorDelegate - Converted JNDI name [java:comp/env/oidc.egi.client_secret] not found - trying original name [oidc.egi.client_secret]. javax.naming.NameNotFoundException; remaining name 'env/oidc.egi.client_secret'
15:20:06.052 [main] DEBUG o.springframework.jndi.JndiTemplate - Looking up JNDI object with name [oidc.egi.client_secret]
15:20:06.052 [main] DEBUG jndi - InitialContextFactory.getInitialContext()
15:20:06.052 [main] DEBUG jndi - Created initial context delegate for local namespace:org.eclipse.jetty.jndi.local.localContextRoot@6d7e6d52
15:20:06.052 [main] DEBUG jndi - Looking up name="oidc.egi.client_secret"
15:20:06.052 [main] DEBUG o.s.jndi.JndiPropertySource - JNDI lookup for name [oidc.egi.client_secret] threw NamingException with message: null. Returning null.
15:20:06.052 [main] DEBUG o.s.c.e.PropertySourcesPropertyResolver - Found key 'oidc.egi.client_secret' in PropertySource 'file [/home/marza/Documents/VIP-portal/vip-portal/target/test-classes/vip-api.conf]' with value of type String
15:20:06.054 [main] DEBUG o.springframework.jndi.JndiTemplate - Looking up JNDI object with name [java:comp/env/oidc.egi.redirect_uri]
15:20:06.054 [main] DEBUG jndi - InitialContextFactory.getInitialContext()
15:20:06.055 [main] DEBUG jndi - Created initial context delegate for local namespace:org.eclipse.jetty.jndi.local.localContextRoot@55d7a9b8
15:20:06.055 [main] DEBUG o.e.j.j.java.javaURLContextFactory - >>> new root context requested 
15:20:06.055 [main] DEBUG jndi - Looking up name="comp/env/oidc.egi.redirect_uri"
15:20:06.055 [main] DEBUG jndi - Trying thread context classloader
15:20:06.055 [main] DEBUG jndi - Looking up name="env/oidc.egi.redirect_uri"
15:20:06.055 [main] DEBUG o.s.jndi.JndiLocatorDelegate - Converted JNDI name [java:comp/env/oidc.egi.redirect_uri] not found - trying original name [oidc.egi.redirect_uri]. javax.naming.NameNotFoundException; remaining name 'env/oidc.egi.redirect_uri'
15:20:06.055 [main] DEBUG o.springframework.jndi.JndiTemplate - Looking up JNDI object with name [oidc.egi.redirect_uri]
15:20:06.055 [main] DEBUG jndi - InitialContextFactory.getInitialContext()
15:20:06.055 [main] DEBUG jndi - Created initial context delegate for local namespace:org.eclipse.jetty.jndi.local.localContextRoot@528bf683
15:20:06.055 [main] DEBUG jndi - Looking up name="oidc.egi.redirect_uri"
15:20:06.056 [main] DEBUG o.s.jndi.JndiPropertySource - JNDI lookup for name [oidc.egi.redirect_uri] threw NamingException with message: null. Returning null.
15:20:06.056 [main] DEBUG o.s.c.e.PropertySourcesPropertyResolver - Found key 'oidc.egi.redirect_uri' in PropertySource 'file [/home/marza/Documents/VIP-portal/vip-portal/target/test-classes/vip-api.conf]' with value of type String
15:20:06.056 [main] DEBUG o.springframework.jndi.JndiTemplate - Looking up JNDI object with name [java:comp/env/oidc.egi.authorization_uri]
15:20:06.056 [main] DEBUG jndi - InitialContextFactory.getInitialContext()
15:20:06.056 [main] DEBUG jndi - Created initial context delegate for local namespace:org.eclipse.jetty.jndi.local.localContextRoot@1145087
15:20:06.056 [main] DEBUG o.e.j.j.java.javaURLContextFactory - >>> new root context requested 
15:20:06.056 [main] DEBUG jndi - Looking up name="comp/env/oidc.egi.authorization_uri"
15:20:06.056 [main] DEBUG jndi - Trying thread context classloader
15:20:06.056 [main] DEBUG jndi - Looking up name="env/oidc.egi.authorization_uri"
15:20:06.057 [main] DEBUG o.s.jndi.JndiLocatorDelegate - Converted JNDI name [java:comp/env/oidc.egi.authorization_uri] not found - trying original name [oidc.egi.authorization_uri]. javax.naming.NameNotFoundException; remaining name 'env/oidc.egi.authorization_uri'
15:20:06.057 [main] DEBUG o.springframework.jndi.JndiTemplate - Looking up JNDI object with name [oidc.egi.authorization_uri]
15:20:06.057 [main] DEBUG jndi - InitialContextFactory.getInitialContext()
15:20:06.057 [main] DEBUG jndi - Created initial context delegate for local namespace:org.eclipse.jetty.jndi.local.localContextRoot@5a01b4ab
15:20:06.057 [main] DEBUG jndi - Looking up name="oidc.egi.authorization_uri"
15:20:06.057 [main] DEBUG o.s.jndi.JndiPropertySource - JNDI lookup for name [oidc.egi.authorization_uri] threw NamingException with message: null. Returning null.
15:20:06.057 [main] DEBUG o.s.c.e.PropertySourcesPropertyResolver - Found key 'oidc.egi.authorization_uri' in PropertySource 'file [/home/marza/Documents/VIP-portal/vip-portal/target/test-classes/vip-api.conf]' with value of type String
15:20:06.057 [main] DEBUG o.springframework.jndi.JndiTemplate - Looking up JNDI object with name [java:comp/env/oidc.egi.token_uri]
15:20:06.057 [main] DEBUG jndi - InitialContextFactory.getInitialContext()
15:20:06.057 [main] DEBUG jndi - Created initial context delegate for local namespace:org.eclipse.jetty.jndi.local.localContextRoot@32735c3a
15:20:06.057 [main] DEBUG o.e.j.j.java.javaURLContextFactory - >>> new root context requested 
15:20:06.057 [main] DEBUG jndi - Looking up name="comp/env/oidc.egi.token_uri"
15:20:06.057 [main] DEBUG jndi - Trying thread context classloader
15:20:06.058 [main] DEBUG jndi - Looking up name="env/oidc.egi.token_uri"
15:20:06.058 [main] DEBUG o.s.jndi.JndiLocatorDelegate - Converted JNDI name [java:comp/env/oidc.egi.token_uri] not found - trying original name [oidc.egi.token_uri]. javax.naming.NameNotFoundException; remaining name 'env/oidc.egi.token_uri'
15:20:06.058 [main] DEBUG o.springframework.jndi.JndiTemplate - Looking up JNDI object with name [oidc.egi.token_uri]
15:20:06.058 [main] DEBUG jndi - InitialContextFactory.getInitialContext()
15:20:06.058 [main] DEBUG jndi - Created initial context delegate for local namespace:org.eclipse.jetty.jndi.local.localContextRoot@3fc18b19
15:20:06.058 [main] DEBUG jndi - Looking up name="oidc.egi.token_uri"
15:20:06.058 [main] DEBUG o.s.jndi.JndiPropertySource - JNDI lookup for name [oidc.egi.token_uri] threw NamingException with message: null. Returning null.
15:20:06.058 [main] DEBUG o.s.c.e.PropertySourcesPropertyResolver - Found key 'oidc.egi.token_uri' in PropertySource 'file [/home/marza/Documents/VIP-portal/vip-portal/target/test-classes/vip-api.conf]' with value of type String
15:20:06.058 [main] DEBUG o.springframework.jndi.JndiTemplate - Looking up JNDI object with name [java:comp/env/oidc.egi.user_info_uri]
15:20:06.058 [main] DEBUG jndi - InitialContextFactory.getInitialContext()
15:20:06.058 [main] DEBUG jndi - Created initial context delegate for local namespace:org.eclipse.jetty.jndi.local.localContextRoot@1c72640e
15:20:06.058 [main] DEBUG o.e.j.j.java.javaURLContextFactory - >>> new root context requested 
15:20:06.058 [main] DEBUG jndi - Looking up name="comp/env/oidc.egi.user_info_uri"
15:20:06.059 [main] DEBUG jndi - Trying thread context classloader
15:20:06.059 [main] DEBUG jndi - Looking up name="env/oidc.egi.user_info_uri"
15:20:06.059 [main] DEBUG o.s.jndi.JndiLocatorDelegate - Converted JNDI name [java:comp/env/oidc.egi.user_info_uri] not found - trying original name [oidc.egi.user_info_uri]. javax.naming.NameNotFoundException; remaining name 'env/oidc.egi.user_info_uri'
15:20:06.059 [main] DEBUG o.springframework.jndi.JndiTemplate - Looking up JNDI object with name [oidc.egi.user_info_uri]
15:20:06.059 [main] DEBUG jndi - InitialContextFactory.getInitialContext()
15:20:06.059 [main] DEBUG jndi - Created initial context delegate for local namespace:org.eclipse.jetty.jndi.local.localContextRoot@4b013fc7
15:20:06.059 [main] DEBUG jndi - Looking up name="oidc.egi.user_info_uri"
15:20:06.059 [main] DEBUG o.s.jndi.JndiPropertySource - JNDI lookup for name [oidc.egi.user_info_uri] threw NamingException with message: null. Returning null.
15:20:06.059 [main] DEBUG o.s.c.e.PropertySourcesPropertyResolver - Found key 'oidc.egi.user_info_uri' in PropertySource 'file [/home/marza/Documents/VIP-portal/vip-portal/target/test-classes/vip-api.conf]' with value of type String
15:20:06.059 [main] DEBUG o.springframework.jndi.JndiTemplate - Looking up JNDI object with name [java:comp/env/oidc.egi.jwk_set_uri]
15:20:06.059 [main] DEBUG jndi - InitialContextFactory.getInitialContext()
15:20:06.059 [main] DEBUG jndi - Created initial context delegate for local namespace:org.eclipse.jetty.jndi.local.localContextRoot@633b2811
15:20:06.059 [main] DEBUG o.e.j.j.java.javaURLContextFactory - >>> new root context requested 
15:20:06.060 [main] DEBUG jndi - Looking up name="comp/env/oidc.egi.jwk_set_uri"
15:20:06.060 [main] DEBUG jndi - Trying thread context classloader
15:20:06.060 [main] DEBUG jndi - Looking up name="env/oidc.egi.jwk_set_uri"
15:20:06.060 [main] DEBUG o.s.jndi.JndiLocatorDelegate - Converted JNDI name [java:comp/env/oidc.egi.jwk_set_uri] not found - trying original name [oidc.egi.jwk_set_uri]. javax.naming.NameNotFoundException; remaining name 'env/oidc.egi.jwk_set_uri'
15:20:06.060 [main] DEBUG o.springframework.jndi.JndiTemplate - Looking up JNDI object with name [oidc.egi.jwk_set_uri]
15:20:06.060 [main] DEBUG jndi - InitialContextFactory.getInitialContext()
15:20:06.060 [main] DEBUG jndi - Created initial context delegate for local namespace:org.eclipse.jetty.jndi.local.localContextRoot@5011ee2c
15:20:06.060 [main] DEBUG jndi - Looking up name="oidc.egi.jwk_set_uri"
15:20:06.060 [main] DEBUG o.s.jndi.JndiPropertySource - JNDI lookup for name [oidc.egi.jwk_set_uri] threw NamingException with message: null. Returning null.
15:20:06.060 [main] DEBUG o.s.c.e.PropertySourcesPropertyResolver - Found key 'oidc.egi.jwk_set_uri' in PropertySource 'file [/home/marza/Documents/VIP-portal/vip-portal/target/test-classes/vip-api.conf]' with value of type String
15:20:06.096 [main] DEBUG o.springframework.jndi.JndiTemplate - Looking up JNDI object with name [java:comp/env/keycloak.configurationFile]
15:20:06.097 [main] DEBUG jndi - InitialContextFactory.getInitialContext()
15:20:06.097 [main] DEBUG jndi - Created initial context delegate for local namespace:org.eclipse.jetty.jndi.local.localContextRoot@14c75e2e
15:20:06.097 [main] DEBUG o.e.j.j.java.javaURLContextFactory - >>> new root context requested 
15:20:06.097 [main] DEBUG jndi - Looking up name="comp/env/keycloak.configurationFile"
15:20:06.097 [main] DEBUG jndi - Trying thread context classloader
15:20:06.097 [main] DEBUG jndi - Looking up name="env/keycloak.configurationFile"
15:20:06.097 [main] DEBUG o.s.jndi.JndiLocatorDelegate - Converted JNDI name [java:comp/env/keycloak.configurationFile] not found - trying original name [keycloak.configurationFile]. javax.naming.NameNotFoundException; remaining name 'env/keycloak.configurationFile'
15:20:06.097 [main] DEBUG o.springframework.jndi.JndiTemplate - Looking up JNDI object with name [keycloak.configurationFile]
15:20:06.097 [main] DEBUG jndi - InitialContextFactory.getInitialContext()
15:20:06.097 [main] DEBUG jndi - Created initial context delegate for local namespace:org.eclipse.jetty.jndi.local.localContextRoot@726b8b0a
15:20:06.097 [main] DEBUG jndi - Looking up name="keycloak.configurationFile"
15:20:06.098 [main] DEBUG o.s.jndi.JndiPropertySource - JNDI lookup for name [keycloak.configurationFile] threw NamingException with message: null. Returning null.
15:20:06.100 [main] DEBUG o.s.b.f.s.DefaultListableBeanFactory - Creating shared instance of singleton bean 'pathBasedKeycloakConfigResolver'
15:20:06.104 [main] DEBUG o.s.b.f.s.DefaultListableBeanFactory - Creating shared instance of singleton bean 'egiSecurityConfig'
15:20:06.112 [main] DEBUG o.s.b.f.s.DefaultListableBeanFactory - Creating shared instance of singleton bean 'statsController'
15:20:06.115 [main] DEBUG o.s.b.f.s.DefaultListableBeanFactory - Autowiring by type from bean name 'statsController' via constructor to bean named 'statsApiBusiness'
15:20:06.123 [main] DEBUG o.s.b.f.s.DefaultListableBeanFactory - Creating shared instance of singleton bean 'dataController'
15:20:06.135 [main] DEBUG o.s.b.f.s.DefaultListableBeanFactory - Autowiring by type from bean name 'dataController' via constructor to bean named 'dataApiBusiness'
15:20:06.135 [main] DEBUG o.s.b.f.s.DefaultListableBeanFactory - Autowiring by type from bean name 'dataController' via constructor to bean named 'com.sun.proxy.$Proxy120@5406f576'
15:20:06.139 [main] DEBUG o.s.b.f.s.DefaultListableBeanFactory - Creating shared instance of singleton bean 'externalPlatformController'
15:20:06.142 [main] DEBUG o.s.b.f.s.DefaultListableBeanFactory - Autowiring by type from bean name 'externalPlatformController' via constructor to bean named 'externalPlatformBusiness'
15:20:06.146 [main] DEBUG o.s.b.f.s.DefaultListableBeanFactory - Creating shared instance of singleton bean 'restExceptionHandler'
15:20:06.167 [main] DEBUG o.s.b.f.s.DefaultListableBeanFactory - Creating shared instance of singleton bean 'executionController'
15:20:06.170 [main] DEBUG o.s.b.f.s.DefaultListableBeanFactory - Autowiring by type from bean name 'executionController' via constructor to bean named 'executionBusiness'
15:20:06.171 [main] DEBUG o.s.b.f.s.DefaultListableBeanFactory - Autowiring by type from bean name 'executionController' via constructor to bean named 'pipelineBusiness'
15:20:06.174 [main] DEBUG o.s.b.f.s.DefaultListableBeanFactory - Creating shared instance of singleton bean 'publicationController'
15:20:06.175 [main] DEBUG o.s.b.f.s.DefaultListableBeanFactory - Autowiring by type from bean name 'publicationController' via constructor to bean named 'publicationBusiness'
15:20:06.179 [main] DEBUG o.s.b.f.s.DefaultListableBeanFactory - Creating shared instance of singleton bean 'pipelineController'
15:20:06.180 [main] DEBUG o.s.b.f.s.DefaultListableBeanFactory - Autowiring by type from bean name 'pipelineController' via constructor to bean named 'pipelineBusiness'
15:20:06.184 [main] DEBUG o.s.b.f.s.DefaultListableBeanFactory - Creating shared instance of singleton bean 'apiKeyController'
15:20:06.188 [main] DEBUG o.s.b.f.s.DefaultListableBeanFactory - Autowiring by type from bean name 'apiKeyController' via constructor to bean named 'apiKeyBusiness'
15:20:06.188 [main] DEBUG o.s.b.f.s.DefaultListableBeanFactory - Autowiring by type from bean name 'apiKeyController' via constructor to bean named 'externalPlatformBusiness'
15:20:06.192 [main] DEBUG o.s.b.f.s.DefaultListableBeanFactory - Creating shared instance of singleton bean 'authenticationController'
15:20:06.196 [main] DEBUG o.s.b.f.s.DefaultListableBeanFactory - Autowiring by type from bean name 'authenticationController' via constructor to bean named 'apiBusiness'
15:20:06.196 [main] DEBUG o.s.b.f.s.DefaultListableBeanFactory - Autowiring by type from bean name 'authenticationController' via constructor to bean named 'apiUserBusiness'
15:20:06.199 [main] DEBUG o.s.b.f.s.DefaultListableBeanFactory - Creating shared instance of singleton bean 'egiController'
15:20:06.208 [main] DEBUG o.s.b.f.s.DefaultListableBeanFactory - Autowiring by type from bean name 'egiController' via constructor to bean named 'vipSessionBusiness'
15:20:06.208 [main] DEBUG o.s.b.f.s.DefaultListableBeanFactory - Autowiring by type from bean name 'egiController' via constructor to bean named 'configurationBusiness'
15:20:06.208 [main] DEBUG o.s.b.f.s.DefaultListableBeanFactory - Creating shared instance of singleton bean 'platformController'
15:20:06.213 [main] DEBUG o.s.b.f.s.DefaultListableBeanFactory - Creating shared instance of singleton bean 'registerUserController'
15:20:06.215 [main] DEBUG o.s.b.f.s.DefaultListableBeanFactory - Autowiring by type from bean name 'registerUserController' via constructor to bean named 'apiUserBusiness'
15:20:06.219 [main] DEBUG o.s.b.f.s.DefaultListableBeanFactory - Creating shared instance of singleton bean 'refreshTokenController'
15:20:06.221 [main] DEBUG o.s.b.f.s.DefaultListableBeanFactory - Autowiring by type from bean name 'refreshTokenController' via constructor to bean named 'keycloakBusiness'
15:20:06.225 [main] DEBUG o.s.b.f.s.DefaultListableBeanFactory - Creating shared instance of singleton bean 'visualizationBusiness'
15:20:06.228 [main] DEBUG o.s.b.f.s.DefaultListableBeanFactory - Autowiring by type from bean name 'visualizationBusiness' via constructor to bean named 'testGridaClient'
15:20:06.228 [main] DEBUG o.s.b.f.s.DefaultListableBeanFactory - Autowiring by type from bean name 'visualizationBusiness' via constructor to bean named 'lfcPathsBusiness'
15:20:06.228 [main] DEBUG o.s.b.f.s.DefaultListableBeanFactory - Autowiring by type from bean name 'visualizationBusiness' via constructor to bean named 'dataManagerBusiness'
15:20:06.236 [main] DEBUG o.s.b.f.s.DefaultListableBeanFactory - Creating shared instance of singleton bean 'authenticationManagerBuilder'
15:20:06.237 [main] DEBUG o.s.b.f.s.DefaultListableBeanFactory - Autowiring by type from bean name 'authenticationManagerBuilder' via factory method to bean named 'objectPostProcessor'
15:20:06.237 [main] DEBUG o.s.b.f.s.DefaultListableBeanFactory - Autowiring by type from bean name 'authenticationManagerBuilder' via factory method to bean named 'org.springframework.web.context.support.GenericWebApplicationContext@2bd2430f'
15:20:06.242 [main] DEBUG o.s.b.f.s.DefaultListableBeanFactory - Creating shared instance of singleton bean 'org.springframework.security.config.annotation.web.configuration.WebSecurityConfiguration'
15:20:06.297 [main] DEBUG o.s.b.f.s.DefaultListableBeanFactory - Creating shared instance of singleton bean 'autowiredWebSecurityConfigurersIgnoreParents'
15:20:06.298 [main] DEBUG o.s.b.f.s.DefaultListableBeanFactory - Autowiring by type from bean name 'autowiredWebSecurityConfigurersIgnoreParents' via factory method to bean named 'org.springframework.beans.factory.support.DefaultListableBeanFactory@2512155e'
15:20:06.319 [main] DEBUG o.s.b.f.s.DefaultListableBeanFactory - Creating shared instance of singleton bean 'httpFirewall'
15:20:06.334 [main] DEBUG o.s.b.f.s.DefaultListableBeanFactory - Creating shared instance of singleton bean 'delegatingApplicationListener'
15:20:06.335 [main] DEBUG o.s.b.f.s.DefaultListableBeanFactory - Creating shared instance of singleton bean 'springSecurityFilterChain'
15:20:06.342 [main] DEBUG o.springframework.jndi.JndiTemplate - Looking up JNDI object with name [java:comp/env/keycloak.active]
15:20:06.342 [main] DEBUG jndi - InitialContextFactory.getInitialContext()
15:20:06.342 [main] DEBUG jndi - Created initial context delegate for local namespace:org.eclipse.jetty.jndi.local.localContextRoot@41723269
15:20:06.342 [main] DEBUG o.e.j.j.java.javaURLContextFactory - >>> new root context requested 
15:20:06.342 [main] DEBUG jndi - Looking up name="comp/env/keycloak.active"
15:20:06.342 [main] DEBUG jndi - Trying thread context classloader
15:20:06.342 [main] DEBUG jndi - Looking up name="env/keycloak.active"
15:20:06.343 [main] DEBUG o.s.jndi.JndiLocatorDelegate - Converted JNDI name [java:comp/env/keycloak.active] not found - trying original name [keycloak.active]. javax.naming.NameNotFoundException; remaining name 'env/keycloak.active'
15:20:06.343 [main] DEBUG o.springframework.jndi.JndiTemplate - Looking up JNDI object with name [keycloak.active]
15:20:06.343 [main] DEBUG jndi - InitialContextFactory.getInitialContext()
15:20:06.343 [main] DEBUG jndi - Created initial context delegate for local namespace:org.eclipse.jetty.jndi.local.localContextRoot@151a7f12
15:20:06.343 [main] DEBUG jndi - Looking up name="keycloak.active"
15:20:06.343 [main] DEBUG o.s.jndi.JndiPropertySource - JNDI lookup for name [keycloak.active] threw NamingException with message: null. Returning null.
15:20:06.343 [main] DEBUG o.s.c.e.PropertySourcesPropertyResolver - Found key 'keycloak.active' in PropertySource 'file [/home/marza/Documents/VIP-portal/vip-portal/target/test-classes/vip-api.conf]' with value of type String
15:20:06.427 [main] DEBUG o.springframework.jndi.JndiTemplate - Looking up JNDI object with name [java:comp/env/keycloak.active]
15:20:06.428 [main] DEBUG jndi - InitialContextFactory.getInitialContext()
15:20:06.428 [main] DEBUG jndi - Created initial context delegate for local namespace:org.eclipse.jetty.jndi.local.localContextRoot@173c546d
15:20:06.428 [main] DEBUG o.e.j.j.java.javaURLContextFactory - >>> new root context requested 
15:20:06.428 [main] DEBUG jndi - Looking up name="comp/env/keycloak.active"
15:20:06.428 [main] DEBUG jndi - Trying thread context classloader
15:20:06.428 [main] DEBUG jndi - Looking up name="env/keycloak.active"
15:20:06.428 [main] DEBUG o.s.jndi.JndiLocatorDelegate - Converted JNDI name [java:comp/env/keycloak.active] not found - trying original name [keycloak.active]. javax.naming.NameNotFoundException; remaining name 'env/keycloak.active'
15:20:06.428 [main] DEBUG o.springframework.jndi.JndiTemplate - Looking up JNDI object with name [keycloak.active]
15:20:06.428 [main] DEBUG jndi - InitialContextFactory.getInitialContext()
15:20:06.428 [main] DEBUG jndi - Created initial context delegate for local namespace:org.eclipse.jetty.jndi.local.localContextRoot@73eb45b
15:20:06.428 [main] DEBUG jndi - Looking up name="keycloak.active"
15:20:06.428 [main] DEBUG o.s.jndi.JndiPropertySource - JNDI lookup for name [keycloak.active] threw NamingException with message: null. Returning null.
15:20:06.428 [main] DEBUG o.s.c.e.PropertySourcesPropertyResolver - Found key 'keycloak.active' in PropertySource 'file [/home/marza/Documents/VIP-portal/vip-portal/target/test-classes/vip-api.conf]' with value of type String
15:20:06.436 [main] DEBUG o.s.b.f.s.DefaultListableBeanFactory - Creating shared instance of singleton bean 'apikeyAuthenticationFilter'
15:20:06.445 [main] DEBUG o.springframework.jndi.JndiTemplate - Looking up JNDI object with name [java:comp/env/carmin.authentication.apikey.header.name]
15:20:06.445 [main] DEBUG jndi - InitialContextFactory.getInitialContext()
15:20:06.445 [main] DEBUG jndi - Created initial context delegate for local namespace:org.eclipse.jetty.jndi.local.localContextRoot@1c318a02
15:20:06.445 [main] DEBUG o.e.j.j.java.javaURLContextFactory - >>> new root context requested 
15:20:06.445 [main] DEBUG jndi - Looking up name="comp/env/carmin.authentication.apikey.header.name"
15:20:06.445 [main] DEBUG jndi - Trying thread context classloader
15:20:06.445 [main] DEBUG jndi - Looking up name="env/carmin.authentication.apikey.header.name"
15:20:06.445 [main] DEBUG o.s.jndi.JndiLocatorDelegate - Converted JNDI name [java:comp/env/carmin.authentication.apikey.header.name] not found - trying original name [carmin.authentication.apikey.header.name]. javax.naming.NameNotFoundException; remaining name 'env/carmin.authentication.apikey.header.name'
15:20:06.445 [main] DEBUG o.springframework.jndi.JndiTemplate - Looking up JNDI object with name [carmin.authentication.apikey.header.name]
15:20:06.446 [main] DEBUG jndi - InitialContextFactory.getInitialContext()
15:20:06.446 [main] DEBUG jndi - Created initial context delegate for local namespace:org.eclipse.jetty.jndi.local.localContextRoot@16450940
15:20:06.446 [main] DEBUG jndi - Looking up name="carmin.authentication.apikey.header.name"
15:20:06.446 [main] DEBUG o.s.jndi.JndiPropertySource - JNDI lookup for name [carmin.authentication.apikey.header.name] threw NamingException with message: null. Returning null.
15:20:06.446 [main] DEBUG o.s.c.e.PropertySourcesPropertyResolver - Found key 'carmin.authentication.apikey.header.name' in PropertySource 'file [/home/marza/Documents/VIP-portal/vip-portal/target/test-classes/vip-api.conf]' with value of type String
15:20:06.457 [main] DEBUG o.s.s.c.a.a.c.AuthenticationConfiguration$DefaultPasswordEncoderAuthenticationManagerBuilder - No authenticationProviders and no parentAuthenticationManager defined. Returning null.
15:20:06.472 [main] DEBUG o.s.b.f.s.DefaultListableBeanFactory - Creating shared instance of singleton bean 'authorizationRequestRepository'
15:20:06.474 [main] DEBUG o.s.b.f.s.DefaultListableBeanFactory - Creating shared instance of singleton bean 'accessTokenResponseClient'
15:20:06.568 [main] DEBUG o.s.s.w.a.e.ExpressionBasedFilterInvocationSecurityMetadataSource - Adding web access control expression [permitAll] for Ant [pattern='/rest/platform']
15:20:06.569 [main] DEBUG o.s.s.w.a.e.ExpressionBasedFilterInvocationSecurityMetadataSource - Adding web access control expression [permitAll] for Ant [pattern='/rest/authenticate']
15:20:06.569 [main] DEBUG o.s.s.w.a.e.ExpressionBasedFilterInvocationSecurityMetadataSource - Adding web access control expression [permitAll] for Ant [pattern='/rest/session']
15:20:06.569 [main] DEBUG o.s.s.w.a.e.ExpressionBasedFilterInvocationSecurityMetadataSource - Adding web access control expression [permitAll] for Regex [pattern='/rest/pipelines\?public']
15:20:06.569 [main] DEBUG o.s.s.w.a.e.ExpressionBasedFilterInvocationSecurityMetadataSource - Adding web access control expression [permitAll] for Ant [pattern='/rest/publications']
15:20:06.570 [main] DEBUG o.s.s.w.a.e.ExpressionBasedFilterInvocationSecurityMetadataSource - Adding web access control expression [permitAll] for Ant [pattern='/rest/reset-password']
15:20:06.570 [main] DEBUG o.s.s.w.a.e.ExpressionBasedFilterInvocationSecurityMetadataSource - Adding web access control expression [permitAll] for Ant [pattern='/rest/register']
15:20:06.570 [main] DEBUG o.s.s.w.a.e.ExpressionBasedFilterInvocationSecurityMetadataSource - Adding web access control expression [hasAnyRole('ROLE_SERVICE')] for Ant [pattern='/rest/executions/{executionId}/summary']
15:20:06.572 [main] DEBUG o.s.s.w.a.e.ExpressionBasedFilterInvocationSecurityMetadataSource - Adding web access control expression [authenticated] for Ant [pattern='/rest/simulate-refresh']
15:20:06.572 [main] DEBUG o.s.s.w.a.e.ExpressionBasedFilterInvocationSecurityMetadataSource - Adding web access control expression [hasAnyRole('ROLE_ADVANCED','ROLE_ADMINISTRATOR')] for Ant [pattern='/rest/statistics/**']
15:20:06.572 [main] DEBUG o.s.s.w.a.e.ExpressionBasedFilterInvocationSecurityMetadataSource - Adding web access control expression [authenticated] for Ant [pattern='/rest/**']
15:20:06.572 [main] DEBUG o.s.s.w.a.e.ExpressionBasedFilterInvocationSecurityMetadataSource - Adding web access control expression [permitAll] for any request
15:20:06.585 [main] DEBUG o.s.b.f.s.DefaultListableBeanFactory - Creating shared instance of singleton bean 'mvcHandlerMappingIntrospector'
15:20:06.591 [main] DEBUG o.s.b.f.s.DefaultListableBeanFactory - Creating shared instance of singleton bean 'requestMappingHandlerMapping'
15:20:06.592 [main] DEBUG o.s.b.f.s.DefaultListableBeanFactory - Creating shared instance of singleton bean 'mvcConversionService'
15:20:06.657 [main] DEBUG o.s.b.f.s.DefaultListableBeanFactory - Creating shared instance of singleton bean 'mvcResourceUrlProvider'
15:20:06.659 [main] DEBUG o.s.b.f.s.DefaultListableBeanFactory - Autowiring by type from bean name 'requestMappingHandlerMapping' via factory method to bean named 'mvcContentNegotiationManager'
15:20:06.659 [main] DEBUG o.s.b.f.s.DefaultListableBeanFactory - Autowiring by type from bean name 'requestMappingHandlerMapping' via factory method to bean named 'mvcConversionService'
15:20:06.659 [main] DEBUG o.s.b.f.s.DefaultListableBeanFactory - Autowiring by type from bean name 'requestMappingHandlerMapping' via factory method to bean named 'mvcResourceUrlProvider'
15:20:06.678 [main] DEBUG o.springframework.jndi.JndiTemplate - Looking up JNDI object with name [java:comp/env/cors.autorized-domains]
15:20:06.678 [main] DEBUG jndi - InitialContextFactory.getInitialContext()
15:20:06.678 [main] DEBUG jndi - Created initial context delegate for local namespace:org.eclipse.jetty.jndi.local.localContextRoot@3cc64600
15:20:06.678 [main] DEBUG o.e.j.j.java.javaURLContextFactory - >>> new root context requested 
15:20:06.678 [main] DEBUG jndi - Looking up name="comp/env/cors.autorized-domains"
15:20:06.678 [main] DEBUG jndi - Trying thread context classloader
15:20:06.678 [main] DEBUG jndi - Looking up name="env/cors.autorized-domains"
15:20:06.678 [main] DEBUG o.s.jndi.JndiLocatorDelegate - Converted JNDI name [java:comp/env/cors.autorized-domains] not found - trying original name [cors.autorized-domains]. javax.naming.NameNotFoundException; remaining name 'env/cors.autorized-domains'
15:20:06.678 [main] DEBUG o.springframework.jndi.JndiTemplate - Looking up JNDI object with name [cors.autorized-domains]
15:20:06.678 [main] DEBUG jndi - InitialContextFactory.getInitialContext()
15:20:06.678 [main] DEBUG jndi - Created initial context delegate for local namespace:org.eclipse.jetty.jndi.local.localContextRoot@5ae8c901
15:20:06.678 [main] DEBUG jndi - Looking up name="cors.autorized-domains"
15:20:06.678 [main] DEBUG o.s.jndi.JndiPropertySource - JNDI lookup for name [cors.autorized-domains] threw NamingException with message: null. Returning null.
15:20:06.679 [main] DEBUG o.s.c.e.PropertySourcesPropertyResolver - Found key 'cors.autorized-domains' in PropertySource 'file [/home/marza/Documents/VIP-portal/vip-portal/target/test-classes/vip-api.conf]' with value of type String
15:20:06.730 [main] DEBUG _.s.w.s.HandlerMapping.Mappings - 
	f.i.c.v.a.c.s.StatsController:
	{ [/statistics/institute/{institution}]}: getAllUsersForStatsFromInstitution(String)
	{ [/statistics/institute/{institution}/{service}]}: getAllUsersForStatsFromInstitutionAndService(String,String)
	{ [/statistics/institute/{institution}/{service}/{start}]}: getUsersForStatsFromInstitutionFromDate(String,String,String)
	{ [/statistics/institute/{institution}/{service}/{start}/{end}]}: getUsersForStatsFromInstitutionBetweenDates(String,String,String,String)
	{ [/statistics/users/{start}/{end}]}: getUsersRegisteredNumberBetweenDates(String,String)
	{ [/statistics/users]}: getAllUsersRegisteredNumber()
	{ [/statistics/users/{start}]}: getUsersRegisteredNumberFromDate(String)
	{ [/statistics/service/{service}]}: getAllUsersForStats(String)
	{ [/statistics/service/{service}/{start}]}: getUsersForStatsFromDate(String,String)
	{ [/statistics/service/{service}/{start}/{end}]}: getUsersForStatsBetweenDates(String,String,String)
	{ [/statistics/country/{country}]}: getAllUsersForStatsFromCountry(String)
	{ [/statistics/country/{country}/{service}]}: getAllUsersForStatsFromCountryAndService(String,String)
	{ [/statistics/country/{country}/{service}/{start}]}: getUsersForStatsFromCountryFromDate(String,String,String)
	{ [/statistics/country/{country}/{service}/{start}/{end}]}: getUsersForStatsFromCountryBetweenDates(String,String,String,String)
15:20:06.741 [main] DEBUG _.s.w.s.HandlerMapping.Mappings - 
	f.i.c.v.a.c.d.DataController:
	{PUT [/path/**]}: uploadFile(InputStream)
	{ [/path/**], params [action=list]}: listDirectory()
	{DELETE [/path/**]}: deletePath()
	{ [/path/**], params [action=properties]}: getPathProperties()
	{PUT [/path/**], consumes [application/carmin+json]}: uploadCustomData(UploadData)
	{ [/path/**], params [action=exists]}: doesPathExists()
	{ [/path/**], params [action=md5]}: getFileMD5()
	{ [/path/**], params [action=content]}: downloadRawFile()
15:20:06.744 [main] DEBUG _.s.w.s.HandlerMapping.Mappings - 
	f.i.c.v.a.c.ExternalPlatformController:
	{GET [/externalPlatforms]}: listExternalPlatforms()
15:20:06.750 [main] DEBUG _.s.w.s.HandlerMapping.Mappings - 
	f.i.c.v.a.c.p.ExecutionController:
	{POST [/executions]}: initExecution(Execution)
	{PUT [/executions/{executionId}/kill]}: killExecution(String)
	{PUT [/executions/{executionId}/delete]}: deleteExecution(String,DeleteExecutionConfiguration)
	{ [/executions/{executionId}]}: getExecution(String)
	{ [/executions]}: listExecutions(String,Integer,Integer)
	{ [/executions/count], produces [text/plain;charset=UTF-8]}: countExecutions(String)
	{PUT [/executions/{executionId}]}: updateExecution(String,Execution)
	{ [/executions/{executionId}/results]}: getExecutionResults(String)
	{ [/executions/{executionId}/stdout], produces [text/plain;charset=UTF-8]}: getStdout(String)
	{ [/executions/{executionId}/stderr], produces [text/plain;charset=UTF-8]}: getStderr(String)
	{PUT [/executions/{executionId}/play]}: playExecution(String)
	{ [/executions/{executionId}/summary]}: getExecutionSummary(String)
15:20:06.752 [main] DEBUG _.s.w.s.HandlerMapping.Mappings - 
	f.i.c.v.a.c.p.PublicationController:
	{ [/publications]}: listPublication()
15:20:06.753 [main] DEBUG _.s.w.s.HandlerMapping.Mappings - 
	f.i.c.v.a.c.p.PipelineController:
	{ [/pipelines], params [pipelineId]}: getPipelineWithRequestParam(String)
	{ [/pipelines/{pipelineId}]}: getPipeline(String)
	{ [/pipelines/{pipelineIdFirstPart}/{pipelineIdSecondPart}]}: getPipeline(String,String)
	{ [/pipelines]}: listPipelines(String)
	{ [/pipelines], params [public]}: listPublicPipelines()
15:20:06.754 [main] DEBUG _.s.w.s.HandlerMapping.Mappings - 
	f.i.c.v.a.c.ApiKeyController:
	{PUT [/user/externalKeys]}: addOrUpdateApiKey(KeyInfo)
	{DELETE [/user/externalKeys/{storageIdentifier}]}: deleteApiKey(String)
	{GET [/user/externalKeys]}: listUserApiKeys()
15:20:06.756 [main] DEBUG _.s.w.s.HandlerMapping.Mappings - 
	f.i.c.v.a.c.AuthenticationController:
	{POST [/authenticate]}: authenticate(AuthenticationCredentials)
	{POST [/session]}: createSession(AuthenticationCredentials)
	{POST [/reset-password]}: sendResetPassword(ResetPasswordDTO)
15:20:06.756 [main] DEBUG _.s.w.s.HandlerMapping.Mappings - 
	f.i.c.v.a.c.EgiController:
	{GET [/loginEgi]}: getOauth2LoginInfo(HttpServletRequest,HttpServletResponse,Principal)
15:20:06.757 [main] DEBUG _.s.w.s.HandlerMapping.Mappings - 
	f.i.c.v.a.c.PlatformController:
	{ [/platform]}: getPlatformProperties()
15:20:06.757 [main] DEBUG _.s.w.s.HandlerMapping.Mappings - 
	f.i.c.v.a.c.RegisterUserController:
	{POST [/register]}: signup(SignUpUserDTO)
15:20:06.758 [main] DEBUG _.s.w.s.HandlerMapping.Mappings - 
	f.i.c.v.a.c.RefreshTokenController:
	{GET [/simulate-refresh], produces [application/json;charset=utf-8]}: simulatingRefreshToken(HttpServletRequest)
15:20:06.760 [main] DEBUG o.s.w.s.m.m.a.RequestMappingHandlerMapping - 51 mappings in 'requestMappingHandlerMapping'
15:20:06.762 [main] DEBUG o.s.b.f.s.DefaultListableBeanFactory - Creating shared instance of singleton bean 'viewControllerHandlerMapping'
15:20:06.763 [main] DEBUG o.s.b.f.s.DefaultListableBeanFactory - Autowiring by type from bean name 'viewControllerHandlerMapping' via factory method to bean named 'mvcConversionService'
15:20:06.763 [main] DEBUG o.s.b.f.s.DefaultListableBeanFactory - Autowiring by type from bean name 'viewControllerHandlerMapping' via factory method to bean named 'mvcResourceUrlProvider'
15:20:06.763 [main] DEBUG o.s.b.f.s.DefaultListableBeanFactory - Creating shared instance of singleton bean 'beanNameHandlerMapping'
15:20:06.764 [main] DEBUG o.s.b.f.s.DefaultListableBeanFactory - Autowiring by type from bean name 'beanNameHandlerMapping' via factory method to bean named 'mvcConversionService'
15:20:06.764 [main] DEBUG o.s.b.f.s.DefaultListableBeanFactory - Autowiring by type from bean name 'beanNameHandlerMapping' via factory method to bean named 'mvcResourceUrlProvider'
15:20:06.766 [main] DEBUG _.s.w.s.HandlerMapping.Mappings - 'beanNameHandlerMapping' {}
15:20:06.767 [main] DEBUG o.s.b.f.s.DefaultListableBeanFactory - Creating shared instance of singleton bean 'routerFunctionMapping'
15:20:06.768 [main] DEBUG o.s.b.f.s.DefaultListableBeanFactory - Autowiring by type from bean name 'routerFunctionMapping' via factory method to bean named 'mvcConversionService'
15:20:06.768 [main] DEBUG o.s.b.f.s.DefaultListableBeanFactory - Autowiring by type from bean name 'routerFunctionMapping' via factory method to bean named 'mvcResourceUrlProvider'
15:20:06.799 [main] DEBUG o.s.b.f.s.DefaultListableBeanFactory - Creating shared instance of singleton bean 'resourceHandlerMapping'
15:20:06.800 [main] DEBUG o.s.b.f.s.DefaultListableBeanFactory - Autowiring by type from bean name 'resourceHandlerMapping' via factory method to bean named 'mvcContentNegotiationManager'
15:20:06.800 [main] DEBUG o.s.b.f.s.DefaultListableBeanFactory - Autowiring by type from bean name 'resourceHandlerMapping' via factory method to bean named 'mvcConversionService'
15:20:06.800 [main] DEBUG o.s.b.f.s.DefaultListableBeanFactory - Autowiring by type from bean name 'resourceHandlerMapping' via factory method to bean named 'mvcResourceUrlProvider'
15:20:06.801 [main] DEBUG o.s.b.f.s.DefaultListableBeanFactory - Creating shared instance of singleton bean 'defaultServletHandlerMapping'
15:20:06.805 [main] INFO  o.s.s.web.DefaultSecurityFilterChain - Will secure Ant [pattern='/rest/**'] with [org.springframework.security.web.context.request.async.WebAsyncManagerIntegrationFilter@2824afa8, org.springframework.security.web.context.SecurityContextPersistenceFilter@3deaf099, org.springframework.security.web.header.HeaderWriterFilter@60b163fa, org.springframework.web.filter.CorsFilter@32d4ad7b, org.springframework.security.web.authentication.logout.LogoutFilter@40836b3f, fr.insalyon.creatis.vip.api.security.apikey.ApikeyAuthenticationFilter@1c4501e8, org.springframework.security.web.savedrequest.RequestCacheAwareFilter@3b7fd6de, org.springframework.security.web.servletapi.SecurityContextHolderAwareRequestFilter@3449885a, org.springframework.security.web.authentication.AnonymousAuthenticationFilter@c47ff28, org.springframework.security.web.session.SessionManagementFilter@59fb8e49, org.springframework.security.web.access.ExceptionTranslationFilter@44f79f8, org.springframework.security.web.access.intercept.FilterSecurityInterceptor@7d07269a]
15:20:06.831 [main] DEBUG o.s.b.f.s.DefaultListableBeanFactory - Creating shared instance of singleton bean 'grantedAuthoritiesMapper'
15:20:06.855 [main] DEBUG o.s.s.w.a.e.ExpressionBasedFilterInvocationSecurityMetadataSource - Adding web access control expression [permitAll] for any request
15:20:06.865 [main] INFO  o.s.s.web.DefaultSecurityFilterChain - Will secure any request with [org.springframework.security.web.context.request.async.WebAsyncManagerIntegrationFilter@38330160, org.springframework.security.web.context.SecurityContextPersistenceFilter@a1a6632, org.springframework.security.web.header.HeaderWriterFilter@6ae77c99, org.springframework.web.filter.CorsFilter@6060e240, org.springframework.security.web.authentication.logout.LogoutFilter@194b00bd, org.springframework.security.oauth2.client.web.OAuth2AuthorizationRequestRedirectFilter@61baddcf, org.springframework.security.oauth2.client.web.OAuth2LoginAuthenticationFilter@4d61b62, org.springframework.security.web.authentication.ui.DefaultLoginPageGeneratingFilter@eaab746, org.springframework.security.web.authentication.ui.DefaultLogoutPageGeneratingFilter@57031f26, org.springframework.security.web.savedrequest.RequestCacheAwareFilter@8f8c4ad, org.springframework.security.web.servletapi.SecurityContextHolderAwareRequestFilter@592a729f, org.springframework.security.web.authentication.AnonymousAuthenticationFilter@633a13af, org.springframework.security.web.session.SessionManagementFilter@12d8a1f5, org.springframework.security.web.access.ExceptionTranslationFilter@673cbb9f, org.springframework.security.web.access.intercept.FilterSecurityInterceptor@1d2d476c]
15:20:06.872 [main] DEBUG o.s.b.f.s.DefaultListableBeanFactory - Creating shared instance of singleton bean 'webSecurityExpressionHandler'
15:20:06.872 [main] DEBUG o.s.b.f.s.DefaultListableBeanFactory - Creating shared instance of singleton bean 'privilegeEvaluator'
15:20:06.873 [main] DEBUG o.s.b.f.s.DefaultListableBeanFactory - Creating shared instance of singleton bean 'requestDataValueProcessor'
15:20:06.875 [main] DEBUG o.s.b.f.s.DefaultListableBeanFactory - Creating shared instance of singleton bean 'org.springframework.security.config.annotation.web.configuration.OAuth2ClientConfiguration'
15:20:06.875 [main] DEBUG o.s.b.f.s.DefaultListableBeanFactory - Creating shared instance of singleton bean 'org.springframework.security.config.annotation.web.configuration.HttpSecurityConfiguration'
15:20:06.878 [main] DEBUG o.s.b.f.s.DefaultListableBeanFactory - Creating shared instance of singleton bean 'adapterDeploymentContext'
15:20:06.909 [main] DEBUG org.jboss.logging - Logging Provider: org.jboss.logging.Slf4jLoggerProvider
15:20:06.915 [main] DEBUG o.s.b.f.s.DefaultListableBeanFactory - Creating shared instance of singleton bean 'keycloakAuthenticationProcessingFilter'
15:20:06.924 [main] DEBUG o.s.b.f.s.DefaultListableBeanFactory - Creating shared instance of singleton bean 'keycloakPreAuthActionsFilter'
15:20:06.924 [main] DEBUG o.s.b.f.s.DefaultListableBeanFactory - Creating shared instance of singleton bean 'httpSessionManager'
15:20:06.928 [main] DEBUG o.s.b.f.s.DefaultListableBeanFactory - Creating shared instance of singleton bean 'keycloakSecurityContextRequestFilter'
15:20:06.930 [main] DEBUG o.s.b.f.s.DefaultListableBeanFactory - Creating shared instance of singleton bean 'keycloakAuthenticatedActionsRequestFilter'
15:20:06.931 [main] DEBUG o.s.b.f.s.DefaultListableBeanFactory - Creating shared instance of singleton bean 'mvcPatternParser'
15:20:06.931 [main] DEBUG o.s.b.f.s.DefaultListableBeanFactory - Creating shared instance of singleton bean 'mvcUrlPathHelper'
15:20:06.932 [main] DEBUG o.s.b.f.s.DefaultListableBeanFactory - Creating shared instance of singleton bean 'mvcPathMatcher'
15:20:06.932 [main] DEBUG o.s.b.f.s.DefaultListableBeanFactory - Creating shared instance of singleton bean 'requestMappingHandlerAdapter'
15:20:06.933 [main] DEBUG o.s.b.f.s.DefaultListableBeanFactory - Creating shared instance of singleton bean 'mvcValidator'
15:20:06.973 [main] INFO  o.h.validator.internal.util.Version - HV000001: Hibernate Validator 6.1.5.Final
15:20:07.009 [main] DEBUG o.h.v.m.ResourceBundleMessageInterpolator - Loaded expression factory via original TCCL
15:20:07.009 [main] DEBUG o.h.v.i.e.AbstractConfigurationImpl - Setting custom MessageInterpolator of type org.springframework.validation.beanvalidation.LocaleContextMessageInterpolator
15:20:07.010 [main] DEBUG o.h.v.i.e.AbstractConfigurationImpl - Setting custom ConstraintValidatorFactory of type org.springframework.validation.beanvalidation.SpringConstraintValidatorFactory
15:20:07.010 [main] DEBUG o.h.v.i.e.AbstractConfigurationImpl - Setting custom ParameterNameProvider of type org.springframework.validation.beanvalidation.LocalValidatorFactoryBean$1
15:20:07.014 [main] DEBUG o.h.v.i.x.config.ValidationXmlParser - Trying to load META-INF/validation.xml for XML based Validator configuration.
15:20:07.015 [main] DEBUG o.h.v.i.x.c.ResourceLoaderHelper - Trying to load META-INF/validation.xml via user class loader
15:20:07.016 [main] DEBUG o.h.v.i.x.c.ResourceLoaderHelper - Trying to load META-INF/validation.xml via TCCL
15:20:07.016 [main] DEBUG o.h.v.i.x.c.ResourceLoaderHelper - Trying to load META-INF/validation.xml via Hibernate Validator's class loader
15:20:07.017 [main] DEBUG o.h.v.i.x.config.ValidationXmlParser - No META-INF/validation.xml found. Using annotation based configuration only.
15:20:07.024 [main] DEBUG o.h.v.i.e.r.TraversableResolvers - Found javax.persistence.Persistence on classpath containing 'getPersistenceUtil'. Assuming JPA 2 environment. Trying to instantiate JPA aware TraversableResolver
15:20:07.025 [main] DEBUG o.h.v.i.e.r.TraversableResolvers - Instantiated JPA aware TraversableResolver of type org.hibernate.validator.internal.engine.resolver.JPATraversableResolver.
15:20:07.184 [main] DEBUG o.h.v.i.e.ValidatorFactoryConfigurationHelper - HV000252: Using org.hibernate.validator.internal.engine.DefaultPropertyNodeNameProvider as property node name provider.
15:20:07.193 [main] DEBUG o.h.v.i.e.ValidatorFactoryConfigurationHelper - HV000234: Using org.springframework.validation.beanvalidation.LocaleContextMessageInterpolator as ValidatorFactory-scoped message interpolator.
15:20:07.193 [main] DEBUG o.h.v.i.e.ValidatorFactoryConfigurationHelper - HV000234: Using org.hibernate.validator.internal.engine.resolver.JPATraversableResolver as ValidatorFactory-scoped traversable resolver.
15:20:07.193 [main] DEBUG o.h.v.i.e.ValidatorFactoryConfigurationHelper - HV000234: Using org.hibernate.validator.internal.util.ExecutableParameterNameProvider as ValidatorFactory-scoped parameter name provider.
15:20:07.193 [main] DEBUG o.h.v.i.e.ValidatorFactoryConfigurationHelper - HV000234: Using org.hibernate.validator.internal.engine.DefaultClockProvider as ValidatorFactory-scoped clock provider.
15:20:07.193 [main] DEBUG o.h.v.i.e.ValidatorFactoryConfigurationHelper - HV000234: Using org.hibernate.validator.internal.engine.scripting.DefaultScriptEvaluatorFactory as ValidatorFactory-scoped script evaluator factory.
15:20:07.238 [main] DEBUG o.s.b.f.s.DefaultListableBeanFactory - Autowiring by type from bean name 'requestMappingHandlerAdapter' via factory method to bean named 'mvcContentNegotiationManager'
15:20:07.238 [main] DEBUG o.s.b.f.s.DefaultListableBeanFactory - Autowiring by type from bean name 'requestMappingHandlerAdapter' via factory method to bean named 'mvcConversionService'
15:20:07.238 [main] DEBUG o.s.b.f.s.DefaultListableBeanFactory - Autowiring by type from bean name 'requestMappingHandlerAdapter' via factory method to bean named 'mvcValidator'
15:20:07.274 [main] DEBUG o.s.w.s.m.m.a.RequestMappingHandlerAdapter - ControllerAdvice beans: 0 @ModelAttribute, 0 @InitBinder, 1 RequestBodyAdvice, 1 ResponseBodyAdvice
15:20:07.319 [main] DEBUG o.s.b.f.s.DefaultListableBeanFactory - Creating shared instance of singleton bean 'handlerFunctionAdapter'
15:20:07.322 [main] DEBUG o.s.b.f.s.DefaultListableBeanFactory - Creating shared instance of singleton bean 'mvcUriComponentsContributor'
15:20:07.323 [main] DEBUG o.s.b.f.s.DefaultListableBeanFactory - Autowiring by type from bean name 'mvcUriComponentsContributor' via factory method to bean named 'mvcConversionService'
15:20:07.323 [main] DEBUG o.s.b.f.s.DefaultListableBeanFactory - Autowiring by type from bean name 'mvcUriComponentsContributor' via factory method to bean named 'requestMappingHandlerAdapter'
15:20:07.326 [main] DEBUG o.s.b.f.s.DefaultListableBeanFactory - Creating shared instance of singleton bean 'httpRequestHandlerAdapter'
15:20:07.327 [main] DEBUG o.s.b.f.s.DefaultListableBeanFactory - Creating shared instance of singleton bean 'simpleControllerHandlerAdapter'
15:20:07.327 [main] DEBUG o.s.b.f.s.DefaultListableBeanFactory - Creating shared instance of singleton bean 'handlerExceptionResolver'
15:20:07.328 [main] DEBUG o.s.b.f.s.DefaultListableBeanFactory - Autowiring by type from bean name 'handlerExceptionResolver' via factory method to bean named 'mvcContentNegotiationManager'
15:20:07.336 [main] DEBUG o.s.w.s.m.m.a.ExceptionHandlerExceptionResolver - ControllerAdvice beans: 1 @ExceptionHandler, 1 ResponseBodyAdvice
15:20:07.339 [main] DEBUG o.s.b.f.s.DefaultListableBeanFactory - Creating shared instance of singleton bean 'mvcViewResolver'
15:20:07.339 [main] DEBUG o.s.b.f.s.DefaultListableBeanFactory - Autowiring by type from bean name 'mvcViewResolver' via factory method to bean named 'mvcContentNegotiationManager'
15:20:07.349 [main] DEBUG o.s.b.f.s.DefaultListableBeanFactory - Creating shared instance of singleton bean 'localeResolver'
15:20:07.350 [main] DEBUG o.s.b.f.s.DefaultListableBeanFactory - Creating shared instance of singleton bean 'themeResolver'
15:20:07.352 [main] DEBUG o.s.b.f.s.DefaultListableBeanFactory - Creating shared instance of singleton bean 'flashMapManager'
15:20:07.355 [main] DEBUG o.s.b.f.s.DefaultListableBeanFactory - Creating shared instance of singleton bean 'viewNameTranslator'
15:20:07.356 [main] DEBUG o.s.b.f.s.DefaultListableBeanFactory - Creating shared instance of singleton bean 'keycloakRestTemplate'
15:20:07.542 [main] DEBUG o.s.b.f.s.DefaultListableBeanFactory - Autowiring by type from bean name 'keycloakRestTemplate' via factory method to bean named 'keycloakClientRequestFactory'
15:20:07.550 [main] DEBUG o.s.b.f.s.DefaultListableBeanFactory - Creating shared instance of singleton bean 'workflowsDBDAOFactory'
15:20:07.599 [main] DEBUG o.s.b.f.s.DefaultListableBeanFactory - Creating shared instance of singleton bean 'transactionManager'
15:20:07.601 [main] DEBUG o.s.b.f.s.DefaultListableBeanFactory - Autowiring by type from bean name 'transactionManager' via factory method to bean named 'lazyDataSource'
15:20:07.612 [main] DEBUG o.s.b.f.s.DefaultListableBeanFactory - Creating shared instance of singleton bean 'gridaClient'
15:20:07.612 [main] DEBUG o.s.b.f.s.DefaultListableBeanFactory - Autowiring by type from bean name 'gridaClient' via factory method to bean named 'testServer'
15:20:07.614 [main] DEBUG o.s.b.f.s.DefaultListableBeanFactory - Creating shared instance of singleton bean 'gridaPoolClient'
15:20:07.614 [main] DEBUG o.s.b.f.s.DefaultListableBeanFactory - Autowiring by type from bean name 'gridaPoolClient' via factory method to bean named 'testServer'
15:20:07.623 [main] DEBUG o.s.c.e.EventListenerMethodProcessor - 1 @EventListener methods processed on bean 'coreDataInitializer': {public void fr.insalyon.creatis.vip.core.server.dao.mysql.CoreDataInitializer.onStartup()=@org.springframework.context.event.EventListener(classes=[org.springframework.context.event.ContextRefreshedEvent], condition=, id=, value=[org.springframework.context.event.ContextRefreshedEvent])}
15:20:07.625 [main] DEBUG o.s.c.e.EventListenerMethodProcessor - 1 @EventListener methods processed on bean 'dataManagerDataInitializer': {public void fr.insalyon.creatis.vip.datamanager.server.dao.mysql.DataManagerDataInitializer.onStartup()=@org.springframework.context.event.EventListener(classes=[org.springframework.context.event.ContextRefreshedEvent], condition=, id=, value=[org.springframework.context.event.ContextRefreshedEvent])}
15:20:07.628 [main] DEBUG o.s.c.e.EventListenerMethodProcessor - 1 @EventListener methods processed on bean 'applicationDataInitializer': {public void fr.insalyon.creatis.vip.application.server.dao.mysql.ApplicationDataInitializer.onStartup()=@org.springframework.context.event.EventListener(classes=[org.springframework.context.event.ContextRefreshedEvent], condition=, id=, value=[org.springframework.context.event.ContextRefreshedEvent])}
15:20:07.633 [main] DEBUG o.s.c.e.EventListenerMethodProcessor - 1 @EventListener methods processed on bean 'publicationDataInitializer': {public void fr.insalyon.creatis.vip.publication.server.dao.PublicationDataInitializer.onStartup()=@org.springframework.context.event.EventListener(classes=[org.springframework.context.event.ContextRefreshedEvent], condition=, id=, value=[org.springframework.context.event.ContextRefreshedEvent])}
15:20:07.633 [main] DEBUG o.s.c.e.EventListenerMethodProcessor - 1 @EventListener methods processed on bean 'messagingDataInitializer': {public void fr.insalyon.creatis.vip.social.server.dao.mysql.MessagingDataInitializer.onStartup()=@org.springframework.context.event.EventListener(classes=[org.springframework.context.event.ContextRefreshedEvent], condition=, id=, value=[org.springframework.context.event.ContextRefreshedEvent])}
15:20:07.653 [main] DEBUG o.s.j.d.DataSourceTransactionManager - Creating new transaction with name [fr.insalyon.creatis.vip.core.server.dao.mysql.CoreDataInitializer.onStartup]: PROPAGATION_REQUIRED,ISOLATION_DEFAULT
15:20:07.662 [main] DEBUG o.s.j.d.DataSourceTransactionManager - Acquired Connection [Lazy Connection proxy for target DataSource [org.springframework.jdbc.datasource.embedded.EmbeddedDatabaseFactory$EmbeddedDataSourceProxy@52b43d58]] for JDBC transaction
15:20:07.665 [main] DEBUG o.s.j.d.DataSourceTransactionManager - Switching JDBC Connection [Lazy Connection proxy for target DataSource [org.springframework.jdbc.datasource.embedded.EmbeddedDatabaseFactory$EmbeddedDataSourceProxy@52b43d58]] to manual commit
15:20:07.673 [main] INFO  f.i.c.v.c.s.d.m.CoreDataInitializer - Configuring VIP core database.
15:20:07.674 [main] DEBUG o.s.j.d.DataSourceTransactionManager - Participating in existing transaction
15:20:07.680 [main] DEBUG o.s.j.d.SimpleDriverDataSource - Creating new JDBC Driver Connection to [jdbc:h2:mem:ba96bb59-9e1a-47de-acd0-e23da0464830;DB_CLOSE_DELAY=-1;DB_CLOSE_ON_EXIT=false]
15:20:07.692 [main] INFO  f.i.c.v.c.s.d.mysql.TableInitializer - Table VIPUsers successfully created.
15:20:07.700 [main] DEBUG o.s.j.d.DataSourceTransactionManager - Participating in existing transaction
15:20:07.705 [main] DEBUG o.s.j.d.DataSourceTransactionManager - Participating in existing transaction
15:20:07.705 [main] INFO  f.i.c.v.c.s.d.mysql.TableInitializer - Table VIPGroups successfully created.
15:20:07.706 [main] DEBUG o.s.j.d.DataSourceTransactionManager - Participating in existing transaction
15:20:07.706 [main] DEBUG o.s.j.d.DataSourceTransactionManager - Participating in existing transaction
15:20:07.716 [main] INFO  f.i.c.v.c.s.d.mysql.TableInitializer - Table VIPUsersGroups successfully created.
15:20:07.717 [main] DEBUG o.s.j.d.DataSourceTransactionManager - Participating in existing transaction
15:20:07.718 [main] DEBUG o.s.j.d.DataSourceTransactionManager - Participating in existing transaction
15:20:07.722 [main] INFO  f.i.c.v.c.s.d.mysql.TableInitializer - Table VIPTermsOfuse successfully created.
15:20:07.723 [main] DEBUG o.s.j.d.DataSourceTransactionManager - Participating in existing transaction
15:20:07.724 [main] DEBUG o.s.j.d.DataSourceTransactionManager - Initiating transaction commit
15:20:07.725 [main] DEBUG o.s.j.d.DataSourceTransactionManager - Committing JDBC transaction on Connection [conn3: url=jdbc:h2:mem:ba96bb59-9e1a-47de-acd0-e23da0464830 user=SA]
15:20:07.725 [main] DEBUG o.s.j.d.DataSourceTransactionManager - Releasing JDBC Connection [conn3: url=jdbc:h2:mem:ba96bb59-9e1a-47de-acd0-e23da0464830 user=SA] after transaction
15:20:07.725 [main] DEBUG o.s.j.d.DataSourceTransactionManager - Creating new transaction with name [fr.insalyon.creatis.vip.datamanager.server.dao.mysql.DataManagerDataInitializer.onStartup]: PROPAGATION_REQUIRED,ISOLATION_DEFAULT
15:20:07.726 [main] DEBUG o.s.j.d.DataSourceTransactionManager - Acquired Connection [Lazy Connection proxy for target DataSource [org.springframework.jdbc.datasource.embedded.EmbeddedDatabaseFactory$EmbeddedDataSourceProxy@52b43d58]] for JDBC transaction
15:20:07.727 [main] DEBUG o.s.j.d.DataSourceTransactionManager - Switching JDBC Connection [Lazy Connection proxy for target DataSource [org.springframework.jdbc.datasource.embedded.EmbeddedDatabaseFactory$EmbeddedDataSourceProxy@52b43d58]] to manual commit
15:20:07.735 [main] INFO  f.i.c.v.d.s.d.m.DataManagerDataInitializer - Configuring VIP SSH database.
15:20:07.735 [main] DEBUG o.s.j.d.DataSourceTransactionManager - Participating in existing transaction
15:20:07.736 [main] DEBUG o.s.j.d.SimpleDriverDataSource - Creating new JDBC Driver Connection to [jdbc:h2:mem:ba96bb59-9e1a-47de-acd0-e23da0464830;DB_CLOSE_DELAY=-1;DB_CLOSE_ON_EXIT=false]
15:20:07.739 [main] INFO  f.i.c.v.c.s.d.mysql.TableInitializer - Table VIPSSHAccounts successfully created.
15:20:07.739 [main] INFO  f.i.c.v.d.s.d.m.DataManagerDataInitializer - Configuring VIP External Platforms database.
15:20:07.739 [main] DEBUG o.s.j.d.DataSourceTransactionManager - Participating in existing transaction
15:20:07.740 [main] INFO  f.i.c.v.c.s.d.mysql.TableInitializer - Table VIPExternalPlatforms successfully created.
15:20:07.740 [main] INFO  f.i.c.v.d.s.d.m.DataManagerDataInitializer - Configuring VIP api keys database.
15:20:07.740 [main] DEBUG o.s.j.d.DataSourceTransactionManager - Participating in existing transaction
15:20:07.743 [main] INFO  f.i.c.v.c.s.d.mysql.TableInitializer - Table VIPApiKeys successfully created.
15:20:07.743 [main] DEBUG o.s.j.d.DataSourceTransactionManager - Initiating transaction commit
15:20:07.743 [main] DEBUG o.s.j.d.DataSourceTransactionManager - Committing JDBC transaction on Connection [conn4: url=jdbc:h2:mem:ba96bb59-9e1a-47de-acd0-e23da0464830 user=SA]
15:20:07.743 [main] DEBUG o.s.j.d.DataSourceTransactionManager - Releasing JDBC Connection [conn4: url=jdbc:h2:mem:ba96bb59-9e1a-47de-acd0-e23da0464830 user=SA] after transaction
15:20:07.744 [main] DEBUG o.s.j.d.DataSourceTransactionManager - Creating new transaction with name [fr.insalyon.creatis.vip.application.server.dao.mysql.ApplicationDataInitializer.onStartup]: PROPAGATION_REQUIRED,ISOLATION_DEFAULT
15:20:07.744 [main] DEBUG o.s.j.d.DataSourceTransactionManager - Acquired Connection [Lazy Connection proxy for target DataSource [org.springframework.jdbc.datasource.embedded.EmbeddedDatabaseFactory$EmbeddedDataSourceProxy@52b43d58]] for JDBC transaction
15:20:07.745 [main] DEBUG o.s.j.d.DataSourceTransactionManager - Switching JDBC Connection [Lazy Connection proxy for target DataSource [org.springframework.jdbc.datasource.embedded.EmbeddedDatabaseFactory$EmbeddedDataSourceProxy@52b43d58]] to manual commit
15:20:07.752 [main] INFO  f.i.c.v.a.s.d.m.ApplicationDataInitializer - Configuring VIP Application database.
15:20:07.753 [main] DEBUG o.s.j.d.DataSourceTransactionManager - Participating in existing transaction
15:20:07.753 [main] DEBUG o.s.j.d.SimpleDriverDataSource - Creating new JDBC Driver Connection to [jdbc:h2:mem:ba96bb59-9e1a-47de-acd0-e23da0464830;DB_CLOSE_DELAY=-1;DB_CLOSE_ON_EXIT=false]
15:20:07.754 [main] INFO  f.i.c.v.c.s.d.mysql.TableInitializer - Table VIPEngines successfully created.
15:20:07.754 [main] DEBUG o.s.j.d.DataSourceTransactionManager - Participating in existing transaction
15:20:07.755 [main] INFO  f.i.c.v.c.s.d.mysql.TableInitializer - Table VIPClasses successfully created.
15:20:07.755 [main] DEBUG o.s.j.d.DataSourceTransactionManager - Participating in existing transaction
15:20:07.757 [main] INFO  f.i.c.v.c.s.d.mysql.TableInitializer - Table VIPClassesEngines successfully created.
15:20:07.757 [main] DEBUG o.s.j.d.DataSourceTransactionManager - Participating in existing transaction
15:20:07.759 [main] INFO  f.i.c.v.c.s.d.mysql.TableInitializer - Table VIPGroupsClasses successfully created.
15:20:07.759 [main] DEBUG o.s.j.d.DataSourceTransactionManager - Participating in existing transaction
15:20:07.760 [main] INFO  f.i.c.v.c.s.d.mysql.TableInitializer - Table VIPApplications successfully created.
15:20:07.761 [main] DEBUG o.s.j.d.DataSourceTransactionManager - Participating in existing transaction
15:20:07.762 [main] INFO  f.i.c.v.c.s.d.mysql.TableInitializer - Table VIPAppVersions successfully created.
15:20:07.762 [main] DEBUG o.s.j.d.DataSourceTransactionManager - Participating in existing transaction
15:20:07.764 [main] INFO  f.i.c.v.c.s.d.mysql.TableInitializer - Table VIPApplicationClasses successfully created.
15:20:07.764 [main] DEBUG o.s.j.d.DataSourceTransactionManager - Participating in existing transaction
15:20:07.766 [main] INFO  f.i.c.v.c.s.d.mysql.TableInitializer - Table VIPAppInputs successfully created.
15:20:07.766 [main] DEBUG o.s.j.d.DataSourceTransactionManager - Participating in existing transaction
15:20:07.766 [main] INFO  f.i.c.v.c.s.d.mysql.TableInitializer - Table VIPAppExamples successfully created.
15:20:07.767 [main] DEBUG o.s.j.d.DataSourceTransactionManager - Initiating transaction commit
15:20:07.767 [main] DEBUG o.s.j.d.DataSourceTransactionManager - Committing JDBC transaction on Connection [conn5: url=jdbc:h2:mem:ba96bb59-9e1a-47de-acd0-e23da0464830 user=SA]
15:20:07.767 [main] DEBUG o.s.j.d.DataSourceTransactionManager - Releasing JDBC Connection [conn5: url=jdbc:h2:mem:ba96bb59-9e1a-47de-acd0-e23da0464830 user=SA] after transaction
15:20:07.767 [main] DEBUG o.s.j.d.DataSourceTransactionManager - Creating new transaction with name [fr.insalyon.creatis.vip.social.server.dao.mysql.MessagingDataInitializer.onStartup]: PROPAGATION_REQUIRED,ISOLATION_DEFAULT
15:20:07.768 [main] DEBUG o.s.j.d.DataSourceTransactionManager - Acquired Connection [Lazy Connection proxy for target DataSource [org.springframework.jdbc.datasource.embedded.EmbeddedDatabaseFactory$EmbeddedDataSourceProxy@52b43d58]] for JDBC transaction
15:20:07.768 [main] DEBUG o.s.j.d.DataSourceTransactionManager - Switching JDBC Connection [Lazy Connection proxy for target DataSource [org.springframework.jdbc.datasource.embedded.EmbeddedDatabaseFactory$EmbeddedDataSourceProxy@52b43d58]] to manual commit
15:20:07.773 [main] INFO  f.i.c.v.s.s.d.m.MessagingDataInitializer - Configuring VIP Social database.
15:20:07.773 [main] DEBUG o.s.j.d.DataSourceTransactionManager - Participating in existing transaction
15:20:07.773 [main] DEBUG o.s.j.d.SimpleDriverDataSource - Creating new JDBC Driver Connection to [jdbc:h2:mem:ba96bb59-9e1a-47de-acd0-e23da0464830;DB_CLOSE_DELAY=-1;DB_CLOSE_ON_EXIT=false]
15:20:07.776 [main] INFO  f.i.c.v.c.s.d.mysql.TableInitializer - Table VIPSocialMessage successfully created.
15:20:07.776 [main] DEBUG o.s.j.d.DataSourceTransactionManager - Participating in existing transaction
15:20:07.778 [main] INFO  f.i.c.v.c.s.d.mysql.TableInitializer - Table VIPSocialMessageSenderReceiver successfully created.
15:20:07.778 [main] DEBUG o.s.j.d.DataSourceTransactionManager - Participating in existing transaction
15:20:07.780 [main] INFO  f.i.c.v.c.s.d.mysql.TableInitializer - Table VIPSocialGroupMessage successfully created.
15:20:07.780 [main] DEBUG o.s.j.d.DataSourceTransactionManager - Initiating transaction commit
15:20:07.780 [main] DEBUG o.s.j.d.DataSourceTransactionManager - Committing JDBC transaction on Connection [conn6: url=jdbc:h2:mem:ba96bb59-9e1a-47de-acd0-e23da0464830 user=SA]
15:20:07.780 [main] DEBUG o.s.j.d.DataSourceTransactionManager - Releasing JDBC Connection [conn6: url=jdbc:h2:mem:ba96bb59-9e1a-47de-acd0-e23da0464830 user=SA] after transaction
15:20:07.781 [main] DEBUG o.s.j.d.DataSourceTransactionManager - Creating new transaction with name [fr.insalyon.creatis.vip.publication.server.dao.PublicationDataInitializer.onStartup]: PROPAGATION_REQUIRED,ISOLATION_DEFAULT
15:20:07.781 [main] DEBUG o.s.j.d.DataSourceTransactionManager - Acquired Connection [Lazy Connection proxy for target DataSource [org.springframework.jdbc.datasource.embedded.EmbeddedDatabaseFactory$EmbeddedDataSourceProxy@52b43d58]] for JDBC transaction
15:20:07.782 [main] DEBUG o.s.j.d.DataSourceTransactionManager - Switching JDBC Connection [Lazy Connection proxy for target DataSource [org.springframework.jdbc.datasource.embedded.EmbeddedDatabaseFactory$EmbeddedDataSourceProxy@52b43d58]] to manual commit
15:20:07.786 [main] INFO  f.i.c.v.p.s.d.PublicationDataInitializer - Configuring VIP Publication database.
15:20:07.786 [main] DEBUG o.s.j.d.DataSourceTransactionManager - Participating in existing transaction
15:20:07.787 [main] DEBUG o.s.j.d.SimpleDriverDataSource - Creating new JDBC Driver Connection to [jdbc:h2:mem:ba96bb59-9e1a-47de-acd0-e23da0464830;DB_CLOSE_DELAY=-1;DB_CLOSE_ON_EXIT=false]
15:20:07.790 [main] INFO  f.i.c.v.c.s.d.mysql.TableInitializer - Table VIPPublication successfully created.
15:20:07.790 [main] DEBUG o.s.j.d.DataSourceTransactionManager - Initiating transaction commit
15:20:07.790 [main] DEBUG o.s.j.d.DataSourceTransactionManager - Committing JDBC transaction on Connection [conn7: url=jdbc:h2:mem:ba96bb59-9e1a-47de-acd0-e23da0464830 user=SA]
15:20:07.790 [main] DEBUG o.s.j.d.DataSourceTransactionManager - Releasing JDBC Connection [conn7: url=jdbc:h2:mem:ba96bb59-9e1a-47de-acd0-e23da0464830 user=SA] after transaction
15:20:07.790 [main] DEBUG f.i.c.vip.api.business.VipConfigurer - first check : configure VIP
15:20:07.790 [main] INFO  f.i.c.vip.api.business.VipConfigurer - New VIP configuration necessary
15:20:07.790 [main] DEBUG o.s.j.d.DataSourceTransactionManager - Creating new transaction with name [fr.insalyon.creatis.vip.core.server.business.ConfigurationBusiness.configure]: PROPAGATION_REQUIRED,ISOLATION_DEFAULT
15:20:07.791 [main] DEBUG o.s.j.d.DataSourceTransactionManager - Acquired Connection [Lazy Connection proxy for target DataSource [org.springframework.jdbc.datasource.embedded.EmbeddedDatabaseFactory$EmbeddedDataSourceProxy@52b43d58]] for JDBC transaction
15:20:07.791 [main] DEBUG o.s.j.d.DataSourceTransactionManager - Switching JDBC Connection [Lazy Connection proxy for target DataSource [org.springframework.jdbc.datasource.embedded.EmbeddedDatabaseFactory$EmbeddedDataSourceProxy@52b43d58]] to manual commit
15:20:07.802 [main] DEBUG f.i.c.v.c.s.b.ConfigurationBusiness - Configuring VIP server proxy.
15:20:07.804 [main] DEBUG o.s.j.d.DataSourceTransactionManager - Initiating transaction commit
15:20:07.804 [main] DEBUG o.s.j.d.DataSourceTransactionManager - Committing JDBC transaction on Connection [Lazy Connection proxy for target DataSource [org.springframework.jdbc.datasource.embedded.EmbeddedDatabaseFactory$EmbeddedDataSourceProxy@52b43d58]]
15:20:07.805 [main] DEBUG o.s.j.d.DataSourceTransactionManager - Releasing JDBC Connection [Lazy Connection proxy for target DataSource [org.springframework.jdbc.datasource.embedded.EmbeddedDatabaseFactory$EmbeddedDataSourceProxy@52b43d58]] after transaction
15:20:07.808 [main] DEBUG o.springframework.jndi.JndiTemplate - Looking up JNDI object with name [java:comp/env/spring.liveBeansView.mbeanDomain]
15:20:07.808 [main] DEBUG jndi - InitialContextFactory.getInitialContext()
15:20:07.808 [main] DEBUG jndi - Created initial context delegate for local namespace:org.eclipse.jetty.jndi.local.localContextRoot@1ad90058
15:20:07.808 [main] DEBUG o.e.j.j.java.javaURLContextFactory - >>> new root context requested 
15:20:07.808 [main] DEBUG jndi - Looking up name="comp/env/spring.liveBeansView.mbeanDomain"
15:20:07.809 [main] DEBUG jndi - Trying thread context classloader
15:20:07.809 [main] DEBUG jndi - Looking up name="env/spring.liveBeansView.mbeanDomain"
15:20:07.809 [main] DEBUG o.s.jndi.JndiLocatorDelegate - Converted JNDI name [java:comp/env/spring.liveBeansView.mbeanDomain] not found - trying original name [spring.liveBeansView.mbeanDomain]. javax.naming.NameNotFoundException; remaining name 'env/spring.liveBeansView.mbeanDomain'
15:20:07.809 [main] DEBUG o.springframework.jndi.JndiTemplate - Looking up JNDI object with name [spring.liveBeansView.mbeanDomain]
15:20:07.809 [main] DEBUG jndi - InitialContextFactory.getInitialContext()
15:20:07.809 [main] DEBUG jndi - Created initial context delegate for local namespace:org.eclipse.jetty.jndi.local.localContextRoot@cbb261f
15:20:07.809 [main] DEBUG jndi - Looking up name="spring.liveBeansView.mbeanDomain"
15:20:07.809 [main] DEBUG o.s.jndi.JndiPropertySource - JNDI lookup for name [spring.liveBeansView.mbeanDomain] threw NamingException with message: null. Returning null.
15:20:07.811 [main] DEBUG o.s.t.c.c.DefaultCacheAwareContextLoaderDelegate - Storing ApplicationContext [735200015] in cache under key [[WebMergedContextConfiguration@77f4038c testClass = VipWebConfigurationIT, locations = '{}', classes = '{class fr.insalyon.creatis.vip.core.server.SpringCoreConfig}', contextInitializerClasses = '[]', activeProfiles = '{test-db, test}', propertySourceLocations = '{}', propertySourceProperties = '{db.tableEngine=, vipConfigFolder=classpath:}', contextCustomizers = set[[empty]], resourceBasePath = 'src/main/webapp', contextLoader = 'org.springframework.test.context.web.WebDelegatingSmartContextLoader', parent = [null]]]
15:20:07.812 [main] DEBUG o.springframework.test.context.cache - Spring test ApplicationContext cache statistics: [DefaultContextCache@909ac95 size = 1, maxSize = 32, parentContextCount = 0, hitCount = 0, missCount = 1]
15:20:07.812 [main] DEBUG o.s.t.c.w.ServletTestExecutionListener - Setting up MockHttpServletRequest, MockHttpServletResponse, ServletWebRequest, and RequestContextHolder for test context [DefaultTestContext@27a90ce5 testClass = VipWebConfigurationIT, testInstance = fr.insalyon.creatis.vip.integrationtest.VipWebConfigurationIT@20e5f5ae, testMethod = [null], testException = [null], mergedContextConfiguration = [WebMergedContextConfiguration@77f4038c testClass = VipWebConfigurationIT, locations = '{}', classes = '{class fr.insalyon.creatis.vip.core.server.SpringCoreConfig}', contextInitializerClasses = '[]', activeProfiles = '{test-db, test}', propertySourceLocations = '{}', propertySourceProperties = '{db.tableEngine=, vipConfigFolder=classpath:}', contextCustomizers = set[[empty]], resourceBasePath = 'src/main/webapp', contextLoader = 'org.springframework.test.context.web.WebDelegatingSmartContextLoader', parent = [null]], attributes = map[[empty]]].
15:20:07.830 [main] DEBUG o.s.t.c.s.DependencyInjectionTestExecutionListener - Performing dependency injection for test context [[DefaultTestContext@27a90ce5 testClass = VipWebConfigurationIT, testInstance = fr.insalyon.creatis.vip.integrationtest.VipWebConfigurationIT@20e5f5ae, testMethod = [null], testException = [null], mergedContextConfiguration = [WebMergedContextConfiguration@77f4038c testClass = VipWebConfigurationIT, locations = '{}', classes = '{class fr.insalyon.creatis.vip.core.server.SpringCoreConfig}', contextInitializerClasses = '[]', activeProfiles = '{test-db, test}', propertySourceLocations = '{}', propertySourceProperties = '{db.tableEngine=, vipConfigFolder=classpath:}', contextCustomizers = set[[empty]], resourceBasePath = 'src/main/webapp', contextLoader = 'org.springframework.test.context.web.WebDelegatingSmartContextLoader', parent = [null]], attributes = map['org.springframework.test.context.web.ServletTestExecutionListener.populatedRequestContextHolder' -> true, 'org.springframework.test.context.web.ServletTestExecutionListener.resetRequestContextHolder' -> true, 'org.springframework.test.context.event.ApplicationEventsTestExecutionListener.recordApplicationEvents' -> false]]].
15:20:07.831 [main] DEBUG o.s.t.c.c.DefaultCacheAwareContextLoaderDelegate - Retrieved ApplicationContext [735200015] from cache with key [[WebMergedContextConfiguration@77f4038c testClass = VipWebConfigurationIT, locations = '{}', classes = '{class fr.insalyon.creatis.vip.core.server.SpringCoreConfig}', contextInitializerClasses = '[]', activeProfiles = '{test-db, test}', propertySourceLocations = '{}', propertySourceProperties = '{db.tableEngine=, vipConfigFolder=classpath:}', contextCustomizers = set[[empty]], resourceBasePath = 'src/main/webapp', contextLoader = 'org.springframework.test.context.web.WebDelegatingSmartContextLoader', parent = [null]]]
15:20:07.831 [main] DEBUG o.springframework.test.context.cache - Spring test ApplicationContext cache statistics: [DefaultContextCache@909ac95 size = 1, maxSize = 32, parentContextCount = 0, hitCount = 1, missCount = 1]
15:20:07.834 [main] DEBUG o.s.t.c.c.DefaultCacheAwareContextLoaderDelegate - Retrieved ApplicationContext [735200015] from cache with key [[WebMergedContextConfiguration@77f4038c testClass = VipWebConfigurationIT, locations = '{}', classes = '{class fr.insalyon.creatis.vip.core.server.SpringCoreConfig}', contextInitializerClasses = '[]', activeProfiles = '{test-db, test}', propertySourceLocations = '{}', propertySourceProperties = '{db.tableEngine=, vipConfigFolder=classpath:}', contextCustomizers = set[[empty]], resourceBasePath = 'src/main/webapp', contextLoader = 'org.springframework.test.context.web.WebDelegatingSmartContextLoader', parent = [null]]]
15:20:07.834 [main] DEBUG o.springframework.test.context.cache - Spring test ApplicationContext cache statistics: [DefaultContextCache@909ac95 size = 1, maxSize = 32, parentContextCount = 0, hitCount = 2, missCount = 1]
15:20:07.850 [main] DEBUG o.s.t.c.s.AbstractDirtiesContextTestExecutionListener - Before test method: context [DefaultTestContext@27a90ce5 testClass = VipWebConfigurationIT, testInstance = fr.insalyon.creatis.vip.integrationtest.VipWebConfigurationIT@20e5f5ae, testMethod = testGetPipelines@VipWebConfigurationIT, testException = [null], mergedContextConfiguration = [WebMergedContextConfiguration@77f4038c testClass = VipWebConfigurationIT, locations = '{}', classes = '{class fr.insalyon.creatis.vip.core.server.SpringCoreConfig}', contextInitializerClasses = '[]', activeProfiles = '{test-db, test}', propertySourceLocations = '{}', propertySourceProperties = '{db.tableEngine=, vipConfigFolder=classpath:}', contextCustomizers = set[[empty]], resourceBasePath = 'src/main/webapp', contextLoader = 'org.springframework.test.context.web.WebDelegatingSmartContextLoader', parent = [null]], attributes = map['org.springframework.test.context.web.ServletTestExecutionListener.populatedRequestContextHolder' -> true, 'org.springframework.test.context.web.ServletTestExecutionListener.resetRequestContextHolder' -> true, 'org.springframework.test.context.event.ApplicationEventsTestExecutionListener.recordApplicationEvents' -> false]], class annotated with @DirtiesContext [false] with mode [null], method annotated with @DirtiesContext [false] with mode [null].
15:20:07.853 [main] DEBUG o.s.t.c.t.TransactionalTestExecutionListener - Explicit transaction definition [PROPAGATION_REQUIRED,ISOLATION_DEFAULT] found for test context [DefaultTestContext@27a90ce5 testClass = VipWebConfigurationIT, testInstance = fr.insalyon.creatis.vip.integrationtest.VipWebConfigurationIT@20e5f5ae, testMethod = testGetPipelines@VipWebConfigurationIT, testException = [null], mergedContextConfiguration = [WebMergedContextConfiguration@77f4038c testClass = VipWebConfigurationIT, locations = '{}', classes = '{class fr.insalyon.creatis.vip.core.server.SpringCoreConfig}', contextInitializerClasses = '[]', activeProfiles = '{test-db, test}', propertySourceLocations = '{}', propertySourceProperties = '{db.tableEngine=, vipConfigFolder=classpath:}', contextCustomizers = set[[empty]], resourceBasePath = 'src/main/webapp', contextLoader = 'org.springframework.test.context.web.WebDelegatingSmartContextLoader', parent = [null]], attributes = map['org.springframework.test.context.web.ServletTestExecutionListener.populatedRequestContextHolder' -> true, 'org.springframework.test.context.web.ServletTestExecutionListener.resetRequestContextHolder' -> true, 'org.springframework.test.context.event.ApplicationEventsTestExecutionListener.recordApplicationEvents' -> false]]
15:20:07.853 [main] DEBUG o.s.t.c.c.DefaultCacheAwareContextLoaderDelegate - Retrieved ApplicationContext [735200015] from cache with key [[WebMergedContextConfiguration@77f4038c testClass = VipWebConfigurationIT, locations = '{}', classes = '{class fr.insalyon.creatis.vip.core.server.SpringCoreConfig}', contextInitializerClasses = '[]', activeProfiles = '{test-db, test}', propertySourceLocations = '{}', propertySourceProperties = '{db.tableEngine=, vipConfigFolder=classpath:}', contextCustomizers = set[[empty]], resourceBasePath = 'src/main/webapp', contextLoader = 'org.springframework.test.context.web.WebDelegatingSmartContextLoader', parent = [null]]]
15:20:07.853 [main] DEBUG o.springframework.test.context.cache - Spring test ApplicationContext cache statistics: [DefaultContextCache@909ac95 size = 1, maxSize = 32, parentContextCount = 0, hitCount = 3, missCount = 1]
15:20:07.856 [main] DEBUG o.s.t.c.t.TransactionalTestExecutionListener - No method-level @Rollback override: using default rollback [true] for test context [DefaultTestContext@27a90ce5 testClass = VipWebConfigurationIT, testInstance = fr.insalyon.creatis.vip.integrationtest.VipWebConfigurationIT@20e5f5ae, testMethod = testGetPipelines@VipWebConfigurationIT, testException = [null], mergedContextConfiguration = [WebMergedContextConfiguration@77f4038c testClass = VipWebConfigurationIT, locations = '{}', classes = '{class fr.insalyon.creatis.vip.core.server.SpringCoreConfig}', contextInitializerClasses = '[]', activeProfiles = '{test-db, test}', propertySourceLocations = '{}', propertySourceProperties = '{db.tableEngine=, vipConfigFolder=classpath:}', contextCustomizers = set[[empty]], resourceBasePath = 'src/main/webapp', contextLoader = 'org.springframework.test.context.web.WebDelegatingSmartContextLoader', parent = [null]], attributes = map['org.springframework.test.context.web.ServletTestExecutionListener.populatedRequestContextHolder' -> true, 'org.springframework.test.context.web.ServletTestExecutionListener.resetRequestContextHolder' -> true, 'org.springframework.test.context.event.ApplicationEventsTestExecutionListener.recordApplicationEvents' -> false]].
15:20:07.856 [main] DEBUG o.s.j.d.DataSourceTransactionManager - Creating new transaction with name [fr.insalyon.creatis.vip.integrationtest.VipWebConfigurationIT.testGetPipelines]: PROPAGATION_REQUIRED,ISOLATION_DEFAULT
15:20:07.857 [main] DEBUG o.s.j.d.DataSourceTransactionManager - Acquired Connection [Lazy Connection proxy for target DataSource [org.springframework.jdbc.datasource.embedded.EmbeddedDatabaseFactory$EmbeddedDataSourceProxy@52b43d58]] for JDBC transaction
15:20:07.857 [main] DEBUG o.s.j.d.DataSourceTransactionManager - Switching JDBC Connection [Lazy Connection proxy for target DataSource [org.springframework.jdbc.datasource.embedded.EmbeddedDatabaseFactory$EmbeddedDataSourceProxy@52b43d58]] to manual commit
15:20:07.858 [main] INFO  o.s.t.c.t.TransactionContext - Began transaction (1) for test context [DefaultTestContext@27a90ce5 testClass = VipWebConfigurationIT, testInstance = fr.insalyon.creatis.vip.integrationtest.VipWebConfigurationIT@20e5f5ae, testMethod = testGetPipelines@VipWebConfigurationIT, testException = [null], mergedContextConfiguration = [WebMergedContextConfiguration@77f4038c testClass = VipWebConfigurationIT, locations = '{}', classes = '{class fr.insalyon.creatis.vip.core.server.SpringCoreConfig}', contextInitializerClasses = '[]', activeProfiles = '{test-db, test}', propertySourceLocations = '{}', propertySourceProperties = '{db.tableEngine=, vipConfigFolder=classpath:}', contextCustomizers = set[[empty]], resourceBasePath = 'src/main/webapp', contextLoader = 'org.springframework.test.context.web.WebDelegatingSmartContextLoader', parent = [null]], attributes = map['org.springframework.test.context.web.ServletTestExecutionListener.populatedRequestContextHolder' -> true, 'org.springframework.test.context.web.ServletTestExecutionListener.resetRequestContextHolder' -> true, 'org.springframework.test.context.event.ApplicationEventsTestExecutionListener.recordApplicationEvents' -> false]]; transaction manager [org.springframework.jdbc.datasource.DataSourceTransactionManager@77d19368]; rollback [true]
15:20:07.862 [main] DEBUG o.s.t.c.c.DefaultCacheAwareContextLoaderDelegate - Retrieved ApplicationContext [735200015] from cache with key [[WebMergedContextConfiguration@77f4038c testClass = VipWebConfigurationIT, locations = '{}', classes = '{class fr.insalyon.creatis.vip.core.server.SpringCoreConfig}', contextInitializerClasses = '[]', activeProfiles = '{test-db, test}', propertySourceLocations = '{}', propertySourceProperties = '{db.tableEngine=, vipConfigFolder=classpath:}', contextCustomizers = set[[empty]], resourceBasePath = 'src/main/webapp', contextLoader = 'org.springframework.test.context.web.WebDelegatingSmartContextLoader', parent = [null]]]
15:20:07.862 [main] DEBUG o.springframework.test.context.cache - Spring test ApplicationContext cache statistics: [DefaultContextCache@909ac95 size = 1, maxSize = 32, parentContextCount = 0, hitCount = 4, missCount = 1]
15:20:07.908 [main] INFO  o.s.mock.web.MockServletContext - Initializing Spring TestDispatcherServlet ''
15:20:07.908 [main] INFO  o.s.t.w.s.TestDispatcherServlet - Initializing Servlet ''
15:20:07.908 [main] DEBUG o.s.t.w.s.TestDispatcherServlet - Detected AcceptHeaderLocaleResolver
15:20:07.908 [main] DEBUG o.s.t.w.s.TestDispatcherServlet - Detected FixedThemeResolver
15:20:07.910 [main] DEBUG o.s.t.w.s.TestDispatcherServlet - Detected org.springframework.web.servlet.view.DefaultRequestToViewNameTranslator@68699e41
15:20:07.910 [main] DEBUG o.s.t.w.s.TestDispatcherServlet - Detected org.springframework.web.servlet.support.SessionFlashMapManager@251991d2
15:20:07.910 [main] DEBUG o.s.t.w.s.TestDispatcherServlet - enableLoggingRequestDetails='false': request parameters and headers will be masked to prevent unsafe logging of potentially sensitive data
15:20:07.910 [main] INFO  o.s.t.w.s.TestDispatcherServlet - Completed initialization in 2 ms
15:20:07.912 [main] DEBUG o.s.t.c.c.DefaultCacheAwareContextLoaderDelegate - Retrieved ApplicationContext [735200015] from cache with key [[WebMergedContextConfiguration@77f4038c testClass = VipWebConfigurationIT, locations = '{}', classes = '{class fr.insalyon.creatis.vip.core.server.SpringCoreConfig}', contextInitializerClasses = '[]', activeProfiles = '{test-db, test}', propertySourceLocations = '{}', propertySourceProperties = '{db.tableEngine=, vipConfigFolder=classpath:}', contextCustomizers = set[[empty]], resourceBasePath = 'src/main/webapp', contextLoader = 'org.springframework.test.context.web.WebDelegatingSmartContextLoader', parent = [null]]]
15:20:07.913 [main] DEBUG o.springframework.test.context.cache - Spring test ApplicationContext cache statistics: [DefaultContextCache@909ac95 size = 1, maxSize = 32, parentContextCount = 0, hitCount = 5, missCount = 1]
15:20:07.918 [main] DEBUG o.s.j.d.DataSourceTransactionManager - Participating in existing transaction
User = testEmail@test.tst
15:20:07.919 [main] INFO  f.i.c.v.c.s.b.ConfigurationBusiness - verifying testEmail@test.tst. List of undesired mail domains: . 
15:20:07.919 [main] INFO  f.i.c.v.c.s.b.ConfigurationBusiness - Signing up . List of undesired countries: .
15:20:07.924 [main] DEBUG o.s.j.d.DataSourceTransactionManager - Participating in existing transaction
15:20:07.925 [main] DEBUG o.s.j.d.SimpleDriverDataSource - Creating new JDBC Driver Connection to [jdbc:h2:mem:ba96bb59-9e1a-47de-acd0-e23da0464830;DB_CLOSE_DELAY=-1;DB_CLOSE_ON_EXIT=false]
15:20:07.928 [main] INFO  f.i.c.v.c.s.b.ConfigurationBusiness - Sending confirmation email to 'testEmail@test.tst'.
15:20:07.942 [main] DEBUG o.s.j.d.DataSourceTransactionManager - Participating in existing transaction
15:20:07.954 [main] DEBUG o.s.test.util.ReflectionTestUtils - Invoking method 'getFilters' on target object [FilterChainProxy[Filter Chains: [DefaultSecurityFilterChain [RequestMatcher=Ant [pattern='/rest/**'], Filters=[org.springframework.security.web.context.request.async.WebAsyncManagerIntegrationFilter@2824afa8, org.springframework.security.web.context.SecurityContextPersistenceFilter@3deaf099, org.springframework.security.web.header.HeaderWriterFilter@60b163fa, org.springframework.web.filter.CorsFilter@32d4ad7b, org.springframework.security.web.authentication.logout.LogoutFilter@40836b3f, fr.insalyon.creatis.vip.api.security.apikey.ApikeyAuthenticationFilter@1c4501e8, org.springframework.security.web.savedrequest.RequestCacheAwareFilter@3b7fd6de, org.springframework.security.web.servletapi.SecurityContextHolderAwareRequestFilter@3449885a, org.springframework.security.web.authentication.AnonymousAuthenticationFilter@c47ff28, org.springframework.security.web.session.SessionManagementFilter@59fb8e49, org.springframework.security.web.access.ExceptionTranslationFilter@44f79f8, org.springframework.security.web.access.intercept.FilterSecurityInterceptor@7d07269a]], DefaultSecurityFilterChain [RequestMatcher=any request, Filters=[org.springframework.security.web.context.request.async.WebAsyncManagerIntegrationFilter@38330160, org.springframework.security.web.context.SecurityContextPersistenceFilter@a1a6632, org.springframework.security.web.header.HeaderWriterFilter@6ae77c99, org.springframework.web.filter.CorsFilter@6060e240, org.springframework.security.web.authentication.logout.LogoutFilter@194b00bd, org.springframework.security.oauth2.client.web.OAuth2AuthorizationRequestRedirectFilter@61baddcf, org.springframework.security.oauth2.client.web.OAuth2LoginAuthenticationFilter@4d61b62, org.springframework.security.web.authentication.ui.DefaultLoginPageGeneratingFilter@eaab746, org.springframework.security.web.authentication.ui.DefaultLogoutPageGeneratingFilter@57031f26, org.springframework.security.web.savedrequest.RequestCacheAwareFilter@8f8c4ad, org.springframework.security.web.servletapi.SecurityContextHolderAwareRequestFilter@592a729f, org.springframework.security.web.authentication.AnonymousAuthenticationFilter@633a13af, org.springframework.security.web.session.SessionManagementFilter@12d8a1f5, org.springframework.security.web.access.ExceptionTranslationFilter@673cbb9f, org.springframework.security.web.access.intercept.FilterSecurityInterceptor@1d2d476c]]]]] or target class [null] with arguments {org.springframework.mock.web.MockHttpServletRequest@3408c39d}
15:20:07.955 [main] DEBUG o.s.test.util.ReflectionTestUtils - Getting field 'repo' from target object [org.springframework.security.web.context.SecurityContextPersistenceFilter@3deaf099] or target class [class org.springframework.security.web.context.SecurityContextPersistenceFilter]
15:20:07.955 [main] DEBUG o.s.test.util.ReflectionTestUtils - Invoking method 'getFilters' on target object [FilterChainProxy[Filter Chains: [DefaultSecurityFilterChain [RequestMatcher=Ant [pattern='/rest/**'], Filters=[org.springframework.security.web.context.request.async.WebAsyncManagerIntegrationFilter@2824afa8, org.springframework.security.web.context.SecurityContextPersistenceFilter@3deaf099, org.springframework.security.web.header.HeaderWriterFilter@60b163fa, org.springframework.web.filter.CorsFilter@32d4ad7b, org.springframework.security.web.authentication.logout.LogoutFilter@40836b3f, fr.insalyon.creatis.vip.api.security.apikey.ApikeyAuthenticationFilter@1c4501e8, org.springframework.security.web.savedrequest.RequestCacheAwareFilter@3b7fd6de, org.springframework.security.web.servletapi.SecurityContextHolderAwareRequestFilter@3449885a, org.springframework.security.web.authentication.AnonymousAuthenticationFilter@c47ff28, org.springframework.security.web.session.SessionManagementFilter@59fb8e49, org.springframework.security.web.access.ExceptionTranslationFilter@44f79f8, org.springframework.security.web.access.intercept.FilterSecurityInterceptor@7d07269a]], DefaultSecurityFilterChain [RequestMatcher=any request, Filters=[org.springframework.security.web.context.request.async.WebAsyncManagerIntegrationFilter@38330160, org.springframework.security.web.context.SecurityContextPersistenceFilter@a1a6632, org.springframework.security.web.header.HeaderWriterFilter@6ae77c99, org.springframework.web.filter.CorsFilter@6060e240, org.springframework.security.web.authentication.logout.LogoutFilter@194b00bd, org.springframework.security.oauth2.client.web.OAuth2AuthorizationRequestRedirectFilter@61baddcf, org.springframework.security.oauth2.client.web.OAuth2LoginAuthenticationFilter@4d61b62, org.springframework.security.web.authentication.ui.DefaultLoginPageGeneratingFilter@eaab746, org.springframework.security.web.authentication.ui.DefaultLogoutPageGeneratingFilter@57031f26, org.springframework.security.web.savedrequest.RequestCacheAwareFilter@8f8c4ad, org.springframework.security.web.servletapi.SecurityContextHolderAwareRequestFilter@592a729f, org.springframework.security.web.authentication.AnonymousAuthenticationFilter@633a13af, org.springframework.security.web.session.SessionManagementFilter@12d8a1f5, org.springframework.security.web.access.ExceptionTranslationFilter@673cbb9f, org.springframework.security.web.access.intercept.FilterSecurityInterceptor@1d2d476c]]]]] or target class [null] with arguments {org.springframework.mock.web.MockHttpServletRequest@3408c39d}
15:20:07.955 [main] DEBUG o.s.test.util.ReflectionTestUtils - Setting field 'repo' of type [null] on target object [org.springframework.security.web.context.SecurityContextPersistenceFilter@3deaf099] or target class [class org.springframework.security.web.context.SecurityContextPersistenceFilter] to value [org.springframework.security.test.web.servlet.request.SecurityMockMvcRequestPostProcessors$SecurityContextRequestPostProcessorSupport$TestSecurityContextRepository@2d3ad0f3]
15:20:07.959 [main] DEBUG o.s.s.w.c.HttpSessionSecurityContextRepository - Created HttpSession as SecurityContext is non-default
15:20:07.960 [main] DEBUG o.s.s.w.c.HttpSessionSecurityContextRepository - Stored SecurityContextImpl [Authentication=UsernamePasswordAuthenticationToken [Principal=fr.insalyon.creatis.vip.api.security.apikey.SpringApiPrincipal@58876655, Credentials=[PROTECTED], Authenticated=true, Details=null, Granted Authorities=[]]] to HttpSession [org.springframework.mock.web.MockHttpSession@8ed5109]
15:20:07.963 [main] DEBUG o.s.security.web.FilterChainProxy - Securing GET /rest/pipelines
15:20:07.967 [main] DEBUG o.s.s.w.c.HttpSessionSecurityContextRepository - Retrieved SecurityContextImpl [Authentication=UsernamePasswordAuthenticationToken [Principal=fr.insalyon.creatis.vip.api.security.apikey.SpringApiPrincipal@58876655, Credentials=[PROTECTED], Authenticated=true, Details=null, Granted Authorities=[]]]
15:20:07.967 [main] DEBUG o.s.s.w.c.SecurityContextPersistenceFilter - Set SecurityContextHolder to SecurityContextImpl [Authentication=UsernamePasswordAuthenticationToken [Principal=fr.insalyon.creatis.vip.api.security.apikey.SpringApiPrincipal@58876655, Credentials=[PROTECTED], Authenticated=true, Details=null, Granted Authorities=[]]]
15:20:07.970 [main] DEBUG o.s.w.s.m.m.a.RequestMappingHandlerMapping - Mapped to fr.insalyon.creatis.vip.api.controller.processing.PipelineController#listPipelines(String)
15:20:07.972 [main] DEBUG f.i.c.v.a.s.a.ApikeyAuthenticationFilter - no apikey header apikey_test found.
15:20:07.974 [main] DEBUG o.s.s.w.u.m.RegexRequestMatcher - Checking match of request : '/rest/pipelines'; against '/rest/pipelines\?public'
15:20:07.980 [main] DEBUG o.s.s.w.a.i.FilterSecurityInterceptor - Authorized filter invocation [GET /rest/pipelines] with attributes [authenticated]
15:20:07.980 [main] DEBUG o.s.security.web.FilterChainProxy - Secured GET /rest/pipelines
15:20:07.984 [main] DEBUG o.s.t.w.s.TestDispatcherServlet - GET "/rest/pipelines", parameters={}
15:20:07.984 [main] DEBUG o.s.w.s.m.m.a.RequestMappingHandlerMapping - Mapped to fr.insalyon.creatis.vip.api.controller.processing.PipelineController#listPipelines(String)
15:20:07.984 [main] DEBUG f.i.c.vip.api.business.VipConfigurer - comparing java.util.GregorianCalendar[time=1689081607805,areFieldsSet=true,areAllFieldsSet=true,lenient=true,zone=sun.util.calendar.ZoneInfo[id="Europe/Paris",offset=3600000,dstSavings=3600000,useDaylight=true,transitions=184,lastRule=java.util.SimpleTimeZone[id=Europe/Paris,offset=3600000,dstSavings=3600000,useDaylight=true,startYear=0,startMode=2,startMonth=2,startDay=-1,startDayOfWeek=1,startTime=3600000,startTimeMode=2,endMode=2,endMonth=9,endDay=-1,endDayOfWeek=1,endTime=3600000,endTimeMode=2]],firstDayOfWeek=2,minimalDaysInFirstWeek=4,ERA=1,YEAR=2023,MONTH=6,WEEK_OF_YEAR=28,WEEK_OF_MONTH=2,DAY_OF_MONTH=11,DAY_OF_YEAR=192,DAY_OF_WEEK=3,DAY_OF_WEEK_IN_MONTH=2,AM_PM=1,HOUR=3,HOUR_OF_DAY=15,MINUTE=20,SECOND=7,MILLISECOND=805,ZONE_OFFSET=3600000,DST_OFFSET=3600000] to now java.util.GregorianCalendar[time=1689081607984,areFieldsSet=true,areAllFieldsSet=true,lenient=true,zone=sun.util.calendar.ZoneInfo[id="Europe/Paris",offset=3600000,dstSavings=3600000,useDaylight=true,transitions=184,lastRule=java.util.SimpleTimeZone[id=Europe/Paris,offset=3600000,dstSavings=3600000,useDaylight=true,startYear=0,startMode=2,startMonth=2,startDay=-1,startDayOfWeek=1,startTime=3600000,startTimeMode=2,endMode=2,endMonth=9,endDay=-1,endDayOfWeek=1,endTime=3600000,endTimeMode=2]],firstDayOfWeek=2,minimalDaysInFirstWeek=4,ERA=1,YEAR=2023,MONTH=6,WEEK_OF_YEAR=28,WEEK_OF_MONTH=2,DAY_OF_MONTH=11,DAY_OF_YEAR=192,DAY_OF_WEEK=3,DAY_OF_WEEK_IN_MONTH=2,AM_PM=1,HOUR=3,HOUR_OF_DAY=15,MINUTE=20,SECOND=7,MILLISECOND=984,ZONE_OFFSET=3600000,DST_OFFSET=3600000] to check configuration
15:20:07.985 [main] DEBUG f.i.c.vip.api.business.VipConfigurer - no need to reconfigure
15:20:08.002 [main] DEBUG f.i.c.v.a.c.p.PipelineController - (testEmail@test.tst) Calling API method listPipelines} ([null])
15:20:08.002 [main] DEBUG o.s.j.d.DataSourceTransactionManager - Participating in existing transaction
15:20:08.007 [main] DEBUG o.s.j.d.DataSourceTransactionManager - Participating in existing transaction
15:20:08.010 [main] DEBUG o.s.j.d.DataSourceTransactionManager - Participating in existing transaction
15:20:08.017 [main] DEBUG o.s.j.d.DataSourceTransactionManager - Participating in existing transaction
15:20:08.040 [main] DEBUG o.s.w.s.m.m.a.RequestResponseBodyMethodProcessor - Using 'application/json', given [*/*] and supported [application/json, application/*+json]
15:20:08.041 [main] DEBUG o.s.w.s.m.m.a.RequestResponseBodyMethodProcessor - Writing [{}]
15:20:08.051 [main] DEBUG o.s.t.w.s.TestDispatcherServlet - Completed 200 OK
15:20:08.052 [main] DEBUG o.s.s.w.c.SecurityContextPersistenceFilter - Cleared SecurityContextHolder to complete request

MockHttpServletRequest:
      HTTP Method = GET
      Request URI = /rest/pipelines
       Parameters = {}
          Headers = []
             Body = <no character encoding set>
    Session Attrs = {SPRING_SECURITY_CONTEXT=SecurityContextImpl [Authentication=UsernamePasswordAuthenticationToken [Principal=fr.insalyon.creatis.vip.api.security.apikey.SpringApiPrincipal@58876655, Credentials=[PROTECTED], Authenticated=true, Details=null, Granted Authorities=[]]]}

Handler:
             Type = fr.insalyon.creatis.vip.api.controller.processing.PipelineController
           Method = fr.insalyon.creatis.vip.api.controller.processing.PipelineController#listPipelines(String)

Async:
    Async started = false
     Async result = null

Resolved Exception:
             Type = null

ModelAndView:
        View name = null
             View = null
            Model = null

FlashMap:
       Attributes = null

MockHttpServletResponse:
           Status = 200
    Error message = null
          Headers = [Vary:"Origin", "Access-Control-Request-Method", "Access-Control-Request-Headers", Content-Type:"application/json", X-Content-Type-Options:"nosniff", X-XSS-Protection:"1; mode=block", Cache-Control:"no-cache, no-store, max-age=0, must-revalidate", Pragma:"no-cache", Expires:"0", X-Frame-Options:"SAMEORIGIN"]
     Content type = application/json
             Body = []
    Forwarded URL = null
   Redirected URL = null
          Cookies = []
15:20:08.181 [main] DEBUG c.j.j.internal.path.CompiledPath - Evaluating path: $[*]
15:20:08.187 [main] DEBUG o.s.t.c.c.DefaultCacheAwareContextLoaderDelegate - Retrieved ApplicationContext [735200015] from cache with key [[WebMergedContextConfiguration@77f4038c testClass = VipWebConfigurationIT, locations = '{}', classes = '{class fr.insalyon.creatis.vip.core.server.SpringCoreConfig}', contextInitializerClasses = '[]', activeProfiles = '{test-db, test}', propertySourceLocations = '{}', propertySourceProperties = '{db.tableEngine=, vipConfigFolder=classpath:}', contextCustomizers = set[[empty]], resourceBasePath = 'src/main/webapp', contextLoader = 'org.springframework.test.context.web.WebDelegatingSmartContextLoader', parent = [null]]]
15:20:08.188 [main] DEBUG o.springframework.test.context.cache - Spring test ApplicationContext cache statistics: [DefaultContextCache@909ac95 size = 1, maxSize = 32, parentContextCount = 0, hitCount = 6, missCount = 1]
15:20:08.189 [main] DEBUG o.s.t.c.c.DefaultCacheAwareContextLoaderDelegate - Retrieved ApplicationContext [735200015] from cache with key [[WebMergedContextConfiguration@77f4038c testClass = VipWebConfigurationIT, locations = '{}', classes = '{class fr.insalyon.creatis.vip.core.server.SpringCoreConfig}', contextInitializerClasses = '[]', activeProfiles = '{test-db, test}', propertySourceLocations = '{}', propertySourceProperties = '{db.tableEngine=, vipConfigFolder=classpath:}', contextCustomizers = set[[empty]], resourceBasePath = 'src/main/webapp', contextLoader = 'org.springframework.test.context.web.WebDelegatingSmartContextLoader', parent = [null]]]
15:20:08.189 [main] DEBUG o.springframework.test.context.cache - Spring test ApplicationContext cache statistics: [DefaultContextCache@909ac95 size = 1, maxSize = 32, parentContextCount = 0, hitCount = 7, missCount = 1]
15:20:08.190 [main] DEBUG o.s.j.d.DataSourceTransactionManager - Initiating transaction rollback
15:20:08.190 [main] DEBUG o.s.j.d.DataSourceTransactionManager - Rolling back JDBC transaction on Connection [conn8: url=jdbc:h2:mem:ba96bb59-9e1a-47de-acd0-e23da0464830 user=SA]
15:20:08.190 [main] DEBUG o.s.j.d.DataSourceTransactionManager - Releasing JDBC Connection [conn8: url=jdbc:h2:mem:ba96bb59-9e1a-47de-acd0-e23da0464830 user=SA] after transaction
15:20:08.190 [main] INFO  o.s.t.c.t.TransactionContext - Rolled back transaction for test: [DefaultTestContext@27a90ce5 testClass = VipWebConfigurationIT, testInstance = fr.insalyon.creatis.vip.integrationtest.VipWebConfigurationIT@20e5f5ae, testMethod = testGetPipelines@VipWebConfigurationIT, testException = [null], mergedContextConfiguration = [WebMergedContextConfiguration@77f4038c testClass = VipWebConfigurationIT, locations = '{}', classes = '{class fr.insalyon.creatis.vip.core.server.SpringCoreConfig}', contextInitializerClasses = '[]', activeProfiles = '{test-db, test}', propertySourceLocations = '{}', propertySourceProperties = '{db.tableEngine=, vipConfigFolder=classpath:}', contextCustomizers = set[[empty]], resourceBasePath = 'src/main/webapp', contextLoader = 'org.springframework.test.context.web.WebDelegatingSmartContextLoader', parent = [null]], attributes = map['org.springframework.test.context.web.ServletTestExecutionListener.populatedRequestContextHolder' -> true, 'org.springframework.test.context.web.ServletTestExecutionListener.resetRequestContextHolder' -> true, 'org.springframework.test.context.event.ApplicationEventsTestExecutionListener.recordApplicationEvents' -> false]]
15:20:08.191 [main] DEBUG o.s.t.c.s.AbstractDirtiesContextTestExecutionListener - After test method: context [DefaultTestContext@27a90ce5 testClass = VipWebConfigurationIT, testInstance = fr.insalyon.creatis.vip.integrationtest.VipWebConfigurationIT@20e5f5ae, testMethod = testGetPipelines@VipWebConfigurationIT, testException = [null], mergedContextConfiguration = [WebMergedContextConfiguration@77f4038c testClass = VipWebConfigurationIT, locations = '{}', classes = '{class fr.insalyon.creatis.vip.core.server.SpringCoreConfig}', contextInitializerClasses = '[]', activeProfiles = '{test-db, test}', propertySourceLocations = '{}', propertySourceProperties = '{db.tableEngine=, vipConfigFolder=classpath:}', contextCustomizers = set[[empty]], resourceBasePath = 'src/main/webapp', contextLoader = 'org.springframework.test.context.web.WebDelegatingSmartContextLoader', parent = [null]], attributes = map['org.springframework.test.context.web.ServletTestExecutionListener.populatedRequestContextHolder' -> true, 'org.springframework.test.context.web.ServletTestExecutionListener.resetRequestContextHolder' -> true, 'org.springframework.test.context.event.ApplicationEventsTestExecutionListener.recordApplicationEvents' -> false]], class annotated with @DirtiesContext [false] with mode [null], method annotated with @DirtiesContext [false] with mode [null].
15:20:08.191 [main] DEBUG o.s.t.c.w.ServletTestExecutionListener - Resetting RequestContextHolder for test context [DefaultTestContext@27a90ce5 testClass = VipWebConfigurationIT, testInstance = fr.insalyon.creatis.vip.integrationtest.VipWebConfigurationIT@20e5f5ae, testMethod = testGetPipelines@VipWebConfigurationIT, testException = [null], mergedContextConfiguration = [WebMergedContextConfiguration@77f4038c testClass = VipWebConfigurationIT, locations = '{}', classes = '{class fr.insalyon.creatis.vip.core.server.SpringCoreConfig}', contextInitializerClasses = '[]', activeProfiles = '{test-db, test}', propertySourceLocations = '{}', propertySourceProperties = '{db.tableEngine=, vipConfigFolder=classpath:}', contextCustomizers = set[[empty]], resourceBasePath = 'src/main/webapp', contextLoader = 'org.springframework.test.context.web.WebDelegatingSmartContextLoader', parent = [null]], attributes = map['org.springframework.test.context.web.ServletTestExecutionListener.populatedRequestContextHolder' -> true, 'org.springframework.test.context.web.ServletTestExecutionListener.resetRequestContextHolder' -> true, 'org.springframework.test.context.event.ApplicationEventsTestExecutionListener.recordApplicationEvents' -> false]].
]]></system-out>
  </testcase>
  <testcase name="testGetPlatformProperties" classname="fr.insalyon.creatis.vip.integrationtest.VipWebConfigurationIT" time="0.079">
    <system-out><![CDATA[15:20:08.196 [main] DEBUG o.s.t.c.c.DefaultCacheAwareContextLoaderDelegate - Retrieved ApplicationContext [735200015] from cache with key [[WebMergedContextConfiguration@77f4038c testClass = VipWebConfigurationIT, locations = '{}', classes = '{class fr.insalyon.creatis.vip.core.server.SpringCoreConfig}', contextInitializerClasses = '[]', activeProfiles = '{test-db, test}', propertySourceLocations = '{}', propertySourceProperties = '{db.tableEngine=, vipConfigFolder=classpath:}', contextCustomizers = set[[empty]], resourceBasePath = 'src/main/webapp', contextLoader = 'org.springframework.test.context.web.WebDelegatingSmartContextLoader', parent = [null]]]
15:20:08.196 [main] DEBUG o.springframework.test.context.cache - Spring test ApplicationContext cache statistics: [DefaultContextCache@909ac95 size = 1, maxSize = 32, parentContextCount = 0, hitCount = 8, missCount = 1]
15:20:08.196 [main] DEBUG o.s.t.c.w.ServletTestExecutionListener - Setting up MockHttpServletRequest, MockHttpServletResponse, ServletWebRequest, and RequestContextHolder for test context [DefaultTestContext@27a90ce5 testClass = VipWebConfigurationIT, testInstance = fr.insalyon.creatis.vip.integrationtest.VipWebConfigurationIT@13903174, testMethod = [null], testException = [null], mergedContextConfiguration = [WebMergedContextConfiguration@77f4038c testClass = VipWebConfigurationIT, locations = '{}', classes = '{class fr.insalyon.creatis.vip.core.server.SpringCoreConfig}', contextInitializerClasses = '[]', activeProfiles = '{test-db, test}', propertySourceLocations = '{}', propertySourceProperties = '{db.tableEngine=, vipConfigFolder=classpath:}', contextCustomizers = set[[empty]], resourceBasePath = 'src/main/webapp', contextLoader = 'org.springframework.test.context.web.WebDelegatingSmartContextLoader', parent = [null]], attributes = map['org.springframework.test.context.event.ApplicationEventsTestExecutionListener.recordApplicationEvents' -> false, 'org.springframework.test.context.support.DependencyInjectionTestExecutionListener.reinjectDependencies' -> true]].
15:20:08.197 [main] DEBUG o.s.t.c.s.DependencyInjectionTestExecutionListener - Performing dependency injection for test context [[DefaultTestContext@27a90ce5 testClass = VipWebConfigurationIT, testInstance = fr.insalyon.creatis.vip.integrationtest.VipWebConfigurationIT@13903174, testMethod = [null], testException = [null], mergedContextConfiguration = [WebMergedContextConfiguration@77f4038c testClass = VipWebConfigurationIT, locations = '{}', classes = '{class fr.insalyon.creatis.vip.core.server.SpringCoreConfig}', contextInitializerClasses = '[]', activeProfiles = '{test-db, test}', propertySourceLocations = '{}', propertySourceProperties = '{db.tableEngine=, vipConfigFolder=classpath:}', contextCustomizers = set[[empty]], resourceBasePath = 'src/main/webapp', contextLoader = 'org.springframework.test.context.web.WebDelegatingSmartContextLoader', parent = [null]], attributes = map['org.springframework.test.context.web.ServletTestExecutionListener.populatedRequestContextHolder' -> true, 'org.springframework.test.context.web.ServletTestExecutionListener.resetRequestContextHolder' -> true, 'org.springframework.test.context.event.ApplicationEventsTestExecutionListener.recordApplicationEvents' -> false, 'org.springframework.test.context.support.DependencyInjectionTestExecutionListener.reinjectDependencies' -> true]]].
15:20:08.197 [main] DEBUG o.s.t.c.c.DefaultCacheAwareContextLoaderDelegate - Retrieved ApplicationContext [735200015] from cache with key [[WebMergedContextConfiguration@77f4038c testClass = VipWebConfigurationIT, locations = '{}', classes = '{class fr.insalyon.creatis.vip.core.server.SpringCoreConfig}', contextInitializerClasses = '[]', activeProfiles = '{test-db, test}', propertySourceLocations = '{}', propertySourceProperties = '{db.tableEngine=, vipConfigFolder=classpath:}', contextCustomizers = set[[empty]], resourceBasePath = 'src/main/webapp', contextLoader = 'org.springframework.test.context.web.WebDelegatingSmartContextLoader', parent = [null]]]
15:20:08.197 [main] DEBUG o.springframework.test.context.cache - Spring test ApplicationContext cache statistics: [DefaultContextCache@909ac95 size = 1, maxSize = 32, parentContextCount = 0, hitCount = 9, missCount = 1]
15:20:08.197 [main] DEBUG o.s.t.c.c.DefaultCacheAwareContextLoaderDelegate - Retrieved ApplicationContext [735200015] from cache with key [[WebMergedContextConfiguration@77f4038c testClass = VipWebConfigurationIT, locations = '{}', classes = '{class fr.insalyon.creatis.vip.core.server.SpringCoreConfig}', contextInitializerClasses = '[]', activeProfiles = '{test-db, test}', propertySourceLocations = '{}', propertySourceProperties = '{db.tableEngine=, vipConfigFolder=classpath:}', contextCustomizers = set[[empty]], resourceBasePath = 'src/main/webapp', contextLoader = 'org.springframework.test.context.web.WebDelegatingSmartContextLoader', parent = [null]]]
15:20:08.197 [main] DEBUG o.springframework.test.context.cache - Spring test ApplicationContext cache statistics: [DefaultContextCache@909ac95 size = 1, maxSize = 32, parentContextCount = 0, hitCount = 10, missCount = 1]
15:20:08.198 [main] DEBUG o.s.t.c.s.AbstractDirtiesContextTestExecutionListener - Before test method: context [DefaultTestContext@27a90ce5 testClass = VipWebConfigurationIT, testInstance = fr.insalyon.creatis.vip.integrationtest.VipWebConfigurationIT@13903174, testMethod = testGetPlatformProperties@VipWebConfigurationIT, testException = [null], mergedContextConfiguration = [WebMergedContextConfiguration@77f4038c testClass = VipWebConfigurationIT, locations = '{}', classes = '{class fr.insalyon.creatis.vip.core.server.SpringCoreConfig}', contextInitializerClasses = '[]', activeProfiles = '{test-db, test}', propertySourceLocations = '{}', propertySourceProperties = '{db.tableEngine=, vipConfigFolder=classpath:}', contextCustomizers = set[[empty]], resourceBasePath = 'src/main/webapp', contextLoader = 'org.springframework.test.context.web.WebDelegatingSmartContextLoader', parent = [null]], attributes = map['org.springframework.test.context.web.ServletTestExecutionListener.populatedRequestContextHolder' -> true, 'org.springframework.test.context.web.ServletTestExecutionListener.resetRequestContextHolder' -> true, 'org.springframework.test.context.event.ApplicationEventsTestExecutionListener.recordApplicationEvents' -> false]], class annotated with @DirtiesContext [false] with mode [null], method annotated with @DirtiesContext [false] with mode [null].
15:20:08.198 [main] DEBUG o.s.t.c.t.TransactionalTestExecutionListener - Explicit transaction definition [PROPAGATION_REQUIRED,ISOLATION_DEFAULT] found for test context [DefaultTestContext@27a90ce5 testClass = VipWebConfigurationIT, testInstance = fr.insalyon.creatis.vip.integrationtest.VipWebConfigurationIT@13903174, testMethod = testGetPlatformProperties@VipWebConfigurationIT, testException = [null], mergedContextConfiguration = [WebMergedContextConfiguration@77f4038c testClass = VipWebConfigurationIT, locations = '{}', classes = '{class fr.insalyon.creatis.vip.core.server.SpringCoreConfig}', contextInitializerClasses = '[]', activeProfiles = '{test-db, test}', propertySourceLocations = '{}', propertySourceProperties = '{db.tableEngine=, vipConfigFolder=classpath:}', contextCustomizers = set[[empty]], resourceBasePath = 'src/main/webapp', contextLoader = 'org.springframework.test.context.web.WebDelegatingSmartContextLoader', parent = [null]], attributes = map['org.springframework.test.context.web.ServletTestExecutionListener.populatedRequestContextHolder' -> true, 'org.springframework.test.context.web.ServletTestExecutionListener.resetRequestContextHolder' -> true, 'org.springframework.test.context.event.ApplicationEventsTestExecutionListener.recordApplicationEvents' -> false]]
15:20:08.198 [main] DEBUG o.s.t.c.c.DefaultCacheAwareContextLoaderDelegate - Retrieved ApplicationContext [735200015] from cache with key [[WebMergedContextConfiguration@77f4038c testClass = VipWebConfigurationIT, locations = '{}', classes = '{class fr.insalyon.creatis.vip.core.server.SpringCoreConfig}', contextInitializerClasses = '[]', activeProfiles = '{test-db, test}', propertySourceLocations = '{}', propertySourceProperties = '{db.tableEngine=, vipConfigFolder=classpath:}', contextCustomizers = set[[empty]], resourceBasePath = 'src/main/webapp', contextLoader = 'org.springframework.test.context.web.WebDelegatingSmartContextLoader', parent = [null]]]
15:20:08.198 [main] DEBUG o.springframework.test.context.cache - Spring test ApplicationContext cache statistics: [DefaultContextCache@909ac95 size = 1, maxSize = 32, parentContextCount = 0, hitCount = 11, missCount = 1]
15:20:08.199 [main] DEBUG o.s.t.c.t.TransactionalTestExecutionListener - No method-level @Rollback override: using default rollback [true] for test context [DefaultTestContext@27a90ce5 testClass = VipWebConfigurationIT, testInstance = fr.insalyon.creatis.vip.integrationtest.VipWebConfigurationIT@13903174, testMethod = testGetPlatformProperties@VipWebConfigurationIT, testException = [null], mergedContextConfiguration = [WebMergedContextConfiguration@77f4038c testClass = VipWebConfigurationIT, locations = '{}', classes = '{class fr.insalyon.creatis.vip.core.server.SpringCoreConfig}', contextInitializerClasses = '[]', activeProfiles = '{test-db, test}', propertySourceLocations = '{}', propertySourceProperties = '{db.tableEngine=, vipConfigFolder=classpath:}', contextCustomizers = set[[empty]], resourceBasePath = 'src/main/webapp', contextLoader = 'org.springframework.test.context.web.WebDelegatingSmartContextLoader', parent = [null]], attributes = map['org.springframework.test.context.web.ServletTestExecutionListener.populatedRequestContextHolder' -> true, 'org.springframework.test.context.web.ServletTestExecutionListener.resetRequestContextHolder' -> true, 'org.springframework.test.context.event.ApplicationEventsTestExecutionListener.recordApplicationEvents' -> false]].
15:20:08.199 [main] DEBUG o.s.j.d.DataSourceTransactionManager - Creating new transaction with name [fr.insalyon.creatis.vip.integrationtest.VipWebConfigurationIT.testGetPlatformProperties]: PROPAGATION_REQUIRED,ISOLATION_DEFAULT
15:20:08.199 [main] DEBUG o.s.j.d.DataSourceTransactionManager - Acquired Connection [Lazy Connection proxy for target DataSource [org.springframework.jdbc.datasource.embedded.EmbeddedDatabaseFactory$EmbeddedDataSourceProxy@52b43d58]] for JDBC transaction
15:20:08.199 [main] DEBUG o.s.j.d.DataSourceTransactionManager - Switching JDBC Connection [Lazy Connection proxy for target DataSource [org.springframework.jdbc.datasource.embedded.EmbeddedDatabaseFactory$EmbeddedDataSourceProxy@52b43d58]] to manual commit
15:20:08.200 [main] INFO  o.s.t.c.t.TransactionContext - Began transaction (1) for test context [DefaultTestContext@27a90ce5 testClass = VipWebConfigurationIT, testInstance = fr.insalyon.creatis.vip.integrationtest.VipWebConfigurationIT@13903174, testMethod = testGetPlatformProperties@VipWebConfigurationIT, testException = [null], mergedContextConfiguration = [WebMergedContextConfiguration@77f4038c testClass = VipWebConfigurationIT, locations = '{}', classes = '{class fr.insalyon.creatis.vip.core.server.SpringCoreConfig}', contextInitializerClasses = '[]', activeProfiles = '{test-db, test}', propertySourceLocations = '{}', propertySourceProperties = '{db.tableEngine=, vipConfigFolder=classpath:}', contextCustomizers = set[[empty]], resourceBasePath = 'src/main/webapp', contextLoader = 'org.springframework.test.context.web.WebDelegatingSmartContextLoader', parent = [null]], attributes = map['org.springframework.test.context.web.ServletTestExecutionListener.populatedRequestContextHolder' -> true, 'org.springframework.test.context.web.ServletTestExecutionListener.resetRequestContextHolder' -> true, 'org.springframework.test.context.event.ApplicationEventsTestExecutionListener.recordApplicationEvents' -> false]]; transaction manager [org.springframework.jdbc.datasource.DataSourceTransactionManager@77d19368]; rollback [true]
15:20:08.200 [main] DEBUG o.s.t.c.c.DefaultCacheAwareContextLoaderDelegate - Retrieved ApplicationContext [735200015] from cache with key [[WebMergedContextConfiguration@77f4038c testClass = VipWebConfigurationIT, locations = '{}', classes = '{class fr.insalyon.creatis.vip.core.server.SpringCoreConfig}', contextInitializerClasses = '[]', activeProfiles = '{test-db, test}', propertySourceLocations = '{}', propertySourceProperties = '{db.tableEngine=, vipConfigFolder=classpath:}', contextCustomizers = set[[empty]], resourceBasePath = 'src/main/webapp', contextLoader = 'org.springframework.test.context.web.WebDelegatingSmartContextLoader', parent = [null]]]
15:20:08.200 [main] DEBUG o.springframework.test.context.cache - Spring test ApplicationContext cache statistics: [DefaultContextCache@909ac95 size = 1, maxSize = 32, parentContextCount = 0, hitCount = 12, missCount = 1]
15:20:08.200 [main] INFO  o.s.mock.web.MockServletContext - Initializing Spring TestDispatcherServlet ''
15:20:08.200 [main] INFO  o.s.t.w.s.TestDispatcherServlet - Initializing Servlet ''
15:20:08.200 [main] DEBUG o.s.t.w.s.TestDispatcherServlet - Detected AcceptHeaderLocaleResolver
15:20:08.200 [main] DEBUG o.s.t.w.s.TestDispatcherServlet - Detected FixedThemeResolver
15:20:08.201 [main] DEBUG o.s.t.w.s.TestDispatcherServlet - Detected org.springframework.web.servlet.view.DefaultRequestToViewNameTranslator@68699e41
15:20:08.201 [main] DEBUG o.s.t.w.s.TestDispatcherServlet - Detected org.springframework.web.servlet.support.SessionFlashMapManager@251991d2
15:20:08.201 [main] DEBUG o.s.t.w.s.TestDispatcherServlet - enableLoggingRequestDetails='false': request parameters and headers will be masked to prevent unsafe logging of potentially sensitive data
15:20:08.201 [main] INFO  o.s.t.w.s.TestDispatcherServlet - Completed initialization in 1 ms
15:20:08.201 [main] DEBUG o.s.t.c.c.DefaultCacheAwareContextLoaderDelegate - Retrieved ApplicationContext [735200015] from cache with key [[WebMergedContextConfiguration@77f4038c testClass = VipWebConfigurationIT, locations = '{}', classes = '{class fr.insalyon.creatis.vip.core.server.SpringCoreConfig}', contextInitializerClasses = '[]', activeProfiles = '{test-db, test}', propertySourceLocations = '{}', propertySourceProperties = '{db.tableEngine=, vipConfigFolder=classpath:}', contextCustomizers = set[[empty]], resourceBasePath = 'src/main/webapp', contextLoader = 'org.springframework.test.context.web.WebDelegatingSmartContextLoader', parent = [null]]]
15:20:08.201 [main] DEBUG o.springframework.test.context.cache - Spring test ApplicationContext cache statistics: [DefaultContextCache@909ac95 size = 1, maxSize = 32, parentContextCount = 0, hitCount = 13, missCount = 1]
15:20:08.202 [main] DEBUG o.s.security.web.FilterChainProxy - Securing GET /rest/platform
15:20:08.202 [main] DEBUG o.s.s.w.c.SecurityContextPersistenceFilter - Set SecurityContextHolder to empty SecurityContext
15:20:08.202 [main] DEBUG o.s.w.s.m.m.a.RequestMappingHandlerMapping - Mapped to fr.insalyon.creatis.vip.api.controller.PlatformController#getPlatformProperties()
15:20:08.202 [main] DEBUG f.i.c.v.a.s.a.ApikeyAuthenticationFilter - no apikey header apikey_test found.
15:20:08.203 [main] DEBUG o.s.s.w.a.AnonymousAuthenticationFilter - Set SecurityContextHolder to anonymous SecurityContext
15:20:08.203 [main] DEBUG o.s.s.w.a.i.FilterSecurityInterceptor - Authorized filter invocation [GET /rest/platform] with attributes [permitAll]
15:20:08.203 [main] DEBUG o.s.security.web.FilterChainProxy - Secured GET /rest/platform
15:20:08.203 [main] DEBUG o.s.t.w.s.TestDispatcherServlet - GET "/rest/platform", parameters={}
15:20:08.204 [main] DEBUG o.s.w.s.m.m.a.RequestMappingHandlerMapping - Mapped to fr.insalyon.creatis.vip.api.controller.PlatformController#getPlatformProperties()
15:20:08.204 [main] DEBUG f.i.c.vip.api.business.VipConfigurer - comparing java.util.GregorianCalendar[time=1689081607805,areFieldsSet=true,areAllFieldsSet=true,lenient=true,zone=sun.util.calendar.ZoneInfo[id="Europe/Paris",offset=3600000,dstSavings=3600000,useDaylight=true,transitions=184,lastRule=java.util.SimpleTimeZone[id=Europe/Paris,offset=3600000,dstSavings=3600000,useDaylight=true,startYear=0,startMode=2,startMonth=2,startDay=-1,startDayOfWeek=1,startTime=3600000,startTimeMode=2,endMode=2,endMonth=9,endDay=-1,endDayOfWeek=1,endTime=3600000,endTimeMode=2]],firstDayOfWeek=2,minimalDaysInFirstWeek=4,ERA=1,YEAR=2023,MONTH=6,WEEK_OF_YEAR=28,WEEK_OF_MONTH=2,DAY_OF_MONTH=11,DAY_OF_YEAR=192,DAY_OF_WEEK=3,DAY_OF_WEEK_IN_MONTH=2,AM_PM=1,HOUR=3,HOUR_OF_DAY=15,MINUTE=20,SECOND=7,MILLISECOND=805,ZONE_OFFSET=3600000,DST_OFFSET=3600000] to now java.util.GregorianCalendar[time=1689081608204,areFieldsSet=true,areAllFieldsSet=true,lenient=true,zone=sun.util.calendar.ZoneInfo[id="Europe/Paris",offset=3600000,dstSavings=3600000,useDaylight=true,transitions=184,lastRule=java.util.SimpleTimeZone[id=Europe/Paris,offset=3600000,dstSavings=3600000,useDaylight=true,startYear=0,startMode=2,startMonth=2,startDay=-1,startDayOfWeek=1,startTime=3600000,startTimeMode=2,endMode=2,endMonth=9,endDay=-1,endDayOfWeek=1,endTime=3600000,endTimeMode=2]],firstDayOfWeek=2,minimalDaysInFirstWeek=4,ERA=1,YEAR=2023,MONTH=6,WEEK_OF_YEAR=28,WEEK_OF_MONTH=2,DAY_OF_MONTH=11,DAY_OF_YEAR=192,DAY_OF_WEEK=3,DAY_OF_WEEK_IN_MONTH=2,AM_PM=1,HOUR=3,HOUR_OF_DAY=15,MINUTE=20,SECOND=8,MILLISECOND=204,ZONE_OFFSET=3600000,DST_OFFSET=3600000] to check configuration
15:20:08.204 [main] DEBUG f.i.c.vip.api.business.VipConfigurer - no need to reconfigure
15:20:08.205 [main] DEBUG f.i.c.v.a.c.PlatformController - (Anonymous) Calling API method getPlatformProperties} ([])
15:20:08.205 [main] DEBUG o.springframework.jndi.JndiTemplate - Looking up JNDI object with name [java:comp/env/carmin.platform.name]
15:20:08.205 [main] DEBUG jndi - InitialContextFactory.getInitialContext()
15:20:08.205 [main] DEBUG jndi - Created initial context delegate for local namespace:org.eclipse.jetty.jndi.local.localContextRoot@1397106b
15:20:08.205 [main] DEBUG o.e.j.j.java.javaURLContextFactory - >>> new root context requested 
15:20:08.205 [main] DEBUG jndi - Looking up name="comp/env/carmin.platform.name"
15:20:08.205 [main] DEBUG jndi - Trying thread context classloader
15:20:08.205 [main] DEBUG jndi - Looking up name="env/carmin.platform.name"
15:20:08.205 [main] DEBUG o.s.jndi.JndiLocatorDelegate - Converted JNDI name [java:comp/env/carmin.platform.name] not found - trying original name [carmin.platform.name]. javax.naming.NameNotFoundException; remaining name 'env/carmin.platform.name'
15:20:08.205 [main] DEBUG o.springframework.jndi.JndiTemplate - Looking up JNDI object with name [carmin.platform.name]
15:20:08.205 [main] DEBUG jndi - InitialContextFactory.getInitialContext()
15:20:08.205 [main] DEBUG jndi - Created initial context delegate for local namespace:org.eclipse.jetty.jndi.local.localContextRoot@3ac165c3
15:20:08.206 [main] DEBUG jndi - Looking up name="carmin.platform.name"
15:20:08.206 [main] DEBUG o.s.jndi.JndiPropertySource - JNDI lookup for name [carmin.platform.name] threw NamingException with message: null. Returning null.
15:20:08.206 [main] DEBUG o.s.c.e.PropertySourcesPropertyResolver - Found key 'carmin.platform.name' in PropertySource 'file [/home/marza/Documents/VIP-portal/vip-portal/target/test-classes/vip-api.conf]' with value of type String
15:20:08.206 [main] DEBUG o.springframework.jndi.JndiTemplate - Looking up JNDI object with name [java:comp/env/carmin.platform.description]
15:20:08.206 [main] DEBUG jndi - InitialContextFactory.getInitialContext()
15:20:08.206 [main] DEBUG jndi - Created initial context delegate for local namespace:org.eclipse.jetty.jndi.local.localContextRoot@6776a11c
15:20:08.206 [main] DEBUG o.e.j.j.java.javaURLContextFactory - >>> new root context requested 
15:20:08.206 [main] DEBUG jndi - Looking up name="comp/env/carmin.platform.description"
15:20:08.206 [main] DEBUG jndi - Trying thread context classloader
15:20:08.206 [main] DEBUG jndi - Looking up name="env/carmin.platform.description"
15:20:08.206 [main] DEBUG o.s.jndi.JndiLocatorDelegate - Converted JNDI name [java:comp/env/carmin.platform.description] not found - trying original name [carmin.platform.description]. javax.naming.NameNotFoundException; remaining name 'env/carmin.platform.description'
15:20:08.206 [main] DEBUG o.springframework.jndi.JndiTemplate - Looking up JNDI object with name [carmin.platform.description]
15:20:08.206 [main] DEBUG jndi - InitialContextFactory.getInitialContext()
15:20:08.206 [main] DEBUG jndi - Created initial context delegate for local namespace:org.eclipse.jetty.jndi.local.localContextRoot@5c26deae
15:20:08.206 [main] DEBUG jndi - Looking up name="carmin.platform.description"
15:20:08.206 [main] DEBUG o.s.jndi.JndiPropertySource - JNDI lookup for name [carmin.platform.description] threw NamingException with message: null. Returning null.
15:20:08.206 [main] DEBUG o.s.c.e.PropertySourcesPropertyResolver - Found key 'carmin.platform.description' in PropertySource 'file [/home/marza/Documents/VIP-portal/vip-portal/target/test-classes/vip-api.conf]' with value of type String
15:20:08.206 [main] DEBUG o.springframework.jndi.JndiTemplate - Looking up JNDI object with name [java:comp/env/carmin.platform.supported_transfer_protocols]
15:20:08.206 [main] DEBUG jndi - InitialContextFactory.getInitialContext()
15:20:08.206 [main] DEBUG jndi - Created initial context delegate for local namespace:org.eclipse.jetty.jndi.local.localContextRoot@77999909
15:20:08.206 [main] DEBUG o.e.j.j.java.javaURLContextFactory - >>> new root context requested 
15:20:08.206 [main] DEBUG jndi - Looking up name="comp/env/carmin.platform.supported_transfer_protocols"
15:20:08.206 [main] DEBUG jndi - Trying thread context classloader
15:20:08.206 [main] DEBUG jndi - Looking up name="env/carmin.platform.supported_transfer_protocols"
15:20:08.206 [main] DEBUG o.s.jndi.JndiLocatorDelegate - Converted JNDI name [java:comp/env/carmin.platform.supported_transfer_protocols] not found - trying original name [carmin.platform.supported_transfer_protocols]. javax.naming.NameNotFoundException; remaining name 'env/carmin.platform.supported_transfer_protocols'
15:20:08.206 [main] DEBUG o.springframework.jndi.JndiTemplate - Looking up JNDI object with name [carmin.platform.supported_transfer_protocols]
15:20:08.206 [main] DEBUG jndi - InitialContextFactory.getInitialContext()
15:20:08.206 [main] DEBUG jndi - Created initial context delegate for local namespace:org.eclipse.jetty.jndi.local.localContextRoot@46470544
15:20:08.206 [main] DEBUG jndi - Looking up name="carmin.platform.supported_transfer_protocols"
15:20:08.206 [main] DEBUG o.s.jndi.JndiPropertySource - JNDI lookup for name [carmin.platform.supported_transfer_protocols] threw NamingException with message: null. Returning null.
15:20:08.206 [main] DEBUG o.s.c.e.PropertySourcesPropertyResolver - Found key 'carmin.platform.supported_transfer_protocols' in PropertySource 'file [/home/marza/Documents/VIP-portal/vip-portal/target/test-classes/vip-api.conf]' with value of type String
15:20:08.206 [main] DEBUG o.springframework.jndi.JndiTemplate - Looking up JNDI object with name [java:comp/env/carmin.platform.supported_modules]
15:20:08.206 [main] DEBUG jndi - InitialContextFactory.getInitialContext()
15:20:08.206 [main] DEBUG jndi - Created initial context delegate for local namespace:org.eclipse.jetty.jndi.local.localContextRoot@14eb32d1
15:20:08.206 [main] DEBUG o.e.j.j.java.javaURLContextFactory - >>> new root context requested 
15:20:08.207 [main] DEBUG jndi - Looking up name="comp/env/carmin.platform.supported_modules"
15:20:08.207 [main] DEBUG jndi - Trying thread context classloader
15:20:08.207 [main] DEBUG jndi - Looking up name="env/carmin.platform.supported_modules"
15:20:08.207 [main] DEBUG o.s.jndi.JndiLocatorDelegate - Converted JNDI name [java:comp/env/carmin.platform.supported_modules] not found - trying original name [carmin.platform.supported_modules]. javax.naming.NameNotFoundException; remaining name 'env/carmin.platform.supported_modules'
15:20:08.207 [main] DEBUG o.springframework.jndi.JndiTemplate - Looking up JNDI object with name [carmin.platform.supported_modules]
15:20:08.207 [main] DEBUG jndi - InitialContextFactory.getInitialContext()
15:20:08.207 [main] DEBUG jndi - Created initial context delegate for local namespace:org.eclipse.jetty.jndi.local.localContextRoot@7ed25d4c
15:20:08.207 [main] DEBUG jndi - Looking up name="carmin.platform.supported_modules"
15:20:08.207 [main] DEBUG o.s.jndi.JndiPropertySource - JNDI lookup for name [carmin.platform.supported_modules] threw NamingException with message: null. Returning null.
15:20:08.207 [main] DEBUG o.s.c.e.PropertySourcesPropertyResolver - Found key 'carmin.platform.supported_modules' in PropertySource 'file [/home/marza/Documents/VIP-portal/vip-portal/target/test-classes/vip-api.conf]' with value of type String
15:20:08.207 [main] DEBUG o.springframework.jndi.JndiTemplate - Looking up JNDI object with name [java:comp/env/carmin.platform.default_limit_list_execution]
15:20:08.207 [main] DEBUG jndi - InitialContextFactory.getInitialContext()
15:20:08.207 [main] DEBUG jndi - Created initial context delegate for local namespace:org.eclipse.jetty.jndi.local.localContextRoot@4538d24e
15:20:08.207 [main] DEBUG o.e.j.j.java.javaURLContextFactory - >>> new root context requested 
15:20:08.207 [main] DEBUG jndi - Looking up name="comp/env/carmin.platform.default_limit_list_execution"
15:20:08.207 [main] DEBUG jndi - Trying thread context classloader
15:20:08.207 [main] DEBUG jndi - Looking up name="env/carmin.platform.default_limit_list_execution"
15:20:08.207 [main] DEBUG o.s.jndi.JndiLocatorDelegate - Converted JNDI name [java:comp/env/carmin.platform.default_limit_list_execution] not found - trying original name [carmin.platform.default_limit_list_execution]. javax.naming.NameNotFoundException; remaining name 'env/carmin.platform.default_limit_list_execution'
15:20:08.207 [main] DEBUG o.springframework.jndi.JndiTemplate - Looking up JNDI object with name [carmin.platform.default_limit_list_execution]
15:20:08.207 [main] DEBUG jndi - InitialContextFactory.getInitialContext()
15:20:08.207 [main] DEBUG jndi - Created initial context delegate for local namespace:org.eclipse.jetty.jndi.local.localContextRoot@3b2b8288
15:20:08.207 [main] DEBUG jndi - Looking up name="carmin.platform.default_limit_list_execution"
15:20:08.207 [main] DEBUG o.s.jndi.JndiPropertySource - JNDI lookup for name [carmin.platform.default_limit_list_execution] threw NamingException with message: null. Returning null.
15:20:08.207 [main] DEBUG o.s.c.e.PropertySourcesPropertyResolver - Found key 'carmin.platform.default_limit_list_execution' in PropertySource 'file [/home/marza/Documents/VIP-portal/vip-portal/target/test-classes/vip-api.conf]' with value of type String
15:20:08.207 [main] DEBUG o.springframework.jndi.JndiTemplate - Looking up JNDI object with name [java:comp/env/carmin.platform.unsupported_methods]
15:20:08.207 [main] DEBUG jndi - InitialContextFactory.getInitialContext()
15:20:08.207 [main] DEBUG jndi - Created initial context delegate for local namespace:org.eclipse.jetty.jndi.local.localContextRoot@769b5286
15:20:08.207 [main] DEBUG o.e.j.j.java.javaURLContextFactory - >>> new root context requested 
15:20:08.207 [main] DEBUG jndi - Looking up name="comp/env/carmin.platform.unsupported_methods"
15:20:08.207 [main] DEBUG jndi - Trying thread context classloader
15:20:08.207 [main] DEBUG jndi - Looking up name="env/carmin.platform.unsupported_methods"
15:20:08.207 [main] DEBUG o.s.jndi.JndiLocatorDelegate - Converted JNDI name [java:comp/env/carmin.platform.unsupported_methods] not found - trying original name [carmin.platform.unsupported_methods]. javax.naming.NameNotFoundException; remaining name 'env/carmin.platform.unsupported_methods'
15:20:08.207 [main] DEBUG o.springframework.jndi.JndiTemplate - Looking up JNDI object with name [carmin.platform.unsupported_methods]
15:20:08.207 [main] DEBUG jndi - InitialContextFactory.getInitialContext()
15:20:08.207 [main] DEBUG jndi - Created initial context delegate for local namespace:org.eclipse.jetty.jndi.local.localContextRoot@1a4f5924
15:20:08.207 [main] DEBUG jndi - Looking up name="carmin.platform.unsupported_methods"
15:20:08.207 [main] DEBUG o.s.jndi.JndiPropertySource - JNDI lookup for name [carmin.platform.unsupported_methods] threw NamingException with message: null. Returning null.
15:20:08.208 [main] DEBUG o.s.c.e.PropertySourcesPropertyResolver - Found key 'carmin.platform.unsupported_methods' in PropertySource 'file [/home/marza/Documents/VIP-portal/vip-portal/target/test-classes/vip-api.conf]' with value of type String
15:20:08.208 [main] DEBUG o.springframework.jndi.JndiTemplate - Looking up JNDI object with name [java:comp/env/carmin.platform.supported_API_Version]
15:20:08.208 [main] DEBUG jndi - InitialContextFactory.getInitialContext()
15:20:08.208 [main] DEBUG jndi - Created initial context delegate for local namespace:org.eclipse.jetty.jndi.local.localContextRoot@19e64281
15:20:08.208 [main] DEBUG o.e.j.j.java.javaURLContextFactory - >>> new root context requested 
15:20:08.208 [main] DEBUG jndi - Looking up name="comp/env/carmin.platform.supported_API_Version"
15:20:08.208 [main] DEBUG jndi - Trying thread context classloader
15:20:08.208 [main] DEBUG jndi - Looking up name="env/carmin.platform.supported_API_Version"
15:20:08.208 [main] DEBUG o.s.jndi.JndiLocatorDelegate - Converted JNDI name [java:comp/env/carmin.platform.supported_API_Version] not found - trying original name [carmin.platform.supported_API_Version]. javax.naming.NameNotFoundException; remaining name 'env/carmin.platform.supported_API_Version'
15:20:08.208 [main] DEBUG o.springframework.jndi.JndiTemplate - Looking up JNDI object with name [carmin.platform.supported_API_Version]
15:20:08.208 [main] DEBUG jndi - InitialContextFactory.getInitialContext()
15:20:08.208 [main] DEBUG jndi - Created initial context delegate for local namespace:org.eclipse.jetty.jndi.local.localContextRoot@7e3eacf7
15:20:08.208 [main] DEBUG jndi - Looking up name="carmin.platform.supported_API_Version"
15:20:08.208 [main] DEBUG o.s.jndi.JndiPropertySource - JNDI lookup for name [carmin.platform.supported_API_Version] threw NamingException with message: null. Returning null.
15:20:08.208 [main] DEBUG o.s.c.e.PropertySourcesPropertyResolver - Found key 'carmin.platform.supported_API_Version' in PropertySource 'file [/home/marza/Documents/VIP-portal/vip-portal/target/test-classes/vip-api.conf]' with value of type String
15:20:08.208 [main] DEBUG o.springframework.jndi.JndiTemplate - Looking up JNDI object with name [java:comp/env/carmin.platform.email]
15:20:08.208 [main] DEBUG jndi - InitialContextFactory.getInitialContext()
15:20:08.208 [main] DEBUG jndi - Created initial context delegate for local namespace:org.eclipse.jetty.jndi.local.localContextRoot@529dced4
15:20:08.208 [main] DEBUG o.e.j.j.java.javaURLContextFactory - >>> new root context requested 
15:20:08.208 [main] DEBUG jndi - Looking up name="comp/env/carmin.platform.email"
15:20:08.208 [main] DEBUG jndi - Trying thread context classloader
15:20:08.208 [main] DEBUG jndi - Looking up name="env/carmin.platform.email"
15:20:08.208 [main] DEBUG o.s.jndi.JndiLocatorDelegate - Converted JNDI name [java:comp/env/carmin.platform.email] not found - trying original name [carmin.platform.email]. javax.naming.NameNotFoundException; remaining name 'env/carmin.platform.email'
15:20:08.208 [main] DEBUG o.springframework.jndi.JndiTemplate - Looking up JNDI object with name [carmin.platform.email]
15:20:08.208 [main] DEBUG jndi - InitialContextFactory.getInitialContext()
15:20:08.208 [main] DEBUG jndi - Created initial context delegate for local namespace:org.eclipse.jetty.jndi.local.localContextRoot@32fb2bda
15:20:08.208 [main] DEBUG jndi - Looking up name="carmin.platform.email"
15:20:08.208 [main] DEBUG o.s.jndi.JndiPropertySource - JNDI lookup for name [carmin.platform.email] threw NamingException with message: null. Returning null.
15:20:08.208 [main] DEBUG o.s.c.e.PropertySourcesPropertyResolver - Found key 'carmin.platform.email' in PropertySource 'file [/home/marza/Documents/VIP-portal/vip-portal/target/test-classes/vip-api.conf]' with value of type String
15:20:08.212 [main] DEBUG o.springframework.jndi.JndiTemplate - Looking up JNDI object with name [java:comp/env/carmin.data.max_size]
15:20:08.212 [main] DEBUG jndi - InitialContextFactory.getInitialContext()
15:20:08.212 [main] DEBUG jndi - Created initial context delegate for local namespace:org.eclipse.jetty.jndi.local.localContextRoot@5f275682
15:20:08.212 [main] DEBUG o.e.j.j.java.javaURLContextFactory - >>> new root context requested 
15:20:08.212 [main] DEBUG jndi - Looking up name="comp/env/carmin.data.max_size"
15:20:08.212 [main] DEBUG jndi - Trying thread context classloader
15:20:08.212 [main] DEBUG jndi - Looking up name="env/carmin.data.max_size"
15:20:08.212 [main] DEBUG o.s.jndi.JndiLocatorDelegate - Converted JNDI name [java:comp/env/carmin.data.max_size] not found - trying original name [carmin.data.max_size]. javax.naming.NameNotFoundException; remaining name 'env/carmin.data.max_size'
15:20:08.212 [main] DEBUG o.springframework.jndi.JndiTemplate - Looking up JNDI object with name [carmin.data.max_size]
15:20:08.212 [main] DEBUG jndi - InitialContextFactory.getInitialContext()
15:20:08.212 [main] DEBUG jndi - Created initial context delegate for local namespace:org.eclipse.jetty.jndi.local.localContextRoot@2ffadd86
15:20:08.212 [main] DEBUG jndi - Looking up name="carmin.data.max_size"
15:20:08.212 [main] DEBUG o.s.jndi.JndiPropertySource - JNDI lookup for name [carmin.data.max_size] threw NamingException with message: null. Returning null.
15:20:08.212 [main] DEBUG o.s.c.e.PropertySourcesPropertyResolver - Found key 'carmin.data.max_size' in PropertySource 'file [/home/marza/Documents/VIP-portal/vip-portal/target/test-classes/vip-api.conf]' with value of type String
15:20:08.258 [main] DEBUG o.s.w.s.m.m.a.RequestResponseBodyMethodProcessor - Using 'application/json', given [*/*] and supported [application/json, application/*+json]
15:20:08.258 [main] DEBUG o.s.w.s.m.m.a.RequestResponseBodyMethodProcessor - Writing [fr.insalyon.creatis.vip.api.model.PlatformProperties@1ff49cf4]
15:20:08.271 [main] DEBUG o.s.s.w.c.HttpSessionSecurityContextRepository - Did not store anonymous SecurityContext
15:20:08.272 [main] DEBUG o.s.t.w.s.TestDispatcherServlet - Completed 200 OK
15:20:08.272 [main] DEBUG o.s.s.w.c.HttpSessionSecurityContextRepository - Did not store anonymous SecurityContext
15:20:08.272 [main] DEBUG o.s.s.w.c.SecurityContextPersistenceFilter - Cleared SecurityContextHolder to complete request

MockHttpServletRequest:
      HTTP Method = GET
      Request URI = /rest/platform
       Parameters = {}
          Headers = []
             Body = <no character encoding set>
    Session Attrs = {}

Handler:
             Type = fr.insalyon.creatis.vip.api.controller.PlatformController
           Method = fr.insalyon.creatis.vip.api.controller.PlatformController#getPlatformProperties()

Async:
    Async started = false
     Async result = null

Resolved Exception:
             Type = null

ModelAndView:
        View name = null
             View = null
            Model = null

FlashMap:
       Attributes = null

MockHttpServletResponse:
           Status = 200
    Error message = null
          Headers = [Vary:"Origin", "Access-Control-Request-Method", "Access-Control-Request-Headers", Content-Type:"application/json", X-Content-Type-Options:"nosniff", X-XSS-Protection:"1; mode=block", Cache-Control:"no-cache, no-store, max-age=0, must-revalidate", Pragma:"no-cache", Expires:"0", X-Frame-Options:"SAMEORIGIN"]
     Content type = application/json
             Body = {"platformName":"VIP_TEST","supportedTransferProtocols":["https"],"supportedModules":["Processing"],"defaultLimitListExecutions":500,"email":"test@test.tst","platformDescription":"Test instance of Virtual Imaging Platform","minAuthorizedExecutionTimeout":null,"maxAuthorizedExecutionTimeout":null,"unsupportedMethods":["playExecution"],"maxSizeDirectTransfer":15000000,"defaultStudy":null,"supportedAPIVersion":"0.3","apierrorCodesAndMessages":[{"errorCode":8000,"errorMessage":"An error has been encountered on the VIP API"},{"errorCode":8001,"errorMessage":"The {} method is not implemented in the VIP API"},{"errorCode":8002,"errorMessage":"The error message for 'bad credentials' cannot be known in advance"},{"errorCode":8003,"errorMessage":"The error message for 'insufficient auth' cannot be known in advance"},{"errorCode":8004,"errorMessage":"The error message for 'authentication error' cannot be known in advance"},{"errorCode":8005,"errorMessage":"The {} pipeline identifier is not valid"},{"errorCode":8006,"errorMessage":"The {} application does not exists"},{"errorCode":8007,"errorMessage":"The {} pipeline does not exists or cannot be used"},{"errorCode":8008,"errorMessage":"Not allowed to access application {}"},{"errorCode":8009,"errorMessage":"Input field '{}' is not valid. Cause : {}"},{"errorCode":8010,"errorMessage":"The date {} have a wrong format (needed : {})"},{"errorCode":8011,"errorMessage":"The service {} is unknown, only 'vip' is possible"},{"errorCode":8012,"errorMessage":"Country unknown : {}"},{"errorCode":8013,"errorMessage":"Unauthorized data access to : {}"},{"errorCode":8014,"errorMessage":"The login process encountered an error"},{"errorCode":2000,"errorMessage":"Max number of running executions reached on the platform."},{"errorCode":2001,"errorMessage":"Max number of running executions reached.<br />You already have {} running executions."},{"errorCode":2002,"errorMessage":"Error getting application descriptor for {}."}],"APIErrorCodesAndMessages":[{"errorCode":8000,"errorMessage":"An error has been encountered on the VIP API"},{"errorCode":8001,"errorMessage":"The {} method is not implemented in the VIP API"},{"errorCode":8002,"errorMessage":"The error message for 'bad credentials' cannot be known in advance"},{"errorCode":8003,"errorMessage":"The error message for 'insufficient auth' cannot be known in advance"},{"errorCode":8004,"errorMessage":"The error message for 'authentication error' cannot be known in advance"},{"errorCode":8005,"errorMessage":"The {} pipeline identifier is not valid"},{"errorCode":8006,"errorMessage":"The {} application does not exists"},{"errorCode":8007,"errorMessage":"The {} pipeline does not exists or cannot be used"},{"errorCode":8008,"errorMessage":"Not allowed to access application {}"},{"errorCode":8009,"errorMessage":"Input field '{}' is not valid. Cause : {}"},{"errorCode":8010,"errorMessage":"The date {} have a wrong format (needed : {})"},{"errorCode":8011,"errorMessage":"The service {} is unknown, only 'vip' is possible"},{"errorCode":8012,"errorMessage":"Country unknown : {}"},{"errorCode":8013,"errorMessage":"Unauthorized data access to : {}"},{"errorCode":8014,"errorMessage":"The login process encountered an error"},{"errorCode":2000,"errorMessage":"Max number of running executions reached on the platform."},{"errorCode":2001,"errorMessage":"Max number of running executions reached.<br />You already have {} running executions."},{"errorCode":2002,"errorMessage":"Error getting application descriptor for {}."}]}
    Forwarded URL = null
   Redirected URL = null
          Cookies = []
15:20:08.274 [main] DEBUG c.j.j.internal.path.CompiledPath - Evaluating path: $['platformName']
15:20:08.274 [main] DEBUG o.s.t.c.c.DefaultCacheAwareContextLoaderDelegate - Retrieved ApplicationContext [735200015] from cache with key [[WebMergedContextConfiguration@77f4038c testClass = VipWebConfigurationIT, locations = '{}', classes = '{class fr.insalyon.creatis.vip.core.server.SpringCoreConfig}', contextInitializerClasses = '[]', activeProfiles = '{test-db, test}', propertySourceLocations = '{}', propertySourceProperties = '{db.tableEngine=, vipConfigFolder=classpath:}', contextCustomizers = set[[empty]], resourceBasePath = 'src/main/webapp', contextLoader = 'org.springframework.test.context.web.WebDelegatingSmartContextLoader', parent = [null]]]
15:20:08.274 [main] DEBUG o.springframework.test.context.cache - Spring test ApplicationContext cache statistics: [DefaultContextCache@909ac95 size = 1, maxSize = 32, parentContextCount = 0, hitCount = 14, missCount = 1]
15:20:08.275 [main] DEBUG o.s.t.c.c.DefaultCacheAwareContextLoaderDelegate - Retrieved ApplicationContext [735200015] from cache with key [[WebMergedContextConfiguration@77f4038c testClass = VipWebConfigurationIT, locations = '{}', classes = '{class fr.insalyon.creatis.vip.core.server.SpringCoreConfig}', contextInitializerClasses = '[]', activeProfiles = '{test-db, test}', propertySourceLocations = '{}', propertySourceProperties = '{db.tableEngine=, vipConfigFolder=classpath:}', contextCustomizers = set[[empty]], resourceBasePath = 'src/main/webapp', contextLoader = 'org.springframework.test.context.web.WebDelegatingSmartContextLoader', parent = [null]]]
15:20:08.275 [main] DEBUG o.springframework.test.context.cache - Spring test ApplicationContext cache statistics: [DefaultContextCache@909ac95 size = 1, maxSize = 32, parentContextCount = 0, hitCount = 15, missCount = 1]
15:20:08.275 [main] DEBUG o.s.j.d.DataSourceTransactionManager - Initiating transaction rollback
15:20:08.275 [main] DEBUG o.s.j.d.DataSourceTransactionManager - Rolling back JDBC transaction on Connection [Lazy Connection proxy for target DataSource [org.springframework.jdbc.datasource.embedded.EmbeddedDatabaseFactory$EmbeddedDataSourceProxy@52b43d58]]
15:20:08.276 [main] DEBUG o.s.j.d.DataSourceTransactionManager - Releasing JDBC Connection [Lazy Connection proxy for target DataSource [org.springframework.jdbc.datasource.embedded.EmbeddedDatabaseFactory$EmbeddedDataSourceProxy@52b43d58]] after transaction
15:20:08.276 [main] INFO  o.s.t.c.t.TransactionContext - Rolled back transaction for test: [DefaultTestContext@27a90ce5 testClass = VipWebConfigurationIT, testInstance = fr.insalyon.creatis.vip.integrationtest.VipWebConfigurationIT@13903174, testMethod = testGetPlatformProperties@VipWebConfigurationIT, testException = [null], mergedContextConfiguration = [WebMergedContextConfiguration@77f4038c testClass = VipWebConfigurationIT, locations = '{}', classes = '{class fr.insalyon.creatis.vip.core.server.SpringCoreConfig}', contextInitializerClasses = '[]', activeProfiles = '{test-db, test}', propertySourceLocations = '{}', propertySourceProperties = '{db.tableEngine=, vipConfigFolder=classpath:}', contextCustomizers = set[[empty]], resourceBasePath = 'src/main/webapp', contextLoader = 'org.springframework.test.context.web.WebDelegatingSmartContextLoader', parent = [null]], attributes = map['org.springframework.test.context.web.ServletTestExecutionListener.populatedRequestContextHolder' -> true, 'org.springframework.test.context.web.ServletTestExecutionListener.resetRequestContextHolder' -> true, 'org.springframework.test.context.event.ApplicationEventsTestExecutionListener.recordApplicationEvents' -> false]]
15:20:08.276 [main] DEBUG o.s.t.c.s.AbstractDirtiesContextTestExecutionListener - After test method: context [DefaultTestContext@27a90ce5 testClass = VipWebConfigurationIT, testInstance = fr.insalyon.creatis.vip.integrationtest.VipWebConfigurationIT@13903174, testMethod = testGetPlatformProperties@VipWebConfigurationIT, testException = [null], mergedContextConfiguration = [WebMergedContextConfiguration@77f4038c testClass = VipWebConfigurationIT, locations = '{}', classes = '{class fr.insalyon.creatis.vip.core.server.SpringCoreConfig}', contextInitializerClasses = '[]', activeProfiles = '{test-db, test}', propertySourceLocations = '{}', propertySourceProperties = '{db.tableEngine=, vipConfigFolder=classpath:}', contextCustomizers = set[[empty]], resourceBasePath = 'src/main/webapp', contextLoader = 'org.springframework.test.context.web.WebDelegatingSmartContextLoader', parent = [null]], attributes = map['org.springframework.test.context.web.ServletTestExecutionListener.populatedRequestContextHolder' -> true, 'org.springframework.test.context.web.ServletTestExecutionListener.resetRequestContextHolder' -> true, 'org.springframework.test.context.event.ApplicationEventsTestExecutionListener.recordApplicationEvents' -> false]], class annotated with @DirtiesContext [false] with mode [null], method annotated with @DirtiesContext [false] with mode [null].
15:20:08.276 [main] DEBUG o.s.t.c.w.ServletTestExecutionListener - Resetting RequestContextHolder for test context [DefaultTestContext@27a90ce5 testClass = VipWebConfigurationIT, testInstance = fr.insalyon.creatis.vip.integrationtest.VipWebConfigurationIT@13903174, testMethod = testGetPlatformProperties@VipWebConfigurationIT, testException = [null], mergedContextConfiguration = [WebMergedContextConfiguration@77f4038c testClass = VipWebConfigurationIT, locations = '{}', classes = '{class fr.insalyon.creatis.vip.core.server.SpringCoreConfig}', contextInitializerClasses = '[]', activeProfiles = '{test-db, test}', propertySourceLocations = '{}', propertySourceProperties = '{db.tableEngine=, vipConfigFolder=classpath:}', contextCustomizers = set[[empty]], resourceBasePath = 'src/main/webapp', contextLoader = 'org.springframework.test.context.web.WebDelegatingSmartContextLoader', parent = [null]], attributes = map['org.springframework.test.context.web.ServletTestExecutionListener.populatedRequestContextHolder' -> true, 'org.springframework.test.context.web.ServletTestExecutionListener.resetRequestContextHolder' -> true, 'org.springframework.test.context.event.ApplicationEventsTestExecutionListener.recordApplicationEvents' -> false]].
]]></system-out>
  </testcase>
</testsuite>