<?xml version="1.0" encoding="UTF-8"?>
<testsuite xmlns:xsi="http://www.w3.org/2001/XMLSchema-instance" xsi:noNamespaceSchemaLocation="https://maven.apache.org/surefire/maven-failsafe-plugin/xsd/failsafe-test-report-3.0.xsd" version="3.0" name="fr.insalyon.creatis.vip.integrationtest.VipWebConfigurationIT" time="8.482" tests="2" errors="0" skipped="0" failures="0">
  <properties>
    <property name="sun.desktop" value="gnome"/>
    <property name="awt.toolkit" value="sun.awt.X11.XToolkit"/>
    <property name="java.specification.version" value="11"/>
    <property name="sun.cpu.isalist" value=""/>
    <property name="sun.jnu.encoding" value="UTF-8"/>
    <property name="java.class.path" value="/home/marza/Documents/VIP-portal/vip-portal/target/test-classes:/home/marza/Documents/VIP-portal/vip-portal/target/classes:/home/marza/Documents/VIP-portal/vip-core/target/vip-core-2.4.1.jar:/home/marza/.m2/repository/com/google/gwt/gwt-user/2.8.2/gwt-user-2.8.2.jar:/home/marza/.m2/repository/com/google/jsinterop/jsinterop-annotations/1.0.2/jsinterop-annotations-1.0.2.jar:/home/marza/.m2/repository/com/google/jsinterop/jsinterop-annotations/1.0.2/jsinterop-annotations-1.0.2-sources.jar:/home/marza/.m2/repository/javax/servlet/javax.servlet-api/3.1.0/javax.servlet-api-3.1.0.jar:/home/marza/.m2/repository/org/w3c/css/sac/1.3/sac-1.3.jar:/home/marza/.m2/repository/org/bouncycastle/bcpkix-jdk15on/1.52/bcpkix-jdk15on-1.52.jar:/home/marza/.m2/repository/org/bouncycastle/bcprov-jdk15on/1.52/bcprov-jdk15on-1.52.jar:/home/marza/.m2/repository/fr/insalyon/creatis/grida-client/2.2.0/grida-client-2.2.0.jar:/home/marza/.m2/repository/fr/insalyon/creatis/grida-common/2.2.0/grida-common-2.2.0.jar:/home/marza/.m2/repository/commons-cli/commons-cli/1.4/commons-cli-1.4.jar:/home/marza/.m2/repository/fr/insalyon/creatis/sma-client/0.3.0/sma-client-0.3.0.jar:/home/marza/.m2/repository/fr/insalyon/creatis/sma-common/0.3.0/sma-common-0.3.0.jar:/home/marza/.m2/repository/fr/insalyon/creatis/devtools/0.1/devtools-0.1.jar:/home/marza/.m2/repository/org/slf4j/slf4j-api/1.7.30/slf4j-api-1.7.30.jar:/home/marza/.m2/repository/commons-configuration/commons-configuration/1.7/commons-configuration-1.7.jar:/home/marza/.m2/repository/commons-logging/commons-logging/99-empty/commons-logging-99-empty.jar:/home/marza/.m2/repository/commons-digester/commons-digester/1.8.1/commons-digester-1.8.1.jar:/home/marza/.m2/repository/commons-beanutils/commons-beanutils/1.8.3/commons-beanutils-1.8.3.jar:/home/marza/.m2/repository/commons-codec/commons-codec/1.6/commons-codec-1.6.jar:/home/marza/.m2/repository/commons-io/commons-io/2.4/commons-io-2.4.jar:/home/marza/.m2/repository/org/opensaml/opensaml/2.6.0/opensaml-2.6.0.jar:/home/marza/.m2/repository/org/opensaml/openws/1.5.0/openws-1.5.0.jar:/home/marza/.m2/repository/org/opensaml/xmltooling/1.4.0/xmltooling-1.4.0.jar:/home/marza/.m2/repository/ca/juliusdavies/not-yet-commons-ssl/0.3.9/not-yet-commons-ssl-0.3.9.jar:/home/marza/.m2/repository/org/apache/santuario/xmlsec/1.5.4/xmlsec-1.5.4.jar:/home/marza/.m2/repository/commons-httpclient/commons-httpclient/3.1/commons-httpclient-3.1.jar:/home/marza/.m2/repository/org/owasp/esapi/esapi/2.0.1/esapi-2.0.1.jar:/home/marza/.m2/repository/joda-time/joda-time/2.2/joda-time-2.2.jar:/home/marza/.m2/repository/xerces/xercesImpl/2.10.0/xercesImpl-2.10.0.jar:/home/marza/.m2/repository/xalan/serializer/2.7.1/serializer-2.7.1.jar:/home/marza/.m2/repository/xml-resolver/xml-resolver/1.2/xml-resolver-1.2.jar:/home/marza/.m2/repository/xalan/xalan/2.7.1/xalan-2.7.1.jar:/home/marza/.m2/repository/javax/mail/mail/1.4.5/mail-1.4.5.jar:/home/marza/.m2/repository/javax/activation/activation/1.1/activation-1.1.jar:/home/marza/.m2/repository/javax/annotation/javax.annotation-api/1.3.2/javax.annotation-api-1.3.2.jar:/home/marza/.m2/repository/org/springframework/spring-web/5.3.15/spring-web-5.3.15.jar:/home/marza/.m2/repository/org/springframework/spring-beans/5.3.15/spring-beans-5.3.15.jar:/home/marza/.m2/repository/org/springframework/spring-jdbc/5.3.15/spring-jdbc-5.3.15.jar:/home/marza/.m2/repository/org/springframework/spring-tx/5.3.15/spring-tx-5.3.15.jar:/home/marza/.m2/repository/org/springframework/spring-context/5.3.15/spring-context-5.3.15.jar:/home/marza/.m2/repository/org/springframework/spring-aop/5.3.15/spring-aop-5.3.15.jar:/home/marza/.m2/repository/org/springframework/spring-expression/5.3.15/spring-expression-5.3.15.jar:/home/marza/Documents/VIP-portal/vip-core/target/vip-core-2.4.1-sources.jar:/home/marza/Documents/VIP-portal/vip-docs/target/vip-docs-2.4.1.jar:/home/marza/Documents/VIP-portal/vip-docs/target/vip-docs-2.4.1-sources.jar:/home/marza/Documents/VIP-portal/vip-application-importer/target/vip-application-importer-2.4.1.jar:/home/marza/.m2/repository/org/apache/commons/commons-compress/1.20/commons-compress-1.20.jar:/home/marza/.m2/repository/org/apache/velocity/velocity/1.7/velocity-1.7.jar:/home/marza/.m2/repository/org/apache/velocity/velocity-tools/2.0/velocity-tools-2.0.jar:/home/marza/.m2/repository/commons-chain/commons-chain/1.1/commons-chain-1.1.jar:/home/marza/.m2/repository/commons-validator/commons-validator/1.3.1/commons-validator-1.3.1.jar:/home/marza/.m2/repository/dom4j/dom4j/1.1/dom4j-1.1.jar:/home/marza/.m2/repository/oro/oro/2.0.8/oro-2.0.8.jar:/home/marza/.m2/repository/sslext/sslext/1.2-0/sslext-1.2-0.jar:/home/marza/Documents/VIP-portal/vip-application-importer/target/vip-application-importer-2.4.1-sources.jar:/home/marza/Documents/VIP-portal/vip-datamanagement/target/vip-datamanager-2.4.1.jar:/home/marza/.m2/repository/commons-fileupload/commons-fileupload/1.3.3/commons-fileupload-1.3.3.jar:/home/marza/.m2/repository/com/fasterxml/jackson/core/jackson-databind/2.11.0/jackson-databind-2.11.0.jar:/home/marza/.m2/repository/com/fasterxml/jackson/core/jackson-annotations/2.11.0/jackson-annotations-2.11.0.jar:/home/marza/.m2/repository/com/fasterxml/jackson/core/jackson-core/2.11.0/jackson-core-2.11.0.jar:/home/marza/Documents/VIP-portal/vip-datamanagement/target/vip-datamanager-2.4.1-sources.jar:/home/marza/Documents/VIP-portal/vip-application/target/vip-application-2.4.1.jar:/home/marza/.m2/repository/fr/insalyon/creatis/moteur2-workflowsdb-common/1.6/moteur2-workflowsdb-common-1.6.jar:/home/marza/.m2/repository/org/hibernate/hibernate-entitymanager/4.1.1.Final/hibernate-entitymanager-4.1.1.Final.jar:/home/marza/.m2/repository/org/hibernate/hibernate-core/4.1.1.Final/hibernate-core-4.1.1.Final.jar:/home/marza/.m2/repository/antlr/antlr/2.7.7/antlr-2.7.7.jar:/home/marza/.m2/repository/org/jboss/spec/javax/transaction/jboss-transaction-api_1.1_spec/1.0.0.Final/jboss-transaction-api_1.1_spec-1.0.0.Final.jar:/home/marza/.m2/repository/org/hibernate/javax/persistence/hibernate-jpa-2.0-api/1.0.1.Final/hibernate-jpa-2.0-api-1.0.1.Final.jar:/home/marza/.m2/repository/org/javassist/javassist/3.15.0-GA/javassist-3.15.0-GA.jar:/home/marza/.m2/repository/org/hibernate/common/hibernate-commons-annotations/4.0.1.Final/hibernate-commons-annotations-4.0.1.Final.jar:/home/marza/.m2/repository/globus-common/jaxrpc/4.2.1/jaxrpc-4.2.1.jar:/home/marza/.m2/repository/org/apache/axis/axis/1.4.1-vip/axis-1.4.1-vip.jar:/home/marza/.m2/repository/org/apache/axis/axis-jaxrpc/1.4.1-SNAPSHOT/axis-jaxrpc-1.4.1-SNAPSHOT.jar:/home/marza/.m2/repository/javax/servlet/servlet-api/2.4/servlet-api-2.4.jar:/home/marza/.m2/repository/xerces/xmlParserAPIs/2.6.2/xmlParserAPIs-2.6.2.jar:/home/marza/.m2/repository/castor/castor/0.9.4.2/castor-0.9.4.2.jar:/home/marza/.m2/repository/bsf/bsf/2.3.0/bsf-2.3.0.jar:/home/marza/.m2/repository/commons-net/commons-net/1.0.0/commons-net-1.0.0.jar:/home/marza/.m2/repository/org/eclipse/emf/common/2.2.3/common-2.2.3.jar:/home/marza/.m2/repository/org/eclipse/emf/ecore/2.2.3/ecore-2.2.3.jar:/home/marza/.m2/repository/org/eclipse/emf/ecore-xmi/2.2.3/ecore-xmi-2.2.3.jar:/home/marza/.m2/repository/org/eclipse/xsd/xsd/2.2.3/xsd-2.2.3.jar:/home/marza/.m2/repository/org/apache/axis/axis-saaj/1.4/axis-saaj-1.4.jar:/home/marza/.m2/repository/commons-discovery/commons-discovery/0.4/commons-discovery-0.4.jar:/home/marza/.m2/repository/wsdl4j/wsdl4j/1.6.1/wsdl4j-1.6.1.jar:/home/marza/.m2/repository/org/jsoup/jsoup/1.7.2/jsoup-1.7.2.jar:/home/marza/.m2/repository/xml-apis/xml-apis/1.4.01/xml-apis-1.4.01.jar:/home/marza/Documents/VIP-portal/vip-application/target/vip-application-2.4.1-sources.jar:/home/marza/Documents/VIP-portal/vip-gatelab/target/vip-gatelab-2.4.1.jar:/home/marza/Documents/VIP-portal/vip-gatelab/target/vip-gatelab-2.4.1-sources.jar:/home/marza/Documents/VIP-portal/vip-publication/target/vip-publication-2.4.1.jar:/home/marza/.m2/repository/org/jbibtex/jbibtex/1.0.14/jbibtex-1.0.14.jar:/home/marza/Documents/VIP-portal/vip-publication/target/vip-publication-2.4.1-sources.jar:/home/marza/Documents/VIP-portal/vip-social/target/vip-social-2.4.1.jar:/home/marza/Documents/VIP-portal/vip-social/target/vip-social-2.4.1-sources.jar:/home/marza/Documents/VIP-portal/vip-api/target/vip-api-2.4.1.jar:/home/marza/.m2/repository/org/springframework/spring-webmvc/5.3.15/spring-webmvc-5.3.15.jar:/home/marza/.m2/repository/org/springframework/security/spring-security-config/5.6.1/spring-security-config-5.6.1.jar:/home/marza/.m2/repository/org/springframework/security/spring-security-oauth2-client/5.6.1/spring-security-oauth2-client-5.6.1.jar:/home/marza/.m2/repository/org/springframework/security/spring-security-oauth2-core/5.6.1/spring-security-oauth2-core-5.6.1.jar:/home/marza/.m2/repository/com/nimbusds/oauth2-oidc-sdk/9.19/oauth2-oidc-sdk-9.19.jar:/home/marza/.m2/repository/com/github/stephenc/jcip/jcip-annotations/1.0-1/jcip-annotations-1.0-1.jar:/home/marza/.m2/repository/com/nimbusds/content-type/2.1/content-type-2.1.jar:/home/marza/.m2/repository/com/nimbusds/lang-tag/1.5/lang-tag-1.5.jar:/home/marza/.m2/repository/org/springframework/security/spring-security-oauth2-jose/5.6.1/spring-security-oauth2-jose-5.6.1.jar:/home/marza/.m2/repository/com/nimbusds/nimbus-jose-jwt/9.14/nimbus-jose-jwt-9.14.jar:/home/marza/.m2/repository/org/springframework/security/spring-security-web/5.6.1/spring-security-web-5.6.1.jar:/home/marza/.m2/repository/org/keycloak/keycloak-spring-security-adapter/15.0.1/keycloak-spring-security-adapter-15.0.1.jar:/home/marza/.m2/repository/org/keycloak/keycloak-core/15.0.1/keycloak-core-15.0.1.jar:/home/marza/.m2/repository/org/keycloak/keycloak-adapter-spi/15.0.1/keycloak-adapter-spi-15.0.1.jar:/home/marza/.m2/repository/org/keycloak/keycloak-adapter-core/15.0.1/keycloak-adapter-core-15.0.1.jar:/home/marza/.m2/repository/org/jboss/logging/jboss-logging/3.4.1.Final/jboss-logging-3.4.1.Final.jar:/home/marza/.m2/repository/org/apache/httpcomponents/httpclient/4.5.13/httpclient-4.5.13.jar:/home/marza/.m2/repository/org/apache/httpcomponents/httpcore/4.4.13/httpcore-4.4.13.jar:/home/marza/.m2/repository/org/keycloak/keycloak-admin-client/15.0.1/keycloak-admin-client-15.0.1.jar:/home/marza/.m2/repository/org/keycloak/keycloak-common/15.0.1/keycloak-common-15.0.1.jar:/home/marza/.m2/repository/org/jboss/resteasy/resteasy-client/3.13.2.Final/resteasy-client-3.13.2.Final.jar:/home/marza/.m2/repository/org/jboss/spec/javax/ws/rs/jboss-jaxrs-api_2.1_spec/2.0.1.Final/jboss-jaxrs-api_2.1_spec-2.0.1.Final.jar:/home/marza/.m2/repository/org/jboss/resteasy/resteasy-jaxrs/3.13.2.Final/resteasy-jaxrs-3.13.2.Final.jar:/home/marza/.m2/repository/org/reactivestreams/reactive-streams/1.0.3/reactive-streams-1.0.3.jar:/home/marza/.m2/repository/org/jboss/spec/javax/annotation/jboss-annotations-api_1.3_spec/2.0.1.Final/jboss-annotations-api_1.3_spec-2.0.1.Final.jar:/home/marza/.m2/repository/com/sun/activation/jakarta.activation/1.2.1/jakarta.activation-1.2.1.jar:/home/marza/.m2/repository/org/jboss/resteasy/resteasy-multipart-provider/3.13.2.Final/resteasy-multipart-provider-3.13.2.Final.jar:/home/marza/.m2/repository/com/sun/mail/jakarta.mail/1.6.5/jakarta.mail-1.6.5.jar:/home/marza/.m2/repository/org/apache/james/apache-mime4j/0.6/apache-mime4j-0.6.jar:/home/marza/.m2/repository/org/jboss/resteasy/resteasy-jackson2-provider/3.13.2.Final/resteasy-jackson2-provider-3.13.2.Final.jar:/home/marza/.m2/repository/com/fasterxml/jackson/jaxrs/jackson-jaxrs-json-provider/2.10.5/jackson-jaxrs-json-provider-2.10.5.jar:/home/marza/.m2/repository/com/fasterxml/jackson/jaxrs/jackson-jaxrs-base/2.10.5/jackson-jaxrs-base-2.10.5.jar:/home/marza/.m2/repository/com/fasterxml/jackson/module/jackson-module-jaxb-annotations/2.10.5/jackson-module-jaxb-annotations-2.10.5.jar:/home/marza/.m2/repository/jakarta/activation/jakarta.activation-api/1.2.1/jakarta.activation-api-1.2.1.jar:/home/marza/.m2/repository/com/github/fge/json-patch/1.9/json-patch-1.9.jar:/home/marza/.m2/repository/com/github/fge/jackson-coreutils/1.6/jackson-coreutils-1.6.jar:/home/marza/.m2/repository/com/github/fge/msg-simple/1.1/msg-simple-1.1.jar:/home/marza/.m2/repository/com/github/fge/btf/1.2/btf-1.2.jar:/home/marza/.m2/repository/com/google/guava/guava/28.1-jre/guava-28.1-jre.jar:/home/marza/.m2/repository/com/google/guava/failureaccess/1.0.1/failureaccess-1.0.1.jar:/home/marza/.m2/repository/com/google/guava/listenablefuture/9999.0-empty-to-avoid-conflict-with-guava/listenablefuture-9999.0-empty-to-avoid-conflict-with-guava.jar:/home/marza/.m2/repository/org/checkerframework/checker-qual/2.8.1/checker-qual-2.8.1.jar:/home/marza/.m2/repository/org/jboss/resteasy/resteasy-jaxb-provider/3.13.2.Final/resteasy-jaxb-provider-3.13.2.Final.jar:/home/marza/.m2/repository/org/jboss/spec/javax/xml/bind/jboss-jaxb-api_2.3_spec/2.0.0.Final/jboss-jaxb-api_2.3_spec-2.0.0.Final.jar:/home/marza/.m2/repository/org/glassfish/jaxb/jaxb-runtime/2.3.3-b02/jaxb-runtime-2.3.3-b02.jar:/home/marza/.m2/repository/org/glassfish/jaxb/txw2/2.3.3-b02/txw2-2.3.3-b02.jar:/home/marza/.m2/repository/com/sun/istack/istack-commons-runtime/3.0.10/istack-commons-runtime-3.0.10.jar:/home/marza/.m2/repository/com/fasterxml/jackson/datatype/jackson-datatype-jsr310/2.11.0/jackson-datatype-jsr310-2.11.0.jar:/home/marza/.m2/repository/org/hibernate/validator/hibernate-validator/6.1.5.Final/hibernate-validator-6.1.5.Final.jar:/home/marza/.m2/repository/jakarta/validation/jakarta.validation-api/2.0.2/jakarta.validation-api-2.0.2.jar:/home/marza/.m2/repository/com/fasterxml/classmate/1.3.4/classmate-1.3.4.jar:/home/marza/.m2/repository/org/glassfish/jakarta.el/3.0.3/jakarta.el-3.0.3.jar:/home/marza/Documents/VIP-portal/vip-local/target/vip-local-2.4.1.jar:/home/marza/Documents/VIP-portal/vip-visualization/target/vip-visualization-2.4.1.jar:/home/marza/Documents/VIP-portal/vip-visualization/target/vip-visualization-2.4.1-sources.jar:/home/marza/.m2/repository/org/mariadb/jdbc/mariadb-java-client/2.1.2/mariadb-java-client-2.1.2.jar:/home/marza/.m2/repository/com/h2database/h2/1.3.173/h2-1.3.173.jar:/home/marza/.m2/repository/com/isomorphic/smartgwt/lgpl/smartgwt-lgpl/12.0p/smartgwt-lgpl-12.0p.jar:/home/marza/.m2/repository/com/google/gwt/gwt-dev/2.8.2/gwt-dev-2.8.2.jar:/home/marza/.m2/repository/com/google/code/findbugs/jsr305/1.3.9/jsr305-1.3.9.jar:/home/marza/.m2/repository/com/google/code/gson/gson/2.6.2/gson-2.6.2.jar:/home/marza/.m2/repository/org/ow2/asm/asm/5.0.3/asm-5.0.3.jar:/home/marza/.m2/repository/org/ow2/asm/asm-util/5.0.3/asm-util-5.0.3.jar:/home/marza/.m2/repository/org/ow2/asm/asm-tree/5.0.3/asm-tree-5.0.3.jar:/home/marza/.m2/repository/org/ow2/asm/asm-commons/5.0.3/asm-commons-5.0.3.jar:/home/marza/.m2/repository/colt/colt/1.2.0/colt-1.2.0.jar:/home/marza/.m2/repository/ant/ant/1.6.5/ant-1.6.5.jar:/home/marza/.m2/repository/commons-collections/commons-collections/3.2.2/commons-collections-3.2.2.jar:/home/marza/.m2/repository/com/ibm/icu/icu4j/50.1.1/icu4j-50.1.1.jar:/home/marza/.m2/repository/tapestry/tapestry/4.0.2/tapestry-4.0.2.jar:/home/marza/.m2/repository/net/sourceforge/htmlunit/htmlunit/2.19/htmlunit-2.19.jar:/home/marza/.m2/repository/org/apache/commons/commons-lang3/3.4/commons-lang3-3.4.jar:/home/marza/.m2/repository/org/apache/httpcomponents/httpmime/4.5.1/httpmime-4.5.1.jar:/home/marza/.m2/repository/net/sourceforge/htmlunit/htmlunit-core-js/2.17/htmlunit-core-js-2.17.jar:/home/marza/.m2/repository/net/sourceforge/nekohtml/nekohtml/1.9.22/nekohtml-1.9.22.jar:/home/marza/.m2/repository/net/sourceforge/cssparser/cssparser/0.9.18/cssparser-0.9.18.jar:/home/marza/.m2/repository/org/eclipse/jetty/websocket/websocket-client/9.2.13.v20150730/websocket-client-9.2.13.v20150730.jar:/home/marza/.m2/repository/org/eclipse/jetty/websocket/websocket-common/9.2.14.v20151106/websocket-common-9.2.14.v20151106.jar:/home/marza/.m2/repository/org/eclipse/jetty/websocket/websocket-api/9.2.14.v20151106/websocket-api-9.2.14.v20151106.jar:/home/marza/.m2/repository/org/eclipse/jetty/jetty-webapp/9.2.14.v20151106/jetty-webapp-9.2.14.v20151106.jar:/home/marza/.m2/repository/org/eclipse/jetty/jetty-xml/9.2.14.v20151106/jetty-xml-9.2.14.v20151106.jar:/home/marza/.m2/repository/org/eclipse/jetty/jetty-servlet/9.2.14.v20151106/jetty-servlet-9.2.14.v20151106.jar:/home/marza/.m2/repository/org/eclipse/jetty/jetty-security/9.2.14.v20151106/jetty-security-9.2.14.v20151106.jar:/home/marza/.m2/repository/org/eclipse/jetty/jetty-servlets/9.2.14.v20151106/jetty-servlets-9.2.14.v20151106.jar:/home/marza/.m2/repository/org/eclipse/jetty/jetty-continuation/9.2.14.v20151106/jetty-continuation-9.2.14.v20151106.jar:/home/marza/.m2/repository/org/eclipse/jetty/jetty-http/9.2.14.v20151106/jetty-http-9.2.14.v20151106.jar:/home/marza/.m2/repository/org/eclipse/jetty/jetty-util/9.2.14.v20151106/jetty-util-9.2.14.v20151106.jar:/home/marza/.m2/repository/org/eclipse/jetty/jetty-io/9.2.14.v20151106/jetty-io-9.2.14.v20151106.jar:/home/marza/.m2/repository/org/eclipse/jetty/jetty-annotations/9.2.14.v20151106/jetty-annotations-9.2.14.v20151106.jar:/home/marza/.m2/repository/org/eclipse/jetty/jetty-plus/9.2.14.v20151106/jetty-plus-9.2.14.v20151106.jar:/home/marza/.m2/repository/org/eclipse/jetty/jetty-jndi/9.2.14.v20151106/jetty-jndi-9.2.14.v20151106.jar:/home/marza/.m2/repository/org/eclipse/jetty/apache-jsp/9.2.14.v20151106/apache-jsp-9.2.14.v20151106.jar:/home/marza/.m2/repository/org/eclipse/jetty/jetty-server/9.2.14.v20151106/jetty-server-9.2.14.v20151106.jar:/home/marza/.m2/repository/org/eclipse/jetty/toolchain/jetty-schemas/3.1.M0/jetty-schemas-3.1.M0.jar:/home/marza/.m2/repository/org/mortbay/jasper/apache-jsp/8.0.9.M3/apache-jsp-8.0.9.M3.jar:/home/marza/.m2/repository/org/mortbay/jasper/apache-el/8.0.9.M3/apache-el-8.0.9.M3.jar:/home/marza/.m2/repository/com/googlecode/gflot/gflot/3.0.2/gflot-3.0.2.jar:/home/marza/.m2/repository/ch/qos/logback/logback-classic/1.2.3/logback-classic-1.2.3.jar:/home/marza/.m2/repository/ch/qos/logback/logback-core/1.2.3/logback-core-1.2.3.jar:/home/marza/Documents/VIP-portal/vip-core/target/vip-core-2.4.1-tests.jar:/home/marza/Documents/VIP-portal/vip-application/target/vip-application-2.4.1-tests.jar:/home/marza/.m2/repository/org/junit/jupiter/junit-jupiter/5.6.2/junit-jupiter-5.6.2.jar:/home/marza/.m2/repository/org/junit/jupiter/junit-jupiter-api/5.6.2/junit-jupiter-api-5.6.2.jar:/home/marza/.m2/repository/org/apiguardian/apiguardian-api/1.1.0/apiguardian-api-1.1.0.jar:/home/marza/.m2/repository/org/opentest4j/opentest4j/1.2.0/opentest4j-1.2.0.jar:/home/marza/.m2/repository/org/junit/platform/junit-platform-commons/1.6.2/junit-platform-commons-1.6.2.jar:/home/marza/.m2/repository/org/junit/jupiter/junit-jupiter-params/5.6.2/junit-jupiter-params-5.6.2.jar:/home/marza/.m2/repository/org/junit/jupiter/junit-jupiter-engine/5.6.2/junit-jupiter-engine-5.6.2.jar:/home/marza/.m2/repository/org/junit/platform/junit-platform-engine/1.6.2/junit-platform-engine-1.6.2.jar:/home/marza/.m2/repository/org/springframework/spring-test/5.3.15/spring-test-5.3.15.jar:/home/marza/.m2/repository/org/springframework/spring-core/5.3.15/spring-core-5.3.15.jar:/home/marza/.m2/repository/org/springframework/spring-jcl/5.3.15/spring-jcl-5.3.15.jar:/home/marza/.m2/repository/com/github/h-thurow/simple-jndi/0.23.0/simple-jndi-0.23.0.jar:/home/marza/.m2/repository/org/jetbrains/annotations/13.0/annotations-13.0.jar:/home/marza/.m2/repository/commons-lang/commons-lang/2.6/commons-lang-2.6.jar:/home/marza/.m2/repository/org/mockito/mockito-core/4.6.1/mockito-core-4.6.1.jar:/home/marza/.m2/repository/net/bytebuddy/byte-buddy/1.12.10/byte-buddy-1.12.10.jar:/home/marza/.m2/repository/net/bytebuddy/byte-buddy-agent/1.12.10/byte-buddy-agent-1.12.10.jar:/home/marza/.m2/repository/org/objenesis/objenesis/3.2/objenesis-3.2.jar:/home/marza/.m2/repository/org/springframework/security/spring-security-test/5.6.1/spring-security-test-5.6.1.jar:/home/marza/.m2/repository/org/springframework/security/spring-security-core/5.6.1/spring-security-core-5.6.1.jar:/home/marza/.m2/repository/org/springframework/security/spring-security-crypto/5.6.1/spring-security-crypto-5.6.1.jar:/home/marza/.m2/repository/org/hamcrest/hamcrest/2.2/hamcrest-2.2.jar:/home/marza/.m2/repository/com/jayway/jsonpath/json-path/2.2.0/json-path-2.2.0.jar:/home/marza/.m2/repository/net/minidev/json-smart/2.2.1/json-smart-2.2.1.jar:/home/marza/.m2/repository/net/minidev/accessors-smart/1.1/accessors-smart-1.1.jar:/home/marza/.m2/repository/org/mockito/mockito-inline/5.2.0/mockito-inline-5.2.0.jar:"/>
    <property name="java.vm.vendor" value="Red Hat, Inc."/>
    <property name="sun.arch.data.model" value="64"/>
    <property name="java.vendor.url" value="https://www.redhat.com/"/>
    <property name="user.timezone" value="Europe/Paris"/>
    <property name="java.vm.specification.version" value="11"/>
    <property name="os.name" value="Linux"/>
    <property name="sun.java.launcher" value="SUN_STANDARD"/>
    <property name="user.country" value="FR"/>
    <property name="sun.boot.library.path" value="/usr/lib/jvm/java-11-openjdk-11.0.19.0.7-1.fc37.x86_64/lib"/>
    <property name="sun.java.command" value="/home/marza/Documents/VIP-portal/vip-portal/target/surefire/surefirebooter-20230707145032571_3.jar /home/marza/Documents/VIP-portal/vip-portal/target/surefire 2023-07-07T14-50-32_525-jvmRun1 surefire-20230707145032571_1tmp surefire_0-20230707145032571_2tmp"/>
    <property name="jdk.debug" value="release"/>
    <property name="surefire.test.class.path" value="/home/marza/Documents/VIP-portal/vip-portal/target/test-classes:/home/marza/Documents/VIP-portal/vip-portal/target/classes:/home/marza/Documents/VIP-portal/vip-core/target/vip-core-2.4.1.jar:/home/marza/.m2/repository/com/google/gwt/gwt-user/2.8.2/gwt-user-2.8.2.jar:/home/marza/.m2/repository/com/google/jsinterop/jsinterop-annotations/1.0.2/jsinterop-annotations-1.0.2.jar:/home/marza/.m2/repository/com/google/jsinterop/jsinterop-annotations/1.0.2/jsinterop-annotations-1.0.2-sources.jar:/home/marza/.m2/repository/javax/servlet/javax.servlet-api/3.1.0/javax.servlet-api-3.1.0.jar:/home/marza/.m2/repository/org/w3c/css/sac/1.3/sac-1.3.jar:/home/marza/.m2/repository/org/bouncycastle/bcpkix-jdk15on/1.52/bcpkix-jdk15on-1.52.jar:/home/marza/.m2/repository/org/bouncycastle/bcprov-jdk15on/1.52/bcprov-jdk15on-1.52.jar:/home/marza/.m2/repository/fr/insalyon/creatis/grida-client/2.2.0/grida-client-2.2.0.jar:/home/marza/.m2/repository/fr/insalyon/creatis/grida-common/2.2.0/grida-common-2.2.0.jar:/home/marza/.m2/repository/commons-cli/commons-cli/1.4/commons-cli-1.4.jar:/home/marza/.m2/repository/fr/insalyon/creatis/sma-client/0.3.0/sma-client-0.3.0.jar:/home/marza/.m2/repository/fr/insalyon/creatis/sma-common/0.3.0/sma-common-0.3.0.jar:/home/marza/.m2/repository/fr/insalyon/creatis/devtools/0.1/devtools-0.1.jar:/home/marza/.m2/repository/org/slf4j/slf4j-api/1.7.30/slf4j-api-1.7.30.jar:/home/marza/.m2/repository/commons-configuration/commons-configuration/1.7/commons-configuration-1.7.jar:/home/marza/.m2/repository/commons-logging/commons-logging/99-empty/commons-logging-99-empty.jar:/home/marza/.m2/repository/commons-digester/commons-digester/1.8.1/commons-digester-1.8.1.jar:/home/marza/.m2/repository/commons-beanutils/commons-beanutils/1.8.3/commons-beanutils-1.8.3.jar:/home/marza/.m2/repository/commons-codec/commons-codec/1.6/commons-codec-1.6.jar:/home/marza/.m2/repository/commons-io/commons-io/2.4/commons-io-2.4.jar:/home/marza/.m2/repository/org/opensaml/opensaml/2.6.0/opensaml-2.6.0.jar:/home/marza/.m2/repository/org/opensaml/openws/1.5.0/openws-1.5.0.jar:/home/marza/.m2/repository/org/opensaml/xmltooling/1.4.0/xmltooling-1.4.0.jar:/home/marza/.m2/repository/ca/juliusdavies/not-yet-commons-ssl/0.3.9/not-yet-commons-ssl-0.3.9.jar:/home/marza/.m2/repository/org/apache/santuario/xmlsec/1.5.4/xmlsec-1.5.4.jar:/home/marza/.m2/repository/commons-httpclient/commons-httpclient/3.1/commons-httpclient-3.1.jar:/home/marza/.m2/repository/org/owasp/esapi/esapi/2.0.1/esapi-2.0.1.jar:/home/marza/.m2/repository/joda-time/joda-time/2.2/joda-time-2.2.jar:/home/marza/.m2/repository/xerces/xercesImpl/2.10.0/xercesImpl-2.10.0.jar:/home/marza/.m2/repository/xalan/serializer/2.7.1/serializer-2.7.1.jar:/home/marza/.m2/repository/xml-resolver/xml-resolver/1.2/xml-resolver-1.2.jar:/home/marza/.m2/repository/xalan/xalan/2.7.1/xalan-2.7.1.jar:/home/marza/.m2/repository/javax/mail/mail/1.4.5/mail-1.4.5.jar:/home/marza/.m2/repository/javax/activation/activation/1.1/activation-1.1.jar:/home/marza/.m2/repository/javax/annotation/javax.annotation-api/1.3.2/javax.annotation-api-1.3.2.jar:/home/marza/.m2/repository/org/springframework/spring-web/5.3.15/spring-web-5.3.15.jar:/home/marza/.m2/repository/org/springframework/spring-beans/5.3.15/spring-beans-5.3.15.jar:/home/marza/.m2/repository/org/springframework/spring-jdbc/5.3.15/spring-jdbc-5.3.15.jar:/home/marza/.m2/repository/org/springframework/spring-tx/5.3.15/spring-tx-5.3.15.jar:/home/marza/.m2/repository/org/springframework/spring-context/5.3.15/spring-context-5.3.15.jar:/home/marza/.m2/repository/org/springframework/spring-aop/5.3.15/spring-aop-5.3.15.jar:/home/marza/.m2/repository/org/springframework/spring-expression/5.3.15/spring-expression-5.3.15.jar:/home/marza/Documents/VIP-portal/vip-core/target/vip-core-2.4.1-sources.jar:/home/marza/Documents/VIP-portal/vip-docs/target/vip-docs-2.4.1.jar:/home/marza/Documents/VIP-portal/vip-docs/target/vip-docs-2.4.1-sources.jar:/home/marza/Documents/VIP-portal/vip-application-importer/target/vip-application-importer-2.4.1.jar:/home/marza/.m2/repository/org/apache/commons/commons-compress/1.20/commons-compress-1.20.jar:/home/marza/.m2/repository/org/apache/velocity/velocity/1.7/velocity-1.7.jar:/home/marza/.m2/repository/org/apache/velocity/velocity-tools/2.0/velocity-tools-2.0.jar:/home/marza/.m2/repository/commons-chain/commons-chain/1.1/commons-chain-1.1.jar:/home/marza/.m2/repository/commons-validator/commons-validator/1.3.1/commons-validator-1.3.1.jar:/home/marza/.m2/repository/dom4j/dom4j/1.1/dom4j-1.1.jar:/home/marza/.m2/repository/oro/oro/2.0.8/oro-2.0.8.jar:/home/marza/.m2/repository/sslext/sslext/1.2-0/sslext-1.2-0.jar:/home/marza/Documents/VIP-portal/vip-application-importer/target/vip-application-importer-2.4.1-sources.jar:/home/marza/Documents/VIP-portal/vip-datamanagement/target/vip-datamanager-2.4.1.jar:/home/marza/.m2/repository/commons-fileupload/commons-fileupload/1.3.3/commons-fileupload-1.3.3.jar:/home/marza/.m2/repository/com/fasterxml/jackson/core/jackson-databind/2.11.0/jackson-databind-2.11.0.jar:/home/marza/.m2/repository/com/fasterxml/jackson/core/jackson-annotations/2.11.0/jackson-annotations-2.11.0.jar:/home/marza/.m2/repository/com/fasterxml/jackson/core/jackson-core/2.11.0/jackson-core-2.11.0.jar:/home/marza/Documents/VIP-portal/vip-datamanagement/target/vip-datamanager-2.4.1-sources.jar:/home/marza/Documents/VIP-portal/vip-application/target/vip-application-2.4.1.jar:/home/marza/.m2/repository/fr/insalyon/creatis/moteur2-workflowsdb-common/1.6/moteur2-workflowsdb-common-1.6.jar:/home/marza/.m2/repository/org/hibernate/hibernate-entitymanager/4.1.1.Final/hibernate-entitymanager-4.1.1.Final.jar:/home/marza/.m2/repository/org/hibernate/hibernate-core/4.1.1.Final/hibernate-core-4.1.1.Final.jar:/home/marza/.m2/repository/antlr/antlr/2.7.7/antlr-2.7.7.jar:/home/marza/.m2/repository/org/jboss/spec/javax/transaction/jboss-transaction-api_1.1_spec/1.0.0.Final/jboss-transaction-api_1.1_spec-1.0.0.Final.jar:/home/marza/.m2/repository/org/hibernate/javax/persistence/hibernate-jpa-2.0-api/1.0.1.Final/hibernate-jpa-2.0-api-1.0.1.Final.jar:/home/marza/.m2/repository/org/javassist/javassist/3.15.0-GA/javassist-3.15.0-GA.jar:/home/marza/.m2/repository/org/hibernate/common/hibernate-commons-annotations/4.0.1.Final/hibernate-commons-annotations-4.0.1.Final.jar:/home/marza/.m2/repository/globus-common/jaxrpc/4.2.1/jaxrpc-4.2.1.jar:/home/marza/.m2/repository/org/apache/axis/axis/1.4.1-vip/axis-1.4.1-vip.jar:/home/marza/.m2/repository/org/apache/axis/axis-jaxrpc/1.4.1-SNAPSHOT/axis-jaxrpc-1.4.1-SNAPSHOT.jar:/home/marza/.m2/repository/javax/servlet/servlet-api/2.4/servlet-api-2.4.jar:/home/marza/.m2/repository/xerces/xmlParserAPIs/2.6.2/xmlParserAPIs-2.6.2.jar:/home/marza/.m2/repository/castor/castor/0.9.4.2/castor-0.9.4.2.jar:/home/marza/.m2/repository/bsf/bsf/2.3.0/bsf-2.3.0.jar:/home/marza/.m2/repository/commons-net/commons-net/1.0.0/commons-net-1.0.0.jar:/home/marza/.m2/repository/org/eclipse/emf/common/2.2.3/common-2.2.3.jar:/home/marza/.m2/repository/org/eclipse/emf/ecore/2.2.3/ecore-2.2.3.jar:/home/marza/.m2/repository/org/eclipse/emf/ecore-xmi/2.2.3/ecore-xmi-2.2.3.jar:/home/marza/.m2/repository/org/eclipse/xsd/xsd/2.2.3/xsd-2.2.3.jar:/home/marza/.m2/repository/org/apache/axis/axis-saaj/1.4/axis-saaj-1.4.jar:/home/marza/.m2/repository/commons-discovery/commons-discovery/0.4/commons-discovery-0.4.jar:/home/marza/.m2/repository/wsdl4j/wsdl4j/1.6.1/wsdl4j-1.6.1.jar:/home/marza/.m2/repository/org/jsoup/jsoup/1.7.2/jsoup-1.7.2.jar:/home/marza/.m2/repository/xml-apis/xml-apis/1.4.01/xml-apis-1.4.01.jar:/home/marza/Documents/VIP-portal/vip-application/target/vip-application-2.4.1-sources.jar:/home/marza/Documents/VIP-portal/vip-gatelab/target/vip-gatelab-2.4.1.jar:/home/marza/Documents/VIP-portal/vip-gatelab/target/vip-gatelab-2.4.1-sources.jar:/home/marza/Documents/VIP-portal/vip-publication/target/vip-publication-2.4.1.jar:/home/marza/.m2/repository/org/jbibtex/jbibtex/1.0.14/jbibtex-1.0.14.jar:/home/marza/Documents/VIP-portal/vip-publication/target/vip-publication-2.4.1-sources.jar:/home/marza/Documents/VIP-portal/vip-social/target/vip-social-2.4.1.jar:/home/marza/Documents/VIP-portal/vip-social/target/vip-social-2.4.1-sources.jar:/home/marza/Documents/VIP-portal/vip-api/target/vip-api-2.4.1.jar:/home/marza/.m2/repository/org/springframework/spring-webmvc/5.3.15/spring-webmvc-5.3.15.jar:/home/marza/.m2/repository/org/springframework/security/spring-security-config/5.6.1/spring-security-config-5.6.1.jar:/home/marza/.m2/repository/org/springframework/security/spring-security-oauth2-client/5.6.1/spring-security-oauth2-client-5.6.1.jar:/home/marza/.m2/repository/org/springframework/security/spring-security-oauth2-core/5.6.1/spring-security-oauth2-core-5.6.1.jar:/home/marza/.m2/repository/com/nimbusds/oauth2-oidc-sdk/9.19/oauth2-oidc-sdk-9.19.jar:/home/marza/.m2/repository/com/github/stephenc/jcip/jcip-annotations/1.0-1/jcip-annotations-1.0-1.jar:/home/marza/.m2/repository/com/nimbusds/content-type/2.1/content-type-2.1.jar:/home/marza/.m2/repository/com/nimbusds/lang-tag/1.5/lang-tag-1.5.jar:/home/marza/.m2/repository/org/springframework/security/spring-security-oauth2-jose/5.6.1/spring-security-oauth2-jose-5.6.1.jar:/home/marza/.m2/repository/com/nimbusds/nimbus-jose-jwt/9.14/nimbus-jose-jwt-9.14.jar:/home/marza/.m2/repository/org/springframework/security/spring-security-web/5.6.1/spring-security-web-5.6.1.jar:/home/marza/.m2/repository/org/keycloak/keycloak-spring-security-adapter/15.0.1/keycloak-spring-security-adapter-15.0.1.jar:/home/marza/.m2/repository/org/keycloak/keycloak-core/15.0.1/keycloak-core-15.0.1.jar:/home/marza/.m2/repository/org/keycloak/keycloak-adapter-spi/15.0.1/keycloak-adapter-spi-15.0.1.jar:/home/marza/.m2/repository/org/keycloak/keycloak-adapter-core/15.0.1/keycloak-adapter-core-15.0.1.jar:/home/marza/.m2/repository/org/jboss/logging/jboss-logging/3.4.1.Final/jboss-logging-3.4.1.Final.jar:/home/marza/.m2/repository/org/apache/httpcomponents/httpclient/4.5.13/httpclient-4.5.13.jar:/home/marza/.m2/repository/org/apache/httpcomponents/httpcore/4.4.13/httpcore-4.4.13.jar:/home/marza/.m2/repository/org/keycloak/keycloak-admin-client/15.0.1/keycloak-admin-client-15.0.1.jar:/home/marza/.m2/repository/org/keycloak/keycloak-common/15.0.1/keycloak-common-15.0.1.jar:/home/marza/.m2/repository/org/jboss/resteasy/resteasy-client/3.13.2.Final/resteasy-client-3.13.2.Final.jar:/home/marza/.m2/repository/org/jboss/spec/javax/ws/rs/jboss-jaxrs-api_2.1_spec/2.0.1.Final/jboss-jaxrs-api_2.1_spec-2.0.1.Final.jar:/home/marza/.m2/repository/org/jboss/resteasy/resteasy-jaxrs/3.13.2.Final/resteasy-jaxrs-3.13.2.Final.jar:/home/marza/.m2/repository/org/reactivestreams/reactive-streams/1.0.3/reactive-streams-1.0.3.jar:/home/marza/.m2/repository/org/jboss/spec/javax/annotation/jboss-annotations-api_1.3_spec/2.0.1.Final/jboss-annotations-api_1.3_spec-2.0.1.Final.jar:/home/marza/.m2/repository/com/sun/activation/jakarta.activation/1.2.1/jakarta.activation-1.2.1.jar:/home/marza/.m2/repository/org/jboss/resteasy/resteasy-multipart-provider/3.13.2.Final/resteasy-multipart-provider-3.13.2.Final.jar:/home/marza/.m2/repository/com/sun/mail/jakarta.mail/1.6.5/jakarta.mail-1.6.5.jar:/home/marza/.m2/repository/org/apache/james/apache-mime4j/0.6/apache-mime4j-0.6.jar:/home/marza/.m2/repository/org/jboss/resteasy/resteasy-jackson2-provider/3.13.2.Final/resteasy-jackson2-provider-3.13.2.Final.jar:/home/marza/.m2/repository/com/fasterxml/jackson/jaxrs/jackson-jaxrs-json-provider/2.10.5/jackson-jaxrs-json-provider-2.10.5.jar:/home/marza/.m2/repository/com/fasterxml/jackson/jaxrs/jackson-jaxrs-base/2.10.5/jackson-jaxrs-base-2.10.5.jar:/home/marza/.m2/repository/com/fasterxml/jackson/module/jackson-module-jaxb-annotations/2.10.5/jackson-module-jaxb-annotations-2.10.5.jar:/home/marza/.m2/repository/jakarta/activation/jakarta.activation-api/1.2.1/jakarta.activation-api-1.2.1.jar:/home/marza/.m2/repository/com/github/fge/json-patch/1.9/json-patch-1.9.jar:/home/marza/.m2/repository/com/github/fge/jackson-coreutils/1.6/jackson-coreutils-1.6.jar:/home/marza/.m2/repository/com/github/fge/msg-simple/1.1/msg-simple-1.1.jar:/home/marza/.m2/repository/com/github/fge/btf/1.2/btf-1.2.jar:/home/marza/.m2/repository/com/google/guava/guava/28.1-jre/guava-28.1-jre.jar:/home/marza/.m2/repository/com/google/guava/failureaccess/1.0.1/failureaccess-1.0.1.jar:/home/marza/.m2/repository/com/google/guava/listenablefuture/9999.0-empty-to-avoid-conflict-with-guava/listenablefuture-9999.0-empty-to-avoid-conflict-with-guava.jar:/home/marza/.m2/repository/org/checkerframework/checker-qual/2.8.1/checker-qual-2.8.1.jar:/home/marza/.m2/repository/org/jboss/resteasy/resteasy-jaxb-provider/3.13.2.Final/resteasy-jaxb-provider-3.13.2.Final.jar:/home/marza/.m2/repository/org/jboss/spec/javax/xml/bind/jboss-jaxb-api_2.3_spec/2.0.0.Final/jboss-jaxb-api_2.3_spec-2.0.0.Final.jar:/home/marza/.m2/repository/org/glassfish/jaxb/jaxb-runtime/2.3.3-b02/jaxb-runtime-2.3.3-b02.jar:/home/marza/.m2/repository/org/glassfish/jaxb/txw2/2.3.3-b02/txw2-2.3.3-b02.jar:/home/marza/.m2/repository/com/sun/istack/istack-commons-runtime/3.0.10/istack-commons-runtime-3.0.10.jar:/home/marza/.m2/repository/com/fasterxml/jackson/datatype/jackson-datatype-jsr310/2.11.0/jackson-datatype-jsr310-2.11.0.jar:/home/marza/.m2/repository/org/hibernate/validator/hibernate-validator/6.1.5.Final/hibernate-validator-6.1.5.Final.jar:/home/marza/.m2/repository/jakarta/validation/jakarta.validation-api/2.0.2/jakarta.validation-api-2.0.2.jar:/home/marza/.m2/repository/com/fasterxml/classmate/1.3.4/classmate-1.3.4.jar:/home/marza/.m2/repository/org/glassfish/jakarta.el/3.0.3/jakarta.el-3.0.3.jar:/home/marza/Documents/VIP-portal/vip-local/target/vip-local-2.4.1.jar:/home/marza/Documents/VIP-portal/vip-visualization/target/vip-visualization-2.4.1.jar:/home/marza/Documents/VIP-portal/vip-visualization/target/vip-visualization-2.4.1-sources.jar:/home/marza/.m2/repository/org/mariadb/jdbc/mariadb-java-client/2.1.2/mariadb-java-client-2.1.2.jar:/home/marza/.m2/repository/com/h2database/h2/1.3.173/h2-1.3.173.jar:/home/marza/.m2/repository/com/isomorphic/smartgwt/lgpl/smartgwt-lgpl/12.0p/smartgwt-lgpl-12.0p.jar:/home/marza/.m2/repository/com/google/gwt/gwt-dev/2.8.2/gwt-dev-2.8.2.jar:/home/marza/.m2/repository/com/google/code/findbugs/jsr305/1.3.9/jsr305-1.3.9.jar:/home/marza/.m2/repository/com/google/code/gson/gson/2.6.2/gson-2.6.2.jar:/home/marza/.m2/repository/org/ow2/asm/asm/5.0.3/asm-5.0.3.jar:/home/marza/.m2/repository/org/ow2/asm/asm-util/5.0.3/asm-util-5.0.3.jar:/home/marza/.m2/repository/org/ow2/asm/asm-tree/5.0.3/asm-tree-5.0.3.jar:/home/marza/.m2/repository/org/ow2/asm/asm-commons/5.0.3/asm-commons-5.0.3.jar:/home/marza/.m2/repository/colt/colt/1.2.0/colt-1.2.0.jar:/home/marza/.m2/repository/ant/ant/1.6.5/ant-1.6.5.jar:/home/marza/.m2/repository/commons-collections/commons-collections/3.2.2/commons-collections-3.2.2.jar:/home/marza/.m2/repository/com/ibm/icu/icu4j/50.1.1/icu4j-50.1.1.jar:/home/marza/.m2/repository/tapestry/tapestry/4.0.2/tapestry-4.0.2.jar:/home/marza/.m2/repository/net/sourceforge/htmlunit/htmlunit/2.19/htmlunit-2.19.jar:/home/marza/.m2/repository/org/apache/commons/commons-lang3/3.4/commons-lang3-3.4.jar:/home/marza/.m2/repository/org/apache/httpcomponents/httpmime/4.5.1/httpmime-4.5.1.jar:/home/marza/.m2/repository/net/sourceforge/htmlunit/htmlunit-core-js/2.17/htmlunit-core-js-2.17.jar:/home/marza/.m2/repository/net/sourceforge/nekohtml/nekohtml/1.9.22/nekohtml-1.9.22.jar:/home/marza/.m2/repository/net/sourceforge/cssparser/cssparser/0.9.18/cssparser-0.9.18.jar:/home/marza/.m2/repository/org/eclipse/jetty/websocket/websocket-client/9.2.13.v20150730/websocket-client-9.2.13.v20150730.jar:/home/marza/.m2/repository/org/eclipse/jetty/websocket/websocket-common/9.2.14.v20151106/websocket-common-9.2.14.v20151106.jar:/home/marza/.m2/repository/org/eclipse/jetty/websocket/websocket-api/9.2.14.v20151106/websocket-api-9.2.14.v20151106.jar:/home/marza/.m2/repository/org/eclipse/jetty/jetty-webapp/9.2.14.v20151106/jetty-webapp-9.2.14.v20151106.jar:/home/marza/.m2/repository/org/eclipse/jetty/jetty-xml/9.2.14.v20151106/jetty-xml-9.2.14.v20151106.jar:/home/marza/.m2/repository/org/eclipse/jetty/jetty-servlet/9.2.14.v20151106/jetty-servlet-9.2.14.v20151106.jar:/home/marza/.m2/repository/org/eclipse/jetty/jetty-security/9.2.14.v20151106/jetty-security-9.2.14.v20151106.jar:/home/marza/.m2/repository/org/eclipse/jetty/jetty-servlets/9.2.14.v20151106/jetty-servlets-9.2.14.v20151106.jar:/home/marza/.m2/repository/org/eclipse/jetty/jetty-continuation/9.2.14.v20151106/jetty-continuation-9.2.14.v20151106.jar:/home/marza/.m2/repository/org/eclipse/jetty/jetty-http/9.2.14.v20151106/jetty-http-9.2.14.v20151106.jar:/home/marza/.m2/repository/org/eclipse/jetty/jetty-util/9.2.14.v20151106/jetty-util-9.2.14.v20151106.jar:/home/marza/.m2/repository/org/eclipse/jetty/jetty-io/9.2.14.v20151106/jetty-io-9.2.14.v20151106.jar:/home/marza/.m2/repository/org/eclipse/jetty/jetty-annotations/9.2.14.v20151106/jetty-annotations-9.2.14.v20151106.jar:/home/marza/.m2/repository/org/eclipse/jetty/jetty-plus/9.2.14.v20151106/jetty-plus-9.2.14.v20151106.jar:/home/marza/.m2/repository/org/eclipse/jetty/jetty-jndi/9.2.14.v20151106/jetty-jndi-9.2.14.v20151106.jar:/home/marza/.m2/repository/org/eclipse/jetty/apache-jsp/9.2.14.v20151106/apache-jsp-9.2.14.v20151106.jar:/home/marza/.m2/repository/org/eclipse/jetty/jetty-server/9.2.14.v20151106/jetty-server-9.2.14.v20151106.jar:/home/marza/.m2/repository/org/eclipse/jetty/toolchain/jetty-schemas/3.1.M0/jetty-schemas-3.1.M0.jar:/home/marza/.m2/repository/org/mortbay/jasper/apache-jsp/8.0.9.M3/apache-jsp-8.0.9.M3.jar:/home/marza/.m2/repository/org/mortbay/jasper/apache-el/8.0.9.M3/apache-el-8.0.9.M3.jar:/home/marza/.m2/repository/com/googlecode/gflot/gflot/3.0.2/gflot-3.0.2.jar:/home/marza/.m2/repository/ch/qos/logback/logback-classic/1.2.3/logback-classic-1.2.3.jar:/home/marza/.m2/repository/ch/qos/logback/logback-core/1.2.3/logback-core-1.2.3.jar:/home/marza/Documents/VIP-portal/vip-core/target/vip-core-2.4.1-tests.jar:/home/marza/Documents/VIP-portal/vip-application/target/vip-application-2.4.1-tests.jar:/home/marza/.m2/repository/org/junit/jupiter/junit-jupiter/5.6.2/junit-jupiter-5.6.2.jar:/home/marza/.m2/repository/org/junit/jupiter/junit-jupiter-api/5.6.2/junit-jupiter-api-5.6.2.jar:/home/marza/.m2/repository/org/apiguardian/apiguardian-api/1.1.0/apiguardian-api-1.1.0.jar:/home/marza/.m2/repository/org/opentest4j/opentest4j/1.2.0/opentest4j-1.2.0.jar:/home/marza/.m2/repository/org/junit/platform/junit-platform-commons/1.6.2/junit-platform-commons-1.6.2.jar:/home/marza/.m2/repository/org/junit/jupiter/junit-jupiter-params/5.6.2/junit-jupiter-params-5.6.2.jar:/home/marza/.m2/repository/org/junit/jupiter/junit-jupiter-engine/5.6.2/junit-jupiter-engine-5.6.2.jar:/home/marza/.m2/repository/org/junit/platform/junit-platform-engine/1.6.2/junit-platform-engine-1.6.2.jar:/home/marza/.m2/repository/org/springframework/spring-test/5.3.15/spring-test-5.3.15.jar:/home/marza/.m2/repository/org/springframework/spring-core/5.3.15/spring-core-5.3.15.jar:/home/marza/.m2/repository/org/springframework/spring-jcl/5.3.15/spring-jcl-5.3.15.jar:/home/marza/.m2/repository/com/github/h-thurow/simple-jndi/0.23.0/simple-jndi-0.23.0.jar:/home/marza/.m2/repository/org/jetbrains/annotations/13.0/annotations-13.0.jar:/home/marza/.m2/repository/commons-lang/commons-lang/2.6/commons-lang-2.6.jar:/home/marza/.m2/repository/org/mockito/mockito-core/4.6.1/mockito-core-4.6.1.jar:/home/marza/.m2/repository/net/bytebuddy/byte-buddy/1.12.10/byte-buddy-1.12.10.jar:/home/marza/.m2/repository/net/bytebuddy/byte-buddy-agent/1.12.10/byte-buddy-agent-1.12.10.jar:/home/marza/.m2/repository/org/objenesis/objenesis/3.2/objenesis-3.2.jar:/home/marza/.m2/repository/org/springframework/security/spring-security-test/5.6.1/spring-security-test-5.6.1.jar:/home/marza/.m2/repository/org/springframework/security/spring-security-core/5.6.1/spring-security-core-5.6.1.jar:/home/marza/.m2/repository/org/springframework/security/spring-security-crypto/5.6.1/spring-security-crypto-5.6.1.jar:/home/marza/.m2/repository/org/hamcrest/hamcrest/2.2/hamcrest-2.2.jar:/home/marza/.m2/repository/com/jayway/jsonpath/json-path/2.2.0/json-path-2.2.0.jar:/home/marza/.m2/repository/net/minidev/json-smart/2.2.1/json-smart-2.2.1.jar:/home/marza/.m2/repository/net/minidev/accessors-smart/1.1/accessors-smart-1.1.jar:/home/marza/.m2/repository/org/mockito/mockito-inline/5.2.0/mockito-inline-5.2.0.jar:"/>
    <property name="sun.cpu.endian" value="little"/>
    <property name="user.home" value="/home/marza"/>
    <property name="user.language" value="fr"/>
    <property name="java.specification.vendor" value="Oracle Corporation"/>
    <property name="java.version.date" value="2023-04-18"/>
    <property name="java.home" value="/usr/lib/jvm/java-11-openjdk-11.0.19.0.7-1.fc37.x86_64"/>
    <property name="file.separator" value="/"/>
    <property name="basedir" value="/home/marza/Documents/VIP-portal/vip-portal"/>
    <property name="java.vm.compressedOopsMode" value="Zero based"/>
    <property name="line.separator" value="&#10;"/>
    <property name="java.specification.name" value="Java Platform API Specification"/>
    <property name="java.vm.specification.vendor" value="Oracle Corporation"/>
    <property name="java.awt.graphicsenv" value="sun.awt.X11GraphicsEnvironment"/>
    <property name="surefire.real.class.path" value="/home/marza/Documents/VIP-portal/vip-portal/target/surefire/surefirebooter-20230707145032571_3.jar"/>
    <property name="sun.management.compiler" value="HotSpot 64-Bit Tiered Compilers"/>
    <property name="java.runtime.version" value="11.0.19+7"/>
    <property name="user.name" value="marza"/>
    <property name="path.separator" value=":"/>
    <property name="os.version" value="6.2.15-200.fc37.x86_64"/>
    <property name="java.runtime.name" value="OpenJDK Runtime Environment"/>
    <property name="file.encoding" value="UTF-8"/>
    <property name="java.vm.name" value="OpenJDK 64-Bit Server VM"/>
    <property name="java.vendor.version" value="(Red_Hat-11.0.19.0.7-2.fc37)"/>
    <property name="localRepository" value="/home/marza/.m2/repository"/>
    <property name="java.vendor.url.bug" value="https://bugzilla.redhat.com/enter_bug.cgi?product=Fedora&amp;component=java-11-openjdk-portable&amp;version=37"/>
    <property name="java.io.tmpdir" value="/tmp"/>
    <property name="java.version" value="11.0.19"/>
    <property name="user.dir" value="/home/marza/Documents/VIP-portal/vip-portal"/>
    <property name="os.arch" value="amd64"/>
    <property name="java.vm.specification.name" value="Java Virtual Machine Specification"/>
    <property name="java.awt.printerjob" value="sun.print.PSPrinterJob"/>
    <property name="sun.os.patch.level" value="unknown"/>
    <property name="java.library.path" value="/usr/java/packages/lib:/usr/lib64:/lib64:/lib:/usr/lib"/>
    <property name="java.vm.info" value="mixed mode, sharing"/>
    <property name="java.vendor" value="Red Hat, Inc."/>
    <property name="java.vm.version" value="11.0.19+7"/>
    <property name="sun.io.unicode.encoding" value="UnicodeLittle"/>
    <property name="java.class.version" value="55.0"/>
  </properties>
  <testcase name="testGetPipelines" classname="fr.insalyon.creatis.vip.integrationtest.VipWebConfigurationIT" time="0.373">
    <system-out><![CDATA[14:50:33,674 |-INFO in ch.qos.logback.classic.LoggerContext[default] - Could NOT find resource [logback-test.xml]
14:50:33,674 |-INFO in ch.qos.logback.classic.LoggerContext[default] - Could NOT find resource [logback.groovy]
14:50:33,674 |-INFO in ch.qos.logback.classic.LoggerContext[default] - Found resource [logback.xml] at [file:/home/marza/Documents/VIP-portal/vip-portal/target/test-classes/logback.xml]
14:50:33,675 |-WARN in ch.qos.logback.classic.LoggerContext[default] - Resource [logback.xml] occurs multiple times on the classpath.
14:50:33,675 |-WARN in ch.qos.logback.classic.LoggerContext[default] - Resource [logback.xml] occurs at [file:/home/marza/Documents/VIP-portal/vip-portal/target/test-classes/logback.xml]
14:50:33,675 |-WARN in ch.qos.logback.classic.LoggerContext[default] - Resource [logback.xml] occurs at [file:/home/marza/Documents/VIP-portal/vip-portal/target/classes/logback.xml]
14:50:33,889 |-INFO in ch.qos.logback.core.joran.action.AppenderAction - About to instantiate appender of type [ch.qos.logback.core.ConsoleAppender]
14:50:33,895 |-INFO in ch.qos.logback.core.joran.action.AppenderAction - Naming appender as [STDOUT]
14:50:33,904 |-INFO in ch.qos.logback.core.joran.action.NestedComplexPropertyIA - Assuming default type [ch.qos.logback.classic.encoder.PatternLayoutEncoder] for [encoder] property
14:50:33,941 |-INFO in ch.qos.logback.classic.joran.action.RootLoggerAction - Setting level of ROOT logger to DEBUG
14:50:33,941 |-INFO in ch.qos.logback.core.joran.action.AppenderRefAction - Attaching appender named [STDOUT] to Logger[ROOT]
14:50:33,943 |-INFO in ch.qos.logback.classic.joran.action.ConfigurationAction - End of configuration.
14:50:33,945 |-INFO in ch.qos.logback.classic.joran.JoranConfigurator@336f49a1 - Registering current configuration as safe fallback point
14:50:33.966 [main] DEBUG o.s.test.context.BootstrapUtils - Instantiating CacheAwareContextLoaderDelegate from class [org.springframework.test.context.cache.DefaultCacheAwareContextLoaderDelegate]
14:50:33.982 [main] DEBUG o.s.test.context.BootstrapUtils - Instantiating BootstrapContext using constructor [public org.springframework.test.context.support.DefaultBootstrapContext(java.lang.Class,org.springframework.test.context.CacheAwareContextLoaderDelegate)]
14:50:34.050 [main] DEBUG o.s.test.context.BootstrapUtils - Instantiating TestContextBootstrapper for test class [fr.insalyon.creatis.vip.integrationtest.VipWebConfigurationIT] from class [org.springframework.test.context.web.WebTestContextBootstrapper]
14:50:34.076 [main] DEBUG o.s.t.c.s.AbstractDelegatingSmartContextLoader - Delegating to AnnotationConfigWebContextLoader to process context configuration [ContextConfigurationAttributes@28b5662d declaringClass = 'fr.insalyon.creatis.vip.integrationtest.VipWebConfigurationIT', classes = '{class fr.insalyon.creatis.vip.core.server.SpringCoreConfig}', locations = '{}', inheritLocations = true, initializers = '{}', inheritInitializers = true, name = [null], contextLoaderClass = 'org.springframework.test.context.ContextLoader'].
14:50:34.121 [main] DEBUG o.s.t.c.w.WebTestContextBootstrapper - @TestExecutionListeners is not present for class [fr.insalyon.creatis.vip.integrationtest.VipWebConfigurationIT]: using defaults.
14:50:34.122 [main] INFO  o.s.t.c.w.WebTestContextBootstrapper - Loaded default TestExecutionListener class names from location [META-INF/spring.factories]: [org.springframework.test.context.web.ServletTestExecutionListener, org.springframework.test.context.support.DirtiesContextBeforeModesTestExecutionListener, org.springframework.test.context.event.ApplicationEventsTestExecutionListener, org.springframework.test.context.support.DependencyInjectionTestExecutionListener, org.springframework.test.context.support.DirtiesContextTestExecutionListener, org.springframework.test.context.transaction.TransactionalTestExecutionListener, org.springframework.test.context.jdbc.SqlScriptsTestExecutionListener, org.springframework.test.context.event.EventPublishingTestExecutionListener, org.springframework.security.test.context.support.WithSecurityContextTestExecutionListener, org.springframework.security.test.context.support.ReactorContextTestExecutionListener]
14:50:34.151 [main] INFO  o.s.t.c.w.WebTestContextBootstrapper - Using TestExecutionListeners: [org.springframework.test.context.web.ServletTestExecutionListener@3ea2f72e, org.springframework.test.context.support.DirtiesContextBeforeModesTestExecutionListener@57b33c29, org.springframework.test.context.event.ApplicationEventsTestExecutionListener@615ef20, org.springframework.test.context.support.DependencyInjectionTestExecutionListener@13390a96, org.springframework.test.context.support.DirtiesContextTestExecutionListener@3a8b9458, org.springframework.test.context.transaction.TransactionalTestExecutionListener@7497a554, org.springframework.test.context.jdbc.SqlScriptsTestExecutionListener@5dd23809, org.springframework.test.context.event.EventPublishingTestExecutionListener@664f49f, org.springframework.security.test.context.support.WithSecurityContextTestExecutionListener@60ab895f, org.springframework.security.test.context.support.ReactorContextTestExecutionListener@295f2d1b]
14:50:34.154 [main] DEBUG o.s.t.c.s.AbstractDirtiesContextTestExecutionListener - Before test class: context [DefaultTestContext@36511772 testClass = VipWebConfigurationIT, testInstance = [null], testMethod = [null], testException = [null], mergedContextConfiguration = [WebMergedContextConfiguration@51869ad6 testClass = VipWebConfigurationIT, locations = '{}', classes = '{class fr.insalyon.creatis.vip.core.server.SpringCoreConfig}', contextInitializerClasses = '[]', activeProfiles = '{test-db, test}', propertySourceLocations = '{}', propertySourceProperties = '{db.tableEngine=, vipConfigFolder=classpath:}', contextCustomizers = set[[empty]], resourceBasePath = 'src/main/webapp', contextLoader = 'org.springframework.test.context.web.WebDelegatingSmartContextLoader', parent = [null]], attributes = map[[empty]]], class annotated with @DirtiesContext [false] with mode [null].
14:50:34.167 [main] DEBUG o.s.t.c.s.AbstractDelegatingSmartContextLoader - Delegating to AnnotationConfigWebContextLoader to load context from [WebMergedContextConfiguration@51869ad6 testClass = VipWebConfigurationIT, locations = '{}', classes = '{class fr.insalyon.creatis.vip.core.server.SpringCoreConfig}', contextInitializerClasses = '[]', activeProfiles = '{test-db, test}', propertySourceLocations = '{}', propertySourceProperties = '{db.tableEngine=, vipConfigFolder=classpath:}', contextCustomizers = set[[empty]], resourceBasePath = 'src/main/webapp', contextLoader = 'org.springframework.test.context.web.WebDelegatingSmartContextLoader', parent = [null]].
14:50:34.167 [main] DEBUG o.s.t.c.w.AbstractGenericWebContextLoader - Loading WebApplicationContext for merged context configuration [WebMergedContextConfiguration@51869ad6 testClass = VipWebConfigurationIT, locations = '{}', classes = '{class fr.insalyon.creatis.vip.core.server.SpringCoreConfig}', contextInitializerClasses = '[]', activeProfiles = '{test-db, test}', propertySourceLocations = '{}', propertySourceProperties = '{db.tableEngine=, vipConfigFolder=classpath:}', contextCustomizers = set[[empty]], resourceBasePath = 'src/main/webapp', contextLoader = 'org.springframework.test.context.web.WebDelegatingSmartContextLoader', parent = [null]].
14:50:34.319 [main] DEBUG org.eclipse.jetty.util.log - Logging to Logger[org.eclipse.jetty.util.log] via org.eclipse.jetty.util.log.Slf4jLog
14:50:34.323 [main] INFO  org.eclipse.jetty.util.log - Logging initialized @1711ms
14:50:34.323 [main] DEBUG jndi - InitialContextFactory.getInitialContext()
14:50:34.336 [main] DEBUG jndi - supportDeepBinding=false
14:50:34.337 [main] DEBUG jndi - Created initial context delegate for local namespace:org.eclipse.jetty.jndi.local.localContextRoot@2e7e4480
14:50:34.340 [main] DEBUG o.s.w.c.s.StandardServletEnvironment - Activating profiles [test-db, test]
14:50:34.340 [main] DEBUG o.s.t.c.s.TestPropertySourceUtils - Adding inlined properties to environment: {db.tableEngine=, vipConfigFolder=classpath:}
14:50:34.341 [main] DEBUG o.s.t.c.w.AnnotationConfigWebContextLoader - Registering annotated classes: {class fr.insalyon.creatis.vip.core.server.SpringCoreConfig}
14:50:34.392 [main] DEBUG o.s.w.c.s.GenericWebApplicationContext - Refreshing org.springframework.web.context.support.GenericWebApplicationContext@213ceb4e
14:50:34.420 [main] DEBUG o.s.b.f.s.DefaultListableBeanFactory - Creating shared instance of singleton bean 'org.springframework.context.annotation.internalConfigurationAnnotationProcessor'
14:50:34.567 [main] DEBUG o.s.c.a.ClassPathBeanDefinitionScanner - Identified candidate component class: URL [jar:file:/home/marza/Documents/VIP-portal/vip-core/target/vip-core-2.4.1.jar!/fr/insalyon/creatis/vip/core/server/business/EmailBusiness.class]
14:50:34.568 [main] DEBUG o.s.c.a.ClassPathBeanDefinitionScanner - Identified candidate component class: URL [jar:file:/home/marza/Documents/VIP-portal/vip-core/target/vip-core-2.4.1.jar!/fr/insalyon/creatis/vip/core/server/business/proxy/ProxyClient.class]
14:50:34.573 [main] DEBUG o.s.c.a.ClassPathBeanDefinitionScanner - Identified candidate component class: URL [jar:file:/home/marza/Documents/VIP-portal/vip-core/target/vip-core-2.4.1.jar!/fr/insalyon/creatis/vip/core/server/DataSourceConfig.class]
14:50:34.574 [main] DEBUG o.s.c.a.ClassPathBeanDefinitionScanner - Identified candidate component class: URL [jar:file:/home/marza/Documents/VIP-portal/vip-core/target/vip-core-2.4.1.jar!/fr/insalyon/creatis/vip/core/server/dao/mysql/TableInitializer.class]
14:50:34.575 [main] DEBUG o.s.c.a.ClassPathBeanDefinitionScanner - Identified candidate component class: URL [jar:file:/home/marza/Documents/VIP-portal/vip-core/target/vip-core-2.4.1.jar!/fr/insalyon/creatis/vip/core/server/dao/mysql/CoreDataInitializer.class]
14:50:34.580 [main] DEBUG o.s.c.a.ClassPathBeanDefinitionScanner - Identified candidate component class: URL [jar:file:/home/marza/Documents/VIP-portal/vip-core/target/vip-core-2.4.1.jar!/fr/insalyon/creatis/vip/core/server/business/VipSessionBusiness.class]
14:50:34.581 [main] DEBUG o.s.c.a.ClassPathBeanDefinitionScanner - Identified candidate component class: URL [jar:file:/home/marza/Documents/VIP-portal/vip-core/target/vip-core-2.4.1.jar!/fr/insalyon/creatis/vip/core/server/business/ConfigurationBusiness.class]
14:50:34.583 [main] DEBUG o.s.c.a.ClassPathBeanDefinitionScanner - Identified candidate component class: URL [jar:file:/home/marza/Documents/VIP-portal/vip-core/target/vip-core-2.4.1.jar!/fr/insalyon/creatis/vip/core/server/dao/mysql/UserData.class]
14:50:34.585 [main] DEBUG o.s.c.a.ClassPathBeanDefinitionScanner - Identified candidate component class: URL [jar:file:/home/marza/Documents/VIP-portal/vip-core/target/vip-core-2.4.1.jar!/fr/insalyon/creatis/vip/core/server/business/StatsBusiness.class]
14:50:34.598 [main] DEBUG o.s.c.a.ClassPathBeanDefinitionScanner - Identified candidate component class: URL [jar:file:/home/marza/Documents/VIP-portal/vip-core/target/vip-core-2.4.1.jar!/fr/insalyon/creatis/vip/core/server/dao/mysql/TermsUseData.class]
14:50:34.599 [main] DEBUG o.s.c.a.ClassPathBeanDefinitionScanner - Identified candidate component class: URL [jar:file:/home/marza/Documents/VIP-portal/vip-core/target/vip-core-2.4.1.jar!/fr/insalyon/creatis/vip/core/server/dao/mysql/GroupData.class]
14:50:34.599 [main] DEBUG o.s.c.a.ClassPathBeanDefinitionScanner - Identified candidate component class: URL [jar:file:/home/marza/Documents/VIP-portal/vip-core/target/vip-core-2.4.1.jar!/fr/insalyon/creatis/vip/core/server/dao/mysql/UsersGroupsData.class]
14:50:34.611 [main] DEBUG o.s.c.a.ClassPathBeanDefinitionScanner - Identified candidate component class: URL [jar:file:/home/marza/Documents/VIP-portal/vip-application-importer/target/vip-application-importer-2.4.1.jar!/fr/insalyon/creatis/vip/applicationimporter/server/business/VelocityUtils.class]
14:50:34.611 [main] DEBUG o.s.c.a.ClassPathBeanDefinitionScanner - Identified candidate component class: URL [jar:file:/home/marza/Documents/VIP-portal/vip-application-importer/target/vip-application-importer-2.4.1.jar!/fr/insalyon/creatis/vip/applicationimporter/server/business/ApplicationImporterBusiness.class]
14:50:34.612 [main] DEBUG o.s.c.a.ClassPathBeanDefinitionScanner - Identified candidate component class: URL [jar:file:/home/marza/Documents/VIP-portal/vip-application-importer/target/vip-application-importer-2.4.1.jar!/fr/insalyon/creatis/vip/applicationimporter/server/business/TargzUtils.class]
14:50:34.634 [main] DEBUG o.s.c.a.ClassPathBeanDefinitionScanner - Identified candidate component class: URL [jar:file:/home/marza/Documents/VIP-portal/vip-datamanagement/target/vip-datamanager-2.4.1.jar!/fr/insalyon/creatis/vip/datamanager/server/business/LfcPathsBusiness.class]
14:50:34.634 [main] DEBUG o.s.c.a.ClassPathBeanDefinitionScanner - Identified candidate component class: URL [jar:file:/home/marza/Documents/VIP-portal/vip-datamanagement/target/vip-datamanager-2.4.1.jar!/fr/insalyon/creatis/vip/datamanager/server/business/ExternalPlatformBusiness.class]
14:50:34.635 [main] DEBUG o.s.c.a.ClassPathBeanDefinitionScanner - Identified candidate component class: URL [jar:file:/home/marza/Documents/VIP-portal/vip-datamanagement/target/vip-datamanager-2.4.1.jar!/fr/insalyon/creatis/vip/datamanager/server/business/GirderStorageBusiness.class]
14:50:34.635 [main] DEBUG o.s.c.a.ClassPathBeanDefinitionScanner - Identified candidate component class: URL [jar:file:/home/marza/Documents/VIP-portal/vip-datamanagement/target/vip-datamanager-2.4.1.jar!/fr/insalyon/creatis/vip/datamanager/server/business/DataManagerBusiness.class]
14:50:34.636 [main] DEBUG o.s.c.a.ClassPathBeanDefinitionScanner - Identified candidate component class: URL [jar:file:/home/marza/Documents/VIP-portal/vip-datamanagement/target/vip-datamanager-2.4.1.jar!/fr/insalyon/creatis/vip/datamanager/server/business/ApiKeyBusiness.class]
14:50:34.636 [main] DEBUG o.s.c.a.ClassPathBeanDefinitionScanner - Identified candidate component class: URL [jar:file:/home/marza/Documents/VIP-portal/vip-datamanagement/target/vip-datamanager-2.4.1.jar!/fr/insalyon/creatis/vip/datamanager/server/business/ShanoirStorageBusiness.class]
14:50:34.637 [main] DEBUG o.s.c.a.ClassPathBeanDefinitionScanner - Identified candidate component class: URL [jar:file:/home/marza/Documents/VIP-portal/vip-datamanagement/target/vip-datamanager-2.4.1.jar!/fr/insalyon/creatis/vip/datamanager/server/business/TransferPoolBusiness.class]
14:50:34.637 [main] DEBUG o.s.c.a.ClassPathBeanDefinitionScanner - Identified candidate component class: URL [jar:file:/home/marza/Documents/VIP-portal/vip-datamanagement/target/vip-datamanager-2.4.1.jar!/fr/insalyon/creatis/vip/datamanager/server/business/LFCBusiness.class]
14:50:34.637 [main] DEBUG o.s.c.a.ClassPathBeanDefinitionScanner - Identified candidate component class: URL [jar:file:/home/marza/Documents/VIP-portal/vip-datamanagement/target/vip-datamanager-2.4.1.jar!/fr/insalyon/creatis/vip/datamanager/server/business/LFCPermissionBusiness.class]
14:50:34.638 [main] DEBUG o.s.c.a.ClassPathBeanDefinitionScanner - Identified candidate component class: URL [jar:file:/home/marza/Documents/VIP-portal/vip-datamanagement/target/vip-datamanager-2.4.1.jar!/fr/insalyon/creatis/vip/datamanager/server/dao/mysql/SSHData.class]
14:50:34.639 [main] DEBUG o.s.c.a.ClassPathBeanDefinitionScanner - Identified candidate component class: URL [jar:file:/home/marza/Documents/VIP-portal/vip-datamanagement/target/vip-datamanager-2.4.1.jar!/fr/insalyon/creatis/vip/datamanager/server/dao/mysql/ApiKeysData.class]
14:50:34.639 [main] DEBUG o.s.c.a.ClassPathBeanDefinitionScanner - Identified candidate component class: URL [jar:file:/home/marza/Documents/VIP-portal/vip-datamanagement/target/vip-datamanager-2.4.1.jar!/fr/insalyon/creatis/vip/datamanager/server/dao/mysql/ExternalPlatformData.class]
14:50:34.640 [main] DEBUG o.s.c.a.ClassPathBeanDefinitionScanner - Identified candidate component class: URL [jar:file:/home/marza/Documents/VIP-portal/vip-datamanagement/target/vip-datamanager-2.4.1.jar!/fr/insalyon/creatis/vip/datamanager/server/dao/mysql/DataManagerDataInitializer.class]
14:50:34.644 [main] DEBUG o.s.c.a.ClassPathBeanDefinitionScanner - Identified candidate component class: URL [jar:file:/home/marza/Documents/VIP-portal/vip-application/target/vip-application-2.4.1.jar!/fr/insalyon/creatis/vip/application/server/business/ApplicationBusiness.class]
14:50:34.645 [main] DEBUG o.s.c.a.ClassPathBeanDefinitionScanner - Identified candidate component class: URL [jar:file:/home/marza/Documents/VIP-portal/vip-application/target/vip-application-2.4.1.jar!/fr/insalyon/creatis/vip/application/server/business/simulation/parser/InputM2Parser.class]
14:50:34.646 [main] DEBUG o.s.c.a.ClassPathBeanDefinitionScanner - Identified candidate component class: URL [jar:file:/home/marza/Documents/VIP-portal/vip-application/target/vip-application-2.4.1.jar!/fr/insalyon/creatis/vip/application/server/business/BoutiquesBusiness.class]
14:50:34.648 [main] DEBUG o.s.c.a.ClassPathBeanDefinitionScanner - Identified candidate component class: URL [jar:file:/home/marza/Documents/VIP-portal/vip-application/target/vip-application-2.4.1.jar!/fr/insalyon/creatis/vip/application/server/business/WorkflowBusiness.class]
14:50:34.649 [main] DEBUG o.s.c.a.ClassPathBeanDefinitionScanner - Identified candidate component class: URL [jar:file:/home/marza/Documents/VIP-portal/vip-application/target/vip-application-2.4.1.jar!/fr/insalyon/creatis/vip/application/server/dao/mysql/ApplicationInputData.class]
14:50:34.665 [main] DEBUG o.s.c.a.ClassPathBeanDefinitionScanner - Identified candidate component class: URL [jar:file:/home/marza/Documents/VIP-portal/vip-application/target/vip-application-2.4.1.jar!/fr/insalyon/creatis/vip/application/server/dao/hibernate/SimulationStatsData.class]
14:50:34.666 [main] DEBUG o.s.c.a.ClassPathBeanDefinitionScanner - Identified candidate component class: URL [jar:file:/home/marza/Documents/VIP-portal/vip-application/target/vip-application-2.4.1.jar!/fr/insalyon/creatis/vip/application/server/dao/mysql/ApplicationData.class]
14:50:34.676 [main] DEBUG o.s.c.a.ClassPathBeanDefinitionScanner - Identified candidate component class: URL [jar:file:/home/marza/Documents/VIP-portal/vip-application/target/vip-application-2.4.1.jar!/fr/insalyon/creatis/vip/application/server/business/InputBusiness.class]
14:50:34.676 [main] DEBUG o.s.c.a.ClassPathBeanDefinitionScanner - Identified candidate component class: URL [jar:file:/home/marza/Documents/VIP-portal/vip-application/target/vip-application-2.4.1.jar!/fr/insalyon/creatis/vip/application/server/business/SimulationBusiness.class]
14:50:34.677 [main] DEBUG o.s.c.a.ClassPathBeanDefinitionScanner - Identified candidate component class: URL [jar:file:/home/marza/Documents/VIP-portal/vip-application/target/vip-application-2.4.1.jar!/fr/insalyon/creatis/vip/application/server/business/simulation/parser/ScuflParser.class]
14:50:34.677 [main] DEBUG o.s.c.a.ClassPathBeanDefinitionScanner - Identified candidate component class: URL [jar:file:/home/marza/Documents/VIP-portal/vip-application/target/vip-application-2.4.1.jar!/fr/insalyon/creatis/vip/application/server/business/simulation/parser/GwendiaParser.class]
14:50:34.678 [main] DEBUG o.s.c.a.ClassPathBeanDefinitionScanner - Identified candidate component class: URL [jar:file:/home/marza/Documents/VIP-portal/vip-application/target/vip-application-2.4.1.jar!/fr/insalyon/creatis/vip/application/server/business/simulation/WebServiceEngine.class]
14:50:34.678 [main] DEBUG o.s.c.a.ClassPathBeanDefinitionScanner - Identified candidate component class: URL [jar:file:/home/marza/Documents/VIP-portal/vip-application/target/vip-application-2.4.1.jar!/fr/insalyon/creatis/vip/application/server/business/ClassBusiness.class]
14:50:34.679 [main] DEBUG o.s.c.a.ClassPathBeanDefinitionScanner - Identified candidate component class: URL [jar:file:/home/marza/Documents/VIP-portal/vip-application/target/vip-application-2.4.1.jar!/fr/insalyon/creatis/vip/application/server/dao/mysql/EngineData.class]
14:50:34.679 [main] DEBUG o.s.c.a.ClassPathBeanDefinitionScanner - Identified candidate component class: URL [jar:file:/home/marza/Documents/VIP-portal/vip-application/target/vip-application-2.4.1.jar!/fr/insalyon/creatis/vip/application/server/dao/mysql/ClassData.class]
14:50:34.679 [main] DEBUG o.s.c.a.ClassPathBeanDefinitionScanner - Identified candidate component class: URL [jar:file:/home/marza/Documents/VIP-portal/vip-application/target/vip-application-2.4.1.jar!/fr/insalyon/creatis/vip/application/server/dao/h2/ExecutionNodeData.class]
14:50:34.687 [main] DEBUG o.s.c.a.ClassPathBeanDefinitionScanner - Identified candidate component class: URL [jar:file:/home/marza/Documents/VIP-portal/vip-application/target/vip-application-2.4.1.jar!/fr/insalyon/creatis/vip/application/server/business/WorkflowExecutionBusiness.class]
14:50:34.687 [main] DEBUG o.s.c.a.ClassPathBeanDefinitionScanner - Identified candidate component class: URL [jar:file:/home/marza/Documents/VIP-portal/vip-application/target/vip-application-2.4.1.jar!/fr/insalyon/creatis/vip/application/server/business/EngineBusiness.class]
14:50:34.688 [main] DEBUG o.s.c.a.ClassPathBeanDefinitionScanner - Identified candidate component class: URL [jar:file:/home/marza/Documents/VIP-portal/vip-application/target/vip-application-2.4.1.jar!/fr/insalyon/creatis/vip/application/server/business/simulation/parser/InputParser.class]
14:50:34.688 [main] DEBUG o.s.c.a.ClassPathBeanDefinitionScanner - Identified candidate component class: URL [jar:file:/home/marza/Documents/VIP-portal/vip-application/target/vip-application-2.4.1.jar!/fr/insalyon/creatis/vip/application/server/dao/mysql/ApplicationDataInitializer.class]
14:50:34.689 [main] DEBUG o.s.c.a.ClassPathBeanDefinitionScanner - Identified candidate component class: URL [jar:file:/home/marza/Documents/VIP-portal/vip-application/target/vip-application-2.4.1.jar!/fr/insalyon/creatis/vip/application/server/dao/h2/SimulationData.class]
14:50:34.700 [main] DEBUG o.s.c.a.ClassPathBeanDefinitionScanner - Identified candidate component class: URL [jar:file:/home/marza/Documents/VIP-portal/vip-gatelab/target/vip-gatelab-2.4.1.jar!/fr/insalyon/creatis/vip/gatelab/server/business/GateLabInputsParser.class]
14:50:34.701 [main] DEBUG o.s.c.a.ClassPathBeanDefinitionScanner - Identified candidate component class: URL [jar:file:/home/marza/Documents/VIP-portal/vip-gatelab/target/vip-gatelab-2.4.1.jar!/fr/insalyon/creatis/vip/gatelab/server/business/GateLabInputs.class]
14:50:34.701 [main] DEBUG o.s.c.a.ClassPathBeanDefinitionScanner - Identified candidate component class: URL [jar:file:/home/marza/Documents/VIP-portal/vip-gatelab/target/vip-gatelab-2.4.1.jar!/fr/insalyon/creatis/vip/gatelab/server/business/GateLabBusiness.class]
14:50:34.702 [main] DEBUG o.s.c.a.ClassPathBeanDefinitionScanner - Identified candidate component class: URL [jar:file:/home/marza/Documents/VIP-portal/vip-gatelab/target/vip-gatelab-2.4.1.jar!/fr/insalyon/creatis/vip/gatelab/server/dao/derby/GateLabData.class]
14:50:34.705 [main] DEBUG o.s.c.a.ClassPathBeanDefinitionScanner - Identified candidate component class: URL [jar:file:/home/marza/Documents/VIP-portal/vip-publication/target/vip-publication-2.4.1.jar!/fr/insalyon/creatis/vip/publication/server/business/PublicationBusiness.class]
14:50:34.705 [main] DEBUG o.s.c.a.ClassPathBeanDefinitionScanner - Identified candidate component class: URL [jar:file:/home/marza/Documents/VIP-portal/vip-publication/target/vip-publication-2.4.1.jar!/fr/insalyon/creatis/vip/publication/server/dao/mysql/PublicationData.class]
14:50:34.706 [main] DEBUG o.s.c.a.ClassPathBeanDefinitionScanner - Identified candidate component class: URL [jar:file:/home/marza/Documents/VIP-portal/vip-publication/target/vip-publication-2.4.1.jar!/fr/insalyon/creatis/vip/publication/server/dao/PublicationDataInitializer.class]
14:50:34.711 [main] DEBUG o.s.c.a.ClassPathBeanDefinitionScanner - Identified candidate component class: URL [jar:file:/home/marza/Documents/VIP-portal/vip-social/target/vip-social-2.4.1.jar!/fr/insalyon/creatis/vip/social/server/business/MessageBusiness.class]
14:50:34.711 [main] DEBUG o.s.c.a.ClassPathBeanDefinitionScanner - Identified candidate component class: URL [jar:file:/home/marza/Documents/VIP-portal/vip-social/target/vip-social-2.4.1.jar!/fr/insalyon/creatis/vip/social/server/dao/mysql/MessageData.class]
14:50:34.712 [main] DEBUG o.s.c.a.ClassPathBeanDefinitionScanner - Identified candidate component class: URL [jar:file:/home/marza/Documents/VIP-portal/vip-social/target/vip-social-2.4.1.jar!/fr/insalyon/creatis/vip/social/server/dao/mysql/MessagingDataInitializer.class]
14:50:34.712 [main] DEBUG o.s.c.a.ClassPathBeanDefinitionScanner - Identified candidate component class: URL [jar:file:/home/marza/Documents/VIP-portal/vip-social/target/vip-social-2.4.1.jar!/fr/insalyon/creatis/vip/social/server/dao/mysql/GroupMessageData.class]
14:50:34.713 [main] DEBUG o.s.c.a.ClassPathBeanDefinitionScanner - Identified candidate component class: URL [jar:file:/home/marza/Documents/VIP-portal/vip-api/target/vip-api-2.4.1.jar!/fr/insalyon/creatis/vip/api/ApiPropertiesInitializer.class]
14:50:34.714 [main] DEBUG o.s.c.a.ClassPathBeanDefinitionScanner - Identified candidate component class: URL [jar:file:/home/marza/Documents/VIP-portal/vip-api/target/vip-api-2.4.1.jar!/fr/insalyon/creatis/vip/api/business/DataApiBusiness.class]
14:50:34.714 [main] DEBUG o.s.c.a.ClassPathBeanDefinitionScanner - Identified candidate component class: URL [jar:file:/home/marza/Documents/VIP-portal/vip-api/target/vip-api-2.4.1.jar!/fr/insalyon/creatis/vip/api/business/VipConfigurer.class]
14:50:34.715 [main] DEBUG o.s.c.a.ClassPathBeanDefinitionScanner - Identified candidate component class: URL [jar:file:/home/marza/Documents/VIP-portal/vip-api/target/vip-api-2.4.1.jar!/fr/insalyon/creatis/vip/api/business/ExecutionBusiness.class]
14:50:34.715 [main] DEBUG o.s.c.a.ClassPathBeanDefinitionScanner - Identified candidate component class: URL [jar:file:/home/marza/Documents/VIP-portal/vip-api/target/vip-api-2.4.1.jar!/fr/insalyon/creatis/vip/api/business/PipelineBusiness.class]
14:50:34.716 [main] DEBUG o.s.c.a.ClassPathBeanDefinitionScanner - Identified candidate component class: URL [jar:file:/home/marza/Documents/VIP-portal/vip-api/target/vip-api-2.4.1.jar!/fr/insalyon/creatis/vip/api/business/KeycloakBusiness.class]
14:50:34.716 [main] DEBUG o.s.c.a.ClassPathBeanDefinitionScanner - Identified candidate component class: URL [jar:file:/home/marza/Documents/VIP-portal/vip-api/target/vip-api-2.4.1.jar!/fr/insalyon/creatis/vip/api/business/ApiUserBusiness.class]
14:50:34.716 [main] DEBUG o.s.c.a.ClassPathBeanDefinitionScanner - Identified candidate component class: URL [jar:file:/home/marza/Documents/VIP-portal/vip-api/target/vip-api-2.4.1.jar!/fr/insalyon/creatis/vip/api/business/ApiBusiness.class]
14:50:34.717 [main] DEBUG o.s.c.a.ClassPathBeanDefinitionScanner - Identified candidate component class: URL [jar:file:/home/marza/Documents/VIP-portal/vip-api/target/vip-api-2.4.1.jar!/fr/insalyon/creatis/vip/api/business/StatsApiBusiness.class]
14:50:34.737 [main] DEBUG o.s.c.a.ClassPathBeanDefinitionScanner - Identified candidate component class: URL [jar:file:/home/marza/Documents/VIP-portal/vip-api/target/vip-api-2.4.1.jar!/fr/insalyon/creatis/vip/api/security/ApiSecurityConfig.class]
14:50:34.737 [main] DEBUG o.s.c.a.ClassPathBeanDefinitionScanner - Identified candidate component class: URL [jar:file:/home/marza/Documents/VIP-portal/vip-api/target/vip-api-2.4.1.jar!/fr/insalyon/creatis/vip/api/security/VipAuthenticationEntryPoint.class]
14:50:34.738 [main] DEBUG o.s.c.a.ClassPathBeanDefinitionScanner - Identified candidate component class: URL [jar:file:/home/marza/Documents/VIP-portal/vip-api/target/vip-api-2.4.1.jar!/fr/insalyon/creatis/vip/api/security/EgiSecurityConfig.class]
14:50:34.738 [main] DEBUG o.s.c.a.ClassPathBeanDefinitionScanner - Identified candidate component class: URL [jar:file:/home/marza/Documents/VIP-portal/vip-api/target/vip-api-2.4.1.jar!/fr/insalyon/creatis/vip/api/security/keycloak/PathBasedKeycloakConfigResolver.class]
14:50:34.738 [main] DEBUG o.s.c.a.ClassPathBeanDefinitionScanner - Identified candidate component class: URL [jar:file:/home/marza/Documents/VIP-portal/vip-api/target/vip-api-2.4.1.jar!/fr/insalyon/creatis/vip/api/security/keycloak/VipKeycloakAuthenticationProvider.class]
14:50:34.738 [main] DEBUG o.s.c.a.ClassPathBeanDefinitionScanner - Identified candidate component class: URL [jar:file:/home/marza/Documents/VIP-portal/vip-api/target/vip-api-2.4.1.jar!/fr/insalyon/creatis/vip/api/security/ApiSecurityConfig$CurrentUserProvider.class]
14:50:34.739 [main] DEBUG o.s.c.a.ClassPathBeanDefinitionScanner - Identified candidate component class: URL [jar:file:/home/marza/Documents/VIP-portal/vip-api/target/vip-api-2.4.1.jar!/fr/insalyon/creatis/vip/api/security/apikey/ApikeyAuthenticationProvider.class]
14:50:34.739 [main] DEBUG o.s.c.a.ClassPathBeanDefinitionScanner - Identified candidate component class: URL [jar:file:/home/marza/Documents/VIP-portal/vip-api/target/vip-api-2.4.1.jar!/fr/insalyon/creatis/vip/api/security/egi/EgiSecurityClientConfig.class]
14:50:34.745 [main] DEBUG o.s.c.a.ClassPathBeanDefinitionScanner - Identified candidate component class: URL [jar:file:/home/marza/Documents/VIP-portal/vip-api/target/vip-api-2.4.1.jar!/fr/insalyon/creatis/vip/api/controller/stats/StatsController.class]
14:50:34.750 [main] DEBUG o.s.c.a.ClassPathBeanDefinitionScanner - Identified candidate component class: URL [jar:file:/home/marza/Documents/VIP-portal/vip-api/target/vip-api-2.4.1.jar!/fr/insalyon/creatis/vip/api/controller/data/DataController.class]
14:50:34.752 [main] DEBUG o.s.c.a.ClassPathBeanDefinitionScanner - Identified candidate component class: URL [jar:file:/home/marza/Documents/VIP-portal/vip-api/target/vip-api-2.4.1.jar!/fr/insalyon/creatis/vip/api/controller/ExternalPlatformController.class]
14:50:34.754 [main] DEBUG o.s.c.a.ClassPathBeanDefinitionScanner - Identified candidate component class: URL [jar:file:/home/marza/Documents/VIP-portal/vip-api/target/vip-api-2.4.1.jar!/fr/insalyon/creatis/vip/api/controller/RestExceptionHandler.class]
14:50:34.755 [main] DEBUG o.s.c.a.ClassPathBeanDefinitionScanner - Identified candidate component class: URL [jar:file:/home/marza/Documents/VIP-portal/vip-api/target/vip-api-2.4.1.jar!/fr/insalyon/creatis/vip/api/controller/processing/ExecutionController.class]
14:50:34.755 [main] DEBUG o.s.c.a.ClassPathBeanDefinitionScanner - Identified candidate component class: URL [jar:file:/home/marza/Documents/VIP-portal/vip-api/target/vip-api-2.4.1.jar!/fr/insalyon/creatis/vip/api/controller/processing/PublicationController.class]
14:50:34.756 [main] DEBUG o.s.c.a.ClassPathBeanDefinitionScanner - Identified candidate component class: URL [jar:file:/home/marza/Documents/VIP-portal/vip-api/target/vip-api-2.4.1.jar!/fr/insalyon/creatis/vip/api/controller/processing/PipelineController.class]
14:50:34.757 [main] DEBUG o.s.c.a.ClassPathBeanDefinitionScanner - Identified candidate component class: URL [jar:file:/home/marza/Documents/VIP-portal/vip-api/target/vip-api-2.4.1.jar!/fr/insalyon/creatis/vip/api/controller/ApiKeyController.class]
14:50:34.758 [main] DEBUG o.s.c.a.ClassPathBeanDefinitionScanner - Identified candidate component class: URL [jar:file:/home/marza/Documents/VIP-portal/vip-api/target/vip-api-2.4.1.jar!/fr/insalyon/creatis/vip/api/controller/AuthenticationController.class]
14:50:34.758 [main] DEBUG o.s.c.a.ClassPathBeanDefinitionScanner - Identified candidate component class: URL [jar:file:/home/marza/Documents/VIP-portal/vip-api/target/vip-api-2.4.1.jar!/fr/insalyon/creatis/vip/api/controller/EgiController.class]
14:50:34.758 [main] DEBUG o.s.c.a.ClassPathBeanDefinitionScanner - Identified candidate component class: URL [jar:file:/home/marza/Documents/VIP-portal/vip-api/target/vip-api-2.4.1.jar!/fr/insalyon/creatis/vip/api/controller/PlatformController.class]
14:50:34.758 [main] DEBUG o.s.c.a.ClassPathBeanDefinitionScanner - Identified candidate component class: URL [jar:file:/home/marza/Documents/VIP-portal/vip-api/target/vip-api-2.4.1.jar!/fr/insalyon/creatis/vip/api/controller/RegisterUserController.class]
14:50:34.759 [main] DEBUG o.s.c.a.ClassPathBeanDefinitionScanner - Identified candidate component class: URL [jar:file:/home/marza/Documents/VIP-portal/vip-api/target/vip-api-2.4.1.jar!/fr/insalyon/creatis/vip/api/controller/RefreshTokenController.class]
14:50:34.762 [main] DEBUG o.s.c.a.ClassPathBeanDefinitionScanner - Identified candidate component class: URL [jar:file:/home/marza/Documents/VIP-portal/vip-api/target/vip-api-2.4.1.jar!/fr/insalyon/creatis/vip/api/SpringWebConfig.class]
14:50:34.763 [main] DEBUG o.s.c.a.ClassPathBeanDefinitionScanner - Ignored because not a concrete top-level class: URL [jar:file:/home/marza/Documents/VIP-portal/vip-local/target/vip-local-2.4.1.jar!/fr/insalyon/creatis/vip/local/LocalConfiguration$SmaClientLocal.class]
14:50:34.766 [main] DEBUG o.s.c.a.ClassPathBeanDefinitionScanner - Ignored because not a concrete top-level class: URL [jar:file:/home/marza/Documents/VIP-portal/vip-local/target/vip-local-2.4.1.jar!/fr/insalyon/creatis/vip/local/LocalConfiguration$ProxyClientLocal.class]
14:50:34.768 [main] DEBUG o.s.c.a.ClassPathBeanDefinitionScanner - Identified candidate component class: URL [jar:file:/home/marza/Documents/VIP-portal/vip-visualization/target/vip-visualization-2.4.1.jar!/fr/insalyon/creatis/vip/visualization/server/business/VisualizationBusiness.class]
14:50:34.768 [main] DEBUG o.s.c.a.ClassPathBeanDefinitionScanner - Identified candidate component class: URL [jar:file:/home/marza/Documents/VIP-portal/vip-core/target/vip-core-2.4.1-tests.jar!/fr/insalyon/creatis/vip/core/integrationtest/SpingTestConfig.class]
14:50:34.772 [main] DEBUG o.s.c.a.ClassPathBeanDefinitionScanner - Identified candidate component class: URL [jar:file:/home/marza/Documents/VIP-portal/vip-core/target/vip-core-2.4.1-tests.jar!/fr/insalyon/creatis/vip/core/integrationtest/TestDataSourceSpringConfig.class]
14:50:34.772 [main] DEBUG o.s.c.a.ClassPathBeanDefinitionScanner - Identified candidate component class: URL [jar:file:/home/marza/Documents/VIP-portal/vip-core/target/vip-core-2.4.1-tests.jar!/fr/insalyon/creatis/vip/core/integrationtest/ServerMockConfig.class]
14:50:34.773 [main] DEBUG o.s.c.a.ClassPathBeanDefinitionScanner - Identified candidate component class: URL [jar:file:/home/marza/Documents/VIP-portal/vip-application/target/vip-application-2.4.1-tests.jar!/fr/insalyon/creatis/vip/application/integrationtest/SpringApplicationTestConfig.class]
14:50:34.840 [main] DEBUG o.s.c.a.ClassPathBeanDefinitionScanner - Ignored because not a concrete top-level class: URL [jar:file:/home/marza/.m2/repository/org/keycloak/keycloak-spring-security-adapter/15.0.1/keycloak-spring-security-adapter-15.0.1.jar!/org/keycloak/adapters/springsecurity/KeycloakConfiguration.class]
14:50:34.842 [main] DEBUG o.s.c.a.ClassPathBeanDefinitionScanner - Identified candidate component class: URL [jar:file:/home/marza/.m2/repository/org/keycloak/keycloak-spring-security-adapter/15.0.1/keycloak-spring-security-adapter-15.0.1.jar!/org/keycloak/adapters/springsecurity/client/KeycloakClientRequestFactory.class]
14:50:34.922 [main] DEBUG o.s.b.f.s.DefaultListableBeanFactory - Overriding bean definition for bean 'httpFirewall' with a different definition: replacing [Root bean: class [null]; scope=; abstract=false; lazyInit=null; autowireMode=3; dependencyCheck=0; autowireCandidate=true; primary=false; factoryBeanName=apiSecurityConfig; factoryMethodName=httpFirewall; initMethodName=null; destroyMethodName=(inferred); defined in class path resource [fr/insalyon/creatis/vip/api/security/ApiSecurityConfig.class]] with [Root bean: class [null]; scope=; abstract=false; lazyInit=null; autowireMode=3; dependencyCheck=0; autowireCandidate=true; primary=false; factoryBeanName=egiSecurityConfig; factoryMethodName=httpFirewall; initMethodName=null; destroyMethodName=(inferred); defined in class path resource [fr/insalyon/creatis/vip/api/security/EgiSecurityConfig.class]]
14:50:35.326 [main] DEBUG o.s.b.f.s.DefaultListableBeanFactory - Creating shared instance of singleton bean 'properties'
14:50:35.338 [main] DEBUG o.s.b.f.s.DefaultListableBeanFactory - Creating shared instance of singleton bean 'org.springframework.context.event.internalEventListenerProcessor'
14:50:35.339 [main] DEBUG o.s.b.f.s.DefaultListableBeanFactory - Creating shared instance of singleton bean 'conversionServicePostProcessor'
14:50:35.369 [main] DEBUG o.s.b.f.s.DefaultListableBeanFactory - Creating shared instance of singleton bean 'org.springframework.context.event.internalEventListenerFactory'
14:50:35.369 [main] DEBUG o.s.b.f.s.DefaultListableBeanFactory - Creating shared instance of singleton bean 'org.springframework.transaction.config.internalTransactionalEventListenerFactory'
14:50:35.373 [main] DEBUG o.s.b.f.s.DefaultListableBeanFactory - Creating shared instance of singleton bean 'org.springframework.context.annotation.internalAutowiredAnnotationProcessor'
14:50:35.375 [main] DEBUG o.s.b.f.s.DefaultListableBeanFactory - Creating shared instance of singleton bean 'org.springframework.context.annotation.internalCommonAnnotationProcessor'
14:50:35.379 [main] DEBUG o.s.b.f.s.DefaultListableBeanFactory - Creating shared instance of singleton bean 'org.springframework.aop.config.internalAutoProxyCreator'
14:50:35.435 [main] DEBUG o.s.u.c.s.UiApplicationContextUtils - Unable to locate ThemeSource with name 'themeSource': using default [org.springframework.ui.context.support.ResourceBundleThemeSource@16ec1438]
14:50:35.436 [main] DEBUG o.s.b.f.s.DefaultListableBeanFactory - Creating shared instance of singleton bean 'conversionService'
14:50:35.466 [main] DEBUG o.s.b.f.s.DefaultListableBeanFactory - Creating shared instance of singleton bean 'org.springframework.transaction.config.internalTransactionAdvisor'
14:50:35.466 [main] DEBUG o.s.b.f.s.DefaultListableBeanFactory - Creating shared instance of singleton bean 'org.springframework.transaction.annotation.ProxyTransactionManagementConfiguration'
14:50:35.480 [main] DEBUG o.s.b.f.s.DefaultListableBeanFactory - Creating shared instance of singleton bean 'transactionAttributeSource'
14:50:35.482 [main] DEBUG o.s.b.f.s.DefaultListableBeanFactory - Creating shared instance of singleton bean 'transactionInterceptor'
14:50:35.482 [main] DEBUG o.s.b.f.s.DefaultListableBeanFactory - Autowiring by type from bean name 'transactionInterceptor' via factory method to bean named 'transactionAttributeSource'
14:50:35.492 [main] DEBUG o.s.b.f.s.DefaultListableBeanFactory - Autowiring by type from bean name 'org.springframework.transaction.config.internalTransactionAdvisor' via factory method to bean named 'transactionAttributeSource'
14:50:35.492 [main] DEBUG o.s.b.f.s.DefaultListableBeanFactory - Autowiring by type from bean name 'org.springframework.transaction.config.internalTransactionAdvisor' via factory method to bean named 'transactionInterceptor'
14:50:35.500 [main] DEBUG o.s.b.f.s.DefaultListableBeanFactory - Creating shared instance of singleton bean 'springCoreConfig'
14:50:35.501 [main] DEBUG o.s.b.f.s.DefaultListableBeanFactory - Creating shared instance of singleton bean 'emailBusiness'
14:50:35.509 [main] DEBUG o.s.b.f.s.DefaultListableBeanFactory - Creating shared instance of singleton bean 'smaClient'
14:50:35.511 [main] DEBUG o.s.b.f.s.DefaultListableBeanFactory - Creating shared instance of singleton bean 'testServer'
14:50:35.512 [main] DEBUG o.s.b.f.s.DefaultListableBeanFactory - Creating shared instance of singleton bean 'serverMockConfig'
14:50:36.952 [main] DEBUG o.s.b.f.s.DefaultListableBeanFactory - Autowiring by type from bean name 'smaClient' via factory method to bean named 'testServer'
14:50:36.981 [main] DEBUG o.s.b.f.s.DefaultListableBeanFactory - Autowiring by type from bean name 'emailBusiness' via constructor to bean named 'smaClient'
14:50:36.988 [main] DEBUG o.s.b.f.s.DefaultListableBeanFactory - Creating shared instance of singleton bean 'proxyClient'
14:50:37.112 [main] DEBUG o.s.b.f.s.DefaultListableBeanFactory - Autowiring by type from bean name 'proxyClient' via constructor to bean named 'testServer'
14:50:37.114 [main] DEBUG o.s.b.f.s.DefaultListableBeanFactory - Creating shared instance of singleton bean 'dataSourceConfig'
14:50:37.116 [main] DEBUG o.s.b.f.s.DefaultListableBeanFactory - Creating shared instance of singleton bean 'tableInitializer'
14:50:37.145 [main] DEBUG o.s.c.e.PropertySourcesPropertyResolver - Found key 'db.tableEngine' in PropertySource 'Inlined Test Properties' with value of type String
14:50:37.146 [main] DEBUG o.s.c.e.PropertySourcesPropertyResolver - Found key 'db.tableEngine' in PropertySource 'environmentProperties' with value of type String
14:50:37.154 [main] DEBUG o.s.b.f.s.DefaultListableBeanFactory - Creating shared instance of singleton bean 'lazyDataSource'
14:50:37.155 [main] DEBUG o.s.b.f.s.DefaultListableBeanFactory - Creating shared instance of singleton bean 'testDataSource'
14:50:37.156 [main] DEBUG o.s.b.f.s.DefaultListableBeanFactory - Creating shared instance of singleton bean 'testDataSourceSpringConfig'
14:50:37.198 [main] INFO  o.s.j.d.e.EmbeddedDatabaseFactory - Starting embedded database: url='jdbc:h2:mem:5e0ea8d1-566f-48e3-96e9-20a569482af5;DB_CLOSE_DELAY=-1;DB_CLOSE_ON_EXIT=false', username='sa'
14:50:37.206 [main] DEBUG o.s.jdbc.datasource.DataSourceUtils - Fetching JDBC Connection from DataSource
14:50:37.206 [main] DEBUG o.s.j.d.SimpleDriverDataSource - Creating new JDBC Driver Connection to [jdbc:h2:mem:5e0ea8d1-566f-48e3-96e9-20a569482af5;DB_CLOSE_DELAY=-1;DB_CLOSE_ON_EXIT=false]
14:50:37.724 [main] DEBUG o.s.b.f.s.DefaultListableBeanFactory - Autowiring by type from bean name 'lazyDataSource' via factory method to bean named 'testDataSource'
14:50:37.748 [main] DEBUG o.s.j.d.SimpleDriverDataSource - Creating new JDBC Driver Connection to [jdbc:h2:mem:5e0ea8d1-566f-48e3-96e9-20a569482af5;DB_CLOSE_DELAY=-1;DB_CLOSE_ON_EXIT=false]
14:50:37.793 [main] DEBUG o.s.aop.framework.CglibAopProxy - Final method [public final javax.sql.DataSource org.springframework.jdbc.core.support.JdbcDaoSupport.getDataSource()] cannot get proxied via CGLIB: Calls to this method will NOT be routed to the target instance and might lead to NPEs against uninitialized fields in the proxy instance.
14:50:37.794 [main] DEBUG o.s.aop.framework.CglibAopProxy - Final method [public final void org.springframework.jdbc.core.support.JdbcDaoSupport.setDataSource(javax.sql.DataSource)] cannot get proxied via CGLIB: Calls to this method will NOT be routed to the target instance and might lead to NPEs against uninitialized fields in the proxy instance.
14:50:37.794 [main] DEBUG o.s.aop.framework.CglibAopProxy - Final method [protected final org.springframework.jdbc.support.SQLExceptionTranslator org.springframework.jdbc.core.support.JdbcDaoSupport.getExceptionTranslator()] cannot get proxied via CGLIB: Calls to this method will NOT be routed to the target instance and might lead to NPEs against uninitialized fields in the proxy instance.
14:50:37.794 [main] DEBUG o.s.aop.framework.CglibAopProxy - Final method [public final void org.springframework.jdbc.core.support.JdbcDaoSupport.setJdbcTemplate(org.springframework.jdbc.core.JdbcTemplate)] cannot get proxied via CGLIB: Calls to this method will NOT be routed to the target instance and might lead to NPEs against uninitialized fields in the proxy instance.
14:50:37.794 [main] DEBUG o.s.aop.framework.CglibAopProxy - Final method [public final org.springframework.jdbc.core.JdbcTemplate org.springframework.jdbc.core.support.JdbcDaoSupport.getJdbcTemplate()] cannot get proxied via CGLIB: Calls to this method will NOT be routed to the target instance and might lead to NPEs against uninitialized fields in the proxy instance.
14:50:37.794 [main] DEBUG o.s.aop.framework.CglibAopProxy - Final method [protected final void org.springframework.jdbc.core.support.JdbcDaoSupport.releaseConnection(java.sql.Connection)] cannot get proxied via CGLIB: Calls to this method will NOT be routed to the target instance and might lead to NPEs against uninitialized fields in the proxy instance.
14:50:37.795 [main] DEBUG o.s.aop.framework.CglibAopProxy - Final method [protected final java.sql.Connection org.springframework.jdbc.core.support.JdbcDaoSupport.getConnection() throws org.springframework.jdbc.CannotGetJdbcConnectionException] cannot get proxied via CGLIB: Calls to this method will NOT be routed to the target instance and might lead to NPEs against uninitialized fields in the proxy instance.
14:50:37.795 [main] INFO  o.s.aop.framework.CglibAopProxy - Unable to proxy interface-implementing method [public final void org.springframework.dao.support.DaoSupport.afterPropertiesSet() throws java.lang.IllegalArgumentException,org.springframework.beans.factory.BeanInitializationException] because it is marked as final: Consider using interface-based JDK proxies instead!
14:50:37.795 [main] DEBUG o.s.aop.framework.CglibAopProxy - Final method [public final void org.springframework.dao.support.DaoSupport.afterPropertiesSet() throws java.lang.IllegalArgumentException,org.springframework.beans.factory.BeanInitializationException] cannot get proxied via CGLIB: Calls to this method will NOT be routed to the target instance and might lead to NPEs against uninitialized fields in the proxy instance.
14:50:37.828 [main] DEBUG o.s.b.f.s.DefaultListableBeanFactory - Creating shared instance of singleton bean 'coreDataInitializer'
14:50:37.834 [main] DEBUG o.s.b.f.s.DefaultListableBeanFactory - Creating shared instance of singleton bean 'groupData'
14:50:37.850 [main] DEBUG o.s.b.f.s.DefaultListableBeanFactory - Creating shared instance of singleton bean 'userData'
14:50:37.874 [main] DEBUG o.s.b.f.s.DefaultListableBeanFactory - Creating shared instance of singleton bean 'usersGroupsData'
14:50:37.877 [main] DEBUG o.s.b.f.s.DefaultListableBeanFactory - Autowiring by type from bean name 'usersGroupsData' via constructor to bean named 'groupData'
14:50:37.887 [main] DEBUG o.s.b.f.s.DefaultListableBeanFactory - Creating shared instance of singleton bean 'termsUseData'
14:50:37.894 [main] DEBUG o.s.b.f.s.DefaultListableBeanFactory - Autowiring by type from bean name 'coreDataInitializer' via constructor to bean named 'groupData'
14:50:37.894 [main] DEBUG o.s.b.f.s.DefaultListableBeanFactory - Autowiring by type from bean name 'coreDataInitializer' via constructor to bean named 'lazyDataSource'
14:50:37.894 [main] DEBUG o.s.b.f.s.DefaultListableBeanFactory - Autowiring by type from bean name 'coreDataInitializer' via constructor to bean named 'tableInitializer'
14:50:37.894 [main] DEBUG o.s.b.f.s.DefaultListableBeanFactory - Autowiring by type from bean name 'coreDataInitializer' via constructor to bean named 'testServer'
14:50:37.895 [main] DEBUG o.s.b.f.s.DefaultListableBeanFactory - Autowiring by type from bean name 'coreDataInitializer' via constructor to bean named 'userData'
14:50:37.895 [main] DEBUG o.s.b.f.s.DefaultListableBeanFactory - Autowiring by type from bean name 'coreDataInitializer' via constructor to bean named 'usersGroupsData'
14:50:37.895 [main] DEBUG o.s.b.f.s.DefaultListableBeanFactory - Autowiring by type from bean name 'coreDataInitializer' via constructor to bean named 'termsUseData'
14:50:37.897 [main] DEBUG o.s.aop.framework.CglibAopProxy - Final method [public final javax.sql.DataSource org.springframework.jdbc.core.support.JdbcDaoSupport.getDataSource()] cannot get proxied via CGLIB: Calls to this method will NOT be routed to the target instance and might lead to NPEs against uninitialized fields in the proxy instance.
14:50:37.897 [main] DEBUG o.s.aop.framework.CglibAopProxy - Final method [public final void org.springframework.jdbc.core.support.JdbcDaoSupport.setDataSource(javax.sql.DataSource)] cannot get proxied via CGLIB: Calls to this method will NOT be routed to the target instance and might lead to NPEs against uninitialized fields in the proxy instance.
14:50:37.897 [main] DEBUG o.s.aop.framework.CglibAopProxy - Final method [protected final org.springframework.jdbc.support.SQLExceptionTranslator org.springframework.jdbc.core.support.JdbcDaoSupport.getExceptionTranslator()] cannot get proxied via CGLIB: Calls to this method will NOT be routed to the target instance and might lead to NPEs against uninitialized fields in the proxy instance.
14:50:37.897 [main] DEBUG o.s.aop.framework.CglibAopProxy - Final method [public final void org.springframework.jdbc.core.support.JdbcDaoSupport.setJdbcTemplate(org.springframework.jdbc.core.JdbcTemplate)] cannot get proxied via CGLIB: Calls to this method will NOT be routed to the target instance and might lead to NPEs against uninitialized fields in the proxy instance.
14:50:37.897 [main] DEBUG o.s.aop.framework.CglibAopProxy - Final method [public final org.springframework.jdbc.core.JdbcTemplate org.springframework.jdbc.core.support.JdbcDaoSupport.getJdbcTemplate()] cannot get proxied via CGLIB: Calls to this method will NOT be routed to the target instance and might lead to NPEs against uninitialized fields in the proxy instance.
14:50:37.897 [main] DEBUG o.s.aop.framework.CglibAopProxy - Final method [protected final void org.springframework.jdbc.core.support.JdbcDaoSupport.releaseConnection(java.sql.Connection)] cannot get proxied via CGLIB: Calls to this method will NOT be routed to the target instance and might lead to NPEs against uninitialized fields in the proxy instance.
14:50:37.898 [main] DEBUG o.s.aop.framework.CglibAopProxy - Final method [protected final java.sql.Connection org.springframework.jdbc.core.support.JdbcDaoSupport.getConnection() throws org.springframework.jdbc.CannotGetJdbcConnectionException] cannot get proxied via CGLIB: Calls to this method will NOT be routed to the target instance and might lead to NPEs against uninitialized fields in the proxy instance.
14:50:37.898 [main] INFO  o.s.aop.framework.CglibAopProxy - Unable to proxy interface-implementing method [public final void org.springframework.dao.support.DaoSupport.afterPropertiesSet() throws java.lang.IllegalArgumentException,org.springframework.beans.factory.BeanInitializationException] because it is marked as final: Consider using interface-based JDK proxies instead!
14:50:37.898 [main] DEBUG o.s.aop.framework.CglibAopProxy - Final method [public final void org.springframework.dao.support.DaoSupport.afterPropertiesSet() throws java.lang.IllegalArgumentException,org.springframework.beans.factory.BeanInitializationException] cannot get proxied via CGLIB: Calls to this method will NOT be routed to the target instance and might lead to NPEs against uninitialized fields in the proxy instance.
14:50:37.907 [main] DEBUG o.s.b.f.s.DefaultListableBeanFactory - Creating shared instance of singleton bean 'vipSessionBusiness'
14:50:37.911 [main] DEBUG o.s.b.f.s.DefaultListableBeanFactory - Creating shared instance of singleton bean 'configurationBusiness'
14:50:37.918 [main] DEBUG o.s.b.f.s.DefaultListableBeanFactory - Creating shared instance of singleton bean 'testProxyClient'
14:50:37.918 [main] DEBUG o.s.b.f.s.DefaultListableBeanFactory - Creating shared instance of singleton bean 'spingTestConfig'
14:50:37.981 [main] DEBUG o.s.b.f.s.DefaultListableBeanFactory - Creating shared instance of singleton bean 'testEmailBusiness'
14:50:38.021 [main] DEBUG o.s.b.f.s.DefaultListableBeanFactory - Creating shared instance of singleton bean 'testGridaClient'
14:50:38.134 [main] DEBUG o.s.b.f.s.DefaultListableBeanFactory - Creating shared instance of singleton bean 'testGridaPoolClient'
14:50:38.209 [main] DEBUG o.s.b.f.s.DefaultListableBeanFactory - Autowiring by type from bean name 'configurationBusiness' via constructor to bean named 'testServer'
14:50:38.210 [main] DEBUG o.s.b.f.s.DefaultListableBeanFactory - Autowiring by type from bean name 'configurationBusiness' via constructor to bean named 'testProxyClient'
14:50:38.210 [main] DEBUG o.s.b.f.s.DefaultListableBeanFactory - Autowiring by type from bean name 'configurationBusiness' via constructor to bean named 'testEmailBusiness'
14:50:38.210 [main] DEBUG o.s.b.f.s.DefaultListableBeanFactory - Autowiring by type from bean name 'configurationBusiness' via constructor to bean named 'testGridaClient'
14:50:38.210 [main] DEBUG o.s.b.f.s.DefaultListableBeanFactory - Autowiring by type from bean name 'configurationBusiness' via constructor to bean named 'testGridaPoolClient'
14:50:38.210 [main] DEBUG o.s.b.f.s.DefaultListableBeanFactory - Autowiring by type from bean name 'configurationBusiness' via constructor to bean named 'groupData'
14:50:38.210 [main] DEBUG o.s.b.f.s.DefaultListableBeanFactory - Autowiring by type from bean name 'configurationBusiness' via constructor to bean named 'termsUseData'
14:50:38.211 [main] DEBUG o.s.b.f.s.DefaultListableBeanFactory - Autowiring by type from bean name 'configurationBusiness' via constructor to bean named 'userData'
14:50:38.211 [main] DEBUG o.s.b.f.s.DefaultListableBeanFactory - Autowiring by type from bean name 'configurationBusiness' via constructor to bean named 'usersGroupsData'
14:50:38.264 [main] DEBUG o.s.b.f.s.DefaultListableBeanFactory - Autowiring by type from bean name 'vipSessionBusiness' via constructor to bean named 'testServer'
14:50:38.265 [main] DEBUG o.s.b.f.s.DefaultListableBeanFactory - Autowiring by type from bean name 'vipSessionBusiness' via constructor to bean named 'configurationBusiness'
14:50:38.278 [main] DEBUG o.s.b.f.s.DefaultListableBeanFactory - Creating shared instance of singleton bean 'statsBusiness'
14:50:38.280 [main] DEBUG o.s.b.f.s.DefaultListableBeanFactory - Autowiring by type from bean name 'statsBusiness' via constructor to bean named 'userData'
14:50:38.291 [main] DEBUG o.s.b.f.s.DefaultListableBeanFactory - Creating shared instance of singleton bean 'velocityUtils'
14:50:38.348 [main] DEBUG org.apache.velocity - CommonsLogLogChute name is 'org.apache.velocity'
14:50:38.348 [main] DEBUG org.apache.velocity - Initializing Velocity, Calling init()...
14:50:38.348 [main] DEBUG org.apache.velocity - Starting Apache Velocity v1.7 (compiled: 2010-11-19 12:14:37)
14:50:38.348 [main] DEBUG org.apache.velocity - Default Properties File: org/apache/velocity/runtime/defaults/velocity.properties
14:50:38.348 [main] DEBUG org.apache.velocity - Trying to use logger class org.apache.velocity.runtime.log.AvalonLogChute
14:50:38.349 [main] DEBUG org.apache.velocity - Target log system for org.apache.velocity.runtime.log.AvalonLogChute is not available (java.lang.NoClassDefFoundError: org/apache/log/format/Formatter).  Falling back to next log system...
14:50:38.349 [main] DEBUG org.apache.velocity - Trying to use logger class org.apache.velocity.runtime.log.Log4JLogChute
14:50:38.349 [main] DEBUG org.apache.velocity - Target log system for org.apache.velocity.runtime.log.Log4JLogChute is not available (java.lang.NoClassDefFoundError: org/apache/log4j/Layout).  Falling back to next log system...
14:50:38.349 [main] DEBUG org.apache.velocity - Trying to use logger class org.apache.velocity.runtime.log.CommonsLogLogChute
14:50:38.349 [main] DEBUG org.apache.velocity - Using logger class org.apache.velocity.runtime.log.CommonsLogLogChute
14:50:38.358 [main] DEBUG org.apache.velocity - ResourceLoader instantiated: org.apache.velocity.runtime.resource.loader.ClasspathResourceLoader
14:50:38.379 [main] DEBUG org.apache.velocity - ResourceCache: initialized (class org.apache.velocity.runtime.resource.ResourceCacheImpl) with class java.util.Collections$SynchronizedMap cache map.
14:50:38.381 [main] DEBUG org.apache.velocity - Loaded System Directive: org.apache.velocity.runtime.directive.Stop
14:50:38.383 [main] DEBUG org.apache.velocity - Loaded System Directive: org.apache.velocity.runtime.directive.Define
14:50:38.384 [main] DEBUG org.apache.velocity - Loaded System Directive: org.apache.velocity.runtime.directive.Break
14:50:38.386 [main] DEBUG org.apache.velocity - Loaded System Directive: org.apache.velocity.runtime.directive.Evaluate
14:50:38.386 [main] DEBUG org.apache.velocity - Loaded System Directive: org.apache.velocity.runtime.directive.Literal
14:50:38.388 [main] DEBUG org.apache.velocity - Loaded System Directive: org.apache.velocity.runtime.directive.Macro
14:50:38.390 [main] DEBUG org.apache.velocity - Loaded System Directive: org.apache.velocity.runtime.directive.Parse
14:50:38.393 [main] DEBUG org.apache.velocity - Loaded System Directive: org.apache.velocity.runtime.directive.Include
14:50:38.394 [main] DEBUG org.apache.velocity - Loaded System Directive: org.apache.velocity.runtime.directive.Foreach
14:50:38.439 [main] DEBUG org.apache.velocity - Created '20' parsers.
14:50:38.445 [main] DEBUG org.apache.velocity - Velocimacro : "velocimacro.library" is not set.  Trying default library: VM_global_library.vm
14:50:38.446 [main] DEBUG org.apache.velocity - Could not load resource 'VM_global_library.vm' from ResourceLoader org.apache.velocity.runtime.resource.loader.ClasspathResourceLoader: ClasspathResourceLoader Error: cannot find resource VM_global_library.vm
14:50:38.447 [main] DEBUG org.apache.velocity - Velocimacro : Default library not found.
14:50:38.447 [main] DEBUG org.apache.velocity - Velocimacro : allowInline = true : VMs can be defined inline in templates
14:50:38.447 [main] DEBUG org.apache.velocity - Velocimacro : allowInlineToOverride = false : VMs defined inline may NOT replace previous VM definitions
14:50:38.447 [main] DEBUG org.apache.velocity - Velocimacro : allowInlineLocal = false : VMs defined inline will be global in scope if allowed.
14:50:38.447 [main] DEBUG org.apache.velocity - Velocimacro : autoload off : VM system will not automatically reload global library macros
14:50:38.448 [main] DEBUG o.s.b.f.s.DefaultListableBeanFactory - Creating shared instance of singleton bean 'applicationImporterBusiness'
14:50:38.453 [main] DEBUG o.s.b.f.s.DefaultListableBeanFactory - Creating shared instance of singleton bean 'lfcPathsBusiness'
14:50:38.455 [main] DEBUG o.s.b.f.s.DefaultListableBeanFactory - Autowiring by type from bean name 'lfcPathsBusiness' via constructor to bean named 'testServer'
14:50:38.456 [main] DEBUG o.s.b.f.s.DefaultListableBeanFactory - Autowiring by type from bean name 'lfcPathsBusiness' via constructor to bean named 'groupData'
14:50:38.469 [main] DEBUG o.s.b.f.s.DefaultListableBeanFactory - Creating shared instance of singleton bean 'boutiquesBusiness'
14:50:38.473 [main] DEBUG o.s.b.f.s.DefaultListableBeanFactory - Creating shared instance of singleton bean 'dataManagerBusiness'
14:50:38.478 [main] DEBUG o.s.b.f.s.DefaultListableBeanFactory - Creating shared instance of singleton bean 'SSHData'
14:50:38.490 [main] DEBUG o.s.b.f.s.DefaultListableBeanFactory - Creating shared instance of singleton bean 'gridaCacheClient'
14:50:38.491 [main] DEBUG o.s.b.f.s.DefaultListableBeanFactory - Autowiring by type from bean name 'gridaCacheClient' via factory method to bean named 'testServer'
14:50:38.496 [main] DEBUG o.s.b.f.s.DefaultListableBeanFactory - Creating shared instance of singleton bean 'gridaZombieClient'
14:50:38.497 [main] DEBUG o.s.b.f.s.DefaultListableBeanFactory - Autowiring by type from bean name 'gridaZombieClient' via factory method to bean named 'testServer'
14:50:38.500 [main] DEBUG o.s.b.f.s.DefaultListableBeanFactory - Autowiring by type from bean name 'dataManagerBusiness' via constructor to bean named 'SSHData'
14:50:38.500 [main] DEBUG o.s.b.f.s.DefaultListableBeanFactory - Autowiring by type from bean name 'dataManagerBusiness' via constructor to bean named 'testGridaClient'
14:50:38.501 [main] DEBUG o.s.b.f.s.DefaultListableBeanFactory - Autowiring by type from bean name 'dataManagerBusiness' via constructor to bean named 'gridaCacheClient'
14:50:38.501 [main] DEBUG o.s.b.f.s.DefaultListableBeanFactory - Autowiring by type from bean name 'dataManagerBusiness' via constructor to bean named 'gridaZombieClient'
14:50:38.501 [main] DEBUG o.s.b.f.s.DefaultListableBeanFactory - Autowiring by type from bean name 'dataManagerBusiness' via constructor to bean named 'configurationBusiness'
14:50:38.501 [main] DEBUG o.s.b.f.s.DefaultListableBeanFactory - Autowiring by type from bean name 'dataManagerBusiness' via constructor to bean named 'lfcPathsBusiness'
14:50:38.501 [main] DEBUG o.s.b.f.s.DefaultListableBeanFactory - Autowiring by type from bean name 'dataManagerBusiness' via constructor to bean named 'testServer'
14:50:38.517 [main] DEBUG o.s.b.f.s.DefaultListableBeanFactory - Creating shared instance of singleton bean 'applicationBusiness'
14:50:38.522 [main] DEBUG o.s.b.f.s.DefaultListableBeanFactory - Creating shared instance of singleton bean 'applicationData'
14:50:38.526 [main] DEBUG o.s.b.f.s.DefaultListableBeanFactory - Creating shared instance of singleton bean 'classData'
14:50:38.538 [main] DEBUG o.s.b.f.s.DefaultListableBeanFactory - Autowiring by type from bean name 'applicationData' via constructor to bean named 'lazyDataSource'
14:50:38.539 [main] DEBUG o.s.b.f.s.DefaultListableBeanFactory - Autowiring by type from bean name 'applicationData' via constructor to bean named 'classData'
14:50:38.545 [main] DEBUG o.s.b.f.s.DefaultListableBeanFactory - Autowiring by type from bean name 'applicationBusiness' via constructor to bean named 'applicationData'
14:50:38.545 [main] DEBUG o.s.b.f.s.DefaultListableBeanFactory - Autowiring by type from bean name 'applicationBusiness' via constructor to bean named 'classData'
14:50:38.546 [main] DEBUG o.s.b.f.s.DefaultListableBeanFactory - Autowiring by type from bean name 'applicationBusiness' via constructor to bean named 'groupData'
14:50:38.563 [main] DEBUG o.s.b.f.s.DefaultListableBeanFactory - Autowiring by type from bean name 'boutiquesBusiness' via constructor to bean named 'testServer'
14:50:38.563 [main] DEBUG o.s.b.f.s.DefaultListableBeanFactory - Autowiring by type from bean name 'boutiquesBusiness' via constructor to bean named 'dataManagerBusiness'
14:50:38.563 [main] DEBUG o.s.b.f.s.DefaultListableBeanFactory - Autowiring by type from bean name 'boutiquesBusiness' via constructor to bean named 'applicationBusiness'
14:50:38.574 [main] DEBUG o.s.b.f.s.DefaultListableBeanFactory - Creating shared instance of singleton bean 'targzUtils'
14:50:38.581 [main] DEBUG o.s.b.f.s.DefaultListableBeanFactory - Autowiring by type from bean name 'applicationImporterBusiness' via constructor to bean named 'testServer'
14:50:38.581 [main] DEBUG o.s.b.f.s.DefaultListableBeanFactory - Autowiring by type from bean name 'applicationImporterBusiness' via constructor to bean named 'lfcPathsBusiness'
14:50:38.581 [main] DEBUG o.s.b.f.s.DefaultListableBeanFactory - Autowiring by type from bean name 'applicationImporterBusiness' via constructor to bean named 'testGridaClient'
14:50:38.581 [main] DEBUG o.s.b.f.s.DefaultListableBeanFactory - Autowiring by type from bean name 'applicationImporterBusiness' via constructor to bean named 'boutiquesBusiness'
14:50:38.581 [main] DEBUG o.s.b.f.s.DefaultListableBeanFactory - Autowiring by type from bean name 'applicationImporterBusiness' via constructor to bean named 'velocityUtils'
14:50:38.581 [main] DEBUG o.s.b.f.s.DefaultListableBeanFactory - Autowiring by type from bean name 'applicationImporterBusiness' via constructor to bean named 'targzUtils'
14:50:38.581 [main] DEBUG o.s.b.f.s.DefaultListableBeanFactory - Autowiring by type from bean name 'applicationImporterBusiness' via constructor to bean named 'applicationBusiness'
14:50:38.581 [main] DEBUG o.s.b.f.s.DefaultListableBeanFactory - Autowiring by type from bean name 'applicationImporterBusiness' via constructor to bean named 'dataManagerBusiness'
14:50:38.591 [main] DEBUG o.s.b.f.s.DefaultListableBeanFactory - Creating shared instance of singleton bean 'externalPlatformBusiness'
14:50:38.594 [main] DEBUG o.s.b.f.s.DefaultListableBeanFactory - Creating shared instance of singleton bean 'girderStorageBusiness'
14:50:38.598 [main] DEBUG o.s.b.f.s.DefaultListableBeanFactory - Creating shared instance of singleton bean 'apiKeyBusiness'
14:50:38.600 [main] DEBUG o.s.b.f.s.DefaultListableBeanFactory - Creating shared instance of singleton bean 'apiKeysData'
14:50:38.608 [main] DEBUG o.s.b.f.s.DefaultListableBeanFactory - Autowiring by type from bean name 'apiKeyBusiness' via constructor to bean named 'apiKeysData'
14:50:38.616 [main] DEBUG o.s.b.f.s.DefaultListableBeanFactory - Autowiring by type from bean name 'girderStorageBusiness' via constructor to bean named 'apiKeyBusiness'
14:50:38.617 [main] DEBUG o.s.b.f.s.DefaultListableBeanFactory - Autowiring by type from bean name 'girderStorageBusiness' via constructor to bean named 'testServer'
14:50:38.625 [main] DEBUG o.s.b.f.s.DefaultListableBeanFactory - Creating shared instance of singleton bean 'shanoirStorageBusiness'
14:50:38.627 [main] DEBUG o.s.b.f.s.DefaultListableBeanFactory - Creating shared instance of singleton bean 'externalPlatformData'
14:50:38.636 [main] DEBUG o.s.b.f.s.DefaultListableBeanFactory - Autowiring by type from bean name 'externalPlatformBusiness' via constructor to bean named 'girderStorageBusiness'
14:50:38.636 [main] DEBUG o.s.b.f.s.DefaultListableBeanFactory - Autowiring by type from bean name 'externalPlatformBusiness' via constructor to bean named 'shanoirStorageBusiness'
14:50:38.637 [main] DEBUG o.s.b.f.s.DefaultListableBeanFactory - Autowiring by type from bean name 'externalPlatformBusiness' via constructor to bean named 'externalPlatformData'
14:50:38.644 [main] DEBUG o.s.b.f.s.DefaultListableBeanFactory - Creating shared instance of singleton bean 'transferPoolBusiness'
14:50:38.648 [main] DEBUG o.s.b.f.s.DefaultListableBeanFactory - Creating shared instance of singleton bean 'LFCBusiness'
14:50:38.650 [main] DEBUG o.s.b.f.s.DefaultListableBeanFactory - Autowiring by type from bean name 'LFCBusiness' via constructor to bean named 'testGridaClient'
14:50:38.650 [main] DEBUG o.s.b.f.s.DefaultListableBeanFactory - Autowiring by type from bean name 'LFCBusiness' via constructor to bean named 'lfcPathsBusiness'
14:50:38.660 [main] DEBUG o.s.b.f.s.DefaultListableBeanFactory - Autowiring by type from bean name 'transferPoolBusiness' via constructor to bean named 'testServer'
14:50:38.661 [main] DEBUG o.s.b.f.s.DefaultListableBeanFactory - Autowiring by type from bean name 'transferPoolBusiness' via constructor to bean named 'LFCBusiness'
14:50:38.661 [main] DEBUG o.s.b.f.s.DefaultListableBeanFactory - Autowiring by type from bean name 'transferPoolBusiness' via constructor to bean named 'testGridaPoolClient'
14:50:38.661 [main] DEBUG o.s.b.f.s.DefaultListableBeanFactory - Autowiring by type from bean name 'transferPoolBusiness' via constructor to bean named 'lfcPathsBusiness'
14:50:38.673 [main] DEBUG o.s.b.f.s.DefaultListableBeanFactory - Creating shared instance of singleton bean 'LFCPermissionBusiness'
14:50:38.676 [main] DEBUG o.s.b.f.s.DefaultListableBeanFactory - Autowiring by type from bean name 'LFCPermissionBusiness' via constructor to bean named 'dataManagerBusiness'
14:50:38.676 [main] DEBUG o.s.b.f.s.DefaultListableBeanFactory - Autowiring by type from bean name 'LFCPermissionBusiness' via constructor to bean named 'lfcPathsBusiness'
14:50:38.684 [main] DEBUG o.s.b.f.s.DefaultListableBeanFactory - Creating shared instance of singleton bean 'dataManagerDataInitializer'
14:50:38.685 [main] DEBUG o.s.b.f.s.DefaultListableBeanFactory - Autowiring by type from bean name 'dataManagerDataInitializer' via constructor to bean named 'lazyDataSource'
14:50:38.686 [main] DEBUG o.s.b.f.s.DefaultListableBeanFactory - Autowiring by type from bean name 'dataManagerDataInitializer' via constructor to bean named 'tableInitializer'
14:50:38.687 [main] DEBUG o.s.aop.framework.CglibAopProxy - Final method [public final javax.sql.DataSource org.springframework.jdbc.core.support.JdbcDaoSupport.getDataSource()] cannot get proxied via CGLIB: Calls to this method will NOT be routed to the target instance and might lead to NPEs against uninitialized fields in the proxy instance.
14:50:38.687 [main] DEBUG o.s.aop.framework.CglibAopProxy - Final method [public final void org.springframework.jdbc.core.support.JdbcDaoSupport.setDataSource(javax.sql.DataSource)] cannot get proxied via CGLIB: Calls to this method will NOT be routed to the target instance and might lead to NPEs against uninitialized fields in the proxy instance.
14:50:38.688 [main] DEBUG o.s.aop.framework.CglibAopProxy - Final method [protected final org.springframework.jdbc.support.SQLExceptionTranslator org.springframework.jdbc.core.support.JdbcDaoSupport.getExceptionTranslator()] cannot get proxied via CGLIB: Calls to this method will NOT be routed to the target instance and might lead to NPEs against uninitialized fields in the proxy instance.
14:50:38.688 [main] DEBUG o.s.aop.framework.CglibAopProxy - Final method [public final void org.springframework.jdbc.core.support.JdbcDaoSupport.setJdbcTemplate(org.springframework.jdbc.core.JdbcTemplate)] cannot get proxied via CGLIB: Calls to this method will NOT be routed to the target instance and might lead to NPEs against uninitialized fields in the proxy instance.
14:50:38.688 [main] DEBUG o.s.aop.framework.CglibAopProxy - Final method [public final org.springframework.jdbc.core.JdbcTemplate org.springframework.jdbc.core.support.JdbcDaoSupport.getJdbcTemplate()] cannot get proxied via CGLIB: Calls to this method will NOT be routed to the target instance and might lead to NPEs against uninitialized fields in the proxy instance.
14:50:38.688 [main] DEBUG o.s.aop.framework.CglibAopProxy - Final method [protected final void org.springframework.jdbc.core.support.JdbcDaoSupport.releaseConnection(java.sql.Connection)] cannot get proxied via CGLIB: Calls to this method will NOT be routed to the target instance and might lead to NPEs against uninitialized fields in the proxy instance.
14:50:38.688 [main] DEBUG o.s.aop.framework.CglibAopProxy - Final method [protected final java.sql.Connection org.springframework.jdbc.core.support.JdbcDaoSupport.getConnection() throws org.springframework.jdbc.CannotGetJdbcConnectionException] cannot get proxied via CGLIB: Calls to this method will NOT be routed to the target instance and might lead to NPEs against uninitialized fields in the proxy instance.
14:50:38.688 [main] INFO  o.s.aop.framework.CglibAopProxy - Unable to proxy interface-implementing method [public final void org.springframework.dao.support.DaoSupport.afterPropertiesSet() throws java.lang.IllegalArgumentException,org.springframework.beans.factory.BeanInitializationException] because it is marked as final: Consider using interface-based JDK proxies instead!
14:50:38.688 [main] DEBUG o.s.aop.framework.CglibAopProxy - Final method [public final void org.springframework.dao.support.DaoSupport.afterPropertiesSet() throws java.lang.IllegalArgumentException,org.springframework.beans.factory.BeanInitializationException] cannot get proxied via CGLIB: Calls to this method will NOT be routed to the target instance and might lead to NPEs against uninitialized fields in the proxy instance.
14:50:38.695 [main] DEBUG o.s.b.f.s.DefaultListableBeanFactory - Creating shared instance of singleton bean 'workflowBusiness'
14:50:38.704 [main] DEBUG o.s.b.f.s.DefaultListableBeanFactory - Creating shared instance of singleton bean 'simulationStatsData'
14:50:38.708 [main] DEBUG o.s.b.f.s.DefaultListableBeanFactory - Creating shared instance of singleton bean 'sessionFactory'
14:50:38.709 [main] DEBUG o.s.b.f.s.DefaultListableBeanFactory - Creating shared instance of singleton bean 'springApplicationTestConfig'
14:50:38.858 [main] DEBUG o.s.b.f.s.DefaultListableBeanFactory - Autowiring by type from bean name 'simulationStatsData' via constructor to bean named 'sessionFactory'
14:50:38.861 [main] DEBUG o.s.b.f.s.DefaultListableBeanFactory - Creating shared instance of singleton bean 'getTestWorkflowDAO'
14:50:38.929 [main] DEBUG o.s.b.f.s.DefaultListableBeanFactory - Creating shared instance of singleton bean 'getTestProcessorDAO'
14:50:38.983 [main] DEBUG o.s.b.f.s.DefaultListableBeanFactory - Creating shared instance of singleton bean 'getTestOutputDAO'
14:50:39.033 [main] DEBUG o.s.b.f.s.DefaultListableBeanFactory - Creating shared instance of singleton bean 'getTestInputDAO'
14:50:39.087 [main] DEBUG o.s.b.f.s.DefaultListableBeanFactory - Creating shared instance of singleton bean 'getTestStatsDAO'
14:50:39.142 [main] DEBUG o.s.b.f.s.DefaultListableBeanFactory - Creating shared instance of singleton bean 'engineData'
14:50:39.152 [main] DEBUG o.s.b.f.s.DefaultListableBeanFactory - Creating shared instance of singleton bean 'engineBusiness'
14:50:39.154 [main] DEBUG o.s.b.f.s.DefaultListableBeanFactory - Autowiring by type from bean name 'engineBusiness' via constructor to bean named 'engineData'
14:50:39.164 [main] DEBUG o.s.b.f.s.DefaultListableBeanFactory - Autowiring by type from bean name 'workflowBusiness' via constructor to bean named 'testServer'
14:50:39.164 [main] DEBUG o.s.b.f.s.DefaultListableBeanFactory - Autowiring by type from bean name 'workflowBusiness' via constructor to bean named 'simulationStatsData'
14:50:39.164 [main] DEBUG o.s.b.f.s.DefaultListableBeanFactory - Autowiring by type from bean name 'workflowBusiness' via constructor to bean named 'getTestWorkflowDAO'
14:50:39.164 [main] DEBUG o.s.b.f.s.DefaultListableBeanFactory - Autowiring by type from bean name 'workflowBusiness' via constructor to bean named 'getTestProcessorDAO'
14:50:39.164 [main] DEBUG o.s.b.f.s.DefaultListableBeanFactory - Autowiring by type from bean name 'workflowBusiness' via constructor to bean named 'getTestOutputDAO'
14:50:39.164 [main] DEBUG o.s.b.f.s.DefaultListableBeanFactory - Autowiring by type from bean name 'workflowBusiness' via constructor to bean named 'getTestInputDAO'
14:50:39.164 [main] DEBUG o.s.b.f.s.DefaultListableBeanFactory - Autowiring by type from bean name 'workflowBusiness' via constructor to bean named 'getTestStatsDAO'
14:50:39.164 [main] DEBUG o.s.b.f.s.DefaultListableBeanFactory - Autowiring by type from bean name 'workflowBusiness' via constructor to bean named 'engineData'
14:50:39.164 [main] DEBUG o.s.b.f.s.DefaultListableBeanFactory - Autowiring by type from bean name 'workflowBusiness' via constructor to bean named 'applicationData'
14:50:39.164 [main] DEBUG o.s.b.f.s.DefaultListableBeanFactory - Autowiring by type from bean name 'workflowBusiness' via constructor to bean named 'usersGroupsData'
14:50:39.164 [main] DEBUG o.s.b.f.s.DefaultListableBeanFactory - Autowiring by type from bean name 'workflowBusiness' via constructor to bean named 'engineBusiness'
14:50:39.164 [main] DEBUG o.s.b.f.s.DefaultListableBeanFactory - Autowiring by type from bean name 'workflowBusiness' via constructor to bean named 'dataManagerBusiness'
14:50:39.164 [main] DEBUG o.s.b.f.s.DefaultListableBeanFactory - Autowiring by type from bean name 'workflowBusiness' via constructor to bean named 'testEmailBusiness'
14:50:39.164 [main] DEBUG o.s.b.f.s.DefaultListableBeanFactory - Autowiring by type from bean name 'workflowBusiness' via constructor to bean named 'lfcPathsBusiness'
14:50:39.164 [main] DEBUG o.s.b.f.s.DefaultListableBeanFactory - Autowiring by type from bean name 'workflowBusiness' via constructor to bean named 'testGridaPoolClient'
14:50:39.164 [main] DEBUG o.s.b.f.s.DefaultListableBeanFactory - Autowiring by type from bean name 'workflowBusiness' via constructor to bean named 'testGridaClient'
14:50:39.164 [main] DEBUG o.s.b.f.s.DefaultListableBeanFactory - Autowiring by type from bean name 'workflowBusiness' via constructor to bean named 'externalPlatformBusiness'
14:50:39.182 [main] DEBUG o.s.b.f.s.DefaultListableBeanFactory - Creating shared instance of singleton bean 'applicationInputData'
14:50:39.190 [main] DEBUG o.s.b.f.s.DefaultListableBeanFactory - Creating shared instance of singleton bean 'inputBusiness'
14:50:39.192 [main] DEBUG o.s.b.f.s.DefaultListableBeanFactory - Autowiring by type from bean name 'inputBusiness' via constructor to bean named 'applicationInputData'
14:50:39.192 [main] DEBUG o.s.b.f.s.DefaultListableBeanFactory - Autowiring by type from bean name 'inputBusiness' via constructor to bean named 'dataManagerBusiness'
14:50:39.201 [main] DEBUG o.s.b.f.s.DefaultListableBeanFactory - Creating shared instance of singleton bean 'simulationBusiness'
14:50:39.205 [main] DEBUG o.s.b.f.s.DefaultListableBeanFactory - Autowiring by type from bean name 'simulationBusiness' via constructor to bean named 'lfcPathsBusiness'
14:50:39.205 [main] DEBUG o.s.b.f.s.DefaultListableBeanFactory - Autowiring by type from bean name 'simulationBusiness' via constructor to bean named 'testServer'
14:50:39.216 [main] DEBUG o.s.b.f.s.DefaultListableBeanFactory - Creating shared instance of singleton bean 'classBusiness'
14:50:39.217 [main] DEBUG o.s.b.f.s.DefaultListableBeanFactory - Autowiring by type from bean name 'classBusiness' via constructor to bean named 'classData'
14:50:39.223 [main] DEBUG o.s.b.f.s.DefaultListableBeanFactory - Creating shared instance of singleton bean 'applicationDataInitializer'
14:50:39.225 [main] DEBUG o.s.b.f.s.DefaultListableBeanFactory - Autowiring by type from bean name 'applicationDataInitializer' via constructor to bean named 'lazyDataSource'
14:50:39.225 [main] DEBUG o.s.b.f.s.DefaultListableBeanFactory - Autowiring by type from bean name 'applicationDataInitializer' via constructor to bean named 'tableInitializer'
14:50:39.226 [main] DEBUG o.s.aop.framework.CglibAopProxy - Final method [public final javax.sql.DataSource org.springframework.jdbc.core.support.JdbcDaoSupport.getDataSource()] cannot get proxied via CGLIB: Calls to this method will NOT be routed to the target instance and might lead to NPEs against uninitialized fields in the proxy instance.
14:50:39.226 [main] DEBUG o.s.aop.framework.CglibAopProxy - Final method [public final void org.springframework.jdbc.core.support.JdbcDaoSupport.setDataSource(javax.sql.DataSource)] cannot get proxied via CGLIB: Calls to this method will NOT be routed to the target instance and might lead to NPEs against uninitialized fields in the proxy instance.
14:50:39.226 [main] DEBUG o.s.aop.framework.CglibAopProxy - Final method [protected final org.springframework.jdbc.support.SQLExceptionTranslator org.springframework.jdbc.core.support.JdbcDaoSupport.getExceptionTranslator()] cannot get proxied via CGLIB: Calls to this method will NOT be routed to the target instance and might lead to NPEs against uninitialized fields in the proxy instance.
14:50:39.226 [main] DEBUG o.s.aop.framework.CglibAopProxy - Final method [public final void org.springframework.jdbc.core.support.JdbcDaoSupport.setJdbcTemplate(org.springframework.jdbc.core.JdbcTemplate)] cannot get proxied via CGLIB: Calls to this method will NOT be routed to the target instance and might lead to NPEs against uninitialized fields in the proxy instance.
14:50:39.227 [main] DEBUG o.s.aop.framework.CglibAopProxy - Final method [public final org.springframework.jdbc.core.JdbcTemplate org.springframework.jdbc.core.support.JdbcDaoSupport.getJdbcTemplate()] cannot get proxied via CGLIB: Calls to this method will NOT be routed to the target instance and might lead to NPEs against uninitialized fields in the proxy instance.
14:50:39.227 [main] DEBUG o.s.aop.framework.CglibAopProxy - Final method [protected final void org.springframework.jdbc.core.support.JdbcDaoSupport.releaseConnection(java.sql.Connection)] cannot get proxied via CGLIB: Calls to this method will NOT be routed to the target instance and might lead to NPEs against uninitialized fields in the proxy instance.
14:50:39.227 [main] DEBUG o.s.aop.framework.CglibAopProxy - Final method [protected final java.sql.Connection org.springframework.jdbc.core.support.JdbcDaoSupport.getConnection() throws org.springframework.jdbc.CannotGetJdbcConnectionException] cannot get proxied via CGLIB: Calls to this method will NOT be routed to the target instance and might lead to NPEs against uninitialized fields in the proxy instance.
14:50:39.227 [main] INFO  o.s.aop.framework.CglibAopProxy - Unable to proxy interface-implementing method [public final void org.springframework.dao.support.DaoSupport.afterPropertiesSet() throws java.lang.IllegalArgumentException,org.springframework.beans.factory.BeanInitializationException] because it is marked as final: Consider using interface-based JDK proxies instead!
14:50:39.227 [main] DEBUG o.s.aop.framework.CglibAopProxy - Final method [public final void org.springframework.dao.support.DaoSupport.afterPropertiesSet() throws java.lang.IllegalArgumentException,org.springframework.beans.factory.BeanInitializationException] cannot get proxied via CGLIB: Calls to this method will NOT be routed to the target instance and might lead to NPEs against uninitialized fields in the proxy instance.
14:50:39.231 [main] DEBUG o.s.b.f.s.DefaultListableBeanFactory - Creating shared instance of singleton bean 'gateLabBusiness'
14:50:39.234 [main] DEBUG o.s.b.f.s.DefaultListableBeanFactory - Autowiring by type from bean name 'gateLabBusiness' via constructor to bean named 'classData'
14:50:39.234 [main] DEBUG o.s.b.f.s.DefaultListableBeanFactory - Autowiring by type from bean name 'gateLabBusiness' via constructor to bean named 'applicationBusiness'
14:50:39.234 [main] DEBUG o.s.b.f.s.DefaultListableBeanFactory - Autowiring by type from bean name 'gateLabBusiness' via constructor to bean named 'userData'
14:50:39.234 [main] DEBUG o.s.b.f.s.DefaultListableBeanFactory - Autowiring by type from bean name 'gateLabBusiness' via constructor to bean named 'usersGroupsData'
14:50:39.234 [main] DEBUG o.s.b.f.s.DefaultListableBeanFactory - Autowiring by type from bean name 'gateLabBusiness' via constructor to bean named 'testEmailBusiness'
14:50:39.243 [main] DEBUG o.s.b.f.s.DefaultListableBeanFactory - Creating shared instance of singleton bean 'publicationBusiness'
14:50:39.245 [main] DEBUG o.s.b.f.s.DefaultListableBeanFactory - Creating shared instance of singleton bean 'publicationData'
14:50:39.252 [main] DEBUG o.s.b.f.s.DefaultListableBeanFactory - Autowiring by type from bean name 'publicationBusiness' via constructor to bean named 'publicationData'
14:50:39.258 [main] DEBUG o.s.b.f.s.DefaultListableBeanFactory - Creating shared instance of singleton bean 'publicationDataInitializer'
14:50:39.260 [main] DEBUG o.s.b.f.s.DefaultListableBeanFactory - Autowiring by type from bean name 'publicationDataInitializer' via constructor to bean named 'lazyDataSource'
14:50:39.260 [main] DEBUG o.s.b.f.s.DefaultListableBeanFactory - Autowiring by type from bean name 'publicationDataInitializer' via constructor to bean named 'tableInitializer'
14:50:39.261 [main] DEBUG o.s.aop.framework.CglibAopProxy - Final method [public final javax.sql.DataSource org.springframework.jdbc.core.support.JdbcDaoSupport.getDataSource()] cannot get proxied via CGLIB: Calls to this method will NOT be routed to the target instance and might lead to NPEs against uninitialized fields in the proxy instance.
14:50:39.261 [main] DEBUG o.s.aop.framework.CglibAopProxy - Final method [public final void org.springframework.jdbc.core.support.JdbcDaoSupport.setDataSource(javax.sql.DataSource)] cannot get proxied via CGLIB: Calls to this method will NOT be routed to the target instance and might lead to NPEs against uninitialized fields in the proxy instance.
14:50:39.261 [main] DEBUG o.s.aop.framework.CglibAopProxy - Final method [protected final org.springframework.jdbc.support.SQLExceptionTranslator org.springframework.jdbc.core.support.JdbcDaoSupport.getExceptionTranslator()] cannot get proxied via CGLIB: Calls to this method will NOT be routed to the target instance and might lead to NPEs against uninitialized fields in the proxy instance.
14:50:39.261 [main] DEBUG o.s.aop.framework.CglibAopProxy - Final method [public final void org.springframework.jdbc.core.support.JdbcDaoSupport.setJdbcTemplate(org.springframework.jdbc.core.JdbcTemplate)] cannot get proxied via CGLIB: Calls to this method will NOT be routed to the target instance and might lead to NPEs against uninitialized fields in the proxy instance.
14:50:39.261 [main] DEBUG o.s.aop.framework.CglibAopProxy - Final method [public final org.springframework.jdbc.core.JdbcTemplate org.springframework.jdbc.core.support.JdbcDaoSupport.getJdbcTemplate()] cannot get proxied via CGLIB: Calls to this method will NOT be routed to the target instance and might lead to NPEs against uninitialized fields in the proxy instance.
14:50:39.262 [main] DEBUG o.s.aop.framework.CglibAopProxy - Final method [protected final void org.springframework.jdbc.core.support.JdbcDaoSupport.releaseConnection(java.sql.Connection)] cannot get proxied via CGLIB: Calls to this method will NOT be routed to the target instance and might lead to NPEs against uninitialized fields in the proxy instance.
14:50:39.262 [main] DEBUG o.s.aop.framework.CglibAopProxy - Final method [protected final java.sql.Connection org.springframework.jdbc.core.support.JdbcDaoSupport.getConnection() throws org.springframework.jdbc.CannotGetJdbcConnectionException] cannot get proxied via CGLIB: Calls to this method will NOT be routed to the target instance and might lead to NPEs against uninitialized fields in the proxy instance.
14:50:39.262 [main] INFO  o.s.aop.framework.CglibAopProxy - Unable to proxy interface-implementing method [public final void org.springframework.dao.support.DaoSupport.afterPropertiesSet() throws java.lang.IllegalArgumentException,org.springframework.beans.factory.BeanInitializationException] because it is marked as final: Consider using interface-based JDK proxies instead!
14:50:39.262 [main] DEBUG o.s.aop.framework.CglibAopProxy - Final method [public final void org.springframework.dao.support.DaoSupport.afterPropertiesSet() throws java.lang.IllegalArgumentException,org.springframework.beans.factory.BeanInitializationException] cannot get proxied via CGLIB: Calls to this method will NOT be routed to the target instance and might lead to NPEs against uninitialized fields in the proxy instance.
14:50:39.266 [main] DEBUG o.s.b.f.s.DefaultListableBeanFactory - Creating shared instance of singleton bean 'messageBusiness'
14:50:39.269 [main] DEBUG o.s.b.f.s.DefaultListableBeanFactory - Creating shared instance of singleton bean 'messageData'
14:50:39.270 [main] DEBUG o.s.b.f.s.DefaultListableBeanFactory - Autowiring by type from bean name 'messageData' via constructor to bean named 'userData'
14:50:39.270 [main] DEBUG o.s.b.f.s.DefaultListableBeanFactory - Autowiring by type from bean name 'messageData' via constructor to bean named 'lazyDataSource'
14:50:39.274 [main] DEBUG o.s.b.f.s.DefaultListableBeanFactory - Creating shared instance of singleton bean 'groupMessageData'
14:50:39.275 [main] DEBUG o.s.b.f.s.DefaultListableBeanFactory - Autowiring by type from bean name 'groupMessageData' via constructor to bean named 'userData'
14:50:39.275 [main] DEBUG o.s.b.f.s.DefaultListableBeanFactory - Autowiring by type from bean name 'groupMessageData' via constructor to bean named 'groupData'
14:50:39.275 [main] DEBUG o.s.b.f.s.DefaultListableBeanFactory - Autowiring by type from bean name 'groupMessageData' via constructor to bean named 'messageData'
14:50:39.275 [main] DEBUG o.s.b.f.s.DefaultListableBeanFactory - Autowiring by type from bean name 'groupMessageData' via constructor to bean named 'lazyDataSource'
14:50:39.278 [main] DEBUG o.s.b.f.s.DefaultListableBeanFactory - Autowiring by type from bean name 'messageBusiness' via constructor to bean named 'messageData'
14:50:39.278 [main] DEBUG o.s.b.f.s.DefaultListableBeanFactory - Autowiring by type from bean name 'messageBusiness' via constructor to bean named 'groupMessageData'
14:50:39.278 [main] DEBUG o.s.b.f.s.DefaultListableBeanFactory - Autowiring by type from bean name 'messageBusiness' via constructor to bean named 'usersGroupsData'
14:50:39.278 [main] DEBUG o.s.b.f.s.DefaultListableBeanFactory - Autowiring by type from bean name 'messageBusiness' via constructor to bean named 'configurationBusiness'
14:50:39.278 [main] DEBUG o.s.b.f.s.DefaultListableBeanFactory - Autowiring by type from bean name 'messageBusiness' via constructor to bean named 'testEmailBusiness'
14:50:39.286 [main] DEBUG o.s.b.f.s.DefaultListableBeanFactory - Creating shared instance of singleton bean 'messagingDataInitializer'
14:50:39.288 [main] DEBUG o.s.b.f.s.DefaultListableBeanFactory - Autowiring by type from bean name 'messagingDataInitializer' via constructor to bean named 'lazyDataSource'
14:50:39.288 [main] DEBUG o.s.b.f.s.DefaultListableBeanFactory - Autowiring by type from bean name 'messagingDataInitializer' via constructor to bean named 'tableInitializer'
14:50:39.289 [main] DEBUG o.s.aop.framework.CglibAopProxy - Final method [public final javax.sql.DataSource org.springframework.jdbc.core.support.JdbcDaoSupport.getDataSource()] cannot get proxied via CGLIB: Calls to this method will NOT be routed to the target instance and might lead to NPEs against uninitialized fields in the proxy instance.
14:50:39.290 [main] DEBUG o.s.aop.framework.CglibAopProxy - Final method [public final void org.springframework.jdbc.core.support.JdbcDaoSupport.setDataSource(javax.sql.DataSource)] cannot get proxied via CGLIB: Calls to this method will NOT be routed to the target instance and might lead to NPEs against uninitialized fields in the proxy instance.
14:50:39.290 [main] DEBUG o.s.aop.framework.CglibAopProxy - Final method [protected final org.springframework.jdbc.support.SQLExceptionTranslator org.springframework.jdbc.core.support.JdbcDaoSupport.getExceptionTranslator()] cannot get proxied via CGLIB: Calls to this method will NOT be routed to the target instance and might lead to NPEs against uninitialized fields in the proxy instance.
14:50:39.290 [main] DEBUG o.s.aop.framework.CglibAopProxy - Final method [public final void org.springframework.jdbc.core.support.JdbcDaoSupport.setJdbcTemplate(org.springframework.jdbc.core.JdbcTemplate)] cannot get proxied via CGLIB: Calls to this method will NOT be routed to the target instance and might lead to NPEs against uninitialized fields in the proxy instance.
14:50:39.290 [main] DEBUG o.s.aop.framework.CglibAopProxy - Final method [public final org.springframework.jdbc.core.JdbcTemplate org.springframework.jdbc.core.support.JdbcDaoSupport.getJdbcTemplate()] cannot get proxied via CGLIB: Calls to this method will NOT be routed to the target instance and might lead to NPEs against uninitialized fields in the proxy instance.
14:50:39.290 [main] DEBUG o.s.aop.framework.CglibAopProxy - Final method [protected final void org.springframework.jdbc.core.support.JdbcDaoSupport.releaseConnection(java.sql.Connection)] cannot get proxied via CGLIB: Calls to this method will NOT be routed to the target instance and might lead to NPEs against uninitialized fields in the proxy instance.
14:50:39.290 [main] DEBUG o.s.aop.framework.CglibAopProxy - Final method [protected final java.sql.Connection org.springframework.jdbc.core.support.JdbcDaoSupport.getConnection() throws org.springframework.jdbc.CannotGetJdbcConnectionException] cannot get proxied via CGLIB: Calls to this method will NOT be routed to the target instance and might lead to NPEs against uninitialized fields in the proxy instance.
14:50:39.290 [main] INFO  o.s.aop.framework.CglibAopProxy - Unable to proxy interface-implementing method [public final void org.springframework.dao.support.DaoSupport.afterPropertiesSet() throws java.lang.IllegalArgumentException,org.springframework.beans.factory.BeanInitializationException] because it is marked as final: Consider using interface-based JDK proxies instead!
14:50:39.291 [main] DEBUG o.s.aop.framework.CglibAopProxy - Final method [public final void org.springframework.dao.support.DaoSupport.afterPropertiesSet() throws java.lang.IllegalArgumentException,org.springframework.beans.factory.BeanInitializationException] cannot get proxied via CGLIB: Calls to this method will NOT be routed to the target instance and might lead to NPEs against uninitialized fields in the proxy instance.
14:50:39.297 [main] DEBUG o.s.b.f.s.DefaultListableBeanFactory - Creating shared instance of singleton bean 'apiPropertiesInitializer'
14:50:39.300 [main] DEBUG o.s.b.f.s.DefaultListableBeanFactory - Creating shared instance of singleton bean 'vipConfigFolder'
14:50:39.301 [main] DEBUG o.s.b.f.s.DefaultListableBeanFactory - Autowiring by type from bean name 'vipConfigFolder' via factory method to bean named 'org.springframework.web.context.support.GenericWebApplicationContext@213ceb4e'
14:50:39.301 [main] DEBUG o.s.c.e.PropertySourcesPropertyResolver - Found key 'vipConfigFolder' in PropertySource 'Inlined Test Properties' with value of type String
14:50:39.301 [main] INFO  f.i.c.v.core.server.SpringCoreConfig - found vipConfigFolder property : classpath:
14:50:39.304 [main] DEBUG o.s.b.f.s.DefaultListableBeanFactory - Autowiring by type from bean name 'apiPropertiesInitializer' via constructor to bean named 'vipConfigFolder'
14:50:39.304 [main] DEBUG o.s.b.f.s.DefaultListableBeanFactory - Autowiring by type from bean name 'apiPropertiesInitializer' via constructor to bean named 'environment'
14:50:39.308 [main] DEBUG o.springframework.jndi.JndiTemplate - Looking up JNDI object with name [java:comp/env/cors.autorized-domains]
14:50:39.309 [main] DEBUG jndi - InitialContextFactory.getInitialContext()
14:50:39.309 [main] DEBUG jndi - Created initial context delegate for local namespace:org.eclipse.jetty.jndi.local.localContextRoot@367fddc8
14:50:39.323 [main] DEBUG o.e.j.j.java.javaURLContextFactory - >>> new root context requested 
14:50:39.325 [main] DEBUG jndi - supportDeepBinding=false
14:50:39.339 [main] DEBUG jndi - Adding binding with key=comp obj=Reference Class Name: javax.naming.Context
Type: parser
Content: org.eclipse.jetty.jndi.java.javaNameParser
 for context=null as comp: javax.naming.Reference:Reference Class Name: javax.naming.Context
Type: parser
Content: org.eclipse.jetty.jndi.java.javaNameParser

14:50:39.340 [main] DEBUG jndi - Looking up name="comp/env/cors.autorized-domains"
14:50:39.343 [main] DEBUG jndi - Trying thread context classloader
14:50:39.343 [main] DEBUG jndi - supportDeepBinding=false
14:50:39.344 [main] DEBUG jndi - Made context comp for classloader: jdk.internal.loader.ClassLoaders$AppClassLoader@3d4eac69
14:50:39.344 [main] DEBUG jndi - Looking up name="env/cors.autorized-domains"
14:50:39.350 [main] DEBUG o.s.jndi.JndiLocatorDelegate - Converted JNDI name [java:comp/env/cors.autorized-domains] not found - trying original name [cors.autorized-domains]. javax.naming.NameNotFoundException; remaining name 'env/cors.autorized-domains'
14:50:39.350 [main] DEBUG o.springframework.jndi.JndiTemplate - Looking up JNDI object with name [cors.autorized-domains]
14:50:39.350 [main] DEBUG jndi - InitialContextFactory.getInitialContext()
14:50:39.350 [main] DEBUG jndi - Created initial context delegate for local namespace:org.eclipse.jetty.jndi.local.localContextRoot@a560e53
14:50:39.350 [main] DEBUG jndi - Looking up name="cors.autorized-domains"
14:50:39.350 [main] DEBUG o.s.jndi.JndiPropertySource - JNDI lookup for name [cors.autorized-domains] threw NamingException with message: null. Returning null.
14:50:39.351 [main] DEBUG o.s.c.e.PropertySourcesPropertyResolver - Found key 'cors.autorized-domains' in PropertySource 'file [/home/marza/Documents/VIP-portal/vip-portal/target/test-classes/vip-api.conf]' with value of type String
14:50:39.353 [main] DEBUG o.springframework.jndi.JndiTemplate - Looking up JNDI object with name [java:comp/env/carmin.platform.name]
14:50:39.353 [main] DEBUG jndi - InitialContextFactory.getInitialContext()
14:50:39.353 [main] DEBUG jndi - Created initial context delegate for local namespace:org.eclipse.jetty.jndi.local.localContextRoot@17ce2a83
14:50:39.353 [main] DEBUG o.e.j.j.java.javaURLContextFactory - >>> new root context requested 
14:50:39.353 [main] DEBUG jndi - Looking up name="comp/env/carmin.platform.name"
14:50:39.354 [main] DEBUG jndi - Trying thread context classloader
14:50:39.354 [main] DEBUG jndi - Looking up name="env/carmin.platform.name"
14:50:39.354 [main] DEBUG o.s.jndi.JndiLocatorDelegate - Converted JNDI name [java:comp/env/carmin.platform.name] not found - trying original name [carmin.platform.name]. javax.naming.NameNotFoundException; remaining name 'env/carmin.platform.name'
14:50:39.354 [main] DEBUG o.springframework.jndi.JndiTemplate - Looking up JNDI object with name [carmin.platform.name]
14:50:39.354 [main] DEBUG jndi - InitialContextFactory.getInitialContext()
14:50:39.354 [main] DEBUG jndi - Created initial context delegate for local namespace:org.eclipse.jetty.jndi.local.localContextRoot@7dec7d41
14:50:39.354 [main] DEBUG jndi - Looking up name="carmin.platform.name"
14:50:39.354 [main] DEBUG o.s.jndi.JndiPropertySource - JNDI lookup for name [carmin.platform.name] threw NamingException with message: null. Returning null.
14:50:39.354 [main] DEBUG o.s.c.e.PropertySourcesPropertyResolver - Found key 'carmin.platform.name' in PropertySource 'file [/home/marza/Documents/VIP-portal/vip-portal/target/test-classes/vip-api.conf]' with value of type String
14:50:39.355 [main] DEBUG o.springframework.jndi.JndiTemplate - Looking up JNDI object with name [java:comp/env/carmin.platform.description]
14:50:39.355 [main] DEBUG jndi - InitialContextFactory.getInitialContext()
14:50:39.355 [main] DEBUG jndi - Created initial context delegate for local namespace:org.eclipse.jetty.jndi.local.localContextRoot@8b09aa7
14:50:39.355 [main] DEBUG o.e.j.j.java.javaURLContextFactory - >>> new root context requested 
14:50:39.355 [main] DEBUG jndi - Looking up name="comp/env/carmin.platform.description"
14:50:39.355 [main] DEBUG jndi - Trying thread context classloader
14:50:39.355 [main] DEBUG jndi - Looking up name="env/carmin.platform.description"
14:50:39.355 [main] DEBUG o.s.jndi.JndiLocatorDelegate - Converted JNDI name [java:comp/env/carmin.platform.description] not found - trying original name [carmin.platform.description]. javax.naming.NameNotFoundException; remaining name 'env/carmin.platform.description'
14:50:39.356 [main] DEBUG o.springframework.jndi.JndiTemplate - Looking up JNDI object with name [carmin.platform.description]
14:50:39.356 [main] DEBUG jndi - InitialContextFactory.getInitialContext()
14:50:39.356 [main] DEBUG jndi - Created initial context delegate for local namespace:org.eclipse.jetty.jndi.local.localContextRoot@32ae2974
14:50:39.356 [main] DEBUG jndi - Looking up name="carmin.platform.description"
14:50:39.356 [main] DEBUG o.s.jndi.JndiPropertySource - JNDI lookup for name [carmin.platform.description] threw NamingException with message: null. Returning null.
14:50:39.356 [main] DEBUG o.s.c.e.PropertySourcesPropertyResolver - Found key 'carmin.platform.description' in PropertySource 'file [/home/marza/Documents/VIP-portal/vip-portal/target/test-classes/vip-api.conf]' with value of type String
14:50:39.356 [main] DEBUG o.springframework.jndi.JndiTemplate - Looking up JNDI object with name [java:comp/env/carmin.platform.email]
14:50:39.356 [main] DEBUG jndi - InitialContextFactory.getInitialContext()
14:50:39.356 [main] DEBUG jndi - Created initial context delegate for local namespace:org.eclipse.jetty.jndi.local.localContextRoot@54528790
14:50:39.356 [main] DEBUG o.e.j.j.java.javaURLContextFactory - >>> new root context requested 
14:50:39.356 [main] DEBUG jndi - Looking up name="comp/env/carmin.platform.email"
14:50:39.356 [main] DEBUG jndi - Trying thread context classloader
14:50:39.357 [main] DEBUG jndi - Looking up name="env/carmin.platform.email"
14:50:39.357 [main] DEBUG o.s.jndi.JndiLocatorDelegate - Converted JNDI name [java:comp/env/carmin.platform.email] not found - trying original name [carmin.platform.email]. javax.naming.NameNotFoundException; remaining name 'env/carmin.platform.email'
14:50:39.357 [main] DEBUG o.springframework.jndi.JndiTemplate - Looking up JNDI object with name [carmin.platform.email]
14:50:39.357 [main] DEBUG jndi - InitialContextFactory.getInitialContext()
14:50:39.357 [main] DEBUG jndi - Created initial context delegate for local namespace:org.eclipse.jetty.jndi.local.localContextRoot@4acafe2e
14:50:39.357 [main] DEBUG jndi - Looking up name="carmin.platform.email"
14:50:39.357 [main] DEBUG o.s.jndi.JndiPropertySource - JNDI lookup for name [carmin.platform.email] threw NamingException with message: null. Returning null.
14:50:39.357 [main] DEBUG o.s.c.e.PropertySourcesPropertyResolver - Found key 'carmin.platform.email' in PropertySource 'file [/home/marza/Documents/VIP-portal/vip-portal/target/test-classes/vip-api.conf]' with value of type String
14:50:39.357 [main] DEBUG o.springframework.jndi.JndiTemplate - Looking up JNDI object with name [java:comp/env/carmin.platform.default_limit_list_execution]
14:50:39.357 [main] DEBUG jndi - InitialContextFactory.getInitialContext()
14:50:39.357 [main] DEBUG jndi - Created initial context delegate for local namespace:org.eclipse.jetty.jndi.local.localContextRoot@46232072
14:50:39.357 [main] DEBUG o.e.j.j.java.javaURLContextFactory - >>> new root context requested 
14:50:39.358 [main] DEBUG jndi - Looking up name="comp/env/carmin.platform.default_limit_list_execution"
14:50:39.358 [main] DEBUG jndi - Trying thread context classloader
14:50:39.358 [main] DEBUG jndi - Looking up name="env/carmin.platform.default_limit_list_execution"
14:50:39.358 [main] DEBUG o.s.jndi.JndiLocatorDelegate - Converted JNDI name [java:comp/env/carmin.platform.default_limit_list_execution] not found - trying original name [carmin.platform.default_limit_list_execution]. javax.naming.NameNotFoundException; remaining name 'env/carmin.platform.default_limit_list_execution'
14:50:39.358 [main] DEBUG o.springframework.jndi.JndiTemplate - Looking up JNDI object with name [carmin.platform.default_limit_list_execution]
14:50:39.358 [main] DEBUG jndi - InitialContextFactory.getInitialContext()
14:50:39.358 [main] DEBUG jndi - Created initial context delegate for local namespace:org.eclipse.jetty.jndi.local.localContextRoot@585444b
14:50:39.358 [main] DEBUG jndi - Looking up name="carmin.platform.default_limit_list_execution"
14:50:39.358 [main] DEBUG o.s.jndi.JndiPropertySource - JNDI lookup for name [carmin.platform.default_limit_list_execution] threw NamingException with message: null. Returning null.
14:50:39.358 [main] DEBUG o.s.c.e.PropertySourcesPropertyResolver - Found key 'carmin.platform.default_limit_list_execution' in PropertySource 'file [/home/marza/Documents/VIP-portal/vip-portal/target/test-classes/vip-api.conf]' with value of type String
14:50:39.362 [main] DEBUG o.springframework.jndi.JndiTemplate - Looking up JNDI object with name [java:comp/env/carmin.platform.supported_API_Version]
14:50:39.362 [main] DEBUG jndi - InitialContextFactory.getInitialContext()
14:50:39.362 [main] DEBUG jndi - Created initial context delegate for local namespace:org.eclipse.jetty.jndi.local.localContextRoot@1d57e7e5
14:50:39.363 [main] DEBUG o.e.j.j.java.javaURLContextFactory - >>> new root context requested 
14:50:39.363 [main] DEBUG jndi - Looking up name="comp/env/carmin.platform.supported_API_Version"
14:50:39.363 [main] DEBUG jndi - Trying thread context classloader
14:50:39.363 [main] DEBUG jndi - Looking up name="env/carmin.platform.supported_API_Version"
14:50:39.363 [main] DEBUG o.s.jndi.JndiLocatorDelegate - Converted JNDI name [java:comp/env/carmin.platform.supported_API_Version] not found - trying original name [carmin.platform.supported_API_Version]. javax.naming.NameNotFoundException; remaining name 'env/carmin.platform.supported_API_Version'
14:50:39.363 [main] DEBUG o.springframework.jndi.JndiTemplate - Looking up JNDI object with name [carmin.platform.supported_API_Version]
14:50:39.363 [main] DEBUG jndi - InitialContextFactory.getInitialContext()
14:50:39.363 [main] DEBUG jndi - Created initial context delegate for local namespace:org.eclipse.jetty.jndi.local.localContextRoot@390857bb
14:50:39.363 [main] DEBUG jndi - Looking up name="carmin.platform.supported_API_Version"
14:50:39.363 [main] DEBUG o.s.jndi.JndiPropertySource - JNDI lookup for name [carmin.platform.supported_API_Version] threw NamingException with message: null. Returning null.
14:50:39.363 [main] DEBUG o.s.c.e.PropertySourcesPropertyResolver - Found key 'carmin.platform.supported_API_Version' in PropertySource 'file [/home/marza/Documents/VIP-portal/vip-portal/target/test-classes/vip-api.conf]' with value of type String
14:50:39.363 [main] DEBUG o.springframework.jndi.JndiTemplate - Looking up JNDI object with name [java:comp/env/carmin.authentication.apikey.header.name]
14:50:39.363 [main] DEBUG jndi - InitialContextFactory.getInitialContext()
14:50:39.363 [main] DEBUG jndi - Created initial context delegate for local namespace:org.eclipse.jetty.jndi.local.localContextRoot@592263a8
14:50:39.363 [main] DEBUG o.e.j.j.java.javaURLContextFactory - >>> new root context requested 
14:50:39.364 [main] DEBUG jndi - Looking up name="comp/env/carmin.authentication.apikey.header.name"
14:50:39.364 [main] DEBUG jndi - Trying thread context classloader
14:50:39.364 [main] DEBUG jndi - Looking up name="env/carmin.authentication.apikey.header.name"
14:50:39.364 [main] DEBUG o.s.jndi.JndiLocatorDelegate - Converted JNDI name [java:comp/env/carmin.authentication.apikey.header.name] not found - trying original name [carmin.authentication.apikey.header.name]. javax.naming.NameNotFoundException; remaining name 'env/carmin.authentication.apikey.header.name'
14:50:39.364 [main] DEBUG o.springframework.jndi.JndiTemplate - Looking up JNDI object with name [carmin.authentication.apikey.header.name]
14:50:39.364 [main] DEBUG jndi - InitialContextFactory.getInitialContext()
14:50:39.364 [main] DEBUG jndi - Created initial context delegate for local namespace:org.eclipse.jetty.jndi.local.localContextRoot@22f15a2e
14:50:39.364 [main] DEBUG jndi - Looking up name="carmin.authentication.apikey.header.name"
14:50:39.364 [main] DEBUG o.s.jndi.JndiPropertySource - JNDI lookup for name [carmin.authentication.apikey.header.name] threw NamingException with message: null. Returning null.
14:50:39.364 [main] DEBUG o.s.c.e.PropertySourcesPropertyResolver - Found key 'carmin.authentication.apikey.header.name' in PropertySource 'file [/home/marza/Documents/VIP-portal/vip-portal/target/test-classes/vip-api.conf]' with value of type String
14:50:39.364 [main] DEBUG o.springframework.jndi.JndiTemplate - Looking up JNDI object with name [java:comp/env/carmin.authentication.apikey.generate_new_key_on_each_authentication]
14:50:39.364 [main] DEBUG jndi - InitialContextFactory.getInitialContext()
14:50:39.364 [main] DEBUG jndi - Created initial context delegate for local namespace:org.eclipse.jetty.jndi.local.localContextRoot@3bf95a
14:50:39.364 [main] DEBUG o.e.j.j.java.javaURLContextFactory - >>> new root context requested 
14:50:39.364 [main] DEBUG jndi - Looking up name="comp/env/carmin.authentication.apikey.generate_new_key_on_each_authentication"
14:50:39.364 [main] DEBUG jndi - Trying thread context classloader
14:50:39.364 [main] DEBUG jndi - Looking up name="env/carmin.authentication.apikey.generate_new_key_on_each_authentication"
14:50:39.365 [main] DEBUG o.s.jndi.JndiLocatorDelegate - Converted JNDI name [java:comp/env/carmin.authentication.apikey.generate_new_key_on_each_authentication] not found - trying original name [carmin.authentication.apikey.generate_new_key_on_each_authentication]. javax.naming.NameNotFoundException; remaining name 'env/carmin.authentication.apikey.generate_new_key_on_each_authentication'
14:50:39.365 [main] DEBUG o.springframework.jndi.JndiTemplate - Looking up JNDI object with name [carmin.authentication.apikey.generate_new_key_on_each_authentication]
14:50:39.365 [main] DEBUG jndi - InitialContextFactory.getInitialContext()
14:50:39.365 [main] DEBUG jndi - Created initial context delegate for local namespace:org.eclipse.jetty.jndi.local.localContextRoot@7b75d369
14:50:39.365 [main] DEBUG jndi - Looking up name="carmin.authentication.apikey.generate_new_key_on_each_authentication"
14:50:39.365 [main] DEBUG o.s.jndi.JndiPropertySource - JNDI lookup for name [carmin.authentication.apikey.generate_new_key_on_each_authentication] threw NamingException with message: null. Returning null.
14:50:39.365 [main] DEBUG o.s.c.e.PropertySourcesPropertyResolver - Found key 'carmin.authentication.apikey.generate_new_key_on_each_authentication' in PropertySource 'file [/home/marza/Documents/VIP-portal/vip-portal/target/test-classes/vip-api.conf]' with value of type String
14:50:39.365 [main] DEBUG o.springframework.jndi.JndiTemplate - Looking up JNDI object with name [java:comp/env/carmin.data.mime_type.directory]
14:50:39.365 [main] DEBUG jndi - InitialContextFactory.getInitialContext()
14:50:39.365 [main] DEBUG jndi - Created initial context delegate for local namespace:org.eclipse.jetty.jndi.local.localContextRoot@3100c08c
14:50:39.365 [main] DEBUG o.e.j.j.java.javaURLContextFactory - >>> new root context requested 
14:50:39.365 [main] DEBUG jndi - Looking up name="comp/env/carmin.data.mime_type.directory"
14:50:39.366 [main] DEBUG jndi - Trying thread context classloader
14:50:39.366 [main] DEBUG jndi - Looking up name="env/carmin.data.mime_type.directory"
14:50:39.366 [main] DEBUG o.s.jndi.JndiLocatorDelegate - Converted JNDI name [java:comp/env/carmin.data.mime_type.directory] not found - trying original name [carmin.data.mime_type.directory]. javax.naming.NameNotFoundException; remaining name 'env/carmin.data.mime_type.directory'
14:50:39.366 [main] DEBUG o.springframework.jndi.JndiTemplate - Looking up JNDI object with name [carmin.data.mime_type.directory]
14:50:39.366 [main] DEBUG jndi - InitialContextFactory.getInitialContext()
14:50:39.366 [main] DEBUG jndi - Created initial context delegate for local namespace:org.eclipse.jetty.jndi.local.localContextRoot@1988cca8
14:50:39.366 [main] DEBUG jndi - Looking up name="carmin.data.mime_type.directory"
14:50:39.366 [main] DEBUG o.s.jndi.JndiPropertySource - JNDI lookup for name [carmin.data.mime_type.directory] threw NamingException with message: null. Returning null.
14:50:39.366 [main] DEBUG o.s.c.e.PropertySourcesPropertyResolver - Found key 'carmin.data.mime_type.directory' in PropertySource 'file [/home/marza/Documents/VIP-portal/vip-portal/target/test-classes/vip-api.conf]' with value of type String
14:50:39.366 [main] DEBUG o.springframework.jndi.JndiTemplate - Looking up JNDI object with name [java:comp/env/carmin.data.mime_type.default]
14:50:39.366 [main] DEBUG jndi - InitialContextFactory.getInitialContext()
14:50:39.366 [main] DEBUG jndi - Created initial context delegate for local namespace:org.eclipse.jetty.jndi.local.localContextRoot@462607ea
14:50:39.366 [main] DEBUG o.e.j.j.java.javaURLContextFactory - >>> new root context requested 
14:50:39.366 [main] DEBUG jndi - Looking up name="comp/env/carmin.data.mime_type.default"
14:50:39.366 [main] DEBUG jndi - Trying thread context classloader
14:50:39.366 [main] DEBUG jndi - Looking up name="env/carmin.data.mime_type.default"
14:50:39.366 [main] DEBUG o.s.jndi.JndiLocatorDelegate - Converted JNDI name [java:comp/env/carmin.data.mime_type.default] not found - trying original name [carmin.data.mime_type.default]. javax.naming.NameNotFoundException; remaining name 'env/carmin.data.mime_type.default'
14:50:39.366 [main] DEBUG o.springframework.jndi.JndiTemplate - Looking up JNDI object with name [carmin.data.mime_type.default]
14:50:39.367 [main] DEBUG jndi - InitialContextFactory.getInitialContext()
14:50:39.367 [main] DEBUG jndi - Created initial context delegate for local namespace:org.eclipse.jetty.jndi.local.localContextRoot@131d6adc
14:50:39.367 [main] DEBUG jndi - Looking up name="carmin.data.mime_type.default"
14:50:39.367 [main] DEBUG o.s.jndi.JndiPropertySource - JNDI lookup for name [carmin.data.mime_type.default] threw NamingException with message: null. Returning null.
14:50:39.367 [main] DEBUG o.s.c.e.PropertySourcesPropertyResolver - Found key 'carmin.data.mime_type.default' in PropertySource 'file [/home/marza/Documents/VIP-portal/vip-portal/target/test-classes/vip-api.conf]' with value of type String
14:50:39.367 [main] DEBUG o.springframework.jndi.JndiTemplate - Looking up JNDI object with name [java:comp/env/carmin.data.download.retry]
14:50:39.367 [main] DEBUG jndi - InitialContextFactory.getInitialContext()
14:50:39.367 [main] DEBUG jndi - Created initial context delegate for local namespace:org.eclipse.jetty.jndi.local.localContextRoot@242ecc93
14:50:39.367 [main] DEBUG o.e.j.j.java.javaURLContextFactory - >>> new root context requested 
14:50:39.367 [main] DEBUG jndi - Looking up name="comp/env/carmin.data.download.retry"
14:50:39.367 [main] DEBUG jndi - Trying thread context classloader
14:50:39.367 [main] DEBUG jndi - Looking up name="env/carmin.data.download.retry"
14:50:39.367 [main] DEBUG o.s.jndi.JndiLocatorDelegate - Converted JNDI name [java:comp/env/carmin.data.download.retry] not found - trying original name [carmin.data.download.retry]. javax.naming.NameNotFoundException; remaining name 'env/carmin.data.download.retry'
14:50:39.367 [main] DEBUG o.springframework.jndi.JndiTemplate - Looking up JNDI object with name [carmin.data.download.retry]
14:50:39.367 [main] DEBUG jndi - InitialContextFactory.getInitialContext()
14:50:39.367 [main] DEBUG jndi - Created initial context delegate for local namespace:org.eclipse.jetty.jndi.local.localContextRoot@7b1ca932
14:50:39.367 [main] DEBUG jndi - Looking up name="carmin.data.download.retry"
14:50:39.367 [main] DEBUG o.s.jndi.JndiPropertySource - JNDI lookup for name [carmin.data.download.retry] threw NamingException with message: null. Returning null.
14:50:39.368 [main] DEBUG o.s.c.e.PropertySourcesPropertyResolver - Found key 'carmin.data.download.retry' in PropertySource 'file [/home/marza/Documents/VIP-portal/vip-portal/target/test-classes/vip-api.conf]' with value of type String
14:50:39.368 [main] DEBUG o.springframework.jndi.JndiTemplate - Looking up JNDI object with name [java:comp/env/carmin.data.download.timeout]
14:50:39.368 [main] DEBUG jndi - InitialContextFactory.getInitialContext()
14:50:39.368 [main] DEBUG jndi - Created initial context delegate for local namespace:org.eclipse.jetty.jndi.local.localContextRoot@df3f8ec
14:50:39.368 [main] DEBUG o.e.j.j.java.javaURLContextFactory - >>> new root context requested 
14:50:39.368 [main] DEBUG jndi - Looking up name="comp/env/carmin.data.download.timeout"
14:50:39.368 [main] DEBUG jndi - Trying thread context classloader
14:50:39.368 [main] DEBUG jndi - Looking up name="env/carmin.data.download.timeout"
14:50:39.368 [main] DEBUG o.s.jndi.JndiLocatorDelegate - Converted JNDI name [java:comp/env/carmin.data.download.timeout] not found - trying original name [carmin.data.download.timeout]. javax.naming.NameNotFoundException; remaining name 'env/carmin.data.download.timeout'
14:50:39.368 [main] DEBUG o.springframework.jndi.JndiTemplate - Looking up JNDI object with name [carmin.data.download.timeout]
14:50:39.368 [main] DEBUG jndi - InitialContextFactory.getInitialContext()
14:50:39.368 [main] DEBUG jndi - Created initial context delegate for local namespace:org.eclipse.jetty.jndi.local.localContextRoot@75403804
14:50:39.368 [main] DEBUG jndi - Looking up name="carmin.data.download.timeout"
14:50:39.368 [main] DEBUG o.s.jndi.JndiPropertySource - JNDI lookup for name [carmin.data.download.timeout] threw NamingException with message: null. Returning null.
14:50:39.368 [main] DEBUG o.s.c.e.PropertySourcesPropertyResolver - Found key 'carmin.data.download.timeout' in PropertySource 'file [/home/marza/Documents/VIP-portal/vip-portal/target/test-classes/vip-api.conf]' with value of type String
14:50:39.368 [main] DEBUG o.springframework.jndi.JndiTemplate - Looking up JNDI object with name [java:comp/env/carmin.data.max_size]
14:50:39.368 [main] DEBUG jndi - InitialContextFactory.getInitialContext()
14:50:39.369 [main] DEBUG jndi - Created initial context delegate for local namespace:org.eclipse.jetty.jndi.local.localContextRoot@2758386b
14:50:39.369 [main] DEBUG o.e.j.j.java.javaURLContextFactory - >>> new root context requested 
14:50:39.369 [main] DEBUG jndi - Looking up name="comp/env/carmin.data.max_size"
14:50:39.369 [main] DEBUG jndi - Trying thread context classloader
14:50:39.369 [main] DEBUG jndi - Looking up name="env/carmin.data.max_size"
14:50:39.369 [main] DEBUG o.s.jndi.JndiLocatorDelegate - Converted JNDI name [java:comp/env/carmin.data.max_size] not found - trying original name [carmin.data.max_size]. javax.naming.NameNotFoundException; remaining name 'env/carmin.data.max_size'
14:50:39.369 [main] DEBUG o.springframework.jndi.JndiTemplate - Looking up JNDI object with name [carmin.data.max_size]
14:50:39.369 [main] DEBUG jndi - InitialContextFactory.getInitialContext()
14:50:39.369 [main] DEBUG jndi - Created initial context delegate for local namespace:org.eclipse.jetty.jndi.local.localContextRoot@3913408b
14:50:39.369 [main] DEBUG jndi - Looking up name="carmin.data.max_size"
14:50:39.369 [main] DEBUG o.s.jndi.JndiPropertySource - JNDI lookup for name [carmin.data.max_size] threw NamingException with message: null. Returning null.
14:50:39.369 [main] DEBUG o.s.c.e.PropertySourcesPropertyResolver - Found key 'carmin.data.max_size' in PropertySource 'file [/home/marza/Documents/VIP-portal/vip-portal/target/test-classes/vip-api.conf]' with value of type String
14:50:39.369 [main] DEBUG o.springframework.jndi.JndiTemplate - Looking up JNDI object with name [java:comp/env/keycloak.active]
14:50:39.369 [main] DEBUG jndi - InitialContextFactory.getInitialContext()
14:50:39.369 [main] DEBUG jndi - Created initial context delegate for local namespace:org.eclipse.jetty.jndi.local.localContextRoot@2bb5fbdd
14:50:39.369 [main] DEBUG o.e.j.j.java.javaURLContextFactory - >>> new root context requested 
14:50:39.369 [main] DEBUG jndi - Looking up name="comp/env/keycloak.active"
14:50:39.369 [main] DEBUG jndi - Trying thread context classloader
14:50:39.370 [main] DEBUG jndi - Looking up name="env/keycloak.active"
14:50:39.370 [main] DEBUG o.s.jndi.JndiLocatorDelegate - Converted JNDI name [java:comp/env/keycloak.active] not found - trying original name [keycloak.active]. javax.naming.NameNotFoundException; remaining name 'env/keycloak.active'
14:50:39.370 [main] DEBUG o.springframework.jndi.JndiTemplate - Looking up JNDI object with name [keycloak.active]
14:50:39.370 [main] DEBUG jndi - InitialContextFactory.getInitialContext()
14:50:39.370 [main] DEBUG jndi - Created initial context delegate for local namespace:org.eclipse.jetty.jndi.local.localContextRoot@5fc166b7
14:50:39.370 [main] DEBUG jndi - Looking up name="keycloak.active"
14:50:39.370 [main] DEBUG o.s.jndi.JndiPropertySource - JNDI lookup for name [keycloak.active] threw NamingException with message: null. Returning null.
14:50:39.370 [main] DEBUG o.s.c.e.PropertySourcesPropertyResolver - Found key 'keycloak.active' in PropertySource 'file [/home/marza/Documents/VIP-portal/vip-portal/target/test-classes/vip-api.conf]' with value of type String
14:50:39.370 [main] INFO  f.i.c.v.api.ApiPropertiesInitializer - Keycloak NOT active
14:50:39.371 [main] DEBUG o.springframework.jndi.JndiTemplate - Looking up JNDI object with name [java:comp/env/carmin.platform.supported_transfer_protocols]
14:50:39.371 [main] DEBUG jndi - InitialContextFactory.getInitialContext()
14:50:39.371 [main] DEBUG jndi - Created initial context delegate for local namespace:org.eclipse.jetty.jndi.local.localContextRoot@4d65dae3
14:50:39.371 [main] DEBUG o.e.j.j.java.javaURLContextFactory - >>> new root context requested 
14:50:39.371 [main] DEBUG jndi - Looking up name="comp/env/carmin.platform.supported_transfer_protocols"
14:50:39.371 [main] DEBUG jndi - Trying thread context classloader
14:50:39.371 [main] DEBUG jndi - Looking up name="env/carmin.platform.supported_transfer_protocols"
14:50:39.371 [main] DEBUG o.s.jndi.JndiLocatorDelegate - Converted JNDI name [java:comp/env/carmin.platform.supported_transfer_protocols] not found - trying original name [carmin.platform.supported_transfer_protocols]. javax.naming.NameNotFoundException; remaining name 'env/carmin.platform.supported_transfer_protocols'
14:50:39.371 [main] DEBUG o.springframework.jndi.JndiTemplate - Looking up JNDI object with name [carmin.platform.supported_transfer_protocols]
14:50:39.371 [main] DEBUG jndi - InitialContextFactory.getInitialContext()
14:50:39.371 [main] DEBUG jndi - Created initial context delegate for local namespace:org.eclipse.jetty.jndi.local.localContextRoot@63a22cf1
14:50:39.371 [main] DEBUG jndi - Looking up name="carmin.platform.supported_transfer_protocols"
14:50:39.371 [main] DEBUG o.s.jndi.JndiPropertySource - JNDI lookup for name [carmin.platform.supported_transfer_protocols] threw NamingException with message: null. Returning null.
14:50:39.371 [main] DEBUG o.s.c.e.PropertySourcesPropertyResolver - Found key 'carmin.platform.supported_transfer_protocols' in PropertySource 'file [/home/marza/Documents/VIP-portal/vip-portal/target/test-classes/vip-api.conf]' with value of type String
14:50:39.374 [main] DEBUG o.springframework.jndi.JndiTemplate - Looking up JNDI object with name [java:comp/env/carmin.platform.supported_modules]
14:50:39.374 [main] DEBUG jndi - InitialContextFactory.getInitialContext()
14:50:39.374 [main] DEBUG jndi - Created initial context delegate for local namespace:org.eclipse.jetty.jndi.local.localContextRoot@54d38a4f
14:50:39.374 [main] DEBUG o.e.j.j.java.javaURLContextFactory - >>> new root context requested 
14:50:39.374 [main] DEBUG jndi - Looking up name="comp/env/carmin.platform.supported_modules"
14:50:39.374 [main] DEBUG jndi - Trying thread context classloader
14:50:39.374 [main] DEBUG jndi - Looking up name="env/carmin.platform.supported_modules"
14:50:39.374 [main] DEBUG o.s.jndi.JndiLocatorDelegate - Converted JNDI name [java:comp/env/carmin.platform.supported_modules] not found - trying original name [carmin.platform.supported_modules]. javax.naming.NameNotFoundException; remaining name 'env/carmin.platform.supported_modules'
14:50:39.374 [main] DEBUG o.springframework.jndi.JndiTemplate - Looking up JNDI object with name [carmin.platform.supported_modules]
14:50:39.374 [main] DEBUG jndi - InitialContextFactory.getInitialContext()
14:50:39.375 [main] DEBUG jndi - Created initial context delegate for local namespace:org.eclipse.jetty.jndi.local.localContextRoot@22b45d16
14:50:39.375 [main] DEBUG jndi - Looking up name="carmin.platform.supported_modules"
14:50:39.375 [main] DEBUG o.s.jndi.JndiPropertySource - JNDI lookup for name [carmin.platform.supported_modules] threw NamingException with message: null. Returning null.
14:50:39.375 [main] DEBUG o.s.c.e.PropertySourcesPropertyResolver - Found key 'carmin.platform.supported_modules' in PropertySource 'file [/home/marza/Documents/VIP-portal/vip-portal/target/test-classes/vip-api.conf]' with value of type String
14:50:39.375 [main] DEBUG o.springframework.jndi.JndiTemplate - Looking up JNDI object with name [java:comp/env/carmin.platform.unsupported_methods]
14:50:39.375 [main] DEBUG jndi - InitialContextFactory.getInitialContext()
14:50:39.375 [main] DEBUG jndi - Created initial context delegate for local namespace:org.eclipse.jetty.jndi.local.localContextRoot@5c4b030c
14:50:39.375 [main] DEBUG o.e.j.j.java.javaURLContextFactory - >>> new root context requested 
14:50:39.375 [main] DEBUG jndi - Looking up name="comp/env/carmin.platform.unsupported_methods"
14:50:39.375 [main] DEBUG jndi - Trying thread context classloader
14:50:39.375 [main] DEBUG jndi - Looking up name="env/carmin.platform.unsupported_methods"
14:50:39.376 [main] DEBUG o.s.jndi.JndiLocatorDelegate - Converted JNDI name [java:comp/env/carmin.platform.unsupported_methods] not found - trying original name [carmin.platform.unsupported_methods]. javax.naming.NameNotFoundException; remaining name 'env/carmin.platform.unsupported_methods'
14:50:39.376 [main] DEBUG o.springframework.jndi.JndiTemplate - Looking up JNDI object with name [carmin.platform.unsupported_methods]
14:50:39.376 [main] DEBUG jndi - InitialContextFactory.getInitialContext()
14:50:39.376 [main] DEBUG jndi - Created initial context delegate for local namespace:org.eclipse.jetty.jndi.local.localContextRoot@5c17a97e
14:50:39.376 [main] DEBUG jndi - Looking up name="carmin.platform.unsupported_methods"
14:50:39.376 [main] DEBUG o.s.jndi.JndiPropertySource - JNDI lookup for name [carmin.platform.unsupported_methods] threw NamingException with message: null. Returning null.
14:50:39.376 [main] DEBUG o.s.c.e.PropertySourcesPropertyResolver - Found key 'carmin.platform.unsupported_methods' in PropertySource 'file [/home/marza/Documents/VIP-portal/vip-portal/target/test-classes/vip-api.conf]' with value of type String
14:50:39.376 [main] DEBUG o.springframework.jndi.JndiTemplate - Looking up JNDI object with name [java:comp/env/carmin.processing.pipelines.whitelist]
14:50:39.376 [main] DEBUG jndi - InitialContextFactory.getInitialContext()
14:50:39.376 [main] DEBUG jndi - Created initial context delegate for local namespace:org.eclipse.jetty.jndi.local.localContextRoot@5fbe4ad3
14:50:39.376 [main] DEBUG o.e.j.j.java.javaURLContextFactory - >>> new root context requested 
14:50:39.376 [main] DEBUG jndi - Looking up name="comp/env/carmin.processing.pipelines.whitelist"
14:50:39.376 [main] DEBUG jndi - Trying thread context classloader
14:50:39.376 [main] DEBUG jndi - Looking up name="env/carmin.processing.pipelines.whitelist"
14:50:39.376 [main] DEBUG o.s.jndi.JndiLocatorDelegate - Converted JNDI name [java:comp/env/carmin.processing.pipelines.whitelist] not found - trying original name [carmin.processing.pipelines.whitelist]. javax.naming.NameNotFoundException; remaining name 'env/carmin.processing.pipelines.whitelist'
14:50:39.376 [main] DEBUG o.springframework.jndi.JndiTemplate - Looking up JNDI object with name [carmin.processing.pipelines.whitelist]
14:50:39.376 [main] DEBUG jndi - InitialContextFactory.getInitialContext()
14:50:39.377 [main] DEBUG jndi - Created initial context delegate for local namespace:org.eclipse.jetty.jndi.local.localContextRoot@5fc2520c
14:50:39.377 [main] DEBUG jndi - Looking up name="carmin.processing.pipelines.whitelist"
14:50:39.377 [main] DEBUG o.s.jndi.JndiPropertySource - JNDI lookup for name [carmin.processing.pipelines.whitelist] threw NamingException with message: null. Returning null.
14:50:39.377 [main] DEBUG o.s.c.e.PropertySourcesPropertyResolver - Found key 'carmin.processing.pipelines.whitelist' in PropertySource 'file [/home/marza/Documents/VIP-portal/vip-portal/target/test-classes/vip-api.conf]' with value of type String
14:50:39.377 [main] DEBUG o.s.b.f.s.DefaultListableBeanFactory - Creating shared instance of singleton bean 'dataApiBusiness'
14:50:39.383 [main] DEBUG o.s.b.f.s.DefaultListableBeanFactory - Creating shared instance of singleton bean 'apiSecurityConfig.CurrentUserProvider'
14:50:39.386 [main] DEBUG o.s.b.f.s.DefaultListableBeanFactory - Autowiring by type from bean name 'dataApiBusiness' via constructor to bean named 'environment'
14:50:39.386 [main] DEBUG o.s.b.f.s.DefaultListableBeanFactory - Autowiring by type from bean name 'dataApiBusiness' via constructor to bean named 'apiSecurityConfig.CurrentUserProvider'
14:50:39.386 [main] DEBUG o.s.b.f.s.DefaultListableBeanFactory - Autowiring by type from bean name 'dataApiBusiness' via constructor to bean named 'LFCBusiness'
14:50:39.386 [main] DEBUG o.s.b.f.s.DefaultListableBeanFactory - Autowiring by type from bean name 'dataApiBusiness' via constructor to bean named 'transferPoolBusiness'
14:50:39.386 [main] DEBUG o.s.b.f.s.DefaultListableBeanFactory - Autowiring by type from bean name 'dataApiBusiness' via constructor to bean named 'LFCPermissionBusiness'
14:50:39.386 [main] DEBUG o.s.b.f.s.DefaultListableBeanFactory - Autowiring by type from bean name 'dataApiBusiness' via constructor to bean named 'dataManagerBusiness'
14:50:39.387 [main] DEBUG o.s.b.f.s.DefaultListableBeanFactory - Creating shared instance of singleton bean 'vipConfigurer'
14:50:39.389 [main] DEBUG o.s.b.f.s.DefaultListableBeanFactory - Autowiring by type from bean name 'vipConfigurer' via constructor to bean named 'configurationBusiness'
14:50:39.390 [main] DEBUG o.s.b.f.s.DefaultListableBeanFactory - Creating shared instance of singleton bean 'executionBusiness'
14:50:39.396 [main] DEBUG o.s.b.f.s.DefaultListableBeanFactory - Creating shared instance of singleton bean 'pipelineBusiness'
14:50:39.398 [main] DEBUG o.s.b.f.s.DefaultListableBeanFactory - Autowiring by type from bean name 'pipelineBusiness' via constructor to bean named 'apiSecurityConfig.CurrentUserProvider'
14:50:39.399 [main] DEBUG o.s.b.f.s.DefaultListableBeanFactory - Autowiring by type from bean name 'pipelineBusiness' via constructor to bean named 'environment'
14:50:39.399 [main] DEBUG o.s.b.f.s.DefaultListableBeanFactory - Autowiring by type from bean name 'pipelineBusiness' via constructor to bean named 'workflowBusiness'
14:50:39.399 [main] DEBUG o.s.b.f.s.DefaultListableBeanFactory - Autowiring by type from bean name 'pipelineBusiness' via constructor to bean named 'applicationBusiness'
14:50:39.399 [main] DEBUG o.s.b.f.s.DefaultListableBeanFactory - Autowiring by type from bean name 'pipelineBusiness' via constructor to bean named 'publicationBusiness'
14:50:39.399 [main] DEBUG o.s.b.f.s.DefaultListableBeanFactory - Autowiring by type from bean name 'pipelineBusiness' via constructor to bean named 'classBusiness'
14:50:39.400 [main] DEBUG o.s.b.f.s.DefaultListableBeanFactory - Autowiring by type from bean name 'executionBusiness' via constructor to bean named 'apiSecurityConfig.CurrentUserProvider'
14:50:39.400 [main] DEBUG o.s.b.f.s.DefaultListableBeanFactory - Autowiring by type from bean name 'executionBusiness' via constructor to bean named 'simulationBusiness'
14:50:39.400 [main] DEBUG o.s.b.f.s.DefaultListableBeanFactory - Autowiring by type from bean name 'executionBusiness' via constructor to bean named 'workflowBusiness'
14:50:39.400 [main] DEBUG o.s.b.f.s.DefaultListableBeanFactory - Autowiring by type from bean name 'executionBusiness' via constructor to bean named 'configurationBusiness'
14:50:39.400 [main] DEBUG o.s.b.f.s.DefaultListableBeanFactory - Autowiring by type from bean name 'executionBusiness' via constructor to bean named 'applicationBusiness'
14:50:39.400 [main] DEBUG o.s.b.f.s.DefaultListableBeanFactory - Autowiring by type from bean name 'executionBusiness' via constructor to bean named 'pipelineBusiness'
14:50:39.400 [main] DEBUG o.s.b.f.s.DefaultListableBeanFactory - Autowiring by type from bean name 'executionBusiness' via constructor to bean named 'dataApiBusiness'
14:50:39.400 [main] DEBUG o.s.b.f.s.DefaultListableBeanFactory - Creating shared instance of singleton bean 'keycloakBusiness'
14:50:39.404 [main] DEBUG o.s.b.f.s.DefaultListableBeanFactory - Autowiring by type from bean name 'keycloakBusiness' via constructor to bean named 'environment'
14:50:39.405 [main] DEBUG o.s.b.f.s.DefaultListableBeanFactory - Creating shared instance of singleton bean 'apiUserBusiness'
14:50:39.406 [main] DEBUG o.s.b.f.s.DefaultListableBeanFactory - Autowiring by type from bean name 'apiUserBusiness' via constructor to bean named 'environment'
14:50:39.406 [main] DEBUG o.s.b.f.s.DefaultListableBeanFactory - Autowiring by type from bean name 'apiUserBusiness' via constructor to bean named 'configurationBusiness'
14:50:39.406 [main] DEBUG o.s.b.f.s.DefaultListableBeanFactory - Autowiring by type from bean name 'apiUserBusiness' via constructor to bean named 'applicationBusiness'
14:50:39.407 [main] DEBUG o.s.b.f.s.DefaultListableBeanFactory - Creating shared instance of singleton bean 'apiBusiness'
14:50:39.408 [main] DEBUG o.s.b.f.s.DefaultListableBeanFactory - Autowiring by type from bean name 'apiBusiness' via constructor to bean named 'environment'
14:50:39.408 [main] DEBUG o.s.b.f.s.DefaultListableBeanFactory - Autowiring by type from bean name 'apiBusiness' via constructor to bean named 'configurationBusiness'
14:50:39.409 [main] DEBUG o.s.b.f.s.DefaultListableBeanFactory - Creating shared instance of singleton bean 'statsApiBusiness'
14:50:39.411 [main] DEBUG o.s.b.f.s.DefaultListableBeanFactory - Autowiring by type from bean name 'statsApiBusiness' via constructor to bean named 'statsBusiness'
14:50:39.412 [main] DEBUG o.s.b.f.s.DefaultListableBeanFactory - Creating shared instance of singleton bean 'apiSecurityConfig'
14:50:39.413 [main] DEBUG o.s.c.LocalVariableTableParameterNameDiscoverer - Cannot find '.class' file for class [class fr.insalyon.creatis.vip.api.security.ApiSecurityConfig$$EnhancerBySpringCGLIB$$e9338dc8] - unable to determine constructor/method parameter names
14:50:39.414 [main] DEBUG o.s.b.f.s.DefaultListableBeanFactory - Creating shared instance of singleton bean 'apikeyAuthenticationProvider'
14:50:39.423 [main] DEBUG o.s.b.f.s.DefaultListableBeanFactory - Creating shared instance of singleton bean 'vipAuthenticationEntryPoint'
14:50:39.425 [main] DEBUG o.s.b.f.s.DefaultListableBeanFactory - Creating shared instance of singleton bean 'objectMapper'
14:50:39.425 [main] DEBUG o.s.b.f.s.DefaultListableBeanFactory - Creating shared instance of singleton bean 'springWebConfig'
14:50:39.426 [main] DEBUG o.s.c.LocalVariableTableParameterNameDiscoverer - Cannot find '.class' file for class [class fr.insalyon.creatis.vip.api.SpringWebConfig$$EnhancerBySpringCGLIB$$c0206129] - unable to determine constructor/method parameter names
14:50:39.427 [main] DEBUG o.s.b.f.s.DefaultListableBeanFactory - Autowiring by type from bean name 'springWebConfig' via constructor to bean named 'environment'
14:50:39.427 [main] DEBUG o.s.b.f.s.DefaultListableBeanFactory - Autowiring by type from bean name 'springWebConfig' via constructor to bean named 'vipConfigurer'
14:50:39.878 [main] DEBUG o.s.b.f.s.DefaultListableBeanFactory - Autowiring by type from bean name 'vipAuthenticationEntryPoint' via constructor to bean named 'objectMapper'
14:50:39.880 [main] DEBUG o.s.b.f.s.DefaultListableBeanFactory - Creating shared instance of singleton bean 'vipKeycloakAuthenticationProvider'
14:50:39.882 [main] DEBUG o.s.b.f.s.DefaultListableBeanFactory - Autowiring by type from bean name 'vipKeycloakAuthenticationProvider' via constructor to bean named 'configurationBusiness'
14:50:39.883 [main] DEBUG o.s.b.f.s.DefaultListableBeanFactory - Autowiring by type from bean name 'apiSecurityConfig' via constructor to bean named 'environment'
14:50:39.883 [main] DEBUG o.s.b.f.s.DefaultListableBeanFactory - Autowiring by type from bean name 'apiSecurityConfig' via constructor to bean named 'apikeyAuthenticationProvider'
14:50:39.883 [main] DEBUG o.s.b.f.s.DefaultListableBeanFactory - Autowiring by type from bean name 'apiSecurityConfig' via constructor to bean named 'vipAuthenticationEntryPoint'
14:50:39.883 [main] DEBUG o.s.b.f.s.DefaultListableBeanFactory - Autowiring by type from bean name 'apiSecurityConfig' via constructor to bean named 'vipKeycloakAuthenticationProvider'
14:50:39.903 [main] DEBUG o.s.b.f.s.DefaultListableBeanFactory - Creating shared instance of singleton bean 'objectPostProcessor'
14:50:39.904 [main] DEBUG o.s.b.f.s.DefaultListableBeanFactory - Creating shared instance of singleton bean 'org.springframework.security.config.annotation.configuration.ObjectPostProcessorConfiguration'
14:50:39.905 [main] DEBUG o.s.b.f.s.DefaultListableBeanFactory - Autowiring by type from bean name 'objectPostProcessor' via factory method to bean named 'org.springframework.beans.factory.support.DefaultListableBeanFactory@4a467ada'
14:50:39.916 [main] DEBUG o.s.b.f.s.DefaultListableBeanFactory - Creating shared instance of singleton bean 'org.springframework.security.config.annotation.authentication.configuration.AuthenticationConfiguration'
14:50:39.920 [main] DEBUG o.s.b.f.s.DefaultListableBeanFactory - Creating shared instance of singleton bean 'enableGlobalAuthenticationAutowiredConfigurer'
14:50:39.920 [main] DEBUG o.s.b.f.s.DefaultListableBeanFactory - Autowiring by type from bean name 'enableGlobalAuthenticationAutowiredConfigurer' via factory method to bean named 'org.springframework.web.context.support.GenericWebApplicationContext@213ceb4e'
14:50:39.922 [main] DEBUG o.s.b.f.s.DefaultListableBeanFactory - Creating shared instance of singleton bean 'initializeUserDetailsBeanManagerConfigurer'
14:50:39.922 [main] DEBUG o.s.b.f.s.DefaultListableBeanFactory - Autowiring by type from bean name 'initializeUserDetailsBeanManagerConfigurer' via factory method to bean named 'org.springframework.web.context.support.GenericWebApplicationContext@213ceb4e'
14:50:39.923 [main] DEBUG o.s.b.f.s.DefaultListableBeanFactory - Creating shared instance of singleton bean 'initializeAuthenticationProviderBeanManagerConfigurer'
14:50:39.923 [main] DEBUG o.s.b.f.s.DefaultListableBeanFactory - Autowiring by type from bean name 'initializeAuthenticationProviderBeanManagerConfigurer' via factory method to bean named 'org.springframework.web.context.support.GenericWebApplicationContext@213ceb4e'
14:50:39.931 [main] DEBUG o.s.b.f.s.DefaultListableBeanFactory - Creating shared instance of singleton bean 'mvcContentNegotiationManager'
14:50:39.932 [main] DEBUG o.s.b.f.s.DefaultListableBeanFactory - Creating shared instance of singleton bean 'org.springframework.web.servlet.config.annotation.DelegatingWebMvcConfiguration'
14:50:39.948 [main] DEBUG o.s.b.f.s.DefaultListableBeanFactory - Creating shared instance of singleton bean 'org.springframework.security.config.annotation.web.configuration.WebMvcSecurityConfiguration'
14:50:39.949 [main] DEBUG o.s.b.f.s.DefaultListableBeanFactory - Creating shared instance of singleton bean 'org.springframework.security.config.annotation.web.configuration.OAuth2ClientConfiguration$OAuth2ClientWebMvcSecurityConfiguration'
14:50:39.959 [main] DEBUG o.s.b.f.s.DefaultListableBeanFactory - Creating shared instance of singleton bean 'clientRegistrationRepository'
14:50:39.960 [main] DEBUG o.s.b.f.s.DefaultListableBeanFactory - Creating shared instance of singleton bean 'egiSecurityClientConfig'
14:50:39.961 [main] DEBUG o.s.c.LocalVariableTableParameterNameDiscoverer - Cannot find '.class' file for class [class fr.insalyon.creatis.vip.api.security.egi.EgiSecurityClientConfig$$EnhancerBySpringCGLIB$$61e8b8d9] - unable to determine constructor/method parameter names
14:50:39.961 [main] DEBUG o.s.b.f.s.DefaultListableBeanFactory - Autowiring by type from bean name 'egiSecurityClientConfig' via constructor to bean named 'environment'
14:50:39.971 [main] DEBUG o.springframework.jndi.JndiTemplate - Looking up JNDI object with name [java:comp/env/oidc.egi.client_id]
14:50:39.971 [main] DEBUG jndi - InitialContextFactory.getInitialContext()
14:50:39.971 [main] DEBUG jndi - Created initial context delegate for local namespace:org.eclipse.jetty.jndi.local.localContextRoot@1665f406
14:50:39.971 [main] DEBUG o.e.j.j.java.javaURLContextFactory - >>> new root context requested 
14:50:39.972 [main] DEBUG jndi - Looking up name="comp/env/oidc.egi.client_id"
14:50:39.972 [main] DEBUG jndi - Trying thread context classloader
14:50:39.972 [main] DEBUG jndi - Looking up name="env/oidc.egi.client_id"
14:50:39.972 [main] DEBUG o.s.jndi.JndiLocatorDelegate - Converted JNDI name [java:comp/env/oidc.egi.client_id] not found - trying original name [oidc.egi.client_id]. javax.naming.NameNotFoundException; remaining name 'env/oidc.egi.client_id'
14:50:39.972 [main] DEBUG o.springframework.jndi.JndiTemplate - Looking up JNDI object with name [oidc.egi.client_id]
14:50:39.972 [main] DEBUG jndi - InitialContextFactory.getInitialContext()
14:50:39.972 [main] DEBUG jndi - Created initial context delegate for local namespace:org.eclipse.jetty.jndi.local.localContextRoot@7d427a2f
14:50:39.972 [main] DEBUG jndi - Looking up name="oidc.egi.client_id"
14:50:39.972 [main] DEBUG o.s.jndi.JndiPropertySource - JNDI lookup for name [oidc.egi.client_id] threw NamingException with message: null. Returning null.
14:50:39.972 [main] DEBUG o.s.c.e.PropertySourcesPropertyResolver - Found key 'oidc.egi.client_id' in PropertySource 'file [/home/marza/Documents/VIP-portal/vip-portal/target/test-classes/vip-api.conf]' with value of type String
14:50:39.972 [main] DEBUG o.springframework.jndi.JndiTemplate - Looking up JNDI object with name [java:comp/env/oidc.egi.client_secret]
14:50:39.972 [main] DEBUG jndi - InitialContextFactory.getInitialContext()
14:50:39.972 [main] DEBUG jndi - Created initial context delegate for local namespace:org.eclipse.jetty.jndi.local.localContextRoot@39c09338
14:50:39.972 [main] DEBUG o.e.j.j.java.javaURLContextFactory - >>> new root context requested 
14:50:39.972 [main] DEBUG jndi - Looking up name="comp/env/oidc.egi.client_secret"
14:50:39.972 [main] DEBUG jndi - Trying thread context classloader
14:50:39.972 [main] DEBUG jndi - Looking up name="env/oidc.egi.client_secret"
14:50:39.973 [main] DEBUG o.s.jndi.JndiLocatorDelegate - Converted JNDI name [java:comp/env/oidc.egi.client_secret] not found - trying original name [oidc.egi.client_secret]. javax.naming.NameNotFoundException; remaining name 'env/oidc.egi.client_secret'
14:50:39.973 [main] DEBUG o.springframework.jndi.JndiTemplate - Looking up JNDI object with name [oidc.egi.client_secret]
14:50:39.973 [main] DEBUG jndi - InitialContextFactory.getInitialContext()
14:50:39.973 [main] DEBUG jndi - Created initial context delegate for local namespace:org.eclipse.jetty.jndi.local.localContextRoot@45dbabf0
14:50:39.973 [main] DEBUG jndi - Looking up name="oidc.egi.client_secret"
14:50:39.973 [main] DEBUG o.s.jndi.JndiPropertySource - JNDI lookup for name [oidc.egi.client_secret] threw NamingException with message: null. Returning null.
14:50:39.973 [main] DEBUG o.s.c.e.PropertySourcesPropertyResolver - Found key 'oidc.egi.client_secret' in PropertySource 'file [/home/marza/Documents/VIP-portal/vip-portal/target/test-classes/vip-api.conf]' with value of type String
14:50:39.974 [main] DEBUG o.springframework.jndi.JndiTemplate - Looking up JNDI object with name [java:comp/env/oidc.egi.redirect_uri]
14:50:39.974 [main] DEBUG jndi - InitialContextFactory.getInitialContext()
14:50:39.974 [main] DEBUG jndi - Created initial context delegate for local namespace:org.eclipse.jetty.jndi.local.localContextRoot@6199a63d
14:50:39.974 [main] DEBUG o.e.j.j.java.javaURLContextFactory - >>> new root context requested 
14:50:39.974 [main] DEBUG jndi - Looking up name="comp/env/oidc.egi.redirect_uri"
14:50:39.974 [main] DEBUG jndi - Trying thread context classloader
14:50:39.975 [main] DEBUG jndi - Looking up name="env/oidc.egi.redirect_uri"
14:50:39.975 [main] DEBUG o.s.jndi.JndiLocatorDelegate - Converted JNDI name [java:comp/env/oidc.egi.redirect_uri] not found - trying original name [oidc.egi.redirect_uri]. javax.naming.NameNotFoundException; remaining name 'env/oidc.egi.redirect_uri'
14:50:39.975 [main] DEBUG o.springframework.jndi.JndiTemplate - Looking up JNDI object with name [oidc.egi.redirect_uri]
14:50:39.975 [main] DEBUG jndi - InitialContextFactory.getInitialContext()
14:50:39.975 [main] DEBUG jndi - Created initial context delegate for local namespace:org.eclipse.jetty.jndi.local.localContextRoot@1d47cdcc
14:50:39.975 [main] DEBUG jndi - Looking up name="oidc.egi.redirect_uri"
14:50:39.975 [main] DEBUG o.s.jndi.JndiPropertySource - JNDI lookup for name [oidc.egi.redirect_uri] threw NamingException with message: null. Returning null.
14:50:39.975 [main] DEBUG o.s.c.e.PropertySourcesPropertyResolver - Found key 'oidc.egi.redirect_uri' in PropertySource 'file [/home/marza/Documents/VIP-portal/vip-portal/target/test-classes/vip-api.conf]' with value of type String
14:50:39.975 [main] DEBUG o.springframework.jndi.JndiTemplate - Looking up JNDI object with name [java:comp/env/oidc.egi.authorization_uri]
14:50:39.975 [main] DEBUG jndi - InitialContextFactory.getInitialContext()
14:50:39.975 [main] DEBUG jndi - Created initial context delegate for local namespace:org.eclipse.jetty.jndi.local.localContextRoot@54e7a5d5
14:50:39.975 [main] DEBUG o.e.j.j.java.javaURLContextFactory - >>> new root context requested 
14:50:39.975 [main] DEBUG jndi - Looking up name="comp/env/oidc.egi.authorization_uri"
14:50:39.975 [main] DEBUG jndi - Trying thread context classloader
14:50:39.975 [main] DEBUG jndi - Looking up name="env/oidc.egi.authorization_uri"
14:50:39.975 [main] DEBUG o.s.jndi.JndiLocatorDelegate - Converted JNDI name [java:comp/env/oidc.egi.authorization_uri] not found - trying original name [oidc.egi.authorization_uri]. javax.naming.NameNotFoundException; remaining name 'env/oidc.egi.authorization_uri'
14:50:39.975 [main] DEBUG o.springframework.jndi.JndiTemplate - Looking up JNDI object with name [oidc.egi.authorization_uri]
14:50:39.976 [main] DEBUG jndi - InitialContextFactory.getInitialContext()
14:50:39.976 [main] DEBUG jndi - Created initial context delegate for local namespace:org.eclipse.jetty.jndi.local.localContextRoot@3b793fd1
14:50:39.976 [main] DEBUG jndi - Looking up name="oidc.egi.authorization_uri"
14:50:39.976 [main] DEBUG o.s.jndi.JndiPropertySource - JNDI lookup for name [oidc.egi.authorization_uri] threw NamingException with message: null. Returning null.
14:50:39.976 [main] DEBUG o.s.c.e.PropertySourcesPropertyResolver - Found key 'oidc.egi.authorization_uri' in PropertySource 'file [/home/marza/Documents/VIP-portal/vip-portal/target/test-classes/vip-api.conf]' with value of type String
14:50:39.976 [main] DEBUG o.springframework.jndi.JndiTemplate - Looking up JNDI object with name [java:comp/env/oidc.egi.token_uri]
14:50:39.976 [main] DEBUG jndi - InitialContextFactory.getInitialContext()
14:50:39.976 [main] DEBUG jndi - Created initial context delegate for local namespace:org.eclipse.jetty.jndi.local.localContextRoot@17fddecd
14:50:39.976 [main] DEBUG o.e.j.j.java.javaURLContextFactory - >>> new root context requested 
14:50:39.976 [main] DEBUG jndi - Looking up name="comp/env/oidc.egi.token_uri"
14:50:39.976 [main] DEBUG jndi - Trying thread context classloader
14:50:39.976 [main] DEBUG jndi - Looking up name="env/oidc.egi.token_uri"
14:50:39.976 [main] DEBUG o.s.jndi.JndiLocatorDelegate - Converted JNDI name [java:comp/env/oidc.egi.token_uri] not found - trying original name [oidc.egi.token_uri]. javax.naming.NameNotFoundException; remaining name 'env/oidc.egi.token_uri'
14:50:39.976 [main] DEBUG o.springframework.jndi.JndiTemplate - Looking up JNDI object with name [oidc.egi.token_uri]
14:50:39.976 [main] DEBUG jndi - InitialContextFactory.getInitialContext()
14:50:39.976 [main] DEBUG jndi - Created initial context delegate for local namespace:org.eclipse.jetty.jndi.local.localContextRoot@34f75853
14:50:39.976 [main] DEBUG jndi - Looking up name="oidc.egi.token_uri"
14:50:39.976 [main] DEBUG o.s.jndi.JndiPropertySource - JNDI lookup for name [oidc.egi.token_uri] threw NamingException with message: null. Returning null.
14:50:39.976 [main] DEBUG o.s.c.e.PropertySourcesPropertyResolver - Found key 'oidc.egi.token_uri' in PropertySource 'file [/home/marza/Documents/VIP-portal/vip-portal/target/test-classes/vip-api.conf]' with value of type String
14:50:39.976 [main] DEBUG o.springframework.jndi.JndiTemplate - Looking up JNDI object with name [java:comp/env/oidc.egi.user_info_uri]
14:50:39.976 [main] DEBUG jndi - InitialContextFactory.getInitialContext()
14:50:39.976 [main] DEBUG jndi - Created initial context delegate for local namespace:org.eclipse.jetty.jndi.local.localContextRoot@5d579a15
14:50:39.977 [main] DEBUG o.e.j.j.java.javaURLContextFactory - >>> new root context requested 
14:50:39.977 [main] DEBUG jndi - Looking up name="comp/env/oidc.egi.user_info_uri"
14:50:39.977 [main] DEBUG jndi - Trying thread context classloader
14:50:39.977 [main] DEBUG jndi - Looking up name="env/oidc.egi.user_info_uri"
14:50:39.977 [main] DEBUG o.s.jndi.JndiLocatorDelegate - Converted JNDI name [java:comp/env/oidc.egi.user_info_uri] not found - trying original name [oidc.egi.user_info_uri]. javax.naming.NameNotFoundException; remaining name 'env/oidc.egi.user_info_uri'
14:50:39.977 [main] DEBUG o.springframework.jndi.JndiTemplate - Looking up JNDI object with name [oidc.egi.user_info_uri]
14:50:39.977 [main] DEBUG jndi - InitialContextFactory.getInitialContext()
14:50:39.977 [main] DEBUG jndi - Created initial context delegate for local namespace:org.eclipse.jetty.jndi.local.localContextRoot@2f22a1d9
14:50:39.977 [main] DEBUG jndi - Looking up name="oidc.egi.user_info_uri"
14:50:39.977 [main] DEBUG o.s.jndi.JndiPropertySource - JNDI lookup for name [oidc.egi.user_info_uri] threw NamingException with message: null. Returning null.
14:50:39.977 [main] DEBUG o.s.c.e.PropertySourcesPropertyResolver - Found key 'oidc.egi.user_info_uri' in PropertySource 'file [/home/marza/Documents/VIP-portal/vip-portal/target/test-classes/vip-api.conf]' with value of type String
14:50:39.977 [main] DEBUG o.springframework.jndi.JndiTemplate - Looking up JNDI object with name [java:comp/env/oidc.egi.jwk_set_uri]
14:50:39.977 [main] DEBUG jndi - InitialContextFactory.getInitialContext()
14:50:39.977 [main] DEBUG jndi - Created initial context delegate for local namespace:org.eclipse.jetty.jndi.local.localContextRoot@56d00946
14:50:39.977 [main] DEBUG o.e.j.j.java.javaURLContextFactory - >>> new root context requested 
14:50:39.977 [main] DEBUG jndi - Looking up name="comp/env/oidc.egi.jwk_set_uri"
14:50:39.977 [main] DEBUG jndi - Trying thread context classloader
14:50:39.977 [main] DEBUG jndi - Looking up name="env/oidc.egi.jwk_set_uri"
14:50:39.977 [main] DEBUG o.s.jndi.JndiLocatorDelegate - Converted JNDI name [java:comp/env/oidc.egi.jwk_set_uri] not found - trying original name [oidc.egi.jwk_set_uri]. javax.naming.NameNotFoundException; remaining name 'env/oidc.egi.jwk_set_uri'
14:50:39.977 [main] DEBUG o.springframework.jndi.JndiTemplate - Looking up JNDI object with name [oidc.egi.jwk_set_uri]
14:50:39.977 [main] DEBUG jndi - InitialContextFactory.getInitialContext()
14:50:39.977 [main] DEBUG jndi - Created initial context delegate for local namespace:org.eclipse.jetty.jndi.local.localContextRoot@586bf60f
14:50:39.977 [main] DEBUG jndi - Looking up name="oidc.egi.jwk_set_uri"
14:50:39.977 [main] DEBUG o.s.jndi.JndiPropertySource - JNDI lookup for name [oidc.egi.jwk_set_uri] threw NamingException with message: null. Returning null.
14:50:39.978 [main] DEBUG o.s.c.e.PropertySourcesPropertyResolver - Found key 'oidc.egi.jwk_set_uri' in PropertySource 'file [/home/marza/Documents/VIP-portal/vip-portal/target/test-classes/vip-api.conf]' with value of type String
14:50:39.999 [main] DEBUG o.springframework.jndi.JndiTemplate - Looking up JNDI object with name [java:comp/env/keycloak.configurationFile]
14:50:39.999 [main] DEBUG jndi - InitialContextFactory.getInitialContext()
14:50:39.999 [main] DEBUG jndi - Created initial context delegate for local namespace:org.eclipse.jetty.jndi.local.localContextRoot@1274b020
14:50:39.999 [main] DEBUG o.e.j.j.java.javaURLContextFactory - >>> new root context requested 
14:50:40.000 [main] DEBUG jndi - Looking up name="comp/env/keycloak.configurationFile"
14:50:40.000 [main] DEBUG jndi - Trying thread context classloader
14:50:40.000 [main] DEBUG jndi - Looking up name="env/keycloak.configurationFile"
14:50:40.000 [main] DEBUG o.s.jndi.JndiLocatorDelegate - Converted JNDI name [java:comp/env/keycloak.configurationFile] not found - trying original name [keycloak.configurationFile]. javax.naming.NameNotFoundException; remaining name 'env/keycloak.configurationFile'
14:50:40.000 [main] DEBUG o.springframework.jndi.JndiTemplate - Looking up JNDI object with name [keycloak.configurationFile]
14:50:40.000 [main] DEBUG jndi - InitialContextFactory.getInitialContext()
14:50:40.000 [main] DEBUG jndi - Created initial context delegate for local namespace:org.eclipse.jetty.jndi.local.localContextRoot@1b1780d5
14:50:40.000 [main] DEBUG jndi - Looking up name="keycloak.configurationFile"
14:50:40.000 [main] DEBUG o.s.jndi.JndiPropertySource - JNDI lookup for name [keycloak.configurationFile] threw NamingException with message: null. Returning null.
14:50:40.001 [main] DEBUG o.s.b.f.s.DefaultListableBeanFactory - Creating shared instance of singleton bean 'pathBasedKeycloakConfigResolver'
14:50:40.004 [main] DEBUG o.s.b.f.s.DefaultListableBeanFactory - Creating shared instance of singleton bean 'egiSecurityConfig'
14:50:40.008 [main] DEBUG o.s.b.f.s.DefaultListableBeanFactory - Creating shared instance of singleton bean 'statsController'
14:50:40.010 [main] DEBUG o.s.b.f.s.DefaultListableBeanFactory - Autowiring by type from bean name 'statsController' via constructor to bean named 'statsApiBusiness'
14:50:40.015 [main] DEBUG o.s.b.f.s.DefaultListableBeanFactory - Creating shared instance of singleton bean 'dataController'
14:50:40.023 [main] DEBUG o.s.b.f.s.DefaultListableBeanFactory - Autowiring by type from bean name 'dataController' via constructor to bean named 'dataApiBusiness'
14:50:40.023 [main] DEBUG o.s.b.f.s.DefaultListableBeanFactory - Autowiring by type from bean name 'dataController' via constructor to bean named 'com.sun.proxy.$Proxy120@6ddc2d3f'
14:50:40.026 [main] DEBUG o.s.b.f.s.DefaultListableBeanFactory - Creating shared instance of singleton bean 'externalPlatformController'
14:50:40.027 [main] DEBUG o.s.b.f.s.DefaultListableBeanFactory - Autowiring by type from bean name 'externalPlatformController' via constructor to bean named 'externalPlatformBusiness'
14:50:40.030 [main] DEBUG o.s.b.f.s.DefaultListableBeanFactory - Creating shared instance of singleton bean 'restExceptionHandler'
14:50:40.042 [main] DEBUG o.s.b.f.s.DefaultListableBeanFactory - Creating shared instance of singleton bean 'executionController'
14:50:40.044 [main] DEBUG o.s.b.f.s.DefaultListableBeanFactory - Autowiring by type from bean name 'executionController' via constructor to bean named 'executionBusiness'
14:50:40.044 [main] DEBUG o.s.b.f.s.DefaultListableBeanFactory - Autowiring by type from bean name 'executionController' via constructor to bean named 'pipelineBusiness'
14:50:40.046 [main] DEBUG o.s.b.f.s.DefaultListableBeanFactory - Creating shared instance of singleton bean 'publicationController'
14:50:40.047 [main] DEBUG o.s.b.f.s.DefaultListableBeanFactory - Autowiring by type from bean name 'publicationController' via constructor to bean named 'publicationBusiness'
14:50:40.049 [main] DEBUG o.s.b.f.s.DefaultListableBeanFactory - Creating shared instance of singleton bean 'pipelineController'
14:50:40.050 [main] DEBUG o.s.b.f.s.DefaultListableBeanFactory - Autowiring by type from bean name 'pipelineController' via constructor to bean named 'pipelineBusiness'
14:50:40.052 [main] DEBUG o.s.b.f.s.DefaultListableBeanFactory - Creating shared instance of singleton bean 'apiKeyController'
14:50:40.055 [main] DEBUG o.s.b.f.s.DefaultListableBeanFactory - Autowiring by type from bean name 'apiKeyController' via constructor to bean named 'apiKeyBusiness'
14:50:40.055 [main] DEBUG o.s.b.f.s.DefaultListableBeanFactory - Autowiring by type from bean name 'apiKeyController' via constructor to bean named 'externalPlatformBusiness'
14:50:40.057 [main] DEBUG o.s.b.f.s.DefaultListableBeanFactory - Creating shared instance of singleton bean 'authenticationController'
14:50:40.059 [main] DEBUG o.s.b.f.s.DefaultListableBeanFactory - Autowiring by type from bean name 'authenticationController' via constructor to bean named 'apiBusiness'
14:50:40.059 [main] DEBUG o.s.b.f.s.DefaultListableBeanFactory - Autowiring by type from bean name 'authenticationController' via constructor to bean named 'apiUserBusiness'
14:50:40.061 [main] DEBUG o.s.b.f.s.DefaultListableBeanFactory - Creating shared instance of singleton bean 'egiController'
14:50:40.067 [main] DEBUG o.s.b.f.s.DefaultListableBeanFactory - Autowiring by type from bean name 'egiController' via constructor to bean named 'vipSessionBusiness'
14:50:40.067 [main] DEBUG o.s.b.f.s.DefaultListableBeanFactory - Autowiring by type from bean name 'egiController' via constructor to bean named 'configurationBusiness'
14:50:40.067 [main] DEBUG o.s.b.f.s.DefaultListableBeanFactory - Creating shared instance of singleton bean 'platformController'
14:50:40.070 [main] DEBUG o.s.b.f.s.DefaultListableBeanFactory - Creating shared instance of singleton bean 'registerUserController'
14:50:40.072 [main] DEBUG o.s.b.f.s.DefaultListableBeanFactory - Autowiring by type from bean name 'registerUserController' via constructor to bean named 'apiUserBusiness'
14:50:40.074 [main] DEBUG o.s.b.f.s.DefaultListableBeanFactory - Creating shared instance of singleton bean 'refreshTokenController'
14:50:40.075 [main] DEBUG o.s.b.f.s.DefaultListableBeanFactory - Autowiring by type from bean name 'refreshTokenController' via constructor to bean named 'keycloakBusiness'
14:50:40.077 [main] DEBUG o.s.b.f.s.DefaultListableBeanFactory - Creating shared instance of singleton bean 'visualizationBusiness'
14:50:40.079 [main] DEBUG o.s.b.f.s.DefaultListableBeanFactory - Autowiring by type from bean name 'visualizationBusiness' via constructor to bean named 'testGridaClient'
14:50:40.079 [main] DEBUG o.s.b.f.s.DefaultListableBeanFactory - Autowiring by type from bean name 'visualizationBusiness' via constructor to bean named 'lfcPathsBusiness'
14:50:40.079 [main] DEBUG o.s.b.f.s.DefaultListableBeanFactory - Autowiring by type from bean name 'visualizationBusiness' via constructor to bean named 'dataManagerBusiness'
14:50:40.083 [main] DEBUG o.s.b.f.s.DefaultListableBeanFactory - Creating shared instance of singleton bean 'authenticationManagerBuilder'
14:50:40.084 [main] DEBUG o.s.b.f.s.DefaultListableBeanFactory - Autowiring by type from bean name 'authenticationManagerBuilder' via factory method to bean named 'objectPostProcessor'
14:50:40.084 [main] DEBUG o.s.b.f.s.DefaultListableBeanFactory - Autowiring by type from bean name 'authenticationManagerBuilder' via factory method to bean named 'org.springframework.web.context.support.GenericWebApplicationContext@213ceb4e'
14:50:40.088 [main] DEBUG o.s.b.f.s.DefaultListableBeanFactory - Creating shared instance of singleton bean 'org.springframework.security.config.annotation.web.configuration.WebSecurityConfiguration'
14:50:40.130 [main] DEBUG o.s.b.f.s.DefaultListableBeanFactory - Creating shared instance of singleton bean 'autowiredWebSecurityConfigurersIgnoreParents'
14:50:40.130 [main] DEBUG o.s.b.f.s.DefaultListableBeanFactory - Autowiring by type from bean name 'autowiredWebSecurityConfigurersIgnoreParents' via factory method to bean named 'org.springframework.beans.factory.support.DefaultListableBeanFactory@4a467ada'
14:50:40.151 [main] DEBUG o.s.b.f.s.DefaultListableBeanFactory - Creating shared instance of singleton bean 'httpFirewall'
14:50:40.165 [main] DEBUG o.s.b.f.s.DefaultListableBeanFactory - Creating shared instance of singleton bean 'delegatingApplicationListener'
14:50:40.165 [main] DEBUG o.s.b.f.s.DefaultListableBeanFactory - Creating shared instance of singleton bean 'springSecurityFilterChain'
14:50:40.172 [main] DEBUG o.springframework.jndi.JndiTemplate - Looking up JNDI object with name [java:comp/env/keycloak.active]
14:50:40.172 [main] DEBUG jndi - InitialContextFactory.getInitialContext()
14:50:40.172 [main] DEBUG jndi - Created initial context delegate for local namespace:org.eclipse.jetty.jndi.local.localContextRoot@747f980c
14:50:40.173 [main] DEBUG o.e.j.j.java.javaURLContextFactory - >>> new root context requested 
14:50:40.173 [main] DEBUG jndi - Looking up name="comp/env/keycloak.active"
14:50:40.173 [main] DEBUG jndi - Trying thread context classloader
14:50:40.173 [main] DEBUG jndi - Looking up name="env/keycloak.active"
14:50:40.173 [main] DEBUG o.s.jndi.JndiLocatorDelegate - Converted JNDI name [java:comp/env/keycloak.active] not found - trying original name [keycloak.active]. javax.naming.NameNotFoundException; remaining name 'env/keycloak.active'
14:50:40.173 [main] DEBUG o.springframework.jndi.JndiTemplate - Looking up JNDI object with name [keycloak.active]
14:50:40.173 [main] DEBUG jndi - InitialContextFactory.getInitialContext()
14:50:40.173 [main] DEBUG jndi - Created initial context delegate for local namespace:org.eclipse.jetty.jndi.local.localContextRoot@54fa857c
14:50:40.173 [main] DEBUG jndi - Looking up name="keycloak.active"
14:50:40.173 [main] DEBUG o.s.jndi.JndiPropertySource - JNDI lookup for name [keycloak.active] threw NamingException with message: null. Returning null.
14:50:40.173 [main] DEBUG o.s.c.e.PropertySourcesPropertyResolver - Found key 'keycloak.active' in PropertySource 'file [/home/marza/Documents/VIP-portal/vip-portal/target/test-classes/vip-api.conf]' with value of type String
14:50:40.241 [main] DEBUG o.springframework.jndi.JndiTemplate - Looking up JNDI object with name [java:comp/env/keycloak.active]
14:50:40.241 [main] DEBUG jndi - InitialContextFactory.getInitialContext()
14:50:40.241 [main] DEBUG jndi - Created initial context delegate for local namespace:org.eclipse.jetty.jndi.local.localContextRoot@4f05ad2
14:50:40.241 [main] DEBUG o.e.j.j.java.javaURLContextFactory - >>> new root context requested 
14:50:40.241 [main] DEBUG jndi - Looking up name="comp/env/keycloak.active"
14:50:40.241 [main] DEBUG jndi - Trying thread context classloader
14:50:40.241 [main] DEBUG jndi - Looking up name="env/keycloak.active"
14:50:40.241 [main] DEBUG o.s.jndi.JndiLocatorDelegate - Converted JNDI name [java:comp/env/keycloak.active] not found - trying original name [keycloak.active]. javax.naming.NameNotFoundException; remaining name 'env/keycloak.active'
14:50:40.241 [main] DEBUG o.springframework.jndi.JndiTemplate - Looking up JNDI object with name [keycloak.active]
14:50:40.241 [main] DEBUG jndi - InitialContextFactory.getInitialContext()
14:50:40.241 [main] DEBUG jndi - Created initial context delegate for local namespace:org.eclipse.jetty.jndi.local.localContextRoot@19ea6c34
14:50:40.241 [main] DEBUG jndi - Looking up name="keycloak.active"
14:50:40.241 [main] DEBUG o.s.jndi.JndiPropertySource - JNDI lookup for name [keycloak.active] threw NamingException with message: null. Returning null.
14:50:40.241 [main] DEBUG o.s.c.e.PropertySourcesPropertyResolver - Found key 'keycloak.active' in PropertySource 'file [/home/marza/Documents/VIP-portal/vip-portal/target/test-classes/vip-api.conf]' with value of type String
14:50:40.248 [main] DEBUG o.s.b.f.s.DefaultListableBeanFactory - Creating shared instance of singleton bean 'apikeyAuthenticationFilter'
14:50:40.256 [main] DEBUG o.springframework.jndi.JndiTemplate - Looking up JNDI object with name [java:comp/env/carmin.authentication.apikey.header.name]
14:50:40.256 [main] DEBUG jndi - InitialContextFactory.getInitialContext()
14:50:40.256 [main] DEBUG jndi - Created initial context delegate for local namespace:org.eclipse.jetty.jndi.local.localContextRoot@545b49eb
14:50:40.256 [main] DEBUG o.e.j.j.java.javaURLContextFactory - >>> new root context requested 
14:50:40.256 [main] DEBUG jndi - Looking up name="comp/env/carmin.authentication.apikey.header.name"
14:50:40.256 [main] DEBUG jndi - Trying thread context classloader
14:50:40.256 [main] DEBUG jndi - Looking up name="env/carmin.authentication.apikey.header.name"
14:50:40.256 [main] DEBUG o.s.jndi.JndiLocatorDelegate - Converted JNDI name [java:comp/env/carmin.authentication.apikey.header.name] not found - trying original name [carmin.authentication.apikey.header.name]. javax.naming.NameNotFoundException; remaining name 'env/carmin.authentication.apikey.header.name'
14:50:40.256 [main] DEBUG o.springframework.jndi.JndiTemplate - Looking up JNDI object with name [carmin.authentication.apikey.header.name]
14:50:40.256 [main] DEBUG jndi - InitialContextFactory.getInitialContext()
14:50:40.256 [main] DEBUG jndi - Created initial context delegate for local namespace:org.eclipse.jetty.jndi.local.localContextRoot@69df990
14:50:40.256 [main] DEBUG jndi - Looking up name="carmin.authentication.apikey.header.name"
14:50:40.256 [main] DEBUG o.s.jndi.JndiPropertySource - JNDI lookup for name [carmin.authentication.apikey.header.name] threw NamingException with message: null. Returning null.
14:50:40.256 [main] DEBUG o.s.c.e.PropertySourcesPropertyResolver - Found key 'carmin.authentication.apikey.header.name' in PropertySource 'file [/home/marza/Documents/VIP-portal/vip-portal/target/test-classes/vip-api.conf]' with value of type String
14:50:40.269 [main] DEBUG o.s.s.c.a.a.c.AuthenticationConfiguration$DefaultPasswordEncoderAuthenticationManagerBuilder - No authenticationProviders and no parentAuthenticationManager defined. Returning null.
14:50:40.280 [main] DEBUG o.s.b.f.s.DefaultListableBeanFactory - Creating shared instance of singleton bean 'authorizationRequestRepository'
14:50:40.282 [main] DEBUG o.s.b.f.s.DefaultListableBeanFactory - Creating shared instance of singleton bean 'accessTokenResponseClient'
14:50:40.365 [main] DEBUG o.s.s.w.a.e.ExpressionBasedFilterInvocationSecurityMetadataSource - Adding web access control expression [permitAll] for Ant [pattern='/rest/platform']
14:50:40.367 [main] DEBUG o.s.s.w.a.e.ExpressionBasedFilterInvocationSecurityMetadataSource - Adding web access control expression [permitAll] for Ant [pattern='/rest/authenticate']
14:50:40.367 [main] DEBUG o.s.s.w.a.e.ExpressionBasedFilterInvocationSecurityMetadataSource - Adding web access control expression [permitAll] for Ant [pattern='/rest/session']
14:50:40.367 [main] DEBUG o.s.s.w.a.e.ExpressionBasedFilterInvocationSecurityMetadataSource - Adding web access control expression [permitAll] for Regex [pattern='/rest/pipelines\?public']
14:50:40.368 [main] DEBUG o.s.s.w.a.e.ExpressionBasedFilterInvocationSecurityMetadataSource - Adding web access control expression [permitAll] for Ant [pattern='/rest/publications']
14:50:40.368 [main] DEBUG o.s.s.w.a.e.ExpressionBasedFilterInvocationSecurityMetadataSource - Adding web access control expression [permitAll] for Ant [pattern='/rest/reset-password']
14:50:40.368 [main] DEBUG o.s.s.w.a.e.ExpressionBasedFilterInvocationSecurityMetadataSource - Adding web access control expression [permitAll] for Ant [pattern='/rest/register']
14:50:40.368 [main] DEBUG o.s.s.w.a.e.ExpressionBasedFilterInvocationSecurityMetadataSource - Adding web access control expression [hasAnyRole('ROLE_SERVICE')] for Ant [pattern='/rest/executions/{executionId}/summary']
14:50:40.371 [main] DEBUG o.s.s.w.a.e.ExpressionBasedFilterInvocationSecurityMetadataSource - Adding web access control expression [authenticated] for Ant [pattern='/rest/simulate-refresh']
14:50:40.371 [main] DEBUG o.s.s.w.a.e.ExpressionBasedFilterInvocationSecurityMetadataSource - Adding web access control expression [hasAnyRole('ROLE_ADVANCED','ROLE_ADMINISTRATOR')] for Ant [pattern='/rest/statistics/**']
14:50:40.371 [main] DEBUG o.s.s.w.a.e.ExpressionBasedFilterInvocationSecurityMetadataSource - Adding web access control expression [authenticated] for Ant [pattern='/rest/**']
14:50:40.371 [main] DEBUG o.s.s.w.a.e.ExpressionBasedFilterInvocationSecurityMetadataSource - Adding web access control expression [permitAll] for any request
14:50:40.385 [main] DEBUG o.s.b.f.s.DefaultListableBeanFactory - Creating shared instance of singleton bean 'mvcHandlerMappingIntrospector'
14:50:40.389 [main] DEBUG o.s.b.f.s.DefaultListableBeanFactory - Creating shared instance of singleton bean 'requestMappingHandlerMapping'
14:50:40.391 [main] DEBUG o.s.b.f.s.DefaultListableBeanFactory - Creating shared instance of singleton bean 'mvcConversionService'
14:50:40.450 [main] DEBUG o.s.b.f.s.DefaultListableBeanFactory - Creating shared instance of singleton bean 'mvcResourceUrlProvider'
14:50:40.452 [main] DEBUG o.s.b.f.s.DefaultListableBeanFactory - Autowiring by type from bean name 'requestMappingHandlerMapping' via factory method to bean named 'mvcContentNegotiationManager'
14:50:40.452 [main] DEBUG o.s.b.f.s.DefaultListableBeanFactory - Autowiring by type from bean name 'requestMappingHandlerMapping' via factory method to bean named 'mvcConversionService'
14:50:40.453 [main] DEBUG o.s.b.f.s.DefaultListableBeanFactory - Autowiring by type from bean name 'requestMappingHandlerMapping' via factory method to bean named 'mvcResourceUrlProvider'
14:50:40.470 [main] DEBUG o.springframework.jndi.JndiTemplate - Looking up JNDI object with name [java:comp/env/cors.autorized-domains]
14:50:40.471 [main] DEBUG jndi - InitialContextFactory.getInitialContext()
14:50:40.471 [main] DEBUG jndi - Created initial context delegate for local namespace:org.eclipse.jetty.jndi.local.localContextRoot@7896f76b
14:50:40.471 [main] DEBUG o.e.j.j.java.javaURLContextFactory - >>> new root context requested 
14:50:40.471 [main] DEBUG jndi - Looking up name="comp/env/cors.autorized-domains"
14:50:40.471 [main] DEBUG jndi - Trying thread context classloader
14:50:40.471 [main] DEBUG jndi - Looking up name="env/cors.autorized-domains"
14:50:40.471 [main] DEBUG o.s.jndi.JndiLocatorDelegate - Converted JNDI name [java:comp/env/cors.autorized-domains] not found - trying original name [cors.autorized-domains]. javax.naming.NameNotFoundException; remaining name 'env/cors.autorized-domains'
14:50:40.471 [main] DEBUG o.springframework.jndi.JndiTemplate - Looking up JNDI object with name [cors.autorized-domains]
14:50:40.471 [main] DEBUG jndi - InitialContextFactory.getInitialContext()
14:50:40.471 [main] DEBUG jndi - Created initial context delegate for local namespace:org.eclipse.jetty.jndi.local.localContextRoot@7ae7785d
14:50:40.471 [main] DEBUG jndi - Looking up name="cors.autorized-domains"
14:50:40.471 [main] DEBUG o.s.jndi.JndiPropertySource - JNDI lookup for name [cors.autorized-domains] threw NamingException with message: null. Returning null.
14:50:40.471 [main] DEBUG o.s.c.e.PropertySourcesPropertyResolver - Found key 'cors.autorized-domains' in PropertySource 'file [/home/marza/Documents/VIP-portal/vip-portal/target/test-classes/vip-api.conf]' with value of type String
14:50:40.521 [main] DEBUG _.s.w.s.HandlerMapping.Mappings - 
	f.i.c.v.a.c.s.StatsController:
	{ [/statistics/users/{start}/{end}]}: getUsersRegisteredNumberBetweenDates(String,String)
	{ [/statistics/users]}: getAllUsersRegisteredNumber()
	{ [/statistics/users/{start}]}: getUsersRegisteredNumberFromDate(String)
	{ [/statistics/service/{service}]}: getAllUsersForStats(String)
	{ [/statistics/service/{service}/{start}]}: getUsersForStatsFromDate(String,String)
	{ [/statistics/service/{service}/{start}/{end}]}: getUsersForStatsBetweenDates(String,String,String)
	{ [/statistics/country/{country}]}: getAllUsersForStatsFromCountry(String)
	{ [/statistics/country/{country}/{service}]}: getAllUsersForStatsFromCountryAndService(String,String)
	{ [/statistics/country/{country}/{service}/{start}]}: getUsersForStatsFromCountryFromDate(String,String,String)
	{ [/statistics/country/{country}/{service}/{start}/{end}]}: getUsersForStatsFromCountryBetweenDates(String,String,String,String)
	{ [/statistics/institute/{institution}]}: getAllUsersForStatsFromInstitution(String)
	{ [/statistics/institute/{institution}/{service}]}: getAllUsersForStatsFromInstitutionAndService(String,String)
	{ [/statistics/institute/{institution}/{service}/{start}]}: getUsersForStatsFromInstitutionFromDate(String,String,String)
	{ [/statistics/institute/{institution}/{service}/{start}/{end}]}: getUsersForStatsFromInstitutionBetweenDates(String,String,String,String)
14:50:40.533 [main] DEBUG _.s.w.s.HandlerMapping.Mappings - 
	f.i.c.v.a.c.d.DataController:
	{PUT [/path/**]}: uploadFile(InputStream)
	{ [/path/**], params [action=list]}: listDirectory()
	{DELETE [/path/**]}: deletePath()
	{ [/path/**], params [action=properties]}: getPathProperties()
	{PUT [/path/**], consumes [application/carmin+json]}: uploadCustomData(UploadData)
	{ [/path/**], params [action=exists]}: doesPathExists()
	{ [/path/**], params [action=md5]}: getFileMD5()
	{ [/path/**], params [action=content]}: downloadRawFile()
14:50:40.537 [main] DEBUG _.s.w.s.HandlerMapping.Mappings - 
	f.i.c.v.a.c.ExternalPlatformController:
	{GET [/externalPlatforms]}: listExternalPlatforms()
14:50:40.544 [main] DEBUG _.s.w.s.HandlerMapping.Mappings - 
	f.i.c.v.a.c.p.ExecutionController:
	{ [/executions]}: listExecutions(String,Integer,Integer)
	{ [/executions/{executionId}]}: getExecution(String)
	{ [/executions/count], produces [text/plain;charset=UTF-8]}: countExecutions(String)
	{PUT [/executions/{executionId}]}: updateExecution(String,Execution)
	{POST [/executions]}: initExecution(Execution)
	{PUT [/executions/{executionId}/kill]}: killExecution(String)
	{PUT [/executions/{executionId}/delete]}: deleteExecution(String,DeleteExecutionConfiguration)
	{ [/executions/{executionId}/results]}: getExecutionResults(String)
	{ [/executions/{executionId}/summary]}: getExecutionSummary(String)
	{ [/executions/{executionId}/stdout], produces [text/plain;charset=UTF-8]}: getStdout(String)
	{ [/executions/{executionId}/stderr], produces [text/plain;charset=UTF-8]}: getStderr(String)
	{PUT [/executions/{executionId}/play]}: playExecution(String)
14:50:40.546 [main] DEBUG _.s.w.s.HandlerMapping.Mappings - 
	f.i.c.v.a.c.p.PublicationController:
	{ [/publications]}: listPublication()
14:50:40.548 [main] DEBUG _.s.w.s.HandlerMapping.Mappings - 
	f.i.c.v.a.c.p.PipelineController:
	{ [/pipelines/{pipelineId}]}: getPipeline(String)
	{ [/pipelines/{pipelineIdFirstPart}/{pipelineIdSecondPart}]}: getPipeline(String,String)
	{ [/pipelines]}: listPipelines(String)
	{ [/pipelines], params [public]}: listPublicPipelines()
	{ [/pipelines], params [pipelineId]}: getPipelineWithRequestParam(String)
14:50:40.550 [main] DEBUG _.s.w.s.HandlerMapping.Mappings - 
	f.i.c.v.a.c.ApiKeyController:
	{PUT [/user/externalKeys]}: addOrUpdateApiKey(KeyInfo)
	{DELETE [/user/externalKeys/{storageIdentifier}]}: deleteApiKey(String)
	{GET [/user/externalKeys]}: listUserApiKeys()
14:50:40.552 [main] DEBUG _.s.w.s.HandlerMapping.Mappings - 
	f.i.c.v.a.c.AuthenticationController:
	{POST [/authenticate]}: authenticate(AuthenticationCredentials)
	{POST [/session]}: createSession(AuthenticationCredentials)
	{POST [/reset-password]}: sendResetPassword(ResetPasswordDTO)
14:50:40.552 [main] DEBUG _.s.w.s.HandlerMapping.Mappings - 
	f.i.c.v.a.c.EgiController:
	{GET [/loginEgi]}: getOauth2LoginInfo(HttpServletRequest,HttpServletResponse,Principal)
14:50:40.553 [main] DEBUG _.s.w.s.HandlerMapping.Mappings - 
	f.i.c.v.a.c.PlatformController:
	{ [/platform]}: getPlatformProperties()
14:50:40.553 [main] DEBUG _.s.w.s.HandlerMapping.Mappings - 
	f.i.c.v.a.c.RegisterUserController:
	{POST [/register]}: signup(SignUpUserDTO)
14:50:40.554 [main] DEBUG _.s.w.s.HandlerMapping.Mappings - 
	f.i.c.v.a.c.RefreshTokenController:
	{GET [/simulate-refresh], produces [application/json;charset=utf-8]}: simulatingRefreshToken(HttpServletRequest)
14:50:40.557 [main] DEBUG o.s.w.s.m.m.a.RequestMappingHandlerMapping - 51 mappings in 'requestMappingHandlerMapping'
14:50:40.560 [main] DEBUG o.s.b.f.s.DefaultListableBeanFactory - Creating shared instance of singleton bean 'viewControllerHandlerMapping'
14:50:40.561 [main] DEBUG o.s.b.f.s.DefaultListableBeanFactory - Autowiring by type from bean name 'viewControllerHandlerMapping' via factory method to bean named 'mvcConversionService'
14:50:40.561 [main] DEBUG o.s.b.f.s.DefaultListableBeanFactory - Autowiring by type from bean name 'viewControllerHandlerMapping' via factory method to bean named 'mvcResourceUrlProvider'
14:50:40.562 [main] DEBUG o.s.b.f.s.DefaultListableBeanFactory - Creating shared instance of singleton bean 'beanNameHandlerMapping'
14:50:40.563 [main] DEBUG o.s.b.f.s.DefaultListableBeanFactory - Autowiring by type from bean name 'beanNameHandlerMapping' via factory method to bean named 'mvcConversionService'
14:50:40.563 [main] DEBUG o.s.b.f.s.DefaultListableBeanFactory - Autowiring by type from bean name 'beanNameHandlerMapping' via factory method to bean named 'mvcResourceUrlProvider'
14:50:40.565 [main] DEBUG _.s.w.s.HandlerMapping.Mappings - 'beanNameHandlerMapping' {}
14:50:40.568 [main] DEBUG o.s.b.f.s.DefaultListableBeanFactory - Creating shared instance of singleton bean 'routerFunctionMapping'
14:50:40.569 [main] DEBUG o.s.b.f.s.DefaultListableBeanFactory - Autowiring by type from bean name 'routerFunctionMapping' via factory method to bean named 'mvcConversionService'
14:50:40.569 [main] DEBUG o.s.b.f.s.DefaultListableBeanFactory - Autowiring by type from bean name 'routerFunctionMapping' via factory method to bean named 'mvcResourceUrlProvider'
14:50:40.601 [main] DEBUG o.s.b.f.s.DefaultListableBeanFactory - Creating shared instance of singleton bean 'resourceHandlerMapping'
14:50:40.602 [main] DEBUG o.s.b.f.s.DefaultListableBeanFactory - Autowiring by type from bean name 'resourceHandlerMapping' via factory method to bean named 'mvcContentNegotiationManager'
14:50:40.602 [main] DEBUG o.s.b.f.s.DefaultListableBeanFactory - Autowiring by type from bean name 'resourceHandlerMapping' via factory method to bean named 'mvcConversionService'
14:50:40.602 [main] DEBUG o.s.b.f.s.DefaultListableBeanFactory - Autowiring by type from bean name 'resourceHandlerMapping' via factory method to bean named 'mvcResourceUrlProvider'
14:50:40.603 [main] DEBUG o.s.b.f.s.DefaultListableBeanFactory - Creating shared instance of singleton bean 'defaultServletHandlerMapping'
14:50:40.608 [main] INFO  o.s.s.web.DefaultSecurityFilterChain - Will secure Ant [pattern='/rest/**'] with [org.springframework.security.web.context.request.async.WebAsyncManagerIntegrationFilter@2b0a97c9, org.springframework.security.web.context.SecurityContextPersistenceFilter@8c761c9, org.springframework.security.web.header.HeaderWriterFilter@61b39e54, org.springframework.web.filter.CorsFilter@330fb33e, org.springframework.security.web.authentication.logout.LogoutFilter@3941812e, fr.insalyon.creatis.vip.api.security.apikey.ApikeyAuthenticationFilter@6de1ab4e, org.springframework.security.web.savedrequest.RequestCacheAwareFilter@4a3e60ea, org.springframework.security.web.servletapi.SecurityContextHolderAwareRequestFilter@56afe705, org.springframework.security.web.authentication.AnonymousAuthenticationFilter@6bbbd22c, org.springframework.security.web.session.SessionManagementFilter@28dd35cc, org.springframework.security.web.access.ExceptionTranslationFilter@65485066, org.springframework.security.web.access.intercept.FilterSecurityInterceptor@7ea8211f]
14:50:40.639 [main] DEBUG o.s.b.f.s.DefaultListableBeanFactory - Creating shared instance of singleton bean 'grantedAuthoritiesMapper'
14:50:40.662 [main] DEBUG o.s.s.w.a.e.ExpressionBasedFilterInvocationSecurityMetadataSource - Adding web access control expression [permitAll] for any request
14:50:40.673 [main] INFO  o.s.s.web.DefaultSecurityFilterChain - Will secure any request with [org.springframework.security.web.context.request.async.WebAsyncManagerIntegrationFilter@afccbdd, org.springframework.security.web.context.SecurityContextPersistenceFilter@e2e8244, org.springframework.security.web.header.HeaderWriterFilter@29ba7380, org.springframework.web.filter.CorsFilter@3f63b494, org.springframework.security.web.authentication.logout.LogoutFilter@40d5ec9c, org.springframework.security.oauth2.client.web.OAuth2AuthorizationRequestRedirectFilter@5f177e0, org.springframework.security.oauth2.client.web.OAuth2LoginAuthenticationFilter@132ba2ab, org.springframework.security.web.authentication.ui.DefaultLoginPageGeneratingFilter@24d976aa, org.springframework.security.web.authentication.ui.DefaultLogoutPageGeneratingFilter@31a38aef, org.springframework.security.web.savedrequest.RequestCacheAwareFilter@4d6a67c7, org.springframework.security.web.servletapi.SecurityContextHolderAwareRequestFilter@37b63b99, org.springframework.security.web.authentication.AnonymousAuthenticationFilter@7f53588a, org.springframework.security.web.session.SessionManagementFilter@ac337e2, org.springframework.security.web.access.ExceptionTranslationFilter@155acba5, org.springframework.security.web.access.intercept.FilterSecurityInterceptor@673cbb9f]
14:50:40.679 [main] DEBUG o.s.b.f.s.DefaultListableBeanFactory - Creating shared instance of singleton bean 'webSecurityExpressionHandler'
14:50:40.680 [main] DEBUG o.s.b.f.s.DefaultListableBeanFactory - Creating shared instance of singleton bean 'privilegeEvaluator'
14:50:40.681 [main] DEBUG o.s.b.f.s.DefaultListableBeanFactory - Creating shared instance of singleton bean 'requestDataValueProcessor'
14:50:40.682 [main] DEBUG o.s.b.f.s.DefaultListableBeanFactory - Creating shared instance of singleton bean 'org.springframework.security.config.annotation.web.configuration.OAuth2ClientConfiguration'
14:50:40.683 [main] DEBUG o.s.b.f.s.DefaultListableBeanFactory - Creating shared instance of singleton bean 'org.springframework.security.config.annotation.web.configuration.HttpSecurityConfiguration'
14:50:40.685 [main] DEBUG o.s.b.f.s.DefaultListableBeanFactory - Creating shared instance of singleton bean 'adapterDeploymentContext'
14:50:40.703 [main] DEBUG org.jboss.logging - Logging Provider: org.jboss.logging.Slf4jLoggerProvider
14:50:40.709 [main] DEBUG o.s.b.f.s.DefaultListableBeanFactory - Creating shared instance of singleton bean 'keycloakAuthenticationProcessingFilter'
14:50:40.717 [main] DEBUG o.s.b.f.s.DefaultListableBeanFactory - Creating shared instance of singleton bean 'keycloakPreAuthActionsFilter'
14:50:40.718 [main] DEBUG o.s.b.f.s.DefaultListableBeanFactory - Creating shared instance of singleton bean 'httpSessionManager'
14:50:40.722 [main] DEBUG o.s.b.f.s.DefaultListableBeanFactory - Creating shared instance of singleton bean 'keycloakSecurityContextRequestFilter'
14:50:40.724 [main] DEBUG o.s.b.f.s.DefaultListableBeanFactory - Creating shared instance of singleton bean 'keycloakAuthenticatedActionsRequestFilter'
14:50:40.725 [main] DEBUG o.s.b.f.s.DefaultListableBeanFactory - Creating shared instance of singleton bean 'mvcPatternParser'
14:50:40.726 [main] DEBUG o.s.b.f.s.DefaultListableBeanFactory - Creating shared instance of singleton bean 'mvcUrlPathHelper'
14:50:40.726 [main] DEBUG o.s.b.f.s.DefaultListableBeanFactory - Creating shared instance of singleton bean 'mvcPathMatcher'
14:50:40.727 [main] DEBUG o.s.b.f.s.DefaultListableBeanFactory - Creating shared instance of singleton bean 'requestMappingHandlerAdapter'
14:50:40.728 [main] DEBUG o.s.b.f.s.DefaultListableBeanFactory - Creating shared instance of singleton bean 'mvcValidator'
14:50:40.779 [main] INFO  o.h.validator.internal.util.Version - HV000001: Hibernate Validator 6.1.5.Final
14:50:40.816 [main] DEBUG o.h.v.m.ResourceBundleMessageInterpolator - Loaded expression factory via original TCCL
14:50:40.816 [main] DEBUG o.h.v.i.e.AbstractConfigurationImpl - Setting custom MessageInterpolator of type org.springframework.validation.beanvalidation.LocaleContextMessageInterpolator
14:50:40.817 [main] DEBUG o.h.v.i.e.AbstractConfigurationImpl - Setting custom ConstraintValidatorFactory of type org.springframework.validation.beanvalidation.SpringConstraintValidatorFactory
14:50:40.817 [main] DEBUG o.h.v.i.e.AbstractConfigurationImpl - Setting custom ParameterNameProvider of type org.springframework.validation.beanvalidation.LocalValidatorFactoryBean$1
14:50:40.821 [main] DEBUG o.h.v.i.x.config.ValidationXmlParser - Trying to load META-INF/validation.xml for XML based Validator configuration.
14:50:40.822 [main] DEBUG o.h.v.i.x.c.ResourceLoaderHelper - Trying to load META-INF/validation.xml via user class loader
14:50:40.823 [main] DEBUG o.h.v.i.x.c.ResourceLoaderHelper - Trying to load META-INF/validation.xml via TCCL
14:50:40.824 [main] DEBUG o.h.v.i.x.c.ResourceLoaderHelper - Trying to load META-INF/validation.xml via Hibernate Validator's class loader
14:50:40.824 [main] DEBUG o.h.v.i.x.config.ValidationXmlParser - No META-INF/validation.xml found. Using annotation based configuration only.
14:50:40.831 [main] DEBUG o.h.v.i.e.r.TraversableResolvers - Found javax.persistence.Persistence on classpath containing 'getPersistenceUtil'. Assuming JPA 2 environment. Trying to instantiate JPA aware TraversableResolver
14:50:40.832 [main] DEBUG o.h.v.i.e.r.TraversableResolvers - Instantiated JPA aware TraversableResolver of type org.hibernate.validator.internal.engine.resolver.JPATraversableResolver.
14:50:41.001 [main] DEBUG o.h.v.i.e.ValidatorFactoryConfigurationHelper - HV000252: Using org.hibernate.validator.internal.engine.DefaultPropertyNodeNameProvider as property node name provider.
14:50:41.008 [main] DEBUG o.h.v.i.e.ValidatorFactoryConfigurationHelper - HV000234: Using org.springframework.validation.beanvalidation.LocaleContextMessageInterpolator as ValidatorFactory-scoped message interpolator.
14:50:41.009 [main] DEBUG o.h.v.i.e.ValidatorFactoryConfigurationHelper - HV000234: Using org.hibernate.validator.internal.engine.resolver.JPATraversableResolver as ValidatorFactory-scoped traversable resolver.
14:50:41.009 [main] DEBUG o.h.v.i.e.ValidatorFactoryConfigurationHelper - HV000234: Using org.hibernate.validator.internal.util.ExecutableParameterNameProvider as ValidatorFactory-scoped parameter name provider.
14:50:41.009 [main] DEBUG o.h.v.i.e.ValidatorFactoryConfigurationHelper - HV000234: Using org.hibernate.validator.internal.engine.DefaultClockProvider as ValidatorFactory-scoped clock provider.
14:50:41.009 [main] DEBUG o.h.v.i.e.ValidatorFactoryConfigurationHelper - HV000234: Using org.hibernate.validator.internal.engine.scripting.DefaultScriptEvaluatorFactory as ValidatorFactory-scoped script evaluator factory.
14:50:41.048 [main] DEBUG o.s.b.f.s.DefaultListableBeanFactory - Autowiring by type from bean name 'requestMappingHandlerAdapter' via factory method to bean named 'mvcContentNegotiationManager'
14:50:41.048 [main] DEBUG o.s.b.f.s.DefaultListableBeanFactory - Autowiring by type from bean name 'requestMappingHandlerAdapter' via factory method to bean named 'mvcConversionService'
14:50:41.048 [main] DEBUG o.s.b.f.s.DefaultListableBeanFactory - Autowiring by type from bean name 'requestMappingHandlerAdapter' via factory method to bean named 'mvcValidator'
14:50:41.078 [main] DEBUG o.s.w.s.m.m.a.RequestMappingHandlerAdapter - ControllerAdvice beans: 0 @ModelAttribute, 0 @InitBinder, 1 RequestBodyAdvice, 1 ResponseBodyAdvice
14:50:41.122 [main] DEBUG o.s.b.f.s.DefaultListableBeanFactory - Creating shared instance of singleton bean 'handlerFunctionAdapter'
14:50:41.125 [main] DEBUG o.s.b.f.s.DefaultListableBeanFactory - Creating shared instance of singleton bean 'mvcUriComponentsContributor'
14:50:41.126 [main] DEBUG o.s.b.f.s.DefaultListableBeanFactory - Autowiring by type from bean name 'mvcUriComponentsContributor' via factory method to bean named 'mvcConversionService'
14:50:41.126 [main] DEBUG o.s.b.f.s.DefaultListableBeanFactory - Autowiring by type from bean name 'mvcUriComponentsContributor' via factory method to bean named 'requestMappingHandlerAdapter'
14:50:41.129 [main] DEBUG o.s.b.f.s.DefaultListableBeanFactory - Creating shared instance of singleton bean 'httpRequestHandlerAdapter'
14:50:41.130 [main] DEBUG o.s.b.f.s.DefaultListableBeanFactory - Creating shared instance of singleton bean 'simpleControllerHandlerAdapter'
14:50:41.130 [main] DEBUG o.s.b.f.s.DefaultListableBeanFactory - Creating shared instance of singleton bean 'handlerExceptionResolver'
14:50:41.131 [main] DEBUG o.s.b.f.s.DefaultListableBeanFactory - Autowiring by type from bean name 'handlerExceptionResolver' via factory method to bean named 'mvcContentNegotiationManager'
14:50:41.138 [main] DEBUG o.s.w.s.m.m.a.ExceptionHandlerExceptionResolver - ControllerAdvice beans: 1 @ExceptionHandler, 1 ResponseBodyAdvice
14:50:41.141 [main] DEBUG o.s.b.f.s.DefaultListableBeanFactory - Creating shared instance of singleton bean 'mvcViewResolver'
14:50:41.141 [main] DEBUG o.s.b.f.s.DefaultListableBeanFactory - Autowiring by type from bean name 'mvcViewResolver' via factory method to bean named 'mvcContentNegotiationManager'
14:50:41.150 [main] DEBUG o.s.b.f.s.DefaultListableBeanFactory - Creating shared instance of singleton bean 'localeResolver'
14:50:41.151 [main] DEBUG o.s.b.f.s.DefaultListableBeanFactory - Creating shared instance of singleton bean 'themeResolver'
14:50:41.152 [main] DEBUG o.s.b.f.s.DefaultListableBeanFactory - Creating shared instance of singleton bean 'flashMapManager'
14:50:41.155 [main] DEBUG o.s.b.f.s.DefaultListableBeanFactory - Creating shared instance of singleton bean 'viewNameTranslator'
14:50:41.156 [main] DEBUG o.s.b.f.s.DefaultListableBeanFactory - Creating shared instance of singleton bean 'keycloakRestTemplate'
14:50:41.332 [main] DEBUG o.s.b.f.s.DefaultListableBeanFactory - Autowiring by type from bean name 'keycloakRestTemplate' via factory method to bean named 'keycloakClientRequestFactory'
14:50:41.341 [main] DEBUG o.s.b.f.s.DefaultListableBeanFactory - Creating shared instance of singleton bean 'workflowsDBDAOFactory'
14:50:41.395 [main] DEBUG o.s.b.f.s.DefaultListableBeanFactory - Creating shared instance of singleton bean 'transactionManager'
14:50:41.396 [main] DEBUG o.s.b.f.s.DefaultListableBeanFactory - Autowiring by type from bean name 'transactionManager' via factory method to bean named 'lazyDataSource'
14:50:41.408 [main] DEBUG o.s.b.f.s.DefaultListableBeanFactory - Creating shared instance of singleton bean 'gridaClient'
14:50:41.408 [main] DEBUG o.s.b.f.s.DefaultListableBeanFactory - Autowiring by type from bean name 'gridaClient' via factory method to bean named 'testServer'
14:50:41.410 [main] DEBUG o.s.b.f.s.DefaultListableBeanFactory - Creating shared instance of singleton bean 'gridaPoolClient'
14:50:41.411 [main] DEBUG o.s.b.f.s.DefaultListableBeanFactory - Autowiring by type from bean name 'gridaPoolClient' via factory method to bean named 'testServer'
14:50:41.419 [main] DEBUG o.s.c.e.EventListenerMethodProcessor - 1 @EventListener methods processed on bean 'coreDataInitializer': {public void fr.insalyon.creatis.vip.core.server.dao.mysql.CoreDataInitializer.onStartup()=@org.springframework.context.event.EventListener(classes=[org.springframework.context.event.ContextRefreshedEvent], condition=, id=, value=[org.springframework.context.event.ContextRefreshedEvent])}
14:50:41.421 [main] DEBUG o.s.c.e.EventListenerMethodProcessor - 1 @EventListener methods processed on bean 'dataManagerDataInitializer': {public void fr.insalyon.creatis.vip.datamanager.server.dao.mysql.DataManagerDataInitializer.onStartup()=@org.springframework.context.event.EventListener(classes=[org.springframework.context.event.ContextRefreshedEvent], condition=, id=, value=[org.springframework.context.event.ContextRefreshedEvent])}
14:50:41.427 [main] DEBUG o.s.c.e.EventListenerMethodProcessor - 1 @EventListener methods processed on bean 'applicationDataInitializer': {public void fr.insalyon.creatis.vip.application.server.dao.mysql.ApplicationDataInitializer.onStartup()=@org.springframework.context.event.EventListener(classes=[org.springframework.context.event.ContextRefreshedEvent], condition=, id=, value=[org.springframework.context.event.ContextRefreshedEvent])}
14:50:41.430 [main] DEBUG o.s.c.e.EventListenerMethodProcessor - 1 @EventListener methods processed on bean 'publicationDataInitializer': {public void fr.insalyon.creatis.vip.publication.server.dao.PublicationDataInitializer.onStartup()=@org.springframework.context.event.EventListener(classes=[org.springframework.context.event.ContextRefreshedEvent], condition=, id=, value=[org.springframework.context.event.ContextRefreshedEvent])}
14:50:41.430 [main] DEBUG o.s.c.e.EventListenerMethodProcessor - 1 @EventListener methods processed on bean 'messagingDataInitializer': {public void fr.insalyon.creatis.vip.social.server.dao.mysql.MessagingDataInitializer.onStartup()=@org.springframework.context.event.EventListener(classes=[org.springframework.context.event.ContextRefreshedEvent], condition=, id=, value=[org.springframework.context.event.ContextRefreshedEvent])}
14:50:41.451 [main] DEBUG o.s.j.d.DataSourceTransactionManager - Creating new transaction with name [fr.insalyon.creatis.vip.core.server.dao.mysql.CoreDataInitializer.onStartup]: PROPAGATION_REQUIRED,ISOLATION_DEFAULT
14:50:41.459 [main] DEBUG o.s.j.d.DataSourceTransactionManager - Acquired Connection [Lazy Connection proxy for target DataSource [org.springframework.jdbc.datasource.embedded.EmbeddedDatabaseFactory$EmbeddedDataSourceProxy@356a99a2]] for JDBC transaction
14:50:41.461 [main] DEBUG o.s.j.d.DataSourceTransactionManager - Switching JDBC Connection [Lazy Connection proxy for target DataSource [org.springframework.jdbc.datasource.embedded.EmbeddedDatabaseFactory$EmbeddedDataSourceProxy@356a99a2]] to manual commit
14:50:41.470 [main] INFO  f.i.c.v.c.s.d.m.CoreDataInitializer - Configuring VIP core database.
14:50:41.470 [main] DEBUG o.s.j.d.DataSourceTransactionManager - Participating in existing transaction
14:50:41.476 [main] DEBUG o.s.j.d.SimpleDriverDataSource - Creating new JDBC Driver Connection to [jdbc:h2:mem:5e0ea8d1-566f-48e3-96e9-20a569482af5;DB_CLOSE_DELAY=-1;DB_CLOSE_ON_EXIT=false]
14:50:41.485 [main] INFO  f.i.c.v.c.s.d.mysql.TableInitializer - Table VIPUsers successfully created.
14:50:41.492 [main] DEBUG o.s.j.d.DataSourceTransactionManager - Participating in existing transaction
14:50:41.495 [main] DEBUG o.s.j.d.DataSourceTransactionManager - Participating in existing transaction
14:50:41.496 [main] INFO  f.i.c.v.c.s.d.mysql.TableInitializer - Table VIPGroups successfully created.
14:50:41.496 [main] DEBUG o.s.j.d.DataSourceTransactionManager - Participating in existing transaction
14:50:41.497 [main] DEBUG o.s.j.d.DataSourceTransactionManager - Participating in existing transaction
14:50:41.505 [main] INFO  f.i.c.v.c.s.d.mysql.TableInitializer - Table VIPUsersGroups successfully created.
14:50:41.505 [main] DEBUG o.s.j.d.DataSourceTransactionManager - Participating in existing transaction
14:50:41.506 [main] DEBUG o.s.j.d.DataSourceTransactionManager - Participating in existing transaction
14:50:41.510 [main] INFO  f.i.c.v.c.s.d.mysql.TableInitializer - Table VIPTermsOfuse successfully created.
14:50:41.510 [main] DEBUG o.s.j.d.DataSourceTransactionManager - Participating in existing transaction
14:50:41.511 [main] DEBUG o.s.j.d.DataSourceTransactionManager - Initiating transaction commit
14:50:41.511 [main] DEBUG o.s.j.d.DataSourceTransactionManager - Committing JDBC transaction on Connection [conn3: url=jdbc:h2:mem:5e0ea8d1-566f-48e3-96e9-20a569482af5 user=SA]
14:50:41.512 [main] DEBUG o.s.j.d.DataSourceTransactionManager - Releasing JDBC Connection [conn3: url=jdbc:h2:mem:5e0ea8d1-566f-48e3-96e9-20a569482af5 user=SA] after transaction
14:50:41.512 [main] DEBUG o.s.j.d.DataSourceTransactionManager - Creating new transaction with name [fr.insalyon.creatis.vip.datamanager.server.dao.mysql.DataManagerDataInitializer.onStartup]: PROPAGATION_REQUIRED,ISOLATION_DEFAULT
14:50:41.512 [main] DEBUG o.s.j.d.DataSourceTransactionManager - Acquired Connection [Lazy Connection proxy for target DataSource [org.springframework.jdbc.datasource.embedded.EmbeddedDatabaseFactory$EmbeddedDataSourceProxy@356a99a2]] for JDBC transaction
14:50:41.513 [main] DEBUG o.s.j.d.DataSourceTransactionManager - Switching JDBC Connection [Lazy Connection proxy for target DataSource [org.springframework.jdbc.datasource.embedded.EmbeddedDatabaseFactory$EmbeddedDataSourceProxy@356a99a2]] to manual commit
14:50:41.519 [main] INFO  f.i.c.v.d.s.d.m.DataManagerDataInitializer - Configuring VIP SSH database.
14:50:41.519 [main] DEBUG o.s.j.d.DataSourceTransactionManager - Participating in existing transaction
14:50:41.520 [main] DEBUG o.s.j.d.SimpleDriverDataSource - Creating new JDBC Driver Connection to [jdbc:h2:mem:5e0ea8d1-566f-48e3-96e9-20a569482af5;DB_CLOSE_DELAY=-1;DB_CLOSE_ON_EXIT=false]
14:50:41.523 [main] INFO  f.i.c.v.c.s.d.mysql.TableInitializer - Table VIPSSHAccounts successfully created.
14:50:41.523 [main] INFO  f.i.c.v.d.s.d.m.DataManagerDataInitializer - Configuring VIP External Platforms database.
14:50:41.523 [main] DEBUG o.s.j.d.DataSourceTransactionManager - Participating in existing transaction
14:50:41.523 [main] INFO  f.i.c.v.c.s.d.mysql.TableInitializer - Table VIPExternalPlatforms successfully created.
14:50:41.523 [main] INFO  f.i.c.v.d.s.d.m.DataManagerDataInitializer - Configuring VIP api keys database.
14:50:41.523 [main] DEBUG o.s.j.d.DataSourceTransactionManager - Participating in existing transaction
14:50:41.526 [main] INFO  f.i.c.v.c.s.d.mysql.TableInitializer - Table VIPApiKeys successfully created.
14:50:41.527 [main] DEBUG o.s.j.d.DataSourceTransactionManager - Initiating transaction commit
14:50:41.527 [main] DEBUG o.s.j.d.DataSourceTransactionManager - Committing JDBC transaction on Connection [conn4: url=jdbc:h2:mem:5e0ea8d1-566f-48e3-96e9-20a569482af5 user=SA]
14:50:41.527 [main] DEBUG o.s.j.d.DataSourceTransactionManager - Releasing JDBC Connection [conn4: url=jdbc:h2:mem:5e0ea8d1-566f-48e3-96e9-20a569482af5 user=SA] after transaction
14:50:41.527 [main] DEBUG o.s.j.d.DataSourceTransactionManager - Creating new transaction with name [fr.insalyon.creatis.vip.application.server.dao.mysql.ApplicationDataInitializer.onStartup]: PROPAGATION_REQUIRED,ISOLATION_DEFAULT
14:50:41.528 [main] DEBUG o.s.j.d.DataSourceTransactionManager - Acquired Connection [Lazy Connection proxy for target DataSource [org.springframework.jdbc.datasource.embedded.EmbeddedDatabaseFactory$EmbeddedDataSourceProxy@356a99a2]] for JDBC transaction
14:50:41.528 [main] DEBUG o.s.j.d.DataSourceTransactionManager - Switching JDBC Connection [Lazy Connection proxy for target DataSource [org.springframework.jdbc.datasource.embedded.EmbeddedDatabaseFactory$EmbeddedDataSourceProxy@356a99a2]] to manual commit
14:50:41.536 [main] INFO  f.i.c.v.a.s.d.m.ApplicationDataInitializer - Configuring VIP Application database.
14:50:41.536 [main] DEBUG o.s.j.d.DataSourceTransactionManager - Participating in existing transaction
14:50:41.537 [main] DEBUG o.s.j.d.SimpleDriverDataSource - Creating new JDBC Driver Connection to [jdbc:h2:mem:5e0ea8d1-566f-48e3-96e9-20a569482af5;DB_CLOSE_DELAY=-1;DB_CLOSE_ON_EXIT=false]
14:50:41.538 [main] INFO  f.i.c.v.c.s.d.mysql.TableInitializer - Table VIPEngines successfully created.
14:50:41.538 [main] DEBUG o.s.j.d.DataSourceTransactionManager - Participating in existing transaction
14:50:41.538 [main] INFO  f.i.c.v.c.s.d.mysql.TableInitializer - Table VIPClasses successfully created.
14:50:41.538 [main] DEBUG o.s.j.d.DataSourceTransactionManager - Participating in existing transaction
14:50:41.541 [main] INFO  f.i.c.v.c.s.d.mysql.TableInitializer - Table VIPClassesEngines successfully created.
14:50:41.541 [main] DEBUG o.s.j.d.DataSourceTransactionManager - Participating in existing transaction
14:50:41.544 [main] INFO  f.i.c.v.c.s.d.mysql.TableInitializer - Table VIPGroupsClasses successfully created.
14:50:41.545 [main] DEBUG o.s.j.d.DataSourceTransactionManager - Participating in existing transaction
14:50:41.546 [main] INFO  f.i.c.v.c.s.d.mysql.TableInitializer - Table VIPApplications successfully created.
14:50:41.547 [main] DEBUG o.s.j.d.DataSourceTransactionManager - Participating in existing transaction
14:50:41.549 [main] INFO  f.i.c.v.c.s.d.mysql.TableInitializer - Table VIPAppVersions successfully created.
14:50:41.549 [main] DEBUG o.s.j.d.DataSourceTransactionManager - Participating in existing transaction
14:50:41.552 [main] INFO  f.i.c.v.c.s.d.mysql.TableInitializer - Table VIPApplicationClasses successfully created.
14:50:41.552 [main] DEBUG o.s.j.d.DataSourceTransactionManager - Participating in existing transaction
14:50:41.554 [main] INFO  f.i.c.v.c.s.d.mysql.TableInitializer - Table VIPAppInputs successfully created.
14:50:41.554 [main] DEBUG o.s.j.d.DataSourceTransactionManager - Participating in existing transaction
14:50:41.555 [main] INFO  f.i.c.v.c.s.d.mysql.TableInitializer - Table VIPAppExamples successfully created.
14:50:41.555 [main] DEBUG o.s.j.d.DataSourceTransactionManager - Initiating transaction commit
14:50:41.555 [main] DEBUG o.s.j.d.DataSourceTransactionManager - Committing JDBC transaction on Connection [conn5: url=jdbc:h2:mem:5e0ea8d1-566f-48e3-96e9-20a569482af5 user=SA]
14:50:41.555 [main] DEBUG o.s.j.d.DataSourceTransactionManager - Releasing JDBC Connection [conn5: url=jdbc:h2:mem:5e0ea8d1-566f-48e3-96e9-20a569482af5 user=SA] after transaction
14:50:41.556 [main] DEBUG o.s.j.d.DataSourceTransactionManager - Creating new transaction with name [fr.insalyon.creatis.vip.social.server.dao.mysql.MessagingDataInitializer.onStartup]: PROPAGATION_REQUIRED,ISOLATION_DEFAULT
14:50:41.556 [main] DEBUG o.s.j.d.DataSourceTransactionManager - Acquired Connection [Lazy Connection proxy for target DataSource [org.springframework.jdbc.datasource.embedded.EmbeddedDatabaseFactory$EmbeddedDataSourceProxy@356a99a2]] for JDBC transaction
14:50:41.557 [main] DEBUG o.s.j.d.DataSourceTransactionManager - Switching JDBC Connection [Lazy Connection proxy for target DataSource [org.springframework.jdbc.datasource.embedded.EmbeddedDatabaseFactory$EmbeddedDataSourceProxy@356a99a2]] to manual commit
14:50:41.562 [main] INFO  f.i.c.v.s.s.d.m.MessagingDataInitializer - Configuring VIP Social database.
14:50:41.562 [main] DEBUG o.s.j.d.DataSourceTransactionManager - Participating in existing transaction
14:50:41.562 [main] DEBUG o.s.j.d.SimpleDriverDataSource - Creating new JDBC Driver Connection to [jdbc:h2:mem:5e0ea8d1-566f-48e3-96e9-20a569482af5;DB_CLOSE_DELAY=-1;DB_CLOSE_ON_EXIT=false]
14:50:41.565 [main] INFO  f.i.c.v.c.s.d.mysql.TableInitializer - Table VIPSocialMessage successfully created.
14:50:41.566 [main] DEBUG o.s.j.d.DataSourceTransactionManager - Participating in existing transaction
14:50:41.569 [main] INFO  f.i.c.v.c.s.d.mysql.TableInitializer - Table VIPSocialMessageSenderReceiver successfully created.
14:50:41.569 [main] DEBUG o.s.j.d.DataSourceTransactionManager - Participating in existing transaction
14:50:41.573 [main] INFO  f.i.c.v.c.s.d.mysql.TableInitializer - Table VIPSocialGroupMessage successfully created.
14:50:41.573 [main] DEBUG o.s.j.d.DataSourceTransactionManager - Initiating transaction commit
14:50:41.573 [main] DEBUG o.s.j.d.DataSourceTransactionManager - Committing JDBC transaction on Connection [conn6: url=jdbc:h2:mem:5e0ea8d1-566f-48e3-96e9-20a569482af5 user=SA]
14:50:41.573 [main] DEBUG o.s.j.d.DataSourceTransactionManager - Releasing JDBC Connection [conn6: url=jdbc:h2:mem:5e0ea8d1-566f-48e3-96e9-20a569482af5 user=SA] after transaction
14:50:41.573 [main] DEBUG o.s.j.d.DataSourceTransactionManager - Creating new transaction with name [fr.insalyon.creatis.vip.publication.server.dao.PublicationDataInitializer.onStartup]: PROPAGATION_REQUIRED,ISOLATION_DEFAULT
14:50:41.574 [main] DEBUG o.s.j.d.DataSourceTransactionManager - Acquired Connection [Lazy Connection proxy for target DataSource [org.springframework.jdbc.datasource.embedded.EmbeddedDatabaseFactory$EmbeddedDataSourceProxy@356a99a2]] for JDBC transaction
14:50:41.575 [main] DEBUG o.s.j.d.DataSourceTransactionManager - Switching JDBC Connection [Lazy Connection proxy for target DataSource [org.springframework.jdbc.datasource.embedded.EmbeddedDatabaseFactory$EmbeddedDataSourceProxy@356a99a2]] to manual commit
14:50:41.583 [main] INFO  f.i.c.v.p.s.d.PublicationDataInitializer - Configuring VIP Publication database.
14:50:41.583 [main] DEBUG o.s.j.d.DataSourceTransactionManager - Participating in existing transaction
14:50:41.584 [main] DEBUG o.s.j.d.SimpleDriverDataSource - Creating new JDBC Driver Connection to [jdbc:h2:mem:5e0ea8d1-566f-48e3-96e9-20a569482af5;DB_CLOSE_DELAY=-1;DB_CLOSE_ON_EXIT=false]
14:50:41.588 [main] INFO  f.i.c.v.c.s.d.mysql.TableInitializer - Table VIPPublication successfully created.
14:50:41.588 [main] DEBUG o.s.j.d.DataSourceTransactionManager - Initiating transaction commit
14:50:41.588 [main] DEBUG o.s.j.d.DataSourceTransactionManager - Committing JDBC transaction on Connection [conn7: url=jdbc:h2:mem:5e0ea8d1-566f-48e3-96e9-20a569482af5 user=SA]
14:50:41.588 [main] DEBUG o.s.j.d.DataSourceTransactionManager - Releasing JDBC Connection [conn7: url=jdbc:h2:mem:5e0ea8d1-566f-48e3-96e9-20a569482af5 user=SA] after transaction
14:50:41.588 [main] DEBUG f.i.c.vip.api.business.VipConfigurer - first check : configure VIP
14:50:41.588 [main] INFO  f.i.c.vip.api.business.VipConfigurer - New VIP configuration necessary
14:50:41.588 [main] DEBUG o.s.j.d.DataSourceTransactionManager - Creating new transaction with name [fr.insalyon.creatis.vip.core.server.business.ConfigurationBusiness.configure]: PROPAGATION_REQUIRED,ISOLATION_DEFAULT
14:50:41.589 [main] DEBUG o.s.j.d.DataSourceTransactionManager - Acquired Connection [Lazy Connection proxy for target DataSource [org.springframework.jdbc.datasource.embedded.EmbeddedDatabaseFactory$EmbeddedDataSourceProxy@356a99a2]] for JDBC transaction
14:50:41.590 [main] DEBUG o.s.j.d.DataSourceTransactionManager - Switching JDBC Connection [Lazy Connection proxy for target DataSource [org.springframework.jdbc.datasource.embedded.EmbeddedDatabaseFactory$EmbeddedDataSourceProxy@356a99a2]] to manual commit
14:50:41.602 [main] DEBUG f.i.c.v.c.s.b.ConfigurationBusiness - Configuring VIP server proxy.
14:50:41.605 [main] DEBUG o.s.j.d.DataSourceTransactionManager - Initiating transaction commit
14:50:41.605 [main] DEBUG o.s.j.d.DataSourceTransactionManager - Committing JDBC transaction on Connection [Lazy Connection proxy for target DataSource [org.springframework.jdbc.datasource.embedded.EmbeddedDatabaseFactory$EmbeddedDataSourceProxy@356a99a2]]
14:50:41.606 [main] DEBUG o.s.j.d.DataSourceTransactionManager - Releasing JDBC Connection [Lazy Connection proxy for target DataSource [org.springframework.jdbc.datasource.embedded.EmbeddedDatabaseFactory$EmbeddedDataSourceProxy@356a99a2]] after transaction
14:50:41.609 [main] DEBUG o.springframework.jndi.JndiTemplate - Looking up JNDI object with name [java:comp/env/spring.liveBeansView.mbeanDomain]
14:50:41.609 [main] DEBUG jndi - InitialContextFactory.getInitialContext()
14:50:41.609 [main] DEBUG jndi - Created initial context delegate for local namespace:org.eclipse.jetty.jndi.local.localContextRoot@8f771e1
14:50:41.610 [main] DEBUG o.e.j.j.java.javaURLContextFactory - >>> new root context requested 
14:50:41.610 [main] DEBUG jndi - Looking up name="comp/env/spring.liveBeansView.mbeanDomain"
14:50:41.610 [main] DEBUG jndi - Trying thread context classloader
14:50:41.610 [main] DEBUG jndi - Looking up name="env/spring.liveBeansView.mbeanDomain"
14:50:41.610 [main] DEBUG o.s.jndi.JndiLocatorDelegate - Converted JNDI name [java:comp/env/spring.liveBeansView.mbeanDomain] not found - trying original name [spring.liveBeansView.mbeanDomain]. javax.naming.NameNotFoundException; remaining name 'env/spring.liveBeansView.mbeanDomain'
14:50:41.610 [main] DEBUG o.springframework.jndi.JndiTemplate - Looking up JNDI object with name [spring.liveBeansView.mbeanDomain]
14:50:41.610 [main] DEBUG jndi - InitialContextFactory.getInitialContext()
14:50:41.610 [main] DEBUG jndi - Created initial context delegate for local namespace:org.eclipse.jetty.jndi.local.localContextRoot@7b05c69a
14:50:41.610 [main] DEBUG jndi - Looking up name="spring.liveBeansView.mbeanDomain"
14:50:41.610 [main] DEBUG o.s.jndi.JndiPropertySource - JNDI lookup for name [spring.liveBeansView.mbeanDomain] threw NamingException with message: null. Returning null.
14:50:41.614 [main] DEBUG o.s.t.c.c.DefaultCacheAwareContextLoaderDelegate - Storing ApplicationContext [557640526] in cache under key [[WebMergedContextConfiguration@51869ad6 testClass = VipWebConfigurationIT, locations = '{}', classes = '{class fr.insalyon.creatis.vip.core.server.SpringCoreConfig}', contextInitializerClasses = '[]', activeProfiles = '{test-db, test}', propertySourceLocations = '{}', propertySourceProperties = '{db.tableEngine=, vipConfigFolder=classpath:}', contextCustomizers = set[[empty]], resourceBasePath = 'src/main/webapp', contextLoader = 'org.springframework.test.context.web.WebDelegatingSmartContextLoader', parent = [null]]]
14:50:41.614 [main] DEBUG o.springframework.test.context.cache - Spring test ApplicationContext cache statistics: [DefaultContextCache@5e51751c size = 1, maxSize = 32, parentContextCount = 0, hitCount = 0, missCount = 1]
14:50:41.615 [main] DEBUG o.s.t.c.w.ServletTestExecutionListener - Setting up MockHttpServletRequest, MockHttpServletResponse, ServletWebRequest, and RequestContextHolder for test context [DefaultTestContext@36511772 testClass = VipWebConfigurationIT, testInstance = fr.insalyon.creatis.vip.integrationtest.VipWebConfigurationIT@5d1058c6, testMethod = [null], testException = [null], mergedContextConfiguration = [WebMergedContextConfiguration@51869ad6 testClass = VipWebConfigurationIT, locations = '{}', classes = '{class fr.insalyon.creatis.vip.core.server.SpringCoreConfig}', contextInitializerClasses = '[]', activeProfiles = '{test-db, test}', propertySourceLocations = '{}', propertySourceProperties = '{db.tableEngine=, vipConfigFolder=classpath:}', contextCustomizers = set[[empty]], resourceBasePath = 'src/main/webapp', contextLoader = 'org.springframework.test.context.web.WebDelegatingSmartContextLoader', parent = [null]], attributes = map[[empty]]].
14:50:41.638 [main] DEBUG o.s.t.c.s.DependencyInjectionTestExecutionListener - Performing dependency injection for test context [[DefaultTestContext@36511772 testClass = VipWebConfigurationIT, testInstance = fr.insalyon.creatis.vip.integrationtest.VipWebConfigurationIT@5d1058c6, testMethod = [null], testException = [null], mergedContextConfiguration = [WebMergedContextConfiguration@51869ad6 testClass = VipWebConfigurationIT, locations = '{}', classes = '{class fr.insalyon.creatis.vip.core.server.SpringCoreConfig}', contextInitializerClasses = '[]', activeProfiles = '{test-db, test}', propertySourceLocations = '{}', propertySourceProperties = '{db.tableEngine=, vipConfigFolder=classpath:}', contextCustomizers = set[[empty]], resourceBasePath = 'src/main/webapp', contextLoader = 'org.springframework.test.context.web.WebDelegatingSmartContextLoader', parent = [null]], attributes = map['org.springframework.test.context.web.ServletTestExecutionListener.populatedRequestContextHolder' -> true, 'org.springframework.test.context.web.ServletTestExecutionListener.resetRequestContextHolder' -> true, 'org.springframework.test.context.event.ApplicationEventsTestExecutionListener.recordApplicationEvents' -> false]]].
14:50:41.639 [main] DEBUG o.s.t.c.c.DefaultCacheAwareContextLoaderDelegate - Retrieved ApplicationContext [557640526] from cache with key [[WebMergedContextConfiguration@51869ad6 testClass = VipWebConfigurationIT, locations = '{}', classes = '{class fr.insalyon.creatis.vip.core.server.SpringCoreConfig}', contextInitializerClasses = '[]', activeProfiles = '{test-db, test}', propertySourceLocations = '{}', propertySourceProperties = '{db.tableEngine=, vipConfigFolder=classpath:}', contextCustomizers = set[[empty]], resourceBasePath = 'src/main/webapp', contextLoader = 'org.springframework.test.context.web.WebDelegatingSmartContextLoader', parent = [null]]]
14:50:41.639 [main] DEBUG o.springframework.test.context.cache - Spring test ApplicationContext cache statistics: [DefaultContextCache@5e51751c size = 1, maxSize = 32, parentContextCount = 0, hitCount = 1, missCount = 1]
14:50:41.643 [main] DEBUG o.s.t.c.c.DefaultCacheAwareContextLoaderDelegate - Retrieved ApplicationContext [557640526] from cache with key [[WebMergedContextConfiguration@51869ad6 testClass = VipWebConfigurationIT, locations = '{}', classes = '{class fr.insalyon.creatis.vip.core.server.SpringCoreConfig}', contextInitializerClasses = '[]', activeProfiles = '{test-db, test}', propertySourceLocations = '{}', propertySourceProperties = '{db.tableEngine=, vipConfigFolder=classpath:}', contextCustomizers = set[[empty]], resourceBasePath = 'src/main/webapp', contextLoader = 'org.springframework.test.context.web.WebDelegatingSmartContextLoader', parent = [null]]]
14:50:41.643 [main] DEBUG o.springframework.test.context.cache - Spring test ApplicationContext cache statistics: [DefaultContextCache@5e51751c size = 1, maxSize = 32, parentContextCount = 0, hitCount = 2, missCount = 1]
14:50:41.659 [main] DEBUG o.s.t.c.s.AbstractDirtiesContextTestExecutionListener - Before test method: context [DefaultTestContext@36511772 testClass = VipWebConfigurationIT, testInstance = fr.insalyon.creatis.vip.integrationtest.VipWebConfigurationIT@5d1058c6, testMethod = testGetPipelines@VipWebConfigurationIT, testException = [null], mergedContextConfiguration = [WebMergedContextConfiguration@51869ad6 testClass = VipWebConfigurationIT, locations = '{}', classes = '{class fr.insalyon.creatis.vip.core.server.SpringCoreConfig}', contextInitializerClasses = '[]', activeProfiles = '{test-db, test}', propertySourceLocations = '{}', propertySourceProperties = '{db.tableEngine=, vipConfigFolder=classpath:}', contextCustomizers = set[[empty]], resourceBasePath = 'src/main/webapp', contextLoader = 'org.springframework.test.context.web.WebDelegatingSmartContextLoader', parent = [null]], attributes = map['org.springframework.test.context.web.ServletTestExecutionListener.populatedRequestContextHolder' -> true, 'org.springframework.test.context.web.ServletTestExecutionListener.resetRequestContextHolder' -> true, 'org.springframework.test.context.event.ApplicationEventsTestExecutionListener.recordApplicationEvents' -> false]], class annotated with @DirtiesContext [false] with mode [null], method annotated with @DirtiesContext [false] with mode [null].
14:50:41.664 [main] DEBUG o.s.t.c.t.TransactionalTestExecutionListener - Explicit transaction definition [PROPAGATION_REQUIRED,ISOLATION_DEFAULT] found for test context [DefaultTestContext@36511772 testClass = VipWebConfigurationIT, testInstance = fr.insalyon.creatis.vip.integrationtest.VipWebConfigurationIT@5d1058c6, testMethod = testGetPipelines@VipWebConfigurationIT, testException = [null], mergedContextConfiguration = [WebMergedContextConfiguration@51869ad6 testClass = VipWebConfigurationIT, locations = '{}', classes = '{class fr.insalyon.creatis.vip.core.server.SpringCoreConfig}', contextInitializerClasses = '[]', activeProfiles = '{test-db, test}', propertySourceLocations = '{}', propertySourceProperties = '{db.tableEngine=, vipConfigFolder=classpath:}', contextCustomizers = set[[empty]], resourceBasePath = 'src/main/webapp', contextLoader = 'org.springframework.test.context.web.WebDelegatingSmartContextLoader', parent = [null]], attributes = map['org.springframework.test.context.web.ServletTestExecutionListener.populatedRequestContextHolder' -> true, 'org.springframework.test.context.web.ServletTestExecutionListener.resetRequestContextHolder' -> true, 'org.springframework.test.context.event.ApplicationEventsTestExecutionListener.recordApplicationEvents' -> false]]
14:50:41.664 [main] DEBUG o.s.t.c.c.DefaultCacheAwareContextLoaderDelegate - Retrieved ApplicationContext [557640526] from cache with key [[WebMergedContextConfiguration@51869ad6 testClass = VipWebConfigurationIT, locations = '{}', classes = '{class fr.insalyon.creatis.vip.core.server.SpringCoreConfig}', contextInitializerClasses = '[]', activeProfiles = '{test-db, test}', propertySourceLocations = '{}', propertySourceProperties = '{db.tableEngine=, vipConfigFolder=classpath:}', contextCustomizers = set[[empty]], resourceBasePath = 'src/main/webapp', contextLoader = 'org.springframework.test.context.web.WebDelegatingSmartContextLoader', parent = [null]]]
14:50:41.664 [main] DEBUG o.springframework.test.context.cache - Spring test ApplicationContext cache statistics: [DefaultContextCache@5e51751c size = 1, maxSize = 32, parentContextCount = 0, hitCount = 3, missCount = 1]
14:50:41.668 [main] DEBUG o.s.t.c.t.TransactionalTestExecutionListener - No method-level @Rollback override: using default rollback [true] for test context [DefaultTestContext@36511772 testClass = VipWebConfigurationIT, testInstance = fr.insalyon.creatis.vip.integrationtest.VipWebConfigurationIT@5d1058c6, testMethod = testGetPipelines@VipWebConfigurationIT, testException = [null], mergedContextConfiguration = [WebMergedContextConfiguration@51869ad6 testClass = VipWebConfigurationIT, locations = '{}', classes = '{class fr.insalyon.creatis.vip.core.server.SpringCoreConfig}', contextInitializerClasses = '[]', activeProfiles = '{test-db, test}', propertySourceLocations = '{}', propertySourceProperties = '{db.tableEngine=, vipConfigFolder=classpath:}', contextCustomizers = set[[empty]], resourceBasePath = 'src/main/webapp', contextLoader = 'org.springframework.test.context.web.WebDelegatingSmartContextLoader', parent = [null]], attributes = map['org.springframework.test.context.web.ServletTestExecutionListener.populatedRequestContextHolder' -> true, 'org.springframework.test.context.web.ServletTestExecutionListener.resetRequestContextHolder' -> true, 'org.springframework.test.context.event.ApplicationEventsTestExecutionListener.recordApplicationEvents' -> false]].
14:50:41.670 [main] DEBUG o.s.j.d.DataSourceTransactionManager - Creating new transaction with name [fr.insalyon.creatis.vip.integrationtest.VipWebConfigurationIT.testGetPipelines]: PROPAGATION_REQUIRED,ISOLATION_DEFAULT
14:50:41.670 [main] DEBUG o.s.j.d.DataSourceTransactionManager - Acquired Connection [Lazy Connection proxy for target DataSource [org.springframework.jdbc.datasource.embedded.EmbeddedDatabaseFactory$EmbeddedDataSourceProxy@356a99a2]] for JDBC transaction
14:50:41.671 [main] DEBUG o.s.j.d.DataSourceTransactionManager - Switching JDBC Connection [Lazy Connection proxy for target DataSource [org.springframework.jdbc.datasource.embedded.EmbeddedDatabaseFactory$EmbeddedDataSourceProxy@356a99a2]] to manual commit
14:50:41.671 [main] INFO  o.s.t.c.t.TransactionContext - Began transaction (1) for test context [DefaultTestContext@36511772 testClass = VipWebConfigurationIT, testInstance = fr.insalyon.creatis.vip.integrationtest.VipWebConfigurationIT@5d1058c6, testMethod = testGetPipelines@VipWebConfigurationIT, testException = [null], mergedContextConfiguration = [WebMergedContextConfiguration@51869ad6 testClass = VipWebConfigurationIT, locations = '{}', classes = '{class fr.insalyon.creatis.vip.core.server.SpringCoreConfig}', contextInitializerClasses = '[]', activeProfiles = '{test-db, test}', propertySourceLocations = '{}', propertySourceProperties = '{db.tableEngine=, vipConfigFolder=classpath:}', contextCustomizers = set[[empty]], resourceBasePath = 'src/main/webapp', contextLoader = 'org.springframework.test.context.web.WebDelegatingSmartContextLoader', parent = [null]], attributes = map['org.springframework.test.context.web.ServletTestExecutionListener.populatedRequestContextHolder' -> true, 'org.springframework.test.context.web.ServletTestExecutionListener.resetRequestContextHolder' -> true, 'org.springframework.test.context.event.ApplicationEventsTestExecutionListener.recordApplicationEvents' -> false]]; transaction manager [org.springframework.jdbc.datasource.DataSourceTransactionManager@783bdc04]; rollback [true]
14:50:41.677 [main] DEBUG o.s.t.c.c.DefaultCacheAwareContextLoaderDelegate - Retrieved ApplicationContext [557640526] from cache with key [[WebMergedContextConfiguration@51869ad6 testClass = VipWebConfigurationIT, locations = '{}', classes = '{class fr.insalyon.creatis.vip.core.server.SpringCoreConfig}', contextInitializerClasses = '[]', activeProfiles = '{test-db, test}', propertySourceLocations = '{}', propertySourceProperties = '{db.tableEngine=, vipConfigFolder=classpath:}', contextCustomizers = set[[empty]], resourceBasePath = 'src/main/webapp', contextLoader = 'org.springframework.test.context.web.WebDelegatingSmartContextLoader', parent = [null]]]
14:50:41.677 [main] DEBUG o.springframework.test.context.cache - Spring test ApplicationContext cache statistics: [DefaultContextCache@5e51751c size = 1, maxSize = 32, parentContextCount = 0, hitCount = 4, missCount = 1]
14:50:41.731 [main] INFO  o.s.mock.web.MockServletContext - Initializing Spring TestDispatcherServlet ''
14:50:41.731 [main] INFO  o.s.t.w.s.TestDispatcherServlet - Initializing Servlet ''
14:50:41.732 [main] DEBUG o.s.t.w.s.TestDispatcherServlet - Detected AcceptHeaderLocaleResolver
14:50:41.732 [main] DEBUG o.s.t.w.s.TestDispatcherServlet - Detected FixedThemeResolver
14:50:41.733 [main] DEBUG o.s.t.w.s.TestDispatcherServlet - Detected org.springframework.web.servlet.view.DefaultRequestToViewNameTranslator@74130dc8
14:50:41.733 [main] DEBUG o.s.t.w.s.TestDispatcherServlet - Detected org.springframework.web.servlet.support.SessionFlashMapManager@1f23f5ea
14:50:41.733 [main] DEBUG o.s.t.w.s.TestDispatcherServlet - enableLoggingRequestDetails='false': request parameters and headers will be masked to prevent unsafe logging of potentially sensitive data
14:50:41.733 [main] INFO  o.s.t.w.s.TestDispatcherServlet - Completed initialization in 2 ms
14:50:41.736 [main] DEBUG o.s.t.c.c.DefaultCacheAwareContextLoaderDelegate - Retrieved ApplicationContext [557640526] from cache with key [[WebMergedContextConfiguration@51869ad6 testClass = VipWebConfigurationIT, locations = '{}', classes = '{class fr.insalyon.creatis.vip.core.server.SpringCoreConfig}', contextInitializerClasses = '[]', activeProfiles = '{test-db, test}', propertySourceLocations = '{}', propertySourceProperties = '{db.tableEngine=, vipConfigFolder=classpath:}', contextCustomizers = set[[empty]], resourceBasePath = 'src/main/webapp', contextLoader = 'org.springframework.test.context.web.WebDelegatingSmartContextLoader', parent = [null]]]
14:50:41.736 [main] DEBUG o.springframework.test.context.cache - Spring test ApplicationContext cache statistics: [DefaultContextCache@5e51751c size = 1, maxSize = 32, parentContextCount = 0, hitCount = 5, missCount = 1]
14:50:41.741 [main] DEBUG o.s.j.d.DataSourceTransactionManager - Participating in existing transaction
User = testEmail@test.tst
14:50:41.742 [main] INFO  f.i.c.v.c.s.b.ConfigurationBusiness - verifying testEmail@test.tst. List of undesired mail domains: . 
14:50:41.742 [main] INFO  f.i.c.v.c.s.b.ConfigurationBusiness - Signing up . List of undesired countries: .
14:50:41.749 [main] DEBUG o.s.j.d.DataSourceTransactionManager - Participating in existing transaction
14:50:41.750 [main] DEBUG o.s.j.d.SimpleDriverDataSource - Creating new JDBC Driver Connection to [jdbc:h2:mem:5e0ea8d1-566f-48e3-96e9-20a569482af5;DB_CLOSE_DELAY=-1;DB_CLOSE_ON_EXIT=false]
14:50:41.755 [main] INFO  f.i.c.v.c.s.b.ConfigurationBusiness - Sending confirmation email to 'testEmail@test.tst'.
14:50:41.776 [main] DEBUG o.s.j.d.DataSourceTransactionManager - Participating in existing transaction
14:50:41.787 [main] DEBUG o.s.test.util.ReflectionTestUtils - Invoking method 'getFilters' on target object [FilterChainProxy[Filter Chains: [DefaultSecurityFilterChain [RequestMatcher=Ant [pattern='/rest/**'], Filters=[org.springframework.security.web.context.request.async.WebAsyncManagerIntegrationFilter@2b0a97c9, org.springframework.security.web.context.SecurityContextPersistenceFilter@8c761c9, org.springframework.security.web.header.HeaderWriterFilter@61b39e54, org.springframework.web.filter.CorsFilter@330fb33e, org.springframework.security.web.authentication.logout.LogoutFilter@3941812e, fr.insalyon.creatis.vip.api.security.apikey.ApikeyAuthenticationFilter@6de1ab4e, org.springframework.security.web.savedrequest.RequestCacheAwareFilter@4a3e60ea, org.springframework.security.web.servletapi.SecurityContextHolderAwareRequestFilter@56afe705, org.springframework.security.web.authentication.AnonymousAuthenticationFilter@6bbbd22c, org.springframework.security.web.session.SessionManagementFilter@28dd35cc, org.springframework.security.web.access.ExceptionTranslationFilter@65485066, org.springframework.security.web.access.intercept.FilterSecurityInterceptor@7ea8211f]], DefaultSecurityFilterChain [RequestMatcher=any request, Filters=[org.springframework.security.web.context.request.async.WebAsyncManagerIntegrationFilter@afccbdd, org.springframework.security.web.context.SecurityContextPersistenceFilter@e2e8244, org.springframework.security.web.header.HeaderWriterFilter@29ba7380, org.springframework.web.filter.CorsFilter@3f63b494, org.springframework.security.web.authentication.logout.LogoutFilter@40d5ec9c, org.springframework.security.oauth2.client.web.OAuth2AuthorizationRequestRedirectFilter@5f177e0, org.springframework.security.oauth2.client.web.OAuth2LoginAuthenticationFilter@132ba2ab, org.springframework.security.web.authentication.ui.DefaultLoginPageGeneratingFilter@24d976aa, org.springframework.security.web.authentication.ui.DefaultLogoutPageGeneratingFilter@31a38aef, org.springframework.security.web.savedrequest.RequestCacheAwareFilter@4d6a67c7, org.springframework.security.web.servletapi.SecurityContextHolderAwareRequestFilter@37b63b99, org.springframework.security.web.authentication.AnonymousAuthenticationFilter@7f53588a, org.springframework.security.web.session.SessionManagementFilter@ac337e2, org.springframework.security.web.access.ExceptionTranslationFilter@155acba5, org.springframework.security.web.access.intercept.FilterSecurityInterceptor@673cbb9f]]]]] or target class [null] with arguments {org.springframework.mock.web.MockHttpServletRequest@22526001}
14:50:41.788 [main] DEBUG o.s.test.util.ReflectionTestUtils - Getting field 'repo' from target object [org.springframework.security.web.context.SecurityContextPersistenceFilter@8c761c9] or target class [class org.springframework.security.web.context.SecurityContextPersistenceFilter]
14:50:41.788 [main] DEBUG o.s.test.util.ReflectionTestUtils - Invoking method 'getFilters' on target object [FilterChainProxy[Filter Chains: [DefaultSecurityFilterChain [RequestMatcher=Ant [pattern='/rest/**'], Filters=[org.springframework.security.web.context.request.async.WebAsyncManagerIntegrationFilter@2b0a97c9, org.springframework.security.web.context.SecurityContextPersistenceFilter@8c761c9, org.springframework.security.web.header.HeaderWriterFilter@61b39e54, org.springframework.web.filter.CorsFilter@330fb33e, org.springframework.security.web.authentication.logout.LogoutFilter@3941812e, fr.insalyon.creatis.vip.api.security.apikey.ApikeyAuthenticationFilter@6de1ab4e, org.springframework.security.web.savedrequest.RequestCacheAwareFilter@4a3e60ea, org.springframework.security.web.servletapi.SecurityContextHolderAwareRequestFilter@56afe705, org.springframework.security.web.authentication.AnonymousAuthenticationFilter@6bbbd22c, org.springframework.security.web.session.SessionManagementFilter@28dd35cc, org.springframework.security.web.access.ExceptionTranslationFilter@65485066, org.springframework.security.web.access.intercept.FilterSecurityInterceptor@7ea8211f]], DefaultSecurityFilterChain [RequestMatcher=any request, Filters=[org.springframework.security.web.context.request.async.WebAsyncManagerIntegrationFilter@afccbdd, org.springframework.security.web.context.SecurityContextPersistenceFilter@e2e8244, org.springframework.security.web.header.HeaderWriterFilter@29ba7380, org.springframework.web.filter.CorsFilter@3f63b494, org.springframework.security.web.authentication.logout.LogoutFilter@40d5ec9c, org.springframework.security.oauth2.client.web.OAuth2AuthorizationRequestRedirectFilter@5f177e0, org.springframework.security.oauth2.client.web.OAuth2LoginAuthenticationFilter@132ba2ab, org.springframework.security.web.authentication.ui.DefaultLoginPageGeneratingFilter@24d976aa, org.springframework.security.web.authentication.ui.DefaultLogoutPageGeneratingFilter@31a38aef, org.springframework.security.web.savedrequest.RequestCacheAwareFilter@4d6a67c7, org.springframework.security.web.servletapi.SecurityContextHolderAwareRequestFilter@37b63b99, org.springframework.security.web.authentication.AnonymousAuthenticationFilter@7f53588a, org.springframework.security.web.session.SessionManagementFilter@ac337e2, org.springframework.security.web.access.ExceptionTranslationFilter@155acba5, org.springframework.security.web.access.intercept.FilterSecurityInterceptor@673cbb9f]]]]] or target class [null] with arguments {org.springframework.mock.web.MockHttpServletRequest@22526001}
14:50:41.788 [main] DEBUG o.s.test.util.ReflectionTestUtils - Setting field 'repo' of type [null] on target object [org.springframework.security.web.context.SecurityContextPersistenceFilter@8c761c9] or target class [class org.springframework.security.web.context.SecurityContextPersistenceFilter] to value [org.springframework.security.test.web.servlet.request.SecurityMockMvcRequestPostProcessors$SecurityContextRequestPostProcessorSupport$TestSecurityContextRepository@3d4b5263]
14:50:41.792 [main] DEBUG o.s.s.w.c.HttpSessionSecurityContextRepository - Created HttpSession as SecurityContext is non-default
14:50:41.792 [main] DEBUG o.s.s.w.c.HttpSessionSecurityContextRepository - Stored SecurityContextImpl [Authentication=UsernamePasswordAuthenticationToken [Principal=fr.insalyon.creatis.vip.api.security.apikey.SpringApiPrincipal@262ecd5f, Credentials=[PROTECTED], Authenticated=true, Details=null, Granted Authorities=[]]] to HttpSession [org.springframework.mock.web.MockHttpSession@2f80d164]
14:50:41.795 [main] DEBUG o.s.security.web.FilterChainProxy - Securing GET /rest/pipelines
14:50:41.798 [main] DEBUG o.s.s.w.c.HttpSessionSecurityContextRepository - Retrieved SecurityContextImpl [Authentication=UsernamePasswordAuthenticationToken [Principal=fr.insalyon.creatis.vip.api.security.apikey.SpringApiPrincipal@262ecd5f, Credentials=[PROTECTED], Authenticated=true, Details=null, Granted Authorities=[]]]
14:50:41.799 [main] DEBUG o.s.s.w.c.SecurityContextPersistenceFilter - Set SecurityContextHolder to SecurityContextImpl [Authentication=UsernamePasswordAuthenticationToken [Principal=fr.insalyon.creatis.vip.api.security.apikey.SpringApiPrincipal@262ecd5f, Credentials=[PROTECTED], Authenticated=true, Details=null, Granted Authorities=[]]]
14:50:41.802 [main] DEBUG o.s.w.s.m.m.a.RequestMappingHandlerMapping - Mapped to fr.insalyon.creatis.vip.api.controller.processing.PipelineController#listPipelines(String)
14:50:41.804 [main] DEBUG f.i.c.v.a.s.a.ApikeyAuthenticationFilter - no apikey header apikey_test found.
14:50:41.807 [main] DEBUG o.s.s.w.u.m.RegexRequestMatcher - Checking match of request : '/rest/pipelines'; against '/rest/pipelines\?public'
14:50:41.814 [main] DEBUG o.s.s.w.a.i.FilterSecurityInterceptor - Authorized filter invocation [GET /rest/pipelines] with attributes [authenticated]
14:50:41.814 [main] DEBUG o.s.security.web.FilterChainProxy - Secured GET /rest/pipelines
14:50:41.817 [main] DEBUG o.s.t.w.s.TestDispatcherServlet - GET "/rest/pipelines", parameters={}
14:50:41.818 [main] DEBUG o.s.w.s.m.m.a.RequestMappingHandlerMapping - Mapped to fr.insalyon.creatis.vip.api.controller.processing.PipelineController#listPipelines(String)
14:50:41.818 [main] DEBUG f.i.c.vip.api.business.VipConfigurer - comparing java.util.GregorianCalendar[time=1688734241606,areFieldsSet=true,areAllFieldsSet=true,lenient=true,zone=sun.util.calendar.ZoneInfo[id="Europe/Paris",offset=3600000,dstSavings=3600000,useDaylight=true,transitions=184,lastRule=java.util.SimpleTimeZone[id=Europe/Paris,offset=3600000,dstSavings=3600000,useDaylight=true,startYear=0,startMode=2,startMonth=2,startDay=-1,startDayOfWeek=1,startTime=3600000,startTimeMode=2,endMode=2,endMonth=9,endDay=-1,endDayOfWeek=1,endTime=3600000,endTimeMode=2]],firstDayOfWeek=2,minimalDaysInFirstWeek=4,ERA=1,YEAR=2023,MONTH=6,WEEK_OF_YEAR=27,WEEK_OF_MONTH=1,DAY_OF_MONTH=7,DAY_OF_YEAR=188,DAY_OF_WEEK=6,DAY_OF_WEEK_IN_MONTH=1,AM_PM=1,HOUR=2,HOUR_OF_DAY=14,MINUTE=50,SECOND=41,MILLISECOND=606,ZONE_OFFSET=3600000,DST_OFFSET=3600000] to now java.util.GregorianCalendar[time=1688734241818,areFieldsSet=true,areAllFieldsSet=true,lenient=true,zone=sun.util.calendar.ZoneInfo[id="Europe/Paris",offset=3600000,dstSavings=3600000,useDaylight=true,transitions=184,lastRule=java.util.SimpleTimeZone[id=Europe/Paris,offset=3600000,dstSavings=3600000,useDaylight=true,startYear=0,startMode=2,startMonth=2,startDay=-1,startDayOfWeek=1,startTime=3600000,startTimeMode=2,endMode=2,endMonth=9,endDay=-1,endDayOfWeek=1,endTime=3600000,endTimeMode=2]],firstDayOfWeek=2,minimalDaysInFirstWeek=4,ERA=1,YEAR=2023,MONTH=6,WEEK_OF_YEAR=27,WEEK_OF_MONTH=1,DAY_OF_MONTH=7,DAY_OF_YEAR=188,DAY_OF_WEEK=6,DAY_OF_WEEK_IN_MONTH=1,AM_PM=1,HOUR=2,HOUR_OF_DAY=14,MINUTE=50,SECOND=41,MILLISECOND=818,ZONE_OFFSET=3600000,DST_OFFSET=3600000] to check configuration
14:50:41.819 [main] DEBUG f.i.c.vip.api.business.VipConfigurer - no need to reconfigure
14:50:41.840 [main] DEBUG f.i.c.v.a.c.p.PipelineController - (testEmail@test.tst) Calling API method listPipelines} ([null])
14:50:41.840 [main] DEBUG o.s.j.d.DataSourceTransactionManager - Participating in existing transaction
14:50:41.846 [main] DEBUG o.s.j.d.DataSourceTransactionManager - Participating in existing transaction
14:50:41.850 [main] DEBUG o.s.j.d.DataSourceTransactionManager - Participating in existing transaction
14:50:41.857 [main] DEBUG o.s.j.d.DataSourceTransactionManager - Participating in existing transaction
14:50:41.879 [main] DEBUG o.s.w.s.m.m.a.RequestResponseBodyMethodProcessor - Using 'application/json', given [*/*] and supported [application/json, application/*+json]
14:50:41.879 [main] DEBUG o.s.w.s.m.m.a.RequestResponseBodyMethodProcessor - Writing [{}]
14:50:41.889 [main] DEBUG o.s.t.w.s.TestDispatcherServlet - Completed 200 OK
14:50:41.890 [main] DEBUG o.s.s.w.c.SecurityContextPersistenceFilter - Cleared SecurityContextHolder to complete request

MockHttpServletRequest:
      HTTP Method = GET
      Request URI = /rest/pipelines
       Parameters = {}
          Headers = []
             Body = <no character encoding set>
    Session Attrs = {SPRING_SECURITY_CONTEXT=SecurityContextImpl [Authentication=UsernamePasswordAuthenticationToken [Principal=fr.insalyon.creatis.vip.api.security.apikey.SpringApiPrincipal@262ecd5f, Credentials=[PROTECTED], Authenticated=true, Details=null, Granted Authorities=[]]]}

Handler:
             Type = fr.insalyon.creatis.vip.api.controller.processing.PipelineController
           Method = fr.insalyon.creatis.vip.api.controller.processing.PipelineController#listPipelines(String)

Async:
    Async started = false
     Async result = null

Resolved Exception:
             Type = null

ModelAndView:
        View name = null
             View = null
            Model = null

FlashMap:
       Attributes = null

MockHttpServletResponse:
           Status = 200
    Error message = null
          Headers = [Vary:"Origin", "Access-Control-Request-Method", "Access-Control-Request-Headers", Content-Type:"application/json", X-Content-Type-Options:"nosniff", X-XSS-Protection:"1; mode=block", Cache-Control:"no-cache, no-store, max-age=0, must-revalidate", Pragma:"no-cache", Expires:"0", X-Frame-Options:"SAMEORIGIN"]
     Content type = application/json
             Body = []
    Forwarded URL = null
   Redirected URL = null
          Cookies = []
14:50:42.003 [main] DEBUG c.j.j.internal.path.CompiledPath - Evaluating path: $[*]
14:50:42.010 [main] DEBUG o.s.t.c.c.DefaultCacheAwareContextLoaderDelegate - Retrieved ApplicationContext [557640526] from cache with key [[WebMergedContextConfiguration@51869ad6 testClass = VipWebConfigurationIT, locations = '{}', classes = '{class fr.insalyon.creatis.vip.core.server.SpringCoreConfig}', contextInitializerClasses = '[]', activeProfiles = '{test-db, test}', propertySourceLocations = '{}', propertySourceProperties = '{db.tableEngine=, vipConfigFolder=classpath:}', contextCustomizers = set[[empty]], resourceBasePath = 'src/main/webapp', contextLoader = 'org.springframework.test.context.web.WebDelegatingSmartContextLoader', parent = [null]]]
14:50:42.010 [main] DEBUG o.springframework.test.context.cache - Spring test ApplicationContext cache statistics: [DefaultContextCache@5e51751c size = 1, maxSize = 32, parentContextCount = 0, hitCount = 6, missCount = 1]
14:50:42.012 [main] DEBUG o.s.t.c.c.DefaultCacheAwareContextLoaderDelegate - Retrieved ApplicationContext [557640526] from cache with key [[WebMergedContextConfiguration@51869ad6 testClass = VipWebConfigurationIT, locations = '{}', classes = '{class fr.insalyon.creatis.vip.core.server.SpringCoreConfig}', contextInitializerClasses = '[]', activeProfiles = '{test-db, test}', propertySourceLocations = '{}', propertySourceProperties = '{db.tableEngine=, vipConfigFolder=classpath:}', contextCustomizers = set[[empty]], resourceBasePath = 'src/main/webapp', contextLoader = 'org.springframework.test.context.web.WebDelegatingSmartContextLoader', parent = [null]]]
14:50:42.012 [main] DEBUG o.springframework.test.context.cache - Spring test ApplicationContext cache statistics: [DefaultContextCache@5e51751c size = 1, maxSize = 32, parentContextCount = 0, hitCount = 7, missCount = 1]
14:50:42.013 [main] DEBUG o.s.j.d.DataSourceTransactionManager - Initiating transaction rollback
14:50:42.013 [main] DEBUG o.s.j.d.DataSourceTransactionManager - Rolling back JDBC transaction on Connection [conn8: url=jdbc:h2:mem:5e0ea8d1-566f-48e3-96e9-20a569482af5 user=SA]
14:50:42.013 [main] DEBUG o.s.j.d.DataSourceTransactionManager - Releasing JDBC Connection [conn8: url=jdbc:h2:mem:5e0ea8d1-566f-48e3-96e9-20a569482af5 user=SA] after transaction
14:50:42.013 [main] INFO  o.s.t.c.t.TransactionContext - Rolled back transaction for test: [DefaultTestContext@36511772 testClass = VipWebConfigurationIT, testInstance = fr.insalyon.creatis.vip.integrationtest.VipWebConfigurationIT@5d1058c6, testMethod = testGetPipelines@VipWebConfigurationIT, testException = [null], mergedContextConfiguration = [WebMergedContextConfiguration@51869ad6 testClass = VipWebConfigurationIT, locations = '{}', classes = '{class fr.insalyon.creatis.vip.core.server.SpringCoreConfig}', contextInitializerClasses = '[]', activeProfiles = '{test-db, test}', propertySourceLocations = '{}', propertySourceProperties = '{db.tableEngine=, vipConfigFolder=classpath:}', contextCustomizers = set[[empty]], resourceBasePath = 'src/main/webapp', contextLoader = 'org.springframework.test.context.web.WebDelegatingSmartContextLoader', parent = [null]], attributes = map['org.springframework.test.context.web.ServletTestExecutionListener.populatedRequestContextHolder' -> true, 'org.springframework.test.context.web.ServletTestExecutionListener.resetRequestContextHolder' -> true, 'org.springframework.test.context.event.ApplicationEventsTestExecutionListener.recordApplicationEvents' -> false]]
14:50:42.014 [main] DEBUG o.s.t.c.s.AbstractDirtiesContextTestExecutionListener - After test method: context [DefaultTestContext@36511772 testClass = VipWebConfigurationIT, testInstance = fr.insalyon.creatis.vip.integrationtest.VipWebConfigurationIT@5d1058c6, testMethod = testGetPipelines@VipWebConfigurationIT, testException = [null], mergedContextConfiguration = [WebMergedContextConfiguration@51869ad6 testClass = VipWebConfigurationIT, locations = '{}', classes = '{class fr.insalyon.creatis.vip.core.server.SpringCoreConfig}', contextInitializerClasses = '[]', activeProfiles = '{test-db, test}', propertySourceLocations = '{}', propertySourceProperties = '{db.tableEngine=, vipConfigFolder=classpath:}', contextCustomizers = set[[empty]], resourceBasePath = 'src/main/webapp', contextLoader = 'org.springframework.test.context.web.WebDelegatingSmartContextLoader', parent = [null]], attributes = map['org.springframework.test.context.web.ServletTestExecutionListener.populatedRequestContextHolder' -> true, 'org.springframework.test.context.web.ServletTestExecutionListener.resetRequestContextHolder' -> true, 'org.springframework.test.context.event.ApplicationEventsTestExecutionListener.recordApplicationEvents' -> false]], class annotated with @DirtiesContext [false] with mode [null], method annotated with @DirtiesContext [false] with mode [null].
14:50:42.014 [main] DEBUG o.s.t.c.w.ServletTestExecutionListener - Resetting RequestContextHolder for test context [DefaultTestContext@36511772 testClass = VipWebConfigurationIT, testInstance = fr.insalyon.creatis.vip.integrationtest.VipWebConfigurationIT@5d1058c6, testMethod = testGetPipelines@VipWebConfigurationIT, testException = [null], mergedContextConfiguration = [WebMergedContextConfiguration@51869ad6 testClass = VipWebConfigurationIT, locations = '{}', classes = '{class fr.insalyon.creatis.vip.core.server.SpringCoreConfig}', contextInitializerClasses = '[]', activeProfiles = '{test-db, test}', propertySourceLocations = '{}', propertySourceProperties = '{db.tableEngine=, vipConfigFolder=classpath:}', contextCustomizers = set[[empty]], resourceBasePath = 'src/main/webapp', contextLoader = 'org.springframework.test.context.web.WebDelegatingSmartContextLoader', parent = [null]], attributes = map['org.springframework.test.context.web.ServletTestExecutionListener.populatedRequestContextHolder' -> true, 'org.springframework.test.context.web.ServletTestExecutionListener.resetRequestContextHolder' -> true, 'org.springframework.test.context.event.ApplicationEventsTestExecutionListener.recordApplicationEvents' -> false]].
]]></system-out>
  </testcase>
  <testcase name="testGetPlatformProperties" classname="fr.insalyon.creatis.vip.integrationtest.VipWebConfigurationIT" time="0.072">
    <system-out><![CDATA[14:50:42.020 [main] DEBUG o.s.t.c.c.DefaultCacheAwareContextLoaderDelegate - Retrieved ApplicationContext [557640526] from cache with key [[WebMergedContextConfiguration@51869ad6 testClass = VipWebConfigurationIT, locations = '{}', classes = '{class fr.insalyon.creatis.vip.core.server.SpringCoreConfig}', contextInitializerClasses = '[]', activeProfiles = '{test-db, test}', propertySourceLocations = '{}', propertySourceProperties = '{db.tableEngine=, vipConfigFolder=classpath:}', contextCustomizers = set[[empty]], resourceBasePath = 'src/main/webapp', contextLoader = 'org.springframework.test.context.web.WebDelegatingSmartContextLoader', parent = [null]]]
14:50:42.020 [main] DEBUG o.springframework.test.context.cache - Spring test ApplicationContext cache statistics: [DefaultContextCache@5e51751c size = 1, maxSize = 32, parentContextCount = 0, hitCount = 8, missCount = 1]
14:50:42.020 [main] DEBUG o.s.t.c.w.ServletTestExecutionListener - Setting up MockHttpServletRequest, MockHttpServletResponse, ServletWebRequest, and RequestContextHolder for test context [DefaultTestContext@36511772 testClass = VipWebConfigurationIT, testInstance = fr.insalyon.creatis.vip.integrationtest.VipWebConfigurationIT@5c2b7512, testMethod = [null], testException = [null], mergedContextConfiguration = [WebMergedContextConfiguration@51869ad6 testClass = VipWebConfigurationIT, locations = '{}', classes = '{class fr.insalyon.creatis.vip.core.server.SpringCoreConfig}', contextInitializerClasses = '[]', activeProfiles = '{test-db, test}', propertySourceLocations = '{}', propertySourceProperties = '{db.tableEngine=, vipConfigFolder=classpath:}', contextCustomizers = set[[empty]], resourceBasePath = 'src/main/webapp', contextLoader = 'org.springframework.test.context.web.WebDelegatingSmartContextLoader', parent = [null]], attributes = map['org.springframework.test.context.event.ApplicationEventsTestExecutionListener.recordApplicationEvents' -> false, 'org.springframework.test.context.support.DependencyInjectionTestExecutionListener.reinjectDependencies' -> true]].
14:50:42.020 [main] DEBUG o.s.t.c.s.DependencyInjectionTestExecutionListener - Performing dependency injection for test context [[DefaultTestContext@36511772 testClass = VipWebConfigurationIT, testInstance = fr.insalyon.creatis.vip.integrationtest.VipWebConfigurationIT@5c2b7512, testMethod = [null], testException = [null], mergedContextConfiguration = [WebMergedContextConfiguration@51869ad6 testClass = VipWebConfigurationIT, locations = '{}', classes = '{class fr.insalyon.creatis.vip.core.server.SpringCoreConfig}', contextInitializerClasses = '[]', activeProfiles = '{test-db, test}', propertySourceLocations = '{}', propertySourceProperties = '{db.tableEngine=, vipConfigFolder=classpath:}', contextCustomizers = set[[empty]], resourceBasePath = 'src/main/webapp', contextLoader = 'org.springframework.test.context.web.WebDelegatingSmartContextLoader', parent = [null]], attributes = map['org.springframework.test.context.web.ServletTestExecutionListener.populatedRequestContextHolder' -> true, 'org.springframework.test.context.web.ServletTestExecutionListener.resetRequestContextHolder' -> true, 'org.springframework.test.context.event.ApplicationEventsTestExecutionListener.recordApplicationEvents' -> false, 'org.springframework.test.context.support.DependencyInjectionTestExecutionListener.reinjectDependencies' -> true]]].
14:50:42.020 [main] DEBUG o.s.t.c.c.DefaultCacheAwareContextLoaderDelegate - Retrieved ApplicationContext [557640526] from cache with key [[WebMergedContextConfiguration@51869ad6 testClass = VipWebConfigurationIT, locations = '{}', classes = '{class fr.insalyon.creatis.vip.core.server.SpringCoreConfig}', contextInitializerClasses = '[]', activeProfiles = '{test-db, test}', propertySourceLocations = '{}', propertySourceProperties = '{db.tableEngine=, vipConfigFolder=classpath:}', contextCustomizers = set[[empty]], resourceBasePath = 'src/main/webapp', contextLoader = 'org.springframework.test.context.web.WebDelegatingSmartContextLoader', parent = [null]]]
14:50:42.020 [main] DEBUG o.springframework.test.context.cache - Spring test ApplicationContext cache statistics: [DefaultContextCache@5e51751c size = 1, maxSize = 32, parentContextCount = 0, hitCount = 9, missCount = 1]
14:50:42.020 [main] DEBUG o.s.t.c.c.DefaultCacheAwareContextLoaderDelegate - Retrieved ApplicationContext [557640526] from cache with key [[WebMergedContextConfiguration@51869ad6 testClass = VipWebConfigurationIT, locations = '{}', classes = '{class fr.insalyon.creatis.vip.core.server.SpringCoreConfig}', contextInitializerClasses = '[]', activeProfiles = '{test-db, test}', propertySourceLocations = '{}', propertySourceProperties = '{db.tableEngine=, vipConfigFolder=classpath:}', contextCustomizers = set[[empty]], resourceBasePath = 'src/main/webapp', contextLoader = 'org.springframework.test.context.web.WebDelegatingSmartContextLoader', parent = [null]]]
14:50:42.020 [main] DEBUG o.springframework.test.context.cache - Spring test ApplicationContext cache statistics: [DefaultContextCache@5e51751c size = 1, maxSize = 32, parentContextCount = 0, hitCount = 10, missCount = 1]
14:50:42.022 [main] DEBUG o.s.t.c.s.AbstractDirtiesContextTestExecutionListener - Before test method: context [DefaultTestContext@36511772 testClass = VipWebConfigurationIT, testInstance = fr.insalyon.creatis.vip.integrationtest.VipWebConfigurationIT@5c2b7512, testMethod = testGetPlatformProperties@VipWebConfigurationIT, testException = [null], mergedContextConfiguration = [WebMergedContextConfiguration@51869ad6 testClass = VipWebConfigurationIT, locations = '{}', classes = '{class fr.insalyon.creatis.vip.core.server.SpringCoreConfig}', contextInitializerClasses = '[]', activeProfiles = '{test-db, test}', propertySourceLocations = '{}', propertySourceProperties = '{db.tableEngine=, vipConfigFolder=classpath:}', contextCustomizers = set[[empty]], resourceBasePath = 'src/main/webapp', contextLoader = 'org.springframework.test.context.web.WebDelegatingSmartContextLoader', parent = [null]], attributes = map['org.springframework.test.context.web.ServletTestExecutionListener.populatedRequestContextHolder' -> true, 'org.springframework.test.context.web.ServletTestExecutionListener.resetRequestContextHolder' -> true, 'org.springframework.test.context.event.ApplicationEventsTestExecutionListener.recordApplicationEvents' -> false]], class annotated with @DirtiesContext [false] with mode [null], method annotated with @DirtiesContext [false] with mode [null].
14:50:42.022 [main] DEBUG o.s.t.c.t.TransactionalTestExecutionListener - Explicit transaction definition [PROPAGATION_REQUIRED,ISOLATION_DEFAULT] found for test context [DefaultTestContext@36511772 testClass = VipWebConfigurationIT, testInstance = fr.insalyon.creatis.vip.integrationtest.VipWebConfigurationIT@5c2b7512, testMethod = testGetPlatformProperties@VipWebConfigurationIT, testException = [null], mergedContextConfiguration = [WebMergedContextConfiguration@51869ad6 testClass = VipWebConfigurationIT, locations = '{}', classes = '{class fr.insalyon.creatis.vip.core.server.SpringCoreConfig}', contextInitializerClasses = '[]', activeProfiles = '{test-db, test}', propertySourceLocations = '{}', propertySourceProperties = '{db.tableEngine=, vipConfigFolder=classpath:}', contextCustomizers = set[[empty]], resourceBasePath = 'src/main/webapp', contextLoader = 'org.springframework.test.context.web.WebDelegatingSmartContextLoader', parent = [null]], attributes = map['org.springframework.test.context.web.ServletTestExecutionListener.populatedRequestContextHolder' -> true, 'org.springframework.test.context.web.ServletTestExecutionListener.resetRequestContextHolder' -> true, 'org.springframework.test.context.event.ApplicationEventsTestExecutionListener.recordApplicationEvents' -> false]]
14:50:42.022 [main] DEBUG o.s.t.c.c.DefaultCacheAwareContextLoaderDelegate - Retrieved ApplicationContext [557640526] from cache with key [[WebMergedContextConfiguration@51869ad6 testClass = VipWebConfigurationIT, locations = '{}', classes = '{class fr.insalyon.creatis.vip.core.server.SpringCoreConfig}', contextInitializerClasses = '[]', activeProfiles = '{test-db, test}', propertySourceLocations = '{}', propertySourceProperties = '{db.tableEngine=, vipConfigFolder=classpath:}', contextCustomizers = set[[empty]], resourceBasePath = 'src/main/webapp', contextLoader = 'org.springframework.test.context.web.WebDelegatingSmartContextLoader', parent = [null]]]
14:50:42.022 [main] DEBUG o.springframework.test.context.cache - Spring test ApplicationContext cache statistics: [DefaultContextCache@5e51751c size = 1, maxSize = 32, parentContextCount = 0, hitCount = 11, missCount = 1]
14:50:42.022 [main] DEBUG o.s.t.c.t.TransactionalTestExecutionListener - No method-level @Rollback override: using default rollback [true] for test context [DefaultTestContext@36511772 testClass = VipWebConfigurationIT, testInstance = fr.insalyon.creatis.vip.integrationtest.VipWebConfigurationIT@5c2b7512, testMethod = testGetPlatformProperties@VipWebConfigurationIT, testException = [null], mergedContextConfiguration = [WebMergedContextConfiguration@51869ad6 testClass = VipWebConfigurationIT, locations = '{}', classes = '{class fr.insalyon.creatis.vip.core.server.SpringCoreConfig}', contextInitializerClasses = '[]', activeProfiles = '{test-db, test}', propertySourceLocations = '{}', propertySourceProperties = '{db.tableEngine=, vipConfigFolder=classpath:}', contextCustomizers = set[[empty]], resourceBasePath = 'src/main/webapp', contextLoader = 'org.springframework.test.context.web.WebDelegatingSmartContextLoader', parent = [null]], attributes = map['org.springframework.test.context.web.ServletTestExecutionListener.populatedRequestContextHolder' -> true, 'org.springframework.test.context.web.ServletTestExecutionListener.resetRequestContextHolder' -> true, 'org.springframework.test.context.event.ApplicationEventsTestExecutionListener.recordApplicationEvents' -> false]].
14:50:42.022 [main] DEBUG o.s.j.d.DataSourceTransactionManager - Creating new transaction with name [fr.insalyon.creatis.vip.integrationtest.VipWebConfigurationIT.testGetPlatformProperties]: PROPAGATION_REQUIRED,ISOLATION_DEFAULT
14:50:42.023 [main] DEBUG o.s.j.d.DataSourceTransactionManager - Acquired Connection [Lazy Connection proxy for target DataSource [org.springframework.jdbc.datasource.embedded.EmbeddedDatabaseFactory$EmbeddedDataSourceProxy@356a99a2]] for JDBC transaction
14:50:42.023 [main] DEBUG o.s.j.d.DataSourceTransactionManager - Switching JDBC Connection [Lazy Connection proxy for target DataSource [org.springframework.jdbc.datasource.embedded.EmbeddedDatabaseFactory$EmbeddedDataSourceProxy@356a99a2]] to manual commit
14:50:42.023 [main] INFO  o.s.t.c.t.TransactionContext - Began transaction (1) for test context [DefaultTestContext@36511772 testClass = VipWebConfigurationIT, testInstance = fr.insalyon.creatis.vip.integrationtest.VipWebConfigurationIT@5c2b7512, testMethod = testGetPlatformProperties@VipWebConfigurationIT, testException = [null], mergedContextConfiguration = [WebMergedContextConfiguration@51869ad6 testClass = VipWebConfigurationIT, locations = '{}', classes = '{class fr.insalyon.creatis.vip.core.server.SpringCoreConfig}', contextInitializerClasses = '[]', activeProfiles = '{test-db, test}', propertySourceLocations = '{}', propertySourceProperties = '{db.tableEngine=, vipConfigFolder=classpath:}', contextCustomizers = set[[empty]], resourceBasePath = 'src/main/webapp', contextLoader = 'org.springframework.test.context.web.WebDelegatingSmartContextLoader', parent = [null]], attributes = map['org.springframework.test.context.web.ServletTestExecutionListener.populatedRequestContextHolder' -> true, 'org.springframework.test.context.web.ServletTestExecutionListener.resetRequestContextHolder' -> true, 'org.springframework.test.context.event.ApplicationEventsTestExecutionListener.recordApplicationEvents' -> false]]; transaction manager [org.springframework.jdbc.datasource.DataSourceTransactionManager@783bdc04]; rollback [true]
14:50:42.024 [main] DEBUG o.s.t.c.c.DefaultCacheAwareContextLoaderDelegate - Retrieved ApplicationContext [557640526] from cache with key [[WebMergedContextConfiguration@51869ad6 testClass = VipWebConfigurationIT, locations = '{}', classes = '{class fr.insalyon.creatis.vip.core.server.SpringCoreConfig}', contextInitializerClasses = '[]', activeProfiles = '{test-db, test}', propertySourceLocations = '{}', propertySourceProperties = '{db.tableEngine=, vipConfigFolder=classpath:}', contextCustomizers = set[[empty]], resourceBasePath = 'src/main/webapp', contextLoader = 'org.springframework.test.context.web.WebDelegatingSmartContextLoader', parent = [null]]]
14:50:42.024 [main] DEBUG o.springframework.test.context.cache - Spring test ApplicationContext cache statistics: [DefaultContextCache@5e51751c size = 1, maxSize = 32, parentContextCount = 0, hitCount = 12, missCount = 1]
14:50:42.024 [main] INFO  o.s.mock.web.MockServletContext - Initializing Spring TestDispatcherServlet ''
14:50:42.024 [main] INFO  o.s.t.w.s.TestDispatcherServlet - Initializing Servlet ''
14:50:42.024 [main] DEBUG o.s.t.w.s.TestDispatcherServlet - Detected AcceptHeaderLocaleResolver
14:50:42.024 [main] DEBUG o.s.t.w.s.TestDispatcherServlet - Detected FixedThemeResolver
14:50:42.025 [main] DEBUG o.s.t.w.s.TestDispatcherServlet - Detected org.springframework.web.servlet.view.DefaultRequestToViewNameTranslator@74130dc8
14:50:42.025 [main] DEBUG o.s.t.w.s.TestDispatcherServlet - Detected org.springframework.web.servlet.support.SessionFlashMapManager@1f23f5ea
14:50:42.025 [main] DEBUG o.s.t.w.s.TestDispatcherServlet - enableLoggingRequestDetails='false': request parameters and headers will be masked to prevent unsafe logging of potentially sensitive data
14:50:42.025 [main] INFO  o.s.t.w.s.TestDispatcherServlet - Completed initialization in 1 ms
14:50:42.025 [main] DEBUG o.s.t.c.c.DefaultCacheAwareContextLoaderDelegate - Retrieved ApplicationContext [557640526] from cache with key [[WebMergedContextConfiguration@51869ad6 testClass = VipWebConfigurationIT, locations = '{}', classes = '{class fr.insalyon.creatis.vip.core.server.SpringCoreConfig}', contextInitializerClasses = '[]', activeProfiles = '{test-db, test}', propertySourceLocations = '{}', propertySourceProperties = '{db.tableEngine=, vipConfigFolder=classpath:}', contextCustomizers = set[[empty]], resourceBasePath = 'src/main/webapp', contextLoader = 'org.springframework.test.context.web.WebDelegatingSmartContextLoader', parent = [null]]]
14:50:42.025 [main] DEBUG o.springframework.test.context.cache - Spring test ApplicationContext cache statistics: [DefaultContextCache@5e51751c size = 1, maxSize = 32, parentContextCount = 0, hitCount = 13, missCount = 1]
14:50:42.026 [main] DEBUG o.s.security.web.FilterChainProxy - Securing GET /rest/platform
14:50:42.026 [main] DEBUG o.s.s.w.c.SecurityContextPersistenceFilter - Set SecurityContextHolder to empty SecurityContext
14:50:42.026 [main] DEBUG o.s.w.s.m.m.a.RequestMappingHandlerMapping - Mapped to fr.insalyon.creatis.vip.api.controller.PlatformController#getPlatformProperties()
14:50:42.026 [main] DEBUG f.i.c.v.a.s.a.ApikeyAuthenticationFilter - no apikey header apikey_test found.
14:50:42.027 [main] DEBUG o.s.s.w.a.AnonymousAuthenticationFilter - Set SecurityContextHolder to anonymous SecurityContext
14:50:42.027 [main] DEBUG o.s.s.w.a.i.FilterSecurityInterceptor - Authorized filter invocation [GET /rest/platform] with attributes [permitAll]
14:50:42.027 [main] DEBUG o.s.security.web.FilterChainProxy - Secured GET /rest/platform
14:50:42.027 [main] DEBUG o.s.t.w.s.TestDispatcherServlet - GET "/rest/platform", parameters={}
14:50:42.027 [main] DEBUG o.s.w.s.m.m.a.RequestMappingHandlerMapping - Mapped to fr.insalyon.creatis.vip.api.controller.PlatformController#getPlatformProperties()
14:50:42.028 [main] DEBUG f.i.c.vip.api.business.VipConfigurer - comparing java.util.GregorianCalendar[time=1688734241606,areFieldsSet=true,areAllFieldsSet=true,lenient=true,zone=sun.util.calendar.ZoneInfo[id="Europe/Paris",offset=3600000,dstSavings=3600000,useDaylight=true,transitions=184,lastRule=java.util.SimpleTimeZone[id=Europe/Paris,offset=3600000,dstSavings=3600000,useDaylight=true,startYear=0,startMode=2,startMonth=2,startDay=-1,startDayOfWeek=1,startTime=3600000,startTimeMode=2,endMode=2,endMonth=9,endDay=-1,endDayOfWeek=1,endTime=3600000,endTimeMode=2]],firstDayOfWeek=2,minimalDaysInFirstWeek=4,ERA=1,YEAR=2023,MONTH=6,WEEK_OF_YEAR=27,WEEK_OF_MONTH=1,DAY_OF_MONTH=7,DAY_OF_YEAR=188,DAY_OF_WEEK=6,DAY_OF_WEEK_IN_MONTH=1,AM_PM=1,HOUR=2,HOUR_OF_DAY=14,MINUTE=50,SECOND=41,MILLISECOND=606,ZONE_OFFSET=3600000,DST_OFFSET=3600000] to now java.util.GregorianCalendar[time=1688734242028,areFieldsSet=true,areAllFieldsSet=true,lenient=true,zone=sun.util.calendar.ZoneInfo[id="Europe/Paris",offset=3600000,dstSavings=3600000,useDaylight=true,transitions=184,lastRule=java.util.SimpleTimeZone[id=Europe/Paris,offset=3600000,dstSavings=3600000,useDaylight=true,startYear=0,startMode=2,startMonth=2,startDay=-1,startDayOfWeek=1,startTime=3600000,startTimeMode=2,endMode=2,endMonth=9,endDay=-1,endDayOfWeek=1,endTime=3600000,endTimeMode=2]],firstDayOfWeek=2,minimalDaysInFirstWeek=4,ERA=1,YEAR=2023,MONTH=6,WEEK_OF_YEAR=27,WEEK_OF_MONTH=1,DAY_OF_MONTH=7,DAY_OF_YEAR=188,DAY_OF_WEEK=6,DAY_OF_WEEK_IN_MONTH=1,AM_PM=1,HOUR=2,HOUR_OF_DAY=14,MINUTE=50,SECOND=42,MILLISECOND=28,ZONE_OFFSET=3600000,DST_OFFSET=3600000] to check configuration
14:50:42.028 [main] DEBUG f.i.c.vip.api.business.VipConfigurer - no need to reconfigure
14:50:42.029 [main] DEBUG f.i.c.v.a.c.PlatformController - (Anonymous) Calling API method getPlatformProperties} ([])
14:50:42.029 [main] DEBUG o.springframework.jndi.JndiTemplate - Looking up JNDI object with name [java:comp/env/carmin.platform.name]
14:50:42.029 [main] DEBUG jndi - InitialContextFactory.getInitialContext()
14:50:42.029 [main] DEBUG jndi - Created initial context delegate for local namespace:org.eclipse.jetty.jndi.local.localContextRoot@528ddf21
14:50:42.029 [main] DEBUG o.e.j.j.java.javaURLContextFactory - >>> new root context requested 
14:50:42.029 [main] DEBUG jndi - Looking up name="comp/env/carmin.platform.name"
14:50:42.029 [main] DEBUG jndi - Trying thread context classloader
14:50:42.029 [main] DEBUG jndi - Looking up name="env/carmin.platform.name"
14:50:42.029 [main] DEBUG o.s.jndi.JndiLocatorDelegate - Converted JNDI name [java:comp/env/carmin.platform.name] not found - trying original name [carmin.platform.name]. javax.naming.NameNotFoundException; remaining name 'env/carmin.platform.name'
14:50:42.029 [main] DEBUG o.springframework.jndi.JndiTemplate - Looking up JNDI object with name [carmin.platform.name]
14:50:42.029 [main] DEBUG jndi - InitialContextFactory.getInitialContext()
14:50:42.029 [main] DEBUG jndi - Created initial context delegate for local namespace:org.eclipse.jetty.jndi.local.localContextRoot@997bd86
14:50:42.029 [main] DEBUG jndi - Looking up name="carmin.platform.name"
14:50:42.029 [main] DEBUG o.s.jndi.JndiPropertySource - JNDI lookup for name [carmin.platform.name] threw NamingException with message: null. Returning null.
14:50:42.030 [main] DEBUG o.s.c.e.PropertySourcesPropertyResolver - Found key 'carmin.platform.name' in PropertySource 'file [/home/marza/Documents/VIP-portal/vip-portal/target/test-classes/vip-api.conf]' with value of type String
14:50:42.030 [main] DEBUG o.springframework.jndi.JndiTemplate - Looking up JNDI object with name [java:comp/env/carmin.platform.description]
14:50:42.030 [main] DEBUG jndi - InitialContextFactory.getInitialContext()
14:50:42.030 [main] DEBUG jndi - Created initial context delegate for local namespace:org.eclipse.jetty.jndi.local.localContextRoot@b8ded9b
14:50:42.030 [main] DEBUG o.e.j.j.java.javaURLContextFactory - >>> new root context requested 
14:50:42.030 [main] DEBUG jndi - Looking up name="comp/env/carmin.platform.description"
14:50:42.030 [main] DEBUG jndi - Trying thread context classloader
14:50:42.030 [main] DEBUG jndi - Looking up name="env/carmin.platform.description"
14:50:42.030 [main] DEBUG o.s.jndi.JndiLocatorDelegate - Converted JNDI name [java:comp/env/carmin.platform.description] not found - trying original name [carmin.platform.description]. javax.naming.NameNotFoundException; remaining name 'env/carmin.platform.description'
14:50:42.030 [main] DEBUG o.springframework.jndi.JndiTemplate - Looking up JNDI object with name [carmin.platform.description]
14:50:42.030 [main] DEBUG jndi - InitialContextFactory.getInitialContext()
14:50:42.030 [main] DEBUG jndi - Created initial context delegate for local namespace:org.eclipse.jetty.jndi.local.localContextRoot@e18dcee
14:50:42.030 [main] DEBUG jndi - Looking up name="carmin.platform.description"
14:50:42.030 [main] DEBUG o.s.jndi.JndiPropertySource - JNDI lookup for name [carmin.platform.description] threw NamingException with message: null. Returning null.
14:50:42.030 [main] DEBUG o.s.c.e.PropertySourcesPropertyResolver - Found key 'carmin.platform.description' in PropertySource 'file [/home/marza/Documents/VIP-portal/vip-portal/target/test-classes/vip-api.conf]' with value of type String
14:50:42.030 [main] DEBUG o.springframework.jndi.JndiTemplate - Looking up JNDI object with name [java:comp/env/carmin.platform.supported_transfer_protocols]
14:50:42.030 [main] DEBUG jndi - InitialContextFactory.getInitialContext()
14:50:42.030 [main] DEBUG jndi - Created initial context delegate for local namespace:org.eclipse.jetty.jndi.local.localContextRoot@32d07edb
14:50:42.030 [main] DEBUG o.e.j.j.java.javaURLContextFactory - >>> new root context requested 
14:50:42.030 [main] DEBUG jndi - Looking up name="comp/env/carmin.platform.supported_transfer_protocols"
14:50:42.030 [main] DEBUG jndi - Trying thread context classloader
14:50:42.030 [main] DEBUG jndi - Looking up name="env/carmin.platform.supported_transfer_protocols"
14:50:42.030 [main] DEBUG o.s.jndi.JndiLocatorDelegate - Converted JNDI name [java:comp/env/carmin.platform.supported_transfer_protocols] not found - trying original name [carmin.platform.supported_transfer_protocols]. javax.naming.NameNotFoundException; remaining name 'env/carmin.platform.supported_transfer_protocols'
14:50:42.030 [main] DEBUG o.springframework.jndi.JndiTemplate - Looking up JNDI object with name [carmin.platform.supported_transfer_protocols]
14:50:42.030 [main] DEBUG jndi - InitialContextFactory.getInitialContext()
14:50:42.030 [main] DEBUG jndi - Created initial context delegate for local namespace:org.eclipse.jetty.jndi.local.localContextRoot@61f9e8a
14:50:42.030 [main] DEBUG jndi - Looking up name="carmin.platform.supported_transfer_protocols"
14:50:42.030 [main] DEBUG o.s.jndi.JndiPropertySource - JNDI lookup for name [carmin.platform.supported_transfer_protocols] threw NamingException with message: null. Returning null.
14:50:42.030 [main] DEBUG o.s.c.e.PropertySourcesPropertyResolver - Found key 'carmin.platform.supported_transfer_protocols' in PropertySource 'file [/home/marza/Documents/VIP-portal/vip-portal/target/test-classes/vip-api.conf]' with value of type String
14:50:42.030 [main] DEBUG o.springframework.jndi.JndiTemplate - Looking up JNDI object with name [java:comp/env/carmin.platform.supported_modules]
14:50:42.030 [main] DEBUG jndi - InitialContextFactory.getInitialContext()
14:50:42.030 [main] DEBUG jndi - Created initial context delegate for local namespace:org.eclipse.jetty.jndi.local.localContextRoot@629a4ae7
14:50:42.030 [main] DEBUG o.e.j.j.java.javaURLContextFactory - >>> new root context requested 
14:50:42.030 [main] DEBUG jndi - Looking up name="comp/env/carmin.platform.supported_modules"
14:50:42.030 [main] DEBUG jndi - Trying thread context classloader
14:50:42.030 [main] DEBUG jndi - Looking up name="env/carmin.platform.supported_modules"
14:50:42.030 [main] DEBUG o.s.jndi.JndiLocatorDelegate - Converted JNDI name [java:comp/env/carmin.platform.supported_modules] not found - trying original name [carmin.platform.supported_modules]. javax.naming.NameNotFoundException; remaining name 'env/carmin.platform.supported_modules'
14:50:42.030 [main] DEBUG o.springframework.jndi.JndiTemplate - Looking up JNDI object with name [carmin.platform.supported_modules]
14:50:42.031 [main] DEBUG jndi - InitialContextFactory.getInitialContext()
14:50:42.031 [main] DEBUG jndi - Created initial context delegate for local namespace:org.eclipse.jetty.jndi.local.localContextRoot@2aad15f6
14:50:42.031 [main] DEBUG jndi - Looking up name="carmin.platform.supported_modules"
14:50:42.031 [main] DEBUG o.s.jndi.JndiPropertySource - JNDI lookup for name [carmin.platform.supported_modules] threw NamingException with message: null. Returning null.
14:50:42.031 [main] DEBUG o.s.c.e.PropertySourcesPropertyResolver - Found key 'carmin.platform.supported_modules' in PropertySource 'file [/home/marza/Documents/VIP-portal/vip-portal/target/test-classes/vip-api.conf]' with value of type String
14:50:42.031 [main] DEBUG o.springframework.jndi.JndiTemplate - Looking up JNDI object with name [java:comp/env/carmin.platform.default_limit_list_execution]
14:50:42.031 [main] DEBUG jndi - InitialContextFactory.getInitialContext()
14:50:42.031 [main] DEBUG jndi - Created initial context delegate for local namespace:org.eclipse.jetty.jndi.local.localContextRoot@1bba80de
14:50:42.031 [main] DEBUG o.e.j.j.java.javaURLContextFactory - >>> new root context requested 
14:50:42.031 [main] DEBUG jndi - Looking up name="comp/env/carmin.platform.default_limit_list_execution"
14:50:42.031 [main] DEBUG jndi - Trying thread context classloader
14:50:42.031 [main] DEBUG jndi - Looking up name="env/carmin.platform.default_limit_list_execution"
14:50:42.031 [main] DEBUG o.s.jndi.JndiLocatorDelegate - Converted JNDI name [java:comp/env/carmin.platform.default_limit_list_execution] not found - trying original name [carmin.platform.default_limit_list_execution]. javax.naming.NameNotFoundException; remaining name 'env/carmin.platform.default_limit_list_execution'
14:50:42.031 [main] DEBUG o.springframework.jndi.JndiTemplate - Looking up JNDI object with name [carmin.platform.default_limit_list_execution]
14:50:42.031 [main] DEBUG jndi - InitialContextFactory.getInitialContext()
14:50:42.031 [main] DEBUG jndi - Created initial context delegate for local namespace:org.eclipse.jetty.jndi.local.localContextRoot@61abb6ed
14:50:42.031 [main] DEBUG jndi - Looking up name="carmin.platform.default_limit_list_execution"
14:50:42.031 [main] DEBUG o.s.jndi.JndiPropertySource - JNDI lookup for name [carmin.platform.default_limit_list_execution] threw NamingException with message: null. Returning null.
14:50:42.031 [main] DEBUG o.s.c.e.PropertySourcesPropertyResolver - Found key 'carmin.platform.default_limit_list_execution' in PropertySource 'file [/home/marza/Documents/VIP-portal/vip-portal/target/test-classes/vip-api.conf]' with value of type String
14:50:42.031 [main] DEBUG o.springframework.jndi.JndiTemplate - Looking up JNDI object with name [java:comp/env/carmin.platform.unsupported_methods]
14:50:42.031 [main] DEBUG jndi - InitialContextFactory.getInitialContext()
14:50:42.031 [main] DEBUG jndi - Created initial context delegate for local namespace:org.eclipse.jetty.jndi.local.localContextRoot@51d6054d
14:50:42.031 [main] DEBUG o.e.j.j.java.javaURLContextFactory - >>> new root context requested 
14:50:42.031 [main] DEBUG jndi - Looking up name="comp/env/carmin.platform.unsupported_methods"
14:50:42.031 [main] DEBUG jndi - Trying thread context classloader
14:50:42.031 [main] DEBUG jndi - Looking up name="env/carmin.platform.unsupported_methods"
14:50:42.031 [main] DEBUG o.s.jndi.JndiLocatorDelegate - Converted JNDI name [java:comp/env/carmin.platform.unsupported_methods] not found - trying original name [carmin.platform.unsupported_methods]. javax.naming.NameNotFoundException; remaining name 'env/carmin.platform.unsupported_methods'
14:50:42.031 [main] DEBUG o.springframework.jndi.JndiTemplate - Looking up JNDI object with name [carmin.platform.unsupported_methods]
14:50:42.031 [main] DEBUG jndi - InitialContextFactory.getInitialContext()
14:50:42.031 [main] DEBUG jndi - Created initial context delegate for local namespace:org.eclipse.jetty.jndi.local.localContextRoot@1316b824
14:50:42.031 [main] DEBUG jndi - Looking up name="carmin.platform.unsupported_methods"
14:50:42.031 [main] DEBUG o.s.jndi.JndiPropertySource - JNDI lookup for name [carmin.platform.unsupported_methods] threw NamingException with message: null. Returning null.
14:50:42.031 [main] DEBUG o.s.c.e.PropertySourcesPropertyResolver - Found key 'carmin.platform.unsupported_methods' in PropertySource 'file [/home/marza/Documents/VIP-portal/vip-portal/target/test-classes/vip-api.conf]' with value of type String
14:50:42.031 [main] DEBUG o.springframework.jndi.JndiTemplate - Looking up JNDI object with name [java:comp/env/carmin.platform.supported_API_Version]
14:50:42.031 [main] DEBUG jndi - InitialContextFactory.getInitialContext()
14:50:42.031 [main] DEBUG jndi - Created initial context delegate for local namespace:org.eclipse.jetty.jndi.local.localContextRoot@5ce576e8
14:50:42.031 [main] DEBUG o.e.j.j.java.javaURLContextFactory - >>> new root context requested 
14:50:42.031 [main] DEBUG jndi - Looking up name="comp/env/carmin.platform.supported_API_Version"
14:50:42.031 [main] DEBUG jndi - Trying thread context classloader
14:50:42.031 [main] DEBUG jndi - Looking up name="env/carmin.platform.supported_API_Version"
14:50:42.032 [main] DEBUG o.s.jndi.JndiLocatorDelegate - Converted JNDI name [java:comp/env/carmin.platform.supported_API_Version] not found - trying original name [carmin.platform.supported_API_Version]. javax.naming.NameNotFoundException; remaining name 'env/carmin.platform.supported_API_Version'
14:50:42.032 [main] DEBUG o.springframework.jndi.JndiTemplate - Looking up JNDI object with name [carmin.platform.supported_API_Version]
14:50:42.032 [main] DEBUG jndi - InitialContextFactory.getInitialContext()
14:50:42.032 [main] DEBUG jndi - Created initial context delegate for local namespace:org.eclipse.jetty.jndi.local.localContextRoot@60c5bf47
14:50:42.032 [main] DEBUG jndi - Looking up name="carmin.platform.supported_API_Version"
14:50:42.032 [main] DEBUG o.s.jndi.JndiPropertySource - JNDI lookup for name [carmin.platform.supported_API_Version] threw NamingException with message: null. Returning null.
14:50:42.032 [main] DEBUG o.s.c.e.PropertySourcesPropertyResolver - Found key 'carmin.platform.supported_API_Version' in PropertySource 'file [/home/marza/Documents/VIP-portal/vip-portal/target/test-classes/vip-api.conf]' with value of type String
14:50:42.032 [main] DEBUG o.springframework.jndi.JndiTemplate - Looking up JNDI object with name [java:comp/env/carmin.platform.email]
14:50:42.032 [main] DEBUG jndi - InitialContextFactory.getInitialContext()
14:50:42.032 [main] DEBUG jndi - Created initial context delegate for local namespace:org.eclipse.jetty.jndi.local.localContextRoot@158227f
14:50:42.032 [main] DEBUG o.e.j.j.java.javaURLContextFactory - >>> new root context requested 
14:50:42.032 [main] DEBUG jndi - Looking up name="comp/env/carmin.platform.email"
14:50:42.032 [main] DEBUG jndi - Trying thread context classloader
14:50:42.032 [main] DEBUG jndi - Looking up name="env/carmin.platform.email"
14:50:42.032 [main] DEBUG o.s.jndi.JndiLocatorDelegate - Converted JNDI name [java:comp/env/carmin.platform.email] not found - trying original name [carmin.platform.email]. javax.naming.NameNotFoundException; remaining name 'env/carmin.platform.email'
14:50:42.032 [main] DEBUG o.springframework.jndi.JndiTemplate - Looking up JNDI object with name [carmin.platform.email]
14:50:42.032 [main] DEBUG jndi - InitialContextFactory.getInitialContext()
14:50:42.032 [main] DEBUG jndi - Created initial context delegate for local namespace:org.eclipse.jetty.jndi.local.localContextRoot@27296de8
14:50:42.032 [main] DEBUG jndi - Looking up name="carmin.platform.email"
14:50:42.032 [main] DEBUG o.s.jndi.JndiPropertySource - JNDI lookup for name [carmin.platform.email] threw NamingException with message: null. Returning null.
14:50:42.032 [main] DEBUG o.s.c.e.PropertySourcesPropertyResolver - Found key 'carmin.platform.email' in PropertySource 'file [/home/marza/Documents/VIP-portal/vip-portal/target/test-classes/vip-api.conf]' with value of type String
14:50:42.035 [main] DEBUG o.springframework.jndi.JndiTemplate - Looking up JNDI object with name [java:comp/env/carmin.data.max_size]
14:50:42.035 [main] DEBUG jndi - InitialContextFactory.getInitialContext()
14:50:42.035 [main] DEBUG jndi - Created initial context delegate for local namespace:org.eclipse.jetty.jndi.local.localContextRoot@189e9db1
14:50:42.035 [main] DEBUG o.e.j.j.java.javaURLContextFactory - >>> new root context requested 
14:50:42.035 [main] DEBUG jndi - Looking up name="comp/env/carmin.data.max_size"
14:50:42.035 [main] DEBUG jndi - Trying thread context classloader
14:50:42.035 [main] DEBUG jndi - Looking up name="env/carmin.data.max_size"
14:50:42.035 [main] DEBUG o.s.jndi.JndiLocatorDelegate - Converted JNDI name [java:comp/env/carmin.data.max_size] not found - trying original name [carmin.data.max_size]. javax.naming.NameNotFoundException; remaining name 'env/carmin.data.max_size'
14:50:42.035 [main] DEBUG o.springframework.jndi.JndiTemplate - Looking up JNDI object with name [carmin.data.max_size]
14:50:42.035 [main] DEBUG jndi - InitialContextFactory.getInitialContext()
14:50:42.035 [main] DEBUG jndi - Created initial context delegate for local namespace:org.eclipse.jetty.jndi.local.localContextRoot@3616d186
14:50:42.035 [main] DEBUG jndi - Looking up name="carmin.data.max_size"
14:50:42.035 [main] DEBUG o.s.jndi.JndiPropertySource - JNDI lookup for name [carmin.data.max_size] threw NamingException with message: null. Returning null.
14:50:42.036 [main] DEBUG o.s.c.e.PropertySourcesPropertyResolver - Found key 'carmin.data.max_size' in PropertySource 'file [/home/marza/Documents/VIP-portal/vip-portal/target/test-classes/vip-api.conf]' with value of type String
14:50:42.074 [main] DEBUG o.s.w.s.m.m.a.RequestResponseBodyMethodProcessor - Using 'application/json', given [*/*] and supported [application/json, application/*+json]
14:50:42.074 [main] DEBUG o.s.w.s.m.m.a.RequestResponseBodyMethodProcessor - Writing [fr.insalyon.creatis.vip.api.model.PlatformProperties@1d5992ff]
14:50:42.088 [main] DEBUG o.s.s.w.c.HttpSessionSecurityContextRepository - Did not store anonymous SecurityContext
14:50:42.088 [main] DEBUG o.s.t.w.s.TestDispatcherServlet - Completed 200 OK
14:50:42.088 [main] DEBUG o.s.s.w.c.HttpSessionSecurityContextRepository - Did not store anonymous SecurityContext
14:50:42.088 [main] DEBUG o.s.s.w.c.SecurityContextPersistenceFilter - Cleared SecurityContextHolder to complete request

MockHttpServletRequest:
      HTTP Method = GET
      Request URI = /rest/platform
       Parameters = {}
          Headers = []
             Body = <no character encoding set>
    Session Attrs = {}

Handler:
             Type = fr.insalyon.creatis.vip.api.controller.PlatformController
           Method = fr.insalyon.creatis.vip.api.controller.PlatformController#getPlatformProperties()

Async:
    Async started = false
     Async result = null

Resolved Exception:
             Type = null

ModelAndView:
        View name = null
             View = null
            Model = null

FlashMap:
       Attributes = null

MockHttpServletResponse:
           Status = 200
    Error message = null
          Headers = [Vary:"Origin", "Access-Control-Request-Method", "Access-Control-Request-Headers", Content-Type:"application/json", X-Content-Type-Options:"nosniff", X-XSS-Protection:"1; mode=block", Cache-Control:"no-cache, no-store, max-age=0, must-revalidate", Pragma:"no-cache", Expires:"0", X-Frame-Options:"SAMEORIGIN"]
     Content type = application/json
             Body = {"platformName":"VIP_TEST","supportedTransferProtocols":["https"],"supportedModules":["Processing"],"defaultLimitListExecutions":500,"email":"test@test.tst","platformDescription":"Test instance of Virtual Imaging Platform","minAuthorizedExecutionTimeout":null,"maxAuthorizedExecutionTimeout":null,"unsupportedMethods":["playExecution"],"maxSizeDirectTransfer":15000000,"defaultStudy":null,"supportedAPIVersion":"0.3","apierrorCodesAndMessages":[{"errorCode":8000,"errorMessage":"An error has been encountered on the VIP API"},{"errorCode":8001,"errorMessage":"The {} method is not implemented in the VIP API"},{"errorCode":8002,"errorMessage":"The error message for 'bad credentials' cannot be known in advance"},{"errorCode":8003,"errorMessage":"The error message for 'insufficient auth' cannot be known in advance"},{"errorCode":8004,"errorMessage":"The error message for 'authentication error' cannot be known in advance"},{"errorCode":8005,"errorMessage":"The {} pipeline identifier is not valid"},{"errorCode":8006,"errorMessage":"The {} application does not exists"},{"errorCode":8007,"errorMessage":"The {} pipeline does not exists or cannot be used"},{"errorCode":8008,"errorMessage":"Not allowed to access application {}"},{"errorCode":8009,"errorMessage":"Input field '{}' is not valid. Cause : {}"},{"errorCode":8010,"errorMessage":"The date {} have a wrong format (needed : {})"},{"errorCode":8011,"errorMessage":"The service {} is unknown, only 'vip' is possible"},{"errorCode":8012,"errorMessage":"Country unknown : {}"},{"errorCode":8013,"errorMessage":"Unauthorized data access to : {}"},{"errorCode":8014,"errorMessage":"The login process encountered an error"},{"errorCode":2000,"errorMessage":"Max number of running executions reached on the platform."},{"errorCode":2001,"errorMessage":"Max number of running executions reached.<br />You already have {} running executions."},{"errorCode":2002,"errorMessage":"Error getting application descriptor for {}."}],"APIErrorCodesAndMessages":[{"errorCode":8000,"errorMessage":"An error has been encountered on the VIP API"},{"errorCode":8001,"errorMessage":"The {} method is not implemented in the VIP API"},{"errorCode":8002,"errorMessage":"The error message for 'bad credentials' cannot be known in advance"},{"errorCode":8003,"errorMessage":"The error message for 'insufficient auth' cannot be known in advance"},{"errorCode":8004,"errorMessage":"The error message for 'authentication error' cannot be known in advance"},{"errorCode":8005,"errorMessage":"The {} pipeline identifier is not valid"},{"errorCode":8006,"errorMessage":"The {} application does not exists"},{"errorCode":8007,"errorMessage":"The {} pipeline does not exists or cannot be used"},{"errorCode":8008,"errorMessage":"Not allowed to access application {}"},{"errorCode":8009,"errorMessage":"Input field '{}' is not valid. Cause : {}"},{"errorCode":8010,"errorMessage":"The date {} have a wrong format (needed : {})"},{"errorCode":8011,"errorMessage":"The service {} is unknown, only 'vip' is possible"},{"errorCode":8012,"errorMessage":"Country unknown : {}"},{"errorCode":8013,"errorMessage":"Unauthorized data access to : {}"},{"errorCode":8014,"errorMessage":"The login process encountered an error"},{"errorCode":2000,"errorMessage":"Max number of running executions reached on the platform."},{"errorCode":2001,"errorMessage":"Max number of running executions reached.<br />You already have {} running executions."},{"errorCode":2002,"errorMessage":"Error getting application descriptor for {}."}]}
    Forwarded URL = null
   Redirected URL = null
          Cookies = []
14:50:42.091 [main] DEBUG c.j.j.internal.path.CompiledPath - Evaluating path: $['platformName']
14:50:42.091 [main] DEBUG o.s.t.c.c.DefaultCacheAwareContextLoaderDelegate - Retrieved ApplicationContext [557640526] from cache with key [[WebMergedContextConfiguration@51869ad6 testClass = VipWebConfigurationIT, locations = '{}', classes = '{class fr.insalyon.creatis.vip.core.server.SpringCoreConfig}', contextInitializerClasses = '[]', activeProfiles = '{test-db, test}', propertySourceLocations = '{}', propertySourceProperties = '{db.tableEngine=, vipConfigFolder=classpath:}', contextCustomizers = set[[empty]], resourceBasePath = 'src/main/webapp', contextLoader = 'org.springframework.test.context.web.WebDelegatingSmartContextLoader', parent = [null]]]
14:50:42.091 [main] DEBUG o.springframework.test.context.cache - Spring test ApplicationContext cache statistics: [DefaultContextCache@5e51751c size = 1, maxSize = 32, parentContextCount = 0, hitCount = 14, missCount = 1]
14:50:42.091 [main] DEBUG o.s.t.c.c.DefaultCacheAwareContextLoaderDelegate - Retrieved ApplicationContext [557640526] from cache with key [[WebMergedContextConfiguration@51869ad6 testClass = VipWebConfigurationIT, locations = '{}', classes = '{class fr.insalyon.creatis.vip.core.server.SpringCoreConfig}', contextInitializerClasses = '[]', activeProfiles = '{test-db, test}', propertySourceLocations = '{}', propertySourceProperties = '{db.tableEngine=, vipConfigFolder=classpath:}', contextCustomizers = set[[empty]], resourceBasePath = 'src/main/webapp', contextLoader = 'org.springframework.test.context.web.WebDelegatingSmartContextLoader', parent = [null]]]
14:50:42.091 [main] DEBUG o.springframework.test.context.cache - Spring test ApplicationContext cache statistics: [DefaultContextCache@5e51751c size = 1, maxSize = 32, parentContextCount = 0, hitCount = 15, missCount = 1]
14:50:42.092 [main] DEBUG o.s.j.d.DataSourceTransactionManager - Initiating transaction rollback
14:50:42.092 [main] DEBUG o.s.j.d.DataSourceTransactionManager - Rolling back JDBC transaction on Connection [Lazy Connection proxy for target DataSource [org.springframework.jdbc.datasource.embedded.EmbeddedDatabaseFactory$EmbeddedDataSourceProxy@356a99a2]]
14:50:42.092 [main] DEBUG o.s.j.d.DataSourceTransactionManager - Releasing JDBC Connection [Lazy Connection proxy for target DataSource [org.springframework.jdbc.datasource.embedded.EmbeddedDatabaseFactory$EmbeddedDataSourceProxy@356a99a2]] after transaction
14:50:42.092 [main] INFO  o.s.t.c.t.TransactionContext - Rolled back transaction for test: [DefaultTestContext@36511772 testClass = VipWebConfigurationIT, testInstance = fr.insalyon.creatis.vip.integrationtest.VipWebConfigurationIT@5c2b7512, testMethod = testGetPlatformProperties@VipWebConfigurationIT, testException = [null], mergedContextConfiguration = [WebMergedContextConfiguration@51869ad6 testClass = VipWebConfigurationIT, locations = '{}', classes = '{class fr.insalyon.creatis.vip.core.server.SpringCoreConfig}', contextInitializerClasses = '[]', activeProfiles = '{test-db, test}', propertySourceLocations = '{}', propertySourceProperties = '{db.tableEngine=, vipConfigFolder=classpath:}', contextCustomizers = set[[empty]], resourceBasePath = 'src/main/webapp', contextLoader = 'org.springframework.test.context.web.WebDelegatingSmartContextLoader', parent = [null]], attributes = map['org.springframework.test.context.web.ServletTestExecutionListener.populatedRequestContextHolder' -> true, 'org.springframework.test.context.web.ServletTestExecutionListener.resetRequestContextHolder' -> true, 'org.springframework.test.context.event.ApplicationEventsTestExecutionListener.recordApplicationEvents' -> false]]
14:50:42.093 [main] DEBUG o.s.t.c.s.AbstractDirtiesContextTestExecutionListener - After test method: context [DefaultTestContext@36511772 testClass = VipWebConfigurationIT, testInstance = fr.insalyon.creatis.vip.integrationtest.VipWebConfigurationIT@5c2b7512, testMethod = testGetPlatformProperties@VipWebConfigurationIT, testException = [null], mergedContextConfiguration = [WebMergedContextConfiguration@51869ad6 testClass = VipWebConfigurationIT, locations = '{}', classes = '{class fr.insalyon.creatis.vip.core.server.SpringCoreConfig}', contextInitializerClasses = '[]', activeProfiles = '{test-db, test}', propertySourceLocations = '{}', propertySourceProperties = '{db.tableEngine=, vipConfigFolder=classpath:}', contextCustomizers = set[[empty]], resourceBasePath = 'src/main/webapp', contextLoader = 'org.springframework.test.context.web.WebDelegatingSmartContextLoader', parent = [null]], attributes = map['org.springframework.test.context.web.ServletTestExecutionListener.populatedRequestContextHolder' -> true, 'org.springframework.test.context.web.ServletTestExecutionListener.resetRequestContextHolder' -> true, 'org.springframework.test.context.event.ApplicationEventsTestExecutionListener.recordApplicationEvents' -> false]], class annotated with @DirtiesContext [false] with mode [null], method annotated with @DirtiesContext [false] with mode [null].
14:50:42.093 [main] DEBUG o.s.t.c.w.ServletTestExecutionListener - Resetting RequestContextHolder for test context [DefaultTestContext@36511772 testClass = VipWebConfigurationIT, testInstance = fr.insalyon.creatis.vip.integrationtest.VipWebConfigurationIT@5c2b7512, testMethod = testGetPlatformProperties@VipWebConfigurationIT, testException = [null], mergedContextConfiguration = [WebMergedContextConfiguration@51869ad6 testClass = VipWebConfigurationIT, locations = '{}', classes = '{class fr.insalyon.creatis.vip.core.server.SpringCoreConfig}', contextInitializerClasses = '[]', activeProfiles = '{test-db, test}', propertySourceLocations = '{}', propertySourceProperties = '{db.tableEngine=, vipConfigFolder=classpath:}', contextCustomizers = set[[empty]], resourceBasePath = 'src/main/webapp', contextLoader = 'org.springframework.test.context.web.WebDelegatingSmartContextLoader', parent = [null]], attributes = map['org.springframework.test.context.web.ServletTestExecutionListener.populatedRequestContextHolder' -> true, 'org.springframework.test.context.web.ServletTestExecutionListener.resetRequestContextHolder' -> true, 'org.springframework.test.context.event.ApplicationEventsTestExecutionListener.recordApplicationEvents' -> false]].
]]></system-out>
  </testcase>
</testsuite>