<?xml version="1.0" encoding="UTF-8"?>
<testsuite xmlns:xsi="http://www.w3.org/2001/XMLSchema-instance" xsi:noNamespaceSchemaLocation="https://maven.apache.org/surefire/maven-failsafe-plugin/xsd/failsafe-test-report-3.0.xsd" version="3.0" name="fr.insalyon.creatis.vip.integrationtest.VipWebConfigurationIT" time="10.712" tests="2" errors="0" skipped="0" failures="0">
  <properties>
    <property name="awt.toolkit" value="sun.awt.X11.XToolkit"/>
    <property name="java.specification.version" value="11"/>
    <property name="sun.cpu.isalist" value=""/>
    <property name="sun.jnu.encoding" value="UTF-8"/>
    <property name="java.class.path" value="/home/runner/work/VIP-portal/VIP-portal/vip-portal/target/test-classes:/home/runner/work/VIP-portal/VIP-portal/vip-portal/target/classes:/home/runner/work/VIP-portal/VIP-portal/vip-core/target/vip-core-2.4.1.jar:/home/runner/.m2/repository/com/google/gwt/gwt-user/2.8.2/gwt-user-2.8.2.jar:/home/runner/.m2/repository/com/google/jsinterop/jsinterop-annotations/1.0.2/jsinterop-annotations-1.0.2.jar:/home/runner/.m2/repository/com/google/jsinterop/jsinterop-annotations/1.0.2/jsinterop-annotations-1.0.2-sources.jar:/home/runner/.m2/repository/javax/servlet/javax.servlet-api/3.1.0/javax.servlet-api-3.1.0.jar:/home/runner/.m2/repository/org/w3c/css/sac/1.3/sac-1.3.jar:/home/runner/.m2/repository/org/bouncycastle/bcpkix-jdk15on/1.52/bcpkix-jdk15on-1.52.jar:/home/runner/.m2/repository/org/bouncycastle/bcprov-jdk15on/1.52/bcprov-jdk15on-1.52.jar:/home/runner/.m2/repository/fr/insalyon/creatis/grida-client/2.2.0/grida-client-2.2.0.jar:/home/runner/.m2/repository/fr/insalyon/creatis/grida-common/2.2.0/grida-common-2.2.0.jar:/home/runner/.m2/repository/commons-cli/commons-cli/1.4/commons-cli-1.4.jar:/home/runner/.m2/repository/fr/insalyon/creatis/sma-client/0.3.0/sma-client-0.3.0.jar:/home/runner/.m2/repository/fr/insalyon/creatis/sma-common/0.3.0/sma-common-0.3.0.jar:/home/runner/.m2/repository/fr/insalyon/creatis/devtools/0.1/devtools-0.1.jar:/home/runner/.m2/repository/org/slf4j/slf4j-api/1.7.30/slf4j-api-1.7.30.jar:/home/runner/.m2/repository/commons-configuration/commons-configuration/1.7/commons-configuration-1.7.jar:/home/runner/.m2/repository/commons-logging/commons-logging/99-empty/commons-logging-99-empty.jar:/home/runner/.m2/repository/commons-digester/commons-digester/1.8.1/commons-digester-1.8.1.jar:/home/runner/.m2/repository/commons-beanutils/commons-beanutils/1.8.3/commons-beanutils-1.8.3.jar:/home/runner/.m2/repository/commons-codec/commons-codec/1.6/commons-codec-1.6.jar:/home/runner/.m2/repository/commons-io/commons-io/2.4/commons-io-2.4.jar:/home/runner/.m2/repository/org/opensaml/opensaml/2.6.0/opensaml-2.6.0.jar:/home/runner/.m2/repository/org/opensaml/openws/1.5.0/openws-1.5.0.jar:/home/runner/.m2/repository/org/opensaml/xmltooling/1.4.0/xmltooling-1.4.0.jar:/home/runner/.m2/repository/ca/juliusdavies/not-yet-commons-ssl/0.3.9/not-yet-commons-ssl-0.3.9.jar:/home/runner/.m2/repository/org/apache/santuario/xmlsec/1.5.4/xmlsec-1.5.4.jar:/home/runner/.m2/repository/commons-httpclient/commons-httpclient/3.1/commons-httpclient-3.1.jar:/home/runner/.m2/repository/org/owasp/esapi/esapi/2.0.1/esapi-2.0.1.jar:/home/runner/.m2/repository/joda-time/joda-time/2.2/joda-time-2.2.jar:/home/runner/.m2/repository/xerces/xercesImpl/2.10.0/xercesImpl-2.10.0.jar:/home/runner/.m2/repository/xalan/serializer/2.7.1/serializer-2.7.1.jar:/home/runner/.m2/repository/xml-resolver/xml-resolver/1.2/xml-resolver-1.2.jar:/home/runner/.m2/repository/xalan/xalan/2.7.1/xalan-2.7.1.jar:/home/runner/.m2/repository/javax/mail/mail/1.4.5/mail-1.4.5.jar:/home/runner/.m2/repository/javax/activation/activation/1.1/activation-1.1.jar:/home/runner/.m2/repository/javax/annotation/javax.annotation-api/1.3.2/javax.annotation-api-1.3.2.jar:/home/runner/.m2/repository/org/springframework/spring-web/5.3.15/spring-web-5.3.15.jar:/home/runner/.m2/repository/org/springframework/spring-beans/5.3.15/spring-beans-5.3.15.jar:/home/runner/.m2/repository/org/springframework/spring-jdbc/5.3.15/spring-jdbc-5.3.15.jar:/home/runner/.m2/repository/org/springframework/spring-tx/5.3.15/spring-tx-5.3.15.jar:/home/runner/.m2/repository/org/springframework/spring-context/5.3.15/spring-context-5.3.15.jar:/home/runner/.m2/repository/org/springframework/spring-aop/5.3.15/spring-aop-5.3.15.jar:/home/runner/.m2/repository/org/springframework/spring-expression/5.3.15/spring-expression-5.3.15.jar:/home/runner/work/VIP-portal/VIP-portal/vip-core/target/vip-core-2.4.1-sources.jar:/home/runner/work/VIP-portal/VIP-portal/vip-docs/target/vip-docs-2.4.1.jar:/home/runner/work/VIP-portal/VIP-portal/vip-docs/target/vip-docs-2.4.1-sources.jar:/home/runner/work/VIP-portal/VIP-portal/vip-application-importer/target/vip-application-importer-2.4.1.jar:/home/runner/.m2/repository/org/apache/commons/commons-compress/1.20/commons-compress-1.20.jar:/home/runner/.m2/repository/org/apache/velocity/velocity/1.7/velocity-1.7.jar:/home/runner/.m2/repository/org/apache/velocity/velocity-tools/2.0/velocity-tools-2.0.jar:/home/runner/.m2/repository/commons-chain/commons-chain/1.1/commons-chain-1.1.jar:/home/runner/.m2/repository/commons-validator/commons-validator/1.3.1/commons-validator-1.3.1.jar:/home/runner/.m2/repository/dom4j/dom4j/1.1/dom4j-1.1.jar:/home/runner/.m2/repository/oro/oro/2.0.8/oro-2.0.8.jar:/home/runner/.m2/repository/sslext/sslext/1.2-0/sslext-1.2-0.jar:/home/runner/work/VIP-portal/VIP-portal/vip-application-importer/target/vip-application-importer-2.4.1-sources.jar:/home/runner/work/VIP-portal/VIP-portal/vip-datamanagement/target/vip-datamanager-2.4.1.jar:/home/runner/.m2/repository/commons-fileupload/commons-fileupload/1.3.3/commons-fileupload-1.3.3.jar:/home/runner/.m2/repository/com/fasterxml/jackson/core/jackson-databind/2.11.0/jackson-databind-2.11.0.jar:/home/runner/.m2/repository/com/fasterxml/jackson/core/jackson-annotations/2.11.0/jackson-annotations-2.11.0.jar:/home/runner/.m2/repository/com/fasterxml/jackson/core/jackson-core/2.11.0/jackson-core-2.11.0.jar:/home/runner/work/VIP-portal/VIP-portal/vip-datamanagement/target/vip-datamanager-2.4.1-sources.jar:/home/runner/work/VIP-portal/VIP-portal/vip-application/target/vip-application-2.4.1.jar:/home/runner/.m2/repository/fr/insalyon/creatis/moteur2-workflowsdb-common/1.6/moteur2-workflowsdb-common-1.6.jar:/home/runner/.m2/repository/org/hibernate/hibernate-entitymanager/4.1.1.Final/hibernate-entitymanager-4.1.1.Final.jar:/home/runner/.m2/repository/org/hibernate/hibernate-core/4.1.1.Final/hibernate-core-4.1.1.Final.jar:/home/runner/.m2/repository/antlr/antlr/2.7.7/antlr-2.7.7.jar:/home/runner/.m2/repository/org/jboss/spec/javax/transaction/jboss-transaction-api_1.1_spec/1.0.0.Final/jboss-transaction-api_1.1_spec-1.0.0.Final.jar:/home/runner/.m2/repository/org/hibernate/javax/persistence/hibernate-jpa-2.0-api/1.0.1.Final/hibernate-jpa-2.0-api-1.0.1.Final.jar:/home/runner/.m2/repository/org/javassist/javassist/3.15.0-GA/javassist-3.15.0-GA.jar:/home/runner/.m2/repository/org/hibernate/common/hibernate-commons-annotations/4.0.1.Final/hibernate-commons-annotations-4.0.1.Final.jar:/home/runner/.m2/repository/globus-common/jaxrpc/4.2.1/jaxrpc-4.2.1.jar:/home/runner/.m2/repository/org/apache/axis/axis/1.4.1-vip/axis-1.4.1-vip.jar:/home/runner/.m2/repository/org/apache/axis/axis-jaxrpc/1.4.1-SNAPSHOT/axis-jaxrpc-1.4.1-SNAPSHOT.jar:/home/runner/.m2/repository/javax/servlet/servlet-api/2.4/servlet-api-2.4.jar:/home/runner/.m2/repository/xerces/xmlParserAPIs/2.6.2/xmlParserAPIs-2.6.2.jar:/home/runner/.m2/repository/castor/castor/0.9.4.2/castor-0.9.4.2.jar:/home/runner/.m2/repository/bsf/bsf/2.3.0/bsf-2.3.0.jar:/home/runner/.m2/repository/commons-net/commons-net/1.0.0/commons-net-1.0.0.jar:/home/runner/.m2/repository/org/eclipse/emf/common/2.2.3/common-2.2.3.jar:/home/runner/.m2/repository/org/eclipse/emf/ecore/2.2.3/ecore-2.2.3.jar:/home/runner/.m2/repository/org/eclipse/emf/ecore-xmi/2.2.3/ecore-xmi-2.2.3.jar:/home/runner/.m2/repository/org/eclipse/xsd/xsd/2.2.3/xsd-2.2.3.jar:/home/runner/.m2/repository/org/apache/axis/axis-saaj/1.4/axis-saaj-1.4.jar:/home/runner/.m2/repository/commons-discovery/commons-discovery/0.4/commons-discovery-0.4.jar:/home/runner/.m2/repository/wsdl4j/wsdl4j/1.6.1/wsdl4j-1.6.1.jar:/home/runner/.m2/repository/org/jsoup/jsoup/1.7.2/jsoup-1.7.2.jar:/home/runner/.m2/repository/xml-apis/xml-apis/1.4.01/xml-apis-1.4.01.jar:/home/runner/work/VIP-portal/VIP-portal/vip-application/target/vip-application-2.4.1-sources.jar:/home/runner/work/VIP-portal/VIP-portal/vip-gatelab/target/vip-gatelab-2.4.1.jar:/home/runner/work/VIP-portal/VIP-portal/vip-gatelab/target/vip-gatelab-2.4.1-sources.jar:/home/runner/work/VIP-portal/VIP-portal/vip-publication/target/vip-publication-2.4.1.jar:/home/runner/.m2/repository/org/jbibtex/jbibtex/1.0.14/jbibtex-1.0.14.jar:/home/runner/work/VIP-portal/VIP-portal/vip-publication/target/vip-publication-2.4.1-sources.jar:/home/runner/work/VIP-portal/VIP-portal/vip-social/target/vip-social-2.4.1.jar:/home/runner/work/VIP-portal/VIP-portal/vip-social/target/vip-social-2.4.1-sources.jar:/home/runner/work/VIP-portal/VIP-portal/vip-api/target/vip-api-2.4.1.jar:/home/runner/.m2/repository/org/springframework/spring-webmvc/5.3.15/spring-webmvc-5.3.15.jar:/home/runner/.m2/repository/org/springframework/security/spring-security-config/5.6.1/spring-security-config-5.6.1.jar:/home/runner/.m2/repository/org/springframework/security/spring-security-oauth2-client/5.6.1/spring-security-oauth2-client-5.6.1.jar:/home/runner/.m2/repository/org/springframework/security/spring-security-oauth2-core/5.6.1/spring-security-oauth2-core-5.6.1.jar:/home/runner/.m2/repository/com/nimbusds/oauth2-oidc-sdk/9.19/oauth2-oidc-sdk-9.19.jar:/home/runner/.m2/repository/com/github/stephenc/jcip/jcip-annotations/1.0-1/jcip-annotations-1.0-1.jar:/home/runner/.m2/repository/com/nimbusds/content-type/2.1/content-type-2.1.jar:/home/runner/.m2/repository/com/nimbusds/lang-tag/1.5/lang-tag-1.5.jar:/home/runner/.m2/repository/org/springframework/security/spring-security-oauth2-jose/5.6.1/spring-security-oauth2-jose-5.6.1.jar:/home/runner/.m2/repository/com/nimbusds/nimbus-jose-jwt/9.14/nimbus-jose-jwt-9.14.jar:/home/runner/.m2/repository/org/springframework/security/spring-security-web/5.6.1/spring-security-web-5.6.1.jar:/home/runner/.m2/repository/org/keycloak/keycloak-spring-security-adapter/15.0.1/keycloak-spring-security-adapter-15.0.1.jar:/home/runner/.m2/repository/org/keycloak/keycloak-core/15.0.1/keycloak-core-15.0.1.jar:/home/runner/.m2/repository/org/keycloak/keycloak-adapter-spi/15.0.1/keycloak-adapter-spi-15.0.1.jar:/home/runner/.m2/repository/org/keycloak/keycloak-adapter-core/15.0.1/keycloak-adapter-core-15.0.1.jar:/home/runner/.m2/repository/org/jboss/logging/jboss-logging/3.4.1.Final/jboss-logging-3.4.1.Final.jar:/home/runner/.m2/repository/org/apache/httpcomponents/httpclient/4.5.13/httpclient-4.5.13.jar:/home/runner/.m2/repository/org/apache/httpcomponents/httpcore/4.4.13/httpcore-4.4.13.jar:/home/runner/.m2/repository/org/keycloak/keycloak-admin-client/15.0.1/keycloak-admin-client-15.0.1.jar:/home/runner/.m2/repository/org/keycloak/keycloak-common/15.0.1/keycloak-common-15.0.1.jar:/home/runner/.m2/repository/org/jboss/resteasy/resteasy-client/3.13.2.Final/resteasy-client-3.13.2.Final.jar:/home/runner/.m2/repository/org/jboss/spec/javax/ws/rs/jboss-jaxrs-api_2.1_spec/2.0.1.Final/jboss-jaxrs-api_2.1_spec-2.0.1.Final.jar:/home/runner/.m2/repository/org/jboss/resteasy/resteasy-jaxrs/3.13.2.Final/resteasy-jaxrs-3.13.2.Final.jar:/home/runner/.m2/repository/org/reactivestreams/reactive-streams/1.0.3/reactive-streams-1.0.3.jar:/home/runner/.m2/repository/org/jboss/spec/javax/annotation/jboss-annotations-api_1.3_spec/2.0.1.Final/jboss-annotations-api_1.3_spec-2.0.1.Final.jar:/home/runner/.m2/repository/com/sun/activation/jakarta.activation/1.2.1/jakarta.activation-1.2.1.jar:/home/runner/.m2/repository/org/jboss/resteasy/resteasy-multipart-provider/3.13.2.Final/resteasy-multipart-provider-3.13.2.Final.jar:/home/runner/.m2/repository/com/sun/mail/jakarta.mail/1.6.5/jakarta.mail-1.6.5.jar:/home/runner/.m2/repository/org/apache/james/apache-mime4j/0.6/apache-mime4j-0.6.jar:/home/runner/.m2/repository/org/jboss/resteasy/resteasy-jackson2-provider/3.13.2.Final/resteasy-jackson2-provider-3.13.2.Final.jar:/home/runner/.m2/repository/com/fasterxml/jackson/jaxrs/jackson-jaxrs-json-provider/2.10.5/jackson-jaxrs-json-provider-2.10.5.jar:/home/runner/.m2/repository/com/fasterxml/jackson/jaxrs/jackson-jaxrs-base/2.10.5/jackson-jaxrs-base-2.10.5.jar:/home/runner/.m2/repository/com/fasterxml/jackson/module/jackson-module-jaxb-annotations/2.10.5/jackson-module-jaxb-annotations-2.10.5.jar:/home/runner/.m2/repository/jakarta/activation/jakarta.activation-api/1.2.1/jakarta.activation-api-1.2.1.jar:/home/runner/.m2/repository/com/github/fge/json-patch/1.9/json-patch-1.9.jar:/home/runner/.m2/repository/com/github/fge/jackson-coreutils/1.6/jackson-coreutils-1.6.jar:/home/runner/.m2/repository/com/github/fge/msg-simple/1.1/msg-simple-1.1.jar:/home/runner/.m2/repository/com/github/fge/btf/1.2/btf-1.2.jar:/home/runner/.m2/repository/com/google/guava/guava/28.1-jre/guava-28.1-jre.jar:/home/runner/.m2/repository/com/google/guava/failureaccess/1.0.1/failureaccess-1.0.1.jar:/home/runner/.m2/repository/com/google/guava/listenablefuture/9999.0-empty-to-avoid-conflict-with-guava/listenablefuture-9999.0-empty-to-avoid-conflict-with-guava.jar:/home/runner/.m2/repository/org/checkerframework/checker-qual/2.8.1/checker-qual-2.8.1.jar:/home/runner/.m2/repository/org/jboss/resteasy/resteasy-jaxb-provider/3.13.2.Final/resteasy-jaxb-provider-3.13.2.Final.jar:/home/runner/.m2/repository/org/jboss/spec/javax/xml/bind/jboss-jaxb-api_2.3_spec/2.0.0.Final/jboss-jaxb-api_2.3_spec-2.0.0.Final.jar:/home/runner/.m2/repository/org/glassfish/jaxb/jaxb-runtime/2.3.3-b02/jaxb-runtime-2.3.3-b02.jar:/home/runner/.m2/repository/org/glassfish/jaxb/txw2/2.3.3-b02/txw2-2.3.3-b02.jar:/home/runner/.m2/repository/com/sun/istack/istack-commons-runtime/3.0.10/istack-commons-runtime-3.0.10.jar:/home/runner/.m2/repository/com/fasterxml/jackson/datatype/jackson-datatype-jsr310/2.11.0/jackson-datatype-jsr310-2.11.0.jar:/home/runner/.m2/repository/org/hibernate/validator/hibernate-validator/6.1.5.Final/hibernate-validator-6.1.5.Final.jar:/home/runner/.m2/repository/jakarta/validation/jakarta.validation-api/2.0.2/jakarta.validation-api-2.0.2.jar:/home/runner/.m2/repository/com/fasterxml/classmate/1.3.4/classmate-1.3.4.jar:/home/runner/.m2/repository/org/glassfish/jakarta.el/3.0.3/jakarta.el-3.0.3.jar:/home/runner/work/VIP-portal/VIP-portal/vip-local/target/vip-local-2.4.1.jar:/home/runner/work/VIP-portal/VIP-portal/vip-visualization/target/vip-visualization-2.4.1.jar:/home/runner/work/VIP-portal/VIP-portal/vip-visualization/target/vip-visualization-2.4.1-sources.jar:/home/runner/.m2/repository/org/mariadb/jdbc/mariadb-java-client/2.1.2/mariadb-java-client-2.1.2.jar:/home/runner/.m2/repository/com/h2database/h2/1.3.173/h2-1.3.173.jar:/home/runner/.m2/repository/com/isomorphic/smartgwt/lgpl/smartgwt-lgpl/12.0p/smartgwt-lgpl-12.0p.jar:/home/runner/.m2/repository/com/google/gwt/gwt-dev/2.8.2/gwt-dev-2.8.2.jar:/home/runner/.m2/repository/com/google/code/findbugs/jsr305/1.3.9/jsr305-1.3.9.jar:/home/runner/.m2/repository/com/google/code/gson/gson/2.6.2/gson-2.6.2.jar:/home/runner/.m2/repository/org/ow2/asm/asm/5.0.3/asm-5.0.3.jar:/home/runner/.m2/repository/org/ow2/asm/asm-util/5.0.3/asm-util-5.0.3.jar:/home/runner/.m2/repository/org/ow2/asm/asm-tree/5.0.3/asm-tree-5.0.3.jar:/home/runner/.m2/repository/org/ow2/asm/asm-commons/5.0.3/asm-commons-5.0.3.jar:/home/runner/.m2/repository/colt/colt/1.2.0/colt-1.2.0.jar:/home/runner/.m2/repository/ant/ant/1.6.5/ant-1.6.5.jar:/home/runner/.m2/repository/commons-collections/commons-collections/3.2.2/commons-collections-3.2.2.jar:/home/runner/.m2/repository/com/ibm/icu/icu4j/50.1.1/icu4j-50.1.1.jar:/home/runner/.m2/repository/tapestry/tapestry/4.0.2/tapestry-4.0.2.jar:/home/runner/.m2/repository/net/sourceforge/htmlunit/htmlunit/2.19/htmlunit-2.19.jar:/home/runner/.m2/repository/org/apache/commons/commons-lang3/3.4/commons-lang3-3.4.jar:/home/runner/.m2/repository/org/apache/httpcomponents/httpmime/4.5.1/httpmime-4.5.1.jar:/home/runner/.m2/repository/net/sourceforge/htmlunit/htmlunit-core-js/2.17/htmlunit-core-js-2.17.jar:/home/runner/.m2/repository/net/sourceforge/nekohtml/nekohtml/1.9.22/nekohtml-1.9.22.jar:/home/runner/.m2/repository/net/sourceforge/cssparser/cssparser/0.9.18/cssparser-0.9.18.jar:/home/runner/.m2/repository/org/eclipse/jetty/websocket/websocket-client/9.2.13.v20150730/websocket-client-9.2.13.v20150730.jar:/home/runner/.m2/repository/org/eclipse/jetty/websocket/websocket-common/9.2.14.v20151106/websocket-common-9.2.14.v20151106.jar:/home/runner/.m2/repository/org/eclipse/jetty/websocket/websocket-api/9.2.14.v20151106/websocket-api-9.2.14.v20151106.jar:/home/runner/.m2/repository/org/eclipse/jetty/jetty-webapp/9.2.14.v20151106/jetty-webapp-9.2.14.v20151106.jar:/home/runner/.m2/repository/org/eclipse/jetty/jetty-xml/9.2.14.v20151106/jetty-xml-9.2.14.v20151106.jar:/home/runner/.m2/repository/org/eclipse/jetty/jetty-servlet/9.2.14.v20151106/jetty-servlet-9.2.14.v20151106.jar:/home/runner/.m2/repository/org/eclipse/jetty/jetty-security/9.2.14.v20151106/jetty-security-9.2.14.v20151106.jar:/home/runner/.m2/repository/org/eclipse/jetty/jetty-servlets/9.2.14.v20151106/jetty-servlets-9.2.14.v20151106.jar:/home/runner/.m2/repository/org/eclipse/jetty/jetty-continuation/9.2.14.v20151106/jetty-continuation-9.2.14.v20151106.jar:/home/runner/.m2/repository/org/eclipse/jetty/jetty-http/9.2.14.v20151106/jetty-http-9.2.14.v20151106.jar:/home/runner/.m2/repository/org/eclipse/jetty/jetty-util/9.2.14.v20151106/jetty-util-9.2.14.v20151106.jar:/home/runner/.m2/repository/org/eclipse/jetty/jetty-io/9.2.14.v20151106/jetty-io-9.2.14.v20151106.jar:/home/runner/.m2/repository/org/eclipse/jetty/jetty-annotations/9.2.14.v20151106/jetty-annotations-9.2.14.v20151106.jar:/home/runner/.m2/repository/org/eclipse/jetty/jetty-plus/9.2.14.v20151106/jetty-plus-9.2.14.v20151106.jar:/home/runner/.m2/repository/org/eclipse/jetty/jetty-jndi/9.2.14.v20151106/jetty-jndi-9.2.14.v20151106.jar:/home/runner/.m2/repository/org/eclipse/jetty/apache-jsp/9.2.14.v20151106/apache-jsp-9.2.14.v20151106.jar:/home/runner/.m2/repository/org/eclipse/jetty/jetty-server/9.2.14.v20151106/jetty-server-9.2.14.v20151106.jar:/home/runner/.m2/repository/org/eclipse/jetty/toolchain/jetty-schemas/3.1.M0/jetty-schemas-3.1.M0.jar:/home/runner/.m2/repository/org/mortbay/jasper/apache-jsp/8.0.9.M3/apache-jsp-8.0.9.M3.jar:/home/runner/.m2/repository/org/mortbay/jasper/apache-el/8.0.9.M3/apache-el-8.0.9.M3.jar:/home/runner/.m2/repository/com/googlecode/gflot/gflot/3.0.2/gflot-3.0.2.jar:/home/runner/.m2/repository/ch/qos/logback/logback-classic/1.2.3/logback-classic-1.2.3.jar:/home/runner/.m2/repository/ch/qos/logback/logback-core/1.2.3/logback-core-1.2.3.jar:/home/runner/work/VIP-portal/VIP-portal/vip-core/target/vip-core-2.4.1-tests.jar:/home/runner/work/VIP-portal/VIP-portal/vip-application/target/vip-application-2.4.1-tests.jar:/home/runner/.m2/repository/org/junit/jupiter/junit-jupiter/5.6.2/junit-jupiter-5.6.2.jar:/home/runner/.m2/repository/org/junit/jupiter/junit-jupiter-api/5.6.2/junit-jupiter-api-5.6.2.jar:/home/runner/.m2/repository/org/apiguardian/apiguardian-api/1.1.0/apiguardian-api-1.1.0.jar:/home/runner/.m2/repository/org/opentest4j/opentest4j/1.2.0/opentest4j-1.2.0.jar:/home/runner/.m2/repository/org/junit/platform/junit-platform-commons/1.6.2/junit-platform-commons-1.6.2.jar:/home/runner/.m2/repository/org/junit/jupiter/junit-jupiter-params/5.6.2/junit-jupiter-params-5.6.2.jar:/home/runner/.m2/repository/org/junit/jupiter/junit-jupiter-engine/5.6.2/junit-jupiter-engine-5.6.2.jar:/home/runner/.m2/repository/org/junit/platform/junit-platform-engine/1.6.2/junit-platform-engine-1.6.2.jar:/home/runner/.m2/repository/org/springframework/spring-test/5.3.15/spring-test-5.3.15.jar:/home/runner/.m2/repository/org/springframework/spring-core/5.3.15/spring-core-5.3.15.jar:/home/runner/.m2/repository/org/springframework/spring-jcl/5.3.15/spring-jcl-5.3.15.jar:/home/runner/.m2/repository/com/github/h-thurow/simple-jndi/0.23.0/simple-jndi-0.23.0.jar:/home/runner/.m2/repository/org/jetbrains/annotations/13.0/annotations-13.0.jar:/home/runner/.m2/repository/commons-lang/commons-lang/2.6/commons-lang-2.6.jar:/home/runner/.m2/repository/org/mockito/mockito-core/4.6.1/mockito-core-4.6.1.jar:/home/runner/.m2/repository/net/bytebuddy/byte-buddy/1.12.10/byte-buddy-1.12.10.jar:/home/runner/.m2/repository/net/bytebuddy/byte-buddy-agent/1.12.10/byte-buddy-agent-1.12.10.jar:/home/runner/.m2/repository/org/objenesis/objenesis/3.2/objenesis-3.2.jar:/home/runner/.m2/repository/org/springframework/security/spring-security-test/5.6.1/spring-security-test-5.6.1.jar:/home/runner/.m2/repository/org/springframework/security/spring-security-core/5.6.1/spring-security-core-5.6.1.jar:/home/runner/.m2/repository/org/springframework/security/spring-security-crypto/5.6.1/spring-security-crypto-5.6.1.jar:/home/runner/.m2/repository/org/hamcrest/hamcrest/2.2/hamcrest-2.2.jar:/home/runner/.m2/repository/com/jayway/jsonpath/json-path/2.2.0/json-path-2.2.0.jar:/home/runner/.m2/repository/net/minidev/json-smart/2.2.1/json-smart-2.2.1.jar:/home/runner/.m2/repository/net/minidev/accessors-smart/1.1/accessors-smart-1.1.jar:/home/runner/.m2/repository/org/mockito/mockito-inline/5.2.0/mockito-inline-5.2.0.jar:"/>
    <property name="java.vm.vendor" value="Eclipse Adoptium"/>
    <property name="sun.arch.data.model" value="64"/>
    <property name="java.vendor.url" value="https://adoptium.net/"/>
    <property name="user.timezone" value="Etc/UTC"/>
    <property name="java.vm.specification.version" value="11"/>
    <property name="os.name" value="Linux"/>
    <property name="sun.java.launcher" value="SUN_STANDARD"/>
    <property name="sun.boot.library.path" value="/usr/lib/jvm/temurin-11-jdk-amd64/lib"/>
    <property name="sun.java.command" value="/home/runner/work/VIP-portal/VIP-portal/vip-portal/target/surefire/surefirebooter-20230706180403368_3.jar /home/runner/work/VIP-portal/VIP-portal/vip-portal/target/surefire 2023-07-06T18-04-03_317-jvmRun1 surefire-20230706180403368_1tmp surefire_0-20230706180403368_2tmp"/>
    <property name="jdk.debug" value="release"/>
    <property name="surefire.test.class.path" value="/home/runner/work/VIP-portal/VIP-portal/vip-portal/target/test-classes:/home/runner/work/VIP-portal/VIP-portal/vip-portal/target/classes:/home/runner/work/VIP-portal/VIP-portal/vip-core/target/vip-core-2.4.1.jar:/home/runner/.m2/repository/com/google/gwt/gwt-user/2.8.2/gwt-user-2.8.2.jar:/home/runner/.m2/repository/com/google/jsinterop/jsinterop-annotations/1.0.2/jsinterop-annotations-1.0.2.jar:/home/runner/.m2/repository/com/google/jsinterop/jsinterop-annotations/1.0.2/jsinterop-annotations-1.0.2-sources.jar:/home/runner/.m2/repository/javax/servlet/javax.servlet-api/3.1.0/javax.servlet-api-3.1.0.jar:/home/runner/.m2/repository/org/w3c/css/sac/1.3/sac-1.3.jar:/home/runner/.m2/repository/org/bouncycastle/bcpkix-jdk15on/1.52/bcpkix-jdk15on-1.52.jar:/home/runner/.m2/repository/org/bouncycastle/bcprov-jdk15on/1.52/bcprov-jdk15on-1.52.jar:/home/runner/.m2/repository/fr/insalyon/creatis/grida-client/2.2.0/grida-client-2.2.0.jar:/home/runner/.m2/repository/fr/insalyon/creatis/grida-common/2.2.0/grida-common-2.2.0.jar:/home/runner/.m2/repository/commons-cli/commons-cli/1.4/commons-cli-1.4.jar:/home/runner/.m2/repository/fr/insalyon/creatis/sma-client/0.3.0/sma-client-0.3.0.jar:/home/runner/.m2/repository/fr/insalyon/creatis/sma-common/0.3.0/sma-common-0.3.0.jar:/home/runner/.m2/repository/fr/insalyon/creatis/devtools/0.1/devtools-0.1.jar:/home/runner/.m2/repository/org/slf4j/slf4j-api/1.7.30/slf4j-api-1.7.30.jar:/home/runner/.m2/repository/commons-configuration/commons-configuration/1.7/commons-configuration-1.7.jar:/home/runner/.m2/repository/commons-logging/commons-logging/99-empty/commons-logging-99-empty.jar:/home/runner/.m2/repository/commons-digester/commons-digester/1.8.1/commons-digester-1.8.1.jar:/home/runner/.m2/repository/commons-beanutils/commons-beanutils/1.8.3/commons-beanutils-1.8.3.jar:/home/runner/.m2/repository/commons-codec/commons-codec/1.6/commons-codec-1.6.jar:/home/runner/.m2/repository/commons-io/commons-io/2.4/commons-io-2.4.jar:/home/runner/.m2/repository/org/opensaml/opensaml/2.6.0/opensaml-2.6.0.jar:/home/runner/.m2/repository/org/opensaml/openws/1.5.0/openws-1.5.0.jar:/home/runner/.m2/repository/org/opensaml/xmltooling/1.4.0/xmltooling-1.4.0.jar:/home/runner/.m2/repository/ca/juliusdavies/not-yet-commons-ssl/0.3.9/not-yet-commons-ssl-0.3.9.jar:/home/runner/.m2/repository/org/apache/santuario/xmlsec/1.5.4/xmlsec-1.5.4.jar:/home/runner/.m2/repository/commons-httpclient/commons-httpclient/3.1/commons-httpclient-3.1.jar:/home/runner/.m2/repository/org/owasp/esapi/esapi/2.0.1/esapi-2.0.1.jar:/home/runner/.m2/repository/joda-time/joda-time/2.2/joda-time-2.2.jar:/home/runner/.m2/repository/xerces/xercesImpl/2.10.0/xercesImpl-2.10.0.jar:/home/runner/.m2/repository/xalan/serializer/2.7.1/serializer-2.7.1.jar:/home/runner/.m2/repository/xml-resolver/xml-resolver/1.2/xml-resolver-1.2.jar:/home/runner/.m2/repository/xalan/xalan/2.7.1/xalan-2.7.1.jar:/home/runner/.m2/repository/javax/mail/mail/1.4.5/mail-1.4.5.jar:/home/runner/.m2/repository/javax/activation/activation/1.1/activation-1.1.jar:/home/runner/.m2/repository/javax/annotation/javax.annotation-api/1.3.2/javax.annotation-api-1.3.2.jar:/home/runner/.m2/repository/org/springframework/spring-web/5.3.15/spring-web-5.3.15.jar:/home/runner/.m2/repository/org/springframework/spring-beans/5.3.15/spring-beans-5.3.15.jar:/home/runner/.m2/repository/org/springframework/spring-jdbc/5.3.15/spring-jdbc-5.3.15.jar:/home/runner/.m2/repository/org/springframework/spring-tx/5.3.15/spring-tx-5.3.15.jar:/home/runner/.m2/repository/org/springframework/spring-context/5.3.15/spring-context-5.3.15.jar:/home/runner/.m2/repository/org/springframework/spring-aop/5.3.15/spring-aop-5.3.15.jar:/home/runner/.m2/repository/org/springframework/spring-expression/5.3.15/spring-expression-5.3.15.jar:/home/runner/work/VIP-portal/VIP-portal/vip-core/target/vip-core-2.4.1-sources.jar:/home/runner/work/VIP-portal/VIP-portal/vip-docs/target/vip-docs-2.4.1.jar:/home/runner/work/VIP-portal/VIP-portal/vip-docs/target/vip-docs-2.4.1-sources.jar:/home/runner/work/VIP-portal/VIP-portal/vip-application-importer/target/vip-application-importer-2.4.1.jar:/home/runner/.m2/repository/org/apache/commons/commons-compress/1.20/commons-compress-1.20.jar:/home/runner/.m2/repository/org/apache/velocity/velocity/1.7/velocity-1.7.jar:/home/runner/.m2/repository/org/apache/velocity/velocity-tools/2.0/velocity-tools-2.0.jar:/home/runner/.m2/repository/commons-chain/commons-chain/1.1/commons-chain-1.1.jar:/home/runner/.m2/repository/commons-validator/commons-validator/1.3.1/commons-validator-1.3.1.jar:/home/runner/.m2/repository/dom4j/dom4j/1.1/dom4j-1.1.jar:/home/runner/.m2/repository/oro/oro/2.0.8/oro-2.0.8.jar:/home/runner/.m2/repository/sslext/sslext/1.2-0/sslext-1.2-0.jar:/home/runner/work/VIP-portal/VIP-portal/vip-application-importer/target/vip-application-importer-2.4.1-sources.jar:/home/runner/work/VIP-portal/VIP-portal/vip-datamanagement/target/vip-datamanager-2.4.1.jar:/home/runner/.m2/repository/commons-fileupload/commons-fileupload/1.3.3/commons-fileupload-1.3.3.jar:/home/runner/.m2/repository/com/fasterxml/jackson/core/jackson-databind/2.11.0/jackson-databind-2.11.0.jar:/home/runner/.m2/repository/com/fasterxml/jackson/core/jackson-annotations/2.11.0/jackson-annotations-2.11.0.jar:/home/runner/.m2/repository/com/fasterxml/jackson/core/jackson-core/2.11.0/jackson-core-2.11.0.jar:/home/runner/work/VIP-portal/VIP-portal/vip-datamanagement/target/vip-datamanager-2.4.1-sources.jar:/home/runner/work/VIP-portal/VIP-portal/vip-application/target/vip-application-2.4.1.jar:/home/runner/.m2/repository/fr/insalyon/creatis/moteur2-workflowsdb-common/1.6/moteur2-workflowsdb-common-1.6.jar:/home/runner/.m2/repository/org/hibernate/hibernate-entitymanager/4.1.1.Final/hibernate-entitymanager-4.1.1.Final.jar:/home/runner/.m2/repository/org/hibernate/hibernate-core/4.1.1.Final/hibernate-core-4.1.1.Final.jar:/home/runner/.m2/repository/antlr/antlr/2.7.7/antlr-2.7.7.jar:/home/runner/.m2/repository/org/jboss/spec/javax/transaction/jboss-transaction-api_1.1_spec/1.0.0.Final/jboss-transaction-api_1.1_spec-1.0.0.Final.jar:/home/runner/.m2/repository/org/hibernate/javax/persistence/hibernate-jpa-2.0-api/1.0.1.Final/hibernate-jpa-2.0-api-1.0.1.Final.jar:/home/runner/.m2/repository/org/javassist/javassist/3.15.0-GA/javassist-3.15.0-GA.jar:/home/runner/.m2/repository/org/hibernate/common/hibernate-commons-annotations/4.0.1.Final/hibernate-commons-annotations-4.0.1.Final.jar:/home/runner/.m2/repository/globus-common/jaxrpc/4.2.1/jaxrpc-4.2.1.jar:/home/runner/.m2/repository/org/apache/axis/axis/1.4.1-vip/axis-1.4.1-vip.jar:/home/runner/.m2/repository/org/apache/axis/axis-jaxrpc/1.4.1-SNAPSHOT/axis-jaxrpc-1.4.1-SNAPSHOT.jar:/home/runner/.m2/repository/javax/servlet/servlet-api/2.4/servlet-api-2.4.jar:/home/runner/.m2/repository/xerces/xmlParserAPIs/2.6.2/xmlParserAPIs-2.6.2.jar:/home/runner/.m2/repository/castor/castor/0.9.4.2/castor-0.9.4.2.jar:/home/runner/.m2/repository/bsf/bsf/2.3.0/bsf-2.3.0.jar:/home/runner/.m2/repository/commons-net/commons-net/1.0.0/commons-net-1.0.0.jar:/home/runner/.m2/repository/org/eclipse/emf/common/2.2.3/common-2.2.3.jar:/home/runner/.m2/repository/org/eclipse/emf/ecore/2.2.3/ecore-2.2.3.jar:/home/runner/.m2/repository/org/eclipse/emf/ecore-xmi/2.2.3/ecore-xmi-2.2.3.jar:/home/runner/.m2/repository/org/eclipse/xsd/xsd/2.2.3/xsd-2.2.3.jar:/home/runner/.m2/repository/org/apache/axis/axis-saaj/1.4/axis-saaj-1.4.jar:/home/runner/.m2/repository/commons-discovery/commons-discovery/0.4/commons-discovery-0.4.jar:/home/runner/.m2/repository/wsdl4j/wsdl4j/1.6.1/wsdl4j-1.6.1.jar:/home/runner/.m2/repository/org/jsoup/jsoup/1.7.2/jsoup-1.7.2.jar:/home/runner/.m2/repository/xml-apis/xml-apis/1.4.01/xml-apis-1.4.01.jar:/home/runner/work/VIP-portal/VIP-portal/vip-application/target/vip-application-2.4.1-sources.jar:/home/runner/work/VIP-portal/VIP-portal/vip-gatelab/target/vip-gatelab-2.4.1.jar:/home/runner/work/VIP-portal/VIP-portal/vip-gatelab/target/vip-gatelab-2.4.1-sources.jar:/home/runner/work/VIP-portal/VIP-portal/vip-publication/target/vip-publication-2.4.1.jar:/home/runner/.m2/repository/org/jbibtex/jbibtex/1.0.14/jbibtex-1.0.14.jar:/home/runner/work/VIP-portal/VIP-portal/vip-publication/target/vip-publication-2.4.1-sources.jar:/home/runner/work/VIP-portal/VIP-portal/vip-social/target/vip-social-2.4.1.jar:/home/runner/work/VIP-portal/VIP-portal/vip-social/target/vip-social-2.4.1-sources.jar:/home/runner/work/VIP-portal/VIP-portal/vip-api/target/vip-api-2.4.1.jar:/home/runner/.m2/repository/org/springframework/spring-webmvc/5.3.15/spring-webmvc-5.3.15.jar:/home/runner/.m2/repository/org/springframework/security/spring-security-config/5.6.1/spring-security-config-5.6.1.jar:/home/runner/.m2/repository/org/springframework/security/spring-security-oauth2-client/5.6.1/spring-security-oauth2-client-5.6.1.jar:/home/runner/.m2/repository/org/springframework/security/spring-security-oauth2-core/5.6.1/spring-security-oauth2-core-5.6.1.jar:/home/runner/.m2/repository/com/nimbusds/oauth2-oidc-sdk/9.19/oauth2-oidc-sdk-9.19.jar:/home/runner/.m2/repository/com/github/stephenc/jcip/jcip-annotations/1.0-1/jcip-annotations-1.0-1.jar:/home/runner/.m2/repository/com/nimbusds/content-type/2.1/content-type-2.1.jar:/home/runner/.m2/repository/com/nimbusds/lang-tag/1.5/lang-tag-1.5.jar:/home/runner/.m2/repository/org/springframework/security/spring-security-oauth2-jose/5.6.1/spring-security-oauth2-jose-5.6.1.jar:/home/runner/.m2/repository/com/nimbusds/nimbus-jose-jwt/9.14/nimbus-jose-jwt-9.14.jar:/home/runner/.m2/repository/org/springframework/security/spring-security-web/5.6.1/spring-security-web-5.6.1.jar:/home/runner/.m2/repository/org/keycloak/keycloak-spring-security-adapter/15.0.1/keycloak-spring-security-adapter-15.0.1.jar:/home/runner/.m2/repository/org/keycloak/keycloak-core/15.0.1/keycloak-core-15.0.1.jar:/home/runner/.m2/repository/org/keycloak/keycloak-adapter-spi/15.0.1/keycloak-adapter-spi-15.0.1.jar:/home/runner/.m2/repository/org/keycloak/keycloak-adapter-core/15.0.1/keycloak-adapter-core-15.0.1.jar:/home/runner/.m2/repository/org/jboss/logging/jboss-logging/3.4.1.Final/jboss-logging-3.4.1.Final.jar:/home/runner/.m2/repository/org/apache/httpcomponents/httpclient/4.5.13/httpclient-4.5.13.jar:/home/runner/.m2/repository/org/apache/httpcomponents/httpcore/4.4.13/httpcore-4.4.13.jar:/home/runner/.m2/repository/org/keycloak/keycloak-admin-client/15.0.1/keycloak-admin-client-15.0.1.jar:/home/runner/.m2/repository/org/keycloak/keycloak-common/15.0.1/keycloak-common-15.0.1.jar:/home/runner/.m2/repository/org/jboss/resteasy/resteasy-client/3.13.2.Final/resteasy-client-3.13.2.Final.jar:/home/runner/.m2/repository/org/jboss/spec/javax/ws/rs/jboss-jaxrs-api_2.1_spec/2.0.1.Final/jboss-jaxrs-api_2.1_spec-2.0.1.Final.jar:/home/runner/.m2/repository/org/jboss/resteasy/resteasy-jaxrs/3.13.2.Final/resteasy-jaxrs-3.13.2.Final.jar:/home/runner/.m2/repository/org/reactivestreams/reactive-streams/1.0.3/reactive-streams-1.0.3.jar:/home/runner/.m2/repository/org/jboss/spec/javax/annotation/jboss-annotations-api_1.3_spec/2.0.1.Final/jboss-annotations-api_1.3_spec-2.0.1.Final.jar:/home/runner/.m2/repository/com/sun/activation/jakarta.activation/1.2.1/jakarta.activation-1.2.1.jar:/home/runner/.m2/repository/org/jboss/resteasy/resteasy-multipart-provider/3.13.2.Final/resteasy-multipart-provider-3.13.2.Final.jar:/home/runner/.m2/repository/com/sun/mail/jakarta.mail/1.6.5/jakarta.mail-1.6.5.jar:/home/runner/.m2/repository/org/apache/james/apache-mime4j/0.6/apache-mime4j-0.6.jar:/home/runner/.m2/repository/org/jboss/resteasy/resteasy-jackson2-provider/3.13.2.Final/resteasy-jackson2-provider-3.13.2.Final.jar:/home/runner/.m2/repository/com/fasterxml/jackson/jaxrs/jackson-jaxrs-json-provider/2.10.5/jackson-jaxrs-json-provider-2.10.5.jar:/home/runner/.m2/repository/com/fasterxml/jackson/jaxrs/jackson-jaxrs-base/2.10.5/jackson-jaxrs-base-2.10.5.jar:/home/runner/.m2/repository/com/fasterxml/jackson/module/jackson-module-jaxb-annotations/2.10.5/jackson-module-jaxb-annotations-2.10.5.jar:/home/runner/.m2/repository/jakarta/activation/jakarta.activation-api/1.2.1/jakarta.activation-api-1.2.1.jar:/home/runner/.m2/repository/com/github/fge/json-patch/1.9/json-patch-1.9.jar:/home/runner/.m2/repository/com/github/fge/jackson-coreutils/1.6/jackson-coreutils-1.6.jar:/home/runner/.m2/repository/com/github/fge/msg-simple/1.1/msg-simple-1.1.jar:/home/runner/.m2/repository/com/github/fge/btf/1.2/btf-1.2.jar:/home/runner/.m2/repository/com/google/guava/guava/28.1-jre/guava-28.1-jre.jar:/home/runner/.m2/repository/com/google/guava/failureaccess/1.0.1/failureaccess-1.0.1.jar:/home/runner/.m2/repository/com/google/guava/listenablefuture/9999.0-empty-to-avoid-conflict-with-guava/listenablefuture-9999.0-empty-to-avoid-conflict-with-guava.jar:/home/runner/.m2/repository/org/checkerframework/checker-qual/2.8.1/checker-qual-2.8.1.jar:/home/runner/.m2/repository/org/jboss/resteasy/resteasy-jaxb-provider/3.13.2.Final/resteasy-jaxb-provider-3.13.2.Final.jar:/home/runner/.m2/repository/org/jboss/spec/javax/xml/bind/jboss-jaxb-api_2.3_spec/2.0.0.Final/jboss-jaxb-api_2.3_spec-2.0.0.Final.jar:/home/runner/.m2/repository/org/glassfish/jaxb/jaxb-runtime/2.3.3-b02/jaxb-runtime-2.3.3-b02.jar:/home/runner/.m2/repository/org/glassfish/jaxb/txw2/2.3.3-b02/txw2-2.3.3-b02.jar:/home/runner/.m2/repository/com/sun/istack/istack-commons-runtime/3.0.10/istack-commons-runtime-3.0.10.jar:/home/runner/.m2/repository/com/fasterxml/jackson/datatype/jackson-datatype-jsr310/2.11.0/jackson-datatype-jsr310-2.11.0.jar:/home/runner/.m2/repository/org/hibernate/validator/hibernate-validator/6.1.5.Final/hibernate-validator-6.1.5.Final.jar:/home/runner/.m2/repository/jakarta/validation/jakarta.validation-api/2.0.2/jakarta.validation-api-2.0.2.jar:/home/runner/.m2/repository/com/fasterxml/classmate/1.3.4/classmate-1.3.4.jar:/home/runner/.m2/repository/org/glassfish/jakarta.el/3.0.3/jakarta.el-3.0.3.jar:/home/runner/work/VIP-portal/VIP-portal/vip-local/target/vip-local-2.4.1.jar:/home/runner/work/VIP-portal/VIP-portal/vip-visualization/target/vip-visualization-2.4.1.jar:/home/runner/work/VIP-portal/VIP-portal/vip-visualization/target/vip-visualization-2.4.1-sources.jar:/home/runner/.m2/repository/org/mariadb/jdbc/mariadb-java-client/2.1.2/mariadb-java-client-2.1.2.jar:/home/runner/.m2/repository/com/h2database/h2/1.3.173/h2-1.3.173.jar:/home/runner/.m2/repository/com/isomorphic/smartgwt/lgpl/smartgwt-lgpl/12.0p/smartgwt-lgpl-12.0p.jar:/home/runner/.m2/repository/com/google/gwt/gwt-dev/2.8.2/gwt-dev-2.8.2.jar:/home/runner/.m2/repository/com/google/code/findbugs/jsr305/1.3.9/jsr305-1.3.9.jar:/home/runner/.m2/repository/com/google/code/gson/gson/2.6.2/gson-2.6.2.jar:/home/runner/.m2/repository/org/ow2/asm/asm/5.0.3/asm-5.0.3.jar:/home/runner/.m2/repository/org/ow2/asm/asm-util/5.0.3/asm-util-5.0.3.jar:/home/runner/.m2/repository/org/ow2/asm/asm-tree/5.0.3/asm-tree-5.0.3.jar:/home/runner/.m2/repository/org/ow2/asm/asm-commons/5.0.3/asm-commons-5.0.3.jar:/home/runner/.m2/repository/colt/colt/1.2.0/colt-1.2.0.jar:/home/runner/.m2/repository/ant/ant/1.6.5/ant-1.6.5.jar:/home/runner/.m2/repository/commons-collections/commons-collections/3.2.2/commons-collections-3.2.2.jar:/home/runner/.m2/repository/com/ibm/icu/icu4j/50.1.1/icu4j-50.1.1.jar:/home/runner/.m2/repository/tapestry/tapestry/4.0.2/tapestry-4.0.2.jar:/home/runner/.m2/repository/net/sourceforge/htmlunit/htmlunit/2.19/htmlunit-2.19.jar:/home/runner/.m2/repository/org/apache/commons/commons-lang3/3.4/commons-lang3-3.4.jar:/home/runner/.m2/repository/org/apache/httpcomponents/httpmime/4.5.1/httpmime-4.5.1.jar:/home/runner/.m2/repository/net/sourceforge/htmlunit/htmlunit-core-js/2.17/htmlunit-core-js-2.17.jar:/home/runner/.m2/repository/net/sourceforge/nekohtml/nekohtml/1.9.22/nekohtml-1.9.22.jar:/home/runner/.m2/repository/net/sourceforge/cssparser/cssparser/0.9.18/cssparser-0.9.18.jar:/home/runner/.m2/repository/org/eclipse/jetty/websocket/websocket-client/9.2.13.v20150730/websocket-client-9.2.13.v20150730.jar:/home/runner/.m2/repository/org/eclipse/jetty/websocket/websocket-common/9.2.14.v20151106/websocket-common-9.2.14.v20151106.jar:/home/runner/.m2/repository/org/eclipse/jetty/websocket/websocket-api/9.2.14.v20151106/websocket-api-9.2.14.v20151106.jar:/home/runner/.m2/repository/org/eclipse/jetty/jetty-webapp/9.2.14.v20151106/jetty-webapp-9.2.14.v20151106.jar:/home/runner/.m2/repository/org/eclipse/jetty/jetty-xml/9.2.14.v20151106/jetty-xml-9.2.14.v20151106.jar:/home/runner/.m2/repository/org/eclipse/jetty/jetty-servlet/9.2.14.v20151106/jetty-servlet-9.2.14.v20151106.jar:/home/runner/.m2/repository/org/eclipse/jetty/jetty-security/9.2.14.v20151106/jetty-security-9.2.14.v20151106.jar:/home/runner/.m2/repository/org/eclipse/jetty/jetty-servlets/9.2.14.v20151106/jetty-servlets-9.2.14.v20151106.jar:/home/runner/.m2/repository/org/eclipse/jetty/jetty-continuation/9.2.14.v20151106/jetty-continuation-9.2.14.v20151106.jar:/home/runner/.m2/repository/org/eclipse/jetty/jetty-http/9.2.14.v20151106/jetty-http-9.2.14.v20151106.jar:/home/runner/.m2/repository/org/eclipse/jetty/jetty-util/9.2.14.v20151106/jetty-util-9.2.14.v20151106.jar:/home/runner/.m2/repository/org/eclipse/jetty/jetty-io/9.2.14.v20151106/jetty-io-9.2.14.v20151106.jar:/home/runner/.m2/repository/org/eclipse/jetty/jetty-annotations/9.2.14.v20151106/jetty-annotations-9.2.14.v20151106.jar:/home/runner/.m2/repository/org/eclipse/jetty/jetty-plus/9.2.14.v20151106/jetty-plus-9.2.14.v20151106.jar:/home/runner/.m2/repository/org/eclipse/jetty/jetty-jndi/9.2.14.v20151106/jetty-jndi-9.2.14.v20151106.jar:/home/runner/.m2/repository/org/eclipse/jetty/apache-jsp/9.2.14.v20151106/apache-jsp-9.2.14.v20151106.jar:/home/runner/.m2/repository/org/eclipse/jetty/jetty-server/9.2.14.v20151106/jetty-server-9.2.14.v20151106.jar:/home/runner/.m2/repository/org/eclipse/jetty/toolchain/jetty-schemas/3.1.M0/jetty-schemas-3.1.M0.jar:/home/runner/.m2/repository/org/mortbay/jasper/apache-jsp/8.0.9.M3/apache-jsp-8.0.9.M3.jar:/home/runner/.m2/repository/org/mortbay/jasper/apache-el/8.0.9.M3/apache-el-8.0.9.M3.jar:/home/runner/.m2/repository/com/googlecode/gflot/gflot/3.0.2/gflot-3.0.2.jar:/home/runner/.m2/repository/ch/qos/logback/logback-classic/1.2.3/logback-classic-1.2.3.jar:/home/runner/.m2/repository/ch/qos/logback/logback-core/1.2.3/logback-core-1.2.3.jar:/home/runner/work/VIP-portal/VIP-portal/vip-core/target/vip-core-2.4.1-tests.jar:/home/runner/work/VIP-portal/VIP-portal/vip-application/target/vip-application-2.4.1-tests.jar:/home/runner/.m2/repository/org/junit/jupiter/junit-jupiter/5.6.2/junit-jupiter-5.6.2.jar:/home/runner/.m2/repository/org/junit/jupiter/junit-jupiter-api/5.6.2/junit-jupiter-api-5.6.2.jar:/home/runner/.m2/repository/org/apiguardian/apiguardian-api/1.1.0/apiguardian-api-1.1.0.jar:/home/runner/.m2/repository/org/opentest4j/opentest4j/1.2.0/opentest4j-1.2.0.jar:/home/runner/.m2/repository/org/junit/platform/junit-platform-commons/1.6.2/junit-platform-commons-1.6.2.jar:/home/runner/.m2/repository/org/junit/jupiter/junit-jupiter-params/5.6.2/junit-jupiter-params-5.6.2.jar:/home/runner/.m2/repository/org/junit/jupiter/junit-jupiter-engine/5.6.2/junit-jupiter-engine-5.6.2.jar:/home/runner/.m2/repository/org/junit/platform/junit-platform-engine/1.6.2/junit-platform-engine-1.6.2.jar:/home/runner/.m2/repository/org/springframework/spring-test/5.3.15/spring-test-5.3.15.jar:/home/runner/.m2/repository/org/springframework/spring-core/5.3.15/spring-core-5.3.15.jar:/home/runner/.m2/repository/org/springframework/spring-jcl/5.3.15/spring-jcl-5.3.15.jar:/home/runner/.m2/repository/com/github/h-thurow/simple-jndi/0.23.0/simple-jndi-0.23.0.jar:/home/runner/.m2/repository/org/jetbrains/annotations/13.0/annotations-13.0.jar:/home/runner/.m2/repository/commons-lang/commons-lang/2.6/commons-lang-2.6.jar:/home/runner/.m2/repository/org/mockito/mockito-core/4.6.1/mockito-core-4.6.1.jar:/home/runner/.m2/repository/net/bytebuddy/byte-buddy/1.12.10/byte-buddy-1.12.10.jar:/home/runner/.m2/repository/net/bytebuddy/byte-buddy-agent/1.12.10/byte-buddy-agent-1.12.10.jar:/home/runner/.m2/repository/org/objenesis/objenesis/3.2/objenesis-3.2.jar:/home/runner/.m2/repository/org/springframework/security/spring-security-test/5.6.1/spring-security-test-5.6.1.jar:/home/runner/.m2/repository/org/springframework/security/spring-security-core/5.6.1/spring-security-core-5.6.1.jar:/home/runner/.m2/repository/org/springframework/security/spring-security-crypto/5.6.1/spring-security-crypto-5.6.1.jar:/home/runner/.m2/repository/org/hamcrest/hamcrest/2.2/hamcrest-2.2.jar:/home/runner/.m2/repository/com/jayway/jsonpath/json-path/2.2.0/json-path-2.2.0.jar:/home/runner/.m2/repository/net/minidev/json-smart/2.2.1/json-smart-2.2.1.jar:/home/runner/.m2/repository/net/minidev/accessors-smart/1.1/accessors-smart-1.1.jar:/home/runner/.m2/repository/org/mockito/mockito-inline/5.2.0/mockito-inline-5.2.0.jar:"/>
    <property name="sun.cpu.endian" value="little"/>
    <property name="user.home" value="/home/runner"/>
    <property name="user.language" value="en"/>
    <property name="java.specification.vendor" value="Oracle Corporation"/>
    <property name="java.version.date" value="2023-04-18"/>
    <property name="java.home" value="/usr/lib/jvm/temurin-11-jdk-amd64"/>
    <property name="file.separator" value="/"/>
    <property name="basedir" value="/home/runner/work/VIP-portal/VIP-portal/vip-portal"/>
    <property name="java.vm.compressedOopsMode" value="32-bit"/>
    <property name="line.separator" value="&#10;"/>
    <property name="java.specification.name" value="Java Platform API Specification"/>
    <property name="java.vm.specification.vendor" value="Oracle Corporation"/>
    <property name="java.awt.graphicsenv" value="sun.awt.X11GraphicsEnvironment"/>
    <property name="surefire.real.class.path" value="/home/runner/work/VIP-portal/VIP-portal/vip-portal/target/surefire/surefirebooter-20230706180403368_3.jar"/>
    <property name="sun.management.compiler" value="HotSpot 64-Bit Tiered Compilers"/>
    <property name="java.runtime.version" value="11.0.19+7"/>
    <property name="user.name" value="runner"/>
    <property name="path.separator" value=":"/>
    <property name="os.version" value="5.15.0-1041-azure"/>
    <property name="java.runtime.name" value="OpenJDK Runtime Environment"/>
    <property name="file.encoding" value="UTF-8"/>
    <property name="java.vm.name" value="OpenJDK 64-Bit Server VM"/>
    <property name="java.vendor.version" value="Temurin-11.0.19+7"/>
    <property name="localRepository" value="/home/runner/.m2/repository"/>
    <property name="java.vendor.url.bug" value="https://github.com/adoptium/adoptium-support/issues"/>
    <property name="java.io.tmpdir" value="/tmp"/>
    <property name="java.version" value="11.0.19"/>
    <property name="user.dir" value="/home/runner/work/VIP-portal/VIP-portal/vip-portal"/>
    <property name="os.arch" value="amd64"/>
    <property name="java.vm.specification.name" value="Java Virtual Machine Specification"/>
    <property name="java.awt.printerjob" value="sun.print.PSPrinterJob"/>
    <property name="sun.os.patch.level" value="unknown"/>
    <property name="java.library.path" value="/usr/java/packages/lib:/usr/lib64:/lib64:/lib:/usr/lib"/>
    <property name="java.vm.info" value="mixed mode"/>
    <property name="java.vendor" value="Eclipse Adoptium"/>
    <property name="java.vm.version" value="11.0.19+7"/>
    <property name="sun.io.unicode.encoding" value="UnicodeLittle"/>
    <property name="java.class.version" value="55.0"/>
  </properties>
  <testcase name="testGetPipelines" classname="fr.insalyon.creatis.vip.integrationtest.VipWebConfigurationIT" time="0.413">
    <system-out><![CDATA[18:04:04,624 |-INFO in ch.qos.logback.classic.LoggerContext[default] - Could NOT find resource [logback-test.xml]
18:04:04,624 |-INFO in ch.qos.logback.classic.LoggerContext[default] - Could NOT find resource [logback.groovy]
18:04:04,625 |-INFO in ch.qos.logback.classic.LoggerContext[default] - Found resource [logback.xml] at [file:/home/runner/work/VIP-portal/VIP-portal/vip-portal/target/test-classes/logback.xml]
18:04:04,625 |-WARN in ch.qos.logback.classic.LoggerContext[default] - Resource [logback.xml] occurs multiple times on the classpath.
18:04:04,625 |-WARN in ch.qos.logback.classic.LoggerContext[default] - Resource [logback.xml] occurs at [file:/home/runner/work/VIP-portal/VIP-portal/vip-portal/target/classes/logback.xml]
18:04:04,625 |-WARN in ch.qos.logback.classic.LoggerContext[default] - Resource [logback.xml] occurs at [file:/home/runner/work/VIP-portal/VIP-portal/vip-portal/target/test-classes/logback.xml]
18:04:04,872 |-INFO in ch.qos.logback.core.joran.action.AppenderAction - About to instantiate appender of type [ch.qos.logback.core.ConsoleAppender]
18:04:04,878 |-INFO in ch.qos.logback.core.joran.action.AppenderAction - Naming appender as [STDOUT]
18:04:04,890 |-INFO in ch.qos.logback.core.joran.action.NestedComplexPropertyIA - Assuming default type [ch.qos.logback.classic.encoder.PatternLayoutEncoder] for [encoder] property
18:04:04,927 |-INFO in ch.qos.logback.classic.joran.action.RootLoggerAction - Setting level of ROOT logger to DEBUG
18:04:04,928 |-INFO in ch.qos.logback.core.joran.action.AppenderRefAction - Attaching appender named [STDOUT] to Logger[ROOT]
18:04:04,929 |-INFO in ch.qos.logback.classic.joran.action.ConfigurationAction - End of configuration.
18:04:04,931 |-INFO in ch.qos.logback.classic.joran.JoranConfigurator@203b953c - Registering current configuration as safe fallback point
18:04:04.964 [main] DEBUG o.s.test.context.BootstrapUtils - Instantiating CacheAwareContextLoaderDelegate from class [org.springframework.test.context.cache.DefaultCacheAwareContextLoaderDelegate]
18:04:04.983 [main] DEBUG o.s.test.context.BootstrapUtils - Instantiating BootstrapContext using constructor [public org.springframework.test.context.support.DefaultBootstrapContext(java.lang.Class,org.springframework.test.context.CacheAwareContextLoaderDelegate)]
18:04:05.074 [main] DEBUG o.s.test.context.BootstrapUtils - Instantiating TestContextBootstrapper for test class [fr.insalyon.creatis.vip.integrationtest.VipWebConfigurationIT] from class [org.springframework.test.context.web.WebTestContextBootstrapper]
18:04:05.116 [main] DEBUG o.s.t.c.s.AbstractDelegatingSmartContextLoader - Delegating to AnnotationConfigWebContextLoader to process context configuration [ContextConfigurationAttributes@164dea80 declaringClass = 'fr.insalyon.creatis.vip.integrationtest.VipWebConfigurationIT', classes = '{class fr.insalyon.creatis.vip.core.server.SpringCoreConfig}', locations = '{}', inheritLocations = true, initializers = '{}', inheritInitializers = true, name = [null], contextLoaderClass = 'org.springframework.test.context.ContextLoader'].
18:04:05.164 [main] DEBUG o.s.t.c.w.WebTestContextBootstrapper - @TestExecutionListeners is not present for class [fr.insalyon.creatis.vip.integrationtest.VipWebConfigurationIT]: using defaults.
18:04:05.165 [main] INFO  o.s.t.c.w.WebTestContextBootstrapper - Loaded default TestExecutionListener class names from location [META-INF/spring.factories]: [org.springframework.test.context.web.ServletTestExecutionListener, org.springframework.test.context.support.DirtiesContextBeforeModesTestExecutionListener, org.springframework.test.context.event.ApplicationEventsTestExecutionListener, org.springframework.test.context.support.DependencyInjectionTestExecutionListener, org.springframework.test.context.support.DirtiesContextTestExecutionListener, org.springframework.test.context.transaction.TransactionalTestExecutionListener, org.springframework.test.context.jdbc.SqlScriptsTestExecutionListener, org.springframework.test.context.event.EventPublishingTestExecutionListener, org.springframework.security.test.context.support.WithSecurityContextTestExecutionListener, org.springframework.security.test.context.support.ReactorContextTestExecutionListener]
18:04:05.191 [main] INFO  o.s.t.c.w.WebTestContextBootstrapper - Using TestExecutionListeners: [org.springframework.test.context.web.ServletTestExecutionListener@5c9b5e62, org.springframework.test.context.support.DirtiesContextBeforeModesTestExecutionListener@3c826498, org.springframework.test.context.event.ApplicationEventsTestExecutionListener@2633d09c, org.springframework.test.context.support.DependencyInjectionTestExecutionListener@54f25b42, org.springframework.test.context.support.DirtiesContextTestExecutionListener@521c67f0, org.springframework.test.context.transaction.TransactionalTestExecutionListener@7d156f8f, org.springframework.test.context.jdbc.SqlScriptsTestExecutionListener@451af781, org.springframework.test.context.event.EventPublishingTestExecutionListener@3749c2b, org.springframework.security.test.context.support.WithSecurityContextTestExecutionListener@32e65852, org.springframework.security.test.context.support.ReactorContextTestExecutionListener@64d93096]
18:04:05.194 [main] DEBUG o.s.t.c.s.AbstractDirtiesContextTestExecutionListener - Before test class: context [DefaultTestContext@672d8370 testClass = VipWebConfigurationIT, testInstance = [null], testMethod = [null], testException = [null], mergedContextConfiguration = [WebMergedContextConfiguration@13137835 testClass = VipWebConfigurationIT, locations = '{}', classes = '{class fr.insalyon.creatis.vip.core.server.SpringCoreConfig}', contextInitializerClasses = '[]', activeProfiles = '{test-db, test}', propertySourceLocations = '{}', propertySourceProperties = '{db.tableEngine=, vipConfigFolder=classpath:}', contextCustomizers = set[[empty]], resourceBasePath = 'src/main/webapp', contextLoader = 'org.springframework.test.context.web.WebDelegatingSmartContextLoader', parent = [null]], attributes = map[[empty]]], class annotated with @DirtiesContext [false] with mode [null].
18:04:05.208 [main] DEBUG o.s.t.c.s.AbstractDelegatingSmartContextLoader - Delegating to AnnotationConfigWebContextLoader to load context from [WebMergedContextConfiguration@13137835 testClass = VipWebConfigurationIT, locations = '{}', classes = '{class fr.insalyon.creatis.vip.core.server.SpringCoreConfig}', contextInitializerClasses = '[]', activeProfiles = '{test-db, test}', propertySourceLocations = '{}', propertySourceProperties = '{db.tableEngine=, vipConfigFolder=classpath:}', contextCustomizers = set[[empty]], resourceBasePath = 'src/main/webapp', contextLoader = 'org.springframework.test.context.web.WebDelegatingSmartContextLoader', parent = [null]].
18:04:05.210 [main] DEBUG o.s.t.c.w.AbstractGenericWebContextLoader - Loading WebApplicationContext for merged context configuration [WebMergedContextConfiguration@13137835 testClass = VipWebConfigurationIT, locations = '{}', classes = '{class fr.insalyon.creatis.vip.core.server.SpringCoreConfig}', contextInitializerClasses = '[]', activeProfiles = '{test-db, test}', propertySourceLocations = '{}', propertySourceProperties = '{db.tableEngine=, vipConfigFolder=classpath:}', contextCustomizers = set[[empty]], resourceBasePath = 'src/main/webapp', contextLoader = 'org.springframework.test.context.web.WebDelegatingSmartContextLoader', parent = [null]].
18:04:05.429 [main] DEBUG org.eclipse.jetty.util.log - Logging to Logger[org.eclipse.jetty.util.log] via org.eclipse.jetty.util.log.Slf4jLog
18:04:05.437 [main] INFO  org.eclipse.jetty.util.log - Logging initialized @1993ms
18:04:05.437 [main] DEBUG jndi - InitialContextFactory.getInitialContext()
18:04:05.447 [main] DEBUG jndi - supportDeepBinding=false
18:04:05.447 [main] DEBUG jndi - Created initial context delegate for local namespace:org.eclipse.jetty.jndi.local.localContextRoot@8ad6d29
18:04:05.451 [main] DEBUG o.s.w.c.s.StandardServletEnvironment - Activating profiles [test-db, test]
18:04:05.452 [main] DEBUG o.s.t.c.s.TestPropertySourceUtils - Adding inlined properties to environment: {db.tableEngine=, vipConfigFolder=classpath:}
18:04:05.453 [main] DEBUG o.s.t.c.w.AnnotationConfigWebContextLoader - Registering annotated classes: {class fr.insalyon.creatis.vip.core.server.SpringCoreConfig}
18:04:05.518 [main] DEBUG o.s.w.c.s.GenericWebApplicationContext - Refreshing org.springframework.web.context.support.GenericWebApplicationContext@229749f0
18:04:05.552 [main] DEBUG o.s.b.f.s.DefaultListableBeanFactory - Creating shared instance of singleton bean 'org.springframework.context.annotation.internalConfigurationAnnotationProcessor'
18:04:05.745 [main] DEBUG o.s.c.a.ClassPathBeanDefinitionScanner - Identified candidate component class: URL [jar:file:/home/runner/work/VIP-portal/VIP-portal/vip-core/target/vip-core-2.4.1.jar!/fr/insalyon/creatis/vip/core/server/dao/mysql/TermsUseData.class]
18:04:05.747 [main] DEBUG o.s.c.a.ClassPathBeanDefinitionScanner - Identified candidate component class: URL [jar:file:/home/runner/work/VIP-portal/VIP-portal/vip-core/target/vip-core-2.4.1.jar!/fr/insalyon/creatis/vip/core/server/dao/mysql/CoreDataInitializer.class]
18:04:05.749 [main] DEBUG o.s.c.a.ClassPathBeanDefinitionScanner - Identified candidate component class: URL [jar:file:/home/runner/work/VIP-portal/VIP-portal/vip-core/target/vip-core-2.4.1.jar!/fr/insalyon/creatis/vip/core/server/dao/mysql/UsersGroupsData.class]
18:04:05.803 [main] DEBUG o.s.c.a.ClassPathBeanDefinitionScanner - Identified candidate component class: URL [jar:file:/home/runner/work/VIP-portal/VIP-portal/vip-core/target/vip-core-2.4.1.jar!/fr/insalyon/creatis/vip/core/server/dao/mysql/UserData.class]
18:04:05.804 [main] DEBUG o.s.c.a.ClassPathBeanDefinitionScanner - Identified candidate component class: URL [jar:file:/home/runner/work/VIP-portal/VIP-portal/vip-core/target/vip-core-2.4.1.jar!/fr/insalyon/creatis/vip/core/server/dao/mysql/GroupData.class]
18:04:05.805 [main] DEBUG o.s.c.a.ClassPathBeanDefinitionScanner - Identified candidate component class: URL [jar:file:/home/runner/work/VIP-portal/VIP-portal/vip-core/target/vip-core-2.4.1.jar!/fr/insalyon/creatis/vip/core/server/dao/mysql/TableInitializer.class]
18:04:05.816 [main] DEBUG o.s.c.a.ClassPathBeanDefinitionScanner - Identified candidate component class: URL [jar:file:/home/runner/work/VIP-portal/VIP-portal/vip-core/target/vip-core-2.4.1.jar!/fr/insalyon/creatis/vip/core/server/business/ConfigurationBusiness.class]
18:04:05.817 [main] DEBUG o.s.c.a.ClassPathBeanDefinitionScanner - Identified candidate component class: URL [jar:file:/home/runner/work/VIP-portal/VIP-portal/vip-core/target/vip-core-2.4.1.jar!/fr/insalyon/creatis/vip/core/server/business/EmailBusiness.class]
18:04:05.818 [main] DEBUG o.s.c.a.ClassPathBeanDefinitionScanner - Identified candidate component class: URL [jar:file:/home/runner/work/VIP-portal/VIP-portal/vip-core/target/vip-core-2.4.1.jar!/fr/insalyon/creatis/vip/core/server/business/proxy/ProxyClient.class]
18:04:05.840 [main] DEBUG o.s.c.a.ClassPathBeanDefinitionScanner - Identified candidate component class: URL [jar:file:/home/runner/work/VIP-portal/VIP-portal/vip-core/target/vip-core-2.4.1.jar!/fr/insalyon/creatis/vip/core/server/business/VipSessionBusiness.class]
18:04:05.841 [main] DEBUG o.s.c.a.ClassPathBeanDefinitionScanner - Identified candidate component class: URL [jar:file:/home/runner/work/VIP-portal/VIP-portal/vip-core/target/vip-core-2.4.1.jar!/fr/insalyon/creatis/vip/core/server/business/StatsBusiness.class]
18:04:05.842 [main] DEBUG o.s.c.a.ClassPathBeanDefinitionScanner - Identified candidate component class: URL [jar:file:/home/runner/work/VIP-portal/VIP-portal/vip-core/target/vip-core-2.4.1.jar!/fr/insalyon/creatis/vip/core/server/DataSourceConfig.class]
18:04:05.866 [main] DEBUG o.s.c.a.ClassPathBeanDefinitionScanner - Identified candidate component class: URL [jar:file:/home/runner/work/VIP-portal/VIP-portal/vip-application-importer/target/vip-application-importer-2.4.1.jar!/fr/insalyon/creatis/vip/applicationimporter/server/business/TargzUtils.class]
18:04:05.867 [main] DEBUG o.s.c.a.ClassPathBeanDefinitionScanner - Identified candidate component class: URL [jar:file:/home/runner/work/VIP-portal/VIP-portal/vip-application-importer/target/vip-application-importer-2.4.1.jar!/fr/insalyon/creatis/vip/applicationimporter/server/business/ApplicationImporterBusiness.class]
18:04:05.871 [main] DEBUG o.s.c.a.ClassPathBeanDefinitionScanner - Identified candidate component class: URL [jar:file:/home/runner/work/VIP-portal/VIP-portal/vip-application-importer/target/vip-application-importer-2.4.1.jar!/fr/insalyon/creatis/vip/applicationimporter/server/business/VelocityUtils.class]
18:04:05.882 [main] DEBUG o.s.c.a.ClassPathBeanDefinitionScanner - Identified candidate component class: URL [jar:file:/home/runner/work/VIP-portal/VIP-portal/vip-datamanagement/target/vip-datamanager-2.4.1.jar!/fr/insalyon/creatis/vip/datamanager/server/dao/mysql/SSHData.class]
18:04:05.882 [main] DEBUG o.s.c.a.ClassPathBeanDefinitionScanner - Identified candidate component class: URL [jar:file:/home/runner/work/VIP-portal/VIP-portal/vip-datamanagement/target/vip-datamanager-2.4.1.jar!/fr/insalyon/creatis/vip/datamanager/server/dao/mysql/DataManagerDataInitializer.class]
18:04:05.883 [main] DEBUG o.s.c.a.ClassPathBeanDefinitionScanner - Identified candidate component class: URL [jar:file:/home/runner/work/VIP-portal/VIP-portal/vip-datamanagement/target/vip-datamanager-2.4.1.jar!/fr/insalyon/creatis/vip/datamanager/server/dao/mysql/ExternalPlatformData.class]
18:04:05.883 [main] DEBUG o.s.c.a.ClassPathBeanDefinitionScanner - Identified candidate component class: URL [jar:file:/home/runner/work/VIP-portal/VIP-portal/vip-datamanagement/target/vip-datamanager-2.4.1.jar!/fr/insalyon/creatis/vip/datamanager/server/dao/mysql/ApiKeysData.class]
18:04:05.885 [main] DEBUG o.s.c.a.ClassPathBeanDefinitionScanner - Identified candidate component class: URL [jar:file:/home/runner/work/VIP-portal/VIP-portal/vip-datamanagement/target/vip-datamanager-2.4.1.jar!/fr/insalyon/creatis/vip/datamanager/server/business/DataManagerBusiness.class]
18:04:05.885 [main] DEBUG o.s.c.a.ClassPathBeanDefinitionScanner - Identified candidate component class: URL [jar:file:/home/runner/work/VIP-portal/VIP-portal/vip-datamanagement/target/vip-datamanager-2.4.1.jar!/fr/insalyon/creatis/vip/datamanager/server/business/ShanoirStorageBusiness.class]
18:04:05.886 [main] DEBUG o.s.c.a.ClassPathBeanDefinitionScanner - Identified candidate component class: URL [jar:file:/home/runner/work/VIP-portal/VIP-portal/vip-datamanagement/target/vip-datamanager-2.4.1.jar!/fr/insalyon/creatis/vip/datamanager/server/business/ApiKeyBusiness.class]
18:04:05.886 [main] DEBUG o.s.c.a.ClassPathBeanDefinitionScanner - Identified candidate component class: URL [jar:file:/home/runner/work/VIP-portal/VIP-portal/vip-datamanagement/target/vip-datamanager-2.4.1.jar!/fr/insalyon/creatis/vip/datamanager/server/business/LFCBusiness.class]
18:04:05.891 [main] DEBUG o.s.c.a.ClassPathBeanDefinitionScanner - Identified candidate component class: URL [jar:file:/home/runner/work/VIP-portal/VIP-portal/vip-datamanagement/target/vip-datamanager-2.4.1.jar!/fr/insalyon/creatis/vip/datamanager/server/business/GirderStorageBusiness.class]
18:04:05.893 [main] DEBUG o.s.c.a.ClassPathBeanDefinitionScanner - Identified candidate component class: URL [jar:file:/home/runner/work/VIP-portal/VIP-portal/vip-datamanagement/target/vip-datamanager-2.4.1.jar!/fr/insalyon/creatis/vip/datamanager/server/business/ExternalPlatformBusiness.class]
18:04:05.894 [main] DEBUG o.s.c.a.ClassPathBeanDefinitionScanner - Identified candidate component class: URL [jar:file:/home/runner/work/VIP-portal/VIP-portal/vip-datamanagement/target/vip-datamanager-2.4.1.jar!/fr/insalyon/creatis/vip/datamanager/server/business/LfcPathsBusiness.class]
18:04:05.896 [main] DEBUG o.s.c.a.ClassPathBeanDefinitionScanner - Identified candidate component class: URL [jar:file:/home/runner/work/VIP-portal/VIP-portal/vip-datamanagement/target/vip-datamanager-2.4.1.jar!/fr/insalyon/creatis/vip/datamanager/server/business/TransferPoolBusiness.class]
18:04:05.897 [main] DEBUG o.s.c.a.ClassPathBeanDefinitionScanner - Identified candidate component class: URL [jar:file:/home/runner/work/VIP-portal/VIP-portal/vip-datamanagement/target/vip-datamanager-2.4.1.jar!/fr/insalyon/creatis/vip/datamanager/server/business/LFCPermissionBusiness.class]
18:04:05.934 [main] DEBUG o.s.c.a.ClassPathBeanDefinitionScanner - Identified candidate component class: URL [jar:file:/home/runner/work/VIP-portal/VIP-portal/vip-application/target/vip-application-2.4.1.jar!/fr/insalyon/creatis/vip/application/server/dao/mysql/ApplicationData.class]
18:04:05.935 [main] DEBUG o.s.c.a.ClassPathBeanDefinitionScanner - Identified candidate component class: URL [jar:file:/home/runner/work/VIP-portal/VIP-portal/vip-application/target/vip-application-2.4.1.jar!/fr/insalyon/creatis/vip/application/server/dao/mysql/ApplicationDataInitializer.class]
18:04:05.936 [main] DEBUG o.s.c.a.ClassPathBeanDefinitionScanner - Identified candidate component class: URL [jar:file:/home/runner/work/VIP-portal/VIP-portal/vip-application/target/vip-application-2.4.1.jar!/fr/insalyon/creatis/vip/application/server/dao/mysql/ApplicationInputData.class]
18:04:05.937 [main] DEBUG o.s.c.a.ClassPathBeanDefinitionScanner - Identified candidate component class: URL [jar:file:/home/runner/work/VIP-portal/VIP-portal/vip-application/target/vip-application-2.4.1.jar!/fr/insalyon/creatis/vip/application/server/dao/mysql/EngineData.class]
18:04:05.938 [main] DEBUG o.s.c.a.ClassPathBeanDefinitionScanner - Identified candidate component class: URL [jar:file:/home/runner/work/VIP-portal/VIP-portal/vip-application/target/vip-application-2.4.1.jar!/fr/insalyon/creatis/vip/application/server/dao/mysql/ClassData.class]
18:04:05.940 [main] DEBUG o.s.c.a.ClassPathBeanDefinitionScanner - Identified candidate component class: URL [jar:file:/home/runner/work/VIP-portal/VIP-portal/vip-application/target/vip-application-2.4.1.jar!/fr/insalyon/creatis/vip/application/server/dao/h2/ExecutionNodeData.class]
18:04:05.941 [main] DEBUG o.s.c.a.ClassPathBeanDefinitionScanner - Identified candidate component class: URL [jar:file:/home/runner/work/VIP-portal/VIP-portal/vip-application/target/vip-application-2.4.1.jar!/fr/insalyon/creatis/vip/application/server/dao/h2/SimulationData.class]
18:04:05.942 [main] DEBUG o.s.c.a.ClassPathBeanDefinitionScanner - Identified candidate component class: URL [jar:file:/home/runner/work/VIP-portal/VIP-portal/vip-application/target/vip-application-2.4.1.jar!/fr/insalyon/creatis/vip/application/server/dao/hibernate/SimulationStatsData.class]
18:04:05.946 [main] DEBUG o.s.c.a.ClassPathBeanDefinitionScanner - Identified candidate component class: URL [jar:file:/home/runner/work/VIP-portal/VIP-portal/vip-application/target/vip-application-2.4.1.jar!/fr/insalyon/creatis/vip/application/server/business/WorkflowBusiness.class]
18:04:05.946 [main] DEBUG o.s.c.a.ClassPathBeanDefinitionScanner - Identified candidate component class: URL [jar:file:/home/runner/work/VIP-portal/VIP-portal/vip-application/target/vip-application-2.4.1.jar!/fr/insalyon/creatis/vip/application/server/business/simulation/parser/ScuflParser.class]
18:04:05.947 [main] DEBUG o.s.c.a.ClassPathBeanDefinitionScanner - Identified candidate component class: URL [jar:file:/home/runner/work/VIP-portal/VIP-portal/vip-application/target/vip-application-2.4.1.jar!/fr/insalyon/creatis/vip/application/server/business/simulation/parser/GwendiaParser.class]
18:04:05.953 [main] DEBUG o.s.c.a.ClassPathBeanDefinitionScanner - Identified candidate component class: URL [jar:file:/home/runner/work/VIP-portal/VIP-portal/vip-application/target/vip-application-2.4.1.jar!/fr/insalyon/creatis/vip/application/server/business/simulation/parser/InputM2Parser.class]
18:04:05.954 [main] DEBUG o.s.c.a.ClassPathBeanDefinitionScanner - Identified candidate component class: URL [jar:file:/home/runner/work/VIP-portal/VIP-portal/vip-application/target/vip-application-2.4.1.jar!/fr/insalyon/creatis/vip/application/server/business/simulation/parser/InputParser.class]
18:04:05.955 [main] DEBUG o.s.c.a.ClassPathBeanDefinitionScanner - Identified candidate component class: URL [jar:file:/home/runner/work/VIP-portal/VIP-portal/vip-application/target/vip-application-2.4.1.jar!/fr/insalyon/creatis/vip/application/server/business/simulation/WebServiceEngine.class]
18:04:05.960 [main] DEBUG o.s.c.a.ClassPathBeanDefinitionScanner - Identified candidate component class: URL [jar:file:/home/runner/work/VIP-portal/VIP-portal/vip-application/target/vip-application-2.4.1.jar!/fr/insalyon/creatis/vip/application/server/business/ClassBusiness.class]
18:04:05.960 [main] DEBUG o.s.c.a.ClassPathBeanDefinitionScanner - Identified candidate component class: URL [jar:file:/home/runner/work/VIP-portal/VIP-portal/vip-application/target/vip-application-2.4.1.jar!/fr/insalyon/creatis/vip/application/server/business/EngineBusiness.class]
18:04:05.960 [main] DEBUG o.s.c.a.ClassPathBeanDefinitionScanner - Identified candidate component class: URL [jar:file:/home/runner/work/VIP-portal/VIP-portal/vip-application/target/vip-application-2.4.1.jar!/fr/insalyon/creatis/vip/application/server/business/SimulationBusiness.class]
18:04:05.999 [main] DEBUG o.s.c.a.ClassPathBeanDefinitionScanner - Identified candidate component class: URL [jar:file:/home/runner/work/VIP-portal/VIP-portal/vip-application/target/vip-application-2.4.1.jar!/fr/insalyon/creatis/vip/application/server/business/ApplicationBusiness.class]
18:04:06.000 [main] DEBUG o.s.c.a.ClassPathBeanDefinitionScanner - Identified candidate component class: URL [jar:file:/home/runner/work/VIP-portal/VIP-portal/vip-application/target/vip-application-2.4.1.jar!/fr/insalyon/creatis/vip/application/server/business/InputBusiness.class]
18:04:06.001 [main] DEBUG o.s.c.a.ClassPathBeanDefinitionScanner - Identified candidate component class: URL [jar:file:/home/runner/work/VIP-portal/VIP-portal/vip-application/target/vip-application-2.4.1.jar!/fr/insalyon/creatis/vip/application/server/business/WorkflowExecutionBusiness.class]
18:04:06.002 [main] DEBUG o.s.c.a.ClassPathBeanDefinitionScanner - Identified candidate component class: URL [jar:file:/home/runner/work/VIP-portal/VIP-portal/vip-application/target/vip-application-2.4.1.jar!/fr/insalyon/creatis/vip/application/server/business/BoutiquesBusiness.class]
18:04:06.022 [main] DEBUG o.s.c.a.ClassPathBeanDefinitionScanner - Identified candidate component class: URL [jar:file:/home/runner/work/VIP-portal/VIP-portal/vip-gatelab/target/vip-gatelab-2.4.1.jar!/fr/insalyon/creatis/vip/gatelab/server/dao/derby/GateLabData.class]
18:04:06.023 [main] DEBUG o.s.c.a.ClassPathBeanDefinitionScanner - Identified candidate component class: URL [jar:file:/home/runner/work/VIP-portal/VIP-portal/vip-gatelab/target/vip-gatelab-2.4.1.jar!/fr/insalyon/creatis/vip/gatelab/server/business/GateLabInputsParser.class]
18:04:06.023 [main] DEBUG o.s.c.a.ClassPathBeanDefinitionScanner - Identified candidate component class: URL [jar:file:/home/runner/work/VIP-portal/VIP-portal/vip-gatelab/target/vip-gatelab-2.4.1.jar!/fr/insalyon/creatis/vip/gatelab/server/business/GateLabInputs.class]
18:04:06.024 [main] DEBUG o.s.c.a.ClassPathBeanDefinitionScanner - Identified candidate component class: URL [jar:file:/home/runner/work/VIP-portal/VIP-portal/vip-gatelab/target/vip-gatelab-2.4.1.jar!/fr/insalyon/creatis/vip/gatelab/server/business/GateLabBusiness.class]
18:04:06.027 [main] DEBUG o.s.c.a.ClassPathBeanDefinitionScanner - Identified candidate component class: URL [jar:file:/home/runner/work/VIP-portal/VIP-portal/vip-publication/target/vip-publication-2.4.1.jar!/fr/insalyon/creatis/vip/publication/server/dao/mysql/PublicationData.class]
18:04:06.027 [main] DEBUG o.s.c.a.ClassPathBeanDefinitionScanner - Identified candidate component class: URL [jar:file:/home/runner/work/VIP-portal/VIP-portal/vip-publication/target/vip-publication-2.4.1.jar!/fr/insalyon/creatis/vip/publication/server/dao/PublicationDataInitializer.class]
18:04:06.028 [main] DEBUG o.s.c.a.ClassPathBeanDefinitionScanner - Identified candidate component class: URL [jar:file:/home/runner/work/VIP-portal/VIP-portal/vip-publication/target/vip-publication-2.4.1.jar!/fr/insalyon/creatis/vip/publication/server/business/PublicationBusiness.class]
18:04:06.032 [main] DEBUG o.s.c.a.ClassPathBeanDefinitionScanner - Identified candidate component class: URL [jar:file:/home/runner/work/VIP-portal/VIP-portal/vip-social/target/vip-social-2.4.1.jar!/fr/insalyon/creatis/vip/social/server/dao/mysql/MessagingDataInitializer.class]
18:04:06.032 [main] DEBUG o.s.c.a.ClassPathBeanDefinitionScanner - Identified candidate component class: URL [jar:file:/home/runner/work/VIP-portal/VIP-portal/vip-social/target/vip-social-2.4.1.jar!/fr/insalyon/creatis/vip/social/server/dao/mysql/MessageData.class]
18:04:06.035 [main] DEBUG o.s.c.a.ClassPathBeanDefinitionScanner - Identified candidate component class: URL [jar:file:/home/runner/work/VIP-portal/VIP-portal/vip-social/target/vip-social-2.4.1.jar!/fr/insalyon/creatis/vip/social/server/dao/mysql/GroupMessageData.class]
18:04:06.035 [main] DEBUG o.s.c.a.ClassPathBeanDefinitionScanner - Identified candidate component class: URL [jar:file:/home/runner/work/VIP-portal/VIP-portal/vip-social/target/vip-social-2.4.1.jar!/fr/insalyon/creatis/vip/social/server/business/MessageBusiness.class]
18:04:06.056 [main] DEBUG o.s.c.a.ClassPathBeanDefinitionScanner - Identified candidate component class: URL [jar:file:/home/runner/work/VIP-portal/VIP-portal/vip-api/target/vip-api-2.4.1.jar!/fr/insalyon/creatis/vip/api/controller/stats/StatsController.class]
18:04:06.063 [main] DEBUG o.s.c.a.ClassPathBeanDefinitionScanner - Identified candidate component class: URL [jar:file:/home/runner/work/VIP-portal/VIP-portal/vip-api/target/vip-api-2.4.1.jar!/fr/insalyon/creatis/vip/api/controller/EgiController.class]
18:04:06.065 [main] DEBUG o.s.c.a.ClassPathBeanDefinitionScanner - Identified candidate component class: URL [jar:file:/home/runner/work/VIP-portal/VIP-portal/vip-api/target/vip-api-2.4.1.jar!/fr/insalyon/creatis/vip/api/controller/RegisterUserController.class]
18:04:06.066 [main] DEBUG o.s.c.a.ClassPathBeanDefinitionScanner - Identified candidate component class: URL [jar:file:/home/runner/work/VIP-portal/VIP-portal/vip-api/target/vip-api-2.4.1.jar!/fr/insalyon/creatis/vip/api/controller/PlatformController.class]
18:04:06.067 [main] DEBUG o.s.c.a.ClassPathBeanDefinitionScanner - Identified candidate component class: URL [jar:file:/home/runner/work/VIP-portal/VIP-portal/vip-api/target/vip-api-2.4.1.jar!/fr/insalyon/creatis/vip/api/controller/RefreshTokenController.class]
18:04:06.074 [main] DEBUG o.s.c.a.ClassPathBeanDefinitionScanner - Identified candidate component class: URL [jar:file:/home/runner/work/VIP-portal/VIP-portal/vip-api/target/vip-api-2.4.1.jar!/fr/insalyon/creatis/vip/api/controller/RestExceptionHandler.class]
18:04:06.074 [main] DEBUG o.s.c.a.ClassPathBeanDefinitionScanner - Identified candidate component class: URL [jar:file:/home/runner/work/VIP-portal/VIP-portal/vip-api/target/vip-api-2.4.1.jar!/fr/insalyon/creatis/vip/api/controller/data/DataController.class]
18:04:06.077 [main] DEBUG o.s.c.a.ClassPathBeanDefinitionScanner - Identified candidate component class: URL [jar:file:/home/runner/work/VIP-portal/VIP-portal/vip-api/target/vip-api-2.4.1.jar!/fr/insalyon/creatis/vip/api/controller/ApiKeyController.class]
18:04:06.078 [main] DEBUG o.s.c.a.ClassPathBeanDefinitionScanner - Identified candidate component class: URL [jar:file:/home/runner/work/VIP-portal/VIP-portal/vip-api/target/vip-api-2.4.1.jar!/fr/insalyon/creatis/vip/api/controller/ExternalPlatformController.class]
18:04:06.079 [main] DEBUG o.s.c.a.ClassPathBeanDefinitionScanner - Identified candidate component class: URL [jar:file:/home/runner/work/VIP-portal/VIP-portal/vip-api/target/vip-api-2.4.1.jar!/fr/insalyon/creatis/vip/api/controller/AuthenticationController.class]
18:04:06.080 [main] DEBUG o.s.c.a.ClassPathBeanDefinitionScanner - Identified candidate component class: URL [jar:file:/home/runner/work/VIP-portal/VIP-portal/vip-api/target/vip-api-2.4.1.jar!/fr/insalyon/creatis/vip/api/controller/processing/PublicationController.class]
18:04:06.081 [main] DEBUG o.s.c.a.ClassPathBeanDefinitionScanner - Identified candidate component class: URL [jar:file:/home/runner/work/VIP-portal/VIP-portal/vip-api/target/vip-api-2.4.1.jar!/fr/insalyon/creatis/vip/api/controller/processing/ExecutionController.class]
18:04:06.082 [main] DEBUG o.s.c.a.ClassPathBeanDefinitionScanner - Identified candidate component class: URL [jar:file:/home/runner/work/VIP-portal/VIP-portal/vip-api/target/vip-api-2.4.1.jar!/fr/insalyon/creatis/vip/api/controller/processing/PipelineController.class]
18:04:06.087 [main] DEBUG o.s.c.a.ClassPathBeanDefinitionScanner - Identified candidate component class: URL [jar:file:/home/runner/work/VIP-portal/VIP-portal/vip-api/target/vip-api-2.4.1.jar!/fr/insalyon/creatis/vip/api/SpringWebConfig.class]
18:04:06.088 [main] DEBUG o.s.c.a.ClassPathBeanDefinitionScanner - Identified candidate component class: URL [jar:file:/home/runner/work/VIP-portal/VIP-portal/vip-api/target/vip-api-2.4.1.jar!/fr/insalyon/creatis/vip/api/business/ExecutionBusiness.class]
18:04:06.089 [main] DEBUG o.s.c.a.ClassPathBeanDefinitionScanner - Identified candidate component class: URL [jar:file:/home/runner/work/VIP-portal/VIP-portal/vip-api/target/vip-api-2.4.1.jar!/fr/insalyon/creatis/vip/api/business/KeycloakBusiness.class]
18:04:06.090 [main] DEBUG o.s.c.a.ClassPathBeanDefinitionScanner - Identified candidate component class: URL [jar:file:/home/runner/work/VIP-portal/VIP-portal/vip-api/target/vip-api-2.4.1.jar!/fr/insalyon/creatis/vip/api/business/DataApiBusiness.class]
18:04:06.091 [main] DEBUG o.s.c.a.ClassPathBeanDefinitionScanner - Identified candidate component class: URL [jar:file:/home/runner/work/VIP-portal/VIP-portal/vip-api/target/vip-api-2.4.1.jar!/fr/insalyon/creatis/vip/api/business/StatsApiBusiness.class]
18:04:06.091 [main] DEBUG o.s.c.a.ClassPathBeanDefinitionScanner - Identified candidate component class: URL [jar:file:/home/runner/work/VIP-portal/VIP-portal/vip-api/target/vip-api-2.4.1.jar!/fr/insalyon/creatis/vip/api/business/VipConfigurer.class]
18:04:06.091 [main] DEBUG o.s.c.a.ClassPathBeanDefinitionScanner - Identified candidate component class: URL [jar:file:/home/runner/work/VIP-portal/VIP-portal/vip-api/target/vip-api-2.4.1.jar!/fr/insalyon/creatis/vip/api/business/ApiBusiness.class]
18:04:06.091 [main] DEBUG o.s.c.a.ClassPathBeanDefinitionScanner - Identified candidate component class: URL [jar:file:/home/runner/work/VIP-portal/VIP-portal/vip-api/target/vip-api-2.4.1.jar!/fr/insalyon/creatis/vip/api/business/ApiUserBusiness.class]
18:04:06.092 [main] DEBUG o.s.c.a.ClassPathBeanDefinitionScanner - Identified candidate component class: URL [jar:file:/home/runner/work/VIP-portal/VIP-portal/vip-api/target/vip-api-2.4.1.jar!/fr/insalyon/creatis/vip/api/business/PipelineBusiness.class]
18:04:06.106 [main] DEBUG o.s.c.a.ClassPathBeanDefinitionScanner - Identified candidate component class: URL [jar:file:/home/runner/work/VIP-portal/VIP-portal/vip-api/target/vip-api-2.4.1.jar!/fr/insalyon/creatis/vip/api/ApiPropertiesInitializer.class]
18:04:06.107 [main] DEBUG o.s.c.a.ClassPathBeanDefinitionScanner - Identified candidate component class: URL [jar:file:/home/runner/work/VIP-portal/VIP-portal/vip-api/target/vip-api-2.4.1.jar!/fr/insalyon/creatis/vip/api/security/apikey/ApikeyAuthenticationProvider.class]
18:04:06.109 [main] DEBUG o.s.c.a.ClassPathBeanDefinitionScanner - Identified candidate component class: URL [jar:file:/home/runner/work/VIP-portal/VIP-portal/vip-api/target/vip-api-2.4.1.jar!/fr/insalyon/creatis/vip/api/security/keycloak/VipKeycloakAuthenticationProvider.class]
18:04:06.110 [main] DEBUG o.s.c.a.ClassPathBeanDefinitionScanner - Identified candidate component class: URL [jar:file:/home/runner/work/VIP-portal/VIP-portal/vip-api/target/vip-api-2.4.1.jar!/fr/insalyon/creatis/vip/api/security/keycloak/PathBasedKeycloakConfigResolver.class]
18:04:06.110 [main] DEBUG o.s.c.a.ClassPathBeanDefinitionScanner - Identified candidate component class: URL [jar:file:/home/runner/work/VIP-portal/VIP-portal/vip-api/target/vip-api-2.4.1.jar!/fr/insalyon/creatis/vip/api/security/VipAuthenticationEntryPoint.class]
18:04:06.121 [main] DEBUG o.s.c.a.ClassPathBeanDefinitionScanner - Identified candidate component class: URL [jar:file:/home/runner/work/VIP-portal/VIP-portal/vip-api/target/vip-api-2.4.1.jar!/fr/insalyon/creatis/vip/api/security/ApiSecurityConfig.class]
18:04:06.124 [main] DEBUG o.s.c.a.ClassPathBeanDefinitionScanner - Identified candidate component class: URL [jar:file:/home/runner/work/VIP-portal/VIP-portal/vip-api/target/vip-api-2.4.1.jar!/fr/insalyon/creatis/vip/api/security/egi/EgiSecurityClientConfig.class]
18:04:06.126 [main] DEBUG o.s.c.a.ClassPathBeanDefinitionScanner - Identified candidate component class: URL [jar:file:/home/runner/work/VIP-portal/VIP-portal/vip-api/target/vip-api-2.4.1.jar!/fr/insalyon/creatis/vip/api/security/ApiSecurityConfig$CurrentUserProvider.class]
18:04:06.126 [main] DEBUG o.s.c.a.ClassPathBeanDefinitionScanner - Identified candidate component class: URL [jar:file:/home/runner/work/VIP-portal/VIP-portal/vip-api/target/vip-api-2.4.1.jar!/fr/insalyon/creatis/vip/api/security/EgiSecurityConfig.class]
18:04:06.137 [main] DEBUG o.s.c.a.ClassPathBeanDefinitionScanner - Ignored because not a concrete top-level class: URL [jar:file:/home/runner/work/VIP-portal/VIP-portal/vip-local/target/vip-local-2.4.1.jar!/fr/insalyon/creatis/vip/local/LocalConfiguration$SmaClientLocal.class]
18:04:06.138 [main] DEBUG o.s.c.a.ClassPathBeanDefinitionScanner - Ignored because not a concrete top-level class: URL [jar:file:/home/runner/work/VIP-portal/VIP-portal/vip-local/target/vip-local-2.4.1.jar!/fr/insalyon/creatis/vip/local/LocalConfiguration$ProxyClientLocal.class]
18:04:06.138 [main] DEBUG o.s.c.a.ClassPathBeanDefinitionScanner - Identified candidate component class: URL [jar:file:/home/runner/work/VIP-portal/VIP-portal/vip-visualization/target/vip-visualization-2.4.1.jar!/fr/insalyon/creatis/vip/visualization/server/business/VisualizationBusiness.class]
18:04:06.142 [main] DEBUG o.s.c.a.ClassPathBeanDefinitionScanner - Identified candidate component class: URL [jar:file:/home/runner/work/VIP-portal/VIP-portal/vip-core/target/vip-core-2.4.1-tests.jar!/fr/insalyon/creatis/vip/core/integrationtest/TestDataSourceSpringConfig.class]
18:04:06.145 [main] DEBUG o.s.c.a.ClassPathBeanDefinitionScanner - Identified candidate component class: URL [jar:file:/home/runner/work/VIP-portal/VIP-portal/vip-core/target/vip-core-2.4.1-tests.jar!/fr/insalyon/creatis/vip/core/integrationtest/ServerMockConfig.class]
18:04:06.146 [main] DEBUG o.s.c.a.ClassPathBeanDefinitionScanner - Identified candidate component class: URL [jar:file:/home/runner/work/VIP-portal/VIP-portal/vip-core/target/vip-core-2.4.1-tests.jar!/fr/insalyon/creatis/vip/core/integrationtest/SpingTestConfig.class]
18:04:06.151 [main] DEBUG o.s.c.a.ClassPathBeanDefinitionScanner - Identified candidate component class: URL [jar:file:/home/runner/work/VIP-portal/VIP-portal/vip-application/target/vip-application-2.4.1-tests.jar!/fr/insalyon/creatis/vip/application/integrationtest/SpringApplicationTestConfig.class]
18:04:06.297 [main] DEBUG o.s.c.a.ClassPathBeanDefinitionScanner - Ignored because not a concrete top-level class: URL [jar:file:/home/runner/.m2/repository/org/keycloak/keycloak-spring-security-adapter/15.0.1/keycloak-spring-security-adapter-15.0.1.jar!/org/keycloak/adapters/springsecurity/KeycloakConfiguration.class]
18:04:06.299 [main] DEBUG o.s.c.a.ClassPathBeanDefinitionScanner - Identified candidate component class: URL [jar:file:/home/runner/.m2/repository/org/keycloak/keycloak-spring-security-adapter/15.0.1/keycloak-spring-security-adapter-15.0.1.jar!/org/keycloak/adapters/springsecurity/client/KeycloakClientRequestFactory.class]
18:04:06.382 [main] DEBUG o.s.b.f.s.DefaultListableBeanFactory - Overriding bean definition for bean 'httpFirewall' with a different definition: replacing [Root bean: class [null]; scope=; abstract=false; lazyInit=null; autowireMode=3; dependencyCheck=0; autowireCandidate=true; primary=false; factoryBeanName=apiSecurityConfig; factoryMethodName=httpFirewall; initMethodName=null; destroyMethodName=(inferred); defined in class path resource [fr/insalyon/creatis/vip/api/security/ApiSecurityConfig.class]] with [Root bean: class [null]; scope=; abstract=false; lazyInit=null; autowireMode=3; dependencyCheck=0; autowireCandidate=true; primary=false; factoryBeanName=egiSecurityConfig; factoryMethodName=httpFirewall; initMethodName=null; destroyMethodName=(inferred); defined in class path resource [fr/insalyon/creatis/vip/api/security/EgiSecurityConfig.class]]
18:04:06.782 [main] DEBUG o.s.b.f.s.DefaultListableBeanFactory - Creating shared instance of singleton bean 'properties'
18:04:06.801 [main] DEBUG o.s.b.f.s.DefaultListableBeanFactory - Creating shared instance of singleton bean 'org.springframework.context.event.internalEventListenerProcessor'
18:04:06.802 [main] DEBUG o.s.b.f.s.DefaultListableBeanFactory - Creating shared instance of singleton bean 'conversionServicePostProcessor'
18:04:06.823 [main] DEBUG o.s.b.f.s.DefaultListableBeanFactory - Creating shared instance of singleton bean 'org.springframework.context.event.internalEventListenerFactory'
18:04:06.823 [main] DEBUG o.s.b.f.s.DefaultListableBeanFactory - Creating shared instance of singleton bean 'org.springframework.transaction.config.internalTransactionalEventListenerFactory'
18:04:06.833 [main] DEBUG o.s.b.f.s.DefaultListableBeanFactory - Creating shared instance of singleton bean 'org.springframework.context.annotation.internalAutowiredAnnotationProcessor'
18:04:06.835 [main] DEBUG o.s.b.f.s.DefaultListableBeanFactory - Creating shared instance of singleton bean 'org.springframework.context.annotation.internalCommonAnnotationProcessor'
18:04:06.840 [main] DEBUG o.s.b.f.s.DefaultListableBeanFactory - Creating shared instance of singleton bean 'org.springframework.aop.config.internalAutoProxyCreator'
18:04:06.923 [main] DEBUG o.s.u.c.s.UiApplicationContextUtils - Unable to locate ThemeSource with name 'themeSource': using default [org.springframework.ui.context.support.ResourceBundleThemeSource@7b7039ac]
18:04:06.924 [main] DEBUG o.s.b.f.s.DefaultListableBeanFactory - Creating shared instance of singleton bean 'conversionService'
18:04:06.958 [main] DEBUG o.s.b.f.s.DefaultListableBeanFactory - Creating shared instance of singleton bean 'org.springframework.transaction.config.internalTransactionAdvisor'
18:04:06.958 [main] DEBUG o.s.b.f.s.DefaultListableBeanFactory - Creating shared instance of singleton bean 'org.springframework.transaction.annotation.ProxyTransactionManagementConfiguration'
18:04:06.974 [main] DEBUG o.s.b.f.s.DefaultListableBeanFactory - Creating shared instance of singleton bean 'transactionAttributeSource'
18:04:06.977 [main] DEBUG o.s.b.f.s.DefaultListableBeanFactory - Creating shared instance of singleton bean 'transactionInterceptor'
18:04:06.978 [main] DEBUG o.s.b.f.s.DefaultListableBeanFactory - Autowiring by type from bean name 'transactionInterceptor' via factory method to bean named 'transactionAttributeSource'
18:04:06.989 [main] DEBUG o.s.b.f.s.DefaultListableBeanFactory - Autowiring by type from bean name 'org.springframework.transaction.config.internalTransactionAdvisor' via factory method to bean named 'transactionAttributeSource'
18:04:06.989 [main] DEBUG o.s.b.f.s.DefaultListableBeanFactory - Autowiring by type from bean name 'org.springframework.transaction.config.internalTransactionAdvisor' via factory method to bean named 'transactionInterceptor'
18:04:07.004 [main] DEBUG o.s.b.f.s.DefaultListableBeanFactory - Creating shared instance of singleton bean 'springCoreConfig'
18:04:07.008 [main] DEBUG o.s.b.f.s.DefaultListableBeanFactory - Creating shared instance of singleton bean 'termsUseData'
18:04:07.026 [main] DEBUG o.s.b.f.s.DefaultListableBeanFactory - Creating shared instance of singleton bean 'lazyDataSource'
18:04:07.031 [main] DEBUG o.s.b.f.s.DefaultListableBeanFactory - Creating shared instance of singleton bean 'testDataSource'
18:04:07.032 [main] DEBUG o.s.b.f.s.DefaultListableBeanFactory - Creating shared instance of singleton bean 'testDataSourceSpringConfig'
18:04:07.094 [main] INFO  o.s.j.d.e.EmbeddedDatabaseFactory - Starting embedded database: url='jdbc:h2:mem:d0221453-b44d-4513-b0ef-f697b32a6748;DB_CLOSE_DELAY=-1;DB_CLOSE_ON_EXIT=false', username='sa'
18:04:07.099 [main] DEBUG o.s.jdbc.datasource.DataSourceUtils - Fetching JDBC Connection from DataSource
18:04:07.100 [main] DEBUG o.s.j.d.SimpleDriverDataSource - Creating new JDBC Driver Connection to [jdbc:h2:mem:d0221453-b44d-4513-b0ef-f697b32a6748;DB_CLOSE_DELAY=-1;DB_CLOSE_ON_EXIT=false]
18:04:08.814 [main] DEBUG o.s.b.f.s.DefaultListableBeanFactory - Autowiring by type from bean name 'lazyDataSource' via factory method to bean named 'testDataSource'
18:04:08.953 [main] DEBUG o.s.j.d.SimpleDriverDataSource - Creating new JDBC Driver Connection to [jdbc:h2:mem:d0221453-b44d-4513-b0ef-f697b32a6748;DB_CLOSE_DELAY=-1;DB_CLOSE_ON_EXIT=false]
18:04:09.012 [main] DEBUG o.s.b.f.s.DefaultListableBeanFactory - Creating shared instance of singleton bean 'coreDataInitializer'
18:04:09.034 [main] DEBUG o.s.b.f.s.DefaultListableBeanFactory - Creating shared instance of singleton bean 'groupData'
18:04:09.049 [main] DEBUG o.s.b.f.s.DefaultListableBeanFactory - Creating shared instance of singleton bean 'tableInitializer'
18:04:09.065 [main] DEBUG o.s.c.e.PropertySourcesPropertyResolver - Found key 'db.tableEngine' in PropertySource 'Inlined Test Properties' with value of type String
18:04:09.075 [main] DEBUG o.s.c.e.PropertySourcesPropertyResolver - Found key 'db.tableEngine' in PropertySource 'environmentProperties' with value of type String
18:04:09.095 [main] DEBUG o.s.aop.framework.CglibAopProxy - Final method [protected final java.sql.Connection org.springframework.jdbc.core.support.JdbcDaoSupport.getConnection() throws org.springframework.jdbc.CannotGetJdbcConnectionException] cannot get proxied via CGLIB: Calls to this method will NOT be routed to the target instance and might lead to NPEs against uninitialized fields in the proxy instance.
18:04:09.096 [main] DEBUG o.s.aop.framework.CglibAopProxy - Final method [public final javax.sql.DataSource org.springframework.jdbc.core.support.JdbcDaoSupport.getDataSource()] cannot get proxied via CGLIB: Calls to this method will NOT be routed to the target instance and might lead to NPEs against uninitialized fields in the proxy instance.
18:04:09.096 [main] DEBUG o.s.aop.framework.CglibAopProxy - Final method [public final void org.springframework.jdbc.core.support.JdbcDaoSupport.setDataSource(javax.sql.DataSource)] cannot get proxied via CGLIB: Calls to this method will NOT be routed to the target instance and might lead to NPEs against uninitialized fields in the proxy instance.
18:04:09.096 [main] DEBUG o.s.aop.framework.CglibAopProxy - Final method [protected final org.springframework.jdbc.support.SQLExceptionTranslator org.springframework.jdbc.core.support.JdbcDaoSupport.getExceptionTranslator()] cannot get proxied via CGLIB: Calls to this method will NOT be routed to the target instance and might lead to NPEs against uninitialized fields in the proxy instance.
18:04:09.097 [main] DEBUG o.s.aop.framework.CglibAopProxy - Final method [public final void org.springframework.jdbc.core.support.JdbcDaoSupport.setJdbcTemplate(org.springframework.jdbc.core.JdbcTemplate)] cannot get proxied via CGLIB: Calls to this method will NOT be routed to the target instance and might lead to NPEs against uninitialized fields in the proxy instance.
18:04:09.097 [main] DEBUG o.s.aop.framework.CglibAopProxy - Final method [public final org.springframework.jdbc.core.JdbcTemplate org.springframework.jdbc.core.support.JdbcDaoSupport.getJdbcTemplate()] cannot get proxied via CGLIB: Calls to this method will NOT be routed to the target instance and might lead to NPEs against uninitialized fields in the proxy instance.
18:04:09.097 [main] DEBUG o.s.aop.framework.CglibAopProxy - Final method [protected final void org.springframework.jdbc.core.support.JdbcDaoSupport.releaseConnection(java.sql.Connection)] cannot get proxied via CGLIB: Calls to this method will NOT be routed to the target instance and might lead to NPEs against uninitialized fields in the proxy instance.
18:04:09.098 [main] INFO  o.s.aop.framework.CglibAopProxy - Unable to proxy interface-implementing method [public final void org.springframework.dao.support.DaoSupport.afterPropertiesSet() throws java.lang.IllegalArgumentException,org.springframework.beans.factory.BeanInitializationException] because it is marked as final: Consider using interface-based JDK proxies instead!
18:04:09.098 [main] DEBUG o.s.aop.framework.CglibAopProxy - Final method [public final void org.springframework.dao.support.DaoSupport.afterPropertiesSet() throws java.lang.IllegalArgumentException,org.springframework.beans.factory.BeanInitializationException] cannot get proxied via CGLIB: Calls to this method will NOT be routed to the target instance and might lead to NPEs against uninitialized fields in the proxy instance.
18:04:09.174 [main] DEBUG o.s.b.f.s.DefaultListableBeanFactory - Creating shared instance of singleton bean 'testServer'
18:04:09.174 [main] DEBUG o.s.b.f.s.DefaultListableBeanFactory - Creating shared instance of singleton bean 'serverMockConfig'
18:04:09.578 [main] DEBUG o.s.b.f.s.DefaultListableBeanFactory - Creating shared instance of singleton bean 'userData'
18:04:09.636 [main] DEBUG o.s.b.f.s.DefaultListableBeanFactory - Creating shared instance of singleton bean 'usersGroupsData'
18:04:09.639 [main] DEBUG o.s.b.f.s.DefaultListableBeanFactory - Autowiring by type from bean name 'usersGroupsData' via constructor to bean named 'groupData'
18:04:09.653 [main] DEBUG o.s.b.f.s.DefaultListableBeanFactory - Autowiring by type from bean name 'coreDataInitializer' via constructor to bean named 'groupData'
18:04:09.653 [main] DEBUG o.s.b.f.s.DefaultListableBeanFactory - Autowiring by type from bean name 'coreDataInitializer' via constructor to bean named 'lazyDataSource'
18:04:09.654 [main] DEBUG o.s.b.f.s.DefaultListableBeanFactory - Autowiring by type from bean name 'coreDataInitializer' via constructor to bean named 'tableInitializer'
18:04:09.654 [main] DEBUG o.s.b.f.s.DefaultListableBeanFactory - Autowiring by type from bean name 'coreDataInitializer' via constructor to bean named 'testServer'
18:04:09.654 [main] DEBUG o.s.b.f.s.DefaultListableBeanFactory - Autowiring by type from bean name 'coreDataInitializer' via constructor to bean named 'userData'
18:04:09.654 [main] DEBUG o.s.b.f.s.DefaultListableBeanFactory - Autowiring by type from bean name 'coreDataInitializer' via constructor to bean named 'usersGroupsData'
18:04:09.654 [main] DEBUG o.s.b.f.s.DefaultListableBeanFactory - Autowiring by type from bean name 'coreDataInitializer' via constructor to bean named 'termsUseData'
18:04:09.665 [main] DEBUG o.s.aop.framework.CglibAopProxy - Final method [protected final java.sql.Connection org.springframework.jdbc.core.support.JdbcDaoSupport.getConnection() throws org.springframework.jdbc.CannotGetJdbcConnectionException] cannot get proxied via CGLIB: Calls to this method will NOT be routed to the target instance and might lead to NPEs against uninitialized fields in the proxy instance.
18:04:09.665 [main] DEBUG o.s.aop.framework.CglibAopProxy - Final method [public final javax.sql.DataSource org.springframework.jdbc.core.support.JdbcDaoSupport.getDataSource()] cannot get proxied via CGLIB: Calls to this method will NOT be routed to the target instance and might lead to NPEs against uninitialized fields in the proxy instance.
18:04:09.665 [main] DEBUG o.s.aop.framework.CglibAopProxy - Final method [public final void org.springframework.jdbc.core.support.JdbcDaoSupport.setDataSource(javax.sql.DataSource)] cannot get proxied via CGLIB: Calls to this method will NOT be routed to the target instance and might lead to NPEs against uninitialized fields in the proxy instance.
18:04:09.666 [main] DEBUG o.s.aop.framework.CglibAopProxy - Final method [protected final org.springframework.jdbc.support.SQLExceptionTranslator org.springframework.jdbc.core.support.JdbcDaoSupport.getExceptionTranslator()] cannot get proxied via CGLIB: Calls to this method will NOT be routed to the target instance and might lead to NPEs against uninitialized fields in the proxy instance.
18:04:09.666 [main] DEBUG o.s.aop.framework.CglibAopProxy - Final method [public final void org.springframework.jdbc.core.support.JdbcDaoSupport.setJdbcTemplate(org.springframework.jdbc.core.JdbcTemplate)] cannot get proxied via CGLIB: Calls to this method will NOT be routed to the target instance and might lead to NPEs against uninitialized fields in the proxy instance.
18:04:09.666 [main] DEBUG o.s.aop.framework.CglibAopProxy - Final method [public final org.springframework.jdbc.core.JdbcTemplate org.springframework.jdbc.core.support.JdbcDaoSupport.getJdbcTemplate()] cannot get proxied via CGLIB: Calls to this method will NOT be routed to the target instance and might lead to NPEs against uninitialized fields in the proxy instance.
18:04:09.666 [main] DEBUG o.s.aop.framework.CglibAopProxy - Final method [protected final void org.springframework.jdbc.core.support.JdbcDaoSupport.releaseConnection(java.sql.Connection)] cannot get proxied via CGLIB: Calls to this method will NOT be routed to the target instance and might lead to NPEs against uninitialized fields in the proxy instance.
18:04:09.667 [main] INFO  o.s.aop.framework.CglibAopProxy - Unable to proxy interface-implementing method [public final void org.springframework.dao.support.DaoSupport.afterPropertiesSet() throws java.lang.IllegalArgumentException,org.springframework.beans.factory.BeanInitializationException] because it is marked as final: Consider using interface-based JDK proxies instead!
18:04:09.670 [main] DEBUG o.s.aop.framework.CglibAopProxy - Final method [public final void org.springframework.dao.support.DaoSupport.afterPropertiesSet() throws java.lang.IllegalArgumentException,org.springframework.beans.factory.BeanInitializationException] cannot get proxied via CGLIB: Calls to this method will NOT be routed to the target instance and might lead to NPEs against uninitialized fields in the proxy instance.
18:04:09.689 [main] DEBUG o.s.b.f.s.DefaultListableBeanFactory - Creating shared instance of singleton bean 'configurationBusiness'
18:04:09.704 [main] DEBUG o.s.b.f.s.DefaultListableBeanFactory - Creating shared instance of singleton bean 'testProxyClient'
18:04:09.705 [main] DEBUG o.s.b.f.s.DefaultListableBeanFactory - Creating shared instance of singleton bean 'spingTestConfig'
18:04:09.942 [main] DEBUG o.s.b.f.s.DefaultListableBeanFactory - Creating shared instance of singleton bean 'testEmailBusiness'
18:04:09.991 [main] DEBUG o.s.b.f.s.DefaultListableBeanFactory - Creating shared instance of singleton bean 'testGridaClient'
18:04:10.143 [main] DEBUG o.s.b.f.s.DefaultListableBeanFactory - Creating shared instance of singleton bean 'testGridaPoolClient'
18:04:10.249 [main] DEBUG o.s.b.f.s.DefaultListableBeanFactory - Autowiring by type from bean name 'configurationBusiness' via constructor to bean named 'testServer'
18:04:10.250 [main] DEBUG o.s.b.f.s.DefaultListableBeanFactory - Autowiring by type from bean name 'configurationBusiness' via constructor to bean named 'testProxyClient'
18:04:10.250 [main] DEBUG o.s.b.f.s.DefaultListableBeanFactory - Autowiring by type from bean name 'configurationBusiness' via constructor to bean named 'testEmailBusiness'
18:04:10.251 [main] DEBUG o.s.b.f.s.DefaultListableBeanFactory - Autowiring by type from bean name 'configurationBusiness' via constructor to bean named 'testGridaClient'
18:04:10.253 [main] DEBUG o.s.b.f.s.DefaultListableBeanFactory - Autowiring by type from bean name 'configurationBusiness' via constructor to bean named 'testGridaPoolClient'
18:04:10.253 [main] DEBUG o.s.b.f.s.DefaultListableBeanFactory - Autowiring by type from bean name 'configurationBusiness' via constructor to bean named 'groupData'
18:04:10.253 [main] DEBUG o.s.b.f.s.DefaultListableBeanFactory - Autowiring by type from bean name 'configurationBusiness' via constructor to bean named 'termsUseData'
18:04:10.253 [main] DEBUG o.s.b.f.s.DefaultListableBeanFactory - Autowiring by type from bean name 'configurationBusiness' via constructor to bean named 'userData'
18:04:10.253 [main] DEBUG o.s.b.f.s.DefaultListableBeanFactory - Autowiring by type from bean name 'configurationBusiness' via constructor to bean named 'usersGroupsData'
18:04:10.335 [main] DEBUG o.s.b.f.s.DefaultListableBeanFactory - Creating shared instance of singleton bean 'emailBusiness'
18:04:10.338 [main] DEBUG o.s.b.f.s.DefaultListableBeanFactory - Creating shared instance of singleton bean 'smaClient'
18:04:10.338 [main] DEBUG o.s.b.f.s.DefaultListableBeanFactory - Autowiring by type from bean name 'smaClient' via factory method to bean named 'testServer'
18:04:10.348 [main] DEBUG o.s.b.f.s.DefaultListableBeanFactory - Autowiring by type from bean name 'emailBusiness' via constructor to bean named 'smaClient'
18:04:10.349 [main] DEBUG o.s.b.f.s.DefaultListableBeanFactory - Creating shared instance of singleton bean 'proxyClient'
18:04:10.352 [main] DEBUG o.s.b.f.s.DefaultListableBeanFactory - Autowiring by type from bean name 'proxyClient' via constructor to bean named 'testServer'
18:04:10.352 [main] DEBUG o.s.b.f.s.DefaultListableBeanFactory - Creating shared instance of singleton bean 'vipSessionBusiness'
18:04:10.360 [main] DEBUG o.s.b.f.s.DefaultListableBeanFactory - Autowiring by type from bean name 'vipSessionBusiness' via constructor to bean named 'testServer'
18:04:10.360 [main] DEBUG o.s.b.f.s.DefaultListableBeanFactory - Autowiring by type from bean name 'vipSessionBusiness' via constructor to bean named 'configurationBusiness'
18:04:10.377 [main] DEBUG o.s.b.f.s.DefaultListableBeanFactory - Creating shared instance of singleton bean 'statsBusiness'
18:04:10.378 [main] DEBUG o.s.b.f.s.DefaultListableBeanFactory - Autowiring by type from bean name 'statsBusiness' via constructor to bean named 'userData'
18:04:10.391 [main] DEBUG o.s.b.f.s.DefaultListableBeanFactory - Creating shared instance of singleton bean 'dataSourceConfig'
18:04:10.392 [main] DEBUG o.s.b.f.s.DefaultListableBeanFactory - Creating shared instance of singleton bean 'targzUtils'
18:04:10.404 [main] DEBUG o.s.b.f.s.DefaultListableBeanFactory - Creating shared instance of singleton bean 'applicationImporterBusiness'
18:04:10.412 [main] DEBUG o.s.b.f.s.DefaultListableBeanFactory - Creating shared instance of singleton bean 'lfcPathsBusiness'
18:04:10.414 [main] DEBUG o.s.b.f.s.DefaultListableBeanFactory - Autowiring by type from bean name 'lfcPathsBusiness' via constructor to bean named 'testServer'
18:04:10.414 [main] DEBUG o.s.b.f.s.DefaultListableBeanFactory - Autowiring by type from bean name 'lfcPathsBusiness' via constructor to bean named 'groupData'
18:04:10.428 [main] DEBUG o.s.b.f.s.DefaultListableBeanFactory - Creating shared instance of singleton bean 'boutiquesBusiness'
18:04:10.437 [main] DEBUG o.s.b.f.s.DefaultListableBeanFactory - Creating shared instance of singleton bean 'dataManagerBusiness'
18:04:10.441 [main] DEBUG o.s.b.f.s.DefaultListableBeanFactory - Creating shared instance of singleton bean 'SSHData'
18:04:10.461 [main] DEBUG o.s.b.f.s.DefaultListableBeanFactory - Creating shared instance of singleton bean 'gridaCacheClient'
18:04:10.461 [main] DEBUG o.s.b.f.s.DefaultListableBeanFactory - Autowiring by type from bean name 'gridaCacheClient' via factory method to bean named 'testServer'
18:04:10.470 [main] DEBUG o.s.b.f.s.DefaultListableBeanFactory - Creating shared instance of singleton bean 'gridaZombieClient'
18:04:10.471 [main] DEBUG o.s.b.f.s.DefaultListableBeanFactory - Autowiring by type from bean name 'gridaZombieClient' via factory method to bean named 'testServer'
18:04:10.477 [main] DEBUG o.s.b.f.s.DefaultListableBeanFactory - Autowiring by type from bean name 'dataManagerBusiness' via constructor to bean named 'SSHData'
18:04:10.477 [main] DEBUG o.s.b.f.s.DefaultListableBeanFactory - Autowiring by type from bean name 'dataManagerBusiness' via constructor to bean named 'testGridaClient'
18:04:10.477 [main] DEBUG o.s.b.f.s.DefaultListableBeanFactory - Autowiring by type from bean name 'dataManagerBusiness' via constructor to bean named 'gridaCacheClient'
18:04:10.477 [main] DEBUG o.s.b.f.s.DefaultListableBeanFactory - Autowiring by type from bean name 'dataManagerBusiness' via constructor to bean named 'gridaZombieClient'
18:04:10.477 [main] DEBUG o.s.b.f.s.DefaultListableBeanFactory - Autowiring by type from bean name 'dataManagerBusiness' via constructor to bean named 'configurationBusiness'
18:04:10.477 [main] DEBUG o.s.b.f.s.DefaultListableBeanFactory - Autowiring by type from bean name 'dataManagerBusiness' via constructor to bean named 'lfcPathsBusiness'
18:04:10.477 [main] DEBUG o.s.b.f.s.DefaultListableBeanFactory - Autowiring by type from bean name 'dataManagerBusiness' via constructor to bean named 'testServer'
18:04:10.499 [main] DEBUG o.s.b.f.s.DefaultListableBeanFactory - Creating shared instance of singleton bean 'applicationBusiness'
18:04:10.505 [main] DEBUG o.s.b.f.s.DefaultListableBeanFactory - Creating shared instance of singleton bean 'applicationData'
18:04:10.511 [main] DEBUG o.s.b.f.s.DefaultListableBeanFactory - Creating shared instance of singleton bean 'classData'
18:04:10.532 [main] DEBUG o.s.b.f.s.DefaultListableBeanFactory - Autowiring by type from bean name 'applicationData' via constructor to bean named 'lazyDataSource'
18:04:10.533 [main] DEBUG o.s.b.f.s.DefaultListableBeanFactory - Autowiring by type from bean name 'applicationData' via constructor to bean named 'classData'
18:04:10.538 [main] DEBUG o.s.b.f.s.DefaultListableBeanFactory - Autowiring by type from bean name 'applicationBusiness' via constructor to bean named 'applicationData'
18:04:10.539 [main] DEBUG o.s.b.f.s.DefaultListableBeanFactory - Autowiring by type from bean name 'applicationBusiness' via constructor to bean named 'classData'
18:04:10.546 [main] DEBUG o.s.b.f.s.DefaultListableBeanFactory - Autowiring by type from bean name 'applicationBusiness' via constructor to bean named 'groupData'
18:04:10.563 [main] DEBUG o.s.b.f.s.DefaultListableBeanFactory - Autowiring by type from bean name 'boutiquesBusiness' via constructor to bean named 'testServer'
18:04:10.564 [main] DEBUG o.s.b.f.s.DefaultListableBeanFactory - Autowiring by type from bean name 'boutiquesBusiness' via constructor to bean named 'dataManagerBusiness'
18:04:10.565 [main] DEBUG o.s.b.f.s.DefaultListableBeanFactory - Autowiring by type from bean name 'boutiquesBusiness' via constructor to bean named 'applicationBusiness'
18:04:10.576 [main] DEBUG o.s.b.f.s.DefaultListableBeanFactory - Creating shared instance of singleton bean 'velocityUtils'
18:04:10.641 [main] DEBUG org.apache.velocity - CommonsLogLogChute name is 'org.apache.velocity'
18:04:10.648 [main] DEBUG org.apache.velocity - Initializing Velocity, Calling init()...
18:04:10.648 [main] DEBUG org.apache.velocity - Starting Apache Velocity v1.7 (compiled: 2010-11-19 12:14:37)
18:04:10.648 [main] DEBUG org.apache.velocity - Default Properties File: org/apache/velocity/runtime/defaults/velocity.properties
18:04:10.648 [main] DEBUG org.apache.velocity - Trying to use logger class org.apache.velocity.runtime.log.AvalonLogChute
18:04:10.648 [main] DEBUG org.apache.velocity - Target log system for org.apache.velocity.runtime.log.AvalonLogChute is not available (java.lang.NoClassDefFoundError: org/apache/log/format/Formatter).  Falling back to next log system...
18:04:10.648 [main] DEBUG org.apache.velocity - Trying to use logger class org.apache.velocity.runtime.log.Log4JLogChute
18:04:10.648 [main] DEBUG org.apache.velocity - Target log system for org.apache.velocity.runtime.log.Log4JLogChute is not available (java.lang.NoClassDefFoundError: org/apache/log4j/Appender).  Falling back to next log system...
18:04:10.648 [main] DEBUG org.apache.velocity - Trying to use logger class org.apache.velocity.runtime.log.CommonsLogLogChute
18:04:10.648 [main] DEBUG org.apache.velocity - Using logger class org.apache.velocity.runtime.log.CommonsLogLogChute
18:04:10.655 [main] DEBUG org.apache.velocity - ResourceLoader instantiated: org.apache.velocity.runtime.resource.loader.ClasspathResourceLoader
18:04:10.677 [main] DEBUG org.apache.velocity - ResourceCache: initialized (class org.apache.velocity.runtime.resource.ResourceCacheImpl) with class java.util.Collections$SynchronizedMap cache map.
18:04:10.685 [main] DEBUG org.apache.velocity - Loaded System Directive: org.apache.velocity.runtime.directive.Stop
18:04:10.686 [main] DEBUG org.apache.velocity - Loaded System Directive: org.apache.velocity.runtime.directive.Define
18:04:10.687 [main] DEBUG org.apache.velocity - Loaded System Directive: org.apache.velocity.runtime.directive.Break
18:04:10.688 [main] DEBUG org.apache.velocity - Loaded System Directive: org.apache.velocity.runtime.directive.Evaluate
18:04:10.688 [main] DEBUG org.apache.velocity - Loaded System Directive: org.apache.velocity.runtime.directive.Literal
18:04:10.690 [main] DEBUG org.apache.velocity - Loaded System Directive: org.apache.velocity.runtime.directive.Macro
18:04:10.691 [main] DEBUG org.apache.velocity - Loaded System Directive: org.apache.velocity.runtime.directive.Parse
18:04:10.693 [main] DEBUG org.apache.velocity - Loaded System Directive: org.apache.velocity.runtime.directive.Include
18:04:10.695 [main] DEBUG org.apache.velocity - Loaded System Directive: org.apache.velocity.runtime.directive.Foreach
18:04:10.744 [main] DEBUG org.apache.velocity - Created '20' parsers.
18:04:10.751 [main] DEBUG org.apache.velocity - Velocimacro : "velocimacro.library" is not set.  Trying default library: VM_global_library.vm
18:04:10.752 [main] DEBUG org.apache.velocity - Could not load resource 'VM_global_library.vm' from ResourceLoader org.apache.velocity.runtime.resource.loader.ClasspathResourceLoader: ClasspathResourceLoader Error: cannot find resource VM_global_library.vm
18:04:10.752 [main] DEBUG org.apache.velocity - Velocimacro : Default library not found.
18:04:10.752 [main] DEBUG org.apache.velocity - Velocimacro : allowInline = true : VMs can be defined inline in templates
18:04:10.752 [main] DEBUG org.apache.velocity - Velocimacro : allowInlineToOverride = false : VMs defined inline may NOT replace previous VM definitions
18:04:10.752 [main] DEBUG org.apache.velocity - Velocimacro : allowInlineLocal = false : VMs defined inline will be global in scope if allowed.
18:04:10.752 [main] DEBUG org.apache.velocity - Velocimacro : autoload off : VM system will not automatically reload global library macros
18:04:10.754 [main] DEBUG o.s.b.f.s.DefaultListableBeanFactory - Autowiring by type from bean name 'applicationImporterBusiness' via constructor to bean named 'testServer'
18:04:10.754 [main] DEBUG o.s.b.f.s.DefaultListableBeanFactory - Autowiring by type from bean name 'applicationImporterBusiness' via constructor to bean named 'lfcPathsBusiness'
18:04:10.754 [main] DEBUG o.s.b.f.s.DefaultListableBeanFactory - Autowiring by type from bean name 'applicationImporterBusiness' via constructor to bean named 'testGridaClient'
18:04:10.754 [main] DEBUG o.s.b.f.s.DefaultListableBeanFactory - Autowiring by type from bean name 'applicationImporterBusiness' via constructor to bean named 'boutiquesBusiness'
18:04:10.754 [main] DEBUG o.s.b.f.s.DefaultListableBeanFactory - Autowiring by type from bean name 'applicationImporterBusiness' via constructor to bean named 'velocityUtils'
18:04:10.754 [main] DEBUG o.s.b.f.s.DefaultListableBeanFactory - Autowiring by type from bean name 'applicationImporterBusiness' via constructor to bean named 'targzUtils'
18:04:10.754 [main] DEBUG o.s.b.f.s.DefaultListableBeanFactory - Autowiring by type from bean name 'applicationImporterBusiness' via constructor to bean named 'applicationBusiness'
18:04:10.754 [main] DEBUG o.s.b.f.s.DefaultListableBeanFactory - Autowiring by type from bean name 'applicationImporterBusiness' via constructor to bean named 'dataManagerBusiness'
18:04:10.761 [main] DEBUG o.s.b.f.s.DefaultListableBeanFactory - Creating shared instance of singleton bean 'dataManagerDataInitializer'
18:04:10.762 [main] DEBUG o.s.b.f.s.DefaultListableBeanFactory - Autowiring by type from bean name 'dataManagerDataInitializer' via constructor to bean named 'lazyDataSource'
18:04:10.762 [main] DEBUG o.s.b.f.s.DefaultListableBeanFactory - Autowiring by type from bean name 'dataManagerDataInitializer' via constructor to bean named 'tableInitializer'
18:04:10.763 [main] DEBUG o.s.aop.framework.CglibAopProxy - Final method [protected final java.sql.Connection org.springframework.jdbc.core.support.JdbcDaoSupport.getConnection() throws org.springframework.jdbc.CannotGetJdbcConnectionException] cannot get proxied via CGLIB: Calls to this method will NOT be routed to the target instance and might lead to NPEs against uninitialized fields in the proxy instance.
18:04:10.764 [main] DEBUG o.s.aop.framework.CglibAopProxy - Final method [public final javax.sql.DataSource org.springframework.jdbc.core.support.JdbcDaoSupport.getDataSource()] cannot get proxied via CGLIB: Calls to this method will NOT be routed to the target instance and might lead to NPEs against uninitialized fields in the proxy instance.
18:04:10.764 [main] DEBUG o.s.aop.framework.CglibAopProxy - Final method [public final void org.springframework.jdbc.core.support.JdbcDaoSupport.setDataSource(javax.sql.DataSource)] cannot get proxied via CGLIB: Calls to this method will NOT be routed to the target instance and might lead to NPEs against uninitialized fields in the proxy instance.
18:04:10.764 [main] DEBUG o.s.aop.framework.CglibAopProxy - Final method [protected final org.springframework.jdbc.support.SQLExceptionTranslator org.springframework.jdbc.core.support.JdbcDaoSupport.getExceptionTranslator()] cannot get proxied via CGLIB: Calls to this method will NOT be routed to the target instance and might lead to NPEs against uninitialized fields in the proxy instance.
18:04:10.764 [main] DEBUG o.s.aop.framework.CglibAopProxy - Final method [public final void org.springframework.jdbc.core.support.JdbcDaoSupport.setJdbcTemplate(org.springframework.jdbc.core.JdbcTemplate)] cannot get proxied via CGLIB: Calls to this method will NOT be routed to the target instance and might lead to NPEs against uninitialized fields in the proxy instance.
18:04:10.764 [main] DEBUG o.s.aop.framework.CglibAopProxy - Final method [public final org.springframework.jdbc.core.JdbcTemplate org.springframework.jdbc.core.support.JdbcDaoSupport.getJdbcTemplate()] cannot get proxied via CGLIB: Calls to this method will NOT be routed to the target instance and might lead to NPEs against uninitialized fields in the proxy instance.
18:04:10.764 [main] DEBUG o.s.aop.framework.CglibAopProxy - Final method [protected final void org.springframework.jdbc.core.support.JdbcDaoSupport.releaseConnection(java.sql.Connection)] cannot get proxied via CGLIB: Calls to this method will NOT be routed to the target instance and might lead to NPEs against uninitialized fields in the proxy instance.
18:04:10.764 [main] INFO  o.s.aop.framework.CglibAopProxy - Unable to proxy interface-implementing method [public final void org.springframework.dao.support.DaoSupport.afterPropertiesSet() throws java.lang.IllegalArgumentException,org.springframework.beans.factory.BeanInitializationException] because it is marked as final: Consider using interface-based JDK proxies instead!
18:04:10.765 [main] DEBUG o.s.aop.framework.CglibAopProxy - Final method [public final void org.springframework.dao.support.DaoSupport.afterPropertiesSet() throws java.lang.IllegalArgumentException,org.springframework.beans.factory.BeanInitializationException] cannot get proxied via CGLIB: Calls to this method will NOT be routed to the target instance and might lead to NPEs against uninitialized fields in the proxy instance.
18:04:10.771 [main] DEBUG o.s.b.f.s.DefaultListableBeanFactory - Creating shared instance of singleton bean 'externalPlatformData'
18:04:10.780 [main] DEBUG o.s.b.f.s.DefaultListableBeanFactory - Creating shared instance of singleton bean 'apiKeysData'
18:04:10.786 [main] DEBUG o.s.b.f.s.DefaultListableBeanFactory - Creating shared instance of singleton bean 'shanoirStorageBusiness'
18:04:10.788 [main] DEBUG o.s.b.f.s.DefaultListableBeanFactory - Creating shared instance of singleton bean 'apiKeyBusiness'
18:04:10.789 [main] DEBUG o.s.b.f.s.DefaultListableBeanFactory - Autowiring by type from bean name 'apiKeyBusiness' via constructor to bean named 'apiKeysData'
18:04:10.795 [main] DEBUG o.s.b.f.s.DefaultListableBeanFactory - Creating shared instance of singleton bean 'LFCBusiness'
18:04:10.796 [main] DEBUG o.s.b.f.s.DefaultListableBeanFactory - Autowiring by type from bean name 'LFCBusiness' via constructor to bean named 'testGridaClient'
18:04:10.796 [main] DEBUG o.s.b.f.s.DefaultListableBeanFactory - Autowiring by type from bean name 'LFCBusiness' via constructor to bean named 'lfcPathsBusiness'
18:04:10.824 [main] DEBUG o.s.b.f.s.DefaultListableBeanFactory - Creating shared instance of singleton bean 'girderStorageBusiness'
18:04:10.827 [main] DEBUG o.s.b.f.s.DefaultListableBeanFactory - Autowiring by type from bean name 'girderStorageBusiness' via constructor to bean named 'apiKeyBusiness'
18:04:10.827 [main] DEBUG o.s.b.f.s.DefaultListableBeanFactory - Autowiring by type from bean name 'girderStorageBusiness' via constructor to bean named 'testServer'
18:04:10.839 [main] DEBUG o.s.b.f.s.DefaultListableBeanFactory - Creating shared instance of singleton bean 'externalPlatformBusiness'
18:04:10.841 [main] DEBUG o.s.b.f.s.DefaultListableBeanFactory - Autowiring by type from bean name 'externalPlatformBusiness' via constructor to bean named 'girderStorageBusiness'
18:04:10.841 [main] DEBUG o.s.b.f.s.DefaultListableBeanFactory - Autowiring by type from bean name 'externalPlatformBusiness' via constructor to bean named 'shanoirStorageBusiness'
18:04:10.841 [main] DEBUG o.s.b.f.s.DefaultListableBeanFactory - Autowiring by type from bean name 'externalPlatformBusiness' via constructor to bean named 'externalPlatformData'
18:04:10.851 [main] DEBUG o.s.b.f.s.DefaultListableBeanFactory - Creating shared instance of singleton bean 'transferPoolBusiness'
18:04:10.855 [main] DEBUG o.s.b.f.s.DefaultListableBeanFactory - Autowiring by type from bean name 'transferPoolBusiness' via constructor to bean named 'testServer'
18:04:10.856 [main] DEBUG o.s.b.f.s.DefaultListableBeanFactory - Autowiring by type from bean name 'transferPoolBusiness' via constructor to bean named 'LFCBusiness'
18:04:10.856 [main] DEBUG o.s.b.f.s.DefaultListableBeanFactory - Autowiring by type from bean name 'transferPoolBusiness' via constructor to bean named 'testGridaPoolClient'
18:04:10.856 [main] DEBUG o.s.b.f.s.DefaultListableBeanFactory - Autowiring by type from bean name 'transferPoolBusiness' via constructor to bean named 'lfcPathsBusiness'
18:04:10.879 [main] DEBUG o.s.b.f.s.DefaultListableBeanFactory - Creating shared instance of singleton bean 'LFCPermissionBusiness'
18:04:10.883 [main] DEBUG o.s.b.f.s.DefaultListableBeanFactory - Autowiring by type from bean name 'LFCPermissionBusiness' via constructor to bean named 'dataManagerBusiness'
18:04:10.883 [main] DEBUG o.s.b.f.s.DefaultListableBeanFactory - Autowiring by type from bean name 'LFCPermissionBusiness' via constructor to bean named 'lfcPathsBusiness'
18:04:10.890 [main] DEBUG o.s.b.f.s.DefaultListableBeanFactory - Creating shared instance of singleton bean 'applicationDataInitializer'
18:04:10.892 [main] DEBUG o.s.b.f.s.DefaultListableBeanFactory - Autowiring by type from bean name 'applicationDataInitializer' via constructor to bean named 'lazyDataSource'
18:04:10.893 [main] DEBUG o.s.b.f.s.DefaultListableBeanFactory - Autowiring by type from bean name 'applicationDataInitializer' via constructor to bean named 'tableInitializer'
18:04:10.896 [main] DEBUG o.s.aop.framework.CglibAopProxy - Final method [protected final java.sql.Connection org.springframework.jdbc.core.support.JdbcDaoSupport.getConnection() throws org.springframework.jdbc.CannotGetJdbcConnectionException] cannot get proxied via CGLIB: Calls to this method will NOT be routed to the target instance and might lead to NPEs against uninitialized fields in the proxy instance.
18:04:10.896 [main] DEBUG o.s.aop.framework.CglibAopProxy - Final method [public final javax.sql.DataSource org.springframework.jdbc.core.support.JdbcDaoSupport.getDataSource()] cannot get proxied via CGLIB: Calls to this method will NOT be routed to the target instance and might lead to NPEs against uninitialized fields in the proxy instance.
18:04:10.896 [main] DEBUG o.s.aop.framework.CglibAopProxy - Final method [public final void org.springframework.jdbc.core.support.JdbcDaoSupport.setDataSource(javax.sql.DataSource)] cannot get proxied via CGLIB: Calls to this method will NOT be routed to the target instance and might lead to NPEs against uninitialized fields in the proxy instance.
18:04:10.896 [main] DEBUG o.s.aop.framework.CglibAopProxy - Final method [protected final org.springframework.jdbc.support.SQLExceptionTranslator org.springframework.jdbc.core.support.JdbcDaoSupport.getExceptionTranslator()] cannot get proxied via CGLIB: Calls to this method will NOT be routed to the target instance and might lead to NPEs against uninitialized fields in the proxy instance.
18:04:10.898 [main] DEBUG o.s.aop.framework.CglibAopProxy - Final method [public final void org.springframework.jdbc.core.support.JdbcDaoSupport.setJdbcTemplate(org.springframework.jdbc.core.JdbcTemplate)] cannot get proxied via CGLIB: Calls to this method will NOT be routed to the target instance and might lead to NPEs against uninitialized fields in the proxy instance.
18:04:10.900 [main] DEBUG o.s.aop.framework.CglibAopProxy - Final method [public final org.springframework.jdbc.core.JdbcTemplate org.springframework.jdbc.core.support.JdbcDaoSupport.getJdbcTemplate()] cannot get proxied via CGLIB: Calls to this method will NOT be routed to the target instance and might lead to NPEs against uninitialized fields in the proxy instance.
18:04:10.900 [main] DEBUG o.s.aop.framework.CglibAopProxy - Final method [protected final void org.springframework.jdbc.core.support.JdbcDaoSupport.releaseConnection(java.sql.Connection)] cannot get proxied via CGLIB: Calls to this method will NOT be routed to the target instance and might lead to NPEs against uninitialized fields in the proxy instance.
18:04:10.900 [main] INFO  o.s.aop.framework.CglibAopProxy - Unable to proxy interface-implementing method [public final void org.springframework.dao.support.DaoSupport.afterPropertiesSet() throws java.lang.IllegalArgumentException,org.springframework.beans.factory.BeanInitializationException] because it is marked as final: Consider using interface-based JDK proxies instead!
18:04:10.901 [main] DEBUG o.s.aop.framework.CglibAopProxy - Final method [public final void org.springframework.dao.support.DaoSupport.afterPropertiesSet() throws java.lang.IllegalArgumentException,org.springframework.beans.factory.BeanInitializationException] cannot get proxied via CGLIB: Calls to this method will NOT be routed to the target instance and might lead to NPEs against uninitialized fields in the proxy instance.
18:04:10.908 [main] DEBUG o.s.b.f.s.DefaultListableBeanFactory - Creating shared instance of singleton bean 'applicationInputData'
18:04:10.924 [main] DEBUG o.s.b.f.s.DefaultListableBeanFactory - Creating shared instance of singleton bean 'engineData'
18:04:10.935 [main] DEBUG o.s.b.f.s.DefaultListableBeanFactory - Creating shared instance of singleton bean 'simulationStatsData'
18:04:10.941 [main] DEBUG o.s.b.f.s.DefaultListableBeanFactory - Creating shared instance of singleton bean 'sessionFactory'
18:04:10.941 [main] DEBUG o.s.b.f.s.DefaultListableBeanFactory - Creating shared instance of singleton bean 'springApplicationTestConfig'
18:04:11.150 [main] DEBUG o.s.b.f.s.DefaultListableBeanFactory - Autowiring by type from bean name 'simulationStatsData' via constructor to bean named 'sessionFactory'
18:04:11.151 [main] DEBUG o.s.b.f.s.DefaultListableBeanFactory - Creating shared instance of singleton bean 'workflowBusiness'
18:04:11.174 [main] DEBUG o.s.b.f.s.DefaultListableBeanFactory - Creating shared instance of singleton bean 'getTestWorkflowDAO'
18:04:11.253 [main] DEBUG o.s.b.f.s.DefaultListableBeanFactory - Creating shared instance of singleton bean 'getTestProcessorDAO'
18:04:11.309 [main] DEBUG o.s.b.f.s.DefaultListableBeanFactory - Creating shared instance of singleton bean 'getTestOutputDAO'
18:04:11.363 [main] DEBUG o.s.b.f.s.DefaultListableBeanFactory - Creating shared instance of singleton bean 'getTestInputDAO'
18:04:11.419 [main] DEBUG o.s.b.f.s.DefaultListableBeanFactory - Creating shared instance of singleton bean 'getTestStatsDAO'
18:04:11.475 [main] DEBUG o.s.b.f.s.DefaultListableBeanFactory - Creating shared instance of singleton bean 'engineBusiness'
18:04:11.478 [main] DEBUG o.s.b.f.s.DefaultListableBeanFactory - Autowiring by type from bean name 'engineBusiness' via constructor to bean named 'engineData'
18:04:11.488 [main] DEBUG o.s.b.f.s.DefaultListableBeanFactory - Autowiring by type from bean name 'workflowBusiness' via constructor to bean named 'testServer'
18:04:11.488 [main] DEBUG o.s.b.f.s.DefaultListableBeanFactory - Autowiring by type from bean name 'workflowBusiness' via constructor to bean named 'simulationStatsData'
18:04:11.488 [main] DEBUG o.s.b.f.s.DefaultListableBeanFactory - Autowiring by type from bean name 'workflowBusiness' via constructor to bean named 'getTestWorkflowDAO'
18:04:11.488 [main] DEBUG o.s.b.f.s.DefaultListableBeanFactory - Autowiring by type from bean name 'workflowBusiness' via constructor to bean named 'getTestProcessorDAO'
18:04:11.488 [main] DEBUG o.s.b.f.s.DefaultListableBeanFactory - Autowiring by type from bean name 'workflowBusiness' via constructor to bean named 'getTestOutputDAO'
18:04:11.488 [main] DEBUG o.s.b.f.s.DefaultListableBeanFactory - Autowiring by type from bean name 'workflowBusiness' via constructor to bean named 'getTestInputDAO'
18:04:11.489 [main] DEBUG o.s.b.f.s.DefaultListableBeanFactory - Autowiring by type from bean name 'workflowBusiness' via constructor to bean named 'getTestStatsDAO'
18:04:11.489 [main] DEBUG o.s.b.f.s.DefaultListableBeanFactory - Autowiring by type from bean name 'workflowBusiness' via constructor to bean named 'engineData'
18:04:11.489 [main] DEBUG o.s.b.f.s.DefaultListableBeanFactory - Autowiring by type from bean name 'workflowBusiness' via constructor to bean named 'applicationData'
18:04:11.489 [main] DEBUG o.s.b.f.s.DefaultListableBeanFactory - Autowiring by type from bean name 'workflowBusiness' via constructor to bean named 'usersGroupsData'
18:04:11.489 [main] DEBUG o.s.b.f.s.DefaultListableBeanFactory - Autowiring by type from bean name 'workflowBusiness' via constructor to bean named 'engineBusiness'
18:04:11.489 [main] DEBUG o.s.b.f.s.DefaultListableBeanFactory - Autowiring by type from bean name 'workflowBusiness' via constructor to bean named 'dataManagerBusiness'
18:04:11.489 [main] DEBUG o.s.b.f.s.DefaultListableBeanFactory - Autowiring by type from bean name 'workflowBusiness' via constructor to bean named 'testEmailBusiness'
18:04:11.489 [main] DEBUG o.s.b.f.s.DefaultListableBeanFactory - Autowiring by type from bean name 'workflowBusiness' via constructor to bean named 'lfcPathsBusiness'
18:04:11.489 [main] DEBUG o.s.b.f.s.DefaultListableBeanFactory - Autowiring by type from bean name 'workflowBusiness' via constructor to bean named 'testGridaPoolClient'
18:04:11.489 [main] DEBUG o.s.b.f.s.DefaultListableBeanFactory - Autowiring by type from bean name 'workflowBusiness' via constructor to bean named 'testGridaClient'
18:04:11.489 [main] DEBUG o.s.b.f.s.DefaultListableBeanFactory - Autowiring by type from bean name 'workflowBusiness' via constructor to bean named 'externalPlatformBusiness'
18:04:11.509 [main] DEBUG o.s.b.f.s.DefaultListableBeanFactory - Creating shared instance of singleton bean 'classBusiness'
18:04:11.510 [main] DEBUG o.s.b.f.s.DefaultListableBeanFactory - Autowiring by type from bean name 'classBusiness' via constructor to bean named 'classData'
18:04:11.516 [main] DEBUG o.s.b.f.s.DefaultListableBeanFactory - Creating shared instance of singleton bean 'simulationBusiness'
18:04:11.520 [main] DEBUG o.s.b.f.s.DefaultListableBeanFactory - Autowiring by type from bean name 'simulationBusiness' via constructor to bean named 'lfcPathsBusiness'
18:04:11.520 [main] DEBUG o.s.b.f.s.DefaultListableBeanFactory - Autowiring by type from bean name 'simulationBusiness' via constructor to bean named 'testServer'
18:04:11.531 [main] DEBUG o.s.b.f.s.DefaultListableBeanFactory - Creating shared instance of singleton bean 'inputBusiness'
18:04:11.533 [main] DEBUG o.s.b.f.s.DefaultListableBeanFactory - Autowiring by type from bean name 'inputBusiness' via constructor to bean named 'applicationInputData'
18:04:11.533 [main] DEBUG o.s.b.f.s.DefaultListableBeanFactory - Autowiring by type from bean name 'inputBusiness' via constructor to bean named 'dataManagerBusiness'
18:04:11.541 [main] DEBUG o.s.b.f.s.DefaultListableBeanFactory - Creating shared instance of singleton bean 'gateLabBusiness'
18:04:11.543 [main] DEBUG o.s.b.f.s.DefaultListableBeanFactory - Autowiring by type from bean name 'gateLabBusiness' via constructor to bean named 'classData'
18:04:11.543 [main] DEBUG o.s.b.f.s.DefaultListableBeanFactory - Autowiring by type from bean name 'gateLabBusiness' via constructor to bean named 'applicationBusiness'
18:04:11.543 [main] DEBUG o.s.b.f.s.DefaultListableBeanFactory - Autowiring by type from bean name 'gateLabBusiness' via constructor to bean named 'userData'
18:04:11.543 [main] DEBUG o.s.b.f.s.DefaultListableBeanFactory - Autowiring by type from bean name 'gateLabBusiness' via constructor to bean named 'usersGroupsData'
18:04:11.543 [main] DEBUG o.s.b.f.s.DefaultListableBeanFactory - Autowiring by type from bean name 'gateLabBusiness' via constructor to bean named 'testEmailBusiness'
18:04:11.551 [main] DEBUG o.s.b.f.s.DefaultListableBeanFactory - Creating shared instance of singleton bean 'publicationData'
18:04:11.560 [main] DEBUG o.s.b.f.s.DefaultListableBeanFactory - Creating shared instance of singleton bean 'publicationDataInitializer'
18:04:11.561 [main] DEBUG o.s.b.f.s.DefaultListableBeanFactory - Autowiring by type from bean name 'publicationDataInitializer' via constructor to bean named 'lazyDataSource'
18:04:11.561 [main] DEBUG o.s.b.f.s.DefaultListableBeanFactory - Autowiring by type from bean name 'publicationDataInitializer' via constructor to bean named 'tableInitializer'
18:04:11.562 [main] DEBUG o.s.aop.framework.CglibAopProxy - Final method [protected final java.sql.Connection org.springframework.jdbc.core.support.JdbcDaoSupport.getConnection() throws org.springframework.jdbc.CannotGetJdbcConnectionException] cannot get proxied via CGLIB: Calls to this method will NOT be routed to the target instance and might lead to NPEs against uninitialized fields in the proxy instance.
18:04:11.562 [main] DEBUG o.s.aop.framework.CglibAopProxy - Final method [public final javax.sql.DataSource org.springframework.jdbc.core.support.JdbcDaoSupport.getDataSource()] cannot get proxied via CGLIB: Calls to this method will NOT be routed to the target instance and might lead to NPEs against uninitialized fields in the proxy instance.
18:04:11.562 [main] DEBUG o.s.aop.framework.CglibAopProxy - Final method [public final void org.springframework.jdbc.core.support.JdbcDaoSupport.setDataSource(javax.sql.DataSource)] cannot get proxied via CGLIB: Calls to this method will NOT be routed to the target instance and might lead to NPEs against uninitialized fields in the proxy instance.
18:04:11.563 [main] DEBUG o.s.aop.framework.CglibAopProxy - Final method [protected final org.springframework.jdbc.support.SQLExceptionTranslator org.springframework.jdbc.core.support.JdbcDaoSupport.getExceptionTranslator()] cannot get proxied via CGLIB: Calls to this method will NOT be routed to the target instance and might lead to NPEs against uninitialized fields in the proxy instance.
18:04:11.563 [main] DEBUG o.s.aop.framework.CglibAopProxy - Final method [public final void org.springframework.jdbc.core.support.JdbcDaoSupport.setJdbcTemplate(org.springframework.jdbc.core.JdbcTemplate)] cannot get proxied via CGLIB: Calls to this method will NOT be routed to the target instance and might lead to NPEs against uninitialized fields in the proxy instance.
18:04:11.563 [main] DEBUG o.s.aop.framework.CglibAopProxy - Final method [public final org.springframework.jdbc.core.JdbcTemplate org.springframework.jdbc.core.support.JdbcDaoSupport.getJdbcTemplate()] cannot get proxied via CGLIB: Calls to this method will NOT be routed to the target instance and might lead to NPEs against uninitialized fields in the proxy instance.
18:04:11.563 [main] DEBUG o.s.aop.framework.CglibAopProxy - Final method [protected final void org.springframework.jdbc.core.support.JdbcDaoSupport.releaseConnection(java.sql.Connection)] cannot get proxied via CGLIB: Calls to this method will NOT be routed to the target instance and might lead to NPEs against uninitialized fields in the proxy instance.
18:04:11.563 [main] INFO  o.s.aop.framework.CglibAopProxy - Unable to proxy interface-implementing method [public final void org.springframework.dao.support.DaoSupport.afterPropertiesSet() throws java.lang.IllegalArgumentException,org.springframework.beans.factory.BeanInitializationException] because it is marked as final: Consider using interface-based JDK proxies instead!
18:04:11.563 [main] DEBUG o.s.aop.framework.CglibAopProxy - Final method [public final void org.springframework.dao.support.DaoSupport.afterPropertiesSet() throws java.lang.IllegalArgumentException,org.springframework.beans.factory.BeanInitializationException] cannot get proxied via CGLIB: Calls to this method will NOT be routed to the target instance and might lead to NPEs against uninitialized fields in the proxy instance.
18:04:11.568 [main] DEBUG o.s.b.f.s.DefaultListableBeanFactory - Creating shared instance of singleton bean 'publicationBusiness'
18:04:11.569 [main] DEBUG o.s.b.f.s.DefaultListableBeanFactory - Autowiring by type from bean name 'publicationBusiness' via constructor to bean named 'publicationData'
18:04:11.575 [main] DEBUG o.s.b.f.s.DefaultListableBeanFactory - Creating shared instance of singleton bean 'messagingDataInitializer'
18:04:11.576 [main] DEBUG o.s.b.f.s.DefaultListableBeanFactory - Autowiring by type from bean name 'messagingDataInitializer' via constructor to bean named 'lazyDataSource'
18:04:11.576 [main] DEBUG o.s.b.f.s.DefaultListableBeanFactory - Autowiring by type from bean name 'messagingDataInitializer' via constructor to bean named 'tableInitializer'
18:04:11.577 [main] DEBUG o.s.aop.framework.CglibAopProxy - Final method [protected final java.sql.Connection org.springframework.jdbc.core.support.JdbcDaoSupport.getConnection() throws org.springframework.jdbc.CannotGetJdbcConnectionException] cannot get proxied via CGLIB: Calls to this method will NOT be routed to the target instance and might lead to NPEs against uninitialized fields in the proxy instance.
18:04:11.577 [main] DEBUG o.s.aop.framework.CglibAopProxy - Final method [public final javax.sql.DataSource org.springframework.jdbc.core.support.JdbcDaoSupport.getDataSource()] cannot get proxied via CGLIB: Calls to this method will NOT be routed to the target instance and might lead to NPEs against uninitialized fields in the proxy instance.
18:04:11.577 [main] DEBUG o.s.aop.framework.CglibAopProxy - Final method [public final void org.springframework.jdbc.core.support.JdbcDaoSupport.setDataSource(javax.sql.DataSource)] cannot get proxied via CGLIB: Calls to this method will NOT be routed to the target instance and might lead to NPEs against uninitialized fields in the proxy instance.
18:04:11.577 [main] DEBUG o.s.aop.framework.CglibAopProxy - Final method [protected final org.springframework.jdbc.support.SQLExceptionTranslator org.springframework.jdbc.core.support.JdbcDaoSupport.getExceptionTranslator()] cannot get proxied via CGLIB: Calls to this method will NOT be routed to the target instance and might lead to NPEs against uninitialized fields in the proxy instance.
18:04:11.577 [main] DEBUG o.s.aop.framework.CglibAopProxy - Final method [public final void org.springframework.jdbc.core.support.JdbcDaoSupport.setJdbcTemplate(org.springframework.jdbc.core.JdbcTemplate)] cannot get proxied via CGLIB: Calls to this method will NOT be routed to the target instance and might lead to NPEs against uninitialized fields in the proxy instance.
18:04:11.577 [main] DEBUG o.s.aop.framework.CglibAopProxy - Final method [public final org.springframework.jdbc.core.JdbcTemplate org.springframework.jdbc.core.support.JdbcDaoSupport.getJdbcTemplate()] cannot get proxied via CGLIB: Calls to this method will NOT be routed to the target instance and might lead to NPEs against uninitialized fields in the proxy instance.
18:04:11.578 [main] DEBUG o.s.aop.framework.CglibAopProxy - Final method [protected final void org.springframework.jdbc.core.support.JdbcDaoSupport.releaseConnection(java.sql.Connection)] cannot get proxied via CGLIB: Calls to this method will NOT be routed to the target instance and might lead to NPEs against uninitialized fields in the proxy instance.
18:04:11.578 [main] INFO  o.s.aop.framework.CglibAopProxy - Unable to proxy interface-implementing method [public final void org.springframework.dao.support.DaoSupport.afterPropertiesSet() throws java.lang.IllegalArgumentException,org.springframework.beans.factory.BeanInitializationException] because it is marked as final: Consider using interface-based JDK proxies instead!
18:04:11.578 [main] DEBUG o.s.aop.framework.CglibAopProxy - Final method [public final void org.springframework.dao.support.DaoSupport.afterPropertiesSet() throws java.lang.IllegalArgumentException,org.springframework.beans.factory.BeanInitializationException] cannot get proxied via CGLIB: Calls to this method will NOT be routed to the target instance and might lead to NPEs against uninitialized fields in the proxy instance.
18:04:11.583 [main] DEBUG o.s.b.f.s.DefaultListableBeanFactory - Creating shared instance of singleton bean 'messageData'
18:04:11.584 [main] DEBUG o.s.b.f.s.DefaultListableBeanFactory - Autowiring by type from bean name 'messageData' via constructor to bean named 'userData'
18:04:11.584 [main] DEBUG o.s.b.f.s.DefaultListableBeanFactory - Autowiring by type from bean name 'messageData' via constructor to bean named 'lazyDataSource'
18:04:11.587 [main] DEBUG o.s.b.f.s.DefaultListableBeanFactory - Creating shared instance of singleton bean 'groupMessageData'
18:04:11.589 [main] DEBUG o.s.b.f.s.DefaultListableBeanFactory - Autowiring by type from bean name 'groupMessageData' via constructor to bean named 'userData'
18:04:11.589 [main] DEBUG o.s.b.f.s.DefaultListableBeanFactory - Autowiring by type from bean name 'groupMessageData' via constructor to bean named 'groupData'
18:04:11.589 [main] DEBUG o.s.b.f.s.DefaultListableBeanFactory - Autowiring by type from bean name 'groupMessageData' via constructor to bean named 'messageData'
18:04:11.590 [main] DEBUG o.s.b.f.s.DefaultListableBeanFactory - Autowiring by type from bean name 'groupMessageData' via constructor to bean named 'lazyDataSource'
18:04:11.593 [main] DEBUG o.s.b.f.s.DefaultListableBeanFactory - Creating shared instance of singleton bean 'messageBusiness'
18:04:11.595 [main] DEBUG o.s.b.f.s.DefaultListableBeanFactory - Autowiring by type from bean name 'messageBusiness' via constructor to bean named 'messageData'
18:04:11.595 [main] DEBUG o.s.b.f.s.DefaultListableBeanFactory - Autowiring by type from bean name 'messageBusiness' via constructor to bean named 'groupMessageData'
18:04:11.595 [main] DEBUG o.s.b.f.s.DefaultListableBeanFactory - Autowiring by type from bean name 'messageBusiness' via constructor to bean named 'usersGroupsData'
18:04:11.595 [main] DEBUG o.s.b.f.s.DefaultListableBeanFactory - Autowiring by type from bean name 'messageBusiness' via constructor to bean named 'configurationBusiness'
18:04:11.595 [main] DEBUG o.s.b.f.s.DefaultListableBeanFactory - Autowiring by type from bean name 'messageBusiness' via constructor to bean named 'testEmailBusiness'
18:04:11.620 [main] DEBUG o.s.b.f.s.DefaultListableBeanFactory - Creating shared instance of singleton bean 'statsController'
18:04:11.627 [main] DEBUG o.s.b.f.s.DefaultListableBeanFactory - Creating shared instance of singleton bean 'statsApiBusiness'
18:04:11.630 [main] DEBUG o.s.b.f.s.DefaultListableBeanFactory - Autowiring by type from bean name 'statsApiBusiness' via constructor to bean named 'statsBusiness'
18:04:11.630 [main] DEBUG o.s.b.f.s.DefaultListableBeanFactory - Autowiring by type from bean name 'statsController' via constructor to bean named 'statsApiBusiness'
18:04:11.635 [main] DEBUG o.s.b.f.s.DefaultListableBeanFactory - Creating shared instance of singleton bean 'apiSecurityConfig.CurrentUserProvider'
18:04:11.637 [main] DEBUG o.s.b.f.s.DefaultListableBeanFactory - Creating shared instance of singleton bean 'egiController'
18:04:11.645 [main] DEBUG o.s.b.f.s.DefaultListableBeanFactory - Autowiring by type from bean name 'egiController' via constructor to bean named 'vipSessionBusiness'
18:04:11.645 [main] DEBUG o.s.b.f.s.DefaultListableBeanFactory - Autowiring by type from bean name 'egiController' via constructor to bean named 'configurationBusiness'
18:04:11.646 [main] DEBUG o.s.b.f.s.DefaultListableBeanFactory - Creating shared instance of singleton bean 'registerUserController'
18:04:11.649 [main] DEBUG o.s.b.f.s.DefaultListableBeanFactory - Creating shared instance of singleton bean 'apiUserBusiness'
18:04:11.650 [main] DEBUG o.s.b.f.s.DefaultListableBeanFactory - Autowiring by type from bean name 'apiUserBusiness' via constructor to bean named 'environment'
18:04:11.651 [main] DEBUG o.s.b.f.s.DefaultListableBeanFactory - Autowiring by type from bean name 'apiUserBusiness' via constructor to bean named 'configurationBusiness'
18:04:11.651 [main] DEBUG o.s.b.f.s.DefaultListableBeanFactory - Autowiring by type from bean name 'apiUserBusiness' via constructor to bean named 'applicationBusiness'
18:04:11.651 [main] DEBUG o.s.b.f.s.DefaultListableBeanFactory - Autowiring by type from bean name 'registerUserController' via constructor to bean named 'apiUserBusiness'
18:04:11.653 [main] DEBUG o.s.b.f.s.DefaultListableBeanFactory - Creating shared instance of singleton bean 'platformController'
18:04:11.656 [main] DEBUG o.s.b.f.s.DefaultListableBeanFactory - Creating shared instance of singleton bean 'refreshTokenController'
18:04:11.657 [main] DEBUG o.s.b.f.s.DefaultListableBeanFactory - Creating shared instance of singleton bean 'keycloakBusiness'
18:04:11.660 [main] DEBUG o.s.b.f.s.DefaultListableBeanFactory - Autowiring by type from bean name 'keycloakBusiness' via constructor to bean named 'environment'
18:04:11.661 [main] DEBUG o.s.b.f.s.DefaultListableBeanFactory - Autowiring by type from bean name 'refreshTokenController' via constructor to bean named 'keycloakBusiness'
18:04:11.663 [main] DEBUG o.s.b.f.s.DefaultListableBeanFactory - Creating shared instance of singleton bean 'restExceptionHandler'
18:04:11.679 [main] DEBUG o.s.b.f.s.DefaultListableBeanFactory - Creating shared instance of singleton bean 'dataController'
18:04:11.682 [main] DEBUG o.s.b.f.s.DefaultListableBeanFactory - Creating shared instance of singleton bean 'dataApiBusiness'
18:04:11.688 [main] DEBUG o.s.b.f.s.DefaultListableBeanFactory - Autowiring by type from bean name 'dataApiBusiness' via constructor to bean named 'environment'
18:04:11.688 [main] DEBUG o.s.b.f.s.DefaultListableBeanFactory - Autowiring by type from bean name 'dataApiBusiness' via constructor to bean named 'apiSecurityConfig.CurrentUserProvider'
18:04:11.689 [main] DEBUG o.s.b.f.s.DefaultListableBeanFactory - Autowiring by type from bean name 'dataApiBusiness' via constructor to bean named 'LFCBusiness'
18:04:11.689 [main] DEBUG o.s.b.f.s.DefaultListableBeanFactory - Autowiring by type from bean name 'dataApiBusiness' via constructor to bean named 'transferPoolBusiness'
18:04:11.689 [main] DEBUG o.s.b.f.s.DefaultListableBeanFactory - Autowiring by type from bean name 'dataApiBusiness' via constructor to bean named 'LFCPermissionBusiness'
18:04:11.689 [main] DEBUG o.s.b.f.s.DefaultListableBeanFactory - Autowiring by type from bean name 'dataApiBusiness' via constructor to bean named 'dataManagerBusiness'
18:04:11.697 [main] DEBUG o.s.b.f.s.DefaultListableBeanFactory - Autowiring by type from bean name 'dataController' via constructor to bean named 'dataApiBusiness'
18:04:11.697 [main] DEBUG o.s.b.f.s.DefaultListableBeanFactory - Autowiring by type from bean name 'dataController' via constructor to bean named 'com.sun.proxy.$Proxy121@444ba2d3'
18:04:11.700 [main] DEBUG o.s.b.f.s.DefaultListableBeanFactory - Creating shared instance of singleton bean 'apiKeyController'
18:04:11.703 [main] DEBUG o.s.b.f.s.DefaultListableBeanFactory - Autowiring by type from bean name 'apiKeyController' via constructor to bean named 'apiKeyBusiness'
18:04:11.703 [main] DEBUG o.s.b.f.s.DefaultListableBeanFactory - Autowiring by type from bean name 'apiKeyController' via constructor to bean named 'externalPlatformBusiness'
18:04:11.705 [main] DEBUG o.s.b.f.s.DefaultListableBeanFactory - Creating shared instance of singleton bean 'externalPlatformController'
18:04:11.706 [main] DEBUG o.s.b.f.s.DefaultListableBeanFactory - Autowiring by type from bean name 'externalPlatformController' via constructor to bean named 'externalPlatformBusiness'
18:04:11.708 [main] DEBUG o.s.b.f.s.DefaultListableBeanFactory - Creating shared instance of singleton bean 'authenticationController'
18:04:11.710 [main] DEBUG o.s.b.f.s.DefaultListableBeanFactory - Creating shared instance of singleton bean 'apiBusiness'
18:04:11.711 [main] DEBUG o.s.b.f.s.DefaultListableBeanFactory - Autowiring by type from bean name 'apiBusiness' via constructor to bean named 'environment'
18:04:11.711 [main] DEBUG o.s.b.f.s.DefaultListableBeanFactory - Autowiring by type from bean name 'apiBusiness' via constructor to bean named 'configurationBusiness'
18:04:11.712 [main] DEBUG o.s.b.f.s.DefaultListableBeanFactory - Autowiring by type from bean name 'authenticationController' via constructor to bean named 'apiBusiness'
18:04:11.712 [main] DEBUG o.s.b.f.s.DefaultListableBeanFactory - Autowiring by type from bean name 'authenticationController' via constructor to bean named 'apiUserBusiness'
18:04:11.714 [main] DEBUG o.s.b.f.s.DefaultListableBeanFactory - Creating shared instance of singleton bean 'publicationController'
18:04:11.715 [main] DEBUG o.s.b.f.s.DefaultListableBeanFactory - Autowiring by type from bean name 'publicationController' via constructor to bean named 'publicationBusiness'
18:04:11.717 [main] DEBUG o.s.b.f.s.DefaultListableBeanFactory - Creating shared instance of singleton bean 'executionController'
18:04:11.719 [main] DEBUG o.s.b.f.s.DefaultListableBeanFactory - Creating shared instance of singleton bean 'executionBusiness'
18:04:11.724 [main] DEBUG o.s.b.f.s.DefaultListableBeanFactory - Creating shared instance of singleton bean 'pipelineBusiness'
18:04:11.727 [main] DEBUG o.s.b.f.s.DefaultListableBeanFactory - Autowiring by type from bean name 'pipelineBusiness' via constructor to bean named 'apiSecurityConfig.CurrentUserProvider'
18:04:11.727 [main] DEBUG o.s.b.f.s.DefaultListableBeanFactory - Autowiring by type from bean name 'pipelineBusiness' via constructor to bean named 'environment'
18:04:11.727 [main] DEBUG o.s.b.f.s.DefaultListableBeanFactory - Autowiring by type from bean name 'pipelineBusiness' via constructor to bean named 'workflowBusiness'
18:04:11.727 [main] DEBUG o.s.b.f.s.DefaultListableBeanFactory - Autowiring by type from bean name 'pipelineBusiness' via constructor to bean named 'applicationBusiness'
18:04:11.727 [main] DEBUG o.s.b.f.s.DefaultListableBeanFactory - Autowiring by type from bean name 'pipelineBusiness' via constructor to bean named 'publicationBusiness'
18:04:11.727 [main] DEBUG o.s.b.f.s.DefaultListableBeanFactory - Autowiring by type from bean name 'pipelineBusiness' via constructor to bean named 'classBusiness'
18:04:11.728 [main] DEBUG o.s.b.f.s.DefaultListableBeanFactory - Autowiring by type from bean name 'executionBusiness' via constructor to bean named 'apiSecurityConfig.CurrentUserProvider'
18:04:11.728 [main] DEBUG o.s.b.f.s.DefaultListableBeanFactory - Autowiring by type from bean name 'executionBusiness' via constructor to bean named 'simulationBusiness'
18:04:11.728 [main] DEBUG o.s.b.f.s.DefaultListableBeanFactory - Autowiring by type from bean name 'executionBusiness' via constructor to bean named 'workflowBusiness'
18:04:11.728 [main] DEBUG o.s.b.f.s.DefaultListableBeanFactory - Autowiring by type from bean name 'executionBusiness' via constructor to bean named 'configurationBusiness'
18:04:11.728 [main] DEBUG o.s.b.f.s.DefaultListableBeanFactory - Autowiring by type from bean name 'executionBusiness' via constructor to bean named 'applicationBusiness'
18:04:11.728 [main] DEBUG o.s.b.f.s.DefaultListableBeanFactory - Autowiring by type from bean name 'executionBusiness' via constructor to bean named 'pipelineBusiness'
18:04:11.728 [main] DEBUG o.s.b.f.s.DefaultListableBeanFactory - Autowiring by type from bean name 'executionBusiness' via constructor to bean named 'dataApiBusiness'
18:04:11.729 [main] DEBUG o.s.b.f.s.DefaultListableBeanFactory - Autowiring by type from bean name 'executionController' via constructor to bean named 'executionBusiness'
18:04:11.729 [main] DEBUG o.s.b.f.s.DefaultListableBeanFactory - Autowiring by type from bean name 'executionController' via constructor to bean named 'pipelineBusiness'
18:04:11.731 [main] DEBUG o.s.b.f.s.DefaultListableBeanFactory - Creating shared instance of singleton bean 'pipelineController'
18:04:11.732 [main] DEBUG o.s.b.f.s.DefaultListableBeanFactory - Autowiring by type from bean name 'pipelineController' via constructor to bean named 'pipelineBusiness'
18:04:11.734 [main] DEBUG o.s.b.f.s.DefaultListableBeanFactory - Creating shared instance of singleton bean 'springWebConfig'
18:04:11.735 [main] DEBUG o.s.c.LocalVariableTableParameterNameDiscoverer - Cannot find '.class' file for class [class fr.insalyon.creatis.vip.api.SpringWebConfig$$EnhancerBySpringCGLIB$$a739b17a] - unable to determine constructor/method parameter names
18:04:11.736 [main] DEBUG o.s.b.f.s.DefaultListableBeanFactory - Creating shared instance of singleton bean 'vipConfigurer'
18:04:11.738 [main] DEBUG o.s.b.f.s.DefaultListableBeanFactory - Autowiring by type from bean name 'vipConfigurer' via constructor to bean named 'configurationBusiness'
18:04:11.738 [main] DEBUG o.s.b.f.s.DefaultListableBeanFactory - Autowiring by type from bean name 'springWebConfig' via constructor to bean named 'environment'
18:04:11.738 [main] DEBUG o.s.b.f.s.DefaultListableBeanFactory - Autowiring by type from bean name 'springWebConfig' via constructor to bean named 'vipConfigurer'
18:04:11.740 [main] DEBUG o.s.b.f.s.DefaultListableBeanFactory - Creating shared instance of singleton bean 'apiPropertiesInitializer'
18:04:11.742 [main] DEBUG o.s.b.f.s.DefaultListableBeanFactory - Creating shared instance of singleton bean 'vipConfigFolder'
18:04:11.743 [main] DEBUG o.s.b.f.s.DefaultListableBeanFactory - Autowiring by type from bean name 'vipConfigFolder' via factory method to bean named 'org.springframework.web.context.support.GenericWebApplicationContext@229749f0'
18:04:11.743 [main] DEBUG o.s.c.e.PropertySourcesPropertyResolver - Found key 'vipConfigFolder' in PropertySource 'Inlined Test Properties' with value of type String
18:04:11.743 [main] INFO  f.i.c.v.core.server.SpringCoreConfig - found vipConfigFolder property : classpath:
18:04:11.745 [main] DEBUG o.s.b.f.s.DefaultListableBeanFactory - Autowiring by type from bean name 'apiPropertiesInitializer' via constructor to bean named 'vipConfigFolder'
18:04:11.745 [main] DEBUG o.s.b.f.s.DefaultListableBeanFactory - Autowiring by type from bean name 'apiPropertiesInitializer' via constructor to bean named 'environment'
18:04:11.747 [main] DEBUG o.springframework.jndi.JndiTemplate - Looking up JNDI object with name [java:comp/env/cors.autorized-domains]
18:04:11.748 [main] DEBUG jndi - InitialContextFactory.getInitialContext()
18:04:11.748 [main] DEBUG jndi - Created initial context delegate for local namespace:org.eclipse.jetty.jndi.local.localContextRoot@4803d1c0
18:04:11.771 [main] DEBUG o.e.j.j.java.javaURLContextFactory - >>> new root context requested 
18:04:11.774 [main] DEBUG jndi - supportDeepBinding=false
18:04:11.786 [main] DEBUG jndi - Adding binding with key=comp obj=Reference Class Name: javax.naming.Context
Type: parser
Content: org.eclipse.jetty.jndi.java.javaNameParser
 for context=null as comp: javax.naming.Reference:Reference Class Name: javax.naming.Context
Type: parser
Content: org.eclipse.jetty.jndi.java.javaNameParser

18:04:11.787 [main] DEBUG jndi - Looking up name="comp/env/cors.autorized-domains"
18:04:11.789 [main] DEBUG jndi - Trying thread context classloader
18:04:11.789 [main] DEBUG jndi - supportDeepBinding=false
18:04:11.790 [main] DEBUG jndi - Made context comp for classloader: jdk.internal.loader.ClassLoaders$AppClassLoader@5c8da962
18:04:11.790 [main] DEBUG jndi - Looking up name="env/cors.autorized-domains"
18:04:11.794 [main] DEBUG o.s.jndi.JndiLocatorDelegate - Converted JNDI name [java:comp/env/cors.autorized-domains] not found - trying original name [cors.autorized-domains]. javax.naming.NameNotFoundException; remaining name 'env/cors.autorized-domains'
18:04:11.794 [main] DEBUG o.springframework.jndi.JndiTemplate - Looking up JNDI object with name [cors.autorized-domains]
18:04:11.794 [main] DEBUG jndi - InitialContextFactory.getInitialContext()
18:04:11.795 [main] DEBUG jndi - Created initial context delegate for local namespace:org.eclipse.jetty.jndi.local.localContextRoot@22c5d329
18:04:11.795 [main] DEBUG jndi - Looking up name="cors.autorized-domains"
18:04:11.795 [main] DEBUG o.s.jndi.JndiPropertySource - JNDI lookup for name [cors.autorized-domains] threw NamingException with message: null. Returning null.
18:04:11.795 [main] DEBUG o.s.c.e.PropertySourcesPropertyResolver - Found key 'cors.autorized-domains' in PropertySource 'file [/home/runner/work/VIP-portal/VIP-portal/vip-portal/target/test-classes/vip-api.conf]' with value of type String
18:04:11.796 [main] DEBUG o.springframework.jndi.JndiTemplate - Looking up JNDI object with name [java:comp/env/carmin.platform.name]
18:04:11.796 [main] DEBUG jndi - InitialContextFactory.getInitialContext()
18:04:11.796 [main] DEBUG jndi - Created initial context delegate for local namespace:org.eclipse.jetty.jndi.local.localContextRoot@769dd464
18:04:11.796 [main] DEBUG o.e.j.j.java.javaURLContextFactory - >>> new root context requested 
18:04:11.797 [main] DEBUG jndi - Looking up name="comp/env/carmin.platform.name"
18:04:11.797 [main] DEBUG jndi - Trying thread context classloader
18:04:11.797 [main] DEBUG jndi - Looking up name="env/carmin.platform.name"
18:04:11.797 [main] DEBUG o.s.jndi.JndiLocatorDelegate - Converted JNDI name [java:comp/env/carmin.platform.name] not found - trying original name [carmin.platform.name]. javax.naming.NameNotFoundException; remaining name 'env/carmin.platform.name'
18:04:11.797 [main] DEBUG o.springframework.jndi.JndiTemplate - Looking up JNDI object with name [carmin.platform.name]
18:04:11.797 [main] DEBUG jndi - InitialContextFactory.getInitialContext()
18:04:11.797 [main] DEBUG jndi - Created initial context delegate for local namespace:org.eclipse.jetty.jndi.local.localContextRoot@64e2db54
18:04:11.797 [main] DEBUG jndi - Looking up name="carmin.platform.name"
18:04:11.797 [main] DEBUG o.s.jndi.JndiPropertySource - JNDI lookup for name [carmin.platform.name] threw NamingException with message: null. Returning null.
18:04:11.797 [main] DEBUG o.s.c.e.PropertySourcesPropertyResolver - Found key 'carmin.platform.name' in PropertySource 'file [/home/runner/work/VIP-portal/VIP-portal/vip-portal/target/test-classes/vip-api.conf]' with value of type String
18:04:11.798 [main] DEBUG o.springframework.jndi.JndiTemplate - Looking up JNDI object with name [java:comp/env/carmin.platform.description]
18:04:11.798 [main] DEBUG jndi - InitialContextFactory.getInitialContext()
18:04:11.798 [main] DEBUG jndi - Created initial context delegate for local namespace:org.eclipse.jetty.jndi.local.localContextRoot@7b0eff2
18:04:11.798 [main] DEBUG o.e.j.j.java.javaURLContextFactory - >>> new root context requested 
18:04:11.798 [main] DEBUG jndi - Looking up name="comp/env/carmin.platform.description"
18:04:11.798 [main] DEBUG jndi - Trying thread context classloader
18:04:11.798 [main] DEBUG jndi - Looking up name="env/carmin.platform.description"
18:04:11.798 [main] DEBUG o.s.jndi.JndiLocatorDelegate - Converted JNDI name [java:comp/env/carmin.platform.description] not found - trying original name [carmin.platform.description]. javax.naming.NameNotFoundException; remaining name 'env/carmin.platform.description'
18:04:11.798 [main] DEBUG o.springframework.jndi.JndiTemplate - Looking up JNDI object with name [carmin.platform.description]
18:04:11.798 [main] DEBUG jndi - InitialContextFactory.getInitialContext()
18:04:11.798 [main] DEBUG jndi - Created initial context delegate for local namespace:org.eclipse.jetty.jndi.local.localContextRoot@150bb27f
18:04:11.799 [main] DEBUG jndi - Looking up name="carmin.platform.description"
18:04:11.805 [main] DEBUG o.s.jndi.JndiPropertySource - JNDI lookup for name [carmin.platform.description] threw NamingException with message: null. Returning null.
18:04:11.805 [main] DEBUG o.s.c.e.PropertySourcesPropertyResolver - Found key 'carmin.platform.description' in PropertySource 'file [/home/runner/work/VIP-portal/VIP-portal/vip-portal/target/test-classes/vip-api.conf]' with value of type String
18:04:11.805 [main] DEBUG o.springframework.jndi.JndiTemplate - Looking up JNDI object with name [java:comp/env/carmin.platform.email]
18:04:11.805 [main] DEBUG jndi - InitialContextFactory.getInitialContext()
18:04:11.805 [main] DEBUG jndi - Created initial context delegate for local namespace:org.eclipse.jetty.jndi.local.localContextRoot@d2d6a4e
18:04:11.805 [main] DEBUG o.e.j.j.java.javaURLContextFactory - >>> new root context requested 
18:04:11.805 [main] DEBUG jndi - Looking up name="comp/env/carmin.platform.email"
18:04:11.806 [main] DEBUG jndi - Trying thread context classloader
18:04:11.806 [main] DEBUG jndi - Looking up name="env/carmin.platform.email"
18:04:11.806 [main] DEBUG o.s.jndi.JndiLocatorDelegate - Converted JNDI name [java:comp/env/carmin.platform.email] not found - trying original name [carmin.platform.email]. javax.naming.NameNotFoundException; remaining name 'env/carmin.platform.email'
18:04:11.806 [main] DEBUG o.springframework.jndi.JndiTemplate - Looking up JNDI object with name [carmin.platform.email]
18:04:11.806 [main] DEBUG jndi - InitialContextFactory.getInitialContext()
18:04:11.806 [main] DEBUG jndi - Created initial context delegate for local namespace:org.eclipse.jetty.jndi.local.localContextRoot@7f6738c4
18:04:11.806 [main] DEBUG jndi - Looking up name="carmin.platform.email"
18:04:11.806 [main] DEBUG o.s.jndi.JndiPropertySource - JNDI lookup for name [carmin.platform.email] threw NamingException with message: null. Returning null.
18:04:11.806 [main] DEBUG o.s.c.e.PropertySourcesPropertyResolver - Found key 'carmin.platform.email' in PropertySource 'file [/home/runner/work/VIP-portal/VIP-portal/vip-portal/target/test-classes/vip-api.conf]' with value of type String
18:04:11.807 [main] DEBUG o.springframework.jndi.JndiTemplate - Looking up JNDI object with name [java:comp/env/carmin.platform.default_limit_list_execution]
18:04:11.807 [main] DEBUG jndi - InitialContextFactory.getInitialContext()
18:04:11.807 [main] DEBUG jndi - Created initial context delegate for local namespace:org.eclipse.jetty.jndi.local.localContextRoot@7fa897a5
18:04:11.807 [main] DEBUG o.e.j.j.java.javaURLContextFactory - >>> new root context requested 
18:04:11.807 [main] DEBUG jndi - Looking up name="comp/env/carmin.platform.default_limit_list_execution"
18:04:11.807 [main] DEBUG jndi - Trying thread context classloader
18:04:11.807 [main] DEBUG jndi - Looking up name="env/carmin.platform.default_limit_list_execution"
18:04:11.807 [main] DEBUG o.s.jndi.JndiLocatorDelegate - Converted JNDI name [java:comp/env/carmin.platform.default_limit_list_execution] not found - trying original name [carmin.platform.default_limit_list_execution]. javax.naming.NameNotFoundException; remaining name 'env/carmin.platform.default_limit_list_execution'
18:04:11.807 [main] DEBUG o.springframework.jndi.JndiTemplate - Looking up JNDI object with name [carmin.platform.default_limit_list_execution]
18:04:11.807 [main] DEBUG jndi - InitialContextFactory.getInitialContext()
18:04:11.808 [main] DEBUG jndi - Created initial context delegate for local namespace:org.eclipse.jetty.jndi.local.localContextRoot@37f85a65
18:04:11.808 [main] DEBUG jndi - Looking up name="carmin.platform.default_limit_list_execution"
18:04:11.808 [main] DEBUG o.s.jndi.JndiPropertySource - JNDI lookup for name [carmin.platform.default_limit_list_execution] threw NamingException with message: null. Returning null.
18:04:11.808 [main] DEBUG o.s.c.e.PropertySourcesPropertyResolver - Found key 'carmin.platform.default_limit_list_execution' in PropertySource 'file [/home/runner/work/VIP-portal/VIP-portal/vip-portal/target/test-classes/vip-api.conf]' with value of type String
18:04:11.811 [main] DEBUG o.springframework.jndi.JndiTemplate - Looking up JNDI object with name [java:comp/env/carmin.platform.supported_API_Version]
18:04:11.811 [main] DEBUG jndi - InitialContextFactory.getInitialContext()
18:04:11.811 [main] DEBUG jndi - Created initial context delegate for local namespace:org.eclipse.jetty.jndi.local.localContextRoot@20a32ded
18:04:11.811 [main] DEBUG o.e.j.j.java.javaURLContextFactory - >>> new root context requested 
18:04:11.811 [main] DEBUG jndi - Looking up name="comp/env/carmin.platform.supported_API_Version"
18:04:11.811 [main] DEBUG jndi - Trying thread context classloader
18:04:11.811 [main] DEBUG jndi - Looking up name="env/carmin.platform.supported_API_Version"
18:04:11.811 [main] DEBUG o.s.jndi.JndiLocatorDelegate - Converted JNDI name [java:comp/env/carmin.platform.supported_API_Version] not found - trying original name [carmin.platform.supported_API_Version]. javax.naming.NameNotFoundException; remaining name 'env/carmin.platform.supported_API_Version'
18:04:11.811 [main] DEBUG o.springframework.jndi.JndiTemplate - Looking up JNDI object with name [carmin.platform.supported_API_Version]
18:04:11.812 [main] DEBUG jndi - InitialContextFactory.getInitialContext()
18:04:11.812 [main] DEBUG jndi - Created initial context delegate for local namespace:org.eclipse.jetty.jndi.local.localContextRoot@42b4b616
18:04:11.812 [main] DEBUG jndi - Looking up name="carmin.platform.supported_API_Version"
18:04:11.812 [main] DEBUG o.s.jndi.JndiPropertySource - JNDI lookup for name [carmin.platform.supported_API_Version] threw NamingException with message: null. Returning null.
18:04:11.812 [main] DEBUG o.s.c.e.PropertySourcesPropertyResolver - Found key 'carmin.platform.supported_API_Version' in PropertySource 'file [/home/runner/work/VIP-portal/VIP-portal/vip-portal/target/test-classes/vip-api.conf]' with value of type String
18:04:11.812 [main] DEBUG o.springframework.jndi.JndiTemplate - Looking up JNDI object with name [java:comp/env/carmin.authentication.apikey.header.name]
18:04:11.812 [main] DEBUG jndi - InitialContextFactory.getInitialContext()
18:04:11.812 [main] DEBUG jndi - Created initial context delegate for local namespace:org.eclipse.jetty.jndi.local.localContextRoot@3dbf0c0f
18:04:11.812 [main] DEBUG o.e.j.j.java.javaURLContextFactory - >>> new root context requested 
18:04:11.812 [main] DEBUG jndi - Looking up name="comp/env/carmin.authentication.apikey.header.name"
18:04:11.813 [main] DEBUG jndi - Trying thread context classloader
18:04:11.813 [main] DEBUG jndi - Looking up name="env/carmin.authentication.apikey.header.name"
18:04:11.813 [main] DEBUG o.s.jndi.JndiLocatorDelegate - Converted JNDI name [java:comp/env/carmin.authentication.apikey.header.name] not found - trying original name [carmin.authentication.apikey.header.name]. javax.naming.NameNotFoundException; remaining name 'env/carmin.authentication.apikey.header.name'
18:04:11.813 [main] DEBUG o.springframework.jndi.JndiTemplate - Looking up JNDI object with name [carmin.authentication.apikey.header.name]
18:04:11.813 [main] DEBUG jndi - InitialContextFactory.getInitialContext()
18:04:11.813 [main] DEBUG jndi - Created initial context delegate for local namespace:org.eclipse.jetty.jndi.local.localContextRoot@e798701
18:04:11.813 [main] DEBUG jndi - Looking up name="carmin.authentication.apikey.header.name"
18:04:11.813 [main] DEBUG o.s.jndi.JndiPropertySource - JNDI lookup for name [carmin.authentication.apikey.header.name] threw NamingException with message: null. Returning null.
18:04:11.813 [main] DEBUG o.s.c.e.PropertySourcesPropertyResolver - Found key 'carmin.authentication.apikey.header.name' in PropertySource 'file [/home/runner/work/VIP-portal/VIP-portal/vip-portal/target/test-classes/vip-api.conf]' with value of type String
18:04:11.813 [main] DEBUG o.springframework.jndi.JndiTemplate - Looking up JNDI object with name [java:comp/env/carmin.authentication.apikey.generate_new_key_on_each_authentication]
18:04:11.814 [main] DEBUG jndi - InitialContextFactory.getInitialContext()
18:04:11.814 [main] DEBUG jndi - Created initial context delegate for local namespace:org.eclipse.jetty.jndi.local.localContextRoot@378c1f66
18:04:11.814 [main] DEBUG o.e.j.j.java.javaURLContextFactory - >>> new root context requested 
18:04:11.814 [main] DEBUG jndi - Looking up name="comp/env/carmin.authentication.apikey.generate_new_key_on_each_authentication"
18:04:11.814 [main] DEBUG jndi - Trying thread context classloader
18:04:11.814 [main] DEBUG jndi - Looking up name="env/carmin.authentication.apikey.generate_new_key_on_each_authentication"
18:04:11.814 [main] DEBUG o.s.jndi.JndiLocatorDelegate - Converted JNDI name [java:comp/env/carmin.authentication.apikey.generate_new_key_on_each_authentication] not found - trying original name [carmin.authentication.apikey.generate_new_key_on_each_authentication]. javax.naming.NameNotFoundException; remaining name 'env/carmin.authentication.apikey.generate_new_key_on_each_authentication'
18:04:11.814 [main] DEBUG o.springframework.jndi.JndiTemplate - Looking up JNDI object with name [carmin.authentication.apikey.generate_new_key_on_each_authentication]
18:04:11.814 [main] DEBUG jndi - InitialContextFactory.getInitialContext()
18:04:11.814 [main] DEBUG jndi - Created initial context delegate for local namespace:org.eclipse.jetty.jndi.local.localContextRoot@50ef0b87
18:04:11.817 [main] DEBUG jndi - Looking up name="carmin.authentication.apikey.generate_new_key_on_each_authentication"
18:04:11.817 [main] DEBUG o.s.jndi.JndiPropertySource - JNDI lookup for name [carmin.authentication.apikey.generate_new_key_on_each_authentication] threw NamingException with message: null. Returning null.
18:04:11.817 [main] DEBUG o.s.c.e.PropertySourcesPropertyResolver - Found key 'carmin.authentication.apikey.generate_new_key_on_each_authentication' in PropertySource 'file [/home/runner/work/VIP-portal/VIP-portal/vip-portal/target/test-classes/vip-api.conf]' with value of type String
18:04:11.818 [main] DEBUG o.springframework.jndi.JndiTemplate - Looking up JNDI object with name [java:comp/env/carmin.data.mime_type.directory]
18:04:11.818 [main] DEBUG jndi - InitialContextFactory.getInitialContext()
18:04:11.818 [main] DEBUG jndi - Created initial context delegate for local namespace:org.eclipse.jetty.jndi.local.localContextRoot@1575bae1
18:04:11.818 [main] DEBUG o.e.j.j.java.javaURLContextFactory - >>> new root context requested 
18:04:11.818 [main] DEBUG jndi - Looking up name="comp/env/carmin.data.mime_type.directory"
18:04:11.818 [main] DEBUG jndi - Trying thread context classloader
18:04:11.819 [main] DEBUG jndi - Looking up name="env/carmin.data.mime_type.directory"
18:04:11.819 [main] DEBUG o.s.jndi.JndiLocatorDelegate - Converted JNDI name [java:comp/env/carmin.data.mime_type.directory] not found - trying original name [carmin.data.mime_type.directory]. javax.naming.NameNotFoundException; remaining name 'env/carmin.data.mime_type.directory'
18:04:11.819 [main] DEBUG o.springframework.jndi.JndiTemplate - Looking up JNDI object with name [carmin.data.mime_type.directory]
18:04:11.819 [main] DEBUG jndi - InitialContextFactory.getInitialContext()
18:04:11.819 [main] DEBUG jndi - Created initial context delegate for local namespace:org.eclipse.jetty.jndi.local.localContextRoot@577666c1
18:04:11.820 [main] DEBUG jndi - Looking up name="carmin.data.mime_type.directory"
18:04:11.820 [main] DEBUG o.s.jndi.JndiPropertySource - JNDI lookup for name [carmin.data.mime_type.directory] threw NamingException with message: null. Returning null.
18:04:11.820 [main] DEBUG o.s.c.e.PropertySourcesPropertyResolver - Found key 'carmin.data.mime_type.directory' in PropertySource 'file [/home/runner/work/VIP-portal/VIP-portal/vip-portal/target/test-classes/vip-api.conf]' with value of type String
18:04:11.820 [main] DEBUG o.springframework.jndi.JndiTemplate - Looking up JNDI object with name [java:comp/env/carmin.data.mime_type.default]
18:04:11.820 [main] DEBUG jndi - InitialContextFactory.getInitialContext()
18:04:11.820 [main] DEBUG jndi - Created initial context delegate for local namespace:org.eclipse.jetty.jndi.local.localContextRoot@d62466
18:04:11.821 [main] DEBUG o.e.j.j.java.javaURLContextFactory - >>> new root context requested 
18:04:11.821 [main] DEBUG jndi - Looking up name="comp/env/carmin.data.mime_type.default"
18:04:11.821 [main] DEBUG jndi - Trying thread context classloader
18:04:11.821 [main] DEBUG jndi - Looking up name="env/carmin.data.mime_type.default"
18:04:11.821 [main] DEBUG o.s.jndi.JndiLocatorDelegate - Converted JNDI name [java:comp/env/carmin.data.mime_type.default] not found - trying original name [carmin.data.mime_type.default]. javax.naming.NameNotFoundException; remaining name 'env/carmin.data.mime_type.default'
18:04:11.821 [main] DEBUG o.springframework.jndi.JndiTemplate - Looking up JNDI object with name [carmin.data.mime_type.default]
18:04:11.821 [main] DEBUG jndi - InitialContextFactory.getInitialContext()
18:04:11.823 [main] DEBUG jndi - Created initial context delegate for local namespace:org.eclipse.jetty.jndi.local.localContextRoot@28cda4c8
18:04:11.823 [main] DEBUG jndi - Looking up name="carmin.data.mime_type.default"
18:04:11.823 [main] DEBUG o.s.jndi.JndiPropertySource - JNDI lookup for name [carmin.data.mime_type.default] threw NamingException with message: null. Returning null.
18:04:11.823 [main] DEBUG o.s.c.e.PropertySourcesPropertyResolver - Found key 'carmin.data.mime_type.default' in PropertySource 'file [/home/runner/work/VIP-portal/VIP-portal/vip-portal/target/test-classes/vip-api.conf]' with value of type String
18:04:11.824 [main] DEBUG o.springframework.jndi.JndiTemplate - Looking up JNDI object with name [java:comp/env/carmin.data.download.retry]
18:04:11.824 [main] DEBUG jndi - InitialContextFactory.getInitialContext()
18:04:11.824 [main] DEBUG jndi - Created initial context delegate for local namespace:org.eclipse.jetty.jndi.local.localContextRoot@1057a182
18:04:11.824 [main] DEBUG o.e.j.j.java.javaURLContextFactory - >>> new root context requested 
18:04:11.824 [main] DEBUG jndi - Looking up name="comp/env/carmin.data.download.retry"
18:04:11.824 [main] DEBUG jndi - Trying thread context classloader
18:04:11.824 [main] DEBUG jndi - Looking up name="env/carmin.data.download.retry"
18:04:11.825 [main] DEBUG o.s.jndi.JndiLocatorDelegate - Converted JNDI name [java:comp/env/carmin.data.download.retry] not found - trying original name [carmin.data.download.retry]. javax.naming.NameNotFoundException; remaining name 'env/carmin.data.download.retry'
18:04:11.827 [main] DEBUG o.springframework.jndi.JndiTemplate - Looking up JNDI object with name [carmin.data.download.retry]
18:04:11.829 [main] DEBUG jndi - InitialContextFactory.getInitialContext()
18:04:11.829 [main] DEBUG jndi - Created initial context delegate for local namespace:org.eclipse.jetty.jndi.local.localContextRoot@74739d27
18:04:11.829 [main] DEBUG jndi - Looking up name="carmin.data.download.retry"
18:04:11.829 [main] DEBUG o.s.jndi.JndiPropertySource - JNDI lookup for name [carmin.data.download.retry] threw NamingException with message: null. Returning null.
18:04:11.829 [main] DEBUG o.s.c.e.PropertySourcesPropertyResolver - Found key 'carmin.data.download.retry' in PropertySource 'file [/home/runner/work/VIP-portal/VIP-portal/vip-portal/target/test-classes/vip-api.conf]' with value of type String
18:04:11.830 [main] DEBUG o.springframework.jndi.JndiTemplate - Looking up JNDI object with name [java:comp/env/carmin.data.download.timeout]
18:04:11.830 [main] DEBUG jndi - InitialContextFactory.getInitialContext()
18:04:11.830 [main] DEBUG jndi - Created initial context delegate for local namespace:org.eclipse.jetty.jndi.local.localContextRoot@453762db
18:04:11.830 [main] DEBUG o.e.j.j.java.javaURLContextFactory - >>> new root context requested 
18:04:11.830 [main] DEBUG jndi - Looking up name="comp/env/carmin.data.download.timeout"
18:04:11.830 [main] DEBUG jndi - Trying thread context classloader
18:04:11.830 [main] DEBUG jndi - Looking up name="env/carmin.data.download.timeout"
18:04:11.830 [main] DEBUG o.s.jndi.JndiLocatorDelegate - Converted JNDI name [java:comp/env/carmin.data.download.timeout] not found - trying original name [carmin.data.download.timeout]. javax.naming.NameNotFoundException; remaining name 'env/carmin.data.download.timeout'
18:04:11.830 [main] DEBUG o.springframework.jndi.JndiTemplate - Looking up JNDI object with name [carmin.data.download.timeout]
18:04:11.830 [main] DEBUG jndi - InitialContextFactory.getInitialContext()
18:04:11.830 [main] DEBUG jndi - Created initial context delegate for local namespace:org.eclipse.jetty.jndi.local.localContextRoot@196551
18:04:11.831 [main] DEBUG jndi - Looking up name="carmin.data.download.timeout"
18:04:11.831 [main] DEBUG o.s.jndi.JndiPropertySource - JNDI lookup for name [carmin.data.download.timeout] threw NamingException with message: null. Returning null.
18:04:11.831 [main] DEBUG o.s.c.e.PropertySourcesPropertyResolver - Found key 'carmin.data.download.timeout' in PropertySource 'file [/home/runner/work/VIP-portal/VIP-portal/vip-portal/target/test-classes/vip-api.conf]' with value of type String
18:04:11.831 [main] DEBUG o.springframework.jndi.JndiTemplate - Looking up JNDI object with name [java:comp/env/carmin.data.max_size]
18:04:11.831 [main] DEBUG jndi - InitialContextFactory.getInitialContext()
18:04:11.831 [main] DEBUG jndi - Created initial context delegate for local namespace:org.eclipse.jetty.jndi.local.localContextRoot@2d6f9f61
18:04:11.831 [main] DEBUG o.e.j.j.java.javaURLContextFactory - >>> new root context requested 
18:04:11.831 [main] DEBUG jndi - Looking up name="comp/env/carmin.data.max_size"
18:04:11.831 [main] DEBUG jndi - Trying thread context classloader
18:04:11.831 [main] DEBUG jndi - Looking up name="env/carmin.data.max_size"
18:04:11.831 [main] DEBUG o.s.jndi.JndiLocatorDelegate - Converted JNDI name [java:comp/env/carmin.data.max_size] not found - trying original name [carmin.data.max_size]. javax.naming.NameNotFoundException; remaining name 'env/carmin.data.max_size'
18:04:11.832 [main] DEBUG o.springframework.jndi.JndiTemplate - Looking up JNDI object with name [carmin.data.max_size]
18:04:11.832 [main] DEBUG jndi - InitialContextFactory.getInitialContext()
18:04:11.832 [main] DEBUG jndi - Created initial context delegate for local namespace:org.eclipse.jetty.jndi.local.localContextRoot@459db54e
18:04:11.832 [main] DEBUG jndi - Looking up name="carmin.data.max_size"
18:04:11.832 [main] DEBUG o.s.jndi.JndiPropertySource - JNDI lookup for name [carmin.data.max_size] threw NamingException with message: null. Returning null.
18:04:11.832 [main] DEBUG o.s.c.e.PropertySourcesPropertyResolver - Found key 'carmin.data.max_size' in PropertySource 'file [/home/runner/work/VIP-portal/VIP-portal/vip-portal/target/test-classes/vip-api.conf]' with value of type String
18:04:11.832 [main] DEBUG o.springframework.jndi.JndiTemplate - Looking up JNDI object with name [java:comp/env/keycloak.active]
18:04:11.832 [main] DEBUG jndi - InitialContextFactory.getInitialContext()
18:04:11.832 [main] DEBUG jndi - Created initial context delegate for local namespace:org.eclipse.jetty.jndi.local.localContextRoot@3b42369c
18:04:11.832 [main] DEBUG o.e.j.j.java.javaURLContextFactory - >>> new root context requested 
18:04:11.832 [main] DEBUG jndi - Looking up name="comp/env/keycloak.active"
18:04:11.832 [main] DEBUG jndi - Trying thread context classloader
18:04:11.833 [main] DEBUG jndi - Looking up name="env/keycloak.active"
18:04:11.833 [main] DEBUG o.s.jndi.JndiLocatorDelegate - Converted JNDI name [java:comp/env/keycloak.active] not found - trying original name [keycloak.active]. javax.naming.NameNotFoundException; remaining name 'env/keycloak.active'
18:04:11.833 [main] DEBUG o.springframework.jndi.JndiTemplate - Looking up JNDI object with name [keycloak.active]
18:04:11.833 [main] DEBUG jndi - InitialContextFactory.getInitialContext()
18:04:11.833 [main] DEBUG jndi - Created initial context delegate for local namespace:org.eclipse.jetty.jndi.local.localContextRoot@703aef48
18:04:11.833 [main] DEBUG jndi - Looking up name="keycloak.active"
18:04:11.833 [main] DEBUG o.s.jndi.JndiPropertySource - JNDI lookup for name [keycloak.active] threw NamingException with message: null. Returning null.
18:04:11.833 [main] DEBUG o.s.c.e.PropertySourcesPropertyResolver - Found key 'keycloak.active' in PropertySource 'file [/home/runner/work/VIP-portal/VIP-portal/vip-portal/target/test-classes/vip-api.conf]' with value of type String
18:04:11.833 [main] INFO  f.i.c.v.api.ApiPropertiesInitializer - Keycloak NOT active
18:04:11.834 [main] DEBUG o.springframework.jndi.JndiTemplate - Looking up JNDI object with name [java:comp/env/carmin.platform.supported_transfer_protocols]
18:04:11.834 [main] DEBUG jndi - InitialContextFactory.getInitialContext()
18:04:11.834 [main] DEBUG jndi - Created initial context delegate for local namespace:org.eclipse.jetty.jndi.local.localContextRoot@f35d6d2
18:04:11.834 [main] DEBUG o.e.j.j.java.javaURLContextFactory - >>> new root context requested 
18:04:11.834 [main] DEBUG jndi - Looking up name="comp/env/carmin.platform.supported_transfer_protocols"
18:04:11.834 [main] DEBUG jndi - Trying thread context classloader
18:04:11.835 [main] DEBUG jndi - Looking up name="env/carmin.platform.supported_transfer_protocols"
18:04:11.838 [main] DEBUG o.s.jndi.JndiLocatorDelegate - Converted JNDI name [java:comp/env/carmin.platform.supported_transfer_protocols] not found - trying original name [carmin.platform.supported_transfer_protocols]. javax.naming.NameNotFoundException; remaining name 'env/carmin.platform.supported_transfer_protocols'
18:04:11.838 [main] DEBUG o.springframework.jndi.JndiTemplate - Looking up JNDI object with name [carmin.platform.supported_transfer_protocols]
18:04:11.838 [main] DEBUG jndi - InitialContextFactory.getInitialContext()
18:04:11.838 [main] DEBUG jndi - Created initial context delegate for local namespace:org.eclipse.jetty.jndi.local.localContextRoot@84d838
18:04:11.838 [main] DEBUG jndi - Looking up name="carmin.platform.supported_transfer_protocols"
18:04:11.838 [main] DEBUG o.s.jndi.JndiPropertySource - JNDI lookup for name [carmin.platform.supported_transfer_protocols] threw NamingException with message: null. Returning null.
18:04:11.838 [main] DEBUG o.s.c.e.PropertySourcesPropertyResolver - Found key 'carmin.platform.supported_transfer_protocols' in PropertySource 'file [/home/runner/work/VIP-portal/VIP-portal/vip-portal/target/test-classes/vip-api.conf]' with value of type String
18:04:11.847 [main] DEBUG o.springframework.jndi.JndiTemplate - Looking up JNDI object with name [java:comp/env/carmin.platform.supported_modules]
18:04:11.848 [main] DEBUG jndi - InitialContextFactory.getInitialContext()
18:04:11.848 [main] DEBUG jndi - Created initial context delegate for local namespace:org.eclipse.jetty.jndi.local.localContextRoot@3ac49cfb
18:04:11.848 [main] DEBUG o.e.j.j.java.javaURLContextFactory - >>> new root context requested 
18:04:11.848 [main] DEBUG jndi - Looking up name="comp/env/carmin.platform.supported_modules"
18:04:11.848 [main] DEBUG jndi - Trying thread context classloader
18:04:11.848 [main] DEBUG jndi - Looking up name="env/carmin.platform.supported_modules"
18:04:11.849 [main] DEBUG o.s.jndi.JndiLocatorDelegate - Converted JNDI name [java:comp/env/carmin.platform.supported_modules] not found - trying original name [carmin.platform.supported_modules]. javax.naming.NameNotFoundException; remaining name 'env/carmin.platform.supported_modules'
18:04:11.849 [main] DEBUG o.springframework.jndi.JndiTemplate - Looking up JNDI object with name [carmin.platform.supported_modules]
18:04:11.849 [main] DEBUG jndi - InitialContextFactory.getInitialContext()
18:04:11.849 [main] DEBUG jndi - Created initial context delegate for local namespace:org.eclipse.jetty.jndi.local.localContextRoot@67bd111e
18:04:11.849 [main] DEBUG jndi - Looking up name="carmin.platform.supported_modules"
18:04:11.849 [main] DEBUG o.s.jndi.JndiPropertySource - JNDI lookup for name [carmin.platform.supported_modules] threw NamingException with message: null. Returning null.
18:04:11.850 [main] DEBUG o.s.c.e.PropertySourcesPropertyResolver - Found key 'carmin.platform.supported_modules' in PropertySource 'file [/home/runner/work/VIP-portal/VIP-portal/vip-portal/target/test-classes/vip-api.conf]' with value of type String
18:04:11.850 [main] DEBUG o.springframework.jndi.JndiTemplate - Looking up JNDI object with name [java:comp/env/carmin.platform.unsupported_methods]
18:04:11.850 [main] DEBUG jndi - InitialContextFactory.getInitialContext()
18:04:11.850 [main] DEBUG jndi - Created initial context delegate for local namespace:org.eclipse.jetty.jndi.local.localContextRoot@45cee004
18:04:11.850 [main] DEBUG o.e.j.j.java.javaURLContextFactory - >>> new root context requested 
18:04:11.850 [main] DEBUG jndi - Looking up name="comp/env/carmin.platform.unsupported_methods"
18:04:11.850 [main] DEBUG jndi - Trying thread context classloader
18:04:11.851 [main] DEBUG jndi - Looking up name="env/carmin.platform.unsupported_methods"
18:04:11.851 [main] DEBUG o.s.jndi.JndiLocatorDelegate - Converted JNDI name [java:comp/env/carmin.platform.unsupported_methods] not found - trying original name [carmin.platform.unsupported_methods]. javax.naming.NameNotFoundException; remaining name 'env/carmin.platform.unsupported_methods'
18:04:11.851 [main] DEBUG o.springframework.jndi.JndiTemplate - Looking up JNDI object with name [carmin.platform.unsupported_methods]
18:04:11.851 [main] DEBUG jndi - InitialContextFactory.getInitialContext()
18:04:11.851 [main] DEBUG jndi - Created initial context delegate for local namespace:org.eclipse.jetty.jndi.local.localContextRoot@4af43c42
18:04:11.851 [main] DEBUG jndi - Looking up name="carmin.platform.unsupported_methods"
18:04:11.851 [main] DEBUG o.s.jndi.JndiPropertySource - JNDI lookup for name [carmin.platform.unsupported_methods] threw NamingException with message: null. Returning null.
18:04:11.851 [main] DEBUG o.s.c.e.PropertySourcesPropertyResolver - Found key 'carmin.platform.unsupported_methods' in PropertySource 'file [/home/runner/work/VIP-portal/VIP-portal/vip-portal/target/test-classes/vip-api.conf]' with value of type String
18:04:11.851 [main] DEBUG o.springframework.jndi.JndiTemplate - Looking up JNDI object with name [java:comp/env/carmin.processing.pipelines.whitelist]
18:04:11.851 [main] DEBUG jndi - InitialContextFactory.getInitialContext()
18:04:11.852 [main] DEBUG jndi - Created initial context delegate for local namespace:org.eclipse.jetty.jndi.local.localContextRoot@30dc3d90
18:04:11.852 [main] DEBUG o.e.j.j.java.javaURLContextFactory - >>> new root context requested 
18:04:11.853 [main] DEBUG jndi - Looking up name="comp/env/carmin.processing.pipelines.whitelist"
18:04:11.853 [main] DEBUG jndi - Trying thread context classloader
18:04:11.853 [main] DEBUG jndi - Looking up name="env/carmin.processing.pipelines.whitelist"
18:04:11.853 [main] DEBUG o.s.jndi.JndiLocatorDelegate - Converted JNDI name [java:comp/env/carmin.processing.pipelines.whitelist] not found - trying original name [carmin.processing.pipelines.whitelist]. javax.naming.NameNotFoundException; remaining name 'env/carmin.processing.pipelines.whitelist'
18:04:11.853 [main] DEBUG o.springframework.jndi.JndiTemplate - Looking up JNDI object with name [carmin.processing.pipelines.whitelist]
18:04:11.853 [main] DEBUG jndi - InitialContextFactory.getInitialContext()
18:04:11.853 [main] DEBUG jndi - Created initial context delegate for local namespace:org.eclipse.jetty.jndi.local.localContextRoot@7df12c63
18:04:11.856 [main] DEBUG jndi - Looking up name="carmin.processing.pipelines.whitelist"
18:04:11.856 [main] DEBUG o.s.jndi.JndiPropertySource - JNDI lookup for name [carmin.processing.pipelines.whitelist] threw NamingException with message: null. Returning null.
18:04:11.856 [main] DEBUG o.s.c.e.PropertySourcesPropertyResolver - Found key 'carmin.processing.pipelines.whitelist' in PropertySource 'file [/home/runner/work/VIP-portal/VIP-portal/vip-portal/target/test-classes/vip-api.conf]' with value of type String
18:04:11.856 [main] DEBUG o.s.b.f.s.DefaultListableBeanFactory - Creating shared instance of singleton bean 'apikeyAuthenticationProvider'
18:04:11.867 [main] DEBUG o.s.b.f.s.DefaultListableBeanFactory - Creating shared instance of singleton bean 'vipKeycloakAuthenticationProvider'
18:04:11.869 [main] DEBUG o.s.b.f.s.DefaultListableBeanFactory - Autowiring by type from bean name 'vipKeycloakAuthenticationProvider' via constructor to bean named 'configurationBusiness'
18:04:11.870 [main] DEBUG o.s.b.f.s.DefaultListableBeanFactory - Creating shared instance of singleton bean 'pathBasedKeycloakConfigResolver'
18:04:11.874 [main] DEBUG o.s.b.f.s.DefaultListableBeanFactory - Creating shared instance of singleton bean 'vipAuthenticationEntryPoint'
18:04:11.878 [main] DEBUG o.s.b.f.s.DefaultListableBeanFactory - Creating shared instance of singleton bean 'objectMapper'
18:04:12.459 [main] DEBUG o.s.b.f.s.DefaultListableBeanFactory - Autowiring by type from bean name 'vipAuthenticationEntryPoint' via constructor to bean named 'objectMapper'
18:04:12.460 [main] DEBUG o.s.b.f.s.DefaultListableBeanFactory - Creating shared instance of singleton bean 'apiSecurityConfig'
18:04:12.462 [main] DEBUG o.s.c.LocalVariableTableParameterNameDiscoverer - Cannot find '.class' file for class [class fr.insalyon.creatis.vip.api.security.ApiSecurityConfig$$EnhancerBySpringCGLIB$$d04cde19] - unable to determine constructor/method parameter names
18:04:12.464 [main] DEBUG o.s.b.f.s.DefaultListableBeanFactory - Autowiring by type from bean name 'apiSecurityConfig' via constructor to bean named 'environment'
18:04:12.465 [main] DEBUG o.s.b.f.s.DefaultListableBeanFactory - Autowiring by type from bean name 'apiSecurityConfig' via constructor to bean named 'apikeyAuthenticationProvider'
18:04:12.471 [main] DEBUG o.s.b.f.s.DefaultListableBeanFactory - Autowiring by type from bean name 'apiSecurityConfig' via constructor to bean named 'vipAuthenticationEntryPoint'
18:04:12.471 [main] DEBUG o.s.b.f.s.DefaultListableBeanFactory - Autowiring by type from bean name 'apiSecurityConfig' via constructor to bean named 'vipKeycloakAuthenticationProvider'
18:04:12.492 [main] DEBUG o.s.b.f.s.DefaultListableBeanFactory - Creating shared instance of singleton bean 'objectPostProcessor'
18:04:12.493 [main] DEBUG o.s.b.f.s.DefaultListableBeanFactory - Creating shared instance of singleton bean 'org.springframework.security.config.annotation.configuration.ObjectPostProcessorConfiguration'
18:04:12.495 [main] DEBUG o.s.b.f.s.DefaultListableBeanFactory - Autowiring by type from bean name 'objectPostProcessor' via factory method to bean named 'org.springframework.beans.factory.support.DefaultListableBeanFactory@22b4ad0c'
18:04:12.511 [main] DEBUG o.s.b.f.s.DefaultListableBeanFactory - Creating shared instance of singleton bean 'org.springframework.security.config.annotation.authentication.configuration.AuthenticationConfiguration'
18:04:12.516 [main] DEBUG o.s.b.f.s.DefaultListableBeanFactory - Creating shared instance of singleton bean 'enableGlobalAuthenticationAutowiredConfigurer'
18:04:12.516 [main] DEBUG o.s.b.f.s.DefaultListableBeanFactory - Autowiring by type from bean name 'enableGlobalAuthenticationAutowiredConfigurer' via factory method to bean named 'org.springframework.web.context.support.GenericWebApplicationContext@229749f0'
18:04:12.521 [main] DEBUG o.s.b.f.s.DefaultListableBeanFactory - Creating shared instance of singleton bean 'initializeUserDetailsBeanManagerConfigurer'
18:04:12.521 [main] DEBUG o.s.b.f.s.DefaultListableBeanFactory - Autowiring by type from bean name 'initializeUserDetailsBeanManagerConfigurer' via factory method to bean named 'org.springframework.web.context.support.GenericWebApplicationContext@229749f0'
18:04:12.522 [main] DEBUG o.s.b.f.s.DefaultListableBeanFactory - Creating shared instance of singleton bean 'initializeAuthenticationProviderBeanManagerConfigurer'
18:04:12.523 [main] DEBUG o.s.b.f.s.DefaultListableBeanFactory - Autowiring by type from bean name 'initializeAuthenticationProviderBeanManagerConfigurer' via factory method to bean named 'org.springframework.web.context.support.GenericWebApplicationContext@229749f0'
18:04:12.532 [main] DEBUG o.s.b.f.s.DefaultListableBeanFactory - Creating shared instance of singleton bean 'mvcContentNegotiationManager'
18:04:12.534 [main] DEBUG o.s.b.f.s.DefaultListableBeanFactory - Creating shared instance of singleton bean 'org.springframework.web.servlet.config.annotation.DelegatingWebMvcConfiguration'
18:04:12.553 [main] DEBUG o.s.b.f.s.DefaultListableBeanFactory - Creating shared instance of singleton bean 'org.springframework.security.config.annotation.web.configuration.WebMvcSecurityConfiguration'
18:04:12.554 [main] DEBUG o.s.b.f.s.DefaultListableBeanFactory - Creating shared instance of singleton bean 'org.springframework.security.config.annotation.web.configuration.OAuth2ClientConfiguration$OAuth2ClientWebMvcSecurityConfiguration'
18:04:12.572 [main] DEBUG o.s.b.f.s.DefaultListableBeanFactory - Creating shared instance of singleton bean 'clientRegistrationRepository'
18:04:12.572 [main] DEBUG o.s.b.f.s.DefaultListableBeanFactory - Creating shared instance of singleton bean 'egiSecurityClientConfig'
18:04:12.573 [main] DEBUG o.s.c.LocalVariableTableParameterNameDiscoverer - Cannot find '.class' file for class [class fr.insalyon.creatis.vip.api.security.egi.EgiSecurityClientConfig$$EnhancerBySpringCGLIB$$4902092a] - unable to determine constructor/method parameter names
18:04:12.574 [main] DEBUG o.s.b.f.s.DefaultListableBeanFactory - Autowiring by type from bean name 'egiSecurityClientConfig' via constructor to bean named 'environment'
18:04:12.585 [main] DEBUG o.springframework.jndi.JndiTemplate - Looking up JNDI object with name [java:comp/env/oidc.egi.client_id]
18:04:12.585 [main] DEBUG jndi - InitialContextFactory.getInitialContext()
18:04:12.585 [main] DEBUG jndi - Created initial context delegate for local namespace:org.eclipse.jetty.jndi.local.localContextRoot@3f9d894b
18:04:12.585 [main] DEBUG o.e.j.j.java.javaURLContextFactory - >>> new root context requested 
18:04:12.585 [main] DEBUG jndi - Looking up name="comp/env/oidc.egi.client_id"
18:04:12.585 [main] DEBUG jndi - Trying thread context classloader
18:04:12.585 [main] DEBUG jndi - Looking up name="env/oidc.egi.client_id"
18:04:12.585 [main] DEBUG o.s.jndi.JndiLocatorDelegate - Converted JNDI name [java:comp/env/oidc.egi.client_id] not found - trying original name [oidc.egi.client_id]. javax.naming.NameNotFoundException; remaining name 'env/oidc.egi.client_id'
18:04:12.585 [main] DEBUG o.springframework.jndi.JndiTemplate - Looking up JNDI object with name [oidc.egi.client_id]
18:04:12.586 [main] DEBUG jndi - InitialContextFactory.getInitialContext()
18:04:12.586 [main] DEBUG jndi - Created initial context delegate for local namespace:org.eclipse.jetty.jndi.local.localContextRoot@49b2033f
18:04:12.586 [main] DEBUG jndi - Looking up name="oidc.egi.client_id"
18:04:12.586 [main] DEBUG o.s.jndi.JndiPropertySource - JNDI lookup for name [oidc.egi.client_id] threw NamingException with message: null. Returning null.
18:04:12.586 [main] DEBUG o.s.c.e.PropertySourcesPropertyResolver - Found key 'oidc.egi.client_id' in PropertySource 'file [/home/runner/work/VIP-portal/VIP-portal/vip-portal/target/test-classes/vip-api.conf]' with value of type String
18:04:12.586 [main] DEBUG o.springframework.jndi.JndiTemplate - Looking up JNDI object with name [java:comp/env/oidc.egi.client_secret]
18:04:12.586 [main] DEBUG jndi - InitialContextFactory.getInitialContext()
18:04:12.586 [main] DEBUG jndi - Created initial context delegate for local namespace:org.eclipse.jetty.jndi.local.localContextRoot@421af1b4
18:04:12.586 [main] DEBUG o.e.j.j.java.javaURLContextFactory - >>> new root context requested 
18:04:12.586 [main] DEBUG jndi - Looking up name="comp/env/oidc.egi.client_secret"
18:04:12.586 [main] DEBUG jndi - Trying thread context classloader
18:04:12.586 [main] DEBUG jndi - Looking up name="env/oidc.egi.client_secret"
18:04:12.587 [main] DEBUG o.s.jndi.JndiLocatorDelegate - Converted JNDI name [java:comp/env/oidc.egi.client_secret] not found - trying original name [oidc.egi.client_secret]. javax.naming.NameNotFoundException; remaining name 'env/oidc.egi.client_secret'
18:04:12.587 [main] DEBUG o.springframework.jndi.JndiTemplate - Looking up JNDI object with name [oidc.egi.client_secret]
18:04:12.587 [main] DEBUG jndi - InitialContextFactory.getInitialContext()
18:04:12.587 [main] DEBUG jndi - Created initial context delegate for local namespace:org.eclipse.jetty.jndi.local.localContextRoot@716b153
18:04:12.587 [main] DEBUG jndi - Looking up name="oidc.egi.client_secret"
18:04:12.587 [main] DEBUG o.s.jndi.JndiPropertySource - JNDI lookup for name [oidc.egi.client_secret] threw NamingException with message: null. Returning null.
18:04:12.587 [main] DEBUG o.s.c.e.PropertySourcesPropertyResolver - Found key 'oidc.egi.client_secret' in PropertySource 'file [/home/runner/work/VIP-portal/VIP-portal/vip-portal/target/test-classes/vip-api.conf]' with value of type String
18:04:12.589 [main] DEBUG o.springframework.jndi.JndiTemplate - Looking up JNDI object with name [java:comp/env/oidc.egi.redirect_uri]
18:04:12.589 [main] DEBUG jndi - InitialContextFactory.getInitialContext()
18:04:12.589 [main] DEBUG jndi - Created initial context delegate for local namespace:org.eclipse.jetty.jndi.local.localContextRoot@57476b76
18:04:12.589 [main] DEBUG o.e.j.j.java.javaURLContextFactory - >>> new root context requested 
18:04:12.589 [main] DEBUG jndi - Looking up name="comp/env/oidc.egi.redirect_uri"
18:04:12.589 [main] DEBUG jndi - Trying thread context classloader
18:04:12.589 [main] DEBUG jndi - Looking up name="env/oidc.egi.redirect_uri"
18:04:12.589 [main] DEBUG o.s.jndi.JndiLocatorDelegate - Converted JNDI name [java:comp/env/oidc.egi.redirect_uri] not found - trying original name [oidc.egi.redirect_uri]. javax.naming.NameNotFoundException; remaining name 'env/oidc.egi.redirect_uri'
18:04:12.589 [main] DEBUG o.springframework.jndi.JndiTemplate - Looking up JNDI object with name [oidc.egi.redirect_uri]
18:04:12.590 [main] DEBUG jndi - InitialContextFactory.getInitialContext()
18:04:12.590 [main] DEBUG jndi - Created initial context delegate for local namespace:org.eclipse.jetty.jndi.local.localContextRoot@7fa9cec4
18:04:12.590 [main] DEBUG jndi - Looking up name="oidc.egi.redirect_uri"
18:04:12.590 [main] DEBUG o.s.jndi.JndiPropertySource - JNDI lookup for name [oidc.egi.redirect_uri] threw NamingException with message: null. Returning null.
18:04:12.590 [main] DEBUG o.s.c.e.PropertySourcesPropertyResolver - Found key 'oidc.egi.redirect_uri' in PropertySource 'file [/home/runner/work/VIP-portal/VIP-portal/vip-portal/target/test-classes/vip-api.conf]' with value of type String
18:04:12.590 [main] DEBUG o.springframework.jndi.JndiTemplate - Looking up JNDI object with name [java:comp/env/oidc.egi.authorization_uri]
18:04:12.591 [main] DEBUG jndi - InitialContextFactory.getInitialContext()
18:04:12.591 [main] DEBUG jndi - Created initial context delegate for local namespace:org.eclipse.jetty.jndi.local.localContextRoot@35fd72c0
18:04:12.591 [main] DEBUG o.e.j.j.java.javaURLContextFactory - >>> new root context requested 
18:04:12.591 [main] DEBUG jndi - Looking up name="comp/env/oidc.egi.authorization_uri"
18:04:12.591 [main] DEBUG jndi - Trying thread context classloader
18:04:12.591 [main] DEBUG jndi - Looking up name="env/oidc.egi.authorization_uri"
18:04:12.592 [main] DEBUG o.s.jndi.JndiLocatorDelegate - Converted JNDI name [java:comp/env/oidc.egi.authorization_uri] not found - trying original name [oidc.egi.authorization_uri]. javax.naming.NameNotFoundException; remaining name 'env/oidc.egi.authorization_uri'
18:04:12.592 [main] DEBUG o.springframework.jndi.JndiTemplate - Looking up JNDI object with name [oidc.egi.authorization_uri]
18:04:12.592 [main] DEBUG jndi - InitialContextFactory.getInitialContext()
18:04:12.592 [main] DEBUG jndi - Created initial context delegate for local namespace:org.eclipse.jetty.jndi.local.localContextRoot@1449ad79
18:04:12.592 [main] DEBUG jndi - Looking up name="oidc.egi.authorization_uri"
18:04:12.592 [main] DEBUG o.s.jndi.JndiPropertySource - JNDI lookup for name [oidc.egi.authorization_uri] threw NamingException with message: null. Returning null.
18:04:12.592 [main] DEBUG o.s.c.e.PropertySourcesPropertyResolver - Found key 'oidc.egi.authorization_uri' in PropertySource 'file [/home/runner/work/VIP-portal/VIP-portal/vip-portal/target/test-classes/vip-api.conf]' with value of type String
18:04:12.592 [main] DEBUG o.springframework.jndi.JndiTemplate - Looking up JNDI object with name [java:comp/env/oidc.egi.token_uri]
18:04:12.592 [main] DEBUG jndi - InitialContextFactory.getInitialContext()
18:04:12.592 [main] DEBUG jndi - Created initial context delegate for local namespace:org.eclipse.jetty.jndi.local.localContextRoot@78b9785d
18:04:12.592 [main] DEBUG o.e.j.j.java.javaURLContextFactory - >>> new root context requested 
18:04:12.592 [main] DEBUG jndi - Looking up name="comp/env/oidc.egi.token_uri"
18:04:12.593 [main] DEBUG jndi - Trying thread context classloader
18:04:12.593 [main] DEBUG jndi - Looking up name="env/oidc.egi.token_uri"
18:04:12.593 [main] DEBUG o.s.jndi.JndiLocatorDelegate - Converted JNDI name [java:comp/env/oidc.egi.token_uri] not found - trying original name [oidc.egi.token_uri]. javax.naming.NameNotFoundException; remaining name 'env/oidc.egi.token_uri'
18:04:12.593 [main] DEBUG o.springframework.jndi.JndiTemplate - Looking up JNDI object with name [oidc.egi.token_uri]
18:04:12.594 [main] DEBUG jndi - InitialContextFactory.getInitialContext()
18:04:12.594 [main] DEBUG jndi - Created initial context delegate for local namespace:org.eclipse.jetty.jndi.local.localContextRoot@49d74660
18:04:12.594 [main] DEBUG jndi - Looking up name="oidc.egi.token_uri"
18:04:12.594 [main] DEBUG o.s.jndi.JndiPropertySource - JNDI lookup for name [oidc.egi.token_uri] threw NamingException with message: null. Returning null.
18:04:12.594 [main] DEBUG o.s.c.e.PropertySourcesPropertyResolver - Found key 'oidc.egi.token_uri' in PropertySource 'file [/home/runner/work/VIP-portal/VIP-portal/vip-portal/target/test-classes/vip-api.conf]' with value of type String
18:04:12.594 [main] DEBUG o.springframework.jndi.JndiTemplate - Looking up JNDI object with name [java:comp/env/oidc.egi.user_info_uri]
18:04:12.594 [main] DEBUG jndi - InitialContextFactory.getInitialContext()
18:04:12.594 [main] DEBUG jndi - Created initial context delegate for local namespace:org.eclipse.jetty.jndi.local.localContextRoot@176246e8
18:04:12.594 [main] DEBUG o.e.j.j.java.javaURLContextFactory - >>> new root context requested 
18:04:12.595 [main] DEBUG jndi - Looking up name="comp/env/oidc.egi.user_info_uri"
18:04:12.595 [main] DEBUG jndi - Trying thread context classloader
18:04:12.595 [main] DEBUG jndi - Looking up name="env/oidc.egi.user_info_uri"
18:04:12.595 [main] DEBUG o.s.jndi.JndiLocatorDelegate - Converted JNDI name [java:comp/env/oidc.egi.user_info_uri] not found - trying original name [oidc.egi.user_info_uri]. javax.naming.NameNotFoundException; remaining name 'env/oidc.egi.user_info_uri'
18:04:12.595 [main] DEBUG o.springframework.jndi.JndiTemplate - Looking up JNDI object with name [oidc.egi.user_info_uri]
18:04:12.595 [main] DEBUG jndi - InitialContextFactory.getInitialContext()
18:04:12.595 [main] DEBUG jndi - Created initial context delegate for local namespace:org.eclipse.jetty.jndi.local.localContextRoot@4e990318
18:04:12.595 [main] DEBUG jndi - Looking up name="oidc.egi.user_info_uri"
18:04:12.595 [main] DEBUG o.s.jndi.JndiPropertySource - JNDI lookup for name [oidc.egi.user_info_uri] threw NamingException with message: null. Returning null.
18:04:12.595 [main] DEBUG o.s.c.e.PropertySourcesPropertyResolver - Found key 'oidc.egi.user_info_uri' in PropertySource 'file [/home/runner/work/VIP-portal/VIP-portal/vip-portal/target/test-classes/vip-api.conf]' with value of type String
18:04:12.596 [main] DEBUG o.springframework.jndi.JndiTemplate - Looking up JNDI object with name [java:comp/env/oidc.egi.jwk_set_uri]
18:04:12.596 [main] DEBUG jndi - InitialContextFactory.getInitialContext()
18:04:12.596 [main] DEBUG jndi - Created initial context delegate for local namespace:org.eclipse.jetty.jndi.local.localContextRoot@7d51f106
18:04:12.596 [main] DEBUG o.e.j.j.java.javaURLContextFactory - >>> new root context requested 
18:04:12.596 [main] DEBUG jndi - Looking up name="comp/env/oidc.egi.jwk_set_uri"
18:04:12.596 [main] DEBUG jndi - Trying thread context classloader
18:04:12.596 [main] DEBUG jndi - Looking up name="env/oidc.egi.jwk_set_uri"
18:04:12.596 [main] DEBUG o.s.jndi.JndiLocatorDelegate - Converted JNDI name [java:comp/env/oidc.egi.jwk_set_uri] not found - trying original name [oidc.egi.jwk_set_uri]. javax.naming.NameNotFoundException; remaining name 'env/oidc.egi.jwk_set_uri'
18:04:12.596 [main] DEBUG o.springframework.jndi.JndiTemplate - Looking up JNDI object with name [oidc.egi.jwk_set_uri]
18:04:12.596 [main] DEBUG jndi - InitialContextFactory.getInitialContext()
18:04:12.597 [main] DEBUG jndi - Created initial context delegate for local namespace:org.eclipse.jetty.jndi.local.localContextRoot@ec65c8a
18:04:12.597 [main] DEBUG jndi - Looking up name="oidc.egi.jwk_set_uri"
18:04:12.597 [main] DEBUG o.s.jndi.JndiPropertySource - JNDI lookup for name [oidc.egi.jwk_set_uri] threw NamingException with message: null. Returning null.
18:04:12.597 [main] DEBUG o.s.c.e.PropertySourcesPropertyResolver - Found key 'oidc.egi.jwk_set_uri' in PropertySource 'file [/home/runner/work/VIP-portal/VIP-portal/vip-portal/target/test-classes/vip-api.conf]' with value of type String
18:04:12.631 [main] DEBUG o.springframework.jndi.JndiTemplate - Looking up JNDI object with name [java:comp/env/keycloak.configurationFile]
18:04:12.631 [main] DEBUG jndi - InitialContextFactory.getInitialContext()
18:04:12.632 [main] DEBUG jndi - Created initial context delegate for local namespace:org.eclipse.jetty.jndi.local.localContextRoot@4b6fa567
18:04:12.632 [main] DEBUG o.e.j.j.java.javaURLContextFactory - >>> new root context requested 
18:04:12.632 [main] DEBUG jndi - Looking up name="comp/env/keycloak.configurationFile"
18:04:12.632 [main] DEBUG jndi - Trying thread context classloader
18:04:12.632 [main] DEBUG jndi - Looking up name="env/keycloak.configurationFile"
18:04:12.632 [main] DEBUG o.s.jndi.JndiLocatorDelegate - Converted JNDI name [java:comp/env/keycloak.configurationFile] not found - trying original name [keycloak.configurationFile]. javax.naming.NameNotFoundException; remaining name 'env/keycloak.configurationFile'
18:04:12.632 [main] DEBUG o.springframework.jndi.JndiTemplate - Looking up JNDI object with name [keycloak.configurationFile]
18:04:12.632 [main] DEBUG jndi - InitialContextFactory.getInitialContext()
18:04:12.632 [main] DEBUG jndi - Created initial context delegate for local namespace:org.eclipse.jetty.jndi.local.localContextRoot@4897097c
18:04:12.632 [main] DEBUG jndi - Looking up name="keycloak.configurationFile"
18:04:12.632 [main] DEBUG o.s.jndi.JndiPropertySource - JNDI lookup for name [keycloak.configurationFile] threw NamingException with message: null. Returning null.
18:04:12.640 [main] DEBUG o.s.b.f.s.DefaultListableBeanFactory - Creating shared instance of singleton bean 'egiSecurityConfig'
18:04:12.651 [main] DEBUG o.s.b.f.s.DefaultListableBeanFactory - Creating shared instance of singleton bean 'visualizationBusiness'
18:04:12.654 [main] DEBUG o.s.b.f.s.DefaultListableBeanFactory - Autowiring by type from bean name 'visualizationBusiness' via constructor to bean named 'testGridaClient'
18:04:12.654 [main] DEBUG o.s.b.f.s.DefaultListableBeanFactory - Autowiring by type from bean name 'visualizationBusiness' via constructor to bean named 'lfcPathsBusiness'
18:04:12.654 [main] DEBUG o.s.b.f.s.DefaultListableBeanFactory - Autowiring by type from bean name 'visualizationBusiness' via constructor to bean named 'dataManagerBusiness'
18:04:12.662 [main] DEBUG o.s.b.f.s.DefaultListableBeanFactory - Creating shared instance of singleton bean 'requestMappingHandlerMapping'
18:04:12.665 [main] DEBUG o.s.b.f.s.DefaultListableBeanFactory - Creating shared instance of singleton bean 'mvcConversionService'
18:04:12.741 [main] DEBUG o.s.b.f.s.DefaultListableBeanFactory - Creating shared instance of singleton bean 'mvcResourceUrlProvider'
18:04:12.743 [main] DEBUG o.s.b.f.s.DefaultListableBeanFactory - Autowiring by type from bean name 'requestMappingHandlerMapping' via factory method to bean named 'mvcContentNegotiationManager'
18:04:12.746 [main] DEBUG o.s.b.f.s.DefaultListableBeanFactory - Autowiring by type from bean name 'requestMappingHandlerMapping' via factory method to bean named 'mvcConversionService'
18:04:12.746 [main] DEBUG o.s.b.f.s.DefaultListableBeanFactory - Autowiring by type from bean name 'requestMappingHandlerMapping' via factory method to bean named 'mvcResourceUrlProvider'
18:04:12.770 [main] DEBUG o.springframework.jndi.JndiTemplate - Looking up JNDI object with name [java:comp/env/cors.autorized-domains]
18:04:12.770 [main] DEBUG jndi - InitialContextFactory.getInitialContext()
18:04:12.770 [main] DEBUG jndi - Created initial context delegate for local namespace:org.eclipse.jetty.jndi.local.localContextRoot@54ae5869
18:04:12.770 [main] DEBUG o.e.j.j.java.javaURLContextFactory - >>> new root context requested 
18:04:12.770 [main] DEBUG jndi - Looking up name="comp/env/cors.autorized-domains"
18:04:12.770 [main] DEBUG jndi - Trying thread context classloader
18:04:12.770 [main] DEBUG jndi - Looking up name="env/cors.autorized-domains"
18:04:12.771 [main] DEBUG o.s.jndi.JndiLocatorDelegate - Converted JNDI name [java:comp/env/cors.autorized-domains] not found - trying original name [cors.autorized-domains]. javax.naming.NameNotFoundException; remaining name 'env/cors.autorized-domains'
18:04:12.771 [main] DEBUG o.springframework.jndi.JndiTemplate - Looking up JNDI object with name [cors.autorized-domains]
18:04:12.771 [main] DEBUG jndi - InitialContextFactory.getInitialContext()
18:04:12.771 [main] DEBUG jndi - Created initial context delegate for local namespace:org.eclipse.jetty.jndi.local.localContextRoot@46d7ae3c
18:04:12.771 [main] DEBUG jndi - Looking up name="cors.autorized-domains"
18:04:12.771 [main] DEBUG o.s.jndi.JndiPropertySource - JNDI lookup for name [cors.autorized-domains] threw NamingException with message: null. Returning null.
18:04:12.771 [main] DEBUG o.s.c.e.PropertySourcesPropertyResolver - Found key 'cors.autorized-domains' in PropertySource 'file [/home/runner/work/VIP-portal/VIP-portal/vip-portal/target/test-classes/vip-api.conf]' with value of type String
18:04:12.850 [main] DEBUG _.s.w.s.HandlerMapping.Mappings - 
	f.i.c.v.a.c.s.StatsController:
	{ [/statistics/users/{start}/{end}]}: getUsersRegisteredNumberBetweenDates(String,String)
	{ [/statistics/users]}: getAllUsersRegisteredNumber()
	{ [/statistics/users/{start}]}: getUsersRegisteredNumberFromDate(String)
	{ [/statistics/service/{service}]}: getAllUsersForStats(String)
	{ [/statistics/service/{service}/{start}]}: getUsersForStatsFromDate(String,String)
	{ [/statistics/service/{service}/{start}/{end}]}: getUsersForStatsBetweenDates(String,String,String)
	{ [/statistics/country/{country}]}: getAllUsersForStatsFromCountry(String)
	{ [/statistics/country/{country}/{service}]}: getAllUsersForStatsFromCountryAndService(String,String)
	{ [/statistics/country/{country}/{service}/{start}]}: getUsersForStatsFromCountryFromDate(String,String,String)
	{ [/statistics/country/{country}/{service}/{start}/{end}]}: getUsersForStatsFromCountryBetweenDates(String,String,String,String)
	{ [/statistics/institute/{institution}]}: getAllUsersForStatsFromInstitution(String)
	{ [/statistics/institute/{institution}/{service}]}: getAllUsersForStatsFromInstitutionAndService(String,String)
	{ [/statistics/institute/{institution}/{service}/{start}]}: getUsersForStatsFromInstitutionFromDate(String,String,String)
	{ [/statistics/institute/{institution}/{service}/{start}/{end}]}: getUsersForStatsFromInstitutionBetweenDates(String,String,String,String)
18:04:12.856 [main] DEBUG _.s.w.s.HandlerMapping.Mappings - 
	f.i.c.v.a.c.EgiController:
	{GET [/loginEgi]}: getOauth2LoginInfo(HttpServletRequest,HttpServletResponse,Principal)
18:04:12.856 [main] DEBUG _.s.w.s.HandlerMapping.Mappings - 
	f.i.c.v.a.c.RegisterUserController:
	{POST [/register]}: signup(SignUpUserDTO)
18:04:12.858 [main] DEBUG _.s.w.s.HandlerMapping.Mappings - 
	f.i.c.v.a.c.PlatformController:
	{ [/platform]}: getPlatformProperties()
18:04:12.863 [main] DEBUG _.s.w.s.HandlerMapping.Mappings - 
	f.i.c.v.a.c.RefreshTokenController:
	{GET [/simulate-refresh], produces [application/json;charset=utf-8]}: simulatingRefreshToken(HttpServletRequest)
18:04:12.872 [main] DEBUG _.s.w.s.HandlerMapping.Mappings - 
	f.i.c.v.a.c.d.DataController:
	{PUT [/path/**]}: uploadFile(InputStream)
	{ [/path/**], params [action=list]}: listDirectory()
	{ [/path/**], params [action=properties]}: getPathProperties()
	{ [/path/**], params [action=exists]}: doesPathExists()
	{ [/path/**], params [action=md5]}: getFileMD5()
	{ [/path/**], params [action=content]}: downloadRawFile()
	{DELETE [/path/**]}: deletePath()
	{PUT [/path/**], consumes [application/carmin+json]}: uploadCustomData(UploadData)
18:04:12.879 [main] DEBUG _.s.w.s.HandlerMapping.Mappings - 
	f.i.c.v.a.c.ApiKeyController:
	{PUT [/user/externalKeys]}: addOrUpdateApiKey(KeyInfo)
	{DELETE [/user/externalKeys/{storageIdentifier}]}: deleteApiKey(String)
	{GET [/user/externalKeys]}: listUserApiKeys()
18:04:12.881 [main] DEBUG _.s.w.s.HandlerMapping.Mappings - 
	f.i.c.v.a.c.ExternalPlatformController:
	{GET [/externalPlatforms]}: listExternalPlatforms()
18:04:12.883 [main] DEBUG _.s.w.s.HandlerMapping.Mappings - 
	f.i.c.v.a.c.AuthenticationController:
	{POST [/authenticate]}: authenticate(AuthenticationCredentials)
	{POST [/session]}: createSession(AuthenticationCredentials)
	{POST [/reset-password]}: sendResetPassword(ResetPasswordDTO)
18:04:12.883 [main] DEBUG _.s.w.s.HandlerMapping.Mappings - 
	f.i.c.v.a.c.p.PublicationController:
	{ [/publications]}: listPublication()
18:04:12.888 [main] DEBUG _.s.w.s.HandlerMapping.Mappings - 
	f.i.c.v.a.c.p.ExecutionController:
	{ [/executions/count], produces [text/plain;charset=UTF-8]}: countExecutions(String)
	{ [/executions/{executionId}]}: getExecution(String)
	{ [/executions/{executionId}/summary]}: getExecutionSummary(String)
	{PUT [/executions/{executionId}]}: updateExecution(String,Execution)
	{POST [/executions]}: initExecution(Execution)
	{ [/executions/{executionId}/results]}: getExecutionResults(String)
	{ [/executions/{executionId}/stdout], produces [text/plain;charset=UTF-8]}: getStdout(String)
	{ [/executions/{executionId}/stderr], produces [text/plain;charset=UTF-8]}: getStderr(String)
	{PUT [/executions/{executionId}/play]}: playExecution(String)
	{PUT [/executions/{executionId}/kill]}: killExecution(String)
	{PUT [/executions/{executionId}/delete]}: deleteExecution(String,DeleteExecutionConfiguration)
	{ [/executions]}: listExecutions(String,Integer,Integer)
18:04:12.893 [main] DEBUG _.s.w.s.HandlerMapping.Mappings - 
	f.i.c.v.a.c.p.PipelineController:
	{ [/pipelines/{pipelineIdFirstPart}/{pipelineIdSecondPart}]}: getPipeline(String,String)
	{ [/pipelines/{pipelineId}]}: getPipeline(String)
	{ [/pipelines], params [pipelineId]}: getPipelineWithRequestParam(String)
	{ [/pipelines], params [public]}: listPublicPipelines()
	{ [/pipelines]}: listPipelines(String)
18:04:12.904 [main] DEBUG o.s.w.s.m.m.a.RequestMappingHandlerMapping - 51 mappings in 'requestMappingHandlerMapping'
18:04:12.906 [main] DEBUG o.s.b.f.s.DefaultListableBeanFactory - Creating shared instance of singleton bean 'mvcPatternParser'
18:04:12.906 [main] DEBUG o.s.b.f.s.DefaultListableBeanFactory - Creating shared instance of singleton bean 'mvcUrlPathHelper'
18:04:12.907 [main] DEBUG o.s.b.f.s.DefaultListableBeanFactory - Creating shared instance of singleton bean 'mvcPathMatcher'
18:04:12.909 [main] DEBUG o.s.b.f.s.DefaultListableBeanFactory - Creating shared instance of singleton bean 'viewControllerHandlerMapping'
18:04:12.911 [main] DEBUG o.s.b.f.s.DefaultListableBeanFactory - Autowiring by type from bean name 'viewControllerHandlerMapping' via factory method to bean named 'mvcConversionService'
18:04:12.911 [main] DEBUG o.s.b.f.s.DefaultListableBeanFactory - Autowiring by type from bean name 'viewControllerHandlerMapping' via factory method to bean named 'mvcResourceUrlProvider'
18:04:12.915 [main] DEBUG o.s.b.f.s.DefaultListableBeanFactory - Creating shared instance of singleton bean 'beanNameHandlerMapping'
18:04:12.916 [main] DEBUG o.s.b.f.s.DefaultListableBeanFactory - Autowiring by type from bean name 'beanNameHandlerMapping' via factory method to bean named 'mvcConversionService'
18:04:12.916 [main] DEBUG o.s.b.f.s.DefaultListableBeanFactory - Autowiring by type from bean name 'beanNameHandlerMapping' via factory method to bean named 'mvcResourceUrlProvider'
18:04:12.921 [main] DEBUG _.s.w.s.HandlerMapping.Mappings - 'beanNameHandlerMapping' {}
18:04:12.923 [main] DEBUG o.s.b.f.s.DefaultListableBeanFactory - Creating shared instance of singleton bean 'routerFunctionMapping'
18:04:12.924 [main] DEBUG o.s.b.f.s.DefaultListableBeanFactory - Autowiring by type from bean name 'routerFunctionMapping' via factory method to bean named 'mvcConversionService'
18:04:12.924 [main] DEBUG o.s.b.f.s.DefaultListableBeanFactory - Autowiring by type from bean name 'routerFunctionMapping' via factory method to bean named 'mvcResourceUrlProvider'
18:04:12.986 [main] DEBUG o.s.b.f.s.DefaultListableBeanFactory - Creating shared instance of singleton bean 'resourceHandlerMapping'
18:04:12.989 [main] DEBUG o.s.b.f.s.DefaultListableBeanFactory - Autowiring by type from bean name 'resourceHandlerMapping' via factory method to bean named 'mvcContentNegotiationManager'
18:04:12.989 [main] DEBUG o.s.b.f.s.DefaultListableBeanFactory - Autowiring by type from bean name 'resourceHandlerMapping' via factory method to bean named 'mvcConversionService'
18:04:12.989 [main] DEBUG o.s.b.f.s.DefaultListableBeanFactory - Autowiring by type from bean name 'resourceHandlerMapping' via factory method to bean named 'mvcResourceUrlProvider'
18:04:12.990 [main] DEBUG o.s.b.f.s.DefaultListableBeanFactory - Creating shared instance of singleton bean 'defaultServletHandlerMapping'
18:04:12.992 [main] DEBUG o.s.b.f.s.DefaultListableBeanFactory - Creating shared instance of singleton bean 'requestMappingHandlerAdapter'
18:04:12.993 [main] DEBUG o.s.b.f.s.DefaultListableBeanFactory - Creating shared instance of singleton bean 'mvcValidator'
18:04:13.070 [main] DEBUG org.jboss.logging - Logging Provider: org.jboss.logging.Slf4jLoggerProvider
18:04:13.071 [main] INFO  o.h.validator.internal.util.Version - HV000001: Hibernate Validator 6.1.5.Final
18:04:13.120 [main] DEBUG o.h.v.m.ResourceBundleMessageInterpolator - Loaded expression factory via original TCCL
18:04:13.123 [main] DEBUG o.h.v.i.e.AbstractConfigurationImpl - Setting custom MessageInterpolator of type org.springframework.validation.beanvalidation.LocaleContextMessageInterpolator
18:04:13.123 [main] DEBUG o.h.v.i.e.AbstractConfigurationImpl - Setting custom ConstraintValidatorFactory of type org.springframework.validation.beanvalidation.SpringConstraintValidatorFactory
18:04:13.124 [main] DEBUG o.h.v.i.e.AbstractConfigurationImpl - Setting custom ParameterNameProvider of type org.springframework.validation.beanvalidation.LocalValidatorFactoryBean$1
18:04:13.130 [main] DEBUG o.h.v.i.x.config.ValidationXmlParser - Trying to load META-INF/validation.xml for XML based Validator configuration.
18:04:13.131 [main] DEBUG o.h.v.i.x.c.ResourceLoaderHelper - Trying to load META-INF/validation.xml via user class loader
18:04:13.132 [main] DEBUG o.h.v.i.x.c.ResourceLoaderHelper - Trying to load META-INF/validation.xml via TCCL
18:04:13.132 [main] DEBUG o.h.v.i.x.c.ResourceLoaderHelper - Trying to load META-INF/validation.xml via Hibernate Validator's class loader
18:04:13.133 [main] DEBUG o.h.v.i.x.config.ValidationXmlParser - No META-INF/validation.xml found. Using annotation based configuration only.
18:04:13.143 [main] DEBUG o.h.v.i.e.r.TraversableResolvers - Found javax.persistence.Persistence on classpath containing 'getPersistenceUtil'. Assuming JPA 2 environment. Trying to instantiate JPA aware TraversableResolver
18:04:13.144 [main] DEBUG o.h.v.i.e.r.TraversableResolvers - Instantiated JPA aware TraversableResolver of type org.hibernate.validator.internal.engine.resolver.JPATraversableResolver.
18:04:13.380 [main] DEBUG o.h.v.i.e.ValidatorFactoryConfigurationHelper - HV000252: Using org.hibernate.validator.internal.engine.DefaultPropertyNodeNameProvider as property node name provider.
18:04:13.389 [main] DEBUG o.h.v.i.e.ValidatorFactoryConfigurationHelper - HV000234: Using org.springframework.validation.beanvalidation.LocaleContextMessageInterpolator as ValidatorFactory-scoped message interpolator.
18:04:13.390 [main] DEBUG o.h.v.i.e.ValidatorFactoryConfigurationHelper - HV000234: Using org.hibernate.validator.internal.engine.resolver.JPATraversableResolver as ValidatorFactory-scoped traversable resolver.
18:04:13.390 [main] DEBUG o.h.v.i.e.ValidatorFactoryConfigurationHelper - HV000234: Using org.hibernate.validator.internal.util.ExecutableParameterNameProvider as ValidatorFactory-scoped parameter name provider.
18:04:13.390 [main] DEBUG o.h.v.i.e.ValidatorFactoryConfigurationHelper - HV000234: Using org.hibernate.validator.internal.engine.DefaultClockProvider as ValidatorFactory-scoped clock provider.
18:04:13.391 [main] DEBUG o.h.v.i.e.ValidatorFactoryConfigurationHelper - HV000234: Using org.hibernate.validator.internal.engine.scripting.DefaultScriptEvaluatorFactory as ValidatorFactory-scoped script evaluator factory.
18:04:13.443 [main] DEBUG o.s.b.f.s.DefaultListableBeanFactory - Autowiring by type from bean name 'requestMappingHandlerAdapter' via factory method to bean named 'mvcContentNegotiationManager'
18:04:13.443 [main] DEBUG o.s.b.f.s.DefaultListableBeanFactory - Autowiring by type from bean name 'requestMappingHandlerAdapter' via factory method to bean named 'mvcConversionService'
18:04:13.443 [main] DEBUG o.s.b.f.s.DefaultListableBeanFactory - Autowiring by type from bean name 'requestMappingHandlerAdapter' via factory method to bean named 'mvcValidator'
18:04:13.493 [main] DEBUG o.s.w.s.m.m.a.RequestMappingHandlerAdapter - ControllerAdvice beans: 0 @ModelAttribute, 0 @InitBinder, 1 RequestBodyAdvice, 1 ResponseBodyAdvice
18:04:13.574 [main] DEBUG o.s.b.f.s.DefaultListableBeanFactory - Creating shared instance of singleton bean 'handlerFunctionAdapter'
18:04:13.579 [main] DEBUG o.s.b.f.s.DefaultListableBeanFactory - Creating shared instance of singleton bean 'mvcUriComponentsContributor'
18:04:13.581 [main] DEBUG o.s.b.f.s.DefaultListableBeanFactory - Autowiring by type from bean name 'mvcUriComponentsContributor' via factory method to bean named 'mvcConversionService'
18:04:13.582 [main] DEBUG o.s.b.f.s.DefaultListableBeanFactory - Autowiring by type from bean name 'mvcUriComponentsContributor' via factory method to bean named 'requestMappingHandlerAdapter'
18:04:13.586 [main] DEBUG o.s.b.f.s.DefaultListableBeanFactory - Creating shared instance of singleton bean 'httpRequestHandlerAdapter'
18:04:13.591 [main] DEBUG o.s.b.f.s.DefaultListableBeanFactory - Creating shared instance of singleton bean 'simpleControllerHandlerAdapter'
18:04:13.594 [main] DEBUG o.s.b.f.s.DefaultListableBeanFactory - Creating shared instance of singleton bean 'handlerExceptionResolver'
18:04:13.594 [main] DEBUG o.s.b.f.s.DefaultListableBeanFactory - Autowiring by type from bean name 'handlerExceptionResolver' via factory method to bean named 'mvcContentNegotiationManager'
18:04:13.607 [main] DEBUG o.s.w.s.m.m.a.ExceptionHandlerExceptionResolver - ControllerAdvice beans: 1 @ExceptionHandler, 1 ResponseBodyAdvice
18:04:13.631 [main] DEBUG o.s.b.f.s.DefaultListableBeanFactory - Creating shared instance of singleton bean 'mvcViewResolver'
18:04:13.632 [main] DEBUG o.s.b.f.s.DefaultListableBeanFactory - Autowiring by type from bean name 'mvcViewResolver' via factory method to bean named 'mvcContentNegotiationManager'
18:04:13.643 [main] DEBUG o.s.b.f.s.DefaultListableBeanFactory - Creating shared instance of singleton bean 'localeResolver'
18:04:13.646 [main] DEBUG o.s.b.f.s.DefaultListableBeanFactory - Creating shared instance of singleton bean 'themeResolver'
18:04:13.647 [main] DEBUG o.s.b.f.s.DefaultListableBeanFactory - Creating shared instance of singleton bean 'flashMapManager'
18:04:13.651 [main] DEBUG o.s.b.f.s.DefaultListableBeanFactory - Creating shared instance of singleton bean 'viewNameTranslator'
18:04:13.654 [main] DEBUG o.s.b.f.s.DefaultListableBeanFactory - Creating shared instance of singleton bean 'keycloakRestTemplate'
18:04:13.942 [main] DEBUG o.s.b.f.s.DefaultListableBeanFactory - Autowiring by type from bean name 'keycloakRestTemplate' via factory method to bean named 'keycloakClientRequestFactory'
18:04:13.963 [main] DEBUG o.s.b.f.s.DefaultListableBeanFactory - Creating shared instance of singleton bean 'authenticationManagerBuilder'
18:04:13.964 [main] DEBUG o.s.b.f.s.DefaultListableBeanFactory - Autowiring by type from bean name 'authenticationManagerBuilder' via factory method to bean named 'objectPostProcessor'
18:04:13.964 [main] DEBUG o.s.b.f.s.DefaultListableBeanFactory - Autowiring by type from bean name 'authenticationManagerBuilder' via factory method to bean named 'org.springframework.web.context.support.GenericWebApplicationContext@229749f0'
18:04:13.969 [main] DEBUG o.s.b.f.s.DefaultListableBeanFactory - Creating shared instance of singleton bean 'org.springframework.security.config.annotation.web.configuration.WebSecurityConfiguration'
18:04:14.032 [main] DEBUG o.s.b.f.s.DefaultListableBeanFactory - Creating shared instance of singleton bean 'autowiredWebSecurityConfigurersIgnoreParents'
18:04:14.032 [main] DEBUG o.s.b.f.s.DefaultListableBeanFactory - Autowiring by type from bean name 'autowiredWebSecurityConfigurersIgnoreParents' via factory method to bean named 'org.springframework.beans.factory.support.DefaultListableBeanFactory@22b4ad0c'
18:04:14.058 [main] DEBUG o.s.b.f.s.DefaultListableBeanFactory - Creating shared instance of singleton bean 'httpFirewall'
18:04:14.081 [main] DEBUG o.s.b.f.s.DefaultListableBeanFactory - Creating shared instance of singleton bean 'delegatingApplicationListener'
18:04:14.082 [main] DEBUG o.s.b.f.s.DefaultListableBeanFactory - Creating shared instance of singleton bean 'springSecurityFilterChain'
18:04:14.090 [main] DEBUG o.springframework.jndi.JndiTemplate - Looking up JNDI object with name [java:comp/env/keycloak.active]
18:04:14.090 [main] DEBUG jndi - InitialContextFactory.getInitialContext()
18:04:14.090 [main] DEBUG jndi - Created initial context delegate for local namespace:org.eclipse.jetty.jndi.local.localContextRoot@787cce53
18:04:14.090 [main] DEBUG o.e.j.j.java.javaURLContextFactory - >>> new root context requested 
18:04:14.091 [main] DEBUG jndi - Looking up name="comp/env/keycloak.active"
18:04:14.091 [main] DEBUG jndi - Trying thread context classloader
18:04:14.091 [main] DEBUG jndi - Looking up name="env/keycloak.active"
18:04:14.091 [main] DEBUG o.s.jndi.JndiLocatorDelegate - Converted JNDI name [java:comp/env/keycloak.active] not found - trying original name [keycloak.active]. javax.naming.NameNotFoundException; remaining name 'env/keycloak.active'
18:04:14.091 [main] DEBUG o.springframework.jndi.JndiTemplate - Looking up JNDI object with name [keycloak.active]
18:04:14.091 [main] DEBUG jndi - InitialContextFactory.getInitialContext()
18:04:14.091 [main] DEBUG jndi - Created initial context delegate for local namespace:org.eclipse.jetty.jndi.local.localContextRoot@3275a76e
18:04:14.091 [main] DEBUG jndi - Looking up name="keycloak.active"
18:04:14.091 [main] DEBUG o.s.jndi.JndiPropertySource - JNDI lookup for name [keycloak.active] threw NamingException with message: null. Returning null.
18:04:14.091 [main] DEBUG o.s.c.e.PropertySourcesPropertyResolver - Found key 'keycloak.active' in PropertySource 'file [/home/runner/work/VIP-portal/VIP-portal/vip-portal/target/test-classes/vip-api.conf]' with value of type String
18:04:14.174 [main] DEBUG o.springframework.jndi.JndiTemplate - Looking up JNDI object with name [java:comp/env/keycloak.active]
18:04:14.175 [main] DEBUG jndi - InitialContextFactory.getInitialContext()
18:04:14.175 [main] DEBUG jndi - Created initial context delegate for local namespace:org.eclipse.jetty.jndi.local.localContextRoot@323aedc1
18:04:14.175 [main] DEBUG o.e.j.j.java.javaURLContextFactory - >>> new root context requested 
18:04:14.175 [main] DEBUG jndi - Looking up name="comp/env/keycloak.active"
18:04:14.175 [main] DEBUG jndi - Trying thread context classloader
18:04:14.175 [main] DEBUG jndi - Looking up name="env/keycloak.active"
18:04:14.175 [main] DEBUG o.s.jndi.JndiLocatorDelegate - Converted JNDI name [java:comp/env/keycloak.active] not found - trying original name [keycloak.active]. javax.naming.NameNotFoundException; remaining name 'env/keycloak.active'
18:04:14.175 [main] DEBUG o.springframework.jndi.JndiTemplate - Looking up JNDI object with name [keycloak.active]
18:04:14.176 [main] DEBUG jndi - InitialContextFactory.getInitialContext()
18:04:14.176 [main] DEBUG jndi - Created initial context delegate for local namespace:org.eclipse.jetty.jndi.local.localContextRoot@6bb952af
18:04:14.176 [main] DEBUG jndi - Looking up name="keycloak.active"
18:04:14.176 [main] DEBUG o.s.jndi.JndiPropertySource - JNDI lookup for name [keycloak.active] threw NamingException with message: null. Returning null.
18:04:14.176 [main] DEBUG o.s.c.e.PropertySourcesPropertyResolver - Found key 'keycloak.active' in PropertySource 'file [/home/runner/work/VIP-portal/VIP-portal/vip-portal/target/test-classes/vip-api.conf]' with value of type String
18:04:14.182 [main] DEBUG o.s.b.f.s.DefaultListableBeanFactory - Creating shared instance of singleton bean 'apikeyAuthenticationFilter'
18:04:14.193 [main] DEBUG o.springframework.jndi.JndiTemplate - Looking up JNDI object with name [java:comp/env/carmin.authentication.apikey.header.name]
18:04:14.193 [main] DEBUG jndi - InitialContextFactory.getInitialContext()
18:04:14.193 [main] DEBUG jndi - Created initial context delegate for local namespace:org.eclipse.jetty.jndi.local.localContextRoot@78fc70d3
18:04:14.193 [main] DEBUG o.e.j.j.java.javaURLContextFactory - >>> new root context requested 
18:04:14.193 [main] DEBUG jndi - Looking up name="comp/env/carmin.authentication.apikey.header.name"
18:04:14.193 [main] DEBUG jndi - Trying thread context classloader
18:04:14.193 [main] DEBUG jndi - Looking up name="env/carmin.authentication.apikey.header.name"
18:04:14.193 [main] DEBUG o.s.jndi.JndiLocatorDelegate - Converted JNDI name [java:comp/env/carmin.authentication.apikey.header.name] not found - trying original name [carmin.authentication.apikey.header.name]. javax.naming.NameNotFoundException; remaining name 'env/carmin.authentication.apikey.header.name'
18:04:14.193 [main] DEBUG o.springframework.jndi.JndiTemplate - Looking up JNDI object with name [carmin.authentication.apikey.header.name]
18:04:14.193 [main] DEBUG jndi - InitialContextFactory.getInitialContext()
18:04:14.193 [main] DEBUG jndi - Created initial context delegate for local namespace:org.eclipse.jetty.jndi.local.localContextRoot@6c2b9d89
18:04:14.193 [main] DEBUG jndi - Looking up name="carmin.authentication.apikey.header.name"
18:04:14.194 [main] DEBUG o.s.jndi.JndiPropertySource - JNDI lookup for name [carmin.authentication.apikey.header.name] threw NamingException with message: null. Returning null.
18:04:14.194 [main] DEBUG o.s.c.e.PropertySourcesPropertyResolver - Found key 'carmin.authentication.apikey.header.name' in PropertySource 'file [/home/runner/work/VIP-portal/VIP-portal/vip-portal/target/test-classes/vip-api.conf]' with value of type String
18:04:14.204 [main] DEBUG o.s.s.c.a.a.c.AuthenticationConfiguration$DefaultPasswordEncoderAuthenticationManagerBuilder - No authenticationProviders and no parentAuthenticationManager defined. Returning null.
18:04:14.216 [main] DEBUG o.s.b.f.s.DefaultListableBeanFactory - Creating shared instance of singleton bean 'authorizationRequestRepository'
18:04:14.217 [main] DEBUG o.s.b.f.s.DefaultListableBeanFactory - Creating shared instance of singleton bean 'accessTokenResponseClient'
18:04:14.285 [main] DEBUG o.s.s.w.a.e.ExpressionBasedFilterInvocationSecurityMetadataSource - Adding web access control expression [permitAll] for Ant [pattern='/rest/platform']
18:04:14.286 [main] DEBUG o.s.s.w.a.e.ExpressionBasedFilterInvocationSecurityMetadataSource - Adding web access control expression [permitAll] for Ant [pattern='/rest/authenticate']
18:04:14.287 [main] DEBUG o.s.s.w.a.e.ExpressionBasedFilterInvocationSecurityMetadataSource - Adding web access control expression [permitAll] for Ant [pattern='/rest/session']
18:04:14.287 [main] DEBUG o.s.s.w.a.e.ExpressionBasedFilterInvocationSecurityMetadataSource - Adding web access control expression [permitAll] for Regex [pattern='/rest/pipelines\?public']
18:04:14.287 [main] DEBUG o.s.s.w.a.e.ExpressionBasedFilterInvocationSecurityMetadataSource - Adding web access control expression [permitAll] for Ant [pattern='/rest/publications']
18:04:14.287 [main] DEBUG o.s.s.w.a.e.ExpressionBasedFilterInvocationSecurityMetadataSource - Adding web access control expression [permitAll] for Ant [pattern='/rest/reset-password']
18:04:14.287 [main] DEBUG o.s.s.w.a.e.ExpressionBasedFilterInvocationSecurityMetadataSource - Adding web access control expression [permitAll] for Ant [pattern='/rest/register']
18:04:14.287 [main] DEBUG o.s.s.w.a.e.ExpressionBasedFilterInvocationSecurityMetadataSource - Adding web access control expression [hasAnyRole('ROLE_SERVICE')] for Ant [pattern='/rest/executions/{executionId}/summary']
18:04:14.289 [main] DEBUG o.s.s.w.a.e.ExpressionBasedFilterInvocationSecurityMetadataSource - Adding web access control expression [authenticated] for Ant [pattern='/rest/simulate-refresh']
18:04:14.289 [main] DEBUG o.s.s.w.a.e.ExpressionBasedFilterInvocationSecurityMetadataSource - Adding web access control expression [hasAnyRole('ROLE_ADVANCED','ROLE_ADMINISTRATOR')] for Ant [pattern='/rest/statistics/**']
18:04:14.289 [main] DEBUG o.s.s.w.a.e.ExpressionBasedFilterInvocationSecurityMetadataSource - Adding web access control expression [authenticated] for Ant [pattern='/rest/**']
18:04:14.289 [main] DEBUG o.s.s.w.a.e.ExpressionBasedFilterInvocationSecurityMetadataSource - Adding web access control expression [permitAll] for any request
18:04:14.299 [main] DEBUG o.s.b.f.s.DefaultListableBeanFactory - Creating shared instance of singleton bean 'mvcHandlerMappingIntrospector'
18:04:14.306 [main] INFO  o.s.s.web.DefaultSecurityFilterChain - Will secure Ant [pattern='/rest/**'] with [org.springframework.security.web.context.request.async.WebAsyncManagerIntegrationFilter@56864111, org.springframework.security.web.context.SecurityContextPersistenceFilter@3884f72d, org.springframework.security.web.header.HeaderWriterFilter@701700ce, org.springframework.web.filter.CorsFilter@48a89141, org.springframework.security.web.authentication.logout.LogoutFilter@3e7b45dd, fr.insalyon.creatis.vip.api.security.apikey.ApikeyAuthenticationFilter@24130c18, org.springframework.security.web.savedrequest.RequestCacheAwareFilter@3df6e69b, org.springframework.security.web.servletapi.SecurityContextHolderAwareRequestFilter@7b2bd431, org.springframework.security.web.authentication.AnonymousAuthenticationFilter@f7f1480, org.springframework.security.web.session.SessionManagementFilter@5cdd3b0f, org.springframework.security.web.access.ExceptionTranslationFilter@410d0a39, org.springframework.security.web.access.intercept.FilterSecurityInterceptor@45bb3f46]
18:04:14.329 [main] DEBUG o.s.b.f.s.DefaultListableBeanFactory - Creating shared instance of singleton bean 'grantedAuthoritiesMapper'
18:04:14.360 [main] DEBUG o.s.s.w.a.e.ExpressionBasedFilterInvocationSecurityMetadataSource - Adding web access control expression [permitAll] for any request
18:04:14.370 [main] INFO  o.s.s.web.DefaultSecurityFilterChain - Will secure any request with [org.springframework.security.web.context.request.async.WebAsyncManagerIntegrationFilter@36562a42, org.springframework.security.web.context.SecurityContextPersistenceFilter@44a1f46b, org.springframework.security.web.header.HeaderWriterFilter@4eea7648, org.springframework.web.filter.CorsFilter@51c604cb, org.springframework.security.web.authentication.logout.LogoutFilter@3c427328, org.springframework.security.oauth2.client.web.OAuth2AuthorizationRequestRedirectFilter@ae4be74, org.springframework.security.oauth2.client.web.OAuth2LoginAuthenticationFilter@310a72a9, org.springframework.security.web.authentication.ui.DefaultLoginPageGeneratingFilter@4e40ed66, org.springframework.security.web.authentication.ui.DefaultLogoutPageGeneratingFilter@7e7e0799, org.springframework.security.web.savedrequest.RequestCacheAwareFilter@41ef13ab, org.springframework.security.web.servletapi.SecurityContextHolderAwareRequestFilter@5c2a75e8, org.springframework.security.web.authentication.AnonymousAuthenticationFilter@1c03bdc5, org.springframework.security.web.session.SessionManagementFilter@d23fb70, org.springframework.security.web.access.ExceptionTranslationFilter@646c24f0, org.springframework.security.web.access.intercept.FilterSecurityInterceptor@1acb9d3d]
18:04:14.376 [main] DEBUG o.s.b.f.s.DefaultListableBeanFactory - Creating shared instance of singleton bean 'webSecurityExpressionHandler'
18:04:14.376 [main] DEBUG o.s.b.f.s.DefaultListableBeanFactory - Creating shared instance of singleton bean 'privilegeEvaluator'
18:04:14.377 [main] DEBUG o.s.b.f.s.DefaultListableBeanFactory - Creating shared instance of singleton bean 'requestDataValueProcessor'
18:04:14.378 [main] DEBUG o.s.b.f.s.DefaultListableBeanFactory - Creating shared instance of singleton bean 'org.springframework.security.config.annotation.web.configuration.OAuth2ClientConfiguration'
18:04:14.379 [main] DEBUG o.s.b.f.s.DefaultListableBeanFactory - Creating shared instance of singleton bean 'org.springframework.security.config.annotation.web.configuration.HttpSecurityConfiguration'
18:04:14.381 [main] DEBUG o.s.b.f.s.DefaultListableBeanFactory - Creating shared instance of singleton bean 'adapterDeploymentContext'
18:04:14.391 [main] DEBUG o.s.b.f.s.DefaultListableBeanFactory - Creating shared instance of singleton bean 'keycloakAuthenticationProcessingFilter'
18:04:14.399 [main] DEBUG o.s.b.f.s.DefaultListableBeanFactory - Creating shared instance of singleton bean 'keycloakPreAuthActionsFilter'
18:04:14.399 [main] DEBUG o.s.b.f.s.DefaultListableBeanFactory - Creating shared instance of singleton bean 'httpSessionManager'
18:04:14.404 [main] DEBUG o.s.b.f.s.DefaultListableBeanFactory - Creating shared instance of singleton bean 'keycloakSecurityContextRequestFilter'
18:04:14.405 [main] DEBUG o.s.b.f.s.DefaultListableBeanFactory - Creating shared instance of singleton bean 'keycloakAuthenticatedActionsRequestFilter'
18:04:14.406 [main] DEBUG o.s.b.f.s.DefaultListableBeanFactory - Creating shared instance of singleton bean 'workflowsDBDAOFactory'
18:04:14.468 [main] DEBUG o.s.b.f.s.DefaultListableBeanFactory - Creating shared instance of singleton bean 'transactionManager'
18:04:14.471 [main] DEBUG o.s.b.f.s.DefaultListableBeanFactory - Autowiring by type from bean name 'transactionManager' via factory method to bean named 'lazyDataSource'
18:04:14.485 [main] DEBUG o.s.b.f.s.DefaultListableBeanFactory - Creating shared instance of singleton bean 'gridaClient'
18:04:14.485 [main] DEBUG o.s.b.f.s.DefaultListableBeanFactory - Autowiring by type from bean name 'gridaClient' via factory method to bean named 'testServer'
18:04:14.487 [main] DEBUG o.s.b.f.s.DefaultListableBeanFactory - Creating shared instance of singleton bean 'gridaPoolClient'
18:04:14.487 [main] DEBUG o.s.b.f.s.DefaultListableBeanFactory - Autowiring by type from bean name 'gridaPoolClient' via factory method to bean named 'testServer'
18:04:14.496 [main] DEBUG o.s.c.e.EventListenerMethodProcessor - 1 @EventListener methods processed on bean 'coreDataInitializer': {public void fr.insalyon.creatis.vip.core.server.dao.mysql.CoreDataInitializer.onStartup()=@org.springframework.context.event.EventListener(classes=[org.springframework.context.event.ContextRefreshedEvent], condition=, id=, value=[org.springframework.context.event.ContextRefreshedEvent])}
18:04:14.497 [main] DEBUG o.s.c.e.EventListenerMethodProcessor - 1 @EventListener methods processed on bean 'dataManagerDataInitializer': {public void fr.insalyon.creatis.vip.datamanager.server.dao.mysql.DataManagerDataInitializer.onStartup()=@org.springframework.context.event.EventListener(classes=[org.springframework.context.event.ContextRefreshedEvent], condition=, id=, value=[org.springframework.context.event.ContextRefreshedEvent])}
18:04:14.499 [main] DEBUG o.s.c.e.EventListenerMethodProcessor - 1 @EventListener methods processed on bean 'applicationDataInitializer': {public void fr.insalyon.creatis.vip.application.server.dao.mysql.ApplicationDataInitializer.onStartup()=@org.springframework.context.event.EventListener(classes=[org.springframework.context.event.ContextRefreshedEvent], condition=, id=, value=[org.springframework.context.event.ContextRefreshedEvent])}
18:04:14.506 [main] DEBUG o.s.c.e.EventListenerMethodProcessor - 1 @EventListener methods processed on bean 'publicationDataInitializer': {public void fr.insalyon.creatis.vip.publication.server.dao.PublicationDataInitializer.onStartup()=@org.springframework.context.event.EventListener(classes=[org.springframework.context.event.ContextRefreshedEvent], condition=, id=, value=[org.springframework.context.event.ContextRefreshedEvent])}
18:04:14.506 [main] DEBUG o.s.c.e.EventListenerMethodProcessor - 1 @EventListener methods processed on bean 'messagingDataInitializer': {public void fr.insalyon.creatis.vip.social.server.dao.mysql.MessagingDataInitializer.onStartup()=@org.springframework.context.event.EventListener(classes=[org.springframework.context.event.ContextRefreshedEvent], condition=, id=, value=[org.springframework.context.event.ContextRefreshedEvent])}
18:04:14.527 [main] DEBUG o.s.j.d.DataSourceTransactionManager - Creating new transaction with name [fr.insalyon.creatis.vip.core.server.dao.mysql.CoreDataInitializer.onStartup]: PROPAGATION_REQUIRED,ISOLATION_DEFAULT
18:04:14.537 [main] DEBUG o.s.j.d.DataSourceTransactionManager - Acquired Connection [Lazy Connection proxy for target DataSource [org.springframework.jdbc.datasource.embedded.EmbeddedDatabaseFactory$EmbeddedDataSourceProxy@3140f760]] for JDBC transaction
18:04:14.540 [main] DEBUG o.s.j.d.DataSourceTransactionManager - Switching JDBC Connection [Lazy Connection proxy for target DataSource [org.springframework.jdbc.datasource.embedded.EmbeddedDatabaseFactory$EmbeddedDataSourceProxy@3140f760]] to manual commit
18:04:14.548 [main] INFO  f.i.c.v.c.s.d.m.CoreDataInitializer - Configuring VIP core database.
18:04:14.549 [main] DEBUG o.s.j.d.DataSourceTransactionManager - Participating in existing transaction
18:04:14.554 [main] DEBUG o.s.j.d.SimpleDriverDataSource - Creating new JDBC Driver Connection to [jdbc:h2:mem:d0221453-b44d-4513-b0ef-f697b32a6748;DB_CLOSE_DELAY=-1;DB_CLOSE_ON_EXIT=false]
18:04:14.568 [main] INFO  f.i.c.v.c.s.d.mysql.TableInitializer - Table VIPUsers successfully created.
18:04:14.575 [main] DEBUG o.s.j.d.DataSourceTransactionManager - Participating in existing transaction
18:04:14.579 [main] DEBUG o.s.j.d.DataSourceTransactionManager - Participating in existing transaction
18:04:14.580 [main] INFO  f.i.c.v.c.s.d.mysql.TableInitializer - Table VIPGroups successfully created.
18:04:14.580 [main] DEBUG o.s.j.d.DataSourceTransactionManager - Participating in existing transaction
18:04:14.581 [main] DEBUG o.s.j.d.DataSourceTransactionManager - Participating in existing transaction
18:04:14.610 [main] INFO  f.i.c.v.c.s.d.mysql.TableInitializer - Table VIPUsersGroups successfully created.
18:04:14.611 [main] DEBUG o.s.j.d.DataSourceTransactionManager - Participating in existing transaction
18:04:14.611 [main] DEBUG o.s.j.d.DataSourceTransactionManager - Participating in existing transaction
18:04:14.621 [main] INFO  f.i.c.v.c.s.d.mysql.TableInitializer - Table VIPTermsOfuse successfully created.
18:04:14.621 [main] DEBUG o.s.j.d.DataSourceTransactionManager - Participating in existing transaction
18:04:14.622 [main] DEBUG o.s.j.d.DataSourceTransactionManager - Initiating transaction commit
18:04:14.622 [main] DEBUG o.s.j.d.DataSourceTransactionManager - Committing JDBC transaction on Connection [conn3: url=jdbc:h2:mem:d0221453-b44d-4513-b0ef-f697b32a6748 user=SA]
18:04:14.622 [main] DEBUG o.s.j.d.DataSourceTransactionManager - Releasing JDBC Connection [conn3: url=jdbc:h2:mem:d0221453-b44d-4513-b0ef-f697b32a6748 user=SA] after transaction
18:04:14.622 [main] DEBUG o.s.j.d.DataSourceTransactionManager - Creating new transaction with name [fr.insalyon.creatis.vip.datamanager.server.dao.mysql.DataManagerDataInitializer.onStartup]: PROPAGATION_REQUIRED,ISOLATION_DEFAULT
18:04:14.623 [main] DEBUG o.s.j.d.DataSourceTransactionManager - Acquired Connection [Lazy Connection proxy for target DataSource [org.springframework.jdbc.datasource.embedded.EmbeddedDatabaseFactory$EmbeddedDataSourceProxy@3140f760]] for JDBC transaction
18:04:14.623 [main] DEBUG o.s.j.d.DataSourceTransactionManager - Switching JDBC Connection [Lazy Connection proxy for target DataSource [org.springframework.jdbc.datasource.embedded.EmbeddedDatabaseFactory$EmbeddedDataSourceProxy@3140f760]] to manual commit
18:04:14.630 [main] INFO  f.i.c.v.d.s.d.m.DataManagerDataInitializer - Configuring VIP SSH database.
18:04:14.630 [main] DEBUG o.s.j.d.DataSourceTransactionManager - Participating in existing transaction
18:04:14.631 [main] DEBUG o.s.j.d.SimpleDriverDataSource - Creating new JDBC Driver Connection to [jdbc:h2:mem:d0221453-b44d-4513-b0ef-f697b32a6748;DB_CLOSE_DELAY=-1;DB_CLOSE_ON_EXIT=false]
18:04:14.633 [main] INFO  f.i.c.v.c.s.d.mysql.TableInitializer - Table VIPSSHAccounts successfully created.
18:04:14.633 [main] INFO  f.i.c.v.d.s.d.m.DataManagerDataInitializer - Configuring VIP External Platforms database.
18:04:14.633 [main] DEBUG o.s.j.d.DataSourceTransactionManager - Participating in existing transaction
18:04:14.634 [main] INFO  f.i.c.v.c.s.d.mysql.TableInitializer - Table VIPExternalPlatforms successfully created.
18:04:14.634 [main] INFO  f.i.c.v.d.s.d.m.DataManagerDataInitializer - Configuring VIP api keys database.
18:04:14.634 [main] DEBUG o.s.j.d.DataSourceTransactionManager - Participating in existing transaction
18:04:14.636 [main] INFO  f.i.c.v.c.s.d.mysql.TableInitializer - Table VIPApiKeys successfully created.
18:04:14.636 [main] DEBUG o.s.j.d.DataSourceTransactionManager - Initiating transaction commit
18:04:14.636 [main] DEBUG o.s.j.d.DataSourceTransactionManager - Committing JDBC transaction on Connection [conn4: url=jdbc:h2:mem:d0221453-b44d-4513-b0ef-f697b32a6748 user=SA]
18:04:14.636 [main] DEBUG o.s.j.d.DataSourceTransactionManager - Releasing JDBC Connection [conn4: url=jdbc:h2:mem:d0221453-b44d-4513-b0ef-f697b32a6748 user=SA] after transaction
18:04:14.637 [main] DEBUG o.s.j.d.DataSourceTransactionManager - Creating new transaction with name [fr.insalyon.creatis.vip.application.server.dao.mysql.ApplicationDataInitializer.onStartup]: PROPAGATION_REQUIRED,ISOLATION_DEFAULT
18:04:14.637 [main] DEBUG o.s.j.d.DataSourceTransactionManager - Acquired Connection [Lazy Connection proxy for target DataSource [org.springframework.jdbc.datasource.embedded.EmbeddedDatabaseFactory$EmbeddedDataSourceProxy@3140f760]] for JDBC transaction
18:04:14.637 [main] DEBUG o.s.j.d.DataSourceTransactionManager - Switching JDBC Connection [Lazy Connection proxy for target DataSource [org.springframework.jdbc.datasource.embedded.EmbeddedDatabaseFactory$EmbeddedDataSourceProxy@3140f760]] to manual commit
18:04:14.643 [main] INFO  f.i.c.v.a.s.d.m.ApplicationDataInitializer - Configuring VIP Application database.
18:04:14.643 [main] DEBUG o.s.j.d.DataSourceTransactionManager - Participating in existing transaction
18:04:14.643 [main] DEBUG o.s.j.d.SimpleDriverDataSource - Creating new JDBC Driver Connection to [jdbc:h2:mem:d0221453-b44d-4513-b0ef-f697b32a6748;DB_CLOSE_DELAY=-1;DB_CLOSE_ON_EXIT=false]
18:04:14.644 [main] INFO  f.i.c.v.c.s.d.mysql.TableInitializer - Table VIPEngines successfully created.
18:04:14.644 [main] DEBUG o.s.j.d.DataSourceTransactionManager - Participating in existing transaction
18:04:14.644 [main] INFO  f.i.c.v.c.s.d.mysql.TableInitializer - Table VIPClasses successfully created.
18:04:14.644 [main] DEBUG o.s.j.d.DataSourceTransactionManager - Participating in existing transaction
18:04:14.646 [main] INFO  f.i.c.v.c.s.d.mysql.TableInitializer - Table VIPClassesEngines successfully created.
18:04:14.646 [main] DEBUG o.s.j.d.DataSourceTransactionManager - Participating in existing transaction
18:04:14.649 [main] INFO  f.i.c.v.c.s.d.mysql.TableInitializer - Table VIPGroupsClasses successfully created.
18:04:14.649 [main] DEBUG o.s.j.d.DataSourceTransactionManager - Participating in existing transaction
18:04:14.650 [main] INFO  f.i.c.v.c.s.d.mysql.TableInitializer - Table VIPApplications successfully created.
18:04:14.650 [main] DEBUG o.s.j.d.DataSourceTransactionManager - Participating in existing transaction
18:04:14.652 [main] INFO  f.i.c.v.c.s.d.mysql.TableInitializer - Table VIPAppVersions successfully created.
18:04:14.652 [main] DEBUG o.s.j.d.DataSourceTransactionManager - Participating in existing transaction
18:04:14.654 [main] INFO  f.i.c.v.c.s.d.mysql.TableInitializer - Table VIPApplicationClasses successfully created.
18:04:14.654 [main] DEBUG o.s.j.d.DataSourceTransactionManager - Participating in existing transaction
18:04:14.655 [main] INFO  f.i.c.v.c.s.d.mysql.TableInitializer - Table VIPAppInputs successfully created.
18:04:14.656 [main] DEBUG o.s.j.d.DataSourceTransactionManager - Participating in existing transaction
18:04:14.656 [main] INFO  f.i.c.v.c.s.d.mysql.TableInitializer - Table VIPAppExamples successfully created.
18:04:14.656 [main] DEBUG o.s.j.d.DataSourceTransactionManager - Initiating transaction commit
18:04:14.656 [main] DEBUG o.s.j.d.DataSourceTransactionManager - Committing JDBC transaction on Connection [conn5: url=jdbc:h2:mem:d0221453-b44d-4513-b0ef-f697b32a6748 user=SA]
18:04:14.656 [main] DEBUG o.s.j.d.DataSourceTransactionManager - Releasing JDBC Connection [conn5: url=jdbc:h2:mem:d0221453-b44d-4513-b0ef-f697b32a6748 user=SA] after transaction
18:04:14.656 [main] DEBUG o.s.j.d.DataSourceTransactionManager - Creating new transaction with name [fr.insalyon.creatis.vip.social.server.dao.mysql.MessagingDataInitializer.onStartup]: PROPAGATION_REQUIRED,ISOLATION_DEFAULT
18:04:14.657 [main] DEBUG o.s.j.d.DataSourceTransactionManager - Acquired Connection [Lazy Connection proxy for target DataSource [org.springframework.jdbc.datasource.embedded.EmbeddedDatabaseFactory$EmbeddedDataSourceProxy@3140f760]] for JDBC transaction
18:04:14.657 [main] DEBUG o.s.j.d.DataSourceTransactionManager - Switching JDBC Connection [Lazy Connection proxy for target DataSource [org.springframework.jdbc.datasource.embedded.EmbeddedDatabaseFactory$EmbeddedDataSourceProxy@3140f760]] to manual commit
18:04:14.662 [main] INFO  f.i.c.v.s.s.d.m.MessagingDataInitializer - Configuring VIP Social database.
18:04:14.662 [main] DEBUG o.s.j.d.DataSourceTransactionManager - Participating in existing transaction
18:04:14.663 [main] DEBUG o.s.j.d.SimpleDriverDataSource - Creating new JDBC Driver Connection to [jdbc:h2:mem:d0221453-b44d-4513-b0ef-f697b32a6748;DB_CLOSE_DELAY=-1;DB_CLOSE_ON_EXIT=false]
18:04:14.670 [main] INFO  f.i.c.v.c.s.d.mysql.TableInitializer - Table VIPSocialMessage successfully created.
18:04:14.671 [main] DEBUG o.s.j.d.DataSourceTransactionManager - Participating in existing transaction
18:04:14.673 [main] INFO  f.i.c.v.c.s.d.mysql.TableInitializer - Table VIPSocialMessageSenderReceiver successfully created.
18:04:14.673 [main] DEBUG o.s.j.d.DataSourceTransactionManager - Participating in existing transaction
18:04:14.676 [main] INFO  f.i.c.v.c.s.d.mysql.TableInitializer - Table VIPSocialGroupMessage successfully created.
18:04:14.676 [main] DEBUG o.s.j.d.DataSourceTransactionManager - Initiating transaction commit
18:04:14.676 [main] DEBUG o.s.j.d.DataSourceTransactionManager - Committing JDBC transaction on Connection [conn6: url=jdbc:h2:mem:d0221453-b44d-4513-b0ef-f697b32a6748 user=SA]
18:04:14.676 [main] DEBUG o.s.j.d.DataSourceTransactionManager - Releasing JDBC Connection [conn6: url=jdbc:h2:mem:d0221453-b44d-4513-b0ef-f697b32a6748 user=SA] after transaction
18:04:14.676 [main] DEBUG o.s.j.d.DataSourceTransactionManager - Creating new transaction with name [fr.insalyon.creatis.vip.publication.server.dao.PublicationDataInitializer.onStartup]: PROPAGATION_REQUIRED,ISOLATION_DEFAULT
18:04:14.676 [main] DEBUG o.s.j.d.DataSourceTransactionManager - Acquired Connection [Lazy Connection proxy for target DataSource [org.springframework.jdbc.datasource.embedded.EmbeddedDatabaseFactory$EmbeddedDataSourceProxy@3140f760]] for JDBC transaction
18:04:14.677 [main] DEBUG o.s.j.d.DataSourceTransactionManager - Switching JDBC Connection [Lazy Connection proxy for target DataSource [org.springframework.jdbc.datasource.embedded.EmbeddedDatabaseFactory$EmbeddedDataSourceProxy@3140f760]] to manual commit
18:04:14.682 [main] INFO  f.i.c.v.p.s.d.PublicationDataInitializer - Configuring VIP Publication database.
18:04:14.682 [main] DEBUG o.s.j.d.DataSourceTransactionManager - Participating in existing transaction
18:04:14.682 [main] DEBUG o.s.j.d.SimpleDriverDataSource - Creating new JDBC Driver Connection to [jdbc:h2:mem:d0221453-b44d-4513-b0ef-f697b32a6748;DB_CLOSE_DELAY=-1;DB_CLOSE_ON_EXIT=false]
18:04:14.685 [main] INFO  f.i.c.v.c.s.d.mysql.TableInitializer - Table VIPPublication successfully created.
18:04:14.685 [main] DEBUG o.s.j.d.DataSourceTransactionManager - Initiating transaction commit
18:04:14.685 [main] DEBUG o.s.j.d.DataSourceTransactionManager - Committing JDBC transaction on Connection [conn7: url=jdbc:h2:mem:d0221453-b44d-4513-b0ef-f697b32a6748 user=SA]
18:04:14.685 [main] DEBUG o.s.j.d.DataSourceTransactionManager - Releasing JDBC Connection [conn7: url=jdbc:h2:mem:d0221453-b44d-4513-b0ef-f697b32a6748 user=SA] after transaction
18:04:14.685 [main] DEBUG f.i.c.vip.api.business.VipConfigurer - first check : configure VIP
18:04:14.685 [main] INFO  f.i.c.vip.api.business.VipConfigurer - New VIP configuration necessary
18:04:14.685 [main] DEBUG o.s.j.d.DataSourceTransactionManager - Creating new transaction with name [fr.insalyon.creatis.vip.core.server.business.ConfigurationBusiness.configure]: PROPAGATION_REQUIRED,ISOLATION_DEFAULT
18:04:14.686 [main] DEBUG o.s.j.d.DataSourceTransactionManager - Acquired Connection [Lazy Connection proxy for target DataSource [org.springframework.jdbc.datasource.embedded.EmbeddedDatabaseFactory$EmbeddedDataSourceProxy@3140f760]] for JDBC transaction
18:04:14.686 [main] DEBUG o.s.j.d.DataSourceTransactionManager - Switching JDBC Connection [Lazy Connection proxy for target DataSource [org.springframework.jdbc.datasource.embedded.EmbeddedDatabaseFactory$EmbeddedDataSourceProxy@3140f760]] to manual commit
18:04:14.699 [main] DEBUG f.i.c.v.c.s.b.ConfigurationBusiness - Configuring VIP server proxy.
18:04:14.701 [main] DEBUG o.s.j.d.DataSourceTransactionManager - Initiating transaction commit
18:04:14.701 [main] DEBUG o.s.j.d.DataSourceTransactionManager - Committing JDBC transaction on Connection [Lazy Connection proxy for target DataSource [org.springframework.jdbc.datasource.embedded.EmbeddedDatabaseFactory$EmbeddedDataSourceProxy@3140f760]]
18:04:14.702 [main] DEBUG o.s.j.d.DataSourceTransactionManager - Releasing JDBC Connection [Lazy Connection proxy for target DataSource [org.springframework.jdbc.datasource.embedded.EmbeddedDatabaseFactory$EmbeddedDataSourceProxy@3140f760]] after transaction
18:04:14.709 [main] DEBUG o.springframework.jndi.JndiTemplate - Looking up JNDI object with name [java:comp/env/spring.liveBeansView.mbeanDomain]
18:04:14.709 [main] DEBUG jndi - InitialContextFactory.getInitialContext()
18:04:14.709 [main] DEBUG jndi - Created initial context delegate for local namespace:org.eclipse.jetty.jndi.local.localContextRoot@10c88312
18:04:14.709 [main] DEBUG o.e.j.j.java.javaURLContextFactory - >>> new root context requested 
18:04:14.709 [main] DEBUG jndi - Looking up name="comp/env/spring.liveBeansView.mbeanDomain"
18:04:14.709 [main] DEBUG jndi - Trying thread context classloader
18:04:14.709 [main] DEBUG jndi - Looking up name="env/spring.liveBeansView.mbeanDomain"
18:04:14.709 [main] DEBUG o.s.jndi.JndiLocatorDelegate - Converted JNDI name [java:comp/env/spring.liveBeansView.mbeanDomain] not found - trying original name [spring.liveBeansView.mbeanDomain]. javax.naming.NameNotFoundException; remaining name 'env/spring.liveBeansView.mbeanDomain'
18:04:14.709 [main] DEBUG o.springframework.jndi.JndiTemplate - Looking up JNDI object with name [spring.liveBeansView.mbeanDomain]
18:04:14.709 [main] DEBUG jndi - InitialContextFactory.getInitialContext()
18:04:14.709 [main] DEBUG jndi - Created initial context delegate for local namespace:org.eclipse.jetty.jndi.local.localContextRoot@47ce7d4d
18:04:14.709 [main] DEBUG jndi - Looking up name="spring.liveBeansView.mbeanDomain"
18:04:14.709 [main] DEBUG o.s.jndi.JndiPropertySource - JNDI lookup for name [spring.liveBeansView.mbeanDomain] threw NamingException with message: null. Returning null.
18:04:14.713 [main] DEBUG o.s.t.c.c.DefaultCacheAwareContextLoaderDelegate - Storing ApplicationContext [580340208] in cache under key [[WebMergedContextConfiguration@13137835 testClass = VipWebConfigurationIT, locations = '{}', classes = '{class fr.insalyon.creatis.vip.core.server.SpringCoreConfig}', contextInitializerClasses = '[]', activeProfiles = '{test-db, test}', propertySourceLocations = '{}', propertySourceProperties = '{db.tableEngine=, vipConfigFolder=classpath:}', contextCustomizers = set[[empty]], resourceBasePath = 'src/main/webapp', contextLoader = 'org.springframework.test.context.web.WebDelegatingSmartContextLoader', parent = [null]]]
18:04:14.713 [main] DEBUG o.springframework.test.context.cache - Spring test ApplicationContext cache statistics: [DefaultContextCache@7ef766b8 size = 1, maxSize = 32, parentContextCount = 0, hitCount = 0, missCount = 1]
18:04:14.713 [main] DEBUG o.s.t.c.w.ServletTestExecutionListener - Setting up MockHttpServletRequest, MockHttpServletResponse, ServletWebRequest, and RequestContextHolder for test context [DefaultTestContext@672d8370 testClass = VipWebConfigurationIT, testInstance = fr.insalyon.creatis.vip.integrationtest.VipWebConfigurationIT@106b7ad5, testMethod = [null], testException = [null], mergedContextConfiguration = [WebMergedContextConfiguration@13137835 testClass = VipWebConfigurationIT, locations = '{}', classes = '{class fr.insalyon.creatis.vip.core.server.SpringCoreConfig}', contextInitializerClasses = '[]', activeProfiles = '{test-db, test}', propertySourceLocations = '{}', propertySourceProperties = '{db.tableEngine=, vipConfigFolder=classpath:}', contextCustomizers = set[[empty]], resourceBasePath = 'src/main/webapp', contextLoader = 'org.springframework.test.context.web.WebDelegatingSmartContextLoader', parent = [null]], attributes = map[[empty]]].
18:04:14.744 [main] DEBUG o.s.t.c.s.DependencyInjectionTestExecutionListener - Performing dependency injection for test context [[DefaultTestContext@672d8370 testClass = VipWebConfigurationIT, testInstance = fr.insalyon.creatis.vip.integrationtest.VipWebConfigurationIT@106b7ad5, testMethod = [null], testException = [null], mergedContextConfiguration = [WebMergedContextConfiguration@13137835 testClass = VipWebConfigurationIT, locations = '{}', classes = '{class fr.insalyon.creatis.vip.core.server.SpringCoreConfig}', contextInitializerClasses = '[]', activeProfiles = '{test-db, test}', propertySourceLocations = '{}', propertySourceProperties = '{db.tableEngine=, vipConfigFolder=classpath:}', contextCustomizers = set[[empty]], resourceBasePath = 'src/main/webapp', contextLoader = 'org.springframework.test.context.web.WebDelegatingSmartContextLoader', parent = [null]], attributes = map['org.springframework.test.context.web.ServletTestExecutionListener.populatedRequestContextHolder' -> true, 'org.springframework.test.context.web.ServletTestExecutionListener.resetRequestContextHolder' -> true, 'org.springframework.test.context.event.ApplicationEventsTestExecutionListener.recordApplicationEvents' -> false]]].
18:04:14.744 [main] DEBUG o.s.t.c.c.DefaultCacheAwareContextLoaderDelegate - Retrieved ApplicationContext [580340208] from cache with key [[WebMergedContextConfiguration@13137835 testClass = VipWebConfigurationIT, locations = '{}', classes = '{class fr.insalyon.creatis.vip.core.server.SpringCoreConfig}', contextInitializerClasses = '[]', activeProfiles = '{test-db, test}', propertySourceLocations = '{}', propertySourceProperties = '{db.tableEngine=, vipConfigFolder=classpath:}', contextCustomizers = set[[empty]], resourceBasePath = 'src/main/webapp', contextLoader = 'org.springframework.test.context.web.WebDelegatingSmartContextLoader', parent = [null]]]
18:04:14.744 [main] DEBUG o.springframework.test.context.cache - Spring test ApplicationContext cache statistics: [DefaultContextCache@7ef766b8 size = 1, maxSize = 32, parentContextCount = 0, hitCount = 1, missCount = 1]
18:04:14.747 [main] DEBUG o.s.t.c.c.DefaultCacheAwareContextLoaderDelegate - Retrieved ApplicationContext [580340208] from cache with key [[WebMergedContextConfiguration@13137835 testClass = VipWebConfigurationIT, locations = '{}', classes = '{class fr.insalyon.creatis.vip.core.server.SpringCoreConfig}', contextInitializerClasses = '[]', activeProfiles = '{test-db, test}', propertySourceLocations = '{}', propertySourceProperties = '{db.tableEngine=, vipConfigFolder=classpath:}', contextCustomizers = set[[empty]], resourceBasePath = 'src/main/webapp', contextLoader = 'org.springframework.test.context.web.WebDelegatingSmartContextLoader', parent = [null]]]
18:04:14.748 [main] DEBUG o.springframework.test.context.cache - Spring test ApplicationContext cache statistics: [DefaultContextCache@7ef766b8 size = 1, maxSize = 32, parentContextCount = 0, hitCount = 2, missCount = 1]
18:04:14.775 [main] DEBUG o.s.t.c.s.AbstractDirtiesContextTestExecutionListener - Before test method: context [DefaultTestContext@672d8370 testClass = VipWebConfigurationIT, testInstance = fr.insalyon.creatis.vip.integrationtest.VipWebConfigurationIT@106b7ad5, testMethod = testGetPipelines@VipWebConfigurationIT, testException = [null], mergedContextConfiguration = [WebMergedContextConfiguration@13137835 testClass = VipWebConfigurationIT, locations = '{}', classes = '{class fr.insalyon.creatis.vip.core.server.SpringCoreConfig}', contextInitializerClasses = '[]', activeProfiles = '{test-db, test}', propertySourceLocations = '{}', propertySourceProperties = '{db.tableEngine=, vipConfigFolder=classpath:}', contextCustomizers = set[[empty]], resourceBasePath = 'src/main/webapp', contextLoader = 'org.springframework.test.context.web.WebDelegatingSmartContextLoader', parent = [null]], attributes = map['org.springframework.test.context.web.ServletTestExecutionListener.populatedRequestContextHolder' -> true, 'org.springframework.test.context.web.ServletTestExecutionListener.resetRequestContextHolder' -> true, 'org.springframework.test.context.event.ApplicationEventsTestExecutionListener.recordApplicationEvents' -> false]], class annotated with @DirtiesContext [false] with mode [null], method annotated with @DirtiesContext [false] with mode [null].
18:04:14.783 [main] DEBUG o.s.t.c.t.TransactionalTestExecutionListener - Explicit transaction definition [PROPAGATION_REQUIRED,ISOLATION_DEFAULT] found for test context [DefaultTestContext@672d8370 testClass = VipWebConfigurationIT, testInstance = fr.insalyon.creatis.vip.integrationtest.VipWebConfigurationIT@106b7ad5, testMethod = testGetPipelines@VipWebConfigurationIT, testException = [null], mergedContextConfiguration = [WebMergedContextConfiguration@13137835 testClass = VipWebConfigurationIT, locations = '{}', classes = '{class fr.insalyon.creatis.vip.core.server.SpringCoreConfig}', contextInitializerClasses = '[]', activeProfiles = '{test-db, test}', propertySourceLocations = '{}', propertySourceProperties = '{db.tableEngine=, vipConfigFolder=classpath:}', contextCustomizers = set[[empty]], resourceBasePath = 'src/main/webapp', contextLoader = 'org.springframework.test.context.web.WebDelegatingSmartContextLoader', parent = [null]], attributes = map['org.springframework.test.context.web.ServletTestExecutionListener.populatedRequestContextHolder' -> true, 'org.springframework.test.context.web.ServletTestExecutionListener.resetRequestContextHolder' -> true, 'org.springframework.test.context.event.ApplicationEventsTestExecutionListener.recordApplicationEvents' -> false]]
18:04:14.783 [main] DEBUG o.s.t.c.c.DefaultCacheAwareContextLoaderDelegate - Retrieved ApplicationContext [580340208] from cache with key [[WebMergedContextConfiguration@13137835 testClass = VipWebConfigurationIT, locations = '{}', classes = '{class fr.insalyon.creatis.vip.core.server.SpringCoreConfig}', contextInitializerClasses = '[]', activeProfiles = '{test-db, test}', propertySourceLocations = '{}', propertySourceProperties = '{db.tableEngine=, vipConfigFolder=classpath:}', contextCustomizers = set[[empty]], resourceBasePath = 'src/main/webapp', contextLoader = 'org.springframework.test.context.web.WebDelegatingSmartContextLoader', parent = [null]]]
18:04:14.783 [main] DEBUG o.springframework.test.context.cache - Spring test ApplicationContext cache statistics: [DefaultContextCache@7ef766b8 size = 1, maxSize = 32, parentContextCount = 0, hitCount = 3, missCount = 1]
18:04:14.785 [main] DEBUG o.s.t.c.t.TransactionalTestExecutionListener - No method-level @Rollback override: using default rollback [true] for test context [DefaultTestContext@672d8370 testClass = VipWebConfigurationIT, testInstance = fr.insalyon.creatis.vip.integrationtest.VipWebConfigurationIT@106b7ad5, testMethod = testGetPipelines@VipWebConfigurationIT, testException = [null], mergedContextConfiguration = [WebMergedContextConfiguration@13137835 testClass = VipWebConfigurationIT, locations = '{}', classes = '{class fr.insalyon.creatis.vip.core.server.SpringCoreConfig}', contextInitializerClasses = '[]', activeProfiles = '{test-db, test}', propertySourceLocations = '{}', propertySourceProperties = '{db.tableEngine=, vipConfigFolder=classpath:}', contextCustomizers = set[[empty]], resourceBasePath = 'src/main/webapp', contextLoader = 'org.springframework.test.context.web.WebDelegatingSmartContextLoader', parent = [null]], attributes = map['org.springframework.test.context.web.ServletTestExecutionListener.populatedRequestContextHolder' -> true, 'org.springframework.test.context.web.ServletTestExecutionListener.resetRequestContextHolder' -> true, 'org.springframework.test.context.event.ApplicationEventsTestExecutionListener.recordApplicationEvents' -> false]].
18:04:14.786 [main] DEBUG o.s.j.d.DataSourceTransactionManager - Creating new transaction with name [fr.insalyon.creatis.vip.integrationtest.VipWebConfigurationIT.testGetPipelines]: PROPAGATION_REQUIRED,ISOLATION_DEFAULT
18:04:14.789 [main] DEBUG o.s.j.d.DataSourceTransactionManager - Acquired Connection [Lazy Connection proxy for target DataSource [org.springframework.jdbc.datasource.embedded.EmbeddedDatabaseFactory$EmbeddedDataSourceProxy@3140f760]] for JDBC transaction
18:04:14.791 [main] DEBUG o.s.j.d.DataSourceTransactionManager - Switching JDBC Connection [Lazy Connection proxy for target DataSource [org.springframework.jdbc.datasource.embedded.EmbeddedDatabaseFactory$EmbeddedDataSourceProxy@3140f760]] to manual commit
18:04:14.792 [main] INFO  o.s.t.c.t.TransactionContext - Began transaction (1) for test context [DefaultTestContext@672d8370 testClass = VipWebConfigurationIT, testInstance = fr.insalyon.creatis.vip.integrationtest.VipWebConfigurationIT@106b7ad5, testMethod = testGetPipelines@VipWebConfigurationIT, testException = [null], mergedContextConfiguration = [WebMergedContextConfiguration@13137835 testClass = VipWebConfigurationIT, locations = '{}', classes = '{class fr.insalyon.creatis.vip.core.server.SpringCoreConfig}', contextInitializerClasses = '[]', activeProfiles = '{test-db, test}', propertySourceLocations = '{}', propertySourceProperties = '{db.tableEngine=, vipConfigFolder=classpath:}', contextCustomizers = set[[empty]], resourceBasePath = 'src/main/webapp', contextLoader = 'org.springframework.test.context.web.WebDelegatingSmartContextLoader', parent = [null]], attributes = map['org.springframework.test.context.web.ServletTestExecutionListener.populatedRequestContextHolder' -> true, 'org.springframework.test.context.web.ServletTestExecutionListener.resetRequestContextHolder' -> true, 'org.springframework.test.context.event.ApplicationEventsTestExecutionListener.recordApplicationEvents' -> false]]; transaction manager [org.springframework.jdbc.datasource.DataSourceTransactionManager@5998e2a5]; rollback [true]
18:04:14.798 [main] DEBUG o.s.t.c.c.DefaultCacheAwareContextLoaderDelegate - Retrieved ApplicationContext [580340208] from cache with key [[WebMergedContextConfiguration@13137835 testClass = VipWebConfigurationIT, locations = '{}', classes = '{class fr.insalyon.creatis.vip.core.server.SpringCoreConfig}', contextInitializerClasses = '[]', activeProfiles = '{test-db, test}', propertySourceLocations = '{}', propertySourceProperties = '{db.tableEngine=, vipConfigFolder=classpath:}', contextCustomizers = set[[empty]], resourceBasePath = 'src/main/webapp', contextLoader = 'org.springframework.test.context.web.WebDelegatingSmartContextLoader', parent = [null]]]
18:04:14.799 [main] DEBUG o.springframework.test.context.cache - Spring test ApplicationContext cache statistics: [DefaultContextCache@7ef766b8 size = 1, maxSize = 32, parentContextCount = 0, hitCount = 4, missCount = 1]
18:04:14.856 [main] INFO  o.s.mock.web.MockServletContext - Initializing Spring TestDispatcherServlet ''
18:04:14.856 [main] INFO  o.s.t.w.s.TestDispatcherServlet - Initializing Servlet ''
18:04:14.856 [main] DEBUG o.s.t.w.s.TestDispatcherServlet - Detected AcceptHeaderLocaleResolver
18:04:14.856 [main] DEBUG o.s.t.w.s.TestDispatcherServlet - Detected FixedThemeResolver
18:04:14.857 [main] DEBUG o.s.t.w.s.TestDispatcherServlet - Detected org.springframework.web.servlet.view.DefaultRequestToViewNameTranslator@4f8c8dd5
18:04:14.858 [main] DEBUG o.s.t.w.s.TestDispatcherServlet - Detected org.springframework.web.servlet.support.SessionFlashMapManager@2715f9b0
18:04:14.858 [main] DEBUG o.s.t.w.s.TestDispatcherServlet - enableLoggingRequestDetails='false': request parameters and headers will be masked to prevent unsafe logging of potentially sensitive data
18:04:14.858 [main] INFO  o.s.t.w.s.TestDispatcherServlet - Completed initialization in 2 ms
18:04:14.860 [main] DEBUG o.s.t.c.c.DefaultCacheAwareContextLoaderDelegate - Retrieved ApplicationContext [580340208] from cache with key [[WebMergedContextConfiguration@13137835 testClass = VipWebConfigurationIT, locations = '{}', classes = '{class fr.insalyon.creatis.vip.core.server.SpringCoreConfig}', contextInitializerClasses = '[]', activeProfiles = '{test-db, test}', propertySourceLocations = '{}', propertySourceProperties = '{db.tableEngine=, vipConfigFolder=classpath:}', contextCustomizers = set[[empty]], resourceBasePath = 'src/main/webapp', contextLoader = 'org.springframework.test.context.web.WebDelegatingSmartContextLoader', parent = [null]]]
18:04:14.860 [main] DEBUG o.springframework.test.context.cache - Spring test ApplicationContext cache statistics: [DefaultContextCache@7ef766b8 size = 1, maxSize = 32, parentContextCount = 0, hitCount = 5, missCount = 1]
18:04:14.871 [main] DEBUG o.s.j.d.DataSourceTransactionManager - Participating in existing transaction
User = testEmail@test.tst
18:04:14.872 [main] INFO  f.i.c.v.c.s.b.ConfigurationBusiness - verifying testEmail@test.tst. List of undesired mail domains: . 
18:04:14.873 [main] INFO  f.i.c.v.c.s.b.ConfigurationBusiness - Signing up . List of undesired countries: .
18:04:14.884 [main] DEBUG o.s.j.d.DataSourceTransactionManager - Participating in existing transaction
18:04:14.884 [main] DEBUG o.s.j.d.SimpleDriverDataSource - Creating new JDBC Driver Connection to [jdbc:h2:mem:d0221453-b44d-4513-b0ef-f697b32a6748;DB_CLOSE_DELAY=-1;DB_CLOSE_ON_EXIT=false]
18:04:14.894 [main] INFO  f.i.c.v.c.s.b.ConfigurationBusiness - Sending confirmation email to 'testEmail@test.tst'.
18:04:14.920 [main] DEBUG o.s.j.d.DataSourceTransactionManager - Participating in existing transaction
18:04:14.933 [main] DEBUG o.s.test.util.ReflectionTestUtils - Invoking method 'getFilters' on target object [FilterChainProxy[Filter Chains: [DefaultSecurityFilterChain [RequestMatcher=Ant [pattern='/rest/**'], Filters=[org.springframework.security.web.context.request.async.WebAsyncManagerIntegrationFilter@56864111, org.springframework.security.web.context.SecurityContextPersistenceFilter@3884f72d, org.springframework.security.web.header.HeaderWriterFilter@701700ce, org.springframework.web.filter.CorsFilter@48a89141, org.springframework.security.web.authentication.logout.LogoutFilter@3e7b45dd, fr.insalyon.creatis.vip.api.security.apikey.ApikeyAuthenticationFilter@24130c18, org.springframework.security.web.savedrequest.RequestCacheAwareFilter@3df6e69b, org.springframework.security.web.servletapi.SecurityContextHolderAwareRequestFilter@7b2bd431, org.springframework.security.web.authentication.AnonymousAuthenticationFilter@f7f1480, org.springframework.security.web.session.SessionManagementFilter@5cdd3b0f, org.springframework.security.web.access.ExceptionTranslationFilter@410d0a39, org.springframework.security.web.access.intercept.FilterSecurityInterceptor@45bb3f46]], DefaultSecurityFilterChain [RequestMatcher=any request, Filters=[org.springframework.security.web.context.request.async.WebAsyncManagerIntegrationFilter@36562a42, org.springframework.security.web.context.SecurityContextPersistenceFilter@44a1f46b, org.springframework.security.web.header.HeaderWriterFilter@4eea7648, org.springframework.web.filter.CorsFilter@51c604cb, org.springframework.security.web.authentication.logout.LogoutFilter@3c427328, org.springframework.security.oauth2.client.web.OAuth2AuthorizationRequestRedirectFilter@ae4be74, org.springframework.security.oauth2.client.web.OAuth2LoginAuthenticationFilter@310a72a9, org.springframework.security.web.authentication.ui.DefaultLoginPageGeneratingFilter@4e40ed66, org.springframework.security.web.authentication.ui.DefaultLogoutPageGeneratingFilter@7e7e0799, org.springframework.security.web.savedrequest.RequestCacheAwareFilter@41ef13ab, org.springframework.security.web.servletapi.SecurityContextHolderAwareRequestFilter@5c2a75e8, org.springframework.security.web.authentication.AnonymousAuthenticationFilter@1c03bdc5, org.springframework.security.web.session.SessionManagementFilter@d23fb70, org.springframework.security.web.access.ExceptionTranslationFilter@646c24f0, org.springframework.security.web.access.intercept.FilterSecurityInterceptor@1acb9d3d]]]]] or target class [null] with arguments {org.springframework.mock.web.MockHttpServletRequest@6ba880a0}
18:04:14.934 [main] DEBUG o.s.test.util.ReflectionTestUtils - Getting field 'repo' from target object [org.springframework.security.web.context.SecurityContextPersistenceFilter@3884f72d] or target class [class org.springframework.security.web.context.SecurityContextPersistenceFilter]
18:04:14.934 [main] DEBUG o.s.test.util.ReflectionTestUtils - Invoking method 'getFilters' on target object [FilterChainProxy[Filter Chains: [DefaultSecurityFilterChain [RequestMatcher=Ant [pattern='/rest/**'], Filters=[org.springframework.security.web.context.request.async.WebAsyncManagerIntegrationFilter@56864111, org.springframework.security.web.context.SecurityContextPersistenceFilter@3884f72d, org.springframework.security.web.header.HeaderWriterFilter@701700ce, org.springframework.web.filter.CorsFilter@48a89141, org.springframework.security.web.authentication.logout.LogoutFilter@3e7b45dd, fr.insalyon.creatis.vip.api.security.apikey.ApikeyAuthenticationFilter@24130c18, org.springframework.security.web.savedrequest.RequestCacheAwareFilter@3df6e69b, org.springframework.security.web.servletapi.SecurityContextHolderAwareRequestFilter@7b2bd431, org.springframework.security.web.authentication.AnonymousAuthenticationFilter@f7f1480, org.springframework.security.web.session.SessionManagementFilter@5cdd3b0f, org.springframework.security.web.access.ExceptionTranslationFilter@410d0a39, org.springframework.security.web.access.intercept.FilterSecurityInterceptor@45bb3f46]], DefaultSecurityFilterChain [RequestMatcher=any request, Filters=[org.springframework.security.web.context.request.async.WebAsyncManagerIntegrationFilter@36562a42, org.springframework.security.web.context.SecurityContextPersistenceFilter@44a1f46b, org.springframework.security.web.header.HeaderWriterFilter@4eea7648, org.springframework.web.filter.CorsFilter@51c604cb, org.springframework.security.web.authentication.logout.LogoutFilter@3c427328, org.springframework.security.oauth2.client.web.OAuth2AuthorizationRequestRedirectFilter@ae4be74, org.springframework.security.oauth2.client.web.OAuth2LoginAuthenticationFilter@310a72a9, org.springframework.security.web.authentication.ui.DefaultLoginPageGeneratingFilter@4e40ed66, org.springframework.security.web.authentication.ui.DefaultLogoutPageGeneratingFilter@7e7e0799, org.springframework.security.web.savedrequest.RequestCacheAwareFilter@41ef13ab, org.springframework.security.web.servletapi.SecurityContextHolderAwareRequestFilter@5c2a75e8, org.springframework.security.web.authentication.AnonymousAuthenticationFilter@1c03bdc5, org.springframework.security.web.session.SessionManagementFilter@d23fb70, org.springframework.security.web.access.ExceptionTranslationFilter@646c24f0, org.springframework.security.web.access.intercept.FilterSecurityInterceptor@1acb9d3d]]]]] or target class [null] with arguments {org.springframework.mock.web.MockHttpServletRequest@6ba880a0}
18:04:14.935 [main] DEBUG o.s.test.util.ReflectionTestUtils - Setting field 'repo' of type [null] on target object [org.springframework.security.web.context.SecurityContextPersistenceFilter@3884f72d] or target class [class org.springframework.security.web.context.SecurityContextPersistenceFilter] to value [org.springframework.security.test.web.servlet.request.SecurityMockMvcRequestPostProcessors$SecurityContextRequestPostProcessorSupport$TestSecurityContextRepository@205fb322]
18:04:14.939 [main] DEBUG o.s.s.w.c.HttpSessionSecurityContextRepository - Created HttpSession as SecurityContext is non-default
18:04:14.940 [main] DEBUG o.s.s.w.c.HttpSessionSecurityContextRepository - Stored SecurityContextImpl [Authentication=UsernamePasswordAuthenticationToken [Principal=fr.insalyon.creatis.vip.api.security.apikey.SpringApiPrincipal@36f33bc2, Credentials=[PROTECTED], Authenticated=true, Details=null, Granted Authorities=[]]] to HttpSession [org.springframework.mock.web.MockHttpSession@561e6bef]
18:04:14.943 [main] DEBUG o.s.security.web.FilterChainProxy - Securing GET /rest/pipelines
18:04:14.947 [main] DEBUG o.s.s.w.c.HttpSessionSecurityContextRepository - Retrieved SecurityContextImpl [Authentication=UsernamePasswordAuthenticationToken [Principal=fr.insalyon.creatis.vip.api.security.apikey.SpringApiPrincipal@36f33bc2, Credentials=[PROTECTED], Authenticated=true, Details=null, Granted Authorities=[]]]
18:04:14.948 [main] DEBUG o.s.s.w.c.SecurityContextPersistenceFilter - Set SecurityContextHolder to SecurityContextImpl [Authentication=UsernamePasswordAuthenticationToken [Principal=fr.insalyon.creatis.vip.api.security.apikey.SpringApiPrincipal@36f33bc2, Credentials=[PROTECTED], Authenticated=true, Details=null, Granted Authorities=[]]]
18:04:14.951 [main] DEBUG o.s.w.s.m.m.a.RequestMappingHandlerMapping - Mapped to fr.insalyon.creatis.vip.api.controller.processing.PipelineController#listPipelines(String)
18:04:14.954 [main] DEBUG f.i.c.v.a.s.a.ApikeyAuthenticationFilter - no apikey header apikey_test found.
18:04:14.956 [main] DEBUG o.s.s.w.u.m.RegexRequestMatcher - Checking match of request : '/rest/pipelines'; against '/rest/pipelines\?public'
18:04:14.963 [main] DEBUG o.s.s.w.a.i.FilterSecurityInterceptor - Authorized filter invocation [GET /rest/pipelines] with attributes [authenticated]
18:04:14.963 [main] DEBUG o.s.security.web.FilterChainProxy - Secured GET /rest/pipelines
18:04:14.967 [main] DEBUG o.s.t.w.s.TestDispatcherServlet - GET "/rest/pipelines", parameters={}
18:04:14.967 [main] DEBUG o.s.w.s.m.m.a.RequestMappingHandlerMapping - Mapped to fr.insalyon.creatis.vip.api.controller.processing.PipelineController#listPipelines(String)
18:04:14.968 [main] DEBUG f.i.c.vip.api.business.VipConfigurer - comparing java.util.GregorianCalendar[time=1688666654702,areFieldsSet=true,areAllFieldsSet=true,lenient=true,zone=sun.util.calendar.ZoneInfo[id="Etc/UTC",offset=0,dstSavings=0,useDaylight=false,transitions=0,lastRule=null],firstDayOfWeek=1,minimalDaysInFirstWeek=1,ERA=1,YEAR=2023,MONTH=6,WEEK_OF_YEAR=27,WEEK_OF_MONTH=2,DAY_OF_MONTH=6,DAY_OF_YEAR=187,DAY_OF_WEEK=5,DAY_OF_WEEK_IN_MONTH=1,AM_PM=1,HOUR=6,HOUR_OF_DAY=18,MINUTE=4,SECOND=14,MILLISECOND=702,ZONE_OFFSET=0,DST_OFFSET=0] to now java.util.GregorianCalendar[time=1688666654968,areFieldsSet=true,areAllFieldsSet=true,lenient=true,zone=sun.util.calendar.ZoneInfo[id="Etc/UTC",offset=0,dstSavings=0,useDaylight=false,transitions=0,lastRule=null],firstDayOfWeek=1,minimalDaysInFirstWeek=1,ERA=1,YEAR=2023,MONTH=6,WEEK_OF_YEAR=27,WEEK_OF_MONTH=2,DAY_OF_MONTH=6,DAY_OF_YEAR=187,DAY_OF_WEEK=5,DAY_OF_WEEK_IN_MONTH=1,AM_PM=1,HOUR=6,HOUR_OF_DAY=18,MINUTE=4,SECOND=14,MILLISECOND=968,ZONE_OFFSET=0,DST_OFFSET=0] to check configuration
18:04:14.968 [main] DEBUG f.i.c.vip.api.business.VipConfigurer - no need to reconfigure
18:04:14.989 [main] DEBUG f.i.c.v.a.c.p.PipelineController - (testEmail@test.tst) Calling API method listPipelines} ([null])
18:04:14.989 [main] DEBUG o.s.j.d.DataSourceTransactionManager - Participating in existing transaction
18:04:15.000 [main] DEBUG o.s.j.d.DataSourceTransactionManager - Participating in existing transaction
18:04:15.006 [main] DEBUG o.s.j.d.DataSourceTransactionManager - Participating in existing transaction
18:04:15.014 [main] DEBUG o.s.j.d.DataSourceTransactionManager - Participating in existing transaction
18:04:15.040 [main] DEBUG o.s.w.s.m.m.a.RequestResponseBodyMethodProcessor - Using 'application/json', given [*/*] and supported [application/json, application/*+json]
18:04:15.041 [main] DEBUG o.s.w.s.m.m.a.RequestResponseBodyMethodProcessor - Writing [{}]
18:04:15.052 [main] DEBUG o.s.t.w.s.TestDispatcherServlet - Completed 200 OK
18:04:15.052 [main] DEBUG o.s.s.w.c.SecurityContextPersistenceFilter - Cleared SecurityContextHolder to complete request

MockHttpServletRequest:
      HTTP Method = GET
      Request URI = /rest/pipelines
       Parameters = {}
          Headers = []
             Body = <no character encoding set>
    Session Attrs = {SPRING_SECURITY_CONTEXT=SecurityContextImpl [Authentication=UsernamePasswordAuthenticationToken [Principal=fr.insalyon.creatis.vip.api.security.apikey.SpringApiPrincipal@36f33bc2, Credentials=[PROTECTED], Authenticated=true, Details=null, Granted Authorities=[]]]}

Handler:
             Type = fr.insalyon.creatis.vip.api.controller.processing.PipelineController
           Method = fr.insalyon.creatis.vip.api.controller.processing.PipelineController#listPipelines(String)

Async:
    Async started = false
     Async result = null

Resolved Exception:
             Type = null

ModelAndView:
        View name = null
             View = null
            Model = null

FlashMap:
       Attributes = null

MockHttpServletResponse:
           Status = 200
    Error message = null
          Headers = [Vary:"Origin", "Access-Control-Request-Method", "Access-Control-Request-Headers", Content-Type:"application/json", X-Content-Type-Options:"nosniff", X-XSS-Protection:"1; mode=block", Cache-Control:"no-cache, no-store, max-age=0, must-revalidate", Pragma:"no-cache", Expires:"0", X-Frame-Options:"SAMEORIGIN"]
     Content type = application/json
             Body = []
    Forwarded URL = null
   Redirected URL = null
          Cookies = []
18:04:15.144 [main] DEBUG c.j.j.internal.path.CompiledPath - Evaluating path: $[*]
18:04:15.153 [main] DEBUG o.s.t.c.c.DefaultCacheAwareContextLoaderDelegate - Retrieved ApplicationContext [580340208] from cache with key [[WebMergedContextConfiguration@13137835 testClass = VipWebConfigurationIT, locations = '{}', classes = '{class fr.insalyon.creatis.vip.core.server.SpringCoreConfig}', contextInitializerClasses = '[]', activeProfiles = '{test-db, test}', propertySourceLocations = '{}', propertySourceProperties = '{db.tableEngine=, vipConfigFolder=classpath:}', contextCustomizers = set[[empty]], resourceBasePath = 'src/main/webapp', contextLoader = 'org.springframework.test.context.web.WebDelegatingSmartContextLoader', parent = [null]]]
18:04:15.153 [main] DEBUG o.springframework.test.context.cache - Spring test ApplicationContext cache statistics: [DefaultContextCache@7ef766b8 size = 1, maxSize = 32, parentContextCount = 0, hitCount = 6, missCount = 1]
18:04:15.154 [main] DEBUG o.s.t.c.c.DefaultCacheAwareContextLoaderDelegate - Retrieved ApplicationContext [580340208] from cache with key [[WebMergedContextConfiguration@13137835 testClass = VipWebConfigurationIT, locations = '{}', classes = '{class fr.insalyon.creatis.vip.core.server.SpringCoreConfig}', contextInitializerClasses = '[]', activeProfiles = '{test-db, test}', propertySourceLocations = '{}', propertySourceProperties = '{db.tableEngine=, vipConfigFolder=classpath:}', contextCustomizers = set[[empty]], resourceBasePath = 'src/main/webapp', contextLoader = 'org.springframework.test.context.web.WebDelegatingSmartContextLoader', parent = [null]]]
18:04:15.155 [main] DEBUG o.springframework.test.context.cache - Spring test ApplicationContext cache statistics: [DefaultContextCache@7ef766b8 size = 1, maxSize = 32, parentContextCount = 0, hitCount = 7, missCount = 1]
18:04:15.157 [main] DEBUG o.s.j.d.DataSourceTransactionManager - Initiating transaction rollback
18:04:15.157 [main] DEBUG o.s.j.d.DataSourceTransactionManager - Rolling back JDBC transaction on Connection [conn8: url=jdbc:h2:mem:d0221453-b44d-4513-b0ef-f697b32a6748 user=SA]
18:04:15.157 [main] DEBUG o.s.j.d.DataSourceTransactionManager - Releasing JDBC Connection [conn8: url=jdbc:h2:mem:d0221453-b44d-4513-b0ef-f697b32a6748 user=SA] after transaction
18:04:15.158 [main] INFO  o.s.t.c.t.TransactionContext - Rolled back transaction for test: [DefaultTestContext@672d8370 testClass = VipWebConfigurationIT, testInstance = fr.insalyon.creatis.vip.integrationtest.VipWebConfigurationIT@106b7ad5, testMethod = testGetPipelines@VipWebConfigurationIT, testException = [null], mergedContextConfiguration = [WebMergedContextConfiguration@13137835 testClass = VipWebConfigurationIT, locations = '{}', classes = '{class fr.insalyon.creatis.vip.core.server.SpringCoreConfig}', contextInitializerClasses = '[]', activeProfiles = '{test-db, test}', propertySourceLocations = '{}', propertySourceProperties = '{db.tableEngine=, vipConfigFolder=classpath:}', contextCustomizers = set[[empty]], resourceBasePath = 'src/main/webapp', contextLoader = 'org.springframework.test.context.web.WebDelegatingSmartContextLoader', parent = [null]], attributes = map['org.springframework.test.context.web.ServletTestExecutionListener.populatedRequestContextHolder' -> true, 'org.springframework.test.context.web.ServletTestExecutionListener.resetRequestContextHolder' -> true, 'org.springframework.test.context.event.ApplicationEventsTestExecutionListener.recordApplicationEvents' -> false]]
18:04:15.159 [main] DEBUG o.s.t.c.s.AbstractDirtiesContextTestExecutionListener - After test method: context [DefaultTestContext@672d8370 testClass = VipWebConfigurationIT, testInstance = fr.insalyon.creatis.vip.integrationtest.VipWebConfigurationIT@106b7ad5, testMethod = testGetPipelines@VipWebConfigurationIT, testException = [null], mergedContextConfiguration = [WebMergedContextConfiguration@13137835 testClass = VipWebConfigurationIT, locations = '{}', classes = '{class fr.insalyon.creatis.vip.core.server.SpringCoreConfig}', contextInitializerClasses = '[]', activeProfiles = '{test-db, test}', propertySourceLocations = '{}', propertySourceProperties = '{db.tableEngine=, vipConfigFolder=classpath:}', contextCustomizers = set[[empty]], resourceBasePath = 'src/main/webapp', contextLoader = 'org.springframework.test.context.web.WebDelegatingSmartContextLoader', parent = [null]], attributes = map['org.springframework.test.context.web.ServletTestExecutionListener.populatedRequestContextHolder' -> true, 'org.springframework.test.context.web.ServletTestExecutionListener.resetRequestContextHolder' -> true, 'org.springframework.test.context.event.ApplicationEventsTestExecutionListener.recordApplicationEvents' -> false]], class annotated with @DirtiesContext [false] with mode [null], method annotated with @DirtiesContext [false] with mode [null].
18:04:15.159 [main] DEBUG o.s.t.c.w.ServletTestExecutionListener - Resetting RequestContextHolder for test context [DefaultTestContext@672d8370 testClass = VipWebConfigurationIT, testInstance = fr.insalyon.creatis.vip.integrationtest.VipWebConfigurationIT@106b7ad5, testMethod = testGetPipelines@VipWebConfigurationIT, testException = [null], mergedContextConfiguration = [WebMergedContextConfiguration@13137835 testClass = VipWebConfigurationIT, locations = '{}', classes = '{class fr.insalyon.creatis.vip.core.server.SpringCoreConfig}', contextInitializerClasses = '[]', activeProfiles = '{test-db, test}', propertySourceLocations = '{}', propertySourceProperties = '{db.tableEngine=, vipConfigFolder=classpath:}', contextCustomizers = set[[empty]], resourceBasePath = 'src/main/webapp', contextLoader = 'org.springframework.test.context.web.WebDelegatingSmartContextLoader', parent = [null]], attributes = map['org.springframework.test.context.web.ServletTestExecutionListener.populatedRequestContextHolder' -> true, 'org.springframework.test.context.web.ServletTestExecutionListener.resetRequestContextHolder' -> true, 'org.springframework.test.context.event.ApplicationEventsTestExecutionListener.recordApplicationEvents' -> false]].
]]></system-out>
  </testcase>
  <testcase name="testGetPlatformProperties" classname="fr.insalyon.creatis.vip.integrationtest.VipWebConfigurationIT" time="0.109">
    <system-out><![CDATA[18:04:15.169 [main] DEBUG o.s.t.c.c.DefaultCacheAwareContextLoaderDelegate - Retrieved ApplicationContext [580340208] from cache with key [[WebMergedContextConfiguration@13137835 testClass = VipWebConfigurationIT, locations = '{}', classes = '{class fr.insalyon.creatis.vip.core.server.SpringCoreConfig}', contextInitializerClasses = '[]', activeProfiles = '{test-db, test}', propertySourceLocations = '{}', propertySourceProperties = '{db.tableEngine=, vipConfigFolder=classpath:}', contextCustomizers = set[[empty]], resourceBasePath = 'src/main/webapp', contextLoader = 'org.springframework.test.context.web.WebDelegatingSmartContextLoader', parent = [null]]]
18:04:15.169 [main] DEBUG o.springframework.test.context.cache - Spring test ApplicationContext cache statistics: [DefaultContextCache@7ef766b8 size = 1, maxSize = 32, parentContextCount = 0, hitCount = 8, missCount = 1]
18:04:15.169 [main] DEBUG o.s.t.c.w.ServletTestExecutionListener - Setting up MockHttpServletRequest, MockHttpServletResponse, ServletWebRequest, and RequestContextHolder for test context [DefaultTestContext@672d8370 testClass = VipWebConfigurationIT, testInstance = fr.insalyon.creatis.vip.integrationtest.VipWebConfigurationIT@1a25ce22, testMethod = [null], testException = [null], mergedContextConfiguration = [WebMergedContextConfiguration@13137835 testClass = VipWebConfigurationIT, locations = '{}', classes = '{class fr.insalyon.creatis.vip.core.server.SpringCoreConfig}', contextInitializerClasses = '[]', activeProfiles = '{test-db, test}', propertySourceLocations = '{}', propertySourceProperties = '{db.tableEngine=, vipConfigFolder=classpath:}', contextCustomizers = set[[empty]], resourceBasePath = 'src/main/webapp', contextLoader = 'org.springframework.test.context.web.WebDelegatingSmartContextLoader', parent = [null]], attributes = map['org.springframework.test.context.event.ApplicationEventsTestExecutionListener.recordApplicationEvents' -> false, 'org.springframework.test.context.support.DependencyInjectionTestExecutionListener.reinjectDependencies' -> true]].
18:04:15.169 [main] DEBUG o.s.t.c.s.DependencyInjectionTestExecutionListener - Performing dependency injection for test context [[DefaultTestContext@672d8370 testClass = VipWebConfigurationIT, testInstance = fr.insalyon.creatis.vip.integrationtest.VipWebConfigurationIT@1a25ce22, testMethod = [null], testException = [null], mergedContextConfiguration = [WebMergedContextConfiguration@13137835 testClass = VipWebConfigurationIT, locations = '{}', classes = '{class fr.insalyon.creatis.vip.core.server.SpringCoreConfig}', contextInitializerClasses = '[]', activeProfiles = '{test-db, test}', propertySourceLocations = '{}', propertySourceProperties = '{db.tableEngine=, vipConfigFolder=classpath:}', contextCustomizers = set[[empty]], resourceBasePath = 'src/main/webapp', contextLoader = 'org.springframework.test.context.web.WebDelegatingSmartContextLoader', parent = [null]], attributes = map['org.springframework.test.context.web.ServletTestExecutionListener.populatedRequestContextHolder' -> true, 'org.springframework.test.context.web.ServletTestExecutionListener.resetRequestContextHolder' -> true, 'org.springframework.test.context.event.ApplicationEventsTestExecutionListener.recordApplicationEvents' -> false, 'org.springframework.test.context.support.DependencyInjectionTestExecutionListener.reinjectDependencies' -> true]]].
18:04:15.170 [main] DEBUG o.s.t.c.c.DefaultCacheAwareContextLoaderDelegate - Retrieved ApplicationContext [580340208] from cache with key [[WebMergedContextConfiguration@13137835 testClass = VipWebConfigurationIT, locations = '{}', classes = '{class fr.insalyon.creatis.vip.core.server.SpringCoreConfig}', contextInitializerClasses = '[]', activeProfiles = '{test-db, test}', propertySourceLocations = '{}', propertySourceProperties = '{db.tableEngine=, vipConfigFolder=classpath:}', contextCustomizers = set[[empty]], resourceBasePath = 'src/main/webapp', contextLoader = 'org.springframework.test.context.web.WebDelegatingSmartContextLoader', parent = [null]]]
18:04:15.170 [main] DEBUG o.springframework.test.context.cache - Spring test ApplicationContext cache statistics: [DefaultContextCache@7ef766b8 size = 1, maxSize = 32, parentContextCount = 0, hitCount = 9, missCount = 1]
18:04:15.170 [main] DEBUG o.s.t.c.c.DefaultCacheAwareContextLoaderDelegate - Retrieved ApplicationContext [580340208] from cache with key [[WebMergedContextConfiguration@13137835 testClass = VipWebConfigurationIT, locations = '{}', classes = '{class fr.insalyon.creatis.vip.core.server.SpringCoreConfig}', contextInitializerClasses = '[]', activeProfiles = '{test-db, test}', propertySourceLocations = '{}', propertySourceProperties = '{db.tableEngine=, vipConfigFolder=classpath:}', contextCustomizers = set[[empty]], resourceBasePath = 'src/main/webapp', contextLoader = 'org.springframework.test.context.web.WebDelegatingSmartContextLoader', parent = [null]]]
18:04:15.170 [main] DEBUG o.springframework.test.context.cache - Spring test ApplicationContext cache statistics: [DefaultContextCache@7ef766b8 size = 1, maxSize = 32, parentContextCount = 0, hitCount = 10, missCount = 1]
18:04:15.173 [main] DEBUG o.s.t.c.s.AbstractDirtiesContextTestExecutionListener - Before test method: context [DefaultTestContext@672d8370 testClass = VipWebConfigurationIT, testInstance = fr.insalyon.creatis.vip.integrationtest.VipWebConfigurationIT@1a25ce22, testMethod = testGetPlatformProperties@VipWebConfigurationIT, testException = [null], mergedContextConfiguration = [WebMergedContextConfiguration@13137835 testClass = VipWebConfigurationIT, locations = '{}', classes = '{class fr.insalyon.creatis.vip.core.server.SpringCoreConfig}', contextInitializerClasses = '[]', activeProfiles = '{test-db, test}', propertySourceLocations = '{}', propertySourceProperties = '{db.tableEngine=, vipConfigFolder=classpath:}', contextCustomizers = set[[empty]], resourceBasePath = 'src/main/webapp', contextLoader = 'org.springframework.test.context.web.WebDelegatingSmartContextLoader', parent = [null]], attributes = map['org.springframework.test.context.web.ServletTestExecutionListener.populatedRequestContextHolder' -> true, 'org.springframework.test.context.web.ServletTestExecutionListener.resetRequestContextHolder' -> true, 'org.springframework.test.context.event.ApplicationEventsTestExecutionListener.recordApplicationEvents' -> false]], class annotated with @DirtiesContext [false] with mode [null], method annotated with @DirtiesContext [false] with mode [null].
18:04:15.173 [main] DEBUG o.s.t.c.t.TransactionalTestExecutionListener - Explicit transaction definition [PROPAGATION_REQUIRED,ISOLATION_DEFAULT] found for test context [DefaultTestContext@672d8370 testClass = VipWebConfigurationIT, testInstance = fr.insalyon.creatis.vip.integrationtest.VipWebConfigurationIT@1a25ce22, testMethod = testGetPlatformProperties@VipWebConfigurationIT, testException = [null], mergedContextConfiguration = [WebMergedContextConfiguration@13137835 testClass = VipWebConfigurationIT, locations = '{}', classes = '{class fr.insalyon.creatis.vip.core.server.SpringCoreConfig}', contextInitializerClasses = '[]', activeProfiles = '{test-db, test}', propertySourceLocations = '{}', propertySourceProperties = '{db.tableEngine=, vipConfigFolder=classpath:}', contextCustomizers = set[[empty]], resourceBasePath = 'src/main/webapp', contextLoader = 'org.springframework.test.context.web.WebDelegatingSmartContextLoader', parent = [null]], attributes = map['org.springframework.test.context.web.ServletTestExecutionListener.populatedRequestContextHolder' -> true, 'org.springframework.test.context.web.ServletTestExecutionListener.resetRequestContextHolder' -> true, 'org.springframework.test.context.event.ApplicationEventsTestExecutionListener.recordApplicationEvents' -> false]]
18:04:15.173 [main] DEBUG o.s.t.c.c.DefaultCacheAwareContextLoaderDelegate - Retrieved ApplicationContext [580340208] from cache with key [[WebMergedContextConfiguration@13137835 testClass = VipWebConfigurationIT, locations = '{}', classes = '{class fr.insalyon.creatis.vip.core.server.SpringCoreConfig}', contextInitializerClasses = '[]', activeProfiles = '{test-db, test}', propertySourceLocations = '{}', propertySourceProperties = '{db.tableEngine=, vipConfigFolder=classpath:}', contextCustomizers = set[[empty]], resourceBasePath = 'src/main/webapp', contextLoader = 'org.springframework.test.context.web.WebDelegatingSmartContextLoader', parent = [null]]]
18:04:15.173 [main] DEBUG o.springframework.test.context.cache - Spring test ApplicationContext cache statistics: [DefaultContextCache@7ef766b8 size = 1, maxSize = 32, parentContextCount = 0, hitCount = 11, missCount = 1]
18:04:15.174 [main] DEBUG o.s.t.c.t.TransactionalTestExecutionListener - No method-level @Rollback override: using default rollback [true] for test context [DefaultTestContext@672d8370 testClass = VipWebConfigurationIT, testInstance = fr.insalyon.creatis.vip.integrationtest.VipWebConfigurationIT@1a25ce22, testMethod = testGetPlatformProperties@VipWebConfigurationIT, testException = [null], mergedContextConfiguration = [WebMergedContextConfiguration@13137835 testClass = VipWebConfigurationIT, locations = '{}', classes = '{class fr.insalyon.creatis.vip.core.server.SpringCoreConfig}', contextInitializerClasses = '[]', activeProfiles = '{test-db, test}', propertySourceLocations = '{}', propertySourceProperties = '{db.tableEngine=, vipConfigFolder=classpath:}', contextCustomizers = set[[empty]], resourceBasePath = 'src/main/webapp', contextLoader = 'org.springframework.test.context.web.WebDelegatingSmartContextLoader', parent = [null]], attributes = map['org.springframework.test.context.web.ServletTestExecutionListener.populatedRequestContextHolder' -> true, 'org.springframework.test.context.web.ServletTestExecutionListener.resetRequestContextHolder' -> true, 'org.springframework.test.context.event.ApplicationEventsTestExecutionListener.recordApplicationEvents' -> false]].
18:04:15.174 [main] DEBUG o.s.j.d.DataSourceTransactionManager - Creating new transaction with name [fr.insalyon.creatis.vip.integrationtest.VipWebConfigurationIT.testGetPlatformProperties]: PROPAGATION_REQUIRED,ISOLATION_DEFAULT
18:04:15.175 [main] DEBUG o.s.j.d.DataSourceTransactionManager - Acquired Connection [Lazy Connection proxy for target DataSource [org.springframework.jdbc.datasource.embedded.EmbeddedDatabaseFactory$EmbeddedDataSourceProxy@3140f760]] for JDBC transaction
18:04:15.175 [main] DEBUG o.s.j.d.DataSourceTransactionManager - Switching JDBC Connection [Lazy Connection proxy for target DataSource [org.springframework.jdbc.datasource.embedded.EmbeddedDatabaseFactory$EmbeddedDataSourceProxy@3140f760]] to manual commit
18:04:15.178 [main] INFO  o.s.t.c.t.TransactionContext - Began transaction (1) for test context [DefaultTestContext@672d8370 testClass = VipWebConfigurationIT, testInstance = fr.insalyon.creatis.vip.integrationtest.VipWebConfigurationIT@1a25ce22, testMethod = testGetPlatformProperties@VipWebConfigurationIT, testException = [null], mergedContextConfiguration = [WebMergedContextConfiguration@13137835 testClass = VipWebConfigurationIT, locations = '{}', classes = '{class fr.insalyon.creatis.vip.core.server.SpringCoreConfig}', contextInitializerClasses = '[]', activeProfiles = '{test-db, test}', propertySourceLocations = '{}', propertySourceProperties = '{db.tableEngine=, vipConfigFolder=classpath:}', contextCustomizers = set[[empty]], resourceBasePath = 'src/main/webapp', contextLoader = 'org.springframework.test.context.web.WebDelegatingSmartContextLoader', parent = [null]], attributes = map['org.springframework.test.context.web.ServletTestExecutionListener.populatedRequestContextHolder' -> true, 'org.springframework.test.context.web.ServletTestExecutionListener.resetRequestContextHolder' -> true, 'org.springframework.test.context.event.ApplicationEventsTestExecutionListener.recordApplicationEvents' -> false]]; transaction manager [org.springframework.jdbc.datasource.DataSourceTransactionManager@5998e2a5]; rollback [true]
18:04:15.179 [main] DEBUG o.s.t.c.c.DefaultCacheAwareContextLoaderDelegate - Retrieved ApplicationContext [580340208] from cache with key [[WebMergedContextConfiguration@13137835 testClass = VipWebConfigurationIT, locations = '{}', classes = '{class fr.insalyon.creatis.vip.core.server.SpringCoreConfig}', contextInitializerClasses = '[]', activeProfiles = '{test-db, test}', propertySourceLocations = '{}', propertySourceProperties = '{db.tableEngine=, vipConfigFolder=classpath:}', contextCustomizers = set[[empty]], resourceBasePath = 'src/main/webapp', contextLoader = 'org.springframework.test.context.web.WebDelegatingSmartContextLoader', parent = [null]]]
18:04:15.179 [main] DEBUG o.springframework.test.context.cache - Spring test ApplicationContext cache statistics: [DefaultContextCache@7ef766b8 size = 1, maxSize = 32, parentContextCount = 0, hitCount = 12, missCount = 1]
18:04:15.180 [main] INFO  o.s.mock.web.MockServletContext - Initializing Spring TestDispatcherServlet ''
18:04:15.180 [main] INFO  o.s.t.w.s.TestDispatcherServlet - Initializing Servlet ''
18:04:15.180 [main] DEBUG o.s.t.w.s.TestDispatcherServlet - Detected AcceptHeaderLocaleResolver
18:04:15.180 [main] DEBUG o.s.t.w.s.TestDispatcherServlet - Detected FixedThemeResolver
18:04:15.181 [main] DEBUG o.s.t.w.s.TestDispatcherServlet - Detected org.springframework.web.servlet.view.DefaultRequestToViewNameTranslator@4f8c8dd5
18:04:15.181 [main] DEBUG o.s.t.w.s.TestDispatcherServlet - Detected org.springframework.web.servlet.support.SessionFlashMapManager@2715f9b0
18:04:15.181 [main] DEBUG o.s.t.w.s.TestDispatcherServlet - enableLoggingRequestDetails='false': request parameters and headers will be masked to prevent unsafe logging of potentially sensitive data
18:04:15.181 [main] INFO  o.s.t.w.s.TestDispatcherServlet - Completed initialization in 1 ms
18:04:15.181 [main] DEBUG o.s.t.c.c.DefaultCacheAwareContextLoaderDelegate - Retrieved ApplicationContext [580340208] from cache with key [[WebMergedContextConfiguration@13137835 testClass = VipWebConfigurationIT, locations = '{}', classes = '{class fr.insalyon.creatis.vip.core.server.SpringCoreConfig}', contextInitializerClasses = '[]', activeProfiles = '{test-db, test}', propertySourceLocations = '{}', propertySourceProperties = '{db.tableEngine=, vipConfigFolder=classpath:}', contextCustomizers = set[[empty]], resourceBasePath = 'src/main/webapp', contextLoader = 'org.springframework.test.context.web.WebDelegatingSmartContextLoader', parent = [null]]]
18:04:15.181 [main] DEBUG o.springframework.test.context.cache - Spring test ApplicationContext cache statistics: [DefaultContextCache@7ef766b8 size = 1, maxSize = 32, parentContextCount = 0, hitCount = 13, missCount = 1]
18:04:15.182 [main] DEBUG o.s.security.web.FilterChainProxy - Securing GET /rest/platform
18:04:15.182 [main] DEBUG o.s.s.w.c.SecurityContextPersistenceFilter - Set SecurityContextHolder to empty SecurityContext
18:04:15.182 [main] DEBUG o.s.w.s.m.m.a.RequestMappingHandlerMapping - Mapped to fr.insalyon.creatis.vip.api.controller.PlatformController#getPlatformProperties()
18:04:15.182 [main] DEBUG f.i.c.v.a.s.a.ApikeyAuthenticationFilter - no apikey header apikey_test found.
18:04:15.183 [main] DEBUG o.s.s.w.a.AnonymousAuthenticationFilter - Set SecurityContextHolder to anonymous SecurityContext
18:04:15.183 [main] DEBUG o.s.s.w.a.i.FilterSecurityInterceptor - Authorized filter invocation [GET /rest/platform] with attributes [permitAll]
18:04:15.183 [main] DEBUG o.s.security.web.FilterChainProxy - Secured GET /rest/platform
18:04:15.184 [main] DEBUG o.s.t.w.s.TestDispatcherServlet - GET "/rest/platform", parameters={}
18:04:15.184 [main] DEBUG o.s.w.s.m.m.a.RequestMappingHandlerMapping - Mapped to fr.insalyon.creatis.vip.api.controller.PlatformController#getPlatformProperties()
18:04:15.184 [main] DEBUG f.i.c.vip.api.business.VipConfigurer - comparing java.util.GregorianCalendar[time=1688666654702,areFieldsSet=true,areAllFieldsSet=true,lenient=true,zone=sun.util.calendar.ZoneInfo[id="Etc/UTC",offset=0,dstSavings=0,useDaylight=false,transitions=0,lastRule=null],firstDayOfWeek=1,minimalDaysInFirstWeek=1,ERA=1,YEAR=2023,MONTH=6,WEEK_OF_YEAR=27,WEEK_OF_MONTH=2,DAY_OF_MONTH=6,DAY_OF_YEAR=187,DAY_OF_WEEK=5,DAY_OF_WEEK_IN_MONTH=1,AM_PM=1,HOUR=6,HOUR_OF_DAY=18,MINUTE=4,SECOND=14,MILLISECOND=702,ZONE_OFFSET=0,DST_OFFSET=0] to now java.util.GregorianCalendar[time=1688666655184,areFieldsSet=true,areAllFieldsSet=true,lenient=true,zone=sun.util.calendar.ZoneInfo[id="Etc/UTC",offset=0,dstSavings=0,useDaylight=false,transitions=0,lastRule=null],firstDayOfWeek=1,minimalDaysInFirstWeek=1,ERA=1,YEAR=2023,MONTH=6,WEEK_OF_YEAR=27,WEEK_OF_MONTH=2,DAY_OF_MONTH=6,DAY_OF_YEAR=187,DAY_OF_WEEK=5,DAY_OF_WEEK_IN_MONTH=1,AM_PM=1,HOUR=6,HOUR_OF_DAY=18,MINUTE=4,SECOND=15,MILLISECOND=184,ZONE_OFFSET=0,DST_OFFSET=0] to check configuration
18:04:15.184 [main] DEBUG f.i.c.vip.api.business.VipConfigurer - no need to reconfigure
18:04:15.185 [main] DEBUG f.i.c.v.a.c.PlatformController - (Anonymous) Calling API method getPlatformProperties} ([])
18:04:15.185 [main] DEBUG o.springframework.jndi.JndiTemplate - Looking up JNDI object with name [java:comp/env/carmin.platform.name]
18:04:15.185 [main] DEBUG jndi - InitialContextFactory.getInitialContext()
18:04:15.185 [main] DEBUG jndi - Created initial context delegate for local namespace:org.eclipse.jetty.jndi.local.localContextRoot@4ef2f560
18:04:15.185 [main] DEBUG o.e.j.j.java.javaURLContextFactory - >>> new root context requested 
18:04:15.186 [main] DEBUG jndi - Looking up name="comp/env/carmin.platform.name"
18:04:15.186 [main] DEBUG jndi - Trying thread context classloader
18:04:15.186 [main] DEBUG jndi - Looking up name="env/carmin.platform.name"
18:04:15.186 [main] DEBUG o.s.jndi.JndiLocatorDelegate - Converted JNDI name [java:comp/env/carmin.platform.name] not found - trying original name [carmin.platform.name]. javax.naming.NameNotFoundException; remaining name 'env/carmin.platform.name'
18:04:15.186 [main] DEBUG o.springframework.jndi.JndiTemplate - Looking up JNDI object with name [carmin.platform.name]
18:04:15.186 [main] DEBUG jndi - InitialContextFactory.getInitialContext()
18:04:15.186 [main] DEBUG jndi - Created initial context delegate for local namespace:org.eclipse.jetty.jndi.local.localContextRoot@9f442b8
18:04:15.186 [main] DEBUG jndi - Looking up name="carmin.platform.name"
18:04:15.186 [main] DEBUG o.s.jndi.JndiPropertySource - JNDI lookup for name [carmin.platform.name] threw NamingException with message: null. Returning null.
18:04:15.186 [main] DEBUG o.s.c.e.PropertySourcesPropertyResolver - Found key 'carmin.platform.name' in PropertySource 'file [/home/runner/work/VIP-portal/VIP-portal/vip-portal/target/test-classes/vip-api.conf]' with value of type String
18:04:15.186 [main] DEBUG o.springframework.jndi.JndiTemplate - Looking up JNDI object with name [java:comp/env/carmin.platform.description]
18:04:15.186 [main] DEBUG jndi - InitialContextFactory.getInitialContext()
18:04:15.187 [main] DEBUG jndi - Created initial context delegate for local namespace:org.eclipse.jetty.jndi.local.localContextRoot@1aa3bbec
18:04:15.187 [main] DEBUG o.e.j.j.java.javaURLContextFactory - >>> new root context requested 
18:04:15.187 [main] DEBUG jndi - Looking up name="comp/env/carmin.platform.description"
18:04:15.187 [main] DEBUG jndi - Trying thread context classloader
18:04:15.187 [main] DEBUG jndi - Looking up name="env/carmin.platform.description"
18:04:15.187 [main] DEBUG o.s.jndi.JndiLocatorDelegate - Converted JNDI name [java:comp/env/carmin.platform.description] not found - trying original name [carmin.platform.description]. javax.naming.NameNotFoundException; remaining name 'env/carmin.platform.description'
18:04:15.187 [main] DEBUG o.springframework.jndi.JndiTemplate - Looking up JNDI object with name [carmin.platform.description]
18:04:15.187 [main] DEBUG jndi - InitialContextFactory.getInitialContext()
18:04:15.187 [main] DEBUG jndi - Created initial context delegate for local namespace:org.eclipse.jetty.jndi.local.localContextRoot@523e6627
18:04:15.187 [main] DEBUG jndi - Looking up name="carmin.platform.description"
18:04:15.188 [main] DEBUG o.s.jndi.JndiPropertySource - JNDI lookup for name [carmin.platform.description] threw NamingException with message: null. Returning null.
18:04:15.188 [main] DEBUG o.s.c.e.PropertySourcesPropertyResolver - Found key 'carmin.platform.description' in PropertySource 'file [/home/runner/work/VIP-portal/VIP-portal/vip-portal/target/test-classes/vip-api.conf]' with value of type String
18:04:15.188 [main] DEBUG o.springframework.jndi.JndiTemplate - Looking up JNDI object with name [java:comp/env/carmin.platform.supported_transfer_protocols]
18:04:15.188 [main] DEBUG jndi - InitialContextFactory.getInitialContext()
18:04:15.188 [main] DEBUG jndi - Created initial context delegate for local namespace:org.eclipse.jetty.jndi.local.localContextRoot@bbed0f5
18:04:15.188 [main] DEBUG o.e.j.j.java.javaURLContextFactory - >>> new root context requested 
18:04:15.188 [main] DEBUG jndi - Looking up name="comp/env/carmin.platform.supported_transfer_protocols"
18:04:15.188 [main] DEBUG jndi - Trying thread context classloader
18:04:15.188 [main] DEBUG jndi - Looking up name="env/carmin.platform.supported_transfer_protocols"
18:04:15.188 [main] DEBUG o.s.jndi.JndiLocatorDelegate - Converted JNDI name [java:comp/env/carmin.platform.supported_transfer_protocols] not found - trying original name [carmin.platform.supported_transfer_protocols]. javax.naming.NameNotFoundException; remaining name 'env/carmin.platform.supported_transfer_protocols'
18:04:15.188 [main] DEBUG o.springframework.jndi.JndiTemplate - Looking up JNDI object with name [carmin.platform.supported_transfer_protocols]
18:04:15.188 [main] DEBUG jndi - InitialContextFactory.getInitialContext()
18:04:15.188 [main] DEBUG jndi - Created initial context delegate for local namespace:org.eclipse.jetty.jndi.local.localContextRoot@20f4b2b8
18:04:15.188 [main] DEBUG jndi - Looking up name="carmin.platform.supported_transfer_protocols"
18:04:15.188 [main] DEBUG o.s.jndi.JndiPropertySource - JNDI lookup for name [carmin.platform.supported_transfer_protocols] threw NamingException with message: null. Returning null.
18:04:15.188 [main] DEBUG o.s.c.e.PropertySourcesPropertyResolver - Found key 'carmin.platform.supported_transfer_protocols' in PropertySource 'file [/home/runner/work/VIP-portal/VIP-portal/vip-portal/target/test-classes/vip-api.conf]' with value of type String
18:04:15.190 [main] DEBUG o.springframework.jndi.JndiTemplate - Looking up JNDI object with name [java:comp/env/carmin.platform.supported_modules]
18:04:15.190 [main] DEBUG jndi - InitialContextFactory.getInitialContext()
18:04:15.190 [main] DEBUG jndi - Created initial context delegate for local namespace:org.eclipse.jetty.jndi.local.localContextRoot@278f0191
18:04:15.190 [main] DEBUG o.e.j.j.java.javaURLContextFactory - >>> new root context requested 
18:04:15.190 [main] DEBUG jndi - Looking up name="comp/env/carmin.platform.supported_modules"
18:04:15.190 [main] DEBUG jndi - Trying thread context classloader
18:04:15.190 [main] DEBUG jndi - Looking up name="env/carmin.platform.supported_modules"
18:04:15.190 [main] DEBUG o.s.jndi.JndiLocatorDelegate - Converted JNDI name [java:comp/env/carmin.platform.supported_modules] not found - trying original name [carmin.platform.supported_modules]. javax.naming.NameNotFoundException; remaining name 'env/carmin.platform.supported_modules'
18:04:15.190 [main] DEBUG o.springframework.jndi.JndiTemplate - Looking up JNDI object with name [carmin.platform.supported_modules]
18:04:15.190 [main] DEBUG jndi - InitialContextFactory.getInitialContext()
18:04:15.190 [main] DEBUG jndi - Created initial context delegate for local namespace:org.eclipse.jetty.jndi.local.localContextRoot@6a14419
18:04:15.190 [main] DEBUG jndi - Looking up name="carmin.platform.supported_modules"
18:04:15.190 [main] DEBUG o.s.jndi.JndiPropertySource - JNDI lookup for name [carmin.platform.supported_modules] threw NamingException with message: null. Returning null.
18:04:15.190 [main] DEBUG o.s.c.e.PropertySourcesPropertyResolver - Found key 'carmin.platform.supported_modules' in PropertySource 'file [/home/runner/work/VIP-portal/VIP-portal/vip-portal/target/test-classes/vip-api.conf]' with value of type String
18:04:15.190 [main] DEBUG o.springframework.jndi.JndiTemplate - Looking up JNDI object with name [java:comp/env/carmin.platform.default_limit_list_execution]
18:04:15.190 [main] DEBUG jndi - InitialContextFactory.getInitialContext()
18:04:15.190 [main] DEBUG jndi - Created initial context delegate for local namespace:org.eclipse.jetty.jndi.local.localContextRoot@7b651540
18:04:15.190 [main] DEBUG o.e.j.j.java.javaURLContextFactory - >>> new root context requested 
18:04:15.190 [main] DEBUG jndi - Looking up name="comp/env/carmin.platform.default_limit_list_execution"
18:04:15.190 [main] DEBUG jndi - Trying thread context classloader
18:04:15.190 [main] DEBUG jndi - Looking up name="env/carmin.platform.default_limit_list_execution"
18:04:15.191 [main] DEBUG o.s.jndi.JndiLocatorDelegate - Converted JNDI name [java:comp/env/carmin.platform.default_limit_list_execution] not found - trying original name [carmin.platform.default_limit_list_execution]. javax.naming.NameNotFoundException; remaining name 'env/carmin.platform.default_limit_list_execution'
18:04:15.191 [main] DEBUG o.springframework.jndi.JndiTemplate - Looking up JNDI object with name [carmin.platform.default_limit_list_execution]
18:04:15.191 [main] DEBUG jndi - InitialContextFactory.getInitialContext()
18:04:15.191 [main] DEBUG jndi - Created initial context delegate for local namespace:org.eclipse.jetty.jndi.local.localContextRoot@7e0109e6
18:04:15.191 [main] DEBUG jndi - Looking up name="carmin.platform.default_limit_list_execution"
18:04:15.192 [main] DEBUG o.s.jndi.JndiPropertySource - JNDI lookup for name [carmin.platform.default_limit_list_execution] threw NamingException with message: null. Returning null.
18:04:15.192 [main] DEBUG o.s.c.e.PropertySourcesPropertyResolver - Found key 'carmin.platform.default_limit_list_execution' in PropertySource 'file [/home/runner/work/VIP-portal/VIP-portal/vip-portal/target/test-classes/vip-api.conf]' with value of type String
18:04:15.192 [main] DEBUG o.springframework.jndi.JndiTemplate - Looking up JNDI object with name [java:comp/env/carmin.platform.unsupported_methods]
18:04:15.192 [main] DEBUG jndi - InitialContextFactory.getInitialContext()
18:04:15.192 [main] DEBUG jndi - Created initial context delegate for local namespace:org.eclipse.jetty.jndi.local.localContextRoot@215d0c3e
18:04:15.192 [main] DEBUG o.e.j.j.java.javaURLContextFactory - >>> new root context requested 
18:04:15.192 [main] DEBUG jndi - Looking up name="comp/env/carmin.platform.unsupported_methods"
18:04:15.192 [main] DEBUG jndi - Trying thread context classloader
18:04:15.192 [main] DEBUG jndi - Looking up name="env/carmin.platform.unsupported_methods"
18:04:15.192 [main] DEBUG o.s.jndi.JndiLocatorDelegate - Converted JNDI name [java:comp/env/carmin.platform.unsupported_methods] not found - trying original name [carmin.platform.unsupported_methods]. javax.naming.NameNotFoundException; remaining name 'env/carmin.platform.unsupported_methods'
18:04:15.192 [main] DEBUG o.springframework.jndi.JndiTemplate - Looking up JNDI object with name [carmin.platform.unsupported_methods]
18:04:15.192 [main] DEBUG jndi - InitialContextFactory.getInitialContext()
18:04:15.192 [main] DEBUG jndi - Created initial context delegate for local namespace:org.eclipse.jetty.jndi.local.localContextRoot@2d501580
18:04:15.192 [main] DEBUG jndi - Looking up name="carmin.platform.unsupported_methods"
18:04:15.192 [main] DEBUG o.s.jndi.JndiPropertySource - JNDI lookup for name [carmin.platform.unsupported_methods] threw NamingException with message: null. Returning null.
18:04:15.192 [main] DEBUG o.s.c.e.PropertySourcesPropertyResolver - Found key 'carmin.platform.unsupported_methods' in PropertySource 'file [/home/runner/work/VIP-portal/VIP-portal/vip-portal/target/test-classes/vip-api.conf]' with value of type String
18:04:15.192 [main] DEBUG o.springframework.jndi.JndiTemplate - Looking up JNDI object with name [java:comp/env/carmin.platform.supported_API_Version]
18:04:15.193 [main] DEBUG jndi - InitialContextFactory.getInitialContext()
18:04:15.193 [main] DEBUG jndi - Created initial context delegate for local namespace:org.eclipse.jetty.jndi.local.localContextRoot@7eccca7f
18:04:15.193 [main] DEBUG o.e.j.j.java.javaURLContextFactory - >>> new root context requested 
18:04:15.193 [main] DEBUG jndi - Looking up name="comp/env/carmin.platform.supported_API_Version"
18:04:15.193 [main] DEBUG jndi - Trying thread context classloader
18:04:15.193 [main] DEBUG jndi - Looking up name="env/carmin.platform.supported_API_Version"
18:04:15.193 [main] DEBUG o.s.jndi.JndiLocatorDelegate - Converted JNDI name [java:comp/env/carmin.platform.supported_API_Version] not found - trying original name [carmin.platform.supported_API_Version]. javax.naming.NameNotFoundException; remaining name 'env/carmin.platform.supported_API_Version'
18:04:15.193 [main] DEBUG o.springframework.jndi.JndiTemplate - Looking up JNDI object with name [carmin.platform.supported_API_Version]
18:04:15.193 [main] DEBUG jndi - InitialContextFactory.getInitialContext()
18:04:15.193 [main] DEBUG jndi - Created initial context delegate for local namespace:org.eclipse.jetty.jndi.local.localContextRoot@8f4b279
18:04:15.193 [main] DEBUG jndi - Looking up name="carmin.platform.supported_API_Version"
18:04:15.193 [main] DEBUG o.s.jndi.JndiPropertySource - JNDI lookup for name [carmin.platform.supported_API_Version] threw NamingException with message: null. Returning null.
18:04:15.193 [main] DEBUG o.s.c.e.PropertySourcesPropertyResolver - Found key 'carmin.platform.supported_API_Version' in PropertySource 'file [/home/runner/work/VIP-portal/VIP-portal/vip-portal/target/test-classes/vip-api.conf]' with value of type String
18:04:15.193 [main] DEBUG o.springframework.jndi.JndiTemplate - Looking up JNDI object with name [java:comp/env/carmin.platform.email]
18:04:15.193 [main] DEBUG jndi - InitialContextFactory.getInitialContext()
18:04:15.193 [main] DEBUG jndi - Created initial context delegate for local namespace:org.eclipse.jetty.jndi.local.localContextRoot@418173a5
18:04:15.193 [main] DEBUG o.e.j.j.java.javaURLContextFactory - >>> new root context requested 
18:04:15.193 [main] DEBUG jndi - Looking up name="comp/env/carmin.platform.email"
18:04:15.193 [main] DEBUG jndi - Trying thread context classloader
18:04:15.193 [main] DEBUG jndi - Looking up name="env/carmin.platform.email"
18:04:15.193 [main] DEBUG o.s.jndi.JndiLocatorDelegate - Converted JNDI name [java:comp/env/carmin.platform.email] not found - trying original name [carmin.platform.email]. javax.naming.NameNotFoundException; remaining name 'env/carmin.platform.email'
18:04:15.193 [main] DEBUG o.springframework.jndi.JndiTemplate - Looking up JNDI object with name [carmin.platform.email]
18:04:15.193 [main] DEBUG jndi - InitialContextFactory.getInitialContext()
18:04:15.193 [main] DEBUG jndi - Created initial context delegate for local namespace:org.eclipse.jetty.jndi.local.localContextRoot@6cd09200
18:04:15.193 [main] DEBUG jndi - Looking up name="carmin.platform.email"
18:04:15.193 [main] DEBUG o.s.jndi.JndiPropertySource - JNDI lookup for name [carmin.platform.email] threw NamingException with message: null. Returning null.
18:04:15.193 [main] DEBUG o.s.c.e.PropertySourcesPropertyResolver - Found key 'carmin.platform.email' in PropertySource 'file [/home/runner/work/VIP-portal/VIP-portal/vip-portal/target/test-classes/vip-api.conf]' with value of type String
18:04:15.197 [main] DEBUG o.springframework.jndi.JndiTemplate - Looking up JNDI object with name [java:comp/env/carmin.data.max_size]
18:04:15.197 [main] DEBUG jndi - InitialContextFactory.getInitialContext()
18:04:15.197 [main] DEBUG jndi - Created initial context delegate for local namespace:org.eclipse.jetty.jndi.local.localContextRoot@109adaae
18:04:15.197 [main] DEBUG o.e.j.j.java.javaURLContextFactory - >>> new root context requested 
18:04:15.197 [main] DEBUG jndi - Looking up name="comp/env/carmin.data.max_size"
18:04:15.197 [main] DEBUG jndi - Trying thread context classloader
18:04:15.197 [main] DEBUG jndi - Looking up name="env/carmin.data.max_size"
18:04:15.197 [main] DEBUG o.s.jndi.JndiLocatorDelegate - Converted JNDI name [java:comp/env/carmin.data.max_size] not found - trying original name [carmin.data.max_size]. javax.naming.NameNotFoundException; remaining name 'env/carmin.data.max_size'
18:04:15.197 [main] DEBUG o.springframework.jndi.JndiTemplate - Looking up JNDI object with name [carmin.data.max_size]
18:04:15.197 [main] DEBUG jndi - InitialContextFactory.getInitialContext()
18:04:15.197 [main] DEBUG jndi - Created initial context delegate for local namespace:org.eclipse.jetty.jndi.local.localContextRoot@6c214b6f
18:04:15.197 [main] DEBUG jndi - Looking up name="carmin.data.max_size"
18:04:15.197 [main] DEBUG o.s.jndi.JndiPropertySource - JNDI lookup for name [carmin.data.max_size] threw NamingException with message: null. Returning null.
18:04:15.197 [main] DEBUG o.s.c.e.PropertySourcesPropertyResolver - Found key 'carmin.data.max_size' in PropertySource 'file [/home/runner/work/VIP-portal/VIP-portal/vip-portal/target/test-classes/vip-api.conf]' with value of type String
18:04:15.249 [main] DEBUG o.s.w.s.m.m.a.RequestResponseBodyMethodProcessor - Using 'application/json', given [*/*] and supported [application/json, application/*+json]
18:04:15.249 [main] DEBUG o.s.w.s.m.m.a.RequestResponseBodyMethodProcessor - Writing [fr.insalyon.creatis.vip.api.model.PlatformProperties@2675a876]
18:04:15.269 [main] DEBUG o.s.s.w.c.HttpSessionSecurityContextRepository - Did not store anonymous SecurityContext
18:04:15.269 [main] DEBUG o.s.t.w.s.TestDispatcherServlet - Completed 200 OK
18:04:15.269 [main] DEBUG o.s.s.w.c.HttpSessionSecurityContextRepository - Did not store anonymous SecurityContext
18:04:15.269 [main] DEBUG o.s.s.w.c.SecurityContextPersistenceFilter - Cleared SecurityContextHolder to complete request

MockHttpServletRequest:
      HTTP Method = GET
      Request URI = /rest/platform
       Parameters = {}
          Headers = []
             Body = <no character encoding set>
    Session Attrs = {}

Handler:
             Type = fr.insalyon.creatis.vip.api.controller.PlatformController
           Method = fr.insalyon.creatis.vip.api.controller.PlatformController#getPlatformProperties()

Async:
    Async started = false
     Async result = null

Resolved Exception:
             Type = null

ModelAndView:
        View name = null
             View = null
            Model = null

FlashMap:
       Attributes = null

MockHttpServletResponse:
           Status = 200
    Error message = null
          Headers = [Vary:"Origin", "Access-Control-Request-Method", "Access-Control-Request-Headers", Content-Type:"application/json", X-Content-Type-Options:"nosniff", X-XSS-Protection:"1; mode=block", Cache-Control:"no-cache, no-store, max-age=0, must-revalidate", Pragma:"no-cache", Expires:"0", X-Frame-Options:"SAMEORIGIN"]
     Content type = application/json
             Body = {"platformName":"VIP_TEST","supportedTransferProtocols":["https"],"supportedModules":["Processing"],"defaultLimitListExecutions":500,"email":"test@test.tst","platformDescription":"Test instance of Virtual Imaging Platform","minAuthorizedExecutionTimeout":null,"maxAuthorizedExecutionTimeout":null,"unsupportedMethods":["playExecution"],"maxSizeDirectTransfer":15000000,"defaultStudy":null,"supportedAPIVersion":"0.3","apierrorCodesAndMessages":[{"errorCode":8000,"errorMessage":"An error has been encountered on the VIP API"},{"errorCode":8001,"errorMessage":"The {} method is not implemented in the VIP API"},{"errorCode":8002,"errorMessage":"The error message for 'bad credentials' cannot be known in advance"},{"errorCode":8003,"errorMessage":"The error message for 'insufficient auth' cannot be known in advance"},{"errorCode":8004,"errorMessage":"The error message for 'authentication error' cannot be known in advance"},{"errorCode":8005,"errorMessage":"The {} pipeline identifier is not valid"},{"errorCode":8006,"errorMessage":"The {} application does not exists"},{"errorCode":8007,"errorMessage":"The {} pipeline does not exists or cannot be used"},{"errorCode":8008,"errorMessage":"Not allowed to access application {}"},{"errorCode":8009,"errorMessage":"Input field '{}' is not valid. Cause : {}"},{"errorCode":8010,"errorMessage":"The date {} have a wrong format (needed : {})"},{"errorCode":8011,"errorMessage":"The service {} is unknown, only 'vip' is possible"},{"errorCode":8012,"errorMessage":"Country unknown : {}"},{"errorCode":8013,"errorMessage":"Unauthorized data access to : {}"},{"errorCode":8014,"errorMessage":"The login process encountered an error"},{"errorCode":2000,"errorMessage":"Max number of running executions reached on the platform."},{"errorCode":2001,"errorMessage":"Max number of running executions reached.<br />You already have {} running executions."},{"errorCode":2002,"errorMessage":"Error getting application descriptor for {}."}],"APIErrorCodesAndMessages":[{"errorCode":8000,"errorMessage":"An error has been encountered on the VIP API"},{"errorCode":8001,"errorMessage":"The {} method is not implemented in the VIP API"},{"errorCode":8002,"errorMessage":"The error message for 'bad credentials' cannot be known in advance"},{"errorCode":8003,"errorMessage":"The error message for 'insufficient auth' cannot be known in advance"},{"errorCode":8004,"errorMessage":"The error message for 'authentication error' cannot be known in advance"},{"errorCode":8005,"errorMessage":"The {} pipeline identifier is not valid"},{"errorCode":8006,"errorMessage":"The {} application does not exists"},{"errorCode":8007,"errorMessage":"The {} pipeline does not exists or cannot be used"},{"errorCode":8008,"errorMessage":"Not allowed to access application {}"},{"errorCode":8009,"errorMessage":"Input field '{}' is not valid. Cause : {}"},{"errorCode":8010,"errorMessage":"The date {} have a wrong format (needed : {})"},{"errorCode":8011,"errorMessage":"The service {} is unknown, only 'vip' is possible"},{"errorCode":8012,"errorMessage":"Country unknown : {}"},{"errorCode":8013,"errorMessage":"Unauthorized data access to : {}"},{"errorCode":8014,"errorMessage":"The login process encountered an error"},{"errorCode":2000,"errorMessage":"Max number of running executions reached on the platform."},{"errorCode":2001,"errorMessage":"Max number of running executions reached.<br />You already have {} running executions."},{"errorCode":2002,"errorMessage":"Error getting application descriptor for {}."}]}
    Forwarded URL = null
   Redirected URL = null
          Cookies = []
18:04:15.275 [main] DEBUG c.j.j.internal.path.CompiledPath - Evaluating path: $['platformName']
18:04:15.276 [main] DEBUG o.s.t.c.c.DefaultCacheAwareContextLoaderDelegate - Retrieved ApplicationContext [580340208] from cache with key [[WebMergedContextConfiguration@13137835 testClass = VipWebConfigurationIT, locations = '{}', classes = '{class fr.insalyon.creatis.vip.core.server.SpringCoreConfig}', contextInitializerClasses = '[]', activeProfiles = '{test-db, test}', propertySourceLocations = '{}', propertySourceProperties = '{db.tableEngine=, vipConfigFolder=classpath:}', contextCustomizers = set[[empty]], resourceBasePath = 'src/main/webapp', contextLoader = 'org.springframework.test.context.web.WebDelegatingSmartContextLoader', parent = [null]]]
18:04:15.276 [main] DEBUG o.springframework.test.context.cache - Spring test ApplicationContext cache statistics: [DefaultContextCache@7ef766b8 size = 1, maxSize = 32, parentContextCount = 0, hitCount = 14, missCount = 1]
18:04:15.276 [main] DEBUG o.s.t.c.c.DefaultCacheAwareContextLoaderDelegate - Retrieved ApplicationContext [580340208] from cache with key [[WebMergedContextConfiguration@13137835 testClass = VipWebConfigurationIT, locations = '{}', classes = '{class fr.insalyon.creatis.vip.core.server.SpringCoreConfig}', contextInitializerClasses = '[]', activeProfiles = '{test-db, test}', propertySourceLocations = '{}', propertySourceProperties = '{db.tableEngine=, vipConfigFolder=classpath:}', contextCustomizers = set[[empty]], resourceBasePath = 'src/main/webapp', contextLoader = 'org.springframework.test.context.web.WebDelegatingSmartContextLoader', parent = [null]]]
18:04:15.276 [main] DEBUG o.springframework.test.context.cache - Spring test ApplicationContext cache statistics: [DefaultContextCache@7ef766b8 size = 1, maxSize = 32, parentContextCount = 0, hitCount = 15, missCount = 1]
18:04:15.277 [main] DEBUG o.s.j.d.DataSourceTransactionManager - Initiating transaction rollback
18:04:15.278 [main] DEBUG o.s.j.d.DataSourceTransactionManager - Rolling back JDBC transaction on Connection [Lazy Connection proxy for target DataSource [org.springframework.jdbc.datasource.embedded.EmbeddedDatabaseFactory$EmbeddedDataSourceProxy@3140f760]]
18:04:15.279 [main] DEBUG o.s.j.d.DataSourceTransactionManager - Releasing JDBC Connection [Lazy Connection proxy for target DataSource [org.springframework.jdbc.datasource.embedded.EmbeddedDatabaseFactory$EmbeddedDataSourceProxy@3140f760]] after transaction
18:04:15.279 [main] INFO  o.s.t.c.t.TransactionContext - Rolled back transaction for test: [DefaultTestContext@672d8370 testClass = VipWebConfigurationIT, testInstance = fr.insalyon.creatis.vip.integrationtest.VipWebConfigurationIT@1a25ce22, testMethod = testGetPlatformProperties@VipWebConfigurationIT, testException = [null], mergedContextConfiguration = [WebMergedContextConfiguration@13137835 testClass = VipWebConfigurationIT, locations = '{}', classes = '{class fr.insalyon.creatis.vip.core.server.SpringCoreConfig}', contextInitializerClasses = '[]', activeProfiles = '{test-db, test}', propertySourceLocations = '{}', propertySourceProperties = '{db.tableEngine=, vipConfigFolder=classpath:}', contextCustomizers = set[[empty]], resourceBasePath = 'src/main/webapp', contextLoader = 'org.springframework.test.context.web.WebDelegatingSmartContextLoader', parent = [null]], attributes = map['org.springframework.test.context.web.ServletTestExecutionListener.populatedRequestContextHolder' -> true, 'org.springframework.test.context.web.ServletTestExecutionListener.resetRequestContextHolder' -> true, 'org.springframework.test.context.event.ApplicationEventsTestExecutionListener.recordApplicationEvents' -> false]]
18:04:15.280 [main] DEBUG o.s.t.c.s.AbstractDirtiesContextTestExecutionListener - After test method: context [DefaultTestContext@672d8370 testClass = VipWebConfigurationIT, testInstance = fr.insalyon.creatis.vip.integrationtest.VipWebConfigurationIT@1a25ce22, testMethod = testGetPlatformProperties@VipWebConfigurationIT, testException = [null], mergedContextConfiguration = [WebMergedContextConfiguration@13137835 testClass = VipWebConfigurationIT, locations = '{}', classes = '{class fr.insalyon.creatis.vip.core.server.SpringCoreConfig}', contextInitializerClasses = '[]', activeProfiles = '{test-db, test}', propertySourceLocations = '{}', propertySourceProperties = '{db.tableEngine=, vipConfigFolder=classpath:}', contextCustomizers = set[[empty]], resourceBasePath = 'src/main/webapp', contextLoader = 'org.springframework.test.context.web.WebDelegatingSmartContextLoader', parent = [null]], attributes = map['org.springframework.test.context.web.ServletTestExecutionListener.populatedRequestContextHolder' -> true, 'org.springframework.test.context.web.ServletTestExecutionListener.resetRequestContextHolder' -> true, 'org.springframework.test.context.event.ApplicationEventsTestExecutionListener.recordApplicationEvents' -> false]], class annotated with @DirtiesContext [false] with mode [null], method annotated with @DirtiesContext [false] with mode [null].
18:04:15.280 [main] DEBUG o.s.t.c.w.ServletTestExecutionListener - Resetting RequestContextHolder for test context [DefaultTestContext@672d8370 testClass = VipWebConfigurationIT, testInstance = fr.insalyon.creatis.vip.integrationtest.VipWebConfigurationIT@1a25ce22, testMethod = testGetPlatformProperties@VipWebConfigurationIT, testException = [null], mergedContextConfiguration = [WebMergedContextConfiguration@13137835 testClass = VipWebConfigurationIT, locations = '{}', classes = '{class fr.insalyon.creatis.vip.core.server.SpringCoreConfig}', contextInitializerClasses = '[]', activeProfiles = '{test-db, test}', propertySourceLocations = '{}', propertySourceProperties = '{db.tableEngine=, vipConfigFolder=classpath:}', contextCustomizers = set[[empty]], resourceBasePath = 'src/main/webapp', contextLoader = 'org.springframework.test.context.web.WebDelegatingSmartContextLoader', parent = [null]], attributes = map['org.springframework.test.context.web.ServletTestExecutionListener.populatedRequestContextHolder' -> true, 'org.springframework.test.context.web.ServletTestExecutionListener.resetRequestContextHolder' -> true, 'org.springframework.test.context.event.ApplicationEventsTestExecutionListener.recordApplicationEvents' -> false]].
]]></system-out>
  </testcase>
</testsuite>