<?xml version="1.0" encoding="UTF-8"?>
<testsuite xmlns:xsi="http://www.w3.org/2001/XMLSchema-instance" xsi:noNamespaceSchemaLocation="https://maven.apache.org/surefire/maven-failsafe-plugin/xsd/failsafe-test-report-3.0.xsd" version="3.0" name="fr.insalyon.creatis.vip.core.integrationtest.database.SpringDatabaseIT" time="3.912" tests="6" errors="0" skipped="1" failures="0">
  <properties>
    <property name="sun.desktop" value="gnome"/>
    <property name="awt.toolkit" value="sun.awt.X11.XToolkit"/>
    <property name="java.specification.version" value="11"/>
    <property name="sun.cpu.isalist" value=""/>
    <property name="sun.jnu.encoding" value="UTF-8"/>
    <property name="java.class.path" value="/home/marza/Documents/VIP-portal/vip-core/target/test-classes:/home/marza/Documents/VIP-portal/vip-core/target/vip-core-2.4.1.jar:/home/marza/.m2/repository/javax/servlet/javax.servlet-api/3.1.0/javax.servlet-api-3.1.0.jar:/home/marza/.m2/repository/com/google/gwt/gwt-user/2.8.2/gwt-user-2.8.2.jar:/home/marza/.m2/repository/com/google/jsinterop/jsinterop-annotations/1.0.2/jsinterop-annotations-1.0.2.jar:/home/marza/.m2/repository/com/google/jsinterop/jsinterop-annotations/1.0.2/jsinterop-annotations-1.0.2-sources.jar:/home/marza/.m2/repository/org/w3c/css/sac/1.3/sac-1.3.jar:/home/marza/.m2/repository/com/isomorphic/smartgwt/lgpl/smartgwt-lgpl/12.0p/smartgwt-lgpl-12.0p.jar:/home/marza/.m2/repository/org/bouncycastle/bcpkix-jdk15on/1.52/bcpkix-jdk15on-1.52.jar:/home/marza/.m2/repository/org/bouncycastle/bcprov-jdk15on/1.52/bcprov-jdk15on-1.52.jar:/home/marza/.m2/repository/fr/insalyon/creatis/grida-client/2.2.0/grida-client-2.2.0.jar:/home/marza/.m2/repository/fr/insalyon/creatis/grida-common/2.2.0/grida-common-2.2.0.jar:/home/marza/.m2/repository/commons-cli/commons-cli/1.4/commons-cli-1.4.jar:/home/marza/.m2/repository/fr/insalyon/creatis/sma-client/0.3.0/sma-client-0.3.0.jar:/home/marza/.m2/repository/fr/insalyon/creatis/sma-common/0.3.0/sma-common-0.3.0.jar:/home/marza/.m2/repository/fr/insalyon/creatis/devtools/0.1/devtools-0.1.jar:/home/marza/.m2/repository/org/slf4j/slf4j-api/1.7.30/slf4j-api-1.7.30.jar:/home/marza/.m2/repository/commons-configuration/commons-configuration/1.7/commons-configuration-1.7.jar:/home/marza/.m2/repository/commons-collections/commons-collections/3.2.2/commons-collections-3.2.2.jar:/home/marza/.m2/repository/commons-lang/commons-lang/2.6/commons-lang-2.6.jar:/home/marza/.m2/repository/commons-logging/commons-logging/99-empty/commons-logging-99-empty.jar:/home/marza/.m2/repository/commons-digester/commons-digester/1.8.1/commons-digester-1.8.1.jar:/home/marza/.m2/repository/commons-beanutils/commons-beanutils/1.8.3/commons-beanutils-1.8.3.jar:/home/marza/.m2/repository/commons-codec/commons-codec/1.6/commons-codec-1.6.jar:/home/marza/.m2/repository/commons-io/commons-io/2.4/commons-io-2.4.jar:/home/marza/.m2/repository/org/opensaml/opensaml/2.6.0/opensaml-2.6.0.jar:/home/marza/.m2/repository/org/opensaml/openws/1.5.0/openws-1.5.0.jar:/home/marza/.m2/repository/org/opensaml/xmltooling/1.4.0/xmltooling-1.4.0.jar:/home/marza/.m2/repository/ca/juliusdavies/not-yet-commons-ssl/0.3.9/not-yet-commons-ssl-0.3.9.jar:/home/marza/.m2/repository/org/apache/santuario/xmlsec/1.5.4/xmlsec-1.5.4.jar:/home/marza/.m2/repository/commons-httpclient/commons-httpclient/3.1/commons-httpclient-3.1.jar:/home/marza/.m2/repository/org/apache/velocity/velocity/1.7/velocity-1.7.jar:/home/marza/.m2/repository/org/owasp/esapi/esapi/2.0.1/esapi-2.0.1.jar:/home/marza/.m2/repository/joda-time/joda-time/2.2/joda-time-2.2.jar:/home/marza/.m2/repository/xerces/xercesImpl/2.10.0/xercesImpl-2.10.0.jar:/home/marza/.m2/repository/xalan/serializer/2.7.1/serializer-2.7.1.jar:/home/marza/.m2/repository/xml-resolver/xml-resolver/1.2/xml-resolver-1.2.jar:/home/marza/.m2/repository/xalan/xalan/2.7.1/xalan-2.7.1.jar:/home/marza/.m2/repository/javax/mail/mail/1.4.5/mail-1.4.5.jar:/home/marza/.m2/repository/javax/activation/activation/1.1/activation-1.1.jar:/home/marza/.m2/repository/javax/annotation/javax.annotation-api/1.3.2/javax.annotation-api-1.3.2.jar:/home/marza/.m2/repository/org/springframework/spring-web/5.3.15/spring-web-5.3.15.jar:/home/marza/.m2/repository/org/springframework/spring-beans/5.3.15/spring-beans-5.3.15.jar:/home/marza/.m2/repository/org/springframework/spring-core/5.3.15/spring-core-5.3.15.jar:/home/marza/.m2/repository/org/springframework/spring-jcl/5.3.15/spring-jcl-5.3.15.jar:/home/marza/.m2/repository/org/springframework/spring-jdbc/5.3.15/spring-jdbc-5.3.15.jar:/home/marza/.m2/repository/org/springframework/spring-tx/5.3.15/spring-tx-5.3.15.jar:/home/marza/.m2/repository/org/springframework/spring-context/5.3.15/spring-context-5.3.15.jar:/home/marza/.m2/repository/org/springframework/spring-aop/5.3.15/spring-aop-5.3.15.jar:/home/marza/.m2/repository/org/springframework/spring-expression/5.3.15/spring-expression-5.3.15.jar:/home/marza/.m2/repository/org/junit/jupiter/junit-jupiter/5.6.2/junit-jupiter-5.6.2.jar:/home/marza/.m2/repository/org/junit/jupiter/junit-jupiter-api/5.6.2/junit-jupiter-api-5.6.2.jar:/home/marza/.m2/repository/org/apiguardian/apiguardian-api/1.1.0/apiguardian-api-1.1.0.jar:/home/marza/.m2/repository/org/opentest4j/opentest4j/1.2.0/opentest4j-1.2.0.jar:/home/marza/.m2/repository/org/junit/platform/junit-platform-commons/1.6.2/junit-platform-commons-1.6.2.jar:/home/marza/.m2/repository/org/junit/jupiter/junit-jupiter-params/5.6.2/junit-jupiter-params-5.6.2.jar:/home/marza/.m2/repository/org/junit/jupiter/junit-jupiter-engine/5.6.2/junit-jupiter-engine-5.6.2.jar:/home/marza/.m2/repository/org/junit/platform/junit-platform-engine/1.6.2/junit-platform-engine-1.6.2.jar:/home/marza/.m2/repository/org/springframework/spring-test/5.3.15/spring-test-5.3.15.jar:/home/marza/.m2/repository/com/h2database/h2/1.3.173/h2-1.3.173.jar:/home/marza/.m2/repository/ch/qos/logback/logback-classic/1.2.3/logback-classic-1.2.3.jar:/home/marza/.m2/repository/ch/qos/logback/logback-core/1.2.3/logback-core-1.2.3.jar:/home/marza/.m2/repository/com/github/h-thurow/simple-jndi/0.23.0/simple-jndi-0.23.0.jar:/home/marza/.m2/repository/org/jetbrains/annotations/13.0/annotations-13.0.jar:/home/marza/.m2/repository/org/mockito/mockito-core/4.6.1/mockito-core-4.6.1.jar:/home/marza/.m2/repository/net/bytebuddy/byte-buddy/1.12.10/byte-buddy-1.12.10.jar:/home/marza/.m2/repository/net/bytebuddy/byte-buddy-agent/1.12.10/byte-buddy-agent-1.12.10.jar:/home/marza/.m2/repository/org/objenesis/objenesis/3.2/objenesis-3.2.jar:/home/marza/.m2/repository/org/springframework/security/spring-security-test/5.6.1/spring-security-test-5.6.1.jar:/home/marza/.m2/repository/org/springframework/security/spring-security-core/5.6.1/spring-security-core-5.6.1.jar:/home/marza/.m2/repository/org/springframework/security/spring-security-crypto/5.6.1/spring-security-crypto-5.6.1.jar:/home/marza/.m2/repository/org/springframework/security/spring-security-web/5.6.1/spring-security-web-5.6.1.jar:/home/marza/.m2/repository/org/hamcrest/hamcrest/2.2/hamcrest-2.2.jar:/home/marza/.m2/repository/com/jayway/jsonpath/json-path/2.2.0/json-path-2.2.0.jar:/home/marza/.m2/repository/net/minidev/json-smart/2.2.1/json-smart-2.2.1.jar:/home/marza/.m2/repository/net/minidev/accessors-smart/1.1/accessors-smart-1.1.jar:/home/marza/.m2/repository/org/ow2/asm/asm/5.0.3/asm-5.0.3.jar:/home/marza/.m2/repository/org/mockito/mockito-inline/5.2.0/mockito-inline-5.2.0.jar:"/>
    <property name="java.vm.vendor" value="Red Hat, Inc."/>
    <property name="sun.arch.data.model" value="64"/>
    <property name="java.vendor.url" value="https://www.redhat.com/"/>
    <property name="user.timezone" value="Europe/Paris"/>
    <property name="java.vm.specification.version" value="11"/>
    <property name="os.name" value="Linux"/>
    <property name="sun.java.launcher" value="SUN_STANDARD"/>
    <property name="user.country" value="FR"/>
    <property name="sun.boot.library.path" value="/usr/lib/jvm/java-11-openjdk-11.0.19.0.7-1.fc37.x86_64/lib"/>
    <property name="sun.java.command" value="/home/marza/Documents/VIP-portal/vip-core/target/surefire/surefirebooter-20230707150722482_3.jar /home/marza/Documents/VIP-portal/vip-core/target/surefire 2023-07-07T15-07-16_417-jvmRun1 surefire-20230707150722482_1tmp surefire_0-20230707150722482_2tmp"/>
    <property name="jdk.debug" value="release"/>
    <property name="surefire.test.class.path" value="/home/marza/Documents/VIP-portal/vip-core/target/test-classes:/home/marza/Documents/VIP-portal/vip-core/target/vip-core-2.4.1.jar:/home/marza/.m2/repository/javax/servlet/javax.servlet-api/3.1.0/javax.servlet-api-3.1.0.jar:/home/marza/.m2/repository/com/google/gwt/gwt-user/2.8.2/gwt-user-2.8.2.jar:/home/marza/.m2/repository/com/google/jsinterop/jsinterop-annotations/1.0.2/jsinterop-annotations-1.0.2.jar:/home/marza/.m2/repository/com/google/jsinterop/jsinterop-annotations/1.0.2/jsinterop-annotations-1.0.2-sources.jar:/home/marza/.m2/repository/org/w3c/css/sac/1.3/sac-1.3.jar:/home/marza/.m2/repository/com/isomorphic/smartgwt/lgpl/smartgwt-lgpl/12.0p/smartgwt-lgpl-12.0p.jar:/home/marza/.m2/repository/org/bouncycastle/bcpkix-jdk15on/1.52/bcpkix-jdk15on-1.52.jar:/home/marza/.m2/repository/org/bouncycastle/bcprov-jdk15on/1.52/bcprov-jdk15on-1.52.jar:/home/marza/.m2/repository/fr/insalyon/creatis/grida-client/2.2.0/grida-client-2.2.0.jar:/home/marza/.m2/repository/fr/insalyon/creatis/grida-common/2.2.0/grida-common-2.2.0.jar:/home/marza/.m2/repository/commons-cli/commons-cli/1.4/commons-cli-1.4.jar:/home/marza/.m2/repository/fr/insalyon/creatis/sma-client/0.3.0/sma-client-0.3.0.jar:/home/marza/.m2/repository/fr/insalyon/creatis/sma-common/0.3.0/sma-common-0.3.0.jar:/home/marza/.m2/repository/fr/insalyon/creatis/devtools/0.1/devtools-0.1.jar:/home/marza/.m2/repository/org/slf4j/slf4j-api/1.7.30/slf4j-api-1.7.30.jar:/home/marza/.m2/repository/commons-configuration/commons-configuration/1.7/commons-configuration-1.7.jar:/home/marza/.m2/repository/commons-collections/commons-collections/3.2.2/commons-collections-3.2.2.jar:/home/marza/.m2/repository/commons-lang/commons-lang/2.6/commons-lang-2.6.jar:/home/marza/.m2/repository/commons-logging/commons-logging/99-empty/commons-logging-99-empty.jar:/home/marza/.m2/repository/commons-digester/commons-digester/1.8.1/commons-digester-1.8.1.jar:/home/marza/.m2/repository/commons-beanutils/commons-beanutils/1.8.3/commons-beanutils-1.8.3.jar:/home/marza/.m2/repository/commons-codec/commons-codec/1.6/commons-codec-1.6.jar:/home/marza/.m2/repository/commons-io/commons-io/2.4/commons-io-2.4.jar:/home/marza/.m2/repository/org/opensaml/opensaml/2.6.0/opensaml-2.6.0.jar:/home/marza/.m2/repository/org/opensaml/openws/1.5.0/openws-1.5.0.jar:/home/marza/.m2/repository/org/opensaml/xmltooling/1.4.0/xmltooling-1.4.0.jar:/home/marza/.m2/repository/ca/juliusdavies/not-yet-commons-ssl/0.3.9/not-yet-commons-ssl-0.3.9.jar:/home/marza/.m2/repository/org/apache/santuario/xmlsec/1.5.4/xmlsec-1.5.4.jar:/home/marza/.m2/repository/commons-httpclient/commons-httpclient/3.1/commons-httpclient-3.1.jar:/home/marza/.m2/repository/org/apache/velocity/velocity/1.7/velocity-1.7.jar:/home/marza/.m2/repository/org/owasp/esapi/esapi/2.0.1/esapi-2.0.1.jar:/home/marza/.m2/repository/joda-time/joda-time/2.2/joda-time-2.2.jar:/home/marza/.m2/repository/xerces/xercesImpl/2.10.0/xercesImpl-2.10.0.jar:/home/marza/.m2/repository/xalan/serializer/2.7.1/serializer-2.7.1.jar:/home/marza/.m2/repository/xml-resolver/xml-resolver/1.2/xml-resolver-1.2.jar:/home/marza/.m2/repository/xalan/xalan/2.7.1/xalan-2.7.1.jar:/home/marza/.m2/repository/javax/mail/mail/1.4.5/mail-1.4.5.jar:/home/marza/.m2/repository/javax/activation/activation/1.1/activation-1.1.jar:/home/marza/.m2/repository/javax/annotation/javax.annotation-api/1.3.2/javax.annotation-api-1.3.2.jar:/home/marza/.m2/repository/org/springframework/spring-web/5.3.15/spring-web-5.3.15.jar:/home/marza/.m2/repository/org/springframework/spring-beans/5.3.15/spring-beans-5.3.15.jar:/home/marza/.m2/repository/org/springframework/spring-core/5.3.15/spring-core-5.3.15.jar:/home/marza/.m2/repository/org/springframework/spring-jcl/5.3.15/spring-jcl-5.3.15.jar:/home/marza/.m2/repository/org/springframework/spring-jdbc/5.3.15/spring-jdbc-5.3.15.jar:/home/marza/.m2/repository/org/springframework/spring-tx/5.3.15/spring-tx-5.3.15.jar:/home/marza/.m2/repository/org/springframework/spring-context/5.3.15/spring-context-5.3.15.jar:/home/marza/.m2/repository/org/springframework/spring-aop/5.3.15/spring-aop-5.3.15.jar:/home/marza/.m2/repository/org/springframework/spring-expression/5.3.15/spring-expression-5.3.15.jar:/home/marza/.m2/repository/org/junit/jupiter/junit-jupiter/5.6.2/junit-jupiter-5.6.2.jar:/home/marza/.m2/repository/org/junit/jupiter/junit-jupiter-api/5.6.2/junit-jupiter-api-5.6.2.jar:/home/marza/.m2/repository/org/apiguardian/apiguardian-api/1.1.0/apiguardian-api-1.1.0.jar:/home/marza/.m2/repository/org/opentest4j/opentest4j/1.2.0/opentest4j-1.2.0.jar:/home/marza/.m2/repository/org/junit/platform/junit-platform-commons/1.6.2/junit-platform-commons-1.6.2.jar:/home/marza/.m2/repository/org/junit/jupiter/junit-jupiter-params/5.6.2/junit-jupiter-params-5.6.2.jar:/home/marza/.m2/repository/org/junit/jupiter/junit-jupiter-engine/5.6.2/junit-jupiter-engine-5.6.2.jar:/home/marza/.m2/repository/org/junit/platform/junit-platform-engine/1.6.2/junit-platform-engine-1.6.2.jar:/home/marza/.m2/repository/org/springframework/spring-test/5.3.15/spring-test-5.3.15.jar:/home/marza/.m2/repository/com/h2database/h2/1.3.173/h2-1.3.173.jar:/home/marza/.m2/repository/ch/qos/logback/logback-classic/1.2.3/logback-classic-1.2.3.jar:/home/marza/.m2/repository/ch/qos/logback/logback-core/1.2.3/logback-core-1.2.3.jar:/home/marza/.m2/repository/com/github/h-thurow/simple-jndi/0.23.0/simple-jndi-0.23.0.jar:/home/marza/.m2/repository/org/jetbrains/annotations/13.0/annotations-13.0.jar:/home/marza/.m2/repository/org/mockito/mockito-core/4.6.1/mockito-core-4.6.1.jar:/home/marza/.m2/repository/net/bytebuddy/byte-buddy/1.12.10/byte-buddy-1.12.10.jar:/home/marza/.m2/repository/net/bytebuddy/byte-buddy-agent/1.12.10/byte-buddy-agent-1.12.10.jar:/home/marza/.m2/repository/org/objenesis/objenesis/3.2/objenesis-3.2.jar:/home/marza/.m2/repository/org/springframework/security/spring-security-test/5.6.1/spring-security-test-5.6.1.jar:/home/marza/.m2/repository/org/springframework/security/spring-security-core/5.6.1/spring-security-core-5.6.1.jar:/home/marza/.m2/repository/org/springframework/security/spring-security-crypto/5.6.1/spring-security-crypto-5.6.1.jar:/home/marza/.m2/repository/org/springframework/security/spring-security-web/5.6.1/spring-security-web-5.6.1.jar:/home/marza/.m2/repository/org/hamcrest/hamcrest/2.2/hamcrest-2.2.jar:/home/marza/.m2/repository/com/jayway/jsonpath/json-path/2.2.0/json-path-2.2.0.jar:/home/marza/.m2/repository/net/minidev/json-smart/2.2.1/json-smart-2.2.1.jar:/home/marza/.m2/repository/net/minidev/accessors-smart/1.1/accessors-smart-1.1.jar:/home/marza/.m2/repository/org/ow2/asm/asm/5.0.3/asm-5.0.3.jar:/home/marza/.m2/repository/org/mockito/mockito-inline/5.2.0/mockito-inline-5.2.0.jar:"/>
    <property name="sun.cpu.endian" value="little"/>
    <property name="user.home" value="/home/marza"/>
    <property name="user.language" value="fr"/>
    <property name="java.specification.vendor" value="Oracle Corporation"/>
    <property name="java.version.date" value="2023-04-18"/>
    <property name="java.home" value="/usr/lib/jvm/java-11-openjdk-11.0.19.0.7-1.fc37.x86_64"/>
    <property name="file.separator" value="/"/>
    <property name="basedir" value="/home/marza/Documents/VIP-portal/vip-core"/>
    <property name="java.vm.compressedOopsMode" value="Zero based"/>
    <property name="line.separator" value="&#10;"/>
    <property name="java.specification.name" value="Java Platform API Specification"/>
    <property name="java.vm.specification.vendor" value="Oracle Corporation"/>
    <property name="java.awt.graphicsenv" value="sun.awt.X11GraphicsEnvironment"/>
    <property name="surefire.real.class.path" value="/home/marza/Documents/VIP-portal/vip-core/target/surefire/surefirebooter-20230707150722482_3.jar"/>
    <property name="sun.management.compiler" value="HotSpot 64-Bit Tiered Compilers"/>
    <property name="java.runtime.version" value="11.0.19+7"/>
    <property name="user.name" value="marza"/>
    <property name="path.separator" value=":"/>
    <property name="os.version" value="6.2.15-200.fc37.x86_64"/>
    <property name="java.runtime.name" value="OpenJDK Runtime Environment"/>
    <property name="file.encoding" value="UTF-8"/>
    <property name="java.vm.name" value="OpenJDK 64-Bit Server VM"/>
    <property name="java.vendor.version" value="(Red_Hat-11.0.19.0.7-2.fc37)"/>
    <property name="localRepository" value="/home/marza/.m2/repository"/>
    <property name="java.vendor.url.bug" value="https://bugzilla.redhat.com/enter_bug.cgi?product=Fedora&amp;component=java-11-openjdk-portable&amp;version=37"/>
    <property name="java.io.tmpdir" value="/tmp"/>
    <property name="java.version" value="11.0.19"/>
    <property name="user.dir" value="/home/marza/Documents/VIP-portal/vip-core"/>
    <property name="os.arch" value="amd64"/>
    <property name="java.vm.specification.name" value="Java Virtual Machine Specification"/>
    <property name="java.awt.printerjob" value="sun.print.PSPrinterJob"/>
    <property name="sun.os.patch.level" value="unknown"/>
    <property name="java.library.path" value="/usr/java/packages/lib:/usr/lib64:/lib64:/lib:/usr/lib"/>
    <property name="java.vm.info" value="mixed mode, sharing"/>
    <property name="java.vendor" value="Red Hat, Inc."/>
    <property name="java.vm.version" value="11.0.19+7"/>
    <property name="sun.io.unicode.encoding" value="UnicodeLittle"/>
    <property name="java.class.version" value="55.0"/>
  </properties>
  <testcase name="" classname="fr.insalyon.creatis.vip.core.integrationtest.database.SpringJndiIT" time="0">
    <skipped message="class fr.insalyon.creatis.vip.core.integrationtest.database.SpringJndiIT is @Disabled"/>
  </testcase>
  <testcase name="testTestConfig" classname="fr.insalyon.creatis.vip.core.integrationtest.database.SpringDatabaseIT" time="0.081">
    <system-out><![CDATA[15:07:23.716 [main] DEBUG org.springframework.test.context.BootstrapUtils - Instantiating CacheAwareContextLoaderDelegate from class [org.springframework.test.context.cache.DefaultCacheAwareContextLoaderDelegate]
15:07:23.730 [main] DEBUG org.springframework.test.context.BootstrapUtils - Instantiating BootstrapContext using constructor [public org.springframework.test.context.support.DefaultBootstrapContext(java.lang.Class,org.springframework.test.context.CacheAwareContextLoaderDelegate)]
15:07:23.778 [main] DEBUG org.springframework.test.context.BootstrapUtils - Instantiating TestContextBootstrapper for test class [fr.insalyon.creatis.vip.core.integrationtest.database.SpringDatabaseIT] from class [org.springframework.test.context.support.DefaultTestContextBootstrapper]
15:07:23.811 [main] DEBUG org.springframework.test.context.support.AbstractDelegatingSmartContextLoader - Delegating to AnnotationConfigContextLoader to process context configuration [ContextConfigurationAttributes@198536f6 declaringClass = 'fr.insalyon.creatis.vip.core.integrationtest.database.BaseSpringIT', classes = '{class fr.insalyon.creatis.vip.core.server.SpringCoreConfig}', locations = '{}', inheritLocations = true, initializers = '{}', inheritInitializers = true, name = [null], contextLoaderClass = 'org.springframework.test.context.ContextLoader'].
15:07:23.848 [main] DEBUG org.springframework.test.context.support.DefaultTestContextBootstrapper - @TestExecutionListeners is not present for class [fr.insalyon.creatis.vip.core.integrationtest.database.SpringDatabaseIT]: using defaults.
15:07:23.849 [main] INFO org.springframework.test.context.support.DefaultTestContextBootstrapper - Loaded default TestExecutionListener class names from location [META-INF/spring.factories]: [org.springframework.test.context.web.ServletTestExecutionListener, org.springframework.test.context.support.DirtiesContextBeforeModesTestExecutionListener, org.springframework.test.context.event.ApplicationEventsTestExecutionListener, org.springframework.test.context.support.DependencyInjectionTestExecutionListener, org.springframework.test.context.support.DirtiesContextTestExecutionListener, org.springframework.test.context.transaction.TransactionalTestExecutionListener, org.springframework.test.context.jdbc.SqlScriptsTestExecutionListener, org.springframework.test.context.event.EventPublishingTestExecutionListener, org.springframework.security.test.context.support.WithSecurityContextTestExecutionListener, org.springframework.security.test.context.support.ReactorContextTestExecutionListener]
15:07:23.871 [main] INFO org.springframework.test.context.support.DefaultTestContextBootstrapper - Using TestExecutionListeners: [org.springframework.test.context.web.ServletTestExecutionListener@13278a41, org.springframework.test.context.support.DirtiesContextBeforeModesTestExecutionListener@4a31ed12, org.springframework.test.context.event.ApplicationEventsTestExecutionListener@3ab595c8, org.springframework.test.context.support.DependencyInjectionTestExecutionListener@2365ea38, org.springframework.test.context.support.DirtiesContextTestExecutionListener@cbf1997, org.springframework.test.context.transaction.TransactionalTestExecutionListener@49232c6f, org.springframework.test.context.jdbc.SqlScriptsTestExecutionListener@5faeeb56, org.springframework.test.context.event.EventPublishingTestExecutionListener@5396eeb1, org.springframework.security.test.context.support.WithSecurityContextTestExecutionListener@279126f5, org.springframework.security.test.context.support.ReactorContextTestExecutionListener@7781263c]
15:07:23.873 [main] DEBUG org.springframework.test.context.support.AbstractDirtiesContextTestExecutionListener - Before test class: context [DefaultTestContext@224d86d2 testClass = SpringDatabaseIT, testInstance = [null], testMethod = [null], testException = [null], mergedContextConfiguration = [MergedContextConfiguration@a3cba3a testClass = SpringDatabaseIT, locations = '{}', classes = '{class fr.insalyon.creatis.vip.core.server.SpringCoreConfig}', contextInitializerClasses = '[]', activeProfiles = '{test-db, test}', propertySourceLocations = '{}', propertySourceProperties = '{db.tableEngine=}', contextCustomizers = set[[empty]], contextLoader = 'org.springframework.test.context.support.DelegatingSmartContextLoader', parent = [null]], attributes = map[[empty]]], class annotated with @DirtiesContext [false] with mode [null].
15:07:23.888 [main] DEBUG org.springframework.test.context.support.DependencyInjectionTestExecutionListener - Performing dependency injection for test context [[DefaultTestContext@224d86d2 testClass = SpringDatabaseIT, testInstance = fr.insalyon.creatis.vip.core.integrationtest.database.SpringDatabaseIT@7eaa2bc6, testMethod = [null], testException = [null], mergedContextConfiguration = [MergedContextConfiguration@a3cba3a testClass = SpringDatabaseIT, locations = '{}', classes = '{class fr.insalyon.creatis.vip.core.server.SpringCoreConfig}', contextInitializerClasses = '[]', activeProfiles = '{test-db, test}', propertySourceLocations = '{}', propertySourceProperties = '{db.tableEngine=}', contextCustomizers = set[[empty]], contextLoader = 'org.springframework.test.context.support.DelegatingSmartContextLoader', parent = [null]], attributes = map['org.springframework.test.context.event.ApplicationEventsTestExecutionListener.recordApplicationEvents' -> false]]].
15:07:23.888 [main] DEBUG org.springframework.test.context.support.AbstractDelegatingSmartContextLoader - Delegating to AnnotationConfigContextLoader to load context from [MergedContextConfiguration@a3cba3a testClass = SpringDatabaseIT, locations = '{}', classes = '{class fr.insalyon.creatis.vip.core.server.SpringCoreConfig}', contextInitializerClasses = '[]', activeProfiles = '{test-db, test}', propertySourceLocations = '{}', propertySourceProperties = '{db.tableEngine=}', contextCustomizers = set[[empty]], contextLoader = 'org.springframework.test.context.support.DelegatingSmartContextLoader', parent = [null]].
15:07:23.889 [main] DEBUG org.springframework.test.context.support.AbstractGenericContextLoader - Loading ApplicationContext for merged context configuration [[MergedContextConfiguration@a3cba3a testClass = SpringDatabaseIT, locations = '{}', classes = '{class fr.insalyon.creatis.vip.core.server.SpringCoreConfig}', contextInitializerClasses = '[]', activeProfiles = '{test-db, test}', propertySourceLocations = '{}', propertySourceProperties = '{db.tableEngine=}', contextCustomizers = set[[empty]], contextLoader = 'org.springframework.test.context.support.DelegatingSmartContextLoader', parent = [null]]].
15:07:23.961 [main] DEBUG org.springframework.core.env.StandardEnvironment - Activating profiles [test-db, test]
15:07:23.961 [main] DEBUG org.springframework.test.context.support.TestPropertySourceUtils - Adding inlined properties to environment: {db.tableEngine=}
15:07:23.962 [main] DEBUG org.springframework.test.context.support.AnnotationConfigContextLoader - Registering component classes: {class fr.insalyon.creatis.vip.core.server.SpringCoreConfig}
15:07:24.013 [main] DEBUG org.springframework.context.support.GenericApplicationContext - Refreshing org.springframework.context.support.GenericApplicationContext@687eb455
15:07:24.031 [main] DEBUG org.springframework.beans.factory.support.DefaultListableBeanFactory - Creating shared instance of singleton bean 'org.springframework.context.annotation.internalConfigurationAnnotationProcessor'
15:07:24.137 [main] DEBUG org.springframework.context.annotation.ClassPathBeanDefinitionScanner - Identified candidate component class: file [/home/marza/Documents/VIP-portal/vip-core/target/test-classes/fr/insalyon/creatis/vip/core/integrationtest/ServerMockConfig.class]
15:07:24.138 [main] DEBUG org.springframework.context.annotation.ClassPathBeanDefinitionScanner - Identified candidate component class: file [/home/marza/Documents/VIP-portal/vip-core/target/test-classes/fr/insalyon/creatis/vip/core/integrationtest/SpingTestConfig.class]
15:07:24.139 [main] DEBUG org.springframework.context.annotation.ClassPathBeanDefinitionScanner - Identified candidate component class: file [/home/marza/Documents/VIP-portal/vip-core/target/test-classes/fr/insalyon/creatis/vip/core/integrationtest/TestDataSourceSpringConfig.class]
15:07:24.147 [main] DEBUG org.springframework.context.annotation.ClassPathBeanDefinitionScanner - Identified candidate component class: URL [jar:file:/home/marza/Documents/VIP-portal/vip-core/target/vip-core-2.4.1.jar!/fr/insalyon/creatis/vip/core/server/dao/mysql/TableInitializer.class]
15:07:24.148 [main] DEBUG org.springframework.context.annotation.ClassPathBeanDefinitionScanner - Identified candidate component class: URL [jar:file:/home/marza/Documents/VIP-portal/vip-core/target/vip-core-2.4.1.jar!/fr/insalyon/creatis/vip/core/server/dao/mysql/UsersGroupsData.class]
15:07:24.153 [main] DEBUG org.springframework.context.annotation.ClassPathBeanDefinitionScanner - Identified candidate component class: URL [jar:file:/home/marza/Documents/VIP-portal/vip-core/target/vip-core-2.4.1.jar!/fr/insalyon/creatis/vip/core/server/dao/mysql/CoreDataInitializer.class]
15:07:24.169 [main] DEBUG org.springframework.context.annotation.ClassPathBeanDefinitionScanner - Identified candidate component class: URL [jar:file:/home/marza/Documents/VIP-portal/vip-core/target/vip-core-2.4.1.jar!/fr/insalyon/creatis/vip/core/server/business/StatsBusiness.class]
15:07:24.170 [main] DEBUG org.springframework.context.annotation.ClassPathBeanDefinitionScanner - Identified candidate component class: URL [jar:file:/home/marza/Documents/VIP-portal/vip-core/target/vip-core-2.4.1.jar!/fr/insalyon/creatis/vip/core/server/business/EmailBusiness.class]
15:07:24.171 [main] DEBUG org.springframework.context.annotation.ClassPathBeanDefinitionScanner - Identified candidate component class: URL [jar:file:/home/marza/Documents/VIP-portal/vip-core/target/vip-core-2.4.1.jar!/fr/insalyon/creatis/vip/core/server/business/proxy/ProxyClient.class]
15:07:24.173 [main] DEBUG org.springframework.context.annotation.ClassPathBeanDefinitionScanner - Identified candidate component class: URL [jar:file:/home/marza/Documents/VIP-portal/vip-core/target/vip-core-2.4.1.jar!/fr/insalyon/creatis/vip/core/server/business/ConfigurationBusiness.class]
15:07:24.191 [main] DEBUG org.springframework.context.annotation.ClassPathBeanDefinitionScanner - Identified candidate component class: URL [jar:file:/home/marza/Documents/VIP-portal/vip-core/target/vip-core-2.4.1.jar!/fr/insalyon/creatis/vip/core/server/dao/mysql/UserData.class]
15:07:24.196 [main] DEBUG org.springframework.context.annotation.ClassPathBeanDefinitionScanner - Identified candidate component class: URL [jar:file:/home/marza/Documents/VIP-portal/vip-core/target/vip-core-2.4.1.jar!/fr/insalyon/creatis/vip/core/server/business/VipSessionBusiness.class]
15:07:24.199 [main] DEBUG org.springframework.context.annotation.ClassPathBeanDefinitionScanner - Identified candidate component class: URL [jar:file:/home/marza/Documents/VIP-portal/vip-core/target/vip-core-2.4.1.jar!/fr/insalyon/creatis/vip/core/server/DataSourceConfig.class]
15:07:24.200 [main] DEBUG org.springframework.context.annotation.ClassPathBeanDefinitionScanner - Identified candidate component class: URL [jar:file:/home/marza/Documents/VIP-portal/vip-core/target/vip-core-2.4.1.jar!/fr/insalyon/creatis/vip/core/server/dao/mysql/TermsUseData.class]
15:07:24.201 [main] DEBUG org.springframework.context.annotation.ClassPathBeanDefinitionScanner - Identified candidate component class: URL [jar:file:/home/marza/Documents/VIP-portal/vip-core/target/vip-core-2.4.1.jar!/fr/insalyon/creatis/vip/core/server/dao/mysql/GroupData.class]
15:07:24.424 [main] DEBUG org.springframework.beans.factory.support.DefaultListableBeanFactory - Creating shared instance of singleton bean 'properties'
15:07:24.436 [main] DEBUG org.springframework.beans.factory.support.DefaultListableBeanFactory - Creating shared instance of singleton bean 'org.springframework.context.event.internalEventListenerProcessor'
15:07:24.438 [main] DEBUG org.springframework.beans.factory.support.DefaultListableBeanFactory - Creating shared instance of singleton bean 'org.springframework.context.event.internalEventListenerFactory'
15:07:24.439 [main] DEBUG org.springframework.beans.factory.support.DefaultListableBeanFactory - Creating shared instance of singleton bean 'org.springframework.transaction.config.internalTransactionalEventListenerFactory'
15:07:24.441 [main] DEBUG org.springframework.beans.factory.support.DefaultListableBeanFactory - Creating shared instance of singleton bean 'org.springframework.context.annotation.internalAutowiredAnnotationProcessor'
15:07:24.443 [main] DEBUG org.springframework.beans.factory.support.DefaultListableBeanFactory - Creating shared instance of singleton bean 'org.springframework.context.annotation.internalCommonAnnotationProcessor'
15:07:24.450 [main] DEBUG org.springframework.beans.factory.support.DefaultListableBeanFactory - Creating shared instance of singleton bean 'org.springframework.aop.config.internalAutoProxyCreator'
15:07:24.522 [main] DEBUG org.springframework.beans.factory.support.DefaultListableBeanFactory - Creating shared instance of singleton bean 'conversionService'
15:07:24.551 [main] DEBUG org.springframework.beans.factory.support.DefaultListableBeanFactory - Creating shared instance of singleton bean 'org.springframework.transaction.config.internalTransactionAdvisor'
15:07:24.552 [main] DEBUG org.springframework.beans.factory.support.DefaultListableBeanFactory - Creating shared instance of singleton bean 'org.springframework.transaction.annotation.ProxyTransactionManagementConfiguration'
15:07:24.569 [main] DEBUG org.springframework.beans.factory.support.DefaultListableBeanFactory - Creating shared instance of singleton bean 'transactionAttributeSource'
15:07:24.571 [main] DEBUG org.springframework.beans.factory.support.DefaultListableBeanFactory - Creating shared instance of singleton bean 'transactionInterceptor'
15:07:24.572 [main] DEBUG org.springframework.beans.factory.support.DefaultListableBeanFactory - Autowiring by type from bean name 'transactionInterceptor' via factory method to bean named 'transactionAttributeSource'
15:07:24.581 [main] DEBUG org.springframework.beans.factory.support.DefaultListableBeanFactory - Autowiring by type from bean name 'org.springframework.transaction.config.internalTransactionAdvisor' via factory method to bean named 'transactionAttributeSource'
15:07:24.581 [main] DEBUG org.springframework.beans.factory.support.DefaultListableBeanFactory - Autowiring by type from bean name 'org.springframework.transaction.config.internalTransactionAdvisor' via factory method to bean named 'transactionInterceptor'
15:07:24.591 [main] DEBUG org.springframework.beans.factory.support.DefaultListableBeanFactory - Creating shared instance of singleton bean 'springCoreConfig'
15:07:24.593 [main] DEBUG org.springframework.beans.factory.support.DefaultListableBeanFactory - Creating shared instance of singleton bean 'serverMockConfig'
15:07:24.595 [main] DEBUG org.springframework.beans.factory.support.DefaultListableBeanFactory - Creating shared instance of singleton bean 'spingTestConfig'
15:07:24.596 [main] DEBUG org.springframework.beans.factory.support.DefaultListableBeanFactory - Creating shared instance of singleton bean 'testDataSourceSpringConfig'
15:07:24.597 [main] DEBUG org.springframework.beans.factory.support.DefaultListableBeanFactory - Creating shared instance of singleton bean 'tableInitializer'
15:07:24.607 [main] DEBUG org.springframework.core.env.PropertySourcesPropertyResolver - Found key 'db.tableEngine' in PropertySource 'Inlined Test Properties' with value of type String
15:07:24.607 [main] DEBUG org.springframework.core.env.PropertySourcesPropertyResolver - Found key 'db.tableEngine' in PropertySource 'environmentProperties' with value of type String
15:07:24.611 [main] DEBUG org.springframework.beans.factory.support.DefaultListableBeanFactory - Creating shared instance of singleton bean 'lazyDataSource'
15:07:24.614 [main] DEBUG org.springframework.beans.factory.support.DefaultListableBeanFactory - Creating shared instance of singleton bean 'testDataSource'
15:07:24.654 [main] INFO org.springframework.jdbc.datasource.embedded.EmbeddedDatabaseFactory - Starting embedded database: url='jdbc:h2:mem:b7833e86-2363-406a-a247-e1085de92e46;DB_CLOSE_DELAY=-1;DB_CLOSE_ON_EXIT=false', username='sa'
15:07:24.660 [main] DEBUG org.springframework.jdbc.datasource.DataSourceUtils - Fetching JDBC Connection from DataSource
15:07:24.660 [main] DEBUG org.springframework.jdbc.datasource.SimpleDriverDataSource - Creating new JDBC Driver Connection to [jdbc:h2:mem:b7833e86-2363-406a-a247-e1085de92e46;DB_CLOSE_DELAY=-1;DB_CLOSE_ON_EXIT=false]
15:07:25.975 [main] DEBUG org.springframework.beans.factory.support.DefaultListableBeanFactory - Autowiring by type from bean name 'lazyDataSource' via factory method to bean named 'testDataSource'
15:07:26.075 [main] DEBUG org.springframework.jdbc.datasource.SimpleDriverDataSource - Creating new JDBC Driver Connection to [jdbc:h2:mem:b7833e86-2363-406a-a247-e1085de92e46;DB_CLOSE_DELAY=-1;DB_CLOSE_ON_EXIT=false]
15:07:26.131 [main] DEBUG org.springframework.aop.framework.CglibAopProxy - Final method [protected final java.sql.Connection org.springframework.jdbc.core.support.JdbcDaoSupport.getConnection() throws org.springframework.jdbc.CannotGetJdbcConnectionException] cannot get proxied via CGLIB: Calls to this method will NOT be routed to the target instance and might lead to NPEs against uninitialized fields in the proxy instance.
15:07:26.131 [main] DEBUG org.springframework.aop.framework.CglibAopProxy - Final method [public final void org.springframework.jdbc.core.support.JdbcDaoSupport.setDataSource(javax.sql.DataSource)] cannot get proxied via CGLIB: Calls to this method will NOT be routed to the target instance and might lead to NPEs against uninitialized fields in the proxy instance.
15:07:26.132 [main] DEBUG org.springframework.aop.framework.CglibAopProxy - Final method [public final javax.sql.DataSource org.springframework.jdbc.core.support.JdbcDaoSupport.getDataSource()] cannot get proxied via CGLIB: Calls to this method will NOT be routed to the target instance and might lead to NPEs against uninitialized fields in the proxy instance.
15:07:26.132 [main] DEBUG org.springframework.aop.framework.CglibAopProxy - Final method [protected final void org.springframework.jdbc.core.support.JdbcDaoSupport.releaseConnection(java.sql.Connection)] cannot get proxied via CGLIB: Calls to this method will NOT be routed to the target instance and might lead to NPEs against uninitialized fields in the proxy instance.
15:07:26.132 [main] DEBUG org.springframework.aop.framework.CglibAopProxy - Final method [protected final org.springframework.jdbc.support.SQLExceptionTranslator org.springframework.jdbc.core.support.JdbcDaoSupport.getExceptionTranslator()] cannot get proxied via CGLIB: Calls to this method will NOT be routed to the target instance and might lead to NPEs against uninitialized fields in the proxy instance.
15:07:26.133 [main] DEBUG org.springframework.aop.framework.CglibAopProxy - Final method [public final void org.springframework.jdbc.core.support.JdbcDaoSupport.setJdbcTemplate(org.springframework.jdbc.core.JdbcTemplate)] cannot get proxied via CGLIB: Calls to this method will NOT be routed to the target instance and might lead to NPEs against uninitialized fields in the proxy instance.
15:07:26.133 [main] DEBUG org.springframework.aop.framework.CglibAopProxy - Final method [public final org.springframework.jdbc.core.JdbcTemplate org.springframework.jdbc.core.support.JdbcDaoSupport.getJdbcTemplate()] cannot get proxied via CGLIB: Calls to this method will NOT be routed to the target instance and might lead to NPEs against uninitialized fields in the proxy instance.
15:07:26.133 [main] INFO org.springframework.aop.framework.CglibAopProxy - Unable to proxy interface-implementing method [public final void org.springframework.dao.support.DaoSupport.afterPropertiesSet() throws java.lang.IllegalArgumentException,org.springframework.beans.factory.BeanInitializationException] because it is marked as final: Consider using interface-based JDK proxies instead!
15:07:26.133 [main] DEBUG org.springframework.aop.framework.CglibAopProxy - Final method [public final void org.springframework.dao.support.DaoSupport.afterPropertiesSet() throws java.lang.IllegalArgumentException,org.springframework.beans.factory.BeanInitializationException] cannot get proxied via CGLIB: Calls to this method will NOT be routed to the target instance and might lead to NPEs against uninitialized fields in the proxy instance.
15:07:26.183 [main] DEBUG org.springframework.beans.factory.support.DefaultListableBeanFactory - Creating shared instance of singleton bean 'usersGroupsData'
15:07:26.200 [main] DEBUG org.springframework.beans.factory.support.DefaultListableBeanFactory - Creating shared instance of singleton bean 'groupData'
15:07:26.219 [main] DEBUG org.springframework.beans.factory.support.DefaultListableBeanFactory - Autowiring by type from bean name 'usersGroupsData' via constructor to bean named 'groupData'
15:07:26.236 [main] DEBUG org.springframework.beans.factory.support.DefaultListableBeanFactory - Creating shared instance of singleton bean 'coreDataInitializer'
15:07:26.245 [main] DEBUG org.springframework.beans.factory.support.DefaultListableBeanFactory - Creating shared instance of singleton bean 'testServer'
15:07:26.527 [main] DEBUG org.springframework.beans.factory.support.DefaultListableBeanFactory - Creating shared instance of singleton bean 'userData'
15:07:26.549 [main] DEBUG org.springframework.beans.factory.support.DefaultListableBeanFactory - Creating shared instance of singleton bean 'termsUseData'
15:07:26.561 [main] DEBUG org.springframework.beans.factory.support.DefaultListableBeanFactory - Autowiring by type from bean name 'coreDataInitializer' via constructor to bean named 'groupData'
15:07:26.561 [main] DEBUG org.springframework.beans.factory.support.DefaultListableBeanFactory - Autowiring by type from bean name 'coreDataInitializer' via constructor to bean named 'lazyDataSource'
15:07:26.561 [main] DEBUG org.springframework.beans.factory.support.DefaultListableBeanFactory - Autowiring by type from bean name 'coreDataInitializer' via constructor to bean named 'tableInitializer'
15:07:26.561 [main] DEBUG org.springframework.beans.factory.support.DefaultListableBeanFactory - Autowiring by type from bean name 'coreDataInitializer' via constructor to bean named 'testServer'
15:07:26.562 [main] DEBUG org.springframework.beans.factory.support.DefaultListableBeanFactory - Autowiring by type from bean name 'coreDataInitializer' via constructor to bean named 'userData'
15:07:26.562 [main] DEBUG org.springframework.beans.factory.support.DefaultListableBeanFactory - Autowiring by type from bean name 'coreDataInitializer' via constructor to bean named 'usersGroupsData'
15:07:26.562 [main] DEBUG org.springframework.beans.factory.support.DefaultListableBeanFactory - Autowiring by type from bean name 'coreDataInitializer' via constructor to bean named 'termsUseData'
15:07:26.565 [main] DEBUG org.springframework.aop.framework.CglibAopProxy - Final method [protected final java.sql.Connection org.springframework.jdbc.core.support.JdbcDaoSupport.getConnection() throws org.springframework.jdbc.CannotGetJdbcConnectionException] cannot get proxied via CGLIB: Calls to this method will NOT be routed to the target instance and might lead to NPEs against uninitialized fields in the proxy instance.
15:07:26.565 [main] DEBUG org.springframework.aop.framework.CglibAopProxy - Final method [public final void org.springframework.jdbc.core.support.JdbcDaoSupport.setDataSource(javax.sql.DataSource)] cannot get proxied via CGLIB: Calls to this method will NOT be routed to the target instance and might lead to NPEs against uninitialized fields in the proxy instance.
15:07:26.566 [main] DEBUG org.springframework.aop.framework.CglibAopProxy - Final method [public final javax.sql.DataSource org.springframework.jdbc.core.support.JdbcDaoSupport.getDataSource()] cannot get proxied via CGLIB: Calls to this method will NOT be routed to the target instance and might lead to NPEs against uninitialized fields in the proxy instance.
15:07:26.566 [main] DEBUG org.springframework.aop.framework.CglibAopProxy - Final method [protected final void org.springframework.jdbc.core.support.JdbcDaoSupport.releaseConnection(java.sql.Connection)] cannot get proxied via CGLIB: Calls to this method will NOT be routed to the target instance and might lead to NPEs against uninitialized fields in the proxy instance.
15:07:26.566 [main] DEBUG org.springframework.aop.framework.CglibAopProxy - Final method [protected final org.springframework.jdbc.support.SQLExceptionTranslator org.springframework.jdbc.core.support.JdbcDaoSupport.getExceptionTranslator()] cannot get proxied via CGLIB: Calls to this method will NOT be routed to the target instance and might lead to NPEs against uninitialized fields in the proxy instance.
15:07:26.566 [main] DEBUG org.springframework.aop.framework.CglibAopProxy - Final method [public final void org.springframework.jdbc.core.support.JdbcDaoSupport.setJdbcTemplate(org.springframework.jdbc.core.JdbcTemplate)] cannot get proxied via CGLIB: Calls to this method will NOT be routed to the target instance and might lead to NPEs against uninitialized fields in the proxy instance.
15:07:26.567 [main] DEBUG org.springframework.aop.framework.CglibAopProxy - Final method [public final org.springframework.jdbc.core.JdbcTemplate org.springframework.jdbc.core.support.JdbcDaoSupport.getJdbcTemplate()] cannot get proxied via CGLIB: Calls to this method will NOT be routed to the target instance and might lead to NPEs against uninitialized fields in the proxy instance.
15:07:26.567 [main] INFO org.springframework.aop.framework.CglibAopProxy - Unable to proxy interface-implementing method [public final void org.springframework.dao.support.DaoSupport.afterPropertiesSet() throws java.lang.IllegalArgumentException,org.springframework.beans.factory.BeanInitializationException] because it is marked as final: Consider using interface-based JDK proxies instead!
15:07:26.567 [main] DEBUG org.springframework.aop.framework.CglibAopProxy - Final method [public final void org.springframework.dao.support.DaoSupport.afterPropertiesSet() throws java.lang.IllegalArgumentException,org.springframework.beans.factory.BeanInitializationException] cannot get proxied via CGLIB: Calls to this method will NOT be routed to the target instance and might lead to NPEs against uninitialized fields in the proxy instance.
15:07:26.584 [main] DEBUG org.springframework.beans.factory.support.DefaultListableBeanFactory - Creating shared instance of singleton bean 'statsBusiness'
15:07:26.586 [main] DEBUG org.springframework.beans.factory.support.DefaultListableBeanFactory - Autowiring by type from bean name 'statsBusiness' via constructor to bean named 'userData'
15:07:26.601 [main] DEBUG org.springframework.beans.factory.support.DefaultListableBeanFactory - Creating shared instance of singleton bean 'emailBusiness'
15:07:26.604 [main] DEBUG org.springframework.beans.factory.support.DefaultListableBeanFactory - Creating shared instance of singleton bean 'smaClient'
15:07:26.604 [main] DEBUG org.springframework.beans.factory.support.DefaultListableBeanFactory - Autowiring by type from bean name 'smaClient' via factory method to bean named 'testServer'
15:07:26.608 [main] DEBUG org.springframework.beans.factory.support.DefaultListableBeanFactory - Autowiring by type from bean name 'emailBusiness' via constructor to bean named 'smaClient'
15:07:26.609 [main] DEBUG org.springframework.beans.factory.support.DefaultListableBeanFactory - Creating shared instance of singleton bean 'proxyClient'
15:07:26.720 [main] DEBUG org.springframework.beans.factory.support.DefaultListableBeanFactory - Autowiring by type from bean name 'proxyClient' via constructor to bean named 'testServer'
15:07:26.722 [main] DEBUG org.springframework.beans.factory.support.DefaultListableBeanFactory - Creating shared instance of singleton bean 'configurationBusiness'
15:07:26.732 [main] DEBUG org.springframework.beans.factory.support.DefaultListableBeanFactory - Creating shared instance of singleton bean 'testProxyClient'
15:07:26.800 [main] DEBUG org.springframework.beans.factory.support.DefaultListableBeanFactory - Creating shared instance of singleton bean 'testEmailBusiness'
15:07:26.835 [main] DEBUG org.springframework.beans.factory.support.DefaultListableBeanFactory - Creating shared instance of singleton bean 'testGridaClient'
15:07:26.952 [main] DEBUG org.springframework.beans.factory.support.DefaultListableBeanFactory - Creating shared instance of singleton bean 'testGridaPoolClient'
15:07:27.024 [main] DEBUG org.springframework.beans.factory.support.DefaultListableBeanFactory - Autowiring by type from bean name 'configurationBusiness' via constructor to bean named 'testServer'
15:07:27.024 [main] DEBUG org.springframework.beans.factory.support.DefaultListableBeanFactory - Autowiring by type from bean name 'configurationBusiness' via constructor to bean named 'testProxyClient'
15:07:27.025 [main] DEBUG org.springframework.beans.factory.support.DefaultListableBeanFactory - Autowiring by type from bean name 'configurationBusiness' via constructor to bean named 'testEmailBusiness'
15:07:27.025 [main] DEBUG org.springframework.beans.factory.support.DefaultListableBeanFactory - Autowiring by type from bean name 'configurationBusiness' via constructor to bean named 'testGridaClient'
15:07:27.025 [main] DEBUG org.springframework.beans.factory.support.DefaultListableBeanFactory - Autowiring by type from bean name 'configurationBusiness' via constructor to bean named 'testGridaPoolClient'
15:07:27.025 [main] DEBUG org.springframework.beans.factory.support.DefaultListableBeanFactory - Autowiring by type from bean name 'configurationBusiness' via constructor to bean named 'groupData'
15:07:27.025 [main] DEBUG org.springframework.beans.factory.support.DefaultListableBeanFactory - Autowiring by type from bean name 'configurationBusiness' via constructor to bean named 'termsUseData'
15:07:27.025 [main] DEBUG org.springframework.beans.factory.support.DefaultListableBeanFactory - Autowiring by type from bean name 'configurationBusiness' via constructor to bean named 'userData'
15:07:27.025 [main] DEBUG org.springframework.beans.factory.support.DefaultListableBeanFactory - Autowiring by type from bean name 'configurationBusiness' via constructor to bean named 'usersGroupsData'
15:07:27.072 [main] DEBUG org.springframework.beans.factory.support.DefaultListableBeanFactory - Creating shared instance of singleton bean 'vipSessionBusiness'
15:07:27.079 [main] DEBUG org.springframework.beans.factory.support.DefaultListableBeanFactory - Autowiring by type from bean name 'vipSessionBusiness' via constructor to bean named 'testServer'
15:07:27.079 [main] DEBUG org.springframework.beans.factory.support.DefaultListableBeanFactory - Autowiring by type from bean name 'vipSessionBusiness' via constructor to bean named 'configurationBusiness'
15:07:27.090 [main] DEBUG org.springframework.beans.factory.support.DefaultListableBeanFactory - Creating shared instance of singleton bean 'dataSourceConfig'
15:07:27.092 [main] DEBUG org.springframework.beans.factory.support.DefaultListableBeanFactory - Creating shared instance of singleton bean 'vipConfigFolder'
15:07:27.093 [main] DEBUG org.springframework.beans.factory.support.DefaultListableBeanFactory - Autowiring by type from bean name 'vipConfigFolder' via factory method to bean named 'org.springframework.context.support.GenericApplicationContext@687eb455'
15:07:27.093 [main] DEBUG org.springframework.core.env.PropertySourcesPropertyResolver - Found key 'user.home' in PropertySource 'systemProperties' with value of type String
15:07:27.094 [main] INFO fr.insalyon.creatis.vip.core.server.SpringCoreConfig - vipConfigFolder property not found, using user-home : /home/marza/.vip/
15:07:27.100 [main] DEBUG org.springframework.beans.factory.support.DefaultListableBeanFactory - Creating shared instance of singleton bean 'transactionManager'
15:07:27.101 [main] DEBUG org.springframework.beans.factory.support.DefaultListableBeanFactory - Autowiring by type from bean name 'transactionManager' via factory method to bean named 'lazyDataSource'
15:07:27.114 [main] DEBUG org.springframework.beans.factory.support.DefaultListableBeanFactory - Creating shared instance of singleton bean 'gridaClient'
15:07:27.115 [main] DEBUG org.springframework.beans.factory.support.DefaultListableBeanFactory - Autowiring by type from bean name 'gridaClient' via factory method to bean named 'testServer'
15:07:27.118 [main] DEBUG org.springframework.beans.factory.support.DefaultListableBeanFactory - Creating shared instance of singleton bean 'gridaPoolClient'
15:07:27.119 [main] DEBUG org.springframework.beans.factory.support.DefaultListableBeanFactory - Autowiring by type from bean name 'gridaPoolClient' via factory method to bean named 'testServer'
15:07:27.121 [main] DEBUG org.springframework.beans.factory.support.DefaultListableBeanFactory - Creating shared instance of singleton bean 'gridaCacheClient'
15:07:27.121 [main] DEBUG org.springframework.beans.factory.support.DefaultListableBeanFactory - Autowiring by type from bean name 'gridaCacheClient' via factory method to bean named 'testServer'
15:07:27.124 [main] DEBUG org.springframework.beans.factory.support.DefaultListableBeanFactory - Creating shared instance of singleton bean 'gridaZombieClient'
15:07:27.124 [main] DEBUG org.springframework.beans.factory.support.DefaultListableBeanFactory - Autowiring by type from bean name 'gridaZombieClient' via factory method to bean named 'testServer'
15:07:27.137 [main] DEBUG org.springframework.context.event.EventListenerMethodProcessor - 1 @EventListener methods processed on bean 'coreDataInitializer': {public void fr.insalyon.creatis.vip.core.server.dao.mysql.CoreDataInitializer.onStartup()=@org.springframework.context.event.EventListener(classes=[org.springframework.context.event.ContextRefreshedEvent], condition=, id=, value=[org.springframework.context.event.ContextRefreshedEvent])}
15:07:27.154 [main] DEBUG org.springframework.jdbc.datasource.DataSourceTransactionManager - Creating new transaction with name [fr.insalyon.creatis.vip.core.server.dao.mysql.CoreDataInitializer.onStartup]: PROPAGATION_REQUIRED,ISOLATION_DEFAULT
15:07:27.169 [main] DEBUG org.springframework.jdbc.datasource.DataSourceTransactionManager - Acquired Connection [Lazy Connection proxy for target DataSource [org.springframework.jdbc.datasource.embedded.EmbeddedDatabaseFactory$EmbeddedDataSourceProxy@314ba270]] for JDBC transaction
15:07:27.173 [main] DEBUG org.springframework.jdbc.datasource.DataSourceTransactionManager - Switching JDBC Connection [Lazy Connection proxy for target DataSource [org.springframework.jdbc.datasource.embedded.EmbeddedDatabaseFactory$EmbeddedDataSourceProxy@314ba270]] to manual commit
15:07:27.187 [main] INFO fr.insalyon.creatis.vip.core.server.dao.mysql.CoreDataInitializer - Configuring VIP core database.
15:07:27.187 [main] DEBUG org.springframework.jdbc.datasource.DataSourceTransactionManager - Participating in existing transaction
15:07:27.199 [main] DEBUG org.springframework.jdbc.datasource.SimpleDriverDataSource - Creating new JDBC Driver Connection to [jdbc:h2:mem:b7833e86-2363-406a-a247-e1085de92e46;DB_CLOSE_DELAY=-1;DB_CLOSE_ON_EXIT=false]
15:07:27.224 [main] INFO fr.insalyon.creatis.vip.core.server.dao.mysql.TableInitializer - Table VIPUsers successfully created.
15:07:27.237 [main] DEBUG org.springframework.jdbc.datasource.DataSourceTransactionManager - Participating in existing transaction
15:07:27.242 [main] DEBUG org.springframework.jdbc.datasource.DataSourceTransactionManager - Participating in existing transaction
15:07:27.243 [main] INFO fr.insalyon.creatis.vip.core.server.dao.mysql.TableInitializer - Table VIPGroups successfully created.
15:07:27.243 [main] DEBUG org.springframework.jdbc.datasource.DataSourceTransactionManager - Participating in existing transaction
15:07:27.244 [main] DEBUG org.springframework.jdbc.datasource.DataSourceTransactionManager - Participating in existing transaction
15:07:27.252 [main] INFO fr.insalyon.creatis.vip.core.server.dao.mysql.TableInitializer - Table VIPUsersGroups successfully created.
15:07:27.253 [main] DEBUG org.springframework.jdbc.datasource.DataSourceTransactionManager - Participating in existing transaction
15:07:27.254 [main] DEBUG org.springframework.jdbc.datasource.DataSourceTransactionManager - Participating in existing transaction
15:07:27.258 [main] INFO fr.insalyon.creatis.vip.core.server.dao.mysql.TableInitializer - Table VIPTermsOfuse successfully created.
15:07:27.258 [main] DEBUG org.springframework.jdbc.datasource.DataSourceTransactionManager - Participating in existing transaction
15:07:27.260 [main] DEBUG org.springframework.jdbc.datasource.DataSourceTransactionManager - Initiating transaction commit
15:07:27.260 [main] DEBUG org.springframework.jdbc.datasource.DataSourceTransactionManager - Committing JDBC transaction on Connection [conn3: url=jdbc:h2:mem:b7833e86-2363-406a-a247-e1085de92e46 user=SA]
15:07:27.260 [main] DEBUG org.springframework.jdbc.datasource.DataSourceTransactionManager - Releasing JDBC Connection [conn3: url=jdbc:h2:mem:b7833e86-2363-406a-a247-e1085de92e46 user=SA] after transaction
15:07:27.264 [main] DEBUG org.springframework.test.context.cache.DefaultCacheAwareContextLoaderDelegate - Storing ApplicationContext [1753134165] in cache under key [[MergedContextConfiguration@a3cba3a testClass = SpringDatabaseIT, locations = '{}', classes = '{class fr.insalyon.creatis.vip.core.server.SpringCoreConfig}', contextInitializerClasses = '[]', activeProfiles = '{test-db, test}', propertySourceLocations = '{}', propertySourceProperties = '{db.tableEngine=}', contextCustomizers = set[[empty]], contextLoader = 'org.springframework.test.context.support.DelegatingSmartContextLoader', parent = [null]]]
15:07:27.265 [main] DEBUG org.springframework.test.context.cache - Spring test ApplicationContext cache statistics: [DefaultContextCache@6a6082b3 size = 1, maxSize = 32, parentContextCount = 0, hitCount = 0, missCount = 1]
15:07:27.272 [main] DEBUG org.springframework.test.context.cache.DefaultCacheAwareContextLoaderDelegate - Retrieved ApplicationContext [1753134165] from cache with key [[MergedContextConfiguration@a3cba3a testClass = SpringDatabaseIT, locations = '{}', classes = '{class fr.insalyon.creatis.vip.core.server.SpringCoreConfig}', contextInitializerClasses = '[]', activeProfiles = '{test-db, test}', propertySourceLocations = '{}', propertySourceProperties = '{db.tableEngine=}', contextCustomizers = set[[empty]], contextLoader = 'org.springframework.test.context.support.DelegatingSmartContextLoader', parent = [null]]]
15:07:27.272 [main] DEBUG org.springframework.test.context.cache - Spring test ApplicationContext cache statistics: [DefaultContextCache@6a6082b3 size = 1, maxSize = 32, parentContextCount = 0, hitCount = 1, missCount = 1]
15:07:27.292 [main] DEBUG org.springframework.test.context.support.AbstractDirtiesContextTestExecutionListener - Before test method: context [DefaultTestContext@224d86d2 testClass = SpringDatabaseIT, testInstance = fr.insalyon.creatis.vip.core.integrationtest.database.SpringDatabaseIT@7eaa2bc6, testMethod = testTestConfig@SpringDatabaseIT, testException = [null], mergedContextConfiguration = [MergedContextConfiguration@a3cba3a testClass = SpringDatabaseIT, locations = '{}', classes = '{class fr.insalyon.creatis.vip.core.server.SpringCoreConfig}', contextInitializerClasses = '[]', activeProfiles = '{test-db, test}', propertySourceLocations = '{}', propertySourceProperties = '{db.tableEngine=}', contextCustomizers = set[[empty]], contextLoader = 'org.springframework.test.context.support.DelegatingSmartContextLoader', parent = [null]], attributes = map['org.springframework.test.context.event.ApplicationEventsTestExecutionListener.recordApplicationEvents' -> false]], class annotated with @DirtiesContext [false] with mode [null], method annotated with @DirtiesContext [false] with mode [null].
15:07:27.295 [main] DEBUG org.springframework.test.context.transaction.TransactionalTestExecutionListener - Explicit transaction definition [PROPAGATION_REQUIRED,ISOLATION_DEFAULT] found for test context [DefaultTestContext@224d86d2 testClass = SpringDatabaseIT, testInstance = fr.insalyon.creatis.vip.core.integrationtest.database.SpringDatabaseIT@7eaa2bc6, testMethod = testTestConfig@SpringDatabaseIT, testException = [null], mergedContextConfiguration = [MergedContextConfiguration@a3cba3a testClass = SpringDatabaseIT, locations = '{}', classes = '{class fr.insalyon.creatis.vip.core.server.SpringCoreConfig}', contextInitializerClasses = '[]', activeProfiles = '{test-db, test}', propertySourceLocations = '{}', propertySourceProperties = '{db.tableEngine=}', contextCustomizers = set[[empty]], contextLoader = 'org.springframework.test.context.support.DelegatingSmartContextLoader', parent = [null]], attributes = map['org.springframework.test.context.event.ApplicationEventsTestExecutionListener.recordApplicationEvents' -> false]]
15:07:27.296 [main] DEBUG org.springframework.test.context.cache.DefaultCacheAwareContextLoaderDelegate - Retrieved ApplicationContext [1753134165] from cache with key [[MergedContextConfiguration@a3cba3a testClass = SpringDatabaseIT, locations = '{}', classes = '{class fr.insalyon.creatis.vip.core.server.SpringCoreConfig}', contextInitializerClasses = '[]', activeProfiles = '{test-db, test}', propertySourceLocations = '{}', propertySourceProperties = '{db.tableEngine=}', contextCustomizers = set[[empty]], contextLoader = 'org.springframework.test.context.support.DelegatingSmartContextLoader', parent = [null]]]
15:07:27.296 [main] DEBUG org.springframework.test.context.cache - Spring test ApplicationContext cache statistics: [DefaultContextCache@6a6082b3 size = 1, maxSize = 32, parentContextCount = 0, hitCount = 2, missCount = 1]
15:07:27.298 [main] DEBUG org.springframework.test.context.transaction.TransactionalTestExecutionListener - No method-level @Rollback override: using default rollback [true] for test context [DefaultTestContext@224d86d2 testClass = SpringDatabaseIT, testInstance = fr.insalyon.creatis.vip.core.integrationtest.database.SpringDatabaseIT@7eaa2bc6, testMethod = testTestConfig@SpringDatabaseIT, testException = [null], mergedContextConfiguration = [MergedContextConfiguration@a3cba3a testClass = SpringDatabaseIT, locations = '{}', classes = '{class fr.insalyon.creatis.vip.core.server.SpringCoreConfig}', contextInitializerClasses = '[]', activeProfiles = '{test-db, test}', propertySourceLocations = '{}', propertySourceProperties = '{db.tableEngine=}', contextCustomizers = set[[empty]], contextLoader = 'org.springframework.test.context.support.DelegatingSmartContextLoader', parent = [null]], attributes = map['org.springframework.test.context.event.ApplicationEventsTestExecutionListener.recordApplicationEvents' -> false]].
15:07:27.299 [main] DEBUG org.springframework.jdbc.datasource.DataSourceTransactionManager - Creating new transaction with name [fr.insalyon.creatis.vip.core.integrationtest.database.SpringDatabaseIT.testTestConfig]: PROPAGATION_REQUIRED,ISOLATION_DEFAULT
15:07:27.300 [main] DEBUG org.springframework.jdbc.datasource.DataSourceTransactionManager - Acquired Connection [Lazy Connection proxy for target DataSource [org.springframework.jdbc.datasource.embedded.EmbeddedDatabaseFactory$EmbeddedDataSourceProxy@314ba270]] for JDBC transaction
15:07:27.300 [main] DEBUG org.springframework.jdbc.datasource.DataSourceTransactionManager - Switching JDBC Connection [Lazy Connection proxy for target DataSource [org.springframework.jdbc.datasource.embedded.EmbeddedDatabaseFactory$EmbeddedDataSourceProxy@314ba270]] to manual commit
15:07:27.300 [main] INFO org.springframework.test.context.transaction.TransactionContext - Began transaction (1) for test context [DefaultTestContext@224d86d2 testClass = SpringDatabaseIT, testInstance = fr.insalyon.creatis.vip.core.integrationtest.database.SpringDatabaseIT@7eaa2bc6, testMethod = testTestConfig@SpringDatabaseIT, testException = [null], mergedContextConfiguration = [MergedContextConfiguration@a3cba3a testClass = SpringDatabaseIT, locations = '{}', classes = '{class fr.insalyon.creatis.vip.core.server.SpringCoreConfig}', contextInitializerClasses = '[]', activeProfiles = '{test-db, test}', propertySourceLocations = '{}', propertySourceProperties = '{db.tableEngine=}', contextCustomizers = set[[empty]], contextLoader = 'org.springframework.test.context.support.DelegatingSmartContextLoader', parent = [null]], attributes = map['org.springframework.test.context.event.ApplicationEventsTestExecutionListener.recordApplicationEvents' -> false]]; transaction manager [org.springframework.jdbc.datasource.DataSourceTransactionManager@770f8c86]; rollback [true]
15:07:27.305 [main] DEBUG org.springframework.test.context.cache.DefaultCacheAwareContextLoaderDelegate - Retrieved ApplicationContext [1753134165] from cache with key [[MergedContextConfiguration@a3cba3a testClass = SpringDatabaseIT, locations = '{}', classes = '{class fr.insalyon.creatis.vip.core.server.SpringCoreConfig}', contextInitializerClasses = '[]', activeProfiles = '{test-db, test}', propertySourceLocations = '{}', propertySourceProperties = '{db.tableEngine=}', contextCustomizers = set[[empty]], contextLoader = 'org.springframework.test.context.support.DelegatingSmartContextLoader', parent = [null]]]
15:07:27.305 [main] DEBUG org.springframework.test.context.cache - Spring test ApplicationContext cache statistics: [DefaultContextCache@6a6082b3 size = 1, maxSize = 32, parentContextCount = 0, hitCount = 3, missCount = 1]
15:07:27.316 [main] DEBUG org.springframework.test.context.cache.DefaultCacheAwareContextLoaderDelegate - Retrieved ApplicationContext [1753134165] from cache with key [[MergedContextConfiguration@a3cba3a testClass = SpringDatabaseIT, locations = '{}', classes = '{class fr.insalyon.creatis.vip.core.server.SpringCoreConfig}', contextInitializerClasses = '[]', activeProfiles = '{test-db, test}', propertySourceLocations = '{}', propertySourceProperties = '{db.tableEngine=}', contextCustomizers = set[[empty]], contextLoader = 'org.springframework.test.context.support.DelegatingSmartContextLoader', parent = [null]]]
15:07:27.317 [main] DEBUG org.springframework.test.context.cache - Spring test ApplicationContext cache statistics: [DefaultContextCache@6a6082b3 size = 1, maxSize = 32, parentContextCount = 0, hitCount = 4, missCount = 1]
15:07:27.322 [main] DEBUG org.springframework.jdbc.datasource.DataSourceTransactionManager - Participating in existing transaction
15:07:27.337 [main] DEBUG org.springframework.jdbc.datasource.DataSourceTransactionManager - Participating in existing transaction
15:07:27.338 [main] DEBUG org.springframework.jdbc.datasource.SimpleDriverDataSource - Creating new JDBC Driver Connection to [jdbc:h2:mem:b7833e86-2363-406a-a247-e1085de92e46;DB_CLOSE_DELAY=-1;DB_CLOSE_ON_EXIT=false]
15:07:27.340 [main] DEBUG org.springframework.jdbc.datasource.DataSourceUtils - Fetching JDBC Connection from DataSource
15:07:27.341 [main] DEBUG org.springframework.jdbc.datasource.SimpleDriverDataSource - Creating new JDBC Driver Connection to [jdbc:h2:mem:b7833e86-2363-406a-a247-e1085de92e46;DB_CLOSE_DELAY=-1;DB_CLOSE_ON_EXIT=false]
15:07:27.345 [main] DEBUG org.springframework.test.context.cache.DefaultCacheAwareContextLoaderDelegate - Retrieved ApplicationContext [1753134165] from cache with key [[MergedContextConfiguration@a3cba3a testClass = SpringDatabaseIT, locations = '{}', classes = '{class fr.insalyon.creatis.vip.core.server.SpringCoreConfig}', contextInitializerClasses = '[]', activeProfiles = '{test-db, test}', propertySourceLocations = '{}', propertySourceProperties = '{db.tableEngine=}', contextCustomizers = set[[empty]], contextLoader = 'org.springframework.test.context.support.DelegatingSmartContextLoader', parent = [null]]]
15:07:27.345 [main] DEBUG org.springframework.test.context.cache - Spring test ApplicationContext cache statistics: [DefaultContextCache@6a6082b3 size = 1, maxSize = 32, parentContextCount = 0, hitCount = 5, missCount = 1]
15:07:27.348 [main] DEBUG org.springframework.test.context.cache.DefaultCacheAwareContextLoaderDelegate - Retrieved ApplicationContext [1753134165] from cache with key [[MergedContextConfiguration@a3cba3a testClass = SpringDatabaseIT, locations = '{}', classes = '{class fr.insalyon.creatis.vip.core.server.SpringCoreConfig}', contextInitializerClasses = '[]', activeProfiles = '{test-db, test}', propertySourceLocations = '{}', propertySourceProperties = '{db.tableEngine=}', contextCustomizers = set[[empty]], contextLoader = 'org.springframework.test.context.support.DelegatingSmartContextLoader', parent = [null]]]
15:07:27.348 [main] DEBUG org.springframework.test.context.cache - Spring test ApplicationContext cache statistics: [DefaultContextCache@6a6082b3 size = 1, maxSize = 32, parentContextCount = 0, hitCount = 6, missCount = 1]
15:07:27.349 [main] DEBUG org.springframework.jdbc.datasource.DataSourceTransactionManager - Initiating transaction rollback
15:07:27.349 [main] DEBUG org.springframework.jdbc.datasource.DataSourceTransactionManager - Rolling back JDBC transaction on Connection [conn4: url=jdbc:h2:mem:b7833e86-2363-406a-a247-e1085de92e46 user=SA]
15:07:27.349 [main] DEBUG org.springframework.jdbc.datasource.DataSourceTransactionManager - Releasing JDBC Connection [conn4: url=jdbc:h2:mem:b7833e86-2363-406a-a247-e1085de92e46 user=SA] after transaction
15:07:27.350 [main] INFO org.springframework.test.context.transaction.TransactionContext - Rolled back transaction for test: [DefaultTestContext@224d86d2 testClass = SpringDatabaseIT, testInstance = fr.insalyon.creatis.vip.core.integrationtest.database.SpringDatabaseIT@7eaa2bc6, testMethod = testTestConfig@SpringDatabaseIT, testException = [null], mergedContextConfiguration = [MergedContextConfiguration@a3cba3a testClass = SpringDatabaseIT, locations = '{}', classes = '{class fr.insalyon.creatis.vip.core.server.SpringCoreConfig}', contextInitializerClasses = '[]', activeProfiles = '{test-db, test}', propertySourceLocations = '{}', propertySourceProperties = '{db.tableEngine=}', contextCustomizers = set[[empty]], contextLoader = 'org.springframework.test.context.support.DelegatingSmartContextLoader', parent = [null]], attributes = map['org.springframework.test.context.event.ApplicationEventsTestExecutionListener.recordApplicationEvents' -> false]]
15:07:27.350 [main] DEBUG org.springframework.test.context.support.AbstractDirtiesContextTestExecutionListener - After test method: context [DefaultTestContext@224d86d2 testClass = SpringDatabaseIT, testInstance = fr.insalyon.creatis.vip.core.integrationtest.database.SpringDatabaseIT@7eaa2bc6, testMethod = testTestConfig@SpringDatabaseIT, testException = [null], mergedContextConfiguration = [MergedContextConfiguration@a3cba3a testClass = SpringDatabaseIT, locations = '{}', classes = '{class fr.insalyon.creatis.vip.core.server.SpringCoreConfig}', contextInitializerClasses = '[]', activeProfiles = '{test-db, test}', propertySourceLocations = '{}', propertySourceProperties = '{db.tableEngine=}', contextCustomizers = set[[empty]], contextLoader = 'org.springframework.test.context.support.DelegatingSmartContextLoader', parent = [null]], attributes = map['org.springframework.test.context.event.ApplicationEventsTestExecutionListener.recordApplicationEvents' -> false]], class annotated with @DirtiesContext [false] with mode [null], method annotated with @DirtiesContext [false] with mode [null].
]]></system-out>
  </testcase>
  <testcase name="shouldRollbackWithRuntimeException" classname="fr.insalyon.creatis.vip.core.integrationtest.database.SpringDatabaseIT" time="0.093">
    <system-out><![CDATA[15:07:27.356 [main] DEBUG org.springframework.test.context.support.DependencyInjectionTestExecutionListener - Performing dependency injection for test context [[DefaultTestContext@224d86d2 testClass = SpringDatabaseIT, testInstance = fr.insalyon.creatis.vip.core.integrationtest.database.SpringDatabaseIT@3d65b31, testMethod = [null], testException = [null], mergedContextConfiguration = [MergedContextConfiguration@a3cba3a testClass = SpringDatabaseIT, locations = '{}', classes = '{class fr.insalyon.creatis.vip.core.server.SpringCoreConfig}', contextInitializerClasses = '[]', activeProfiles = '{test-db, test}', propertySourceLocations = '{}', propertySourceProperties = '{db.tableEngine=}', contextCustomizers = set[[empty]], contextLoader = 'org.springframework.test.context.support.DelegatingSmartContextLoader', parent = [null]], attributes = map['org.springframework.test.context.event.ApplicationEventsTestExecutionListener.recordApplicationEvents' -> false]]].
15:07:27.356 [main] DEBUG org.springframework.test.context.cache.DefaultCacheAwareContextLoaderDelegate - Retrieved ApplicationContext [1753134165] from cache with key [[MergedContextConfiguration@a3cba3a testClass = SpringDatabaseIT, locations = '{}', classes = '{class fr.insalyon.creatis.vip.core.server.SpringCoreConfig}', contextInitializerClasses = '[]', activeProfiles = '{test-db, test}', propertySourceLocations = '{}', propertySourceProperties = '{db.tableEngine=}', contextCustomizers = set[[empty]], contextLoader = 'org.springframework.test.context.support.DelegatingSmartContextLoader', parent = [null]]]
15:07:27.356 [main] DEBUG org.springframework.test.context.cache - Spring test ApplicationContext cache statistics: [DefaultContextCache@6a6082b3 size = 1, maxSize = 32, parentContextCount = 0, hitCount = 7, missCount = 1]
15:07:27.357 [main] DEBUG org.springframework.test.context.cache.DefaultCacheAwareContextLoaderDelegate - Retrieved ApplicationContext [1753134165] from cache with key [[MergedContextConfiguration@a3cba3a testClass = SpringDatabaseIT, locations = '{}', classes = '{class fr.insalyon.creatis.vip.core.server.SpringCoreConfig}', contextInitializerClasses = '[]', activeProfiles = '{test-db, test}', propertySourceLocations = '{}', propertySourceProperties = '{db.tableEngine=}', contextCustomizers = set[[empty]], contextLoader = 'org.springframework.test.context.support.DelegatingSmartContextLoader', parent = [null]]]
15:07:27.357 [main] DEBUG org.springframework.test.context.cache - Spring test ApplicationContext cache statistics: [DefaultContextCache@6a6082b3 size = 1, maxSize = 32, parentContextCount = 0, hitCount = 8, missCount = 1]
15:07:27.359 [main] DEBUG org.springframework.test.context.support.AbstractDirtiesContextTestExecutionListener - Before test method: context [DefaultTestContext@224d86d2 testClass = SpringDatabaseIT, testInstance = fr.insalyon.creatis.vip.core.integrationtest.database.SpringDatabaseIT@3d65b31, testMethod = shouldRollbackWithRuntimeException@SpringDatabaseIT, testException = [null], mergedContextConfiguration = [MergedContextConfiguration@a3cba3a testClass = SpringDatabaseIT, locations = '{}', classes = '{class fr.insalyon.creatis.vip.core.server.SpringCoreConfig}', contextInitializerClasses = '[]', activeProfiles = '{test-db, test}', propertySourceLocations = '{}', propertySourceProperties = '{db.tableEngine=}', contextCustomizers = set[[empty]], contextLoader = 'org.springframework.test.context.support.DelegatingSmartContextLoader', parent = [null]], attributes = map['org.springframework.test.context.event.ApplicationEventsTestExecutionListener.recordApplicationEvents' -> false]], class annotated with @DirtiesContext [false] with mode [null], method annotated with @DirtiesContext [false] with mode [null].
15:07:27.359 [main] DEBUG org.springframework.test.context.transaction.TransactionalTestExecutionListener - Explicit transaction definition [PROPAGATION_NOT_SUPPORTED,ISOLATION_DEFAULT] found for test context [DefaultTestContext@224d86d2 testClass = SpringDatabaseIT, testInstance = fr.insalyon.creatis.vip.core.integrationtest.database.SpringDatabaseIT@3d65b31, testMethod = shouldRollbackWithRuntimeException@SpringDatabaseIT, testException = [null], mergedContextConfiguration = [MergedContextConfiguration@a3cba3a testClass = SpringDatabaseIT, locations = '{}', classes = '{class fr.insalyon.creatis.vip.core.server.SpringCoreConfig}', contextInitializerClasses = '[]', activeProfiles = '{test-db, test}', propertySourceLocations = '{}', propertySourceProperties = '{db.tableEngine=}', contextCustomizers = set[[empty]], contextLoader = 'org.springframework.test.context.support.DelegatingSmartContextLoader', parent = [null]], attributes = map['org.springframework.test.context.event.ApplicationEventsTestExecutionListener.recordApplicationEvents' -> false]]
15:07:27.360 [main] DEBUG org.springframework.test.context.cache.DefaultCacheAwareContextLoaderDelegate - Retrieved ApplicationContext [1753134165] from cache with key [[MergedContextConfiguration@a3cba3a testClass = SpringDatabaseIT, locations = '{}', classes = '{class fr.insalyon.creatis.vip.core.server.SpringCoreConfig}', contextInitializerClasses = '[]', activeProfiles = '{test-db, test}', propertySourceLocations = '{}', propertySourceProperties = '{db.tableEngine=}', contextCustomizers = set[[empty]], contextLoader = 'org.springframework.test.context.support.DelegatingSmartContextLoader', parent = [null]]]
15:07:27.360 [main] DEBUG org.springframework.test.context.cache - Spring test ApplicationContext cache statistics: [DefaultContextCache@6a6082b3 size = 1, maxSize = 32, parentContextCount = 0, hitCount = 9, missCount = 1]
15:07:27.362 [main] DEBUG org.springframework.test.context.cache.DefaultCacheAwareContextLoaderDelegate - Retrieved ApplicationContext [1753134165] from cache with key [[MergedContextConfiguration@a3cba3a testClass = SpringDatabaseIT, locations = '{}', classes = '{class fr.insalyon.creatis.vip.core.server.SpringCoreConfig}', contextInitializerClasses = '[]', activeProfiles = '{test-db, test}', propertySourceLocations = '{}', propertySourceProperties = '{db.tableEngine=}', contextCustomizers = set[[empty]], contextLoader = 'org.springframework.test.context.support.DelegatingSmartContextLoader', parent = [null]]]
15:07:27.363 [main] DEBUG org.springframework.test.context.cache - Spring test ApplicationContext cache statistics: [DefaultContextCache@6a6082b3 size = 1, maxSize = 32, parentContextCount = 0, hitCount = 10, missCount = 1]
15:07:27.367 [main] DEBUG org.springframework.jdbc.core.JdbcTemplate - Executing SQL query [SELECT COUNT(0) FROM VIPUsers]
15:07:27.368 [main] DEBUG org.springframework.jdbc.datasource.DataSourceUtils - Fetching JDBC Connection from DataSource
15:07:27.368 [main] DEBUG org.springframework.jdbc.datasource.SimpleDriverDataSource - Creating new JDBC Driver Connection to [jdbc:h2:mem:b7833e86-2363-406a-a247-e1085de92e46;DB_CLOSE_DELAY=-1;DB_CLOSE_ON_EXIT=false]
15:07:27.381 [main] DEBUG org.springframework.jdbc.datasource.DataSourceTransactionManager - Creating new transaction with name [fr.insalyon.creatis.vip.core.server.business.ConfigurationBusiness.signup]: PROPAGATION_REQUIRED,ISOLATION_DEFAULT
15:07:27.382 [main] DEBUG org.springframework.jdbc.datasource.DataSourceTransactionManager - Acquired Connection [Lazy Connection proxy for target DataSource [org.springframework.jdbc.datasource.embedded.EmbeddedDatabaseFactory$EmbeddedDataSourceProxy@314ba270]] for JDBC transaction
15:07:27.382 [main] DEBUG org.springframework.jdbc.datasource.DataSourceTransactionManager - Switching JDBC Connection [Lazy Connection proxy for target DataSource [org.springframework.jdbc.datasource.embedded.EmbeddedDatabaseFactory$EmbeddedDataSourceProxy@314ba270]] to manual commit
User = test@email.fr
15:07:27.383 [main] INFO fr.insalyon.creatis.vip.core.server.business.ConfigurationBusiness - verifying test@email.fr. List of undesired mail domains: . 
15:07:27.383 [main] INFO fr.insalyon.creatis.vip.core.server.business.ConfigurationBusiness - Signing up . List of undesired countries: .
15:07:27.391 [main] DEBUG org.springframework.jdbc.datasource.DataSourceTransactionManager - Participating in existing transaction
15:07:27.391 [main] DEBUG org.springframework.jdbc.datasource.SimpleDriverDataSource - Creating new JDBC Driver Connection to [jdbc:h2:mem:b7833e86-2363-406a-a247-e1085de92e46;DB_CLOSE_DELAY=-1;DB_CLOSE_ON_EXIT=false]
15:07:27.399 [main] INFO fr.insalyon.creatis.vip.core.server.business.ConfigurationBusiness - Sending confirmation email to 'test@email.fr'.
15:07:27.415 [main] DEBUG org.springframework.jdbc.datasource.DataSourceTransactionManager - Participating in existing transaction
15:07:27.417 [main] DEBUG org.springframework.jdbc.datasource.DataSourceTransactionManager - Initiating transaction commit
15:07:27.417 [main] DEBUG org.springframework.jdbc.datasource.DataSourceTransactionManager - Committing JDBC transaction on Connection [conn7: url=jdbc:h2:mem:b7833e86-2363-406a-a247-e1085de92e46 user=SA]
15:07:27.417 [main] DEBUG org.springframework.jdbc.datasource.DataSourceTransactionManager - Releasing JDBC Connection [conn7: url=jdbc:h2:mem:b7833e86-2363-406a-a247-e1085de92e46 user=SA] after transaction
15:07:27.417 [main] DEBUG org.springframework.jdbc.core.JdbcTemplate - Executing SQL query [SELECT COUNT(0) FROM VIPUsers]
15:07:27.417 [main] DEBUG org.springframework.jdbc.datasource.DataSourceUtils - Fetching JDBC Connection from DataSource
15:07:27.417 [main] DEBUG org.springframework.jdbc.datasource.SimpleDriverDataSource - Creating new JDBC Driver Connection to [jdbc:h2:mem:b7833e86-2363-406a-a247-e1085de92e46;DB_CLOSE_DELAY=-1;DB_CLOSE_ON_EXIT=false]
15:07:27.420 [main] DEBUG org.springframework.jdbc.datasource.DataSourceTransactionManager - Creating new transaction with name [fr.insalyon.creatis.vip.core.server.business.ConfigurationBusiness.removeUser]: PROPAGATION_REQUIRED,ISOLATION_DEFAULT
15:07:27.421 [main] DEBUG org.springframework.jdbc.datasource.DataSourceTransactionManager - Acquired Connection [Lazy Connection proxy for target DataSource [org.springframework.jdbc.datasource.embedded.EmbeddedDatabaseFactory$EmbeddedDataSourceProxy@314ba270]] for JDBC transaction
15:07:27.422 [main] DEBUG org.springframework.jdbc.datasource.DataSourceTransactionManager - Switching JDBC Connection [Lazy Connection proxy for target DataSource [org.springframework.jdbc.datasource.embedded.EmbeddedDatabaseFactory$EmbeddedDataSourceProxy@314ba270]] to manual commit
15:07:27.422 [main] DEBUG org.springframework.jdbc.datasource.DataSourceTransactionManager - Participating in existing transaction
15:07:27.423 [main] DEBUG org.springframework.jdbc.datasource.SimpleDriverDataSource - Creating new JDBC Driver Connection to [jdbc:h2:mem:b7833e86-2363-406a-a247-e1085de92e46;DB_CLOSE_DELAY=-1;DB_CLOSE_ON_EXIT=false]
15:07:27.432 [main] DEBUG org.springframework.jdbc.datasource.DataSourceTransactionManager - Participating in existing transaction
15:07:27.440 [main] DEBUG org.springframework.jdbc.datasource.DataSourceTransactionManager - Participating in existing transaction
15:07:27.441 [main] DEBUG org.springframework.jdbc.core.JdbcTemplate - Executing SQL query [SELECT COUNT(0) FROM VIPUsers]
15:07:27.442 [main] DEBUG org.springframework.jdbc.datasource.DataSourceTransactionManager - Initiating transaction rollback
15:07:27.442 [main] DEBUG org.springframework.jdbc.datasource.DataSourceTransactionManager - Rolling back JDBC transaction on Connection [conn9: url=jdbc:h2:mem:b7833e86-2363-406a-a247-e1085de92e46 user=SA]
15:07:27.442 [main] DEBUG org.springframework.jdbc.datasource.DataSourceTransactionManager - Releasing JDBC Connection [conn9: url=jdbc:h2:mem:b7833e86-2363-406a-a247-e1085de92e46 user=SA] after transaction
15:07:27.442 [main] DEBUG org.springframework.jdbc.core.JdbcTemplate - Executing SQL query [SELECT COUNT(0) FROM VIPUsers]
15:07:27.443 [main] DEBUG org.springframework.jdbc.datasource.DataSourceUtils - Fetching JDBC Connection from DataSource
15:07:27.443 [main] DEBUG org.springframework.jdbc.datasource.SimpleDriverDataSource - Creating new JDBC Driver Connection to [jdbc:h2:mem:b7833e86-2363-406a-a247-e1085de92e46;DB_CLOSE_DELAY=-1;DB_CLOSE_ON_EXIT=false]
15:07:27.444 [main] DEBUG org.springframework.jdbc.datasource.DataSourceTransactionManager - Creating new transaction with name [fr.insalyon.creatis.vip.core.server.business.ConfigurationBusiness.removeUser]: PROPAGATION_REQUIRED,ISOLATION_DEFAULT
15:07:27.444 [main] DEBUG org.springframework.jdbc.datasource.DataSourceTransactionManager - Acquired Connection [Lazy Connection proxy for target DataSource [org.springframework.jdbc.datasource.embedded.EmbeddedDatabaseFactory$EmbeddedDataSourceProxy@314ba270]] for JDBC transaction
15:07:27.445 [main] DEBUG org.springframework.jdbc.datasource.DataSourceTransactionManager - Switching JDBC Connection [Lazy Connection proxy for target DataSource [org.springframework.jdbc.datasource.embedded.EmbeddedDatabaseFactory$EmbeddedDataSourceProxy@314ba270]] to manual commit
15:07:27.445 [main] DEBUG org.springframework.jdbc.datasource.DataSourceTransactionManager - Participating in existing transaction
15:07:27.445 [main] DEBUG org.springframework.jdbc.datasource.SimpleDriverDataSource - Creating new JDBC Driver Connection to [jdbc:h2:mem:b7833e86-2363-406a-a247-e1085de92e46;DB_CLOSE_DELAY=-1;DB_CLOSE_ON_EXIT=false]
15:07:27.447 [main] DEBUG org.springframework.jdbc.datasource.DataSourceTransactionManager - Participating in existing transaction
15:07:27.448 [main] DEBUG org.springframework.jdbc.datasource.DataSourceTransactionManager - Initiating transaction commit
15:07:27.448 [main] DEBUG org.springframework.jdbc.datasource.DataSourceTransactionManager - Committing JDBC transaction on Connection [conn11: url=jdbc:h2:mem:b7833e86-2363-406a-a247-e1085de92e46 user=SA]
15:07:27.448 [main] DEBUG org.springframework.jdbc.datasource.DataSourceTransactionManager - Releasing JDBC Connection [conn11: url=jdbc:h2:mem:b7833e86-2363-406a-a247-e1085de92e46 user=SA] after transaction
15:07:27.448 [main] DEBUG org.springframework.jdbc.core.JdbcTemplate - Executing SQL query [SELECT COUNT(0) FROM VIPUsers]
15:07:27.448 [main] DEBUG org.springframework.jdbc.datasource.DataSourceUtils - Fetching JDBC Connection from DataSource
15:07:27.449 [main] DEBUG org.springframework.jdbc.datasource.SimpleDriverDataSource - Creating new JDBC Driver Connection to [jdbc:h2:mem:b7833e86-2363-406a-a247-e1085de92e46;DB_CLOSE_DELAY=-1;DB_CLOSE_ON_EXIT=false]
15:07:27.450 [main] DEBUG org.springframework.test.context.cache.DefaultCacheAwareContextLoaderDelegate - Retrieved ApplicationContext [1753134165] from cache with key [[MergedContextConfiguration@a3cba3a testClass = SpringDatabaseIT, locations = '{}', classes = '{class fr.insalyon.creatis.vip.core.server.SpringCoreConfig}', contextInitializerClasses = '[]', activeProfiles = '{test-db, test}', propertySourceLocations = '{}', propertySourceProperties = '{db.tableEngine=}', contextCustomizers = set[[empty]], contextLoader = 'org.springframework.test.context.support.DelegatingSmartContextLoader', parent = [null]]]
15:07:27.450 [main] DEBUG org.springframework.test.context.cache - Spring test ApplicationContext cache statistics: [DefaultContextCache@6a6082b3 size = 1, maxSize = 32, parentContextCount = 0, hitCount = 11, missCount = 1]
15:07:27.450 [main] DEBUG org.springframework.test.context.cache.DefaultCacheAwareContextLoaderDelegate - Retrieved ApplicationContext [1753134165] from cache with key [[MergedContextConfiguration@a3cba3a testClass = SpringDatabaseIT, locations = '{}', classes = '{class fr.insalyon.creatis.vip.core.server.SpringCoreConfig}', contextInitializerClasses = '[]', activeProfiles = '{test-db, test}', propertySourceLocations = '{}', propertySourceProperties = '{db.tableEngine=}', contextCustomizers = set[[empty]], contextLoader = 'org.springframework.test.context.support.DelegatingSmartContextLoader', parent = [null]]]
15:07:27.450 [main] DEBUG org.springframework.test.context.cache - Spring test ApplicationContext cache statistics: [DefaultContextCache@6a6082b3 size = 1, maxSize = 32, parentContextCount = 0, hitCount = 12, missCount = 1]
15:07:27.451 [main] DEBUG org.springframework.test.context.support.AbstractDirtiesContextTestExecutionListener - After test method: context [DefaultTestContext@224d86d2 testClass = SpringDatabaseIT, testInstance = fr.insalyon.creatis.vip.core.integrationtest.database.SpringDatabaseIT@3d65b31, testMethod = shouldRollbackWithRuntimeException@SpringDatabaseIT, testException = [null], mergedContextConfiguration = [MergedContextConfiguration@a3cba3a testClass = SpringDatabaseIT, locations = '{}', classes = '{class fr.insalyon.creatis.vip.core.server.SpringCoreConfig}', contextInitializerClasses = '[]', activeProfiles = '{test-db, test}', propertySourceLocations = '{}', propertySourceProperties = '{db.tableEngine=}', contextCustomizers = set[[empty]], contextLoader = 'org.springframework.test.context.support.DelegatingSmartContextLoader', parent = [null]], attributes = map['org.springframework.test.context.event.ApplicationEventsTestExecutionListener.recordApplicationEvents' -> false]], class annotated with @DirtiesContext [false] with mode [null], method annotated with @DirtiesContext [false] with mode [null].
]]></system-out>
  </testcase>
  <testcase name="shouldNotRollbackWithCheckedException" classname="fr.insalyon.creatis.vip.core.integrationtest.database.SpringDatabaseIT" time="0.025">
    <system-out><![CDATA[15:07:27.452 [main] DEBUG org.springframework.test.context.support.DependencyInjectionTestExecutionListener - Performing dependency injection for test context [[DefaultTestContext@224d86d2 testClass = SpringDatabaseIT, testInstance = fr.insalyon.creatis.vip.core.integrationtest.database.SpringDatabaseIT@2b1e184e, testMethod = [null], testException = [null], mergedContextConfiguration = [MergedContextConfiguration@a3cba3a testClass = SpringDatabaseIT, locations = '{}', classes = '{class fr.insalyon.creatis.vip.core.server.SpringCoreConfig}', contextInitializerClasses = '[]', activeProfiles = '{test-db, test}', propertySourceLocations = '{}', propertySourceProperties = '{db.tableEngine=}', contextCustomizers = set[[empty]], contextLoader = 'org.springframework.test.context.support.DelegatingSmartContextLoader', parent = [null]], attributes = map['org.springframework.test.context.event.ApplicationEventsTestExecutionListener.recordApplicationEvents' -> false]]].
15:07:27.452 [main] DEBUG org.springframework.test.context.cache.DefaultCacheAwareContextLoaderDelegate - Retrieved ApplicationContext [1753134165] from cache with key [[MergedContextConfiguration@a3cba3a testClass = SpringDatabaseIT, locations = '{}', classes = '{class fr.insalyon.creatis.vip.core.server.SpringCoreConfig}', contextInitializerClasses = '[]', activeProfiles = '{test-db, test}', propertySourceLocations = '{}', propertySourceProperties = '{db.tableEngine=}', contextCustomizers = set[[empty]], contextLoader = 'org.springframework.test.context.support.DelegatingSmartContextLoader', parent = [null]]]
15:07:27.452 [main] DEBUG org.springframework.test.context.cache - Spring test ApplicationContext cache statistics: [DefaultContextCache@6a6082b3 size = 1, maxSize = 32, parentContextCount = 0, hitCount = 13, missCount = 1]
15:07:27.453 [main] DEBUG org.springframework.test.context.cache.DefaultCacheAwareContextLoaderDelegate - Retrieved ApplicationContext [1753134165] from cache with key [[MergedContextConfiguration@a3cba3a testClass = SpringDatabaseIT, locations = '{}', classes = '{class fr.insalyon.creatis.vip.core.server.SpringCoreConfig}', contextInitializerClasses = '[]', activeProfiles = '{test-db, test}', propertySourceLocations = '{}', propertySourceProperties = '{db.tableEngine=}', contextCustomizers = set[[empty]], contextLoader = 'org.springframework.test.context.support.DelegatingSmartContextLoader', parent = [null]]]
15:07:27.453 [main] DEBUG org.springframework.test.context.cache - Spring test ApplicationContext cache statistics: [DefaultContextCache@6a6082b3 size = 1, maxSize = 32, parentContextCount = 0, hitCount = 14, missCount = 1]
15:07:27.455 [main] DEBUG org.springframework.test.context.support.AbstractDirtiesContextTestExecutionListener - Before test method: context [DefaultTestContext@224d86d2 testClass = SpringDatabaseIT, testInstance = fr.insalyon.creatis.vip.core.integrationtest.database.SpringDatabaseIT@2b1e184e, testMethod = shouldNotRollbackWithCheckedException@SpringDatabaseIT, testException = [null], mergedContextConfiguration = [MergedContextConfiguration@a3cba3a testClass = SpringDatabaseIT, locations = '{}', classes = '{class fr.insalyon.creatis.vip.core.server.SpringCoreConfig}', contextInitializerClasses = '[]', activeProfiles = '{test-db, test}', propertySourceLocations = '{}', propertySourceProperties = '{db.tableEngine=}', contextCustomizers = set[[empty]], contextLoader = 'org.springframework.test.context.support.DelegatingSmartContextLoader', parent = [null]], attributes = map['org.springframework.test.context.event.ApplicationEventsTestExecutionListener.recordApplicationEvents' -> false]], class annotated with @DirtiesContext [false] with mode [null], method annotated with @DirtiesContext [false] with mode [null].
15:07:27.456 [main] DEBUG org.springframework.test.context.transaction.TransactionalTestExecutionListener - Explicit transaction definition [PROPAGATION_NOT_SUPPORTED,ISOLATION_DEFAULT] found for test context [DefaultTestContext@224d86d2 testClass = SpringDatabaseIT, testInstance = fr.insalyon.creatis.vip.core.integrationtest.database.SpringDatabaseIT@2b1e184e, testMethod = shouldNotRollbackWithCheckedException@SpringDatabaseIT, testException = [null], mergedContextConfiguration = [MergedContextConfiguration@a3cba3a testClass = SpringDatabaseIT, locations = '{}', classes = '{class fr.insalyon.creatis.vip.core.server.SpringCoreConfig}', contextInitializerClasses = '[]', activeProfiles = '{test-db, test}', propertySourceLocations = '{}', propertySourceProperties = '{db.tableEngine=}', contextCustomizers = set[[empty]], contextLoader = 'org.springframework.test.context.support.DelegatingSmartContextLoader', parent = [null]], attributes = map['org.springframework.test.context.event.ApplicationEventsTestExecutionListener.recordApplicationEvents' -> false]]
15:07:27.456 [main] DEBUG org.springframework.test.context.cache.DefaultCacheAwareContextLoaderDelegate - Retrieved ApplicationContext [1753134165] from cache with key [[MergedContextConfiguration@a3cba3a testClass = SpringDatabaseIT, locations = '{}', classes = '{class fr.insalyon.creatis.vip.core.server.SpringCoreConfig}', contextInitializerClasses = '[]', activeProfiles = '{test-db, test}', propertySourceLocations = '{}', propertySourceProperties = '{db.tableEngine=}', contextCustomizers = set[[empty]], contextLoader = 'org.springframework.test.context.support.DelegatingSmartContextLoader', parent = [null]]]
15:07:27.456 [main] DEBUG org.springframework.test.context.cache - Spring test ApplicationContext cache statistics: [DefaultContextCache@6a6082b3 size = 1, maxSize = 32, parentContextCount = 0, hitCount = 15, missCount = 1]
15:07:27.459 [main] DEBUG org.springframework.test.context.cache.DefaultCacheAwareContextLoaderDelegate - Retrieved ApplicationContext [1753134165] from cache with key [[MergedContextConfiguration@a3cba3a testClass = SpringDatabaseIT, locations = '{}', classes = '{class fr.insalyon.creatis.vip.core.server.SpringCoreConfig}', contextInitializerClasses = '[]', activeProfiles = '{test-db, test}', propertySourceLocations = '{}', propertySourceProperties = '{db.tableEngine=}', contextCustomizers = set[[empty]], contextLoader = 'org.springframework.test.context.support.DelegatingSmartContextLoader', parent = [null]]]
15:07:27.459 [main] DEBUG org.springframework.test.context.cache - Spring test ApplicationContext cache statistics: [DefaultContextCache@6a6082b3 size = 1, maxSize = 32, parentContextCount = 0, hitCount = 16, missCount = 1]
15:07:27.460 [main] DEBUG org.springframework.jdbc.core.JdbcTemplate - Executing SQL query [SELECT COUNT(0) FROM VIPUsers]
15:07:27.460 [main] DEBUG org.springframework.jdbc.datasource.DataSourceUtils - Fetching JDBC Connection from DataSource
15:07:27.460 [main] DEBUG org.springframework.jdbc.datasource.SimpleDriverDataSource - Creating new JDBC Driver Connection to [jdbc:h2:mem:b7833e86-2363-406a-a247-e1085de92e46;DB_CLOSE_DELAY=-1;DB_CLOSE_ON_EXIT=false]
15:07:27.462 [main] DEBUG org.springframework.jdbc.datasource.DataSourceTransactionManager - Creating new transaction with name [fr.insalyon.creatis.vip.core.server.business.ConfigurationBusiness.signup]: PROPAGATION_REQUIRED,ISOLATION_DEFAULT
15:07:27.462 [main] DEBUG org.springframework.jdbc.datasource.DataSourceTransactionManager - Acquired Connection [Lazy Connection proxy for target DataSource [org.springframework.jdbc.datasource.embedded.EmbeddedDatabaseFactory$EmbeddedDataSourceProxy@314ba270]] for JDBC transaction
15:07:27.463 [main] DEBUG org.springframework.jdbc.datasource.DataSourceTransactionManager - Switching JDBC Connection [Lazy Connection proxy for target DataSource [org.springframework.jdbc.datasource.embedded.EmbeddedDatabaseFactory$EmbeddedDataSourceProxy@314ba270]] to manual commit
User = test@email.fr
15:07:27.463 [main] INFO fr.insalyon.creatis.vip.core.server.business.ConfigurationBusiness - verifying test@email.fr. List of undesired mail domains: . 
15:07:27.463 [main] INFO fr.insalyon.creatis.vip.core.server.business.ConfigurationBusiness - Signing up . List of undesired countries: .
15:07:27.464 [main] DEBUG org.springframework.jdbc.datasource.DataSourceTransactionManager - Participating in existing transaction
15:07:27.465 [main] DEBUG org.springframework.jdbc.datasource.SimpleDriverDataSource - Creating new JDBC Driver Connection to [jdbc:h2:mem:b7833e86-2363-406a-a247-e1085de92e46;DB_CLOSE_DELAY=-1;DB_CLOSE_ON_EXIT=false]
15:07:27.466 [main] INFO fr.insalyon.creatis.vip.core.server.business.ConfigurationBusiness - Sending confirmation email to 'test@email.fr'.
15:07:27.466 [main] DEBUG org.springframework.jdbc.datasource.DataSourceTransactionManager - Participating in existing transaction
15:07:27.467 [main] DEBUG org.springframework.jdbc.datasource.DataSourceTransactionManager - Initiating transaction commit
15:07:27.467 [main] DEBUG org.springframework.jdbc.datasource.DataSourceTransactionManager - Committing JDBC transaction on Connection [conn14: url=jdbc:h2:mem:b7833e86-2363-406a-a247-e1085de92e46 user=SA]
15:07:27.467 [main] DEBUG org.springframework.jdbc.datasource.DataSourceTransactionManager - Releasing JDBC Connection [conn14: url=jdbc:h2:mem:b7833e86-2363-406a-a247-e1085de92e46 user=SA] after transaction
15:07:27.467 [main] DEBUG org.springframework.jdbc.core.JdbcTemplate - Executing SQL query [SELECT COUNT(0) FROM VIPUsers]
15:07:27.467 [main] DEBUG org.springframework.jdbc.datasource.DataSourceUtils - Fetching JDBC Connection from DataSource
15:07:27.468 [main] DEBUG org.springframework.jdbc.datasource.SimpleDriverDataSource - Creating new JDBC Driver Connection to [jdbc:h2:mem:b7833e86-2363-406a-a247-e1085de92e46;DB_CLOSE_DELAY=-1;DB_CLOSE_ON_EXIT=false]
15:07:27.469 [main] DEBUG org.springframework.jdbc.datasource.DataSourceTransactionManager - Creating new transaction with name [fr.insalyon.creatis.vip.core.server.business.ConfigurationBusiness.removeUser]: PROPAGATION_REQUIRED,ISOLATION_DEFAULT
15:07:27.469 [main] DEBUG org.springframework.jdbc.datasource.DataSourceTransactionManager - Acquired Connection [Lazy Connection proxy for target DataSource [org.springframework.jdbc.datasource.embedded.EmbeddedDatabaseFactory$EmbeddedDataSourceProxy@314ba270]] for JDBC transaction
15:07:27.470 [main] DEBUG org.springframework.jdbc.datasource.DataSourceTransactionManager - Switching JDBC Connection [Lazy Connection proxy for target DataSource [org.springframework.jdbc.datasource.embedded.EmbeddedDatabaseFactory$EmbeddedDataSourceProxy@314ba270]] to manual commit
15:07:27.470 [main] DEBUG org.springframework.jdbc.datasource.DataSourceTransactionManager - Participating in existing transaction
15:07:27.470 [main] DEBUG org.springframework.jdbc.datasource.SimpleDriverDataSource - Creating new JDBC Driver Connection to [jdbc:h2:mem:b7833e86-2363-406a-a247-e1085de92e46;DB_CLOSE_DELAY=-1;DB_CLOSE_ON_EXIT=false]
15:07:27.472 [main] DEBUG org.springframework.jdbc.datasource.DataSourceTransactionManager - Participating in existing transaction
15:07:27.473 [main] DEBUG org.springframework.jdbc.datasource.DataSourceTransactionManager - Participating in existing transaction
15:07:27.474 [main] DEBUG org.springframework.jdbc.core.JdbcTemplate - Executing SQL query [SELECT COUNT(0) FROM VIPUsers]
15:07:27.475 [main] DEBUG org.springframework.jdbc.datasource.DataSourceTransactionManager - Initiating transaction commit
15:07:27.475 [main] DEBUG org.springframework.jdbc.datasource.DataSourceTransactionManager - Committing JDBC transaction on Connection [conn16: url=jdbc:h2:mem:b7833e86-2363-406a-a247-e1085de92e46 user=SA]
15:07:27.475 [main] DEBUG org.springframework.jdbc.datasource.DataSourceTransactionManager - Releasing JDBC Connection [conn16: url=jdbc:h2:mem:b7833e86-2363-406a-a247-e1085de92e46 user=SA] after transaction
15:07:27.475 [main] DEBUG org.springframework.jdbc.core.JdbcTemplate - Executing SQL query [SELECT COUNT(0) FROM VIPUsers]
15:07:27.475 [main] DEBUG org.springframework.jdbc.datasource.DataSourceUtils - Fetching JDBC Connection from DataSource
15:07:27.476 [main] DEBUG org.springframework.jdbc.datasource.SimpleDriverDataSource - Creating new JDBC Driver Connection to [jdbc:h2:mem:b7833e86-2363-406a-a247-e1085de92e46;DB_CLOSE_DELAY=-1;DB_CLOSE_ON_EXIT=false]
15:07:27.476 [main] DEBUG org.springframework.jdbc.core.JdbcTemplate - Executing SQL query [SELECT COUNT(0) FROM VIPUsers]
15:07:27.476 [main] DEBUG org.springframework.jdbc.datasource.DataSourceUtils - Fetching JDBC Connection from DataSource
15:07:27.477 [main] DEBUG org.springframework.jdbc.datasource.SimpleDriverDataSource - Creating new JDBC Driver Connection to [jdbc:h2:mem:b7833e86-2363-406a-a247-e1085de92e46;DB_CLOSE_DELAY=-1;DB_CLOSE_ON_EXIT=false]
15:07:27.478 [main] DEBUG org.springframework.test.context.cache.DefaultCacheAwareContextLoaderDelegate - Retrieved ApplicationContext [1753134165] from cache with key [[MergedContextConfiguration@a3cba3a testClass = SpringDatabaseIT, locations = '{}', classes = '{class fr.insalyon.creatis.vip.core.server.SpringCoreConfig}', contextInitializerClasses = '[]', activeProfiles = '{test-db, test}', propertySourceLocations = '{}', propertySourceProperties = '{db.tableEngine=}', contextCustomizers = set[[empty]], contextLoader = 'org.springframework.test.context.support.DelegatingSmartContextLoader', parent = [null]]]
15:07:27.478 [main] DEBUG org.springframework.test.context.cache - Spring test ApplicationContext cache statistics: [DefaultContextCache@6a6082b3 size = 1, maxSize = 32, parentContextCount = 0, hitCount = 17, missCount = 1]
15:07:27.478 [main] DEBUG org.springframework.test.context.cache.DefaultCacheAwareContextLoaderDelegate - Retrieved ApplicationContext [1753134165] from cache with key [[MergedContextConfiguration@a3cba3a testClass = SpringDatabaseIT, locations = '{}', classes = '{class fr.insalyon.creatis.vip.core.server.SpringCoreConfig}', contextInitializerClasses = '[]', activeProfiles = '{test-db, test}', propertySourceLocations = '{}', propertySourceProperties = '{db.tableEngine=}', contextCustomizers = set[[empty]], contextLoader = 'org.springframework.test.context.support.DelegatingSmartContextLoader', parent = [null]]]
15:07:27.478 [main] DEBUG org.springframework.test.context.cache - Spring test ApplicationContext cache statistics: [DefaultContextCache@6a6082b3 size = 1, maxSize = 32, parentContextCount = 0, hitCount = 18, missCount = 1]
15:07:27.479 [main] DEBUG org.springframework.test.context.support.AbstractDirtiesContextTestExecutionListener - After test method: context [DefaultTestContext@224d86d2 testClass = SpringDatabaseIT, testInstance = fr.insalyon.creatis.vip.core.integrationtest.database.SpringDatabaseIT@2b1e184e, testMethod = shouldNotRollbackWithCheckedException@SpringDatabaseIT, testException = [null], mergedContextConfiguration = [MergedContextConfiguration@a3cba3a testClass = SpringDatabaseIT, locations = '{}', classes = '{class fr.insalyon.creatis.vip.core.server.SpringCoreConfig}', contextInitializerClasses = '[]', activeProfiles = '{test-db, test}', propertySourceLocations = '{}', propertySourceProperties = '{db.tableEngine=}', contextCustomizers = set[[empty]], contextLoader = 'org.springframework.test.context.support.DelegatingSmartContextLoader', parent = [null]], attributes = map['org.springframework.test.context.event.ApplicationEventsTestExecutionListener.recordApplicationEvents' -> false]], class annotated with @DirtiesContext [false] with mode [null], method annotated with @DirtiesContext [false] with mode [null].
]]></system-out>
  </testcase>
  <testcase name="shouldHandleConnectionCreationIssue" classname="fr.insalyon.creatis.vip.core.integrationtest.database.SpringDatabaseIT" time="0.017">
    <system-out><![CDATA[15:07:27.480 [main] DEBUG org.springframework.test.context.support.DependencyInjectionTestExecutionListener - Performing dependency injection for test context [[DefaultTestContext@224d86d2 testClass = SpringDatabaseIT, testInstance = fr.insalyon.creatis.vip.core.integrationtest.database.SpringDatabaseIT@7e74d1ce, testMethod = [null], testException = [null], mergedContextConfiguration = [MergedContextConfiguration@a3cba3a testClass = SpringDatabaseIT, locations = '{}', classes = '{class fr.insalyon.creatis.vip.core.server.SpringCoreConfig}', contextInitializerClasses = '[]', activeProfiles = '{test-db, test}', propertySourceLocations = '{}', propertySourceProperties = '{db.tableEngine=}', contextCustomizers = set[[empty]], contextLoader = 'org.springframework.test.context.support.DelegatingSmartContextLoader', parent = [null]], attributes = map['org.springframework.test.context.event.ApplicationEventsTestExecutionListener.recordApplicationEvents' -> false]]].
15:07:27.480 [main] DEBUG org.springframework.test.context.cache.DefaultCacheAwareContextLoaderDelegate - Retrieved ApplicationContext [1753134165] from cache with key [[MergedContextConfiguration@a3cba3a testClass = SpringDatabaseIT, locations = '{}', classes = '{class fr.insalyon.creatis.vip.core.server.SpringCoreConfig}', contextInitializerClasses = '[]', activeProfiles = '{test-db, test}', propertySourceLocations = '{}', propertySourceProperties = '{db.tableEngine=}', contextCustomizers = set[[empty]], contextLoader = 'org.springframework.test.context.support.DelegatingSmartContextLoader', parent = [null]]]
15:07:27.480 [main] DEBUG org.springframework.test.context.cache - Spring test ApplicationContext cache statistics: [DefaultContextCache@6a6082b3 size = 1, maxSize = 32, parentContextCount = 0, hitCount = 19, missCount = 1]
15:07:27.481 [main] DEBUG org.springframework.test.context.cache.DefaultCacheAwareContextLoaderDelegate - Retrieved ApplicationContext [1753134165] from cache with key [[MergedContextConfiguration@a3cba3a testClass = SpringDatabaseIT, locations = '{}', classes = '{class fr.insalyon.creatis.vip.core.server.SpringCoreConfig}', contextInitializerClasses = '[]', activeProfiles = '{test-db, test}', propertySourceLocations = '{}', propertySourceProperties = '{db.tableEngine=}', contextCustomizers = set[[empty]], contextLoader = 'org.springframework.test.context.support.DelegatingSmartContextLoader', parent = [null]]]
15:07:27.481 [main] DEBUG org.springframework.test.context.cache - Spring test ApplicationContext cache statistics: [DefaultContextCache@6a6082b3 size = 1, maxSize = 32, parentContextCount = 0, hitCount = 20, missCount = 1]
15:07:27.482 [main] DEBUG org.springframework.test.context.support.AbstractDirtiesContextTestExecutionListener - Before test method: context [DefaultTestContext@224d86d2 testClass = SpringDatabaseIT, testInstance = fr.insalyon.creatis.vip.core.integrationtest.database.SpringDatabaseIT@7e74d1ce, testMethod = shouldHandleConnectionCreationIssue@SpringDatabaseIT, testException = [null], mergedContextConfiguration = [MergedContextConfiguration@a3cba3a testClass = SpringDatabaseIT, locations = '{}', classes = '{class fr.insalyon.creatis.vip.core.server.SpringCoreConfig}', contextInitializerClasses = '[]', activeProfiles = '{test-db, test}', propertySourceLocations = '{}', propertySourceProperties = '{db.tableEngine=}', contextCustomizers = set[[empty]], contextLoader = 'org.springframework.test.context.support.DelegatingSmartContextLoader', parent = [null]], attributes = map['org.springframework.test.context.event.ApplicationEventsTestExecutionListener.recordApplicationEvents' -> false]], class annotated with @DirtiesContext [false] with mode [null], method annotated with @DirtiesContext [false] with mode [null].
15:07:27.483 [main] DEBUG org.springframework.test.context.transaction.TransactionalTestExecutionListener - Explicit transaction definition [PROPAGATION_NOT_SUPPORTED,ISOLATION_DEFAULT] found for test context [DefaultTestContext@224d86d2 testClass = SpringDatabaseIT, testInstance = fr.insalyon.creatis.vip.core.integrationtest.database.SpringDatabaseIT@7e74d1ce, testMethod = shouldHandleConnectionCreationIssue@SpringDatabaseIT, testException = [null], mergedContextConfiguration = [MergedContextConfiguration@a3cba3a testClass = SpringDatabaseIT, locations = '{}', classes = '{class fr.insalyon.creatis.vip.core.server.SpringCoreConfig}', contextInitializerClasses = '[]', activeProfiles = '{test-db, test}', propertySourceLocations = '{}', propertySourceProperties = '{db.tableEngine=}', contextCustomizers = set[[empty]], contextLoader = 'org.springframework.test.context.support.DelegatingSmartContextLoader', parent = [null]], attributes = map['org.springframework.test.context.event.ApplicationEventsTestExecutionListener.recordApplicationEvents' -> false]]
15:07:27.483 [main] DEBUG org.springframework.test.context.cache.DefaultCacheAwareContextLoaderDelegate - Retrieved ApplicationContext [1753134165] from cache with key [[MergedContextConfiguration@a3cba3a testClass = SpringDatabaseIT, locations = '{}', classes = '{class fr.insalyon.creatis.vip.core.server.SpringCoreConfig}', contextInitializerClasses = '[]', activeProfiles = '{test-db, test}', propertySourceLocations = '{}', propertySourceProperties = '{db.tableEngine=}', contextCustomizers = set[[empty]], contextLoader = 'org.springframework.test.context.support.DelegatingSmartContextLoader', parent = [null]]]
15:07:27.483 [main] DEBUG org.springframework.test.context.cache - Spring test ApplicationContext cache statistics: [DefaultContextCache@6a6082b3 size = 1, maxSize = 32, parentContextCount = 0, hitCount = 21, missCount = 1]
15:07:27.485 [main] DEBUG org.springframework.test.context.cache.DefaultCacheAwareContextLoaderDelegate - Retrieved ApplicationContext [1753134165] from cache with key [[MergedContextConfiguration@a3cba3a testClass = SpringDatabaseIT, locations = '{}', classes = '{class fr.insalyon.creatis.vip.core.server.SpringCoreConfig}', contextInitializerClasses = '[]', activeProfiles = '{test-db, test}', propertySourceLocations = '{}', propertySourceProperties = '{db.tableEngine=}', contextCustomizers = set[[empty]], contextLoader = 'org.springframework.test.context.support.DelegatingSmartContextLoader', parent = [null]]]
15:07:27.486 [main] DEBUG org.springframework.test.context.cache - Spring test ApplicationContext cache statistics: [DefaultContextCache@6a6082b3 size = 1, maxSize = 32, parentContextCount = 0, hitCount = 22, missCount = 1]
15:07:27.490 [main] DEBUG org.springframework.jdbc.datasource.DataSourceTransactionManager - Creating new transaction with name [fr.insalyon.creatis.vip.core.server.business.ConfigurationBusiness.addTermsUse]: PROPAGATION_REQUIRED,ISOLATION_DEFAULT
15:07:27.491 [main] DEBUG org.springframework.jdbc.datasource.DataSourceTransactionManager - Acquired Connection [Lazy Connection proxy for target DataSource [org.springframework.jdbc.datasource.embedded.EmbeddedDatabaseFactory$EmbeddedDataSourceProxy@314ba270]] for JDBC transaction
15:07:27.492 [main] DEBUG org.springframework.jdbc.datasource.DataSourceTransactionManager - Switching JDBC Connection [Lazy Connection proxy for target DataSource [org.springframework.jdbc.datasource.embedded.EmbeddedDatabaseFactory$EmbeddedDataSourceProxy@314ba270]] to manual commit
15:07:27.492 [main] DEBUG org.springframework.jdbc.datasource.DataSourceTransactionManager - Participating in existing transaction
15:07:27.494 [main] ERROR fr.insalyon.creatis.vip.core.server.dao.mysql.TermsUseData - Error adding terms of use 2023-07-07 15:07:27.492
java.sql.SQLException: null
15:07:27.495 [main] DEBUG org.springframework.jdbc.datasource.DataSourceTransactionManager - Initiating transaction commit
15:07:27.496 [main] DEBUG org.springframework.jdbc.datasource.DataSourceTransactionManager - Committing JDBC transaction on Connection [Lazy Connection proxy for target DataSource [org.springframework.jdbc.datasource.embedded.EmbeddedDatabaseFactory$EmbeddedDataSourceProxy@314ba270]]
15:07:27.496 [main] DEBUG org.springframework.jdbc.datasource.DataSourceTransactionManager - Releasing JDBC Connection [Lazy Connection proxy for target DataSource [org.springframework.jdbc.datasource.embedded.EmbeddedDatabaseFactory$EmbeddedDataSourceProxy@314ba270]] after transaction
15:07:27.497 [main] DEBUG org.springframework.test.context.cache.DefaultCacheAwareContextLoaderDelegate - Retrieved ApplicationContext [1753134165] from cache with key [[MergedContextConfiguration@a3cba3a testClass = SpringDatabaseIT, locations = '{}', classes = '{class fr.insalyon.creatis.vip.core.server.SpringCoreConfig}', contextInitializerClasses = '[]', activeProfiles = '{test-db, test}', propertySourceLocations = '{}', propertySourceProperties = '{db.tableEngine=}', contextCustomizers = set[[empty]], contextLoader = 'org.springframework.test.context.support.DelegatingSmartContextLoader', parent = [null]]]
15:07:27.497 [main] DEBUG org.springframework.test.context.cache - Spring test ApplicationContext cache statistics: [DefaultContextCache@6a6082b3 size = 1, maxSize = 32, parentContextCount = 0, hitCount = 23, missCount = 1]
15:07:27.497 [main] DEBUG org.springframework.test.context.cache.DefaultCacheAwareContextLoaderDelegate - Retrieved ApplicationContext [1753134165] from cache with key [[MergedContextConfiguration@a3cba3a testClass = SpringDatabaseIT, locations = '{}', classes = '{class fr.insalyon.creatis.vip.core.server.SpringCoreConfig}', contextInitializerClasses = '[]', activeProfiles = '{test-db, test}', propertySourceLocations = '{}', propertySourceProperties = '{db.tableEngine=}', contextCustomizers = set[[empty]], contextLoader = 'org.springframework.test.context.support.DelegatingSmartContextLoader', parent = [null]]]
15:07:27.497 [main] DEBUG org.springframework.test.context.cache - Spring test ApplicationContext cache statistics: [DefaultContextCache@6a6082b3 size = 1, maxSize = 32, parentContextCount = 0, hitCount = 24, missCount = 1]
15:07:27.498 [main] DEBUG org.springframework.test.context.support.AbstractDirtiesContextTestExecutionListener - After test method: context [DefaultTestContext@224d86d2 testClass = SpringDatabaseIT, testInstance = fr.insalyon.creatis.vip.core.integrationtest.database.SpringDatabaseIT@7e74d1ce, testMethod = shouldHandleConnectionCreationIssue@SpringDatabaseIT, testException = [null], mergedContextConfiguration = [MergedContextConfiguration@a3cba3a testClass = SpringDatabaseIT, locations = '{}', classes = '{class fr.insalyon.creatis.vip.core.server.SpringCoreConfig}', contextInitializerClasses = '[]', activeProfiles = '{test-db, test}', propertySourceLocations = '{}', propertySourceProperties = '{db.tableEngine=}', contextCustomizers = set[[empty]], contextLoader = 'org.springframework.test.context.support.DelegatingSmartContextLoader', parent = [null]], attributes = map['org.springframework.test.context.event.ApplicationEventsTestExecutionListener.recordApplicationEvents' -> false]], class annotated with @DirtiesContext [false] with mode [null], method annotated with @DirtiesContext [false] with mode [null].
]]></system-out>
  </testcase>
  <testcase name="connectionShouldBeLazyInTransaction" classname="fr.insalyon.creatis.vip.core.integrationtest.database.SpringDatabaseIT" time="0.009">
    <system-out><![CDATA[15:07:27.498 [main] DEBUG org.springframework.test.context.support.DependencyInjectionTestExecutionListener - Performing dependency injection for test context [[DefaultTestContext@224d86d2 testClass = SpringDatabaseIT, testInstance = fr.insalyon.creatis.vip.core.integrationtest.database.SpringDatabaseIT@5b724a76, testMethod = [null], testException = [null], mergedContextConfiguration = [MergedContextConfiguration@a3cba3a testClass = SpringDatabaseIT, locations = '{}', classes = '{class fr.insalyon.creatis.vip.core.server.SpringCoreConfig}', contextInitializerClasses = '[]', activeProfiles = '{test-db, test}', propertySourceLocations = '{}', propertySourceProperties = '{db.tableEngine=}', contextCustomizers = set[[empty]], contextLoader = 'org.springframework.test.context.support.DelegatingSmartContextLoader', parent = [null]], attributes = map['org.springframework.test.context.event.ApplicationEventsTestExecutionListener.recordApplicationEvents' -> false]]].
15:07:27.499 [main] DEBUG org.springframework.test.context.cache.DefaultCacheAwareContextLoaderDelegate - Retrieved ApplicationContext [1753134165] from cache with key [[MergedContextConfiguration@a3cba3a testClass = SpringDatabaseIT, locations = '{}', classes = '{class fr.insalyon.creatis.vip.core.server.SpringCoreConfig}', contextInitializerClasses = '[]', activeProfiles = '{test-db, test}', propertySourceLocations = '{}', propertySourceProperties = '{db.tableEngine=}', contextCustomizers = set[[empty]], contextLoader = 'org.springframework.test.context.support.DelegatingSmartContextLoader', parent = [null]]]
15:07:27.499 [main] DEBUG org.springframework.test.context.cache - Spring test ApplicationContext cache statistics: [DefaultContextCache@6a6082b3 size = 1, maxSize = 32, parentContextCount = 0, hitCount = 25, missCount = 1]
15:07:27.500 [main] DEBUG org.springframework.test.context.cache.DefaultCacheAwareContextLoaderDelegate - Retrieved ApplicationContext [1753134165] from cache with key [[MergedContextConfiguration@a3cba3a testClass = SpringDatabaseIT, locations = '{}', classes = '{class fr.insalyon.creatis.vip.core.server.SpringCoreConfig}', contextInitializerClasses = '[]', activeProfiles = '{test-db, test}', propertySourceLocations = '{}', propertySourceProperties = '{db.tableEngine=}', contextCustomizers = set[[empty]], contextLoader = 'org.springframework.test.context.support.DelegatingSmartContextLoader', parent = [null]]]
15:07:27.500 [main] DEBUG org.springframework.test.context.cache - Spring test ApplicationContext cache statistics: [DefaultContextCache@6a6082b3 size = 1, maxSize = 32, parentContextCount = 0, hitCount = 26, missCount = 1]
15:07:27.501 [main] DEBUG org.springframework.test.context.support.AbstractDirtiesContextTestExecutionListener - Before test method: context [DefaultTestContext@224d86d2 testClass = SpringDatabaseIT, testInstance = fr.insalyon.creatis.vip.core.integrationtest.database.SpringDatabaseIT@5b724a76, testMethod = connectionShouldBeLazyInTransaction@SpringDatabaseIT, testException = [null], mergedContextConfiguration = [MergedContextConfiguration@a3cba3a testClass = SpringDatabaseIT, locations = '{}', classes = '{class fr.insalyon.creatis.vip.core.server.SpringCoreConfig}', contextInitializerClasses = '[]', activeProfiles = '{test-db, test}', propertySourceLocations = '{}', propertySourceProperties = '{db.tableEngine=}', contextCustomizers = set[[empty]], contextLoader = 'org.springframework.test.context.support.DelegatingSmartContextLoader', parent = [null]], attributes = map['org.springframework.test.context.event.ApplicationEventsTestExecutionListener.recordApplicationEvents' -> false]], class annotated with @DirtiesContext [false] with mode [null], method annotated with @DirtiesContext [false] with mode [null].
15:07:27.502 [main] DEBUG org.springframework.test.context.transaction.TransactionalTestExecutionListener - Explicit transaction definition [PROPAGATION_NOT_SUPPORTED,ISOLATION_DEFAULT] found for test context [DefaultTestContext@224d86d2 testClass = SpringDatabaseIT, testInstance = fr.insalyon.creatis.vip.core.integrationtest.database.SpringDatabaseIT@5b724a76, testMethod = connectionShouldBeLazyInTransaction@SpringDatabaseIT, testException = [null], mergedContextConfiguration = [MergedContextConfiguration@a3cba3a testClass = SpringDatabaseIT, locations = '{}', classes = '{class fr.insalyon.creatis.vip.core.server.SpringCoreConfig}', contextInitializerClasses = '[]', activeProfiles = '{test-db, test}', propertySourceLocations = '{}', propertySourceProperties = '{db.tableEngine=}', contextCustomizers = set[[empty]], contextLoader = 'org.springframework.test.context.support.DelegatingSmartContextLoader', parent = [null]], attributes = map['org.springframework.test.context.event.ApplicationEventsTestExecutionListener.recordApplicationEvents' -> false]]
15:07:27.502 [main] DEBUG org.springframework.test.context.cache.DefaultCacheAwareContextLoaderDelegate - Retrieved ApplicationContext [1753134165] from cache with key [[MergedContextConfiguration@a3cba3a testClass = SpringDatabaseIT, locations = '{}', classes = '{class fr.insalyon.creatis.vip.core.server.SpringCoreConfig}', contextInitializerClasses = '[]', activeProfiles = '{test-db, test}', propertySourceLocations = '{}', propertySourceProperties = '{db.tableEngine=}', contextCustomizers = set[[empty]], contextLoader = 'org.springframework.test.context.support.DelegatingSmartContextLoader', parent = [null]]]
15:07:27.502 [main] DEBUG org.springframework.test.context.cache - Spring test ApplicationContext cache statistics: [DefaultContextCache@6a6082b3 size = 1, maxSize = 32, parentContextCount = 0, hitCount = 27, missCount = 1]
15:07:27.504 [main] DEBUG org.springframework.test.context.cache.DefaultCacheAwareContextLoaderDelegate - Retrieved ApplicationContext [1753134165] from cache with key [[MergedContextConfiguration@a3cba3a testClass = SpringDatabaseIT, locations = '{}', classes = '{class fr.insalyon.creatis.vip.core.server.SpringCoreConfig}', contextInitializerClasses = '[]', activeProfiles = '{test-db, test}', propertySourceLocations = '{}', propertySourceProperties = '{db.tableEngine=}', contextCustomizers = set[[empty]], contextLoader = 'org.springframework.test.context.support.DelegatingSmartContextLoader', parent = [null]]]
15:07:27.504 [main] DEBUG org.springframework.test.context.cache - Spring test ApplicationContext cache statistics: [DefaultContextCache@6a6082b3 size = 1, maxSize = 32, parentContextCount = 0, hitCount = 28, missCount = 1]
15:07:27.505 [main] DEBUG org.springframework.jdbc.datasource.DataSourceTransactionManager - Creating new transaction with name [fr.insalyon.creatis.vip.core.server.business.ConfigurationBusiness.getLoginUrlCas]: PROPAGATION_REQUIRED,ISOLATION_DEFAULT
15:07:27.506 [main] DEBUG org.springframework.jdbc.datasource.DataSourceTransactionManager - Acquired Connection [Lazy Connection proxy for target DataSource [org.springframework.jdbc.datasource.embedded.EmbeddedDatabaseFactory$EmbeddedDataSourceProxy@314ba270]] for JDBC transaction
15:07:27.506 [main] DEBUG org.springframework.jdbc.datasource.DataSourceTransactionManager - Switching JDBC Connection [Lazy Connection proxy for target DataSource [org.springframework.jdbc.datasource.embedded.EmbeddedDatabaseFactory$EmbeddedDataSourceProxy@314ba270]] to manual commit
15:07:27.506 [main] DEBUG org.springframework.jdbc.datasource.DataSourceTransactionManager - Initiating transaction commit
15:07:27.507 [main] DEBUG org.springframework.jdbc.datasource.DataSourceTransactionManager - Committing JDBC transaction on Connection [Lazy Connection proxy for target DataSource [org.springframework.jdbc.datasource.embedded.EmbeddedDatabaseFactory$EmbeddedDataSourceProxy@314ba270]]
15:07:27.507 [main] DEBUG org.springframework.jdbc.datasource.DataSourceTransactionManager - Releasing JDBC Connection [Lazy Connection proxy for target DataSource [org.springframework.jdbc.datasource.embedded.EmbeddedDatabaseFactory$EmbeddedDataSourceProxy@314ba270]] after transaction
15:07:27.508 [main] DEBUG org.springframework.test.context.cache.DefaultCacheAwareContextLoaderDelegate - Retrieved ApplicationContext [1753134165] from cache with key [[MergedContextConfiguration@a3cba3a testClass = SpringDatabaseIT, locations = '{}', classes = '{class fr.insalyon.creatis.vip.core.server.SpringCoreConfig}', contextInitializerClasses = '[]', activeProfiles = '{test-db, test}', propertySourceLocations = '{}', propertySourceProperties = '{db.tableEngine=}', contextCustomizers = set[[empty]], contextLoader = 'org.springframework.test.context.support.DelegatingSmartContextLoader', parent = [null]]]
15:07:27.508 [main] DEBUG org.springframework.test.context.cache - Spring test ApplicationContext cache statistics: [DefaultContextCache@6a6082b3 size = 1, maxSize = 32, parentContextCount = 0, hitCount = 29, missCount = 1]
15:07:27.508 [main] DEBUG org.springframework.test.context.cache.DefaultCacheAwareContextLoaderDelegate - Retrieved ApplicationContext [1753134165] from cache with key [[MergedContextConfiguration@a3cba3a testClass = SpringDatabaseIT, locations = '{}', classes = '{class fr.insalyon.creatis.vip.core.server.SpringCoreConfig}', contextInitializerClasses = '[]', activeProfiles = '{test-db, test}', propertySourceLocations = '{}', propertySourceProperties = '{db.tableEngine=}', contextCustomizers = set[[empty]], contextLoader = 'org.springframework.test.context.support.DelegatingSmartContextLoader', parent = [null]]]
15:07:27.508 [main] DEBUG org.springframework.test.context.cache - Spring test ApplicationContext cache statistics: [DefaultContextCache@6a6082b3 size = 1, maxSize = 32, parentContextCount = 0, hitCount = 30, missCount = 1]
15:07:27.509 [main] DEBUG org.springframework.test.context.support.AbstractDirtiesContextTestExecutionListener - After test method: context [DefaultTestContext@224d86d2 testClass = SpringDatabaseIT, testInstance = fr.insalyon.creatis.vip.core.integrationtest.database.SpringDatabaseIT@5b724a76, testMethod = connectionShouldBeLazyInTransaction@SpringDatabaseIT, testException = [null], mergedContextConfiguration = [MergedContextConfiguration@a3cba3a testClass = SpringDatabaseIT, locations = '{}', classes = '{class fr.insalyon.creatis.vip.core.server.SpringCoreConfig}', contextInitializerClasses = '[]', activeProfiles = '{test-db, test}', propertySourceLocations = '{}', propertySourceProperties = '{db.tableEngine=}', contextCustomizers = set[[empty]], contextLoader = 'org.springframework.test.context.support.DelegatingSmartContextLoader', parent = [null]], attributes = map['org.springframework.test.context.event.ApplicationEventsTestExecutionListener.recordApplicationEvents' -> false]], class annotated with @DirtiesContext [false] with mode [null], method annotated with @DirtiesContext [false] with mode [null].
]]></system-out>
  </testcase>
</testsuite>