<?xml version="1.0" encoding="UTF-8"?>
<testsuite xmlns:xsi="http://www.w3.org/2001/XMLSchema-instance" xsi:noNamespaceSchemaLocation="https://maven.apache.org/surefire/maven-failsafe-plugin/xsd/failsafe-test-report-3.0.xsd" version="3.0" name="ConfigurationBusiness_CoreSpringServerIT" time="2.542" tests="61" errors="0" skipped="0" failures="0">
  <properties>
    <property name="awt.toolkit" value="sun.awt.X11.XToolkit"/>
    <property name="java.specification.version" value="11"/>
    <property name="sun.cpu.isalist" value=""/>
    <property name="sun.jnu.encoding" value="UTF-8"/>
    <property name="java.class.path" value="/home/runner/work/VIP-portal/VIP-portal/vip-core/target/test-classes:/home/runner/work/VIP-portal/VIP-portal/vip-core/target/vip-core-2.4.1.jar:/home/runner/.m2/repository/javax/servlet/javax.servlet-api/3.1.0/javax.servlet-api-3.1.0.jar:/home/runner/.m2/repository/com/google/gwt/gwt-user/2.8.2/gwt-user-2.8.2.jar:/home/runner/.m2/repository/com/google/jsinterop/jsinterop-annotations/1.0.2/jsinterop-annotations-1.0.2.jar:/home/runner/.m2/repository/com/google/jsinterop/jsinterop-annotations/1.0.2/jsinterop-annotations-1.0.2-sources.jar:/home/runner/.m2/repository/org/w3c/css/sac/1.3/sac-1.3.jar:/home/runner/.m2/repository/com/isomorphic/smartgwt/lgpl/smartgwt-lgpl/12.0p/smartgwt-lgpl-12.0p.jar:/home/runner/.m2/repository/org/bouncycastle/bcpkix-jdk15on/1.52/bcpkix-jdk15on-1.52.jar:/home/runner/.m2/repository/org/bouncycastle/bcprov-jdk15on/1.52/bcprov-jdk15on-1.52.jar:/home/runner/.m2/repository/fr/insalyon/creatis/grida-client/2.2.0/grida-client-2.2.0.jar:/home/runner/.m2/repository/fr/insalyon/creatis/grida-common/2.2.0/grida-common-2.2.0.jar:/home/runner/.m2/repository/commons-cli/commons-cli/1.4/commons-cli-1.4.jar:/home/runner/.m2/repository/fr/insalyon/creatis/sma-client/0.3.0/sma-client-0.3.0.jar:/home/runner/.m2/repository/fr/insalyon/creatis/sma-common/0.3.0/sma-common-0.3.0.jar:/home/runner/.m2/repository/fr/insalyon/creatis/devtools/0.1/devtools-0.1.jar:/home/runner/.m2/repository/org/slf4j/slf4j-api/1.7.30/slf4j-api-1.7.30.jar:/home/runner/.m2/repository/commons-configuration/commons-configuration/1.7/commons-configuration-1.7.jar:/home/runner/.m2/repository/commons-collections/commons-collections/3.2.2/commons-collections-3.2.2.jar:/home/runner/.m2/repository/commons-lang/commons-lang/2.6/commons-lang-2.6.jar:/home/runner/.m2/repository/commons-logging/commons-logging/99-empty/commons-logging-99-empty.jar:/home/runner/.m2/repository/commons-digester/commons-digester/1.8.1/commons-digester-1.8.1.jar:/home/runner/.m2/repository/commons-beanutils/commons-beanutils/1.8.3/commons-beanutils-1.8.3.jar:/home/runner/.m2/repository/commons-codec/commons-codec/1.6/commons-codec-1.6.jar:/home/runner/.m2/repository/commons-io/commons-io/2.4/commons-io-2.4.jar:/home/runner/.m2/repository/org/opensaml/opensaml/2.6.0/opensaml-2.6.0.jar:/home/runner/.m2/repository/org/opensaml/openws/1.5.0/openws-1.5.0.jar:/home/runner/.m2/repository/org/opensaml/xmltooling/1.4.0/xmltooling-1.4.0.jar:/home/runner/.m2/repository/ca/juliusdavies/not-yet-commons-ssl/0.3.9/not-yet-commons-ssl-0.3.9.jar:/home/runner/.m2/repository/org/apache/santuario/xmlsec/1.5.4/xmlsec-1.5.4.jar:/home/runner/.m2/repository/commons-httpclient/commons-httpclient/3.1/commons-httpclient-3.1.jar:/home/runner/.m2/repository/org/apache/velocity/velocity/1.7/velocity-1.7.jar:/home/runner/.m2/repository/org/owasp/esapi/esapi/2.0.1/esapi-2.0.1.jar:/home/runner/.m2/repository/joda-time/joda-time/2.2/joda-time-2.2.jar:/home/runner/.m2/repository/xerces/xercesImpl/2.10.0/xercesImpl-2.10.0.jar:/home/runner/.m2/repository/xalan/serializer/2.7.1/serializer-2.7.1.jar:/home/runner/.m2/repository/xml-resolver/xml-resolver/1.2/xml-resolver-1.2.jar:/home/runner/.m2/repository/xalan/xalan/2.7.1/xalan-2.7.1.jar:/home/runner/.m2/repository/javax/mail/mail/1.4.5/mail-1.4.5.jar:/home/runner/.m2/repository/javax/activation/activation/1.1/activation-1.1.jar:/home/runner/.m2/repository/javax/annotation/javax.annotation-api/1.3.2/javax.annotation-api-1.3.2.jar:/home/runner/.m2/repository/org/springframework/spring-web/5.3.15/spring-web-5.3.15.jar:/home/runner/.m2/repository/org/springframework/spring-beans/5.3.15/spring-beans-5.3.15.jar:/home/runner/.m2/repository/org/springframework/spring-core/5.3.15/spring-core-5.3.15.jar:/home/runner/.m2/repository/org/springframework/spring-jcl/5.3.15/spring-jcl-5.3.15.jar:/home/runner/.m2/repository/org/springframework/spring-jdbc/5.3.15/spring-jdbc-5.3.15.jar:/home/runner/.m2/repository/org/springframework/spring-tx/5.3.15/spring-tx-5.3.15.jar:/home/runner/.m2/repository/org/springframework/spring-context/5.3.15/spring-context-5.3.15.jar:/home/runner/.m2/repository/org/springframework/spring-aop/5.3.15/spring-aop-5.3.15.jar:/home/runner/.m2/repository/org/springframework/spring-expression/5.3.15/spring-expression-5.3.15.jar:/home/runner/.m2/repository/org/junit/jupiter/junit-jupiter/5.6.2/junit-jupiter-5.6.2.jar:/home/runner/.m2/repository/org/junit/jupiter/junit-jupiter-api/5.6.2/junit-jupiter-api-5.6.2.jar:/home/runner/.m2/repository/org/apiguardian/apiguardian-api/1.1.0/apiguardian-api-1.1.0.jar:/home/runner/.m2/repository/org/opentest4j/opentest4j/1.2.0/opentest4j-1.2.0.jar:/home/runner/.m2/repository/org/junit/platform/junit-platform-commons/1.6.2/junit-platform-commons-1.6.2.jar:/home/runner/.m2/repository/org/junit/jupiter/junit-jupiter-params/5.6.2/junit-jupiter-params-5.6.2.jar:/home/runner/.m2/repository/org/junit/jupiter/junit-jupiter-engine/5.6.2/junit-jupiter-engine-5.6.2.jar:/home/runner/.m2/repository/org/junit/platform/junit-platform-engine/1.6.2/junit-platform-engine-1.6.2.jar:/home/runner/.m2/repository/org/springframework/spring-test/5.3.15/spring-test-5.3.15.jar:/home/runner/.m2/repository/com/h2database/h2/1.3.173/h2-1.3.173.jar:/home/runner/.m2/repository/ch/qos/logback/logback-classic/1.2.3/logback-classic-1.2.3.jar:/home/runner/.m2/repository/ch/qos/logback/logback-core/1.2.3/logback-core-1.2.3.jar:/home/runner/.m2/repository/com/github/h-thurow/simple-jndi/0.23.0/simple-jndi-0.23.0.jar:/home/runner/.m2/repository/org/jetbrains/annotations/13.0/annotations-13.0.jar:/home/runner/.m2/repository/org/mockito/mockito-core/4.6.1/mockito-core-4.6.1.jar:/home/runner/.m2/repository/net/bytebuddy/byte-buddy/1.12.10/byte-buddy-1.12.10.jar:/home/runner/.m2/repository/net/bytebuddy/byte-buddy-agent/1.12.10/byte-buddy-agent-1.12.10.jar:/home/runner/.m2/repository/org/objenesis/objenesis/3.2/objenesis-3.2.jar:/home/runner/.m2/repository/org/springframework/security/spring-security-test/5.6.1/spring-security-test-5.6.1.jar:/home/runner/.m2/repository/org/springframework/security/spring-security-core/5.6.1/spring-security-core-5.6.1.jar:/home/runner/.m2/repository/org/springframework/security/spring-security-crypto/5.6.1/spring-security-crypto-5.6.1.jar:/home/runner/.m2/repository/org/springframework/security/spring-security-web/5.6.1/spring-security-web-5.6.1.jar:/home/runner/.m2/repository/org/hamcrest/hamcrest/2.2/hamcrest-2.2.jar:/home/runner/.m2/repository/com/jayway/jsonpath/json-path/2.2.0/json-path-2.2.0.jar:/home/runner/.m2/repository/net/minidev/json-smart/2.2.1/json-smart-2.2.1.jar:/home/runner/.m2/repository/net/minidev/accessors-smart/1.1/accessors-smart-1.1.jar:/home/runner/.m2/repository/org/ow2/asm/asm/5.0.3/asm-5.0.3.jar:/home/runner/.m2/repository/org/mockito/mockito-inline/5.2.0/mockito-inline-5.2.0.jar:"/>
    <property name="java.vm.vendor" value="Eclipse Adoptium"/>
    <property name="sun.arch.data.model" value="64"/>
    <property name="java.vendor.url" value="https://adoptium.net/"/>
    <property name="user.timezone" value="Etc/UTC"/>
    <property name="java.vm.specification.version" value="11"/>
    <property name="os.name" value="Linux"/>
    <property name="sun.java.launcher" value="SUN_STANDARD"/>
    <property name="sun.boot.library.path" value="/usr/lib/jvm/temurin-11-jdk-amd64/lib"/>
    <property name="sun.java.command" value="/home/runner/work/VIP-portal/VIP-portal/vip-core/target/surefire/surefirebooter-20230706180001883_3.jar /home/runner/work/VIP-portal/VIP-portal/vip-core/target/surefire 2023-07-06T17-59-35_436-jvmRun1 surefire-20230706180001883_1tmp surefire_0-20230706180001883_2tmp"/>
    <property name="jdk.debug" value="release"/>
    <property name="surefire.test.class.path" value="/home/runner/work/VIP-portal/VIP-portal/vip-core/target/test-classes:/home/runner/work/VIP-portal/VIP-portal/vip-core/target/vip-core-2.4.1.jar:/home/runner/.m2/repository/javax/servlet/javax.servlet-api/3.1.0/javax.servlet-api-3.1.0.jar:/home/runner/.m2/repository/com/google/gwt/gwt-user/2.8.2/gwt-user-2.8.2.jar:/home/runner/.m2/repository/com/google/jsinterop/jsinterop-annotations/1.0.2/jsinterop-annotations-1.0.2.jar:/home/runner/.m2/repository/com/google/jsinterop/jsinterop-annotations/1.0.2/jsinterop-annotations-1.0.2-sources.jar:/home/runner/.m2/repository/org/w3c/css/sac/1.3/sac-1.3.jar:/home/runner/.m2/repository/com/isomorphic/smartgwt/lgpl/smartgwt-lgpl/12.0p/smartgwt-lgpl-12.0p.jar:/home/runner/.m2/repository/org/bouncycastle/bcpkix-jdk15on/1.52/bcpkix-jdk15on-1.52.jar:/home/runner/.m2/repository/org/bouncycastle/bcprov-jdk15on/1.52/bcprov-jdk15on-1.52.jar:/home/runner/.m2/repository/fr/insalyon/creatis/grida-client/2.2.0/grida-client-2.2.0.jar:/home/runner/.m2/repository/fr/insalyon/creatis/grida-common/2.2.0/grida-common-2.2.0.jar:/home/runner/.m2/repository/commons-cli/commons-cli/1.4/commons-cli-1.4.jar:/home/runner/.m2/repository/fr/insalyon/creatis/sma-client/0.3.0/sma-client-0.3.0.jar:/home/runner/.m2/repository/fr/insalyon/creatis/sma-common/0.3.0/sma-common-0.3.0.jar:/home/runner/.m2/repository/fr/insalyon/creatis/devtools/0.1/devtools-0.1.jar:/home/runner/.m2/repository/org/slf4j/slf4j-api/1.7.30/slf4j-api-1.7.30.jar:/home/runner/.m2/repository/commons-configuration/commons-configuration/1.7/commons-configuration-1.7.jar:/home/runner/.m2/repository/commons-collections/commons-collections/3.2.2/commons-collections-3.2.2.jar:/home/runner/.m2/repository/commons-lang/commons-lang/2.6/commons-lang-2.6.jar:/home/runner/.m2/repository/commons-logging/commons-logging/99-empty/commons-logging-99-empty.jar:/home/runner/.m2/repository/commons-digester/commons-digester/1.8.1/commons-digester-1.8.1.jar:/home/runner/.m2/repository/commons-beanutils/commons-beanutils/1.8.3/commons-beanutils-1.8.3.jar:/home/runner/.m2/repository/commons-codec/commons-codec/1.6/commons-codec-1.6.jar:/home/runner/.m2/repository/commons-io/commons-io/2.4/commons-io-2.4.jar:/home/runner/.m2/repository/org/opensaml/opensaml/2.6.0/opensaml-2.6.0.jar:/home/runner/.m2/repository/org/opensaml/openws/1.5.0/openws-1.5.0.jar:/home/runner/.m2/repository/org/opensaml/xmltooling/1.4.0/xmltooling-1.4.0.jar:/home/runner/.m2/repository/ca/juliusdavies/not-yet-commons-ssl/0.3.9/not-yet-commons-ssl-0.3.9.jar:/home/runner/.m2/repository/org/apache/santuario/xmlsec/1.5.4/xmlsec-1.5.4.jar:/home/runner/.m2/repository/commons-httpclient/commons-httpclient/3.1/commons-httpclient-3.1.jar:/home/runner/.m2/repository/org/apache/velocity/velocity/1.7/velocity-1.7.jar:/home/runner/.m2/repository/org/owasp/esapi/esapi/2.0.1/esapi-2.0.1.jar:/home/runner/.m2/repository/joda-time/joda-time/2.2/joda-time-2.2.jar:/home/runner/.m2/repository/xerces/xercesImpl/2.10.0/xercesImpl-2.10.0.jar:/home/runner/.m2/repository/xalan/serializer/2.7.1/serializer-2.7.1.jar:/home/runner/.m2/repository/xml-resolver/xml-resolver/1.2/xml-resolver-1.2.jar:/home/runner/.m2/repository/xalan/xalan/2.7.1/xalan-2.7.1.jar:/home/runner/.m2/repository/javax/mail/mail/1.4.5/mail-1.4.5.jar:/home/runner/.m2/repository/javax/activation/activation/1.1/activation-1.1.jar:/home/runner/.m2/repository/javax/annotation/javax.annotation-api/1.3.2/javax.annotation-api-1.3.2.jar:/home/runner/.m2/repository/org/springframework/spring-web/5.3.15/spring-web-5.3.15.jar:/home/runner/.m2/repository/org/springframework/spring-beans/5.3.15/spring-beans-5.3.15.jar:/home/runner/.m2/repository/org/springframework/spring-core/5.3.15/spring-core-5.3.15.jar:/home/runner/.m2/repository/org/springframework/spring-jcl/5.3.15/spring-jcl-5.3.15.jar:/home/runner/.m2/repository/org/springframework/spring-jdbc/5.3.15/spring-jdbc-5.3.15.jar:/home/runner/.m2/repository/org/springframework/spring-tx/5.3.15/spring-tx-5.3.15.jar:/home/runner/.m2/repository/org/springframework/spring-context/5.3.15/spring-context-5.3.15.jar:/home/runner/.m2/repository/org/springframework/spring-aop/5.3.15/spring-aop-5.3.15.jar:/home/runner/.m2/repository/org/springframework/spring-expression/5.3.15/spring-expression-5.3.15.jar:/home/runner/.m2/repository/org/junit/jupiter/junit-jupiter/5.6.2/junit-jupiter-5.6.2.jar:/home/runner/.m2/repository/org/junit/jupiter/junit-jupiter-api/5.6.2/junit-jupiter-api-5.6.2.jar:/home/runner/.m2/repository/org/apiguardian/apiguardian-api/1.1.0/apiguardian-api-1.1.0.jar:/home/runner/.m2/repository/org/opentest4j/opentest4j/1.2.0/opentest4j-1.2.0.jar:/home/runner/.m2/repository/org/junit/platform/junit-platform-commons/1.6.2/junit-platform-commons-1.6.2.jar:/home/runner/.m2/repository/org/junit/jupiter/junit-jupiter-params/5.6.2/junit-jupiter-params-5.6.2.jar:/home/runner/.m2/repository/org/junit/jupiter/junit-jupiter-engine/5.6.2/junit-jupiter-engine-5.6.2.jar:/home/runner/.m2/repository/org/junit/platform/junit-platform-engine/1.6.2/junit-platform-engine-1.6.2.jar:/home/runner/.m2/repository/org/springframework/spring-test/5.3.15/spring-test-5.3.15.jar:/home/runner/.m2/repository/com/h2database/h2/1.3.173/h2-1.3.173.jar:/home/runner/.m2/repository/ch/qos/logback/logback-classic/1.2.3/logback-classic-1.2.3.jar:/home/runner/.m2/repository/ch/qos/logback/logback-core/1.2.3/logback-core-1.2.3.jar:/home/runner/.m2/repository/com/github/h-thurow/simple-jndi/0.23.0/simple-jndi-0.23.0.jar:/home/runner/.m2/repository/org/jetbrains/annotations/13.0/annotations-13.0.jar:/home/runner/.m2/repository/org/mockito/mockito-core/4.6.1/mockito-core-4.6.1.jar:/home/runner/.m2/repository/net/bytebuddy/byte-buddy/1.12.10/byte-buddy-1.12.10.jar:/home/runner/.m2/repository/net/bytebuddy/byte-buddy-agent/1.12.10/byte-buddy-agent-1.12.10.jar:/home/runner/.m2/repository/org/objenesis/objenesis/3.2/objenesis-3.2.jar:/home/runner/.m2/repository/org/springframework/security/spring-security-test/5.6.1/spring-security-test-5.6.1.jar:/home/runner/.m2/repository/org/springframework/security/spring-security-core/5.6.1/spring-security-core-5.6.1.jar:/home/runner/.m2/repository/org/springframework/security/spring-security-crypto/5.6.1/spring-security-crypto-5.6.1.jar:/home/runner/.m2/repository/org/springframework/security/spring-security-web/5.6.1/spring-security-web-5.6.1.jar:/home/runner/.m2/repository/org/hamcrest/hamcrest/2.2/hamcrest-2.2.jar:/home/runner/.m2/repository/com/jayway/jsonpath/json-path/2.2.0/json-path-2.2.0.jar:/home/runner/.m2/repository/net/minidev/json-smart/2.2.1/json-smart-2.2.1.jar:/home/runner/.m2/repository/net/minidev/accessors-smart/1.1/accessors-smart-1.1.jar:/home/runner/.m2/repository/org/ow2/asm/asm/5.0.3/asm-5.0.3.jar:/home/runner/.m2/repository/org/mockito/mockito-inline/5.2.0/mockito-inline-5.2.0.jar:"/>
    <property name="sun.cpu.endian" value="little"/>
    <property name="user.home" value="/home/runner"/>
    <property name="user.language" value="en"/>
    <property name="java.specification.vendor" value="Oracle Corporation"/>
    <property name="java.version.date" value="2023-04-18"/>
    <property name="java.home" value="/usr/lib/jvm/temurin-11-jdk-amd64"/>
    <property name="file.separator" value="/"/>
    <property name="basedir" value="/home/runner/work/VIP-portal/VIP-portal/vip-core"/>
    <property name="java.vm.compressedOopsMode" value="32-bit"/>
    <property name="line.separator" value="&#10;"/>
    <property name="java.specification.name" value="Java Platform API Specification"/>
    <property name="java.vm.specification.vendor" value="Oracle Corporation"/>
    <property name="java.awt.graphicsenv" value="sun.awt.X11GraphicsEnvironment"/>
    <property name="surefire.real.class.path" value="/home/runner/work/VIP-portal/VIP-portal/vip-core/target/surefire/surefirebooter-20230706180001883_3.jar"/>
    <property name="sun.management.compiler" value="HotSpot 64-Bit Tiered Compilers"/>
    <property name="java.runtime.version" value="11.0.19+7"/>
    <property name="user.name" value="runner"/>
    <property name="path.separator" value=":"/>
    <property name="os.version" value="5.15.0-1041-azure"/>
    <property name="java.runtime.name" value="OpenJDK Runtime Environment"/>
    <property name="file.encoding" value="UTF-8"/>
    <property name="java.vm.name" value="OpenJDK 64-Bit Server VM"/>
    <property name="java.vendor.version" value="Temurin-11.0.19+7"/>
    <property name="localRepository" value="/home/runner/.m2/repository"/>
    <property name="java.vendor.url.bug" value="https://github.com/adoptium/adoptium-support/issues"/>
    <property name="java.io.tmpdir" value="/tmp"/>
    <property name="java.version" value="11.0.19"/>
    <property name="user.dir" value="/home/runner/work/VIP-portal/VIP-portal/vip-core"/>
    <property name="os.arch" value="amd64"/>
    <property name="java.vm.specification.name" value="Java Virtual Machine Specification"/>
    <property name="java.awt.printerjob" value="sun.print.PSPrinterJob"/>
    <property name="sun.os.patch.level" value="unknown"/>
    <property name="java.library.path" value="/usr/java/packages/lib:/usr/lib64:/lib64:/lib:/usr/lib"/>
    <property name="java.vm.info" value="mixed mode"/>
    <property name="java.vendor" value="Eclipse Adoptium"/>
    <property name="java.vm.version" value="11.0.19+7"/>
    <property name="sun.io.unicode.encoding" value="UnicodeLittle"/>
    <property name="java.class.version" value="55.0"/>
  </properties>
  <testcase name="testAddUserToGroup" classname="ConfigurationBusiness_CoreSpringServerIT" time="0.062">
    <system-out><![CDATA[18:00:08.800 [main] DEBUG org.springframework.test.context.BootstrapUtils - Instantiating CacheAwareContextLoaderDelegate from class [org.springframework.test.context.cache.DefaultCacheAwareContextLoaderDelegate]
18:00:08.800 [main] DEBUG org.springframework.test.context.BootstrapUtils - Instantiating BootstrapContext using constructor [public org.springframework.test.context.support.DefaultBootstrapContext(java.lang.Class,org.springframework.test.context.CacheAwareContextLoaderDelegate)]
18:00:08.800 [main] DEBUG org.springframework.test.context.BootstrapUtils - Instantiating TestContextBootstrapper for test class [ConfigurationBusiness_CoreSpringServerIT] from class [org.springframework.test.context.support.DefaultTestContextBootstrapper]
18:00:08.802 [main] DEBUG org.springframework.test.context.support.AbstractDelegatingSmartContextLoader - Delegating to AnnotationConfigContextLoader to process context configuration [ContextConfigurationAttributes@50bb6247 declaringClass = 'fr.insalyon.creatis.vip.core.integrationtest.database.BaseSpringIT', classes = '{class fr.insalyon.creatis.vip.core.server.SpringCoreConfig}', locations = '{}', inheritLocations = true, initializers = '{}', inheritInitializers = true, name = [null], contextLoaderClass = 'org.springframework.test.context.ContextLoader'].
18:00:08.803 [main] DEBUG org.springframework.test.context.support.DefaultTestContextBootstrapper - @TestExecutionListeners is not present for class [ConfigurationBusiness_CoreSpringServerIT]: using defaults.
18:00:08.803 [main] INFO org.springframework.test.context.support.DefaultTestContextBootstrapper - Loaded default TestExecutionListener class names from location [META-INF/spring.factories]: [org.springframework.test.context.web.ServletTestExecutionListener, org.springframework.test.context.support.DirtiesContextBeforeModesTestExecutionListener, org.springframework.test.context.event.ApplicationEventsTestExecutionListener, org.springframework.test.context.support.DependencyInjectionTestExecutionListener, org.springframework.test.context.support.DirtiesContextTestExecutionListener, org.springframework.test.context.transaction.TransactionalTestExecutionListener, org.springframework.test.context.jdbc.SqlScriptsTestExecutionListener, org.springframework.test.context.event.EventPublishingTestExecutionListener, org.springframework.security.test.context.support.WithSecurityContextTestExecutionListener, org.springframework.security.test.context.support.ReactorContextTestExecutionListener]
18:00:08.804 [main] INFO org.springframework.test.context.support.DefaultTestContextBootstrapper - Using TestExecutionListeners: [org.springframework.test.context.web.ServletTestExecutionListener@3d669179, org.springframework.test.context.support.DirtiesContextBeforeModesTestExecutionListener@54878611, org.springframework.test.context.event.ApplicationEventsTestExecutionListener@a9313af, org.springframework.test.context.support.DependencyInjectionTestExecutionListener@368ea8a3, org.springframework.test.context.support.DirtiesContextTestExecutionListener@3fea0a52, org.springframework.test.context.transaction.TransactionalTestExecutionListener@57b5b4b0, org.springframework.test.context.jdbc.SqlScriptsTestExecutionListener@4529cb82, org.springframework.test.context.event.EventPublishingTestExecutionListener@621b834, org.springframework.security.test.context.support.WithSecurityContextTestExecutionListener@69f68a38, org.springframework.security.test.context.support.ReactorContextTestExecutionListener@139cb382]
18:00:08.805 [main] DEBUG org.springframework.test.context.support.AbstractDirtiesContextTestExecutionListener - Before test class: context [DefaultTestContext@18e20fa8 testClass = ConfigurationBusiness_CoreSpringServerIT, testInstance = [null], testMethod = [null], testException = [null], mergedContextConfiguration = [MergedContextConfiguration@1389e498 testClass = ConfigurationBusiness_CoreSpringServerIT, locations = '{}', classes = '{class fr.insalyon.creatis.vip.core.server.SpringCoreConfig}', contextInitializerClasses = '[]', activeProfiles = '{test-db, test}', propertySourceLocations = '{}', propertySourceProperties = '{db.tableEngine=}', contextCustomizers = set[[empty]], contextLoader = 'org.springframework.test.context.support.DelegatingSmartContextLoader', parent = [null]], attributes = map[[empty]]], class annotated with @DirtiesContext [false] with mode [null].
18:00:08.805 [main] DEBUG org.springframework.test.context.cache.DefaultCacheAwareContextLoaderDelegate - Retrieved ApplicationContext [1050971191] from cache with key [[MergedContextConfiguration@1389e498 testClass = ConfigurationBusiness_CoreSpringServerIT, locations = '{}', classes = '{class fr.insalyon.creatis.vip.core.server.SpringCoreConfig}', contextInitializerClasses = '[]', activeProfiles = '{test-db, test}', propertySourceLocations = '{}', propertySourceProperties = '{db.tableEngine=}', contextCustomizers = set[[empty]], contextLoader = 'org.springframework.test.context.support.DelegatingSmartContextLoader', parent = [null]]]
18:00:08.806 [main] DEBUG org.springframework.test.context.cache - Spring test ApplicationContext cache statistics: [DefaultContextCache@4675f5b0 size = 1, maxSize = 32, parentContextCount = 0, hitCount = 32, missCount = 1]
18:00:08.828 [main] DEBUG org.springframework.test.context.support.DependencyInjectionTestExecutionListener - Performing dependency injection for test context [[DefaultTestContext@18e20fa8 testClass = ConfigurationBusiness_CoreSpringServerIT, testInstance = ConfigurationBusiness_CoreSpringServerIT@4e730b9b, testMethod = [null], testException = [null], mergedContextConfiguration = [MergedContextConfiguration@1389e498 testClass = ConfigurationBusiness_CoreSpringServerIT, locations = '{}', classes = '{class fr.insalyon.creatis.vip.core.server.SpringCoreConfig}', contextInitializerClasses = '[]', activeProfiles = '{test-db, test}', propertySourceLocations = '{}', propertySourceProperties = '{db.tableEngine=}', contextCustomizers = set[[empty]], contextLoader = 'org.springframework.test.context.support.DelegatingSmartContextLoader', parent = [null]], attributes = map['org.springframework.test.context.event.ApplicationEventsTestExecutionListener.recordApplicationEvents' -> false]]].
18:00:08.828 [main] DEBUG org.springframework.test.context.cache.DefaultCacheAwareContextLoaderDelegate - Retrieved ApplicationContext [1050971191] from cache with key [[MergedContextConfiguration@1389e498 testClass = ConfigurationBusiness_CoreSpringServerIT, locations = '{}', classes = '{class fr.insalyon.creatis.vip.core.server.SpringCoreConfig}', contextInitializerClasses = '[]', activeProfiles = '{test-db, test}', propertySourceLocations = '{}', propertySourceProperties = '{db.tableEngine=}', contextCustomizers = set[[empty]], contextLoader = 'org.springframework.test.context.support.DelegatingSmartContextLoader', parent = [null]]]
18:00:08.828 [main] DEBUG org.springframework.test.context.cache - Spring test ApplicationContext cache statistics: [DefaultContextCache@4675f5b0 size = 1, maxSize = 32, parentContextCount = 0, hitCount = 33, missCount = 1]
18:00:08.846 [main] DEBUG org.springframework.test.context.cache.DefaultCacheAwareContextLoaderDelegate - Retrieved ApplicationContext [1050971191] from cache with key [[MergedContextConfiguration@1389e498 testClass = ConfigurationBusiness_CoreSpringServerIT, locations = '{}', classes = '{class fr.insalyon.creatis.vip.core.server.SpringCoreConfig}', contextInitializerClasses = '[]', activeProfiles = '{test-db, test}', propertySourceLocations = '{}', propertySourceProperties = '{db.tableEngine=}', contextCustomizers = set[[empty]], contextLoader = 'org.springframework.test.context.support.DelegatingSmartContextLoader', parent = [null]]]
18:00:08.847 [main] DEBUG org.springframework.test.context.cache - Spring test ApplicationContext cache statistics: [DefaultContextCache@4675f5b0 size = 1, maxSize = 32, parentContextCount = 0, hitCount = 34, missCount = 1]
18:00:08.855 [main] DEBUG org.springframework.test.context.support.AbstractDirtiesContextTestExecutionListener - Before test method: context [DefaultTestContext@18e20fa8 testClass = ConfigurationBusiness_CoreSpringServerIT, testInstance = ConfigurationBusiness_CoreSpringServerIT@4e730b9b, testMethod = testAddUserToGroup@ConfigurationBusiness_CoreSpringServerIT, testException = [null], mergedContextConfiguration = [MergedContextConfiguration@1389e498 testClass = ConfigurationBusiness_CoreSpringServerIT, locations = '{}', classes = '{class fr.insalyon.creatis.vip.core.server.SpringCoreConfig}', contextInitializerClasses = '[]', activeProfiles = '{test-db, test}', propertySourceLocations = '{}', propertySourceProperties = '{db.tableEngine=}', contextCustomizers = set[[empty]], contextLoader = 'org.springframework.test.context.support.DelegatingSmartContextLoader', parent = [null]], attributes = map['org.springframework.test.context.event.ApplicationEventsTestExecutionListener.recordApplicationEvents' -> false]], class annotated with @DirtiesContext [false] with mode [null], method annotated with @DirtiesContext [false] with mode [null].
18:00:08.858 [main] DEBUG org.springframework.test.context.transaction.TransactionalTestExecutionListener - Explicit transaction definition [PROPAGATION_REQUIRED,ISOLATION_DEFAULT] found for test context [DefaultTestContext@18e20fa8 testClass = ConfigurationBusiness_CoreSpringServerIT, testInstance = ConfigurationBusiness_CoreSpringServerIT@4e730b9b, testMethod = testAddUserToGroup@ConfigurationBusiness_CoreSpringServerIT, testException = [null], mergedContextConfiguration = [MergedContextConfiguration@1389e498 testClass = ConfigurationBusiness_CoreSpringServerIT, locations = '{}', classes = '{class fr.insalyon.creatis.vip.core.server.SpringCoreConfig}', contextInitializerClasses = '[]', activeProfiles = '{test-db, test}', propertySourceLocations = '{}', propertySourceProperties = '{db.tableEngine=}', contextCustomizers = set[[empty]], contextLoader = 'org.springframework.test.context.support.DelegatingSmartContextLoader', parent = [null]], attributes = map['org.springframework.test.context.event.ApplicationEventsTestExecutionListener.recordApplicationEvents' -> false]]
18:00:08.858 [main] DEBUG org.springframework.test.context.cache.DefaultCacheAwareContextLoaderDelegate - Retrieved ApplicationContext [1050971191] from cache with key [[MergedContextConfiguration@1389e498 testClass = ConfigurationBusiness_CoreSpringServerIT, locations = '{}', classes = '{class fr.insalyon.creatis.vip.core.server.SpringCoreConfig}', contextInitializerClasses = '[]', activeProfiles = '{test-db, test}', propertySourceLocations = '{}', propertySourceProperties = '{db.tableEngine=}', contextCustomizers = set[[empty]], contextLoader = 'org.springframework.test.context.support.DelegatingSmartContextLoader', parent = [null]]]
18:00:08.858 [main] DEBUG org.springframework.test.context.cache - Spring test ApplicationContext cache statistics: [DefaultContextCache@4675f5b0 size = 1, maxSize = 32, parentContextCount = 0, hitCount = 35, missCount = 1]
18:00:08.859 [main] DEBUG org.springframework.test.context.transaction.TransactionalTestExecutionListener - No method-level @Rollback override: using default rollback [true] for test context [DefaultTestContext@18e20fa8 testClass = ConfigurationBusiness_CoreSpringServerIT, testInstance = ConfigurationBusiness_CoreSpringServerIT@4e730b9b, testMethod = testAddUserToGroup@ConfigurationBusiness_CoreSpringServerIT, testException = [null], mergedContextConfiguration = [MergedContextConfiguration@1389e498 testClass = ConfigurationBusiness_CoreSpringServerIT, locations = '{}', classes = '{class fr.insalyon.creatis.vip.core.server.SpringCoreConfig}', contextInitializerClasses = '[]', activeProfiles = '{test-db, test}', propertySourceLocations = '{}', propertySourceProperties = '{db.tableEngine=}', contextCustomizers = set[[empty]], contextLoader = 'org.springframework.test.context.support.DelegatingSmartContextLoader', parent = [null]], attributes = map['org.springframework.test.context.event.ApplicationEventsTestExecutionListener.recordApplicationEvents' -> false]].
18:00:08.860 [main] DEBUG org.springframework.jdbc.datasource.DataSourceTransactionManager - Creating new transaction with name [ConfigurationBusiness_CoreSpringServerIT.testAddUserToGroup]: PROPAGATION_REQUIRED,ISOLATION_DEFAULT
18:00:08.862 [main] DEBUG org.springframework.jdbc.datasource.DataSourceTransactionManager - Acquired Connection [Lazy Connection proxy for target DataSource [org.springframework.jdbc.datasource.embedded.EmbeddedDatabaseFactory$EmbeddedDataSourceProxy@5764c072]] for JDBC transaction
18:00:08.867 [main] DEBUG org.springframework.jdbc.datasource.DataSourceTransactionManager - Switching JDBC Connection [Lazy Connection proxy for target DataSource [org.springframework.jdbc.datasource.embedded.EmbeddedDatabaseFactory$EmbeddedDataSourceProxy@5764c072]] to manual commit
18:00:08.867 [main] INFO org.springframework.test.context.transaction.TransactionContext - Began transaction (1) for test context [DefaultTestContext@18e20fa8 testClass = ConfigurationBusiness_CoreSpringServerIT, testInstance = ConfigurationBusiness_CoreSpringServerIT@4e730b9b, testMethod = testAddUserToGroup@ConfigurationBusiness_CoreSpringServerIT, testException = [null], mergedContextConfiguration = [MergedContextConfiguration@1389e498 testClass = ConfigurationBusiness_CoreSpringServerIT, locations = '{}', classes = '{class fr.insalyon.creatis.vip.core.server.SpringCoreConfig}', contextInitializerClasses = '[]', activeProfiles = '{test-db, test}', propertySourceLocations = '{}', propertySourceProperties = '{db.tableEngine=}', contextCustomizers = set[[empty]], contextLoader = 'org.springframework.test.context.support.DelegatingSmartContextLoader', parent = [null]], attributes = map['org.springframework.test.context.event.ApplicationEventsTestExecutionListener.recordApplicationEvents' -> false]]; transaction manager [org.springframework.jdbc.datasource.DataSourceTransactionManager@178b2df1]; rollback [true]
18:00:08.868 [main] DEBUG org.springframework.test.context.cache.DefaultCacheAwareContextLoaderDelegate - Retrieved ApplicationContext [1050971191] from cache with key [[MergedContextConfiguration@1389e498 testClass = ConfigurationBusiness_CoreSpringServerIT, locations = '{}', classes = '{class fr.insalyon.creatis.vip.core.server.SpringCoreConfig}', contextInitializerClasses = '[]', activeProfiles = '{test-db, test}', propertySourceLocations = '{}', propertySourceProperties = '{db.tableEngine=}', contextCustomizers = set[[empty]], contextLoader = 'org.springframework.test.context.support.DelegatingSmartContextLoader', parent = [null]]]
18:00:08.868 [main] DEBUG org.springframework.test.context.cache - Spring test ApplicationContext cache statistics: [DefaultContextCache@4675f5b0 size = 1, maxSize = 32, parentContextCount = 0, hitCount = 36, missCount = 1]
18:00:08.870 [main] DEBUG org.springframework.jdbc.datasource.DataSourceTransactionManager - Participating in existing transaction
18:00:08.871 [main] DEBUG org.springframework.jdbc.datasource.DataSourceTransactionManager - Participating in existing transaction
18:00:08.871 [main] DEBUG org.springframework.jdbc.datasource.SimpleDriverDataSource - Creating new JDBC Driver Connection to [jdbc:h2:mem:fec2b152-de2f-4c07-a3e1-df691c7daf9d;DB_CLOSE_DELAY=-1;DB_CLOSE_ON_EXIT=false]
18:00:08.872 [main] DEBUG org.springframework.jdbc.datasource.DataSourceTransactionManager - Participating in existing transaction
18:00:08.872 [main] DEBUG org.springframework.jdbc.datasource.DataSourceTransactionManager - Participating in existing transaction
18:00:08.873 [main] DEBUG org.springframework.jdbc.datasource.DataSourceTransactionManager - Participating in existing transaction
18:00:08.873 [main] DEBUG org.springframework.jdbc.datasource.DataSourceTransactionManager - Participating in existing transaction
18:00:08.874 [main] DEBUG org.springframework.jdbc.datasource.DataSourceTransactionManager - Participating in existing transaction
User = test1@test.fr
18:00:08.875 [main] INFO fr.insalyon.creatis.vip.core.server.business.ConfigurationBusiness - verifying test1@test.fr. List of undesired mail domains: . 
18:00:08.875 [main] INFO fr.insalyon.creatis.vip.core.server.business.ConfigurationBusiness - Signing up . List of undesired countries: .
18:00:08.876 [main] DEBUG org.springframework.jdbc.datasource.DataSourceTransactionManager - Participating in existing transaction
18:00:08.876 [main] DEBUG org.springframework.jdbc.datasource.DataSourceTransactionManager - Participating in existing transaction
18:00:08.877 [main] INFO fr.insalyon.creatis.vip.core.server.business.ConfigurationBusiness - Sending confirmation email to 'test1@test.fr'.
18:00:08.877 [main] DEBUG org.springframework.jdbc.datasource.DataSourceTransactionManager - Participating in existing transaction
18:00:08.878 [main] DEBUG org.springframework.jdbc.datasource.DataSourceTransactionManager - Participating in existing transaction
18:00:08.879 [main] DEBUG org.springframework.jdbc.datasource.DataSourceTransactionManager - Participating in existing transaction
18:00:08.879 [main] DEBUG org.springframework.jdbc.datasource.DataSourceTransactionManager - Participating in existing transaction
User = test2@test.fr
18:00:08.879 [main] INFO fr.insalyon.creatis.vip.core.server.business.ConfigurationBusiness - verifying test2@test.fr. List of undesired mail domains: . 
18:00:08.879 [main] INFO fr.insalyon.creatis.vip.core.server.business.ConfigurationBusiness - Signing up . List of undesired countries: .
18:00:08.880 [main] DEBUG org.springframework.jdbc.datasource.DataSourceTransactionManager - Participating in existing transaction
18:00:08.881 [main] DEBUG org.springframework.jdbc.datasource.DataSourceTransactionManager - Participating in existing transaction
18:00:08.881 [main] INFO fr.insalyon.creatis.vip.core.server.business.ConfigurationBusiness - Sending confirmation email to 'test2@test.fr'.
18:00:08.881 [main] DEBUG org.springframework.jdbc.datasource.DataSourceTransactionManager - Participating in existing transaction
18:00:08.882 [main] DEBUG org.springframework.jdbc.datasource.DataSourceTransactionManager - Participating in existing transaction
18:00:08.882 [main] DEBUG org.springframework.jdbc.datasource.DataSourceTransactionManager - Participating in existing transaction
18:00:08.882 [main] DEBUG org.springframework.jdbc.datasource.DataSourceTransactionManager - Participating in existing transaction
User = test3@test.fr
18:00:08.883 [main] INFO fr.insalyon.creatis.vip.core.server.business.ConfigurationBusiness - verifying test3@test.fr. List of undesired mail domains: . 
18:00:08.883 [main] INFO fr.insalyon.creatis.vip.core.server.business.ConfigurationBusiness - Signing up . List of undesired countries: .
18:00:08.884 [main] DEBUG org.springframework.jdbc.datasource.DataSourceTransactionManager - Participating in existing transaction
18:00:08.884 [main] DEBUG org.springframework.jdbc.datasource.DataSourceTransactionManager - Participating in existing transaction
18:00:08.884 [main] INFO fr.insalyon.creatis.vip.core.server.business.ConfigurationBusiness - Sending confirmation email to 'test3@test.fr'.
18:00:08.885 [main] DEBUG org.springframework.jdbc.datasource.DataSourceTransactionManager - Participating in existing transaction
18:00:08.885 [main] DEBUG org.springframework.jdbc.datasource.DataSourceTransactionManager - Participating in existing transaction
18:00:08.886 [main] DEBUG org.springframework.jdbc.datasource.DataSourceTransactionManager - Participating in existing transaction
18:00:08.886 [main] DEBUG org.springframework.jdbc.datasource.DataSourceTransactionManager - Participating in existing transaction
User = test4@test.fr
18:00:08.886 [main] INFO fr.insalyon.creatis.vip.core.server.business.ConfigurationBusiness - verifying test4@test.fr. List of undesired mail domains: . 
18:00:08.886 [main] INFO fr.insalyon.creatis.vip.core.server.business.ConfigurationBusiness - Signing up . List of undesired countries: .
18:00:08.887 [main] DEBUG org.springframework.jdbc.datasource.DataSourceTransactionManager - Participating in existing transaction
18:00:08.887 [main] DEBUG org.springframework.jdbc.datasource.DataSourceTransactionManager - Participating in existing transaction
18:00:08.888 [main] INFO fr.insalyon.creatis.vip.core.server.business.ConfigurationBusiness - Sending confirmation email to 'test4@test.fr'.
18:00:08.888 [main] DEBUG org.springframework.jdbc.datasource.DataSourceTransactionManager - Participating in existing transaction
18:00:08.889 [main] DEBUG org.springframework.jdbc.datasource.DataSourceTransactionManager - Participating in existing transaction
18:00:08.889 [main] DEBUG org.springframework.jdbc.datasource.DataSourceTransactionManager - Participating in existing transaction
18:00:08.889 [main] DEBUG org.springframework.jdbc.datasource.DataSourceTransactionManager - Participating in existing transaction
18:00:08.890 [main] DEBUG org.springframework.jdbc.datasource.DataSourceTransactionManager - Participating in existing transaction
18:00:08.890 [main] DEBUG org.springframework.jdbc.datasource.DataSourceTransactionManager - Participating in existing transaction
18:00:08.890 [main] DEBUG org.springframework.jdbc.datasource.DataSourceTransactionManager - Participating in existing transaction
18:00:08.891 [main] DEBUG org.springframework.jdbc.datasource.DataSourceTransactionManager - Participating in existing transaction
18:00:08.891 [main] DEBUG org.springframework.jdbc.datasource.DataSourceTransactionManager - Participating in existing transaction
18:00:08.892 [main] DEBUG org.springframework.jdbc.datasource.DataSourceTransactionManager - Participating in existing transaction
18:00:08.892 [main] DEBUG org.springframework.jdbc.datasource.DataSourceTransactionManager - Participating in existing transaction
18:00:08.892 [main] DEBUG org.springframework.jdbc.datasource.DataSourceTransactionManager - Participating in existing transaction
User = email5@test.fr
18:00:08.892 [main] INFO fr.insalyon.creatis.vip.core.server.business.ConfigurationBusiness - verifying email5@test.fr. List of undesired mail domains: . 
18:00:08.895 [main] INFO fr.insalyon.creatis.vip.core.server.business.ConfigurationBusiness - Signing up . List of undesired countries: .
18:00:08.896 [main] DEBUG org.springframework.jdbc.datasource.DataSourceTransactionManager - Participating in existing transaction
18:00:08.896 [main] DEBUG org.springframework.jdbc.datasource.DataSourceTransactionManager - Participating in existing transaction
18:00:08.896 [main] INFO fr.insalyon.creatis.vip.core.server.business.ConfigurationBusiness - Sending confirmation email to 'email5@test.fr'.
18:00:08.897 [main] DEBUG org.springframework.jdbc.datasource.DataSourceTransactionManager - Participating in existing transaction
18:00:08.898 [main] DEBUG org.springframework.test.context.cache.DefaultCacheAwareContextLoaderDelegate - Retrieved ApplicationContext [1050971191] from cache with key [[MergedContextConfiguration@1389e498 testClass = ConfigurationBusiness_CoreSpringServerIT, locations = '{}', classes = '{class fr.insalyon.creatis.vip.core.server.SpringCoreConfig}', contextInitializerClasses = '[]', activeProfiles = '{test-db, test}', propertySourceLocations = '{}', propertySourceProperties = '{db.tableEngine=}', contextCustomizers = set[[empty]], contextLoader = 'org.springframework.test.context.support.DelegatingSmartContextLoader', parent = [null]]]
18:00:08.898 [main] DEBUG org.springframework.test.context.cache - Spring test ApplicationContext cache statistics: [DefaultContextCache@4675f5b0 size = 1, maxSize = 32, parentContextCount = 0, hitCount = 37, missCount = 1]
18:00:08.898 [main] DEBUG org.springframework.jdbc.datasource.DataSourceTransactionManager - Participating in existing transaction
18:00:08.898 [main] DEBUG org.springframework.jdbc.datasource.DataSourceTransactionManager - Participating in existing transaction
18:00:08.899 [main] DEBUG org.springframework.jdbc.datasource.DataSourceTransactionManager - Participating in existing transaction
18:00:08.899 [main] DEBUG org.springframework.jdbc.datasource.DataSourceTransactionManager - Participating in existing transaction
18:00:08.905 [main] DEBUG org.springframework.test.context.cache.DefaultCacheAwareContextLoaderDelegate - Retrieved ApplicationContext [1050971191] from cache with key [[MergedContextConfiguration@1389e498 testClass = ConfigurationBusiness_CoreSpringServerIT, locations = '{}', classes = '{class fr.insalyon.creatis.vip.core.server.SpringCoreConfig}', contextInitializerClasses = '[]', activeProfiles = '{test-db, test}', propertySourceLocations = '{}', propertySourceProperties = '{db.tableEngine=}', contextCustomizers = set[[empty]], contextLoader = 'org.springframework.test.context.support.DelegatingSmartContextLoader', parent = [null]]]
18:00:08.905 [main] DEBUG org.springframework.test.context.cache - Spring test ApplicationContext cache statistics: [DefaultContextCache@4675f5b0 size = 1, maxSize = 32, parentContextCount = 0, hitCount = 38, missCount = 1]
18:00:08.909 [main] DEBUG org.springframework.test.context.cache.DefaultCacheAwareContextLoaderDelegate - Retrieved ApplicationContext [1050971191] from cache with key [[MergedContextConfiguration@1389e498 testClass = ConfigurationBusiness_CoreSpringServerIT, locations = '{}', classes = '{class fr.insalyon.creatis.vip.core.server.SpringCoreConfig}', contextInitializerClasses = '[]', activeProfiles = '{test-db, test}', propertySourceLocations = '{}', propertySourceProperties = '{db.tableEngine=}', contextCustomizers = set[[empty]], contextLoader = 'org.springframework.test.context.support.DelegatingSmartContextLoader', parent = [null]]]
18:00:08.909 [main] DEBUG org.springframework.test.context.cache - Spring test ApplicationContext cache statistics: [DefaultContextCache@4675f5b0 size = 1, maxSize = 32, parentContextCount = 0, hitCount = 39, missCount = 1]
18:00:08.910 [main] DEBUG org.springframework.jdbc.datasource.DataSourceTransactionManager - Initiating transaction rollback
18:00:08.910 [main] DEBUG org.springframework.jdbc.datasource.DataSourceTransactionManager - Rolling back JDBC transaction on Connection [conn19: url=jdbc:h2:mem:fec2b152-de2f-4c07-a3e1-df691c7daf9d user=SA]
18:00:08.912 [main] DEBUG org.springframework.jdbc.datasource.DataSourceTransactionManager - Releasing JDBC Connection [conn19: url=jdbc:h2:mem:fec2b152-de2f-4c07-a3e1-df691c7daf9d user=SA] after transaction
18:00:08.912 [main] INFO org.springframework.test.context.transaction.TransactionContext - Rolled back transaction for test: [DefaultTestContext@18e20fa8 testClass = ConfigurationBusiness_CoreSpringServerIT, testInstance = ConfigurationBusiness_CoreSpringServerIT@4e730b9b, testMethod = testAddUserToGroup@ConfigurationBusiness_CoreSpringServerIT, testException = [null], mergedContextConfiguration = [MergedContextConfiguration@1389e498 testClass = ConfigurationBusiness_CoreSpringServerIT, locations = '{}', classes = '{class fr.insalyon.creatis.vip.core.server.SpringCoreConfig}', contextInitializerClasses = '[]', activeProfiles = '{test-db, test}', propertySourceLocations = '{}', propertySourceProperties = '{db.tableEngine=}', contextCustomizers = set[[empty]], contextLoader = 'org.springframework.test.context.support.DelegatingSmartContextLoader', parent = [null]], attributes = map['org.springframework.test.context.event.ApplicationEventsTestExecutionListener.recordApplicationEvents' -> false]]
18:00:08.913 [main] DEBUG org.springframework.test.context.support.AbstractDirtiesContextTestExecutionListener - After test method: context [DefaultTestContext@18e20fa8 testClass = ConfigurationBusiness_CoreSpringServerIT, testInstance = ConfigurationBusiness_CoreSpringServerIT@4e730b9b, testMethod = testAddUserToGroup@ConfigurationBusiness_CoreSpringServerIT, testException = [null], mergedContextConfiguration = [MergedContextConfiguration@1389e498 testClass = ConfigurationBusiness_CoreSpringServerIT, locations = '{}', classes = '{class fr.insalyon.creatis.vip.core.server.SpringCoreConfig}', contextInitializerClasses = '[]', activeProfiles = '{test-db, test}', propertySourceLocations = '{}', propertySourceProperties = '{db.tableEngine=}', contextCustomizers = set[[empty]], contextLoader = 'org.springframework.test.context.support.DelegatingSmartContextLoader', parent = [null]], attributes = map['org.springframework.test.context.event.ApplicationEventsTestExecutionListener.recordApplicationEvents' -> false]], class annotated with @DirtiesContext [false] with mode [null], method annotated with @DirtiesContext [false] with mode [null].
]]></system-out>
  </testcase>
  <testcase name="testCatchSendActivationCode" classname="ConfigurationBusiness_CoreSpringServerIT" time="0.099">
    <system-out><![CDATA[18:00:08.916 [main] DEBUG org.springframework.test.context.support.DependencyInjectionTestExecutionListener - Performing dependency injection for test context [[DefaultTestContext@18e20fa8 testClass = ConfigurationBusiness_CoreSpringServerIT, testInstance = ConfigurationBusiness_CoreSpringServerIT@2d296418, testMethod = [null], testException = [null], mergedContextConfiguration = [MergedContextConfiguration@1389e498 testClass = ConfigurationBusiness_CoreSpringServerIT, locations = '{}', classes = '{class fr.insalyon.creatis.vip.core.server.SpringCoreConfig}', contextInitializerClasses = '[]', activeProfiles = '{test-db, test}', propertySourceLocations = '{}', propertySourceProperties = '{db.tableEngine=}', contextCustomizers = set[[empty]], contextLoader = 'org.springframework.test.context.support.DelegatingSmartContextLoader', parent = [null]], attributes = map['org.springframework.test.context.event.ApplicationEventsTestExecutionListener.recordApplicationEvents' -> false]]].
18:00:08.917 [main] DEBUG org.springframework.test.context.cache.DefaultCacheAwareContextLoaderDelegate - Retrieved ApplicationContext [1050971191] from cache with key [[MergedContextConfiguration@1389e498 testClass = ConfigurationBusiness_CoreSpringServerIT, locations = '{}', classes = '{class fr.insalyon.creatis.vip.core.server.SpringCoreConfig}', contextInitializerClasses = '[]', activeProfiles = '{test-db, test}', propertySourceLocations = '{}', propertySourceProperties = '{db.tableEngine=}', contextCustomizers = set[[empty]], contextLoader = 'org.springframework.test.context.support.DelegatingSmartContextLoader', parent = [null]]]
18:00:08.917 [main] DEBUG org.springframework.test.context.cache - Spring test ApplicationContext cache statistics: [DefaultContextCache@4675f5b0 size = 1, maxSize = 32, parentContextCount = 0, hitCount = 40, missCount = 1]
18:00:08.917 [main] DEBUG org.springframework.test.context.cache.DefaultCacheAwareContextLoaderDelegate - Retrieved ApplicationContext [1050971191] from cache with key [[MergedContextConfiguration@1389e498 testClass = ConfigurationBusiness_CoreSpringServerIT, locations = '{}', classes = '{class fr.insalyon.creatis.vip.core.server.SpringCoreConfig}', contextInitializerClasses = '[]', activeProfiles = '{test-db, test}', propertySourceLocations = '{}', propertySourceProperties = '{db.tableEngine=}', contextCustomizers = set[[empty]], contextLoader = 'org.springframework.test.context.support.DelegatingSmartContextLoader', parent = [null]]]
18:00:08.918 [main] DEBUG org.springframework.test.context.cache - Spring test ApplicationContext cache statistics: [DefaultContextCache@4675f5b0 size = 1, maxSize = 32, parentContextCount = 0, hitCount = 41, missCount = 1]
18:00:08.922 [main] DEBUG org.springframework.test.context.support.AbstractDirtiesContextTestExecutionListener - Before test method: context [DefaultTestContext@18e20fa8 testClass = ConfigurationBusiness_CoreSpringServerIT, testInstance = ConfigurationBusiness_CoreSpringServerIT@2d296418, testMethod = testCatchSendActivationCode@ConfigurationBusiness_CoreSpringServerIT, testException = [null], mergedContextConfiguration = [MergedContextConfiguration@1389e498 testClass = ConfigurationBusiness_CoreSpringServerIT, locations = '{}', classes = '{class fr.insalyon.creatis.vip.core.server.SpringCoreConfig}', contextInitializerClasses = '[]', activeProfiles = '{test-db, test}', propertySourceLocations = '{}', propertySourceProperties = '{db.tableEngine=}', contextCustomizers = set[[empty]], contextLoader = 'org.springframework.test.context.support.DelegatingSmartContextLoader', parent = [null]], attributes = map['org.springframework.test.context.event.ApplicationEventsTestExecutionListener.recordApplicationEvents' -> false]], class annotated with @DirtiesContext [false] with mode [null], method annotated with @DirtiesContext [false] with mode [null].
18:00:08.924 [main] DEBUG org.springframework.test.context.transaction.TransactionalTestExecutionListener - Explicit transaction definition [PROPAGATION_REQUIRED,ISOLATION_DEFAULT] found for test context [DefaultTestContext@18e20fa8 testClass = ConfigurationBusiness_CoreSpringServerIT, testInstance = ConfigurationBusiness_CoreSpringServerIT@2d296418, testMethod = testCatchSendActivationCode@ConfigurationBusiness_CoreSpringServerIT, testException = [null], mergedContextConfiguration = [MergedContextConfiguration@1389e498 testClass = ConfigurationBusiness_CoreSpringServerIT, locations = '{}', classes = '{class fr.insalyon.creatis.vip.core.server.SpringCoreConfig}', contextInitializerClasses = '[]', activeProfiles = '{test-db, test}', propertySourceLocations = '{}', propertySourceProperties = '{db.tableEngine=}', contextCustomizers = set[[empty]], contextLoader = 'org.springframework.test.context.support.DelegatingSmartContextLoader', parent = [null]], attributes = map['org.springframework.test.context.event.ApplicationEventsTestExecutionListener.recordApplicationEvents' -> false]]
18:00:08.925 [main] DEBUG org.springframework.test.context.cache.DefaultCacheAwareContextLoaderDelegate - Retrieved ApplicationContext [1050971191] from cache with key [[MergedContextConfiguration@1389e498 testClass = ConfigurationBusiness_CoreSpringServerIT, locations = '{}', classes = '{class fr.insalyon.creatis.vip.core.server.SpringCoreConfig}', contextInitializerClasses = '[]', activeProfiles = '{test-db, test}', propertySourceLocations = '{}', propertySourceProperties = '{db.tableEngine=}', contextCustomizers = set[[empty]], contextLoader = 'org.springframework.test.context.support.DelegatingSmartContextLoader', parent = [null]]]
18:00:08.935 [main] DEBUG org.springframework.test.context.cache - Spring test ApplicationContext cache statistics: [DefaultContextCache@4675f5b0 size = 1, maxSize = 32, parentContextCount = 0, hitCount = 42, missCount = 1]
18:00:08.935 [main] DEBUG org.springframework.test.context.transaction.TransactionalTestExecutionListener - No method-level @Rollback override: using default rollback [true] for test context [DefaultTestContext@18e20fa8 testClass = ConfigurationBusiness_CoreSpringServerIT, testInstance = ConfigurationBusiness_CoreSpringServerIT@2d296418, testMethod = testCatchSendActivationCode@ConfigurationBusiness_CoreSpringServerIT, testException = [null], mergedContextConfiguration = [MergedContextConfiguration@1389e498 testClass = ConfigurationBusiness_CoreSpringServerIT, locations = '{}', classes = '{class fr.insalyon.creatis.vip.core.server.SpringCoreConfig}', contextInitializerClasses = '[]', activeProfiles = '{test-db, test}', propertySourceLocations = '{}', propertySourceProperties = '{db.tableEngine=}', contextCustomizers = set[[empty]], contextLoader = 'org.springframework.test.context.support.DelegatingSmartContextLoader', parent = [null]], attributes = map['org.springframework.test.context.event.ApplicationEventsTestExecutionListener.recordApplicationEvents' -> false]].
18:00:08.938 [main] DEBUG org.springframework.jdbc.datasource.DataSourceTransactionManager - Creating new transaction with name [ConfigurationBusiness_CoreSpringServerIT.testCatchSendActivationCode]: PROPAGATION_REQUIRED,ISOLATION_DEFAULT
18:00:08.939 [main] DEBUG org.springframework.jdbc.datasource.DataSourceTransactionManager - Acquired Connection [Lazy Connection proxy for target DataSource [org.springframework.jdbc.datasource.embedded.EmbeddedDatabaseFactory$EmbeddedDataSourceProxy@5764c072]] for JDBC transaction
18:00:08.940 [main] DEBUG org.springframework.jdbc.datasource.DataSourceTransactionManager - Switching JDBC Connection [Lazy Connection proxy for target DataSource [org.springframework.jdbc.datasource.embedded.EmbeddedDatabaseFactory$EmbeddedDataSourceProxy@5764c072]] to manual commit
18:00:08.940 [main] INFO org.springframework.test.context.transaction.TransactionContext - Began transaction (1) for test context [DefaultTestContext@18e20fa8 testClass = ConfigurationBusiness_CoreSpringServerIT, testInstance = ConfigurationBusiness_CoreSpringServerIT@2d296418, testMethod = testCatchSendActivationCode@ConfigurationBusiness_CoreSpringServerIT, testException = [null], mergedContextConfiguration = [MergedContextConfiguration@1389e498 testClass = ConfigurationBusiness_CoreSpringServerIT, locations = '{}', classes = '{class fr.insalyon.creatis.vip.core.server.SpringCoreConfig}', contextInitializerClasses = '[]', activeProfiles = '{test-db, test}', propertySourceLocations = '{}', propertySourceProperties = '{db.tableEngine=}', contextCustomizers = set[[empty]], contextLoader = 'org.springframework.test.context.support.DelegatingSmartContextLoader', parent = [null]], attributes = map['org.springframework.test.context.event.ApplicationEventsTestExecutionListener.recordApplicationEvents' -> false]]; transaction manager [org.springframework.jdbc.datasource.DataSourceTransactionManager@178b2df1]; rollback [true]
18:00:08.941 [main] DEBUG org.springframework.test.context.cache.DefaultCacheAwareContextLoaderDelegate - Retrieved ApplicationContext [1050971191] from cache with key [[MergedContextConfiguration@1389e498 testClass = ConfigurationBusiness_CoreSpringServerIT, locations = '{}', classes = '{class fr.insalyon.creatis.vip.core.server.SpringCoreConfig}', contextInitializerClasses = '[]', activeProfiles = '{test-db, test}', propertySourceLocations = '{}', propertySourceProperties = '{db.tableEngine=}', contextCustomizers = set[[empty]], contextLoader = 'org.springframework.test.context.support.DelegatingSmartContextLoader', parent = [null]]]
18:00:08.941 [main] DEBUG org.springframework.test.context.cache - Spring test ApplicationContext cache statistics: [DefaultContextCache@4675f5b0 size = 1, maxSize = 32, parentContextCount = 0, hitCount = 43, missCount = 1]
18:00:08.947 [main] DEBUG org.springframework.jdbc.datasource.DataSourceTransactionManager - Participating in existing transaction
18:00:08.952 [main] DEBUG org.springframework.jdbc.datasource.DataSourceTransactionManager - Participating in existing transaction
18:00:08.953 [main] DEBUG org.springframework.jdbc.datasource.SimpleDriverDataSource - Creating new JDBC Driver Connection to [jdbc:h2:mem:fec2b152-de2f-4c07-a3e1-df691c7daf9d;DB_CLOSE_DELAY=-1;DB_CLOSE_ON_EXIT=false]
18:00:08.954 [main] DEBUG org.springframework.jdbc.datasource.DataSourceTransactionManager - Participating in existing transaction
18:00:08.954 [main] DEBUG org.springframework.jdbc.datasource.DataSourceTransactionManager - Participating in existing transaction
18:00:08.955 [main] DEBUG org.springframework.jdbc.datasource.DataSourceTransactionManager - Participating in existing transaction
18:00:08.956 [main] DEBUG org.springframework.jdbc.datasource.DataSourceTransactionManager - Participating in existing transaction
18:00:08.957 [main] DEBUG org.springframework.jdbc.datasource.DataSourceTransactionManager - Participating in existing transaction
User = test1@test.fr
18:00:08.957 [main] INFO fr.insalyon.creatis.vip.core.server.business.ConfigurationBusiness - verifying test1@test.fr. List of undesired mail domains: . 
18:00:08.957 [main] INFO fr.insalyon.creatis.vip.core.server.business.ConfigurationBusiness - Signing up . List of undesired countries: .
18:00:08.959 [main] DEBUG org.springframework.jdbc.datasource.DataSourceTransactionManager - Participating in existing transaction
18:00:08.963 [main] DEBUG org.springframework.jdbc.datasource.DataSourceTransactionManager - Participating in existing transaction
18:00:08.964 [main] INFO fr.insalyon.creatis.vip.core.server.business.ConfigurationBusiness - Sending confirmation email to 'test1@test.fr'.
18:00:08.964 [main] DEBUG org.springframework.jdbc.datasource.DataSourceTransactionManager - Participating in existing transaction
18:00:08.967 [main] DEBUG org.springframework.jdbc.datasource.DataSourceTransactionManager - Participating in existing transaction
18:00:08.967 [main] DEBUG org.springframework.jdbc.datasource.DataSourceTransactionManager - Participating in existing transaction
18:00:08.968 [main] DEBUG org.springframework.jdbc.datasource.DataSourceTransactionManager - Participating in existing transaction
User = test2@test.fr
18:00:08.968 [main] INFO fr.insalyon.creatis.vip.core.server.business.ConfigurationBusiness - verifying test2@test.fr. List of undesired mail domains: . 
18:00:08.968 [main] INFO fr.insalyon.creatis.vip.core.server.business.ConfigurationBusiness - Signing up . List of undesired countries: .
18:00:08.969 [main] DEBUG org.springframework.jdbc.datasource.DataSourceTransactionManager - Participating in existing transaction
18:00:08.969 [main] DEBUG org.springframework.jdbc.datasource.DataSourceTransactionManager - Participating in existing transaction
18:00:08.970 [main] INFO fr.insalyon.creatis.vip.core.server.business.ConfigurationBusiness - Sending confirmation email to 'test2@test.fr'.
18:00:08.970 [main] DEBUG org.springframework.jdbc.datasource.DataSourceTransactionManager - Participating in existing transaction
18:00:08.971 [main] DEBUG org.springframework.jdbc.datasource.DataSourceTransactionManager - Participating in existing transaction
18:00:08.971 [main] DEBUG org.springframework.jdbc.datasource.DataSourceTransactionManager - Participating in existing transaction
18:00:08.971 [main] DEBUG org.springframework.jdbc.datasource.DataSourceTransactionManager - Participating in existing transaction
User = test3@test.fr
18:00:08.971 [main] INFO fr.insalyon.creatis.vip.core.server.business.ConfigurationBusiness - verifying test3@test.fr. List of undesired mail domains: . 
18:00:08.972 [main] INFO fr.insalyon.creatis.vip.core.server.business.ConfigurationBusiness - Signing up . List of undesired countries: .
18:00:08.972 [main] DEBUG org.springframework.jdbc.datasource.DataSourceTransactionManager - Participating in existing transaction
18:00:08.973 [main] DEBUG org.springframework.jdbc.datasource.DataSourceTransactionManager - Participating in existing transaction
18:00:08.973 [main] INFO fr.insalyon.creatis.vip.core.server.business.ConfigurationBusiness - Sending confirmation email to 'test3@test.fr'.
18:00:08.973 [main] DEBUG org.springframework.jdbc.datasource.DataSourceTransactionManager - Participating in existing transaction
18:00:08.974 [main] DEBUG org.springframework.jdbc.datasource.DataSourceTransactionManager - Participating in existing transaction
18:00:08.974 [main] DEBUG org.springframework.jdbc.datasource.DataSourceTransactionManager - Participating in existing transaction
18:00:08.975 [main] DEBUG org.springframework.jdbc.datasource.DataSourceTransactionManager - Participating in existing transaction
User = test4@test.fr
18:00:08.977 [main] INFO fr.insalyon.creatis.vip.core.server.business.ConfigurationBusiness - verifying test4@test.fr. List of undesired mail domains: . 
18:00:08.977 [main] INFO fr.insalyon.creatis.vip.core.server.business.ConfigurationBusiness - Signing up . List of undesired countries: .
18:00:08.978 [main] DEBUG org.springframework.jdbc.datasource.DataSourceTransactionManager - Participating in existing transaction
18:00:08.979 [main] DEBUG org.springframework.jdbc.datasource.DataSourceTransactionManager - Participating in existing transaction
18:00:08.981 [main] INFO fr.insalyon.creatis.vip.core.server.business.ConfigurationBusiness - Sending confirmation email to 'test4@test.fr'.
18:00:08.981 [main] DEBUG org.springframework.jdbc.datasource.DataSourceTransactionManager - Participating in existing transaction
18:00:08.983 [main] DEBUG org.springframework.jdbc.datasource.DataSourceTransactionManager - Participating in existing transaction
18:00:08.984 [main] DEBUG org.springframework.jdbc.datasource.DataSourceTransactionManager - Participating in existing transaction
18:00:08.987 [main] DEBUG org.springframework.jdbc.datasource.DataSourceTransactionManager - Participating in existing transaction
18:00:08.987 [main] DEBUG org.springframework.jdbc.datasource.DataSourceTransactionManager - Participating in existing transaction
18:00:08.988 [main] DEBUG org.springframework.jdbc.datasource.DataSourceTransactionManager - Participating in existing transaction
18:00:08.988 [main] DEBUG org.springframework.jdbc.datasource.DataSourceTransactionManager - Participating in existing transaction
18:00:08.989 [main] DEBUG org.springframework.jdbc.datasource.DataSourceTransactionManager - Participating in existing transaction
18:00:08.989 [main] DEBUG org.springframework.jdbc.datasource.DataSourceTransactionManager - Participating in existing transaction
18:00:08.991 [main] DEBUG org.springframework.jdbc.datasource.DataSourceTransactionManager - Participating in existing transaction
18:00:08.991 [main] DEBUG org.springframework.jdbc.datasource.DataSourceTransactionManager - Participating in existing transaction
18:00:08.992 [main] DEBUG org.springframework.jdbc.datasource.DataSourceTransactionManager - Participating in existing transaction
User = email5@test.fr
18:00:08.995 [main] INFO fr.insalyon.creatis.vip.core.server.business.ConfigurationBusiness - verifying email5@test.fr. List of undesired mail domains: . 
18:00:08.995 [main] INFO fr.insalyon.creatis.vip.core.server.business.ConfigurationBusiness - Signing up . List of undesired countries: .
18:00:08.996 [main] DEBUG org.springframework.jdbc.datasource.DataSourceTransactionManager - Participating in existing transaction
18:00:08.996 [main] DEBUG org.springframework.jdbc.datasource.DataSourceTransactionManager - Participating in existing transaction
18:00:08.997 [main] INFO fr.insalyon.creatis.vip.core.server.business.ConfigurationBusiness - Sending confirmation email to 'email5@test.fr'.
18:00:08.997 [main] DEBUG org.springframework.jdbc.datasource.DataSourceTransactionManager - Participating in existing transaction
18:00:08.998 [main] DEBUG org.springframework.test.context.cache.DefaultCacheAwareContextLoaderDelegate - Retrieved ApplicationContext [1050971191] from cache with key [[MergedContextConfiguration@1389e498 testClass = ConfigurationBusiness_CoreSpringServerIT, locations = '{}', classes = '{class fr.insalyon.creatis.vip.core.server.SpringCoreConfig}', contextInitializerClasses = '[]', activeProfiles = '{test-db, test}', propertySourceLocations = '{}', propertySourceProperties = '{db.tableEngine=}', contextCustomizers = set[[empty]], contextLoader = 'org.springframework.test.context.support.DelegatingSmartContextLoader', parent = [null]]]
18:00:08.998 [main] DEBUG org.springframework.test.context.cache - Spring test ApplicationContext cache statistics: [DefaultContextCache@4675f5b0 size = 1, maxSize = 32, parentContextCount = 0, hitCount = 44, missCount = 1]
18:00:08.999 [main] DEBUG org.springframework.jdbc.datasource.DataSourceTransactionManager - Participating in existing transaction
18:00:08.999 [main] DEBUG org.springframework.jdbc.datasource.DataSourceTransactionManager - Participating in existing transaction
18:00:08.999 [main] ERROR fr.insalyon.creatis.vip.core.server.dao.mysql.UserData - There is no user registered with the e-mail nonExistentUser@test.fr
18:00:09.014 [main] DEBUG org.springframework.test.context.cache.DefaultCacheAwareContextLoaderDelegate - Retrieved ApplicationContext [1050971191] from cache with key [[MergedContextConfiguration@1389e498 testClass = ConfigurationBusiness_CoreSpringServerIT, locations = '{}', classes = '{class fr.insalyon.creatis.vip.core.server.SpringCoreConfig}', contextInitializerClasses = '[]', activeProfiles = '{test-db, test}', propertySourceLocations = '{}', propertySourceProperties = '{db.tableEngine=}', contextCustomizers = set[[empty]], contextLoader = 'org.springframework.test.context.support.DelegatingSmartContextLoader', parent = [null]]]
18:00:09.014 [main] DEBUG org.springframework.test.context.cache - Spring test ApplicationContext cache statistics: [DefaultContextCache@4675f5b0 size = 1, maxSize = 32, parentContextCount = 0, hitCount = 45, missCount = 1]
18:00:09.015 [main] DEBUG org.springframework.test.context.cache.DefaultCacheAwareContextLoaderDelegate - Retrieved ApplicationContext [1050971191] from cache with key [[MergedContextConfiguration@1389e498 testClass = ConfigurationBusiness_CoreSpringServerIT, locations = '{}', classes = '{class fr.insalyon.creatis.vip.core.server.SpringCoreConfig}', contextInitializerClasses = '[]', activeProfiles = '{test-db, test}', propertySourceLocations = '{}', propertySourceProperties = '{db.tableEngine=}', contextCustomizers = set[[empty]], contextLoader = 'org.springframework.test.context.support.DelegatingSmartContextLoader', parent = [null]]]
18:00:09.015 [main] DEBUG org.springframework.test.context.cache - Spring test ApplicationContext cache statistics: [DefaultContextCache@4675f5b0 size = 1, maxSize = 32, parentContextCount = 0, hitCount = 46, missCount = 1]
18:00:09.015 [main] DEBUG org.springframework.jdbc.datasource.DataSourceTransactionManager - Initiating transaction rollback
18:00:09.016 [main] DEBUG org.springframework.jdbc.datasource.DataSourceTransactionManager - Rolling back JDBC transaction on Connection [conn20: url=jdbc:h2:mem:fec2b152-de2f-4c07-a3e1-df691c7daf9d user=SA]
18:00:09.017 [main] DEBUG org.springframework.jdbc.datasource.DataSourceTransactionManager - Releasing JDBC Connection [conn20: url=jdbc:h2:mem:fec2b152-de2f-4c07-a3e1-df691c7daf9d user=SA] after transaction
18:00:09.017 [main] INFO org.springframework.test.context.transaction.TransactionContext - Rolled back transaction for test: [DefaultTestContext@18e20fa8 testClass = ConfigurationBusiness_CoreSpringServerIT, testInstance = ConfigurationBusiness_CoreSpringServerIT@2d296418, testMethod = testCatchSendActivationCode@ConfigurationBusiness_CoreSpringServerIT, testException = [null], mergedContextConfiguration = [MergedContextConfiguration@1389e498 testClass = ConfigurationBusiness_CoreSpringServerIT, locations = '{}', classes = '{class fr.insalyon.creatis.vip.core.server.SpringCoreConfig}', contextInitializerClasses = '[]', activeProfiles = '{test-db, test}', propertySourceLocations = '{}', propertySourceProperties = '{db.tableEngine=}', contextCustomizers = set[[empty]], contextLoader = 'org.springframework.test.context.support.DelegatingSmartContextLoader', parent = [null]], attributes = map['org.springframework.test.context.event.ApplicationEventsTestExecutionListener.recordApplicationEvents' -> false]]
18:00:09.019 [main] DEBUG org.springframework.test.context.support.AbstractDirtiesContextTestExecutionListener - After test method: context [DefaultTestContext@18e20fa8 testClass = ConfigurationBusiness_CoreSpringServerIT, testInstance = ConfigurationBusiness_CoreSpringServerIT@2d296418, testMethod = testCatchSendActivationCode@ConfigurationBusiness_CoreSpringServerIT, testException = [null], mergedContextConfiguration = [MergedContextConfiguration@1389e498 testClass = ConfigurationBusiness_CoreSpringServerIT, locations = '{}', classes = '{class fr.insalyon.creatis.vip.core.server.SpringCoreConfig}', contextInitializerClasses = '[]', activeProfiles = '{test-db, test}', propertySourceLocations = '{}', propertySourceProperties = '{db.tableEngine=}', contextCustomizers = set[[empty]], contextLoader = 'org.springframework.test.context.support.DelegatingSmartContextLoader', parent = [null]], attributes = map['org.springframework.test.context.event.ApplicationEventsTestExecutionListener.recordApplicationEvents' -> false]], class annotated with @DirtiesContext [false] with mode [null], method annotated with @DirtiesContext [false] with mode [null].
]]></system-out>
  </testcase>
  <testcase name="testCatchRemoveUser" classname="ConfigurationBusiness_CoreSpringServerIT" time="0.092">
    <system-out><![CDATA[18:00:09.020 [main] DEBUG org.springframework.test.context.support.DependencyInjectionTestExecutionListener - Performing dependency injection for test context [[DefaultTestContext@18e20fa8 testClass = ConfigurationBusiness_CoreSpringServerIT, testInstance = ConfigurationBusiness_CoreSpringServerIT@40ffbed1, testMethod = [null], testException = [null], mergedContextConfiguration = [MergedContextConfiguration@1389e498 testClass = ConfigurationBusiness_CoreSpringServerIT, locations = '{}', classes = '{class fr.insalyon.creatis.vip.core.server.SpringCoreConfig}', contextInitializerClasses = '[]', activeProfiles = '{test-db, test}', propertySourceLocations = '{}', propertySourceProperties = '{db.tableEngine=}', contextCustomizers = set[[empty]], contextLoader = 'org.springframework.test.context.support.DelegatingSmartContextLoader', parent = [null]], attributes = map['org.springframework.test.context.event.ApplicationEventsTestExecutionListener.recordApplicationEvents' -> false]]].
18:00:09.022 [main] DEBUG org.springframework.test.context.cache.DefaultCacheAwareContextLoaderDelegate - Retrieved ApplicationContext [1050971191] from cache with key [[MergedContextConfiguration@1389e498 testClass = ConfigurationBusiness_CoreSpringServerIT, locations = '{}', classes = '{class fr.insalyon.creatis.vip.core.server.SpringCoreConfig}', contextInitializerClasses = '[]', activeProfiles = '{test-db, test}', propertySourceLocations = '{}', propertySourceProperties = '{db.tableEngine=}', contextCustomizers = set[[empty]], contextLoader = 'org.springframework.test.context.support.DelegatingSmartContextLoader', parent = [null]]]
18:00:09.022 [main] DEBUG org.springframework.test.context.cache - Spring test ApplicationContext cache statistics: [DefaultContextCache@4675f5b0 size = 1, maxSize = 32, parentContextCount = 0, hitCount = 47, missCount = 1]
18:00:09.022 [main] DEBUG org.springframework.test.context.cache.DefaultCacheAwareContextLoaderDelegate - Retrieved ApplicationContext [1050971191] from cache with key [[MergedContextConfiguration@1389e498 testClass = ConfigurationBusiness_CoreSpringServerIT, locations = '{}', classes = '{class fr.insalyon.creatis.vip.core.server.SpringCoreConfig}', contextInitializerClasses = '[]', activeProfiles = '{test-db, test}', propertySourceLocations = '{}', propertySourceProperties = '{db.tableEngine=}', contextCustomizers = set[[empty]], contextLoader = 'org.springframework.test.context.support.DelegatingSmartContextLoader', parent = [null]]]
18:00:09.023 [main] DEBUG org.springframework.test.context.cache - Spring test ApplicationContext cache statistics: [DefaultContextCache@4675f5b0 size = 1, maxSize = 32, parentContextCount = 0, hitCount = 48, missCount = 1]
18:00:09.025 [main] DEBUG org.springframework.test.context.support.AbstractDirtiesContextTestExecutionListener - Before test method: context [DefaultTestContext@18e20fa8 testClass = ConfigurationBusiness_CoreSpringServerIT, testInstance = ConfigurationBusiness_CoreSpringServerIT@40ffbed1, testMethod = testCatchRemoveUser@ConfigurationBusiness_CoreSpringServerIT, testException = [null], mergedContextConfiguration = [MergedContextConfiguration@1389e498 testClass = ConfigurationBusiness_CoreSpringServerIT, locations = '{}', classes = '{class fr.insalyon.creatis.vip.core.server.SpringCoreConfig}', contextInitializerClasses = '[]', activeProfiles = '{test-db, test}', propertySourceLocations = '{}', propertySourceProperties = '{db.tableEngine=}', contextCustomizers = set[[empty]], contextLoader = 'org.springframework.test.context.support.DelegatingSmartContextLoader', parent = [null]], attributes = map['org.springframework.test.context.event.ApplicationEventsTestExecutionListener.recordApplicationEvents' -> false]], class annotated with @DirtiesContext [false] with mode [null], method annotated with @DirtiesContext [false] with mode [null].
18:00:09.026 [main] DEBUG org.springframework.test.context.transaction.TransactionalTestExecutionListener - Explicit transaction definition [PROPAGATION_REQUIRED,ISOLATION_DEFAULT] found for test context [DefaultTestContext@18e20fa8 testClass = ConfigurationBusiness_CoreSpringServerIT, testInstance = ConfigurationBusiness_CoreSpringServerIT@40ffbed1, testMethod = testCatchRemoveUser@ConfigurationBusiness_CoreSpringServerIT, testException = [null], mergedContextConfiguration = [MergedContextConfiguration@1389e498 testClass = ConfigurationBusiness_CoreSpringServerIT, locations = '{}', classes = '{class fr.insalyon.creatis.vip.core.server.SpringCoreConfig}', contextInitializerClasses = '[]', activeProfiles = '{test-db, test}', propertySourceLocations = '{}', propertySourceProperties = '{db.tableEngine=}', contextCustomizers = set[[empty]], contextLoader = 'org.springframework.test.context.support.DelegatingSmartContextLoader', parent = [null]], attributes = map['org.springframework.test.context.event.ApplicationEventsTestExecutionListener.recordApplicationEvents' -> false]]
18:00:09.039 [main] DEBUG org.springframework.test.context.cache.DefaultCacheAwareContextLoaderDelegate - Retrieved ApplicationContext [1050971191] from cache with key [[MergedContextConfiguration@1389e498 testClass = ConfigurationBusiness_CoreSpringServerIT, locations = '{}', classes = '{class fr.insalyon.creatis.vip.core.server.SpringCoreConfig}', contextInitializerClasses = '[]', activeProfiles = '{test-db, test}', propertySourceLocations = '{}', propertySourceProperties = '{db.tableEngine=}', contextCustomizers = set[[empty]], contextLoader = 'org.springframework.test.context.support.DelegatingSmartContextLoader', parent = [null]]]
18:00:09.039 [main] DEBUG org.springframework.test.context.cache - Spring test ApplicationContext cache statistics: [DefaultContextCache@4675f5b0 size = 1, maxSize = 32, parentContextCount = 0, hitCount = 49, missCount = 1]
18:00:09.039 [main] DEBUG org.springframework.test.context.transaction.TransactionalTestExecutionListener - No method-level @Rollback override: using default rollback [true] for test context [DefaultTestContext@18e20fa8 testClass = ConfigurationBusiness_CoreSpringServerIT, testInstance = ConfigurationBusiness_CoreSpringServerIT@40ffbed1, testMethod = testCatchRemoveUser@ConfigurationBusiness_CoreSpringServerIT, testException = [null], mergedContextConfiguration = [MergedContextConfiguration@1389e498 testClass = ConfigurationBusiness_CoreSpringServerIT, locations = '{}', classes = '{class fr.insalyon.creatis.vip.core.server.SpringCoreConfig}', contextInitializerClasses = '[]', activeProfiles = '{test-db, test}', propertySourceLocations = '{}', propertySourceProperties = '{db.tableEngine=}', contextCustomizers = set[[empty]], contextLoader = 'org.springframework.test.context.support.DelegatingSmartContextLoader', parent = [null]], attributes = map['org.springframework.test.context.event.ApplicationEventsTestExecutionListener.recordApplicationEvents' -> false]].
18:00:09.040 [main] DEBUG org.springframework.jdbc.datasource.DataSourceTransactionManager - Creating new transaction with name [ConfigurationBusiness_CoreSpringServerIT.testCatchRemoveUser]: PROPAGATION_REQUIRED,ISOLATION_DEFAULT
18:00:09.041 [main] DEBUG org.springframework.jdbc.datasource.DataSourceTransactionManager - Acquired Connection [Lazy Connection proxy for target DataSource [org.springframework.jdbc.datasource.embedded.EmbeddedDatabaseFactory$EmbeddedDataSourceProxy@5764c072]] for JDBC transaction
18:00:09.042 [main] DEBUG org.springframework.jdbc.datasource.DataSourceTransactionManager - Switching JDBC Connection [Lazy Connection proxy for target DataSource [org.springframework.jdbc.datasource.embedded.EmbeddedDatabaseFactory$EmbeddedDataSourceProxy@5764c072]] to manual commit
18:00:09.043 [main] INFO org.springframework.test.context.transaction.TransactionContext - Began transaction (1) for test context [DefaultTestContext@18e20fa8 testClass = ConfigurationBusiness_CoreSpringServerIT, testInstance = ConfigurationBusiness_CoreSpringServerIT@40ffbed1, testMethod = testCatchRemoveUser@ConfigurationBusiness_CoreSpringServerIT, testException = [null], mergedContextConfiguration = [MergedContextConfiguration@1389e498 testClass = ConfigurationBusiness_CoreSpringServerIT, locations = '{}', classes = '{class fr.insalyon.creatis.vip.core.server.SpringCoreConfig}', contextInitializerClasses = '[]', activeProfiles = '{test-db, test}', propertySourceLocations = '{}', propertySourceProperties = '{db.tableEngine=}', contextCustomizers = set[[empty]], contextLoader = 'org.springframework.test.context.support.DelegatingSmartContextLoader', parent = [null]], attributes = map['org.springframework.test.context.event.ApplicationEventsTestExecutionListener.recordApplicationEvents' -> false]]; transaction manager [org.springframework.jdbc.datasource.DataSourceTransactionManager@178b2df1]; rollback [true]
18:00:09.044 [main] DEBUG org.springframework.test.context.cache.DefaultCacheAwareContextLoaderDelegate - Retrieved ApplicationContext [1050971191] from cache with key [[MergedContextConfiguration@1389e498 testClass = ConfigurationBusiness_CoreSpringServerIT, locations = '{}', classes = '{class fr.insalyon.creatis.vip.core.server.SpringCoreConfig}', contextInitializerClasses = '[]', activeProfiles = '{test-db, test}', propertySourceLocations = '{}', propertySourceProperties = '{db.tableEngine=}', contextCustomizers = set[[empty]], contextLoader = 'org.springframework.test.context.support.DelegatingSmartContextLoader', parent = [null]]]
18:00:09.045 [main] DEBUG org.springframework.test.context.cache - Spring test ApplicationContext cache statistics: [DefaultContextCache@4675f5b0 size = 1, maxSize = 32, parentContextCount = 0, hitCount = 50, missCount = 1]
18:00:09.050 [main] DEBUG org.springframework.jdbc.datasource.DataSourceTransactionManager - Participating in existing transaction
18:00:09.051 [main] DEBUG org.springframework.jdbc.datasource.DataSourceTransactionManager - Participating in existing transaction
18:00:09.055 [main] DEBUG org.springframework.jdbc.datasource.SimpleDriverDataSource - Creating new JDBC Driver Connection to [jdbc:h2:mem:fec2b152-de2f-4c07-a3e1-df691c7daf9d;DB_CLOSE_DELAY=-1;DB_CLOSE_ON_EXIT=false]
18:00:09.057 [main] DEBUG org.springframework.jdbc.datasource.DataSourceTransactionManager - Participating in existing transaction
18:00:09.058 [main] DEBUG org.springframework.jdbc.datasource.DataSourceTransactionManager - Participating in existing transaction
18:00:09.059 [main] DEBUG org.springframework.jdbc.datasource.DataSourceTransactionManager - Participating in existing transaction
18:00:09.059 [main] DEBUG org.springframework.jdbc.datasource.DataSourceTransactionManager - Participating in existing transaction
18:00:09.060 [main] DEBUG org.springframework.jdbc.datasource.DataSourceTransactionManager - Participating in existing transaction
User = test1@test.fr
18:00:09.060 [main] INFO fr.insalyon.creatis.vip.core.server.business.ConfigurationBusiness - verifying test1@test.fr. List of undesired mail domains: . 
18:00:09.060 [main] INFO fr.insalyon.creatis.vip.core.server.business.ConfigurationBusiness - Signing up . List of undesired countries: .
18:00:09.061 [main] DEBUG org.springframework.jdbc.datasource.DataSourceTransactionManager - Participating in existing transaction
18:00:09.061 [main] DEBUG org.springframework.jdbc.datasource.DataSourceTransactionManager - Participating in existing transaction
18:00:09.062 [main] INFO fr.insalyon.creatis.vip.core.server.business.ConfigurationBusiness - Sending confirmation email to 'test1@test.fr'.
18:00:09.062 [main] DEBUG org.springframework.jdbc.datasource.DataSourceTransactionManager - Participating in existing transaction
18:00:09.070 [main] DEBUG org.springframework.jdbc.datasource.DataSourceTransactionManager - Participating in existing transaction
18:00:09.070 [main] DEBUG org.springframework.jdbc.datasource.DataSourceTransactionManager - Participating in existing transaction
18:00:09.070 [main] DEBUG org.springframework.jdbc.datasource.DataSourceTransactionManager - Participating in existing transaction
User = test2@test.fr
18:00:09.070 [main] INFO fr.insalyon.creatis.vip.core.server.business.ConfigurationBusiness - verifying test2@test.fr. List of undesired mail domains: . 
18:00:09.071 [main] INFO fr.insalyon.creatis.vip.core.server.business.ConfigurationBusiness - Signing up . List of undesired countries: .
18:00:09.071 [main] DEBUG org.springframework.jdbc.datasource.DataSourceTransactionManager - Participating in existing transaction
18:00:09.072 [main] DEBUG org.springframework.jdbc.datasource.DataSourceTransactionManager - Participating in existing transaction
18:00:09.072 [main] INFO fr.insalyon.creatis.vip.core.server.business.ConfigurationBusiness - Sending confirmation email to 'test2@test.fr'.
18:00:09.072 [main] DEBUG org.springframework.jdbc.datasource.DataSourceTransactionManager - Participating in existing transaction
18:00:09.073 [main] DEBUG org.springframework.jdbc.datasource.DataSourceTransactionManager - Participating in existing transaction
18:00:09.073 [main] DEBUG org.springframework.jdbc.datasource.DataSourceTransactionManager - Participating in existing transaction
18:00:09.074 [main] DEBUG org.springframework.jdbc.datasource.DataSourceTransactionManager - Participating in existing transaction
User = test3@test.fr
18:00:09.074 [main] INFO fr.insalyon.creatis.vip.core.server.business.ConfigurationBusiness - verifying test3@test.fr. List of undesired mail domains: . 
18:00:09.074 [main] INFO fr.insalyon.creatis.vip.core.server.business.ConfigurationBusiness - Signing up . List of undesired countries: .
18:00:09.075 [main] DEBUG org.springframework.jdbc.datasource.DataSourceTransactionManager - Participating in existing transaction
18:00:09.076 [main] DEBUG org.springframework.jdbc.datasource.DataSourceTransactionManager - Participating in existing transaction
18:00:09.076 [main] INFO fr.insalyon.creatis.vip.core.server.business.ConfigurationBusiness - Sending confirmation email to 'test3@test.fr'.
18:00:09.076 [main] DEBUG org.springframework.jdbc.datasource.DataSourceTransactionManager - Participating in existing transaction
18:00:09.077 [main] DEBUG org.springframework.jdbc.datasource.DataSourceTransactionManager - Participating in existing transaction
18:00:09.077 [main] DEBUG org.springframework.jdbc.datasource.DataSourceTransactionManager - Participating in existing transaction
18:00:09.077 [main] DEBUG org.springframework.jdbc.datasource.DataSourceTransactionManager - Participating in existing transaction
User = test4@test.fr
18:00:09.078 [main] INFO fr.insalyon.creatis.vip.core.server.business.ConfigurationBusiness - verifying test4@test.fr. List of undesired mail domains: . 
18:00:09.078 [main] INFO fr.insalyon.creatis.vip.core.server.business.ConfigurationBusiness - Signing up . List of undesired countries: .
18:00:09.079 [main] DEBUG org.springframework.jdbc.datasource.DataSourceTransactionManager - Participating in existing transaction
18:00:09.085 [main] DEBUG org.springframework.jdbc.datasource.DataSourceTransactionManager - Participating in existing transaction
18:00:09.086 [main] INFO fr.insalyon.creatis.vip.core.server.business.ConfigurationBusiness - Sending confirmation email to 'test4@test.fr'.
18:00:09.086 [main] DEBUG org.springframework.jdbc.datasource.DataSourceTransactionManager - Participating in existing transaction
18:00:09.088 [main] DEBUG org.springframework.jdbc.datasource.DataSourceTransactionManager - Participating in existing transaction
18:00:09.088 [main] DEBUG org.springframework.jdbc.datasource.DataSourceTransactionManager - Participating in existing transaction
18:00:09.089 [main] DEBUG org.springframework.jdbc.datasource.DataSourceTransactionManager - Participating in existing transaction
18:00:09.090 [main] DEBUG org.springframework.jdbc.datasource.DataSourceTransactionManager - Participating in existing transaction
18:00:09.096 [main] DEBUG org.springframework.jdbc.datasource.DataSourceTransactionManager - Participating in existing transaction
18:00:09.096 [main] DEBUG org.springframework.jdbc.datasource.DataSourceTransactionManager - Participating in existing transaction
18:00:09.096 [main] DEBUG org.springframework.jdbc.datasource.DataSourceTransactionManager - Participating in existing transaction
18:00:09.096 [main] DEBUG org.springframework.jdbc.datasource.DataSourceTransactionManager - Participating in existing transaction
18:00:09.097 [main] DEBUG org.springframework.jdbc.datasource.DataSourceTransactionManager - Participating in existing transaction
18:00:09.097 [main] DEBUG org.springframework.jdbc.datasource.DataSourceTransactionManager - Participating in existing transaction
18:00:09.098 [main] DEBUG org.springframework.jdbc.datasource.DataSourceTransactionManager - Participating in existing transaction
User = email5@test.fr
18:00:09.098 [main] INFO fr.insalyon.creatis.vip.core.server.business.ConfigurationBusiness - verifying email5@test.fr. List of undesired mail domains: . 
18:00:09.098 [main] INFO fr.insalyon.creatis.vip.core.server.business.ConfigurationBusiness - Signing up . List of undesired countries: .
18:00:09.103 [main] DEBUG org.springframework.jdbc.datasource.DataSourceTransactionManager - Participating in existing transaction
18:00:09.103 [main] DEBUG org.springframework.jdbc.datasource.DataSourceTransactionManager - Participating in existing transaction
18:00:09.103 [main] INFO fr.insalyon.creatis.vip.core.server.business.ConfigurationBusiness - Sending confirmation email to 'email5@test.fr'.
18:00:09.104 [main] DEBUG org.springframework.jdbc.datasource.DataSourceTransactionManager - Participating in existing transaction
18:00:09.105 [main] DEBUG org.springframework.test.context.cache.DefaultCacheAwareContextLoaderDelegate - Retrieved ApplicationContext [1050971191] from cache with key [[MergedContextConfiguration@1389e498 testClass = ConfigurationBusiness_CoreSpringServerIT, locations = '{}', classes = '{class fr.insalyon.creatis.vip.core.server.SpringCoreConfig}', contextInitializerClasses = '[]', activeProfiles = '{test-db, test}', propertySourceLocations = '{}', propertySourceProperties = '{db.tableEngine=}', contextCustomizers = set[[empty]], contextLoader = 'org.springframework.test.context.support.DelegatingSmartContextLoader', parent = [null]]]
18:00:09.105 [main] DEBUG org.springframework.test.context.cache - Spring test ApplicationContext cache statistics: [DefaultContextCache@4675f5b0 size = 1, maxSize = 32, parentContextCount = 0, hitCount = 51, missCount = 1]
18:00:09.105 [main] DEBUG org.springframework.jdbc.datasource.DataSourceTransactionManager - Participating in existing transaction
18:00:09.105 [main] DEBUG org.springframework.jdbc.datasource.DataSourceTransactionManager - Participating in existing transaction
18:00:09.106 [main] DEBUG org.springframework.jdbc.datasource.DataSourceTransactionManager - Participating in existing transaction
18:00:09.106 [main] DEBUG org.springframework.jdbc.core.JdbcTemplate - Executing SQL query [SELECT COUNT(0) FROM VIPUsers]
18:00:09.107 [main] DEBUG org.springframework.test.context.cache.DefaultCacheAwareContextLoaderDelegate - Retrieved ApplicationContext [1050971191] from cache with key [[MergedContextConfiguration@1389e498 testClass = ConfigurationBusiness_CoreSpringServerIT, locations = '{}', classes = '{class fr.insalyon.creatis.vip.core.server.SpringCoreConfig}', contextInitializerClasses = '[]', activeProfiles = '{test-db, test}', propertySourceLocations = '{}', propertySourceProperties = '{db.tableEngine=}', contextCustomizers = set[[empty]], contextLoader = 'org.springframework.test.context.support.DelegatingSmartContextLoader', parent = [null]]]
18:00:09.107 [main] DEBUG org.springframework.test.context.cache - Spring test ApplicationContext cache statistics: [DefaultContextCache@4675f5b0 size = 1, maxSize = 32, parentContextCount = 0, hitCount = 52, missCount = 1]
18:00:09.108 [main] DEBUG org.springframework.test.context.cache.DefaultCacheAwareContextLoaderDelegate - Retrieved ApplicationContext [1050971191] from cache with key [[MergedContextConfiguration@1389e498 testClass = ConfigurationBusiness_CoreSpringServerIT, locations = '{}', classes = '{class fr.insalyon.creatis.vip.core.server.SpringCoreConfig}', contextInitializerClasses = '[]', activeProfiles = '{test-db, test}', propertySourceLocations = '{}', propertySourceProperties = '{db.tableEngine=}', contextCustomizers = set[[empty]], contextLoader = 'org.springframework.test.context.support.DelegatingSmartContextLoader', parent = [null]]]
18:00:09.108 [main] DEBUG org.springframework.test.context.cache - Spring test ApplicationContext cache statistics: [DefaultContextCache@4675f5b0 size = 1, maxSize = 32, parentContextCount = 0, hitCount = 53, missCount = 1]
18:00:09.108 [main] DEBUG org.springframework.jdbc.datasource.DataSourceTransactionManager - Initiating transaction rollback
18:00:09.108 [main] DEBUG org.springframework.jdbc.datasource.DataSourceTransactionManager - Rolling back JDBC transaction on Connection [conn21: url=jdbc:h2:mem:fec2b152-de2f-4c07-a3e1-df691c7daf9d user=SA]
18:00:09.112 [main] DEBUG org.springframework.jdbc.datasource.DataSourceTransactionManager - Releasing JDBC Connection [conn21: url=jdbc:h2:mem:fec2b152-de2f-4c07-a3e1-df691c7daf9d user=SA] after transaction
18:00:09.113 [main] INFO org.springframework.test.context.transaction.TransactionContext - Rolled back transaction for test: [DefaultTestContext@18e20fa8 testClass = ConfigurationBusiness_CoreSpringServerIT, testInstance = ConfigurationBusiness_CoreSpringServerIT@40ffbed1, testMethod = testCatchRemoveUser@ConfigurationBusiness_CoreSpringServerIT, testException = [null], mergedContextConfiguration = [MergedContextConfiguration@1389e498 testClass = ConfigurationBusiness_CoreSpringServerIT, locations = '{}', classes = '{class fr.insalyon.creatis.vip.core.server.SpringCoreConfig}', contextInitializerClasses = '[]', activeProfiles = '{test-db, test}', propertySourceLocations = '{}', propertySourceProperties = '{db.tableEngine=}', contextCustomizers = set[[empty]], contextLoader = 'org.springframework.test.context.support.DelegatingSmartContextLoader', parent = [null]], attributes = map['org.springframework.test.context.event.ApplicationEventsTestExecutionListener.recordApplicationEvents' -> false]]
18:00:09.115 [main] DEBUG org.springframework.test.context.support.AbstractDirtiesContextTestExecutionListener - After test method: context [DefaultTestContext@18e20fa8 testClass = ConfigurationBusiness_CoreSpringServerIT, testInstance = ConfigurationBusiness_CoreSpringServerIT@40ffbed1, testMethod = testCatchRemoveUser@ConfigurationBusiness_CoreSpringServerIT, testException = [null], mergedContextConfiguration = [MergedContextConfiguration@1389e498 testClass = ConfigurationBusiness_CoreSpringServerIT, locations = '{}', classes = '{class fr.insalyon.creatis.vip.core.server.SpringCoreConfig}', contextInitializerClasses = '[]', activeProfiles = '{test-db, test}', propertySourceLocations = '{}', propertySourceProperties = '{db.tableEngine=}', contextCustomizers = set[[empty]], contextLoader = 'org.springframework.test.context.support.DelegatingSmartContextLoader', parent = [null]], attributes = map['org.springframework.test.context.event.ApplicationEventsTestExecutionListener.recordApplicationEvents' -> false]], class annotated with @DirtiesContext [false] with mode [null], method annotated with @DirtiesContext [false] with mode [null].
]]></system-out>
  </testcase>
  <testcase name="testGetLastUpdateTermOfUse" classname="ConfigurationBusiness_CoreSpringServerIT" time="0.063">
    <system-out><![CDATA[18:00:09.118 [main] DEBUG org.springframework.test.context.support.DependencyInjectionTestExecutionListener - Performing dependency injection for test context [[DefaultTestContext@18e20fa8 testClass = ConfigurationBusiness_CoreSpringServerIT, testInstance = ConfigurationBusiness_CoreSpringServerIT@18d3759c, testMethod = [null], testException = [null], mergedContextConfiguration = [MergedContextConfiguration@1389e498 testClass = ConfigurationBusiness_CoreSpringServerIT, locations = '{}', classes = '{class fr.insalyon.creatis.vip.core.server.SpringCoreConfig}', contextInitializerClasses = '[]', activeProfiles = '{test-db, test}', propertySourceLocations = '{}', propertySourceProperties = '{db.tableEngine=}', contextCustomizers = set[[empty]], contextLoader = 'org.springframework.test.context.support.DelegatingSmartContextLoader', parent = [null]], attributes = map['org.springframework.test.context.event.ApplicationEventsTestExecutionListener.recordApplicationEvents' -> false]]].
18:00:09.119 [main] DEBUG org.springframework.test.context.cache.DefaultCacheAwareContextLoaderDelegate - Retrieved ApplicationContext [1050971191] from cache with key [[MergedContextConfiguration@1389e498 testClass = ConfigurationBusiness_CoreSpringServerIT, locations = '{}', classes = '{class fr.insalyon.creatis.vip.core.server.SpringCoreConfig}', contextInitializerClasses = '[]', activeProfiles = '{test-db, test}', propertySourceLocations = '{}', propertySourceProperties = '{db.tableEngine=}', contextCustomizers = set[[empty]], contextLoader = 'org.springframework.test.context.support.DelegatingSmartContextLoader', parent = [null]]]
18:00:09.121 [main] DEBUG org.springframework.test.context.cache - Spring test ApplicationContext cache statistics: [DefaultContextCache@4675f5b0 size = 1, maxSize = 32, parentContextCount = 0, hitCount = 54, missCount = 1]
18:00:09.122 [main] DEBUG org.springframework.test.context.cache.DefaultCacheAwareContextLoaderDelegate - Retrieved ApplicationContext [1050971191] from cache with key [[MergedContextConfiguration@1389e498 testClass = ConfigurationBusiness_CoreSpringServerIT, locations = '{}', classes = '{class fr.insalyon.creatis.vip.core.server.SpringCoreConfig}', contextInitializerClasses = '[]', activeProfiles = '{test-db, test}', propertySourceLocations = '{}', propertySourceProperties = '{db.tableEngine=}', contextCustomizers = set[[empty]], contextLoader = 'org.springframework.test.context.support.DelegatingSmartContextLoader', parent = [null]]]
18:00:09.122 [main] DEBUG org.springframework.test.context.cache - Spring test ApplicationContext cache statistics: [DefaultContextCache@4675f5b0 size = 1, maxSize = 32, parentContextCount = 0, hitCount = 55, missCount = 1]
18:00:09.124 [main] DEBUG org.springframework.test.context.support.AbstractDirtiesContextTestExecutionListener - Before test method: context [DefaultTestContext@18e20fa8 testClass = ConfigurationBusiness_CoreSpringServerIT, testInstance = ConfigurationBusiness_CoreSpringServerIT@18d3759c, testMethod = testGetLastUpdateTermOfUse@ConfigurationBusiness_CoreSpringServerIT, testException = [null], mergedContextConfiguration = [MergedContextConfiguration@1389e498 testClass = ConfigurationBusiness_CoreSpringServerIT, locations = '{}', classes = '{class fr.insalyon.creatis.vip.core.server.SpringCoreConfig}', contextInitializerClasses = '[]', activeProfiles = '{test-db, test}', propertySourceLocations = '{}', propertySourceProperties = '{db.tableEngine=}', contextCustomizers = set[[empty]], contextLoader = 'org.springframework.test.context.support.DelegatingSmartContextLoader', parent = [null]], attributes = map['org.springframework.test.context.event.ApplicationEventsTestExecutionListener.recordApplicationEvents' -> false]], class annotated with @DirtiesContext [false] with mode [null], method annotated with @DirtiesContext [false] with mode [null].
18:00:09.125 [main] DEBUG org.springframework.test.context.transaction.TransactionalTestExecutionListener - Explicit transaction definition [PROPAGATION_REQUIRED,ISOLATION_DEFAULT] found for test context [DefaultTestContext@18e20fa8 testClass = ConfigurationBusiness_CoreSpringServerIT, testInstance = ConfigurationBusiness_CoreSpringServerIT@18d3759c, testMethod = testGetLastUpdateTermOfUse@ConfigurationBusiness_CoreSpringServerIT, testException = [null], mergedContextConfiguration = [MergedContextConfiguration@1389e498 testClass = ConfigurationBusiness_CoreSpringServerIT, locations = '{}', classes = '{class fr.insalyon.creatis.vip.core.server.SpringCoreConfig}', contextInitializerClasses = '[]', activeProfiles = '{test-db, test}', propertySourceLocations = '{}', propertySourceProperties = '{db.tableEngine=}', contextCustomizers = set[[empty]], contextLoader = 'org.springframework.test.context.support.DelegatingSmartContextLoader', parent = [null]], attributes = map['org.springframework.test.context.event.ApplicationEventsTestExecutionListener.recordApplicationEvents' -> false]]
18:00:09.125 [main] DEBUG org.springframework.test.context.cache.DefaultCacheAwareContextLoaderDelegate - Retrieved ApplicationContext [1050971191] from cache with key [[MergedContextConfiguration@1389e498 testClass = ConfigurationBusiness_CoreSpringServerIT, locations = '{}', classes = '{class fr.insalyon.creatis.vip.core.server.SpringCoreConfig}', contextInitializerClasses = '[]', activeProfiles = '{test-db, test}', propertySourceLocations = '{}', propertySourceProperties = '{db.tableEngine=}', contextCustomizers = set[[empty]], contextLoader = 'org.springframework.test.context.support.DelegatingSmartContextLoader', parent = [null]]]
18:00:09.126 [main] DEBUG org.springframework.test.context.cache - Spring test ApplicationContext cache statistics: [DefaultContextCache@4675f5b0 size = 1, maxSize = 32, parentContextCount = 0, hitCount = 56, missCount = 1]
18:00:09.127 [main] DEBUG org.springframework.test.context.transaction.TransactionalTestExecutionListener - No method-level @Rollback override: using default rollback [true] for test context [DefaultTestContext@18e20fa8 testClass = ConfigurationBusiness_CoreSpringServerIT, testInstance = ConfigurationBusiness_CoreSpringServerIT@18d3759c, testMethod = testGetLastUpdateTermOfUse@ConfigurationBusiness_CoreSpringServerIT, testException = [null], mergedContextConfiguration = [MergedContextConfiguration@1389e498 testClass = ConfigurationBusiness_CoreSpringServerIT, locations = '{}', classes = '{class fr.insalyon.creatis.vip.core.server.SpringCoreConfig}', contextInitializerClasses = '[]', activeProfiles = '{test-db, test}', propertySourceLocations = '{}', propertySourceProperties = '{db.tableEngine=}', contextCustomizers = set[[empty]], contextLoader = 'org.springframework.test.context.support.DelegatingSmartContextLoader', parent = [null]], attributes = map['org.springframework.test.context.event.ApplicationEventsTestExecutionListener.recordApplicationEvents' -> false]].
18:00:09.128 [main] DEBUG org.springframework.jdbc.datasource.DataSourceTransactionManager - Creating new transaction with name [ConfigurationBusiness_CoreSpringServerIT.testGetLastUpdateTermOfUse]: PROPAGATION_REQUIRED,ISOLATION_DEFAULT
18:00:09.129 [main] DEBUG org.springframework.jdbc.datasource.DataSourceTransactionManager - Acquired Connection [Lazy Connection proxy for target DataSource [org.springframework.jdbc.datasource.embedded.EmbeddedDatabaseFactory$EmbeddedDataSourceProxy@5764c072]] for JDBC transaction
18:00:09.130 [main] DEBUG org.springframework.jdbc.datasource.DataSourceTransactionManager - Switching JDBC Connection [Lazy Connection proxy for target DataSource [org.springframework.jdbc.datasource.embedded.EmbeddedDatabaseFactory$EmbeddedDataSourceProxy@5764c072]] to manual commit
18:00:09.131 [main] INFO org.springframework.test.context.transaction.TransactionContext - Began transaction (1) for test context [DefaultTestContext@18e20fa8 testClass = ConfigurationBusiness_CoreSpringServerIT, testInstance = ConfigurationBusiness_CoreSpringServerIT@18d3759c, testMethod = testGetLastUpdateTermOfUse@ConfigurationBusiness_CoreSpringServerIT, testException = [null], mergedContextConfiguration = [MergedContextConfiguration@1389e498 testClass = ConfigurationBusiness_CoreSpringServerIT, locations = '{}', classes = '{class fr.insalyon.creatis.vip.core.server.SpringCoreConfig}', contextInitializerClasses = '[]', activeProfiles = '{test-db, test}', propertySourceLocations = '{}', propertySourceProperties = '{db.tableEngine=}', contextCustomizers = set[[empty]], contextLoader = 'org.springframework.test.context.support.DelegatingSmartContextLoader', parent = [null]], attributes = map['org.springframework.test.context.event.ApplicationEventsTestExecutionListener.recordApplicationEvents' -> false]]; transaction manager [org.springframework.jdbc.datasource.DataSourceTransactionManager@178b2df1]; rollback [true]
18:00:09.132 [main] DEBUG org.springframework.test.context.cache.DefaultCacheAwareContextLoaderDelegate - Retrieved ApplicationContext [1050971191] from cache with key [[MergedContextConfiguration@1389e498 testClass = ConfigurationBusiness_CoreSpringServerIT, locations = '{}', classes = '{class fr.insalyon.creatis.vip.core.server.SpringCoreConfig}', contextInitializerClasses = '[]', activeProfiles = '{test-db, test}', propertySourceLocations = '{}', propertySourceProperties = '{db.tableEngine=}', contextCustomizers = set[[empty]], contextLoader = 'org.springframework.test.context.support.DelegatingSmartContextLoader', parent = [null]]]
18:00:09.132 [main] DEBUG org.springframework.test.context.cache - Spring test ApplicationContext cache statistics: [DefaultContextCache@4675f5b0 size = 1, maxSize = 32, parentContextCount = 0, hitCount = 57, missCount = 1]
18:00:09.135 [main] DEBUG org.springframework.jdbc.datasource.DataSourceTransactionManager - Participating in existing transaction
18:00:09.135 [main] DEBUG org.springframework.jdbc.datasource.DataSourceTransactionManager - Participating in existing transaction
18:00:09.140 [main] DEBUG org.springframework.jdbc.datasource.SimpleDriverDataSource - Creating new JDBC Driver Connection to [jdbc:h2:mem:fec2b152-de2f-4c07-a3e1-df691c7daf9d;DB_CLOSE_DELAY=-1;DB_CLOSE_ON_EXIT=false]
18:00:09.140 [main] DEBUG org.springframework.jdbc.datasource.DataSourceTransactionManager - Participating in existing transaction
18:00:09.141 [main] DEBUG org.springframework.jdbc.datasource.DataSourceTransactionManager - Participating in existing transaction
18:00:09.141 [main] DEBUG org.springframework.jdbc.datasource.DataSourceTransactionManager - Participating in existing transaction
18:00:09.141 [main] DEBUG org.springframework.jdbc.datasource.DataSourceTransactionManager - Participating in existing transaction
18:00:09.142 [main] DEBUG org.springframework.jdbc.datasource.DataSourceTransactionManager - Participating in existing transaction
User = test1@test.fr
18:00:09.142 [main] INFO fr.insalyon.creatis.vip.core.server.business.ConfigurationBusiness - verifying test1@test.fr. List of undesired mail domains: . 
18:00:09.142 [main] INFO fr.insalyon.creatis.vip.core.server.business.ConfigurationBusiness - Signing up . List of undesired countries: .
18:00:09.148 [main] DEBUG org.springframework.jdbc.datasource.DataSourceTransactionManager - Participating in existing transaction
18:00:09.148 [main] DEBUG org.springframework.jdbc.datasource.DataSourceTransactionManager - Participating in existing transaction
18:00:09.148 [main] INFO fr.insalyon.creatis.vip.core.server.business.ConfigurationBusiness - Sending confirmation email to 'test1@test.fr'.
18:00:09.149 [main] DEBUG org.springframework.jdbc.datasource.DataSourceTransactionManager - Participating in existing transaction
18:00:09.150 [main] DEBUG org.springframework.jdbc.datasource.DataSourceTransactionManager - Participating in existing transaction
18:00:09.150 [main] DEBUG org.springframework.jdbc.datasource.DataSourceTransactionManager - Participating in existing transaction
18:00:09.150 [main] DEBUG org.springframework.jdbc.datasource.DataSourceTransactionManager - Participating in existing transaction
User = test2@test.fr
18:00:09.150 [main] INFO fr.insalyon.creatis.vip.core.server.business.ConfigurationBusiness - verifying test2@test.fr. List of undesired mail domains: . 
18:00:09.150 [main] INFO fr.insalyon.creatis.vip.core.server.business.ConfigurationBusiness - Signing up . List of undesired countries: .
18:00:09.159 [main] DEBUG org.springframework.jdbc.datasource.DataSourceTransactionManager - Participating in existing transaction
18:00:09.159 [main] DEBUG org.springframework.jdbc.datasource.DataSourceTransactionManager - Participating in existing transaction
18:00:09.159 [main] INFO fr.insalyon.creatis.vip.core.server.business.ConfigurationBusiness - Sending confirmation email to 'test2@test.fr'.
18:00:09.160 [main] DEBUG org.springframework.jdbc.datasource.DataSourceTransactionManager - Participating in existing transaction
18:00:09.160 [main] DEBUG org.springframework.jdbc.datasource.DataSourceTransactionManager - Participating in existing transaction
18:00:09.161 [main] DEBUG org.springframework.jdbc.datasource.DataSourceTransactionManager - Participating in existing transaction
18:00:09.161 [main] DEBUG org.springframework.jdbc.datasource.DataSourceTransactionManager - Participating in existing transaction
User = test3@test.fr
18:00:09.161 [main] INFO fr.insalyon.creatis.vip.core.server.business.ConfigurationBusiness - verifying test3@test.fr. List of undesired mail domains: . 
18:00:09.161 [main] INFO fr.insalyon.creatis.vip.core.server.business.ConfigurationBusiness - Signing up . List of undesired countries: .
18:00:09.162 [main] DEBUG org.springframework.jdbc.datasource.DataSourceTransactionManager - Participating in existing transaction
18:00:09.162 [main] DEBUG org.springframework.jdbc.datasource.DataSourceTransactionManager - Participating in existing transaction
18:00:09.162 [main] INFO fr.insalyon.creatis.vip.core.server.business.ConfigurationBusiness - Sending confirmation email to 'test3@test.fr'.
18:00:09.162 [main] DEBUG org.springframework.jdbc.datasource.DataSourceTransactionManager - Participating in existing transaction
18:00:09.163 [main] DEBUG org.springframework.jdbc.datasource.DataSourceTransactionManager - Participating in existing transaction
18:00:09.163 [main] DEBUG org.springframework.jdbc.datasource.DataSourceTransactionManager - Participating in existing transaction
18:00:09.163 [main] DEBUG org.springframework.jdbc.datasource.DataSourceTransactionManager - Participating in existing transaction
User = test4@test.fr
18:00:09.164 [main] INFO fr.insalyon.creatis.vip.core.server.business.ConfigurationBusiness - verifying test4@test.fr. List of undesired mail domains: . 
18:00:09.164 [main] INFO fr.insalyon.creatis.vip.core.server.business.ConfigurationBusiness - Signing up . List of undesired countries: .
18:00:09.164 [main] DEBUG org.springframework.jdbc.datasource.DataSourceTransactionManager - Participating in existing transaction
18:00:09.165 [main] DEBUG org.springframework.jdbc.datasource.DataSourceTransactionManager - Participating in existing transaction
18:00:09.165 [main] INFO fr.insalyon.creatis.vip.core.server.business.ConfigurationBusiness - Sending confirmation email to 'test4@test.fr'.
18:00:09.165 [main] DEBUG org.springframework.jdbc.datasource.DataSourceTransactionManager - Participating in existing transaction
18:00:09.166 [main] DEBUG org.springframework.jdbc.datasource.DataSourceTransactionManager - Participating in existing transaction
18:00:09.166 [main] DEBUG org.springframework.jdbc.datasource.DataSourceTransactionManager - Participating in existing transaction
18:00:09.166 [main] DEBUG org.springframework.jdbc.datasource.DataSourceTransactionManager - Participating in existing transaction
18:00:09.166 [main] DEBUG org.springframework.jdbc.datasource.DataSourceTransactionManager - Participating in existing transaction
18:00:09.171 [main] DEBUG org.springframework.jdbc.datasource.DataSourceTransactionManager - Participating in existing transaction
18:00:09.171 [main] DEBUG org.springframework.jdbc.datasource.DataSourceTransactionManager - Participating in existing transaction
18:00:09.172 [main] DEBUG org.springframework.jdbc.datasource.DataSourceTransactionManager - Participating in existing transaction
18:00:09.172 [main] DEBUG org.springframework.jdbc.datasource.DataSourceTransactionManager - Participating in existing transaction
18:00:09.173 [main] DEBUG org.springframework.jdbc.datasource.DataSourceTransactionManager - Participating in existing transaction
18:00:09.173 [main] DEBUG org.springframework.jdbc.datasource.DataSourceTransactionManager - Participating in existing transaction
18:00:09.173 [main] DEBUG org.springframework.jdbc.datasource.DataSourceTransactionManager - Participating in existing transaction
User = email5@test.fr
18:00:09.173 [main] INFO fr.insalyon.creatis.vip.core.server.business.ConfigurationBusiness - verifying email5@test.fr. List of undesired mail domains: . 
18:00:09.173 [main] INFO fr.insalyon.creatis.vip.core.server.business.ConfigurationBusiness - Signing up . List of undesired countries: .
18:00:09.174 [main] DEBUG org.springframework.jdbc.datasource.DataSourceTransactionManager - Participating in existing transaction
18:00:09.174 [main] DEBUG org.springframework.jdbc.datasource.DataSourceTransactionManager - Participating in existing transaction
18:00:09.174 [main] INFO fr.insalyon.creatis.vip.core.server.business.ConfigurationBusiness - Sending confirmation email to 'email5@test.fr'.
18:00:09.176 [main] DEBUG org.springframework.jdbc.datasource.DataSourceTransactionManager - Participating in existing transaction
18:00:09.178 [main] DEBUG org.springframework.test.context.cache.DefaultCacheAwareContextLoaderDelegate - Retrieved ApplicationContext [1050971191] from cache with key [[MergedContextConfiguration@1389e498 testClass = ConfigurationBusiness_CoreSpringServerIT, locations = '{}', classes = '{class fr.insalyon.creatis.vip.core.server.SpringCoreConfig}', contextInitializerClasses = '[]', activeProfiles = '{test-db, test}', propertySourceLocations = '{}', propertySourceProperties = '{db.tableEngine=}', contextCustomizers = set[[empty]], contextLoader = 'org.springframework.test.context.support.DelegatingSmartContextLoader', parent = [null]]]
18:00:09.178 [main] DEBUG org.springframework.test.context.cache - Spring test ApplicationContext cache statistics: [DefaultContextCache@4675f5b0 size = 1, maxSize = 32, parentContextCount = 0, hitCount = 58, missCount = 1]
18:00:09.178 [main] DEBUG org.springframework.jdbc.datasource.DataSourceTransactionManager - Participating in existing transaction
18:00:09.179 [main] DEBUG org.springframework.jdbc.datasource.DataSourceTransactionManager - Participating in existing transaction
18:00:09.180 [main] DEBUG org.springframework.test.context.cache.DefaultCacheAwareContextLoaderDelegate - Retrieved ApplicationContext [1050971191] from cache with key [[MergedContextConfiguration@1389e498 testClass = ConfigurationBusiness_CoreSpringServerIT, locations = '{}', classes = '{class fr.insalyon.creatis.vip.core.server.SpringCoreConfig}', contextInitializerClasses = '[]', activeProfiles = '{test-db, test}', propertySourceLocations = '{}', propertySourceProperties = '{db.tableEngine=}', contextCustomizers = set[[empty]], contextLoader = 'org.springframework.test.context.support.DelegatingSmartContextLoader', parent = [null]]]
18:00:09.180 [main] DEBUG org.springframework.test.context.cache - Spring test ApplicationContext cache statistics: [DefaultContextCache@4675f5b0 size = 1, maxSize = 32, parentContextCount = 0, hitCount = 59, missCount = 1]
18:00:09.181 [main] DEBUG org.springframework.test.context.cache.DefaultCacheAwareContextLoaderDelegate - Retrieved ApplicationContext [1050971191] from cache with key [[MergedContextConfiguration@1389e498 testClass = ConfigurationBusiness_CoreSpringServerIT, locations = '{}', classes = '{class fr.insalyon.creatis.vip.core.server.SpringCoreConfig}', contextInitializerClasses = '[]', activeProfiles = '{test-db, test}', propertySourceLocations = '{}', propertySourceProperties = '{db.tableEngine=}', contextCustomizers = set[[empty]], contextLoader = 'org.springframework.test.context.support.DelegatingSmartContextLoader', parent = [null]]]
18:00:09.181 [main] DEBUG org.springframework.test.context.cache - Spring test ApplicationContext cache statistics: [DefaultContextCache@4675f5b0 size = 1, maxSize = 32, parentContextCount = 0, hitCount = 60, missCount = 1]
18:00:09.182 [main] DEBUG org.springframework.jdbc.datasource.DataSourceTransactionManager - Initiating transaction rollback
18:00:09.182 [main] DEBUG org.springframework.jdbc.datasource.DataSourceTransactionManager - Rolling back JDBC transaction on Connection [conn22: url=jdbc:h2:mem:fec2b152-de2f-4c07-a3e1-df691c7daf9d user=SA]
18:00:09.183 [main] DEBUG org.springframework.jdbc.datasource.DataSourceTransactionManager - Releasing JDBC Connection [conn22: url=jdbc:h2:mem:fec2b152-de2f-4c07-a3e1-df691c7daf9d user=SA] after transaction
18:00:09.183 [main] INFO org.springframework.test.context.transaction.TransactionContext - Rolled back transaction for test: [DefaultTestContext@18e20fa8 testClass = ConfigurationBusiness_CoreSpringServerIT, testInstance = ConfigurationBusiness_CoreSpringServerIT@18d3759c, testMethod = testGetLastUpdateTermOfUse@ConfigurationBusiness_CoreSpringServerIT, testException = [null], mergedContextConfiguration = [MergedContextConfiguration@1389e498 testClass = ConfigurationBusiness_CoreSpringServerIT, locations = '{}', classes = '{class fr.insalyon.creatis.vip.core.server.SpringCoreConfig}', contextInitializerClasses = '[]', activeProfiles = '{test-db, test}', propertySourceLocations = '{}', propertySourceProperties = '{db.tableEngine=}', contextCustomizers = set[[empty]], contextLoader = 'org.springframework.test.context.support.DelegatingSmartContextLoader', parent = [null]], attributes = map['org.springframework.test.context.event.ApplicationEventsTestExecutionListener.recordApplicationEvents' -> false]]
18:00:09.184 [main] DEBUG org.springframework.test.context.support.AbstractDirtiesContextTestExecutionListener - After test method: context [DefaultTestContext@18e20fa8 testClass = ConfigurationBusiness_CoreSpringServerIT, testInstance = ConfigurationBusiness_CoreSpringServerIT@18d3759c, testMethod = testGetLastUpdateTermOfUse@ConfigurationBusiness_CoreSpringServerIT, testException = [null], mergedContextConfiguration = [MergedContextConfiguration@1389e498 testClass = ConfigurationBusiness_CoreSpringServerIT, locations = '{}', classes = '{class fr.insalyon.creatis.vip.core.server.SpringCoreConfig}', contextInitializerClasses = '[]', activeProfiles = '{test-db, test}', propertySourceLocations = '{}', propertySourceProperties = '{db.tableEngine=}', contextCustomizers = set[[empty]], contextLoader = 'org.springframework.test.context.support.DelegatingSmartContextLoader', parent = [null]], attributes = map['org.springframework.test.context.event.ApplicationEventsTestExecutionListener.recordApplicationEvents' -> false]], class annotated with @DirtiesContext [false] with mode [null], method annotated with @DirtiesContext [false] with mode [null].
]]></system-out>
  </testcase>
  <testcase name="testCatchActivateIncorrectCode" classname="ConfigurationBusiness_CoreSpringServerIT" time="0.082">
    <system-out><![CDATA[18:00:09.188 [main] DEBUG org.springframework.test.context.support.DependencyInjectionTestExecutionListener - Performing dependency injection for test context [[DefaultTestContext@18e20fa8 testClass = ConfigurationBusiness_CoreSpringServerIT, testInstance = ConfigurationBusiness_CoreSpringServerIT@30393db8, testMethod = [null], testException = [null], mergedContextConfiguration = [MergedContextConfiguration@1389e498 testClass = ConfigurationBusiness_CoreSpringServerIT, locations = '{}', classes = '{class fr.insalyon.creatis.vip.core.server.SpringCoreConfig}', contextInitializerClasses = '[]', activeProfiles = '{test-db, test}', propertySourceLocations = '{}', propertySourceProperties = '{db.tableEngine=}', contextCustomizers = set[[empty]], contextLoader = 'org.springframework.test.context.support.DelegatingSmartContextLoader', parent = [null]], attributes = map['org.springframework.test.context.event.ApplicationEventsTestExecutionListener.recordApplicationEvents' -> false]]].
18:00:09.188 [main] DEBUG org.springframework.test.context.cache.DefaultCacheAwareContextLoaderDelegate - Retrieved ApplicationContext [1050971191] from cache with key [[MergedContextConfiguration@1389e498 testClass = ConfigurationBusiness_CoreSpringServerIT, locations = '{}', classes = '{class fr.insalyon.creatis.vip.core.server.SpringCoreConfig}', contextInitializerClasses = '[]', activeProfiles = '{test-db, test}', propertySourceLocations = '{}', propertySourceProperties = '{db.tableEngine=}', contextCustomizers = set[[empty]], contextLoader = 'org.springframework.test.context.support.DelegatingSmartContextLoader', parent = [null]]]
18:00:09.188 [main] DEBUG org.springframework.test.context.cache - Spring test ApplicationContext cache statistics: [DefaultContextCache@4675f5b0 size = 1, maxSize = 32, parentContextCount = 0, hitCount = 61, missCount = 1]
18:00:09.189 [main] DEBUG org.springframework.test.context.cache.DefaultCacheAwareContextLoaderDelegate - Retrieved ApplicationContext [1050971191] from cache with key [[MergedContextConfiguration@1389e498 testClass = ConfigurationBusiness_CoreSpringServerIT, locations = '{}', classes = '{class fr.insalyon.creatis.vip.core.server.SpringCoreConfig}', contextInitializerClasses = '[]', activeProfiles = '{test-db, test}', propertySourceLocations = '{}', propertySourceProperties = '{db.tableEngine=}', contextCustomizers = set[[empty]], contextLoader = 'org.springframework.test.context.support.DelegatingSmartContextLoader', parent = [null]]]
18:00:09.189 [main] DEBUG org.springframework.test.context.cache - Spring test ApplicationContext cache statistics: [DefaultContextCache@4675f5b0 size = 1, maxSize = 32, parentContextCount = 0, hitCount = 62, missCount = 1]
18:00:09.191 [main] DEBUG org.springframework.test.context.support.AbstractDirtiesContextTestExecutionListener - Before test method: context [DefaultTestContext@18e20fa8 testClass = ConfigurationBusiness_CoreSpringServerIT, testInstance = ConfigurationBusiness_CoreSpringServerIT@30393db8, testMethod = testCatchActivateIncorrectCode@ConfigurationBusiness_CoreSpringServerIT, testException = [null], mergedContextConfiguration = [MergedContextConfiguration@1389e498 testClass = ConfigurationBusiness_CoreSpringServerIT, locations = '{}', classes = '{class fr.insalyon.creatis.vip.core.server.SpringCoreConfig}', contextInitializerClasses = '[]', activeProfiles = '{test-db, test}', propertySourceLocations = '{}', propertySourceProperties = '{db.tableEngine=}', contextCustomizers = set[[empty]], contextLoader = 'org.springframework.test.context.support.DelegatingSmartContextLoader', parent = [null]], attributes = map['org.springframework.test.context.event.ApplicationEventsTestExecutionListener.recordApplicationEvents' -> false]], class annotated with @DirtiesContext [false] with mode [null], method annotated with @DirtiesContext [false] with mode [null].
18:00:09.192 [main] DEBUG org.springframework.test.context.transaction.TransactionalTestExecutionListener - Explicit transaction definition [PROPAGATION_REQUIRED,ISOLATION_DEFAULT] found for test context [DefaultTestContext@18e20fa8 testClass = ConfigurationBusiness_CoreSpringServerIT, testInstance = ConfigurationBusiness_CoreSpringServerIT@30393db8, testMethod = testCatchActivateIncorrectCode@ConfigurationBusiness_CoreSpringServerIT, testException = [null], mergedContextConfiguration = [MergedContextConfiguration@1389e498 testClass = ConfigurationBusiness_CoreSpringServerIT, locations = '{}', classes = '{class fr.insalyon.creatis.vip.core.server.SpringCoreConfig}', contextInitializerClasses = '[]', activeProfiles = '{test-db, test}', propertySourceLocations = '{}', propertySourceProperties = '{db.tableEngine=}', contextCustomizers = set[[empty]], contextLoader = 'org.springframework.test.context.support.DelegatingSmartContextLoader', parent = [null]], attributes = map['org.springframework.test.context.event.ApplicationEventsTestExecutionListener.recordApplicationEvents' -> false]]
18:00:09.193 [main] DEBUG org.springframework.test.context.cache.DefaultCacheAwareContextLoaderDelegate - Retrieved ApplicationContext [1050971191] from cache with key [[MergedContextConfiguration@1389e498 testClass = ConfigurationBusiness_CoreSpringServerIT, locations = '{}', classes = '{class fr.insalyon.creatis.vip.core.server.SpringCoreConfig}', contextInitializerClasses = '[]', activeProfiles = '{test-db, test}', propertySourceLocations = '{}', propertySourceProperties = '{db.tableEngine=}', contextCustomizers = set[[empty]], contextLoader = 'org.springframework.test.context.support.DelegatingSmartContextLoader', parent = [null]]]
18:00:09.193 [main] DEBUG org.springframework.test.context.cache - Spring test ApplicationContext cache statistics: [DefaultContextCache@4675f5b0 size = 1, maxSize = 32, parentContextCount = 0, hitCount = 63, missCount = 1]
18:00:09.193 [main] DEBUG org.springframework.test.context.transaction.TransactionalTestExecutionListener - No method-level @Rollback override: using default rollback [true] for test context [DefaultTestContext@18e20fa8 testClass = ConfigurationBusiness_CoreSpringServerIT, testInstance = ConfigurationBusiness_CoreSpringServerIT@30393db8, testMethod = testCatchActivateIncorrectCode@ConfigurationBusiness_CoreSpringServerIT, testException = [null], mergedContextConfiguration = [MergedContextConfiguration@1389e498 testClass = ConfigurationBusiness_CoreSpringServerIT, locations = '{}', classes = '{class fr.insalyon.creatis.vip.core.server.SpringCoreConfig}', contextInitializerClasses = '[]', activeProfiles = '{test-db, test}', propertySourceLocations = '{}', propertySourceProperties = '{db.tableEngine=}', contextCustomizers = set[[empty]], contextLoader = 'org.springframework.test.context.support.DelegatingSmartContextLoader', parent = [null]], attributes = map['org.springframework.test.context.event.ApplicationEventsTestExecutionListener.recordApplicationEvents' -> false]].
18:00:09.193 [main] DEBUG org.springframework.jdbc.datasource.DataSourceTransactionManager - Creating new transaction with name [ConfigurationBusiness_CoreSpringServerIT.testCatchActivateIncorrectCode]: PROPAGATION_REQUIRED,ISOLATION_DEFAULT
18:00:09.194 [main] DEBUG org.springframework.jdbc.datasource.DataSourceTransactionManager - Acquired Connection [Lazy Connection proxy for target DataSource [org.springframework.jdbc.datasource.embedded.EmbeddedDatabaseFactory$EmbeddedDataSourceProxy@5764c072]] for JDBC transaction
18:00:09.196 [main] DEBUG org.springframework.jdbc.datasource.DataSourceTransactionManager - Switching JDBC Connection [Lazy Connection proxy for target DataSource [org.springframework.jdbc.datasource.embedded.EmbeddedDatabaseFactory$EmbeddedDataSourceProxy@5764c072]] to manual commit
18:00:09.196 [main] INFO org.springframework.test.context.transaction.TransactionContext - Began transaction (1) for test context [DefaultTestContext@18e20fa8 testClass = ConfigurationBusiness_CoreSpringServerIT, testInstance = ConfigurationBusiness_CoreSpringServerIT@30393db8, testMethod = testCatchActivateIncorrectCode@ConfigurationBusiness_CoreSpringServerIT, testException = [null], mergedContextConfiguration = [MergedContextConfiguration@1389e498 testClass = ConfigurationBusiness_CoreSpringServerIT, locations = '{}', classes = '{class fr.insalyon.creatis.vip.core.server.SpringCoreConfig}', contextInitializerClasses = '[]', activeProfiles = '{test-db, test}', propertySourceLocations = '{}', propertySourceProperties = '{db.tableEngine=}', contextCustomizers = set[[empty]], contextLoader = 'org.springframework.test.context.support.DelegatingSmartContextLoader', parent = [null]], attributes = map['org.springframework.test.context.event.ApplicationEventsTestExecutionListener.recordApplicationEvents' -> false]]; transaction manager [org.springframework.jdbc.datasource.DataSourceTransactionManager@178b2df1]; rollback [true]
18:00:09.197 [main] DEBUG org.springframework.test.context.cache.DefaultCacheAwareContextLoaderDelegate - Retrieved ApplicationContext [1050971191] from cache with key [[MergedContextConfiguration@1389e498 testClass = ConfigurationBusiness_CoreSpringServerIT, locations = '{}', classes = '{class fr.insalyon.creatis.vip.core.server.SpringCoreConfig}', contextInitializerClasses = '[]', activeProfiles = '{test-db, test}', propertySourceLocations = '{}', propertySourceProperties = '{db.tableEngine=}', contextCustomizers = set[[empty]], contextLoader = 'org.springframework.test.context.support.DelegatingSmartContextLoader', parent = [null]]]
18:00:09.197 [main] DEBUG org.springframework.test.context.cache - Spring test ApplicationContext cache statistics: [DefaultContextCache@4675f5b0 size = 1, maxSize = 32, parentContextCount = 0, hitCount = 64, missCount = 1]
18:00:09.202 [main] DEBUG org.springframework.jdbc.datasource.DataSourceTransactionManager - Participating in existing transaction
18:00:09.202 [main] DEBUG org.springframework.jdbc.datasource.DataSourceTransactionManager - Participating in existing transaction
18:00:09.203 [main] DEBUG org.springframework.jdbc.datasource.SimpleDriverDataSource - Creating new JDBC Driver Connection to [jdbc:h2:mem:fec2b152-de2f-4c07-a3e1-df691c7daf9d;DB_CLOSE_DELAY=-1;DB_CLOSE_ON_EXIT=false]
18:00:09.207 [main] DEBUG org.springframework.jdbc.datasource.DataSourceTransactionManager - Participating in existing transaction
18:00:09.208 [main] DEBUG org.springframework.jdbc.datasource.DataSourceTransactionManager - Participating in existing transaction
18:00:09.209 [main] DEBUG org.springframework.jdbc.datasource.DataSourceTransactionManager - Participating in existing transaction
18:00:09.209 [main] DEBUG org.springframework.jdbc.datasource.DataSourceTransactionManager - Participating in existing transaction
18:00:09.210 [main] DEBUG org.springframework.jdbc.datasource.DataSourceTransactionManager - Participating in existing transaction
User = test1@test.fr
18:00:09.210 [main] INFO fr.insalyon.creatis.vip.core.server.business.ConfigurationBusiness - verifying test1@test.fr. List of undesired mail domains: . 
18:00:09.211 [main] INFO fr.insalyon.creatis.vip.core.server.business.ConfigurationBusiness - Signing up . List of undesired countries: .
18:00:09.213 [main] DEBUG org.springframework.jdbc.datasource.DataSourceTransactionManager - Participating in existing transaction
18:00:09.213 [main] DEBUG org.springframework.jdbc.datasource.DataSourceTransactionManager - Participating in existing transaction
18:00:09.214 [main] INFO fr.insalyon.creatis.vip.core.server.business.ConfigurationBusiness - Sending confirmation email to 'test1@test.fr'.
18:00:09.214 [main] DEBUG org.springframework.jdbc.datasource.DataSourceTransactionManager - Participating in existing transaction
18:00:09.216 [main] DEBUG org.springframework.jdbc.datasource.DataSourceTransactionManager - Participating in existing transaction
18:00:09.216 [main] DEBUG org.springframework.jdbc.datasource.DataSourceTransactionManager - Participating in existing transaction
18:00:09.216 [main] DEBUG org.springframework.jdbc.datasource.DataSourceTransactionManager - Participating in existing transaction
User = test2@test.fr
18:00:09.216 [main] INFO fr.insalyon.creatis.vip.core.server.business.ConfigurationBusiness - verifying test2@test.fr. List of undesired mail domains: . 
18:00:09.216 [main] INFO fr.insalyon.creatis.vip.core.server.business.ConfigurationBusiness - Signing up . List of undesired countries: .
18:00:09.217 [main] DEBUG org.springframework.jdbc.datasource.DataSourceTransactionManager - Participating in existing transaction
18:00:09.217 [main] DEBUG org.springframework.jdbc.datasource.DataSourceTransactionManager - Participating in existing transaction
18:00:09.218 [main] INFO fr.insalyon.creatis.vip.core.server.business.ConfigurationBusiness - Sending confirmation email to 'test2@test.fr'.
18:00:09.218 [main] DEBUG org.springframework.jdbc.datasource.DataSourceTransactionManager - Participating in existing transaction
18:00:09.219 [main] DEBUG org.springframework.jdbc.datasource.DataSourceTransactionManager - Participating in existing transaction
18:00:09.219 [main] DEBUG org.springframework.jdbc.datasource.DataSourceTransactionManager - Participating in existing transaction
18:00:09.220 [main] DEBUG org.springframework.jdbc.datasource.DataSourceTransactionManager - Participating in existing transaction
User = test3@test.fr
18:00:09.220 [main] INFO fr.insalyon.creatis.vip.core.server.business.ConfigurationBusiness - verifying test3@test.fr. List of undesired mail domains: . 
18:00:09.220 [main] INFO fr.insalyon.creatis.vip.core.server.business.ConfigurationBusiness - Signing up . List of undesired countries: .
18:00:09.221 [main] DEBUG org.springframework.jdbc.datasource.DataSourceTransactionManager - Participating in existing transaction
18:00:09.221 [main] DEBUG org.springframework.jdbc.datasource.DataSourceTransactionManager - Participating in existing transaction
18:00:09.222 [main] INFO fr.insalyon.creatis.vip.core.server.business.ConfigurationBusiness - Sending confirmation email to 'test3@test.fr'.
18:00:09.222 [main] DEBUG org.springframework.jdbc.datasource.DataSourceTransactionManager - Participating in existing transaction
18:00:09.226 [main] DEBUG org.springframework.jdbc.datasource.DataSourceTransactionManager - Participating in existing transaction
18:00:09.227 [main] DEBUG org.springframework.jdbc.datasource.DataSourceTransactionManager - Participating in existing transaction
18:00:09.227 [main] DEBUG org.springframework.jdbc.datasource.DataSourceTransactionManager - Participating in existing transaction
User = test4@test.fr
18:00:09.227 [main] INFO fr.insalyon.creatis.vip.core.server.business.ConfigurationBusiness - verifying test4@test.fr. List of undesired mail domains: . 
18:00:09.227 [main] INFO fr.insalyon.creatis.vip.core.server.business.ConfigurationBusiness - Signing up . List of undesired countries: .
18:00:09.231 [main] DEBUG org.springframework.jdbc.datasource.DataSourceTransactionManager - Participating in existing transaction
18:00:09.232 [main] DEBUG org.springframework.jdbc.datasource.DataSourceTransactionManager - Participating in existing transaction
18:00:09.232 [main] INFO fr.insalyon.creatis.vip.core.server.business.ConfigurationBusiness - Sending confirmation email to 'test4@test.fr'.
18:00:09.232 [main] DEBUG org.springframework.jdbc.datasource.DataSourceTransactionManager - Participating in existing transaction
18:00:09.233 [main] DEBUG org.springframework.jdbc.datasource.DataSourceTransactionManager - Participating in existing transaction
18:00:09.234 [main] DEBUG org.springframework.jdbc.datasource.DataSourceTransactionManager - Participating in existing transaction
18:00:09.235 [main] DEBUG org.springframework.jdbc.datasource.DataSourceTransactionManager - Participating in existing transaction
18:00:09.235 [main] DEBUG org.springframework.jdbc.datasource.DataSourceTransactionManager - Participating in existing transaction
18:00:09.236 [main] DEBUG org.springframework.jdbc.datasource.DataSourceTransactionManager - Participating in existing transaction
18:00:09.236 [main] DEBUG org.springframework.jdbc.datasource.DataSourceTransactionManager - Participating in existing transaction
18:00:09.236 [main] DEBUG org.springframework.jdbc.datasource.DataSourceTransactionManager - Participating in existing transaction
18:00:09.236 [main] DEBUG org.springframework.jdbc.datasource.DataSourceTransactionManager - Participating in existing transaction
18:00:09.237 [main] DEBUG org.springframework.jdbc.datasource.DataSourceTransactionManager - Participating in existing transaction
18:00:09.237 [main] DEBUG org.springframework.jdbc.datasource.DataSourceTransactionManager - Participating in existing transaction
18:00:09.237 [main] DEBUG org.springframework.jdbc.datasource.DataSourceTransactionManager - Participating in existing transaction
User = email5@test.fr
18:00:09.237 [main] INFO fr.insalyon.creatis.vip.core.server.business.ConfigurationBusiness - verifying email5@test.fr. List of undesired mail domains: . 
18:00:09.237 [main] INFO fr.insalyon.creatis.vip.core.server.business.ConfigurationBusiness - Signing up . List of undesired countries: .
18:00:09.238 [main] DEBUG org.springframework.jdbc.datasource.DataSourceTransactionManager - Participating in existing transaction
18:00:09.238 [main] DEBUG org.springframework.jdbc.datasource.DataSourceTransactionManager - Participating in existing transaction
18:00:09.238 [main] INFO fr.insalyon.creatis.vip.core.server.business.ConfigurationBusiness - Sending confirmation email to 'email5@test.fr'.
18:00:09.238 [main] DEBUG org.springframework.jdbc.datasource.DataSourceTransactionManager - Participating in existing transaction
18:00:09.239 [main] DEBUG org.springframework.test.context.cache.DefaultCacheAwareContextLoaderDelegate - Retrieved ApplicationContext [1050971191] from cache with key [[MergedContextConfiguration@1389e498 testClass = ConfigurationBusiness_CoreSpringServerIT, locations = '{}', classes = '{class fr.insalyon.creatis.vip.core.server.SpringCoreConfig}', contextInitializerClasses = '[]', activeProfiles = '{test-db, test}', propertySourceLocations = '{}', propertySourceProperties = '{db.tableEngine=}', contextCustomizers = set[[empty]], contextLoader = 'org.springframework.test.context.support.DelegatingSmartContextLoader', parent = [null]]]
18:00:09.239 [main] DEBUG org.springframework.test.context.cache - Spring test ApplicationContext cache statistics: [DefaultContextCache@4675f5b0 size = 1, maxSize = 32, parentContextCount = 0, hitCount = 65, missCount = 1]
18:00:09.240 [main] DEBUG org.springframework.jdbc.datasource.DataSourceTransactionManager - Participating in existing transaction
18:00:09.240 [main] DEBUG org.springframework.jdbc.datasource.DataSourceTransactionManager - Participating in existing transaction
18:00:09.241 [main] DEBUG org.springframework.jdbc.datasource.DataSourceTransactionManager - Participating in existing transaction
18:00:09.241 [main] DEBUG org.springframework.jdbc.datasource.DataSourceTransactionManager - Participating in existing transaction
18:00:09.242 [main] DEBUG org.springframework.jdbc.datasource.DataSourceTransactionManager - Participating in existing transaction
18:00:09.264 [main] ERROR fr.insalyon.creatis.vip.core.server.business.ConfigurationBusiness - Activation failed to 'test1@test.fr' (wrong code: incorrect code).
18:00:09.266 [main] DEBUG org.springframework.test.context.cache.DefaultCacheAwareContextLoaderDelegate - Retrieved ApplicationContext [1050971191] from cache with key [[MergedContextConfiguration@1389e498 testClass = ConfigurationBusiness_CoreSpringServerIT, locations = '{}', classes = '{class fr.insalyon.creatis.vip.core.server.SpringCoreConfig}', contextInitializerClasses = '[]', activeProfiles = '{test-db, test}', propertySourceLocations = '{}', propertySourceProperties = '{db.tableEngine=}', contextCustomizers = set[[empty]], contextLoader = 'org.springframework.test.context.support.DelegatingSmartContextLoader', parent = [null]]]
18:00:09.268 [main] DEBUG org.springframework.test.context.cache - Spring test ApplicationContext cache statistics: [DefaultContextCache@4675f5b0 size = 1, maxSize = 32, parentContextCount = 0, hitCount = 66, missCount = 1]
18:00:09.268 [main] DEBUG org.springframework.test.context.cache.DefaultCacheAwareContextLoaderDelegate - Retrieved ApplicationContext [1050971191] from cache with key [[MergedContextConfiguration@1389e498 testClass = ConfigurationBusiness_CoreSpringServerIT, locations = '{}', classes = '{class fr.insalyon.creatis.vip.core.server.SpringCoreConfig}', contextInitializerClasses = '[]', activeProfiles = '{test-db, test}', propertySourceLocations = '{}', propertySourceProperties = '{db.tableEngine=}', contextCustomizers = set[[empty]], contextLoader = 'org.springframework.test.context.support.DelegatingSmartContextLoader', parent = [null]]]
18:00:09.269 [main] DEBUG org.springframework.test.context.cache - Spring test ApplicationContext cache statistics: [DefaultContextCache@4675f5b0 size = 1, maxSize = 32, parentContextCount = 0, hitCount = 67, missCount = 1]
18:00:09.269 [main] DEBUG org.springframework.jdbc.datasource.DataSourceTransactionManager - Initiating transaction rollback
18:00:09.269 [main] DEBUG org.springframework.jdbc.datasource.DataSourceTransactionManager - Rolling back JDBC transaction on Connection [conn23: url=jdbc:h2:mem:fec2b152-de2f-4c07-a3e1-df691c7daf9d user=SA]
18:00:09.271 [main] DEBUG org.springframework.jdbc.datasource.DataSourceTransactionManager - Releasing JDBC Connection [conn23: url=jdbc:h2:mem:fec2b152-de2f-4c07-a3e1-df691c7daf9d user=SA] after transaction
18:00:09.271 [main] INFO org.springframework.test.context.transaction.TransactionContext - Rolled back transaction for test: [DefaultTestContext@18e20fa8 testClass = ConfigurationBusiness_CoreSpringServerIT, testInstance = ConfigurationBusiness_CoreSpringServerIT@30393db8, testMethod = testCatchActivateIncorrectCode@ConfigurationBusiness_CoreSpringServerIT, testException = [null], mergedContextConfiguration = [MergedContextConfiguration@1389e498 testClass = ConfigurationBusiness_CoreSpringServerIT, locations = '{}', classes = '{class fr.insalyon.creatis.vip.core.server.SpringCoreConfig}', contextInitializerClasses = '[]', activeProfiles = '{test-db, test}', propertySourceLocations = '{}', propertySourceProperties = '{db.tableEngine=}', contextCustomizers = set[[empty]], contextLoader = 'org.springframework.test.context.support.DelegatingSmartContextLoader', parent = [null]], attributes = map['org.springframework.test.context.event.ApplicationEventsTestExecutionListener.recordApplicationEvents' -> false]]
18:00:09.271 [main] DEBUG org.springframework.test.context.support.AbstractDirtiesContextTestExecutionListener - After test method: context [DefaultTestContext@18e20fa8 testClass = ConfigurationBusiness_CoreSpringServerIT, testInstance = ConfigurationBusiness_CoreSpringServerIT@30393db8, testMethod = testCatchActivateIncorrectCode@ConfigurationBusiness_CoreSpringServerIT, testException = [null], mergedContextConfiguration = [MergedContextConfiguration@1389e498 testClass = ConfigurationBusiness_CoreSpringServerIT, locations = '{}', classes = '{class fr.insalyon.creatis.vip.core.server.SpringCoreConfig}', contextInitializerClasses = '[]', activeProfiles = '{test-db, test}', propertySourceLocations = '{}', propertySourceProperties = '{db.tableEngine=}', contextCustomizers = set[[empty]], contextLoader = 'org.springframework.test.context.support.DelegatingSmartContextLoader', parent = [null]], attributes = map['org.springframework.test.context.event.ApplicationEventsTestExecutionListener.recordApplicationEvents' -> false]], class annotated with @DirtiesContext [false] with mode [null], method annotated with @DirtiesContext [false] with mode [null].
]]></system-out>
  </testcase>
  <testcase name="testCatchSendResetCode" classname="ConfigurationBusiness_CoreSpringServerIT" time="0.033">
    <system-out><![CDATA[18:00:09.276 [main] DEBUG org.springframework.test.context.support.DependencyInjectionTestExecutionListener - Performing dependency injection for test context [[DefaultTestContext@18e20fa8 testClass = ConfigurationBusiness_CoreSpringServerIT, testInstance = ConfigurationBusiness_CoreSpringServerIT@35a02217, testMethod = [null], testException = [null], mergedContextConfiguration = [MergedContextConfiguration@1389e498 testClass = ConfigurationBusiness_CoreSpringServerIT, locations = '{}', classes = '{class fr.insalyon.creatis.vip.core.server.SpringCoreConfig}', contextInitializerClasses = '[]', activeProfiles = '{test-db, test}', propertySourceLocations = '{}', propertySourceProperties = '{db.tableEngine=}', contextCustomizers = set[[empty]], contextLoader = 'org.springframework.test.context.support.DelegatingSmartContextLoader', parent = [null]], attributes = map['org.springframework.test.context.event.ApplicationEventsTestExecutionListener.recordApplicationEvents' -> false]]].
18:00:09.277 [main] DEBUG org.springframework.test.context.cache.DefaultCacheAwareContextLoaderDelegate - Retrieved ApplicationContext [1050971191] from cache with key [[MergedContextConfiguration@1389e498 testClass = ConfigurationBusiness_CoreSpringServerIT, locations = '{}', classes = '{class fr.insalyon.creatis.vip.core.server.SpringCoreConfig}', contextInitializerClasses = '[]', activeProfiles = '{test-db, test}', propertySourceLocations = '{}', propertySourceProperties = '{db.tableEngine=}', contextCustomizers = set[[empty]], contextLoader = 'org.springframework.test.context.support.DelegatingSmartContextLoader', parent = [null]]]
18:00:09.277 [main] DEBUG org.springframework.test.context.cache - Spring test ApplicationContext cache statistics: [DefaultContextCache@4675f5b0 size = 1, maxSize = 32, parentContextCount = 0, hitCount = 68, missCount = 1]
18:00:09.278 [main] DEBUG org.springframework.test.context.cache.DefaultCacheAwareContextLoaderDelegate - Retrieved ApplicationContext [1050971191] from cache with key [[MergedContextConfiguration@1389e498 testClass = ConfigurationBusiness_CoreSpringServerIT, locations = '{}', classes = '{class fr.insalyon.creatis.vip.core.server.SpringCoreConfig}', contextInitializerClasses = '[]', activeProfiles = '{test-db, test}', propertySourceLocations = '{}', propertySourceProperties = '{db.tableEngine=}', contextCustomizers = set[[empty]], contextLoader = 'org.springframework.test.context.support.DelegatingSmartContextLoader', parent = [null]]]
18:00:09.279 [main] DEBUG org.springframework.test.context.cache - Spring test ApplicationContext cache statistics: [DefaultContextCache@4675f5b0 size = 1, maxSize = 32, parentContextCount = 0, hitCount = 69, missCount = 1]
18:00:09.283 [main] DEBUG org.springframework.test.context.support.AbstractDirtiesContextTestExecutionListener - Before test method: context [DefaultTestContext@18e20fa8 testClass = ConfigurationBusiness_CoreSpringServerIT, testInstance = ConfigurationBusiness_CoreSpringServerIT@35a02217, testMethod = testCatchSendResetCode@ConfigurationBusiness_CoreSpringServerIT, testException = [null], mergedContextConfiguration = [MergedContextConfiguration@1389e498 testClass = ConfigurationBusiness_CoreSpringServerIT, locations = '{}', classes = '{class fr.insalyon.creatis.vip.core.server.SpringCoreConfig}', contextInitializerClasses = '[]', activeProfiles = '{test-db, test}', propertySourceLocations = '{}', propertySourceProperties = '{db.tableEngine=}', contextCustomizers = set[[empty]], contextLoader = 'org.springframework.test.context.support.DelegatingSmartContextLoader', parent = [null]], attributes = map['org.springframework.test.context.event.ApplicationEventsTestExecutionListener.recordApplicationEvents' -> false]], class annotated with @DirtiesContext [false] with mode [null], method annotated with @DirtiesContext [false] with mode [null].
18:00:09.283 [main] DEBUG org.springframework.test.context.transaction.TransactionalTestExecutionListener - Explicit transaction definition [PROPAGATION_REQUIRED,ISOLATION_DEFAULT] found for test context [DefaultTestContext@18e20fa8 testClass = ConfigurationBusiness_CoreSpringServerIT, testInstance = ConfigurationBusiness_CoreSpringServerIT@35a02217, testMethod = testCatchSendResetCode@ConfigurationBusiness_CoreSpringServerIT, testException = [null], mergedContextConfiguration = [MergedContextConfiguration@1389e498 testClass = ConfigurationBusiness_CoreSpringServerIT, locations = '{}', classes = '{class fr.insalyon.creatis.vip.core.server.SpringCoreConfig}', contextInitializerClasses = '[]', activeProfiles = '{test-db, test}', propertySourceLocations = '{}', propertySourceProperties = '{db.tableEngine=}', contextCustomizers = set[[empty]], contextLoader = 'org.springframework.test.context.support.DelegatingSmartContextLoader', parent = [null]], attributes = map['org.springframework.test.context.event.ApplicationEventsTestExecutionListener.recordApplicationEvents' -> false]]
18:00:09.284 [main] DEBUG org.springframework.test.context.cache.DefaultCacheAwareContextLoaderDelegate - Retrieved ApplicationContext [1050971191] from cache with key [[MergedContextConfiguration@1389e498 testClass = ConfigurationBusiness_CoreSpringServerIT, locations = '{}', classes = '{class fr.insalyon.creatis.vip.core.server.SpringCoreConfig}', contextInitializerClasses = '[]', activeProfiles = '{test-db, test}', propertySourceLocations = '{}', propertySourceProperties = '{db.tableEngine=}', contextCustomizers = set[[empty]], contextLoader = 'org.springframework.test.context.support.DelegatingSmartContextLoader', parent = [null]]]
18:00:09.284 [main] DEBUG org.springframework.test.context.cache - Spring test ApplicationContext cache statistics: [DefaultContextCache@4675f5b0 size = 1, maxSize = 32, parentContextCount = 0, hitCount = 70, missCount = 1]
18:00:09.284 [main] DEBUG org.springframework.test.context.transaction.TransactionalTestExecutionListener - No method-level @Rollback override: using default rollback [true] for test context [DefaultTestContext@18e20fa8 testClass = ConfigurationBusiness_CoreSpringServerIT, testInstance = ConfigurationBusiness_CoreSpringServerIT@35a02217, testMethod = testCatchSendResetCode@ConfigurationBusiness_CoreSpringServerIT, testException = [null], mergedContextConfiguration = [MergedContextConfiguration@1389e498 testClass = ConfigurationBusiness_CoreSpringServerIT, locations = '{}', classes = '{class fr.insalyon.creatis.vip.core.server.SpringCoreConfig}', contextInitializerClasses = '[]', activeProfiles = '{test-db, test}', propertySourceLocations = '{}', propertySourceProperties = '{db.tableEngine=}', contextCustomizers = set[[empty]], contextLoader = 'org.springframework.test.context.support.DelegatingSmartContextLoader', parent = [null]], attributes = map['org.springframework.test.context.event.ApplicationEventsTestExecutionListener.recordApplicationEvents' -> false]].
18:00:09.285 [main] DEBUG org.springframework.jdbc.datasource.DataSourceTransactionManager - Creating new transaction with name [ConfigurationBusiness_CoreSpringServerIT.testCatchSendResetCode]: PROPAGATION_REQUIRED,ISOLATION_DEFAULT
18:00:09.286 [main] DEBUG org.springframework.jdbc.datasource.DataSourceTransactionManager - Acquired Connection [Lazy Connection proxy for target DataSource [org.springframework.jdbc.datasource.embedded.EmbeddedDatabaseFactory$EmbeddedDataSourceProxy@5764c072]] for JDBC transaction
18:00:09.287 [main] DEBUG org.springframework.jdbc.datasource.DataSourceTransactionManager - Switching JDBC Connection [Lazy Connection proxy for target DataSource [org.springframework.jdbc.datasource.embedded.EmbeddedDatabaseFactory$EmbeddedDataSourceProxy@5764c072]] to manual commit
18:00:09.288 [main] INFO org.springframework.test.context.transaction.TransactionContext - Began transaction (1) for test context [DefaultTestContext@18e20fa8 testClass = ConfigurationBusiness_CoreSpringServerIT, testInstance = ConfigurationBusiness_CoreSpringServerIT@35a02217, testMethod = testCatchSendResetCode@ConfigurationBusiness_CoreSpringServerIT, testException = [null], mergedContextConfiguration = [MergedContextConfiguration@1389e498 testClass = ConfigurationBusiness_CoreSpringServerIT, locations = '{}', classes = '{class fr.insalyon.creatis.vip.core.server.SpringCoreConfig}', contextInitializerClasses = '[]', activeProfiles = '{test-db, test}', propertySourceLocations = '{}', propertySourceProperties = '{db.tableEngine=}', contextCustomizers = set[[empty]], contextLoader = 'org.springframework.test.context.support.DelegatingSmartContextLoader', parent = [null]], attributes = map['org.springframework.test.context.event.ApplicationEventsTestExecutionListener.recordApplicationEvents' -> false]]; transaction manager [org.springframework.jdbc.datasource.DataSourceTransactionManager@178b2df1]; rollback [true]
18:00:09.289 [main] DEBUG org.springframework.test.context.cache.DefaultCacheAwareContextLoaderDelegate - Retrieved ApplicationContext [1050971191] from cache with key [[MergedContextConfiguration@1389e498 testClass = ConfigurationBusiness_CoreSpringServerIT, locations = '{}', classes = '{class fr.insalyon.creatis.vip.core.server.SpringCoreConfig}', contextInitializerClasses = '[]', activeProfiles = '{test-db, test}', propertySourceLocations = '{}', propertySourceProperties = '{db.tableEngine=}', contextCustomizers = set[[empty]], contextLoader = 'org.springframework.test.context.support.DelegatingSmartContextLoader', parent = [null]]]
18:00:09.289 [main] DEBUG org.springframework.test.context.cache - Spring test ApplicationContext cache statistics: [DefaultContextCache@4675f5b0 size = 1, maxSize = 32, parentContextCount = 0, hitCount = 71, missCount = 1]
18:00:09.291 [main] DEBUG org.springframework.jdbc.datasource.DataSourceTransactionManager - Participating in existing transaction
18:00:09.291 [main] DEBUG org.springframework.jdbc.datasource.DataSourceTransactionManager - Participating in existing transaction
18:00:09.291 [main] DEBUG org.springframework.jdbc.datasource.SimpleDriverDataSource - Creating new JDBC Driver Connection to [jdbc:h2:mem:fec2b152-de2f-4c07-a3e1-df691c7daf9d;DB_CLOSE_DELAY=-1;DB_CLOSE_ON_EXIT=false]
18:00:09.292 [main] DEBUG org.springframework.jdbc.datasource.DataSourceTransactionManager - Participating in existing transaction
18:00:09.292 [main] DEBUG org.springframework.jdbc.datasource.DataSourceTransactionManager - Participating in existing transaction
18:00:09.293 [main] DEBUG org.springframework.jdbc.datasource.DataSourceTransactionManager - Participating in existing transaction
18:00:09.293 [main] DEBUG org.springframework.jdbc.datasource.DataSourceTransactionManager - Participating in existing transaction
18:00:09.293 [main] DEBUG org.springframework.jdbc.datasource.DataSourceTransactionManager - Participating in existing transaction
User = test1@test.fr
18:00:09.293 [main] INFO fr.insalyon.creatis.vip.core.server.business.ConfigurationBusiness - verifying test1@test.fr. List of undesired mail domains: . 
18:00:09.294 [main] INFO fr.insalyon.creatis.vip.core.server.business.ConfigurationBusiness - Signing up . List of undesired countries: .
18:00:09.294 [main] DEBUG org.springframework.jdbc.datasource.DataSourceTransactionManager - Participating in existing transaction
18:00:09.295 [main] DEBUG org.springframework.jdbc.datasource.DataSourceTransactionManager - Participating in existing transaction
18:00:09.295 [main] INFO fr.insalyon.creatis.vip.core.server.business.ConfigurationBusiness - Sending confirmation email to 'test1@test.fr'.
18:00:09.295 [main] DEBUG org.springframework.jdbc.datasource.DataSourceTransactionManager - Participating in existing transaction
18:00:09.296 [main] DEBUG org.springframework.jdbc.datasource.DataSourceTransactionManager - Participating in existing transaction
18:00:09.296 [main] DEBUG org.springframework.jdbc.datasource.DataSourceTransactionManager - Participating in existing transaction
18:00:09.296 [main] DEBUG org.springframework.jdbc.datasource.DataSourceTransactionManager - Participating in existing transaction
User = test2@test.fr
18:00:09.297 [main] INFO fr.insalyon.creatis.vip.core.server.business.ConfigurationBusiness - verifying test2@test.fr. List of undesired mail domains: . 
18:00:09.297 [main] INFO fr.insalyon.creatis.vip.core.server.business.ConfigurationBusiness - Signing up . List of undesired countries: .
18:00:09.297 [main] DEBUG org.springframework.jdbc.datasource.DataSourceTransactionManager - Participating in existing transaction
18:00:09.298 [main] DEBUG org.springframework.jdbc.datasource.DataSourceTransactionManager - Participating in existing transaction
18:00:09.298 [main] INFO fr.insalyon.creatis.vip.core.server.business.ConfigurationBusiness - Sending confirmation email to 'test2@test.fr'.
18:00:09.298 [main] DEBUG org.springframework.jdbc.datasource.DataSourceTransactionManager - Participating in existing transaction
18:00:09.299 [main] DEBUG org.springframework.jdbc.datasource.DataSourceTransactionManager - Participating in existing transaction
18:00:09.299 [main] DEBUG org.springframework.jdbc.datasource.DataSourceTransactionManager - Participating in existing transaction
18:00:09.299 [main] DEBUG org.springframework.jdbc.datasource.DataSourceTransactionManager - Participating in existing transaction
User = test3@test.fr
18:00:09.299 [main] INFO fr.insalyon.creatis.vip.core.server.business.ConfigurationBusiness - verifying test3@test.fr. List of undesired mail domains: . 
18:00:09.299 [main] INFO fr.insalyon.creatis.vip.core.server.business.ConfigurationBusiness - Signing up . List of undesired countries: .
18:00:09.300 [main] DEBUG org.springframework.jdbc.datasource.DataSourceTransactionManager - Participating in existing transaction
18:00:09.300 [main] DEBUG org.springframework.jdbc.datasource.DataSourceTransactionManager - Participating in existing transaction
18:00:09.300 [main] INFO fr.insalyon.creatis.vip.core.server.business.ConfigurationBusiness - Sending confirmation email to 'test3@test.fr'.
18:00:09.300 [main] DEBUG org.springframework.jdbc.datasource.DataSourceTransactionManager - Participating in existing transaction
18:00:09.301 [main] DEBUG org.springframework.jdbc.datasource.DataSourceTransactionManager - Participating in existing transaction
18:00:09.301 [main] DEBUG org.springframework.jdbc.datasource.DataSourceTransactionManager - Participating in existing transaction
18:00:09.301 [main] DEBUG org.springframework.jdbc.datasource.DataSourceTransactionManager - Participating in existing transaction
User = test4@test.fr
18:00:09.302 [main] INFO fr.insalyon.creatis.vip.core.server.business.ConfigurationBusiness - verifying test4@test.fr. List of undesired mail domains: . 
18:00:09.302 [main] INFO fr.insalyon.creatis.vip.core.server.business.ConfigurationBusiness - Signing up . List of undesired countries: .
18:00:09.302 [main] DEBUG org.springframework.jdbc.datasource.DataSourceTransactionManager - Participating in existing transaction
18:00:09.303 [main] DEBUG org.springframework.jdbc.datasource.DataSourceTransactionManager - Participating in existing transaction
18:00:09.303 [main] INFO fr.insalyon.creatis.vip.core.server.business.ConfigurationBusiness - Sending confirmation email to 'test4@test.fr'.
18:00:09.303 [main] DEBUG org.springframework.jdbc.datasource.DataSourceTransactionManager - Participating in existing transaction
18:00:09.303 [main] DEBUG org.springframework.jdbc.datasource.DataSourceTransactionManager - Participating in existing transaction
18:00:09.303 [main] DEBUG org.springframework.jdbc.datasource.DataSourceTransactionManager - Participating in existing transaction
18:00:09.304 [main] DEBUG org.springframework.jdbc.datasource.DataSourceTransactionManager - Participating in existing transaction
18:00:09.304 [main] DEBUG org.springframework.jdbc.datasource.DataSourceTransactionManager - Participating in existing transaction
18:00:09.304 [main] DEBUG org.springframework.jdbc.datasource.DataSourceTransactionManager - Participating in existing transaction
18:00:09.304 [main] DEBUG org.springframework.jdbc.datasource.DataSourceTransactionManager - Participating in existing transaction
18:00:09.305 [main] DEBUG org.springframework.jdbc.datasource.DataSourceTransactionManager - Participating in existing transaction
18:00:09.305 [main] DEBUG org.springframework.jdbc.datasource.DataSourceTransactionManager - Participating in existing transaction
18:00:09.305 [main] DEBUG org.springframework.jdbc.datasource.DataSourceTransactionManager - Participating in existing transaction
18:00:09.305 [main] DEBUG org.springframework.jdbc.datasource.DataSourceTransactionManager - Participating in existing transaction
18:00:09.305 [main] DEBUG org.springframework.jdbc.datasource.DataSourceTransactionManager - Participating in existing transaction
User = email5@test.fr
18:00:09.306 [main] INFO fr.insalyon.creatis.vip.core.server.business.ConfigurationBusiness - verifying email5@test.fr. List of undesired mail domains: . 
18:00:09.306 [main] INFO fr.insalyon.creatis.vip.core.server.business.ConfigurationBusiness - Signing up . List of undesired countries: .
18:00:09.306 [main] DEBUG org.springframework.jdbc.datasource.DataSourceTransactionManager - Participating in existing transaction
18:00:09.307 [main] DEBUG org.springframework.jdbc.datasource.DataSourceTransactionManager - Participating in existing transaction
18:00:09.307 [main] INFO fr.insalyon.creatis.vip.core.server.business.ConfigurationBusiness - Sending confirmation email to 'email5@test.fr'.
18:00:09.307 [main] DEBUG org.springframework.jdbc.datasource.DataSourceTransactionManager - Participating in existing transaction
18:00:09.308 [main] DEBUG org.springframework.test.context.cache.DefaultCacheAwareContextLoaderDelegate - Retrieved ApplicationContext [1050971191] from cache with key [[MergedContextConfiguration@1389e498 testClass = ConfigurationBusiness_CoreSpringServerIT, locations = '{}', classes = '{class fr.insalyon.creatis.vip.core.server.SpringCoreConfig}', contextInitializerClasses = '[]', activeProfiles = '{test-db, test}', propertySourceLocations = '{}', propertySourceProperties = '{db.tableEngine=}', contextCustomizers = set[[empty]], contextLoader = 'org.springframework.test.context.support.DelegatingSmartContextLoader', parent = [null]]]
18:00:09.308 [main] DEBUG org.springframework.test.context.cache - Spring test ApplicationContext cache statistics: [DefaultContextCache@4675f5b0 size = 1, maxSize = 32, parentContextCount = 0, hitCount = 72, missCount = 1]
18:00:09.308 [main] DEBUG org.springframework.jdbc.datasource.DataSourceTransactionManager - Participating in existing transaction
18:00:09.308 [main] DEBUG org.springframework.jdbc.datasource.DataSourceTransactionManager - Participating in existing transaction
18:00:09.309 [main] ERROR fr.insalyon.creatis.vip.core.server.dao.mysql.UserData - There is no user registered with the e-mail nonExistentUser@test.fr
18:00:09.309 [main] DEBUG org.springframework.test.context.cache.DefaultCacheAwareContextLoaderDelegate - Retrieved ApplicationContext [1050971191] from cache with key [[MergedContextConfiguration@1389e498 testClass = ConfigurationBusiness_CoreSpringServerIT, locations = '{}', classes = '{class fr.insalyon.creatis.vip.core.server.SpringCoreConfig}', contextInitializerClasses = '[]', activeProfiles = '{test-db, test}', propertySourceLocations = '{}', propertySourceProperties = '{db.tableEngine=}', contextCustomizers = set[[empty]], contextLoader = 'org.springframework.test.context.support.DelegatingSmartContextLoader', parent = [null]]]
18:00:09.309 [main] DEBUG org.springframework.test.context.cache - Spring test ApplicationContext cache statistics: [DefaultContextCache@4675f5b0 size = 1, maxSize = 32, parentContextCount = 0, hitCount = 73, missCount = 1]
18:00:09.309 [main] DEBUG org.springframework.test.context.cache.DefaultCacheAwareContextLoaderDelegate - Retrieved ApplicationContext [1050971191] from cache with key [[MergedContextConfiguration@1389e498 testClass = ConfigurationBusiness_CoreSpringServerIT, locations = '{}', classes = '{class fr.insalyon.creatis.vip.core.server.SpringCoreConfig}', contextInitializerClasses = '[]', activeProfiles = '{test-db, test}', propertySourceLocations = '{}', propertySourceProperties = '{db.tableEngine=}', contextCustomizers = set[[empty]], contextLoader = 'org.springframework.test.context.support.DelegatingSmartContextLoader', parent = [null]]]
18:00:09.310 [main] DEBUG org.springframework.test.context.cache - Spring test ApplicationContext cache statistics: [DefaultContextCache@4675f5b0 size = 1, maxSize = 32, parentContextCount = 0, hitCount = 74, missCount = 1]
18:00:09.310 [main] DEBUG org.springframework.jdbc.datasource.DataSourceTransactionManager - Initiating transaction rollback
18:00:09.310 [main] DEBUG org.springframework.jdbc.datasource.DataSourceTransactionManager - Rolling back JDBC transaction on Connection [conn24: url=jdbc:h2:mem:fec2b152-de2f-4c07-a3e1-df691c7daf9d user=SA]
18:00:09.310 [main] DEBUG org.springframework.jdbc.datasource.DataSourceTransactionManager - Releasing JDBC Connection [conn24: url=jdbc:h2:mem:fec2b152-de2f-4c07-a3e1-df691c7daf9d user=SA] after transaction
18:00:09.310 [main] INFO org.springframework.test.context.transaction.TransactionContext - Rolled back transaction for test: [DefaultTestContext@18e20fa8 testClass = ConfigurationBusiness_CoreSpringServerIT, testInstance = ConfigurationBusiness_CoreSpringServerIT@35a02217, testMethod = testCatchSendResetCode@ConfigurationBusiness_CoreSpringServerIT, testException = [null], mergedContextConfiguration = [MergedContextConfiguration@1389e498 testClass = ConfigurationBusiness_CoreSpringServerIT, locations = '{}', classes = '{class fr.insalyon.creatis.vip.core.server.SpringCoreConfig}', contextInitializerClasses = '[]', activeProfiles = '{test-db, test}', propertySourceLocations = '{}', propertySourceProperties = '{db.tableEngine=}', contextCustomizers = set[[empty]], contextLoader = 'org.springframework.test.context.support.DelegatingSmartContextLoader', parent = [null]], attributes = map['org.springframework.test.context.event.ApplicationEventsTestExecutionListener.recordApplicationEvents' -> false]]
18:00:09.311 [main] DEBUG org.springframework.test.context.support.AbstractDirtiesContextTestExecutionListener - After test method: context [DefaultTestContext@18e20fa8 testClass = ConfigurationBusiness_CoreSpringServerIT, testInstance = ConfigurationBusiness_CoreSpringServerIT@35a02217, testMethod = testCatchSendResetCode@ConfigurationBusiness_CoreSpringServerIT, testException = [null], mergedContextConfiguration = [MergedContextConfiguration@1389e498 testClass = ConfigurationBusiness_CoreSpringServerIT, locations = '{}', classes = '{class fr.insalyon.creatis.vip.core.server.SpringCoreConfig}', contextInitializerClasses = '[]', activeProfiles = '{test-db, test}', propertySourceLocations = '{}', propertySourceProperties = '{db.tableEngine=}', contextCustomizers = set[[empty]], contextLoader = 'org.springframework.test.context.support.DelegatingSmartContextLoader', parent = [null]], attributes = map['org.springframework.test.context.event.ApplicationEventsTestExecutionListener.recordApplicationEvents' -> false]], class annotated with @DirtiesContext [false] with mode [null], method annotated with @DirtiesContext [false] with mode [null].
]]></system-out>
  </testcase>
  <testcase name="testSigninUser" classname="ConfigurationBusiness_CoreSpringServerIT" time="0.04">
    <system-out><![CDATA[18:00:09.312 [main] DEBUG org.springframework.test.context.support.DependencyInjectionTestExecutionListener - Performing dependency injection for test context [[DefaultTestContext@18e20fa8 testClass = ConfigurationBusiness_CoreSpringServerIT, testInstance = ConfigurationBusiness_CoreSpringServerIT@32429a73, testMethod = [null], testException = [null], mergedContextConfiguration = [MergedContextConfiguration@1389e498 testClass = ConfigurationBusiness_CoreSpringServerIT, locations = '{}', classes = '{class fr.insalyon.creatis.vip.core.server.SpringCoreConfig}', contextInitializerClasses = '[]', activeProfiles = '{test-db, test}', propertySourceLocations = '{}', propertySourceProperties = '{db.tableEngine=}', contextCustomizers = set[[empty]], contextLoader = 'org.springframework.test.context.support.DelegatingSmartContextLoader', parent = [null]], attributes = map['org.springframework.test.context.event.ApplicationEventsTestExecutionListener.recordApplicationEvents' -> false]]].
18:00:09.312 [main] DEBUG org.springframework.test.context.cache.DefaultCacheAwareContextLoaderDelegate - Retrieved ApplicationContext [1050971191] from cache with key [[MergedContextConfiguration@1389e498 testClass = ConfigurationBusiness_CoreSpringServerIT, locations = '{}', classes = '{class fr.insalyon.creatis.vip.core.server.SpringCoreConfig}', contextInitializerClasses = '[]', activeProfiles = '{test-db, test}', propertySourceLocations = '{}', propertySourceProperties = '{db.tableEngine=}', contextCustomizers = set[[empty]], contextLoader = 'org.springframework.test.context.support.DelegatingSmartContextLoader', parent = [null]]]
18:00:09.315 [main] DEBUG org.springframework.test.context.cache - Spring test ApplicationContext cache statistics: [DefaultContextCache@4675f5b0 size = 1, maxSize = 32, parentContextCount = 0, hitCount = 75, missCount = 1]
18:00:09.316 [main] DEBUG org.springframework.test.context.cache.DefaultCacheAwareContextLoaderDelegate - Retrieved ApplicationContext [1050971191] from cache with key [[MergedContextConfiguration@1389e498 testClass = ConfigurationBusiness_CoreSpringServerIT, locations = '{}', classes = '{class fr.insalyon.creatis.vip.core.server.SpringCoreConfig}', contextInitializerClasses = '[]', activeProfiles = '{test-db, test}', propertySourceLocations = '{}', propertySourceProperties = '{db.tableEngine=}', contextCustomizers = set[[empty]], contextLoader = 'org.springframework.test.context.support.DelegatingSmartContextLoader', parent = [null]]]
18:00:09.316 [main] DEBUG org.springframework.test.context.cache - Spring test ApplicationContext cache statistics: [DefaultContextCache@4675f5b0 size = 1, maxSize = 32, parentContextCount = 0, hitCount = 76, missCount = 1]
18:00:09.317 [main] DEBUG org.springframework.test.context.support.AbstractDirtiesContextTestExecutionListener - Before test method: context [DefaultTestContext@18e20fa8 testClass = ConfigurationBusiness_CoreSpringServerIT, testInstance = ConfigurationBusiness_CoreSpringServerIT@32429a73, testMethod = testSigninUser@ConfigurationBusiness_CoreSpringServerIT, testException = [null], mergedContextConfiguration = [MergedContextConfiguration@1389e498 testClass = ConfigurationBusiness_CoreSpringServerIT, locations = '{}', classes = '{class fr.insalyon.creatis.vip.core.server.SpringCoreConfig}', contextInitializerClasses = '[]', activeProfiles = '{test-db, test}', propertySourceLocations = '{}', propertySourceProperties = '{db.tableEngine=}', contextCustomizers = set[[empty]], contextLoader = 'org.springframework.test.context.support.DelegatingSmartContextLoader', parent = [null]], attributes = map['org.springframework.test.context.event.ApplicationEventsTestExecutionListener.recordApplicationEvents' -> false]], class annotated with @DirtiesContext [false] with mode [null], method annotated with @DirtiesContext [false] with mode [null].
18:00:09.318 [main] DEBUG org.springframework.test.context.transaction.TransactionalTestExecutionListener - Explicit transaction definition [PROPAGATION_REQUIRED,ISOLATION_DEFAULT] found for test context [DefaultTestContext@18e20fa8 testClass = ConfigurationBusiness_CoreSpringServerIT, testInstance = ConfigurationBusiness_CoreSpringServerIT@32429a73, testMethod = testSigninUser@ConfigurationBusiness_CoreSpringServerIT, testException = [null], mergedContextConfiguration = [MergedContextConfiguration@1389e498 testClass = ConfigurationBusiness_CoreSpringServerIT, locations = '{}', classes = '{class fr.insalyon.creatis.vip.core.server.SpringCoreConfig}', contextInitializerClasses = '[]', activeProfiles = '{test-db, test}', propertySourceLocations = '{}', propertySourceProperties = '{db.tableEngine=}', contextCustomizers = set[[empty]], contextLoader = 'org.springframework.test.context.support.DelegatingSmartContextLoader', parent = [null]], attributes = map['org.springframework.test.context.event.ApplicationEventsTestExecutionListener.recordApplicationEvents' -> false]]
18:00:09.318 [main] DEBUG org.springframework.test.context.cache.DefaultCacheAwareContextLoaderDelegate - Retrieved ApplicationContext [1050971191] from cache with key [[MergedContextConfiguration@1389e498 testClass = ConfigurationBusiness_CoreSpringServerIT, locations = '{}', classes = '{class fr.insalyon.creatis.vip.core.server.SpringCoreConfig}', contextInitializerClasses = '[]', activeProfiles = '{test-db, test}', propertySourceLocations = '{}', propertySourceProperties = '{db.tableEngine=}', contextCustomizers = set[[empty]], contextLoader = 'org.springframework.test.context.support.DelegatingSmartContextLoader', parent = [null]]]
18:00:09.319 [main] DEBUG org.springframework.test.context.cache - Spring test ApplicationContext cache statistics: [DefaultContextCache@4675f5b0 size = 1, maxSize = 32, parentContextCount = 0, hitCount = 77, missCount = 1]
18:00:09.319 [main] DEBUG org.springframework.test.context.transaction.TransactionalTestExecutionListener - No method-level @Rollback override: using default rollback [true] for test context [DefaultTestContext@18e20fa8 testClass = ConfigurationBusiness_CoreSpringServerIT, testInstance = ConfigurationBusiness_CoreSpringServerIT@32429a73, testMethod = testSigninUser@ConfigurationBusiness_CoreSpringServerIT, testException = [null], mergedContextConfiguration = [MergedContextConfiguration@1389e498 testClass = ConfigurationBusiness_CoreSpringServerIT, locations = '{}', classes = '{class fr.insalyon.creatis.vip.core.server.SpringCoreConfig}', contextInitializerClasses = '[]', activeProfiles = '{test-db, test}', propertySourceLocations = '{}', propertySourceProperties = '{db.tableEngine=}', contextCustomizers = set[[empty]], contextLoader = 'org.springframework.test.context.support.DelegatingSmartContextLoader', parent = [null]], attributes = map['org.springframework.test.context.event.ApplicationEventsTestExecutionListener.recordApplicationEvents' -> false]].
18:00:09.320 [main] DEBUG org.springframework.jdbc.datasource.DataSourceTransactionManager - Creating new transaction with name [ConfigurationBusiness_CoreSpringServerIT.testSigninUser]: PROPAGATION_REQUIRED,ISOLATION_DEFAULT
18:00:09.320 [main] DEBUG org.springframework.jdbc.datasource.DataSourceTransactionManager - Acquired Connection [Lazy Connection proxy for target DataSource [org.springframework.jdbc.datasource.embedded.EmbeddedDatabaseFactory$EmbeddedDataSourceProxy@5764c072]] for JDBC transaction
18:00:09.321 [main] DEBUG org.springframework.jdbc.datasource.DataSourceTransactionManager - Switching JDBC Connection [Lazy Connection proxy for target DataSource [org.springframework.jdbc.datasource.embedded.EmbeddedDatabaseFactory$EmbeddedDataSourceProxy@5764c072]] to manual commit
18:00:09.321 [main] INFO org.springframework.test.context.transaction.TransactionContext - Began transaction (1) for test context [DefaultTestContext@18e20fa8 testClass = ConfigurationBusiness_CoreSpringServerIT, testInstance = ConfigurationBusiness_CoreSpringServerIT@32429a73, testMethod = testSigninUser@ConfigurationBusiness_CoreSpringServerIT, testException = [null], mergedContextConfiguration = [MergedContextConfiguration@1389e498 testClass = ConfigurationBusiness_CoreSpringServerIT, locations = '{}', classes = '{class fr.insalyon.creatis.vip.core.server.SpringCoreConfig}', contextInitializerClasses = '[]', activeProfiles = '{test-db, test}', propertySourceLocations = '{}', propertySourceProperties = '{db.tableEngine=}', contextCustomizers = set[[empty]], contextLoader = 'org.springframework.test.context.support.DelegatingSmartContextLoader', parent = [null]], attributes = map['org.springframework.test.context.event.ApplicationEventsTestExecutionListener.recordApplicationEvents' -> false]]; transaction manager [org.springframework.jdbc.datasource.DataSourceTransactionManager@178b2df1]; rollback [true]
18:00:09.321 [main] DEBUG org.springframework.test.context.cache.DefaultCacheAwareContextLoaderDelegate - Retrieved ApplicationContext [1050971191] from cache with key [[MergedContextConfiguration@1389e498 testClass = ConfigurationBusiness_CoreSpringServerIT, locations = '{}', classes = '{class fr.insalyon.creatis.vip.core.server.SpringCoreConfig}', contextInitializerClasses = '[]', activeProfiles = '{test-db, test}', propertySourceLocations = '{}', propertySourceProperties = '{db.tableEngine=}', contextCustomizers = set[[empty]], contextLoader = 'org.springframework.test.context.support.DelegatingSmartContextLoader', parent = [null]]]
18:00:09.322 [main] DEBUG org.springframework.test.context.cache - Spring test ApplicationContext cache statistics: [DefaultContextCache@4675f5b0 size = 1, maxSize = 32, parentContextCount = 0, hitCount = 78, missCount = 1]
18:00:09.323 [main] DEBUG org.springframework.jdbc.datasource.DataSourceTransactionManager - Participating in existing transaction
18:00:09.323 [main] DEBUG org.springframework.jdbc.datasource.DataSourceTransactionManager - Participating in existing transaction
18:00:09.324 [main] DEBUG org.springframework.jdbc.datasource.SimpleDriverDataSource - Creating new JDBC Driver Connection to [jdbc:h2:mem:fec2b152-de2f-4c07-a3e1-df691c7daf9d;DB_CLOSE_DELAY=-1;DB_CLOSE_ON_EXIT=false]
18:00:09.324 [main] DEBUG org.springframework.jdbc.datasource.DataSourceTransactionManager - Participating in existing transaction
18:00:09.324 [main] DEBUG org.springframework.jdbc.datasource.DataSourceTransactionManager - Participating in existing transaction
18:00:09.325 [main] DEBUG org.springframework.jdbc.datasource.DataSourceTransactionManager - Participating in existing transaction
18:00:09.325 [main] DEBUG org.springframework.jdbc.datasource.DataSourceTransactionManager - Participating in existing transaction
18:00:09.325 [main] DEBUG org.springframework.jdbc.datasource.DataSourceTransactionManager - Participating in existing transaction
User = test1@test.fr
18:00:09.325 [main] INFO fr.insalyon.creatis.vip.core.server.business.ConfigurationBusiness - verifying test1@test.fr. List of undesired mail domains: . 
18:00:09.326 [main] INFO fr.insalyon.creatis.vip.core.server.business.ConfigurationBusiness - Signing up . List of undesired countries: .
18:00:09.326 [main] DEBUG org.springframework.jdbc.datasource.DataSourceTransactionManager - Participating in existing transaction
18:00:09.327 [main] DEBUG org.springframework.jdbc.datasource.DataSourceTransactionManager - Participating in existing transaction
18:00:09.327 [main] INFO fr.insalyon.creatis.vip.core.server.business.ConfigurationBusiness - Sending confirmation email to 'test1@test.fr'.
18:00:09.327 [main] DEBUG org.springframework.jdbc.datasource.DataSourceTransactionManager - Participating in existing transaction
18:00:09.328 [main] DEBUG org.springframework.jdbc.datasource.DataSourceTransactionManager - Participating in existing transaction
18:00:09.328 [main] DEBUG org.springframework.jdbc.datasource.DataSourceTransactionManager - Participating in existing transaction
18:00:09.328 [main] DEBUG org.springframework.jdbc.datasource.DataSourceTransactionManager - Participating in existing transaction
User = test2@test.fr
18:00:09.328 [main] INFO fr.insalyon.creatis.vip.core.server.business.ConfigurationBusiness - verifying test2@test.fr. List of undesired mail domains: . 
18:00:09.329 [main] INFO fr.insalyon.creatis.vip.core.server.business.ConfigurationBusiness - Signing up . List of undesired countries: .
18:00:09.329 [main] DEBUG org.springframework.jdbc.datasource.DataSourceTransactionManager - Participating in existing transaction
18:00:09.329 [main] DEBUG org.springframework.jdbc.datasource.DataSourceTransactionManager - Participating in existing transaction
18:00:09.330 [main] INFO fr.insalyon.creatis.vip.core.server.business.ConfigurationBusiness - Sending confirmation email to 'test2@test.fr'.
18:00:09.330 [main] DEBUG org.springframework.jdbc.datasource.DataSourceTransactionManager - Participating in existing transaction
18:00:09.330 [main] DEBUG org.springframework.jdbc.datasource.DataSourceTransactionManager - Participating in existing transaction
18:00:09.330 [main] DEBUG org.springframework.jdbc.datasource.DataSourceTransactionManager - Participating in existing transaction
18:00:09.331 [main] DEBUG org.springframework.jdbc.datasource.DataSourceTransactionManager - Participating in existing transaction
User = test3@test.fr
18:00:09.331 [main] INFO fr.insalyon.creatis.vip.core.server.business.ConfigurationBusiness - verifying test3@test.fr. List of undesired mail domains: . 
18:00:09.331 [main] INFO fr.insalyon.creatis.vip.core.server.business.ConfigurationBusiness - Signing up . List of undesired countries: .
18:00:09.332 [main] DEBUG org.springframework.jdbc.datasource.DataSourceTransactionManager - Participating in existing transaction
18:00:09.332 [main] DEBUG org.springframework.jdbc.datasource.DataSourceTransactionManager - Participating in existing transaction
18:00:09.332 [main] INFO fr.insalyon.creatis.vip.core.server.business.ConfigurationBusiness - Sending confirmation email to 'test3@test.fr'.
18:00:09.332 [main] DEBUG org.springframework.jdbc.datasource.DataSourceTransactionManager - Participating in existing transaction
18:00:09.333 [main] DEBUG org.springframework.jdbc.datasource.DataSourceTransactionManager - Participating in existing transaction
18:00:09.333 [main] DEBUG org.springframework.jdbc.datasource.DataSourceTransactionManager - Participating in existing transaction
18:00:09.333 [main] DEBUG org.springframework.jdbc.datasource.DataSourceTransactionManager - Participating in existing transaction
User = test4@test.fr
18:00:09.333 [main] INFO fr.insalyon.creatis.vip.core.server.business.ConfigurationBusiness - verifying test4@test.fr. List of undesired mail domains: . 
18:00:09.333 [main] INFO fr.insalyon.creatis.vip.core.server.business.ConfigurationBusiness - Signing up . List of undesired countries: .
18:00:09.334 [main] DEBUG org.springframework.jdbc.datasource.DataSourceTransactionManager - Participating in existing transaction
18:00:09.334 [main] DEBUG org.springframework.jdbc.datasource.DataSourceTransactionManager - Participating in existing transaction
18:00:09.334 [main] INFO fr.insalyon.creatis.vip.core.server.business.ConfigurationBusiness - Sending confirmation email to 'test4@test.fr'.
18:00:09.340 [main] DEBUG org.springframework.jdbc.datasource.DataSourceTransactionManager - Participating in existing transaction
18:00:09.341 [main] DEBUG org.springframework.jdbc.datasource.DataSourceTransactionManager - Participating in existing transaction
18:00:09.341 [main] DEBUG org.springframework.jdbc.datasource.DataSourceTransactionManager - Participating in existing transaction
18:00:09.342 [main] DEBUG org.springframework.jdbc.datasource.DataSourceTransactionManager - Participating in existing transaction
18:00:09.342 [main] DEBUG org.springframework.jdbc.datasource.DataSourceTransactionManager - Participating in existing transaction
18:00:09.343 [main] DEBUG org.springframework.jdbc.datasource.DataSourceTransactionManager - Participating in existing transaction
18:00:09.343 [main] DEBUG org.springframework.jdbc.datasource.DataSourceTransactionManager - Participating in existing transaction
18:00:09.344 [main] DEBUG org.springframework.jdbc.datasource.DataSourceTransactionManager - Participating in existing transaction
18:00:09.344 [main] DEBUG org.springframework.jdbc.datasource.DataSourceTransactionManager - Participating in existing transaction
18:00:09.345 [main] DEBUG org.springframework.jdbc.datasource.DataSourceTransactionManager - Participating in existing transaction
18:00:09.345 [main] DEBUG org.springframework.jdbc.datasource.DataSourceTransactionManager - Participating in existing transaction
18:00:09.345 [main] DEBUG org.springframework.jdbc.datasource.DataSourceTransactionManager - Participating in existing transaction
User = email5@test.fr
18:00:09.346 [main] INFO fr.insalyon.creatis.vip.core.server.business.ConfigurationBusiness - verifying email5@test.fr. List of undesired mail domains: . 
18:00:09.346 [main] INFO fr.insalyon.creatis.vip.core.server.business.ConfigurationBusiness - Signing up . List of undesired countries: .
18:00:09.346 [main] DEBUG org.springframework.jdbc.datasource.DataSourceTransactionManager - Participating in existing transaction
18:00:09.346 [main] DEBUG org.springframework.jdbc.datasource.DataSourceTransactionManager - Participating in existing transaction
18:00:09.347 [main] INFO fr.insalyon.creatis.vip.core.server.business.ConfigurationBusiness - Sending confirmation email to 'email5@test.fr'.
18:00:09.347 [main] DEBUG org.springframework.jdbc.datasource.DataSourceTransactionManager - Participating in existing transaction
18:00:09.348 [main] DEBUG org.springframework.test.context.cache.DefaultCacheAwareContextLoaderDelegate - Retrieved ApplicationContext [1050971191] from cache with key [[MergedContextConfiguration@1389e498 testClass = ConfigurationBusiness_CoreSpringServerIT, locations = '{}', classes = '{class fr.insalyon.creatis.vip.core.server.SpringCoreConfig}', contextInitializerClasses = '[]', activeProfiles = '{test-db, test}', propertySourceLocations = '{}', propertySourceProperties = '{db.tableEngine=}', contextCustomizers = set[[empty]], contextLoader = 'org.springframework.test.context.support.DelegatingSmartContextLoader', parent = [null]]]
18:00:09.348 [main] DEBUG org.springframework.test.context.cache - Spring test ApplicationContext cache statistics: [DefaultContextCache@4675f5b0 size = 1, maxSize = 32, parentContextCount = 0, hitCount = 79, missCount = 1]
18:00:09.348 [main] DEBUG org.springframework.jdbc.datasource.DataSourceTransactionManager - Participating in existing transaction
18:00:09.350 [main] DEBUG org.springframework.jdbc.datasource.DataSourceTransactionManager - Participating in existing transaction
18:00:09.350 [main] DEBUG org.springframework.jdbc.datasource.DataSourceTransactionManager - Participating in existing transaction
18:00:09.352 [main] DEBUG org.springframework.jdbc.datasource.DataSourceTransactionManager - Participating in existing transaction
18:00:09.353 [main] DEBUG org.springframework.jdbc.datasource.DataSourceTransactionManager - Participating in existing transaction
18:00:09.354 [main] DEBUG org.springframework.test.context.cache.DefaultCacheAwareContextLoaderDelegate - Retrieved ApplicationContext [1050971191] from cache with key [[MergedContextConfiguration@1389e498 testClass = ConfigurationBusiness_CoreSpringServerIT, locations = '{}', classes = '{class fr.insalyon.creatis.vip.core.server.SpringCoreConfig}', contextInitializerClasses = '[]', activeProfiles = '{test-db, test}', propertySourceLocations = '{}', propertySourceProperties = '{db.tableEngine=}', contextCustomizers = set[[empty]], contextLoader = 'org.springframework.test.context.support.DelegatingSmartContextLoader', parent = [null]]]
18:00:09.354 [main] DEBUG org.springframework.test.context.cache - Spring test ApplicationContext cache statistics: [DefaultContextCache@4675f5b0 size = 1, maxSize = 32, parentContextCount = 0, hitCount = 80, missCount = 1]
18:00:09.354 [main] DEBUG org.springframework.test.context.cache.DefaultCacheAwareContextLoaderDelegate - Retrieved ApplicationContext [1050971191] from cache with key [[MergedContextConfiguration@1389e498 testClass = ConfigurationBusiness_CoreSpringServerIT, locations = '{}', classes = '{class fr.insalyon.creatis.vip.core.server.SpringCoreConfig}', contextInitializerClasses = '[]', activeProfiles = '{test-db, test}', propertySourceLocations = '{}', propertySourceProperties = '{db.tableEngine=}', contextCustomizers = set[[empty]], contextLoader = 'org.springframework.test.context.support.DelegatingSmartContextLoader', parent = [null]]]
18:00:09.354 [main] DEBUG org.springframework.test.context.cache - Spring test ApplicationContext cache statistics: [DefaultContextCache@4675f5b0 size = 1, maxSize = 32, parentContextCount = 0, hitCount = 81, missCount = 1]
18:00:09.354 [main] DEBUG org.springframework.jdbc.datasource.DataSourceTransactionManager - Initiating transaction rollback
18:00:09.354 [main] DEBUG org.springframework.jdbc.datasource.DataSourceTransactionManager - Rolling back JDBC transaction on Connection [conn25: url=jdbc:h2:mem:fec2b152-de2f-4c07-a3e1-df691c7daf9d user=SA]
18:00:09.355 [main] DEBUG org.springframework.jdbc.datasource.DataSourceTransactionManager - Releasing JDBC Connection [conn25: url=jdbc:h2:mem:fec2b152-de2f-4c07-a3e1-df691c7daf9d user=SA] after transaction
18:00:09.355 [main] INFO org.springframework.test.context.transaction.TransactionContext - Rolled back transaction for test: [DefaultTestContext@18e20fa8 testClass = ConfigurationBusiness_CoreSpringServerIT, testInstance = ConfigurationBusiness_CoreSpringServerIT@32429a73, testMethod = testSigninUser@ConfigurationBusiness_CoreSpringServerIT, testException = [null], mergedContextConfiguration = [MergedContextConfiguration@1389e498 testClass = ConfigurationBusiness_CoreSpringServerIT, locations = '{}', classes = '{class fr.insalyon.creatis.vip.core.server.SpringCoreConfig}', contextInitializerClasses = '[]', activeProfiles = '{test-db, test}', propertySourceLocations = '{}', propertySourceProperties = '{db.tableEngine=}', contextCustomizers = set[[empty]], contextLoader = 'org.springframework.test.context.support.DelegatingSmartContextLoader', parent = [null]], attributes = map['org.springframework.test.context.event.ApplicationEventsTestExecutionListener.recordApplicationEvents' -> false]]
18:00:09.355 [main] DEBUG org.springframework.test.context.support.AbstractDirtiesContextTestExecutionListener - After test method: context [DefaultTestContext@18e20fa8 testClass = ConfigurationBusiness_CoreSpringServerIT, testInstance = ConfigurationBusiness_CoreSpringServerIT@32429a73, testMethod = testSigninUser@ConfigurationBusiness_CoreSpringServerIT, testException = [null], mergedContextConfiguration = [MergedContextConfiguration@1389e498 testClass = ConfigurationBusiness_CoreSpringServerIT, locations = '{}', classes = '{class fr.insalyon.creatis.vip.core.server.SpringCoreConfig}', contextInitializerClasses = '[]', activeProfiles = '{test-db, test}', propertySourceLocations = '{}', propertySourceProperties = '{db.tableEngine=}', contextCustomizers = set[[empty]], contextLoader = 'org.springframework.test.context.support.DelegatingSmartContextLoader', parent = [null]], attributes = map['org.springframework.test.context.event.ApplicationEventsTestExecutionListener.recordApplicationEvents' -> false]], class annotated with @DirtiesContext [false] with mode [null], method annotated with @DirtiesContext [false] with mode [null].
]]></system-out>
  </testcase>
  <testcase name="testUpdateGroup" classname="ConfigurationBusiness_CoreSpringServerIT" time="0.033">
    <system-out><![CDATA[18:00:09.367 [main] DEBUG org.springframework.test.context.support.DependencyInjectionTestExecutionListener - Performing dependency injection for test context [[DefaultTestContext@18e20fa8 testClass = ConfigurationBusiness_CoreSpringServerIT, testInstance = ConfigurationBusiness_CoreSpringServerIT@35d10409, testMethod = [null], testException = [null], mergedContextConfiguration = [MergedContextConfiguration@1389e498 testClass = ConfigurationBusiness_CoreSpringServerIT, locations = '{}', classes = '{class fr.insalyon.creatis.vip.core.server.SpringCoreConfig}', contextInitializerClasses = '[]', activeProfiles = '{test-db, test}', propertySourceLocations = '{}', propertySourceProperties = '{db.tableEngine=}', contextCustomizers = set[[empty]], contextLoader = 'org.springframework.test.context.support.DelegatingSmartContextLoader', parent = [null]], attributes = map['org.springframework.test.context.event.ApplicationEventsTestExecutionListener.recordApplicationEvents' -> false]]].
18:00:09.367 [main] DEBUG org.springframework.test.context.cache.DefaultCacheAwareContextLoaderDelegate - Retrieved ApplicationContext [1050971191] from cache with key [[MergedContextConfiguration@1389e498 testClass = ConfigurationBusiness_CoreSpringServerIT, locations = '{}', classes = '{class fr.insalyon.creatis.vip.core.server.SpringCoreConfig}', contextInitializerClasses = '[]', activeProfiles = '{test-db, test}', propertySourceLocations = '{}', propertySourceProperties = '{db.tableEngine=}', contextCustomizers = set[[empty]], contextLoader = 'org.springframework.test.context.support.DelegatingSmartContextLoader', parent = [null]]]
18:00:09.367 [main] DEBUG org.springframework.test.context.cache - Spring test ApplicationContext cache statistics: [DefaultContextCache@4675f5b0 size = 1, maxSize = 32, parentContextCount = 0, hitCount = 82, missCount = 1]
18:00:09.369 [main] DEBUG org.springframework.test.context.cache.DefaultCacheAwareContextLoaderDelegate - Retrieved ApplicationContext [1050971191] from cache with key [[MergedContextConfiguration@1389e498 testClass = ConfigurationBusiness_CoreSpringServerIT, locations = '{}', classes = '{class fr.insalyon.creatis.vip.core.server.SpringCoreConfig}', contextInitializerClasses = '[]', activeProfiles = '{test-db, test}', propertySourceLocations = '{}', propertySourceProperties = '{db.tableEngine=}', contextCustomizers = set[[empty]], contextLoader = 'org.springframework.test.context.support.DelegatingSmartContextLoader', parent = [null]]]
18:00:09.369 [main] DEBUG org.springframework.test.context.cache - Spring test ApplicationContext cache statistics: [DefaultContextCache@4675f5b0 size = 1, maxSize = 32, parentContextCount = 0, hitCount = 83, missCount = 1]
18:00:09.371 [main] DEBUG org.springframework.test.context.support.AbstractDirtiesContextTestExecutionListener - Before test method: context [DefaultTestContext@18e20fa8 testClass = ConfigurationBusiness_CoreSpringServerIT, testInstance = ConfigurationBusiness_CoreSpringServerIT@35d10409, testMethod = testUpdateGroup@ConfigurationBusiness_CoreSpringServerIT, testException = [null], mergedContextConfiguration = [MergedContextConfiguration@1389e498 testClass = ConfigurationBusiness_CoreSpringServerIT, locations = '{}', classes = '{class fr.insalyon.creatis.vip.core.server.SpringCoreConfig}', contextInitializerClasses = '[]', activeProfiles = '{test-db, test}', propertySourceLocations = '{}', propertySourceProperties = '{db.tableEngine=}', contextCustomizers = set[[empty]], contextLoader = 'org.springframework.test.context.support.DelegatingSmartContextLoader', parent = [null]], attributes = map['org.springframework.test.context.event.ApplicationEventsTestExecutionListener.recordApplicationEvents' -> false]], class annotated with @DirtiesContext [false] with mode [null], method annotated with @DirtiesContext [false] with mode [null].
18:00:09.371 [main] DEBUG org.springframework.test.context.transaction.TransactionalTestExecutionListener - Explicit transaction definition [PROPAGATION_REQUIRED,ISOLATION_DEFAULT] found for test context [DefaultTestContext@18e20fa8 testClass = ConfigurationBusiness_CoreSpringServerIT, testInstance = ConfigurationBusiness_CoreSpringServerIT@35d10409, testMethod = testUpdateGroup@ConfigurationBusiness_CoreSpringServerIT, testException = [null], mergedContextConfiguration = [MergedContextConfiguration@1389e498 testClass = ConfigurationBusiness_CoreSpringServerIT, locations = '{}', classes = '{class fr.insalyon.creatis.vip.core.server.SpringCoreConfig}', contextInitializerClasses = '[]', activeProfiles = '{test-db, test}', propertySourceLocations = '{}', propertySourceProperties = '{db.tableEngine=}', contextCustomizers = set[[empty]], contextLoader = 'org.springframework.test.context.support.DelegatingSmartContextLoader', parent = [null]], attributes = map['org.springframework.test.context.event.ApplicationEventsTestExecutionListener.recordApplicationEvents' -> false]]
18:00:09.371 [main] DEBUG org.springframework.test.context.cache.DefaultCacheAwareContextLoaderDelegate - Retrieved ApplicationContext [1050971191] from cache with key [[MergedContextConfiguration@1389e498 testClass = ConfigurationBusiness_CoreSpringServerIT, locations = '{}', classes = '{class fr.insalyon.creatis.vip.core.server.SpringCoreConfig}', contextInitializerClasses = '[]', activeProfiles = '{test-db, test}', propertySourceLocations = '{}', propertySourceProperties = '{db.tableEngine=}', contextCustomizers = set[[empty]], contextLoader = 'org.springframework.test.context.support.DelegatingSmartContextLoader', parent = [null]]]
18:00:09.371 [main] DEBUG org.springframework.test.context.cache - Spring test ApplicationContext cache statistics: [DefaultContextCache@4675f5b0 size = 1, maxSize = 32, parentContextCount = 0, hitCount = 84, missCount = 1]
18:00:09.371 [main] DEBUG org.springframework.test.context.transaction.TransactionalTestExecutionListener - No method-level @Rollback override: using default rollback [true] for test context [DefaultTestContext@18e20fa8 testClass = ConfigurationBusiness_CoreSpringServerIT, testInstance = ConfigurationBusiness_CoreSpringServerIT@35d10409, testMethod = testUpdateGroup@ConfigurationBusiness_CoreSpringServerIT, testException = [null], mergedContextConfiguration = [MergedContextConfiguration@1389e498 testClass = ConfigurationBusiness_CoreSpringServerIT, locations = '{}', classes = '{class fr.insalyon.creatis.vip.core.server.SpringCoreConfig}', contextInitializerClasses = '[]', activeProfiles = '{test-db, test}', propertySourceLocations = '{}', propertySourceProperties = '{db.tableEngine=}', contextCustomizers = set[[empty]], contextLoader = 'org.springframework.test.context.support.DelegatingSmartContextLoader', parent = [null]], attributes = map['org.springframework.test.context.event.ApplicationEventsTestExecutionListener.recordApplicationEvents' -> false]].
18:00:09.371 [main] DEBUG org.springframework.jdbc.datasource.DataSourceTransactionManager - Creating new transaction with name [ConfigurationBusiness_CoreSpringServerIT.testUpdateGroup]: PROPAGATION_REQUIRED,ISOLATION_DEFAULT
18:00:09.372 [main] DEBUG org.springframework.jdbc.datasource.DataSourceTransactionManager - Acquired Connection [Lazy Connection proxy for target DataSource [org.springframework.jdbc.datasource.embedded.EmbeddedDatabaseFactory$EmbeddedDataSourceProxy@5764c072]] for JDBC transaction
18:00:09.375 [main] DEBUG org.springframework.jdbc.datasource.DataSourceTransactionManager - Switching JDBC Connection [Lazy Connection proxy for target DataSource [org.springframework.jdbc.datasource.embedded.EmbeddedDatabaseFactory$EmbeddedDataSourceProxy@5764c072]] to manual commit
18:00:09.375 [main] INFO org.springframework.test.context.transaction.TransactionContext - Began transaction (1) for test context [DefaultTestContext@18e20fa8 testClass = ConfigurationBusiness_CoreSpringServerIT, testInstance = ConfigurationBusiness_CoreSpringServerIT@35d10409, testMethod = testUpdateGroup@ConfigurationBusiness_CoreSpringServerIT, testException = [null], mergedContextConfiguration = [MergedContextConfiguration@1389e498 testClass = ConfigurationBusiness_CoreSpringServerIT, locations = '{}', classes = '{class fr.insalyon.creatis.vip.core.server.SpringCoreConfig}', contextInitializerClasses = '[]', activeProfiles = '{test-db, test}', propertySourceLocations = '{}', propertySourceProperties = '{db.tableEngine=}', contextCustomizers = set[[empty]], contextLoader = 'org.springframework.test.context.support.DelegatingSmartContextLoader', parent = [null]], attributes = map['org.springframework.test.context.event.ApplicationEventsTestExecutionListener.recordApplicationEvents' -> false]]; transaction manager [org.springframework.jdbc.datasource.DataSourceTransactionManager@178b2df1]; rollback [true]
18:00:09.376 [main] DEBUG org.springframework.test.context.cache.DefaultCacheAwareContextLoaderDelegate - Retrieved ApplicationContext [1050971191] from cache with key [[MergedContextConfiguration@1389e498 testClass = ConfigurationBusiness_CoreSpringServerIT, locations = '{}', classes = '{class fr.insalyon.creatis.vip.core.server.SpringCoreConfig}', contextInitializerClasses = '[]', activeProfiles = '{test-db, test}', propertySourceLocations = '{}', propertySourceProperties = '{db.tableEngine=}', contextCustomizers = set[[empty]], contextLoader = 'org.springframework.test.context.support.DelegatingSmartContextLoader', parent = [null]]]
18:00:09.376 [main] DEBUG org.springframework.test.context.cache - Spring test ApplicationContext cache statistics: [DefaultContextCache@4675f5b0 size = 1, maxSize = 32, parentContextCount = 0, hitCount = 85, missCount = 1]
18:00:09.382 [main] DEBUG org.springframework.jdbc.datasource.DataSourceTransactionManager - Participating in existing transaction
18:00:09.383 [main] DEBUG org.springframework.jdbc.datasource.DataSourceTransactionManager - Participating in existing transaction
18:00:09.383 [main] DEBUG org.springframework.jdbc.datasource.SimpleDriverDataSource - Creating new JDBC Driver Connection to [jdbc:h2:mem:fec2b152-de2f-4c07-a3e1-df691c7daf9d;DB_CLOSE_DELAY=-1;DB_CLOSE_ON_EXIT=false]
18:00:09.384 [main] DEBUG org.springframework.jdbc.datasource.DataSourceTransactionManager - Participating in existing transaction
18:00:09.384 [main] DEBUG org.springframework.jdbc.datasource.DataSourceTransactionManager - Participating in existing transaction
18:00:09.385 [main] DEBUG org.springframework.jdbc.datasource.DataSourceTransactionManager - Participating in existing transaction
18:00:09.385 [main] DEBUG org.springframework.jdbc.datasource.DataSourceTransactionManager - Participating in existing transaction
18:00:09.385 [main] DEBUG org.springframework.jdbc.datasource.DataSourceTransactionManager - Participating in existing transaction
User = test1@test.fr
18:00:09.385 [main] INFO fr.insalyon.creatis.vip.core.server.business.ConfigurationBusiness - verifying test1@test.fr. List of undesired mail domains: . 
18:00:09.385 [main] INFO fr.insalyon.creatis.vip.core.server.business.ConfigurationBusiness - Signing up . List of undesired countries: .
18:00:09.386 [main] DEBUG org.springframework.jdbc.datasource.DataSourceTransactionManager - Participating in existing transaction
18:00:09.386 [main] DEBUG org.springframework.jdbc.datasource.DataSourceTransactionManager - Participating in existing transaction
18:00:09.386 [main] INFO fr.insalyon.creatis.vip.core.server.business.ConfigurationBusiness - Sending confirmation email to 'test1@test.fr'.
18:00:09.386 [main] DEBUG org.springframework.jdbc.datasource.DataSourceTransactionManager - Participating in existing transaction
18:00:09.387 [main] DEBUG org.springframework.jdbc.datasource.DataSourceTransactionManager - Participating in existing transaction
18:00:09.387 [main] DEBUG org.springframework.jdbc.datasource.DataSourceTransactionManager - Participating in existing transaction
18:00:09.388 [main] DEBUG org.springframework.jdbc.datasource.DataSourceTransactionManager - Participating in existing transaction
User = test2@test.fr
18:00:09.388 [main] INFO fr.insalyon.creatis.vip.core.server.business.ConfigurationBusiness - verifying test2@test.fr. List of undesired mail domains: . 
18:00:09.388 [main] INFO fr.insalyon.creatis.vip.core.server.business.ConfigurationBusiness - Signing up . List of undesired countries: .
18:00:09.388 [main] DEBUG org.springframework.jdbc.datasource.DataSourceTransactionManager - Participating in existing transaction
18:00:09.389 [main] DEBUG org.springframework.jdbc.datasource.DataSourceTransactionManager - Participating in existing transaction
18:00:09.389 [main] INFO fr.insalyon.creatis.vip.core.server.business.ConfigurationBusiness - Sending confirmation email to 'test2@test.fr'.
18:00:09.389 [main] DEBUG org.springframework.jdbc.datasource.DataSourceTransactionManager - Participating in existing transaction
18:00:09.389 [main] DEBUG org.springframework.jdbc.datasource.DataSourceTransactionManager - Participating in existing transaction
18:00:09.389 [main] DEBUG org.springframework.jdbc.datasource.DataSourceTransactionManager - Participating in existing transaction
18:00:09.390 [main] DEBUG org.springframework.jdbc.datasource.DataSourceTransactionManager - Participating in existing transaction
User = test3@test.fr
18:00:09.390 [main] INFO fr.insalyon.creatis.vip.core.server.business.ConfigurationBusiness - verifying test3@test.fr. List of undesired mail domains: . 
18:00:09.390 [main] INFO fr.insalyon.creatis.vip.core.server.business.ConfigurationBusiness - Signing up . List of undesired countries: .
18:00:09.390 [main] DEBUG org.springframework.jdbc.datasource.DataSourceTransactionManager - Participating in existing transaction
18:00:09.391 [main] DEBUG org.springframework.jdbc.datasource.DataSourceTransactionManager - Participating in existing transaction
18:00:09.391 [main] INFO fr.insalyon.creatis.vip.core.server.business.ConfigurationBusiness - Sending confirmation email to 'test3@test.fr'.
18:00:09.391 [main] DEBUG org.springframework.jdbc.datasource.DataSourceTransactionManager - Participating in existing transaction
18:00:09.392 [main] DEBUG org.springframework.jdbc.datasource.DataSourceTransactionManager - Participating in existing transaction
18:00:09.392 [main] DEBUG org.springframework.jdbc.datasource.DataSourceTransactionManager - Participating in existing transaction
18:00:09.392 [main] DEBUG org.springframework.jdbc.datasource.DataSourceTransactionManager - Participating in existing transaction
User = test4@test.fr
18:00:09.392 [main] INFO fr.insalyon.creatis.vip.core.server.business.ConfigurationBusiness - verifying test4@test.fr. List of undesired mail domains: . 
18:00:09.392 [main] INFO fr.insalyon.creatis.vip.core.server.business.ConfigurationBusiness - Signing up . List of undesired countries: .
18:00:09.393 [main] DEBUG org.springframework.jdbc.datasource.DataSourceTransactionManager - Participating in existing transaction
18:00:09.393 [main] DEBUG org.springframework.jdbc.datasource.DataSourceTransactionManager - Participating in existing transaction
18:00:09.393 [main] INFO fr.insalyon.creatis.vip.core.server.business.ConfigurationBusiness - Sending confirmation email to 'test4@test.fr'.
18:00:09.393 [main] DEBUG org.springframework.jdbc.datasource.DataSourceTransactionManager - Participating in existing transaction
18:00:09.393 [main] DEBUG org.springframework.jdbc.datasource.DataSourceTransactionManager - Participating in existing transaction
18:00:09.394 [main] DEBUG org.springframework.jdbc.datasource.DataSourceTransactionManager - Participating in existing transaction
18:00:09.394 [main] DEBUG org.springframework.jdbc.datasource.DataSourceTransactionManager - Participating in existing transaction
18:00:09.394 [main] DEBUG org.springframework.jdbc.datasource.DataSourceTransactionManager - Participating in existing transaction
18:00:09.394 [main] DEBUG org.springframework.jdbc.datasource.DataSourceTransactionManager - Participating in existing transaction
18:00:09.394 [main] DEBUG org.springframework.jdbc.datasource.DataSourceTransactionManager - Participating in existing transaction
18:00:09.394 [main] DEBUG org.springframework.jdbc.datasource.DataSourceTransactionManager - Participating in existing transaction
18:00:09.395 [main] DEBUG org.springframework.jdbc.datasource.DataSourceTransactionManager - Participating in existing transaction
18:00:09.395 [main] DEBUG org.springframework.jdbc.datasource.DataSourceTransactionManager - Participating in existing transaction
18:00:09.395 [main] DEBUG org.springframework.jdbc.datasource.DataSourceTransactionManager - Participating in existing transaction
18:00:09.395 [main] DEBUG org.springframework.jdbc.datasource.DataSourceTransactionManager - Participating in existing transaction
User = email5@test.fr
18:00:09.395 [main] INFO fr.insalyon.creatis.vip.core.server.business.ConfigurationBusiness - verifying email5@test.fr. List of undesired mail domains: . 
18:00:09.395 [main] INFO fr.insalyon.creatis.vip.core.server.business.ConfigurationBusiness - Signing up . List of undesired countries: .
18:00:09.396 [main] DEBUG org.springframework.jdbc.datasource.DataSourceTransactionManager - Participating in existing transaction
18:00:09.396 [main] DEBUG org.springframework.jdbc.datasource.DataSourceTransactionManager - Participating in existing transaction
18:00:09.396 [main] INFO fr.insalyon.creatis.vip.core.server.business.ConfigurationBusiness - Sending confirmation email to 'email5@test.fr'.
18:00:09.397 [main] DEBUG org.springframework.jdbc.datasource.DataSourceTransactionManager - Participating in existing transaction
18:00:09.397 [main] DEBUG org.springframework.test.context.cache.DefaultCacheAwareContextLoaderDelegate - Retrieved ApplicationContext [1050971191] from cache with key [[MergedContextConfiguration@1389e498 testClass = ConfigurationBusiness_CoreSpringServerIT, locations = '{}', classes = '{class fr.insalyon.creatis.vip.core.server.SpringCoreConfig}', contextInitializerClasses = '[]', activeProfiles = '{test-db, test}', propertySourceLocations = '{}', propertySourceProperties = '{db.tableEngine=}', contextCustomizers = set[[empty]], contextLoader = 'org.springframework.test.context.support.DelegatingSmartContextLoader', parent = [null]]]
18:00:09.397 [main] DEBUG org.springframework.test.context.cache - Spring test ApplicationContext cache statistics: [DefaultContextCache@4675f5b0 size = 1, maxSize = 32, parentContextCount = 0, hitCount = 86, missCount = 1]
18:00:09.397 [main] DEBUG org.springframework.jdbc.datasource.DataSourceTransactionManager - Participating in existing transaction
18:00:09.397 [main] DEBUG org.springframework.jdbc.datasource.DataSourceTransactionManager - Participating in existing transaction
18:00:09.398 [main] DEBUG org.springframework.jdbc.datasource.DataSourceTransactionManager - Participating in existing transaction
18:00:09.399 [main] DEBUG org.springframework.jdbc.datasource.DataSourceTransactionManager - Participating in existing transaction
18:00:09.399 [main] DEBUG org.springframework.jdbc.datasource.DataSourceTransactionManager - Participating in existing transaction
18:00:09.399 [main] DEBUG org.springframework.jdbc.datasource.DataSourceTransactionManager - Participating in existing transaction
18:00:09.401 [main] DEBUG org.springframework.test.context.cache.DefaultCacheAwareContextLoaderDelegate - Retrieved ApplicationContext [1050971191] from cache with key [[MergedContextConfiguration@1389e498 testClass = ConfigurationBusiness_CoreSpringServerIT, locations = '{}', classes = '{class fr.insalyon.creatis.vip.core.server.SpringCoreConfig}', contextInitializerClasses = '[]', activeProfiles = '{test-db, test}', propertySourceLocations = '{}', propertySourceProperties = '{db.tableEngine=}', contextCustomizers = set[[empty]], contextLoader = 'org.springframework.test.context.support.DelegatingSmartContextLoader', parent = [null]]]
18:00:09.401 [main] DEBUG org.springframework.test.context.cache - Spring test ApplicationContext cache statistics: [DefaultContextCache@4675f5b0 size = 1, maxSize = 32, parentContextCount = 0, hitCount = 87, missCount = 1]
18:00:09.401 [main] DEBUG org.springframework.test.context.cache.DefaultCacheAwareContextLoaderDelegate - Retrieved ApplicationContext [1050971191] from cache with key [[MergedContextConfiguration@1389e498 testClass = ConfigurationBusiness_CoreSpringServerIT, locations = '{}', classes = '{class fr.insalyon.creatis.vip.core.server.SpringCoreConfig}', contextInitializerClasses = '[]', activeProfiles = '{test-db, test}', propertySourceLocations = '{}', propertySourceProperties = '{db.tableEngine=}', contextCustomizers = set[[empty]], contextLoader = 'org.springframework.test.context.support.DelegatingSmartContextLoader', parent = [null]]]
18:00:09.401 [main] DEBUG org.springframework.test.context.cache - Spring test ApplicationContext cache statistics: [DefaultContextCache@4675f5b0 size = 1, maxSize = 32, parentContextCount = 0, hitCount = 88, missCount = 1]
18:00:09.401 [main] DEBUG org.springframework.jdbc.datasource.DataSourceTransactionManager - Initiating transaction rollback
18:00:09.401 [main] DEBUG org.springframework.jdbc.datasource.DataSourceTransactionManager - Rolling back JDBC transaction on Connection [conn26: url=jdbc:h2:mem:fec2b152-de2f-4c07-a3e1-df691c7daf9d user=SA]
18:00:09.401 [main] DEBUG org.springframework.jdbc.datasource.DataSourceTransactionManager - Releasing JDBC Connection [conn26: url=jdbc:h2:mem:fec2b152-de2f-4c07-a3e1-df691c7daf9d user=SA] after transaction
18:00:09.401 [main] INFO org.springframework.test.context.transaction.TransactionContext - Rolled back transaction for test: [DefaultTestContext@18e20fa8 testClass = ConfigurationBusiness_CoreSpringServerIT, testInstance = ConfigurationBusiness_CoreSpringServerIT@35d10409, testMethod = testUpdateGroup@ConfigurationBusiness_CoreSpringServerIT, testException = [null], mergedContextConfiguration = [MergedContextConfiguration@1389e498 testClass = ConfigurationBusiness_CoreSpringServerIT, locations = '{}', classes = '{class fr.insalyon.creatis.vip.core.server.SpringCoreConfig}', contextInitializerClasses = '[]', activeProfiles = '{test-db, test}', propertySourceLocations = '{}', propertySourceProperties = '{db.tableEngine=}', contextCustomizers = set[[empty]], contextLoader = 'org.springframework.test.context.support.DelegatingSmartContextLoader', parent = [null]], attributes = map['org.springframework.test.context.event.ApplicationEventsTestExecutionListener.recordApplicationEvents' -> false]]
18:00:09.402 [main] DEBUG org.springframework.test.context.support.AbstractDirtiesContextTestExecutionListener - After test method: context [DefaultTestContext@18e20fa8 testClass = ConfigurationBusiness_CoreSpringServerIT, testInstance = ConfigurationBusiness_CoreSpringServerIT@35d10409, testMethod = testUpdateGroup@ConfigurationBusiness_CoreSpringServerIT, testException = [null], mergedContextConfiguration = [MergedContextConfiguration@1389e498 testClass = ConfigurationBusiness_CoreSpringServerIT, locations = '{}', classes = '{class fr.insalyon.creatis.vip.core.server.SpringCoreConfig}', contextInitializerClasses = '[]', activeProfiles = '{test-db, test}', propertySourceLocations = '{}', propertySourceProperties = '{db.tableEngine=}', contextCustomizers = set[[empty]], contextLoader = 'org.springframework.test.context.support.DelegatingSmartContextLoader', parent = [null]], attributes = map['org.springframework.test.context.event.ApplicationEventsTestExecutionListener.recordApplicationEvents' -> false]], class annotated with @DirtiesContext [false] with mode [null], method annotated with @DirtiesContext [false] with mode [null].
]]></system-out>
  </testcase>
  <testcase name="testCreateGroup" classname="ConfigurationBusiness_CoreSpringServerIT" time="0.029">
    <system-out><![CDATA[18:00:09.410 [main] DEBUG org.springframework.test.context.support.DependencyInjectionTestExecutionListener - Performing dependency injection for test context [[DefaultTestContext@18e20fa8 testClass = ConfigurationBusiness_CoreSpringServerIT, testInstance = ConfigurationBusiness_CoreSpringServerIT@1dfc03d, testMethod = [null], testException = [null], mergedContextConfiguration = [MergedContextConfiguration@1389e498 testClass = ConfigurationBusiness_CoreSpringServerIT, locations = '{}', classes = '{class fr.insalyon.creatis.vip.core.server.SpringCoreConfig}', contextInitializerClasses = '[]', activeProfiles = '{test-db, test}', propertySourceLocations = '{}', propertySourceProperties = '{db.tableEngine=}', contextCustomizers = set[[empty]], contextLoader = 'org.springframework.test.context.support.DelegatingSmartContextLoader', parent = [null]], attributes = map['org.springframework.test.context.event.ApplicationEventsTestExecutionListener.recordApplicationEvents' -> false]]].
18:00:09.410 [main] DEBUG org.springframework.test.context.cache.DefaultCacheAwareContextLoaderDelegate - Retrieved ApplicationContext [1050971191] from cache with key [[MergedContextConfiguration@1389e498 testClass = ConfigurationBusiness_CoreSpringServerIT, locations = '{}', classes = '{class fr.insalyon.creatis.vip.core.server.SpringCoreConfig}', contextInitializerClasses = '[]', activeProfiles = '{test-db, test}', propertySourceLocations = '{}', propertySourceProperties = '{db.tableEngine=}', contextCustomizers = set[[empty]], contextLoader = 'org.springframework.test.context.support.DelegatingSmartContextLoader', parent = [null]]]
18:00:09.410 [main] DEBUG org.springframework.test.context.cache - Spring test ApplicationContext cache statistics: [DefaultContextCache@4675f5b0 size = 1, maxSize = 32, parentContextCount = 0, hitCount = 89, missCount = 1]
18:00:09.410 [main] DEBUG org.springframework.test.context.cache.DefaultCacheAwareContextLoaderDelegate - Retrieved ApplicationContext [1050971191] from cache with key [[MergedContextConfiguration@1389e498 testClass = ConfigurationBusiness_CoreSpringServerIT, locations = '{}', classes = '{class fr.insalyon.creatis.vip.core.server.SpringCoreConfig}', contextInitializerClasses = '[]', activeProfiles = '{test-db, test}', propertySourceLocations = '{}', propertySourceProperties = '{db.tableEngine=}', contextCustomizers = set[[empty]], contextLoader = 'org.springframework.test.context.support.DelegatingSmartContextLoader', parent = [null]]]
18:00:09.410 [main] DEBUG org.springframework.test.context.cache - Spring test ApplicationContext cache statistics: [DefaultContextCache@4675f5b0 size = 1, maxSize = 32, parentContextCount = 0, hitCount = 90, missCount = 1]
18:00:09.415 [main] DEBUG org.springframework.test.context.support.AbstractDirtiesContextTestExecutionListener - Before test method: context [DefaultTestContext@18e20fa8 testClass = ConfigurationBusiness_CoreSpringServerIT, testInstance = ConfigurationBusiness_CoreSpringServerIT@1dfc03d, testMethod = testCreateGroup@ConfigurationBusiness_CoreSpringServerIT, testException = [null], mergedContextConfiguration = [MergedContextConfiguration@1389e498 testClass = ConfigurationBusiness_CoreSpringServerIT, locations = '{}', classes = '{class fr.insalyon.creatis.vip.core.server.SpringCoreConfig}', contextInitializerClasses = '[]', activeProfiles = '{test-db, test}', propertySourceLocations = '{}', propertySourceProperties = '{db.tableEngine=}', contextCustomizers = set[[empty]], contextLoader = 'org.springframework.test.context.support.DelegatingSmartContextLoader', parent = [null]], attributes = map['org.springframework.test.context.event.ApplicationEventsTestExecutionListener.recordApplicationEvents' -> false]], class annotated with @DirtiesContext [false] with mode [null], method annotated with @DirtiesContext [false] with mode [null].
18:00:09.415 [main] DEBUG org.springframework.test.context.transaction.TransactionalTestExecutionListener - Explicit transaction definition [PROPAGATION_REQUIRED,ISOLATION_DEFAULT] found for test context [DefaultTestContext@18e20fa8 testClass = ConfigurationBusiness_CoreSpringServerIT, testInstance = ConfigurationBusiness_CoreSpringServerIT@1dfc03d, testMethod = testCreateGroup@ConfigurationBusiness_CoreSpringServerIT, testException = [null], mergedContextConfiguration = [MergedContextConfiguration@1389e498 testClass = ConfigurationBusiness_CoreSpringServerIT, locations = '{}', classes = '{class fr.insalyon.creatis.vip.core.server.SpringCoreConfig}', contextInitializerClasses = '[]', activeProfiles = '{test-db, test}', propertySourceLocations = '{}', propertySourceProperties = '{db.tableEngine=}', contextCustomizers = set[[empty]], contextLoader = 'org.springframework.test.context.support.DelegatingSmartContextLoader', parent = [null]], attributes = map['org.springframework.test.context.event.ApplicationEventsTestExecutionListener.recordApplicationEvents' -> false]]
18:00:09.415 [main] DEBUG org.springframework.test.context.cache.DefaultCacheAwareContextLoaderDelegate - Retrieved ApplicationContext [1050971191] from cache with key [[MergedContextConfiguration@1389e498 testClass = ConfigurationBusiness_CoreSpringServerIT, locations = '{}', classes = '{class fr.insalyon.creatis.vip.core.server.SpringCoreConfig}', contextInitializerClasses = '[]', activeProfiles = '{test-db, test}', propertySourceLocations = '{}', propertySourceProperties = '{db.tableEngine=}', contextCustomizers = set[[empty]], contextLoader = 'org.springframework.test.context.support.DelegatingSmartContextLoader', parent = [null]]]
18:00:09.415 [main] DEBUG org.springframework.test.context.cache - Spring test ApplicationContext cache statistics: [DefaultContextCache@4675f5b0 size = 1, maxSize = 32, parentContextCount = 0, hitCount = 91, missCount = 1]
18:00:09.416 [main] DEBUG org.springframework.test.context.transaction.TransactionalTestExecutionListener - No method-level @Rollback override: using default rollback [true] for test context [DefaultTestContext@18e20fa8 testClass = ConfigurationBusiness_CoreSpringServerIT, testInstance = ConfigurationBusiness_CoreSpringServerIT@1dfc03d, testMethod = testCreateGroup@ConfigurationBusiness_CoreSpringServerIT, testException = [null], mergedContextConfiguration = [MergedContextConfiguration@1389e498 testClass = ConfigurationBusiness_CoreSpringServerIT, locations = '{}', classes = '{class fr.insalyon.creatis.vip.core.server.SpringCoreConfig}', contextInitializerClasses = '[]', activeProfiles = '{test-db, test}', propertySourceLocations = '{}', propertySourceProperties = '{db.tableEngine=}', contextCustomizers = set[[empty]], contextLoader = 'org.springframework.test.context.support.DelegatingSmartContextLoader', parent = [null]], attributes = map['org.springframework.test.context.event.ApplicationEventsTestExecutionListener.recordApplicationEvents' -> false]].
18:00:09.416 [main] DEBUG org.springframework.jdbc.datasource.DataSourceTransactionManager - Creating new transaction with name [ConfigurationBusiness_CoreSpringServerIT.testCreateGroup]: PROPAGATION_REQUIRED,ISOLATION_DEFAULT
18:00:09.416 [main] DEBUG org.springframework.jdbc.datasource.DataSourceTransactionManager - Acquired Connection [Lazy Connection proxy for target DataSource [org.springframework.jdbc.datasource.embedded.EmbeddedDatabaseFactory$EmbeddedDataSourceProxy@5764c072]] for JDBC transaction
18:00:09.417 [main] DEBUG org.springframework.jdbc.datasource.DataSourceTransactionManager - Switching JDBC Connection [Lazy Connection proxy for target DataSource [org.springframework.jdbc.datasource.embedded.EmbeddedDatabaseFactory$EmbeddedDataSourceProxy@5764c072]] to manual commit
18:00:09.417 [main] INFO org.springframework.test.context.transaction.TransactionContext - Began transaction (1) for test context [DefaultTestContext@18e20fa8 testClass = ConfigurationBusiness_CoreSpringServerIT, testInstance = ConfigurationBusiness_CoreSpringServerIT@1dfc03d, testMethod = testCreateGroup@ConfigurationBusiness_CoreSpringServerIT, testException = [null], mergedContextConfiguration = [MergedContextConfiguration@1389e498 testClass = ConfigurationBusiness_CoreSpringServerIT, locations = '{}', classes = '{class fr.insalyon.creatis.vip.core.server.SpringCoreConfig}', contextInitializerClasses = '[]', activeProfiles = '{test-db, test}', propertySourceLocations = '{}', propertySourceProperties = '{db.tableEngine=}', contextCustomizers = set[[empty]], contextLoader = 'org.springframework.test.context.support.DelegatingSmartContextLoader', parent = [null]], attributes = map['org.springframework.test.context.event.ApplicationEventsTestExecutionListener.recordApplicationEvents' -> false]]; transaction manager [org.springframework.jdbc.datasource.DataSourceTransactionManager@178b2df1]; rollback [true]
18:00:09.417 [main] DEBUG org.springframework.test.context.cache.DefaultCacheAwareContextLoaderDelegate - Retrieved ApplicationContext [1050971191] from cache with key [[MergedContextConfiguration@1389e498 testClass = ConfigurationBusiness_CoreSpringServerIT, locations = '{}', classes = '{class fr.insalyon.creatis.vip.core.server.SpringCoreConfig}', contextInitializerClasses = '[]', activeProfiles = '{test-db, test}', propertySourceLocations = '{}', propertySourceProperties = '{db.tableEngine=}', contextCustomizers = set[[empty]], contextLoader = 'org.springframework.test.context.support.DelegatingSmartContextLoader', parent = [null]]]
18:00:09.417 [main] DEBUG org.springframework.test.context.cache - Spring test ApplicationContext cache statistics: [DefaultContextCache@4675f5b0 size = 1, maxSize = 32, parentContextCount = 0, hitCount = 92, missCount = 1]
18:00:09.421 [main] DEBUG org.springframework.jdbc.datasource.DataSourceTransactionManager - Participating in existing transaction
18:00:09.422 [main] DEBUG org.springframework.jdbc.datasource.DataSourceTransactionManager - Participating in existing transaction
18:00:09.422 [main] DEBUG org.springframework.jdbc.datasource.SimpleDriverDataSource - Creating new JDBC Driver Connection to [jdbc:h2:mem:fec2b152-de2f-4c07-a3e1-df691c7daf9d;DB_CLOSE_DELAY=-1;DB_CLOSE_ON_EXIT=false]
18:00:09.423 [main] DEBUG org.springframework.jdbc.datasource.DataSourceTransactionManager - Participating in existing transaction
18:00:09.423 [main] DEBUG org.springframework.jdbc.datasource.DataSourceTransactionManager - Participating in existing transaction
18:00:09.424 [main] DEBUG org.springframework.jdbc.datasource.DataSourceTransactionManager - Participating in existing transaction
18:00:09.424 [main] DEBUG org.springframework.jdbc.datasource.DataSourceTransactionManager - Participating in existing transaction
18:00:09.424 [main] DEBUG org.springframework.jdbc.datasource.DataSourceTransactionManager - Participating in existing transaction
User = test1@test.fr
18:00:09.424 [main] INFO fr.insalyon.creatis.vip.core.server.business.ConfigurationBusiness - verifying test1@test.fr. List of undesired mail domains: . 
18:00:09.424 [main] INFO fr.insalyon.creatis.vip.core.server.business.ConfigurationBusiness - Signing up . List of undesired countries: .
18:00:09.425 [main] DEBUG org.springframework.jdbc.datasource.DataSourceTransactionManager - Participating in existing transaction
18:00:09.425 [main] DEBUG org.springframework.jdbc.datasource.DataSourceTransactionManager - Participating in existing transaction
18:00:09.426 [main] INFO fr.insalyon.creatis.vip.core.server.business.ConfigurationBusiness - Sending confirmation email to 'test1@test.fr'.
18:00:09.426 [main] DEBUG org.springframework.jdbc.datasource.DataSourceTransactionManager - Participating in existing transaction
18:00:09.427 [main] DEBUG org.springframework.jdbc.datasource.DataSourceTransactionManager - Participating in existing transaction
18:00:09.427 [main] DEBUG org.springframework.jdbc.datasource.DataSourceTransactionManager - Participating in existing transaction
18:00:09.427 [main] DEBUG org.springframework.jdbc.datasource.DataSourceTransactionManager - Participating in existing transaction
User = test2@test.fr
18:00:09.427 [main] INFO fr.insalyon.creatis.vip.core.server.business.ConfigurationBusiness - verifying test2@test.fr. List of undesired mail domains: . 
18:00:09.427 [main] INFO fr.insalyon.creatis.vip.core.server.business.ConfigurationBusiness - Signing up . List of undesired countries: .
18:00:09.428 [main] DEBUG org.springframework.jdbc.datasource.DataSourceTransactionManager - Participating in existing transaction
18:00:09.428 [main] DEBUG org.springframework.jdbc.datasource.DataSourceTransactionManager - Participating in existing transaction
18:00:09.428 [main] INFO fr.insalyon.creatis.vip.core.server.business.ConfigurationBusiness - Sending confirmation email to 'test2@test.fr'.
18:00:09.428 [main] DEBUG org.springframework.jdbc.datasource.DataSourceTransactionManager - Participating in existing transaction
18:00:09.429 [main] DEBUG org.springframework.jdbc.datasource.DataSourceTransactionManager - Participating in existing transaction
18:00:09.429 [main] DEBUG org.springframework.jdbc.datasource.DataSourceTransactionManager - Participating in existing transaction
18:00:09.429 [main] DEBUG org.springframework.jdbc.datasource.DataSourceTransactionManager - Participating in existing transaction
User = test3@test.fr
18:00:09.429 [main] INFO fr.insalyon.creatis.vip.core.server.business.ConfigurationBusiness - verifying test3@test.fr. List of undesired mail domains: . 
18:00:09.429 [main] INFO fr.insalyon.creatis.vip.core.server.business.ConfigurationBusiness - Signing up . List of undesired countries: .
18:00:09.430 [main] DEBUG org.springframework.jdbc.datasource.DataSourceTransactionManager - Participating in existing transaction
18:00:09.430 [main] DEBUG org.springframework.jdbc.datasource.DataSourceTransactionManager - Participating in existing transaction
18:00:09.430 [main] INFO fr.insalyon.creatis.vip.core.server.business.ConfigurationBusiness - Sending confirmation email to 'test3@test.fr'.
18:00:09.430 [main] DEBUG org.springframework.jdbc.datasource.DataSourceTransactionManager - Participating in existing transaction
18:00:09.432 [main] DEBUG org.springframework.jdbc.datasource.DataSourceTransactionManager - Participating in existing transaction
18:00:09.432 [main] DEBUG org.springframework.jdbc.datasource.DataSourceTransactionManager - Participating in existing transaction
18:00:09.432 [main] DEBUG org.springframework.jdbc.datasource.DataSourceTransactionManager - Participating in existing transaction
User = test4@test.fr
18:00:09.432 [main] INFO fr.insalyon.creatis.vip.core.server.business.ConfigurationBusiness - verifying test4@test.fr. List of undesired mail domains: . 
18:00:09.433 [main] INFO fr.insalyon.creatis.vip.core.server.business.ConfigurationBusiness - Signing up . List of undesired countries: .
18:00:09.433 [main] DEBUG org.springframework.jdbc.datasource.DataSourceTransactionManager - Participating in existing transaction
18:00:09.433 [main] DEBUG org.springframework.jdbc.datasource.DataSourceTransactionManager - Participating in existing transaction
18:00:09.433 [main] INFO fr.insalyon.creatis.vip.core.server.business.ConfigurationBusiness - Sending confirmation email to 'test4@test.fr'.
18:00:09.434 [main] DEBUG org.springframework.jdbc.datasource.DataSourceTransactionManager - Participating in existing transaction
18:00:09.434 [main] DEBUG org.springframework.jdbc.datasource.DataSourceTransactionManager - Participating in existing transaction
18:00:09.434 [main] DEBUG org.springframework.jdbc.datasource.DataSourceTransactionManager - Participating in existing transaction
18:00:09.434 [main] DEBUG org.springframework.jdbc.datasource.DataSourceTransactionManager - Participating in existing transaction
18:00:09.434 [main] DEBUG org.springframework.jdbc.datasource.DataSourceTransactionManager - Participating in existing transaction
18:00:09.435 [main] DEBUG org.springframework.jdbc.datasource.DataSourceTransactionManager - Participating in existing transaction
18:00:09.435 [main] DEBUG org.springframework.jdbc.datasource.DataSourceTransactionManager - Participating in existing transaction
18:00:09.435 [main] DEBUG org.springframework.jdbc.datasource.DataSourceTransactionManager - Participating in existing transaction
18:00:09.435 [main] DEBUG org.springframework.jdbc.datasource.DataSourceTransactionManager - Participating in existing transaction
18:00:09.435 [main] DEBUG org.springframework.jdbc.datasource.DataSourceTransactionManager - Participating in existing transaction
18:00:09.435 [main] DEBUG org.springframework.jdbc.datasource.DataSourceTransactionManager - Participating in existing transaction
18:00:09.436 [main] DEBUG org.springframework.jdbc.datasource.DataSourceTransactionManager - Participating in existing transaction
User = email5@test.fr
18:00:09.436 [main] INFO fr.insalyon.creatis.vip.core.server.business.ConfigurationBusiness - verifying email5@test.fr. List of undesired mail domains: . 
18:00:09.436 [main] INFO fr.insalyon.creatis.vip.core.server.business.ConfigurationBusiness - Signing up . List of undesired countries: .
18:00:09.436 [main] DEBUG org.springframework.jdbc.datasource.DataSourceTransactionManager - Participating in existing transaction
18:00:09.437 [main] DEBUG org.springframework.jdbc.datasource.DataSourceTransactionManager - Participating in existing transaction
18:00:09.437 [main] INFO fr.insalyon.creatis.vip.core.server.business.ConfigurationBusiness - Sending confirmation email to 'email5@test.fr'.
18:00:09.437 [main] DEBUG org.springframework.jdbc.datasource.DataSourceTransactionManager - Participating in existing transaction
18:00:09.437 [main] DEBUG org.springframework.test.context.cache.DefaultCacheAwareContextLoaderDelegate - Retrieved ApplicationContext [1050971191] from cache with key [[MergedContextConfiguration@1389e498 testClass = ConfigurationBusiness_CoreSpringServerIT, locations = '{}', classes = '{class fr.insalyon.creatis.vip.core.server.SpringCoreConfig}', contextInitializerClasses = '[]', activeProfiles = '{test-db, test}', propertySourceLocations = '{}', propertySourceProperties = '{db.tableEngine=}', contextCustomizers = set[[empty]], contextLoader = 'org.springframework.test.context.support.DelegatingSmartContextLoader', parent = [null]]]
18:00:09.437 [main] DEBUG org.springframework.test.context.cache - Spring test ApplicationContext cache statistics: [DefaultContextCache@4675f5b0 size = 1, maxSize = 32, parentContextCount = 0, hitCount = 93, missCount = 1]
18:00:09.438 [main] DEBUG org.springframework.jdbc.datasource.DataSourceTransactionManager - Participating in existing transaction
18:00:09.438 [main] DEBUG org.springframework.jdbc.datasource.DataSourceTransactionManager - Participating in existing transaction
18:00:09.438 [main] DEBUG org.springframework.jdbc.datasource.DataSourceTransactionManager - Participating in existing transaction
18:00:09.438 [main] DEBUG org.springframework.jdbc.datasource.DataSourceTransactionManager - Participating in existing transaction
18:00:09.438 [main] DEBUG org.springframework.test.context.cache.DefaultCacheAwareContextLoaderDelegate - Retrieved ApplicationContext [1050971191] from cache with key [[MergedContextConfiguration@1389e498 testClass = ConfigurationBusiness_CoreSpringServerIT, locations = '{}', classes = '{class fr.insalyon.creatis.vip.core.server.SpringCoreConfig}', contextInitializerClasses = '[]', activeProfiles = '{test-db, test}', propertySourceLocations = '{}', propertySourceProperties = '{db.tableEngine=}', contextCustomizers = set[[empty]], contextLoader = 'org.springframework.test.context.support.DelegatingSmartContextLoader', parent = [null]]]
18:00:09.438 [main] DEBUG org.springframework.test.context.cache - Spring test ApplicationContext cache statistics: [DefaultContextCache@4675f5b0 size = 1, maxSize = 32, parentContextCount = 0, hitCount = 94, missCount = 1]
18:00:09.438 [main] DEBUG org.springframework.test.context.cache.DefaultCacheAwareContextLoaderDelegate - Retrieved ApplicationContext [1050971191] from cache with key [[MergedContextConfiguration@1389e498 testClass = ConfigurationBusiness_CoreSpringServerIT, locations = '{}', classes = '{class fr.insalyon.creatis.vip.core.server.SpringCoreConfig}', contextInitializerClasses = '[]', activeProfiles = '{test-db, test}', propertySourceLocations = '{}', propertySourceProperties = '{db.tableEngine=}', contextCustomizers = set[[empty]], contextLoader = 'org.springframework.test.context.support.DelegatingSmartContextLoader', parent = [null]]]
18:00:09.438 [main] DEBUG org.springframework.test.context.cache - Spring test ApplicationContext cache statistics: [DefaultContextCache@4675f5b0 size = 1, maxSize = 32, parentContextCount = 0, hitCount = 95, missCount = 1]
18:00:09.439 [main] DEBUG org.springframework.jdbc.datasource.DataSourceTransactionManager - Initiating transaction rollback
18:00:09.439 [main] DEBUG org.springframework.jdbc.datasource.DataSourceTransactionManager - Rolling back JDBC transaction on Connection [conn27: url=jdbc:h2:mem:fec2b152-de2f-4c07-a3e1-df691c7daf9d user=SA]
18:00:09.439 [main] DEBUG org.springframework.jdbc.datasource.DataSourceTransactionManager - Releasing JDBC Connection [conn27: url=jdbc:h2:mem:fec2b152-de2f-4c07-a3e1-df691c7daf9d user=SA] after transaction
18:00:09.439 [main] INFO org.springframework.test.context.transaction.TransactionContext - Rolled back transaction for test: [DefaultTestContext@18e20fa8 testClass = ConfigurationBusiness_CoreSpringServerIT, testInstance = ConfigurationBusiness_CoreSpringServerIT@1dfc03d, testMethod = testCreateGroup@ConfigurationBusiness_CoreSpringServerIT, testException = [null], mergedContextConfiguration = [MergedContextConfiguration@1389e498 testClass = ConfigurationBusiness_CoreSpringServerIT, locations = '{}', classes = '{class fr.insalyon.creatis.vip.core.server.SpringCoreConfig}', contextInitializerClasses = '[]', activeProfiles = '{test-db, test}', propertySourceLocations = '{}', propertySourceProperties = '{db.tableEngine=}', contextCustomizers = set[[empty]], contextLoader = 'org.springframework.test.context.support.DelegatingSmartContextLoader', parent = [null]], attributes = map['org.springframework.test.context.event.ApplicationEventsTestExecutionListener.recordApplicationEvents' -> false]]
18:00:09.440 [main] DEBUG org.springframework.test.context.support.AbstractDirtiesContextTestExecutionListener - After test method: context [DefaultTestContext@18e20fa8 testClass = ConfigurationBusiness_CoreSpringServerIT, testInstance = ConfigurationBusiness_CoreSpringServerIT@1dfc03d, testMethod = testCreateGroup@ConfigurationBusiness_CoreSpringServerIT, testException = [null], mergedContextConfiguration = [MergedContextConfiguration@1389e498 testClass = ConfigurationBusiness_CoreSpringServerIT, locations = '{}', classes = '{class fr.insalyon.creatis.vip.core.server.SpringCoreConfig}', contextInitializerClasses = '[]', activeProfiles = '{test-db, test}', propertySourceLocations = '{}', propertySourceProperties = '{db.tableEngine=}', contextCustomizers = set[[empty]], contextLoader = 'org.springframework.test.context.support.DelegatingSmartContextLoader', parent = [null]], attributes = map['org.springframework.test.context.event.ApplicationEventsTestExecutionListener.recordApplicationEvents' -> false]], class annotated with @DirtiesContext [false] with mode [null], method annotated with @DirtiesContext [false] with mode [null].
]]></system-out>
  </testcase>
  <testcase name="testCatchGetNonExistentGroup" classname="ConfigurationBusiness_CoreSpringServerIT" time="0.026">
    <system-out><![CDATA[18:00:09.451 [main] DEBUG org.springframework.test.context.support.DependencyInjectionTestExecutionListener - Performing dependency injection for test context [[DefaultTestContext@18e20fa8 testClass = ConfigurationBusiness_CoreSpringServerIT, testInstance = ConfigurationBusiness_CoreSpringServerIT@70809f39, testMethod = [null], testException = [null], mergedContextConfiguration = [MergedContextConfiguration@1389e498 testClass = ConfigurationBusiness_CoreSpringServerIT, locations = '{}', classes = '{class fr.insalyon.creatis.vip.core.server.SpringCoreConfig}', contextInitializerClasses = '[]', activeProfiles = '{test-db, test}', propertySourceLocations = '{}', propertySourceProperties = '{db.tableEngine=}', contextCustomizers = set[[empty]], contextLoader = 'org.springframework.test.context.support.DelegatingSmartContextLoader', parent = [null]], attributes = map['org.springframework.test.context.event.ApplicationEventsTestExecutionListener.recordApplicationEvents' -> false]]].
18:00:09.451 [main] DEBUG org.springframework.test.context.cache.DefaultCacheAwareContextLoaderDelegate - Retrieved ApplicationContext [1050971191] from cache with key [[MergedContextConfiguration@1389e498 testClass = ConfigurationBusiness_CoreSpringServerIT, locations = '{}', classes = '{class fr.insalyon.creatis.vip.core.server.SpringCoreConfig}', contextInitializerClasses = '[]', activeProfiles = '{test-db, test}', propertySourceLocations = '{}', propertySourceProperties = '{db.tableEngine=}', contextCustomizers = set[[empty]], contextLoader = 'org.springframework.test.context.support.DelegatingSmartContextLoader', parent = [null]]]
18:00:09.451 [main] DEBUG org.springframework.test.context.cache - Spring test ApplicationContext cache statistics: [DefaultContextCache@4675f5b0 size = 1, maxSize = 32, parentContextCount = 0, hitCount = 96, missCount = 1]
18:00:09.451 [main] DEBUG org.springframework.test.context.cache.DefaultCacheAwareContextLoaderDelegate - Retrieved ApplicationContext [1050971191] from cache with key [[MergedContextConfiguration@1389e498 testClass = ConfigurationBusiness_CoreSpringServerIT, locations = '{}', classes = '{class fr.insalyon.creatis.vip.core.server.SpringCoreConfig}', contextInitializerClasses = '[]', activeProfiles = '{test-db, test}', propertySourceLocations = '{}', propertySourceProperties = '{db.tableEngine=}', contextCustomizers = set[[empty]], contextLoader = 'org.springframework.test.context.support.DelegatingSmartContextLoader', parent = [null]]]
18:00:09.452 [main] DEBUG org.springframework.test.context.cache - Spring test ApplicationContext cache statistics: [DefaultContextCache@4675f5b0 size = 1, maxSize = 32, parentContextCount = 0, hitCount = 97, missCount = 1]
18:00:09.453 [main] DEBUG org.springframework.test.context.support.AbstractDirtiesContextTestExecutionListener - Before test method: context [DefaultTestContext@18e20fa8 testClass = ConfigurationBusiness_CoreSpringServerIT, testInstance = ConfigurationBusiness_CoreSpringServerIT@70809f39, testMethod = testCatchGetNonExistentGroup@ConfigurationBusiness_CoreSpringServerIT, testException = [null], mergedContextConfiguration = [MergedContextConfiguration@1389e498 testClass = ConfigurationBusiness_CoreSpringServerIT, locations = '{}', classes = '{class fr.insalyon.creatis.vip.core.server.SpringCoreConfig}', contextInitializerClasses = '[]', activeProfiles = '{test-db, test}', propertySourceLocations = '{}', propertySourceProperties = '{db.tableEngine=}', contextCustomizers = set[[empty]], contextLoader = 'org.springframework.test.context.support.DelegatingSmartContextLoader', parent = [null]], attributes = map['org.springframework.test.context.event.ApplicationEventsTestExecutionListener.recordApplicationEvents' -> false]], class annotated with @DirtiesContext [false] with mode [null], method annotated with @DirtiesContext [false] with mode [null].
18:00:09.453 [main] DEBUG org.springframework.test.context.transaction.TransactionalTestExecutionListener - Explicit transaction definition [PROPAGATION_REQUIRED,ISOLATION_DEFAULT] found for test context [DefaultTestContext@18e20fa8 testClass = ConfigurationBusiness_CoreSpringServerIT, testInstance = ConfigurationBusiness_CoreSpringServerIT@70809f39, testMethod = testCatchGetNonExistentGroup@ConfigurationBusiness_CoreSpringServerIT, testException = [null], mergedContextConfiguration = [MergedContextConfiguration@1389e498 testClass = ConfigurationBusiness_CoreSpringServerIT, locations = '{}', classes = '{class fr.insalyon.creatis.vip.core.server.SpringCoreConfig}', contextInitializerClasses = '[]', activeProfiles = '{test-db, test}', propertySourceLocations = '{}', propertySourceProperties = '{db.tableEngine=}', contextCustomizers = set[[empty]], contextLoader = 'org.springframework.test.context.support.DelegatingSmartContextLoader', parent = [null]], attributes = map['org.springframework.test.context.event.ApplicationEventsTestExecutionListener.recordApplicationEvents' -> false]]
18:00:09.453 [main] DEBUG org.springframework.test.context.cache.DefaultCacheAwareContextLoaderDelegate - Retrieved ApplicationContext [1050971191] from cache with key [[MergedContextConfiguration@1389e498 testClass = ConfigurationBusiness_CoreSpringServerIT, locations = '{}', classes = '{class fr.insalyon.creatis.vip.core.server.SpringCoreConfig}', contextInitializerClasses = '[]', activeProfiles = '{test-db, test}', propertySourceLocations = '{}', propertySourceProperties = '{db.tableEngine=}', contextCustomizers = set[[empty]], contextLoader = 'org.springframework.test.context.support.DelegatingSmartContextLoader', parent = [null]]]
18:00:09.453 [main] DEBUG org.springframework.test.context.cache - Spring test ApplicationContext cache statistics: [DefaultContextCache@4675f5b0 size = 1, maxSize = 32, parentContextCount = 0, hitCount = 98, missCount = 1]
18:00:09.453 [main] DEBUG org.springframework.test.context.transaction.TransactionalTestExecutionListener - No method-level @Rollback override: using default rollback [true] for test context [DefaultTestContext@18e20fa8 testClass = ConfigurationBusiness_CoreSpringServerIT, testInstance = ConfigurationBusiness_CoreSpringServerIT@70809f39, testMethod = testCatchGetNonExistentGroup@ConfigurationBusiness_CoreSpringServerIT, testException = [null], mergedContextConfiguration = [MergedContextConfiguration@1389e498 testClass = ConfigurationBusiness_CoreSpringServerIT, locations = '{}', classes = '{class fr.insalyon.creatis.vip.core.server.SpringCoreConfig}', contextInitializerClasses = '[]', activeProfiles = '{test-db, test}', propertySourceLocations = '{}', propertySourceProperties = '{db.tableEngine=}', contextCustomizers = set[[empty]], contextLoader = 'org.springframework.test.context.support.DelegatingSmartContextLoader', parent = [null]], attributes = map['org.springframework.test.context.event.ApplicationEventsTestExecutionListener.recordApplicationEvents' -> false]].
18:00:09.454 [main] DEBUG org.springframework.jdbc.datasource.DataSourceTransactionManager - Creating new transaction with name [ConfigurationBusiness_CoreSpringServerIT.testCatchGetNonExistentGroup]: PROPAGATION_REQUIRED,ISOLATION_DEFAULT
18:00:09.454 [main] DEBUG org.springframework.jdbc.datasource.DataSourceTransactionManager - Acquired Connection [Lazy Connection proxy for target DataSource [org.springframework.jdbc.datasource.embedded.EmbeddedDatabaseFactory$EmbeddedDataSourceProxy@5764c072]] for JDBC transaction
18:00:09.454 [main] DEBUG org.springframework.jdbc.datasource.DataSourceTransactionManager - Switching JDBC Connection [Lazy Connection proxy for target DataSource [org.springframework.jdbc.datasource.embedded.EmbeddedDatabaseFactory$EmbeddedDataSourceProxy@5764c072]] to manual commit
18:00:09.454 [main] INFO org.springframework.test.context.transaction.TransactionContext - Began transaction (1) for test context [DefaultTestContext@18e20fa8 testClass = ConfigurationBusiness_CoreSpringServerIT, testInstance = ConfigurationBusiness_CoreSpringServerIT@70809f39, testMethod = testCatchGetNonExistentGroup@ConfigurationBusiness_CoreSpringServerIT, testException = [null], mergedContextConfiguration = [MergedContextConfiguration@1389e498 testClass = ConfigurationBusiness_CoreSpringServerIT, locations = '{}', classes = '{class fr.insalyon.creatis.vip.core.server.SpringCoreConfig}', contextInitializerClasses = '[]', activeProfiles = '{test-db, test}', propertySourceLocations = '{}', propertySourceProperties = '{db.tableEngine=}', contextCustomizers = set[[empty]], contextLoader = 'org.springframework.test.context.support.DelegatingSmartContextLoader', parent = [null]], attributes = map['org.springframework.test.context.event.ApplicationEventsTestExecutionListener.recordApplicationEvents' -> false]]; transaction manager [org.springframework.jdbc.datasource.DataSourceTransactionManager@178b2df1]; rollback [true]
18:00:09.455 [main] DEBUG org.springframework.test.context.cache.DefaultCacheAwareContextLoaderDelegate - Retrieved ApplicationContext [1050971191] from cache with key [[MergedContextConfiguration@1389e498 testClass = ConfigurationBusiness_CoreSpringServerIT, locations = '{}', classes = '{class fr.insalyon.creatis.vip.core.server.SpringCoreConfig}', contextInitializerClasses = '[]', activeProfiles = '{test-db, test}', propertySourceLocations = '{}', propertySourceProperties = '{db.tableEngine=}', contextCustomizers = set[[empty]], contextLoader = 'org.springframework.test.context.support.DelegatingSmartContextLoader', parent = [null]]]
18:00:09.455 [main] DEBUG org.springframework.test.context.cache - Spring test ApplicationContext cache statistics: [DefaultContextCache@4675f5b0 size = 1, maxSize = 32, parentContextCount = 0, hitCount = 99, missCount = 1]
18:00:09.456 [main] DEBUG org.springframework.jdbc.datasource.DataSourceTransactionManager - Participating in existing transaction
18:00:09.456 [main] DEBUG org.springframework.jdbc.datasource.DataSourceTransactionManager - Participating in existing transaction
18:00:09.457 [main] DEBUG org.springframework.jdbc.datasource.SimpleDriverDataSource - Creating new JDBC Driver Connection to [jdbc:h2:mem:fec2b152-de2f-4c07-a3e1-df691c7daf9d;DB_CLOSE_DELAY=-1;DB_CLOSE_ON_EXIT=false]
18:00:09.457 [main] DEBUG org.springframework.jdbc.datasource.DataSourceTransactionManager - Participating in existing transaction
18:00:09.457 [main] DEBUG org.springframework.jdbc.datasource.DataSourceTransactionManager - Participating in existing transaction
18:00:09.458 [main] DEBUG org.springframework.jdbc.datasource.DataSourceTransactionManager - Participating in existing transaction
18:00:09.458 [main] DEBUG org.springframework.jdbc.datasource.DataSourceTransactionManager - Participating in existing transaction
18:00:09.458 [main] DEBUG org.springframework.jdbc.datasource.DataSourceTransactionManager - Participating in existing transaction
User = test1@test.fr
18:00:09.458 [main] INFO fr.insalyon.creatis.vip.core.server.business.ConfigurationBusiness - verifying test1@test.fr. List of undesired mail domains: . 
18:00:09.458 [main] INFO fr.insalyon.creatis.vip.core.server.business.ConfigurationBusiness - Signing up . List of undesired countries: .
18:00:09.459 [main] DEBUG org.springframework.jdbc.datasource.DataSourceTransactionManager - Participating in existing transaction
18:00:09.459 [main] DEBUG org.springframework.jdbc.datasource.DataSourceTransactionManager - Participating in existing transaction
18:00:09.465 [main] INFO fr.insalyon.creatis.vip.core.server.business.ConfigurationBusiness - Sending confirmation email to 'test1@test.fr'.
18:00:09.465 [main] DEBUG org.springframework.jdbc.datasource.DataSourceTransactionManager - Participating in existing transaction
18:00:09.466 [main] DEBUG org.springframework.jdbc.datasource.DataSourceTransactionManager - Participating in existing transaction
18:00:09.466 [main] DEBUG org.springframework.jdbc.datasource.DataSourceTransactionManager - Participating in existing transaction
18:00:09.466 [main] DEBUG org.springframework.jdbc.datasource.DataSourceTransactionManager - Participating in existing transaction
User = test2@test.fr
18:00:09.466 [main] INFO fr.insalyon.creatis.vip.core.server.business.ConfigurationBusiness - verifying test2@test.fr. List of undesired mail domains: . 
18:00:09.466 [main] INFO fr.insalyon.creatis.vip.core.server.business.ConfigurationBusiness - Signing up . List of undesired countries: .
18:00:09.467 [main] DEBUG org.springframework.jdbc.datasource.DataSourceTransactionManager - Participating in existing transaction
18:00:09.467 [main] DEBUG org.springframework.jdbc.datasource.DataSourceTransactionManager - Participating in existing transaction
18:00:09.467 [main] INFO fr.insalyon.creatis.vip.core.server.business.ConfigurationBusiness - Sending confirmation email to 'test2@test.fr'.
18:00:09.467 [main] DEBUG org.springframework.jdbc.datasource.DataSourceTransactionManager - Participating in existing transaction
18:00:09.468 [main] DEBUG org.springframework.jdbc.datasource.DataSourceTransactionManager - Participating in existing transaction
18:00:09.468 [main] DEBUG org.springframework.jdbc.datasource.DataSourceTransactionManager - Participating in existing transaction
18:00:09.468 [main] DEBUG org.springframework.jdbc.datasource.DataSourceTransactionManager - Participating in existing transaction
User = test3@test.fr
18:00:09.468 [main] INFO fr.insalyon.creatis.vip.core.server.business.ConfigurationBusiness - verifying test3@test.fr. List of undesired mail domains: . 
18:00:09.468 [main] INFO fr.insalyon.creatis.vip.core.server.business.ConfigurationBusiness - Signing up . List of undesired countries: .
18:00:09.469 [main] DEBUG org.springframework.jdbc.datasource.DataSourceTransactionManager - Participating in existing transaction
18:00:09.469 [main] DEBUG org.springframework.jdbc.datasource.DataSourceTransactionManager - Participating in existing transaction
18:00:09.469 [main] INFO fr.insalyon.creatis.vip.core.server.business.ConfigurationBusiness - Sending confirmation email to 'test3@test.fr'.
18:00:09.469 [main] DEBUG org.springframework.jdbc.datasource.DataSourceTransactionManager - Participating in existing transaction
18:00:09.470 [main] DEBUG org.springframework.jdbc.datasource.DataSourceTransactionManager - Participating in existing transaction
18:00:09.470 [main] DEBUG org.springframework.jdbc.datasource.DataSourceTransactionManager - Participating in existing transaction
18:00:09.470 [main] DEBUG org.springframework.jdbc.datasource.DataSourceTransactionManager - Participating in existing transaction
User = test4@test.fr
18:00:09.470 [main] INFO fr.insalyon.creatis.vip.core.server.business.ConfigurationBusiness - verifying test4@test.fr. List of undesired mail domains: . 
18:00:09.470 [main] INFO fr.insalyon.creatis.vip.core.server.business.ConfigurationBusiness - Signing up . List of undesired countries: .
18:00:09.471 [main] DEBUG org.springframework.jdbc.datasource.DataSourceTransactionManager - Participating in existing transaction
18:00:09.471 [main] DEBUG org.springframework.jdbc.datasource.DataSourceTransactionManager - Participating in existing transaction
18:00:09.471 [main] INFO fr.insalyon.creatis.vip.core.server.business.ConfigurationBusiness - Sending confirmation email to 'test4@test.fr'.
18:00:09.472 [main] DEBUG org.springframework.jdbc.datasource.DataSourceTransactionManager - Participating in existing transaction
18:00:09.472 [main] DEBUG org.springframework.jdbc.datasource.DataSourceTransactionManager - Participating in existing transaction
18:00:09.472 [main] DEBUG org.springframework.jdbc.datasource.DataSourceTransactionManager - Participating in existing transaction
18:00:09.472 [main] DEBUG org.springframework.jdbc.datasource.DataSourceTransactionManager - Participating in existing transaction
18:00:09.472 [main] DEBUG org.springframework.jdbc.datasource.DataSourceTransactionManager - Participating in existing transaction
18:00:09.473 [main] DEBUG org.springframework.jdbc.datasource.DataSourceTransactionManager - Participating in existing transaction
18:00:09.473 [main] DEBUG org.springframework.jdbc.datasource.DataSourceTransactionManager - Participating in existing transaction
18:00:09.473 [main] DEBUG org.springframework.jdbc.datasource.DataSourceTransactionManager - Participating in existing transaction
18:00:09.473 [main] DEBUG org.springframework.jdbc.datasource.DataSourceTransactionManager - Participating in existing transaction
18:00:09.473 [main] DEBUG org.springframework.jdbc.datasource.DataSourceTransactionManager - Participating in existing transaction
18:00:09.473 [main] DEBUG org.springframework.jdbc.datasource.DataSourceTransactionManager - Participating in existing transaction
18:00:09.474 [main] DEBUG org.springframework.jdbc.datasource.DataSourceTransactionManager - Participating in existing transaction
User = email5@test.fr
18:00:09.474 [main] INFO fr.insalyon.creatis.vip.core.server.business.ConfigurationBusiness - verifying email5@test.fr. List of undesired mail domains: . 
18:00:09.474 [main] INFO fr.insalyon.creatis.vip.core.server.business.ConfigurationBusiness - Signing up . List of undesired countries: .
18:00:09.474 [main] DEBUG org.springframework.jdbc.datasource.DataSourceTransactionManager - Participating in existing transaction
18:00:09.474 [main] DEBUG org.springframework.jdbc.datasource.DataSourceTransactionManager - Participating in existing transaction
18:00:09.475 [main] INFO fr.insalyon.creatis.vip.core.server.business.ConfigurationBusiness - Sending confirmation email to 'email5@test.fr'.
18:00:09.475 [main] DEBUG org.springframework.jdbc.datasource.DataSourceTransactionManager - Participating in existing transaction
18:00:09.475 [main] DEBUG org.springframework.test.context.cache.DefaultCacheAwareContextLoaderDelegate - Retrieved ApplicationContext [1050971191] from cache with key [[MergedContextConfiguration@1389e498 testClass = ConfigurationBusiness_CoreSpringServerIT, locations = '{}', classes = '{class fr.insalyon.creatis.vip.core.server.SpringCoreConfig}', contextInitializerClasses = '[]', activeProfiles = '{test-db, test}', propertySourceLocations = '{}', propertySourceProperties = '{db.tableEngine=}', contextCustomizers = set[[empty]], contextLoader = 'org.springframework.test.context.support.DelegatingSmartContextLoader', parent = [null]]]
18:00:09.475 [main] DEBUG org.springframework.test.context.cache - Spring test ApplicationContext cache statistics: [DefaultContextCache@4675f5b0 size = 1, maxSize = 32, parentContextCount = 0, hitCount = 100, missCount = 1]
18:00:09.476 [main] DEBUG org.springframework.jdbc.datasource.DataSourceTransactionManager - Participating in existing transaction
18:00:09.476 [main] DEBUG org.springframework.jdbc.datasource.DataSourceTransactionManager - Participating in existing transaction
18:00:09.477 [main] DEBUG org.springframework.test.context.cache.DefaultCacheAwareContextLoaderDelegate - Retrieved ApplicationContext [1050971191] from cache with key [[MergedContextConfiguration@1389e498 testClass = ConfigurationBusiness_CoreSpringServerIT, locations = '{}', classes = '{class fr.insalyon.creatis.vip.core.server.SpringCoreConfig}', contextInitializerClasses = '[]', activeProfiles = '{test-db, test}', propertySourceLocations = '{}', propertySourceProperties = '{db.tableEngine=}', contextCustomizers = set[[empty]], contextLoader = 'org.springframework.test.context.support.DelegatingSmartContextLoader', parent = [null]]]
18:00:09.477 [main] DEBUG org.springframework.test.context.cache - Spring test ApplicationContext cache statistics: [DefaultContextCache@4675f5b0 size = 1, maxSize = 32, parentContextCount = 0, hitCount = 101, missCount = 1]
18:00:09.477 [main] DEBUG org.springframework.test.context.cache.DefaultCacheAwareContextLoaderDelegate - Retrieved ApplicationContext [1050971191] from cache with key [[MergedContextConfiguration@1389e498 testClass = ConfigurationBusiness_CoreSpringServerIT, locations = '{}', classes = '{class fr.insalyon.creatis.vip.core.server.SpringCoreConfig}', contextInitializerClasses = '[]', activeProfiles = '{test-db, test}', propertySourceLocations = '{}', propertySourceProperties = '{db.tableEngine=}', contextCustomizers = set[[empty]], contextLoader = 'org.springframework.test.context.support.DelegatingSmartContextLoader', parent = [null]]]
18:00:09.477 [main] DEBUG org.springframework.test.context.cache - Spring test ApplicationContext cache statistics: [DefaultContextCache@4675f5b0 size = 1, maxSize = 32, parentContextCount = 0, hitCount = 102, missCount = 1]
18:00:09.477 [main] DEBUG org.springframework.jdbc.datasource.DataSourceTransactionManager - Initiating transaction rollback
18:00:09.477 [main] DEBUG org.springframework.jdbc.datasource.DataSourceTransactionManager - Rolling back JDBC transaction on Connection [conn28: url=jdbc:h2:mem:fec2b152-de2f-4c07-a3e1-df691c7daf9d user=SA]
18:00:09.477 [main] DEBUG org.springframework.jdbc.datasource.DataSourceTransactionManager - Releasing JDBC Connection [conn28: url=jdbc:h2:mem:fec2b152-de2f-4c07-a3e1-df691c7daf9d user=SA] after transaction
18:00:09.477 [main] INFO org.springframework.test.context.transaction.TransactionContext - Rolled back transaction for test: [DefaultTestContext@18e20fa8 testClass = ConfigurationBusiness_CoreSpringServerIT, testInstance = ConfigurationBusiness_CoreSpringServerIT@70809f39, testMethod = testCatchGetNonExistentGroup@ConfigurationBusiness_CoreSpringServerIT, testException = [null], mergedContextConfiguration = [MergedContextConfiguration@1389e498 testClass = ConfigurationBusiness_CoreSpringServerIT, locations = '{}', classes = '{class fr.insalyon.creatis.vip.core.server.SpringCoreConfig}', contextInitializerClasses = '[]', activeProfiles = '{test-db, test}', propertySourceLocations = '{}', propertySourceProperties = '{db.tableEngine=}', contextCustomizers = set[[empty]], contextLoader = 'org.springframework.test.context.support.DelegatingSmartContextLoader', parent = [null]], attributes = map['org.springframework.test.context.event.ApplicationEventsTestExecutionListener.recordApplicationEvents' -> false]]
18:00:09.478 [main] DEBUG org.springframework.test.context.support.AbstractDirtiesContextTestExecutionListener - After test method: context [DefaultTestContext@18e20fa8 testClass = ConfigurationBusiness_CoreSpringServerIT, testInstance = ConfigurationBusiness_CoreSpringServerIT@70809f39, testMethod = testCatchGetNonExistentGroup@ConfigurationBusiness_CoreSpringServerIT, testException = [null], mergedContextConfiguration = [MergedContextConfiguration@1389e498 testClass = ConfigurationBusiness_CoreSpringServerIT, locations = '{}', classes = '{class fr.insalyon.creatis.vip.core.server.SpringCoreConfig}', contextInitializerClasses = '[]', activeProfiles = '{test-db, test}', propertySourceLocations = '{}', propertySourceProperties = '{db.tableEngine=}', contextCustomizers = set[[empty]], contextLoader = 'org.springframework.test.context.support.DelegatingSmartContextLoader', parent = [null]], attributes = map['org.springframework.test.context.event.ApplicationEventsTestExecutionListener.recordApplicationEvents' -> false]], class annotated with @DirtiesContext [false] with mode [null], method annotated with @DirtiesContext [false] with mode [null].
]]></system-out>
  </testcase>
  <testcase name="testGetOrCreateExistingUser" classname="ConfigurationBusiness_CoreSpringServerIT" time="0.03">
    <system-out><![CDATA[18:00:09.491 [main] DEBUG org.springframework.test.context.support.DependencyInjectionTestExecutionListener - Performing dependency injection for test context [[DefaultTestContext@18e20fa8 testClass = ConfigurationBusiness_CoreSpringServerIT, testInstance = ConfigurationBusiness_CoreSpringServerIT@688ab131, testMethod = [null], testException = [null], mergedContextConfiguration = [MergedContextConfiguration@1389e498 testClass = ConfigurationBusiness_CoreSpringServerIT, locations = '{}', classes = '{class fr.insalyon.creatis.vip.core.server.SpringCoreConfig}', contextInitializerClasses = '[]', activeProfiles = '{test-db, test}', propertySourceLocations = '{}', propertySourceProperties = '{db.tableEngine=}', contextCustomizers = set[[empty]], contextLoader = 'org.springframework.test.context.support.DelegatingSmartContextLoader', parent = [null]], attributes = map['org.springframework.test.context.event.ApplicationEventsTestExecutionListener.recordApplicationEvents' -> false]]].
18:00:09.491 [main] DEBUG org.springframework.test.context.cache.DefaultCacheAwareContextLoaderDelegate - Retrieved ApplicationContext [1050971191] from cache with key [[MergedContextConfiguration@1389e498 testClass = ConfigurationBusiness_CoreSpringServerIT, locations = '{}', classes = '{class fr.insalyon.creatis.vip.core.server.SpringCoreConfig}', contextInitializerClasses = '[]', activeProfiles = '{test-db, test}', propertySourceLocations = '{}', propertySourceProperties = '{db.tableEngine=}', contextCustomizers = set[[empty]], contextLoader = 'org.springframework.test.context.support.DelegatingSmartContextLoader', parent = [null]]]
18:00:09.491 [main] DEBUG org.springframework.test.context.cache - Spring test ApplicationContext cache statistics: [DefaultContextCache@4675f5b0 size = 1, maxSize = 32, parentContextCount = 0, hitCount = 103, missCount = 1]
18:00:09.491 [main] DEBUG org.springframework.test.context.cache.DefaultCacheAwareContextLoaderDelegate - Retrieved ApplicationContext [1050971191] from cache with key [[MergedContextConfiguration@1389e498 testClass = ConfigurationBusiness_CoreSpringServerIT, locations = '{}', classes = '{class fr.insalyon.creatis.vip.core.server.SpringCoreConfig}', contextInitializerClasses = '[]', activeProfiles = '{test-db, test}', propertySourceLocations = '{}', propertySourceProperties = '{db.tableEngine=}', contextCustomizers = set[[empty]], contextLoader = 'org.springframework.test.context.support.DelegatingSmartContextLoader', parent = [null]]]
18:00:09.491 [main] DEBUG org.springframework.test.context.cache - Spring test ApplicationContext cache statistics: [DefaultContextCache@4675f5b0 size = 1, maxSize = 32, parentContextCount = 0, hitCount = 104, missCount = 1]
18:00:09.493 [main] DEBUG org.springframework.test.context.support.AbstractDirtiesContextTestExecutionListener - Before test method: context [DefaultTestContext@18e20fa8 testClass = ConfigurationBusiness_CoreSpringServerIT, testInstance = ConfigurationBusiness_CoreSpringServerIT@688ab131, testMethod = testGetOrCreateExistingUser@ConfigurationBusiness_CoreSpringServerIT, testException = [null], mergedContextConfiguration = [MergedContextConfiguration@1389e498 testClass = ConfigurationBusiness_CoreSpringServerIT, locations = '{}', classes = '{class fr.insalyon.creatis.vip.core.server.SpringCoreConfig}', contextInitializerClasses = '[]', activeProfiles = '{test-db, test}', propertySourceLocations = '{}', propertySourceProperties = '{db.tableEngine=}', contextCustomizers = set[[empty]], contextLoader = 'org.springframework.test.context.support.DelegatingSmartContextLoader', parent = [null]], attributes = map['org.springframework.test.context.event.ApplicationEventsTestExecutionListener.recordApplicationEvents' -> false]], class annotated with @DirtiesContext [false] with mode [null], method annotated with @DirtiesContext [false] with mode [null].
18:00:09.493 [main] DEBUG org.springframework.test.context.transaction.TransactionalTestExecutionListener - Explicit transaction definition [PROPAGATION_REQUIRED,ISOLATION_DEFAULT] found for test context [DefaultTestContext@18e20fa8 testClass = ConfigurationBusiness_CoreSpringServerIT, testInstance = ConfigurationBusiness_CoreSpringServerIT@688ab131, testMethod = testGetOrCreateExistingUser@ConfigurationBusiness_CoreSpringServerIT, testException = [null], mergedContextConfiguration = [MergedContextConfiguration@1389e498 testClass = ConfigurationBusiness_CoreSpringServerIT, locations = '{}', classes = '{class fr.insalyon.creatis.vip.core.server.SpringCoreConfig}', contextInitializerClasses = '[]', activeProfiles = '{test-db, test}', propertySourceLocations = '{}', propertySourceProperties = '{db.tableEngine=}', contextCustomizers = set[[empty]], contextLoader = 'org.springframework.test.context.support.DelegatingSmartContextLoader', parent = [null]], attributes = map['org.springframework.test.context.event.ApplicationEventsTestExecutionListener.recordApplicationEvents' -> false]]
18:00:09.493 [main] DEBUG org.springframework.test.context.cache.DefaultCacheAwareContextLoaderDelegate - Retrieved ApplicationContext [1050971191] from cache with key [[MergedContextConfiguration@1389e498 testClass = ConfigurationBusiness_CoreSpringServerIT, locations = '{}', classes = '{class fr.insalyon.creatis.vip.core.server.SpringCoreConfig}', contextInitializerClasses = '[]', activeProfiles = '{test-db, test}', propertySourceLocations = '{}', propertySourceProperties = '{db.tableEngine=}', contextCustomizers = set[[empty]], contextLoader = 'org.springframework.test.context.support.DelegatingSmartContextLoader', parent = [null]]]
18:00:09.493 [main] DEBUG org.springframework.test.context.cache - Spring test ApplicationContext cache statistics: [DefaultContextCache@4675f5b0 size = 1, maxSize = 32, parentContextCount = 0, hitCount = 105, missCount = 1]
18:00:09.493 [main] DEBUG org.springframework.test.context.transaction.TransactionalTestExecutionListener - No method-level @Rollback override: using default rollback [true] for test context [DefaultTestContext@18e20fa8 testClass = ConfigurationBusiness_CoreSpringServerIT, testInstance = ConfigurationBusiness_CoreSpringServerIT@688ab131, testMethod = testGetOrCreateExistingUser@ConfigurationBusiness_CoreSpringServerIT, testException = [null], mergedContextConfiguration = [MergedContextConfiguration@1389e498 testClass = ConfigurationBusiness_CoreSpringServerIT, locations = '{}', classes = '{class fr.insalyon.creatis.vip.core.server.SpringCoreConfig}', contextInitializerClasses = '[]', activeProfiles = '{test-db, test}', propertySourceLocations = '{}', propertySourceProperties = '{db.tableEngine=}', contextCustomizers = set[[empty]], contextLoader = 'org.springframework.test.context.support.DelegatingSmartContextLoader', parent = [null]], attributes = map['org.springframework.test.context.event.ApplicationEventsTestExecutionListener.recordApplicationEvents' -> false]].
18:00:09.493 [main] DEBUG org.springframework.jdbc.datasource.DataSourceTransactionManager - Creating new transaction with name [ConfigurationBusiness_CoreSpringServerIT.testGetOrCreateExistingUser]: PROPAGATION_REQUIRED,ISOLATION_DEFAULT
18:00:09.494 [main] DEBUG org.springframework.jdbc.datasource.DataSourceTransactionManager - Acquired Connection [Lazy Connection proxy for target DataSource [org.springframework.jdbc.datasource.embedded.EmbeddedDatabaseFactory$EmbeddedDataSourceProxy@5764c072]] for JDBC transaction
18:00:09.494 [main] DEBUG org.springframework.jdbc.datasource.DataSourceTransactionManager - Switching JDBC Connection [Lazy Connection proxy for target DataSource [org.springframework.jdbc.datasource.embedded.EmbeddedDatabaseFactory$EmbeddedDataSourceProxy@5764c072]] to manual commit
18:00:09.494 [main] INFO org.springframework.test.context.transaction.TransactionContext - Began transaction (1) for test context [DefaultTestContext@18e20fa8 testClass = ConfigurationBusiness_CoreSpringServerIT, testInstance = ConfigurationBusiness_CoreSpringServerIT@688ab131, testMethod = testGetOrCreateExistingUser@ConfigurationBusiness_CoreSpringServerIT, testException = [null], mergedContextConfiguration = [MergedContextConfiguration@1389e498 testClass = ConfigurationBusiness_CoreSpringServerIT, locations = '{}', classes = '{class fr.insalyon.creatis.vip.core.server.SpringCoreConfig}', contextInitializerClasses = '[]', activeProfiles = '{test-db, test}', propertySourceLocations = '{}', propertySourceProperties = '{db.tableEngine=}', contextCustomizers = set[[empty]], contextLoader = 'org.springframework.test.context.support.DelegatingSmartContextLoader', parent = [null]], attributes = map['org.springframework.test.context.event.ApplicationEventsTestExecutionListener.recordApplicationEvents' -> false]]; transaction manager [org.springframework.jdbc.datasource.DataSourceTransactionManager@178b2df1]; rollback [true]
18:00:09.494 [main] DEBUG org.springframework.test.context.cache.DefaultCacheAwareContextLoaderDelegate - Retrieved ApplicationContext [1050971191] from cache with key [[MergedContextConfiguration@1389e498 testClass = ConfigurationBusiness_CoreSpringServerIT, locations = '{}', classes = '{class fr.insalyon.creatis.vip.core.server.SpringCoreConfig}', contextInitializerClasses = '[]', activeProfiles = '{test-db, test}', propertySourceLocations = '{}', propertySourceProperties = '{db.tableEngine=}', contextCustomizers = set[[empty]], contextLoader = 'org.springframework.test.context.support.DelegatingSmartContextLoader', parent = [null]]]
18:00:09.494 [main] DEBUG org.springframework.test.context.cache - Spring test ApplicationContext cache statistics: [DefaultContextCache@4675f5b0 size = 1, maxSize = 32, parentContextCount = 0, hitCount = 106, missCount = 1]
18:00:09.496 [main] DEBUG org.springframework.jdbc.datasource.DataSourceTransactionManager - Participating in existing transaction
18:00:09.496 [main] DEBUG org.springframework.jdbc.datasource.DataSourceTransactionManager - Participating in existing transaction
18:00:09.496 [main] DEBUG org.springframework.jdbc.datasource.SimpleDriverDataSource - Creating new JDBC Driver Connection to [jdbc:h2:mem:fec2b152-de2f-4c07-a3e1-df691c7daf9d;DB_CLOSE_DELAY=-1;DB_CLOSE_ON_EXIT=false]
18:00:09.497 [main] DEBUG org.springframework.jdbc.datasource.DataSourceTransactionManager - Participating in existing transaction
18:00:09.497 [main] DEBUG org.springframework.jdbc.datasource.DataSourceTransactionManager - Participating in existing transaction
18:00:09.497 [main] DEBUG org.springframework.jdbc.datasource.DataSourceTransactionManager - Participating in existing transaction
18:00:09.497 [main] DEBUG org.springframework.jdbc.datasource.DataSourceTransactionManager - Participating in existing transaction
18:00:09.498 [main] DEBUG org.springframework.jdbc.datasource.DataSourceTransactionManager - Participating in existing transaction
User = test1@test.fr
18:00:09.498 [main] INFO fr.insalyon.creatis.vip.core.server.business.ConfigurationBusiness - verifying test1@test.fr. List of undesired mail domains: . 
18:00:09.498 [main] INFO fr.insalyon.creatis.vip.core.server.business.ConfigurationBusiness - Signing up . List of undesired countries: .
18:00:09.498 [main] DEBUG org.springframework.jdbc.datasource.DataSourceTransactionManager - Participating in existing transaction
18:00:09.500 [main] DEBUG org.springframework.jdbc.datasource.DataSourceTransactionManager - Participating in existing transaction
18:00:09.500 [main] INFO fr.insalyon.creatis.vip.core.server.business.ConfigurationBusiness - Sending confirmation email to 'test1@test.fr'.
18:00:09.501 [main] DEBUG org.springframework.jdbc.datasource.DataSourceTransactionManager - Participating in existing transaction
18:00:09.501 [main] DEBUG org.springframework.jdbc.datasource.DataSourceTransactionManager - Participating in existing transaction
18:00:09.501 [main] DEBUG org.springframework.jdbc.datasource.DataSourceTransactionManager - Participating in existing transaction
18:00:09.502 [main] DEBUG org.springframework.jdbc.datasource.DataSourceTransactionManager - Participating in existing transaction
User = test2@test.fr
18:00:09.502 [main] INFO fr.insalyon.creatis.vip.core.server.business.ConfigurationBusiness - verifying test2@test.fr. List of undesired mail domains: . 
18:00:09.502 [main] INFO fr.insalyon.creatis.vip.core.server.business.ConfigurationBusiness - Signing up . List of undesired countries: .
18:00:09.502 [main] DEBUG org.springframework.jdbc.datasource.DataSourceTransactionManager - Participating in existing transaction
18:00:09.502 [main] DEBUG org.springframework.jdbc.datasource.DataSourceTransactionManager - Participating in existing transaction
18:00:09.503 [main] INFO fr.insalyon.creatis.vip.core.server.business.ConfigurationBusiness - Sending confirmation email to 'test2@test.fr'.
18:00:09.503 [main] DEBUG org.springframework.jdbc.datasource.DataSourceTransactionManager - Participating in existing transaction
18:00:09.503 [main] DEBUG org.springframework.jdbc.datasource.DataSourceTransactionManager - Participating in existing transaction
18:00:09.503 [main] DEBUG org.springframework.jdbc.datasource.DataSourceTransactionManager - Participating in existing transaction
18:00:09.504 [main] DEBUG org.springframework.jdbc.datasource.DataSourceTransactionManager - Participating in existing transaction
User = test3@test.fr
18:00:09.504 [main] INFO fr.insalyon.creatis.vip.core.server.business.ConfigurationBusiness - verifying test3@test.fr. List of undesired mail domains: . 
18:00:09.504 [main] INFO fr.insalyon.creatis.vip.core.server.business.ConfigurationBusiness - Signing up . List of undesired countries: .
18:00:09.504 [main] DEBUG org.springframework.jdbc.datasource.DataSourceTransactionManager - Participating in existing transaction
18:00:09.504 [main] DEBUG org.springframework.jdbc.datasource.DataSourceTransactionManager - Participating in existing transaction
18:00:09.505 [main] INFO fr.insalyon.creatis.vip.core.server.business.ConfigurationBusiness - Sending confirmation email to 'test3@test.fr'.
18:00:09.505 [main] DEBUG org.springframework.jdbc.datasource.DataSourceTransactionManager - Participating in existing transaction
18:00:09.505 [main] DEBUG org.springframework.jdbc.datasource.DataSourceTransactionManager - Participating in existing transaction
18:00:09.505 [main] DEBUG org.springframework.jdbc.datasource.DataSourceTransactionManager - Participating in existing transaction
18:00:09.506 [main] DEBUG org.springframework.jdbc.datasource.DataSourceTransactionManager - Participating in existing transaction
User = test4@test.fr
18:00:09.506 [main] INFO fr.insalyon.creatis.vip.core.server.business.ConfigurationBusiness - verifying test4@test.fr. List of undesired mail domains: . 
18:00:09.506 [main] INFO fr.insalyon.creatis.vip.core.server.business.ConfigurationBusiness - Signing up . List of undesired countries: .
18:00:09.510 [main] DEBUG org.springframework.jdbc.datasource.DataSourceTransactionManager - Participating in existing transaction
18:00:09.510 [main] DEBUG org.springframework.jdbc.datasource.DataSourceTransactionManager - Participating in existing transaction
18:00:09.510 [main] INFO fr.insalyon.creatis.vip.core.server.business.ConfigurationBusiness - Sending confirmation email to 'test4@test.fr'.
18:00:09.510 [main] DEBUG org.springframework.jdbc.datasource.DataSourceTransactionManager - Participating in existing transaction
18:00:09.511 [main] DEBUG org.springframework.jdbc.datasource.DataSourceTransactionManager - Participating in existing transaction
18:00:09.511 [main] DEBUG org.springframework.jdbc.datasource.DataSourceTransactionManager - Participating in existing transaction
18:00:09.511 [main] DEBUG org.springframework.jdbc.datasource.DataSourceTransactionManager - Participating in existing transaction
18:00:09.511 [main] DEBUG org.springframework.jdbc.datasource.DataSourceTransactionManager - Participating in existing transaction
18:00:09.512 [main] DEBUG org.springframework.jdbc.datasource.DataSourceTransactionManager - Participating in existing transaction
18:00:09.512 [main] DEBUG org.springframework.jdbc.datasource.DataSourceTransactionManager - Participating in existing transaction
18:00:09.512 [main] DEBUG org.springframework.jdbc.datasource.DataSourceTransactionManager - Participating in existing transaction
18:00:09.512 [main] DEBUG org.springframework.jdbc.datasource.DataSourceTransactionManager - Participating in existing transaction
18:00:09.512 [main] DEBUG org.springframework.jdbc.datasource.DataSourceTransactionManager - Participating in existing transaction
18:00:09.512 [main] DEBUG org.springframework.jdbc.datasource.DataSourceTransactionManager - Participating in existing transaction
18:00:09.512 [main] DEBUG org.springframework.jdbc.datasource.DataSourceTransactionManager - Participating in existing transaction
User = email5@test.fr
18:00:09.513 [main] INFO fr.insalyon.creatis.vip.core.server.business.ConfigurationBusiness - verifying email5@test.fr. List of undesired mail domains: . 
18:00:09.513 [main] INFO fr.insalyon.creatis.vip.core.server.business.ConfigurationBusiness - Signing up . List of undesired countries: .
18:00:09.513 [main] DEBUG org.springframework.jdbc.datasource.DataSourceTransactionManager - Participating in existing transaction
18:00:09.513 [main] DEBUG org.springframework.jdbc.datasource.DataSourceTransactionManager - Participating in existing transaction
18:00:09.513 [main] INFO fr.insalyon.creatis.vip.core.server.business.ConfigurationBusiness - Sending confirmation email to 'email5@test.fr'.
18:00:09.514 [main] DEBUG org.springframework.jdbc.datasource.DataSourceTransactionManager - Participating in existing transaction
18:00:09.514 [main] DEBUG org.springframework.test.context.cache.DefaultCacheAwareContextLoaderDelegate - Retrieved ApplicationContext [1050971191] from cache with key [[MergedContextConfiguration@1389e498 testClass = ConfigurationBusiness_CoreSpringServerIT, locations = '{}', classes = '{class fr.insalyon.creatis.vip.core.server.SpringCoreConfig}', contextInitializerClasses = '[]', activeProfiles = '{test-db, test}', propertySourceLocations = '{}', propertySourceProperties = '{db.tableEngine=}', contextCustomizers = set[[empty]], contextLoader = 'org.springframework.test.context.support.DelegatingSmartContextLoader', parent = [null]]]
18:00:09.514 [main] DEBUG org.springframework.test.context.cache - Spring test ApplicationContext cache statistics: [DefaultContextCache@4675f5b0 size = 1, maxSize = 32, parentContextCount = 0, hitCount = 107, missCount = 1]
18:00:09.514 [main] DEBUG org.springframework.jdbc.datasource.DataSourceTransactionManager - Participating in existing transaction
18:00:09.514 [main] DEBUG org.springframework.jdbc.datasource.DataSourceTransactionManager - Participating in existing transaction
18:00:09.519 [main] DEBUG org.springframework.jdbc.datasource.DataSourceTransactionManager - Participating in existing transaction
18:00:09.520 [main] DEBUG org.springframework.test.context.cache.DefaultCacheAwareContextLoaderDelegate - Retrieved ApplicationContext [1050971191] from cache with key [[MergedContextConfiguration@1389e498 testClass = ConfigurationBusiness_CoreSpringServerIT, locations = '{}', classes = '{class fr.insalyon.creatis.vip.core.server.SpringCoreConfig}', contextInitializerClasses = '[]', activeProfiles = '{test-db, test}', propertySourceLocations = '{}', propertySourceProperties = '{db.tableEngine=}', contextCustomizers = set[[empty]], contextLoader = 'org.springframework.test.context.support.DelegatingSmartContextLoader', parent = [null]]]
18:00:09.520 [main] DEBUG org.springframework.test.context.cache - Spring test ApplicationContext cache statistics: [DefaultContextCache@4675f5b0 size = 1, maxSize = 32, parentContextCount = 0, hitCount = 108, missCount = 1]
18:00:09.521 [main] DEBUG org.springframework.test.context.cache.DefaultCacheAwareContextLoaderDelegate - Retrieved ApplicationContext [1050971191] from cache with key [[MergedContextConfiguration@1389e498 testClass = ConfigurationBusiness_CoreSpringServerIT, locations = '{}', classes = '{class fr.insalyon.creatis.vip.core.server.SpringCoreConfig}', contextInitializerClasses = '[]', activeProfiles = '{test-db, test}', propertySourceLocations = '{}', propertySourceProperties = '{db.tableEngine=}', contextCustomizers = set[[empty]], contextLoader = 'org.springframework.test.context.support.DelegatingSmartContextLoader', parent = [null]]]
18:00:09.521 [main] DEBUG org.springframework.test.context.cache - Spring test ApplicationContext cache statistics: [DefaultContextCache@4675f5b0 size = 1, maxSize = 32, parentContextCount = 0, hitCount = 109, missCount = 1]
18:00:09.521 [main] DEBUG org.springframework.jdbc.datasource.DataSourceTransactionManager - Initiating transaction rollback
18:00:09.521 [main] DEBUG org.springframework.jdbc.datasource.DataSourceTransactionManager - Rolling back JDBC transaction on Connection [conn29: url=jdbc:h2:mem:fec2b152-de2f-4c07-a3e1-df691c7daf9d user=SA]
18:00:09.521 [main] DEBUG org.springframework.jdbc.datasource.DataSourceTransactionManager - Releasing JDBC Connection [conn29: url=jdbc:h2:mem:fec2b152-de2f-4c07-a3e1-df691c7daf9d user=SA] after transaction
18:00:09.521 [main] INFO org.springframework.test.context.transaction.TransactionContext - Rolled back transaction for test: [DefaultTestContext@18e20fa8 testClass = ConfigurationBusiness_CoreSpringServerIT, testInstance = ConfigurationBusiness_CoreSpringServerIT@688ab131, testMethod = testGetOrCreateExistingUser@ConfigurationBusiness_CoreSpringServerIT, testException = [null], mergedContextConfiguration = [MergedContextConfiguration@1389e498 testClass = ConfigurationBusiness_CoreSpringServerIT, locations = '{}', classes = '{class fr.insalyon.creatis.vip.core.server.SpringCoreConfig}', contextInitializerClasses = '[]', activeProfiles = '{test-db, test}', propertySourceLocations = '{}', propertySourceProperties = '{db.tableEngine=}', contextCustomizers = set[[empty]], contextLoader = 'org.springframework.test.context.support.DelegatingSmartContextLoader', parent = [null]], attributes = map['org.springframework.test.context.event.ApplicationEventsTestExecutionListener.recordApplicationEvents' -> false]]
18:00:09.521 [main] DEBUG org.springframework.test.context.support.AbstractDirtiesContextTestExecutionListener - After test method: context [DefaultTestContext@18e20fa8 testClass = ConfigurationBusiness_CoreSpringServerIT, testInstance = ConfigurationBusiness_CoreSpringServerIT@688ab131, testMethod = testGetOrCreateExistingUser@ConfigurationBusiness_CoreSpringServerIT, testException = [null], mergedContextConfiguration = [MergedContextConfiguration@1389e498 testClass = ConfigurationBusiness_CoreSpringServerIT, locations = '{}', classes = '{class fr.insalyon.creatis.vip.core.server.SpringCoreConfig}', contextInitializerClasses = '[]', activeProfiles = '{test-db, test}', propertySourceLocations = '{}', propertySourceProperties = '{db.tableEngine=}', contextCustomizers = set[[empty]], contextLoader = 'org.springframework.test.context.support.DelegatingSmartContextLoader', parent = [null]], attributes = map['org.springframework.test.context.event.ApplicationEventsTestExecutionListener.recordApplicationEvents' -> false]], class annotated with @DirtiesContext [false] with mode [null], method annotated with @DirtiesContext [false] with mode [null].
]]></system-out>
  </testcase>
  <testcase name="testGetUserAdminGroups" classname="ConfigurationBusiness_CoreSpringServerIT" time="0.03">
    <system-out><![CDATA[18:00:09.522 [main] DEBUG org.springframework.test.context.support.DependencyInjectionTestExecutionListener - Performing dependency injection for test context [[DefaultTestContext@18e20fa8 testClass = ConfigurationBusiness_CoreSpringServerIT, testInstance = ConfigurationBusiness_CoreSpringServerIT@7b609fa2, testMethod = [null], testException = [null], mergedContextConfiguration = [MergedContextConfiguration@1389e498 testClass = ConfigurationBusiness_CoreSpringServerIT, locations = '{}', classes = '{class fr.insalyon.creatis.vip.core.server.SpringCoreConfig}', contextInitializerClasses = '[]', activeProfiles = '{test-db, test}', propertySourceLocations = '{}', propertySourceProperties = '{db.tableEngine=}', contextCustomizers = set[[empty]], contextLoader = 'org.springframework.test.context.support.DelegatingSmartContextLoader', parent = [null]], attributes = map['org.springframework.test.context.event.ApplicationEventsTestExecutionListener.recordApplicationEvents' -> false]]].
18:00:09.522 [main] DEBUG org.springframework.test.context.cache.DefaultCacheAwareContextLoaderDelegate - Retrieved ApplicationContext [1050971191] from cache with key [[MergedContextConfiguration@1389e498 testClass = ConfigurationBusiness_CoreSpringServerIT, locations = '{}', classes = '{class fr.insalyon.creatis.vip.core.server.SpringCoreConfig}', contextInitializerClasses = '[]', activeProfiles = '{test-db, test}', propertySourceLocations = '{}', propertySourceProperties = '{db.tableEngine=}', contextCustomizers = set[[empty]], contextLoader = 'org.springframework.test.context.support.DelegatingSmartContextLoader', parent = [null]]]
18:00:09.522 [main] DEBUG org.springframework.test.context.cache - Spring test ApplicationContext cache statistics: [DefaultContextCache@4675f5b0 size = 1, maxSize = 32, parentContextCount = 0, hitCount = 110, missCount = 1]
18:00:09.522 [main] DEBUG org.springframework.test.context.cache.DefaultCacheAwareContextLoaderDelegate - Retrieved ApplicationContext [1050971191] from cache with key [[MergedContextConfiguration@1389e498 testClass = ConfigurationBusiness_CoreSpringServerIT, locations = '{}', classes = '{class fr.insalyon.creatis.vip.core.server.SpringCoreConfig}', contextInitializerClasses = '[]', activeProfiles = '{test-db, test}', propertySourceLocations = '{}', propertySourceProperties = '{db.tableEngine=}', contextCustomizers = set[[empty]], contextLoader = 'org.springframework.test.context.support.DelegatingSmartContextLoader', parent = [null]]]
18:00:09.522 [main] DEBUG org.springframework.test.context.cache - Spring test ApplicationContext cache statistics: [DefaultContextCache@4675f5b0 size = 1, maxSize = 32, parentContextCount = 0, hitCount = 111, missCount = 1]
18:00:09.523 [main] DEBUG org.springframework.test.context.support.AbstractDirtiesContextTestExecutionListener - Before test method: context [DefaultTestContext@18e20fa8 testClass = ConfigurationBusiness_CoreSpringServerIT, testInstance = ConfigurationBusiness_CoreSpringServerIT@7b609fa2, testMethod = testGetUserAdminGroups@ConfigurationBusiness_CoreSpringServerIT, testException = [null], mergedContextConfiguration = [MergedContextConfiguration@1389e498 testClass = ConfigurationBusiness_CoreSpringServerIT, locations = '{}', classes = '{class fr.insalyon.creatis.vip.core.server.SpringCoreConfig}', contextInitializerClasses = '[]', activeProfiles = '{test-db, test}', propertySourceLocations = '{}', propertySourceProperties = '{db.tableEngine=}', contextCustomizers = set[[empty]], contextLoader = 'org.springframework.test.context.support.DelegatingSmartContextLoader', parent = [null]], attributes = map['org.springframework.test.context.event.ApplicationEventsTestExecutionListener.recordApplicationEvents' -> false]], class annotated with @DirtiesContext [false] with mode [null], method annotated with @DirtiesContext [false] with mode [null].
18:00:09.523 [main] DEBUG org.springframework.test.context.transaction.TransactionalTestExecutionListener - Explicit transaction definition [PROPAGATION_REQUIRED,ISOLATION_DEFAULT] found for test context [DefaultTestContext@18e20fa8 testClass = ConfigurationBusiness_CoreSpringServerIT, testInstance = ConfigurationBusiness_CoreSpringServerIT@7b609fa2, testMethod = testGetUserAdminGroups@ConfigurationBusiness_CoreSpringServerIT, testException = [null], mergedContextConfiguration = [MergedContextConfiguration@1389e498 testClass = ConfigurationBusiness_CoreSpringServerIT, locations = '{}', classes = '{class fr.insalyon.creatis.vip.core.server.SpringCoreConfig}', contextInitializerClasses = '[]', activeProfiles = '{test-db, test}', propertySourceLocations = '{}', propertySourceProperties = '{db.tableEngine=}', contextCustomizers = set[[empty]], contextLoader = 'org.springframework.test.context.support.DelegatingSmartContextLoader', parent = [null]], attributes = map['org.springframework.test.context.event.ApplicationEventsTestExecutionListener.recordApplicationEvents' -> false]]
18:00:09.524 [main] DEBUG org.springframework.test.context.cache.DefaultCacheAwareContextLoaderDelegate - Retrieved ApplicationContext [1050971191] from cache with key [[MergedContextConfiguration@1389e498 testClass = ConfigurationBusiness_CoreSpringServerIT, locations = '{}', classes = '{class fr.insalyon.creatis.vip.core.server.SpringCoreConfig}', contextInitializerClasses = '[]', activeProfiles = '{test-db, test}', propertySourceLocations = '{}', propertySourceProperties = '{db.tableEngine=}', contextCustomizers = set[[empty]], contextLoader = 'org.springframework.test.context.support.DelegatingSmartContextLoader', parent = [null]]]
18:00:09.524 [main] DEBUG org.springframework.test.context.cache - Spring test ApplicationContext cache statistics: [DefaultContextCache@4675f5b0 size = 1, maxSize = 32, parentContextCount = 0, hitCount = 112, missCount = 1]
18:00:09.524 [main] DEBUG org.springframework.test.context.transaction.TransactionalTestExecutionListener - No method-level @Rollback override: using default rollback [true] for test context [DefaultTestContext@18e20fa8 testClass = ConfigurationBusiness_CoreSpringServerIT, testInstance = ConfigurationBusiness_CoreSpringServerIT@7b609fa2, testMethod = testGetUserAdminGroups@ConfigurationBusiness_CoreSpringServerIT, testException = [null], mergedContextConfiguration = [MergedContextConfiguration@1389e498 testClass = ConfigurationBusiness_CoreSpringServerIT, locations = '{}', classes = '{class fr.insalyon.creatis.vip.core.server.SpringCoreConfig}', contextInitializerClasses = '[]', activeProfiles = '{test-db, test}', propertySourceLocations = '{}', propertySourceProperties = '{db.tableEngine=}', contextCustomizers = set[[empty]], contextLoader = 'org.springframework.test.context.support.DelegatingSmartContextLoader', parent = [null]], attributes = map['org.springframework.test.context.event.ApplicationEventsTestExecutionListener.recordApplicationEvents' -> false]].
18:00:09.524 [main] DEBUG org.springframework.jdbc.datasource.DataSourceTransactionManager - Creating new transaction with name [ConfigurationBusiness_CoreSpringServerIT.testGetUserAdminGroups]: PROPAGATION_REQUIRED,ISOLATION_DEFAULT
18:00:09.524 [main] DEBUG org.springframework.jdbc.datasource.DataSourceTransactionManager - Acquired Connection [Lazy Connection proxy for target DataSource [org.springframework.jdbc.datasource.embedded.EmbeddedDatabaseFactory$EmbeddedDataSourceProxy@5764c072]] for JDBC transaction
18:00:09.525 [main] DEBUG org.springframework.jdbc.datasource.DataSourceTransactionManager - Switching JDBC Connection [Lazy Connection proxy for target DataSource [org.springframework.jdbc.datasource.embedded.EmbeddedDatabaseFactory$EmbeddedDataSourceProxy@5764c072]] to manual commit
18:00:09.525 [main] INFO org.springframework.test.context.transaction.TransactionContext - Began transaction (1) for test context [DefaultTestContext@18e20fa8 testClass = ConfigurationBusiness_CoreSpringServerIT, testInstance = ConfigurationBusiness_CoreSpringServerIT@7b609fa2, testMethod = testGetUserAdminGroups@ConfigurationBusiness_CoreSpringServerIT, testException = [null], mergedContextConfiguration = [MergedContextConfiguration@1389e498 testClass = ConfigurationBusiness_CoreSpringServerIT, locations = '{}', classes = '{class fr.insalyon.creatis.vip.core.server.SpringCoreConfig}', contextInitializerClasses = '[]', activeProfiles = '{test-db, test}', propertySourceLocations = '{}', propertySourceProperties = '{db.tableEngine=}', contextCustomizers = set[[empty]], contextLoader = 'org.springframework.test.context.support.DelegatingSmartContextLoader', parent = [null]], attributes = map['org.springframework.test.context.event.ApplicationEventsTestExecutionListener.recordApplicationEvents' -> false]]; transaction manager [org.springframework.jdbc.datasource.DataSourceTransactionManager@178b2df1]; rollback [true]
18:00:09.525 [main] DEBUG org.springframework.test.context.cache.DefaultCacheAwareContextLoaderDelegate - Retrieved ApplicationContext [1050971191] from cache with key [[MergedContextConfiguration@1389e498 testClass = ConfigurationBusiness_CoreSpringServerIT, locations = '{}', classes = '{class fr.insalyon.creatis.vip.core.server.SpringCoreConfig}', contextInitializerClasses = '[]', activeProfiles = '{test-db, test}', propertySourceLocations = '{}', propertySourceProperties = '{db.tableEngine=}', contextCustomizers = set[[empty]], contextLoader = 'org.springframework.test.context.support.DelegatingSmartContextLoader', parent = [null]]]
18:00:09.525 [main] DEBUG org.springframework.test.context.cache - Spring test ApplicationContext cache statistics: [DefaultContextCache@4675f5b0 size = 1, maxSize = 32, parentContextCount = 0, hitCount = 113, missCount = 1]
18:00:09.526 [main] DEBUG org.springframework.jdbc.datasource.DataSourceTransactionManager - Participating in existing transaction
18:00:09.526 [main] DEBUG org.springframework.jdbc.datasource.DataSourceTransactionManager - Participating in existing transaction
18:00:09.527 [main] DEBUG org.springframework.jdbc.datasource.SimpleDriverDataSource - Creating new JDBC Driver Connection to [jdbc:h2:mem:fec2b152-de2f-4c07-a3e1-df691c7daf9d;DB_CLOSE_DELAY=-1;DB_CLOSE_ON_EXIT=false]
18:00:09.529 [main] DEBUG org.springframework.jdbc.datasource.DataSourceTransactionManager - Participating in existing transaction
18:00:09.530 [main] DEBUG org.springframework.jdbc.datasource.DataSourceTransactionManager - Participating in existing transaction
18:00:09.530 [main] DEBUG org.springframework.jdbc.datasource.DataSourceTransactionManager - Participating in existing transaction
18:00:09.531 [main] DEBUG org.springframework.jdbc.datasource.DataSourceTransactionManager - Participating in existing transaction
18:00:09.531 [main] DEBUG org.springframework.jdbc.datasource.DataSourceTransactionManager - Participating in existing transaction
User = test1@test.fr
18:00:09.531 [main] INFO fr.insalyon.creatis.vip.core.server.business.ConfigurationBusiness - verifying test1@test.fr. List of undesired mail domains: . 
18:00:09.531 [main] INFO fr.insalyon.creatis.vip.core.server.business.ConfigurationBusiness - Signing up . List of undesired countries: .
18:00:09.532 [main] DEBUG org.springframework.jdbc.datasource.DataSourceTransactionManager - Participating in existing transaction
18:00:09.532 [main] DEBUG org.springframework.jdbc.datasource.DataSourceTransactionManager - Participating in existing transaction
18:00:09.532 [main] INFO fr.insalyon.creatis.vip.core.server.business.ConfigurationBusiness - Sending confirmation email to 'test1@test.fr'.
18:00:09.532 [main] DEBUG org.springframework.jdbc.datasource.DataSourceTransactionManager - Participating in existing transaction
18:00:09.534 [main] DEBUG org.springframework.jdbc.datasource.DataSourceTransactionManager - Participating in existing transaction
18:00:09.534 [main] DEBUG org.springframework.jdbc.datasource.DataSourceTransactionManager - Participating in existing transaction
18:00:09.534 [main] DEBUG org.springframework.jdbc.datasource.DataSourceTransactionManager - Participating in existing transaction
User = test2@test.fr
18:00:09.534 [main] INFO fr.insalyon.creatis.vip.core.server.business.ConfigurationBusiness - verifying test2@test.fr. List of undesired mail domains: . 
18:00:09.534 [main] INFO fr.insalyon.creatis.vip.core.server.business.ConfigurationBusiness - Signing up . List of undesired countries: .
18:00:09.535 [main] DEBUG org.springframework.jdbc.datasource.DataSourceTransactionManager - Participating in existing transaction
18:00:09.536 [main] DEBUG org.springframework.jdbc.datasource.DataSourceTransactionManager - Participating in existing transaction
18:00:09.537 [main] INFO fr.insalyon.creatis.vip.core.server.business.ConfigurationBusiness - Sending confirmation email to 'test2@test.fr'.
18:00:09.537 [main] DEBUG org.springframework.jdbc.datasource.DataSourceTransactionManager - Participating in existing transaction
18:00:09.538 [main] DEBUG org.springframework.jdbc.datasource.DataSourceTransactionManager - Participating in existing transaction
18:00:09.538 [main] DEBUG org.springframework.jdbc.datasource.DataSourceTransactionManager - Participating in existing transaction
18:00:09.538 [main] DEBUG org.springframework.jdbc.datasource.DataSourceTransactionManager - Participating in existing transaction
User = test3@test.fr
18:00:09.538 [main] INFO fr.insalyon.creatis.vip.core.server.business.ConfigurationBusiness - verifying test3@test.fr. List of undesired mail domains: . 
18:00:09.539 [main] INFO fr.insalyon.creatis.vip.core.server.business.ConfigurationBusiness - Signing up . List of undesired countries: .
18:00:09.539 [main] DEBUG org.springframework.jdbc.datasource.DataSourceTransactionManager - Participating in existing transaction
18:00:09.540 [main] DEBUG org.springframework.jdbc.datasource.DataSourceTransactionManager - Participating in existing transaction
18:00:09.540 [main] INFO fr.insalyon.creatis.vip.core.server.business.ConfigurationBusiness - Sending confirmation email to 'test3@test.fr'.
18:00:09.540 [main] DEBUG org.springframework.jdbc.datasource.DataSourceTransactionManager - Participating in existing transaction
18:00:09.541 [main] DEBUG org.springframework.jdbc.datasource.DataSourceTransactionManager - Participating in existing transaction
18:00:09.541 [main] DEBUG org.springframework.jdbc.datasource.DataSourceTransactionManager - Participating in existing transaction
18:00:09.541 [main] DEBUG org.springframework.jdbc.datasource.DataSourceTransactionManager - Participating in existing transaction
User = test4@test.fr
18:00:09.541 [main] INFO fr.insalyon.creatis.vip.core.server.business.ConfigurationBusiness - verifying test4@test.fr. List of undesired mail domains: . 
18:00:09.541 [main] INFO fr.insalyon.creatis.vip.core.server.business.ConfigurationBusiness - Signing up . List of undesired countries: .
18:00:09.543 [main] DEBUG org.springframework.jdbc.datasource.DataSourceTransactionManager - Participating in existing transaction
18:00:09.543 [main] DEBUG org.springframework.jdbc.datasource.DataSourceTransactionManager - Participating in existing transaction
18:00:09.543 [main] INFO fr.insalyon.creatis.vip.core.server.business.ConfigurationBusiness - Sending confirmation email to 'test4@test.fr'.
18:00:09.544 [main] DEBUG org.springframework.jdbc.datasource.DataSourceTransactionManager - Participating in existing transaction
18:00:09.544 [main] DEBUG org.springframework.jdbc.datasource.DataSourceTransactionManager - Participating in existing transaction
18:00:09.545 [main] DEBUG org.springframework.jdbc.datasource.DataSourceTransactionManager - Participating in existing transaction
18:00:09.545 [main] DEBUG org.springframework.jdbc.datasource.DataSourceTransactionManager - Participating in existing transaction
18:00:09.545 [main] DEBUG org.springframework.jdbc.datasource.DataSourceTransactionManager - Participating in existing transaction
18:00:09.545 [main] DEBUG org.springframework.jdbc.datasource.DataSourceTransactionManager - Participating in existing transaction
18:00:09.545 [main] DEBUG org.springframework.jdbc.datasource.DataSourceTransactionManager - Participating in existing transaction
18:00:09.545 [main] DEBUG org.springframework.jdbc.datasource.DataSourceTransactionManager - Participating in existing transaction
18:00:09.545 [main] DEBUG org.springframework.jdbc.datasource.DataSourceTransactionManager - Participating in existing transaction
18:00:09.546 [main] DEBUG org.springframework.jdbc.datasource.DataSourceTransactionManager - Participating in existing transaction
18:00:09.546 [main] DEBUG org.springframework.jdbc.datasource.DataSourceTransactionManager - Participating in existing transaction
18:00:09.546 [main] DEBUG org.springframework.jdbc.datasource.DataSourceTransactionManager - Participating in existing transaction
User = email5@test.fr
18:00:09.546 [main] INFO fr.insalyon.creatis.vip.core.server.business.ConfigurationBusiness - verifying email5@test.fr. List of undesired mail domains: . 
18:00:09.546 [main] INFO fr.insalyon.creatis.vip.core.server.business.ConfigurationBusiness - Signing up . List of undesired countries: .
18:00:09.547 [main] DEBUG org.springframework.jdbc.datasource.DataSourceTransactionManager - Participating in existing transaction
18:00:09.547 [main] DEBUG org.springframework.jdbc.datasource.DataSourceTransactionManager - Participating in existing transaction
18:00:09.547 [main] INFO fr.insalyon.creatis.vip.core.server.business.ConfigurationBusiness - Sending confirmation email to 'email5@test.fr'.
18:00:09.547 [main] DEBUG org.springframework.jdbc.datasource.DataSourceTransactionManager - Participating in existing transaction
18:00:09.548 [main] DEBUG org.springframework.test.context.cache.DefaultCacheAwareContextLoaderDelegate - Retrieved ApplicationContext [1050971191] from cache with key [[MergedContextConfiguration@1389e498 testClass = ConfigurationBusiness_CoreSpringServerIT, locations = '{}', classes = '{class fr.insalyon.creatis.vip.core.server.SpringCoreConfig}', contextInitializerClasses = '[]', activeProfiles = '{test-db, test}', propertySourceLocations = '{}', propertySourceProperties = '{db.tableEngine=}', contextCustomizers = set[[empty]], contextLoader = 'org.springframework.test.context.support.DelegatingSmartContextLoader', parent = [null]]]
18:00:09.548 [main] DEBUG org.springframework.test.context.cache - Spring test ApplicationContext cache statistics: [DefaultContextCache@4675f5b0 size = 1, maxSize = 32, parentContextCount = 0, hitCount = 114, missCount = 1]
18:00:09.548 [main] DEBUG org.springframework.jdbc.datasource.DataSourceTransactionManager - Participating in existing transaction
18:00:09.549 [main] DEBUG org.springframework.jdbc.datasource.DataSourceTransactionManager - Participating in existing transaction
18:00:09.552 [main] DEBUG org.springframework.test.context.cache.DefaultCacheAwareContextLoaderDelegate - Retrieved ApplicationContext [1050971191] from cache with key [[MergedContextConfiguration@1389e498 testClass = ConfigurationBusiness_CoreSpringServerIT, locations = '{}', classes = '{class fr.insalyon.creatis.vip.core.server.SpringCoreConfig}', contextInitializerClasses = '[]', activeProfiles = '{test-db, test}', propertySourceLocations = '{}', propertySourceProperties = '{db.tableEngine=}', contextCustomizers = set[[empty]], contextLoader = 'org.springframework.test.context.support.DelegatingSmartContextLoader', parent = [null]]]
18:00:09.552 [main] DEBUG org.springframework.test.context.cache - Spring test ApplicationContext cache statistics: [DefaultContextCache@4675f5b0 size = 1, maxSize = 32, parentContextCount = 0, hitCount = 115, missCount = 1]
18:00:09.552 [main] DEBUG org.springframework.test.context.cache.DefaultCacheAwareContextLoaderDelegate - Retrieved ApplicationContext [1050971191] from cache with key [[MergedContextConfiguration@1389e498 testClass = ConfigurationBusiness_CoreSpringServerIT, locations = '{}', classes = '{class fr.insalyon.creatis.vip.core.server.SpringCoreConfig}', contextInitializerClasses = '[]', activeProfiles = '{test-db, test}', propertySourceLocations = '{}', propertySourceProperties = '{db.tableEngine=}', contextCustomizers = set[[empty]], contextLoader = 'org.springframework.test.context.support.DelegatingSmartContextLoader', parent = [null]]]
18:00:09.552 [main] DEBUG org.springframework.test.context.cache - Spring test ApplicationContext cache statistics: [DefaultContextCache@4675f5b0 size = 1, maxSize = 32, parentContextCount = 0, hitCount = 116, missCount = 1]
18:00:09.552 [main] DEBUG org.springframework.jdbc.datasource.DataSourceTransactionManager - Initiating transaction rollback
18:00:09.552 [main] DEBUG org.springframework.jdbc.datasource.DataSourceTransactionManager - Rolling back JDBC transaction on Connection [conn30: url=jdbc:h2:mem:fec2b152-de2f-4c07-a3e1-df691c7daf9d user=SA]
18:00:09.553 [main] DEBUG org.springframework.jdbc.datasource.DataSourceTransactionManager - Releasing JDBC Connection [conn30: url=jdbc:h2:mem:fec2b152-de2f-4c07-a3e1-df691c7daf9d user=SA] after transaction
18:00:09.553 [main] INFO org.springframework.test.context.transaction.TransactionContext - Rolled back transaction for test: [DefaultTestContext@18e20fa8 testClass = ConfigurationBusiness_CoreSpringServerIT, testInstance = ConfigurationBusiness_CoreSpringServerIT@7b609fa2, testMethod = testGetUserAdminGroups@ConfigurationBusiness_CoreSpringServerIT, testException = [null], mergedContextConfiguration = [MergedContextConfiguration@1389e498 testClass = ConfigurationBusiness_CoreSpringServerIT, locations = '{}', classes = '{class fr.insalyon.creatis.vip.core.server.SpringCoreConfig}', contextInitializerClasses = '[]', activeProfiles = '{test-db, test}', propertySourceLocations = '{}', propertySourceProperties = '{db.tableEngine=}', contextCustomizers = set[[empty]], contextLoader = 'org.springframework.test.context.support.DelegatingSmartContextLoader', parent = [null]], attributes = map['org.springframework.test.context.event.ApplicationEventsTestExecutionListener.recordApplicationEvents' -> false]]
18:00:09.553 [main] DEBUG org.springframework.test.context.support.AbstractDirtiesContextTestExecutionListener - After test method: context [DefaultTestContext@18e20fa8 testClass = ConfigurationBusiness_CoreSpringServerIT, testInstance = ConfigurationBusiness_CoreSpringServerIT@7b609fa2, testMethod = testGetUserAdminGroups@ConfigurationBusiness_CoreSpringServerIT, testException = [null], mergedContextConfiguration = [MergedContextConfiguration@1389e498 testClass = ConfigurationBusiness_CoreSpringServerIT, locations = '{}', classes = '{class fr.insalyon.creatis.vip.core.server.SpringCoreConfig}', contextInitializerClasses = '[]', activeProfiles = '{test-db, test}', propertySourceLocations = '{}', propertySourceProperties = '{db.tableEngine=}', contextCustomizers = set[[empty]], contextLoader = 'org.springframework.test.context.support.DelegatingSmartContextLoader', parent = [null]], attributes = map['org.springframework.test.context.event.ApplicationEventsTestExecutionListener.recordApplicationEvents' -> false]], class annotated with @DirtiesContext [false] with mode [null], method annotated with @DirtiesContext [false] with mode [null].
]]></system-out>
  </testcase>
  <testcase name="testUpdateUser" classname="ConfigurationBusiness_CoreSpringServerIT" time="0.04">
    <system-out><![CDATA[18:00:09.554 [main] DEBUG org.springframework.test.context.support.DependencyInjectionTestExecutionListener - Performing dependency injection for test context [[DefaultTestContext@18e20fa8 testClass = ConfigurationBusiness_CoreSpringServerIT, testInstance = ConfigurationBusiness_CoreSpringServerIT@41244e49, testMethod = [null], testException = [null], mergedContextConfiguration = [MergedContextConfiguration@1389e498 testClass = ConfigurationBusiness_CoreSpringServerIT, locations = '{}', classes = '{class fr.insalyon.creatis.vip.core.server.SpringCoreConfig}', contextInitializerClasses = '[]', activeProfiles = '{test-db, test}', propertySourceLocations = '{}', propertySourceProperties = '{db.tableEngine=}', contextCustomizers = set[[empty]], contextLoader = 'org.springframework.test.context.support.DelegatingSmartContextLoader', parent = [null]], attributes = map['org.springframework.test.context.event.ApplicationEventsTestExecutionListener.recordApplicationEvents' -> false]]].
18:00:09.554 [main] DEBUG org.springframework.test.context.cache.DefaultCacheAwareContextLoaderDelegate - Retrieved ApplicationContext [1050971191] from cache with key [[MergedContextConfiguration@1389e498 testClass = ConfigurationBusiness_CoreSpringServerIT, locations = '{}', classes = '{class fr.insalyon.creatis.vip.core.server.SpringCoreConfig}', contextInitializerClasses = '[]', activeProfiles = '{test-db, test}', propertySourceLocations = '{}', propertySourceProperties = '{db.tableEngine=}', contextCustomizers = set[[empty]], contextLoader = 'org.springframework.test.context.support.DelegatingSmartContextLoader', parent = [null]]]
18:00:09.554 [main] DEBUG org.springframework.test.context.cache - Spring test ApplicationContext cache statistics: [DefaultContextCache@4675f5b0 size = 1, maxSize = 32, parentContextCount = 0, hitCount = 117, missCount = 1]
18:00:09.554 [main] DEBUG org.springframework.test.context.cache.DefaultCacheAwareContextLoaderDelegate - Retrieved ApplicationContext [1050971191] from cache with key [[MergedContextConfiguration@1389e498 testClass = ConfigurationBusiness_CoreSpringServerIT, locations = '{}', classes = '{class fr.insalyon.creatis.vip.core.server.SpringCoreConfig}', contextInitializerClasses = '[]', activeProfiles = '{test-db, test}', propertySourceLocations = '{}', propertySourceProperties = '{db.tableEngine=}', contextCustomizers = set[[empty]], contextLoader = 'org.springframework.test.context.support.DelegatingSmartContextLoader', parent = [null]]]
18:00:09.554 [main] DEBUG org.springframework.test.context.cache - Spring test ApplicationContext cache statistics: [DefaultContextCache@4675f5b0 size = 1, maxSize = 32, parentContextCount = 0, hitCount = 118, missCount = 1]
18:00:09.556 [main] DEBUG org.springframework.test.context.support.AbstractDirtiesContextTestExecutionListener - Before test method: context [DefaultTestContext@18e20fa8 testClass = ConfigurationBusiness_CoreSpringServerIT, testInstance = ConfigurationBusiness_CoreSpringServerIT@41244e49, testMethod = testUpdateUser@ConfigurationBusiness_CoreSpringServerIT, testException = [null], mergedContextConfiguration = [MergedContextConfiguration@1389e498 testClass = ConfigurationBusiness_CoreSpringServerIT, locations = '{}', classes = '{class fr.insalyon.creatis.vip.core.server.SpringCoreConfig}', contextInitializerClasses = '[]', activeProfiles = '{test-db, test}', propertySourceLocations = '{}', propertySourceProperties = '{db.tableEngine=}', contextCustomizers = set[[empty]], contextLoader = 'org.springframework.test.context.support.DelegatingSmartContextLoader', parent = [null]], attributes = map['org.springframework.test.context.event.ApplicationEventsTestExecutionListener.recordApplicationEvents' -> false]], class annotated with @DirtiesContext [false] with mode [null], method annotated with @DirtiesContext [false] with mode [null].
18:00:09.557 [main] DEBUG org.springframework.test.context.transaction.TransactionalTestExecutionListener - Explicit transaction definition [PROPAGATION_REQUIRED,ISOLATION_DEFAULT] found for test context [DefaultTestContext@18e20fa8 testClass = ConfigurationBusiness_CoreSpringServerIT, testInstance = ConfigurationBusiness_CoreSpringServerIT@41244e49, testMethod = testUpdateUser@ConfigurationBusiness_CoreSpringServerIT, testException = [null], mergedContextConfiguration = [MergedContextConfiguration@1389e498 testClass = ConfigurationBusiness_CoreSpringServerIT, locations = '{}', classes = '{class fr.insalyon.creatis.vip.core.server.SpringCoreConfig}', contextInitializerClasses = '[]', activeProfiles = '{test-db, test}', propertySourceLocations = '{}', propertySourceProperties = '{db.tableEngine=}', contextCustomizers = set[[empty]], contextLoader = 'org.springframework.test.context.support.DelegatingSmartContextLoader', parent = [null]], attributes = map['org.springframework.test.context.event.ApplicationEventsTestExecutionListener.recordApplicationEvents' -> false]]
18:00:09.557 [main] DEBUG org.springframework.test.context.cache.DefaultCacheAwareContextLoaderDelegate - Retrieved ApplicationContext [1050971191] from cache with key [[MergedContextConfiguration@1389e498 testClass = ConfigurationBusiness_CoreSpringServerIT, locations = '{}', classes = '{class fr.insalyon.creatis.vip.core.server.SpringCoreConfig}', contextInitializerClasses = '[]', activeProfiles = '{test-db, test}', propertySourceLocations = '{}', propertySourceProperties = '{db.tableEngine=}', contextCustomizers = set[[empty]], contextLoader = 'org.springframework.test.context.support.DelegatingSmartContextLoader', parent = [null]]]
18:00:09.557 [main] DEBUG org.springframework.test.context.cache - Spring test ApplicationContext cache statistics: [DefaultContextCache@4675f5b0 size = 1, maxSize = 32, parentContextCount = 0, hitCount = 119, missCount = 1]
18:00:09.557 [main] DEBUG org.springframework.test.context.transaction.TransactionalTestExecutionListener - No method-level @Rollback override: using default rollback [true] for test context [DefaultTestContext@18e20fa8 testClass = ConfigurationBusiness_CoreSpringServerIT, testInstance = ConfigurationBusiness_CoreSpringServerIT@41244e49, testMethod = testUpdateUser@ConfigurationBusiness_CoreSpringServerIT, testException = [null], mergedContextConfiguration = [MergedContextConfiguration@1389e498 testClass = ConfigurationBusiness_CoreSpringServerIT, locations = '{}', classes = '{class fr.insalyon.creatis.vip.core.server.SpringCoreConfig}', contextInitializerClasses = '[]', activeProfiles = '{test-db, test}', propertySourceLocations = '{}', propertySourceProperties = '{db.tableEngine=}', contextCustomizers = set[[empty]], contextLoader = 'org.springframework.test.context.support.DelegatingSmartContextLoader', parent = [null]], attributes = map['org.springframework.test.context.event.ApplicationEventsTestExecutionListener.recordApplicationEvents' -> false]].
18:00:09.557 [main] DEBUG org.springframework.jdbc.datasource.DataSourceTransactionManager - Creating new transaction with name [ConfigurationBusiness_CoreSpringServerIT.testUpdateUser]: PROPAGATION_REQUIRED,ISOLATION_DEFAULT
18:00:09.558 [main] DEBUG org.springframework.jdbc.datasource.DataSourceTransactionManager - Acquired Connection [Lazy Connection proxy for target DataSource [org.springframework.jdbc.datasource.embedded.EmbeddedDatabaseFactory$EmbeddedDataSourceProxy@5764c072]] for JDBC transaction
18:00:09.558 [main] DEBUG org.springframework.jdbc.datasource.DataSourceTransactionManager - Switching JDBC Connection [Lazy Connection proxy for target DataSource [org.springframework.jdbc.datasource.embedded.EmbeddedDatabaseFactory$EmbeddedDataSourceProxy@5764c072]] to manual commit
18:00:09.559 [main] INFO org.springframework.test.context.transaction.TransactionContext - Began transaction (1) for test context [DefaultTestContext@18e20fa8 testClass = ConfigurationBusiness_CoreSpringServerIT, testInstance = ConfigurationBusiness_CoreSpringServerIT@41244e49, testMethod = testUpdateUser@ConfigurationBusiness_CoreSpringServerIT, testException = [null], mergedContextConfiguration = [MergedContextConfiguration@1389e498 testClass = ConfigurationBusiness_CoreSpringServerIT, locations = '{}', classes = '{class fr.insalyon.creatis.vip.core.server.SpringCoreConfig}', contextInitializerClasses = '[]', activeProfiles = '{test-db, test}', propertySourceLocations = '{}', propertySourceProperties = '{db.tableEngine=}', contextCustomizers = set[[empty]], contextLoader = 'org.springframework.test.context.support.DelegatingSmartContextLoader', parent = [null]], attributes = map['org.springframework.test.context.event.ApplicationEventsTestExecutionListener.recordApplicationEvents' -> false]]; transaction manager [org.springframework.jdbc.datasource.DataSourceTransactionManager@178b2df1]; rollback [true]
18:00:09.559 [main] DEBUG org.springframework.test.context.cache.DefaultCacheAwareContextLoaderDelegate - Retrieved ApplicationContext [1050971191] from cache with key [[MergedContextConfiguration@1389e498 testClass = ConfigurationBusiness_CoreSpringServerIT, locations = '{}', classes = '{class fr.insalyon.creatis.vip.core.server.SpringCoreConfig}', contextInitializerClasses = '[]', activeProfiles = '{test-db, test}', propertySourceLocations = '{}', propertySourceProperties = '{db.tableEngine=}', contextCustomizers = set[[empty]], contextLoader = 'org.springframework.test.context.support.DelegatingSmartContextLoader', parent = [null]]]
18:00:09.559 [main] DEBUG org.springframework.test.context.cache - Spring test ApplicationContext cache statistics: [DefaultContextCache@4675f5b0 size = 1, maxSize = 32, parentContextCount = 0, hitCount = 120, missCount = 1]
18:00:09.561 [main] DEBUG org.springframework.jdbc.datasource.DataSourceTransactionManager - Participating in existing transaction
18:00:09.561 [main] DEBUG org.springframework.jdbc.datasource.DataSourceTransactionManager - Participating in existing transaction
18:00:09.563 [main] DEBUG org.springframework.jdbc.datasource.SimpleDriverDataSource - Creating new JDBC Driver Connection to [jdbc:h2:mem:fec2b152-de2f-4c07-a3e1-df691c7daf9d;DB_CLOSE_DELAY=-1;DB_CLOSE_ON_EXIT=false]
18:00:09.564 [main] DEBUG org.springframework.jdbc.datasource.DataSourceTransactionManager - Participating in existing transaction
18:00:09.567 [main] DEBUG org.springframework.jdbc.datasource.DataSourceTransactionManager - Participating in existing transaction
18:00:09.568 [main] DEBUG org.springframework.jdbc.datasource.DataSourceTransactionManager - Participating in existing transaction
18:00:09.568 [main] DEBUG org.springframework.jdbc.datasource.DataSourceTransactionManager - Participating in existing transaction
18:00:09.569 [main] DEBUG org.springframework.jdbc.datasource.DataSourceTransactionManager - Participating in existing transaction
User = test1@test.fr
18:00:09.569 [main] INFO fr.insalyon.creatis.vip.core.server.business.ConfigurationBusiness - verifying test1@test.fr. List of undesired mail domains: . 
18:00:09.569 [main] INFO fr.insalyon.creatis.vip.core.server.business.ConfigurationBusiness - Signing up . List of undesired countries: .
18:00:09.571 [main] DEBUG org.springframework.jdbc.datasource.DataSourceTransactionManager - Participating in existing transaction
18:00:09.574 [main] DEBUG org.springframework.jdbc.datasource.DataSourceTransactionManager - Participating in existing transaction
18:00:09.575 [main] INFO fr.insalyon.creatis.vip.core.server.business.ConfigurationBusiness - Sending confirmation email to 'test1@test.fr'.
18:00:09.575 [main] DEBUG org.springframework.jdbc.datasource.DataSourceTransactionManager - Participating in existing transaction
18:00:09.576 [main] DEBUG org.springframework.jdbc.datasource.DataSourceTransactionManager - Participating in existing transaction
18:00:09.576 [main] DEBUG org.springframework.jdbc.datasource.DataSourceTransactionManager - Participating in existing transaction
18:00:09.576 [main] DEBUG org.springframework.jdbc.datasource.DataSourceTransactionManager - Participating in existing transaction
User = test2@test.fr
18:00:09.576 [main] INFO fr.insalyon.creatis.vip.core.server.business.ConfigurationBusiness - verifying test2@test.fr. List of undesired mail domains: . 
18:00:09.576 [main] INFO fr.insalyon.creatis.vip.core.server.business.ConfigurationBusiness - Signing up . List of undesired countries: .
18:00:09.576 [main] DEBUG org.springframework.jdbc.datasource.DataSourceTransactionManager - Participating in existing transaction
18:00:09.577 [main] DEBUG org.springframework.jdbc.datasource.DataSourceTransactionManager - Participating in existing transaction
18:00:09.577 [main] INFO fr.insalyon.creatis.vip.core.server.business.ConfigurationBusiness - Sending confirmation email to 'test2@test.fr'.
18:00:09.577 [main] DEBUG org.springframework.jdbc.datasource.DataSourceTransactionManager - Participating in existing transaction
18:00:09.577 [main] DEBUG org.springframework.jdbc.datasource.DataSourceTransactionManager - Participating in existing transaction
18:00:09.577 [main] DEBUG org.springframework.jdbc.datasource.DataSourceTransactionManager - Participating in existing transaction
18:00:09.577 [main] DEBUG org.springframework.jdbc.datasource.DataSourceTransactionManager - Participating in existing transaction
User = test3@test.fr
18:00:09.578 [main] INFO fr.insalyon.creatis.vip.core.server.business.ConfigurationBusiness - verifying test3@test.fr. List of undesired mail domains: . 
18:00:09.578 [main] INFO fr.insalyon.creatis.vip.core.server.business.ConfigurationBusiness - Signing up . List of undesired countries: .
18:00:09.578 [main] DEBUG org.springframework.jdbc.datasource.DataSourceTransactionManager - Participating in existing transaction
18:00:09.578 [main] DEBUG org.springframework.jdbc.datasource.DataSourceTransactionManager - Participating in existing transaction
18:00:09.578 [main] INFO fr.insalyon.creatis.vip.core.server.business.ConfigurationBusiness - Sending confirmation email to 'test3@test.fr'.
18:00:09.579 [main] DEBUG org.springframework.jdbc.datasource.DataSourceTransactionManager - Participating in existing transaction
18:00:09.582 [main] DEBUG org.springframework.jdbc.datasource.DataSourceTransactionManager - Participating in existing transaction
18:00:09.582 [main] DEBUG org.springframework.jdbc.datasource.DataSourceTransactionManager - Participating in existing transaction
18:00:09.582 [main] DEBUG org.springframework.jdbc.datasource.DataSourceTransactionManager - Participating in existing transaction
User = test4@test.fr
18:00:09.582 [main] INFO fr.insalyon.creatis.vip.core.server.business.ConfigurationBusiness - verifying test4@test.fr. List of undesired mail domains: . 
18:00:09.583 [main] INFO fr.insalyon.creatis.vip.core.server.business.ConfigurationBusiness - Signing up . List of undesired countries: .
18:00:09.583 [main] DEBUG org.springframework.jdbc.datasource.DataSourceTransactionManager - Participating in existing transaction
18:00:09.583 [main] DEBUG org.springframework.jdbc.datasource.DataSourceTransactionManager - Participating in existing transaction
18:00:09.583 [main] INFO fr.insalyon.creatis.vip.core.server.business.ConfigurationBusiness - Sending confirmation email to 'test4@test.fr'.
18:00:09.584 [main] DEBUG org.springframework.jdbc.datasource.DataSourceTransactionManager - Participating in existing transaction
18:00:09.584 [main] DEBUG org.springframework.jdbc.datasource.DataSourceTransactionManager - Participating in existing transaction
18:00:09.584 [main] DEBUG org.springframework.jdbc.datasource.DataSourceTransactionManager - Participating in existing transaction
18:00:09.584 [main] DEBUG org.springframework.jdbc.datasource.DataSourceTransactionManager - Participating in existing transaction
18:00:09.584 [main] DEBUG org.springframework.jdbc.datasource.DataSourceTransactionManager - Participating in existing transaction
18:00:09.584 [main] DEBUG org.springframework.jdbc.datasource.DataSourceTransactionManager - Participating in existing transaction
18:00:09.584 [main] DEBUG org.springframework.jdbc.datasource.DataSourceTransactionManager - Participating in existing transaction
18:00:09.585 [main] DEBUG org.springframework.jdbc.datasource.DataSourceTransactionManager - Participating in existing transaction
18:00:09.585 [main] DEBUG org.springframework.jdbc.datasource.DataSourceTransactionManager - Participating in existing transaction
18:00:09.591 [main] DEBUG org.springframework.jdbc.datasource.DataSourceTransactionManager - Participating in existing transaction
18:00:09.591 [main] DEBUG org.springframework.jdbc.datasource.DataSourceTransactionManager - Participating in existing transaction
18:00:09.591 [main] DEBUG org.springframework.jdbc.datasource.DataSourceTransactionManager - Participating in existing transaction
User = email5@test.fr
18:00:09.591 [main] INFO fr.insalyon.creatis.vip.core.server.business.ConfigurationBusiness - verifying email5@test.fr. List of undesired mail domains: . 
18:00:09.591 [main] INFO fr.insalyon.creatis.vip.core.server.business.ConfigurationBusiness - Signing up . List of undesired countries: .
18:00:09.592 [main] DEBUG org.springframework.jdbc.datasource.DataSourceTransactionManager - Participating in existing transaction
18:00:09.592 [main] DEBUG org.springframework.jdbc.datasource.DataSourceTransactionManager - Participating in existing transaction
18:00:09.592 [main] INFO fr.insalyon.creatis.vip.core.server.business.ConfigurationBusiness - Sending confirmation email to 'email5@test.fr'.
18:00:09.592 [main] DEBUG org.springframework.jdbc.datasource.DataSourceTransactionManager - Participating in existing transaction
18:00:09.593 [main] DEBUG org.springframework.test.context.cache.DefaultCacheAwareContextLoaderDelegate - Retrieved ApplicationContext [1050971191] from cache with key [[MergedContextConfiguration@1389e498 testClass = ConfigurationBusiness_CoreSpringServerIT, locations = '{}', classes = '{class fr.insalyon.creatis.vip.core.server.SpringCoreConfig}', contextInitializerClasses = '[]', activeProfiles = '{test-db, test}', propertySourceLocations = '{}', propertySourceProperties = '{db.tableEngine=}', contextCustomizers = set[[empty]], contextLoader = 'org.springframework.test.context.support.DelegatingSmartContextLoader', parent = [null]]]
18:00:09.593 [main] DEBUG org.springframework.test.context.cache - Spring test ApplicationContext cache statistics: [DefaultContextCache@4675f5b0 size = 1, maxSize = 32, parentContextCount = 0, hitCount = 121, missCount = 1]
18:00:09.593 [main] DEBUG org.springframework.jdbc.datasource.DataSourceTransactionManager - Participating in existing transaction
18:00:09.593 [main] DEBUG org.springframework.jdbc.datasource.DataSourceTransactionManager - Participating in existing transaction
18:00:09.593 [main] DEBUG org.springframework.jdbc.datasource.DataSourceTransactionManager - Participating in existing transaction
18:00:09.594 [main] DEBUG org.springframework.jdbc.datasource.DataSourceTransactionManager - Participating in existing transaction
18:00:09.594 [main] DEBUG org.springframework.jdbc.datasource.DataSourceTransactionManager - Participating in existing transaction
18:00:09.594 [main] DEBUG org.springframework.jdbc.datasource.DataSourceTransactionManager - Participating in existing transaction
18:00:09.594 [main] DEBUG org.springframework.test.context.cache.DefaultCacheAwareContextLoaderDelegate - Retrieved ApplicationContext [1050971191] from cache with key [[MergedContextConfiguration@1389e498 testClass = ConfigurationBusiness_CoreSpringServerIT, locations = '{}', classes = '{class fr.insalyon.creatis.vip.core.server.SpringCoreConfig}', contextInitializerClasses = '[]', activeProfiles = '{test-db, test}', propertySourceLocations = '{}', propertySourceProperties = '{db.tableEngine=}', contextCustomizers = set[[empty]], contextLoader = 'org.springframework.test.context.support.DelegatingSmartContextLoader', parent = [null]]]
18:00:09.594 [main] DEBUG org.springframework.test.context.cache - Spring test ApplicationContext cache statistics: [DefaultContextCache@4675f5b0 size = 1, maxSize = 32, parentContextCount = 0, hitCount = 122, missCount = 1]
18:00:09.594 [main] DEBUG org.springframework.test.context.cache.DefaultCacheAwareContextLoaderDelegate - Retrieved ApplicationContext [1050971191] from cache with key [[MergedContextConfiguration@1389e498 testClass = ConfigurationBusiness_CoreSpringServerIT, locations = '{}', classes = '{class fr.insalyon.creatis.vip.core.server.SpringCoreConfig}', contextInitializerClasses = '[]', activeProfiles = '{test-db, test}', propertySourceLocations = '{}', propertySourceProperties = '{db.tableEngine=}', contextCustomizers = set[[empty]], contextLoader = 'org.springframework.test.context.support.DelegatingSmartContextLoader', parent = [null]]]
18:00:09.594 [main] DEBUG org.springframework.test.context.cache - Spring test ApplicationContext cache statistics: [DefaultContextCache@4675f5b0 size = 1, maxSize = 32, parentContextCount = 0, hitCount = 123, missCount = 1]
18:00:09.595 [main] DEBUG org.springframework.jdbc.datasource.DataSourceTransactionManager - Initiating transaction rollback
18:00:09.595 [main] DEBUG org.springframework.jdbc.datasource.DataSourceTransactionManager - Rolling back JDBC transaction on Connection [conn31: url=jdbc:h2:mem:fec2b152-de2f-4c07-a3e1-df691c7daf9d user=SA]
18:00:09.595 [main] DEBUG org.springframework.jdbc.datasource.DataSourceTransactionManager - Releasing JDBC Connection [conn31: url=jdbc:h2:mem:fec2b152-de2f-4c07-a3e1-df691c7daf9d user=SA] after transaction
18:00:09.595 [main] INFO org.springframework.test.context.transaction.TransactionContext - Rolled back transaction for test: [DefaultTestContext@18e20fa8 testClass = ConfigurationBusiness_CoreSpringServerIT, testInstance = ConfigurationBusiness_CoreSpringServerIT@41244e49, testMethod = testUpdateUser@ConfigurationBusiness_CoreSpringServerIT, testException = [null], mergedContextConfiguration = [MergedContextConfiguration@1389e498 testClass = ConfigurationBusiness_CoreSpringServerIT, locations = '{}', classes = '{class fr.insalyon.creatis.vip.core.server.SpringCoreConfig}', contextInitializerClasses = '[]', activeProfiles = '{test-db, test}', propertySourceLocations = '{}', propertySourceProperties = '{db.tableEngine=}', contextCustomizers = set[[empty]], contextLoader = 'org.springframework.test.context.support.DelegatingSmartContextLoader', parent = [null]], attributes = map['org.springframework.test.context.event.ApplicationEventsTestExecutionListener.recordApplicationEvents' -> false]]
18:00:09.595 [main] DEBUG org.springframework.test.context.support.AbstractDirtiesContextTestExecutionListener - After test method: context [DefaultTestContext@18e20fa8 testClass = ConfigurationBusiness_CoreSpringServerIT, testInstance = ConfigurationBusiness_CoreSpringServerIT@41244e49, testMethod = testUpdateUser@ConfigurationBusiness_CoreSpringServerIT, testException = [null], mergedContextConfiguration = [MergedContextConfiguration@1389e498 testClass = ConfigurationBusiness_CoreSpringServerIT, locations = '{}', classes = '{class fr.insalyon.creatis.vip.core.server.SpringCoreConfig}', contextInitializerClasses = '[]', activeProfiles = '{test-db, test}', propertySourceLocations = '{}', propertySourceProperties = '{db.tableEngine=}', contextCustomizers = set[[empty]], contextLoader = 'org.springframework.test.context.support.DelegatingSmartContextLoader', parent = [null]], attributes = map['org.springframework.test.context.event.ApplicationEventsTestExecutionListener.recordApplicationEvents' -> false]], class annotated with @DirtiesContext [false] with mode [null], method annotated with @DirtiesContext [false] with mode [null].
]]></system-out>
  </testcase>
  <testcase name="testRemoveGroup" classname="ConfigurationBusiness_CoreSpringServerIT" time="0.049">
    <system-out><![CDATA[18:00:09.596 [main] DEBUG org.springframework.test.context.support.DependencyInjectionTestExecutionListener - Performing dependency injection for test context [[DefaultTestContext@18e20fa8 testClass = ConfigurationBusiness_CoreSpringServerIT, testInstance = ConfigurationBusiness_CoreSpringServerIT@7cd1d235, testMethod = [null], testException = [null], mergedContextConfiguration = [MergedContextConfiguration@1389e498 testClass = ConfigurationBusiness_CoreSpringServerIT, locations = '{}', classes = '{class fr.insalyon.creatis.vip.core.server.SpringCoreConfig}', contextInitializerClasses = '[]', activeProfiles = '{test-db, test}', propertySourceLocations = '{}', propertySourceProperties = '{db.tableEngine=}', contextCustomizers = set[[empty]], contextLoader = 'org.springframework.test.context.support.DelegatingSmartContextLoader', parent = [null]], attributes = map['org.springframework.test.context.event.ApplicationEventsTestExecutionListener.recordApplicationEvents' -> false]]].
18:00:09.596 [main] DEBUG org.springframework.test.context.cache.DefaultCacheAwareContextLoaderDelegate - Retrieved ApplicationContext [1050971191] from cache with key [[MergedContextConfiguration@1389e498 testClass = ConfigurationBusiness_CoreSpringServerIT, locations = '{}', classes = '{class fr.insalyon.creatis.vip.core.server.SpringCoreConfig}', contextInitializerClasses = '[]', activeProfiles = '{test-db, test}', propertySourceLocations = '{}', propertySourceProperties = '{db.tableEngine=}', contextCustomizers = set[[empty]], contextLoader = 'org.springframework.test.context.support.DelegatingSmartContextLoader', parent = [null]]]
18:00:09.596 [main] DEBUG org.springframework.test.context.cache - Spring test ApplicationContext cache statistics: [DefaultContextCache@4675f5b0 size = 1, maxSize = 32, parentContextCount = 0, hitCount = 124, missCount = 1]
18:00:09.596 [main] DEBUG org.springframework.test.context.cache.DefaultCacheAwareContextLoaderDelegate - Retrieved ApplicationContext [1050971191] from cache with key [[MergedContextConfiguration@1389e498 testClass = ConfigurationBusiness_CoreSpringServerIT, locations = '{}', classes = '{class fr.insalyon.creatis.vip.core.server.SpringCoreConfig}', contextInitializerClasses = '[]', activeProfiles = '{test-db, test}', propertySourceLocations = '{}', propertySourceProperties = '{db.tableEngine=}', contextCustomizers = set[[empty]], contextLoader = 'org.springframework.test.context.support.DelegatingSmartContextLoader', parent = [null]]]
18:00:09.596 [main] DEBUG org.springframework.test.context.cache - Spring test ApplicationContext cache statistics: [DefaultContextCache@4675f5b0 size = 1, maxSize = 32, parentContextCount = 0, hitCount = 125, missCount = 1]
18:00:09.597 [main] DEBUG org.springframework.test.context.support.AbstractDirtiesContextTestExecutionListener - Before test method: context [DefaultTestContext@18e20fa8 testClass = ConfigurationBusiness_CoreSpringServerIT, testInstance = ConfigurationBusiness_CoreSpringServerIT@7cd1d235, testMethod = testRemoveGroup@ConfigurationBusiness_CoreSpringServerIT, testException = [null], mergedContextConfiguration = [MergedContextConfiguration@1389e498 testClass = ConfigurationBusiness_CoreSpringServerIT, locations = '{}', classes = '{class fr.insalyon.creatis.vip.core.server.SpringCoreConfig}', contextInitializerClasses = '[]', activeProfiles = '{test-db, test}', propertySourceLocations = '{}', propertySourceProperties = '{db.tableEngine=}', contextCustomizers = set[[empty]], contextLoader = 'org.springframework.test.context.support.DelegatingSmartContextLoader', parent = [null]], attributes = map['org.springframework.test.context.event.ApplicationEventsTestExecutionListener.recordApplicationEvents' -> false]], class annotated with @DirtiesContext [false] with mode [null], method annotated with @DirtiesContext [false] with mode [null].
18:00:09.597 [main] DEBUG org.springframework.test.context.transaction.TransactionalTestExecutionListener - Explicit transaction definition [PROPAGATION_REQUIRED,ISOLATION_DEFAULT] found for test context [DefaultTestContext@18e20fa8 testClass = ConfigurationBusiness_CoreSpringServerIT, testInstance = ConfigurationBusiness_CoreSpringServerIT@7cd1d235, testMethod = testRemoveGroup@ConfigurationBusiness_CoreSpringServerIT, testException = [null], mergedContextConfiguration = [MergedContextConfiguration@1389e498 testClass = ConfigurationBusiness_CoreSpringServerIT, locations = '{}', classes = '{class fr.insalyon.creatis.vip.core.server.SpringCoreConfig}', contextInitializerClasses = '[]', activeProfiles = '{test-db, test}', propertySourceLocations = '{}', propertySourceProperties = '{db.tableEngine=}', contextCustomizers = set[[empty]], contextLoader = 'org.springframework.test.context.support.DelegatingSmartContextLoader', parent = [null]], attributes = map['org.springframework.test.context.event.ApplicationEventsTestExecutionListener.recordApplicationEvents' -> false]]
18:00:09.597 [main] DEBUG org.springframework.test.context.cache.DefaultCacheAwareContextLoaderDelegate - Retrieved ApplicationContext [1050971191] from cache with key [[MergedContextConfiguration@1389e498 testClass = ConfigurationBusiness_CoreSpringServerIT, locations = '{}', classes = '{class fr.insalyon.creatis.vip.core.server.SpringCoreConfig}', contextInitializerClasses = '[]', activeProfiles = '{test-db, test}', propertySourceLocations = '{}', propertySourceProperties = '{db.tableEngine=}', contextCustomizers = set[[empty]], contextLoader = 'org.springframework.test.context.support.DelegatingSmartContextLoader', parent = [null]]]
18:00:09.597 [main] DEBUG org.springframework.test.context.cache - Spring test ApplicationContext cache statistics: [DefaultContextCache@4675f5b0 size = 1, maxSize = 32, parentContextCount = 0, hitCount = 126, missCount = 1]
18:00:09.598 [main] DEBUG org.springframework.test.context.transaction.TransactionalTestExecutionListener - No method-level @Rollback override: using default rollback [true] for test context [DefaultTestContext@18e20fa8 testClass = ConfigurationBusiness_CoreSpringServerIT, testInstance = ConfigurationBusiness_CoreSpringServerIT@7cd1d235, testMethod = testRemoveGroup@ConfigurationBusiness_CoreSpringServerIT, testException = [null], mergedContextConfiguration = [MergedContextConfiguration@1389e498 testClass = ConfigurationBusiness_CoreSpringServerIT, locations = '{}', classes = '{class fr.insalyon.creatis.vip.core.server.SpringCoreConfig}', contextInitializerClasses = '[]', activeProfiles = '{test-db, test}', propertySourceLocations = '{}', propertySourceProperties = '{db.tableEngine=}', contextCustomizers = set[[empty]], contextLoader = 'org.springframework.test.context.support.DelegatingSmartContextLoader', parent = [null]], attributes = map['org.springframework.test.context.event.ApplicationEventsTestExecutionListener.recordApplicationEvents' -> false]].
18:00:09.598 [main] DEBUG org.springframework.jdbc.datasource.DataSourceTransactionManager - Creating new transaction with name [ConfigurationBusiness_CoreSpringServerIT.testRemoveGroup]: PROPAGATION_REQUIRED,ISOLATION_DEFAULT
18:00:09.598 [main] DEBUG org.springframework.jdbc.datasource.DataSourceTransactionManager - Acquired Connection [Lazy Connection proxy for target DataSource [org.springframework.jdbc.datasource.embedded.EmbeddedDatabaseFactory$EmbeddedDataSourceProxy@5764c072]] for JDBC transaction
18:00:09.598 [main] DEBUG org.springframework.jdbc.datasource.DataSourceTransactionManager - Switching JDBC Connection [Lazy Connection proxy for target DataSource [org.springframework.jdbc.datasource.embedded.EmbeddedDatabaseFactory$EmbeddedDataSourceProxy@5764c072]] to manual commit
18:00:09.599 [main] INFO org.springframework.test.context.transaction.TransactionContext - Began transaction (1) for test context [DefaultTestContext@18e20fa8 testClass = ConfigurationBusiness_CoreSpringServerIT, testInstance = ConfigurationBusiness_CoreSpringServerIT@7cd1d235, testMethod = testRemoveGroup@ConfigurationBusiness_CoreSpringServerIT, testException = [null], mergedContextConfiguration = [MergedContextConfiguration@1389e498 testClass = ConfigurationBusiness_CoreSpringServerIT, locations = '{}', classes = '{class fr.insalyon.creatis.vip.core.server.SpringCoreConfig}', contextInitializerClasses = '[]', activeProfiles = '{test-db, test}', propertySourceLocations = '{}', propertySourceProperties = '{db.tableEngine=}', contextCustomizers = set[[empty]], contextLoader = 'org.springframework.test.context.support.DelegatingSmartContextLoader', parent = [null]], attributes = map['org.springframework.test.context.event.ApplicationEventsTestExecutionListener.recordApplicationEvents' -> false]]; transaction manager [org.springframework.jdbc.datasource.DataSourceTransactionManager@178b2df1]; rollback [true]
18:00:09.601 [main] DEBUG org.springframework.test.context.cache.DefaultCacheAwareContextLoaderDelegate - Retrieved ApplicationContext [1050971191] from cache with key [[MergedContextConfiguration@1389e498 testClass = ConfigurationBusiness_CoreSpringServerIT, locations = '{}', classes = '{class fr.insalyon.creatis.vip.core.server.SpringCoreConfig}', contextInitializerClasses = '[]', activeProfiles = '{test-db, test}', propertySourceLocations = '{}', propertySourceProperties = '{db.tableEngine=}', contextCustomizers = set[[empty]], contextLoader = 'org.springframework.test.context.support.DelegatingSmartContextLoader', parent = [null]]]
18:00:09.601 [main] DEBUG org.springframework.test.context.cache - Spring test ApplicationContext cache statistics: [DefaultContextCache@4675f5b0 size = 1, maxSize = 32, parentContextCount = 0, hitCount = 127, missCount = 1]
18:00:09.602 [main] DEBUG org.springframework.jdbc.datasource.DataSourceTransactionManager - Participating in existing transaction
18:00:09.603 [main] DEBUG org.springframework.jdbc.datasource.DataSourceTransactionManager - Participating in existing transaction
18:00:09.611 [main] DEBUG org.springframework.jdbc.datasource.SimpleDriverDataSource - Creating new JDBC Driver Connection to [jdbc:h2:mem:fec2b152-de2f-4c07-a3e1-df691c7daf9d;DB_CLOSE_DELAY=-1;DB_CLOSE_ON_EXIT=false]
18:00:09.613 [main] DEBUG org.springframework.jdbc.datasource.DataSourceTransactionManager - Participating in existing transaction
18:00:09.613 [main] DEBUG org.springframework.jdbc.datasource.DataSourceTransactionManager - Participating in existing transaction
18:00:09.615 [main] DEBUG org.springframework.jdbc.datasource.DataSourceTransactionManager - Participating in existing transaction
18:00:09.616 [main] DEBUG org.springframework.jdbc.datasource.DataSourceTransactionManager - Participating in existing transaction
18:00:09.617 [main] DEBUG org.springframework.jdbc.datasource.DataSourceTransactionManager - Participating in existing transaction
User = test1@test.fr
18:00:09.618 [main] INFO fr.insalyon.creatis.vip.core.server.business.ConfigurationBusiness - verifying test1@test.fr. List of undesired mail domains: . 
18:00:09.618 [main] INFO fr.insalyon.creatis.vip.core.server.business.ConfigurationBusiness - Signing up . List of undesired countries: .
18:00:09.620 [main] DEBUG org.springframework.jdbc.datasource.DataSourceTransactionManager - Participating in existing transaction
18:00:09.620 [main] DEBUG org.springframework.jdbc.datasource.DataSourceTransactionManager - Participating in existing transaction
18:00:09.620 [main] INFO fr.insalyon.creatis.vip.core.server.business.ConfigurationBusiness - Sending confirmation email to 'test1@test.fr'.
18:00:09.620 [main] DEBUG org.springframework.jdbc.datasource.DataSourceTransactionManager - Participating in existing transaction
18:00:09.621 [main] DEBUG org.springframework.jdbc.datasource.DataSourceTransactionManager - Participating in existing transaction
18:00:09.621 [main] DEBUG org.springframework.jdbc.datasource.DataSourceTransactionManager - Participating in existing transaction
18:00:09.621 [main] DEBUG org.springframework.jdbc.datasource.DataSourceTransactionManager - Participating in existing transaction
User = test2@test.fr
18:00:09.621 [main] INFO fr.insalyon.creatis.vip.core.server.business.ConfigurationBusiness - verifying test2@test.fr. List of undesired mail domains: . 
18:00:09.621 [main] INFO fr.insalyon.creatis.vip.core.server.business.ConfigurationBusiness - Signing up . List of undesired countries: .
18:00:09.622 [main] DEBUG org.springframework.jdbc.datasource.DataSourceTransactionManager - Participating in existing transaction
18:00:09.622 [main] DEBUG org.springframework.jdbc.datasource.DataSourceTransactionManager - Participating in existing transaction
18:00:09.622 [main] INFO fr.insalyon.creatis.vip.core.server.business.ConfigurationBusiness - Sending confirmation email to 'test2@test.fr'.
18:00:09.622 [main] DEBUG org.springframework.jdbc.datasource.DataSourceTransactionManager - Participating in existing transaction
18:00:09.623 [main] DEBUG org.springframework.jdbc.datasource.DataSourceTransactionManager - Participating in existing transaction
18:00:09.623 [main] DEBUG org.springframework.jdbc.datasource.DataSourceTransactionManager - Participating in existing transaction
18:00:09.623 [main] DEBUG org.springframework.jdbc.datasource.DataSourceTransactionManager - Participating in existing transaction
User = test3@test.fr
18:00:09.623 [main] INFO fr.insalyon.creatis.vip.core.server.business.ConfigurationBusiness - verifying test3@test.fr. List of undesired mail domains: . 
18:00:09.623 [main] INFO fr.insalyon.creatis.vip.core.server.business.ConfigurationBusiness - Signing up . List of undesired countries: .
18:00:09.624 [main] DEBUG org.springframework.jdbc.datasource.DataSourceTransactionManager - Participating in existing transaction
18:00:09.624 [main] DEBUG org.springframework.jdbc.datasource.DataSourceTransactionManager - Participating in existing transaction
18:00:09.624 [main] INFO fr.insalyon.creatis.vip.core.server.business.ConfigurationBusiness - Sending confirmation email to 'test3@test.fr'.
18:00:09.624 [main] DEBUG org.springframework.jdbc.datasource.DataSourceTransactionManager - Participating in existing transaction
18:00:09.624 [main] DEBUG org.springframework.jdbc.datasource.DataSourceTransactionManager - Participating in existing transaction
18:00:09.624 [main] DEBUG org.springframework.jdbc.datasource.DataSourceTransactionManager - Participating in existing transaction
18:00:09.625 [main] DEBUG org.springframework.jdbc.datasource.DataSourceTransactionManager - Participating in existing transaction
User = test4@test.fr
18:00:09.625 [main] INFO fr.insalyon.creatis.vip.core.server.business.ConfigurationBusiness - verifying test4@test.fr. List of undesired mail domains: . 
18:00:09.625 [main] INFO fr.insalyon.creatis.vip.core.server.business.ConfigurationBusiness - Signing up . List of undesired countries: .
18:00:09.625 [main] DEBUG org.springframework.jdbc.datasource.DataSourceTransactionManager - Participating in existing transaction
18:00:09.625 [main] DEBUG org.springframework.jdbc.datasource.DataSourceTransactionManager - Participating in existing transaction
18:00:09.625 [main] INFO fr.insalyon.creatis.vip.core.server.business.ConfigurationBusiness - Sending confirmation email to 'test4@test.fr'.
18:00:09.626 [main] DEBUG org.springframework.jdbc.datasource.DataSourceTransactionManager - Participating in existing transaction
18:00:09.626 [main] DEBUG org.springframework.jdbc.datasource.DataSourceTransactionManager - Participating in existing transaction
18:00:09.626 [main] DEBUG org.springframework.jdbc.datasource.DataSourceTransactionManager - Participating in existing transaction
18:00:09.626 [main] DEBUG org.springframework.jdbc.datasource.DataSourceTransactionManager - Participating in existing transaction
18:00:09.626 [main] DEBUG org.springframework.jdbc.datasource.DataSourceTransactionManager - Participating in existing transaction
18:00:09.626 [main] DEBUG org.springframework.jdbc.datasource.DataSourceTransactionManager - Participating in existing transaction
18:00:09.626 [main] DEBUG org.springframework.jdbc.datasource.DataSourceTransactionManager - Participating in existing transaction
18:00:09.630 [main] DEBUG org.springframework.jdbc.datasource.DataSourceTransactionManager - Participating in existing transaction
18:00:09.630 [main] DEBUG org.springframework.jdbc.datasource.DataSourceTransactionManager - Participating in existing transaction
18:00:09.631 [main] DEBUG org.springframework.jdbc.datasource.DataSourceTransactionManager - Participating in existing transaction
18:00:09.631 [main] DEBUG org.springframework.jdbc.datasource.DataSourceTransactionManager - Participating in existing transaction
18:00:09.632 [main] DEBUG org.springframework.jdbc.datasource.DataSourceTransactionManager - Participating in existing transaction
User = email5@test.fr
18:00:09.633 [main] INFO fr.insalyon.creatis.vip.core.server.business.ConfigurationBusiness - verifying email5@test.fr. List of undesired mail domains: . 
18:00:09.633 [main] INFO fr.insalyon.creatis.vip.core.server.business.ConfigurationBusiness - Signing up . List of undesired countries: .
18:00:09.635 [main] DEBUG org.springframework.jdbc.datasource.DataSourceTransactionManager - Participating in existing transaction
18:00:09.635 [main] DEBUG org.springframework.jdbc.datasource.DataSourceTransactionManager - Participating in existing transaction
18:00:09.635 [main] INFO fr.insalyon.creatis.vip.core.server.business.ConfigurationBusiness - Sending confirmation email to 'email5@test.fr'.
18:00:09.635 [main] DEBUG org.springframework.jdbc.datasource.DataSourceTransactionManager - Participating in existing transaction
18:00:09.636 [main] DEBUG org.springframework.test.context.cache.DefaultCacheAwareContextLoaderDelegate - Retrieved ApplicationContext [1050971191] from cache with key [[MergedContextConfiguration@1389e498 testClass = ConfigurationBusiness_CoreSpringServerIT, locations = '{}', classes = '{class fr.insalyon.creatis.vip.core.server.SpringCoreConfig}', contextInitializerClasses = '[]', activeProfiles = '{test-db, test}', propertySourceLocations = '{}', propertySourceProperties = '{db.tableEngine=}', contextCustomizers = set[[empty]], contextLoader = 'org.springframework.test.context.support.DelegatingSmartContextLoader', parent = [null]]]
18:00:09.636 [main] DEBUG org.springframework.test.context.cache - Spring test ApplicationContext cache statistics: [DefaultContextCache@4675f5b0 size = 1, maxSize = 32, parentContextCount = 0, hitCount = 128, missCount = 1]
18:00:09.636 [main] DEBUG org.springframework.jdbc.datasource.DataSourceTransactionManager - Participating in existing transaction
18:00:09.637 [main] DEBUG org.springframework.jdbc.datasource.DataSourceTransactionManager - Participating in existing transaction
18:00:09.638 [main] DEBUG org.springframework.jdbc.datasource.DataSourceTransactionManager - Participating in existing transaction
18:00:09.638 [main] DEBUG org.springframework.jdbc.datasource.DataSourceTransactionManager - Participating in existing transaction
18:00:09.639 [main] DEBUG org.springframework.test.context.cache.DefaultCacheAwareContextLoaderDelegate - Retrieved ApplicationContext [1050971191] from cache with key [[MergedContextConfiguration@1389e498 testClass = ConfigurationBusiness_CoreSpringServerIT, locations = '{}', classes = '{class fr.insalyon.creatis.vip.core.server.SpringCoreConfig}', contextInitializerClasses = '[]', activeProfiles = '{test-db, test}', propertySourceLocations = '{}', propertySourceProperties = '{db.tableEngine=}', contextCustomizers = set[[empty]], contextLoader = 'org.springframework.test.context.support.DelegatingSmartContextLoader', parent = [null]]]
18:00:09.639 [main] DEBUG org.springframework.test.context.cache - Spring test ApplicationContext cache statistics: [DefaultContextCache@4675f5b0 size = 1, maxSize = 32, parentContextCount = 0, hitCount = 129, missCount = 1]
18:00:09.639 [main] DEBUG org.springframework.test.context.cache.DefaultCacheAwareContextLoaderDelegate - Retrieved ApplicationContext [1050971191] from cache with key [[MergedContextConfiguration@1389e498 testClass = ConfigurationBusiness_CoreSpringServerIT, locations = '{}', classes = '{class fr.insalyon.creatis.vip.core.server.SpringCoreConfig}', contextInitializerClasses = '[]', activeProfiles = '{test-db, test}', propertySourceLocations = '{}', propertySourceProperties = '{db.tableEngine=}', contextCustomizers = set[[empty]], contextLoader = 'org.springframework.test.context.support.DelegatingSmartContextLoader', parent = [null]]]
18:00:09.639 [main] DEBUG org.springframework.test.context.cache - Spring test ApplicationContext cache statistics: [DefaultContextCache@4675f5b0 size = 1, maxSize = 32, parentContextCount = 0, hitCount = 130, missCount = 1]
18:00:09.640 [main] DEBUG org.springframework.jdbc.datasource.DataSourceTransactionManager - Initiating transaction rollback
18:00:09.640 [main] DEBUG org.springframework.jdbc.datasource.DataSourceTransactionManager - Rolling back JDBC transaction on Connection [conn32: url=jdbc:h2:mem:fec2b152-de2f-4c07-a3e1-df691c7daf9d user=SA]
18:00:09.640 [main] DEBUG org.springframework.jdbc.datasource.DataSourceTransactionManager - Releasing JDBC Connection [conn32: url=jdbc:h2:mem:fec2b152-de2f-4c07-a3e1-df691c7daf9d user=SA] after transaction
18:00:09.642 [main] INFO org.springframework.test.context.transaction.TransactionContext - Rolled back transaction for test: [DefaultTestContext@18e20fa8 testClass = ConfigurationBusiness_CoreSpringServerIT, testInstance = ConfigurationBusiness_CoreSpringServerIT@7cd1d235, testMethod = testRemoveGroup@ConfigurationBusiness_CoreSpringServerIT, testException = [null], mergedContextConfiguration = [MergedContextConfiguration@1389e498 testClass = ConfigurationBusiness_CoreSpringServerIT, locations = '{}', classes = '{class fr.insalyon.creatis.vip.core.server.SpringCoreConfig}', contextInitializerClasses = '[]', activeProfiles = '{test-db, test}', propertySourceLocations = '{}', propertySourceProperties = '{db.tableEngine=}', contextCustomizers = set[[empty]], contextLoader = 'org.springframework.test.context.support.DelegatingSmartContextLoader', parent = [null]], attributes = map['org.springframework.test.context.event.ApplicationEventsTestExecutionListener.recordApplicationEvents' -> false]]
18:00:09.645 [main] DEBUG org.springframework.test.context.support.AbstractDirtiesContextTestExecutionListener - After test method: context [DefaultTestContext@18e20fa8 testClass = ConfigurationBusiness_CoreSpringServerIT, testInstance = ConfigurationBusiness_CoreSpringServerIT@7cd1d235, testMethod = testRemoveGroup@ConfigurationBusiness_CoreSpringServerIT, testException = [null], mergedContextConfiguration = [MergedContextConfiguration@1389e498 testClass = ConfigurationBusiness_CoreSpringServerIT, locations = '{}', classes = '{class fr.insalyon.creatis.vip.core.server.SpringCoreConfig}', contextInitializerClasses = '[]', activeProfiles = '{test-db, test}', propertySourceLocations = '{}', propertySourceProperties = '{db.tableEngine=}', contextCustomizers = set[[empty]], contextLoader = 'org.springframework.test.context.support.DelegatingSmartContextLoader', parent = [null]], attributes = map['org.springframework.test.context.event.ApplicationEventsTestExecutionListener.recordApplicationEvents' -> false]], class annotated with @DirtiesContext [false] with mode [null], method annotated with @DirtiesContext [false] with mode [null].
]]></system-out>
  </testcase>
  <testcase name="testSetCountryCode" classname="ConfigurationBusiness_CoreSpringServerIT" time="0.039">
    <system-out><![CDATA[18:00:09.648 [main] DEBUG org.springframework.test.context.support.DependencyInjectionTestExecutionListener - Performing dependency injection for test context [[DefaultTestContext@18e20fa8 testClass = ConfigurationBusiness_CoreSpringServerIT, testInstance = ConfigurationBusiness_CoreSpringServerIT@59428e82, testMethod = [null], testException = [null], mergedContextConfiguration = [MergedContextConfiguration@1389e498 testClass = ConfigurationBusiness_CoreSpringServerIT, locations = '{}', classes = '{class fr.insalyon.creatis.vip.core.server.SpringCoreConfig}', contextInitializerClasses = '[]', activeProfiles = '{test-db, test}', propertySourceLocations = '{}', propertySourceProperties = '{db.tableEngine=}', contextCustomizers = set[[empty]], contextLoader = 'org.springframework.test.context.support.DelegatingSmartContextLoader', parent = [null]], attributes = map['org.springframework.test.context.event.ApplicationEventsTestExecutionListener.recordApplicationEvents' -> false]]].
18:00:09.648 [main] DEBUG org.springframework.test.context.cache.DefaultCacheAwareContextLoaderDelegate - Retrieved ApplicationContext [1050971191] from cache with key [[MergedContextConfiguration@1389e498 testClass = ConfigurationBusiness_CoreSpringServerIT, locations = '{}', classes = '{class fr.insalyon.creatis.vip.core.server.SpringCoreConfig}', contextInitializerClasses = '[]', activeProfiles = '{test-db, test}', propertySourceLocations = '{}', propertySourceProperties = '{db.tableEngine=}', contextCustomizers = set[[empty]], contextLoader = 'org.springframework.test.context.support.DelegatingSmartContextLoader', parent = [null]]]
18:00:09.648 [main] DEBUG org.springframework.test.context.cache - Spring test ApplicationContext cache statistics: [DefaultContextCache@4675f5b0 size = 1, maxSize = 32, parentContextCount = 0, hitCount = 131, missCount = 1]
18:00:09.660 [main] DEBUG org.springframework.test.context.cache.DefaultCacheAwareContextLoaderDelegate - Retrieved ApplicationContext [1050971191] from cache with key [[MergedContextConfiguration@1389e498 testClass = ConfigurationBusiness_CoreSpringServerIT, locations = '{}', classes = '{class fr.insalyon.creatis.vip.core.server.SpringCoreConfig}', contextInitializerClasses = '[]', activeProfiles = '{test-db, test}', propertySourceLocations = '{}', propertySourceProperties = '{db.tableEngine=}', contextCustomizers = set[[empty]], contextLoader = 'org.springframework.test.context.support.DelegatingSmartContextLoader', parent = [null]]]
18:00:09.660 [main] DEBUG org.springframework.test.context.cache - Spring test ApplicationContext cache statistics: [DefaultContextCache@4675f5b0 size = 1, maxSize = 32, parentContextCount = 0, hitCount = 132, missCount = 1]
18:00:09.661 [main] DEBUG org.springframework.test.context.support.AbstractDirtiesContextTestExecutionListener - Before test method: context [DefaultTestContext@18e20fa8 testClass = ConfigurationBusiness_CoreSpringServerIT, testInstance = ConfigurationBusiness_CoreSpringServerIT@59428e82, testMethod = testSetCountryCode@ConfigurationBusiness_CoreSpringServerIT, testException = [null], mergedContextConfiguration = [MergedContextConfiguration@1389e498 testClass = ConfigurationBusiness_CoreSpringServerIT, locations = '{}', classes = '{class fr.insalyon.creatis.vip.core.server.SpringCoreConfig}', contextInitializerClasses = '[]', activeProfiles = '{test-db, test}', propertySourceLocations = '{}', propertySourceProperties = '{db.tableEngine=}', contextCustomizers = set[[empty]], contextLoader = 'org.springframework.test.context.support.DelegatingSmartContextLoader', parent = [null]], attributes = map['org.springframework.test.context.event.ApplicationEventsTestExecutionListener.recordApplicationEvents' -> false]], class annotated with @DirtiesContext [false] with mode [null], method annotated with @DirtiesContext [false] with mode [null].
18:00:09.661 [main] DEBUG org.springframework.test.context.transaction.TransactionalTestExecutionListener - Explicit transaction definition [PROPAGATION_REQUIRED,ISOLATION_DEFAULT] found for test context [DefaultTestContext@18e20fa8 testClass = ConfigurationBusiness_CoreSpringServerIT, testInstance = ConfigurationBusiness_CoreSpringServerIT@59428e82, testMethod = testSetCountryCode@ConfigurationBusiness_CoreSpringServerIT, testException = [null], mergedContextConfiguration = [MergedContextConfiguration@1389e498 testClass = ConfigurationBusiness_CoreSpringServerIT, locations = '{}', classes = '{class fr.insalyon.creatis.vip.core.server.SpringCoreConfig}', contextInitializerClasses = '[]', activeProfiles = '{test-db, test}', propertySourceLocations = '{}', propertySourceProperties = '{db.tableEngine=}', contextCustomizers = set[[empty]], contextLoader = 'org.springframework.test.context.support.DelegatingSmartContextLoader', parent = [null]], attributes = map['org.springframework.test.context.event.ApplicationEventsTestExecutionListener.recordApplicationEvents' -> false]]
18:00:09.662 [main] DEBUG org.springframework.test.context.cache.DefaultCacheAwareContextLoaderDelegate - Retrieved ApplicationContext [1050971191] from cache with key [[MergedContextConfiguration@1389e498 testClass = ConfigurationBusiness_CoreSpringServerIT, locations = '{}', classes = '{class fr.insalyon.creatis.vip.core.server.SpringCoreConfig}', contextInitializerClasses = '[]', activeProfiles = '{test-db, test}', propertySourceLocations = '{}', propertySourceProperties = '{db.tableEngine=}', contextCustomizers = set[[empty]], contextLoader = 'org.springframework.test.context.support.DelegatingSmartContextLoader', parent = [null]]]
18:00:09.662 [main] DEBUG org.springframework.test.context.cache - Spring test ApplicationContext cache statistics: [DefaultContextCache@4675f5b0 size = 1, maxSize = 32, parentContextCount = 0, hitCount = 133, missCount = 1]
18:00:09.662 [main] DEBUG org.springframework.test.context.transaction.TransactionalTestExecutionListener - No method-level @Rollback override: using default rollback [true] for test context [DefaultTestContext@18e20fa8 testClass = ConfigurationBusiness_CoreSpringServerIT, testInstance = ConfigurationBusiness_CoreSpringServerIT@59428e82, testMethod = testSetCountryCode@ConfigurationBusiness_CoreSpringServerIT, testException = [null], mergedContextConfiguration = [MergedContextConfiguration@1389e498 testClass = ConfigurationBusiness_CoreSpringServerIT, locations = '{}', classes = '{class fr.insalyon.creatis.vip.core.server.SpringCoreConfig}', contextInitializerClasses = '[]', activeProfiles = '{test-db, test}', propertySourceLocations = '{}', propertySourceProperties = '{db.tableEngine=}', contextCustomizers = set[[empty]], contextLoader = 'org.springframework.test.context.support.DelegatingSmartContextLoader', parent = [null]], attributes = map['org.springframework.test.context.event.ApplicationEventsTestExecutionListener.recordApplicationEvents' -> false]].
18:00:09.662 [main] DEBUG org.springframework.jdbc.datasource.DataSourceTransactionManager - Creating new transaction with name [ConfigurationBusiness_CoreSpringServerIT.testSetCountryCode]: PROPAGATION_REQUIRED,ISOLATION_DEFAULT
18:00:09.663 [main] DEBUG org.springframework.jdbc.datasource.DataSourceTransactionManager - Acquired Connection [Lazy Connection proxy for target DataSource [org.springframework.jdbc.datasource.embedded.EmbeddedDatabaseFactory$EmbeddedDataSourceProxy@5764c072]] for JDBC transaction
18:00:09.663 [main] DEBUG org.springframework.jdbc.datasource.DataSourceTransactionManager - Switching JDBC Connection [Lazy Connection proxy for target DataSource [org.springframework.jdbc.datasource.embedded.EmbeddedDatabaseFactory$EmbeddedDataSourceProxy@5764c072]] to manual commit
18:00:09.665 [main] INFO org.springframework.test.context.transaction.TransactionContext - Began transaction (1) for test context [DefaultTestContext@18e20fa8 testClass = ConfigurationBusiness_CoreSpringServerIT, testInstance = ConfigurationBusiness_CoreSpringServerIT@59428e82, testMethod = testSetCountryCode@ConfigurationBusiness_CoreSpringServerIT, testException = [null], mergedContextConfiguration = [MergedContextConfiguration@1389e498 testClass = ConfigurationBusiness_CoreSpringServerIT, locations = '{}', classes = '{class fr.insalyon.creatis.vip.core.server.SpringCoreConfig}', contextInitializerClasses = '[]', activeProfiles = '{test-db, test}', propertySourceLocations = '{}', propertySourceProperties = '{db.tableEngine=}', contextCustomizers = set[[empty]], contextLoader = 'org.springframework.test.context.support.DelegatingSmartContextLoader', parent = [null]], attributes = map['org.springframework.test.context.event.ApplicationEventsTestExecutionListener.recordApplicationEvents' -> false]]; transaction manager [org.springframework.jdbc.datasource.DataSourceTransactionManager@178b2df1]; rollback [true]
18:00:09.667 [main] DEBUG org.springframework.test.context.cache.DefaultCacheAwareContextLoaderDelegate - Retrieved ApplicationContext [1050971191] from cache with key [[MergedContextConfiguration@1389e498 testClass = ConfigurationBusiness_CoreSpringServerIT, locations = '{}', classes = '{class fr.insalyon.creatis.vip.core.server.SpringCoreConfig}', contextInitializerClasses = '[]', activeProfiles = '{test-db, test}', propertySourceLocations = '{}', propertySourceProperties = '{db.tableEngine=}', contextCustomizers = set[[empty]], contextLoader = 'org.springframework.test.context.support.DelegatingSmartContextLoader', parent = [null]]]
18:00:09.667 [main] DEBUG org.springframework.test.context.cache - Spring test ApplicationContext cache statistics: [DefaultContextCache@4675f5b0 size = 1, maxSize = 32, parentContextCount = 0, hitCount = 134, missCount = 1]
18:00:09.669 [main] DEBUG org.springframework.jdbc.datasource.DataSourceTransactionManager - Participating in existing transaction
18:00:09.669 [main] DEBUG org.springframework.jdbc.datasource.DataSourceTransactionManager - Participating in existing transaction
18:00:09.669 [main] DEBUG org.springframework.jdbc.datasource.SimpleDriverDataSource - Creating new JDBC Driver Connection to [jdbc:h2:mem:fec2b152-de2f-4c07-a3e1-df691c7daf9d;DB_CLOSE_DELAY=-1;DB_CLOSE_ON_EXIT=false]
18:00:09.670 [main] DEBUG org.springframework.jdbc.datasource.DataSourceTransactionManager - Participating in existing transaction
18:00:09.670 [main] DEBUG org.springframework.jdbc.datasource.DataSourceTransactionManager - Participating in existing transaction
18:00:09.673 [main] DEBUG org.springframework.jdbc.datasource.DataSourceTransactionManager - Participating in existing transaction
18:00:09.676 [main] DEBUG org.springframework.jdbc.datasource.DataSourceTransactionManager - Participating in existing transaction
18:00:09.676 [main] DEBUG org.springframework.jdbc.datasource.DataSourceTransactionManager - Participating in existing transaction
User = test1@test.fr
18:00:09.677 [main] INFO fr.insalyon.creatis.vip.core.server.business.ConfigurationBusiness - verifying test1@test.fr. List of undesired mail domains: . 
18:00:09.677 [main] INFO fr.insalyon.creatis.vip.core.server.business.ConfigurationBusiness - Signing up . List of undesired countries: .
18:00:09.677 [main] DEBUG org.springframework.jdbc.datasource.DataSourceTransactionManager - Participating in existing transaction
18:00:09.678 [main] DEBUG org.springframework.jdbc.datasource.DataSourceTransactionManager - Participating in existing transaction
18:00:09.678 [main] INFO fr.insalyon.creatis.vip.core.server.business.ConfigurationBusiness - Sending confirmation email to 'test1@test.fr'.
18:00:09.678 [main] DEBUG org.springframework.jdbc.datasource.DataSourceTransactionManager - Participating in existing transaction
18:00:09.679 [main] DEBUG org.springframework.jdbc.datasource.DataSourceTransactionManager - Participating in existing transaction
18:00:09.679 [main] DEBUG org.springframework.jdbc.datasource.DataSourceTransactionManager - Participating in existing transaction
18:00:09.679 [main] DEBUG org.springframework.jdbc.datasource.DataSourceTransactionManager - Participating in existing transaction
User = test2@test.fr
18:00:09.679 [main] INFO fr.insalyon.creatis.vip.core.server.business.ConfigurationBusiness - verifying test2@test.fr. List of undesired mail domains: . 
18:00:09.680 [main] INFO fr.insalyon.creatis.vip.core.server.business.ConfigurationBusiness - Signing up . List of undesired countries: .
18:00:09.680 [main] DEBUG org.springframework.jdbc.datasource.DataSourceTransactionManager - Participating in existing transaction
18:00:09.680 [main] DEBUG org.springframework.jdbc.datasource.DataSourceTransactionManager - Participating in existing transaction
18:00:09.680 [main] INFO fr.insalyon.creatis.vip.core.server.business.ConfigurationBusiness - Sending confirmation email to 'test2@test.fr'.
18:00:09.681 [main] DEBUG org.springframework.jdbc.datasource.DataSourceTransactionManager - Participating in existing transaction
18:00:09.682 [main] DEBUG org.springframework.jdbc.datasource.DataSourceTransactionManager - Participating in existing transaction
18:00:09.682 [main] DEBUG org.springframework.jdbc.datasource.DataSourceTransactionManager - Participating in existing transaction
18:00:09.682 [main] DEBUG org.springframework.jdbc.datasource.DataSourceTransactionManager - Participating in existing transaction
User = test3@test.fr
18:00:09.682 [main] INFO fr.insalyon.creatis.vip.core.server.business.ConfigurationBusiness - verifying test3@test.fr. List of undesired mail domains: . 
18:00:09.682 [main] INFO fr.insalyon.creatis.vip.core.server.business.ConfigurationBusiness - Signing up . List of undesired countries: .
18:00:09.683 [main] DEBUG org.springframework.jdbc.datasource.DataSourceTransactionManager - Participating in existing transaction
18:00:09.683 [main] DEBUG org.springframework.jdbc.datasource.DataSourceTransactionManager - Participating in existing transaction
18:00:09.683 [main] INFO fr.insalyon.creatis.vip.core.server.business.ConfigurationBusiness - Sending confirmation email to 'test3@test.fr'.
18:00:09.683 [main] DEBUG org.springframework.jdbc.datasource.DataSourceTransactionManager - Participating in existing transaction
18:00:09.685 [main] DEBUG org.springframework.jdbc.datasource.DataSourceTransactionManager - Participating in existing transaction
18:00:09.685 [main] DEBUG org.springframework.jdbc.datasource.DataSourceTransactionManager - Participating in existing transaction
18:00:09.685 [main] DEBUG org.springframework.jdbc.datasource.DataSourceTransactionManager - Participating in existing transaction
User = test4@test.fr
18:00:09.685 [main] INFO fr.insalyon.creatis.vip.core.server.business.ConfigurationBusiness - verifying test4@test.fr. List of undesired mail domains: . 
18:00:09.685 [main] INFO fr.insalyon.creatis.vip.core.server.business.ConfigurationBusiness - Signing up . List of undesired countries: .
18:00:09.687 [main] DEBUG org.springframework.jdbc.datasource.DataSourceTransactionManager - Participating in existing transaction
18:00:09.687 [main] DEBUG org.springframework.jdbc.datasource.DataSourceTransactionManager - Participating in existing transaction
18:00:09.687 [main] INFO fr.insalyon.creatis.vip.core.server.business.ConfigurationBusiness - Sending confirmation email to 'test4@test.fr'.
18:00:09.688 [main] DEBUG org.springframework.jdbc.datasource.DataSourceTransactionManager - Participating in existing transaction
18:00:09.690 [main] DEBUG org.springframework.jdbc.datasource.DataSourceTransactionManager - Participating in existing transaction
18:00:09.690 [main] DEBUG org.springframework.jdbc.datasource.DataSourceTransactionManager - Participating in existing transaction
18:00:09.691 [main] DEBUG org.springframework.jdbc.datasource.DataSourceTransactionManager - Participating in existing transaction
18:00:09.691 [main] DEBUG org.springframework.jdbc.datasource.DataSourceTransactionManager - Participating in existing transaction
18:00:09.691 [main] DEBUG org.springframework.jdbc.datasource.DataSourceTransactionManager - Participating in existing transaction
18:00:09.691 [main] DEBUG org.springframework.jdbc.datasource.DataSourceTransactionManager - Participating in existing transaction
18:00:09.691 [main] DEBUG org.springframework.jdbc.datasource.DataSourceTransactionManager - Participating in existing transaction
18:00:09.691 [main] DEBUG org.springframework.jdbc.datasource.DataSourceTransactionManager - Participating in existing transaction
18:00:09.692 [main] DEBUG org.springframework.jdbc.datasource.DataSourceTransactionManager - Participating in existing transaction
18:00:09.692 [main] DEBUG org.springframework.jdbc.datasource.DataSourceTransactionManager - Participating in existing transaction
18:00:09.692 [main] DEBUG org.springframework.jdbc.datasource.DataSourceTransactionManager - Participating in existing transaction
User = email5@test.fr
18:00:09.692 [main] INFO fr.insalyon.creatis.vip.core.server.business.ConfigurationBusiness - verifying email5@test.fr. List of undesired mail domains: . 
18:00:09.692 [main] INFO fr.insalyon.creatis.vip.core.server.business.ConfigurationBusiness - Signing up . List of undesired countries: .
18:00:09.693 [main] DEBUG org.springframework.jdbc.datasource.DataSourceTransactionManager - Participating in existing transaction
18:00:09.695 [main] DEBUG org.springframework.jdbc.datasource.DataSourceTransactionManager - Participating in existing transaction
18:00:09.695 [main] INFO fr.insalyon.creatis.vip.core.server.business.ConfigurationBusiness - Sending confirmation email to 'email5@test.fr'.
18:00:09.695 [main] DEBUG org.springframework.jdbc.datasource.DataSourceTransactionManager - Participating in existing transaction
18:00:09.696 [main] DEBUG org.springframework.test.context.cache.DefaultCacheAwareContextLoaderDelegate - Retrieved ApplicationContext [1050971191] from cache with key [[MergedContextConfiguration@1389e498 testClass = ConfigurationBusiness_CoreSpringServerIT, locations = '{}', classes = '{class fr.insalyon.creatis.vip.core.server.SpringCoreConfig}', contextInitializerClasses = '[]', activeProfiles = '{test-db, test}', propertySourceLocations = '{}', propertySourceProperties = '{db.tableEngine=}', contextCustomizers = set[[empty]], contextLoader = 'org.springframework.test.context.support.DelegatingSmartContextLoader', parent = [null]]]
18:00:09.696 [main] DEBUG org.springframework.test.context.cache - Spring test ApplicationContext cache statistics: [DefaultContextCache@4675f5b0 size = 1, maxSize = 32, parentContextCount = 0, hitCount = 135, missCount = 1]
18:00:09.696 [main] DEBUG org.springframework.test.context.cache.DefaultCacheAwareContextLoaderDelegate - Retrieved ApplicationContext [1050971191] from cache with key [[MergedContextConfiguration@1389e498 testClass = ConfigurationBusiness_CoreSpringServerIT, locations = '{}', classes = '{class fr.insalyon.creatis.vip.core.server.SpringCoreConfig}', contextInitializerClasses = '[]', activeProfiles = '{test-db, test}', propertySourceLocations = '{}', propertySourceProperties = '{db.tableEngine=}', contextCustomizers = set[[empty]], contextLoader = 'org.springframework.test.context.support.DelegatingSmartContextLoader', parent = [null]]]
18:00:09.696 [main] DEBUG org.springframework.test.context.cache - Spring test ApplicationContext cache statistics: [DefaultContextCache@4675f5b0 size = 1, maxSize = 32, parentContextCount = 0, hitCount = 136, missCount = 1]
18:00:09.697 [main] DEBUG org.springframework.test.context.cache.DefaultCacheAwareContextLoaderDelegate - Retrieved ApplicationContext [1050971191] from cache with key [[MergedContextConfiguration@1389e498 testClass = ConfigurationBusiness_CoreSpringServerIT, locations = '{}', classes = '{class fr.insalyon.creatis.vip.core.server.SpringCoreConfig}', contextInitializerClasses = '[]', activeProfiles = '{test-db, test}', propertySourceLocations = '{}', propertySourceProperties = '{db.tableEngine=}', contextCustomizers = set[[empty]], contextLoader = 'org.springframework.test.context.support.DelegatingSmartContextLoader', parent = [null]]]
18:00:09.697 [main] DEBUG org.springframework.test.context.cache - Spring test ApplicationContext cache statistics: [DefaultContextCache@4675f5b0 size = 1, maxSize = 32, parentContextCount = 0, hitCount = 137, missCount = 1]
18:00:09.697 [main] DEBUG org.springframework.jdbc.datasource.DataSourceTransactionManager - Initiating transaction rollback
18:00:09.697 [main] DEBUG org.springframework.jdbc.datasource.DataSourceTransactionManager - Rolling back JDBC transaction on Connection [conn33: url=jdbc:h2:mem:fec2b152-de2f-4c07-a3e1-df691c7daf9d user=SA]
18:00:09.697 [main] DEBUG org.springframework.jdbc.datasource.DataSourceTransactionManager - Releasing JDBC Connection [conn33: url=jdbc:h2:mem:fec2b152-de2f-4c07-a3e1-df691c7daf9d user=SA] after transaction
18:00:09.698 [main] INFO org.springframework.test.context.transaction.TransactionContext - Rolled back transaction for test: [DefaultTestContext@18e20fa8 testClass = ConfigurationBusiness_CoreSpringServerIT, testInstance = ConfigurationBusiness_CoreSpringServerIT@59428e82, testMethod = testSetCountryCode@ConfigurationBusiness_CoreSpringServerIT, testException = [null], mergedContextConfiguration = [MergedContextConfiguration@1389e498 testClass = ConfigurationBusiness_CoreSpringServerIT, locations = '{}', classes = '{class fr.insalyon.creatis.vip.core.server.SpringCoreConfig}', contextInitializerClasses = '[]', activeProfiles = '{test-db, test}', propertySourceLocations = '{}', propertySourceProperties = '{db.tableEngine=}', contextCustomizers = set[[empty]], contextLoader = 'org.springframework.test.context.support.DelegatingSmartContextLoader', parent = [null]], attributes = map['org.springframework.test.context.event.ApplicationEventsTestExecutionListener.recordApplicationEvents' -> false]]
18:00:09.699 [main] DEBUG org.springframework.test.context.support.AbstractDirtiesContextTestExecutionListener - After test method: context [DefaultTestContext@18e20fa8 testClass = ConfigurationBusiness_CoreSpringServerIT, testInstance = ConfigurationBusiness_CoreSpringServerIT@59428e82, testMethod = testSetCountryCode@ConfigurationBusiness_CoreSpringServerIT, testException = [null], mergedContextConfiguration = [MergedContextConfiguration@1389e498 testClass = ConfigurationBusiness_CoreSpringServerIT, locations = '{}', classes = '{class fr.insalyon.creatis.vip.core.server.SpringCoreConfig}', contextInitializerClasses = '[]', activeProfiles = '{test-db, test}', propertySourceLocations = '{}', propertySourceProperties = '{db.tableEngine=}', contextCustomizers = set[[empty]], contextLoader = 'org.springframework.test.context.support.DelegatingSmartContextLoader', parent = [null]], attributes = map['org.springframework.test.context.event.ApplicationEventsTestExecutionListener.recordApplicationEvents' -> false]], class annotated with @DirtiesContext [false] with mode [null], method annotated with @DirtiesContext [false] with mode [null].
]]></system-out>
  </testcase>
  <testcase name="testCatchSigninUserWrongPassword" classname="ConfigurationBusiness_CoreSpringServerIT" time="0.04">
    <system-out><![CDATA[18:00:09.701 [main] DEBUG org.springframework.test.context.support.DependencyInjectionTestExecutionListener - Performing dependency injection for test context [[DefaultTestContext@18e20fa8 testClass = ConfigurationBusiness_CoreSpringServerIT, testInstance = ConfigurationBusiness_CoreSpringServerIT@64829fc5, testMethod = [null], testException = [null], mergedContextConfiguration = [MergedContextConfiguration@1389e498 testClass = ConfigurationBusiness_CoreSpringServerIT, locations = '{}', classes = '{class fr.insalyon.creatis.vip.core.server.SpringCoreConfig}', contextInitializerClasses = '[]', activeProfiles = '{test-db, test}', propertySourceLocations = '{}', propertySourceProperties = '{db.tableEngine=}', contextCustomizers = set[[empty]], contextLoader = 'org.springframework.test.context.support.DelegatingSmartContextLoader', parent = [null]], attributes = map['org.springframework.test.context.event.ApplicationEventsTestExecutionListener.recordApplicationEvents' -> false]]].
18:00:09.701 [main] DEBUG org.springframework.test.context.cache.DefaultCacheAwareContextLoaderDelegate - Retrieved ApplicationContext [1050971191] from cache with key [[MergedContextConfiguration@1389e498 testClass = ConfigurationBusiness_CoreSpringServerIT, locations = '{}', classes = '{class fr.insalyon.creatis.vip.core.server.SpringCoreConfig}', contextInitializerClasses = '[]', activeProfiles = '{test-db, test}', propertySourceLocations = '{}', propertySourceProperties = '{db.tableEngine=}', contextCustomizers = set[[empty]], contextLoader = 'org.springframework.test.context.support.DelegatingSmartContextLoader', parent = [null]]]
18:00:09.701 [main] DEBUG org.springframework.test.context.cache - Spring test ApplicationContext cache statistics: [DefaultContextCache@4675f5b0 size = 1, maxSize = 32, parentContextCount = 0, hitCount = 138, missCount = 1]
18:00:09.701 [main] DEBUG org.springframework.test.context.cache.DefaultCacheAwareContextLoaderDelegate - Retrieved ApplicationContext [1050971191] from cache with key [[MergedContextConfiguration@1389e498 testClass = ConfigurationBusiness_CoreSpringServerIT, locations = '{}', classes = '{class fr.insalyon.creatis.vip.core.server.SpringCoreConfig}', contextInitializerClasses = '[]', activeProfiles = '{test-db, test}', propertySourceLocations = '{}', propertySourceProperties = '{db.tableEngine=}', contextCustomizers = set[[empty]], contextLoader = 'org.springframework.test.context.support.DelegatingSmartContextLoader', parent = [null]]]
18:00:09.701 [main] DEBUG org.springframework.test.context.cache - Spring test ApplicationContext cache statistics: [DefaultContextCache@4675f5b0 size = 1, maxSize = 32, parentContextCount = 0, hitCount = 139, missCount = 1]
18:00:09.711 [main] DEBUG org.springframework.test.context.support.AbstractDirtiesContextTestExecutionListener - Before test method: context [DefaultTestContext@18e20fa8 testClass = ConfigurationBusiness_CoreSpringServerIT, testInstance = ConfigurationBusiness_CoreSpringServerIT@64829fc5, testMethod = testCatchSigninUserWrongPassword@ConfigurationBusiness_CoreSpringServerIT, testException = [null], mergedContextConfiguration = [MergedContextConfiguration@1389e498 testClass = ConfigurationBusiness_CoreSpringServerIT, locations = '{}', classes = '{class fr.insalyon.creatis.vip.core.server.SpringCoreConfig}', contextInitializerClasses = '[]', activeProfiles = '{test-db, test}', propertySourceLocations = '{}', propertySourceProperties = '{db.tableEngine=}', contextCustomizers = set[[empty]], contextLoader = 'org.springframework.test.context.support.DelegatingSmartContextLoader', parent = [null]], attributes = map['org.springframework.test.context.event.ApplicationEventsTestExecutionListener.recordApplicationEvents' -> false]], class annotated with @DirtiesContext [false] with mode [null], method annotated with @DirtiesContext [false] with mode [null].
18:00:09.713 [main] DEBUG org.springframework.test.context.transaction.TransactionalTestExecutionListener - Explicit transaction definition [PROPAGATION_REQUIRED,ISOLATION_DEFAULT] found for test context [DefaultTestContext@18e20fa8 testClass = ConfigurationBusiness_CoreSpringServerIT, testInstance = ConfigurationBusiness_CoreSpringServerIT@64829fc5, testMethod = testCatchSigninUserWrongPassword@ConfigurationBusiness_CoreSpringServerIT, testException = [null], mergedContextConfiguration = [MergedContextConfiguration@1389e498 testClass = ConfigurationBusiness_CoreSpringServerIT, locations = '{}', classes = '{class fr.insalyon.creatis.vip.core.server.SpringCoreConfig}', contextInitializerClasses = '[]', activeProfiles = '{test-db, test}', propertySourceLocations = '{}', propertySourceProperties = '{db.tableEngine=}', contextCustomizers = set[[empty]], contextLoader = 'org.springframework.test.context.support.DelegatingSmartContextLoader', parent = [null]], attributes = map['org.springframework.test.context.event.ApplicationEventsTestExecutionListener.recordApplicationEvents' -> false]]
18:00:09.713 [main] DEBUG org.springframework.test.context.cache.DefaultCacheAwareContextLoaderDelegate - Retrieved ApplicationContext [1050971191] from cache with key [[MergedContextConfiguration@1389e498 testClass = ConfigurationBusiness_CoreSpringServerIT, locations = '{}', classes = '{class fr.insalyon.creatis.vip.core.server.SpringCoreConfig}', contextInitializerClasses = '[]', activeProfiles = '{test-db, test}', propertySourceLocations = '{}', propertySourceProperties = '{db.tableEngine=}', contextCustomizers = set[[empty]], contextLoader = 'org.springframework.test.context.support.DelegatingSmartContextLoader', parent = [null]]]
18:00:09.713 [main] DEBUG org.springframework.test.context.cache - Spring test ApplicationContext cache statistics: [DefaultContextCache@4675f5b0 size = 1, maxSize = 32, parentContextCount = 0, hitCount = 140, missCount = 1]
18:00:09.713 [main] DEBUG org.springframework.test.context.transaction.TransactionalTestExecutionListener - No method-level @Rollback override: using default rollback [true] for test context [DefaultTestContext@18e20fa8 testClass = ConfigurationBusiness_CoreSpringServerIT, testInstance = ConfigurationBusiness_CoreSpringServerIT@64829fc5, testMethod = testCatchSigninUserWrongPassword@ConfigurationBusiness_CoreSpringServerIT, testException = [null], mergedContextConfiguration = [MergedContextConfiguration@1389e498 testClass = ConfigurationBusiness_CoreSpringServerIT, locations = '{}', classes = '{class fr.insalyon.creatis.vip.core.server.SpringCoreConfig}', contextInitializerClasses = '[]', activeProfiles = '{test-db, test}', propertySourceLocations = '{}', propertySourceProperties = '{db.tableEngine=}', contextCustomizers = set[[empty]], contextLoader = 'org.springframework.test.context.support.DelegatingSmartContextLoader', parent = [null]], attributes = map['org.springframework.test.context.event.ApplicationEventsTestExecutionListener.recordApplicationEvents' -> false]].
18:00:09.714 [main] DEBUG org.springframework.jdbc.datasource.DataSourceTransactionManager - Creating new transaction with name [ConfigurationBusiness_CoreSpringServerIT.testCatchSigninUserWrongPassword]: PROPAGATION_REQUIRED,ISOLATION_DEFAULT
18:00:09.714 [main] DEBUG org.springframework.jdbc.datasource.DataSourceTransactionManager - Acquired Connection [Lazy Connection proxy for target DataSource [org.springframework.jdbc.datasource.embedded.EmbeddedDatabaseFactory$EmbeddedDataSourceProxy@5764c072]] for JDBC transaction
18:00:09.720 [main] DEBUG org.springframework.jdbc.datasource.DataSourceTransactionManager - Switching JDBC Connection [Lazy Connection proxy for target DataSource [org.springframework.jdbc.datasource.embedded.EmbeddedDatabaseFactory$EmbeddedDataSourceProxy@5764c072]] to manual commit
18:00:09.720 [main] INFO org.springframework.test.context.transaction.TransactionContext - Began transaction (1) for test context [DefaultTestContext@18e20fa8 testClass = ConfigurationBusiness_CoreSpringServerIT, testInstance = ConfigurationBusiness_CoreSpringServerIT@64829fc5, testMethod = testCatchSigninUserWrongPassword@ConfigurationBusiness_CoreSpringServerIT, testException = [null], mergedContextConfiguration = [MergedContextConfiguration@1389e498 testClass = ConfigurationBusiness_CoreSpringServerIT, locations = '{}', classes = '{class fr.insalyon.creatis.vip.core.server.SpringCoreConfig}', contextInitializerClasses = '[]', activeProfiles = '{test-db, test}', propertySourceLocations = '{}', propertySourceProperties = '{db.tableEngine=}', contextCustomizers = set[[empty]], contextLoader = 'org.springframework.test.context.support.DelegatingSmartContextLoader', parent = [null]], attributes = map['org.springframework.test.context.event.ApplicationEventsTestExecutionListener.recordApplicationEvents' -> false]]; transaction manager [org.springframework.jdbc.datasource.DataSourceTransactionManager@178b2df1]; rollback [true]
18:00:09.722 [main] DEBUG org.springframework.test.context.cache.DefaultCacheAwareContextLoaderDelegate - Retrieved ApplicationContext [1050971191] from cache with key [[MergedContextConfiguration@1389e498 testClass = ConfigurationBusiness_CoreSpringServerIT, locations = '{}', classes = '{class fr.insalyon.creatis.vip.core.server.SpringCoreConfig}', contextInitializerClasses = '[]', activeProfiles = '{test-db, test}', propertySourceLocations = '{}', propertySourceProperties = '{db.tableEngine=}', contextCustomizers = set[[empty]], contextLoader = 'org.springframework.test.context.support.DelegatingSmartContextLoader', parent = [null]]]
18:00:09.722 [main] DEBUG org.springframework.test.context.cache - Spring test ApplicationContext cache statistics: [DefaultContextCache@4675f5b0 size = 1, maxSize = 32, parentContextCount = 0, hitCount = 141, missCount = 1]
18:00:09.724 [main] DEBUG org.springframework.jdbc.datasource.DataSourceTransactionManager - Participating in existing transaction
18:00:09.725 [main] DEBUG org.springframework.jdbc.datasource.DataSourceTransactionManager - Participating in existing transaction
18:00:09.725 [main] DEBUG org.springframework.jdbc.datasource.SimpleDriverDataSource - Creating new JDBC Driver Connection to [jdbc:h2:mem:fec2b152-de2f-4c07-a3e1-df691c7daf9d;DB_CLOSE_DELAY=-1;DB_CLOSE_ON_EXIT=false]
18:00:09.728 [main] DEBUG org.springframework.jdbc.datasource.DataSourceTransactionManager - Participating in existing transaction
18:00:09.728 [main] DEBUG org.springframework.jdbc.datasource.DataSourceTransactionManager - Participating in existing transaction
18:00:09.728 [main] DEBUG org.springframework.jdbc.datasource.DataSourceTransactionManager - Participating in existing transaction
18:00:09.728 [main] DEBUG org.springframework.jdbc.datasource.DataSourceTransactionManager - Participating in existing transaction
18:00:09.729 [main] DEBUG org.springframework.jdbc.datasource.DataSourceTransactionManager - Participating in existing transaction
User = test1@test.fr
18:00:09.729 [main] INFO fr.insalyon.creatis.vip.core.server.business.ConfigurationBusiness - verifying test1@test.fr. List of undesired mail domains: . 
18:00:09.729 [main] INFO fr.insalyon.creatis.vip.core.server.business.ConfigurationBusiness - Signing up . List of undesired countries: .
18:00:09.730 [main] DEBUG org.springframework.jdbc.datasource.DataSourceTransactionManager - Participating in existing transaction
18:00:09.730 [main] DEBUG org.springframework.jdbc.datasource.DataSourceTransactionManager - Participating in existing transaction
18:00:09.731 [main] INFO fr.insalyon.creatis.vip.core.server.business.ConfigurationBusiness - Sending confirmation email to 'test1@test.fr'.
18:00:09.731 [main] DEBUG org.springframework.jdbc.datasource.DataSourceTransactionManager - Participating in existing transaction
18:00:09.731 [main] DEBUG org.springframework.jdbc.datasource.DataSourceTransactionManager - Participating in existing transaction
18:00:09.732 [main] DEBUG org.springframework.jdbc.datasource.DataSourceTransactionManager - Participating in existing transaction
18:00:09.732 [main] DEBUG org.springframework.jdbc.datasource.DataSourceTransactionManager - Participating in existing transaction
User = test2@test.fr
18:00:09.732 [main] INFO fr.insalyon.creatis.vip.core.server.business.ConfigurationBusiness - verifying test2@test.fr. List of undesired mail domains: . 
18:00:09.732 [main] INFO fr.insalyon.creatis.vip.core.server.business.ConfigurationBusiness - Signing up . List of undesired countries: .
18:00:09.732 [main] DEBUG org.springframework.jdbc.datasource.DataSourceTransactionManager - Participating in existing transaction
18:00:09.732 [main] DEBUG org.springframework.jdbc.datasource.DataSourceTransactionManager - Participating in existing transaction
18:00:09.733 [main] INFO fr.insalyon.creatis.vip.core.server.business.ConfigurationBusiness - Sending confirmation email to 'test2@test.fr'.
18:00:09.733 [main] DEBUG org.springframework.jdbc.datasource.DataSourceTransactionManager - Participating in existing transaction
18:00:09.733 [main] DEBUG org.springframework.jdbc.datasource.DataSourceTransactionManager - Participating in existing transaction
18:00:09.733 [main] DEBUG org.springframework.jdbc.datasource.DataSourceTransactionManager - Participating in existing transaction
18:00:09.733 [main] DEBUG org.springframework.jdbc.datasource.DataSourceTransactionManager - Participating in existing transaction
User = test3@test.fr
18:00:09.734 [main] INFO fr.insalyon.creatis.vip.core.server.business.ConfigurationBusiness - verifying test3@test.fr. List of undesired mail domains: . 
18:00:09.734 [main] INFO fr.insalyon.creatis.vip.core.server.business.ConfigurationBusiness - Signing up . List of undesired countries: .
18:00:09.734 [main] DEBUG org.springframework.jdbc.datasource.DataSourceTransactionManager - Participating in existing transaction
18:00:09.734 [main] DEBUG org.springframework.jdbc.datasource.DataSourceTransactionManager - Participating in existing transaction
18:00:09.734 [main] INFO fr.insalyon.creatis.vip.core.server.business.ConfigurationBusiness - Sending confirmation email to 'test3@test.fr'.
18:00:09.735 [main] DEBUG org.springframework.jdbc.datasource.DataSourceTransactionManager - Participating in existing transaction
18:00:09.735 [main] DEBUG org.springframework.jdbc.datasource.DataSourceTransactionManager - Participating in existing transaction
18:00:09.735 [main] DEBUG org.springframework.jdbc.datasource.DataSourceTransactionManager - Participating in existing transaction
18:00:09.735 [main] DEBUG org.springframework.jdbc.datasource.DataSourceTransactionManager - Participating in existing transaction
User = test4@test.fr
18:00:09.735 [main] INFO fr.insalyon.creatis.vip.core.server.business.ConfigurationBusiness - verifying test4@test.fr. List of undesired mail domains: . 
18:00:09.735 [main] INFO fr.insalyon.creatis.vip.core.server.business.ConfigurationBusiness - Signing up . List of undesired countries: .
18:00:09.736 [main] DEBUG org.springframework.jdbc.datasource.DataSourceTransactionManager - Participating in existing transaction
18:00:09.736 [main] DEBUG org.springframework.jdbc.datasource.DataSourceTransactionManager - Participating in existing transaction
18:00:09.736 [main] INFO fr.insalyon.creatis.vip.core.server.business.ConfigurationBusiness - Sending confirmation email to 'test4@test.fr'.
18:00:09.736 [main] DEBUG org.springframework.jdbc.datasource.DataSourceTransactionManager - Participating in existing transaction
18:00:09.737 [main] DEBUG org.springframework.jdbc.datasource.DataSourceTransactionManager - Participating in existing transaction
18:00:09.737 [main] DEBUG org.springframework.jdbc.datasource.DataSourceTransactionManager - Participating in existing transaction
18:00:09.737 [main] DEBUG org.springframework.jdbc.datasource.DataSourceTransactionManager - Participating in existing transaction
18:00:09.737 [main] DEBUG org.springframework.jdbc.datasource.DataSourceTransactionManager - Participating in existing transaction
18:00:09.737 [main] DEBUG org.springframework.jdbc.datasource.DataSourceTransactionManager - Participating in existing transaction
18:00:09.737 [main] DEBUG org.springframework.jdbc.datasource.DataSourceTransactionManager - Participating in existing transaction
18:00:09.737 [main] DEBUG org.springframework.jdbc.datasource.DataSourceTransactionManager - Participating in existing transaction
18:00:09.737 [main] DEBUG org.springframework.jdbc.datasource.DataSourceTransactionManager - Participating in existing transaction
18:00:09.738 [main] DEBUG org.springframework.jdbc.datasource.DataSourceTransactionManager - Participating in existing transaction
18:00:09.738 [main] DEBUG org.springframework.jdbc.datasource.DataSourceTransactionManager - Participating in existing transaction
18:00:09.738 [main] DEBUG org.springframework.jdbc.datasource.DataSourceTransactionManager - Participating in existing transaction
User = email5@test.fr
18:00:09.738 [main] INFO fr.insalyon.creatis.vip.core.server.business.ConfigurationBusiness - verifying email5@test.fr. List of undesired mail domains: . 
18:00:09.738 [main] INFO fr.insalyon.creatis.vip.core.server.business.ConfigurationBusiness - Signing up . List of undesired countries: .
18:00:09.738 [main] DEBUG org.springframework.jdbc.datasource.DataSourceTransactionManager - Participating in existing transaction
18:00:09.739 [main] DEBUG org.springframework.jdbc.datasource.DataSourceTransactionManager - Participating in existing transaction
18:00:09.739 [main] INFO fr.insalyon.creatis.vip.core.server.business.ConfigurationBusiness - Sending confirmation email to 'email5@test.fr'.
18:00:09.739 [main] DEBUG org.springframework.jdbc.datasource.DataSourceTransactionManager - Participating in existing transaction
18:00:09.739 [main] DEBUG org.springframework.test.context.cache.DefaultCacheAwareContextLoaderDelegate - Retrieved ApplicationContext [1050971191] from cache with key [[MergedContextConfiguration@1389e498 testClass = ConfigurationBusiness_CoreSpringServerIT, locations = '{}', classes = '{class fr.insalyon.creatis.vip.core.server.SpringCoreConfig}', contextInitializerClasses = '[]', activeProfiles = '{test-db, test}', propertySourceLocations = '{}', propertySourceProperties = '{db.tableEngine=}', contextCustomizers = set[[empty]], contextLoader = 'org.springframework.test.context.support.DelegatingSmartContextLoader', parent = [null]]]
18:00:09.739 [main] DEBUG org.springframework.test.context.cache - Spring test ApplicationContext cache statistics: [DefaultContextCache@4675f5b0 size = 1, maxSize = 32, parentContextCount = 0, hitCount = 142, missCount = 1]
18:00:09.740 [main] DEBUG org.springframework.jdbc.datasource.DataSourceTransactionManager - Participating in existing transaction
18:00:09.740 [main] DEBUG org.springframework.jdbc.datasource.DataSourceTransactionManager - Participating in existing transaction
18:00:09.740 [main] DEBUG org.springframework.jdbc.datasource.DataSourceTransactionManager - Participating in existing transaction
18:00:09.740 [main] DEBUG org.springframework.jdbc.datasource.DataSourceTransactionManager - Participating in existing transaction
18:00:09.741 [main] ERROR fr.insalyon.creatis.vip.core.server.business.ConfigurationBusiness - Authentication failed to 'test3@test.fr' (email or password incorrect, or user is locked).
18:00:09.741 [main] DEBUG org.springframework.test.context.cache.DefaultCacheAwareContextLoaderDelegate - Retrieved ApplicationContext [1050971191] from cache with key [[MergedContextConfiguration@1389e498 testClass = ConfigurationBusiness_CoreSpringServerIT, locations = '{}', classes = '{class fr.insalyon.creatis.vip.core.server.SpringCoreConfig}', contextInitializerClasses = '[]', activeProfiles = '{test-db, test}', propertySourceLocations = '{}', propertySourceProperties = '{db.tableEngine=}', contextCustomizers = set[[empty]], contextLoader = 'org.springframework.test.context.support.DelegatingSmartContextLoader', parent = [null]]]
18:00:09.741 [main] DEBUG org.springframework.test.context.cache - Spring test ApplicationContext cache statistics: [DefaultContextCache@4675f5b0 size = 1, maxSize = 32, parentContextCount = 0, hitCount = 143, missCount = 1]
18:00:09.741 [main] DEBUG org.springframework.test.context.cache.DefaultCacheAwareContextLoaderDelegate - Retrieved ApplicationContext [1050971191] from cache with key [[MergedContextConfiguration@1389e498 testClass = ConfigurationBusiness_CoreSpringServerIT, locations = '{}', classes = '{class fr.insalyon.creatis.vip.core.server.SpringCoreConfig}', contextInitializerClasses = '[]', activeProfiles = '{test-db, test}', propertySourceLocations = '{}', propertySourceProperties = '{db.tableEngine=}', contextCustomizers = set[[empty]], contextLoader = 'org.springframework.test.context.support.DelegatingSmartContextLoader', parent = [null]]]
18:00:09.741 [main] DEBUG org.springframework.test.context.cache - Spring test ApplicationContext cache statistics: [DefaultContextCache@4675f5b0 size = 1, maxSize = 32, parentContextCount = 0, hitCount = 144, missCount = 1]
18:00:09.741 [main] DEBUG org.springframework.jdbc.datasource.DataSourceTransactionManager - Initiating transaction rollback
18:00:09.741 [main] DEBUG org.springframework.jdbc.datasource.DataSourceTransactionManager - Rolling back JDBC transaction on Connection [conn34: url=jdbc:h2:mem:fec2b152-de2f-4c07-a3e1-df691c7daf9d user=SA]
18:00:09.742 [main] DEBUG org.springframework.jdbc.datasource.DataSourceTransactionManager - Releasing JDBC Connection [conn34: url=jdbc:h2:mem:fec2b152-de2f-4c07-a3e1-df691c7daf9d user=SA] after transaction
18:00:09.742 [main] INFO org.springframework.test.context.transaction.TransactionContext - Rolled back transaction for test: [DefaultTestContext@18e20fa8 testClass = ConfigurationBusiness_CoreSpringServerIT, testInstance = ConfigurationBusiness_CoreSpringServerIT@64829fc5, testMethod = testCatchSigninUserWrongPassword@ConfigurationBusiness_CoreSpringServerIT, testException = [null], mergedContextConfiguration = [MergedContextConfiguration@1389e498 testClass = ConfigurationBusiness_CoreSpringServerIT, locations = '{}', classes = '{class fr.insalyon.creatis.vip.core.server.SpringCoreConfig}', contextInitializerClasses = '[]', activeProfiles = '{test-db, test}', propertySourceLocations = '{}', propertySourceProperties = '{db.tableEngine=}', contextCustomizers = set[[empty]], contextLoader = 'org.springframework.test.context.support.DelegatingSmartContextLoader', parent = [null]], attributes = map['org.springframework.test.context.event.ApplicationEventsTestExecutionListener.recordApplicationEvents' -> false]]
18:00:09.742 [main] DEBUG org.springframework.test.context.support.AbstractDirtiesContextTestExecutionListener - After test method: context [DefaultTestContext@18e20fa8 testClass = ConfigurationBusiness_CoreSpringServerIT, testInstance = ConfigurationBusiness_CoreSpringServerIT@64829fc5, testMethod = testCatchSigninUserWrongPassword@ConfigurationBusiness_CoreSpringServerIT, testException = [null], mergedContextConfiguration = [MergedContextConfiguration@1389e498 testClass = ConfigurationBusiness_CoreSpringServerIT, locations = '{}', classes = '{class fr.insalyon.creatis.vip.core.server.SpringCoreConfig}', contextInitializerClasses = '[]', activeProfiles = '{test-db, test}', propertySourceLocations = '{}', propertySourceProperties = '{db.tableEngine=}', contextCustomizers = set[[empty]], contextLoader = 'org.springframework.test.context.support.DelegatingSmartContextLoader', parent = [null]], attributes = map['org.springframework.test.context.event.ApplicationEventsTestExecutionListener.recordApplicationEvents' -> false]], class annotated with @DirtiesContext [false] with mode [null], method annotated with @DirtiesContext [false] with mode [null].
]]></system-out>
  </testcase>
  <testcase name="testRequestNewEmail" classname="ConfigurationBusiness_CoreSpringServerIT" time="0.054">
    <system-out><![CDATA[18:00:09.755 [main] DEBUG org.springframework.test.context.support.DependencyInjectionTestExecutionListener - Performing dependency injection for test context [[DefaultTestContext@18e20fa8 testClass = ConfigurationBusiness_CoreSpringServerIT, testInstance = ConfigurationBusiness_CoreSpringServerIT@5a00dab7, testMethod = [null], testException = [null], mergedContextConfiguration = [MergedContextConfiguration@1389e498 testClass = ConfigurationBusiness_CoreSpringServerIT, locations = '{}', classes = '{class fr.insalyon.creatis.vip.core.server.SpringCoreConfig}', contextInitializerClasses = '[]', activeProfiles = '{test-db, test}', propertySourceLocations = '{}', propertySourceProperties = '{db.tableEngine=}', contextCustomizers = set[[empty]], contextLoader = 'org.springframework.test.context.support.DelegatingSmartContextLoader', parent = [null]], attributes = map['org.springframework.test.context.event.ApplicationEventsTestExecutionListener.recordApplicationEvents' -> false]]].
18:00:09.755 [main] DEBUG org.springframework.test.context.cache.DefaultCacheAwareContextLoaderDelegate - Retrieved ApplicationContext [1050971191] from cache with key [[MergedContextConfiguration@1389e498 testClass = ConfigurationBusiness_CoreSpringServerIT, locations = '{}', classes = '{class fr.insalyon.creatis.vip.core.server.SpringCoreConfig}', contextInitializerClasses = '[]', activeProfiles = '{test-db, test}', propertySourceLocations = '{}', propertySourceProperties = '{db.tableEngine=}', contextCustomizers = set[[empty]], contextLoader = 'org.springframework.test.context.support.DelegatingSmartContextLoader', parent = [null]]]
18:00:09.755 [main] DEBUG org.springframework.test.context.cache - Spring test ApplicationContext cache statistics: [DefaultContextCache@4675f5b0 size = 1, maxSize = 32, parentContextCount = 0, hitCount = 145, missCount = 1]
18:00:09.755 [main] DEBUG org.springframework.test.context.cache.DefaultCacheAwareContextLoaderDelegate - Retrieved ApplicationContext [1050971191] from cache with key [[MergedContextConfiguration@1389e498 testClass = ConfigurationBusiness_CoreSpringServerIT, locations = '{}', classes = '{class fr.insalyon.creatis.vip.core.server.SpringCoreConfig}', contextInitializerClasses = '[]', activeProfiles = '{test-db, test}', propertySourceLocations = '{}', propertySourceProperties = '{db.tableEngine=}', contextCustomizers = set[[empty]], contextLoader = 'org.springframework.test.context.support.DelegatingSmartContextLoader', parent = [null]]]
18:00:09.755 [main] DEBUG org.springframework.test.context.cache - Spring test ApplicationContext cache statistics: [DefaultContextCache@4675f5b0 size = 1, maxSize = 32, parentContextCount = 0, hitCount = 146, missCount = 1]
18:00:09.756 [main] DEBUG org.springframework.test.context.support.AbstractDirtiesContextTestExecutionListener - Before test method: context [DefaultTestContext@18e20fa8 testClass = ConfigurationBusiness_CoreSpringServerIT, testInstance = ConfigurationBusiness_CoreSpringServerIT@5a00dab7, testMethod = testRequestNewEmail@ConfigurationBusiness_CoreSpringServerIT, testException = [null], mergedContextConfiguration = [MergedContextConfiguration@1389e498 testClass = ConfigurationBusiness_CoreSpringServerIT, locations = '{}', classes = '{class fr.insalyon.creatis.vip.core.server.SpringCoreConfig}', contextInitializerClasses = '[]', activeProfiles = '{test-db, test}', propertySourceLocations = '{}', propertySourceProperties = '{db.tableEngine=}', contextCustomizers = set[[empty]], contextLoader = 'org.springframework.test.context.support.DelegatingSmartContextLoader', parent = [null]], attributes = map['org.springframework.test.context.event.ApplicationEventsTestExecutionListener.recordApplicationEvents' -> false]], class annotated with @DirtiesContext [false] with mode [null], method annotated with @DirtiesContext [false] with mode [null].
18:00:09.757 [main] DEBUG org.springframework.test.context.transaction.TransactionalTestExecutionListener - Explicit transaction definition [PROPAGATION_REQUIRED,ISOLATION_DEFAULT] found for test context [DefaultTestContext@18e20fa8 testClass = ConfigurationBusiness_CoreSpringServerIT, testInstance = ConfigurationBusiness_CoreSpringServerIT@5a00dab7, testMethod = testRequestNewEmail@ConfigurationBusiness_CoreSpringServerIT, testException = [null], mergedContextConfiguration = [MergedContextConfiguration@1389e498 testClass = ConfigurationBusiness_CoreSpringServerIT, locations = '{}', classes = '{class fr.insalyon.creatis.vip.core.server.SpringCoreConfig}', contextInitializerClasses = '[]', activeProfiles = '{test-db, test}', propertySourceLocations = '{}', propertySourceProperties = '{db.tableEngine=}', contextCustomizers = set[[empty]], contextLoader = 'org.springframework.test.context.support.DelegatingSmartContextLoader', parent = [null]], attributes = map['org.springframework.test.context.event.ApplicationEventsTestExecutionListener.recordApplicationEvents' -> false]]
18:00:09.757 [main] DEBUG org.springframework.test.context.cache.DefaultCacheAwareContextLoaderDelegate - Retrieved ApplicationContext [1050971191] from cache with key [[MergedContextConfiguration@1389e498 testClass = ConfigurationBusiness_CoreSpringServerIT, locations = '{}', classes = '{class fr.insalyon.creatis.vip.core.server.SpringCoreConfig}', contextInitializerClasses = '[]', activeProfiles = '{test-db, test}', propertySourceLocations = '{}', propertySourceProperties = '{db.tableEngine=}', contextCustomizers = set[[empty]], contextLoader = 'org.springframework.test.context.support.DelegatingSmartContextLoader', parent = [null]]]
18:00:09.757 [main] DEBUG org.springframework.test.context.cache - Spring test ApplicationContext cache statistics: [DefaultContextCache@4675f5b0 size = 1, maxSize = 32, parentContextCount = 0, hitCount = 147, missCount = 1]
18:00:09.757 [main] DEBUG org.springframework.test.context.transaction.TransactionalTestExecutionListener - No method-level @Rollback override: using default rollback [true] for test context [DefaultTestContext@18e20fa8 testClass = ConfigurationBusiness_CoreSpringServerIT, testInstance = ConfigurationBusiness_CoreSpringServerIT@5a00dab7, testMethod = testRequestNewEmail@ConfigurationBusiness_CoreSpringServerIT, testException = [null], mergedContextConfiguration = [MergedContextConfiguration@1389e498 testClass = ConfigurationBusiness_CoreSpringServerIT, locations = '{}', classes = '{class fr.insalyon.creatis.vip.core.server.SpringCoreConfig}', contextInitializerClasses = '[]', activeProfiles = '{test-db, test}', propertySourceLocations = '{}', propertySourceProperties = '{db.tableEngine=}', contextCustomizers = set[[empty]], contextLoader = 'org.springframework.test.context.support.DelegatingSmartContextLoader', parent = [null]], attributes = map['org.springframework.test.context.event.ApplicationEventsTestExecutionListener.recordApplicationEvents' -> false]].
18:00:09.757 [main] DEBUG org.springframework.jdbc.datasource.DataSourceTransactionManager - Creating new transaction with name [ConfigurationBusiness_CoreSpringServerIT.testRequestNewEmail]: PROPAGATION_REQUIRED,ISOLATION_DEFAULT
18:00:09.757 [main] DEBUG org.springframework.jdbc.datasource.DataSourceTransactionManager - Acquired Connection [Lazy Connection proxy for target DataSource [org.springframework.jdbc.datasource.embedded.EmbeddedDatabaseFactory$EmbeddedDataSourceProxy@5764c072]] for JDBC transaction
18:00:09.758 [main] DEBUG org.springframework.jdbc.datasource.DataSourceTransactionManager - Switching JDBC Connection [Lazy Connection proxy for target DataSource [org.springframework.jdbc.datasource.embedded.EmbeddedDatabaseFactory$EmbeddedDataSourceProxy@5764c072]] to manual commit
18:00:09.758 [main] INFO org.springframework.test.context.transaction.TransactionContext - Began transaction (1) for test context [DefaultTestContext@18e20fa8 testClass = ConfigurationBusiness_CoreSpringServerIT, testInstance = ConfigurationBusiness_CoreSpringServerIT@5a00dab7, testMethod = testRequestNewEmail@ConfigurationBusiness_CoreSpringServerIT, testException = [null], mergedContextConfiguration = [MergedContextConfiguration@1389e498 testClass = ConfigurationBusiness_CoreSpringServerIT, locations = '{}', classes = '{class fr.insalyon.creatis.vip.core.server.SpringCoreConfig}', contextInitializerClasses = '[]', activeProfiles = '{test-db, test}', propertySourceLocations = '{}', propertySourceProperties = '{db.tableEngine=}', contextCustomizers = set[[empty]], contextLoader = 'org.springframework.test.context.support.DelegatingSmartContextLoader', parent = [null]], attributes = map['org.springframework.test.context.event.ApplicationEventsTestExecutionListener.recordApplicationEvents' -> false]]; transaction manager [org.springframework.jdbc.datasource.DataSourceTransactionManager@178b2df1]; rollback [true]
18:00:09.758 [main] DEBUG org.springframework.test.context.cache.DefaultCacheAwareContextLoaderDelegate - Retrieved ApplicationContext [1050971191] from cache with key [[MergedContextConfiguration@1389e498 testClass = ConfigurationBusiness_CoreSpringServerIT, locations = '{}', classes = '{class fr.insalyon.creatis.vip.core.server.SpringCoreConfig}', contextInitializerClasses = '[]', activeProfiles = '{test-db, test}', propertySourceLocations = '{}', propertySourceProperties = '{db.tableEngine=}', contextCustomizers = set[[empty]], contextLoader = 'org.springframework.test.context.support.DelegatingSmartContextLoader', parent = [null]]]
18:00:09.758 [main] DEBUG org.springframework.test.context.cache - Spring test ApplicationContext cache statistics: [DefaultContextCache@4675f5b0 size = 1, maxSize = 32, parentContextCount = 0, hitCount = 148, missCount = 1]
18:00:09.760 [main] DEBUG org.springframework.jdbc.datasource.DataSourceTransactionManager - Participating in existing transaction
18:00:09.760 [main] DEBUG org.springframework.jdbc.datasource.DataSourceTransactionManager - Participating in existing transaction
18:00:09.760 [main] DEBUG org.springframework.jdbc.datasource.SimpleDriverDataSource - Creating new JDBC Driver Connection to [jdbc:h2:mem:fec2b152-de2f-4c07-a3e1-df691c7daf9d;DB_CLOSE_DELAY=-1;DB_CLOSE_ON_EXIT=false]
18:00:09.761 [main] DEBUG org.springframework.jdbc.datasource.DataSourceTransactionManager - Participating in existing transaction
18:00:09.761 [main] DEBUG org.springframework.jdbc.datasource.DataSourceTransactionManager - Participating in existing transaction
18:00:09.761 [main] DEBUG org.springframework.jdbc.datasource.DataSourceTransactionManager - Participating in existing transaction
18:00:09.761 [main] DEBUG org.springframework.jdbc.datasource.DataSourceTransactionManager - Participating in existing transaction
18:00:09.762 [main] DEBUG org.springframework.jdbc.datasource.DataSourceTransactionManager - Participating in existing transaction
User = test1@test.fr
18:00:09.762 [main] INFO fr.insalyon.creatis.vip.core.server.business.ConfigurationBusiness - verifying test1@test.fr. List of undesired mail domains: . 
18:00:09.762 [main] INFO fr.insalyon.creatis.vip.core.server.business.ConfigurationBusiness - Signing up . List of undesired countries: .
18:00:09.763 [main] DEBUG org.springframework.jdbc.datasource.DataSourceTransactionManager - Participating in existing transaction
18:00:09.763 [main] DEBUG org.springframework.jdbc.datasource.DataSourceTransactionManager - Participating in existing transaction
18:00:09.763 [main] INFO fr.insalyon.creatis.vip.core.server.business.ConfigurationBusiness - Sending confirmation email to 'test1@test.fr'.
18:00:09.764 [main] DEBUG org.springframework.jdbc.datasource.DataSourceTransactionManager - Participating in existing transaction
18:00:09.765 [main] DEBUG org.springframework.jdbc.datasource.DataSourceTransactionManager - Participating in existing transaction
18:00:09.765 [main] DEBUG org.springframework.jdbc.datasource.DataSourceTransactionManager - Participating in existing transaction
18:00:09.767 [main] DEBUG org.springframework.jdbc.datasource.DataSourceTransactionManager - Participating in existing transaction
User = test2@test.fr
18:00:09.767 [main] INFO fr.insalyon.creatis.vip.core.server.business.ConfigurationBusiness - verifying test2@test.fr. List of undesired mail domains: . 
18:00:09.768 [main] INFO fr.insalyon.creatis.vip.core.server.business.ConfigurationBusiness - Signing up . List of undesired countries: .
18:00:09.769 [main] DEBUG org.springframework.jdbc.datasource.DataSourceTransactionManager - Participating in existing transaction
18:00:09.770 [main] DEBUG org.springframework.jdbc.datasource.DataSourceTransactionManager - Participating in existing transaction
18:00:09.772 [main] INFO fr.insalyon.creatis.vip.core.server.business.ConfigurationBusiness - Sending confirmation email to 'test2@test.fr'.
18:00:09.772 [main] DEBUG org.springframework.jdbc.datasource.DataSourceTransactionManager - Participating in existing transaction
18:00:09.773 [main] DEBUG org.springframework.jdbc.datasource.DataSourceTransactionManager - Participating in existing transaction
18:00:09.773 [main] DEBUG org.springframework.jdbc.datasource.DataSourceTransactionManager - Participating in existing transaction
18:00:09.773 [main] DEBUG org.springframework.jdbc.datasource.DataSourceTransactionManager - Participating in existing transaction
User = test3@test.fr
18:00:09.773 [main] INFO fr.insalyon.creatis.vip.core.server.business.ConfigurationBusiness - verifying test3@test.fr. List of undesired mail domains: . 
18:00:09.773 [main] INFO fr.insalyon.creatis.vip.core.server.business.ConfigurationBusiness - Signing up . List of undesired countries: .
18:00:09.774 [main] DEBUG org.springframework.jdbc.datasource.DataSourceTransactionManager - Participating in existing transaction
18:00:09.774 [main] DEBUG org.springframework.jdbc.datasource.DataSourceTransactionManager - Participating in existing transaction
18:00:09.774 [main] INFO fr.insalyon.creatis.vip.core.server.business.ConfigurationBusiness - Sending confirmation email to 'test3@test.fr'.
18:00:09.774 [main] DEBUG org.springframework.jdbc.datasource.DataSourceTransactionManager - Participating in existing transaction
18:00:09.775 [main] DEBUG org.springframework.jdbc.datasource.DataSourceTransactionManager - Participating in existing transaction
18:00:09.775 [main] DEBUG org.springframework.jdbc.datasource.DataSourceTransactionManager - Participating in existing transaction
18:00:09.775 [main] DEBUG org.springframework.jdbc.datasource.DataSourceTransactionManager - Participating in existing transaction
User = test4@test.fr
18:00:09.775 [main] INFO fr.insalyon.creatis.vip.core.server.business.ConfigurationBusiness - verifying test4@test.fr. List of undesired mail domains: . 
18:00:09.775 [main] INFO fr.insalyon.creatis.vip.core.server.business.ConfigurationBusiness - Signing up . List of undesired countries: .
18:00:09.776 [main] DEBUG org.springframework.jdbc.datasource.DataSourceTransactionManager - Participating in existing transaction
18:00:09.776 [main] DEBUG org.springframework.jdbc.datasource.DataSourceTransactionManager - Participating in existing transaction
18:00:09.776 [main] INFO fr.insalyon.creatis.vip.core.server.business.ConfigurationBusiness - Sending confirmation email to 'test4@test.fr'.
18:00:09.776 [main] DEBUG org.springframework.jdbc.datasource.DataSourceTransactionManager - Participating in existing transaction
18:00:09.776 [main] DEBUG org.springframework.jdbc.datasource.DataSourceTransactionManager - Participating in existing transaction
18:00:09.776 [main] DEBUG org.springframework.jdbc.datasource.DataSourceTransactionManager - Participating in existing transaction
18:00:09.777 [main] DEBUG org.springframework.jdbc.datasource.DataSourceTransactionManager - Participating in existing transaction
18:00:09.777 [main] DEBUG org.springframework.jdbc.datasource.DataSourceTransactionManager - Participating in existing transaction
18:00:09.777 [main] DEBUG org.springframework.jdbc.datasource.DataSourceTransactionManager - Participating in existing transaction
18:00:09.777 [main] DEBUG org.springframework.jdbc.datasource.DataSourceTransactionManager - Participating in existing transaction
18:00:09.777 [main] DEBUG org.springframework.jdbc.datasource.DataSourceTransactionManager - Participating in existing transaction
18:00:09.777 [main] DEBUG org.springframework.jdbc.datasource.DataSourceTransactionManager - Participating in existing transaction
18:00:09.777 [main] DEBUG org.springframework.jdbc.datasource.DataSourceTransactionManager - Participating in existing transaction
18:00:09.777 [main] DEBUG org.springframework.jdbc.datasource.DataSourceTransactionManager - Participating in existing transaction
18:00:09.778 [main] DEBUG org.springframework.jdbc.datasource.DataSourceTransactionManager - Participating in existing transaction
User = email5@test.fr
18:00:09.778 [main] INFO fr.insalyon.creatis.vip.core.server.business.ConfigurationBusiness - verifying email5@test.fr. List of undesired mail domains: . 
18:00:09.778 [main] INFO fr.insalyon.creatis.vip.core.server.business.ConfigurationBusiness - Signing up . List of undesired countries: .
18:00:09.778 [main] DEBUG org.springframework.jdbc.datasource.DataSourceTransactionManager - Participating in existing transaction
18:00:09.778 [main] DEBUG org.springframework.jdbc.datasource.DataSourceTransactionManager - Participating in existing transaction
18:00:09.778 [main] INFO fr.insalyon.creatis.vip.core.server.business.ConfigurationBusiness - Sending confirmation email to 'email5@test.fr'.
18:00:09.779 [main] DEBUG org.springframework.jdbc.datasource.DataSourceTransactionManager - Participating in existing transaction
18:00:09.785 [main] DEBUG org.springframework.test.context.cache.DefaultCacheAwareContextLoaderDelegate - Retrieved ApplicationContext [1050971191] from cache with key [[MergedContextConfiguration@1389e498 testClass = ConfigurationBusiness_CoreSpringServerIT, locations = '{}', classes = '{class fr.insalyon.creatis.vip.core.server.SpringCoreConfig}', contextInitializerClasses = '[]', activeProfiles = '{test-db, test}', propertySourceLocations = '{}', propertySourceProperties = '{db.tableEngine=}', contextCustomizers = set[[empty]], contextLoader = 'org.springframework.test.context.support.DelegatingSmartContextLoader', parent = [null]]]
18:00:09.785 [main] DEBUG org.springframework.test.context.cache - Spring test ApplicationContext cache statistics: [DefaultContextCache@4675f5b0 size = 1, maxSize = 32, parentContextCount = 0, hitCount = 149, missCount = 1]
18:00:09.788 [main] DEBUG org.springframework.jdbc.datasource.DataSourceTransactionManager - Participating in existing transaction
18:00:09.789 [main] DEBUG org.springframework.jdbc.datasource.DataSourceTransactionManager - Participating in existing transaction
18:00:09.789 [main] DEBUG org.springframework.jdbc.datasource.DataSourceTransactionManager - Participating in existing transaction
18:00:09.807 [main] DEBUG org.springframework.jdbc.datasource.DataSourceTransactionManager - Participating in existing transaction
18:00:09.807 [main] DEBUG org.springframework.jdbc.datasource.DataSourceTransactionManager - Participating in existing transaction
18:00:09.808 [main] DEBUG org.springframework.jdbc.datasource.DataSourceTransactionManager - Participating in existing transaction
18:00:09.808 [main] DEBUG org.springframework.jdbc.datasource.DataSourceTransactionManager - Participating in existing transaction
18:00:09.809 [main] DEBUG org.springframework.test.context.cache.DefaultCacheAwareContextLoaderDelegate - Retrieved ApplicationContext [1050971191] from cache with key [[MergedContextConfiguration@1389e498 testClass = ConfigurationBusiness_CoreSpringServerIT, locations = '{}', classes = '{class fr.insalyon.creatis.vip.core.server.SpringCoreConfig}', contextInitializerClasses = '[]', activeProfiles = '{test-db, test}', propertySourceLocations = '{}', propertySourceProperties = '{db.tableEngine=}', contextCustomizers = set[[empty]], contextLoader = 'org.springframework.test.context.support.DelegatingSmartContextLoader', parent = [null]]]
18:00:09.809 [main] DEBUG org.springframework.test.context.cache - Spring test ApplicationContext cache statistics: [DefaultContextCache@4675f5b0 size = 1, maxSize = 32, parentContextCount = 0, hitCount = 150, missCount = 1]
18:00:09.809 [main] DEBUG org.springframework.test.context.cache.DefaultCacheAwareContextLoaderDelegate - Retrieved ApplicationContext [1050971191] from cache with key [[MergedContextConfiguration@1389e498 testClass = ConfigurationBusiness_CoreSpringServerIT, locations = '{}', classes = '{class fr.insalyon.creatis.vip.core.server.SpringCoreConfig}', contextInitializerClasses = '[]', activeProfiles = '{test-db, test}', propertySourceLocations = '{}', propertySourceProperties = '{db.tableEngine=}', contextCustomizers = set[[empty]], contextLoader = 'org.springframework.test.context.support.DelegatingSmartContextLoader', parent = [null]]]
18:00:09.809 [main] DEBUG org.springframework.test.context.cache - Spring test ApplicationContext cache statistics: [DefaultContextCache@4675f5b0 size = 1, maxSize = 32, parentContextCount = 0, hitCount = 151, missCount = 1]
18:00:09.809 [main] DEBUG org.springframework.jdbc.datasource.DataSourceTransactionManager - Initiating transaction rollback
18:00:09.809 [main] DEBUG org.springframework.jdbc.datasource.DataSourceTransactionManager - Rolling back JDBC transaction on Connection [conn35: url=jdbc:h2:mem:fec2b152-de2f-4c07-a3e1-df691c7daf9d user=SA]
18:00:09.810 [main] DEBUG org.springframework.jdbc.datasource.DataSourceTransactionManager - Releasing JDBC Connection [conn35: url=jdbc:h2:mem:fec2b152-de2f-4c07-a3e1-df691c7daf9d user=SA] after transaction
18:00:09.810 [main] INFO org.springframework.test.context.transaction.TransactionContext - Rolled back transaction for test: [DefaultTestContext@18e20fa8 testClass = ConfigurationBusiness_CoreSpringServerIT, testInstance = ConfigurationBusiness_CoreSpringServerIT@5a00dab7, testMethod = testRequestNewEmail@ConfigurationBusiness_CoreSpringServerIT, testException = [null], mergedContextConfiguration = [MergedContextConfiguration@1389e498 testClass = ConfigurationBusiness_CoreSpringServerIT, locations = '{}', classes = '{class fr.insalyon.creatis.vip.core.server.SpringCoreConfig}', contextInitializerClasses = '[]', activeProfiles = '{test-db, test}', propertySourceLocations = '{}', propertySourceProperties = '{db.tableEngine=}', contextCustomizers = set[[empty]], contextLoader = 'org.springframework.test.context.support.DelegatingSmartContextLoader', parent = [null]], attributes = map['org.springframework.test.context.event.ApplicationEventsTestExecutionListener.recordApplicationEvents' -> false]]
18:00:09.810 [main] DEBUG org.springframework.test.context.support.AbstractDirtiesContextTestExecutionListener - After test method: context [DefaultTestContext@18e20fa8 testClass = ConfigurationBusiness_CoreSpringServerIT, testInstance = ConfigurationBusiness_CoreSpringServerIT@5a00dab7, testMethod = testRequestNewEmail@ConfigurationBusiness_CoreSpringServerIT, testException = [null], mergedContextConfiguration = [MergedContextConfiguration@1389e498 testClass = ConfigurationBusiness_CoreSpringServerIT, locations = '{}', classes = '{class fr.insalyon.creatis.vip.core.server.SpringCoreConfig}', contextInitializerClasses = '[]', activeProfiles = '{test-db, test}', propertySourceLocations = '{}', propertySourceProperties = '{db.tableEngine=}', contextCustomizers = set[[empty]], contextLoader = 'org.springframework.test.context.support.DelegatingSmartContextLoader', parent = [null]], attributes = map['org.springframework.test.context.event.ApplicationEventsTestExecutionListener.recordApplicationEvents' -> false]], class annotated with @DirtiesContext [false] with mode [null], method annotated with @DirtiesContext [false] with mode [null].
]]></system-out>
  </testcase>
  <testcase name="testSetRegistrationDate" classname="ConfigurationBusiness_CoreSpringServerIT" time="0.049">
    <system-out><![CDATA[18:00:09.811 [main] DEBUG org.springframework.test.context.support.DependencyInjectionTestExecutionListener - Performing dependency injection for test context [[DefaultTestContext@18e20fa8 testClass = ConfigurationBusiness_CoreSpringServerIT, testInstance = ConfigurationBusiness_CoreSpringServerIT@257e54b2, testMethod = [null], testException = [null], mergedContextConfiguration = [MergedContextConfiguration@1389e498 testClass = ConfigurationBusiness_CoreSpringServerIT, locations = '{}', classes = '{class fr.insalyon.creatis.vip.core.server.SpringCoreConfig}', contextInitializerClasses = '[]', activeProfiles = '{test-db, test}', propertySourceLocations = '{}', propertySourceProperties = '{db.tableEngine=}', contextCustomizers = set[[empty]], contextLoader = 'org.springframework.test.context.support.DelegatingSmartContextLoader', parent = [null]], attributes = map['org.springframework.test.context.event.ApplicationEventsTestExecutionListener.recordApplicationEvents' -> false]]].
18:00:09.811 [main] DEBUG org.springframework.test.context.cache.DefaultCacheAwareContextLoaderDelegate - Retrieved ApplicationContext [1050971191] from cache with key [[MergedContextConfiguration@1389e498 testClass = ConfigurationBusiness_CoreSpringServerIT, locations = '{}', classes = '{class fr.insalyon.creatis.vip.core.server.SpringCoreConfig}', contextInitializerClasses = '[]', activeProfiles = '{test-db, test}', propertySourceLocations = '{}', propertySourceProperties = '{db.tableEngine=}', contextCustomizers = set[[empty]], contextLoader = 'org.springframework.test.context.support.DelegatingSmartContextLoader', parent = [null]]]
18:00:09.811 [main] DEBUG org.springframework.test.context.cache - Spring test ApplicationContext cache statistics: [DefaultContextCache@4675f5b0 size = 1, maxSize = 32, parentContextCount = 0, hitCount = 152, missCount = 1]
18:00:09.814 [main] DEBUG org.springframework.test.context.cache.DefaultCacheAwareContextLoaderDelegate - Retrieved ApplicationContext [1050971191] from cache with key [[MergedContextConfiguration@1389e498 testClass = ConfigurationBusiness_CoreSpringServerIT, locations = '{}', classes = '{class fr.insalyon.creatis.vip.core.server.SpringCoreConfig}', contextInitializerClasses = '[]', activeProfiles = '{test-db, test}', propertySourceLocations = '{}', propertySourceProperties = '{db.tableEngine=}', contextCustomizers = set[[empty]], contextLoader = 'org.springframework.test.context.support.DelegatingSmartContextLoader', parent = [null]]]
18:00:09.814 [main] DEBUG org.springframework.test.context.cache - Spring test ApplicationContext cache statistics: [DefaultContextCache@4675f5b0 size = 1, maxSize = 32, parentContextCount = 0, hitCount = 153, missCount = 1]
18:00:09.826 [main] DEBUG org.springframework.test.context.support.AbstractDirtiesContextTestExecutionListener - Before test method: context [DefaultTestContext@18e20fa8 testClass = ConfigurationBusiness_CoreSpringServerIT, testInstance = ConfigurationBusiness_CoreSpringServerIT@257e54b2, testMethod = testSetRegistrationDate@ConfigurationBusiness_CoreSpringServerIT, testException = [null], mergedContextConfiguration = [MergedContextConfiguration@1389e498 testClass = ConfigurationBusiness_CoreSpringServerIT, locations = '{}', classes = '{class fr.insalyon.creatis.vip.core.server.SpringCoreConfig}', contextInitializerClasses = '[]', activeProfiles = '{test-db, test}', propertySourceLocations = '{}', propertySourceProperties = '{db.tableEngine=}', contextCustomizers = set[[empty]], contextLoader = 'org.springframework.test.context.support.DelegatingSmartContextLoader', parent = [null]], attributes = map['org.springframework.test.context.event.ApplicationEventsTestExecutionListener.recordApplicationEvents' -> false]], class annotated with @DirtiesContext [false] with mode [null], method annotated with @DirtiesContext [false] with mode [null].
18:00:09.826 [main] DEBUG org.springframework.test.context.transaction.TransactionalTestExecutionListener - Explicit transaction definition [PROPAGATION_REQUIRED,ISOLATION_DEFAULT] found for test context [DefaultTestContext@18e20fa8 testClass = ConfigurationBusiness_CoreSpringServerIT, testInstance = ConfigurationBusiness_CoreSpringServerIT@257e54b2, testMethod = testSetRegistrationDate@ConfigurationBusiness_CoreSpringServerIT, testException = [null], mergedContextConfiguration = [MergedContextConfiguration@1389e498 testClass = ConfigurationBusiness_CoreSpringServerIT, locations = '{}', classes = '{class fr.insalyon.creatis.vip.core.server.SpringCoreConfig}', contextInitializerClasses = '[]', activeProfiles = '{test-db, test}', propertySourceLocations = '{}', propertySourceProperties = '{db.tableEngine=}', contextCustomizers = set[[empty]], contextLoader = 'org.springframework.test.context.support.DelegatingSmartContextLoader', parent = [null]], attributes = map['org.springframework.test.context.event.ApplicationEventsTestExecutionListener.recordApplicationEvents' -> false]]
18:00:09.826 [main] DEBUG org.springframework.test.context.cache.DefaultCacheAwareContextLoaderDelegate - Retrieved ApplicationContext [1050971191] from cache with key [[MergedContextConfiguration@1389e498 testClass = ConfigurationBusiness_CoreSpringServerIT, locations = '{}', classes = '{class fr.insalyon.creatis.vip.core.server.SpringCoreConfig}', contextInitializerClasses = '[]', activeProfiles = '{test-db, test}', propertySourceLocations = '{}', propertySourceProperties = '{db.tableEngine=}', contextCustomizers = set[[empty]], contextLoader = 'org.springframework.test.context.support.DelegatingSmartContextLoader', parent = [null]]]
18:00:09.827 [main] DEBUG org.springframework.test.context.cache - Spring test ApplicationContext cache statistics: [DefaultContextCache@4675f5b0 size = 1, maxSize = 32, parentContextCount = 0, hitCount = 154, missCount = 1]
18:00:09.827 [main] DEBUG org.springframework.test.context.transaction.TransactionalTestExecutionListener - No method-level @Rollback override: using default rollback [true] for test context [DefaultTestContext@18e20fa8 testClass = ConfigurationBusiness_CoreSpringServerIT, testInstance = ConfigurationBusiness_CoreSpringServerIT@257e54b2, testMethod = testSetRegistrationDate@ConfigurationBusiness_CoreSpringServerIT, testException = [null], mergedContextConfiguration = [MergedContextConfiguration@1389e498 testClass = ConfigurationBusiness_CoreSpringServerIT, locations = '{}', classes = '{class fr.insalyon.creatis.vip.core.server.SpringCoreConfig}', contextInitializerClasses = '[]', activeProfiles = '{test-db, test}', propertySourceLocations = '{}', propertySourceProperties = '{db.tableEngine=}', contextCustomizers = set[[empty]], contextLoader = 'org.springframework.test.context.support.DelegatingSmartContextLoader', parent = [null]], attributes = map['org.springframework.test.context.event.ApplicationEventsTestExecutionListener.recordApplicationEvents' -> false]].
18:00:09.827 [main] DEBUG org.springframework.jdbc.datasource.DataSourceTransactionManager - Creating new transaction with name [ConfigurationBusiness_CoreSpringServerIT.testSetRegistrationDate]: PROPAGATION_REQUIRED,ISOLATION_DEFAULT
18:00:09.827 [main] DEBUG org.springframework.jdbc.datasource.DataSourceTransactionManager - Acquired Connection [Lazy Connection proxy for target DataSource [org.springframework.jdbc.datasource.embedded.EmbeddedDatabaseFactory$EmbeddedDataSourceProxy@5764c072]] for JDBC transaction
18:00:09.828 [main] DEBUG org.springframework.jdbc.datasource.DataSourceTransactionManager - Switching JDBC Connection [Lazy Connection proxy for target DataSource [org.springframework.jdbc.datasource.embedded.EmbeddedDatabaseFactory$EmbeddedDataSourceProxy@5764c072]] to manual commit
18:00:09.828 [main] INFO org.springframework.test.context.transaction.TransactionContext - Began transaction (1) for test context [DefaultTestContext@18e20fa8 testClass = ConfigurationBusiness_CoreSpringServerIT, testInstance = ConfigurationBusiness_CoreSpringServerIT@257e54b2, testMethod = testSetRegistrationDate@ConfigurationBusiness_CoreSpringServerIT, testException = [null], mergedContextConfiguration = [MergedContextConfiguration@1389e498 testClass = ConfigurationBusiness_CoreSpringServerIT, locations = '{}', classes = '{class fr.insalyon.creatis.vip.core.server.SpringCoreConfig}', contextInitializerClasses = '[]', activeProfiles = '{test-db, test}', propertySourceLocations = '{}', propertySourceProperties = '{db.tableEngine=}', contextCustomizers = set[[empty]], contextLoader = 'org.springframework.test.context.support.DelegatingSmartContextLoader', parent = [null]], attributes = map['org.springframework.test.context.event.ApplicationEventsTestExecutionListener.recordApplicationEvents' -> false]]; transaction manager [org.springframework.jdbc.datasource.DataSourceTransactionManager@178b2df1]; rollback [true]
18:00:09.829 [main] DEBUG org.springframework.test.context.cache.DefaultCacheAwareContextLoaderDelegate - Retrieved ApplicationContext [1050971191] from cache with key [[MergedContextConfiguration@1389e498 testClass = ConfigurationBusiness_CoreSpringServerIT, locations = '{}', classes = '{class fr.insalyon.creatis.vip.core.server.SpringCoreConfig}', contextInitializerClasses = '[]', activeProfiles = '{test-db, test}', propertySourceLocations = '{}', propertySourceProperties = '{db.tableEngine=}', contextCustomizers = set[[empty]], contextLoader = 'org.springframework.test.context.support.DelegatingSmartContextLoader', parent = [null]]]
18:00:09.829 [main] DEBUG org.springframework.test.context.cache - Spring test ApplicationContext cache statistics: [DefaultContextCache@4675f5b0 size = 1, maxSize = 32, parentContextCount = 0, hitCount = 155, missCount = 1]
18:00:09.830 [main] DEBUG org.springframework.jdbc.datasource.DataSourceTransactionManager - Participating in existing transaction
18:00:09.830 [main] DEBUG org.springframework.jdbc.datasource.DataSourceTransactionManager - Participating in existing transaction
18:00:09.830 [main] DEBUG org.springframework.jdbc.datasource.SimpleDriverDataSource - Creating new JDBC Driver Connection to [jdbc:h2:mem:fec2b152-de2f-4c07-a3e1-df691c7daf9d;DB_CLOSE_DELAY=-1;DB_CLOSE_ON_EXIT=false]
18:00:09.832 [main] DEBUG org.springframework.jdbc.datasource.DataSourceTransactionManager - Participating in existing transaction
18:00:09.832 [main] DEBUG org.springframework.jdbc.datasource.DataSourceTransactionManager - Participating in existing transaction
18:00:09.832 [main] DEBUG org.springframework.jdbc.datasource.DataSourceTransactionManager - Participating in existing transaction
18:00:09.832 [main] DEBUG org.springframework.jdbc.datasource.DataSourceTransactionManager - Participating in existing transaction
18:00:09.833 [main] DEBUG org.springframework.jdbc.datasource.DataSourceTransactionManager - Participating in existing transaction
User = test1@test.fr
18:00:09.833 [main] INFO fr.insalyon.creatis.vip.core.server.business.ConfigurationBusiness - verifying test1@test.fr. List of undesired mail domains: . 
18:00:09.833 [main] INFO fr.insalyon.creatis.vip.core.server.business.ConfigurationBusiness - Signing up . List of undesired countries: .
18:00:09.834 [main] DEBUG org.springframework.jdbc.datasource.DataSourceTransactionManager - Participating in existing transaction
18:00:09.834 [main] DEBUG org.springframework.jdbc.datasource.DataSourceTransactionManager - Participating in existing transaction
18:00:09.834 [main] INFO fr.insalyon.creatis.vip.core.server.business.ConfigurationBusiness - Sending confirmation email to 'test1@test.fr'.
18:00:09.834 [main] DEBUG org.springframework.jdbc.datasource.DataSourceTransactionManager - Participating in existing transaction
18:00:09.836 [main] DEBUG org.springframework.jdbc.datasource.DataSourceTransactionManager - Participating in existing transaction
18:00:09.836 [main] DEBUG org.springframework.jdbc.datasource.DataSourceTransactionManager - Participating in existing transaction
18:00:09.836 [main] DEBUG org.springframework.jdbc.datasource.DataSourceTransactionManager - Participating in existing transaction
User = test2@test.fr
18:00:09.836 [main] INFO fr.insalyon.creatis.vip.core.server.business.ConfigurationBusiness - verifying test2@test.fr. List of undesired mail domains: . 
18:00:09.837 [main] INFO fr.insalyon.creatis.vip.core.server.business.ConfigurationBusiness - Signing up . List of undesired countries: .
18:00:09.837 [main] DEBUG org.springframework.jdbc.datasource.DataSourceTransactionManager - Participating in existing transaction
18:00:09.837 [main] DEBUG org.springframework.jdbc.datasource.DataSourceTransactionManager - Participating in existing transaction
18:00:09.837 [main] INFO fr.insalyon.creatis.vip.core.server.business.ConfigurationBusiness - Sending confirmation email to 'test2@test.fr'.
18:00:09.838 [main] DEBUG org.springframework.jdbc.datasource.DataSourceTransactionManager - Participating in existing transaction
18:00:09.838 [main] DEBUG org.springframework.jdbc.datasource.DataSourceTransactionManager - Participating in existing transaction
18:00:09.838 [main] DEBUG org.springframework.jdbc.datasource.DataSourceTransactionManager - Participating in existing transaction
18:00:09.838 [main] DEBUG org.springframework.jdbc.datasource.DataSourceTransactionManager - Participating in existing transaction
User = test3@test.fr
18:00:09.838 [main] INFO fr.insalyon.creatis.vip.core.server.business.ConfigurationBusiness - verifying test3@test.fr. List of undesired mail domains: . 
18:00:09.838 [main] INFO fr.insalyon.creatis.vip.core.server.business.ConfigurationBusiness - Signing up . List of undesired countries: .
18:00:09.839 [main] DEBUG org.springframework.jdbc.datasource.DataSourceTransactionManager - Participating in existing transaction
18:00:09.839 [main] DEBUG org.springframework.jdbc.datasource.DataSourceTransactionManager - Participating in existing transaction
18:00:09.839 [main] INFO fr.insalyon.creatis.vip.core.server.business.ConfigurationBusiness - Sending confirmation email to 'test3@test.fr'.
18:00:09.839 [main] DEBUG org.springframework.jdbc.datasource.DataSourceTransactionManager - Participating in existing transaction
18:00:09.842 [main] DEBUG org.springframework.jdbc.datasource.DataSourceTransactionManager - Participating in existing transaction
18:00:09.842 [main] DEBUG org.springframework.jdbc.datasource.DataSourceTransactionManager - Participating in existing transaction
18:00:09.843 [main] DEBUG org.springframework.jdbc.datasource.DataSourceTransactionManager - Participating in existing transaction
User = test4@test.fr
18:00:09.843 [main] INFO fr.insalyon.creatis.vip.core.server.business.ConfigurationBusiness - verifying test4@test.fr. List of undesired mail domains: . 
18:00:09.843 [main] INFO fr.insalyon.creatis.vip.core.server.business.ConfigurationBusiness - Signing up . List of undesired countries: .
18:00:09.845 [main] DEBUG org.springframework.jdbc.datasource.DataSourceTransactionManager - Participating in existing transaction
18:00:09.845 [main] DEBUG org.springframework.jdbc.datasource.DataSourceTransactionManager - Participating in existing transaction
18:00:09.845 [main] INFO fr.insalyon.creatis.vip.core.server.business.ConfigurationBusiness - Sending confirmation email to 'test4@test.fr'.
18:00:09.845 [main] DEBUG org.springframework.jdbc.datasource.DataSourceTransactionManager - Participating in existing transaction
18:00:09.846 [main] DEBUG org.springframework.jdbc.datasource.DataSourceTransactionManager - Participating in existing transaction
18:00:09.846 [main] DEBUG org.springframework.jdbc.datasource.DataSourceTransactionManager - Participating in existing transaction
18:00:09.846 [main] DEBUG org.springframework.jdbc.datasource.DataSourceTransactionManager - Participating in existing transaction
18:00:09.846 [main] DEBUG org.springframework.jdbc.datasource.DataSourceTransactionManager - Participating in existing transaction
18:00:09.846 [main] DEBUG org.springframework.jdbc.datasource.DataSourceTransactionManager - Participating in existing transaction
18:00:09.846 [main] DEBUG org.springframework.jdbc.datasource.DataSourceTransactionManager - Participating in existing transaction
18:00:09.846 [main] DEBUG org.springframework.jdbc.datasource.DataSourceTransactionManager - Participating in existing transaction
18:00:09.846 [main] DEBUG org.springframework.jdbc.datasource.DataSourceTransactionManager - Participating in existing transaction
18:00:09.855 [main] DEBUG org.springframework.jdbc.datasource.DataSourceTransactionManager - Participating in existing transaction
18:00:09.855 [main] DEBUG org.springframework.jdbc.datasource.DataSourceTransactionManager - Participating in existing transaction
18:00:09.855 [main] DEBUG org.springframework.jdbc.datasource.DataSourceTransactionManager - Participating in existing transaction
User = email5@test.fr
18:00:09.855 [main] INFO fr.insalyon.creatis.vip.core.server.business.ConfigurationBusiness - verifying email5@test.fr. List of undesired mail domains: . 
18:00:09.855 [main] INFO fr.insalyon.creatis.vip.core.server.business.ConfigurationBusiness - Signing up . List of undesired countries: .
18:00:09.858 [main] DEBUG org.springframework.jdbc.datasource.DataSourceTransactionManager - Participating in existing transaction
18:00:09.861 [main] DEBUG org.springframework.jdbc.datasource.DataSourceTransactionManager - Participating in existing transaction
18:00:09.861 [main] INFO fr.insalyon.creatis.vip.core.server.business.ConfigurationBusiness - Sending confirmation email to 'email5@test.fr'.
18:00:09.861 [main] DEBUG org.springframework.jdbc.datasource.DataSourceTransactionManager - Participating in existing transaction
18:00:09.862 [main] DEBUG org.springframework.test.context.cache.DefaultCacheAwareContextLoaderDelegate - Retrieved ApplicationContext [1050971191] from cache with key [[MergedContextConfiguration@1389e498 testClass = ConfigurationBusiness_CoreSpringServerIT, locations = '{}', classes = '{class fr.insalyon.creatis.vip.core.server.SpringCoreConfig}', contextInitializerClasses = '[]', activeProfiles = '{test-db, test}', propertySourceLocations = '{}', propertySourceProperties = '{db.tableEngine=}', contextCustomizers = set[[empty]], contextLoader = 'org.springframework.test.context.support.DelegatingSmartContextLoader', parent = [null]]]
18:00:09.862 [main] DEBUG org.springframework.test.context.cache - Spring test ApplicationContext cache statistics: [DefaultContextCache@4675f5b0 size = 1, maxSize = 32, parentContextCount = 0, hitCount = 156, missCount = 1]
18:00:09.862 [main] DEBUG org.springframework.test.context.cache.DefaultCacheAwareContextLoaderDelegate - Retrieved ApplicationContext [1050971191] from cache with key [[MergedContextConfiguration@1389e498 testClass = ConfigurationBusiness_CoreSpringServerIT, locations = '{}', classes = '{class fr.insalyon.creatis.vip.core.server.SpringCoreConfig}', contextInitializerClasses = '[]', activeProfiles = '{test-db, test}', propertySourceLocations = '{}', propertySourceProperties = '{db.tableEngine=}', contextCustomizers = set[[empty]], contextLoader = 'org.springframework.test.context.support.DelegatingSmartContextLoader', parent = [null]]]
18:00:09.862 [main] DEBUG org.springframework.test.context.cache - Spring test ApplicationContext cache statistics: [DefaultContextCache@4675f5b0 size = 1, maxSize = 32, parentContextCount = 0, hitCount = 157, missCount = 1]
18:00:09.862 [main] DEBUG org.springframework.test.context.cache.DefaultCacheAwareContextLoaderDelegate - Retrieved ApplicationContext [1050971191] from cache with key [[MergedContextConfiguration@1389e498 testClass = ConfigurationBusiness_CoreSpringServerIT, locations = '{}', classes = '{class fr.insalyon.creatis.vip.core.server.SpringCoreConfig}', contextInitializerClasses = '[]', activeProfiles = '{test-db, test}', propertySourceLocations = '{}', propertySourceProperties = '{db.tableEngine=}', contextCustomizers = set[[empty]], contextLoader = 'org.springframework.test.context.support.DelegatingSmartContextLoader', parent = [null]]]
18:00:09.862 [main] DEBUG org.springframework.test.context.cache - Spring test ApplicationContext cache statistics: [DefaultContextCache@4675f5b0 size = 1, maxSize = 32, parentContextCount = 0, hitCount = 158, missCount = 1]
18:00:09.862 [main] DEBUG org.springframework.jdbc.datasource.DataSourceTransactionManager - Initiating transaction rollback
18:00:09.862 [main] DEBUG org.springframework.jdbc.datasource.DataSourceTransactionManager - Rolling back JDBC transaction on Connection [conn36: url=jdbc:h2:mem:fec2b152-de2f-4c07-a3e1-df691c7daf9d user=SA]
18:00:09.862 [main] DEBUG org.springframework.jdbc.datasource.DataSourceTransactionManager - Releasing JDBC Connection [conn36: url=jdbc:h2:mem:fec2b152-de2f-4c07-a3e1-df691c7daf9d user=SA] after transaction
18:00:09.862 [main] INFO org.springframework.test.context.transaction.TransactionContext - Rolled back transaction for test: [DefaultTestContext@18e20fa8 testClass = ConfigurationBusiness_CoreSpringServerIT, testInstance = ConfigurationBusiness_CoreSpringServerIT@257e54b2, testMethod = testSetRegistrationDate@ConfigurationBusiness_CoreSpringServerIT, testException = [null], mergedContextConfiguration = [MergedContextConfiguration@1389e498 testClass = ConfigurationBusiness_CoreSpringServerIT, locations = '{}', classes = '{class fr.insalyon.creatis.vip.core.server.SpringCoreConfig}', contextInitializerClasses = '[]', activeProfiles = '{test-db, test}', propertySourceLocations = '{}', propertySourceProperties = '{db.tableEngine=}', contextCustomizers = set[[empty]], contextLoader = 'org.springframework.test.context.support.DelegatingSmartContextLoader', parent = [null]], attributes = map['org.springframework.test.context.event.ApplicationEventsTestExecutionListener.recordApplicationEvents' -> false]]
18:00:09.863 [main] DEBUG org.springframework.test.context.support.AbstractDirtiesContextTestExecutionListener - After test method: context [DefaultTestContext@18e20fa8 testClass = ConfigurationBusiness_CoreSpringServerIT, testInstance = ConfigurationBusiness_CoreSpringServerIT@257e54b2, testMethod = testSetRegistrationDate@ConfigurationBusiness_CoreSpringServerIT, testException = [null], mergedContextConfiguration = [MergedContextConfiguration@1389e498 testClass = ConfigurationBusiness_CoreSpringServerIT, locations = '{}', classes = '{class fr.insalyon.creatis.vip.core.server.SpringCoreConfig}', contextInitializerClasses = '[]', activeProfiles = '{test-db, test}', propertySourceLocations = '{}', propertySourceProperties = '{db.tableEngine=}', contextCustomizers = set[[empty]], contextLoader = 'org.springframework.test.context.support.DelegatingSmartContextLoader', parent = [null]], attributes = map['org.springframework.test.context.event.ApplicationEventsTestExecutionListener.recordApplicationEvents' -> false]], class annotated with @DirtiesContext [false] with mode [null], method annotated with @DirtiesContext [false] with mode [null].
]]></system-out>
  </testcase>
  <testcase name="testCatchNonExistentUserAddUserToGroup" classname="ConfigurationBusiness_CoreSpringServerIT" time="0.032">
    <system-out><![CDATA[18:00:09.867 [main] DEBUG org.springframework.test.context.support.DependencyInjectionTestExecutionListener - Performing dependency injection for test context [[DefaultTestContext@18e20fa8 testClass = ConfigurationBusiness_CoreSpringServerIT, testInstance = ConfigurationBusiness_CoreSpringServerIT@3eff7ec9, testMethod = [null], testException = [null], mergedContextConfiguration = [MergedContextConfiguration@1389e498 testClass = ConfigurationBusiness_CoreSpringServerIT, locations = '{}', classes = '{class fr.insalyon.creatis.vip.core.server.SpringCoreConfig}', contextInitializerClasses = '[]', activeProfiles = '{test-db, test}', propertySourceLocations = '{}', propertySourceProperties = '{db.tableEngine=}', contextCustomizers = set[[empty]], contextLoader = 'org.springframework.test.context.support.DelegatingSmartContextLoader', parent = [null]], attributes = map['org.springframework.test.context.event.ApplicationEventsTestExecutionListener.recordApplicationEvents' -> false]]].
18:00:09.868 [main] DEBUG org.springframework.test.context.cache.DefaultCacheAwareContextLoaderDelegate - Retrieved ApplicationContext [1050971191] from cache with key [[MergedContextConfiguration@1389e498 testClass = ConfigurationBusiness_CoreSpringServerIT, locations = '{}', classes = '{class fr.insalyon.creatis.vip.core.server.SpringCoreConfig}', contextInitializerClasses = '[]', activeProfiles = '{test-db, test}', propertySourceLocations = '{}', propertySourceProperties = '{db.tableEngine=}', contextCustomizers = set[[empty]], contextLoader = 'org.springframework.test.context.support.DelegatingSmartContextLoader', parent = [null]]]
18:00:09.868 [main] DEBUG org.springframework.test.context.cache - Spring test ApplicationContext cache statistics: [DefaultContextCache@4675f5b0 size = 1, maxSize = 32, parentContextCount = 0, hitCount = 159, missCount = 1]
18:00:09.868 [main] DEBUG org.springframework.test.context.cache.DefaultCacheAwareContextLoaderDelegate - Retrieved ApplicationContext [1050971191] from cache with key [[MergedContextConfiguration@1389e498 testClass = ConfigurationBusiness_CoreSpringServerIT, locations = '{}', classes = '{class fr.insalyon.creatis.vip.core.server.SpringCoreConfig}', contextInitializerClasses = '[]', activeProfiles = '{test-db, test}', propertySourceLocations = '{}', propertySourceProperties = '{db.tableEngine=}', contextCustomizers = set[[empty]], contextLoader = 'org.springframework.test.context.support.DelegatingSmartContextLoader', parent = [null]]]
18:00:09.868 [main] DEBUG org.springframework.test.context.cache - Spring test ApplicationContext cache statistics: [DefaultContextCache@4675f5b0 size = 1, maxSize = 32, parentContextCount = 0, hitCount = 160, missCount = 1]
18:00:09.869 [main] DEBUG org.springframework.test.context.support.AbstractDirtiesContextTestExecutionListener - Before test method: context [DefaultTestContext@18e20fa8 testClass = ConfigurationBusiness_CoreSpringServerIT, testInstance = ConfigurationBusiness_CoreSpringServerIT@3eff7ec9, testMethod = testCatchNonExistentUserAddUserToGroup@ConfigurationBusiness_CoreSpringServerIT, testException = [null], mergedContextConfiguration = [MergedContextConfiguration@1389e498 testClass = ConfigurationBusiness_CoreSpringServerIT, locations = '{}', classes = '{class fr.insalyon.creatis.vip.core.server.SpringCoreConfig}', contextInitializerClasses = '[]', activeProfiles = '{test-db, test}', propertySourceLocations = '{}', propertySourceProperties = '{db.tableEngine=}', contextCustomizers = set[[empty]], contextLoader = 'org.springframework.test.context.support.DelegatingSmartContextLoader', parent = [null]], attributes = map['org.springframework.test.context.event.ApplicationEventsTestExecutionListener.recordApplicationEvents' -> false]], class annotated with @DirtiesContext [false] with mode [null], method annotated with @DirtiesContext [false] with mode [null].
18:00:09.870 [main] DEBUG org.springframework.test.context.transaction.TransactionalTestExecutionListener - Explicit transaction definition [PROPAGATION_REQUIRED,ISOLATION_DEFAULT] found for test context [DefaultTestContext@18e20fa8 testClass = ConfigurationBusiness_CoreSpringServerIT, testInstance = ConfigurationBusiness_CoreSpringServerIT@3eff7ec9, testMethod = testCatchNonExistentUserAddUserToGroup@ConfigurationBusiness_CoreSpringServerIT, testException = [null], mergedContextConfiguration = [MergedContextConfiguration@1389e498 testClass = ConfigurationBusiness_CoreSpringServerIT, locations = '{}', classes = '{class fr.insalyon.creatis.vip.core.server.SpringCoreConfig}', contextInitializerClasses = '[]', activeProfiles = '{test-db, test}', propertySourceLocations = '{}', propertySourceProperties = '{db.tableEngine=}', contextCustomizers = set[[empty]], contextLoader = 'org.springframework.test.context.support.DelegatingSmartContextLoader', parent = [null]], attributes = map['org.springframework.test.context.event.ApplicationEventsTestExecutionListener.recordApplicationEvents' -> false]]
18:00:09.870 [main] DEBUG org.springframework.test.context.cache.DefaultCacheAwareContextLoaderDelegate - Retrieved ApplicationContext [1050971191] from cache with key [[MergedContextConfiguration@1389e498 testClass = ConfigurationBusiness_CoreSpringServerIT, locations = '{}', classes = '{class fr.insalyon.creatis.vip.core.server.SpringCoreConfig}', contextInitializerClasses = '[]', activeProfiles = '{test-db, test}', propertySourceLocations = '{}', propertySourceProperties = '{db.tableEngine=}', contextCustomizers = set[[empty]], contextLoader = 'org.springframework.test.context.support.DelegatingSmartContextLoader', parent = [null]]]
18:00:09.871 [main] DEBUG org.springframework.test.context.cache - Spring test ApplicationContext cache statistics: [DefaultContextCache@4675f5b0 size = 1, maxSize = 32, parentContextCount = 0, hitCount = 161, missCount = 1]
18:00:09.871 [main] DEBUG org.springframework.test.context.transaction.TransactionalTestExecutionListener - No method-level @Rollback override: using default rollback [true] for test context [DefaultTestContext@18e20fa8 testClass = ConfigurationBusiness_CoreSpringServerIT, testInstance = ConfigurationBusiness_CoreSpringServerIT@3eff7ec9, testMethod = testCatchNonExistentUserAddUserToGroup@ConfigurationBusiness_CoreSpringServerIT, testException = [null], mergedContextConfiguration = [MergedContextConfiguration@1389e498 testClass = ConfigurationBusiness_CoreSpringServerIT, locations = '{}', classes = '{class fr.insalyon.creatis.vip.core.server.SpringCoreConfig}', contextInitializerClasses = '[]', activeProfiles = '{test-db, test}', propertySourceLocations = '{}', propertySourceProperties = '{db.tableEngine=}', contextCustomizers = set[[empty]], contextLoader = 'org.springframework.test.context.support.DelegatingSmartContextLoader', parent = [null]], attributes = map['org.springframework.test.context.event.ApplicationEventsTestExecutionListener.recordApplicationEvents' -> false]].
18:00:09.871 [main] DEBUG org.springframework.jdbc.datasource.DataSourceTransactionManager - Creating new transaction with name [ConfigurationBusiness_CoreSpringServerIT.testCatchNonExistentUserAddUserToGroup]: PROPAGATION_REQUIRED,ISOLATION_DEFAULT
18:00:09.872 [main] DEBUG org.springframework.jdbc.datasource.DataSourceTransactionManager - Acquired Connection [Lazy Connection proxy for target DataSource [org.springframework.jdbc.datasource.embedded.EmbeddedDatabaseFactory$EmbeddedDataSourceProxy@5764c072]] for JDBC transaction
18:00:09.872 [main] DEBUG org.springframework.jdbc.datasource.DataSourceTransactionManager - Switching JDBC Connection [Lazy Connection proxy for target DataSource [org.springframework.jdbc.datasource.embedded.EmbeddedDatabaseFactory$EmbeddedDataSourceProxy@5764c072]] to manual commit
18:00:09.872 [main] INFO org.springframework.test.context.transaction.TransactionContext - Began transaction (1) for test context [DefaultTestContext@18e20fa8 testClass = ConfigurationBusiness_CoreSpringServerIT, testInstance = ConfigurationBusiness_CoreSpringServerIT@3eff7ec9, testMethod = testCatchNonExistentUserAddUserToGroup@ConfigurationBusiness_CoreSpringServerIT, testException = [null], mergedContextConfiguration = [MergedContextConfiguration@1389e498 testClass = ConfigurationBusiness_CoreSpringServerIT, locations = '{}', classes = '{class fr.insalyon.creatis.vip.core.server.SpringCoreConfig}', contextInitializerClasses = '[]', activeProfiles = '{test-db, test}', propertySourceLocations = '{}', propertySourceProperties = '{db.tableEngine=}', contextCustomizers = set[[empty]], contextLoader = 'org.springframework.test.context.support.DelegatingSmartContextLoader', parent = [null]], attributes = map['org.springframework.test.context.event.ApplicationEventsTestExecutionListener.recordApplicationEvents' -> false]]; transaction manager [org.springframework.jdbc.datasource.DataSourceTransactionManager@178b2df1]; rollback [true]
18:00:09.873 [main] DEBUG org.springframework.test.context.cache.DefaultCacheAwareContextLoaderDelegate - Retrieved ApplicationContext [1050971191] from cache with key [[MergedContextConfiguration@1389e498 testClass = ConfigurationBusiness_CoreSpringServerIT, locations = '{}', classes = '{class fr.insalyon.creatis.vip.core.server.SpringCoreConfig}', contextInitializerClasses = '[]', activeProfiles = '{test-db, test}', propertySourceLocations = '{}', propertySourceProperties = '{db.tableEngine=}', contextCustomizers = set[[empty]], contextLoader = 'org.springframework.test.context.support.DelegatingSmartContextLoader', parent = [null]]]
18:00:09.873 [main] DEBUG org.springframework.test.context.cache - Spring test ApplicationContext cache statistics: [DefaultContextCache@4675f5b0 size = 1, maxSize = 32, parentContextCount = 0, hitCount = 162, missCount = 1]
18:00:09.875 [main] DEBUG org.springframework.jdbc.datasource.DataSourceTransactionManager - Participating in existing transaction
18:00:09.875 [main] DEBUG org.springframework.jdbc.datasource.DataSourceTransactionManager - Participating in existing transaction
18:00:09.876 [main] DEBUG org.springframework.jdbc.datasource.SimpleDriverDataSource - Creating new JDBC Driver Connection to [jdbc:h2:mem:fec2b152-de2f-4c07-a3e1-df691c7daf9d;DB_CLOSE_DELAY=-1;DB_CLOSE_ON_EXIT=false]
18:00:09.876 [main] DEBUG org.springframework.jdbc.datasource.DataSourceTransactionManager - Participating in existing transaction
18:00:09.877 [main] DEBUG org.springframework.jdbc.datasource.DataSourceTransactionManager - Participating in existing transaction
18:00:09.877 [main] DEBUG org.springframework.jdbc.datasource.DataSourceTransactionManager - Participating in existing transaction
18:00:09.877 [main] DEBUG org.springframework.jdbc.datasource.DataSourceTransactionManager - Participating in existing transaction
18:00:09.877 [main] DEBUG org.springframework.jdbc.datasource.DataSourceTransactionManager - Participating in existing transaction
User = test1@test.fr
18:00:09.877 [main] INFO fr.insalyon.creatis.vip.core.server.business.ConfigurationBusiness - verifying test1@test.fr. List of undesired mail domains: . 
18:00:09.877 [main] INFO fr.insalyon.creatis.vip.core.server.business.ConfigurationBusiness - Signing up . List of undesired countries: .
18:00:09.878 [main] DEBUG org.springframework.jdbc.datasource.DataSourceTransactionManager - Participating in existing transaction
18:00:09.878 [main] DEBUG org.springframework.jdbc.datasource.DataSourceTransactionManager - Participating in existing transaction
18:00:09.878 [main] INFO fr.insalyon.creatis.vip.core.server.business.ConfigurationBusiness - Sending confirmation email to 'test1@test.fr'.
18:00:09.878 [main] DEBUG org.springframework.jdbc.datasource.DataSourceTransactionManager - Participating in existing transaction
18:00:09.882 [main] DEBUG org.springframework.jdbc.datasource.DataSourceTransactionManager - Participating in existing transaction
18:00:09.882 [main] DEBUG org.springframework.jdbc.datasource.DataSourceTransactionManager - Participating in existing transaction
18:00:09.883 [main] DEBUG org.springframework.jdbc.datasource.DataSourceTransactionManager - Participating in existing transaction
User = test2@test.fr
18:00:09.883 [main] INFO fr.insalyon.creatis.vip.core.server.business.ConfigurationBusiness - verifying test2@test.fr. List of undesired mail domains: . 
18:00:09.883 [main] INFO fr.insalyon.creatis.vip.core.server.business.ConfigurationBusiness - Signing up . List of undesired countries: .
18:00:09.884 [main] DEBUG org.springframework.jdbc.datasource.DataSourceTransactionManager - Participating in existing transaction
18:00:09.884 [main] DEBUG org.springframework.jdbc.datasource.DataSourceTransactionManager - Participating in existing transaction
18:00:09.884 [main] INFO fr.insalyon.creatis.vip.core.server.business.ConfigurationBusiness - Sending confirmation email to 'test2@test.fr'.
18:00:09.884 [main] DEBUG org.springframework.jdbc.datasource.DataSourceTransactionManager - Participating in existing transaction
18:00:09.885 [main] DEBUG org.springframework.jdbc.datasource.DataSourceTransactionManager - Participating in existing transaction
18:00:09.885 [main] DEBUG org.springframework.jdbc.datasource.DataSourceTransactionManager - Participating in existing transaction
18:00:09.885 [main] DEBUG org.springframework.jdbc.datasource.DataSourceTransactionManager - Participating in existing transaction
User = test3@test.fr
18:00:09.885 [main] INFO fr.insalyon.creatis.vip.core.server.business.ConfigurationBusiness - verifying test3@test.fr. List of undesired mail domains: . 
18:00:09.885 [main] INFO fr.insalyon.creatis.vip.core.server.business.ConfigurationBusiness - Signing up . List of undesired countries: .
18:00:09.889 [main] DEBUG org.springframework.jdbc.datasource.DataSourceTransactionManager - Participating in existing transaction
18:00:09.889 [main] DEBUG org.springframework.jdbc.datasource.DataSourceTransactionManager - Participating in existing transaction
18:00:09.889 [main] INFO fr.insalyon.creatis.vip.core.server.business.ConfigurationBusiness - Sending confirmation email to 'test3@test.fr'.
18:00:09.889 [main] DEBUG org.springframework.jdbc.datasource.DataSourceTransactionManager - Participating in existing transaction
18:00:09.890 [main] DEBUG org.springframework.jdbc.datasource.DataSourceTransactionManager - Participating in existing transaction
18:00:09.890 [main] DEBUG org.springframework.jdbc.datasource.DataSourceTransactionManager - Participating in existing transaction
18:00:09.890 [main] DEBUG org.springframework.jdbc.datasource.DataSourceTransactionManager - Participating in existing transaction
User = test4@test.fr
18:00:09.890 [main] INFO fr.insalyon.creatis.vip.core.server.business.ConfigurationBusiness - verifying test4@test.fr. List of undesired mail domains: . 
18:00:09.890 [main] INFO fr.insalyon.creatis.vip.core.server.business.ConfigurationBusiness - Signing up . List of undesired countries: .
18:00:09.891 [main] DEBUG org.springframework.jdbc.datasource.DataSourceTransactionManager - Participating in existing transaction
18:00:09.892 [main] DEBUG org.springframework.jdbc.datasource.DataSourceTransactionManager - Participating in existing transaction
18:00:09.892 [main] INFO fr.insalyon.creatis.vip.core.server.business.ConfigurationBusiness - Sending confirmation email to 'test4@test.fr'.
18:00:09.892 [main] DEBUG org.springframework.jdbc.datasource.DataSourceTransactionManager - Participating in existing transaction
18:00:09.892 [main] DEBUG org.springframework.jdbc.datasource.DataSourceTransactionManager - Participating in existing transaction
18:00:09.892 [main] DEBUG org.springframework.jdbc.datasource.DataSourceTransactionManager - Participating in existing transaction
18:00:09.893 [main] DEBUG org.springframework.jdbc.datasource.DataSourceTransactionManager - Participating in existing transaction
18:00:09.893 [main] DEBUG org.springframework.jdbc.datasource.DataSourceTransactionManager - Participating in existing transaction
18:00:09.893 [main] DEBUG org.springframework.jdbc.datasource.DataSourceTransactionManager - Participating in existing transaction
18:00:09.893 [main] DEBUG org.springframework.jdbc.datasource.DataSourceTransactionManager - Participating in existing transaction
18:00:09.893 [main] DEBUG org.springframework.jdbc.datasource.DataSourceTransactionManager - Participating in existing transaction
18:00:09.893 [main] DEBUG org.springframework.jdbc.datasource.DataSourceTransactionManager - Participating in existing transaction
18:00:09.897 [main] DEBUG org.springframework.jdbc.datasource.DataSourceTransactionManager - Participating in existing transaction
18:00:09.897 [main] DEBUG org.springframework.jdbc.datasource.DataSourceTransactionManager - Participating in existing transaction
18:00:09.897 [main] DEBUG org.springframework.jdbc.datasource.DataSourceTransactionManager - Participating in existing transaction
User = email5@test.fr
18:00:09.897 [main] INFO fr.insalyon.creatis.vip.core.server.business.ConfigurationBusiness - verifying email5@test.fr. List of undesired mail domains: . 
18:00:09.897 [main] INFO fr.insalyon.creatis.vip.core.server.business.ConfigurationBusiness - Signing up . List of undesired countries: .
18:00:09.897 [main] DEBUG org.springframework.jdbc.datasource.DataSourceTransactionManager - Participating in existing transaction
18:00:09.898 [main] DEBUG org.springframework.jdbc.datasource.DataSourceTransactionManager - Participating in existing transaction
18:00:09.898 [main] INFO fr.insalyon.creatis.vip.core.server.business.ConfigurationBusiness - Sending confirmation email to 'email5@test.fr'.
18:00:09.898 [main] DEBUG org.springframework.jdbc.datasource.DataSourceTransactionManager - Participating in existing transaction
18:00:09.898 [main] DEBUG org.springframework.test.context.cache.DefaultCacheAwareContextLoaderDelegate - Retrieved ApplicationContext [1050971191] from cache with key [[MergedContextConfiguration@1389e498 testClass = ConfigurationBusiness_CoreSpringServerIT, locations = '{}', classes = '{class fr.insalyon.creatis.vip.core.server.SpringCoreConfig}', contextInitializerClasses = '[]', activeProfiles = '{test-db, test}', propertySourceLocations = '{}', propertySourceProperties = '{db.tableEngine=}', contextCustomizers = set[[empty]], contextLoader = 'org.springframework.test.context.support.DelegatingSmartContextLoader', parent = [null]]]
18:00:09.898 [main] DEBUG org.springframework.test.context.cache - Spring test ApplicationContext cache statistics: [DefaultContextCache@4675f5b0 size = 1, maxSize = 32, parentContextCount = 0, hitCount = 163, missCount = 1]
18:00:09.899 [main] DEBUG org.springframework.jdbc.datasource.DataSourceTransactionManager - Participating in existing transaction
18:00:09.899 [main] DEBUG org.springframework.jdbc.datasource.DataSourceTransactionManager - Participating in existing transaction
18:00:09.899 [main] ERROR fr.insalyon.creatis.vip.core.server.dao.mysql.UsersGroupsData - Error adding group group1 to nonExistent user
org.h2.jdbc.JdbcSQLException: Referential integrity constraint violation: "CONSTRAINT_D0: PUBLIC.VIPUSERSGROUPS FOREIGN KEY(EMAIL) REFERENCES PUBLIC.VIPUSERS(EMAIL) ('nonExistent user')"; SQL statement:
INSERT INTO VIPUsersGroups(email, groupname, role) VALUES(?, ?, ?) [23506-173]
	at org.h2.message.DbException.getJdbcSQLException(DbException.java:331)
	at org.h2.message.DbException.get(DbException.java:171)
	at org.h2.message.DbException.get(DbException.java:148)
	at org.h2.constraint.ConstraintReferential.checkRowOwnTable(ConstraintReferential.java:368)
	at org.h2.constraint.ConstraintReferential.checkRow(ConstraintReferential.java:310)
	at org.h2.table.Table.fireConstraints(Table.java:880)
	at org.h2.table.Table.fireAfterRow(Table.java:897)
	at org.h2.command.dml.Insert.insertRows(Insert.java:129)
	at org.h2.command.dml.Insert.update(Insert.java:86)
	at org.h2.command.CommandContainer.update(CommandContainer.java:79)
	at org.h2.command.Command.executeUpdate(Command.java:235)
	at org.h2.jdbc.JdbcPreparedStatement.execute(JdbcPreparedStatement.java:193)
	at fr.insalyon.creatis.vip.core.server.dao.mysql.UsersGroupsData.add(UsersGroupsData.java:89)
	at jdk.internal.reflect.GeneratedMethodAccessor51.invoke(Unknown Source)
	at java.base/jdk.internal.reflect.DelegatingMethodAccessorImpl.invoke(DelegatingMethodAccessorImpl.java:43)
	at java.base/java.lang.reflect.Method.invoke(Method.java:566)
	at org.springframework.aop.support.AopUtils.invokeJoinpointUsingReflection(AopUtils.java:344)
	at org.springframework.aop.framework.ReflectiveMethodInvocation.invokeJoinpoint(ReflectiveMethodInvocation.java:198)
	at org.springframework.aop.framework.ReflectiveMethodInvocation.proceed(ReflectiveMethodInvocation.java:163)
	at org.springframework.transaction.interceptor.TransactionInterceptor$1.proceedWithInvocation(TransactionInterceptor.java:123)
	at org.springframework.transaction.interceptor.TransactionAspectSupport.invokeWithinTransaction(TransactionAspectSupport.java:388)
	at org.springframework.transaction.interceptor.TransactionInterceptor.invoke(TransactionInterceptor.java:119)
	at org.springframework.aop.framework.ReflectiveMethodInvocation.proceed(ReflectiveMethodInvocation.java:186)
	at org.springframework.aop.framework.JdkDynamicAopProxy.invoke(JdkDynamicAopProxy.java:215)
	at com.sun.proxy.$Proxy90.add(Unknown Source)
	at fr.insalyon.creatis.vip.core.server.business.ConfigurationBusiness.addUserToGroup(ConfigurationBusiness.java:872)
	at fr.insalyon.creatis.vip.core.server.business.ConfigurationBusiness$$FastClassBySpringCGLIB$$736a7b1d.invoke(<generated>)
	at org.springframework.cglib.proxy.MethodProxy.invoke(MethodProxy.java:218)
	at org.springframework.aop.framework.CglibAopProxy$CglibMethodInvocation.invokeJoinpoint(CglibAopProxy.java:783)
	at org.springframework.aop.framework.ReflectiveMethodInvocation.proceed(ReflectiveMethodInvocation.java:163)
	at org.springframework.aop.framework.CglibAopProxy$CglibMethodInvocation.proceed(CglibAopProxy.java:753)
	at org.springframework.transaction.interceptor.TransactionInterceptor$1.proceedWithInvocation(TransactionInterceptor.java:123)
	at org.springframework.transaction.interceptor.TransactionAspectSupport.invokeWithinTransaction(TransactionAspectSupport.java:388)
	at org.springframework.transaction.interceptor.TransactionInterceptor.invoke(TransactionInterceptor.java:119)
	at org.springframework.aop.framework.ReflectiveMethodInvocation.proceed(ReflectiveMethodInvocation.java:186)
	at org.springframework.aop.framework.CglibAopProxy$CglibMethodInvocation.proceed(CglibAopProxy.java:753)
	at org.springframework.aop.framework.CglibAopProxy$DynamicAdvisedInterceptor.intercept(CglibAopProxy.java:698)
	at fr.insalyon.creatis.vip.core.server.business.ConfigurationBusiness$$EnhancerBySpringCGLIB$$9c53cf9c.addUserToGroup(<generated>)
	at ConfigurationBusiness_CoreSpringServerIT.lambda$testCatchNonExistentUserAddUserToGroup$2(ConfigurationBusiness_CoreSpringServerIT.java:194)
	at org.junit.jupiter.api.AssertThrows.assertThrows(AssertThrows.java:55)
	at org.junit.jupiter.api.AssertThrows.assertThrows(AssertThrows.java:37)
	at org.junit.jupiter.api.Assertions.assertThrows(Assertions.java:2952)
	at ConfigurationBusiness_CoreSpringServerIT.testCatchNonExistentUserAddUserToGroup(ConfigurationBusiness_CoreSpringServerIT.java:192)
	at java.base/jdk.internal.reflect.NativeMethodAccessorImpl.invoke0(Native Method)
	at java.base/jdk.internal.reflect.NativeMethodAccessorImpl.invoke(NativeMethodAccessorImpl.java:62)
	at java.base/jdk.internal.reflect.DelegatingMethodAccessorImpl.invoke(DelegatingMethodAccessorImpl.java:43)
	at java.base/java.lang.reflect.Method.invoke(Method.java:566)
	at org.junit.platform.commons.util.ReflectionUtils.invokeMethod(ReflectionUtils.java:686)
	at org.junit.jupiter.engine.execution.MethodInvocation.proceed(MethodInvocation.java:60)
	at org.junit.jupiter.engine.execution.InvocationInterceptorChain$ValidatingInvocation.proceed(InvocationInterceptorChain.java:131)
	at org.junit.jupiter.engine.extension.TimeoutExtension.intercept(TimeoutExtension.java:149)
	at org.junit.jupiter.engine.extension.TimeoutExtension.interceptTestableMethod(TimeoutExtension.java:140)
	at org.junit.jupiter.engine.extension.TimeoutExtension.interceptTestMethod(TimeoutExtension.java:84)
	at org.junit.jupiter.engine.execution.ExecutableInvoker$ReflectiveInterceptorCall.lambda$ofVoidMethod$0(ExecutableInvoker.java:115)
	at org.junit.jupiter.engine.execution.ExecutableInvoker.lambda$invoke$0(ExecutableInvoker.java:105)
	at org.junit.jupiter.engine.execution.InvocationInterceptorChain$InterceptedInvocation.proceed(InvocationInterceptorChain.java:106)
	at org.junit.jupiter.engine.execution.InvocationInterceptorChain.proceed(InvocationInterceptorChain.java:64)
	at org.junit.jupiter.engine.execution.InvocationInterceptorChain.chainAndInvoke(InvocationInterceptorChain.java:45)
	at org.junit.jupiter.engine.execution.InvocationInterceptorChain.invoke(InvocationInterceptorChain.java:37)
	at org.junit.jupiter.engine.execution.ExecutableInvoker.invoke(ExecutableInvoker.java:104)
	at org.junit.jupiter.engine.execution.ExecutableInvoker.invoke(ExecutableInvoker.java:98)
	at org.junit.jupiter.engine.descriptor.TestMethodTestDescriptor.lambda$invokeTestMethod$6(TestMethodTestDescriptor.java:212)
	at org.junit.platform.engine.support.hierarchical.ThrowableCollector.execute(ThrowableCollector.java:73)
	at org.junit.jupiter.engine.descriptor.TestMethodTestDescriptor.invokeTestMethod(TestMethodTestDescriptor.java:208)
	at org.junit.jupiter.engine.descriptor.TestMethodTestDescriptor.execute(TestMethodTestDescriptor.java:137)
	at org.junit.jupiter.engine.descriptor.TestMethodTestDescriptor.execute(TestMethodTestDescriptor.java:71)
	at org.junit.platform.engine.support.hierarchical.NodeTestTask.lambda$executeRecursively$5(NodeTestTask.java:135)
	at org.junit.platform.engine.support.hierarchical.ThrowableCollector.execute(ThrowableCollector.java:73)
	at org.junit.platform.engine.support.hierarchical.NodeTestTask.lambda$executeRecursively$7(NodeTestTask.java:125)
	at org.junit.platform.engine.support.hierarchical.Node.around(Node.java:135)
	at org.junit.platform.engine.support.hierarchical.NodeTestTask.lambda$executeRecursively$8(NodeTestTask.java:123)
	at org.junit.platform.engine.support.hierarchical.ThrowableCollector.execute(ThrowableCollector.java:73)
	at org.junit.platform.engine.support.hierarchical.NodeTestTask.executeRecursively(NodeTestTask.java:122)
	at org.junit.platform.engine.support.hierarchical.NodeTestTask.execute(NodeTestTask.java:80)
	at java.base/java.util.ArrayList.forEach(ArrayList.java:1541)
	at org.junit.platform.engine.support.hierarchical.SameThreadHierarchicalTestExecutorService.invokeAll(SameThreadHierarchicalTestExecutorService.java:38)
	at org.junit.platform.engine.support.hierarchical.NodeTestTask.lambda$executeRecursively$5(NodeTestTask.java:139)
	at org.junit.platform.engine.support.hierarchical.ThrowableCollector.execute(ThrowableCollector.java:73)
	at org.junit.platform.engine.support.hierarchical.NodeTestTask.lambda$executeRecursively$7(NodeTestTask.java:125)
	at org.junit.platform.engine.support.hierarchical.Node.around(Node.java:135)
	at org.junit.platform.engine.support.hierarchical.NodeTestTask.lambda$executeRecursively$8(NodeTestTask.java:123)
	at org.junit.platform.engine.support.hierarchical.ThrowableCollector.execute(ThrowableCollector.java:73)
	at org.junit.platform.engine.support.hierarchical.NodeTestTask.executeRecursively(NodeTestTask.java:122)
	at org.junit.platform.engine.support.hierarchical.NodeTestTask.execute(NodeTestTask.java:80)
	at java.base/java.util.ArrayList.forEach(ArrayList.java:1541)
	at org.junit.platform.engine.support.hierarchical.SameThreadHierarchicalTestExecutorService.invokeAll(SameThreadHierarchicalTestExecutorService.java:38)
	at org.junit.platform.engine.support.hierarchical.NodeTestTask.lambda$executeRecursively$5(NodeTestTask.java:139)
	at org.junit.platform.engine.support.hierarchical.ThrowableCollector.execute(ThrowableCollector.java:73)
	at org.junit.platform.engine.support.hierarchical.NodeTestTask.lambda$executeRecursively$7(NodeTestTask.java:125)
	at org.junit.platform.engine.support.hierarchical.Node.around(Node.java:135)
	at org.junit.platform.engine.support.hierarchical.NodeTestTask.lambda$executeRecursively$8(NodeTestTask.java:123)
	at org.junit.platform.engine.support.hierarchical.ThrowableCollector.execute(ThrowableCollector.java:73)
	at org.junit.platform.engine.support.hierarchical.NodeTestTask.executeRecursively(NodeTestTask.java:122)
	at org.junit.platform.engine.support.hierarchical.NodeTestTask.execute(NodeTestTask.java:80)
	at org.junit.platform.engine.support.hierarchical.SameThreadHierarchicalTestExecutorService.submit(SameThreadHierarchicalTestExecutorService.java:32)
	at org.junit.platform.engine.support.hierarchical.HierarchicalTestExecutor.execute(HierarchicalTestExecutor.java:57)
	at org.junit.platform.engine.support.hierarchical.HierarchicalTestEngine.execute(HierarchicalTestEngine.java:51)
	at org.junit.platform.launcher.core.DefaultLauncher.execute(DefaultLauncher.java:248)
	at org.junit.platform.launcher.core.DefaultLauncher.lambda$execute$5(DefaultLauncher.java:211)
	at org.junit.platform.launcher.core.DefaultLauncher.withInterceptedStreams(DefaultLauncher.java:226)
	at org.junit.platform.launcher.core.DefaultLauncher.execute(DefaultLauncher.java:199)
	at org.junit.platform.launcher.core.DefaultLauncher.execute(DefaultLauncher.java:132)
	at org.apache.maven.surefire.junitplatform.LazyLauncher.execute(LazyLauncher.java:55)
	at org.apache.maven.surefire.junitplatform.JUnitPlatformProvider.execute(JUnitPlatformProvider.java:223)
	at org.apache.maven.surefire.junitplatform.JUnitPlatformProvider.invokeAllTests(JUnitPlatformProvider.java:175)
	at org.apache.maven.surefire.junitplatform.JUnitPlatformProvider.invoke(JUnitPlatformProvider.java:139)
	at org.apache.maven.surefire.booter.ForkedBooter.runSuitesInProcess(ForkedBooter.java:456)
	at org.apache.maven.surefire.booter.ForkedBooter.execute(ForkedBooter.java:169)
	at org.apache.maven.surefire.booter.ForkedBooter.run(ForkedBooter.java:595)
	at org.apache.maven.surefire.booter.ForkedBooter.main(ForkedBooter.java:581)
18:00:09.900 [main] DEBUG org.springframework.test.context.cache.DefaultCacheAwareContextLoaderDelegate - Retrieved ApplicationContext [1050971191] from cache with key [[MergedContextConfiguration@1389e498 testClass = ConfigurationBusiness_CoreSpringServerIT, locations = '{}', classes = '{class fr.insalyon.creatis.vip.core.server.SpringCoreConfig}', contextInitializerClasses = '[]', activeProfiles = '{test-db, test}', propertySourceLocations = '{}', propertySourceProperties = '{db.tableEngine=}', contextCustomizers = set[[empty]], contextLoader = 'org.springframework.test.context.support.DelegatingSmartContextLoader', parent = [null]]]
18:00:09.900 [main] DEBUG org.springframework.test.context.cache - Spring test ApplicationContext cache statistics: [DefaultContextCache@4675f5b0 size = 1, maxSize = 32, parentContextCount = 0, hitCount = 164, missCount = 1]
18:00:09.900 [main] DEBUG org.springframework.test.context.cache.DefaultCacheAwareContextLoaderDelegate - Retrieved ApplicationContext [1050971191] from cache with key [[MergedContextConfiguration@1389e498 testClass = ConfigurationBusiness_CoreSpringServerIT, locations = '{}', classes = '{class fr.insalyon.creatis.vip.core.server.SpringCoreConfig}', contextInitializerClasses = '[]', activeProfiles = '{test-db, test}', propertySourceLocations = '{}', propertySourceProperties = '{db.tableEngine=}', contextCustomizers = set[[empty]], contextLoader = 'org.springframework.test.context.support.DelegatingSmartContextLoader', parent = [null]]]
18:00:09.900 [main] DEBUG org.springframework.test.context.cache - Spring test ApplicationContext cache statistics: [DefaultContextCache@4675f5b0 size = 1, maxSize = 32, parentContextCount = 0, hitCount = 165, missCount = 1]
18:00:09.901 [main] DEBUG org.springframework.jdbc.datasource.DataSourceTransactionManager - Initiating transaction rollback
18:00:09.901 [main] DEBUG org.springframework.jdbc.datasource.DataSourceTransactionManager - Rolling back JDBC transaction on Connection [conn37: url=jdbc:h2:mem:fec2b152-de2f-4c07-a3e1-df691c7daf9d user=SA]
18:00:09.901 [main] DEBUG org.springframework.jdbc.datasource.DataSourceTransactionManager - Releasing JDBC Connection [conn37: url=jdbc:h2:mem:fec2b152-de2f-4c07-a3e1-df691c7daf9d user=SA] after transaction
18:00:09.901 [main] INFO org.springframework.test.context.transaction.TransactionContext - Rolled back transaction for test: [DefaultTestContext@18e20fa8 testClass = ConfigurationBusiness_CoreSpringServerIT, testInstance = ConfigurationBusiness_CoreSpringServerIT@3eff7ec9, testMethod = testCatchNonExistentUserAddUserToGroup@ConfigurationBusiness_CoreSpringServerIT, testException = [null], mergedContextConfiguration = [MergedContextConfiguration@1389e498 testClass = ConfigurationBusiness_CoreSpringServerIT, locations = '{}', classes = '{class fr.insalyon.creatis.vip.core.server.SpringCoreConfig}', contextInitializerClasses = '[]', activeProfiles = '{test-db, test}', propertySourceLocations = '{}', propertySourceProperties = '{db.tableEngine=}', contextCustomizers = set[[empty]], contextLoader = 'org.springframework.test.context.support.DelegatingSmartContextLoader', parent = [null]], attributes = map['org.springframework.test.context.event.ApplicationEventsTestExecutionListener.recordApplicationEvents' -> false]]
18:00:09.901 [main] DEBUG org.springframework.test.context.support.AbstractDirtiesContextTestExecutionListener - After test method: context [DefaultTestContext@18e20fa8 testClass = ConfigurationBusiness_CoreSpringServerIT, testInstance = ConfigurationBusiness_CoreSpringServerIT@3eff7ec9, testMethod = testCatchNonExistentUserAddUserToGroup@ConfigurationBusiness_CoreSpringServerIT, testException = [null], mergedContextConfiguration = [MergedContextConfiguration@1389e498 testClass = ConfigurationBusiness_CoreSpringServerIT, locations = '{}', classes = '{class fr.insalyon.creatis.vip.core.server.SpringCoreConfig}', contextInitializerClasses = '[]', activeProfiles = '{test-db, test}', propertySourceLocations = '{}', propertySourceProperties = '{db.tableEngine=}', contextCustomizers = set[[empty]], contextLoader = 'org.springframework.test.context.support.DelegatingSmartContextLoader', parent = [null]], attributes = map['org.springframework.test.context.event.ApplicationEventsTestExecutionListener.recordApplicationEvents' -> false]], class annotated with @DirtiesContext [false] with mode [null], method annotated with @DirtiesContext [false] with mode [null].
]]></system-out>
  </testcase>
  <testcase name="testCatchSendResetPasswordWrongCode" classname="ConfigurationBusiness_CoreSpringServerIT" time="0.036">
    <system-out><![CDATA[18:00:09.909 [main] DEBUG org.springframework.test.context.support.DependencyInjectionTestExecutionListener - Performing dependency injection for test context [[DefaultTestContext@18e20fa8 testClass = ConfigurationBusiness_CoreSpringServerIT, testInstance = ConfigurationBusiness_CoreSpringServerIT@430009ca, testMethod = [null], testException = [null], mergedContextConfiguration = [MergedContextConfiguration@1389e498 testClass = ConfigurationBusiness_CoreSpringServerIT, locations = '{}', classes = '{class fr.insalyon.creatis.vip.core.server.SpringCoreConfig}', contextInitializerClasses = '[]', activeProfiles = '{test-db, test}', propertySourceLocations = '{}', propertySourceProperties = '{db.tableEngine=}', contextCustomizers = set[[empty]], contextLoader = 'org.springframework.test.context.support.DelegatingSmartContextLoader', parent = [null]], attributes = map['org.springframework.test.context.event.ApplicationEventsTestExecutionListener.recordApplicationEvents' -> false]]].
18:00:09.909 [main] DEBUG org.springframework.test.context.cache.DefaultCacheAwareContextLoaderDelegate - Retrieved ApplicationContext [1050971191] from cache with key [[MergedContextConfiguration@1389e498 testClass = ConfigurationBusiness_CoreSpringServerIT, locations = '{}', classes = '{class fr.insalyon.creatis.vip.core.server.SpringCoreConfig}', contextInitializerClasses = '[]', activeProfiles = '{test-db, test}', propertySourceLocations = '{}', propertySourceProperties = '{db.tableEngine=}', contextCustomizers = set[[empty]], contextLoader = 'org.springframework.test.context.support.DelegatingSmartContextLoader', parent = [null]]]
18:00:09.909 [main] DEBUG org.springframework.test.context.cache - Spring test ApplicationContext cache statistics: [DefaultContextCache@4675f5b0 size = 1, maxSize = 32, parentContextCount = 0, hitCount = 166, missCount = 1]
18:00:09.909 [main] DEBUG org.springframework.test.context.cache.DefaultCacheAwareContextLoaderDelegate - Retrieved ApplicationContext [1050971191] from cache with key [[MergedContextConfiguration@1389e498 testClass = ConfigurationBusiness_CoreSpringServerIT, locations = '{}', classes = '{class fr.insalyon.creatis.vip.core.server.SpringCoreConfig}', contextInitializerClasses = '[]', activeProfiles = '{test-db, test}', propertySourceLocations = '{}', propertySourceProperties = '{db.tableEngine=}', contextCustomizers = set[[empty]], contextLoader = 'org.springframework.test.context.support.DelegatingSmartContextLoader', parent = [null]]]
18:00:09.909 [main] DEBUG org.springframework.test.context.cache - Spring test ApplicationContext cache statistics: [DefaultContextCache@4675f5b0 size = 1, maxSize = 32, parentContextCount = 0, hitCount = 167, missCount = 1]
18:00:09.911 [main] DEBUG org.springframework.test.context.support.AbstractDirtiesContextTestExecutionListener - Before test method: context [DefaultTestContext@18e20fa8 testClass = ConfigurationBusiness_CoreSpringServerIT, testInstance = ConfigurationBusiness_CoreSpringServerIT@430009ca, testMethod = testCatchSendResetPasswordWrongCode@ConfigurationBusiness_CoreSpringServerIT, testException = [null], mergedContextConfiguration = [MergedContextConfiguration@1389e498 testClass = ConfigurationBusiness_CoreSpringServerIT, locations = '{}', classes = '{class fr.insalyon.creatis.vip.core.server.SpringCoreConfig}', contextInitializerClasses = '[]', activeProfiles = '{test-db, test}', propertySourceLocations = '{}', propertySourceProperties = '{db.tableEngine=}', contextCustomizers = set[[empty]], contextLoader = 'org.springframework.test.context.support.DelegatingSmartContextLoader', parent = [null]], attributes = map['org.springframework.test.context.event.ApplicationEventsTestExecutionListener.recordApplicationEvents' -> false]], class annotated with @DirtiesContext [false] with mode [null], method annotated with @DirtiesContext [false] with mode [null].
18:00:09.912 [main] DEBUG org.springframework.test.context.transaction.TransactionalTestExecutionListener - Explicit transaction definition [PROPAGATION_REQUIRED,ISOLATION_DEFAULT] found for test context [DefaultTestContext@18e20fa8 testClass = ConfigurationBusiness_CoreSpringServerIT, testInstance = ConfigurationBusiness_CoreSpringServerIT@430009ca, testMethod = testCatchSendResetPasswordWrongCode@ConfigurationBusiness_CoreSpringServerIT, testException = [null], mergedContextConfiguration = [MergedContextConfiguration@1389e498 testClass = ConfigurationBusiness_CoreSpringServerIT, locations = '{}', classes = '{class fr.insalyon.creatis.vip.core.server.SpringCoreConfig}', contextInitializerClasses = '[]', activeProfiles = '{test-db, test}', propertySourceLocations = '{}', propertySourceProperties = '{db.tableEngine=}', contextCustomizers = set[[empty]], contextLoader = 'org.springframework.test.context.support.DelegatingSmartContextLoader', parent = [null]], attributes = map['org.springframework.test.context.event.ApplicationEventsTestExecutionListener.recordApplicationEvents' -> false]]
18:00:09.912 [main] DEBUG org.springframework.test.context.cache.DefaultCacheAwareContextLoaderDelegate - Retrieved ApplicationContext [1050971191] from cache with key [[MergedContextConfiguration@1389e498 testClass = ConfigurationBusiness_CoreSpringServerIT, locations = '{}', classes = '{class fr.insalyon.creatis.vip.core.server.SpringCoreConfig}', contextInitializerClasses = '[]', activeProfiles = '{test-db, test}', propertySourceLocations = '{}', propertySourceProperties = '{db.tableEngine=}', contextCustomizers = set[[empty]], contextLoader = 'org.springframework.test.context.support.DelegatingSmartContextLoader', parent = [null]]]
18:00:09.912 [main] DEBUG org.springframework.test.context.cache - Spring test ApplicationContext cache statistics: [DefaultContextCache@4675f5b0 size = 1, maxSize = 32, parentContextCount = 0, hitCount = 168, missCount = 1]
18:00:09.912 [main] DEBUG org.springframework.test.context.transaction.TransactionalTestExecutionListener - No method-level @Rollback override: using default rollback [true] for test context [DefaultTestContext@18e20fa8 testClass = ConfigurationBusiness_CoreSpringServerIT, testInstance = ConfigurationBusiness_CoreSpringServerIT@430009ca, testMethod = testCatchSendResetPasswordWrongCode@ConfigurationBusiness_CoreSpringServerIT, testException = [null], mergedContextConfiguration = [MergedContextConfiguration@1389e498 testClass = ConfigurationBusiness_CoreSpringServerIT, locations = '{}', classes = '{class fr.insalyon.creatis.vip.core.server.SpringCoreConfig}', contextInitializerClasses = '[]', activeProfiles = '{test-db, test}', propertySourceLocations = '{}', propertySourceProperties = '{db.tableEngine=}', contextCustomizers = set[[empty]], contextLoader = 'org.springframework.test.context.support.DelegatingSmartContextLoader', parent = [null]], attributes = map['org.springframework.test.context.event.ApplicationEventsTestExecutionListener.recordApplicationEvents' -> false]].
18:00:09.912 [main] DEBUG org.springframework.jdbc.datasource.DataSourceTransactionManager - Creating new transaction with name [ConfigurationBusiness_CoreSpringServerIT.testCatchSendResetPasswordWrongCode]: PROPAGATION_REQUIRED,ISOLATION_DEFAULT
18:00:09.913 [main] DEBUG org.springframework.jdbc.datasource.DataSourceTransactionManager - Acquired Connection [Lazy Connection proxy for target DataSource [org.springframework.jdbc.datasource.embedded.EmbeddedDatabaseFactory$EmbeddedDataSourceProxy@5764c072]] for JDBC transaction
18:00:09.913 [main] DEBUG org.springframework.jdbc.datasource.DataSourceTransactionManager - Switching JDBC Connection [Lazy Connection proxy for target DataSource [org.springframework.jdbc.datasource.embedded.EmbeddedDatabaseFactory$EmbeddedDataSourceProxy@5764c072]] to manual commit
18:00:09.913 [main] INFO org.springframework.test.context.transaction.TransactionContext - Began transaction (1) for test context [DefaultTestContext@18e20fa8 testClass = ConfigurationBusiness_CoreSpringServerIT, testInstance = ConfigurationBusiness_CoreSpringServerIT@430009ca, testMethod = testCatchSendResetPasswordWrongCode@ConfigurationBusiness_CoreSpringServerIT, testException = [null], mergedContextConfiguration = [MergedContextConfiguration@1389e498 testClass = ConfigurationBusiness_CoreSpringServerIT, locations = '{}', classes = '{class fr.insalyon.creatis.vip.core.server.SpringCoreConfig}', contextInitializerClasses = '[]', activeProfiles = '{test-db, test}', propertySourceLocations = '{}', propertySourceProperties = '{db.tableEngine=}', contextCustomizers = set[[empty]], contextLoader = 'org.springframework.test.context.support.DelegatingSmartContextLoader', parent = [null]], attributes = map['org.springframework.test.context.event.ApplicationEventsTestExecutionListener.recordApplicationEvents' -> false]]; transaction manager [org.springframework.jdbc.datasource.DataSourceTransactionManager@178b2df1]; rollback [true]
18:00:09.913 [main] DEBUG org.springframework.test.context.cache.DefaultCacheAwareContextLoaderDelegate - Retrieved ApplicationContext [1050971191] from cache with key [[MergedContextConfiguration@1389e498 testClass = ConfigurationBusiness_CoreSpringServerIT, locations = '{}', classes = '{class fr.insalyon.creatis.vip.core.server.SpringCoreConfig}', contextInitializerClasses = '[]', activeProfiles = '{test-db, test}', propertySourceLocations = '{}', propertySourceProperties = '{db.tableEngine=}', contextCustomizers = set[[empty]], contextLoader = 'org.springframework.test.context.support.DelegatingSmartContextLoader', parent = [null]]]
18:00:09.913 [main] DEBUG org.springframework.test.context.cache - Spring test ApplicationContext cache statistics: [DefaultContextCache@4675f5b0 size = 1, maxSize = 32, parentContextCount = 0, hitCount = 169, missCount = 1]
18:00:09.914 [main] DEBUG org.springframework.jdbc.datasource.DataSourceTransactionManager - Participating in existing transaction
18:00:09.916 [main] DEBUG org.springframework.jdbc.datasource.DataSourceTransactionManager - Participating in existing transaction
18:00:09.917 [main] DEBUG org.springframework.jdbc.datasource.SimpleDriverDataSource - Creating new JDBC Driver Connection to [jdbc:h2:mem:fec2b152-de2f-4c07-a3e1-df691c7daf9d;DB_CLOSE_DELAY=-1;DB_CLOSE_ON_EXIT=false]
18:00:09.918 [main] DEBUG org.springframework.jdbc.datasource.DataSourceTransactionManager - Participating in existing transaction
18:00:09.918 [main] DEBUG org.springframework.jdbc.datasource.DataSourceTransactionManager - Participating in existing transaction
18:00:09.918 [main] DEBUG org.springframework.jdbc.datasource.DataSourceTransactionManager - Participating in existing transaction
18:00:09.918 [main] DEBUG org.springframework.jdbc.datasource.DataSourceTransactionManager - Participating in existing transaction
18:00:09.927 [main] DEBUG org.springframework.jdbc.datasource.DataSourceTransactionManager - Participating in existing transaction
User = test1@test.fr
18:00:09.927 [main] INFO fr.insalyon.creatis.vip.core.server.business.ConfigurationBusiness - verifying test1@test.fr. List of undesired mail domains: . 
18:00:09.927 [main] INFO fr.insalyon.creatis.vip.core.server.business.ConfigurationBusiness - Signing up . List of undesired countries: .
18:00:09.928 [main] DEBUG org.springframework.jdbc.datasource.DataSourceTransactionManager - Participating in existing transaction
18:00:09.928 [main] DEBUG org.springframework.jdbc.datasource.DataSourceTransactionManager - Participating in existing transaction
18:00:09.928 [main] INFO fr.insalyon.creatis.vip.core.server.business.ConfigurationBusiness - Sending confirmation email to 'test1@test.fr'.
18:00:09.928 [main] DEBUG org.springframework.jdbc.datasource.DataSourceTransactionManager - Participating in existing transaction
18:00:09.929 [main] DEBUG org.springframework.jdbc.datasource.DataSourceTransactionManager - Participating in existing transaction
18:00:09.929 [main] DEBUG org.springframework.jdbc.datasource.DataSourceTransactionManager - Participating in existing transaction
18:00:09.929 [main] DEBUG org.springframework.jdbc.datasource.DataSourceTransactionManager - Participating in existing transaction
User = test2@test.fr
18:00:09.929 [main] INFO fr.insalyon.creatis.vip.core.server.business.ConfigurationBusiness - verifying test2@test.fr. List of undesired mail domains: . 
18:00:09.929 [main] INFO fr.insalyon.creatis.vip.core.server.business.ConfigurationBusiness - Signing up . List of undesired countries: .
18:00:09.930 [main] DEBUG org.springframework.jdbc.datasource.DataSourceTransactionManager - Participating in existing transaction
18:00:09.930 [main] DEBUG org.springframework.jdbc.datasource.DataSourceTransactionManager - Participating in existing transaction
18:00:09.930 [main] INFO fr.insalyon.creatis.vip.core.server.business.ConfigurationBusiness - Sending confirmation email to 'test2@test.fr'.
18:00:09.930 [main] DEBUG org.springframework.jdbc.datasource.DataSourceTransactionManager - Participating in existing transaction
18:00:09.934 [main] DEBUG org.springframework.jdbc.datasource.DataSourceTransactionManager - Participating in existing transaction
18:00:09.934 [main] DEBUG org.springframework.jdbc.datasource.DataSourceTransactionManager - Participating in existing transaction
18:00:09.934 [main] DEBUG org.springframework.jdbc.datasource.DataSourceTransactionManager - Participating in existing transaction
User = test3@test.fr
18:00:09.934 [main] INFO fr.insalyon.creatis.vip.core.server.business.ConfigurationBusiness - verifying test3@test.fr. List of undesired mail domains: . 
18:00:09.934 [main] INFO fr.insalyon.creatis.vip.core.server.business.ConfigurationBusiness - Signing up . List of undesired countries: .
18:00:09.936 [main] DEBUG org.springframework.jdbc.datasource.DataSourceTransactionManager - Participating in existing transaction
18:00:09.936 [main] DEBUG org.springframework.jdbc.datasource.DataSourceTransactionManager - Participating in existing transaction
18:00:09.936 [main] INFO fr.insalyon.creatis.vip.core.server.business.ConfigurationBusiness - Sending confirmation email to 'test3@test.fr'.
18:00:09.936 [main] DEBUG org.springframework.jdbc.datasource.DataSourceTransactionManager - Participating in existing transaction
18:00:09.937 [main] DEBUG org.springframework.jdbc.datasource.DataSourceTransactionManager - Participating in existing transaction
18:00:09.937 [main] DEBUG org.springframework.jdbc.datasource.DataSourceTransactionManager - Participating in existing transaction
18:00:09.937 [main] DEBUG org.springframework.jdbc.datasource.DataSourceTransactionManager - Participating in existing transaction
User = test4@test.fr
18:00:09.937 [main] INFO fr.insalyon.creatis.vip.core.server.business.ConfigurationBusiness - verifying test4@test.fr. List of undesired mail domains: . 
18:00:09.937 [main] INFO fr.insalyon.creatis.vip.core.server.business.ConfigurationBusiness - Signing up . List of undesired countries: .
18:00:09.938 [main] DEBUG org.springframework.jdbc.datasource.DataSourceTransactionManager - Participating in existing transaction
18:00:09.938 [main] DEBUG org.springframework.jdbc.datasource.DataSourceTransactionManager - Participating in existing transaction
18:00:09.938 [main] INFO fr.insalyon.creatis.vip.core.server.business.ConfigurationBusiness - Sending confirmation email to 'test4@test.fr'.
18:00:09.938 [main] DEBUG org.springframework.jdbc.datasource.DataSourceTransactionManager - Participating in existing transaction
18:00:09.938 [main] DEBUG org.springframework.jdbc.datasource.DataSourceTransactionManager - Participating in existing transaction
18:00:09.938 [main] DEBUG org.springframework.jdbc.datasource.DataSourceTransactionManager - Participating in existing transaction
18:00:09.939 [main] DEBUG org.springframework.jdbc.datasource.DataSourceTransactionManager - Participating in existing transaction
18:00:09.939 [main] DEBUG org.springframework.jdbc.datasource.DataSourceTransactionManager - Participating in existing transaction
18:00:09.939 [main] DEBUG org.springframework.jdbc.datasource.DataSourceTransactionManager - Participating in existing transaction
18:00:09.939 [main] DEBUG org.springframework.jdbc.datasource.DataSourceTransactionManager - Participating in existing transaction
18:00:09.939 [main] DEBUG org.springframework.jdbc.datasource.DataSourceTransactionManager - Participating in existing transaction
18:00:09.939 [main] DEBUG org.springframework.jdbc.datasource.DataSourceTransactionManager - Participating in existing transaction
18:00:09.941 [main] DEBUG org.springframework.jdbc.datasource.DataSourceTransactionManager - Participating in existing transaction
18:00:09.941 [main] DEBUG org.springframework.jdbc.datasource.DataSourceTransactionManager - Participating in existing transaction
18:00:09.941 [main] DEBUG org.springframework.jdbc.datasource.DataSourceTransactionManager - Participating in existing transaction
User = email5@test.fr
18:00:09.941 [main] INFO fr.insalyon.creatis.vip.core.server.business.ConfigurationBusiness - verifying email5@test.fr. List of undesired mail domains: . 
18:00:09.941 [main] INFO fr.insalyon.creatis.vip.core.server.business.ConfigurationBusiness - Signing up . List of undesired countries: .
18:00:09.942 [main] DEBUG org.springframework.jdbc.datasource.DataSourceTransactionManager - Participating in existing transaction
18:00:09.942 [main] DEBUG org.springframework.jdbc.datasource.DataSourceTransactionManager - Participating in existing transaction
18:00:09.942 [main] INFO fr.insalyon.creatis.vip.core.server.business.ConfigurationBusiness - Sending confirmation email to 'email5@test.fr'.
18:00:09.942 [main] DEBUG org.springframework.jdbc.datasource.DataSourceTransactionManager - Participating in existing transaction
18:00:09.943 [main] DEBUG org.springframework.test.context.cache.DefaultCacheAwareContextLoaderDelegate - Retrieved ApplicationContext [1050971191] from cache with key [[MergedContextConfiguration@1389e498 testClass = ConfigurationBusiness_CoreSpringServerIT, locations = '{}', classes = '{class fr.insalyon.creatis.vip.core.server.SpringCoreConfig}', contextInitializerClasses = '[]', activeProfiles = '{test-db, test}', propertySourceLocations = '{}', propertySourceProperties = '{db.tableEngine=}', contextCustomizers = set[[empty]], contextLoader = 'org.springframework.test.context.support.DelegatingSmartContextLoader', parent = [null]]]
18:00:09.943 [main] DEBUG org.springframework.test.context.cache - Spring test ApplicationContext cache statistics: [DefaultContextCache@4675f5b0 size = 1, maxSize = 32, parentContextCount = 0, hitCount = 170, missCount = 1]
18:00:09.943 [main] DEBUG org.springframework.jdbc.datasource.DataSourceTransactionManager - Participating in existing transaction
18:00:09.943 [main] DEBUG org.springframework.jdbc.datasource.DataSourceTransactionManager - Participating in existing transaction
18:00:09.943 [main] ERROR fr.insalyon.creatis.vip.core.server.business.ConfigurationBusiness - Wrong reset code for test1@test.fr : test code
18:00:09.944 [main] DEBUG org.springframework.test.context.cache.DefaultCacheAwareContextLoaderDelegate - Retrieved ApplicationContext [1050971191] from cache with key [[MergedContextConfiguration@1389e498 testClass = ConfigurationBusiness_CoreSpringServerIT, locations = '{}', classes = '{class fr.insalyon.creatis.vip.core.server.SpringCoreConfig}', contextInitializerClasses = '[]', activeProfiles = '{test-db, test}', propertySourceLocations = '{}', propertySourceProperties = '{db.tableEngine=}', contextCustomizers = set[[empty]], contextLoader = 'org.springframework.test.context.support.DelegatingSmartContextLoader', parent = [null]]]
18:00:09.944 [main] DEBUG org.springframework.test.context.cache - Spring test ApplicationContext cache statistics: [DefaultContextCache@4675f5b0 size = 1, maxSize = 32, parentContextCount = 0, hitCount = 171, missCount = 1]
18:00:09.944 [main] DEBUG org.springframework.test.context.cache.DefaultCacheAwareContextLoaderDelegate - Retrieved ApplicationContext [1050971191] from cache with key [[MergedContextConfiguration@1389e498 testClass = ConfigurationBusiness_CoreSpringServerIT, locations = '{}', classes = '{class fr.insalyon.creatis.vip.core.server.SpringCoreConfig}', contextInitializerClasses = '[]', activeProfiles = '{test-db, test}', propertySourceLocations = '{}', propertySourceProperties = '{db.tableEngine=}', contextCustomizers = set[[empty]], contextLoader = 'org.springframework.test.context.support.DelegatingSmartContextLoader', parent = [null]]]
18:00:09.944 [main] DEBUG org.springframework.test.context.cache - Spring test ApplicationContext cache statistics: [DefaultContextCache@4675f5b0 size = 1, maxSize = 32, parentContextCount = 0, hitCount = 172, missCount = 1]
18:00:09.945 [main] DEBUG org.springframework.jdbc.datasource.DataSourceTransactionManager - Initiating transaction rollback
18:00:09.945 [main] DEBUG org.springframework.jdbc.datasource.DataSourceTransactionManager - Rolling back JDBC transaction on Connection [conn38: url=jdbc:h2:mem:fec2b152-de2f-4c07-a3e1-df691c7daf9d user=SA]
18:00:09.945 [main] DEBUG org.springframework.jdbc.datasource.DataSourceTransactionManager - Releasing JDBC Connection [conn38: url=jdbc:h2:mem:fec2b152-de2f-4c07-a3e1-df691c7daf9d user=SA] after transaction
18:00:09.945 [main] INFO org.springframework.test.context.transaction.TransactionContext - Rolled back transaction for test: [DefaultTestContext@18e20fa8 testClass = ConfigurationBusiness_CoreSpringServerIT, testInstance = ConfigurationBusiness_CoreSpringServerIT@430009ca, testMethod = testCatchSendResetPasswordWrongCode@ConfigurationBusiness_CoreSpringServerIT, testException = [null], mergedContextConfiguration = [MergedContextConfiguration@1389e498 testClass = ConfigurationBusiness_CoreSpringServerIT, locations = '{}', classes = '{class fr.insalyon.creatis.vip.core.server.SpringCoreConfig}', contextInitializerClasses = '[]', activeProfiles = '{test-db, test}', propertySourceLocations = '{}', propertySourceProperties = '{db.tableEngine=}', contextCustomizers = set[[empty]], contextLoader = 'org.springframework.test.context.support.DelegatingSmartContextLoader', parent = [null]], attributes = map['org.springframework.test.context.event.ApplicationEventsTestExecutionListener.recordApplicationEvents' -> false]]
18:00:09.946 [main] DEBUG org.springframework.test.context.support.AbstractDirtiesContextTestExecutionListener - After test method: context [DefaultTestContext@18e20fa8 testClass = ConfigurationBusiness_CoreSpringServerIT, testInstance = ConfigurationBusiness_CoreSpringServerIT@430009ca, testMethod = testCatchSendResetPasswordWrongCode@ConfigurationBusiness_CoreSpringServerIT, testException = [null], mergedContextConfiguration = [MergedContextConfiguration@1389e498 testClass = ConfigurationBusiness_CoreSpringServerIT, locations = '{}', classes = '{class fr.insalyon.creatis.vip.core.server.SpringCoreConfig}', contextInitializerClasses = '[]', activeProfiles = '{test-db, test}', propertySourceLocations = '{}', propertySourceProperties = '{db.tableEngine=}', contextCustomizers = set[[empty]], contextLoader = 'org.springframework.test.context.support.DelegatingSmartContextLoader', parent = [null]], attributes = map['org.springframework.test.context.event.ApplicationEventsTestExecutionListener.recordApplicationEvents' -> false]], class annotated with @DirtiesContext [false] with mode [null], method annotated with @DirtiesContext [false] with mode [null].
]]></system-out>
  </testcase>
  <testcase name="testSendResetCode" classname="ConfigurationBusiness_CoreSpringServerIT" time="0.029">
    <system-out><![CDATA[18:00:09.950 [main] DEBUG org.springframework.test.context.support.DependencyInjectionTestExecutionListener - Performing dependency injection for test context [[DefaultTestContext@18e20fa8 testClass = ConfigurationBusiness_CoreSpringServerIT, testInstance = ConfigurationBusiness_CoreSpringServerIT@dcfd5eb, testMethod = [null], testException = [null], mergedContextConfiguration = [MergedContextConfiguration@1389e498 testClass = ConfigurationBusiness_CoreSpringServerIT, locations = '{}', classes = '{class fr.insalyon.creatis.vip.core.server.SpringCoreConfig}', contextInitializerClasses = '[]', activeProfiles = '{test-db, test}', propertySourceLocations = '{}', propertySourceProperties = '{db.tableEngine=}', contextCustomizers = set[[empty]], contextLoader = 'org.springframework.test.context.support.DelegatingSmartContextLoader', parent = [null]], attributes = map['org.springframework.test.context.event.ApplicationEventsTestExecutionListener.recordApplicationEvents' -> false]]].
18:00:09.950 [main] DEBUG org.springframework.test.context.cache.DefaultCacheAwareContextLoaderDelegate - Retrieved ApplicationContext [1050971191] from cache with key [[MergedContextConfiguration@1389e498 testClass = ConfigurationBusiness_CoreSpringServerIT, locations = '{}', classes = '{class fr.insalyon.creatis.vip.core.server.SpringCoreConfig}', contextInitializerClasses = '[]', activeProfiles = '{test-db, test}', propertySourceLocations = '{}', propertySourceProperties = '{db.tableEngine=}', contextCustomizers = set[[empty]], contextLoader = 'org.springframework.test.context.support.DelegatingSmartContextLoader', parent = [null]]]
18:00:09.950 [main] DEBUG org.springframework.test.context.cache - Spring test ApplicationContext cache statistics: [DefaultContextCache@4675f5b0 size = 1, maxSize = 32, parentContextCount = 0, hitCount = 173, missCount = 1]
18:00:09.951 [main] DEBUG org.springframework.test.context.cache.DefaultCacheAwareContextLoaderDelegate - Retrieved ApplicationContext [1050971191] from cache with key [[MergedContextConfiguration@1389e498 testClass = ConfigurationBusiness_CoreSpringServerIT, locations = '{}', classes = '{class fr.insalyon.creatis.vip.core.server.SpringCoreConfig}', contextInitializerClasses = '[]', activeProfiles = '{test-db, test}', propertySourceLocations = '{}', propertySourceProperties = '{db.tableEngine=}', contextCustomizers = set[[empty]], contextLoader = 'org.springframework.test.context.support.DelegatingSmartContextLoader', parent = [null]]]
18:00:09.951 [main] DEBUG org.springframework.test.context.cache - Spring test ApplicationContext cache statistics: [DefaultContextCache@4675f5b0 size = 1, maxSize = 32, parentContextCount = 0, hitCount = 174, missCount = 1]
18:00:09.954 [main] DEBUG org.springframework.test.context.support.AbstractDirtiesContextTestExecutionListener - Before test method: context [DefaultTestContext@18e20fa8 testClass = ConfigurationBusiness_CoreSpringServerIT, testInstance = ConfigurationBusiness_CoreSpringServerIT@dcfd5eb, testMethod = testSendResetCode@ConfigurationBusiness_CoreSpringServerIT, testException = [null], mergedContextConfiguration = [MergedContextConfiguration@1389e498 testClass = ConfigurationBusiness_CoreSpringServerIT, locations = '{}', classes = '{class fr.insalyon.creatis.vip.core.server.SpringCoreConfig}', contextInitializerClasses = '[]', activeProfiles = '{test-db, test}', propertySourceLocations = '{}', propertySourceProperties = '{db.tableEngine=}', contextCustomizers = set[[empty]], contextLoader = 'org.springframework.test.context.support.DelegatingSmartContextLoader', parent = [null]], attributes = map['org.springframework.test.context.event.ApplicationEventsTestExecutionListener.recordApplicationEvents' -> false]], class annotated with @DirtiesContext [false] with mode [null], method annotated with @DirtiesContext [false] with mode [null].
18:00:09.955 [main] DEBUG org.springframework.test.context.transaction.TransactionalTestExecutionListener - Explicit transaction definition [PROPAGATION_REQUIRED,ISOLATION_DEFAULT] found for test context [DefaultTestContext@18e20fa8 testClass = ConfigurationBusiness_CoreSpringServerIT, testInstance = ConfigurationBusiness_CoreSpringServerIT@dcfd5eb, testMethod = testSendResetCode@ConfigurationBusiness_CoreSpringServerIT, testException = [null], mergedContextConfiguration = [MergedContextConfiguration@1389e498 testClass = ConfigurationBusiness_CoreSpringServerIT, locations = '{}', classes = '{class fr.insalyon.creatis.vip.core.server.SpringCoreConfig}', contextInitializerClasses = '[]', activeProfiles = '{test-db, test}', propertySourceLocations = '{}', propertySourceProperties = '{db.tableEngine=}', contextCustomizers = set[[empty]], contextLoader = 'org.springframework.test.context.support.DelegatingSmartContextLoader', parent = [null]], attributes = map['org.springframework.test.context.event.ApplicationEventsTestExecutionListener.recordApplicationEvents' -> false]]
18:00:09.955 [main] DEBUG org.springframework.test.context.cache.DefaultCacheAwareContextLoaderDelegate - Retrieved ApplicationContext [1050971191] from cache with key [[MergedContextConfiguration@1389e498 testClass = ConfigurationBusiness_CoreSpringServerIT, locations = '{}', classes = '{class fr.insalyon.creatis.vip.core.server.SpringCoreConfig}', contextInitializerClasses = '[]', activeProfiles = '{test-db, test}', propertySourceLocations = '{}', propertySourceProperties = '{db.tableEngine=}', contextCustomizers = set[[empty]], contextLoader = 'org.springframework.test.context.support.DelegatingSmartContextLoader', parent = [null]]]
18:00:09.955 [main] DEBUG org.springframework.test.context.cache - Spring test ApplicationContext cache statistics: [DefaultContextCache@4675f5b0 size = 1, maxSize = 32, parentContextCount = 0, hitCount = 175, missCount = 1]
18:00:09.955 [main] DEBUG org.springframework.test.context.transaction.TransactionalTestExecutionListener - No method-level @Rollback override: using default rollback [true] for test context [DefaultTestContext@18e20fa8 testClass = ConfigurationBusiness_CoreSpringServerIT, testInstance = ConfigurationBusiness_CoreSpringServerIT@dcfd5eb, testMethod = testSendResetCode@ConfigurationBusiness_CoreSpringServerIT, testException = [null], mergedContextConfiguration = [MergedContextConfiguration@1389e498 testClass = ConfigurationBusiness_CoreSpringServerIT, locations = '{}', classes = '{class fr.insalyon.creatis.vip.core.server.SpringCoreConfig}', contextInitializerClasses = '[]', activeProfiles = '{test-db, test}', propertySourceLocations = '{}', propertySourceProperties = '{db.tableEngine=}', contextCustomizers = set[[empty]], contextLoader = 'org.springframework.test.context.support.DelegatingSmartContextLoader', parent = [null]], attributes = map['org.springframework.test.context.event.ApplicationEventsTestExecutionListener.recordApplicationEvents' -> false]].
18:00:09.956 [main] DEBUG org.springframework.jdbc.datasource.DataSourceTransactionManager - Creating new transaction with name [ConfigurationBusiness_CoreSpringServerIT.testSendResetCode]: PROPAGATION_REQUIRED,ISOLATION_DEFAULT
18:00:09.956 [main] DEBUG org.springframework.jdbc.datasource.DataSourceTransactionManager - Acquired Connection [Lazy Connection proxy for target DataSource [org.springframework.jdbc.datasource.embedded.EmbeddedDatabaseFactory$EmbeddedDataSourceProxy@5764c072]] for JDBC transaction
18:00:09.957 [main] DEBUG org.springframework.jdbc.datasource.DataSourceTransactionManager - Switching JDBC Connection [Lazy Connection proxy for target DataSource [org.springframework.jdbc.datasource.embedded.EmbeddedDatabaseFactory$EmbeddedDataSourceProxy@5764c072]] to manual commit
18:00:09.957 [main] INFO org.springframework.test.context.transaction.TransactionContext - Began transaction (1) for test context [DefaultTestContext@18e20fa8 testClass = ConfigurationBusiness_CoreSpringServerIT, testInstance = ConfigurationBusiness_CoreSpringServerIT@dcfd5eb, testMethod = testSendResetCode@ConfigurationBusiness_CoreSpringServerIT, testException = [null], mergedContextConfiguration = [MergedContextConfiguration@1389e498 testClass = ConfigurationBusiness_CoreSpringServerIT, locations = '{}', classes = '{class fr.insalyon.creatis.vip.core.server.SpringCoreConfig}', contextInitializerClasses = '[]', activeProfiles = '{test-db, test}', propertySourceLocations = '{}', propertySourceProperties = '{db.tableEngine=}', contextCustomizers = set[[empty]], contextLoader = 'org.springframework.test.context.support.DelegatingSmartContextLoader', parent = [null]], attributes = map['org.springframework.test.context.event.ApplicationEventsTestExecutionListener.recordApplicationEvents' -> false]]; transaction manager [org.springframework.jdbc.datasource.DataSourceTransactionManager@178b2df1]; rollback [true]
18:00:09.957 [main] DEBUG org.springframework.test.context.cache.DefaultCacheAwareContextLoaderDelegate - Retrieved ApplicationContext [1050971191] from cache with key [[MergedContextConfiguration@1389e498 testClass = ConfigurationBusiness_CoreSpringServerIT, locations = '{}', classes = '{class fr.insalyon.creatis.vip.core.server.SpringCoreConfig}', contextInitializerClasses = '[]', activeProfiles = '{test-db, test}', propertySourceLocations = '{}', propertySourceProperties = '{db.tableEngine=}', contextCustomizers = set[[empty]], contextLoader = 'org.springframework.test.context.support.DelegatingSmartContextLoader', parent = [null]]]
18:00:09.957 [main] DEBUG org.springframework.test.context.cache - Spring test ApplicationContext cache statistics: [DefaultContextCache@4675f5b0 size = 1, maxSize = 32, parentContextCount = 0, hitCount = 176, missCount = 1]
18:00:09.958 [main] DEBUG org.springframework.jdbc.datasource.DataSourceTransactionManager - Participating in existing transaction
18:00:09.959 [main] DEBUG org.springframework.jdbc.datasource.DataSourceTransactionManager - Participating in existing transaction
18:00:09.959 [main] DEBUG org.springframework.jdbc.datasource.SimpleDriverDataSource - Creating new JDBC Driver Connection to [jdbc:h2:mem:fec2b152-de2f-4c07-a3e1-df691c7daf9d;DB_CLOSE_DELAY=-1;DB_CLOSE_ON_EXIT=false]
18:00:09.959 [main] DEBUG org.springframework.jdbc.datasource.DataSourceTransactionManager - Participating in existing transaction
18:00:09.959 [main] DEBUG org.springframework.jdbc.datasource.DataSourceTransactionManager - Participating in existing transaction
18:00:09.960 [main] DEBUG org.springframework.jdbc.datasource.DataSourceTransactionManager - Participating in existing transaction
18:00:09.960 [main] DEBUG org.springframework.jdbc.datasource.DataSourceTransactionManager - Participating in existing transaction
18:00:09.961 [main] DEBUG org.springframework.jdbc.datasource.DataSourceTransactionManager - Participating in existing transaction
User = test1@test.fr
18:00:09.961 [main] INFO fr.insalyon.creatis.vip.core.server.business.ConfigurationBusiness - verifying test1@test.fr. List of undesired mail domains: . 
18:00:09.961 [main] INFO fr.insalyon.creatis.vip.core.server.business.ConfigurationBusiness - Signing up . List of undesired countries: .
18:00:09.961 [main] DEBUG org.springframework.jdbc.datasource.DataSourceTransactionManager - Participating in existing transaction
18:00:09.962 [main] DEBUG org.springframework.jdbc.datasource.DataSourceTransactionManager - Participating in existing transaction
18:00:09.962 [main] INFO fr.insalyon.creatis.vip.core.server.business.ConfigurationBusiness - Sending confirmation email to 'test1@test.fr'.
18:00:09.962 [main] DEBUG org.springframework.jdbc.datasource.DataSourceTransactionManager - Participating in existing transaction
18:00:09.963 [main] DEBUG org.springframework.jdbc.datasource.DataSourceTransactionManager - Participating in existing transaction
18:00:09.963 [main] DEBUG org.springframework.jdbc.datasource.DataSourceTransactionManager - Participating in existing transaction
18:00:09.963 [main] DEBUG org.springframework.jdbc.datasource.DataSourceTransactionManager - Participating in existing transaction
User = test2@test.fr
18:00:09.963 [main] INFO fr.insalyon.creatis.vip.core.server.business.ConfigurationBusiness - verifying test2@test.fr. List of undesired mail domains: . 
18:00:09.963 [main] INFO fr.insalyon.creatis.vip.core.server.business.ConfigurationBusiness - Signing up . List of undesired countries: .
18:00:09.964 [main] DEBUG org.springframework.jdbc.datasource.DataSourceTransactionManager - Participating in existing transaction
18:00:09.964 [main] DEBUG org.springframework.jdbc.datasource.DataSourceTransactionManager - Participating in existing transaction
18:00:09.967 [main] INFO fr.insalyon.creatis.vip.core.server.business.ConfigurationBusiness - Sending confirmation email to 'test2@test.fr'.
18:00:09.967 [main] DEBUG org.springframework.jdbc.datasource.DataSourceTransactionManager - Participating in existing transaction
18:00:09.967 [main] DEBUG org.springframework.jdbc.datasource.DataSourceTransactionManager - Participating in existing transaction
18:00:09.967 [main] DEBUG org.springframework.jdbc.datasource.DataSourceTransactionManager - Participating in existing transaction
18:00:09.968 [main] DEBUG org.springframework.jdbc.datasource.DataSourceTransactionManager - Participating in existing transaction
User = test3@test.fr
18:00:09.968 [main] INFO fr.insalyon.creatis.vip.core.server.business.ConfigurationBusiness - verifying test3@test.fr. List of undesired mail domains: . 
18:00:09.968 [main] INFO fr.insalyon.creatis.vip.core.server.business.ConfigurationBusiness - Signing up . List of undesired countries: .
18:00:09.969 [main] DEBUG org.springframework.jdbc.datasource.DataSourceTransactionManager - Participating in existing transaction
18:00:09.970 [main] DEBUG org.springframework.jdbc.datasource.DataSourceTransactionManager - Participating in existing transaction
18:00:09.970 [main] INFO fr.insalyon.creatis.vip.core.server.business.ConfigurationBusiness - Sending confirmation email to 'test3@test.fr'.
18:00:09.970 [main] DEBUG org.springframework.jdbc.datasource.DataSourceTransactionManager - Participating in existing transaction
18:00:09.971 [main] DEBUG org.springframework.jdbc.datasource.DataSourceTransactionManager - Participating in existing transaction
18:00:09.971 [main] DEBUG org.springframework.jdbc.datasource.DataSourceTransactionManager - Participating in existing transaction
18:00:09.971 [main] DEBUG org.springframework.jdbc.datasource.DataSourceTransactionManager - Participating in existing transaction
User = test4@test.fr
18:00:09.971 [main] INFO fr.insalyon.creatis.vip.core.server.business.ConfigurationBusiness - verifying test4@test.fr. List of undesired mail domains: . 
18:00:09.971 [main] INFO fr.insalyon.creatis.vip.core.server.business.ConfigurationBusiness - Signing up . List of undesired countries: .
18:00:09.971 [main] DEBUG org.springframework.jdbc.datasource.DataSourceTransactionManager - Participating in existing transaction
18:00:09.972 [main] DEBUG org.springframework.jdbc.datasource.DataSourceTransactionManager - Participating in existing transaction
18:00:09.972 [main] INFO fr.insalyon.creatis.vip.core.server.business.ConfigurationBusiness - Sending confirmation email to 'test4@test.fr'.
18:00:09.972 [main] DEBUG org.springframework.jdbc.datasource.DataSourceTransactionManager - Participating in existing transaction
18:00:09.972 [main] DEBUG org.springframework.jdbc.datasource.DataSourceTransactionManager - Participating in existing transaction
18:00:09.972 [main] DEBUG org.springframework.jdbc.datasource.DataSourceTransactionManager - Participating in existing transaction
18:00:09.972 [main] DEBUG org.springframework.jdbc.datasource.DataSourceTransactionManager - Participating in existing transaction
18:00:09.972 [main] DEBUG org.springframework.jdbc.datasource.DataSourceTransactionManager - Participating in existing transaction
18:00:09.972 [main] DEBUG org.springframework.jdbc.datasource.DataSourceTransactionManager - Participating in existing transaction
18:00:09.972 [main] DEBUG org.springframework.jdbc.datasource.DataSourceTransactionManager - Participating in existing transaction
18:00:09.973 [main] DEBUG org.springframework.jdbc.datasource.DataSourceTransactionManager - Participating in existing transaction
18:00:09.973 [main] DEBUG org.springframework.jdbc.datasource.DataSourceTransactionManager - Participating in existing transaction
18:00:09.973 [main] DEBUG org.springframework.jdbc.datasource.DataSourceTransactionManager - Participating in existing transaction
18:00:09.973 [main] DEBUG org.springframework.jdbc.datasource.DataSourceTransactionManager - Participating in existing transaction
18:00:09.973 [main] DEBUG org.springframework.jdbc.datasource.DataSourceTransactionManager - Participating in existing transaction
User = email5@test.fr
18:00:09.974 [main] INFO fr.insalyon.creatis.vip.core.server.business.ConfigurationBusiness - verifying email5@test.fr. List of undesired mail domains: . 
18:00:09.974 [main] INFO fr.insalyon.creatis.vip.core.server.business.ConfigurationBusiness - Signing up . List of undesired countries: .
18:00:09.974 [main] DEBUG org.springframework.jdbc.datasource.DataSourceTransactionManager - Participating in existing transaction
18:00:09.974 [main] DEBUG org.springframework.jdbc.datasource.DataSourceTransactionManager - Participating in existing transaction
18:00:09.974 [main] INFO fr.insalyon.creatis.vip.core.server.business.ConfigurationBusiness - Sending confirmation email to 'email5@test.fr'.
18:00:09.974 [main] DEBUG org.springframework.jdbc.datasource.DataSourceTransactionManager - Participating in existing transaction
18:00:09.977 [main] DEBUG org.springframework.test.context.cache.DefaultCacheAwareContextLoaderDelegate - Retrieved ApplicationContext [1050971191] from cache with key [[MergedContextConfiguration@1389e498 testClass = ConfigurationBusiness_CoreSpringServerIT, locations = '{}', classes = '{class fr.insalyon.creatis.vip.core.server.SpringCoreConfig}', contextInitializerClasses = '[]', activeProfiles = '{test-db, test}', propertySourceLocations = '{}', propertySourceProperties = '{db.tableEngine=}', contextCustomizers = set[[empty]], contextLoader = 'org.springframework.test.context.support.DelegatingSmartContextLoader', parent = [null]]]
18:00:09.978 [main] DEBUG org.springframework.test.context.cache - Spring test ApplicationContext cache statistics: [DefaultContextCache@4675f5b0 size = 1, maxSize = 32, parentContextCount = 0, hitCount = 177, missCount = 1]
18:00:09.978 [main] DEBUG org.springframework.jdbc.datasource.DataSourceTransactionManager - Participating in existing transaction
18:00:09.978 [main] DEBUG org.springframework.jdbc.datasource.DataSourceTransactionManager - Participating in existing transaction
18:00:09.978 [main] DEBUG org.springframework.jdbc.datasource.DataSourceTransactionManager - Participating in existing transaction
18:00:09.978 [main] DEBUG org.springframework.jdbc.datasource.DataSourceTransactionManager - Participating in existing transaction
18:00:09.980 [main] DEBUG org.springframework.test.context.cache.DefaultCacheAwareContextLoaderDelegate - Retrieved ApplicationContext [1050971191] from cache with key [[MergedContextConfiguration@1389e498 testClass = ConfigurationBusiness_CoreSpringServerIT, locations = '{}', classes = '{class fr.insalyon.creatis.vip.core.server.SpringCoreConfig}', contextInitializerClasses = '[]', activeProfiles = '{test-db, test}', propertySourceLocations = '{}', propertySourceProperties = '{db.tableEngine=}', contextCustomizers = set[[empty]], contextLoader = 'org.springframework.test.context.support.DelegatingSmartContextLoader', parent = [null]]]
18:00:09.980 [main] DEBUG org.springframework.test.context.cache - Spring test ApplicationContext cache statistics: [DefaultContextCache@4675f5b0 size = 1, maxSize = 32, parentContextCount = 0, hitCount = 178, missCount = 1]
18:00:09.980 [main] DEBUG org.springframework.test.context.cache.DefaultCacheAwareContextLoaderDelegate - Retrieved ApplicationContext [1050971191] from cache with key [[MergedContextConfiguration@1389e498 testClass = ConfigurationBusiness_CoreSpringServerIT, locations = '{}', classes = '{class fr.insalyon.creatis.vip.core.server.SpringCoreConfig}', contextInitializerClasses = '[]', activeProfiles = '{test-db, test}', propertySourceLocations = '{}', propertySourceProperties = '{db.tableEngine=}', contextCustomizers = set[[empty]], contextLoader = 'org.springframework.test.context.support.DelegatingSmartContextLoader', parent = [null]]]
18:00:09.980 [main] DEBUG org.springframework.test.context.cache - Spring test ApplicationContext cache statistics: [DefaultContextCache@4675f5b0 size = 1, maxSize = 32, parentContextCount = 0, hitCount = 179, missCount = 1]
18:00:09.980 [main] DEBUG org.springframework.jdbc.datasource.DataSourceTransactionManager - Initiating transaction rollback
18:00:09.980 [main] DEBUG org.springframework.jdbc.datasource.DataSourceTransactionManager - Rolling back JDBC transaction on Connection [conn39: url=jdbc:h2:mem:fec2b152-de2f-4c07-a3e1-df691c7daf9d user=SA]
18:00:09.980 [main] DEBUG org.springframework.jdbc.datasource.DataSourceTransactionManager - Releasing JDBC Connection [conn39: url=jdbc:h2:mem:fec2b152-de2f-4c07-a3e1-df691c7daf9d user=SA] after transaction
18:00:09.981 [main] INFO org.springframework.test.context.transaction.TransactionContext - Rolled back transaction for test: [DefaultTestContext@18e20fa8 testClass = ConfigurationBusiness_CoreSpringServerIT, testInstance = ConfigurationBusiness_CoreSpringServerIT@dcfd5eb, testMethod = testSendResetCode@ConfigurationBusiness_CoreSpringServerIT, testException = [null], mergedContextConfiguration = [MergedContextConfiguration@1389e498 testClass = ConfigurationBusiness_CoreSpringServerIT, locations = '{}', classes = '{class fr.insalyon.creatis.vip.core.server.SpringCoreConfig}', contextInitializerClasses = '[]', activeProfiles = '{test-db, test}', propertySourceLocations = '{}', propertySourceProperties = '{db.tableEngine=}', contextCustomizers = set[[empty]], contextLoader = 'org.springframework.test.context.support.DelegatingSmartContextLoader', parent = [null]], attributes = map['org.springframework.test.context.event.ApplicationEventsTestExecutionListener.recordApplicationEvents' -> false]]
18:00:09.981 [main] DEBUG org.springframework.test.context.support.AbstractDirtiesContextTestExecutionListener - After test method: context [DefaultTestContext@18e20fa8 testClass = ConfigurationBusiness_CoreSpringServerIT, testInstance = ConfigurationBusiness_CoreSpringServerIT@dcfd5eb, testMethod = testSendResetCode@ConfigurationBusiness_CoreSpringServerIT, testException = [null], mergedContextConfiguration = [MergedContextConfiguration@1389e498 testClass = ConfigurationBusiness_CoreSpringServerIT, locations = '{}', classes = '{class fr.insalyon.creatis.vip.core.server.SpringCoreConfig}', contextInitializerClasses = '[]', activeProfiles = '{test-db, test}', propertySourceLocations = '{}', propertySourceProperties = '{db.tableEngine=}', contextCustomizers = set[[empty]], contextLoader = 'org.springframework.test.context.support.DelegatingSmartContextLoader', parent = [null]], attributes = map['org.springframework.test.context.event.ApplicationEventsTestExecutionListener.recordApplicationEvents' -> false]], class annotated with @DirtiesContext [false] with mode [null], method annotated with @DirtiesContext [false] with mode [null].
]]></system-out>
  </testcase>
  <testcase name="testSetMaxRunningSimulations" classname="ConfigurationBusiness_CoreSpringServerIT" time="0.032">
    <system-out><![CDATA[18:00:09.983 [main] DEBUG org.springframework.test.context.support.DependencyInjectionTestExecutionListener - Performing dependency injection for test context [[DefaultTestContext@18e20fa8 testClass = ConfigurationBusiness_CoreSpringServerIT, testInstance = ConfigurationBusiness_CoreSpringServerIT@27c33bf9, testMethod = [null], testException = [null], mergedContextConfiguration = [MergedContextConfiguration@1389e498 testClass = ConfigurationBusiness_CoreSpringServerIT, locations = '{}', classes = '{class fr.insalyon.creatis.vip.core.server.SpringCoreConfig}', contextInitializerClasses = '[]', activeProfiles = '{test-db, test}', propertySourceLocations = '{}', propertySourceProperties = '{db.tableEngine=}', contextCustomizers = set[[empty]], contextLoader = 'org.springframework.test.context.support.DelegatingSmartContextLoader', parent = [null]], attributes = map['org.springframework.test.context.event.ApplicationEventsTestExecutionListener.recordApplicationEvents' -> false]]].
18:00:09.984 [main] DEBUG org.springframework.test.context.cache.DefaultCacheAwareContextLoaderDelegate - Retrieved ApplicationContext [1050971191] from cache with key [[MergedContextConfiguration@1389e498 testClass = ConfigurationBusiness_CoreSpringServerIT, locations = '{}', classes = '{class fr.insalyon.creatis.vip.core.server.SpringCoreConfig}', contextInitializerClasses = '[]', activeProfiles = '{test-db, test}', propertySourceLocations = '{}', propertySourceProperties = '{db.tableEngine=}', contextCustomizers = set[[empty]], contextLoader = 'org.springframework.test.context.support.DelegatingSmartContextLoader', parent = [null]]]
18:00:09.984 [main] DEBUG org.springframework.test.context.cache - Spring test ApplicationContext cache statistics: [DefaultContextCache@4675f5b0 size = 1, maxSize = 32, parentContextCount = 0, hitCount = 180, missCount = 1]
18:00:09.985 [main] DEBUG org.springframework.test.context.cache.DefaultCacheAwareContextLoaderDelegate - Retrieved ApplicationContext [1050971191] from cache with key [[MergedContextConfiguration@1389e498 testClass = ConfigurationBusiness_CoreSpringServerIT, locations = '{}', classes = '{class fr.insalyon.creatis.vip.core.server.SpringCoreConfig}', contextInitializerClasses = '[]', activeProfiles = '{test-db, test}', propertySourceLocations = '{}', propertySourceProperties = '{db.tableEngine=}', contextCustomizers = set[[empty]], contextLoader = 'org.springframework.test.context.support.DelegatingSmartContextLoader', parent = [null]]]
18:00:09.985 [main] DEBUG org.springframework.test.context.cache - Spring test ApplicationContext cache statistics: [DefaultContextCache@4675f5b0 size = 1, maxSize = 32, parentContextCount = 0, hitCount = 181, missCount = 1]
18:00:09.986 [main] DEBUG org.springframework.test.context.support.AbstractDirtiesContextTestExecutionListener - Before test method: context [DefaultTestContext@18e20fa8 testClass = ConfigurationBusiness_CoreSpringServerIT, testInstance = ConfigurationBusiness_CoreSpringServerIT@27c33bf9, testMethod = testSetMaxRunningSimulations@ConfigurationBusiness_CoreSpringServerIT, testException = [null], mergedContextConfiguration = [MergedContextConfiguration@1389e498 testClass = ConfigurationBusiness_CoreSpringServerIT, locations = '{}', classes = '{class fr.insalyon.creatis.vip.core.server.SpringCoreConfig}', contextInitializerClasses = '[]', activeProfiles = '{test-db, test}', propertySourceLocations = '{}', propertySourceProperties = '{db.tableEngine=}', contextCustomizers = set[[empty]], contextLoader = 'org.springframework.test.context.support.DelegatingSmartContextLoader', parent = [null]], attributes = map['org.springframework.test.context.event.ApplicationEventsTestExecutionListener.recordApplicationEvents' -> false]], class annotated with @DirtiesContext [false] with mode [null], method annotated with @DirtiesContext [false] with mode [null].
18:00:09.987 [main] DEBUG org.springframework.test.context.transaction.TransactionalTestExecutionListener - Explicit transaction definition [PROPAGATION_REQUIRED,ISOLATION_DEFAULT] found for test context [DefaultTestContext@18e20fa8 testClass = ConfigurationBusiness_CoreSpringServerIT, testInstance = ConfigurationBusiness_CoreSpringServerIT@27c33bf9, testMethod = testSetMaxRunningSimulations@ConfigurationBusiness_CoreSpringServerIT, testException = [null], mergedContextConfiguration = [MergedContextConfiguration@1389e498 testClass = ConfigurationBusiness_CoreSpringServerIT, locations = '{}', classes = '{class fr.insalyon.creatis.vip.core.server.SpringCoreConfig}', contextInitializerClasses = '[]', activeProfiles = '{test-db, test}', propertySourceLocations = '{}', propertySourceProperties = '{db.tableEngine=}', contextCustomizers = set[[empty]], contextLoader = 'org.springframework.test.context.support.DelegatingSmartContextLoader', parent = [null]], attributes = map['org.springframework.test.context.event.ApplicationEventsTestExecutionListener.recordApplicationEvents' -> false]]
18:00:09.987 [main] DEBUG org.springframework.test.context.cache.DefaultCacheAwareContextLoaderDelegate - Retrieved ApplicationContext [1050971191] from cache with key [[MergedContextConfiguration@1389e498 testClass = ConfigurationBusiness_CoreSpringServerIT, locations = '{}', classes = '{class fr.insalyon.creatis.vip.core.server.SpringCoreConfig}', contextInitializerClasses = '[]', activeProfiles = '{test-db, test}', propertySourceLocations = '{}', propertySourceProperties = '{db.tableEngine=}', contextCustomizers = set[[empty]], contextLoader = 'org.springframework.test.context.support.DelegatingSmartContextLoader', parent = [null]]]
18:00:09.987 [main] DEBUG org.springframework.test.context.cache - Spring test ApplicationContext cache statistics: [DefaultContextCache@4675f5b0 size = 1, maxSize = 32, parentContextCount = 0, hitCount = 182, missCount = 1]
18:00:09.987 [main] DEBUG org.springframework.test.context.transaction.TransactionalTestExecutionListener - No method-level @Rollback override: using default rollback [true] for test context [DefaultTestContext@18e20fa8 testClass = ConfigurationBusiness_CoreSpringServerIT, testInstance = ConfigurationBusiness_CoreSpringServerIT@27c33bf9, testMethod = testSetMaxRunningSimulations@ConfigurationBusiness_CoreSpringServerIT, testException = [null], mergedContextConfiguration = [MergedContextConfiguration@1389e498 testClass = ConfigurationBusiness_CoreSpringServerIT, locations = '{}', classes = '{class fr.insalyon.creatis.vip.core.server.SpringCoreConfig}', contextInitializerClasses = '[]', activeProfiles = '{test-db, test}', propertySourceLocations = '{}', propertySourceProperties = '{db.tableEngine=}', contextCustomizers = set[[empty]], contextLoader = 'org.springframework.test.context.support.DelegatingSmartContextLoader', parent = [null]], attributes = map['org.springframework.test.context.event.ApplicationEventsTestExecutionListener.recordApplicationEvents' -> false]].
18:00:09.988 [main] DEBUG org.springframework.jdbc.datasource.DataSourceTransactionManager - Creating new transaction with name [ConfigurationBusiness_CoreSpringServerIT.testSetMaxRunningSimulations]: PROPAGATION_REQUIRED,ISOLATION_DEFAULT
18:00:09.988 [main] DEBUG org.springframework.jdbc.datasource.DataSourceTransactionManager - Acquired Connection [Lazy Connection proxy for target DataSource [org.springframework.jdbc.datasource.embedded.EmbeddedDatabaseFactory$EmbeddedDataSourceProxy@5764c072]] for JDBC transaction
18:00:09.991 [main] DEBUG org.springframework.jdbc.datasource.DataSourceTransactionManager - Switching JDBC Connection [Lazy Connection proxy for target DataSource [org.springframework.jdbc.datasource.embedded.EmbeddedDatabaseFactory$EmbeddedDataSourceProxy@5764c072]] to manual commit
18:00:09.991 [main] INFO org.springframework.test.context.transaction.TransactionContext - Began transaction (1) for test context [DefaultTestContext@18e20fa8 testClass = ConfigurationBusiness_CoreSpringServerIT, testInstance = ConfigurationBusiness_CoreSpringServerIT@27c33bf9, testMethod = testSetMaxRunningSimulations@ConfigurationBusiness_CoreSpringServerIT, testException = [null], mergedContextConfiguration = [MergedContextConfiguration@1389e498 testClass = ConfigurationBusiness_CoreSpringServerIT, locations = '{}', classes = '{class fr.insalyon.creatis.vip.core.server.SpringCoreConfig}', contextInitializerClasses = '[]', activeProfiles = '{test-db, test}', propertySourceLocations = '{}', propertySourceProperties = '{db.tableEngine=}', contextCustomizers = set[[empty]], contextLoader = 'org.springframework.test.context.support.DelegatingSmartContextLoader', parent = [null]], attributes = map['org.springframework.test.context.event.ApplicationEventsTestExecutionListener.recordApplicationEvents' -> false]]; transaction manager [org.springframework.jdbc.datasource.DataSourceTransactionManager@178b2df1]; rollback [true]
18:00:09.991 [main] DEBUG org.springframework.test.context.cache.DefaultCacheAwareContextLoaderDelegate - Retrieved ApplicationContext [1050971191] from cache with key [[MergedContextConfiguration@1389e498 testClass = ConfigurationBusiness_CoreSpringServerIT, locations = '{}', classes = '{class fr.insalyon.creatis.vip.core.server.SpringCoreConfig}', contextInitializerClasses = '[]', activeProfiles = '{test-db, test}', propertySourceLocations = '{}', propertySourceProperties = '{db.tableEngine=}', contextCustomizers = set[[empty]], contextLoader = 'org.springframework.test.context.support.DelegatingSmartContextLoader', parent = [null]]]
18:00:09.991 [main] DEBUG org.springframework.test.context.cache - Spring test ApplicationContext cache statistics: [DefaultContextCache@4675f5b0 size = 1, maxSize = 32, parentContextCount = 0, hitCount = 183, missCount = 1]
18:00:09.994 [main] DEBUG org.springframework.jdbc.datasource.DataSourceTransactionManager - Participating in existing transaction
18:00:09.994 [main] DEBUG org.springframework.jdbc.datasource.DataSourceTransactionManager - Participating in existing transaction
18:00:09.995 [main] DEBUG org.springframework.jdbc.datasource.SimpleDriverDataSource - Creating new JDBC Driver Connection to [jdbc:h2:mem:fec2b152-de2f-4c07-a3e1-df691c7daf9d;DB_CLOSE_DELAY=-1;DB_CLOSE_ON_EXIT=false]
18:00:09.995 [main] DEBUG org.springframework.jdbc.datasource.DataSourceTransactionManager - Participating in existing transaction
18:00:09.996 [main] DEBUG org.springframework.jdbc.datasource.DataSourceTransactionManager - Participating in existing transaction
18:00:09.996 [main] DEBUG org.springframework.jdbc.datasource.DataSourceTransactionManager - Participating in existing transaction
18:00:09.996 [main] DEBUG org.springframework.jdbc.datasource.DataSourceTransactionManager - Participating in existing transaction
18:00:09.997 [main] DEBUG org.springframework.jdbc.datasource.DataSourceTransactionManager - Participating in existing transaction
User = test1@test.fr
18:00:09.997 [main] INFO fr.insalyon.creatis.vip.core.server.business.ConfigurationBusiness - verifying test1@test.fr. List of undesired mail domains: . 
18:00:09.997 [main] INFO fr.insalyon.creatis.vip.core.server.business.ConfigurationBusiness - Signing up . List of undesired countries: .
18:00:09.998 [main] DEBUG org.springframework.jdbc.datasource.DataSourceTransactionManager - Participating in existing transaction
18:00:10.001 [main] DEBUG org.springframework.jdbc.datasource.DataSourceTransactionManager - Participating in existing transaction
18:00:10.001 [main] INFO fr.insalyon.creatis.vip.core.server.business.ConfigurationBusiness - Sending confirmation email to 'test1@test.fr'.
18:00:10.002 [main] DEBUG org.springframework.jdbc.datasource.DataSourceTransactionManager - Participating in existing transaction
18:00:10.002 [main] DEBUG org.springframework.jdbc.datasource.DataSourceTransactionManager - Participating in existing transaction
18:00:10.002 [main] DEBUG org.springframework.jdbc.datasource.DataSourceTransactionManager - Participating in existing transaction
18:00:10.003 [main] DEBUG org.springframework.jdbc.datasource.DataSourceTransactionManager - Participating in existing transaction
User = test2@test.fr
18:00:10.004 [main] INFO fr.insalyon.creatis.vip.core.server.business.ConfigurationBusiness - verifying test2@test.fr. List of undesired mail domains: . 
18:00:10.004 [main] INFO fr.insalyon.creatis.vip.core.server.business.ConfigurationBusiness - Signing up . List of undesired countries: .
18:00:10.005 [main] DEBUG org.springframework.jdbc.datasource.DataSourceTransactionManager - Participating in existing transaction
18:00:10.005 [main] DEBUG org.springframework.jdbc.datasource.DataSourceTransactionManager - Participating in existing transaction
18:00:10.005 [main] INFO fr.insalyon.creatis.vip.core.server.business.ConfigurationBusiness - Sending confirmation email to 'test2@test.fr'.
18:00:10.005 [main] DEBUG org.springframework.jdbc.datasource.DataSourceTransactionManager - Participating in existing transaction
18:00:10.006 [main] DEBUG org.springframework.jdbc.datasource.DataSourceTransactionManager - Participating in existing transaction
18:00:10.006 [main] DEBUG org.springframework.jdbc.datasource.DataSourceTransactionManager - Participating in existing transaction
18:00:10.006 [main] DEBUG org.springframework.jdbc.datasource.DataSourceTransactionManager - Participating in existing transaction
User = test3@test.fr
18:00:10.006 [main] INFO fr.insalyon.creatis.vip.core.server.business.ConfigurationBusiness - verifying test3@test.fr. List of undesired mail domains: . 
18:00:10.006 [main] INFO fr.insalyon.creatis.vip.core.server.business.ConfigurationBusiness - Signing up . List of undesired countries: .
18:00:10.007 [main] DEBUG org.springframework.jdbc.datasource.DataSourceTransactionManager - Participating in existing transaction
18:00:10.007 [main] DEBUG org.springframework.jdbc.datasource.DataSourceTransactionManager - Participating in existing transaction
18:00:10.007 [main] INFO fr.insalyon.creatis.vip.core.server.business.ConfigurationBusiness - Sending confirmation email to 'test3@test.fr'.
18:00:10.007 [main] DEBUG org.springframework.jdbc.datasource.DataSourceTransactionManager - Participating in existing transaction
18:00:10.008 [main] DEBUG org.springframework.jdbc.datasource.DataSourceTransactionManager - Participating in existing transaction
18:00:10.008 [main] DEBUG org.springframework.jdbc.datasource.DataSourceTransactionManager - Participating in existing transaction
18:00:10.009 [main] DEBUG org.springframework.jdbc.datasource.DataSourceTransactionManager - Participating in existing transaction
User = test4@test.fr
18:00:10.009 [main] INFO fr.insalyon.creatis.vip.core.server.business.ConfigurationBusiness - verifying test4@test.fr. List of undesired mail domains: . 
18:00:10.009 [main] INFO fr.insalyon.creatis.vip.core.server.business.ConfigurationBusiness - Signing up . List of undesired countries: .
18:00:10.009 [main] DEBUG org.springframework.jdbc.datasource.DataSourceTransactionManager - Participating in existing transaction
18:00:10.009 [main] DEBUG org.springframework.jdbc.datasource.DataSourceTransactionManager - Participating in existing transaction
18:00:10.009 [main] INFO fr.insalyon.creatis.vip.core.server.business.ConfigurationBusiness - Sending confirmation email to 'test4@test.fr'.
18:00:10.010 [main] DEBUG org.springframework.jdbc.datasource.DataSourceTransactionManager - Participating in existing transaction
18:00:10.010 [main] DEBUG org.springframework.jdbc.datasource.DataSourceTransactionManager - Participating in existing transaction
18:00:10.010 [main] DEBUG org.springframework.jdbc.datasource.DataSourceTransactionManager - Participating in existing transaction
18:00:10.010 [main] DEBUG org.springframework.jdbc.datasource.DataSourceTransactionManager - Participating in existing transaction
18:00:10.010 [main] DEBUG org.springframework.jdbc.datasource.DataSourceTransactionManager - Participating in existing transaction
18:00:10.011 [main] DEBUG org.springframework.jdbc.datasource.DataSourceTransactionManager - Participating in existing transaction
18:00:10.011 [main] DEBUG org.springframework.jdbc.datasource.DataSourceTransactionManager - Participating in existing transaction
18:00:10.013 [main] DEBUG org.springframework.jdbc.datasource.DataSourceTransactionManager - Participating in existing transaction
18:00:10.013 [main] DEBUG org.springframework.jdbc.datasource.DataSourceTransactionManager - Participating in existing transaction
18:00:10.013 [main] DEBUG org.springframework.jdbc.datasource.DataSourceTransactionManager - Participating in existing transaction
18:00:10.013 [main] DEBUG org.springframework.jdbc.datasource.DataSourceTransactionManager - Participating in existing transaction
18:00:10.014 [main] DEBUG org.springframework.jdbc.datasource.DataSourceTransactionManager - Participating in existing transaction
User = email5@test.fr
18:00:10.014 [main] INFO fr.insalyon.creatis.vip.core.server.business.ConfigurationBusiness - verifying email5@test.fr. List of undesired mail domains: . 
18:00:10.014 [main] INFO fr.insalyon.creatis.vip.core.server.business.ConfigurationBusiness - Signing up . List of undesired countries: .
18:00:10.015 [main] DEBUG org.springframework.jdbc.datasource.DataSourceTransactionManager - Participating in existing transaction
18:00:10.015 [main] DEBUG org.springframework.jdbc.datasource.DataSourceTransactionManager - Participating in existing transaction
18:00:10.015 [main] INFO fr.insalyon.creatis.vip.core.server.business.ConfigurationBusiness - Sending confirmation email to 'email5@test.fr'.
18:00:10.015 [main] DEBUG org.springframework.jdbc.datasource.DataSourceTransactionManager - Participating in existing transaction
18:00:10.016 [main] DEBUG org.springframework.test.context.cache.DefaultCacheAwareContextLoaderDelegate - Retrieved ApplicationContext [1050971191] from cache with key [[MergedContextConfiguration@1389e498 testClass = ConfigurationBusiness_CoreSpringServerIT, locations = '{}', classes = '{class fr.insalyon.creatis.vip.core.server.SpringCoreConfig}', contextInitializerClasses = '[]', activeProfiles = '{test-db, test}', propertySourceLocations = '{}', propertySourceProperties = '{db.tableEngine=}', contextCustomizers = set[[empty]], contextLoader = 'org.springframework.test.context.support.DelegatingSmartContextLoader', parent = [null]]]
18:00:10.016 [main] DEBUG org.springframework.test.context.cache - Spring test ApplicationContext cache statistics: [DefaultContextCache@4675f5b0 size = 1, maxSize = 32, parentContextCount = 0, hitCount = 184, missCount = 1]
18:00:10.016 [main] DEBUG org.springframework.test.context.cache.DefaultCacheAwareContextLoaderDelegate - Retrieved ApplicationContext [1050971191] from cache with key [[MergedContextConfiguration@1389e498 testClass = ConfigurationBusiness_CoreSpringServerIT, locations = '{}', classes = '{class fr.insalyon.creatis.vip.core.server.SpringCoreConfig}', contextInitializerClasses = '[]', activeProfiles = '{test-db, test}', propertySourceLocations = '{}', propertySourceProperties = '{db.tableEngine=}', contextCustomizers = set[[empty]], contextLoader = 'org.springframework.test.context.support.DelegatingSmartContextLoader', parent = [null]]]
18:00:10.016 [main] DEBUG org.springframework.test.context.cache - Spring test ApplicationContext cache statistics: [DefaultContextCache@4675f5b0 size = 1, maxSize = 32, parentContextCount = 0, hitCount = 185, missCount = 1]
18:00:10.016 [main] DEBUG org.springframework.test.context.cache.DefaultCacheAwareContextLoaderDelegate - Retrieved ApplicationContext [1050971191] from cache with key [[MergedContextConfiguration@1389e498 testClass = ConfigurationBusiness_CoreSpringServerIT, locations = '{}', classes = '{class fr.insalyon.creatis.vip.core.server.SpringCoreConfig}', contextInitializerClasses = '[]', activeProfiles = '{test-db, test}', propertySourceLocations = '{}', propertySourceProperties = '{db.tableEngine=}', contextCustomizers = set[[empty]], contextLoader = 'org.springframework.test.context.support.DelegatingSmartContextLoader', parent = [null]]]
18:00:10.016 [main] DEBUG org.springframework.test.context.cache - Spring test ApplicationContext cache statistics: [DefaultContextCache@4675f5b0 size = 1, maxSize = 32, parentContextCount = 0, hitCount = 186, missCount = 1]
18:00:10.016 [main] DEBUG org.springframework.jdbc.datasource.DataSourceTransactionManager - Initiating transaction rollback
18:00:10.016 [main] DEBUG org.springframework.jdbc.datasource.DataSourceTransactionManager - Rolling back JDBC transaction on Connection [conn40: url=jdbc:h2:mem:fec2b152-de2f-4c07-a3e1-df691c7daf9d user=SA]
18:00:10.016 [main] DEBUG org.springframework.jdbc.datasource.DataSourceTransactionManager - Releasing JDBC Connection [conn40: url=jdbc:h2:mem:fec2b152-de2f-4c07-a3e1-df691c7daf9d user=SA] after transaction
18:00:10.017 [main] INFO org.springframework.test.context.transaction.TransactionContext - Rolled back transaction for test: [DefaultTestContext@18e20fa8 testClass = ConfigurationBusiness_CoreSpringServerIT, testInstance = ConfigurationBusiness_CoreSpringServerIT@27c33bf9, testMethod = testSetMaxRunningSimulations@ConfigurationBusiness_CoreSpringServerIT, testException = [null], mergedContextConfiguration = [MergedContextConfiguration@1389e498 testClass = ConfigurationBusiness_CoreSpringServerIT, locations = '{}', classes = '{class fr.insalyon.creatis.vip.core.server.SpringCoreConfig}', contextInitializerClasses = '[]', activeProfiles = '{test-db, test}', propertySourceLocations = '{}', propertySourceProperties = '{db.tableEngine=}', contextCustomizers = set[[empty]], contextLoader = 'org.springframework.test.context.support.DelegatingSmartContextLoader', parent = [null]], attributes = map['org.springframework.test.context.event.ApplicationEventsTestExecutionListener.recordApplicationEvents' -> false]]
18:00:10.017 [main] DEBUG org.springframework.test.context.support.AbstractDirtiesContextTestExecutionListener - After test method: context [DefaultTestContext@18e20fa8 testClass = ConfigurationBusiness_CoreSpringServerIT, testInstance = ConfigurationBusiness_CoreSpringServerIT@27c33bf9, testMethod = testSetMaxRunningSimulations@ConfigurationBusiness_CoreSpringServerIT, testException = [null], mergedContextConfiguration = [MergedContextConfiguration@1389e498 testClass = ConfigurationBusiness_CoreSpringServerIT, locations = '{}', classes = '{class fr.insalyon.creatis.vip.core.server.SpringCoreConfig}', contextInitializerClasses = '[]', activeProfiles = '{test-db, test}', propertySourceLocations = '{}', propertySourceProperties = '{db.tableEngine=}', contextCustomizers = set[[empty]], contextLoader = 'org.springframework.test.context.support.DelegatingSmartContextLoader', parent = [null]], attributes = map['org.springframework.test.context.event.ApplicationEventsTestExecutionListener.recordApplicationEvents' -> false]], class annotated with @DirtiesContext [false] with mode [null], method annotated with @DirtiesContext [false] with mode [null].
]]></system-out>
  </testcase>
  <testcase name="testCatchNonExistentUserRemoveGroup" classname="ConfigurationBusiness_CoreSpringServerIT" time="0.029">
    <system-out><![CDATA[18:00:10.019 [main] DEBUG org.springframework.test.context.support.DependencyInjectionTestExecutionListener - Performing dependency injection for test context [[DefaultTestContext@18e20fa8 testClass = ConfigurationBusiness_CoreSpringServerIT, testInstance = ConfigurationBusiness_CoreSpringServerIT@26a190fd, testMethod = [null], testException = [null], mergedContextConfiguration = [MergedContextConfiguration@1389e498 testClass = ConfigurationBusiness_CoreSpringServerIT, locations = '{}', classes = '{class fr.insalyon.creatis.vip.core.server.SpringCoreConfig}', contextInitializerClasses = '[]', activeProfiles = '{test-db, test}', propertySourceLocations = '{}', propertySourceProperties = '{db.tableEngine=}', contextCustomizers = set[[empty]], contextLoader = 'org.springframework.test.context.support.DelegatingSmartContextLoader', parent = [null]], attributes = map['org.springframework.test.context.event.ApplicationEventsTestExecutionListener.recordApplicationEvents' -> false]]].
18:00:10.019 [main] DEBUG org.springframework.test.context.cache.DefaultCacheAwareContextLoaderDelegate - Retrieved ApplicationContext [1050971191] from cache with key [[MergedContextConfiguration@1389e498 testClass = ConfigurationBusiness_CoreSpringServerIT, locations = '{}', classes = '{class fr.insalyon.creatis.vip.core.server.SpringCoreConfig}', contextInitializerClasses = '[]', activeProfiles = '{test-db, test}', propertySourceLocations = '{}', propertySourceProperties = '{db.tableEngine=}', contextCustomizers = set[[empty]], contextLoader = 'org.springframework.test.context.support.DelegatingSmartContextLoader', parent = [null]]]
18:00:10.019 [main] DEBUG org.springframework.test.context.cache - Spring test ApplicationContext cache statistics: [DefaultContextCache@4675f5b0 size = 1, maxSize = 32, parentContextCount = 0, hitCount = 187, missCount = 1]
18:00:10.020 [main] DEBUG org.springframework.test.context.cache.DefaultCacheAwareContextLoaderDelegate - Retrieved ApplicationContext [1050971191] from cache with key [[MergedContextConfiguration@1389e498 testClass = ConfigurationBusiness_CoreSpringServerIT, locations = '{}', classes = '{class fr.insalyon.creatis.vip.core.server.SpringCoreConfig}', contextInitializerClasses = '[]', activeProfiles = '{test-db, test}', propertySourceLocations = '{}', propertySourceProperties = '{db.tableEngine=}', contextCustomizers = set[[empty]], contextLoader = 'org.springframework.test.context.support.DelegatingSmartContextLoader', parent = [null]]]
18:00:10.020 [main] DEBUG org.springframework.test.context.cache - Spring test ApplicationContext cache statistics: [DefaultContextCache@4675f5b0 size = 1, maxSize = 32, parentContextCount = 0, hitCount = 188, missCount = 1]
18:00:10.021 [main] DEBUG org.springframework.test.context.support.AbstractDirtiesContextTestExecutionListener - Before test method: context [DefaultTestContext@18e20fa8 testClass = ConfigurationBusiness_CoreSpringServerIT, testInstance = ConfigurationBusiness_CoreSpringServerIT@26a190fd, testMethod = testCatchNonExistentUserRemoveGroup@ConfigurationBusiness_CoreSpringServerIT, testException = [null], mergedContextConfiguration = [MergedContextConfiguration@1389e498 testClass = ConfigurationBusiness_CoreSpringServerIT, locations = '{}', classes = '{class fr.insalyon.creatis.vip.core.server.SpringCoreConfig}', contextInitializerClasses = '[]', activeProfiles = '{test-db, test}', propertySourceLocations = '{}', propertySourceProperties = '{db.tableEngine=}', contextCustomizers = set[[empty]], contextLoader = 'org.springframework.test.context.support.DelegatingSmartContextLoader', parent = [null]], attributes = map['org.springframework.test.context.event.ApplicationEventsTestExecutionListener.recordApplicationEvents' -> false]], class annotated with @DirtiesContext [false] with mode [null], method annotated with @DirtiesContext [false] with mode [null].
18:00:10.022 [main] DEBUG org.springframework.test.context.transaction.TransactionalTestExecutionListener - Explicit transaction definition [PROPAGATION_REQUIRED,ISOLATION_DEFAULT] found for test context [DefaultTestContext@18e20fa8 testClass = ConfigurationBusiness_CoreSpringServerIT, testInstance = ConfigurationBusiness_CoreSpringServerIT@26a190fd, testMethod = testCatchNonExistentUserRemoveGroup@ConfigurationBusiness_CoreSpringServerIT, testException = [null], mergedContextConfiguration = [MergedContextConfiguration@1389e498 testClass = ConfigurationBusiness_CoreSpringServerIT, locations = '{}', classes = '{class fr.insalyon.creatis.vip.core.server.SpringCoreConfig}', contextInitializerClasses = '[]', activeProfiles = '{test-db, test}', propertySourceLocations = '{}', propertySourceProperties = '{db.tableEngine=}', contextCustomizers = set[[empty]], contextLoader = 'org.springframework.test.context.support.DelegatingSmartContextLoader', parent = [null]], attributes = map['org.springframework.test.context.event.ApplicationEventsTestExecutionListener.recordApplicationEvents' -> false]]
18:00:10.022 [main] DEBUG org.springframework.test.context.cache.DefaultCacheAwareContextLoaderDelegate - Retrieved ApplicationContext [1050971191] from cache with key [[MergedContextConfiguration@1389e498 testClass = ConfigurationBusiness_CoreSpringServerIT, locations = '{}', classes = '{class fr.insalyon.creatis.vip.core.server.SpringCoreConfig}', contextInitializerClasses = '[]', activeProfiles = '{test-db, test}', propertySourceLocations = '{}', propertySourceProperties = '{db.tableEngine=}', contextCustomizers = set[[empty]], contextLoader = 'org.springframework.test.context.support.DelegatingSmartContextLoader', parent = [null]]]
18:00:10.022 [main] DEBUG org.springframework.test.context.cache - Spring test ApplicationContext cache statistics: [DefaultContextCache@4675f5b0 size = 1, maxSize = 32, parentContextCount = 0, hitCount = 189, missCount = 1]
18:00:10.022 [main] DEBUG org.springframework.test.context.transaction.TransactionalTestExecutionListener - No method-level @Rollback override: using default rollback [true] for test context [DefaultTestContext@18e20fa8 testClass = ConfigurationBusiness_CoreSpringServerIT, testInstance = ConfigurationBusiness_CoreSpringServerIT@26a190fd, testMethod = testCatchNonExistentUserRemoveGroup@ConfigurationBusiness_CoreSpringServerIT, testException = [null], mergedContextConfiguration = [MergedContextConfiguration@1389e498 testClass = ConfigurationBusiness_CoreSpringServerIT, locations = '{}', classes = '{class fr.insalyon.creatis.vip.core.server.SpringCoreConfig}', contextInitializerClasses = '[]', activeProfiles = '{test-db, test}', propertySourceLocations = '{}', propertySourceProperties = '{db.tableEngine=}', contextCustomizers = set[[empty]], contextLoader = 'org.springframework.test.context.support.DelegatingSmartContextLoader', parent = [null]], attributes = map['org.springframework.test.context.event.ApplicationEventsTestExecutionListener.recordApplicationEvents' -> false]].
18:00:10.022 [main] DEBUG org.springframework.jdbc.datasource.DataSourceTransactionManager - Creating new transaction with name [ConfigurationBusiness_CoreSpringServerIT.testCatchNonExistentUserRemoveGroup]: PROPAGATION_REQUIRED,ISOLATION_DEFAULT
18:00:10.023 [main] DEBUG org.springframework.jdbc.datasource.DataSourceTransactionManager - Acquired Connection [Lazy Connection proxy for target DataSource [org.springframework.jdbc.datasource.embedded.EmbeddedDatabaseFactory$EmbeddedDataSourceProxy@5764c072]] for JDBC transaction
18:00:10.024 [main] DEBUG org.springframework.jdbc.datasource.DataSourceTransactionManager - Switching JDBC Connection [Lazy Connection proxy for target DataSource [org.springframework.jdbc.datasource.embedded.EmbeddedDatabaseFactory$EmbeddedDataSourceProxy@5764c072]] to manual commit
18:00:10.024 [main] INFO org.springframework.test.context.transaction.TransactionContext - Began transaction (1) for test context [DefaultTestContext@18e20fa8 testClass = ConfigurationBusiness_CoreSpringServerIT, testInstance = ConfigurationBusiness_CoreSpringServerIT@26a190fd, testMethod = testCatchNonExistentUserRemoveGroup@ConfigurationBusiness_CoreSpringServerIT, testException = [null], mergedContextConfiguration = [MergedContextConfiguration@1389e498 testClass = ConfigurationBusiness_CoreSpringServerIT, locations = '{}', classes = '{class fr.insalyon.creatis.vip.core.server.SpringCoreConfig}', contextInitializerClasses = '[]', activeProfiles = '{test-db, test}', propertySourceLocations = '{}', propertySourceProperties = '{db.tableEngine=}', contextCustomizers = set[[empty]], contextLoader = 'org.springframework.test.context.support.DelegatingSmartContextLoader', parent = [null]], attributes = map['org.springframework.test.context.event.ApplicationEventsTestExecutionListener.recordApplicationEvents' -> false]]; transaction manager [org.springframework.jdbc.datasource.DataSourceTransactionManager@178b2df1]; rollback [true]
18:00:10.024 [main] DEBUG org.springframework.test.context.cache.DefaultCacheAwareContextLoaderDelegate - Retrieved ApplicationContext [1050971191] from cache with key [[MergedContextConfiguration@1389e498 testClass = ConfigurationBusiness_CoreSpringServerIT, locations = '{}', classes = '{class fr.insalyon.creatis.vip.core.server.SpringCoreConfig}', contextInitializerClasses = '[]', activeProfiles = '{test-db, test}', propertySourceLocations = '{}', propertySourceProperties = '{db.tableEngine=}', contextCustomizers = set[[empty]], contextLoader = 'org.springframework.test.context.support.DelegatingSmartContextLoader', parent = [null]]]
18:00:10.024 [main] DEBUG org.springframework.test.context.cache - Spring test ApplicationContext cache statistics: [DefaultContextCache@4675f5b0 size = 1, maxSize = 32, parentContextCount = 0, hitCount = 190, missCount = 1]
18:00:10.028 [main] DEBUG org.springframework.jdbc.datasource.DataSourceTransactionManager - Participating in existing transaction
18:00:10.029 [main] DEBUG org.springframework.jdbc.datasource.DataSourceTransactionManager - Participating in existing transaction
18:00:10.029 [main] DEBUG org.springframework.jdbc.datasource.SimpleDriverDataSource - Creating new JDBC Driver Connection to [jdbc:h2:mem:fec2b152-de2f-4c07-a3e1-df691c7daf9d;DB_CLOSE_DELAY=-1;DB_CLOSE_ON_EXIT=false]
18:00:10.030 [main] DEBUG org.springframework.jdbc.datasource.DataSourceTransactionManager - Participating in existing transaction
18:00:10.030 [main] DEBUG org.springframework.jdbc.datasource.DataSourceTransactionManager - Participating in existing transaction
18:00:10.030 [main] DEBUG org.springframework.jdbc.datasource.DataSourceTransactionManager - Participating in existing transaction
18:00:10.030 [main] DEBUG org.springframework.jdbc.datasource.DataSourceTransactionManager - Participating in existing transaction
18:00:10.031 [main] DEBUG org.springframework.jdbc.datasource.DataSourceTransactionManager - Participating in existing transaction
User = test1@test.fr
18:00:10.031 [main] INFO fr.insalyon.creatis.vip.core.server.business.ConfigurationBusiness - verifying test1@test.fr. List of undesired mail domains: . 
18:00:10.031 [main] INFO fr.insalyon.creatis.vip.core.server.business.ConfigurationBusiness - Signing up . List of undesired countries: .
18:00:10.032 [main] DEBUG org.springframework.jdbc.datasource.DataSourceTransactionManager - Participating in existing transaction
18:00:10.032 [main] DEBUG org.springframework.jdbc.datasource.DataSourceTransactionManager - Participating in existing transaction
18:00:10.032 [main] INFO fr.insalyon.creatis.vip.core.server.business.ConfigurationBusiness - Sending confirmation email to 'test1@test.fr'.
18:00:10.032 [main] DEBUG org.springframework.jdbc.datasource.DataSourceTransactionManager - Participating in existing transaction
18:00:10.034 [main] DEBUG org.springframework.jdbc.datasource.DataSourceTransactionManager - Participating in existing transaction
18:00:10.034 [main] DEBUG org.springframework.jdbc.datasource.DataSourceTransactionManager - Participating in existing transaction
18:00:10.034 [main] DEBUG org.springframework.jdbc.datasource.DataSourceTransactionManager - Participating in existing transaction
User = test2@test.fr
18:00:10.035 [main] INFO fr.insalyon.creatis.vip.core.server.business.ConfigurationBusiness - verifying test2@test.fr. List of undesired mail domains: . 
18:00:10.035 [main] INFO fr.insalyon.creatis.vip.core.server.business.ConfigurationBusiness - Signing up . List of undesired countries: .
18:00:10.036 [main] DEBUG org.springframework.jdbc.datasource.DataSourceTransactionManager - Participating in existing transaction
18:00:10.036 [main] DEBUG org.springframework.jdbc.datasource.DataSourceTransactionManager - Participating in existing transaction
18:00:10.036 [main] INFO fr.insalyon.creatis.vip.core.server.business.ConfigurationBusiness - Sending confirmation email to 'test2@test.fr'.
18:00:10.036 [main] DEBUG org.springframework.jdbc.datasource.DataSourceTransactionManager - Participating in existing transaction
18:00:10.037 [main] DEBUG org.springframework.jdbc.datasource.DataSourceTransactionManager - Participating in existing transaction
18:00:10.037 [main] DEBUG org.springframework.jdbc.datasource.DataSourceTransactionManager - Participating in existing transaction
18:00:10.037 [main] DEBUG org.springframework.jdbc.datasource.DataSourceTransactionManager - Participating in existing transaction
User = test3@test.fr
18:00:10.037 [main] INFO fr.insalyon.creatis.vip.core.server.business.ConfigurationBusiness - verifying test3@test.fr. List of undesired mail domains: . 
18:00:10.037 [main] INFO fr.insalyon.creatis.vip.core.server.business.ConfigurationBusiness - Signing up . List of undesired countries: .
18:00:10.037 [main] DEBUG org.springframework.jdbc.datasource.DataSourceTransactionManager - Participating in existing transaction
18:00:10.037 [main] DEBUG org.springframework.jdbc.datasource.DataSourceTransactionManager - Participating in existing transaction
18:00:10.037 [main] INFO fr.insalyon.creatis.vip.core.server.business.ConfigurationBusiness - Sending confirmation email to 'test3@test.fr'.
18:00:10.038 [main] DEBUG org.springframework.jdbc.datasource.DataSourceTransactionManager - Participating in existing transaction
18:00:10.038 [main] DEBUG org.springframework.jdbc.datasource.DataSourceTransactionManager - Participating in existing transaction
18:00:10.038 [main] DEBUG org.springframework.jdbc.datasource.DataSourceTransactionManager - Participating in existing transaction
18:00:10.038 [main] DEBUG org.springframework.jdbc.datasource.DataSourceTransactionManager - Participating in existing transaction
User = test4@test.fr
18:00:10.038 [main] INFO fr.insalyon.creatis.vip.core.server.business.ConfigurationBusiness - verifying test4@test.fr. List of undesired mail domains: . 
18:00:10.038 [main] INFO fr.insalyon.creatis.vip.core.server.business.ConfigurationBusiness - Signing up . List of undesired countries: .
18:00:10.039 [main] DEBUG org.springframework.jdbc.datasource.DataSourceTransactionManager - Participating in existing transaction
18:00:10.039 [main] DEBUG org.springframework.jdbc.datasource.DataSourceTransactionManager - Participating in existing transaction
18:00:10.039 [main] INFO fr.insalyon.creatis.vip.core.server.business.ConfigurationBusiness - Sending confirmation email to 'test4@test.fr'.
18:00:10.039 [main] DEBUG org.springframework.jdbc.datasource.DataSourceTransactionManager - Participating in existing transaction
18:00:10.040 [main] DEBUG org.springframework.jdbc.datasource.DataSourceTransactionManager - Participating in existing transaction
18:00:10.040 [main] DEBUG org.springframework.jdbc.datasource.DataSourceTransactionManager - Participating in existing transaction
18:00:10.041 [main] DEBUG org.springframework.jdbc.datasource.DataSourceTransactionManager - Participating in existing transaction
18:00:10.041 [main] DEBUG org.springframework.jdbc.datasource.DataSourceTransactionManager - Participating in existing transaction
18:00:10.041 [main] DEBUG org.springframework.jdbc.datasource.DataSourceTransactionManager - Participating in existing transaction
18:00:10.041 [main] DEBUG org.springframework.jdbc.datasource.DataSourceTransactionManager - Participating in existing transaction
18:00:10.041 [main] DEBUG org.springframework.jdbc.datasource.DataSourceTransactionManager - Participating in existing transaction
18:00:10.041 [main] DEBUG org.springframework.jdbc.datasource.DataSourceTransactionManager - Participating in existing transaction
18:00:10.042 [main] DEBUG org.springframework.jdbc.datasource.DataSourceTransactionManager - Participating in existing transaction
18:00:10.042 [main] DEBUG org.springframework.jdbc.datasource.DataSourceTransactionManager - Participating in existing transaction
18:00:10.042 [main] DEBUG org.springframework.jdbc.datasource.DataSourceTransactionManager - Participating in existing transaction
User = email5@test.fr
18:00:10.042 [main] INFO fr.insalyon.creatis.vip.core.server.business.ConfigurationBusiness - verifying email5@test.fr. List of undesired mail domains: . 
18:00:10.042 [main] INFO fr.insalyon.creatis.vip.core.server.business.ConfigurationBusiness - Signing up . List of undesired countries: .
18:00:10.042 [main] DEBUG org.springframework.jdbc.datasource.DataSourceTransactionManager - Participating in existing transaction
18:00:10.043 [main] DEBUG org.springframework.jdbc.datasource.DataSourceTransactionManager - Participating in existing transaction
18:00:10.043 [main] INFO fr.insalyon.creatis.vip.core.server.business.ConfigurationBusiness - Sending confirmation email to 'email5@test.fr'.
18:00:10.043 [main] DEBUG org.springframework.jdbc.datasource.DataSourceTransactionManager - Participating in existing transaction
18:00:10.043 [main] DEBUG org.springframework.test.context.cache.DefaultCacheAwareContextLoaderDelegate - Retrieved ApplicationContext [1050971191] from cache with key [[MergedContextConfiguration@1389e498 testClass = ConfigurationBusiness_CoreSpringServerIT, locations = '{}', classes = '{class fr.insalyon.creatis.vip.core.server.SpringCoreConfig}', contextInitializerClasses = '[]', activeProfiles = '{test-db, test}', propertySourceLocations = '{}', propertySourceProperties = '{db.tableEngine=}', contextCustomizers = set[[empty]], contextLoader = 'org.springframework.test.context.support.DelegatingSmartContextLoader', parent = [null]]]
18:00:10.043 [main] DEBUG org.springframework.test.context.cache - Spring test ApplicationContext cache statistics: [DefaultContextCache@4675f5b0 size = 1, maxSize = 32, parentContextCount = 0, hitCount = 191, missCount = 1]
18:00:10.043 [main] DEBUG org.springframework.jdbc.datasource.DataSourceTransactionManager - Participating in existing transaction
18:00:10.043 [main] DEBUG org.springframework.jdbc.datasource.DataSourceTransactionManager - Participating in existing transaction
18:00:10.045 [main] DEBUG org.springframework.jdbc.datasource.DataSourceTransactionManager - Participating in existing transaction
18:00:10.045 [main] DEBUG org.springframework.jdbc.datasource.DataSourceTransactionManager - Participating in existing transaction
18:00:10.046 [main] DEBUG org.springframework.test.context.cache.DefaultCacheAwareContextLoaderDelegate - Retrieved ApplicationContext [1050971191] from cache with key [[MergedContextConfiguration@1389e498 testClass = ConfigurationBusiness_CoreSpringServerIT, locations = '{}', classes = '{class fr.insalyon.creatis.vip.core.server.SpringCoreConfig}', contextInitializerClasses = '[]', activeProfiles = '{test-db, test}', propertySourceLocations = '{}', propertySourceProperties = '{db.tableEngine=}', contextCustomizers = set[[empty]], contextLoader = 'org.springframework.test.context.support.DelegatingSmartContextLoader', parent = [null]]]
18:00:10.046 [main] DEBUG org.springframework.test.context.cache - Spring test ApplicationContext cache statistics: [DefaultContextCache@4675f5b0 size = 1, maxSize = 32, parentContextCount = 0, hitCount = 192, missCount = 1]
18:00:10.046 [main] DEBUG org.springframework.test.context.cache.DefaultCacheAwareContextLoaderDelegate - Retrieved ApplicationContext [1050971191] from cache with key [[MergedContextConfiguration@1389e498 testClass = ConfigurationBusiness_CoreSpringServerIT, locations = '{}', classes = '{class fr.insalyon.creatis.vip.core.server.SpringCoreConfig}', contextInitializerClasses = '[]', activeProfiles = '{test-db, test}', propertySourceLocations = '{}', propertySourceProperties = '{db.tableEngine=}', contextCustomizers = set[[empty]], contextLoader = 'org.springframework.test.context.support.DelegatingSmartContextLoader', parent = [null]]]
18:00:10.046 [main] DEBUG org.springframework.test.context.cache - Spring test ApplicationContext cache statistics: [DefaultContextCache@4675f5b0 size = 1, maxSize = 32, parentContextCount = 0, hitCount = 193, missCount = 1]
18:00:10.047 [main] DEBUG org.springframework.jdbc.datasource.DataSourceTransactionManager - Initiating transaction rollback
18:00:10.047 [main] DEBUG org.springframework.jdbc.datasource.DataSourceTransactionManager - Rolling back JDBC transaction on Connection [conn41: url=jdbc:h2:mem:fec2b152-de2f-4c07-a3e1-df691c7daf9d user=SA]
18:00:10.048 [main] DEBUG org.springframework.jdbc.datasource.DataSourceTransactionManager - Releasing JDBC Connection [conn41: url=jdbc:h2:mem:fec2b152-de2f-4c07-a3e1-df691c7daf9d user=SA] after transaction
18:00:10.049 [main] INFO org.springframework.test.context.transaction.TransactionContext - Rolled back transaction for test: [DefaultTestContext@18e20fa8 testClass = ConfigurationBusiness_CoreSpringServerIT, testInstance = ConfigurationBusiness_CoreSpringServerIT@26a190fd, testMethod = testCatchNonExistentUserRemoveGroup@ConfigurationBusiness_CoreSpringServerIT, testException = [null], mergedContextConfiguration = [MergedContextConfiguration@1389e498 testClass = ConfigurationBusiness_CoreSpringServerIT, locations = '{}', classes = '{class fr.insalyon.creatis.vip.core.server.SpringCoreConfig}', contextInitializerClasses = '[]', activeProfiles = '{test-db, test}', propertySourceLocations = '{}', propertySourceProperties = '{db.tableEngine=}', contextCustomizers = set[[empty]], contextLoader = 'org.springframework.test.context.support.DelegatingSmartContextLoader', parent = [null]], attributes = map['org.springframework.test.context.event.ApplicationEventsTestExecutionListener.recordApplicationEvents' -> false]]
18:00:10.049 [main] DEBUG org.springframework.test.context.support.AbstractDirtiesContextTestExecutionListener - After test method: context [DefaultTestContext@18e20fa8 testClass = ConfigurationBusiness_CoreSpringServerIT, testInstance = ConfigurationBusiness_CoreSpringServerIT@26a190fd, testMethod = testCatchNonExistentUserRemoveGroup@ConfigurationBusiness_CoreSpringServerIT, testException = [null], mergedContextConfiguration = [MergedContextConfiguration@1389e498 testClass = ConfigurationBusiness_CoreSpringServerIT, locations = '{}', classes = '{class fr.insalyon.creatis.vip.core.server.SpringCoreConfig}', contextInitializerClasses = '[]', activeProfiles = '{test-db, test}', propertySourceLocations = '{}', propertySourceProperties = '{db.tableEngine=}', contextCustomizers = set[[empty]], contextLoader = 'org.springframework.test.context.support.DelegatingSmartContextLoader', parent = [null]], attributes = map['org.springframework.test.context.event.ApplicationEventsTestExecutionListener.recordApplicationEvents' -> false]], class annotated with @DirtiesContext [false] with mode [null], method annotated with @DirtiesContext [false] with mode [null].
]]></system-out>
  </testcase>
  <testcase name="testResetNextEmail" classname="ConfigurationBusiness_CoreSpringServerIT" time="0.026">
    <system-out><![CDATA[18:00:10.052 [main] DEBUG org.springframework.test.context.support.DependencyInjectionTestExecutionListener - Performing dependency injection for test context [[DefaultTestContext@18e20fa8 testClass = ConfigurationBusiness_CoreSpringServerIT, testInstance = ConfigurationBusiness_CoreSpringServerIT@154a077e, testMethod = [null], testException = [null], mergedContextConfiguration = [MergedContextConfiguration@1389e498 testClass = ConfigurationBusiness_CoreSpringServerIT, locations = '{}', classes = '{class fr.insalyon.creatis.vip.core.server.SpringCoreConfig}', contextInitializerClasses = '[]', activeProfiles = '{test-db, test}', propertySourceLocations = '{}', propertySourceProperties = '{db.tableEngine=}', contextCustomizers = set[[empty]], contextLoader = 'org.springframework.test.context.support.DelegatingSmartContextLoader', parent = [null]], attributes = map['org.springframework.test.context.event.ApplicationEventsTestExecutionListener.recordApplicationEvents' -> false]]].
18:00:10.052 [main] DEBUG org.springframework.test.context.cache.DefaultCacheAwareContextLoaderDelegate - Retrieved ApplicationContext [1050971191] from cache with key [[MergedContextConfiguration@1389e498 testClass = ConfigurationBusiness_CoreSpringServerIT, locations = '{}', classes = '{class fr.insalyon.creatis.vip.core.server.SpringCoreConfig}', contextInitializerClasses = '[]', activeProfiles = '{test-db, test}', propertySourceLocations = '{}', propertySourceProperties = '{db.tableEngine=}', contextCustomizers = set[[empty]], contextLoader = 'org.springframework.test.context.support.DelegatingSmartContextLoader', parent = [null]]]
18:00:10.052 [main] DEBUG org.springframework.test.context.cache - Spring test ApplicationContext cache statistics: [DefaultContextCache@4675f5b0 size = 1, maxSize = 32, parentContextCount = 0, hitCount = 194, missCount = 1]
18:00:10.053 [main] DEBUG org.springframework.test.context.cache.DefaultCacheAwareContextLoaderDelegate - Retrieved ApplicationContext [1050971191] from cache with key [[MergedContextConfiguration@1389e498 testClass = ConfigurationBusiness_CoreSpringServerIT, locations = '{}', classes = '{class fr.insalyon.creatis.vip.core.server.SpringCoreConfig}', contextInitializerClasses = '[]', activeProfiles = '{test-db, test}', propertySourceLocations = '{}', propertySourceProperties = '{db.tableEngine=}', contextCustomizers = set[[empty]], contextLoader = 'org.springframework.test.context.support.DelegatingSmartContextLoader', parent = [null]]]
18:00:10.053 [main] DEBUG org.springframework.test.context.cache - Spring test ApplicationContext cache statistics: [DefaultContextCache@4675f5b0 size = 1, maxSize = 32, parentContextCount = 0, hitCount = 195, missCount = 1]
18:00:10.055 [main] DEBUG org.springframework.test.context.support.AbstractDirtiesContextTestExecutionListener - Before test method: context [DefaultTestContext@18e20fa8 testClass = ConfigurationBusiness_CoreSpringServerIT, testInstance = ConfigurationBusiness_CoreSpringServerIT@154a077e, testMethod = testResetNextEmail@ConfigurationBusiness_CoreSpringServerIT, testException = [null], mergedContextConfiguration = [MergedContextConfiguration@1389e498 testClass = ConfigurationBusiness_CoreSpringServerIT, locations = '{}', classes = '{class fr.insalyon.creatis.vip.core.server.SpringCoreConfig}', contextInitializerClasses = '[]', activeProfiles = '{test-db, test}', propertySourceLocations = '{}', propertySourceProperties = '{db.tableEngine=}', contextCustomizers = set[[empty]], contextLoader = 'org.springframework.test.context.support.DelegatingSmartContextLoader', parent = [null]], attributes = map['org.springframework.test.context.event.ApplicationEventsTestExecutionListener.recordApplicationEvents' -> false]], class annotated with @DirtiesContext [false] with mode [null], method annotated with @DirtiesContext [false] with mode [null].
18:00:10.055 [main] DEBUG org.springframework.test.context.transaction.TransactionalTestExecutionListener - Explicit transaction definition [PROPAGATION_REQUIRED,ISOLATION_DEFAULT] found for test context [DefaultTestContext@18e20fa8 testClass = ConfigurationBusiness_CoreSpringServerIT, testInstance = ConfigurationBusiness_CoreSpringServerIT@154a077e, testMethod = testResetNextEmail@ConfigurationBusiness_CoreSpringServerIT, testException = [null], mergedContextConfiguration = [MergedContextConfiguration@1389e498 testClass = ConfigurationBusiness_CoreSpringServerIT, locations = '{}', classes = '{class fr.insalyon.creatis.vip.core.server.SpringCoreConfig}', contextInitializerClasses = '[]', activeProfiles = '{test-db, test}', propertySourceLocations = '{}', propertySourceProperties = '{db.tableEngine=}', contextCustomizers = set[[empty]], contextLoader = 'org.springframework.test.context.support.DelegatingSmartContextLoader', parent = [null]], attributes = map['org.springframework.test.context.event.ApplicationEventsTestExecutionListener.recordApplicationEvents' -> false]]
18:00:10.055 [main] DEBUG org.springframework.test.context.cache.DefaultCacheAwareContextLoaderDelegate - Retrieved ApplicationContext [1050971191] from cache with key [[MergedContextConfiguration@1389e498 testClass = ConfigurationBusiness_CoreSpringServerIT, locations = '{}', classes = '{class fr.insalyon.creatis.vip.core.server.SpringCoreConfig}', contextInitializerClasses = '[]', activeProfiles = '{test-db, test}', propertySourceLocations = '{}', propertySourceProperties = '{db.tableEngine=}', contextCustomizers = set[[empty]], contextLoader = 'org.springframework.test.context.support.DelegatingSmartContextLoader', parent = [null]]]
18:00:10.055 [main] DEBUG org.springframework.test.context.cache - Spring test ApplicationContext cache statistics: [DefaultContextCache@4675f5b0 size = 1, maxSize = 32, parentContextCount = 0, hitCount = 196, missCount = 1]
18:00:10.055 [main] DEBUG org.springframework.test.context.transaction.TransactionalTestExecutionListener - No method-level @Rollback override: using default rollback [true] for test context [DefaultTestContext@18e20fa8 testClass = ConfigurationBusiness_CoreSpringServerIT, testInstance = ConfigurationBusiness_CoreSpringServerIT@154a077e, testMethod = testResetNextEmail@ConfigurationBusiness_CoreSpringServerIT, testException = [null], mergedContextConfiguration = [MergedContextConfiguration@1389e498 testClass = ConfigurationBusiness_CoreSpringServerIT, locations = '{}', classes = '{class fr.insalyon.creatis.vip.core.server.SpringCoreConfig}', contextInitializerClasses = '[]', activeProfiles = '{test-db, test}', propertySourceLocations = '{}', propertySourceProperties = '{db.tableEngine=}', contextCustomizers = set[[empty]], contextLoader = 'org.springframework.test.context.support.DelegatingSmartContextLoader', parent = [null]], attributes = map['org.springframework.test.context.event.ApplicationEventsTestExecutionListener.recordApplicationEvents' -> false]].
18:00:10.056 [main] DEBUG org.springframework.jdbc.datasource.DataSourceTransactionManager - Creating new transaction with name [ConfigurationBusiness_CoreSpringServerIT.testResetNextEmail]: PROPAGATION_REQUIRED,ISOLATION_DEFAULT
18:00:10.056 [main] DEBUG org.springframework.jdbc.datasource.DataSourceTransactionManager - Acquired Connection [Lazy Connection proxy for target DataSource [org.springframework.jdbc.datasource.embedded.EmbeddedDatabaseFactory$EmbeddedDataSourceProxy@5764c072]] for JDBC transaction
18:00:10.056 [main] DEBUG org.springframework.jdbc.datasource.DataSourceTransactionManager - Switching JDBC Connection [Lazy Connection proxy for target DataSource [org.springframework.jdbc.datasource.embedded.EmbeddedDatabaseFactory$EmbeddedDataSourceProxy@5764c072]] to manual commit
18:00:10.056 [main] INFO org.springframework.test.context.transaction.TransactionContext - Began transaction (1) for test context [DefaultTestContext@18e20fa8 testClass = ConfigurationBusiness_CoreSpringServerIT, testInstance = ConfigurationBusiness_CoreSpringServerIT@154a077e, testMethod = testResetNextEmail@ConfigurationBusiness_CoreSpringServerIT, testException = [null], mergedContextConfiguration = [MergedContextConfiguration@1389e498 testClass = ConfigurationBusiness_CoreSpringServerIT, locations = '{}', classes = '{class fr.insalyon.creatis.vip.core.server.SpringCoreConfig}', contextInitializerClasses = '[]', activeProfiles = '{test-db, test}', propertySourceLocations = '{}', propertySourceProperties = '{db.tableEngine=}', contextCustomizers = set[[empty]], contextLoader = 'org.springframework.test.context.support.DelegatingSmartContextLoader', parent = [null]], attributes = map['org.springframework.test.context.event.ApplicationEventsTestExecutionListener.recordApplicationEvents' -> false]]; transaction manager [org.springframework.jdbc.datasource.DataSourceTransactionManager@178b2df1]; rollback [true]
18:00:10.057 [main] DEBUG org.springframework.test.context.cache.DefaultCacheAwareContextLoaderDelegate - Retrieved ApplicationContext [1050971191] from cache with key [[MergedContextConfiguration@1389e498 testClass = ConfigurationBusiness_CoreSpringServerIT, locations = '{}', classes = '{class fr.insalyon.creatis.vip.core.server.SpringCoreConfig}', contextInitializerClasses = '[]', activeProfiles = '{test-db, test}', propertySourceLocations = '{}', propertySourceProperties = '{db.tableEngine=}', contextCustomizers = set[[empty]], contextLoader = 'org.springframework.test.context.support.DelegatingSmartContextLoader', parent = [null]]]
18:00:10.057 [main] DEBUG org.springframework.test.context.cache - Spring test ApplicationContext cache statistics: [DefaultContextCache@4675f5b0 size = 1, maxSize = 32, parentContextCount = 0, hitCount = 197, missCount = 1]
18:00:10.058 [main] DEBUG org.springframework.jdbc.datasource.DataSourceTransactionManager - Participating in existing transaction
18:00:10.058 [main] DEBUG org.springframework.jdbc.datasource.DataSourceTransactionManager - Participating in existing transaction
18:00:10.058 [main] DEBUG org.springframework.jdbc.datasource.SimpleDriverDataSource - Creating new JDBC Driver Connection to [jdbc:h2:mem:fec2b152-de2f-4c07-a3e1-df691c7daf9d;DB_CLOSE_DELAY=-1;DB_CLOSE_ON_EXIT=false]
18:00:10.059 [main] DEBUG org.springframework.jdbc.datasource.DataSourceTransactionManager - Participating in existing transaction
18:00:10.059 [main] DEBUG org.springframework.jdbc.datasource.DataSourceTransactionManager - Participating in existing transaction
18:00:10.059 [main] DEBUG org.springframework.jdbc.datasource.DataSourceTransactionManager - Participating in existing transaction
18:00:10.059 [main] DEBUG org.springframework.jdbc.datasource.DataSourceTransactionManager - Participating in existing transaction
18:00:10.060 [main] DEBUG org.springframework.jdbc.datasource.DataSourceTransactionManager - Participating in existing transaction
User = test1@test.fr
18:00:10.060 [main] INFO fr.insalyon.creatis.vip.core.server.business.ConfigurationBusiness - verifying test1@test.fr. List of undesired mail domains: . 
18:00:10.060 [main] INFO fr.insalyon.creatis.vip.core.server.business.ConfigurationBusiness - Signing up . List of undesired countries: .
18:00:10.060 [main] DEBUG org.springframework.jdbc.datasource.DataSourceTransactionManager - Participating in existing transaction
18:00:10.060 [main] DEBUG org.springframework.jdbc.datasource.DataSourceTransactionManager - Participating in existing transaction
18:00:10.060 [main] INFO fr.insalyon.creatis.vip.core.server.business.ConfigurationBusiness - Sending confirmation email to 'test1@test.fr'.
18:00:10.061 [main] DEBUG org.springframework.jdbc.datasource.DataSourceTransactionManager - Participating in existing transaction
18:00:10.062 [main] DEBUG org.springframework.jdbc.datasource.DataSourceTransactionManager - Participating in existing transaction
18:00:10.062 [main] DEBUG org.springframework.jdbc.datasource.DataSourceTransactionManager - Participating in existing transaction
18:00:10.062 [main] DEBUG org.springframework.jdbc.datasource.DataSourceTransactionManager - Participating in existing transaction
User = test2@test.fr
18:00:10.062 [main] INFO fr.insalyon.creatis.vip.core.server.business.ConfigurationBusiness - verifying test2@test.fr. List of undesired mail domains: . 
18:00:10.063 [main] INFO fr.insalyon.creatis.vip.core.server.business.ConfigurationBusiness - Signing up . List of undesired countries: .
18:00:10.064 [main] DEBUG org.springframework.jdbc.datasource.DataSourceTransactionManager - Participating in existing transaction
18:00:10.065 [main] DEBUG org.springframework.jdbc.datasource.DataSourceTransactionManager - Participating in existing transaction
18:00:10.065 [main] INFO fr.insalyon.creatis.vip.core.server.business.ConfigurationBusiness - Sending confirmation email to 'test2@test.fr'.
18:00:10.065 [main] DEBUG org.springframework.jdbc.datasource.DataSourceTransactionManager - Participating in existing transaction
18:00:10.065 [main] DEBUG org.springframework.jdbc.datasource.DataSourceTransactionManager - Participating in existing transaction
18:00:10.065 [main] DEBUG org.springframework.jdbc.datasource.DataSourceTransactionManager - Participating in existing transaction
18:00:10.066 [main] DEBUG org.springframework.jdbc.datasource.DataSourceTransactionManager - Participating in existing transaction
User = test3@test.fr
18:00:10.066 [main] INFO fr.insalyon.creatis.vip.core.server.business.ConfigurationBusiness - verifying test3@test.fr. List of undesired mail domains: . 
18:00:10.066 [main] INFO fr.insalyon.creatis.vip.core.server.business.ConfigurationBusiness - Signing up . List of undesired countries: .
18:00:10.067 [main] DEBUG org.springframework.jdbc.datasource.DataSourceTransactionManager - Participating in existing transaction
18:00:10.067 [main] DEBUG org.springframework.jdbc.datasource.DataSourceTransactionManager - Participating in existing transaction
18:00:10.067 [main] INFO fr.insalyon.creatis.vip.core.server.business.ConfigurationBusiness - Sending confirmation email to 'test3@test.fr'.
18:00:10.067 [main] DEBUG org.springframework.jdbc.datasource.DataSourceTransactionManager - Participating in existing transaction
18:00:10.067 [main] DEBUG org.springframework.jdbc.datasource.DataSourceTransactionManager - Participating in existing transaction
18:00:10.067 [main] DEBUG org.springframework.jdbc.datasource.DataSourceTransactionManager - Participating in existing transaction
18:00:10.067 [main] DEBUG org.springframework.jdbc.datasource.DataSourceTransactionManager - Participating in existing transaction
User = test4@test.fr
18:00:10.068 [main] INFO fr.insalyon.creatis.vip.core.server.business.ConfigurationBusiness - verifying test4@test.fr. List of undesired mail domains: . 
18:00:10.068 [main] INFO fr.insalyon.creatis.vip.core.server.business.ConfigurationBusiness - Signing up . List of undesired countries: .
18:00:10.068 [main] DEBUG org.springframework.jdbc.datasource.DataSourceTransactionManager - Participating in existing transaction
18:00:10.068 [main] DEBUG org.springframework.jdbc.datasource.DataSourceTransactionManager - Participating in existing transaction
18:00:10.068 [main] INFO fr.insalyon.creatis.vip.core.server.business.ConfigurationBusiness - Sending confirmation email to 'test4@test.fr'.
18:00:10.068 [main] DEBUG org.springframework.jdbc.datasource.DataSourceTransactionManager - Participating in existing transaction
18:00:10.069 [main] DEBUG org.springframework.jdbc.datasource.DataSourceTransactionManager - Participating in existing transaction
18:00:10.069 [main] DEBUG org.springframework.jdbc.datasource.DataSourceTransactionManager - Participating in existing transaction
18:00:10.069 [main] DEBUG org.springframework.jdbc.datasource.DataSourceTransactionManager - Participating in existing transaction
18:00:10.069 [main] DEBUG org.springframework.jdbc.datasource.DataSourceTransactionManager - Participating in existing transaction
18:00:10.070 [main] DEBUG org.springframework.jdbc.datasource.DataSourceTransactionManager - Participating in existing transaction
18:00:10.070 [main] DEBUG org.springframework.jdbc.datasource.DataSourceTransactionManager - Participating in existing transaction
18:00:10.071 [main] DEBUG org.springframework.jdbc.datasource.DataSourceTransactionManager - Participating in existing transaction
18:00:10.071 [main] DEBUG org.springframework.jdbc.datasource.DataSourceTransactionManager - Participating in existing transaction
18:00:10.071 [main] DEBUG org.springframework.jdbc.datasource.DataSourceTransactionManager - Participating in existing transaction
18:00:10.071 [main] DEBUG org.springframework.jdbc.datasource.DataSourceTransactionManager - Participating in existing transaction
18:00:10.071 [main] DEBUG org.springframework.jdbc.datasource.DataSourceTransactionManager - Participating in existing transaction
User = email5@test.fr
18:00:10.071 [main] INFO fr.insalyon.creatis.vip.core.server.business.ConfigurationBusiness - verifying email5@test.fr. List of undesired mail domains: . 
18:00:10.071 [main] INFO fr.insalyon.creatis.vip.core.server.business.ConfigurationBusiness - Signing up . List of undesired countries: .
18:00:10.072 [main] DEBUG org.springframework.jdbc.datasource.DataSourceTransactionManager - Participating in existing transaction
18:00:10.072 [main] DEBUG org.springframework.jdbc.datasource.DataSourceTransactionManager - Participating in existing transaction
18:00:10.073 [main] INFO fr.insalyon.creatis.vip.core.server.business.ConfigurationBusiness - Sending confirmation email to 'email5@test.fr'.
18:00:10.073 [main] DEBUG org.springframework.jdbc.datasource.DataSourceTransactionManager - Participating in existing transaction
18:00:10.074 [main] DEBUG org.springframework.test.context.cache.DefaultCacheAwareContextLoaderDelegate - Retrieved ApplicationContext [1050971191] from cache with key [[MergedContextConfiguration@1389e498 testClass = ConfigurationBusiness_CoreSpringServerIT, locations = '{}', classes = '{class fr.insalyon.creatis.vip.core.server.SpringCoreConfig}', contextInitializerClasses = '[]', activeProfiles = '{test-db, test}', propertySourceLocations = '{}', propertySourceProperties = '{db.tableEngine=}', contextCustomizers = set[[empty]], contextLoader = 'org.springframework.test.context.support.DelegatingSmartContextLoader', parent = [null]]]
18:00:10.074 [main] DEBUG org.springframework.test.context.cache - Spring test ApplicationContext cache statistics: [DefaultContextCache@4675f5b0 size = 1, maxSize = 32, parentContextCount = 0, hitCount = 198, missCount = 1]
18:00:10.074 [main] DEBUG org.springframework.jdbc.datasource.DataSourceTransactionManager - Participating in existing transaction
18:00:10.074 [main] DEBUG org.springframework.jdbc.datasource.DataSourceTransactionManager - Participating in existing transaction
18:00:10.074 [main] DEBUG org.springframework.jdbc.datasource.DataSourceTransactionManager - Participating in existing transaction
18:00:10.074 [main] DEBUG org.springframework.jdbc.datasource.DataSourceTransactionManager - Participating in existing transaction
18:00:10.074 [main] DEBUG org.springframework.test.context.cache.DefaultCacheAwareContextLoaderDelegate - Retrieved ApplicationContext [1050971191] from cache with key [[MergedContextConfiguration@1389e498 testClass = ConfigurationBusiness_CoreSpringServerIT, locations = '{}', classes = '{class fr.insalyon.creatis.vip.core.server.SpringCoreConfig}', contextInitializerClasses = '[]', activeProfiles = '{test-db, test}', propertySourceLocations = '{}', propertySourceProperties = '{db.tableEngine=}', contextCustomizers = set[[empty]], contextLoader = 'org.springframework.test.context.support.DelegatingSmartContextLoader', parent = [null]]]
18:00:10.075 [main] DEBUG org.springframework.test.context.cache - Spring test ApplicationContext cache statistics: [DefaultContextCache@4675f5b0 size = 1, maxSize = 32, parentContextCount = 0, hitCount = 199, missCount = 1]
18:00:10.075 [main] DEBUG org.springframework.test.context.cache.DefaultCacheAwareContextLoaderDelegate - Retrieved ApplicationContext [1050971191] from cache with key [[MergedContextConfiguration@1389e498 testClass = ConfigurationBusiness_CoreSpringServerIT, locations = '{}', classes = '{class fr.insalyon.creatis.vip.core.server.SpringCoreConfig}', contextInitializerClasses = '[]', activeProfiles = '{test-db, test}', propertySourceLocations = '{}', propertySourceProperties = '{db.tableEngine=}', contextCustomizers = set[[empty]], contextLoader = 'org.springframework.test.context.support.DelegatingSmartContextLoader', parent = [null]]]
18:00:10.075 [main] DEBUG org.springframework.test.context.cache - Spring test ApplicationContext cache statistics: [DefaultContextCache@4675f5b0 size = 1, maxSize = 32, parentContextCount = 0, hitCount = 200, missCount = 1]
18:00:10.076 [main] DEBUG org.springframework.jdbc.datasource.DataSourceTransactionManager - Initiating transaction rollback
18:00:10.076 [main] DEBUG org.springframework.jdbc.datasource.DataSourceTransactionManager - Rolling back JDBC transaction on Connection [conn42: url=jdbc:h2:mem:fec2b152-de2f-4c07-a3e1-df691c7daf9d user=SA]
18:00:10.076 [main] DEBUG org.springframework.jdbc.datasource.DataSourceTransactionManager - Releasing JDBC Connection [conn42: url=jdbc:h2:mem:fec2b152-de2f-4c07-a3e1-df691c7daf9d user=SA] after transaction
18:00:10.076 [main] INFO org.springframework.test.context.transaction.TransactionContext - Rolled back transaction for test: [DefaultTestContext@18e20fa8 testClass = ConfigurationBusiness_CoreSpringServerIT, testInstance = ConfigurationBusiness_CoreSpringServerIT@154a077e, testMethod = testResetNextEmail@ConfigurationBusiness_CoreSpringServerIT, testException = [null], mergedContextConfiguration = [MergedContextConfiguration@1389e498 testClass = ConfigurationBusiness_CoreSpringServerIT, locations = '{}', classes = '{class fr.insalyon.creatis.vip.core.server.SpringCoreConfig}', contextInitializerClasses = '[]', activeProfiles = '{test-db, test}', propertySourceLocations = '{}', propertySourceProperties = '{db.tableEngine=}', contextCustomizers = set[[empty]], contextLoader = 'org.springframework.test.context.support.DelegatingSmartContextLoader', parent = [null]], attributes = map['org.springframework.test.context.event.ApplicationEventsTestExecutionListener.recordApplicationEvents' -> false]]
18:00:10.079 [main] DEBUG org.springframework.test.context.support.AbstractDirtiesContextTestExecutionListener - After test method: context [DefaultTestContext@18e20fa8 testClass = ConfigurationBusiness_CoreSpringServerIT, testInstance = ConfigurationBusiness_CoreSpringServerIT@154a077e, testMethod = testResetNextEmail@ConfigurationBusiness_CoreSpringServerIT, testException = [null], mergedContextConfiguration = [MergedContextConfiguration@1389e498 testClass = ConfigurationBusiness_CoreSpringServerIT, locations = '{}', classes = '{class fr.insalyon.creatis.vip.core.server.SpringCoreConfig}', contextInitializerClasses = '[]', activeProfiles = '{test-db, test}', propertySourceLocations = '{}', propertySourceProperties = '{db.tableEngine=}', contextCustomizers = set[[empty]], contextLoader = 'org.springframework.test.context.support.DelegatingSmartContextLoader', parent = [null]], attributes = map['org.springframework.test.context.event.ApplicationEventsTestExecutionListener.recordApplicationEvents' -> false]], class annotated with @DirtiesContext [false] with mode [null], method annotated with @DirtiesContext [false] with mode [null].
]]></system-out>
  </testcase>
  <testcase name="testCatchRemoveNonExistentGroup" classname="ConfigurationBusiness_CoreSpringServerIT" time="0.025">
    <system-out><![CDATA[18:00:10.081 [main] DEBUG org.springframework.test.context.support.DependencyInjectionTestExecutionListener - Performing dependency injection for test context [[DefaultTestContext@18e20fa8 testClass = ConfigurationBusiness_CoreSpringServerIT, testInstance = ConfigurationBusiness_CoreSpringServerIT@1c5f791a, testMethod = [null], testException = [null], mergedContextConfiguration = [MergedContextConfiguration@1389e498 testClass = ConfigurationBusiness_CoreSpringServerIT, locations = '{}', classes = '{class fr.insalyon.creatis.vip.core.server.SpringCoreConfig}', contextInitializerClasses = '[]', activeProfiles = '{test-db, test}', propertySourceLocations = '{}', propertySourceProperties = '{db.tableEngine=}', contextCustomizers = set[[empty]], contextLoader = 'org.springframework.test.context.support.DelegatingSmartContextLoader', parent = [null]], attributes = map['org.springframework.test.context.event.ApplicationEventsTestExecutionListener.recordApplicationEvents' -> false]]].
18:00:10.081 [main] DEBUG org.springframework.test.context.cache.DefaultCacheAwareContextLoaderDelegate - Retrieved ApplicationContext [1050971191] from cache with key [[MergedContextConfiguration@1389e498 testClass = ConfigurationBusiness_CoreSpringServerIT, locations = '{}', classes = '{class fr.insalyon.creatis.vip.core.server.SpringCoreConfig}', contextInitializerClasses = '[]', activeProfiles = '{test-db, test}', propertySourceLocations = '{}', propertySourceProperties = '{db.tableEngine=}', contextCustomizers = set[[empty]], contextLoader = 'org.springframework.test.context.support.DelegatingSmartContextLoader', parent = [null]]]
18:00:10.081 [main] DEBUG org.springframework.test.context.cache - Spring test ApplicationContext cache statistics: [DefaultContextCache@4675f5b0 size = 1, maxSize = 32, parentContextCount = 0, hitCount = 201, missCount = 1]
18:00:10.082 [main] DEBUG org.springframework.test.context.cache.DefaultCacheAwareContextLoaderDelegate - Retrieved ApplicationContext [1050971191] from cache with key [[MergedContextConfiguration@1389e498 testClass = ConfigurationBusiness_CoreSpringServerIT, locations = '{}', classes = '{class fr.insalyon.creatis.vip.core.server.SpringCoreConfig}', contextInitializerClasses = '[]', activeProfiles = '{test-db, test}', propertySourceLocations = '{}', propertySourceProperties = '{db.tableEngine=}', contextCustomizers = set[[empty]], contextLoader = 'org.springframework.test.context.support.DelegatingSmartContextLoader', parent = [null]]]
18:00:10.082 [main] DEBUG org.springframework.test.context.cache - Spring test ApplicationContext cache statistics: [DefaultContextCache@4675f5b0 size = 1, maxSize = 32, parentContextCount = 0, hitCount = 202, missCount = 1]
18:00:10.084 [main] DEBUG org.springframework.test.context.support.AbstractDirtiesContextTestExecutionListener - Before test method: context [DefaultTestContext@18e20fa8 testClass = ConfigurationBusiness_CoreSpringServerIT, testInstance = ConfigurationBusiness_CoreSpringServerIT@1c5f791a, testMethod = testCatchRemoveNonExistentGroup@ConfigurationBusiness_CoreSpringServerIT, testException = [null], mergedContextConfiguration = [MergedContextConfiguration@1389e498 testClass = ConfigurationBusiness_CoreSpringServerIT, locations = '{}', classes = '{class fr.insalyon.creatis.vip.core.server.SpringCoreConfig}', contextInitializerClasses = '[]', activeProfiles = '{test-db, test}', propertySourceLocations = '{}', propertySourceProperties = '{db.tableEngine=}', contextCustomizers = set[[empty]], contextLoader = 'org.springframework.test.context.support.DelegatingSmartContextLoader', parent = [null]], attributes = map['org.springframework.test.context.event.ApplicationEventsTestExecutionListener.recordApplicationEvents' -> false]], class annotated with @DirtiesContext [false] with mode [null], method annotated with @DirtiesContext [false] with mode [null].
18:00:10.084 [main] DEBUG org.springframework.test.context.transaction.TransactionalTestExecutionListener - Explicit transaction definition [PROPAGATION_REQUIRED,ISOLATION_DEFAULT] found for test context [DefaultTestContext@18e20fa8 testClass = ConfigurationBusiness_CoreSpringServerIT, testInstance = ConfigurationBusiness_CoreSpringServerIT@1c5f791a, testMethod = testCatchRemoveNonExistentGroup@ConfigurationBusiness_CoreSpringServerIT, testException = [null], mergedContextConfiguration = [MergedContextConfiguration@1389e498 testClass = ConfigurationBusiness_CoreSpringServerIT, locations = '{}', classes = '{class fr.insalyon.creatis.vip.core.server.SpringCoreConfig}', contextInitializerClasses = '[]', activeProfiles = '{test-db, test}', propertySourceLocations = '{}', propertySourceProperties = '{db.tableEngine=}', contextCustomizers = set[[empty]], contextLoader = 'org.springframework.test.context.support.DelegatingSmartContextLoader', parent = [null]], attributes = map['org.springframework.test.context.event.ApplicationEventsTestExecutionListener.recordApplicationEvents' -> false]]
18:00:10.084 [main] DEBUG org.springframework.test.context.cache.DefaultCacheAwareContextLoaderDelegate - Retrieved ApplicationContext [1050971191] from cache with key [[MergedContextConfiguration@1389e498 testClass = ConfigurationBusiness_CoreSpringServerIT, locations = '{}', classes = '{class fr.insalyon.creatis.vip.core.server.SpringCoreConfig}', contextInitializerClasses = '[]', activeProfiles = '{test-db, test}', propertySourceLocations = '{}', propertySourceProperties = '{db.tableEngine=}', contextCustomizers = set[[empty]], contextLoader = 'org.springframework.test.context.support.DelegatingSmartContextLoader', parent = [null]]]
18:00:10.084 [main] DEBUG org.springframework.test.context.cache - Spring test ApplicationContext cache statistics: [DefaultContextCache@4675f5b0 size = 1, maxSize = 32, parentContextCount = 0, hitCount = 203, missCount = 1]
18:00:10.084 [main] DEBUG org.springframework.test.context.transaction.TransactionalTestExecutionListener - No method-level @Rollback override: using default rollback [true] for test context [DefaultTestContext@18e20fa8 testClass = ConfigurationBusiness_CoreSpringServerIT, testInstance = ConfigurationBusiness_CoreSpringServerIT@1c5f791a, testMethod = testCatchRemoveNonExistentGroup@ConfigurationBusiness_CoreSpringServerIT, testException = [null], mergedContextConfiguration = [MergedContextConfiguration@1389e498 testClass = ConfigurationBusiness_CoreSpringServerIT, locations = '{}', classes = '{class fr.insalyon.creatis.vip.core.server.SpringCoreConfig}', contextInitializerClasses = '[]', activeProfiles = '{test-db, test}', propertySourceLocations = '{}', propertySourceProperties = '{db.tableEngine=}', contextCustomizers = set[[empty]], contextLoader = 'org.springframework.test.context.support.DelegatingSmartContextLoader', parent = [null]], attributes = map['org.springframework.test.context.event.ApplicationEventsTestExecutionListener.recordApplicationEvents' -> false]].
18:00:10.084 [main] DEBUG org.springframework.jdbc.datasource.DataSourceTransactionManager - Creating new transaction with name [ConfigurationBusiness_CoreSpringServerIT.testCatchRemoveNonExistentGroup]: PROPAGATION_REQUIRED,ISOLATION_DEFAULT
18:00:10.085 [main] DEBUG org.springframework.jdbc.datasource.DataSourceTransactionManager - Acquired Connection [Lazy Connection proxy for target DataSource [org.springframework.jdbc.datasource.embedded.EmbeddedDatabaseFactory$EmbeddedDataSourceProxy@5764c072]] for JDBC transaction
18:00:10.085 [main] DEBUG org.springframework.jdbc.datasource.DataSourceTransactionManager - Switching JDBC Connection [Lazy Connection proxy for target DataSource [org.springframework.jdbc.datasource.embedded.EmbeddedDatabaseFactory$EmbeddedDataSourceProxy@5764c072]] to manual commit
18:00:10.085 [main] INFO org.springframework.test.context.transaction.TransactionContext - Began transaction (1) for test context [DefaultTestContext@18e20fa8 testClass = ConfigurationBusiness_CoreSpringServerIT, testInstance = ConfigurationBusiness_CoreSpringServerIT@1c5f791a, testMethod = testCatchRemoveNonExistentGroup@ConfigurationBusiness_CoreSpringServerIT, testException = [null], mergedContextConfiguration = [MergedContextConfiguration@1389e498 testClass = ConfigurationBusiness_CoreSpringServerIT, locations = '{}', classes = '{class fr.insalyon.creatis.vip.core.server.SpringCoreConfig}', contextInitializerClasses = '[]', activeProfiles = '{test-db, test}', propertySourceLocations = '{}', propertySourceProperties = '{db.tableEngine=}', contextCustomizers = set[[empty]], contextLoader = 'org.springframework.test.context.support.DelegatingSmartContextLoader', parent = [null]], attributes = map['org.springframework.test.context.event.ApplicationEventsTestExecutionListener.recordApplicationEvents' -> false]]; transaction manager [org.springframework.jdbc.datasource.DataSourceTransactionManager@178b2df1]; rollback [true]
18:00:10.085 [main] DEBUG org.springframework.test.context.cache.DefaultCacheAwareContextLoaderDelegate - Retrieved ApplicationContext [1050971191] from cache with key [[MergedContextConfiguration@1389e498 testClass = ConfigurationBusiness_CoreSpringServerIT, locations = '{}', classes = '{class fr.insalyon.creatis.vip.core.server.SpringCoreConfig}', contextInitializerClasses = '[]', activeProfiles = '{test-db, test}', propertySourceLocations = '{}', propertySourceProperties = '{db.tableEngine=}', contextCustomizers = set[[empty]], contextLoader = 'org.springframework.test.context.support.DelegatingSmartContextLoader', parent = [null]]]
18:00:10.085 [main] DEBUG org.springframework.test.context.cache - Spring test ApplicationContext cache statistics: [DefaultContextCache@4675f5b0 size = 1, maxSize = 32, parentContextCount = 0, hitCount = 204, missCount = 1]
18:00:10.087 [main] DEBUG org.springframework.jdbc.datasource.DataSourceTransactionManager - Participating in existing transaction
18:00:10.087 [main] DEBUG org.springframework.jdbc.datasource.DataSourceTransactionManager - Participating in existing transaction
18:00:10.087 [main] DEBUG org.springframework.jdbc.datasource.SimpleDriverDataSource - Creating new JDBC Driver Connection to [jdbc:h2:mem:fec2b152-de2f-4c07-a3e1-df691c7daf9d;DB_CLOSE_DELAY=-1;DB_CLOSE_ON_EXIT=false]
18:00:10.088 [main] DEBUG org.springframework.jdbc.datasource.DataSourceTransactionManager - Participating in existing transaction
18:00:10.088 [main] DEBUG org.springframework.jdbc.datasource.DataSourceTransactionManager - Participating in existing transaction
18:00:10.088 [main] DEBUG org.springframework.jdbc.datasource.DataSourceTransactionManager - Participating in existing transaction
18:00:10.088 [main] DEBUG org.springframework.jdbc.datasource.DataSourceTransactionManager - Participating in existing transaction
18:00:10.088 [main] DEBUG org.springframework.jdbc.datasource.DataSourceTransactionManager - Participating in existing transaction
User = test1@test.fr
18:00:10.089 [main] INFO fr.insalyon.creatis.vip.core.server.business.ConfigurationBusiness - verifying test1@test.fr. List of undesired mail domains: . 
18:00:10.089 [main] INFO fr.insalyon.creatis.vip.core.server.business.ConfigurationBusiness - Signing up . List of undesired countries: .
18:00:10.089 [main] DEBUG org.springframework.jdbc.datasource.DataSourceTransactionManager - Participating in existing transaction
18:00:10.089 [main] DEBUG org.springframework.jdbc.datasource.DataSourceTransactionManager - Participating in existing transaction
18:00:10.089 [main] INFO fr.insalyon.creatis.vip.core.server.business.ConfigurationBusiness - Sending confirmation email to 'test1@test.fr'.
18:00:10.089 [main] DEBUG org.springframework.jdbc.datasource.DataSourceTransactionManager - Participating in existing transaction
18:00:10.090 [main] DEBUG org.springframework.jdbc.datasource.DataSourceTransactionManager - Participating in existing transaction
18:00:10.090 [main] DEBUG org.springframework.jdbc.datasource.DataSourceTransactionManager - Participating in existing transaction
18:00:10.090 [main] DEBUG org.springframework.jdbc.datasource.DataSourceTransactionManager - Participating in existing transaction
User = test2@test.fr
18:00:10.090 [main] INFO fr.insalyon.creatis.vip.core.server.business.ConfigurationBusiness - verifying test2@test.fr. List of undesired mail domains: . 
18:00:10.090 [main] INFO fr.insalyon.creatis.vip.core.server.business.ConfigurationBusiness - Signing up . List of undesired countries: .
18:00:10.092 [main] DEBUG org.springframework.jdbc.datasource.DataSourceTransactionManager - Participating in existing transaction
18:00:10.092 [main] DEBUG org.springframework.jdbc.datasource.DataSourceTransactionManager - Participating in existing transaction
18:00:10.092 [main] INFO fr.insalyon.creatis.vip.core.server.business.ConfigurationBusiness - Sending confirmation email to 'test2@test.fr'.
18:00:10.092 [main] DEBUG org.springframework.jdbc.datasource.DataSourceTransactionManager - Participating in existing transaction
18:00:10.094 [main] DEBUG org.springframework.jdbc.datasource.DataSourceTransactionManager - Participating in existing transaction
18:00:10.094 [main] DEBUG org.springframework.jdbc.datasource.DataSourceTransactionManager - Participating in existing transaction
18:00:10.094 [main] DEBUG org.springframework.jdbc.datasource.DataSourceTransactionManager - Participating in existing transaction
User = test3@test.fr
18:00:10.094 [main] INFO fr.insalyon.creatis.vip.core.server.business.ConfigurationBusiness - verifying test3@test.fr. List of undesired mail domains: . 
18:00:10.094 [main] INFO fr.insalyon.creatis.vip.core.server.business.ConfigurationBusiness - Signing up . List of undesired countries: .
18:00:10.095 [main] DEBUG org.springframework.jdbc.datasource.DataSourceTransactionManager - Participating in existing transaction
18:00:10.096 [main] DEBUG org.springframework.jdbc.datasource.DataSourceTransactionManager - Participating in existing transaction
18:00:10.096 [main] INFO fr.insalyon.creatis.vip.core.server.business.ConfigurationBusiness - Sending confirmation email to 'test3@test.fr'.
18:00:10.096 [main] DEBUG org.springframework.jdbc.datasource.DataSourceTransactionManager - Participating in existing transaction
18:00:10.096 [main] DEBUG org.springframework.jdbc.datasource.DataSourceTransactionManager - Participating in existing transaction
18:00:10.096 [main] DEBUG org.springframework.jdbc.datasource.DataSourceTransactionManager - Participating in existing transaction
18:00:10.096 [main] DEBUG org.springframework.jdbc.datasource.DataSourceTransactionManager - Participating in existing transaction
User = test4@test.fr
18:00:10.096 [main] INFO fr.insalyon.creatis.vip.core.server.business.ConfigurationBusiness - verifying test4@test.fr. List of undesired mail domains: . 
18:00:10.097 [main] INFO fr.insalyon.creatis.vip.core.server.business.ConfigurationBusiness - Signing up . List of undesired countries: .
18:00:10.097 [main] DEBUG org.springframework.jdbc.datasource.DataSourceTransactionManager - Participating in existing transaction
18:00:10.097 [main] DEBUG org.springframework.jdbc.datasource.DataSourceTransactionManager - Participating in existing transaction
18:00:10.098 [main] INFO fr.insalyon.creatis.vip.core.server.business.ConfigurationBusiness - Sending confirmation email to 'test4@test.fr'.
18:00:10.098 [main] DEBUG org.springframework.jdbc.datasource.DataSourceTransactionManager - Participating in existing transaction
18:00:10.098 [main] DEBUG org.springframework.jdbc.datasource.DataSourceTransactionManager - Participating in existing transaction
18:00:10.098 [main] DEBUG org.springframework.jdbc.datasource.DataSourceTransactionManager - Participating in existing transaction
18:00:10.099 [main] DEBUG org.springframework.jdbc.datasource.DataSourceTransactionManager - Participating in existing transaction
18:00:10.099 [main] DEBUG org.springframework.jdbc.datasource.DataSourceTransactionManager - Participating in existing transaction
18:00:10.099 [main] DEBUG org.springframework.jdbc.datasource.DataSourceTransactionManager - Participating in existing transaction
18:00:10.099 [main] DEBUG org.springframework.jdbc.datasource.DataSourceTransactionManager - Participating in existing transaction
18:00:10.099 [main] DEBUG org.springframework.jdbc.datasource.DataSourceTransactionManager - Participating in existing transaction
18:00:10.099 [main] DEBUG org.springframework.jdbc.datasource.DataSourceTransactionManager - Participating in existing transaction
18:00:10.100 [main] DEBUG org.springframework.jdbc.datasource.DataSourceTransactionManager - Participating in existing transaction
18:00:10.100 [main] DEBUG org.springframework.jdbc.datasource.DataSourceTransactionManager - Participating in existing transaction
18:00:10.100 [main] DEBUG org.springframework.jdbc.datasource.DataSourceTransactionManager - Participating in existing transaction
User = email5@test.fr
18:00:10.100 [main] INFO fr.insalyon.creatis.vip.core.server.business.ConfigurationBusiness - verifying email5@test.fr. List of undesired mail domains: . 
18:00:10.100 [main] INFO fr.insalyon.creatis.vip.core.server.business.ConfigurationBusiness - Signing up . List of undesired countries: .
18:00:10.101 [main] DEBUG org.springframework.jdbc.datasource.DataSourceTransactionManager - Participating in existing transaction
18:00:10.102 [main] DEBUG org.springframework.jdbc.datasource.DataSourceTransactionManager - Participating in existing transaction
18:00:10.103 [main] INFO fr.insalyon.creatis.vip.core.server.business.ConfigurationBusiness - Sending confirmation email to 'email5@test.fr'.
18:00:10.103 [main] DEBUG org.springframework.jdbc.datasource.DataSourceTransactionManager - Participating in existing transaction
18:00:10.103 [main] DEBUG org.springframework.test.context.cache.DefaultCacheAwareContextLoaderDelegate - Retrieved ApplicationContext [1050971191] from cache with key [[MergedContextConfiguration@1389e498 testClass = ConfigurationBusiness_CoreSpringServerIT, locations = '{}', classes = '{class fr.insalyon.creatis.vip.core.server.SpringCoreConfig}', contextInitializerClasses = '[]', activeProfiles = '{test-db, test}', propertySourceLocations = '{}', propertySourceProperties = '{db.tableEngine=}', contextCustomizers = set[[empty]], contextLoader = 'org.springframework.test.context.support.DelegatingSmartContextLoader', parent = [null]]]
18:00:10.103 [main] DEBUG org.springframework.test.context.cache - Spring test ApplicationContext cache statistics: [DefaultContextCache@4675f5b0 size = 1, maxSize = 32, parentContextCount = 0, hitCount = 205, missCount = 1]
18:00:10.104 [main] DEBUG org.springframework.jdbc.datasource.DataSourceTransactionManager - Participating in existing transaction
18:00:10.104 [main] DEBUG org.springframework.jdbc.datasource.DataSourceTransactionManager - Participating in existing transaction
18:00:10.104 [main] DEBUG org.springframework.jdbc.datasource.DataSourceTransactionManager - Participating in existing transaction
18:00:10.105 [main] DEBUG org.springframework.jdbc.datasource.DataSourceTransactionManager - Participating in existing transaction
18:00:10.105 [main] DEBUG org.springframework.test.context.cache.DefaultCacheAwareContextLoaderDelegate - Retrieved ApplicationContext [1050971191] from cache with key [[MergedContextConfiguration@1389e498 testClass = ConfigurationBusiness_CoreSpringServerIT, locations = '{}', classes = '{class fr.insalyon.creatis.vip.core.server.SpringCoreConfig}', contextInitializerClasses = '[]', activeProfiles = '{test-db, test}', propertySourceLocations = '{}', propertySourceProperties = '{db.tableEngine=}', contextCustomizers = set[[empty]], contextLoader = 'org.springframework.test.context.support.DelegatingSmartContextLoader', parent = [null]]]
18:00:10.105 [main] DEBUG org.springframework.test.context.cache - Spring test ApplicationContext cache statistics: [DefaultContextCache@4675f5b0 size = 1, maxSize = 32, parentContextCount = 0, hitCount = 206, missCount = 1]
18:00:10.106 [main] DEBUG org.springframework.test.context.cache.DefaultCacheAwareContextLoaderDelegate - Retrieved ApplicationContext [1050971191] from cache with key [[MergedContextConfiguration@1389e498 testClass = ConfigurationBusiness_CoreSpringServerIT, locations = '{}', classes = '{class fr.insalyon.creatis.vip.core.server.SpringCoreConfig}', contextInitializerClasses = '[]', activeProfiles = '{test-db, test}', propertySourceLocations = '{}', propertySourceProperties = '{db.tableEngine=}', contextCustomizers = set[[empty]], contextLoader = 'org.springframework.test.context.support.DelegatingSmartContextLoader', parent = [null]]]
18:00:10.106 [main] DEBUG org.springframework.test.context.cache - Spring test ApplicationContext cache statistics: [DefaultContextCache@4675f5b0 size = 1, maxSize = 32, parentContextCount = 0, hitCount = 207, missCount = 1]
18:00:10.106 [main] DEBUG org.springframework.jdbc.datasource.DataSourceTransactionManager - Initiating transaction rollback
18:00:10.106 [main] DEBUG org.springframework.jdbc.datasource.DataSourceTransactionManager - Rolling back JDBC transaction on Connection [conn43: url=jdbc:h2:mem:fec2b152-de2f-4c07-a3e1-df691c7daf9d user=SA]
18:00:10.106 [main] DEBUG org.springframework.jdbc.datasource.DataSourceTransactionManager - Releasing JDBC Connection [conn43: url=jdbc:h2:mem:fec2b152-de2f-4c07-a3e1-df691c7daf9d user=SA] after transaction
18:00:10.106 [main] INFO org.springframework.test.context.transaction.TransactionContext - Rolled back transaction for test: [DefaultTestContext@18e20fa8 testClass = ConfigurationBusiness_CoreSpringServerIT, testInstance = ConfigurationBusiness_CoreSpringServerIT@1c5f791a, testMethod = testCatchRemoveNonExistentGroup@ConfigurationBusiness_CoreSpringServerIT, testException = [null], mergedContextConfiguration = [MergedContextConfiguration@1389e498 testClass = ConfigurationBusiness_CoreSpringServerIT, locations = '{}', classes = '{class fr.insalyon.creatis.vip.core.server.SpringCoreConfig}', contextInitializerClasses = '[]', activeProfiles = '{test-db, test}', propertySourceLocations = '{}', propertySourceProperties = '{db.tableEngine=}', contextCustomizers = set[[empty]], contextLoader = 'org.springframework.test.context.support.DelegatingSmartContextLoader', parent = [null]], attributes = map['org.springframework.test.context.event.ApplicationEventsTestExecutionListener.recordApplicationEvents' -> false]]
18:00:10.107 [main] DEBUG org.springframework.test.context.support.AbstractDirtiesContextTestExecutionListener - After test method: context [DefaultTestContext@18e20fa8 testClass = ConfigurationBusiness_CoreSpringServerIT, testInstance = ConfigurationBusiness_CoreSpringServerIT@1c5f791a, testMethod = testCatchRemoveNonExistentGroup@ConfigurationBusiness_CoreSpringServerIT, testException = [null], mergedContextConfiguration = [MergedContextConfiguration@1389e498 testClass = ConfigurationBusiness_CoreSpringServerIT, locations = '{}', classes = '{class fr.insalyon.creatis.vip.core.server.SpringCoreConfig}', contextInitializerClasses = '[]', activeProfiles = '{test-db, test}', propertySourceLocations = '{}', propertySourceProperties = '{db.tableEngine=}', contextCustomizers = set[[empty]], contextLoader = 'org.springframework.test.context.support.DelegatingSmartContextLoader', parent = [null]], attributes = map['org.springframework.test.context.event.ApplicationEventsTestExecutionListener.recordApplicationEvents' -> false]], class annotated with @DirtiesContext [false] with mode [null], method annotated with @DirtiesContext [false] with mode [null].
]]></system-out>
  </testcase>
  <testcase name="testCatchCreateGroupAlreadyExisting" classname="ConfigurationBusiness_CoreSpringServerIT" time="0.04">
    <system-out><![CDATA[18:00:10.116 [main] DEBUG org.springframework.test.context.support.DependencyInjectionTestExecutionListener - Performing dependency injection for test context [[DefaultTestContext@18e20fa8 testClass = ConfigurationBusiness_CoreSpringServerIT, testInstance = ConfigurationBusiness_CoreSpringServerIT@120242d9, testMethod = [null], testException = [null], mergedContextConfiguration = [MergedContextConfiguration@1389e498 testClass = ConfigurationBusiness_CoreSpringServerIT, locations = '{}', classes = '{class fr.insalyon.creatis.vip.core.server.SpringCoreConfig}', contextInitializerClasses = '[]', activeProfiles = '{test-db, test}', propertySourceLocations = '{}', propertySourceProperties = '{db.tableEngine=}', contextCustomizers = set[[empty]], contextLoader = 'org.springframework.test.context.support.DelegatingSmartContextLoader', parent = [null]], attributes = map['org.springframework.test.context.event.ApplicationEventsTestExecutionListener.recordApplicationEvents' -> false]]].
18:00:10.116 [main] DEBUG org.springframework.test.context.cache.DefaultCacheAwareContextLoaderDelegate - Retrieved ApplicationContext [1050971191] from cache with key [[MergedContextConfiguration@1389e498 testClass = ConfigurationBusiness_CoreSpringServerIT, locations = '{}', classes = '{class fr.insalyon.creatis.vip.core.server.SpringCoreConfig}', contextInitializerClasses = '[]', activeProfiles = '{test-db, test}', propertySourceLocations = '{}', propertySourceProperties = '{db.tableEngine=}', contextCustomizers = set[[empty]], contextLoader = 'org.springframework.test.context.support.DelegatingSmartContextLoader', parent = [null]]]
18:00:10.116 [main] DEBUG org.springframework.test.context.cache - Spring test ApplicationContext cache statistics: [DefaultContextCache@4675f5b0 size = 1, maxSize = 32, parentContextCount = 0, hitCount = 208, missCount = 1]
18:00:10.118 [main] DEBUG org.springframework.test.context.cache.DefaultCacheAwareContextLoaderDelegate - Retrieved ApplicationContext [1050971191] from cache with key [[MergedContextConfiguration@1389e498 testClass = ConfigurationBusiness_CoreSpringServerIT, locations = '{}', classes = '{class fr.insalyon.creatis.vip.core.server.SpringCoreConfig}', contextInitializerClasses = '[]', activeProfiles = '{test-db, test}', propertySourceLocations = '{}', propertySourceProperties = '{db.tableEngine=}', contextCustomizers = set[[empty]], contextLoader = 'org.springframework.test.context.support.DelegatingSmartContextLoader', parent = [null]]]
18:00:10.118 [main] DEBUG org.springframework.test.context.cache - Spring test ApplicationContext cache statistics: [DefaultContextCache@4675f5b0 size = 1, maxSize = 32, parentContextCount = 0, hitCount = 209, missCount = 1]
18:00:10.120 [main] DEBUG org.springframework.test.context.support.AbstractDirtiesContextTestExecutionListener - Before test method: context [DefaultTestContext@18e20fa8 testClass = ConfigurationBusiness_CoreSpringServerIT, testInstance = ConfigurationBusiness_CoreSpringServerIT@120242d9, testMethod = testCatchCreateGroupAlreadyExisting@ConfigurationBusiness_CoreSpringServerIT, testException = [null], mergedContextConfiguration = [MergedContextConfiguration@1389e498 testClass = ConfigurationBusiness_CoreSpringServerIT, locations = '{}', classes = '{class fr.insalyon.creatis.vip.core.server.SpringCoreConfig}', contextInitializerClasses = '[]', activeProfiles = '{test-db, test}', propertySourceLocations = '{}', propertySourceProperties = '{db.tableEngine=}', contextCustomizers = set[[empty]], contextLoader = 'org.springframework.test.context.support.DelegatingSmartContextLoader', parent = [null]], attributes = map['org.springframework.test.context.event.ApplicationEventsTestExecutionListener.recordApplicationEvents' -> false]], class annotated with @DirtiesContext [false] with mode [null], method annotated with @DirtiesContext [false] with mode [null].
18:00:10.120 [main] DEBUG org.springframework.test.context.transaction.TransactionalTestExecutionListener - Explicit transaction definition [PROPAGATION_REQUIRED,ISOLATION_DEFAULT] found for test context [DefaultTestContext@18e20fa8 testClass = ConfigurationBusiness_CoreSpringServerIT, testInstance = ConfigurationBusiness_CoreSpringServerIT@120242d9, testMethod = testCatchCreateGroupAlreadyExisting@ConfigurationBusiness_CoreSpringServerIT, testException = [null], mergedContextConfiguration = [MergedContextConfiguration@1389e498 testClass = ConfigurationBusiness_CoreSpringServerIT, locations = '{}', classes = '{class fr.insalyon.creatis.vip.core.server.SpringCoreConfig}', contextInitializerClasses = '[]', activeProfiles = '{test-db, test}', propertySourceLocations = '{}', propertySourceProperties = '{db.tableEngine=}', contextCustomizers = set[[empty]], contextLoader = 'org.springframework.test.context.support.DelegatingSmartContextLoader', parent = [null]], attributes = map['org.springframework.test.context.event.ApplicationEventsTestExecutionListener.recordApplicationEvents' -> false]]
18:00:10.120 [main] DEBUG org.springframework.test.context.cache.DefaultCacheAwareContextLoaderDelegate - Retrieved ApplicationContext [1050971191] from cache with key [[MergedContextConfiguration@1389e498 testClass = ConfigurationBusiness_CoreSpringServerIT, locations = '{}', classes = '{class fr.insalyon.creatis.vip.core.server.SpringCoreConfig}', contextInitializerClasses = '[]', activeProfiles = '{test-db, test}', propertySourceLocations = '{}', propertySourceProperties = '{db.tableEngine=}', contextCustomizers = set[[empty]], contextLoader = 'org.springframework.test.context.support.DelegatingSmartContextLoader', parent = [null]]]
18:00:10.120 [main] DEBUG org.springframework.test.context.cache - Spring test ApplicationContext cache statistics: [DefaultContextCache@4675f5b0 size = 1, maxSize = 32, parentContextCount = 0, hitCount = 210, missCount = 1]
18:00:10.120 [main] DEBUG org.springframework.test.context.transaction.TransactionalTestExecutionListener - No method-level @Rollback override: using default rollback [true] for test context [DefaultTestContext@18e20fa8 testClass = ConfigurationBusiness_CoreSpringServerIT, testInstance = ConfigurationBusiness_CoreSpringServerIT@120242d9, testMethod = testCatchCreateGroupAlreadyExisting@ConfigurationBusiness_CoreSpringServerIT, testException = [null], mergedContextConfiguration = [MergedContextConfiguration@1389e498 testClass = ConfigurationBusiness_CoreSpringServerIT, locations = '{}', classes = '{class fr.insalyon.creatis.vip.core.server.SpringCoreConfig}', contextInitializerClasses = '[]', activeProfiles = '{test-db, test}', propertySourceLocations = '{}', propertySourceProperties = '{db.tableEngine=}', contextCustomizers = set[[empty]], contextLoader = 'org.springframework.test.context.support.DelegatingSmartContextLoader', parent = [null]], attributes = map['org.springframework.test.context.event.ApplicationEventsTestExecutionListener.recordApplicationEvents' -> false]].
18:00:10.121 [main] DEBUG org.springframework.jdbc.datasource.DataSourceTransactionManager - Creating new transaction with name [ConfigurationBusiness_CoreSpringServerIT.testCatchCreateGroupAlreadyExisting]: PROPAGATION_REQUIRED,ISOLATION_DEFAULT
18:00:10.127 [main] DEBUG org.springframework.jdbc.datasource.DataSourceTransactionManager - Acquired Connection [Lazy Connection proxy for target DataSource [org.springframework.jdbc.datasource.embedded.EmbeddedDatabaseFactory$EmbeddedDataSourceProxy@5764c072]] for JDBC transaction
18:00:10.127 [main] DEBUG org.springframework.jdbc.datasource.DataSourceTransactionManager - Switching JDBC Connection [Lazy Connection proxy for target DataSource [org.springframework.jdbc.datasource.embedded.EmbeddedDatabaseFactory$EmbeddedDataSourceProxy@5764c072]] to manual commit
18:00:10.128 [main] INFO org.springframework.test.context.transaction.TransactionContext - Began transaction (1) for test context [DefaultTestContext@18e20fa8 testClass = ConfigurationBusiness_CoreSpringServerIT, testInstance = ConfigurationBusiness_CoreSpringServerIT@120242d9, testMethod = testCatchCreateGroupAlreadyExisting@ConfigurationBusiness_CoreSpringServerIT, testException = [null], mergedContextConfiguration = [MergedContextConfiguration@1389e498 testClass = ConfigurationBusiness_CoreSpringServerIT, locations = '{}', classes = '{class fr.insalyon.creatis.vip.core.server.SpringCoreConfig}', contextInitializerClasses = '[]', activeProfiles = '{test-db, test}', propertySourceLocations = '{}', propertySourceProperties = '{db.tableEngine=}', contextCustomizers = set[[empty]], contextLoader = 'org.springframework.test.context.support.DelegatingSmartContextLoader', parent = [null]], attributes = map['org.springframework.test.context.event.ApplicationEventsTestExecutionListener.recordApplicationEvents' -> false]]; transaction manager [org.springframework.jdbc.datasource.DataSourceTransactionManager@178b2df1]; rollback [true]
18:00:10.128 [main] DEBUG org.springframework.test.context.cache.DefaultCacheAwareContextLoaderDelegate - Retrieved ApplicationContext [1050971191] from cache with key [[MergedContextConfiguration@1389e498 testClass = ConfigurationBusiness_CoreSpringServerIT, locations = '{}', classes = '{class fr.insalyon.creatis.vip.core.server.SpringCoreConfig}', contextInitializerClasses = '[]', activeProfiles = '{test-db, test}', propertySourceLocations = '{}', propertySourceProperties = '{db.tableEngine=}', contextCustomizers = set[[empty]], contextLoader = 'org.springframework.test.context.support.DelegatingSmartContextLoader', parent = [null]]]
18:00:10.128 [main] DEBUG org.springframework.test.context.cache - Spring test ApplicationContext cache statistics: [DefaultContextCache@4675f5b0 size = 1, maxSize = 32, parentContextCount = 0, hitCount = 211, missCount = 1]
18:00:10.129 [main] DEBUG org.springframework.jdbc.datasource.DataSourceTransactionManager - Participating in existing transaction
18:00:10.129 [main] DEBUG org.springframework.jdbc.datasource.DataSourceTransactionManager - Participating in existing transaction
18:00:10.129 [main] DEBUG org.springframework.jdbc.datasource.SimpleDriverDataSource - Creating new JDBC Driver Connection to [jdbc:h2:mem:fec2b152-de2f-4c07-a3e1-df691c7daf9d;DB_CLOSE_DELAY=-1;DB_CLOSE_ON_EXIT=false]
18:00:10.130 [main] DEBUG org.springframework.jdbc.datasource.DataSourceTransactionManager - Participating in existing transaction
18:00:10.130 [main] DEBUG org.springframework.jdbc.datasource.DataSourceTransactionManager - Participating in existing transaction
18:00:10.130 [main] DEBUG org.springframework.jdbc.datasource.DataSourceTransactionManager - Participating in existing transaction
18:00:10.130 [main] DEBUG org.springframework.jdbc.datasource.DataSourceTransactionManager - Participating in existing transaction
18:00:10.133 [main] DEBUG org.springframework.jdbc.datasource.DataSourceTransactionManager - Participating in existing transaction
User = test1@test.fr
18:00:10.133 [main] INFO fr.insalyon.creatis.vip.core.server.business.ConfigurationBusiness - verifying test1@test.fr. List of undesired mail domains: . 
18:00:10.134 [main] INFO fr.insalyon.creatis.vip.core.server.business.ConfigurationBusiness - Signing up . List of undesired countries: .
18:00:10.137 [main] DEBUG org.springframework.jdbc.datasource.DataSourceTransactionManager - Participating in existing transaction
18:00:10.137 [main] DEBUG org.springframework.jdbc.datasource.DataSourceTransactionManager - Participating in existing transaction
18:00:10.138 [main] INFO fr.insalyon.creatis.vip.core.server.business.ConfigurationBusiness - Sending confirmation email to 'test1@test.fr'.
18:00:10.138 [main] DEBUG org.springframework.jdbc.datasource.DataSourceTransactionManager - Participating in existing transaction
18:00:10.139 [main] DEBUG org.springframework.jdbc.datasource.DataSourceTransactionManager - Participating in existing transaction
18:00:10.139 [main] DEBUG org.springframework.jdbc.datasource.DataSourceTransactionManager - Participating in existing transaction
18:00:10.139 [main] DEBUG org.springframework.jdbc.datasource.DataSourceTransactionManager - Participating in existing transaction
User = test2@test.fr
18:00:10.140 [main] INFO fr.insalyon.creatis.vip.core.server.business.ConfigurationBusiness - verifying test2@test.fr. List of undesired mail domains: . 
18:00:10.140 [main] INFO fr.insalyon.creatis.vip.core.server.business.ConfigurationBusiness - Signing up . List of undesired countries: .
18:00:10.140 [main] DEBUG org.springframework.jdbc.datasource.DataSourceTransactionManager - Participating in existing transaction
18:00:10.140 [main] DEBUG org.springframework.jdbc.datasource.DataSourceTransactionManager - Participating in existing transaction
18:00:10.140 [main] INFO fr.insalyon.creatis.vip.core.server.business.ConfigurationBusiness - Sending confirmation email to 'test2@test.fr'.
18:00:10.141 [main] DEBUG org.springframework.jdbc.datasource.DataSourceTransactionManager - Participating in existing transaction
18:00:10.141 [main] DEBUG org.springframework.jdbc.datasource.DataSourceTransactionManager - Participating in existing transaction
18:00:10.141 [main] DEBUG org.springframework.jdbc.datasource.DataSourceTransactionManager - Participating in existing transaction
18:00:10.141 [main] DEBUG org.springframework.jdbc.datasource.DataSourceTransactionManager - Participating in existing transaction
User = test3@test.fr
18:00:10.141 [main] INFO fr.insalyon.creatis.vip.core.server.business.ConfigurationBusiness - verifying test3@test.fr. List of undesired mail domains: . 
18:00:10.141 [main] INFO fr.insalyon.creatis.vip.core.server.business.ConfigurationBusiness - Signing up . List of undesired countries: .
18:00:10.142 [main] DEBUG org.springframework.jdbc.datasource.DataSourceTransactionManager - Participating in existing transaction
18:00:10.142 [main] DEBUG org.springframework.jdbc.datasource.DataSourceTransactionManager - Participating in existing transaction
18:00:10.142 [main] INFO fr.insalyon.creatis.vip.core.server.business.ConfigurationBusiness - Sending confirmation email to 'test3@test.fr'.
18:00:10.142 [main] DEBUG org.springframework.jdbc.datasource.DataSourceTransactionManager - Participating in existing transaction
18:00:10.142 [main] DEBUG org.springframework.jdbc.datasource.DataSourceTransactionManager - Participating in existing transaction
18:00:10.142 [main] DEBUG org.springframework.jdbc.datasource.DataSourceTransactionManager - Participating in existing transaction
18:00:10.142 [main] DEBUG org.springframework.jdbc.datasource.DataSourceTransactionManager - Participating in existing transaction
User = test4@test.fr
18:00:10.143 [main] INFO fr.insalyon.creatis.vip.core.server.business.ConfigurationBusiness - verifying test4@test.fr. List of undesired mail domains: . 
18:00:10.143 [main] INFO fr.insalyon.creatis.vip.core.server.business.ConfigurationBusiness - Signing up . List of undesired countries: .
18:00:10.143 [main] DEBUG org.springframework.jdbc.datasource.DataSourceTransactionManager - Participating in existing transaction
18:00:10.143 [main] DEBUG org.springframework.jdbc.datasource.DataSourceTransactionManager - Participating in existing transaction
18:00:10.143 [main] INFO fr.insalyon.creatis.vip.core.server.business.ConfigurationBusiness - Sending confirmation email to 'test4@test.fr'.
18:00:10.143 [main] DEBUG org.springframework.jdbc.datasource.DataSourceTransactionManager - Participating in existing transaction
18:00:10.144 [main] DEBUG org.springframework.jdbc.datasource.DataSourceTransactionManager - Participating in existing transaction
18:00:10.144 [main] DEBUG org.springframework.jdbc.datasource.DataSourceTransactionManager - Participating in existing transaction
18:00:10.149 [main] DEBUG org.springframework.jdbc.datasource.DataSourceTransactionManager - Participating in existing transaction
18:00:10.149 [main] DEBUG org.springframework.jdbc.datasource.DataSourceTransactionManager - Participating in existing transaction
18:00:10.149 [main] DEBUG org.springframework.jdbc.datasource.DataSourceTransactionManager - Participating in existing transaction
18:00:10.149 [main] DEBUG org.springframework.jdbc.datasource.DataSourceTransactionManager - Participating in existing transaction
18:00:10.149 [main] DEBUG org.springframework.jdbc.datasource.DataSourceTransactionManager - Participating in existing transaction
18:00:10.149 [main] DEBUG org.springframework.jdbc.datasource.DataSourceTransactionManager - Participating in existing transaction
18:00:10.149 [main] DEBUG org.springframework.jdbc.datasource.DataSourceTransactionManager - Participating in existing transaction
18:00:10.149 [main] DEBUG org.springframework.jdbc.datasource.DataSourceTransactionManager - Participating in existing transaction
18:00:10.149 [main] DEBUG org.springframework.jdbc.datasource.DataSourceTransactionManager - Participating in existing transaction
User = email5@test.fr
18:00:10.149 [main] INFO fr.insalyon.creatis.vip.core.server.business.ConfigurationBusiness - verifying email5@test.fr. List of undesired mail domains: . 
18:00:10.150 [main] INFO fr.insalyon.creatis.vip.core.server.business.ConfigurationBusiness - Signing up . List of undesired countries: .
18:00:10.150 [main] DEBUG org.springframework.jdbc.datasource.DataSourceTransactionManager - Participating in existing transaction
18:00:10.150 [main] DEBUG org.springframework.jdbc.datasource.DataSourceTransactionManager - Participating in existing transaction
18:00:10.150 [main] INFO fr.insalyon.creatis.vip.core.server.business.ConfigurationBusiness - Sending confirmation email to 'email5@test.fr'.
18:00:10.150 [main] DEBUG org.springframework.jdbc.datasource.DataSourceTransactionManager - Participating in existing transaction
18:00:10.151 [main] DEBUG org.springframework.test.context.cache.DefaultCacheAwareContextLoaderDelegate - Retrieved ApplicationContext [1050971191] from cache with key [[MergedContextConfiguration@1389e498 testClass = ConfigurationBusiness_CoreSpringServerIT, locations = '{}', classes = '{class fr.insalyon.creatis.vip.core.server.SpringCoreConfig}', contextInitializerClasses = '[]', activeProfiles = '{test-db, test}', propertySourceLocations = '{}', propertySourceProperties = '{db.tableEngine=}', contextCustomizers = set[[empty]], contextLoader = 'org.springframework.test.context.support.DelegatingSmartContextLoader', parent = [null]]]
18:00:10.151 [main] DEBUG org.springframework.test.context.cache - Spring test ApplicationContext cache statistics: [DefaultContextCache@4675f5b0 size = 1, maxSize = 32, parentContextCount = 0, hitCount = 212, missCount = 1]
18:00:10.153 [main] DEBUG org.springframework.jdbc.datasource.DataSourceTransactionManager - Participating in existing transaction
18:00:10.154 [main] DEBUG org.springframework.jdbc.datasource.DataSourceTransactionManager - Participating in existing transaction
18:00:10.156 [main] ERROR fr.insalyon.creatis.vip.core.server.dao.mysql.GroupData - There is already a group registered with the name group1
18:00:10.157 [main] DEBUG org.springframework.test.context.cache.DefaultCacheAwareContextLoaderDelegate - Retrieved ApplicationContext [1050971191] from cache with key [[MergedContextConfiguration@1389e498 testClass = ConfigurationBusiness_CoreSpringServerIT, locations = '{}', classes = '{class fr.insalyon.creatis.vip.core.server.SpringCoreConfig}', contextInitializerClasses = '[]', activeProfiles = '{test-db, test}', propertySourceLocations = '{}', propertySourceProperties = '{db.tableEngine=}', contextCustomizers = set[[empty]], contextLoader = 'org.springframework.test.context.support.DelegatingSmartContextLoader', parent = [null]]]
18:00:10.157 [main] DEBUG org.springframework.test.context.cache - Spring test ApplicationContext cache statistics: [DefaultContextCache@4675f5b0 size = 1, maxSize = 32, parentContextCount = 0, hitCount = 213, missCount = 1]
18:00:10.157 [main] DEBUG org.springframework.test.context.cache.DefaultCacheAwareContextLoaderDelegate - Retrieved ApplicationContext [1050971191] from cache with key [[MergedContextConfiguration@1389e498 testClass = ConfigurationBusiness_CoreSpringServerIT, locations = '{}', classes = '{class fr.insalyon.creatis.vip.core.server.SpringCoreConfig}', contextInitializerClasses = '[]', activeProfiles = '{test-db, test}', propertySourceLocations = '{}', propertySourceProperties = '{db.tableEngine=}', contextCustomizers = set[[empty]], contextLoader = 'org.springframework.test.context.support.DelegatingSmartContextLoader', parent = [null]]]
18:00:10.157 [main] DEBUG org.springframework.test.context.cache - Spring test ApplicationContext cache statistics: [DefaultContextCache@4675f5b0 size = 1, maxSize = 32, parentContextCount = 0, hitCount = 214, missCount = 1]
18:00:10.157 [main] DEBUG org.springframework.jdbc.datasource.DataSourceTransactionManager - Initiating transaction rollback
18:00:10.157 [main] DEBUG org.springframework.jdbc.datasource.DataSourceTransactionManager - Rolling back JDBC transaction on Connection [conn44: url=jdbc:h2:mem:fec2b152-de2f-4c07-a3e1-df691c7daf9d user=SA]
18:00:10.158 [main] DEBUG org.springframework.jdbc.datasource.DataSourceTransactionManager - Releasing JDBC Connection [conn44: url=jdbc:h2:mem:fec2b152-de2f-4c07-a3e1-df691c7daf9d user=SA] after transaction
18:00:10.158 [main] INFO org.springframework.test.context.transaction.TransactionContext - Rolled back transaction for test: [DefaultTestContext@18e20fa8 testClass = ConfigurationBusiness_CoreSpringServerIT, testInstance = ConfigurationBusiness_CoreSpringServerIT@120242d9, testMethod = testCatchCreateGroupAlreadyExisting@ConfigurationBusiness_CoreSpringServerIT, testException = [null], mergedContextConfiguration = [MergedContextConfiguration@1389e498 testClass = ConfigurationBusiness_CoreSpringServerIT, locations = '{}', classes = '{class fr.insalyon.creatis.vip.core.server.SpringCoreConfig}', contextInitializerClasses = '[]', activeProfiles = '{test-db, test}', propertySourceLocations = '{}', propertySourceProperties = '{db.tableEngine=}', contextCustomizers = set[[empty]], contextLoader = 'org.springframework.test.context.support.DelegatingSmartContextLoader', parent = [null]], attributes = map['org.springframework.test.context.event.ApplicationEventsTestExecutionListener.recordApplicationEvents' -> false]]
18:00:10.158 [main] DEBUG org.springframework.test.context.support.AbstractDirtiesContextTestExecutionListener - After test method: context [DefaultTestContext@18e20fa8 testClass = ConfigurationBusiness_CoreSpringServerIT, testInstance = ConfigurationBusiness_CoreSpringServerIT@120242d9, testMethod = testCatchCreateGroupAlreadyExisting@ConfigurationBusiness_CoreSpringServerIT, testException = [null], mergedContextConfiguration = [MergedContextConfiguration@1389e498 testClass = ConfigurationBusiness_CoreSpringServerIT, locations = '{}', classes = '{class fr.insalyon.creatis.vip.core.server.SpringCoreConfig}', contextInitializerClasses = '[]', activeProfiles = '{test-db, test}', propertySourceLocations = '{}', propertySourceProperties = '{db.tableEngine=}', contextCustomizers = set[[empty]], contextLoader = 'org.springframework.test.context.support.DelegatingSmartContextLoader', parent = [null]], attributes = map['org.springframework.test.context.event.ApplicationEventsTestExecutionListener.recordApplicationEvents' -> false]], class annotated with @DirtiesContext [false] with mode [null], method annotated with @DirtiesContext [false] with mode [null].
]]></system-out>
  </testcase>
  <testcase name="testIsGroupAdmin" classname="ConfigurationBusiness_CoreSpringServerIT" time="0.031">
    <system-out><![CDATA[18:00:10.162 [main] DEBUG org.springframework.test.context.support.DependencyInjectionTestExecutionListener - Performing dependency injection for test context [[DefaultTestContext@18e20fa8 testClass = ConfigurationBusiness_CoreSpringServerIT, testInstance = ConfigurationBusiness_CoreSpringServerIT@1048ac48, testMethod = [null], testException = [null], mergedContextConfiguration = [MergedContextConfiguration@1389e498 testClass = ConfigurationBusiness_CoreSpringServerIT, locations = '{}', classes = '{class fr.insalyon.creatis.vip.core.server.SpringCoreConfig}', contextInitializerClasses = '[]', activeProfiles = '{test-db, test}', propertySourceLocations = '{}', propertySourceProperties = '{db.tableEngine=}', contextCustomizers = set[[empty]], contextLoader = 'org.springframework.test.context.support.DelegatingSmartContextLoader', parent = [null]], attributes = map['org.springframework.test.context.event.ApplicationEventsTestExecutionListener.recordApplicationEvents' -> false]]].
18:00:10.162 [main] DEBUG org.springframework.test.context.cache.DefaultCacheAwareContextLoaderDelegate - Retrieved ApplicationContext [1050971191] from cache with key [[MergedContextConfiguration@1389e498 testClass = ConfigurationBusiness_CoreSpringServerIT, locations = '{}', classes = '{class fr.insalyon.creatis.vip.core.server.SpringCoreConfig}', contextInitializerClasses = '[]', activeProfiles = '{test-db, test}', propertySourceLocations = '{}', propertySourceProperties = '{db.tableEngine=}', contextCustomizers = set[[empty]], contextLoader = 'org.springframework.test.context.support.DelegatingSmartContextLoader', parent = [null]]]
18:00:10.162 [main] DEBUG org.springframework.test.context.cache - Spring test ApplicationContext cache statistics: [DefaultContextCache@4675f5b0 size = 1, maxSize = 32, parentContextCount = 0, hitCount = 215, missCount = 1]
18:00:10.164 [main] DEBUG org.springframework.test.context.cache.DefaultCacheAwareContextLoaderDelegate - Retrieved ApplicationContext [1050971191] from cache with key [[MergedContextConfiguration@1389e498 testClass = ConfigurationBusiness_CoreSpringServerIT, locations = '{}', classes = '{class fr.insalyon.creatis.vip.core.server.SpringCoreConfig}', contextInitializerClasses = '[]', activeProfiles = '{test-db, test}', propertySourceLocations = '{}', propertySourceProperties = '{db.tableEngine=}', contextCustomizers = set[[empty]], contextLoader = 'org.springframework.test.context.support.DelegatingSmartContextLoader', parent = [null]]]
18:00:10.164 [main] DEBUG org.springframework.test.context.cache - Spring test ApplicationContext cache statistics: [DefaultContextCache@4675f5b0 size = 1, maxSize = 32, parentContextCount = 0, hitCount = 216, missCount = 1]
18:00:10.166 [main] DEBUG org.springframework.test.context.support.AbstractDirtiesContextTestExecutionListener - Before test method: context [DefaultTestContext@18e20fa8 testClass = ConfigurationBusiness_CoreSpringServerIT, testInstance = ConfigurationBusiness_CoreSpringServerIT@1048ac48, testMethod = testIsGroupAdmin@ConfigurationBusiness_CoreSpringServerIT, testException = [null], mergedContextConfiguration = [MergedContextConfiguration@1389e498 testClass = ConfigurationBusiness_CoreSpringServerIT, locations = '{}', classes = '{class fr.insalyon.creatis.vip.core.server.SpringCoreConfig}', contextInitializerClasses = '[]', activeProfiles = '{test-db, test}', propertySourceLocations = '{}', propertySourceProperties = '{db.tableEngine=}', contextCustomizers = set[[empty]], contextLoader = 'org.springframework.test.context.support.DelegatingSmartContextLoader', parent = [null]], attributes = map['org.springframework.test.context.event.ApplicationEventsTestExecutionListener.recordApplicationEvents' -> false]], class annotated with @DirtiesContext [false] with mode [null], method annotated with @DirtiesContext [false] with mode [null].
18:00:10.166 [main] DEBUG org.springframework.test.context.transaction.TransactionalTestExecutionListener - Explicit transaction definition [PROPAGATION_REQUIRED,ISOLATION_DEFAULT] found for test context [DefaultTestContext@18e20fa8 testClass = ConfigurationBusiness_CoreSpringServerIT, testInstance = ConfigurationBusiness_CoreSpringServerIT@1048ac48, testMethod = testIsGroupAdmin@ConfigurationBusiness_CoreSpringServerIT, testException = [null], mergedContextConfiguration = [MergedContextConfiguration@1389e498 testClass = ConfigurationBusiness_CoreSpringServerIT, locations = '{}', classes = '{class fr.insalyon.creatis.vip.core.server.SpringCoreConfig}', contextInitializerClasses = '[]', activeProfiles = '{test-db, test}', propertySourceLocations = '{}', propertySourceProperties = '{db.tableEngine=}', contextCustomizers = set[[empty]], contextLoader = 'org.springframework.test.context.support.DelegatingSmartContextLoader', parent = [null]], attributes = map['org.springframework.test.context.event.ApplicationEventsTestExecutionListener.recordApplicationEvents' -> false]]
18:00:10.166 [main] DEBUG org.springframework.test.context.cache.DefaultCacheAwareContextLoaderDelegate - Retrieved ApplicationContext [1050971191] from cache with key [[MergedContextConfiguration@1389e498 testClass = ConfigurationBusiness_CoreSpringServerIT, locations = '{}', classes = '{class fr.insalyon.creatis.vip.core.server.SpringCoreConfig}', contextInitializerClasses = '[]', activeProfiles = '{test-db, test}', propertySourceLocations = '{}', propertySourceProperties = '{db.tableEngine=}', contextCustomizers = set[[empty]], contextLoader = 'org.springframework.test.context.support.DelegatingSmartContextLoader', parent = [null]]]
18:00:10.166 [main] DEBUG org.springframework.test.context.cache - Spring test ApplicationContext cache statistics: [DefaultContextCache@4675f5b0 size = 1, maxSize = 32, parentContextCount = 0, hitCount = 217, missCount = 1]
18:00:10.166 [main] DEBUG org.springframework.test.context.transaction.TransactionalTestExecutionListener - No method-level @Rollback override: using default rollback [true] for test context [DefaultTestContext@18e20fa8 testClass = ConfigurationBusiness_CoreSpringServerIT, testInstance = ConfigurationBusiness_CoreSpringServerIT@1048ac48, testMethod = testIsGroupAdmin@ConfigurationBusiness_CoreSpringServerIT, testException = [null], mergedContextConfiguration = [MergedContextConfiguration@1389e498 testClass = ConfigurationBusiness_CoreSpringServerIT, locations = '{}', classes = '{class fr.insalyon.creatis.vip.core.server.SpringCoreConfig}', contextInitializerClasses = '[]', activeProfiles = '{test-db, test}', propertySourceLocations = '{}', propertySourceProperties = '{db.tableEngine=}', contextCustomizers = set[[empty]], contextLoader = 'org.springframework.test.context.support.DelegatingSmartContextLoader', parent = [null]], attributes = map['org.springframework.test.context.event.ApplicationEventsTestExecutionListener.recordApplicationEvents' -> false]].
18:00:10.167 [main] DEBUG org.springframework.jdbc.datasource.DataSourceTransactionManager - Creating new transaction with name [ConfigurationBusiness_CoreSpringServerIT.testIsGroupAdmin]: PROPAGATION_REQUIRED,ISOLATION_DEFAULT
18:00:10.167 [main] DEBUG org.springframework.jdbc.datasource.DataSourceTransactionManager - Acquired Connection [Lazy Connection proxy for target DataSource [org.springframework.jdbc.datasource.embedded.EmbeddedDatabaseFactory$EmbeddedDataSourceProxy@5764c072]] for JDBC transaction
18:00:10.168 [main] DEBUG org.springframework.jdbc.datasource.DataSourceTransactionManager - Switching JDBC Connection [Lazy Connection proxy for target DataSource [org.springframework.jdbc.datasource.embedded.EmbeddedDatabaseFactory$EmbeddedDataSourceProxy@5764c072]] to manual commit
18:00:10.168 [main] INFO org.springframework.test.context.transaction.TransactionContext - Began transaction (1) for test context [DefaultTestContext@18e20fa8 testClass = ConfigurationBusiness_CoreSpringServerIT, testInstance = ConfigurationBusiness_CoreSpringServerIT@1048ac48, testMethod = testIsGroupAdmin@ConfigurationBusiness_CoreSpringServerIT, testException = [null], mergedContextConfiguration = [MergedContextConfiguration@1389e498 testClass = ConfigurationBusiness_CoreSpringServerIT, locations = '{}', classes = '{class fr.insalyon.creatis.vip.core.server.SpringCoreConfig}', contextInitializerClasses = '[]', activeProfiles = '{test-db, test}', propertySourceLocations = '{}', propertySourceProperties = '{db.tableEngine=}', contextCustomizers = set[[empty]], contextLoader = 'org.springframework.test.context.support.DelegatingSmartContextLoader', parent = [null]], attributes = map['org.springframework.test.context.event.ApplicationEventsTestExecutionListener.recordApplicationEvents' -> false]]; transaction manager [org.springframework.jdbc.datasource.DataSourceTransactionManager@178b2df1]; rollback [true]
18:00:10.169 [main] DEBUG org.springframework.test.context.cache.DefaultCacheAwareContextLoaderDelegate - Retrieved ApplicationContext [1050971191] from cache with key [[MergedContextConfiguration@1389e498 testClass = ConfigurationBusiness_CoreSpringServerIT, locations = '{}', classes = '{class fr.insalyon.creatis.vip.core.server.SpringCoreConfig}', contextInitializerClasses = '[]', activeProfiles = '{test-db, test}', propertySourceLocations = '{}', propertySourceProperties = '{db.tableEngine=}', contextCustomizers = set[[empty]], contextLoader = 'org.springframework.test.context.support.DelegatingSmartContextLoader', parent = [null]]]
18:00:10.169 [main] DEBUG org.springframework.test.context.cache - Spring test ApplicationContext cache statistics: [DefaultContextCache@4675f5b0 size = 1, maxSize = 32, parentContextCount = 0, hitCount = 218, missCount = 1]
18:00:10.170 [main] DEBUG org.springframework.jdbc.datasource.DataSourceTransactionManager - Participating in existing transaction
18:00:10.170 [main] DEBUG org.springframework.jdbc.datasource.DataSourceTransactionManager - Participating in existing transaction
18:00:10.170 [main] DEBUG org.springframework.jdbc.datasource.SimpleDriverDataSource - Creating new JDBC Driver Connection to [jdbc:h2:mem:fec2b152-de2f-4c07-a3e1-df691c7daf9d;DB_CLOSE_DELAY=-1;DB_CLOSE_ON_EXIT=false]
18:00:10.172 [main] DEBUG org.springframework.jdbc.datasource.DataSourceTransactionManager - Participating in existing transaction
18:00:10.172 [main] DEBUG org.springframework.jdbc.datasource.DataSourceTransactionManager - Participating in existing transaction
18:00:10.172 [main] DEBUG org.springframework.jdbc.datasource.DataSourceTransactionManager - Participating in existing transaction
18:00:10.173 [main] DEBUG org.springframework.jdbc.datasource.DataSourceTransactionManager - Participating in existing transaction
18:00:10.173 [main] DEBUG org.springframework.jdbc.datasource.DataSourceTransactionManager - Participating in existing transaction
User = test1@test.fr
18:00:10.173 [main] INFO fr.insalyon.creatis.vip.core.server.business.ConfigurationBusiness - verifying test1@test.fr. List of undesired mail domains: . 
18:00:10.173 [main] INFO fr.insalyon.creatis.vip.core.server.business.ConfigurationBusiness - Signing up . List of undesired countries: .
18:00:10.174 [main] DEBUG org.springframework.jdbc.datasource.DataSourceTransactionManager - Participating in existing transaction
18:00:10.174 [main] DEBUG org.springframework.jdbc.datasource.DataSourceTransactionManager - Participating in existing transaction
18:00:10.174 [main] INFO fr.insalyon.creatis.vip.core.server.business.ConfigurationBusiness - Sending confirmation email to 'test1@test.fr'.
18:00:10.174 [main] DEBUG org.springframework.jdbc.datasource.DataSourceTransactionManager - Participating in existing transaction
18:00:10.186 [main] DEBUG org.springframework.jdbc.datasource.DataSourceTransactionManager - Participating in existing transaction
18:00:10.186 [main] DEBUG org.springframework.jdbc.datasource.DataSourceTransactionManager - Participating in existing transaction
18:00:10.186 [main] DEBUG org.springframework.jdbc.datasource.DataSourceTransactionManager - Participating in existing transaction
User = test2@test.fr
18:00:10.187 [main] INFO fr.insalyon.creatis.vip.core.server.business.ConfigurationBusiness - verifying test2@test.fr. List of undesired mail domains: . 
18:00:10.187 [main] INFO fr.insalyon.creatis.vip.core.server.business.ConfigurationBusiness - Signing up . List of undesired countries: .
18:00:10.187 [main] DEBUG org.springframework.jdbc.datasource.DataSourceTransactionManager - Participating in existing transaction
18:00:10.187 [main] DEBUG org.springframework.jdbc.datasource.DataSourceTransactionManager - Participating in existing transaction
18:00:10.187 [main] INFO fr.insalyon.creatis.vip.core.server.business.ConfigurationBusiness - Sending confirmation email to 'test2@test.fr'.
18:00:10.188 [main] DEBUG org.springframework.jdbc.datasource.DataSourceTransactionManager - Participating in existing transaction
18:00:10.188 [main] DEBUG org.springframework.jdbc.datasource.DataSourceTransactionManager - Participating in existing transaction
18:00:10.188 [main] DEBUG org.springframework.jdbc.datasource.DataSourceTransactionManager - Participating in existing transaction
18:00:10.188 [main] DEBUG org.springframework.jdbc.datasource.DataSourceTransactionManager - Participating in existing transaction
User = test3@test.fr
18:00:10.188 [main] INFO fr.insalyon.creatis.vip.core.server.business.ConfigurationBusiness - verifying test3@test.fr. List of undesired mail domains: . 
18:00:10.189 [main] INFO fr.insalyon.creatis.vip.core.server.business.ConfigurationBusiness - Signing up . List of undesired countries: .
18:00:10.189 [main] DEBUG org.springframework.jdbc.datasource.DataSourceTransactionManager - Participating in existing transaction
18:00:10.189 [main] DEBUG org.springframework.jdbc.datasource.DataSourceTransactionManager - Participating in existing transaction
18:00:10.189 [main] INFO fr.insalyon.creatis.vip.core.server.business.ConfigurationBusiness - Sending confirmation email to 'test3@test.fr'.
18:00:10.189 [main] DEBUG org.springframework.jdbc.datasource.DataSourceTransactionManager - Participating in existing transaction
18:00:10.190 [main] DEBUG org.springframework.jdbc.datasource.DataSourceTransactionManager - Participating in existing transaction
18:00:10.190 [main] DEBUG org.springframework.jdbc.datasource.DataSourceTransactionManager - Participating in existing transaction
18:00:10.190 [main] DEBUG org.springframework.jdbc.datasource.DataSourceTransactionManager - Participating in existing transaction
User = test4@test.fr
18:00:10.190 [main] INFO fr.insalyon.creatis.vip.core.server.business.ConfigurationBusiness - verifying test4@test.fr. List of undesired mail domains: . 
18:00:10.190 [main] INFO fr.insalyon.creatis.vip.core.server.business.ConfigurationBusiness - Signing up . List of undesired countries: .
18:00:10.190 [main] DEBUG org.springframework.jdbc.datasource.DataSourceTransactionManager - Participating in existing transaction
18:00:10.190 [main] DEBUG org.springframework.jdbc.datasource.DataSourceTransactionManager - Participating in existing transaction
18:00:10.191 [main] INFO fr.insalyon.creatis.vip.core.server.business.ConfigurationBusiness - Sending confirmation email to 'test4@test.fr'.
18:00:10.191 [main] DEBUG org.springframework.jdbc.datasource.DataSourceTransactionManager - Participating in existing transaction
18:00:10.191 [main] DEBUG org.springframework.jdbc.datasource.DataSourceTransactionManager - Participating in existing transaction
18:00:10.191 [main] DEBUG org.springframework.jdbc.datasource.DataSourceTransactionManager - Participating in existing transaction
18:00:10.191 [main] DEBUG org.springframework.jdbc.datasource.DataSourceTransactionManager - Participating in existing transaction
18:00:10.191 [main] DEBUG org.springframework.jdbc.datasource.DataSourceTransactionManager - Participating in existing transaction
18:00:10.191 [main] DEBUG org.springframework.jdbc.datasource.DataSourceTransactionManager - Participating in existing transaction
18:00:10.191 [main] DEBUG org.springframework.jdbc.datasource.DataSourceTransactionManager - Participating in existing transaction
18:00:10.191 [main] DEBUG org.springframework.jdbc.datasource.DataSourceTransactionManager - Participating in existing transaction
18:00:10.191 [main] DEBUG org.springframework.jdbc.datasource.DataSourceTransactionManager - Participating in existing transaction
18:00:10.192 [main] DEBUG org.springframework.jdbc.datasource.DataSourceTransactionManager - Participating in existing transaction
18:00:10.192 [main] DEBUG org.springframework.jdbc.datasource.DataSourceTransactionManager - Participating in existing transaction
18:00:10.192 [main] DEBUG org.springframework.jdbc.datasource.DataSourceTransactionManager - Participating in existing transaction
User = email5@test.fr
18:00:10.192 [main] INFO fr.insalyon.creatis.vip.core.server.business.ConfigurationBusiness - verifying email5@test.fr. List of undesired mail domains: . 
18:00:10.192 [main] INFO fr.insalyon.creatis.vip.core.server.business.ConfigurationBusiness - Signing up . List of undesired countries: .
18:00:10.193 [main] DEBUG org.springframework.jdbc.datasource.DataSourceTransactionManager - Participating in existing transaction
18:00:10.193 [main] DEBUG org.springframework.jdbc.datasource.DataSourceTransactionManager - Participating in existing transaction
18:00:10.193 [main] INFO fr.insalyon.creatis.vip.core.server.business.ConfigurationBusiness - Sending confirmation email to 'email5@test.fr'.
18:00:10.193 [main] DEBUG org.springframework.jdbc.datasource.DataSourceTransactionManager - Participating in existing transaction
18:00:10.193 [main] DEBUG org.springframework.test.context.cache.DefaultCacheAwareContextLoaderDelegate - Retrieved ApplicationContext [1050971191] from cache with key [[MergedContextConfiguration@1389e498 testClass = ConfigurationBusiness_CoreSpringServerIT, locations = '{}', classes = '{class fr.insalyon.creatis.vip.core.server.SpringCoreConfig}', contextInitializerClasses = '[]', activeProfiles = '{test-db, test}', propertySourceLocations = '{}', propertySourceProperties = '{db.tableEngine=}', contextCustomizers = set[[empty]], contextLoader = 'org.springframework.test.context.support.DelegatingSmartContextLoader', parent = [null]]]
18:00:10.193 [main] DEBUG org.springframework.test.context.cache - Spring test ApplicationContext cache statistics: [DefaultContextCache@4675f5b0 size = 1, maxSize = 32, parentContextCount = 0, hitCount = 219, missCount = 1]
18:00:10.193 [main] DEBUG org.springframework.test.context.cache.DefaultCacheAwareContextLoaderDelegate - Retrieved ApplicationContext [1050971191] from cache with key [[MergedContextConfiguration@1389e498 testClass = ConfigurationBusiness_CoreSpringServerIT, locations = '{}', classes = '{class fr.insalyon.creatis.vip.core.server.SpringCoreConfig}', contextInitializerClasses = '[]', activeProfiles = '{test-db, test}', propertySourceLocations = '{}', propertySourceProperties = '{db.tableEngine=}', contextCustomizers = set[[empty]], contextLoader = 'org.springframework.test.context.support.DelegatingSmartContextLoader', parent = [null]]]
18:00:10.193 [main] DEBUG org.springframework.test.context.cache - Spring test ApplicationContext cache statistics: [DefaultContextCache@4675f5b0 size = 1, maxSize = 32, parentContextCount = 0, hitCount = 220, missCount = 1]
18:00:10.194 [main] DEBUG org.springframework.test.context.cache.DefaultCacheAwareContextLoaderDelegate - Retrieved ApplicationContext [1050971191] from cache with key [[MergedContextConfiguration@1389e498 testClass = ConfigurationBusiness_CoreSpringServerIT, locations = '{}', classes = '{class fr.insalyon.creatis.vip.core.server.SpringCoreConfig}', contextInitializerClasses = '[]', activeProfiles = '{test-db, test}', propertySourceLocations = '{}', propertySourceProperties = '{db.tableEngine=}', contextCustomizers = set[[empty]], contextLoader = 'org.springframework.test.context.support.DelegatingSmartContextLoader', parent = [null]]]
18:00:10.194 [main] DEBUG org.springframework.test.context.cache - Spring test ApplicationContext cache statistics: [DefaultContextCache@4675f5b0 size = 1, maxSize = 32, parentContextCount = 0, hitCount = 221, missCount = 1]
18:00:10.194 [main] DEBUG org.springframework.jdbc.datasource.DataSourceTransactionManager - Initiating transaction rollback
18:00:10.194 [main] DEBUG org.springframework.jdbc.datasource.DataSourceTransactionManager - Rolling back JDBC transaction on Connection [conn45: url=jdbc:h2:mem:fec2b152-de2f-4c07-a3e1-df691c7daf9d user=SA]
18:00:10.194 [main] DEBUG org.springframework.jdbc.datasource.DataSourceTransactionManager - Releasing JDBC Connection [conn45: url=jdbc:h2:mem:fec2b152-de2f-4c07-a3e1-df691c7daf9d user=SA] after transaction
18:00:10.194 [main] INFO org.springframework.test.context.transaction.TransactionContext - Rolled back transaction for test: [DefaultTestContext@18e20fa8 testClass = ConfigurationBusiness_CoreSpringServerIT, testInstance = ConfigurationBusiness_CoreSpringServerIT@1048ac48, testMethod = testIsGroupAdmin@ConfigurationBusiness_CoreSpringServerIT, testException = [null], mergedContextConfiguration = [MergedContextConfiguration@1389e498 testClass = ConfigurationBusiness_CoreSpringServerIT, locations = '{}', classes = '{class fr.insalyon.creatis.vip.core.server.SpringCoreConfig}', contextInitializerClasses = '[]', activeProfiles = '{test-db, test}', propertySourceLocations = '{}', propertySourceProperties = '{db.tableEngine=}', contextCustomizers = set[[empty]], contextLoader = 'org.springframework.test.context.support.DelegatingSmartContextLoader', parent = [null]], attributes = map['org.springframework.test.context.event.ApplicationEventsTestExecutionListener.recordApplicationEvents' -> false]]
18:00:10.194 [main] DEBUG org.springframework.test.context.support.AbstractDirtiesContextTestExecutionListener - After test method: context [DefaultTestContext@18e20fa8 testClass = ConfigurationBusiness_CoreSpringServerIT, testInstance = ConfigurationBusiness_CoreSpringServerIT@1048ac48, testMethod = testIsGroupAdmin@ConfigurationBusiness_CoreSpringServerIT, testException = [null], mergedContextConfiguration = [MergedContextConfiguration@1389e498 testClass = ConfigurationBusiness_CoreSpringServerIT, locations = '{}', classes = '{class fr.insalyon.creatis.vip.core.server.SpringCoreConfig}', contextInitializerClasses = '[]', activeProfiles = '{test-db, test}', propertySourceLocations = '{}', propertySourceProperties = '{db.tableEngine=}', contextCustomizers = set[[empty]], contextLoader = 'org.springframework.test.context.support.DelegatingSmartContextLoader', parent = [null]], attributes = map['org.springframework.test.context.event.ApplicationEventsTestExecutionListener.recordApplicationEvents' -> false]], class annotated with @DirtiesContext [false] with mode [null], method annotated with @DirtiesContext [false] with mode [null].
]]></system-out>
  </testcase>
  <testcase name="testSetLastLogin" classname="ConfigurationBusiness_CoreSpringServerIT" time="0.02">
    <system-out><![CDATA[18:00:10.199 [main] DEBUG org.springframework.test.context.support.DependencyInjectionTestExecutionListener - Performing dependency injection for test context [[DefaultTestContext@18e20fa8 testClass = ConfigurationBusiness_CoreSpringServerIT, testInstance = ConfigurationBusiness_CoreSpringServerIT@333964e4, testMethod = [null], testException = [null], mergedContextConfiguration = [MergedContextConfiguration@1389e498 testClass = ConfigurationBusiness_CoreSpringServerIT, locations = '{}', classes = '{class fr.insalyon.creatis.vip.core.server.SpringCoreConfig}', contextInitializerClasses = '[]', activeProfiles = '{test-db, test}', propertySourceLocations = '{}', propertySourceProperties = '{db.tableEngine=}', contextCustomizers = set[[empty]], contextLoader = 'org.springframework.test.context.support.DelegatingSmartContextLoader', parent = [null]], attributes = map['org.springframework.test.context.event.ApplicationEventsTestExecutionListener.recordApplicationEvents' -> false]]].
18:00:10.199 [main] DEBUG org.springframework.test.context.cache.DefaultCacheAwareContextLoaderDelegate - Retrieved ApplicationContext [1050971191] from cache with key [[MergedContextConfiguration@1389e498 testClass = ConfigurationBusiness_CoreSpringServerIT, locations = '{}', classes = '{class fr.insalyon.creatis.vip.core.server.SpringCoreConfig}', contextInitializerClasses = '[]', activeProfiles = '{test-db, test}', propertySourceLocations = '{}', propertySourceProperties = '{db.tableEngine=}', contextCustomizers = set[[empty]], contextLoader = 'org.springframework.test.context.support.DelegatingSmartContextLoader', parent = [null]]]
18:00:10.200 [main] DEBUG org.springframework.test.context.cache - Spring test ApplicationContext cache statistics: [DefaultContextCache@4675f5b0 size = 1, maxSize = 32, parentContextCount = 0, hitCount = 222, missCount = 1]
18:00:10.200 [main] DEBUG org.springframework.test.context.cache.DefaultCacheAwareContextLoaderDelegate - Retrieved ApplicationContext [1050971191] from cache with key [[MergedContextConfiguration@1389e498 testClass = ConfigurationBusiness_CoreSpringServerIT, locations = '{}', classes = '{class fr.insalyon.creatis.vip.core.server.SpringCoreConfig}', contextInitializerClasses = '[]', activeProfiles = '{test-db, test}', propertySourceLocations = '{}', propertySourceProperties = '{db.tableEngine=}', contextCustomizers = set[[empty]], contextLoader = 'org.springframework.test.context.support.DelegatingSmartContextLoader', parent = [null]]]
18:00:10.200 [main] DEBUG org.springframework.test.context.cache - Spring test ApplicationContext cache statistics: [DefaultContextCache@4675f5b0 size = 1, maxSize = 32, parentContextCount = 0, hitCount = 223, missCount = 1]
18:00:10.201 [main] DEBUG org.springframework.test.context.support.AbstractDirtiesContextTestExecutionListener - Before test method: context [DefaultTestContext@18e20fa8 testClass = ConfigurationBusiness_CoreSpringServerIT, testInstance = ConfigurationBusiness_CoreSpringServerIT@333964e4, testMethod = testSetLastLogin@ConfigurationBusiness_CoreSpringServerIT, testException = [null], mergedContextConfiguration = [MergedContextConfiguration@1389e498 testClass = ConfigurationBusiness_CoreSpringServerIT, locations = '{}', classes = '{class fr.insalyon.creatis.vip.core.server.SpringCoreConfig}', contextInitializerClasses = '[]', activeProfiles = '{test-db, test}', propertySourceLocations = '{}', propertySourceProperties = '{db.tableEngine=}', contextCustomizers = set[[empty]], contextLoader = 'org.springframework.test.context.support.DelegatingSmartContextLoader', parent = [null]], attributes = map['org.springframework.test.context.event.ApplicationEventsTestExecutionListener.recordApplicationEvents' -> false]], class annotated with @DirtiesContext [false] with mode [null], method annotated with @DirtiesContext [false] with mode [null].
18:00:10.202 [main] DEBUG org.springframework.test.context.transaction.TransactionalTestExecutionListener - Explicit transaction definition [PROPAGATION_REQUIRED,ISOLATION_DEFAULT] found for test context [DefaultTestContext@18e20fa8 testClass = ConfigurationBusiness_CoreSpringServerIT, testInstance = ConfigurationBusiness_CoreSpringServerIT@333964e4, testMethod = testSetLastLogin@ConfigurationBusiness_CoreSpringServerIT, testException = [null], mergedContextConfiguration = [MergedContextConfiguration@1389e498 testClass = ConfigurationBusiness_CoreSpringServerIT, locations = '{}', classes = '{class fr.insalyon.creatis.vip.core.server.SpringCoreConfig}', contextInitializerClasses = '[]', activeProfiles = '{test-db, test}', propertySourceLocations = '{}', propertySourceProperties = '{db.tableEngine=}', contextCustomizers = set[[empty]], contextLoader = 'org.springframework.test.context.support.DelegatingSmartContextLoader', parent = [null]], attributes = map['org.springframework.test.context.event.ApplicationEventsTestExecutionListener.recordApplicationEvents' -> false]]
18:00:10.202 [main] DEBUG org.springframework.test.context.cache.DefaultCacheAwareContextLoaderDelegate - Retrieved ApplicationContext [1050971191] from cache with key [[MergedContextConfiguration@1389e498 testClass = ConfigurationBusiness_CoreSpringServerIT, locations = '{}', classes = '{class fr.insalyon.creatis.vip.core.server.SpringCoreConfig}', contextInitializerClasses = '[]', activeProfiles = '{test-db, test}', propertySourceLocations = '{}', propertySourceProperties = '{db.tableEngine=}', contextCustomizers = set[[empty]], contextLoader = 'org.springframework.test.context.support.DelegatingSmartContextLoader', parent = [null]]]
18:00:10.202 [main] DEBUG org.springframework.test.context.cache - Spring test ApplicationContext cache statistics: [DefaultContextCache@4675f5b0 size = 1, maxSize = 32, parentContextCount = 0, hitCount = 224, missCount = 1]
18:00:10.202 [main] DEBUG org.springframework.test.context.transaction.TransactionalTestExecutionListener - No method-level @Rollback override: using default rollback [true] for test context [DefaultTestContext@18e20fa8 testClass = ConfigurationBusiness_CoreSpringServerIT, testInstance = ConfigurationBusiness_CoreSpringServerIT@333964e4, testMethod = testSetLastLogin@ConfigurationBusiness_CoreSpringServerIT, testException = [null], mergedContextConfiguration = [MergedContextConfiguration@1389e498 testClass = ConfigurationBusiness_CoreSpringServerIT, locations = '{}', classes = '{class fr.insalyon.creatis.vip.core.server.SpringCoreConfig}', contextInitializerClasses = '[]', activeProfiles = '{test-db, test}', propertySourceLocations = '{}', propertySourceProperties = '{db.tableEngine=}', contextCustomizers = set[[empty]], contextLoader = 'org.springframework.test.context.support.DelegatingSmartContextLoader', parent = [null]], attributes = map['org.springframework.test.context.event.ApplicationEventsTestExecutionListener.recordApplicationEvents' -> false]].
18:00:10.202 [main] DEBUG org.springframework.jdbc.datasource.DataSourceTransactionManager - Creating new transaction with name [ConfigurationBusiness_CoreSpringServerIT.testSetLastLogin]: PROPAGATION_REQUIRED,ISOLATION_DEFAULT
18:00:10.203 [main] DEBUG org.springframework.jdbc.datasource.DataSourceTransactionManager - Acquired Connection [Lazy Connection proxy for target DataSource [org.springframework.jdbc.datasource.embedded.EmbeddedDatabaseFactory$EmbeddedDataSourceProxy@5764c072]] for JDBC transaction
18:00:10.204 [main] DEBUG org.springframework.jdbc.datasource.DataSourceTransactionManager - Switching JDBC Connection [Lazy Connection proxy for target DataSource [org.springframework.jdbc.datasource.embedded.EmbeddedDatabaseFactory$EmbeddedDataSourceProxy@5764c072]] to manual commit
18:00:10.204 [main] INFO org.springframework.test.context.transaction.TransactionContext - Began transaction (1) for test context [DefaultTestContext@18e20fa8 testClass = ConfigurationBusiness_CoreSpringServerIT, testInstance = ConfigurationBusiness_CoreSpringServerIT@333964e4, testMethod = testSetLastLogin@ConfigurationBusiness_CoreSpringServerIT, testException = [null], mergedContextConfiguration = [MergedContextConfiguration@1389e498 testClass = ConfigurationBusiness_CoreSpringServerIT, locations = '{}', classes = '{class fr.insalyon.creatis.vip.core.server.SpringCoreConfig}', contextInitializerClasses = '[]', activeProfiles = '{test-db, test}', propertySourceLocations = '{}', propertySourceProperties = '{db.tableEngine=}', contextCustomizers = set[[empty]], contextLoader = 'org.springframework.test.context.support.DelegatingSmartContextLoader', parent = [null]], attributes = map['org.springframework.test.context.event.ApplicationEventsTestExecutionListener.recordApplicationEvents' -> false]]; transaction manager [org.springframework.jdbc.datasource.DataSourceTransactionManager@178b2df1]; rollback [true]
18:00:10.204 [main] DEBUG org.springframework.test.context.cache.DefaultCacheAwareContextLoaderDelegate - Retrieved ApplicationContext [1050971191] from cache with key [[MergedContextConfiguration@1389e498 testClass = ConfigurationBusiness_CoreSpringServerIT, locations = '{}', classes = '{class fr.insalyon.creatis.vip.core.server.SpringCoreConfig}', contextInitializerClasses = '[]', activeProfiles = '{test-db, test}', propertySourceLocations = '{}', propertySourceProperties = '{db.tableEngine=}', contextCustomizers = set[[empty]], contextLoader = 'org.springframework.test.context.support.DelegatingSmartContextLoader', parent = [null]]]
18:00:10.204 [main] DEBUG org.springframework.test.context.cache - Spring test ApplicationContext cache statistics: [DefaultContextCache@4675f5b0 size = 1, maxSize = 32, parentContextCount = 0, hitCount = 225, missCount = 1]
18:00:10.205 [main] DEBUG org.springframework.jdbc.datasource.DataSourceTransactionManager - Participating in existing transaction
18:00:10.206 [main] DEBUG org.springframework.jdbc.datasource.DataSourceTransactionManager - Participating in existing transaction
18:00:10.206 [main] DEBUG org.springframework.jdbc.datasource.SimpleDriverDataSource - Creating new JDBC Driver Connection to [jdbc:h2:mem:fec2b152-de2f-4c07-a3e1-df691c7daf9d;DB_CLOSE_DELAY=-1;DB_CLOSE_ON_EXIT=false]
18:00:10.207 [main] DEBUG org.springframework.jdbc.datasource.DataSourceTransactionManager - Participating in existing transaction
18:00:10.208 [main] DEBUG org.springframework.jdbc.datasource.DataSourceTransactionManager - Participating in existing transaction
18:00:10.208 [main] DEBUG org.springframework.jdbc.datasource.DataSourceTransactionManager - Participating in existing transaction
18:00:10.208 [main] DEBUG org.springframework.jdbc.datasource.DataSourceTransactionManager - Participating in existing transaction
18:00:10.209 [main] DEBUG org.springframework.jdbc.datasource.DataSourceTransactionManager - Participating in existing transaction
User = test1@test.fr
18:00:10.209 [main] INFO fr.insalyon.creatis.vip.core.server.business.ConfigurationBusiness - verifying test1@test.fr. List of undesired mail domains: . 
18:00:10.209 [main] INFO fr.insalyon.creatis.vip.core.server.business.ConfigurationBusiness - Signing up . List of undesired countries: .
18:00:10.209 [main] DEBUG org.springframework.jdbc.datasource.DataSourceTransactionManager - Participating in existing transaction
18:00:10.210 [main] DEBUG org.springframework.jdbc.datasource.DataSourceTransactionManager - Participating in existing transaction
18:00:10.210 [main] INFO fr.insalyon.creatis.vip.core.server.business.ConfigurationBusiness - Sending confirmation email to 'test1@test.fr'.
18:00:10.211 [main] DEBUG org.springframework.jdbc.datasource.DataSourceTransactionManager - Participating in existing transaction
18:00:10.212 [main] DEBUG org.springframework.jdbc.datasource.DataSourceTransactionManager - Participating in existing transaction
18:00:10.212 [main] DEBUG org.springframework.jdbc.datasource.DataSourceTransactionManager - Participating in existing transaction
18:00:10.212 [main] DEBUG org.springframework.jdbc.datasource.DataSourceTransactionManager - Participating in existing transaction
User = test2@test.fr
18:00:10.212 [main] INFO fr.insalyon.creatis.vip.core.server.business.ConfigurationBusiness - verifying test2@test.fr. List of undesired mail domains: . 
18:00:10.212 [main] INFO fr.insalyon.creatis.vip.core.server.business.ConfigurationBusiness - Signing up . List of undesired countries: .
18:00:10.212 [main] DEBUG org.springframework.jdbc.datasource.DataSourceTransactionManager - Participating in existing transaction
18:00:10.212 [main] DEBUG org.springframework.jdbc.datasource.DataSourceTransactionManager - Participating in existing transaction
18:00:10.212 [main] INFO fr.insalyon.creatis.vip.core.server.business.ConfigurationBusiness - Sending confirmation email to 'test2@test.fr'.
18:00:10.213 [main] DEBUG org.springframework.jdbc.datasource.DataSourceTransactionManager - Participating in existing transaction
18:00:10.213 [main] DEBUG org.springframework.jdbc.datasource.DataSourceTransactionManager - Participating in existing transaction
18:00:10.213 [main] DEBUG org.springframework.jdbc.datasource.DataSourceTransactionManager - Participating in existing transaction
18:00:10.213 [main] DEBUG org.springframework.jdbc.datasource.DataSourceTransactionManager - Participating in existing transaction
User = test3@test.fr
18:00:10.213 [main] INFO fr.insalyon.creatis.vip.core.server.business.ConfigurationBusiness - verifying test3@test.fr. List of undesired mail domains: . 
18:00:10.213 [main] INFO fr.insalyon.creatis.vip.core.server.business.ConfigurationBusiness - Signing up . List of undesired countries: .
18:00:10.214 [main] DEBUG org.springframework.jdbc.datasource.DataSourceTransactionManager - Participating in existing transaction
18:00:10.214 [main] DEBUG org.springframework.jdbc.datasource.DataSourceTransactionManager - Participating in existing transaction
18:00:10.214 [main] INFO fr.insalyon.creatis.vip.core.server.business.ConfigurationBusiness - Sending confirmation email to 'test3@test.fr'.
18:00:10.214 [main] DEBUG org.springframework.jdbc.datasource.DataSourceTransactionManager - Participating in existing transaction
18:00:10.214 [main] DEBUG org.springframework.jdbc.datasource.DataSourceTransactionManager - Participating in existing transaction
18:00:10.214 [main] DEBUG org.springframework.jdbc.datasource.DataSourceTransactionManager - Participating in existing transaction
18:00:10.214 [main] DEBUG org.springframework.jdbc.datasource.DataSourceTransactionManager - Participating in existing transaction
User = test4@test.fr
18:00:10.215 [main] INFO fr.insalyon.creatis.vip.core.server.business.ConfigurationBusiness - verifying test4@test.fr. List of undesired mail domains: . 
18:00:10.215 [main] INFO fr.insalyon.creatis.vip.core.server.business.ConfigurationBusiness - Signing up . List of undesired countries: .
18:00:10.215 [main] DEBUG org.springframework.jdbc.datasource.DataSourceTransactionManager - Participating in existing transaction
18:00:10.216 [main] DEBUG org.springframework.jdbc.datasource.DataSourceTransactionManager - Participating in existing transaction
18:00:10.216 [main] INFO fr.insalyon.creatis.vip.core.server.business.ConfigurationBusiness - Sending confirmation email to 'test4@test.fr'.
18:00:10.216 [main] DEBUG org.springframework.jdbc.datasource.DataSourceTransactionManager - Participating in existing transaction
18:00:10.216 [main] DEBUG org.springframework.jdbc.datasource.DataSourceTransactionManager - Participating in existing transaction
18:00:10.216 [main] DEBUG org.springframework.jdbc.datasource.DataSourceTransactionManager - Participating in existing transaction
18:00:10.216 [main] DEBUG org.springframework.jdbc.datasource.DataSourceTransactionManager - Participating in existing transaction
18:00:10.216 [main] DEBUG org.springframework.jdbc.datasource.DataSourceTransactionManager - Participating in existing transaction
18:00:10.217 [main] DEBUG org.springframework.jdbc.datasource.DataSourceTransactionManager - Participating in existing transaction
18:00:10.217 [main] DEBUG org.springframework.jdbc.datasource.DataSourceTransactionManager - Participating in existing transaction
18:00:10.217 [main] DEBUG org.springframework.jdbc.datasource.DataSourceTransactionManager - Participating in existing transaction
18:00:10.217 [main] DEBUG org.springframework.jdbc.datasource.DataSourceTransactionManager - Participating in existing transaction
18:00:10.217 [main] DEBUG org.springframework.jdbc.datasource.DataSourceTransactionManager - Participating in existing transaction
18:00:10.217 [main] DEBUG org.springframework.jdbc.datasource.DataSourceTransactionManager - Participating in existing transaction
18:00:10.218 [main] DEBUG org.springframework.jdbc.datasource.DataSourceTransactionManager - Participating in existing transaction
User = email5@test.fr
18:00:10.218 [main] INFO fr.insalyon.creatis.vip.core.server.business.ConfigurationBusiness - verifying email5@test.fr. List of undesired mail domains: . 
18:00:10.218 [main] INFO fr.insalyon.creatis.vip.core.server.business.ConfigurationBusiness - Signing up . List of undesired countries: .
18:00:10.218 [main] DEBUG org.springframework.jdbc.datasource.DataSourceTransactionManager - Participating in existing transaction
18:00:10.218 [main] DEBUG org.springframework.jdbc.datasource.DataSourceTransactionManager - Participating in existing transaction
18:00:10.218 [main] INFO fr.insalyon.creatis.vip.core.server.business.ConfigurationBusiness - Sending confirmation email to 'email5@test.fr'.
18:00:10.218 [main] DEBUG org.springframework.jdbc.datasource.DataSourceTransactionManager - Participating in existing transaction
18:00:10.219 [main] DEBUG org.springframework.test.context.cache.DefaultCacheAwareContextLoaderDelegate - Retrieved ApplicationContext [1050971191] from cache with key [[MergedContextConfiguration@1389e498 testClass = ConfigurationBusiness_CoreSpringServerIT, locations = '{}', classes = '{class fr.insalyon.creatis.vip.core.server.SpringCoreConfig}', contextInitializerClasses = '[]', activeProfiles = '{test-db, test}', propertySourceLocations = '{}', propertySourceProperties = '{db.tableEngine=}', contextCustomizers = set[[empty]], contextLoader = 'org.springframework.test.context.support.DelegatingSmartContextLoader', parent = [null]]]
18:00:10.219 [main] DEBUG org.springframework.test.context.cache - Spring test ApplicationContext cache statistics: [DefaultContextCache@4675f5b0 size = 1, maxSize = 32, parentContextCount = 0, hitCount = 226, missCount = 1]
18:00:10.219 [main] DEBUG org.springframework.test.context.cache.DefaultCacheAwareContextLoaderDelegate - Retrieved ApplicationContext [1050971191] from cache with key [[MergedContextConfiguration@1389e498 testClass = ConfigurationBusiness_CoreSpringServerIT, locations = '{}', classes = '{class fr.insalyon.creatis.vip.core.server.SpringCoreConfig}', contextInitializerClasses = '[]', activeProfiles = '{test-db, test}', propertySourceLocations = '{}', propertySourceProperties = '{db.tableEngine=}', contextCustomizers = set[[empty]], contextLoader = 'org.springframework.test.context.support.DelegatingSmartContextLoader', parent = [null]]]
18:00:10.219 [main] DEBUG org.springframework.test.context.cache - Spring test ApplicationContext cache statistics: [DefaultContextCache@4675f5b0 size = 1, maxSize = 32, parentContextCount = 0, hitCount = 227, missCount = 1]
18:00:10.219 [main] DEBUG org.springframework.test.context.cache.DefaultCacheAwareContextLoaderDelegate - Retrieved ApplicationContext [1050971191] from cache with key [[MergedContextConfiguration@1389e498 testClass = ConfigurationBusiness_CoreSpringServerIT, locations = '{}', classes = '{class fr.insalyon.creatis.vip.core.server.SpringCoreConfig}', contextInitializerClasses = '[]', activeProfiles = '{test-db, test}', propertySourceLocations = '{}', propertySourceProperties = '{db.tableEngine=}', contextCustomizers = set[[empty]], contextLoader = 'org.springframework.test.context.support.DelegatingSmartContextLoader', parent = [null]]]
18:00:10.219 [main] DEBUG org.springframework.test.context.cache - Spring test ApplicationContext cache statistics: [DefaultContextCache@4675f5b0 size = 1, maxSize = 32, parentContextCount = 0, hitCount = 228, missCount = 1]
18:00:10.219 [main] DEBUG org.springframework.jdbc.datasource.DataSourceTransactionManager - Initiating transaction rollback
18:00:10.219 [main] DEBUG org.springframework.jdbc.datasource.DataSourceTransactionManager - Rolling back JDBC transaction on Connection [conn46: url=jdbc:h2:mem:fec2b152-de2f-4c07-a3e1-df691c7daf9d user=SA]
18:00:10.220 [main] DEBUG org.springframework.jdbc.datasource.DataSourceTransactionManager - Releasing JDBC Connection [conn46: url=jdbc:h2:mem:fec2b152-de2f-4c07-a3e1-df691c7daf9d user=SA] after transaction
18:00:10.220 [main] INFO org.springframework.test.context.transaction.TransactionContext - Rolled back transaction for test: [DefaultTestContext@18e20fa8 testClass = ConfigurationBusiness_CoreSpringServerIT, testInstance = ConfigurationBusiness_CoreSpringServerIT@333964e4, testMethod = testSetLastLogin@ConfigurationBusiness_CoreSpringServerIT, testException = [null], mergedContextConfiguration = [MergedContextConfiguration@1389e498 testClass = ConfigurationBusiness_CoreSpringServerIT, locations = '{}', classes = '{class fr.insalyon.creatis.vip.core.server.SpringCoreConfig}', contextInitializerClasses = '[]', activeProfiles = '{test-db, test}', propertySourceLocations = '{}', propertySourceProperties = '{db.tableEngine=}', contextCustomizers = set[[empty]], contextLoader = 'org.springframework.test.context.support.DelegatingSmartContextLoader', parent = [null]], attributes = map['org.springframework.test.context.event.ApplicationEventsTestExecutionListener.recordApplicationEvents' -> false]]
18:00:10.220 [main] DEBUG org.springframework.test.context.support.AbstractDirtiesContextTestExecutionListener - After test method: context [DefaultTestContext@18e20fa8 testClass = ConfigurationBusiness_CoreSpringServerIT, testInstance = ConfigurationBusiness_CoreSpringServerIT@333964e4, testMethod = testSetLastLogin@ConfigurationBusiness_CoreSpringServerIT, testException = [null], mergedContextConfiguration = [MergedContextConfiguration@1389e498 testClass = ConfigurationBusiness_CoreSpringServerIT, locations = '{}', classes = '{class fr.insalyon.creatis.vip.core.server.SpringCoreConfig}', contextInitializerClasses = '[]', activeProfiles = '{test-db, test}', propertySourceLocations = '{}', propertySourceProperties = '{db.tableEngine=}', contextCustomizers = set[[empty]], contextLoader = 'org.springframework.test.context.support.DelegatingSmartContextLoader', parent = [null]], attributes = map['org.springframework.test.context.event.ApplicationEventsTestExecutionListener.recordApplicationEvents' -> false]], class annotated with @DirtiesContext [false] with mode [null], method annotated with @DirtiesContext [false] with mode [null].
]]></system-out>
  </testcase>
  <testcase name="testRemoveUserFromGroup" classname="ConfigurationBusiness_CoreSpringServerIT" time="0.027">
    <system-out><![CDATA[18:00:10.230 [main] DEBUG org.springframework.test.context.support.DependencyInjectionTestExecutionListener - Performing dependency injection for test context [[DefaultTestContext@18e20fa8 testClass = ConfigurationBusiness_CoreSpringServerIT, testInstance = ConfigurationBusiness_CoreSpringServerIT@6a5fc8b, testMethod = [null], testException = [null], mergedContextConfiguration = [MergedContextConfiguration@1389e498 testClass = ConfigurationBusiness_CoreSpringServerIT, locations = '{}', classes = '{class fr.insalyon.creatis.vip.core.server.SpringCoreConfig}', contextInitializerClasses = '[]', activeProfiles = '{test-db, test}', propertySourceLocations = '{}', propertySourceProperties = '{db.tableEngine=}', contextCustomizers = set[[empty]], contextLoader = 'org.springframework.test.context.support.DelegatingSmartContextLoader', parent = [null]], attributes = map['org.springframework.test.context.event.ApplicationEventsTestExecutionListener.recordApplicationEvents' -> false]]].
18:00:10.230 [main] DEBUG org.springframework.test.context.cache.DefaultCacheAwareContextLoaderDelegate - Retrieved ApplicationContext [1050971191] from cache with key [[MergedContextConfiguration@1389e498 testClass = ConfigurationBusiness_CoreSpringServerIT, locations = '{}', classes = '{class fr.insalyon.creatis.vip.core.server.SpringCoreConfig}', contextInitializerClasses = '[]', activeProfiles = '{test-db, test}', propertySourceLocations = '{}', propertySourceProperties = '{db.tableEngine=}', contextCustomizers = set[[empty]], contextLoader = 'org.springframework.test.context.support.DelegatingSmartContextLoader', parent = [null]]]
18:00:10.230 [main] DEBUG org.springframework.test.context.cache - Spring test ApplicationContext cache statistics: [DefaultContextCache@4675f5b0 size = 1, maxSize = 32, parentContextCount = 0, hitCount = 229, missCount = 1]
18:00:10.231 [main] DEBUG org.springframework.test.context.cache.DefaultCacheAwareContextLoaderDelegate - Retrieved ApplicationContext [1050971191] from cache with key [[MergedContextConfiguration@1389e498 testClass = ConfigurationBusiness_CoreSpringServerIT, locations = '{}', classes = '{class fr.insalyon.creatis.vip.core.server.SpringCoreConfig}', contextInitializerClasses = '[]', activeProfiles = '{test-db, test}', propertySourceLocations = '{}', propertySourceProperties = '{db.tableEngine=}', contextCustomizers = set[[empty]], contextLoader = 'org.springframework.test.context.support.DelegatingSmartContextLoader', parent = [null]]]
18:00:10.231 [main] DEBUG org.springframework.test.context.cache - Spring test ApplicationContext cache statistics: [DefaultContextCache@4675f5b0 size = 1, maxSize = 32, parentContextCount = 0, hitCount = 230, missCount = 1]
18:00:10.232 [main] DEBUG org.springframework.test.context.support.AbstractDirtiesContextTestExecutionListener - Before test method: context [DefaultTestContext@18e20fa8 testClass = ConfigurationBusiness_CoreSpringServerIT, testInstance = ConfigurationBusiness_CoreSpringServerIT@6a5fc8b, testMethod = testRemoveUserFromGroup@ConfigurationBusiness_CoreSpringServerIT, testException = [null], mergedContextConfiguration = [MergedContextConfiguration@1389e498 testClass = ConfigurationBusiness_CoreSpringServerIT, locations = '{}', classes = '{class fr.insalyon.creatis.vip.core.server.SpringCoreConfig}', contextInitializerClasses = '[]', activeProfiles = '{test-db, test}', propertySourceLocations = '{}', propertySourceProperties = '{db.tableEngine=}', contextCustomizers = set[[empty]], contextLoader = 'org.springframework.test.context.support.DelegatingSmartContextLoader', parent = [null]], attributes = map['org.springframework.test.context.event.ApplicationEventsTestExecutionListener.recordApplicationEvents' -> false]], class annotated with @DirtiesContext [false] with mode [null], method annotated with @DirtiesContext [false] with mode [null].
18:00:10.232 [main] DEBUG org.springframework.test.context.transaction.TransactionalTestExecutionListener - Explicit transaction definition [PROPAGATION_REQUIRED,ISOLATION_DEFAULT] found for test context [DefaultTestContext@18e20fa8 testClass = ConfigurationBusiness_CoreSpringServerIT, testInstance = ConfigurationBusiness_CoreSpringServerIT@6a5fc8b, testMethod = testRemoveUserFromGroup@ConfigurationBusiness_CoreSpringServerIT, testException = [null], mergedContextConfiguration = [MergedContextConfiguration@1389e498 testClass = ConfigurationBusiness_CoreSpringServerIT, locations = '{}', classes = '{class fr.insalyon.creatis.vip.core.server.SpringCoreConfig}', contextInitializerClasses = '[]', activeProfiles = '{test-db, test}', propertySourceLocations = '{}', propertySourceProperties = '{db.tableEngine=}', contextCustomizers = set[[empty]], contextLoader = 'org.springframework.test.context.support.DelegatingSmartContextLoader', parent = [null]], attributes = map['org.springframework.test.context.event.ApplicationEventsTestExecutionListener.recordApplicationEvents' -> false]]
18:00:10.232 [main] DEBUG org.springframework.test.context.cache.DefaultCacheAwareContextLoaderDelegate - Retrieved ApplicationContext [1050971191] from cache with key [[MergedContextConfiguration@1389e498 testClass = ConfigurationBusiness_CoreSpringServerIT, locations = '{}', classes = '{class fr.insalyon.creatis.vip.core.server.SpringCoreConfig}', contextInitializerClasses = '[]', activeProfiles = '{test-db, test}', propertySourceLocations = '{}', propertySourceProperties = '{db.tableEngine=}', contextCustomizers = set[[empty]], contextLoader = 'org.springframework.test.context.support.DelegatingSmartContextLoader', parent = [null]]]
18:00:10.233 [main] DEBUG org.springframework.test.context.cache - Spring test ApplicationContext cache statistics: [DefaultContextCache@4675f5b0 size = 1, maxSize = 32, parentContextCount = 0, hitCount = 231, missCount = 1]
18:00:10.233 [main] DEBUG org.springframework.test.context.transaction.TransactionalTestExecutionListener - No method-level @Rollback override: using default rollback [true] for test context [DefaultTestContext@18e20fa8 testClass = ConfigurationBusiness_CoreSpringServerIT, testInstance = ConfigurationBusiness_CoreSpringServerIT@6a5fc8b, testMethod = testRemoveUserFromGroup@ConfigurationBusiness_CoreSpringServerIT, testException = [null], mergedContextConfiguration = [MergedContextConfiguration@1389e498 testClass = ConfigurationBusiness_CoreSpringServerIT, locations = '{}', classes = '{class fr.insalyon.creatis.vip.core.server.SpringCoreConfig}', contextInitializerClasses = '[]', activeProfiles = '{test-db, test}', propertySourceLocations = '{}', propertySourceProperties = '{db.tableEngine=}', contextCustomizers = set[[empty]], contextLoader = 'org.springframework.test.context.support.DelegatingSmartContextLoader', parent = [null]], attributes = map['org.springframework.test.context.event.ApplicationEventsTestExecutionListener.recordApplicationEvents' -> false]].
18:00:10.233 [main] DEBUG org.springframework.jdbc.datasource.DataSourceTransactionManager - Creating new transaction with name [ConfigurationBusiness_CoreSpringServerIT.testRemoveUserFromGroup]: PROPAGATION_REQUIRED,ISOLATION_DEFAULT
18:00:10.233 [main] DEBUG org.springframework.jdbc.datasource.DataSourceTransactionManager - Acquired Connection [Lazy Connection proxy for target DataSource [org.springframework.jdbc.datasource.embedded.EmbeddedDatabaseFactory$EmbeddedDataSourceProxy@5764c072]] for JDBC transaction
18:00:10.234 [main] DEBUG org.springframework.jdbc.datasource.DataSourceTransactionManager - Switching JDBC Connection [Lazy Connection proxy for target DataSource [org.springframework.jdbc.datasource.embedded.EmbeddedDatabaseFactory$EmbeddedDataSourceProxy@5764c072]] to manual commit
18:00:10.234 [main] INFO org.springframework.test.context.transaction.TransactionContext - Began transaction (1) for test context [DefaultTestContext@18e20fa8 testClass = ConfigurationBusiness_CoreSpringServerIT, testInstance = ConfigurationBusiness_CoreSpringServerIT@6a5fc8b, testMethod = testRemoveUserFromGroup@ConfigurationBusiness_CoreSpringServerIT, testException = [null], mergedContextConfiguration = [MergedContextConfiguration@1389e498 testClass = ConfigurationBusiness_CoreSpringServerIT, locations = '{}', classes = '{class fr.insalyon.creatis.vip.core.server.SpringCoreConfig}', contextInitializerClasses = '[]', activeProfiles = '{test-db, test}', propertySourceLocations = '{}', propertySourceProperties = '{db.tableEngine=}', contextCustomizers = set[[empty]], contextLoader = 'org.springframework.test.context.support.DelegatingSmartContextLoader', parent = [null]], attributes = map['org.springframework.test.context.event.ApplicationEventsTestExecutionListener.recordApplicationEvents' -> false]]; transaction manager [org.springframework.jdbc.datasource.DataSourceTransactionManager@178b2df1]; rollback [true]
18:00:10.234 [main] DEBUG org.springframework.test.context.cache.DefaultCacheAwareContextLoaderDelegate - Retrieved ApplicationContext [1050971191] from cache with key [[MergedContextConfiguration@1389e498 testClass = ConfigurationBusiness_CoreSpringServerIT, locations = '{}', classes = '{class fr.insalyon.creatis.vip.core.server.SpringCoreConfig}', contextInitializerClasses = '[]', activeProfiles = '{test-db, test}', propertySourceLocations = '{}', propertySourceProperties = '{db.tableEngine=}', contextCustomizers = set[[empty]], contextLoader = 'org.springframework.test.context.support.DelegatingSmartContextLoader', parent = [null]]]
18:00:10.234 [main] DEBUG org.springframework.test.context.cache - Spring test ApplicationContext cache statistics: [DefaultContextCache@4675f5b0 size = 1, maxSize = 32, parentContextCount = 0, hitCount = 232, missCount = 1]
18:00:10.235 [main] DEBUG org.springframework.jdbc.datasource.DataSourceTransactionManager - Participating in existing transaction
18:00:10.236 [main] DEBUG org.springframework.jdbc.datasource.DataSourceTransactionManager - Participating in existing transaction
18:00:10.236 [main] DEBUG org.springframework.jdbc.datasource.SimpleDriverDataSource - Creating new JDBC Driver Connection to [jdbc:h2:mem:fec2b152-de2f-4c07-a3e1-df691c7daf9d;DB_CLOSE_DELAY=-1;DB_CLOSE_ON_EXIT=false]
18:00:10.237 [main] DEBUG org.springframework.jdbc.datasource.DataSourceTransactionManager - Participating in existing transaction
18:00:10.237 [main] DEBUG org.springframework.jdbc.datasource.DataSourceTransactionManager - Participating in existing transaction
18:00:10.237 [main] DEBUG org.springframework.jdbc.datasource.DataSourceTransactionManager - Participating in existing transaction
18:00:10.237 [main] DEBUG org.springframework.jdbc.datasource.DataSourceTransactionManager - Participating in existing transaction
18:00:10.237 [main] DEBUG org.springframework.jdbc.datasource.DataSourceTransactionManager - Participating in existing transaction
User = test1@test.fr
18:00:10.237 [main] INFO fr.insalyon.creatis.vip.core.server.business.ConfigurationBusiness - verifying test1@test.fr. List of undesired mail domains: . 
18:00:10.238 [main] INFO fr.insalyon.creatis.vip.core.server.business.ConfigurationBusiness - Signing up . List of undesired countries: .
18:00:10.238 [main] DEBUG org.springframework.jdbc.datasource.DataSourceTransactionManager - Participating in existing transaction
18:00:10.238 [main] DEBUG org.springframework.jdbc.datasource.DataSourceTransactionManager - Participating in existing transaction
18:00:10.238 [main] INFO fr.insalyon.creatis.vip.core.server.business.ConfigurationBusiness - Sending confirmation email to 'test1@test.fr'.
18:00:10.238 [main] DEBUG org.springframework.jdbc.datasource.DataSourceTransactionManager - Participating in existing transaction
18:00:10.239 [main] DEBUG org.springframework.jdbc.datasource.DataSourceTransactionManager - Participating in existing transaction
18:00:10.239 [main] DEBUG org.springframework.jdbc.datasource.DataSourceTransactionManager - Participating in existing transaction
18:00:10.239 [main] DEBUG org.springframework.jdbc.datasource.DataSourceTransactionManager - Participating in existing transaction
User = test2@test.fr
18:00:10.239 [main] INFO fr.insalyon.creatis.vip.core.server.business.ConfigurationBusiness - verifying test2@test.fr. List of undesired mail domains: . 
18:00:10.239 [main] INFO fr.insalyon.creatis.vip.core.server.business.ConfigurationBusiness - Signing up . List of undesired countries: .
18:00:10.240 [main] DEBUG org.springframework.jdbc.datasource.DataSourceTransactionManager - Participating in existing transaction
18:00:10.240 [main] DEBUG org.springframework.jdbc.datasource.DataSourceTransactionManager - Participating in existing transaction
18:00:10.241 [main] INFO fr.insalyon.creatis.vip.core.server.business.ConfigurationBusiness - Sending confirmation email to 'test2@test.fr'.
18:00:10.241 [main] DEBUG org.springframework.jdbc.datasource.DataSourceTransactionManager - Participating in existing transaction
18:00:10.243 [main] DEBUG org.springframework.jdbc.datasource.DataSourceTransactionManager - Participating in existing transaction
18:00:10.243 [main] DEBUG org.springframework.jdbc.datasource.DataSourceTransactionManager - Participating in existing transaction
18:00:10.243 [main] DEBUG org.springframework.jdbc.datasource.DataSourceTransactionManager - Participating in existing transaction
User = test3@test.fr
18:00:10.243 [main] INFO fr.insalyon.creatis.vip.core.server.business.ConfigurationBusiness - verifying test3@test.fr. List of undesired mail domains: . 
18:00:10.243 [main] INFO fr.insalyon.creatis.vip.core.server.business.ConfigurationBusiness - Signing up . List of undesired countries: .
18:00:10.243 [main] DEBUG org.springframework.jdbc.datasource.DataSourceTransactionManager - Participating in existing transaction
18:00:10.244 [main] DEBUG org.springframework.jdbc.datasource.DataSourceTransactionManager - Participating in existing transaction
18:00:10.245 [main] INFO fr.insalyon.creatis.vip.core.server.business.ConfigurationBusiness - Sending confirmation email to 'test3@test.fr'.
18:00:10.246 [main] DEBUG org.springframework.jdbc.datasource.DataSourceTransactionManager - Participating in existing transaction
18:00:10.246 [main] DEBUG org.springframework.jdbc.datasource.DataSourceTransactionManager - Participating in existing transaction
18:00:10.246 [main] DEBUG org.springframework.jdbc.datasource.DataSourceTransactionManager - Participating in existing transaction
18:00:10.246 [main] DEBUG org.springframework.jdbc.datasource.DataSourceTransactionManager - Participating in existing transaction
User = test4@test.fr
18:00:10.246 [main] INFO fr.insalyon.creatis.vip.core.server.business.ConfigurationBusiness - verifying test4@test.fr. List of undesired mail domains: . 
18:00:10.246 [main] INFO fr.insalyon.creatis.vip.core.server.business.ConfigurationBusiness - Signing up . List of undesired countries: .
18:00:10.247 [main] DEBUG org.springframework.jdbc.datasource.DataSourceTransactionManager - Participating in existing transaction
18:00:10.247 [main] DEBUG org.springframework.jdbc.datasource.DataSourceTransactionManager - Participating in existing transaction
18:00:10.247 [main] INFO fr.insalyon.creatis.vip.core.server.business.ConfigurationBusiness - Sending confirmation email to 'test4@test.fr'.
18:00:10.247 [main] DEBUG org.springframework.jdbc.datasource.DataSourceTransactionManager - Participating in existing transaction
18:00:10.247 [main] DEBUG org.springframework.jdbc.datasource.DataSourceTransactionManager - Participating in existing transaction
18:00:10.247 [main] DEBUG org.springframework.jdbc.datasource.DataSourceTransactionManager - Participating in existing transaction
18:00:10.248 [main] DEBUG org.springframework.jdbc.datasource.DataSourceTransactionManager - Participating in existing transaction
18:00:10.248 [main] DEBUG org.springframework.jdbc.datasource.DataSourceTransactionManager - Participating in existing transaction
18:00:10.248 [main] DEBUG org.springframework.jdbc.datasource.DataSourceTransactionManager - Participating in existing transaction
18:00:10.248 [main] DEBUG org.springframework.jdbc.datasource.DataSourceTransactionManager - Participating in existing transaction
18:00:10.248 [main] DEBUG org.springframework.jdbc.datasource.DataSourceTransactionManager - Participating in existing transaction
18:00:10.248 [main] DEBUG org.springframework.jdbc.datasource.DataSourceTransactionManager - Participating in existing transaction
18:00:10.248 [main] DEBUG org.springframework.jdbc.datasource.DataSourceTransactionManager - Participating in existing transaction
18:00:10.248 [main] DEBUG org.springframework.jdbc.datasource.DataSourceTransactionManager - Participating in existing transaction
18:00:10.248 [main] DEBUG org.springframework.jdbc.datasource.DataSourceTransactionManager - Participating in existing transaction
User = email5@test.fr
18:00:10.248 [main] INFO fr.insalyon.creatis.vip.core.server.business.ConfigurationBusiness - verifying email5@test.fr. List of undesired mail domains: . 
18:00:10.249 [main] INFO fr.insalyon.creatis.vip.core.server.business.ConfigurationBusiness - Signing up . List of undesired countries: .
18:00:10.249 [main] DEBUG org.springframework.jdbc.datasource.DataSourceTransactionManager - Participating in existing transaction
18:00:10.249 [main] DEBUG org.springframework.jdbc.datasource.DataSourceTransactionManager - Participating in existing transaction
18:00:10.249 [main] INFO fr.insalyon.creatis.vip.core.server.business.ConfigurationBusiness - Sending confirmation email to 'email5@test.fr'.
18:00:10.250 [main] DEBUG org.springframework.jdbc.datasource.DataSourceTransactionManager - Participating in existing transaction
18:00:10.250 [main] DEBUG org.springframework.test.context.cache.DefaultCacheAwareContextLoaderDelegate - Retrieved ApplicationContext [1050971191] from cache with key [[MergedContextConfiguration@1389e498 testClass = ConfigurationBusiness_CoreSpringServerIT, locations = '{}', classes = '{class fr.insalyon.creatis.vip.core.server.SpringCoreConfig}', contextInitializerClasses = '[]', activeProfiles = '{test-db, test}', propertySourceLocations = '{}', propertySourceProperties = '{db.tableEngine=}', contextCustomizers = set[[empty]], contextLoader = 'org.springframework.test.context.support.DelegatingSmartContextLoader', parent = [null]]]
18:00:10.250 [main] DEBUG org.springframework.test.context.cache - Spring test ApplicationContext cache statistics: [DefaultContextCache@4675f5b0 size = 1, maxSize = 32, parentContextCount = 0, hitCount = 233, missCount = 1]
18:00:10.251 [main] DEBUG org.springframework.jdbc.datasource.DataSourceTransactionManager - Participating in existing transaction
18:00:10.251 [main] DEBUG org.springframework.jdbc.datasource.DataSourceTransactionManager - Participating in existing transaction
18:00:10.251 [main] DEBUG org.springframework.jdbc.datasource.DataSourceTransactionManager - Participating in existing transaction
18:00:10.256 [main] DEBUG org.springframework.jdbc.datasource.DataSourceTransactionManager - Participating in existing transaction
18:00:10.256 [main] DEBUG org.springframework.jdbc.datasource.DataSourceTransactionManager - Participating in existing transaction
18:00:10.257 [main] DEBUG org.springframework.test.context.cache.DefaultCacheAwareContextLoaderDelegate - Retrieved ApplicationContext [1050971191] from cache with key [[MergedContextConfiguration@1389e498 testClass = ConfigurationBusiness_CoreSpringServerIT, locations = '{}', classes = '{class fr.insalyon.creatis.vip.core.server.SpringCoreConfig}', contextInitializerClasses = '[]', activeProfiles = '{test-db, test}', propertySourceLocations = '{}', propertySourceProperties = '{db.tableEngine=}', contextCustomizers = set[[empty]], contextLoader = 'org.springframework.test.context.support.DelegatingSmartContextLoader', parent = [null]]]
18:00:10.257 [main] DEBUG org.springframework.test.context.cache - Spring test ApplicationContext cache statistics: [DefaultContextCache@4675f5b0 size = 1, maxSize = 32, parentContextCount = 0, hitCount = 234, missCount = 1]
18:00:10.257 [main] DEBUG org.springframework.test.context.cache.DefaultCacheAwareContextLoaderDelegate - Retrieved ApplicationContext [1050971191] from cache with key [[MergedContextConfiguration@1389e498 testClass = ConfigurationBusiness_CoreSpringServerIT, locations = '{}', classes = '{class fr.insalyon.creatis.vip.core.server.SpringCoreConfig}', contextInitializerClasses = '[]', activeProfiles = '{test-db, test}', propertySourceLocations = '{}', propertySourceProperties = '{db.tableEngine=}', contextCustomizers = set[[empty]], contextLoader = 'org.springframework.test.context.support.DelegatingSmartContextLoader', parent = [null]]]
18:00:10.257 [main] DEBUG org.springframework.test.context.cache - Spring test ApplicationContext cache statistics: [DefaultContextCache@4675f5b0 size = 1, maxSize = 32, parentContextCount = 0, hitCount = 235, missCount = 1]
18:00:10.257 [main] DEBUG org.springframework.jdbc.datasource.DataSourceTransactionManager - Initiating transaction rollback
18:00:10.257 [main] DEBUG org.springframework.jdbc.datasource.DataSourceTransactionManager - Rolling back JDBC transaction on Connection [conn47: url=jdbc:h2:mem:fec2b152-de2f-4c07-a3e1-df691c7daf9d user=SA]
18:00:10.257 [main] DEBUG org.springframework.jdbc.datasource.DataSourceTransactionManager - Releasing JDBC Connection [conn47: url=jdbc:h2:mem:fec2b152-de2f-4c07-a3e1-df691c7daf9d user=SA] after transaction
18:00:10.258 [main] INFO org.springframework.test.context.transaction.TransactionContext - Rolled back transaction for test: [DefaultTestContext@18e20fa8 testClass = ConfigurationBusiness_CoreSpringServerIT, testInstance = ConfigurationBusiness_CoreSpringServerIT@6a5fc8b, testMethod = testRemoveUserFromGroup@ConfigurationBusiness_CoreSpringServerIT, testException = [null], mergedContextConfiguration = [MergedContextConfiguration@1389e498 testClass = ConfigurationBusiness_CoreSpringServerIT, locations = '{}', classes = '{class fr.insalyon.creatis.vip.core.server.SpringCoreConfig}', contextInitializerClasses = '[]', activeProfiles = '{test-db, test}', propertySourceLocations = '{}', propertySourceProperties = '{db.tableEngine=}', contextCustomizers = set[[empty]], contextLoader = 'org.springframework.test.context.support.DelegatingSmartContextLoader', parent = [null]], attributes = map['org.springframework.test.context.event.ApplicationEventsTestExecutionListener.recordApplicationEvents' -> false]]
18:00:10.258 [main] DEBUG org.springframework.test.context.support.AbstractDirtiesContextTestExecutionListener - After test method: context [DefaultTestContext@18e20fa8 testClass = ConfigurationBusiness_CoreSpringServerIT, testInstance = ConfigurationBusiness_CoreSpringServerIT@6a5fc8b, testMethod = testRemoveUserFromGroup@ConfigurationBusiness_CoreSpringServerIT, testException = [null], mergedContextConfiguration = [MergedContextConfiguration@1389e498 testClass = ConfigurationBusiness_CoreSpringServerIT, locations = '{}', classes = '{class fr.insalyon.creatis.vip.core.server.SpringCoreConfig}', contextInitializerClasses = '[]', activeProfiles = '{test-db, test}', propertySourceLocations = '{}', propertySourceProperties = '{db.tableEngine=}', contextCustomizers = set[[empty]], contextLoader = 'org.springframework.test.context.support.DelegatingSmartContextLoader', parent = [null]], attributes = map['org.springframework.test.context.event.ApplicationEventsTestExecutionListener.recordApplicationEvents' -> false]], class annotated with @DirtiesContext [false] with mode [null], method annotated with @DirtiesContext [false] with mode [null].
]]></system-out>
  </testcase>
  <testcase name="testCatchExistingEmailCreateUser" classname="ConfigurationBusiness_CoreSpringServerIT" time="0.021">
    <system-out><![CDATA[18:00:10.265 [main] DEBUG org.springframework.test.context.support.DependencyInjectionTestExecutionListener - Performing dependency injection for test context [[DefaultTestContext@18e20fa8 testClass = ConfigurationBusiness_CoreSpringServerIT, testInstance = ConfigurationBusiness_CoreSpringServerIT@21ba22e8, testMethod = [null], testException = [null], mergedContextConfiguration = [MergedContextConfiguration@1389e498 testClass = ConfigurationBusiness_CoreSpringServerIT, locations = '{}', classes = '{class fr.insalyon.creatis.vip.core.server.SpringCoreConfig}', contextInitializerClasses = '[]', activeProfiles = '{test-db, test}', propertySourceLocations = '{}', propertySourceProperties = '{db.tableEngine=}', contextCustomizers = set[[empty]], contextLoader = 'org.springframework.test.context.support.DelegatingSmartContextLoader', parent = [null]], attributes = map['org.springframework.test.context.event.ApplicationEventsTestExecutionListener.recordApplicationEvents' -> false]]].
18:00:10.265 [main] DEBUG org.springframework.test.context.cache.DefaultCacheAwareContextLoaderDelegate - Retrieved ApplicationContext [1050971191] from cache with key [[MergedContextConfiguration@1389e498 testClass = ConfigurationBusiness_CoreSpringServerIT, locations = '{}', classes = '{class fr.insalyon.creatis.vip.core.server.SpringCoreConfig}', contextInitializerClasses = '[]', activeProfiles = '{test-db, test}', propertySourceLocations = '{}', propertySourceProperties = '{db.tableEngine=}', contextCustomizers = set[[empty]], contextLoader = 'org.springframework.test.context.support.DelegatingSmartContextLoader', parent = [null]]]
18:00:10.265 [main] DEBUG org.springframework.test.context.cache - Spring test ApplicationContext cache statistics: [DefaultContextCache@4675f5b0 size = 1, maxSize = 32, parentContextCount = 0, hitCount = 236, missCount = 1]
18:00:10.265 [main] DEBUG org.springframework.test.context.cache.DefaultCacheAwareContextLoaderDelegate - Retrieved ApplicationContext [1050971191] from cache with key [[MergedContextConfiguration@1389e498 testClass = ConfigurationBusiness_CoreSpringServerIT, locations = '{}', classes = '{class fr.insalyon.creatis.vip.core.server.SpringCoreConfig}', contextInitializerClasses = '[]', activeProfiles = '{test-db, test}', propertySourceLocations = '{}', propertySourceProperties = '{db.tableEngine=}', contextCustomizers = set[[empty]], contextLoader = 'org.springframework.test.context.support.DelegatingSmartContextLoader', parent = [null]]]
18:00:10.265 [main] DEBUG org.springframework.test.context.cache - Spring test ApplicationContext cache statistics: [DefaultContextCache@4675f5b0 size = 1, maxSize = 32, parentContextCount = 0, hitCount = 237, missCount = 1]
18:00:10.266 [main] DEBUG org.springframework.test.context.support.AbstractDirtiesContextTestExecutionListener - Before test method: context [DefaultTestContext@18e20fa8 testClass = ConfigurationBusiness_CoreSpringServerIT, testInstance = ConfigurationBusiness_CoreSpringServerIT@21ba22e8, testMethod = testCatchExistingEmailCreateUser@ConfigurationBusiness_CoreSpringServerIT, testException = [null], mergedContextConfiguration = [MergedContextConfiguration@1389e498 testClass = ConfigurationBusiness_CoreSpringServerIT, locations = '{}', classes = '{class fr.insalyon.creatis.vip.core.server.SpringCoreConfig}', contextInitializerClasses = '[]', activeProfiles = '{test-db, test}', propertySourceLocations = '{}', propertySourceProperties = '{db.tableEngine=}', contextCustomizers = set[[empty]], contextLoader = 'org.springframework.test.context.support.DelegatingSmartContextLoader', parent = [null]], attributes = map['org.springframework.test.context.event.ApplicationEventsTestExecutionListener.recordApplicationEvents' -> false]], class annotated with @DirtiesContext [false] with mode [null], method annotated with @DirtiesContext [false] with mode [null].
18:00:10.266 [main] DEBUG org.springframework.test.context.transaction.TransactionalTestExecutionListener - Explicit transaction definition [PROPAGATION_REQUIRED,ISOLATION_DEFAULT] found for test context [DefaultTestContext@18e20fa8 testClass = ConfigurationBusiness_CoreSpringServerIT, testInstance = ConfigurationBusiness_CoreSpringServerIT@21ba22e8, testMethod = testCatchExistingEmailCreateUser@ConfigurationBusiness_CoreSpringServerIT, testException = [null], mergedContextConfiguration = [MergedContextConfiguration@1389e498 testClass = ConfigurationBusiness_CoreSpringServerIT, locations = '{}', classes = '{class fr.insalyon.creatis.vip.core.server.SpringCoreConfig}', contextInitializerClasses = '[]', activeProfiles = '{test-db, test}', propertySourceLocations = '{}', propertySourceProperties = '{db.tableEngine=}', contextCustomizers = set[[empty]], contextLoader = 'org.springframework.test.context.support.DelegatingSmartContextLoader', parent = [null]], attributes = map['org.springframework.test.context.event.ApplicationEventsTestExecutionListener.recordApplicationEvents' -> false]]
18:00:10.267 [main] DEBUG org.springframework.test.context.cache.DefaultCacheAwareContextLoaderDelegate - Retrieved ApplicationContext [1050971191] from cache with key [[MergedContextConfiguration@1389e498 testClass = ConfigurationBusiness_CoreSpringServerIT, locations = '{}', classes = '{class fr.insalyon.creatis.vip.core.server.SpringCoreConfig}', contextInitializerClasses = '[]', activeProfiles = '{test-db, test}', propertySourceLocations = '{}', propertySourceProperties = '{db.tableEngine=}', contextCustomizers = set[[empty]], contextLoader = 'org.springframework.test.context.support.DelegatingSmartContextLoader', parent = [null]]]
18:00:10.267 [main] DEBUG org.springframework.test.context.cache - Spring test ApplicationContext cache statistics: [DefaultContextCache@4675f5b0 size = 1, maxSize = 32, parentContextCount = 0, hitCount = 238, missCount = 1]
18:00:10.267 [main] DEBUG org.springframework.test.context.transaction.TransactionalTestExecutionListener - No method-level @Rollback override: using default rollback [true] for test context [DefaultTestContext@18e20fa8 testClass = ConfigurationBusiness_CoreSpringServerIT, testInstance = ConfigurationBusiness_CoreSpringServerIT@21ba22e8, testMethod = testCatchExistingEmailCreateUser@ConfigurationBusiness_CoreSpringServerIT, testException = [null], mergedContextConfiguration = [MergedContextConfiguration@1389e498 testClass = ConfigurationBusiness_CoreSpringServerIT, locations = '{}', classes = '{class fr.insalyon.creatis.vip.core.server.SpringCoreConfig}', contextInitializerClasses = '[]', activeProfiles = '{test-db, test}', propertySourceLocations = '{}', propertySourceProperties = '{db.tableEngine=}', contextCustomizers = set[[empty]], contextLoader = 'org.springframework.test.context.support.DelegatingSmartContextLoader', parent = [null]], attributes = map['org.springframework.test.context.event.ApplicationEventsTestExecutionListener.recordApplicationEvents' -> false]].
18:00:10.267 [main] DEBUG org.springframework.jdbc.datasource.DataSourceTransactionManager - Creating new transaction with name [ConfigurationBusiness_CoreSpringServerIT.testCatchExistingEmailCreateUser]: PROPAGATION_REQUIRED,ISOLATION_DEFAULT
18:00:10.267 [main] DEBUG org.springframework.jdbc.datasource.DataSourceTransactionManager - Acquired Connection [Lazy Connection proxy for target DataSource [org.springframework.jdbc.datasource.embedded.EmbeddedDatabaseFactory$EmbeddedDataSourceProxy@5764c072]] for JDBC transaction
18:00:10.268 [main] DEBUG org.springframework.jdbc.datasource.DataSourceTransactionManager - Switching JDBC Connection [Lazy Connection proxy for target DataSource [org.springframework.jdbc.datasource.embedded.EmbeddedDatabaseFactory$EmbeddedDataSourceProxy@5764c072]] to manual commit
18:00:10.268 [main] INFO org.springframework.test.context.transaction.TransactionContext - Began transaction (1) for test context [DefaultTestContext@18e20fa8 testClass = ConfigurationBusiness_CoreSpringServerIT, testInstance = ConfigurationBusiness_CoreSpringServerIT@21ba22e8, testMethod = testCatchExistingEmailCreateUser@ConfigurationBusiness_CoreSpringServerIT, testException = [null], mergedContextConfiguration = [MergedContextConfiguration@1389e498 testClass = ConfigurationBusiness_CoreSpringServerIT, locations = '{}', classes = '{class fr.insalyon.creatis.vip.core.server.SpringCoreConfig}', contextInitializerClasses = '[]', activeProfiles = '{test-db, test}', propertySourceLocations = '{}', propertySourceProperties = '{db.tableEngine=}', contextCustomizers = set[[empty]], contextLoader = 'org.springframework.test.context.support.DelegatingSmartContextLoader', parent = [null]], attributes = map['org.springframework.test.context.event.ApplicationEventsTestExecutionListener.recordApplicationEvents' -> false]]; transaction manager [org.springframework.jdbc.datasource.DataSourceTransactionManager@178b2df1]; rollback [true]
18:00:10.268 [main] DEBUG org.springframework.test.context.cache.DefaultCacheAwareContextLoaderDelegate - Retrieved ApplicationContext [1050971191] from cache with key [[MergedContextConfiguration@1389e498 testClass = ConfigurationBusiness_CoreSpringServerIT, locations = '{}', classes = '{class fr.insalyon.creatis.vip.core.server.SpringCoreConfig}', contextInitializerClasses = '[]', activeProfiles = '{test-db, test}', propertySourceLocations = '{}', propertySourceProperties = '{db.tableEngine=}', contextCustomizers = set[[empty]], contextLoader = 'org.springframework.test.context.support.DelegatingSmartContextLoader', parent = [null]]]
18:00:10.268 [main] DEBUG org.springframework.test.context.cache - Spring test ApplicationContext cache statistics: [DefaultContextCache@4675f5b0 size = 1, maxSize = 32, parentContextCount = 0, hitCount = 239, missCount = 1]
18:00:10.271 [main] DEBUG org.springframework.jdbc.datasource.DataSourceTransactionManager - Participating in existing transaction
18:00:10.271 [main] DEBUG org.springframework.jdbc.datasource.DataSourceTransactionManager - Participating in existing transaction
18:00:10.271 [main] DEBUG org.springframework.jdbc.datasource.SimpleDriverDataSource - Creating new JDBC Driver Connection to [jdbc:h2:mem:fec2b152-de2f-4c07-a3e1-df691c7daf9d;DB_CLOSE_DELAY=-1;DB_CLOSE_ON_EXIT=false]
18:00:10.272 [main] DEBUG org.springframework.jdbc.datasource.DataSourceTransactionManager - Participating in existing transaction
18:00:10.272 [main] DEBUG org.springframework.jdbc.datasource.DataSourceTransactionManager - Participating in existing transaction
18:00:10.272 [main] DEBUG org.springframework.jdbc.datasource.DataSourceTransactionManager - Participating in existing transaction
18:00:10.272 [main] DEBUG org.springframework.jdbc.datasource.DataSourceTransactionManager - Participating in existing transaction
18:00:10.273 [main] DEBUG org.springframework.jdbc.datasource.DataSourceTransactionManager - Participating in existing transaction
User = test1@test.fr
18:00:10.273 [main] INFO fr.insalyon.creatis.vip.core.server.business.ConfigurationBusiness - verifying test1@test.fr. List of undesired mail domains: . 
18:00:10.273 [main] INFO fr.insalyon.creatis.vip.core.server.business.ConfigurationBusiness - Signing up . List of undesired countries: .
18:00:10.273 [main] DEBUG org.springframework.jdbc.datasource.DataSourceTransactionManager - Participating in existing transaction
18:00:10.273 [main] DEBUG org.springframework.jdbc.datasource.DataSourceTransactionManager - Participating in existing transaction
18:00:10.274 [main] INFO fr.insalyon.creatis.vip.core.server.business.ConfigurationBusiness - Sending confirmation email to 'test1@test.fr'.
18:00:10.274 [main] DEBUG org.springframework.jdbc.datasource.DataSourceTransactionManager - Participating in existing transaction
18:00:10.275 [main] DEBUG org.springframework.jdbc.datasource.DataSourceTransactionManager - Participating in existing transaction
18:00:10.275 [main] DEBUG org.springframework.jdbc.datasource.DataSourceTransactionManager - Participating in existing transaction
18:00:10.275 [main] DEBUG org.springframework.jdbc.datasource.DataSourceTransactionManager - Participating in existing transaction
User = test2@test.fr
18:00:10.275 [main] INFO fr.insalyon.creatis.vip.core.server.business.ConfigurationBusiness - verifying test2@test.fr. List of undesired mail domains: . 
18:00:10.275 [main] INFO fr.insalyon.creatis.vip.core.server.business.ConfigurationBusiness - Signing up . List of undesired countries: .
18:00:10.276 [main] DEBUG org.springframework.jdbc.datasource.DataSourceTransactionManager - Participating in existing transaction
18:00:10.276 [main] DEBUG org.springframework.jdbc.datasource.DataSourceTransactionManager - Participating in existing transaction
18:00:10.276 [main] INFO fr.insalyon.creatis.vip.core.server.business.ConfigurationBusiness - Sending confirmation email to 'test2@test.fr'.
18:00:10.276 [main] DEBUG org.springframework.jdbc.datasource.DataSourceTransactionManager - Participating in existing transaction
18:00:10.276 [main] DEBUG org.springframework.jdbc.datasource.DataSourceTransactionManager - Participating in existing transaction
18:00:10.276 [main] DEBUG org.springframework.jdbc.datasource.DataSourceTransactionManager - Participating in existing transaction
18:00:10.277 [main] DEBUG org.springframework.jdbc.datasource.DataSourceTransactionManager - Participating in existing transaction
User = test3@test.fr
18:00:10.277 [main] INFO fr.insalyon.creatis.vip.core.server.business.ConfigurationBusiness - verifying test3@test.fr. List of undesired mail domains: . 
18:00:10.277 [main] INFO fr.insalyon.creatis.vip.core.server.business.ConfigurationBusiness - Signing up . List of undesired countries: .
18:00:10.277 [main] DEBUG org.springframework.jdbc.datasource.DataSourceTransactionManager - Participating in existing transaction
18:00:10.277 [main] DEBUG org.springframework.jdbc.datasource.DataSourceTransactionManager - Participating in existing transaction
18:00:10.277 [main] INFO fr.insalyon.creatis.vip.core.server.business.ConfigurationBusiness - Sending confirmation email to 'test3@test.fr'.
18:00:10.277 [main] DEBUG org.springframework.jdbc.datasource.DataSourceTransactionManager - Participating in existing transaction
18:00:10.279 [main] DEBUG org.springframework.jdbc.datasource.DataSourceTransactionManager - Participating in existing transaction
18:00:10.279 [main] DEBUG org.springframework.jdbc.datasource.DataSourceTransactionManager - Participating in existing transaction
18:00:10.279 [main] DEBUG org.springframework.jdbc.datasource.DataSourceTransactionManager - Participating in existing transaction
User = test4@test.fr
18:00:10.279 [main] INFO fr.insalyon.creatis.vip.core.server.business.ConfigurationBusiness - verifying test4@test.fr. List of undesired mail domains: . 
18:00:10.280 [main] INFO fr.insalyon.creatis.vip.core.server.business.ConfigurationBusiness - Signing up . List of undesired countries: .
18:00:10.280 [main] DEBUG org.springframework.jdbc.datasource.DataSourceTransactionManager - Participating in existing transaction
18:00:10.280 [main] DEBUG org.springframework.jdbc.datasource.DataSourceTransactionManager - Participating in existing transaction
18:00:10.280 [main] INFO fr.insalyon.creatis.vip.core.server.business.ConfigurationBusiness - Sending confirmation email to 'test4@test.fr'.
18:00:10.280 [main] DEBUG org.springframework.jdbc.datasource.DataSourceTransactionManager - Participating in existing transaction
18:00:10.281 [main] DEBUG org.springframework.jdbc.datasource.DataSourceTransactionManager - Participating in existing transaction
18:00:10.281 [main] DEBUG org.springframework.jdbc.datasource.DataSourceTransactionManager - Participating in existing transaction
18:00:10.281 [main] DEBUG org.springframework.jdbc.datasource.DataSourceTransactionManager - Participating in existing transaction
18:00:10.281 [main] DEBUG org.springframework.jdbc.datasource.DataSourceTransactionManager - Participating in existing transaction
18:00:10.281 [main] DEBUG org.springframework.jdbc.datasource.DataSourceTransactionManager - Participating in existing transaction
18:00:10.281 [main] DEBUG org.springframework.jdbc.datasource.DataSourceTransactionManager - Participating in existing transaction
18:00:10.281 [main] DEBUG org.springframework.jdbc.datasource.DataSourceTransactionManager - Participating in existing transaction
18:00:10.281 [main] DEBUG org.springframework.jdbc.datasource.DataSourceTransactionManager - Participating in existing transaction
18:00:10.281 [main] DEBUG org.springframework.jdbc.datasource.DataSourceTransactionManager - Participating in existing transaction
18:00:10.281 [main] DEBUG org.springframework.jdbc.datasource.DataSourceTransactionManager - Participating in existing transaction
18:00:10.281 [main] DEBUG org.springframework.jdbc.datasource.DataSourceTransactionManager - Participating in existing transaction
User = email5@test.fr
18:00:10.282 [main] INFO fr.insalyon.creatis.vip.core.server.business.ConfigurationBusiness - verifying email5@test.fr. List of undesired mail domains: . 
18:00:10.282 [main] INFO fr.insalyon.creatis.vip.core.server.business.ConfigurationBusiness - Signing up . List of undesired countries: .
18:00:10.282 [main] DEBUG org.springframework.jdbc.datasource.DataSourceTransactionManager - Participating in existing transaction
18:00:10.282 [main] DEBUG org.springframework.jdbc.datasource.DataSourceTransactionManager - Participating in existing transaction
18:00:10.282 [main] INFO fr.insalyon.creatis.vip.core.server.business.ConfigurationBusiness - Sending confirmation email to 'email5@test.fr'.
18:00:10.282 [main] DEBUG org.springframework.jdbc.datasource.DataSourceTransactionManager - Participating in existing transaction
18:00:10.283 [main] DEBUG org.springframework.test.context.cache.DefaultCacheAwareContextLoaderDelegate - Retrieved ApplicationContext [1050971191] from cache with key [[MergedContextConfiguration@1389e498 testClass = ConfigurationBusiness_CoreSpringServerIT, locations = '{}', classes = '{class fr.insalyon.creatis.vip.core.server.SpringCoreConfig}', contextInitializerClasses = '[]', activeProfiles = '{test-db, test}', propertySourceLocations = '{}', propertySourceProperties = '{db.tableEngine=}', contextCustomizers = set[[empty]], contextLoader = 'org.springframework.test.context.support.DelegatingSmartContextLoader', parent = [null]]]
18:00:10.283 [main] DEBUG org.springframework.test.context.cache - Spring test ApplicationContext cache statistics: [DefaultContextCache@4675f5b0 size = 1, maxSize = 32, parentContextCount = 0, hitCount = 240, missCount = 1]
18:00:10.284 [main] DEBUG org.springframework.jdbc.datasource.DataSourceTransactionManager - Participating in existing transaction
User = test4@test.fr
18:00:10.284 [main] INFO fr.insalyon.creatis.vip.core.server.business.ConfigurationBusiness - verifying test4@test.fr. List of undesired mail domains: . 
18:00:10.284 [main] INFO fr.insalyon.creatis.vip.core.server.business.ConfigurationBusiness - Signing up . List of undesired countries: .
18:00:10.284 [main] DEBUG org.springframework.jdbc.datasource.DataSourceTransactionManager - Participating in existing transaction
18:00:10.285 [main] ERROR fr.insalyon.creatis.vip.core.server.dao.mysql.UserData - There is an existing account associated with the email: test4@test.fr or with this {first name,last name} (Unique index or primary key violation: "PRIMARY_KEY_8 ON PUBLIC.VIPUSERS(EMAIL) VALUES ( /* key:6 */ 'test4@test.fr', NULL, 'fed3b61b26081849378080b34e693d2e', 'test firstName suffix0', 'test lastName suffix0', 'test institution', '5591c747-fea7-4c3e-a18e-fbe19ec6214a', FALSE, 'test_firstname_suffix0_test_lastname_suffix0_4651', NULL, TIMESTAMP '2023-07-06 18:00:10.283', TIMESTAMP '2023-07-06 18:00:10.283', 'Beginner', 'fr', 1, TIMESTAMP '2023-07-06 18:00:10.284', TIMESTAMP '2023-07-06 18:00:10.284', 0, FALSE, NULL)"; SQL statement:
INSERT INTO VIPUsers(email, pass, first_name, last_name, institution, code, confirmed, folder, registration, last_login, level, country_code, max_simulations, termsUse,lastUpdatePublications,failed_authentications, account_locked) VALUES (?, ?, ?, ?, ?, ?, ?, ?, ?, ?, ?, ?, ?, ?, ?, ?, ?) [23505-173])
18:00:10.286 [main] DEBUG org.springframework.test.context.cache.DefaultCacheAwareContextLoaderDelegate - Retrieved ApplicationContext [1050971191] from cache with key [[MergedContextConfiguration@1389e498 testClass = ConfigurationBusiness_CoreSpringServerIT, locations = '{}', classes = '{class fr.insalyon.creatis.vip.core.server.SpringCoreConfig}', contextInitializerClasses = '[]', activeProfiles = '{test-db, test}', propertySourceLocations = '{}', propertySourceProperties = '{db.tableEngine=}', contextCustomizers = set[[empty]], contextLoader = 'org.springframework.test.context.support.DelegatingSmartContextLoader', parent = [null]]]
18:00:10.286 [main] DEBUG org.springframework.test.context.cache - Spring test ApplicationContext cache statistics: [DefaultContextCache@4675f5b0 size = 1, maxSize = 32, parentContextCount = 0, hitCount = 241, missCount = 1]
18:00:10.286 [main] DEBUG org.springframework.test.context.cache.DefaultCacheAwareContextLoaderDelegate - Retrieved ApplicationContext [1050971191] from cache with key [[MergedContextConfiguration@1389e498 testClass = ConfigurationBusiness_CoreSpringServerIT, locations = '{}', classes = '{class fr.insalyon.creatis.vip.core.server.SpringCoreConfig}', contextInitializerClasses = '[]', activeProfiles = '{test-db, test}', propertySourceLocations = '{}', propertySourceProperties = '{db.tableEngine=}', contextCustomizers = set[[empty]], contextLoader = 'org.springframework.test.context.support.DelegatingSmartContextLoader', parent = [null]]]
18:00:10.286 [main] DEBUG org.springframework.test.context.cache - Spring test ApplicationContext cache statistics: [DefaultContextCache@4675f5b0 size = 1, maxSize = 32, parentContextCount = 0, hitCount = 242, missCount = 1]
18:00:10.286 [main] DEBUG org.springframework.jdbc.datasource.DataSourceTransactionManager - Initiating transaction rollback
18:00:10.286 [main] DEBUG org.springframework.jdbc.datasource.DataSourceTransactionManager - Rolling back JDBC transaction on Connection [conn48: url=jdbc:h2:mem:fec2b152-de2f-4c07-a3e1-df691c7daf9d user=SA]
18:00:10.287 [main] DEBUG org.springframework.jdbc.datasource.DataSourceTransactionManager - Releasing JDBC Connection [conn48: url=jdbc:h2:mem:fec2b152-de2f-4c07-a3e1-df691c7daf9d user=SA] after transaction
18:00:10.287 [main] INFO org.springframework.test.context.transaction.TransactionContext - Rolled back transaction for test: [DefaultTestContext@18e20fa8 testClass = ConfigurationBusiness_CoreSpringServerIT, testInstance = ConfigurationBusiness_CoreSpringServerIT@21ba22e8, testMethod = testCatchExistingEmailCreateUser@ConfigurationBusiness_CoreSpringServerIT, testException = [null], mergedContextConfiguration = [MergedContextConfiguration@1389e498 testClass = ConfigurationBusiness_CoreSpringServerIT, locations = '{}', classes = '{class fr.insalyon.creatis.vip.core.server.SpringCoreConfig}', contextInitializerClasses = '[]', activeProfiles = '{test-db, test}', propertySourceLocations = '{}', propertySourceProperties = '{db.tableEngine=}', contextCustomizers = set[[empty]], contextLoader = 'org.springframework.test.context.support.DelegatingSmartContextLoader', parent = [null]], attributes = map['org.springframework.test.context.event.ApplicationEventsTestExecutionListener.recordApplicationEvents' -> false]]
18:00:10.287 [main] DEBUG org.springframework.test.context.support.AbstractDirtiesContextTestExecutionListener - After test method: context [DefaultTestContext@18e20fa8 testClass = ConfigurationBusiness_CoreSpringServerIT, testInstance = ConfigurationBusiness_CoreSpringServerIT@21ba22e8, testMethod = testCatchExistingEmailCreateUser@ConfigurationBusiness_CoreSpringServerIT, testException = [null], mergedContextConfiguration = [MergedContextConfiguration@1389e498 testClass = ConfigurationBusiness_CoreSpringServerIT, locations = '{}', classes = '{class fr.insalyon.creatis.vip.core.server.SpringCoreConfig}', contextInitializerClasses = '[]', activeProfiles = '{test-db, test}', propertySourceLocations = '{}', propertySourceProperties = '{db.tableEngine=}', contextCustomizers = set[[empty]], contextLoader = 'org.springframework.test.context.support.DelegatingSmartContextLoader', parent = [null]], attributes = map['org.springframework.test.context.event.ApplicationEventsTestExecutionListener.recordApplicationEvents' -> false]], class annotated with @DirtiesContext [false] with mode [null], method annotated with @DirtiesContext [false] with mode [null].
]]></system-out>
  </testcase>
  <testcase name="testSigninWithoutResetingSessionUser" classname="ConfigurationBusiness_CoreSpringServerIT" time="0.019">
    <system-out><![CDATA[18:00:10.295 [main] DEBUG org.springframework.test.context.support.DependencyInjectionTestExecutionListener - Performing dependency injection for test context [[DefaultTestContext@18e20fa8 testClass = ConfigurationBusiness_CoreSpringServerIT, testInstance = ConfigurationBusiness_CoreSpringServerIT@21f064dc, testMethod = [null], testException = [null], mergedContextConfiguration = [MergedContextConfiguration@1389e498 testClass = ConfigurationBusiness_CoreSpringServerIT, locations = '{}', classes = '{class fr.insalyon.creatis.vip.core.server.SpringCoreConfig}', contextInitializerClasses = '[]', activeProfiles = '{test-db, test}', propertySourceLocations = '{}', propertySourceProperties = '{db.tableEngine=}', contextCustomizers = set[[empty]], contextLoader = 'org.springframework.test.context.support.DelegatingSmartContextLoader', parent = [null]], attributes = map['org.springframework.test.context.event.ApplicationEventsTestExecutionListener.recordApplicationEvents' -> false]]].
18:00:10.295 [main] DEBUG org.springframework.test.context.cache.DefaultCacheAwareContextLoaderDelegate - Retrieved ApplicationContext [1050971191] from cache with key [[MergedContextConfiguration@1389e498 testClass = ConfigurationBusiness_CoreSpringServerIT, locations = '{}', classes = '{class fr.insalyon.creatis.vip.core.server.SpringCoreConfig}', contextInitializerClasses = '[]', activeProfiles = '{test-db, test}', propertySourceLocations = '{}', propertySourceProperties = '{db.tableEngine=}', contextCustomizers = set[[empty]], contextLoader = 'org.springframework.test.context.support.DelegatingSmartContextLoader', parent = [null]]]
18:00:10.295 [main] DEBUG org.springframework.test.context.cache - Spring test ApplicationContext cache statistics: [DefaultContextCache@4675f5b0 size = 1, maxSize = 32, parentContextCount = 0, hitCount = 243, missCount = 1]
18:00:10.296 [main] DEBUG org.springframework.test.context.cache.DefaultCacheAwareContextLoaderDelegate - Retrieved ApplicationContext [1050971191] from cache with key [[MergedContextConfiguration@1389e498 testClass = ConfigurationBusiness_CoreSpringServerIT, locations = '{}', classes = '{class fr.insalyon.creatis.vip.core.server.SpringCoreConfig}', contextInitializerClasses = '[]', activeProfiles = '{test-db, test}', propertySourceLocations = '{}', propertySourceProperties = '{db.tableEngine=}', contextCustomizers = set[[empty]], contextLoader = 'org.springframework.test.context.support.DelegatingSmartContextLoader', parent = [null]]]
18:00:10.296 [main] DEBUG org.springframework.test.context.cache - Spring test ApplicationContext cache statistics: [DefaultContextCache@4675f5b0 size = 1, maxSize = 32, parentContextCount = 0, hitCount = 244, missCount = 1]
18:00:10.297 [main] DEBUG org.springframework.test.context.support.AbstractDirtiesContextTestExecutionListener - Before test method: context [DefaultTestContext@18e20fa8 testClass = ConfigurationBusiness_CoreSpringServerIT, testInstance = ConfigurationBusiness_CoreSpringServerIT@21f064dc, testMethod = testSigninWithoutResetingSessionUser@ConfigurationBusiness_CoreSpringServerIT, testException = [null], mergedContextConfiguration = [MergedContextConfiguration@1389e498 testClass = ConfigurationBusiness_CoreSpringServerIT, locations = '{}', classes = '{class fr.insalyon.creatis.vip.core.server.SpringCoreConfig}', contextInitializerClasses = '[]', activeProfiles = '{test-db, test}', propertySourceLocations = '{}', propertySourceProperties = '{db.tableEngine=}', contextCustomizers = set[[empty]], contextLoader = 'org.springframework.test.context.support.DelegatingSmartContextLoader', parent = [null]], attributes = map['org.springframework.test.context.event.ApplicationEventsTestExecutionListener.recordApplicationEvents' -> false]], class annotated with @DirtiesContext [false] with mode [null], method annotated with @DirtiesContext [false] with mode [null].
18:00:10.298 [main] DEBUG org.springframework.test.context.transaction.TransactionalTestExecutionListener - Explicit transaction definition [PROPAGATION_REQUIRED,ISOLATION_DEFAULT] found for test context [DefaultTestContext@18e20fa8 testClass = ConfigurationBusiness_CoreSpringServerIT, testInstance = ConfigurationBusiness_CoreSpringServerIT@21f064dc, testMethod = testSigninWithoutResetingSessionUser@ConfigurationBusiness_CoreSpringServerIT, testException = [null], mergedContextConfiguration = [MergedContextConfiguration@1389e498 testClass = ConfigurationBusiness_CoreSpringServerIT, locations = '{}', classes = '{class fr.insalyon.creatis.vip.core.server.SpringCoreConfig}', contextInitializerClasses = '[]', activeProfiles = '{test-db, test}', propertySourceLocations = '{}', propertySourceProperties = '{db.tableEngine=}', contextCustomizers = set[[empty]], contextLoader = 'org.springframework.test.context.support.DelegatingSmartContextLoader', parent = [null]], attributes = map['org.springframework.test.context.event.ApplicationEventsTestExecutionListener.recordApplicationEvents' -> false]]
18:00:10.298 [main] DEBUG org.springframework.test.context.cache.DefaultCacheAwareContextLoaderDelegate - Retrieved ApplicationContext [1050971191] from cache with key [[MergedContextConfiguration@1389e498 testClass = ConfigurationBusiness_CoreSpringServerIT, locations = '{}', classes = '{class fr.insalyon.creatis.vip.core.server.SpringCoreConfig}', contextInitializerClasses = '[]', activeProfiles = '{test-db, test}', propertySourceLocations = '{}', propertySourceProperties = '{db.tableEngine=}', contextCustomizers = set[[empty]], contextLoader = 'org.springframework.test.context.support.DelegatingSmartContextLoader', parent = [null]]]
18:00:10.298 [main] DEBUG org.springframework.test.context.cache - Spring test ApplicationContext cache statistics: [DefaultContextCache@4675f5b0 size = 1, maxSize = 32, parentContextCount = 0, hitCount = 245, missCount = 1]
18:00:10.299 [main] DEBUG org.springframework.test.context.transaction.TransactionalTestExecutionListener - No method-level @Rollback override: using default rollback [true] for test context [DefaultTestContext@18e20fa8 testClass = ConfigurationBusiness_CoreSpringServerIT, testInstance = ConfigurationBusiness_CoreSpringServerIT@21f064dc, testMethod = testSigninWithoutResetingSessionUser@ConfigurationBusiness_CoreSpringServerIT, testException = [null], mergedContextConfiguration = [MergedContextConfiguration@1389e498 testClass = ConfigurationBusiness_CoreSpringServerIT, locations = '{}', classes = '{class fr.insalyon.creatis.vip.core.server.SpringCoreConfig}', contextInitializerClasses = '[]', activeProfiles = '{test-db, test}', propertySourceLocations = '{}', propertySourceProperties = '{db.tableEngine=}', contextCustomizers = set[[empty]], contextLoader = 'org.springframework.test.context.support.DelegatingSmartContextLoader', parent = [null]], attributes = map['org.springframework.test.context.event.ApplicationEventsTestExecutionListener.recordApplicationEvents' -> false]].
18:00:10.299 [main] DEBUG org.springframework.jdbc.datasource.DataSourceTransactionManager - Creating new transaction with name [ConfigurationBusiness_CoreSpringServerIT.testSigninWithoutResetingSessionUser]: PROPAGATION_REQUIRED,ISOLATION_DEFAULT
18:00:10.299 [main] DEBUG org.springframework.jdbc.datasource.DataSourceTransactionManager - Acquired Connection [Lazy Connection proxy for target DataSource [org.springframework.jdbc.datasource.embedded.EmbeddedDatabaseFactory$EmbeddedDataSourceProxy@5764c072]] for JDBC transaction
18:00:10.299 [main] DEBUG org.springframework.jdbc.datasource.DataSourceTransactionManager - Switching JDBC Connection [Lazy Connection proxy for target DataSource [org.springframework.jdbc.datasource.embedded.EmbeddedDatabaseFactory$EmbeddedDataSourceProxy@5764c072]] to manual commit
18:00:10.300 [main] INFO org.springframework.test.context.transaction.TransactionContext - Began transaction (1) for test context [DefaultTestContext@18e20fa8 testClass = ConfigurationBusiness_CoreSpringServerIT, testInstance = ConfigurationBusiness_CoreSpringServerIT@21f064dc, testMethod = testSigninWithoutResetingSessionUser@ConfigurationBusiness_CoreSpringServerIT, testException = [null], mergedContextConfiguration = [MergedContextConfiguration@1389e498 testClass = ConfigurationBusiness_CoreSpringServerIT, locations = '{}', classes = '{class fr.insalyon.creatis.vip.core.server.SpringCoreConfig}', contextInitializerClasses = '[]', activeProfiles = '{test-db, test}', propertySourceLocations = '{}', propertySourceProperties = '{db.tableEngine=}', contextCustomizers = set[[empty]], contextLoader = 'org.springframework.test.context.support.DelegatingSmartContextLoader', parent = [null]], attributes = map['org.springframework.test.context.event.ApplicationEventsTestExecutionListener.recordApplicationEvents' -> false]]; transaction manager [org.springframework.jdbc.datasource.DataSourceTransactionManager@178b2df1]; rollback [true]
18:00:10.300 [main] DEBUG org.springframework.test.context.cache.DefaultCacheAwareContextLoaderDelegate - Retrieved ApplicationContext [1050971191] from cache with key [[MergedContextConfiguration@1389e498 testClass = ConfigurationBusiness_CoreSpringServerIT, locations = '{}', classes = '{class fr.insalyon.creatis.vip.core.server.SpringCoreConfig}', contextInitializerClasses = '[]', activeProfiles = '{test-db, test}', propertySourceLocations = '{}', propertySourceProperties = '{db.tableEngine=}', contextCustomizers = set[[empty]], contextLoader = 'org.springframework.test.context.support.DelegatingSmartContextLoader', parent = [null]]]
18:00:10.300 [main] DEBUG org.springframework.test.context.cache - Spring test ApplicationContext cache statistics: [DefaultContextCache@4675f5b0 size = 1, maxSize = 32, parentContextCount = 0, hitCount = 246, missCount = 1]
18:00:10.301 [main] DEBUG org.springframework.jdbc.datasource.DataSourceTransactionManager - Participating in existing transaction
18:00:10.301 [main] DEBUG org.springframework.jdbc.datasource.DataSourceTransactionManager - Participating in existing transaction
18:00:10.301 [main] DEBUG org.springframework.jdbc.datasource.SimpleDriverDataSource - Creating new JDBC Driver Connection to [jdbc:h2:mem:fec2b152-de2f-4c07-a3e1-df691c7daf9d;DB_CLOSE_DELAY=-1;DB_CLOSE_ON_EXIT=false]
18:00:10.302 [main] DEBUG org.springframework.jdbc.datasource.DataSourceTransactionManager - Participating in existing transaction
18:00:10.302 [main] DEBUG org.springframework.jdbc.datasource.DataSourceTransactionManager - Participating in existing transaction
18:00:10.302 [main] DEBUG org.springframework.jdbc.datasource.DataSourceTransactionManager - Participating in existing transaction
18:00:10.302 [main] DEBUG org.springframework.jdbc.datasource.DataSourceTransactionManager - Participating in existing transaction
18:00:10.302 [main] DEBUG org.springframework.jdbc.datasource.DataSourceTransactionManager - Participating in existing transaction
User = test1@test.fr
18:00:10.302 [main] INFO fr.insalyon.creatis.vip.core.server.business.ConfigurationBusiness - verifying test1@test.fr. List of undesired mail domains: . 
18:00:10.302 [main] INFO fr.insalyon.creatis.vip.core.server.business.ConfigurationBusiness - Signing up . List of undesired countries: .
18:00:10.303 [main] DEBUG org.springframework.jdbc.datasource.DataSourceTransactionManager - Participating in existing transaction
18:00:10.303 [main] DEBUG org.springframework.jdbc.datasource.DataSourceTransactionManager - Participating in existing transaction
18:00:10.304 [main] INFO fr.insalyon.creatis.vip.core.server.business.ConfigurationBusiness - Sending confirmation email to 'test1@test.fr'.
18:00:10.304 [main] DEBUG org.springframework.jdbc.datasource.DataSourceTransactionManager - Participating in existing transaction
18:00:10.304 [main] DEBUG org.springframework.jdbc.datasource.DataSourceTransactionManager - Participating in existing transaction
18:00:10.304 [main] DEBUG org.springframework.jdbc.datasource.DataSourceTransactionManager - Participating in existing transaction
18:00:10.304 [main] DEBUG org.springframework.jdbc.datasource.DataSourceTransactionManager - Participating in existing transaction
User = test2@test.fr
18:00:10.305 [main] INFO fr.insalyon.creatis.vip.core.server.business.ConfigurationBusiness - verifying test2@test.fr. List of undesired mail domains: . 
18:00:10.305 [main] INFO fr.insalyon.creatis.vip.core.server.business.ConfigurationBusiness - Signing up . List of undesired countries: .
18:00:10.305 [main] DEBUG org.springframework.jdbc.datasource.DataSourceTransactionManager - Participating in existing transaction
18:00:10.305 [main] DEBUG org.springframework.jdbc.datasource.DataSourceTransactionManager - Participating in existing transaction
18:00:10.305 [main] INFO fr.insalyon.creatis.vip.core.server.business.ConfigurationBusiness - Sending confirmation email to 'test2@test.fr'.
18:00:10.305 [main] DEBUG org.springframework.jdbc.datasource.DataSourceTransactionManager - Participating in existing transaction
18:00:10.306 [main] DEBUG org.springframework.jdbc.datasource.DataSourceTransactionManager - Participating in existing transaction
18:00:10.306 [main] DEBUG org.springframework.jdbc.datasource.DataSourceTransactionManager - Participating in existing transaction
18:00:10.306 [main] DEBUG org.springframework.jdbc.datasource.DataSourceTransactionManager - Participating in existing transaction
User = test3@test.fr
18:00:10.306 [main] INFO fr.insalyon.creatis.vip.core.server.business.ConfigurationBusiness - verifying test3@test.fr. List of undesired mail domains: . 
18:00:10.306 [main] INFO fr.insalyon.creatis.vip.core.server.business.ConfigurationBusiness - Signing up . List of undesired countries: .
18:00:10.306 [main] DEBUG org.springframework.jdbc.datasource.DataSourceTransactionManager - Participating in existing transaction
18:00:10.307 [main] DEBUG org.springframework.jdbc.datasource.DataSourceTransactionManager - Participating in existing transaction
18:00:10.307 [main] INFO fr.insalyon.creatis.vip.core.server.business.ConfigurationBusiness - Sending confirmation email to 'test3@test.fr'.
18:00:10.307 [main] DEBUG org.springframework.jdbc.datasource.DataSourceTransactionManager - Participating in existing transaction
18:00:10.307 [main] DEBUG org.springframework.jdbc.datasource.DataSourceTransactionManager - Participating in existing transaction
18:00:10.307 [main] DEBUG org.springframework.jdbc.datasource.DataSourceTransactionManager - Participating in existing transaction
18:00:10.307 [main] DEBUG org.springframework.jdbc.datasource.DataSourceTransactionManager - Participating in existing transaction
User = test4@test.fr
18:00:10.307 [main] INFO fr.insalyon.creatis.vip.core.server.business.ConfigurationBusiness - verifying test4@test.fr. List of undesired mail domains: . 
18:00:10.307 [main] INFO fr.insalyon.creatis.vip.core.server.business.ConfigurationBusiness - Signing up . List of undesired countries: .
18:00:10.308 [main] DEBUG org.springframework.jdbc.datasource.DataSourceTransactionManager - Participating in existing transaction
18:00:10.308 [main] DEBUG org.springframework.jdbc.datasource.DataSourceTransactionManager - Participating in existing transaction
18:00:10.308 [main] INFO fr.insalyon.creatis.vip.core.server.business.ConfigurationBusiness - Sending confirmation email to 'test4@test.fr'.
18:00:10.308 [main] DEBUG org.springframework.jdbc.datasource.DataSourceTransactionManager - Participating in existing transaction
18:00:10.308 [main] DEBUG org.springframework.jdbc.datasource.DataSourceTransactionManager - Participating in existing transaction
18:00:10.308 [main] DEBUG org.springframework.jdbc.datasource.DataSourceTransactionManager - Participating in existing transaction
18:00:10.309 [main] DEBUG org.springframework.jdbc.datasource.DataSourceTransactionManager - Participating in existing transaction
18:00:10.309 [main] DEBUG org.springframework.jdbc.datasource.DataSourceTransactionManager - Participating in existing transaction
18:00:10.309 [main] DEBUG org.springframework.jdbc.datasource.DataSourceTransactionManager - Participating in existing transaction
18:00:10.309 [main] DEBUG org.springframework.jdbc.datasource.DataSourceTransactionManager - Participating in existing transaction
18:00:10.309 [main] DEBUG org.springframework.jdbc.datasource.DataSourceTransactionManager - Participating in existing transaction
18:00:10.309 [main] DEBUG org.springframework.jdbc.datasource.DataSourceTransactionManager - Participating in existing transaction
18:00:10.309 [main] DEBUG org.springframework.jdbc.datasource.DataSourceTransactionManager - Participating in existing transaction
18:00:10.309 [main] DEBUG org.springframework.jdbc.datasource.DataSourceTransactionManager - Participating in existing transaction
18:00:10.309 [main] DEBUG org.springframework.jdbc.datasource.DataSourceTransactionManager - Participating in existing transaction
User = email5@test.fr
18:00:10.309 [main] INFO fr.insalyon.creatis.vip.core.server.business.ConfigurationBusiness - verifying email5@test.fr. List of undesired mail domains: . 
18:00:10.310 [main] INFO fr.insalyon.creatis.vip.core.server.business.ConfigurationBusiness - Signing up . List of undesired countries: .
18:00:10.310 [main] DEBUG org.springframework.jdbc.datasource.DataSourceTransactionManager - Participating in existing transaction
18:00:10.310 [main] DEBUG org.springframework.jdbc.datasource.DataSourceTransactionManager - Participating in existing transaction
18:00:10.310 [main] INFO fr.insalyon.creatis.vip.core.server.business.ConfigurationBusiness - Sending confirmation email to 'email5@test.fr'.
18:00:10.310 [main] DEBUG org.springframework.jdbc.datasource.DataSourceTransactionManager - Participating in existing transaction
18:00:10.311 [main] DEBUG org.springframework.test.context.cache.DefaultCacheAwareContextLoaderDelegate - Retrieved ApplicationContext [1050971191] from cache with key [[MergedContextConfiguration@1389e498 testClass = ConfigurationBusiness_CoreSpringServerIT, locations = '{}', classes = '{class fr.insalyon.creatis.vip.core.server.SpringCoreConfig}', contextInitializerClasses = '[]', activeProfiles = '{test-db, test}', propertySourceLocations = '{}', propertySourceProperties = '{db.tableEngine=}', contextCustomizers = set[[empty]], contextLoader = 'org.springframework.test.context.support.DelegatingSmartContextLoader', parent = [null]]]
18:00:10.311 [main] DEBUG org.springframework.test.context.cache - Spring test ApplicationContext cache statistics: [DefaultContextCache@4675f5b0 size = 1, maxSize = 32, parentContextCount = 0, hitCount = 247, missCount = 1]
18:00:10.311 [main] DEBUG org.springframework.jdbc.datasource.DataSourceTransactionManager - Participating in existing transaction
18:00:10.311 [main] DEBUG org.springframework.jdbc.datasource.DataSourceTransactionManager - Participating in existing transaction
18:00:10.311 [main] DEBUG org.springframework.jdbc.datasource.DataSourceTransactionManager - Participating in existing transaction
18:00:10.312 [main] DEBUG org.springframework.jdbc.datasource.DataSourceTransactionManager - Participating in existing transaction
18:00:10.312 [main] DEBUG org.springframework.jdbc.datasource.DataSourceTransactionManager - Participating in existing transaction
18:00:10.313 [main] DEBUG org.springframework.jdbc.datasource.DataSourceTransactionManager - Participating in existing transaction
18:00:10.313 [main] DEBUG org.springframework.jdbc.datasource.DataSourceTransactionManager - Participating in existing transaction
18:00:10.313 [main] DEBUG org.springframework.jdbc.datasource.DataSourceTransactionManager - Participating in existing transaction
18:00:10.313 [main] DEBUG org.springframework.test.context.cache.DefaultCacheAwareContextLoaderDelegate - Retrieved ApplicationContext [1050971191] from cache with key [[MergedContextConfiguration@1389e498 testClass = ConfigurationBusiness_CoreSpringServerIT, locations = '{}', classes = '{class fr.insalyon.creatis.vip.core.server.SpringCoreConfig}', contextInitializerClasses = '[]', activeProfiles = '{test-db, test}', propertySourceLocations = '{}', propertySourceProperties = '{db.tableEngine=}', contextCustomizers = set[[empty]], contextLoader = 'org.springframework.test.context.support.DelegatingSmartContextLoader', parent = [null]]]
18:00:10.313 [main] DEBUG org.springframework.test.context.cache - Spring test ApplicationContext cache statistics: [DefaultContextCache@4675f5b0 size = 1, maxSize = 32, parentContextCount = 0, hitCount = 248, missCount = 1]
18:00:10.313 [main] DEBUG org.springframework.test.context.cache.DefaultCacheAwareContextLoaderDelegate - Retrieved ApplicationContext [1050971191] from cache with key [[MergedContextConfiguration@1389e498 testClass = ConfigurationBusiness_CoreSpringServerIT, locations = '{}', classes = '{class fr.insalyon.creatis.vip.core.server.SpringCoreConfig}', contextInitializerClasses = '[]', activeProfiles = '{test-db, test}', propertySourceLocations = '{}', propertySourceProperties = '{db.tableEngine=}', contextCustomizers = set[[empty]], contextLoader = 'org.springframework.test.context.support.DelegatingSmartContextLoader', parent = [null]]]
18:00:10.313 [main] DEBUG org.springframework.test.context.cache - Spring test ApplicationContext cache statistics: [DefaultContextCache@4675f5b0 size = 1, maxSize = 32, parentContextCount = 0, hitCount = 249, missCount = 1]
18:00:10.314 [main] DEBUG org.springframework.jdbc.datasource.DataSourceTransactionManager - Initiating transaction rollback
18:00:10.314 [main] DEBUG org.springframework.jdbc.datasource.DataSourceTransactionManager - Rolling back JDBC transaction on Connection [conn49: url=jdbc:h2:mem:fec2b152-de2f-4c07-a3e1-df691c7daf9d user=SA]
18:00:10.314 [main] DEBUG org.springframework.jdbc.datasource.DataSourceTransactionManager - Releasing JDBC Connection [conn49: url=jdbc:h2:mem:fec2b152-de2f-4c07-a3e1-df691c7daf9d user=SA] after transaction
18:00:10.314 [main] INFO org.springframework.test.context.transaction.TransactionContext - Rolled back transaction for test: [DefaultTestContext@18e20fa8 testClass = ConfigurationBusiness_CoreSpringServerIT, testInstance = ConfigurationBusiness_CoreSpringServerIT@21f064dc, testMethod = testSigninWithoutResetingSessionUser@ConfigurationBusiness_CoreSpringServerIT, testException = [null], mergedContextConfiguration = [MergedContextConfiguration@1389e498 testClass = ConfigurationBusiness_CoreSpringServerIT, locations = '{}', classes = '{class fr.insalyon.creatis.vip.core.server.SpringCoreConfig}', contextInitializerClasses = '[]', activeProfiles = '{test-db, test}', propertySourceLocations = '{}', propertySourceProperties = '{db.tableEngine=}', contextCustomizers = set[[empty]], contextLoader = 'org.springframework.test.context.support.DelegatingSmartContextLoader', parent = [null]], attributes = map['org.springframework.test.context.event.ApplicationEventsTestExecutionListener.recordApplicationEvents' -> false]]
18:00:10.315 [main] DEBUG org.springframework.test.context.support.AbstractDirtiesContextTestExecutionListener - After test method: context [DefaultTestContext@18e20fa8 testClass = ConfigurationBusiness_CoreSpringServerIT, testInstance = ConfigurationBusiness_CoreSpringServerIT@21f064dc, testMethod = testSigninWithoutResetingSessionUser@ConfigurationBusiness_CoreSpringServerIT, testException = [null], mergedContextConfiguration = [MergedContextConfiguration@1389e498 testClass = ConfigurationBusiness_CoreSpringServerIT, locations = '{}', classes = '{class fr.insalyon.creatis.vip.core.server.SpringCoreConfig}', contextInitializerClasses = '[]', activeProfiles = '{test-db, test}', propertySourceLocations = '{}', propertySourceProperties = '{db.tableEngine=}', contextCustomizers = set[[empty]], contextLoader = 'org.springframework.test.context.support.DelegatingSmartContextLoader', parent = [null]], attributes = map['org.springframework.test.context.event.ApplicationEventsTestExecutionListener.recordApplicationEvents' -> false]], class annotated with @DirtiesContext [false] with mode [null], method annotated with @DirtiesContext [false] with mode [null].
]]></system-out>
  </testcase>
  <testcase name="testSendContactEmail" classname="ConfigurationBusiness_CoreSpringServerIT" time="0.038">
    <system-out><![CDATA[18:00:10.323 [main] DEBUG org.springframework.test.context.support.DependencyInjectionTestExecutionListener - Performing dependency injection for test context [[DefaultTestContext@18e20fa8 testClass = ConfigurationBusiness_CoreSpringServerIT, testInstance = ConfigurationBusiness_CoreSpringServerIT@626d40a8, testMethod = [null], testException = [null], mergedContextConfiguration = [MergedContextConfiguration@1389e498 testClass = ConfigurationBusiness_CoreSpringServerIT, locations = '{}', classes = '{class fr.insalyon.creatis.vip.core.server.SpringCoreConfig}', contextInitializerClasses = '[]', activeProfiles = '{test-db, test}', propertySourceLocations = '{}', propertySourceProperties = '{db.tableEngine=}', contextCustomizers = set[[empty]], contextLoader = 'org.springframework.test.context.support.DelegatingSmartContextLoader', parent = [null]], attributes = map['org.springframework.test.context.event.ApplicationEventsTestExecutionListener.recordApplicationEvents' -> false]]].
18:00:10.323 [main] DEBUG org.springframework.test.context.cache.DefaultCacheAwareContextLoaderDelegate - Retrieved ApplicationContext [1050971191] from cache with key [[MergedContextConfiguration@1389e498 testClass = ConfigurationBusiness_CoreSpringServerIT, locations = '{}', classes = '{class fr.insalyon.creatis.vip.core.server.SpringCoreConfig}', contextInitializerClasses = '[]', activeProfiles = '{test-db, test}', propertySourceLocations = '{}', propertySourceProperties = '{db.tableEngine=}', contextCustomizers = set[[empty]], contextLoader = 'org.springframework.test.context.support.DelegatingSmartContextLoader', parent = [null]]]
18:00:10.323 [main] DEBUG org.springframework.test.context.cache - Spring test ApplicationContext cache statistics: [DefaultContextCache@4675f5b0 size = 1, maxSize = 32, parentContextCount = 0, hitCount = 250, missCount = 1]
18:00:10.325 [main] DEBUG org.springframework.test.context.cache.DefaultCacheAwareContextLoaderDelegate - Retrieved ApplicationContext [1050971191] from cache with key [[MergedContextConfiguration@1389e498 testClass = ConfigurationBusiness_CoreSpringServerIT, locations = '{}', classes = '{class fr.insalyon.creatis.vip.core.server.SpringCoreConfig}', contextInitializerClasses = '[]', activeProfiles = '{test-db, test}', propertySourceLocations = '{}', propertySourceProperties = '{db.tableEngine=}', contextCustomizers = set[[empty]], contextLoader = 'org.springframework.test.context.support.DelegatingSmartContextLoader', parent = [null]]]
18:00:10.325 [main] DEBUG org.springframework.test.context.cache - Spring test ApplicationContext cache statistics: [DefaultContextCache@4675f5b0 size = 1, maxSize = 32, parentContextCount = 0, hitCount = 251, missCount = 1]
18:00:10.327 [main] DEBUG org.springframework.test.context.support.AbstractDirtiesContextTestExecutionListener - Before test method: context [DefaultTestContext@18e20fa8 testClass = ConfigurationBusiness_CoreSpringServerIT, testInstance = ConfigurationBusiness_CoreSpringServerIT@626d40a8, testMethod = testSendContactEmail@ConfigurationBusiness_CoreSpringServerIT, testException = [null], mergedContextConfiguration = [MergedContextConfiguration@1389e498 testClass = ConfigurationBusiness_CoreSpringServerIT, locations = '{}', classes = '{class fr.insalyon.creatis.vip.core.server.SpringCoreConfig}', contextInitializerClasses = '[]', activeProfiles = '{test-db, test}', propertySourceLocations = '{}', propertySourceProperties = '{db.tableEngine=}', contextCustomizers = set[[empty]], contextLoader = 'org.springframework.test.context.support.DelegatingSmartContextLoader', parent = [null]], attributes = map['org.springframework.test.context.event.ApplicationEventsTestExecutionListener.recordApplicationEvents' -> false]], class annotated with @DirtiesContext [false] with mode [null], method annotated with @DirtiesContext [false] with mode [null].
18:00:10.327 [main] DEBUG org.springframework.test.context.transaction.TransactionalTestExecutionListener - Explicit transaction definition [PROPAGATION_REQUIRED,ISOLATION_DEFAULT] found for test context [DefaultTestContext@18e20fa8 testClass = ConfigurationBusiness_CoreSpringServerIT, testInstance = ConfigurationBusiness_CoreSpringServerIT@626d40a8, testMethod = testSendContactEmail@ConfigurationBusiness_CoreSpringServerIT, testException = [null], mergedContextConfiguration = [MergedContextConfiguration@1389e498 testClass = ConfigurationBusiness_CoreSpringServerIT, locations = '{}', classes = '{class fr.insalyon.creatis.vip.core.server.SpringCoreConfig}', contextInitializerClasses = '[]', activeProfiles = '{test-db, test}', propertySourceLocations = '{}', propertySourceProperties = '{db.tableEngine=}', contextCustomizers = set[[empty]], contextLoader = 'org.springframework.test.context.support.DelegatingSmartContextLoader', parent = [null]], attributes = map['org.springframework.test.context.event.ApplicationEventsTestExecutionListener.recordApplicationEvents' -> false]]
18:00:10.327 [main] DEBUG org.springframework.test.context.cache.DefaultCacheAwareContextLoaderDelegate - Retrieved ApplicationContext [1050971191] from cache with key [[MergedContextConfiguration@1389e498 testClass = ConfigurationBusiness_CoreSpringServerIT, locations = '{}', classes = '{class fr.insalyon.creatis.vip.core.server.SpringCoreConfig}', contextInitializerClasses = '[]', activeProfiles = '{test-db, test}', propertySourceLocations = '{}', propertySourceProperties = '{db.tableEngine=}', contextCustomizers = set[[empty]], contextLoader = 'org.springframework.test.context.support.DelegatingSmartContextLoader', parent = [null]]]
18:00:10.328 [main] DEBUG org.springframework.test.context.cache - Spring test ApplicationContext cache statistics: [DefaultContextCache@4675f5b0 size = 1, maxSize = 32, parentContextCount = 0, hitCount = 252, missCount = 1]
18:00:10.328 [main] DEBUG org.springframework.test.context.transaction.TransactionalTestExecutionListener - No method-level @Rollback override: using default rollback [true] for test context [DefaultTestContext@18e20fa8 testClass = ConfigurationBusiness_CoreSpringServerIT, testInstance = ConfigurationBusiness_CoreSpringServerIT@626d40a8, testMethod = testSendContactEmail@ConfigurationBusiness_CoreSpringServerIT, testException = [null], mergedContextConfiguration = [MergedContextConfiguration@1389e498 testClass = ConfigurationBusiness_CoreSpringServerIT, locations = '{}', classes = '{class fr.insalyon.creatis.vip.core.server.SpringCoreConfig}', contextInitializerClasses = '[]', activeProfiles = '{test-db, test}', propertySourceLocations = '{}', propertySourceProperties = '{db.tableEngine=}', contextCustomizers = set[[empty]], contextLoader = 'org.springframework.test.context.support.DelegatingSmartContextLoader', parent = [null]], attributes = map['org.springframework.test.context.event.ApplicationEventsTestExecutionListener.recordApplicationEvents' -> false]].
18:00:10.328 [main] DEBUG org.springframework.jdbc.datasource.DataSourceTransactionManager - Creating new transaction with name [ConfigurationBusiness_CoreSpringServerIT.testSendContactEmail]: PROPAGATION_REQUIRED,ISOLATION_DEFAULT
18:00:10.328 [main] DEBUG org.springframework.jdbc.datasource.DataSourceTransactionManager - Acquired Connection [Lazy Connection proxy for target DataSource [org.springframework.jdbc.datasource.embedded.EmbeddedDatabaseFactory$EmbeddedDataSourceProxy@5764c072]] for JDBC transaction
18:00:10.329 [main] DEBUG org.springframework.jdbc.datasource.DataSourceTransactionManager - Switching JDBC Connection [Lazy Connection proxy for target DataSource [org.springframework.jdbc.datasource.embedded.EmbeddedDatabaseFactory$EmbeddedDataSourceProxy@5764c072]] to manual commit
18:00:10.329 [main] INFO org.springframework.test.context.transaction.TransactionContext - Began transaction (1) for test context [DefaultTestContext@18e20fa8 testClass = ConfigurationBusiness_CoreSpringServerIT, testInstance = ConfigurationBusiness_CoreSpringServerIT@626d40a8, testMethod = testSendContactEmail@ConfigurationBusiness_CoreSpringServerIT, testException = [null], mergedContextConfiguration = [MergedContextConfiguration@1389e498 testClass = ConfigurationBusiness_CoreSpringServerIT, locations = '{}', classes = '{class fr.insalyon.creatis.vip.core.server.SpringCoreConfig}', contextInitializerClasses = '[]', activeProfiles = '{test-db, test}', propertySourceLocations = '{}', propertySourceProperties = '{db.tableEngine=}', contextCustomizers = set[[empty]], contextLoader = 'org.springframework.test.context.support.DelegatingSmartContextLoader', parent = [null]], attributes = map['org.springframework.test.context.event.ApplicationEventsTestExecutionListener.recordApplicationEvents' -> false]]; transaction manager [org.springframework.jdbc.datasource.DataSourceTransactionManager@178b2df1]; rollback [true]
18:00:10.329 [main] DEBUG org.springframework.test.context.cache.DefaultCacheAwareContextLoaderDelegate - Retrieved ApplicationContext [1050971191] from cache with key [[MergedContextConfiguration@1389e498 testClass = ConfigurationBusiness_CoreSpringServerIT, locations = '{}', classes = '{class fr.insalyon.creatis.vip.core.server.SpringCoreConfig}', contextInitializerClasses = '[]', activeProfiles = '{test-db, test}', propertySourceLocations = '{}', propertySourceProperties = '{db.tableEngine=}', contextCustomizers = set[[empty]], contextLoader = 'org.springframework.test.context.support.DelegatingSmartContextLoader', parent = [null]]]
18:00:10.329 [main] DEBUG org.springframework.test.context.cache - Spring test ApplicationContext cache statistics: [DefaultContextCache@4675f5b0 size = 1, maxSize = 32, parentContextCount = 0, hitCount = 253, missCount = 1]
18:00:10.330 [main] DEBUG org.springframework.jdbc.datasource.DataSourceTransactionManager - Participating in existing transaction
18:00:10.330 [main] DEBUG org.springframework.jdbc.datasource.DataSourceTransactionManager - Participating in existing transaction
18:00:10.330 [main] DEBUG org.springframework.jdbc.datasource.SimpleDriverDataSource - Creating new JDBC Driver Connection to [jdbc:h2:mem:fec2b152-de2f-4c07-a3e1-df691c7daf9d;DB_CLOSE_DELAY=-1;DB_CLOSE_ON_EXIT=false]
18:00:10.331 [main] DEBUG org.springframework.jdbc.datasource.DataSourceTransactionManager - Participating in existing transaction
18:00:10.331 [main] DEBUG org.springframework.jdbc.datasource.DataSourceTransactionManager - Participating in existing transaction
18:00:10.332 [main] DEBUG org.springframework.jdbc.datasource.DataSourceTransactionManager - Participating in existing transaction
18:00:10.332 [main] DEBUG org.springframework.jdbc.datasource.DataSourceTransactionManager - Participating in existing transaction
18:00:10.332 [main] DEBUG org.springframework.jdbc.datasource.DataSourceTransactionManager - Participating in existing transaction
User = test1@test.fr
18:00:10.332 [main] INFO fr.insalyon.creatis.vip.core.server.business.ConfigurationBusiness - verifying test1@test.fr. List of undesired mail domains: . 
18:00:10.332 [main] INFO fr.insalyon.creatis.vip.core.server.business.ConfigurationBusiness - Signing up . List of undesired countries: .
18:00:10.333 [main] DEBUG org.springframework.jdbc.datasource.DataSourceTransactionManager - Participating in existing transaction
18:00:10.333 [main] DEBUG org.springframework.jdbc.datasource.DataSourceTransactionManager - Participating in existing transaction
18:00:10.333 [main] INFO fr.insalyon.creatis.vip.core.server.business.ConfigurationBusiness - Sending confirmation email to 'test1@test.fr'.
18:00:10.333 [main] DEBUG org.springframework.jdbc.datasource.DataSourceTransactionManager - Participating in existing transaction
18:00:10.334 [main] DEBUG org.springframework.jdbc.datasource.DataSourceTransactionManager - Participating in existing transaction
18:00:10.334 [main] DEBUG org.springframework.jdbc.datasource.DataSourceTransactionManager - Participating in existing transaction
18:00:10.334 [main] DEBUG org.springframework.jdbc.datasource.DataSourceTransactionManager - Participating in existing transaction
User = test2@test.fr
18:00:10.334 [main] INFO fr.insalyon.creatis.vip.core.server.business.ConfigurationBusiness - verifying test2@test.fr. List of undesired mail domains: . 
18:00:10.334 [main] INFO fr.insalyon.creatis.vip.core.server.business.ConfigurationBusiness - Signing up . List of undesired countries: .
18:00:10.334 [main] DEBUG org.springframework.jdbc.datasource.DataSourceTransactionManager - Participating in existing transaction
18:00:10.334 [main] DEBUG org.springframework.jdbc.datasource.DataSourceTransactionManager - Participating in existing transaction
18:00:10.334 [main] INFO fr.insalyon.creatis.vip.core.server.business.ConfigurationBusiness - Sending confirmation email to 'test2@test.fr'.
18:00:10.335 [main] DEBUG org.springframework.jdbc.datasource.DataSourceTransactionManager - Participating in existing transaction
18:00:10.335 [main] DEBUG org.springframework.jdbc.datasource.DataSourceTransactionManager - Participating in existing transaction
18:00:10.335 [main] DEBUG org.springframework.jdbc.datasource.DataSourceTransactionManager - Participating in existing transaction
18:00:10.335 [main] DEBUG org.springframework.jdbc.datasource.DataSourceTransactionManager - Participating in existing transaction
User = test3@test.fr
18:00:10.335 [main] INFO fr.insalyon.creatis.vip.core.server.business.ConfigurationBusiness - verifying test3@test.fr. List of undesired mail domains: . 
18:00:10.335 [main] INFO fr.insalyon.creatis.vip.core.server.business.ConfigurationBusiness - Signing up . List of undesired countries: .
18:00:10.336 [main] DEBUG org.springframework.jdbc.datasource.DataSourceTransactionManager - Participating in existing transaction
18:00:10.336 [main] DEBUG org.springframework.jdbc.datasource.DataSourceTransactionManager - Participating in existing transaction
18:00:10.336 [main] INFO fr.insalyon.creatis.vip.core.server.business.ConfigurationBusiness - Sending confirmation email to 'test3@test.fr'.
18:00:10.336 [main] DEBUG org.springframework.jdbc.datasource.DataSourceTransactionManager - Participating in existing transaction
18:00:10.336 [main] DEBUG org.springframework.jdbc.datasource.DataSourceTransactionManager - Participating in existing transaction
18:00:10.336 [main] DEBUG org.springframework.jdbc.datasource.DataSourceTransactionManager - Participating in existing transaction
18:00:10.337 [main] DEBUG org.springframework.jdbc.datasource.DataSourceTransactionManager - Participating in existing transaction
User = test4@test.fr
18:00:10.337 [main] INFO fr.insalyon.creatis.vip.core.server.business.ConfigurationBusiness - verifying test4@test.fr. List of undesired mail domains: . 
18:00:10.337 [main] INFO fr.insalyon.creatis.vip.core.server.business.ConfigurationBusiness - Signing up . List of undesired countries: .
18:00:10.337 [main] DEBUG org.springframework.jdbc.datasource.DataSourceTransactionManager - Participating in existing transaction
18:00:10.337 [main] DEBUG org.springframework.jdbc.datasource.DataSourceTransactionManager - Participating in existing transaction
18:00:10.337 [main] INFO fr.insalyon.creatis.vip.core.server.business.ConfigurationBusiness - Sending confirmation email to 'test4@test.fr'.
18:00:10.337 [main] DEBUG org.springframework.jdbc.datasource.DataSourceTransactionManager - Participating in existing transaction
18:00:10.338 [main] DEBUG org.springframework.jdbc.datasource.DataSourceTransactionManager - Participating in existing transaction
18:00:10.338 [main] DEBUG org.springframework.jdbc.datasource.DataSourceTransactionManager - Participating in existing transaction
18:00:10.339 [main] DEBUG org.springframework.jdbc.datasource.DataSourceTransactionManager - Participating in existing transaction
18:00:10.339 [main] DEBUG org.springframework.jdbc.datasource.DataSourceTransactionManager - Participating in existing transaction
18:00:10.339 [main] DEBUG org.springframework.jdbc.datasource.DataSourceTransactionManager - Participating in existing transaction
18:00:10.339 [main] DEBUG org.springframework.jdbc.datasource.DataSourceTransactionManager - Participating in existing transaction
18:00:10.339 [main] DEBUG org.springframework.jdbc.datasource.DataSourceTransactionManager - Participating in existing transaction
18:00:10.339 [main] DEBUG org.springframework.jdbc.datasource.DataSourceTransactionManager - Participating in existing transaction
18:00:10.339 [main] DEBUG org.springframework.jdbc.datasource.DataSourceTransactionManager - Participating in existing transaction
18:00:10.339 [main] DEBUG org.springframework.jdbc.datasource.DataSourceTransactionManager - Participating in existing transaction
18:00:10.340 [main] DEBUG org.springframework.jdbc.datasource.DataSourceTransactionManager - Participating in existing transaction
User = email5@test.fr
18:00:10.340 [main] INFO fr.insalyon.creatis.vip.core.server.business.ConfigurationBusiness - verifying email5@test.fr. List of undesired mail domains: . 
18:00:10.340 [main] INFO fr.insalyon.creatis.vip.core.server.business.ConfigurationBusiness - Signing up . List of undesired countries: .
18:00:10.340 [main] DEBUG org.springframework.jdbc.datasource.DataSourceTransactionManager - Participating in existing transaction
18:00:10.340 [main] DEBUG org.springframework.jdbc.datasource.DataSourceTransactionManager - Participating in existing transaction
18:00:10.340 [main] INFO fr.insalyon.creatis.vip.core.server.business.ConfigurationBusiness - Sending confirmation email to 'email5@test.fr'.
18:00:10.340 [main] DEBUG org.springframework.jdbc.datasource.DataSourceTransactionManager - Participating in existing transaction
18:00:10.341 [main] DEBUG org.springframework.test.context.cache.DefaultCacheAwareContextLoaderDelegate - Retrieved ApplicationContext [1050971191] from cache with key [[MergedContextConfiguration@1389e498 testClass = ConfigurationBusiness_CoreSpringServerIT, locations = '{}', classes = '{class fr.insalyon.creatis.vip.core.server.SpringCoreConfig}', contextInitializerClasses = '[]', activeProfiles = '{test-db, test}', propertySourceLocations = '{}', propertySourceProperties = '{db.tableEngine=}', contextCustomizers = set[[empty]], contextLoader = 'org.springframework.test.context.support.DelegatingSmartContextLoader', parent = [null]]]
18:00:10.341 [main] DEBUG org.springframework.test.context.cache - Spring test ApplicationContext cache statistics: [DefaultContextCache@4675f5b0 size = 1, maxSize = 32, parentContextCount = 0, hitCount = 254, missCount = 1]
18:00:10.342 [main] DEBUG org.springframework.jdbc.datasource.DataSourceTransactionManager - Participating in existing transaction
18:00:10.357 [main] DEBUG org.springframework.jdbc.datasource.DataSourceTransactionManager - Participating in existing transaction
18:00:10.360 [main] DEBUG org.springframework.test.context.cache.DefaultCacheAwareContextLoaderDelegate - Retrieved ApplicationContext [1050971191] from cache with key [[MergedContextConfiguration@1389e498 testClass = ConfigurationBusiness_CoreSpringServerIT, locations = '{}', classes = '{class fr.insalyon.creatis.vip.core.server.SpringCoreConfig}', contextInitializerClasses = '[]', activeProfiles = '{test-db, test}', propertySourceLocations = '{}', propertySourceProperties = '{db.tableEngine=}', contextCustomizers = set[[empty]], contextLoader = 'org.springframework.test.context.support.DelegatingSmartContextLoader', parent = [null]]]
18:00:10.361 [main] DEBUG org.springframework.test.context.cache - Spring test ApplicationContext cache statistics: [DefaultContextCache@4675f5b0 size = 1, maxSize = 32, parentContextCount = 0, hitCount = 255, missCount = 1]
18:00:10.362 [main] DEBUG org.springframework.test.context.cache.DefaultCacheAwareContextLoaderDelegate - Retrieved ApplicationContext [1050971191] from cache with key [[MergedContextConfiguration@1389e498 testClass = ConfigurationBusiness_CoreSpringServerIT, locations = '{}', classes = '{class fr.insalyon.creatis.vip.core.server.SpringCoreConfig}', contextInitializerClasses = '[]', activeProfiles = '{test-db, test}', propertySourceLocations = '{}', propertySourceProperties = '{db.tableEngine=}', contextCustomizers = set[[empty]], contextLoader = 'org.springframework.test.context.support.DelegatingSmartContextLoader', parent = [null]]]
18:00:10.362 [main] DEBUG org.springframework.test.context.cache - Spring test ApplicationContext cache statistics: [DefaultContextCache@4675f5b0 size = 1, maxSize = 32, parentContextCount = 0, hitCount = 256, missCount = 1]
18:00:10.362 [main] DEBUG org.springframework.jdbc.datasource.DataSourceTransactionManager - Initiating transaction rollback
18:00:10.362 [main] DEBUG org.springframework.jdbc.datasource.DataSourceTransactionManager - Rolling back JDBC transaction on Connection [conn50: url=jdbc:h2:mem:fec2b152-de2f-4c07-a3e1-df691c7daf9d user=SA]
18:00:10.362 [main] DEBUG org.springframework.jdbc.datasource.DataSourceTransactionManager - Releasing JDBC Connection [conn50: url=jdbc:h2:mem:fec2b152-de2f-4c07-a3e1-df691c7daf9d user=SA] after transaction
18:00:10.362 [main] INFO org.springframework.test.context.transaction.TransactionContext - Rolled back transaction for test: [DefaultTestContext@18e20fa8 testClass = ConfigurationBusiness_CoreSpringServerIT, testInstance = ConfigurationBusiness_CoreSpringServerIT@626d40a8, testMethod = testSendContactEmail@ConfigurationBusiness_CoreSpringServerIT, testException = [null], mergedContextConfiguration = [MergedContextConfiguration@1389e498 testClass = ConfigurationBusiness_CoreSpringServerIT, locations = '{}', classes = '{class fr.insalyon.creatis.vip.core.server.SpringCoreConfig}', contextInitializerClasses = '[]', activeProfiles = '{test-db, test}', propertySourceLocations = '{}', propertySourceProperties = '{db.tableEngine=}', contextCustomizers = set[[empty]], contextLoader = 'org.springframework.test.context.support.DelegatingSmartContextLoader', parent = [null]], attributes = map['org.springframework.test.context.event.ApplicationEventsTestExecutionListener.recordApplicationEvents' -> false]]
18:00:10.362 [main] DEBUG org.springframework.test.context.support.AbstractDirtiesContextTestExecutionListener - After test method: context [DefaultTestContext@18e20fa8 testClass = ConfigurationBusiness_CoreSpringServerIT, testInstance = ConfigurationBusiness_CoreSpringServerIT@626d40a8, testMethod = testSendContactEmail@ConfigurationBusiness_CoreSpringServerIT, testException = [null], mergedContextConfiguration = [MergedContextConfiguration@1389e498 testClass = ConfigurationBusiness_CoreSpringServerIT, locations = '{}', classes = '{class fr.insalyon.creatis.vip.core.server.SpringCoreConfig}', contextInitializerClasses = '[]', activeProfiles = '{test-db, test}', propertySourceLocations = '{}', propertySourceProperties = '{db.tableEngine=}', contextCustomizers = set[[empty]], contextLoader = 'org.springframework.test.context.support.DelegatingSmartContextLoader', parent = [null]], attributes = map['org.springframework.test.context.event.ApplicationEventsTestExecutionListener.recordApplicationEvents' -> false]], class annotated with @DirtiesContext [false] with mode [null], method annotated with @DirtiesContext [false] with mode [null].
]]></system-out>
  </testcase>
  <testcase name="testIsDeveloper" classname="ConfigurationBusiness_CoreSpringServerIT" time="0.019">
    <system-out><![CDATA[18:00:10.366 [main] DEBUG org.springframework.test.context.support.DependencyInjectionTestExecutionListener - Performing dependency injection for test context [[DefaultTestContext@18e20fa8 testClass = ConfigurationBusiness_CoreSpringServerIT, testInstance = ConfigurationBusiness_CoreSpringServerIT@6522d28e, testMethod = [null], testException = [null], mergedContextConfiguration = [MergedContextConfiguration@1389e498 testClass = ConfigurationBusiness_CoreSpringServerIT, locations = '{}', classes = '{class fr.insalyon.creatis.vip.core.server.SpringCoreConfig}', contextInitializerClasses = '[]', activeProfiles = '{test-db, test}', propertySourceLocations = '{}', propertySourceProperties = '{db.tableEngine=}', contextCustomizers = set[[empty]], contextLoader = 'org.springframework.test.context.support.DelegatingSmartContextLoader', parent = [null]], attributes = map['org.springframework.test.context.event.ApplicationEventsTestExecutionListener.recordApplicationEvents' -> false]]].
18:00:10.366 [main] DEBUG org.springframework.test.context.cache.DefaultCacheAwareContextLoaderDelegate - Retrieved ApplicationContext [1050971191] from cache with key [[MergedContextConfiguration@1389e498 testClass = ConfigurationBusiness_CoreSpringServerIT, locations = '{}', classes = '{class fr.insalyon.creatis.vip.core.server.SpringCoreConfig}', contextInitializerClasses = '[]', activeProfiles = '{test-db, test}', propertySourceLocations = '{}', propertySourceProperties = '{db.tableEngine=}', contextCustomizers = set[[empty]], contextLoader = 'org.springframework.test.context.support.DelegatingSmartContextLoader', parent = [null]]]
18:00:10.366 [main] DEBUG org.springframework.test.context.cache - Spring test ApplicationContext cache statistics: [DefaultContextCache@4675f5b0 size = 1, maxSize = 32, parentContextCount = 0, hitCount = 257, missCount = 1]
18:00:10.366 [main] DEBUG org.springframework.test.context.cache.DefaultCacheAwareContextLoaderDelegate - Retrieved ApplicationContext [1050971191] from cache with key [[MergedContextConfiguration@1389e498 testClass = ConfigurationBusiness_CoreSpringServerIT, locations = '{}', classes = '{class fr.insalyon.creatis.vip.core.server.SpringCoreConfig}', contextInitializerClasses = '[]', activeProfiles = '{test-db, test}', propertySourceLocations = '{}', propertySourceProperties = '{db.tableEngine=}', contextCustomizers = set[[empty]], contextLoader = 'org.springframework.test.context.support.DelegatingSmartContextLoader', parent = [null]]]
18:00:10.366 [main] DEBUG org.springframework.test.context.cache - Spring test ApplicationContext cache statistics: [DefaultContextCache@4675f5b0 size = 1, maxSize = 32, parentContextCount = 0, hitCount = 258, missCount = 1]
18:00:10.367 [main] DEBUG org.springframework.test.context.support.AbstractDirtiesContextTestExecutionListener - Before test method: context [DefaultTestContext@18e20fa8 testClass = ConfigurationBusiness_CoreSpringServerIT, testInstance = ConfigurationBusiness_CoreSpringServerIT@6522d28e, testMethod = testIsDeveloper@ConfigurationBusiness_CoreSpringServerIT, testException = [null], mergedContextConfiguration = [MergedContextConfiguration@1389e498 testClass = ConfigurationBusiness_CoreSpringServerIT, locations = '{}', classes = '{class fr.insalyon.creatis.vip.core.server.SpringCoreConfig}', contextInitializerClasses = '[]', activeProfiles = '{test-db, test}', propertySourceLocations = '{}', propertySourceProperties = '{db.tableEngine=}', contextCustomizers = set[[empty]], contextLoader = 'org.springframework.test.context.support.DelegatingSmartContextLoader', parent = [null]], attributes = map['org.springframework.test.context.event.ApplicationEventsTestExecutionListener.recordApplicationEvents' -> false]], class annotated with @DirtiesContext [false] with mode [null], method annotated with @DirtiesContext [false] with mode [null].
18:00:10.369 [main] DEBUG org.springframework.test.context.transaction.TransactionalTestExecutionListener - Explicit transaction definition [PROPAGATION_REQUIRED,ISOLATION_DEFAULT] found for test context [DefaultTestContext@18e20fa8 testClass = ConfigurationBusiness_CoreSpringServerIT, testInstance = ConfigurationBusiness_CoreSpringServerIT@6522d28e, testMethod = testIsDeveloper@ConfigurationBusiness_CoreSpringServerIT, testException = [null], mergedContextConfiguration = [MergedContextConfiguration@1389e498 testClass = ConfigurationBusiness_CoreSpringServerIT, locations = '{}', classes = '{class fr.insalyon.creatis.vip.core.server.SpringCoreConfig}', contextInitializerClasses = '[]', activeProfiles = '{test-db, test}', propertySourceLocations = '{}', propertySourceProperties = '{db.tableEngine=}', contextCustomizers = set[[empty]], contextLoader = 'org.springframework.test.context.support.DelegatingSmartContextLoader', parent = [null]], attributes = map['org.springframework.test.context.event.ApplicationEventsTestExecutionListener.recordApplicationEvents' -> false]]
18:00:10.369 [main] DEBUG org.springframework.test.context.cache.DefaultCacheAwareContextLoaderDelegate - Retrieved ApplicationContext [1050971191] from cache with key [[MergedContextConfiguration@1389e498 testClass = ConfigurationBusiness_CoreSpringServerIT, locations = '{}', classes = '{class fr.insalyon.creatis.vip.core.server.SpringCoreConfig}', contextInitializerClasses = '[]', activeProfiles = '{test-db, test}', propertySourceLocations = '{}', propertySourceProperties = '{db.tableEngine=}', contextCustomizers = set[[empty]], contextLoader = 'org.springframework.test.context.support.DelegatingSmartContextLoader', parent = [null]]]
18:00:10.369 [main] DEBUG org.springframework.test.context.cache - Spring test ApplicationContext cache statistics: [DefaultContextCache@4675f5b0 size = 1, maxSize = 32, parentContextCount = 0, hitCount = 259, missCount = 1]
18:00:10.369 [main] DEBUG org.springframework.test.context.transaction.TransactionalTestExecutionListener - No method-level @Rollback override: using default rollback [true] for test context [DefaultTestContext@18e20fa8 testClass = ConfigurationBusiness_CoreSpringServerIT, testInstance = ConfigurationBusiness_CoreSpringServerIT@6522d28e, testMethod = testIsDeveloper@ConfigurationBusiness_CoreSpringServerIT, testException = [null], mergedContextConfiguration = [MergedContextConfiguration@1389e498 testClass = ConfigurationBusiness_CoreSpringServerIT, locations = '{}', classes = '{class fr.insalyon.creatis.vip.core.server.SpringCoreConfig}', contextInitializerClasses = '[]', activeProfiles = '{test-db, test}', propertySourceLocations = '{}', propertySourceProperties = '{db.tableEngine=}', contextCustomizers = set[[empty]], contextLoader = 'org.springframework.test.context.support.DelegatingSmartContextLoader', parent = [null]], attributes = map['org.springframework.test.context.event.ApplicationEventsTestExecutionListener.recordApplicationEvents' -> false]].
18:00:10.369 [main] DEBUG org.springframework.jdbc.datasource.DataSourceTransactionManager - Creating new transaction with name [ConfigurationBusiness_CoreSpringServerIT.testIsDeveloper]: PROPAGATION_REQUIRED,ISOLATION_DEFAULT
18:00:10.370 [main] DEBUG org.springframework.jdbc.datasource.DataSourceTransactionManager - Acquired Connection [Lazy Connection proxy for target DataSource [org.springframework.jdbc.datasource.embedded.EmbeddedDatabaseFactory$EmbeddedDataSourceProxy@5764c072]] for JDBC transaction
18:00:10.370 [main] DEBUG org.springframework.jdbc.datasource.DataSourceTransactionManager - Switching JDBC Connection [Lazy Connection proxy for target DataSource [org.springframework.jdbc.datasource.embedded.EmbeddedDatabaseFactory$EmbeddedDataSourceProxy@5764c072]] to manual commit
18:00:10.370 [main] INFO org.springframework.test.context.transaction.TransactionContext - Began transaction (1) for test context [DefaultTestContext@18e20fa8 testClass = ConfigurationBusiness_CoreSpringServerIT, testInstance = ConfigurationBusiness_CoreSpringServerIT@6522d28e, testMethod = testIsDeveloper@ConfigurationBusiness_CoreSpringServerIT, testException = [null], mergedContextConfiguration = [MergedContextConfiguration@1389e498 testClass = ConfigurationBusiness_CoreSpringServerIT, locations = '{}', classes = '{class fr.insalyon.creatis.vip.core.server.SpringCoreConfig}', contextInitializerClasses = '[]', activeProfiles = '{test-db, test}', propertySourceLocations = '{}', propertySourceProperties = '{db.tableEngine=}', contextCustomizers = set[[empty]], contextLoader = 'org.springframework.test.context.support.DelegatingSmartContextLoader', parent = [null]], attributes = map['org.springframework.test.context.event.ApplicationEventsTestExecutionListener.recordApplicationEvents' -> false]]; transaction manager [org.springframework.jdbc.datasource.DataSourceTransactionManager@178b2df1]; rollback [true]
18:00:10.370 [main] DEBUG org.springframework.test.context.cache.DefaultCacheAwareContextLoaderDelegate - Retrieved ApplicationContext [1050971191] from cache with key [[MergedContextConfiguration@1389e498 testClass = ConfigurationBusiness_CoreSpringServerIT, locations = '{}', classes = '{class fr.insalyon.creatis.vip.core.server.SpringCoreConfig}', contextInitializerClasses = '[]', activeProfiles = '{test-db, test}', propertySourceLocations = '{}', propertySourceProperties = '{db.tableEngine=}', contextCustomizers = set[[empty]], contextLoader = 'org.springframework.test.context.support.DelegatingSmartContextLoader', parent = [null]]]
18:00:10.370 [main] DEBUG org.springframework.test.context.cache - Spring test ApplicationContext cache statistics: [DefaultContextCache@4675f5b0 size = 1, maxSize = 32, parentContextCount = 0, hitCount = 260, missCount = 1]
18:00:10.372 [main] DEBUG org.springframework.jdbc.datasource.DataSourceTransactionManager - Participating in existing transaction
18:00:10.372 [main] DEBUG org.springframework.jdbc.datasource.DataSourceTransactionManager - Participating in existing transaction
18:00:10.372 [main] DEBUG org.springframework.jdbc.datasource.SimpleDriverDataSource - Creating new JDBC Driver Connection to [jdbc:h2:mem:fec2b152-de2f-4c07-a3e1-df691c7daf9d;DB_CLOSE_DELAY=-1;DB_CLOSE_ON_EXIT=false]
18:00:10.374 [main] DEBUG org.springframework.jdbc.datasource.DataSourceTransactionManager - Participating in existing transaction
18:00:10.374 [main] DEBUG org.springframework.jdbc.datasource.DataSourceTransactionManager - Participating in existing transaction
18:00:10.374 [main] DEBUG org.springframework.jdbc.datasource.DataSourceTransactionManager - Participating in existing transaction
18:00:10.374 [main] DEBUG org.springframework.jdbc.datasource.DataSourceTransactionManager - Participating in existing transaction
18:00:10.375 [main] DEBUG org.springframework.jdbc.datasource.DataSourceTransactionManager - Participating in existing transaction
User = test1@test.fr
18:00:10.375 [main] INFO fr.insalyon.creatis.vip.core.server.business.ConfigurationBusiness - verifying test1@test.fr. List of undesired mail domains: . 
18:00:10.375 [main] INFO fr.insalyon.creatis.vip.core.server.business.ConfigurationBusiness - Signing up . List of undesired countries: .
18:00:10.375 [main] DEBUG org.springframework.jdbc.datasource.DataSourceTransactionManager - Participating in existing transaction
18:00:10.375 [main] DEBUG org.springframework.jdbc.datasource.DataSourceTransactionManager - Participating in existing transaction
18:00:10.376 [main] INFO fr.insalyon.creatis.vip.core.server.business.ConfigurationBusiness - Sending confirmation email to 'test1@test.fr'.
18:00:10.376 [main] DEBUG org.springframework.jdbc.datasource.DataSourceTransactionManager - Participating in existing transaction
18:00:10.377 [main] DEBUG org.springframework.jdbc.datasource.DataSourceTransactionManager - Participating in existing transaction
18:00:10.377 [main] DEBUG org.springframework.jdbc.datasource.DataSourceTransactionManager - Participating in existing transaction
18:00:10.377 [main] DEBUG org.springframework.jdbc.datasource.DataSourceTransactionManager - Participating in existing transaction
User = test2@test.fr
18:00:10.377 [main] INFO fr.insalyon.creatis.vip.core.server.business.ConfigurationBusiness - verifying test2@test.fr. List of undesired mail domains: . 
18:00:10.377 [main] INFO fr.insalyon.creatis.vip.core.server.business.ConfigurationBusiness - Signing up . List of undesired countries: .
18:00:10.377 [main] DEBUG org.springframework.jdbc.datasource.DataSourceTransactionManager - Participating in existing transaction
18:00:10.377 [main] DEBUG org.springframework.jdbc.datasource.DataSourceTransactionManager - Participating in existing transaction
18:00:10.377 [main] INFO fr.insalyon.creatis.vip.core.server.business.ConfigurationBusiness - Sending confirmation email to 'test2@test.fr'.
18:00:10.378 [main] DEBUG org.springframework.jdbc.datasource.DataSourceTransactionManager - Participating in existing transaction
18:00:10.378 [main] DEBUG org.springframework.jdbc.datasource.DataSourceTransactionManager - Participating in existing transaction
18:00:10.378 [main] DEBUG org.springframework.jdbc.datasource.DataSourceTransactionManager - Participating in existing transaction
18:00:10.378 [main] DEBUG org.springframework.jdbc.datasource.DataSourceTransactionManager - Participating in existing transaction
User = test3@test.fr
18:00:10.378 [main] INFO fr.insalyon.creatis.vip.core.server.business.ConfigurationBusiness - verifying test3@test.fr. List of undesired mail domains: . 
18:00:10.378 [main] INFO fr.insalyon.creatis.vip.core.server.business.ConfigurationBusiness - Signing up . List of undesired countries: .
18:00:10.379 [main] DEBUG org.springframework.jdbc.datasource.DataSourceTransactionManager - Participating in existing transaction
18:00:10.379 [main] DEBUG org.springframework.jdbc.datasource.DataSourceTransactionManager - Participating in existing transaction
18:00:10.380 [main] INFO fr.insalyon.creatis.vip.core.server.business.ConfigurationBusiness - Sending confirmation email to 'test3@test.fr'.
18:00:10.380 [main] DEBUG org.springframework.jdbc.datasource.DataSourceTransactionManager - Participating in existing transaction
18:00:10.381 [main] DEBUG org.springframework.jdbc.datasource.DataSourceTransactionManager - Participating in existing transaction
18:00:10.381 [main] DEBUG org.springframework.jdbc.datasource.DataSourceTransactionManager - Participating in existing transaction
18:00:10.381 [main] DEBUG org.springframework.jdbc.datasource.DataSourceTransactionManager - Participating in existing transaction
User = test4@test.fr
18:00:10.381 [main] INFO fr.insalyon.creatis.vip.core.server.business.ConfigurationBusiness - verifying test4@test.fr. List of undesired mail domains: . 
18:00:10.381 [main] INFO fr.insalyon.creatis.vip.core.server.business.ConfigurationBusiness - Signing up . List of undesired countries: .
18:00:10.382 [main] DEBUG org.springframework.jdbc.datasource.DataSourceTransactionManager - Participating in existing transaction
18:00:10.382 [main] DEBUG org.springframework.jdbc.datasource.DataSourceTransactionManager - Participating in existing transaction
18:00:10.382 [main] INFO fr.insalyon.creatis.vip.core.server.business.ConfigurationBusiness - Sending confirmation email to 'test4@test.fr'.
18:00:10.382 [main] DEBUG org.springframework.jdbc.datasource.DataSourceTransactionManager - Participating in existing transaction
18:00:10.382 [main] DEBUG org.springframework.jdbc.datasource.DataSourceTransactionManager - Participating in existing transaction
18:00:10.382 [main] DEBUG org.springframework.jdbc.datasource.DataSourceTransactionManager - Participating in existing transaction
18:00:10.382 [main] DEBUG org.springframework.jdbc.datasource.DataSourceTransactionManager - Participating in existing transaction
18:00:10.383 [main] DEBUG org.springframework.jdbc.datasource.DataSourceTransactionManager - Participating in existing transaction
18:00:10.383 [main] DEBUG org.springframework.jdbc.datasource.DataSourceTransactionManager - Participating in existing transaction
18:00:10.383 [main] DEBUG org.springframework.jdbc.datasource.DataSourceTransactionManager - Participating in existing transaction
18:00:10.383 [main] DEBUG org.springframework.jdbc.datasource.DataSourceTransactionManager - Participating in existing transaction
18:00:10.383 [main] DEBUG org.springframework.jdbc.datasource.DataSourceTransactionManager - Participating in existing transaction
18:00:10.383 [main] DEBUG org.springframework.jdbc.datasource.DataSourceTransactionManager - Participating in existing transaction
18:00:10.383 [main] DEBUG org.springframework.jdbc.datasource.DataSourceTransactionManager - Participating in existing transaction
18:00:10.383 [main] DEBUG org.springframework.jdbc.datasource.DataSourceTransactionManager - Participating in existing transaction
User = email5@test.fr
18:00:10.383 [main] INFO fr.insalyon.creatis.vip.core.server.business.ConfigurationBusiness - verifying email5@test.fr. List of undesired mail domains: . 
18:00:10.383 [main] INFO fr.insalyon.creatis.vip.core.server.business.ConfigurationBusiness - Signing up . List of undesired countries: .
18:00:10.384 [main] DEBUG org.springframework.jdbc.datasource.DataSourceTransactionManager - Participating in existing transaction
18:00:10.384 [main] DEBUG org.springframework.jdbc.datasource.DataSourceTransactionManager - Participating in existing transaction
18:00:10.384 [main] INFO fr.insalyon.creatis.vip.core.server.business.ConfigurationBusiness - Sending confirmation email to 'email5@test.fr'.
18:00:10.384 [main] DEBUG org.springframework.jdbc.datasource.DataSourceTransactionManager - Participating in existing transaction
18:00:10.384 [main] DEBUG org.springframework.test.context.cache.DefaultCacheAwareContextLoaderDelegate - Retrieved ApplicationContext [1050971191] from cache with key [[MergedContextConfiguration@1389e498 testClass = ConfigurationBusiness_CoreSpringServerIT, locations = '{}', classes = '{class fr.insalyon.creatis.vip.core.server.SpringCoreConfig}', contextInitializerClasses = '[]', activeProfiles = '{test-db, test}', propertySourceLocations = '{}', propertySourceProperties = '{db.tableEngine=}', contextCustomizers = set[[empty]], contextLoader = 'org.springframework.test.context.support.DelegatingSmartContextLoader', parent = [null]]]
18:00:10.385 [main] DEBUG org.springframework.test.context.cache - Spring test ApplicationContext cache statistics: [DefaultContextCache@4675f5b0 size = 1, maxSize = 32, parentContextCount = 0, hitCount = 261, missCount = 1]
18:00:10.385 [main] DEBUG org.springframework.test.context.cache.DefaultCacheAwareContextLoaderDelegate - Retrieved ApplicationContext [1050971191] from cache with key [[MergedContextConfiguration@1389e498 testClass = ConfigurationBusiness_CoreSpringServerIT, locations = '{}', classes = '{class fr.insalyon.creatis.vip.core.server.SpringCoreConfig}', contextInitializerClasses = '[]', activeProfiles = '{test-db, test}', propertySourceLocations = '{}', propertySourceProperties = '{db.tableEngine=}', contextCustomizers = set[[empty]], contextLoader = 'org.springframework.test.context.support.DelegatingSmartContextLoader', parent = [null]]]
18:00:10.385 [main] DEBUG org.springframework.test.context.cache - Spring test ApplicationContext cache statistics: [DefaultContextCache@4675f5b0 size = 1, maxSize = 32, parentContextCount = 0, hitCount = 262, missCount = 1]
18:00:10.385 [main] DEBUG org.springframework.test.context.cache.DefaultCacheAwareContextLoaderDelegate - Retrieved ApplicationContext [1050971191] from cache with key [[MergedContextConfiguration@1389e498 testClass = ConfigurationBusiness_CoreSpringServerIT, locations = '{}', classes = '{class fr.insalyon.creatis.vip.core.server.SpringCoreConfig}', contextInitializerClasses = '[]', activeProfiles = '{test-db, test}', propertySourceLocations = '{}', propertySourceProperties = '{db.tableEngine=}', contextCustomizers = set[[empty]], contextLoader = 'org.springframework.test.context.support.DelegatingSmartContextLoader', parent = [null]]]
18:00:10.385 [main] DEBUG org.springframework.test.context.cache - Spring test ApplicationContext cache statistics: [DefaultContextCache@4675f5b0 size = 1, maxSize = 32, parentContextCount = 0, hitCount = 263, missCount = 1]
18:00:10.385 [main] DEBUG org.springframework.jdbc.datasource.DataSourceTransactionManager - Initiating transaction rollback
18:00:10.385 [main] DEBUG org.springframework.jdbc.datasource.DataSourceTransactionManager - Rolling back JDBC transaction on Connection [conn51: url=jdbc:h2:mem:fec2b152-de2f-4c07-a3e1-df691c7daf9d user=SA]
18:00:10.385 [main] DEBUG org.springframework.jdbc.datasource.DataSourceTransactionManager - Releasing JDBC Connection [conn51: url=jdbc:h2:mem:fec2b152-de2f-4c07-a3e1-df691c7daf9d user=SA] after transaction
18:00:10.386 [main] INFO org.springframework.test.context.transaction.TransactionContext - Rolled back transaction for test: [DefaultTestContext@18e20fa8 testClass = ConfigurationBusiness_CoreSpringServerIT, testInstance = ConfigurationBusiness_CoreSpringServerIT@6522d28e, testMethod = testIsDeveloper@ConfigurationBusiness_CoreSpringServerIT, testException = [null], mergedContextConfiguration = [MergedContextConfiguration@1389e498 testClass = ConfigurationBusiness_CoreSpringServerIT, locations = '{}', classes = '{class fr.insalyon.creatis.vip.core.server.SpringCoreConfig}', contextInitializerClasses = '[]', activeProfiles = '{test-db, test}', propertySourceLocations = '{}', propertySourceProperties = '{db.tableEngine=}', contextCustomizers = set[[empty]], contextLoader = 'org.springframework.test.context.support.DelegatingSmartContextLoader', parent = [null]], attributes = map['org.springframework.test.context.event.ApplicationEventsTestExecutionListener.recordApplicationEvents' -> false]]
18:00:10.386 [main] DEBUG org.springframework.test.context.support.AbstractDirtiesContextTestExecutionListener - After test method: context [DefaultTestContext@18e20fa8 testClass = ConfigurationBusiness_CoreSpringServerIT, testInstance = ConfigurationBusiness_CoreSpringServerIT@6522d28e, testMethod = testIsDeveloper@ConfigurationBusiness_CoreSpringServerIT, testException = [null], mergedContextConfiguration = [MergedContextConfiguration@1389e498 testClass = ConfigurationBusiness_CoreSpringServerIT, locations = '{}', classes = '{class fr.insalyon.creatis.vip.core.server.SpringCoreConfig}', contextInitializerClasses = '[]', activeProfiles = '{test-db, test}', propertySourceLocations = '{}', propertySourceProperties = '{db.tableEngine=}', contextCustomizers = set[[empty]], contextLoader = 'org.springframework.test.context.support.DelegatingSmartContextLoader', parent = [null]], attributes = map['org.springframework.test.context.event.ApplicationEventsTestExecutionListener.recordApplicationEvents' -> false]], class annotated with @DirtiesContext [false] with mode [null], method annotated with @DirtiesContext [false] with mode [null].
]]></system-out>
  </testcase>
  <testcase name="testCatchGetApiKeyNonExistentUser" classname="ConfigurationBusiness_CoreSpringServerIT" time="0.022">
    <system-out><![CDATA[18:00:10.389 [main] DEBUG org.springframework.test.context.support.DependencyInjectionTestExecutionListener - Performing dependency injection for test context [[DefaultTestContext@18e20fa8 testClass = ConfigurationBusiness_CoreSpringServerIT, testInstance = ConfigurationBusiness_CoreSpringServerIT@56ddd82a, testMethod = [null], testException = [null], mergedContextConfiguration = [MergedContextConfiguration@1389e498 testClass = ConfigurationBusiness_CoreSpringServerIT, locations = '{}', classes = '{class fr.insalyon.creatis.vip.core.server.SpringCoreConfig}', contextInitializerClasses = '[]', activeProfiles = '{test-db, test}', propertySourceLocations = '{}', propertySourceProperties = '{db.tableEngine=}', contextCustomizers = set[[empty]], contextLoader = 'org.springframework.test.context.support.DelegatingSmartContextLoader', parent = [null]], attributes = map['org.springframework.test.context.event.ApplicationEventsTestExecutionListener.recordApplicationEvents' -> false]]].
18:00:10.389 [main] DEBUG org.springframework.test.context.cache.DefaultCacheAwareContextLoaderDelegate - Retrieved ApplicationContext [1050971191] from cache with key [[MergedContextConfiguration@1389e498 testClass = ConfigurationBusiness_CoreSpringServerIT, locations = '{}', classes = '{class fr.insalyon.creatis.vip.core.server.SpringCoreConfig}', contextInitializerClasses = '[]', activeProfiles = '{test-db, test}', propertySourceLocations = '{}', propertySourceProperties = '{db.tableEngine=}', contextCustomizers = set[[empty]], contextLoader = 'org.springframework.test.context.support.DelegatingSmartContextLoader', parent = [null]]]
18:00:10.389 [main] DEBUG org.springframework.test.context.cache - Spring test ApplicationContext cache statistics: [DefaultContextCache@4675f5b0 size = 1, maxSize = 32, parentContextCount = 0, hitCount = 264, missCount = 1]
18:00:10.389 [main] DEBUG org.springframework.test.context.cache.DefaultCacheAwareContextLoaderDelegate - Retrieved ApplicationContext [1050971191] from cache with key [[MergedContextConfiguration@1389e498 testClass = ConfigurationBusiness_CoreSpringServerIT, locations = '{}', classes = '{class fr.insalyon.creatis.vip.core.server.SpringCoreConfig}', contextInitializerClasses = '[]', activeProfiles = '{test-db, test}', propertySourceLocations = '{}', propertySourceProperties = '{db.tableEngine=}', contextCustomizers = set[[empty]], contextLoader = 'org.springframework.test.context.support.DelegatingSmartContextLoader', parent = [null]]]
18:00:10.389 [main] DEBUG org.springframework.test.context.cache - Spring test ApplicationContext cache statistics: [DefaultContextCache@4675f5b0 size = 1, maxSize = 32, parentContextCount = 0, hitCount = 265, missCount = 1]
18:00:10.391 [main] DEBUG org.springframework.test.context.support.AbstractDirtiesContextTestExecutionListener - Before test method: context [DefaultTestContext@18e20fa8 testClass = ConfigurationBusiness_CoreSpringServerIT, testInstance = ConfigurationBusiness_CoreSpringServerIT@56ddd82a, testMethod = testCatchGetApiKeyNonExistentUser@ConfigurationBusiness_CoreSpringServerIT, testException = [null], mergedContextConfiguration = [MergedContextConfiguration@1389e498 testClass = ConfigurationBusiness_CoreSpringServerIT, locations = '{}', classes = '{class fr.insalyon.creatis.vip.core.server.SpringCoreConfig}', contextInitializerClasses = '[]', activeProfiles = '{test-db, test}', propertySourceLocations = '{}', propertySourceProperties = '{db.tableEngine=}', contextCustomizers = set[[empty]], contextLoader = 'org.springframework.test.context.support.DelegatingSmartContextLoader', parent = [null]], attributes = map['org.springframework.test.context.event.ApplicationEventsTestExecutionListener.recordApplicationEvents' -> false]], class annotated with @DirtiesContext [false] with mode [null], method annotated with @DirtiesContext [false] with mode [null].
18:00:10.392 [main] DEBUG org.springframework.test.context.transaction.TransactionalTestExecutionListener - Explicit transaction definition [PROPAGATION_REQUIRED,ISOLATION_DEFAULT] found for test context [DefaultTestContext@18e20fa8 testClass = ConfigurationBusiness_CoreSpringServerIT, testInstance = ConfigurationBusiness_CoreSpringServerIT@56ddd82a, testMethod = testCatchGetApiKeyNonExistentUser@ConfigurationBusiness_CoreSpringServerIT, testException = [null], mergedContextConfiguration = [MergedContextConfiguration@1389e498 testClass = ConfigurationBusiness_CoreSpringServerIT, locations = '{}', classes = '{class fr.insalyon.creatis.vip.core.server.SpringCoreConfig}', contextInitializerClasses = '[]', activeProfiles = '{test-db, test}', propertySourceLocations = '{}', propertySourceProperties = '{db.tableEngine=}', contextCustomizers = set[[empty]], contextLoader = 'org.springframework.test.context.support.DelegatingSmartContextLoader', parent = [null]], attributes = map['org.springframework.test.context.event.ApplicationEventsTestExecutionListener.recordApplicationEvents' -> false]]
18:00:10.392 [main] DEBUG org.springframework.test.context.cache.DefaultCacheAwareContextLoaderDelegate - Retrieved ApplicationContext [1050971191] from cache with key [[MergedContextConfiguration@1389e498 testClass = ConfigurationBusiness_CoreSpringServerIT, locations = '{}', classes = '{class fr.insalyon.creatis.vip.core.server.SpringCoreConfig}', contextInitializerClasses = '[]', activeProfiles = '{test-db, test}', propertySourceLocations = '{}', propertySourceProperties = '{db.tableEngine=}', contextCustomizers = set[[empty]], contextLoader = 'org.springframework.test.context.support.DelegatingSmartContextLoader', parent = [null]]]
18:00:10.392 [main] DEBUG org.springframework.test.context.cache - Spring test ApplicationContext cache statistics: [DefaultContextCache@4675f5b0 size = 1, maxSize = 32, parentContextCount = 0, hitCount = 266, missCount = 1]
18:00:10.392 [main] DEBUG org.springframework.test.context.transaction.TransactionalTestExecutionListener - No method-level @Rollback override: using default rollback [true] for test context [DefaultTestContext@18e20fa8 testClass = ConfigurationBusiness_CoreSpringServerIT, testInstance = ConfigurationBusiness_CoreSpringServerIT@56ddd82a, testMethod = testCatchGetApiKeyNonExistentUser@ConfigurationBusiness_CoreSpringServerIT, testException = [null], mergedContextConfiguration = [MergedContextConfiguration@1389e498 testClass = ConfigurationBusiness_CoreSpringServerIT, locations = '{}', classes = '{class fr.insalyon.creatis.vip.core.server.SpringCoreConfig}', contextInitializerClasses = '[]', activeProfiles = '{test-db, test}', propertySourceLocations = '{}', propertySourceProperties = '{db.tableEngine=}', contextCustomizers = set[[empty]], contextLoader = 'org.springframework.test.context.support.DelegatingSmartContextLoader', parent = [null]], attributes = map['org.springframework.test.context.event.ApplicationEventsTestExecutionListener.recordApplicationEvents' -> false]].
18:00:10.392 [main] DEBUG org.springframework.jdbc.datasource.DataSourceTransactionManager - Creating new transaction with name [ConfigurationBusiness_CoreSpringServerIT.testCatchGetApiKeyNonExistentUser]: PROPAGATION_REQUIRED,ISOLATION_DEFAULT
18:00:10.393 [main] DEBUG org.springframework.jdbc.datasource.DataSourceTransactionManager - Acquired Connection [Lazy Connection proxy for target DataSource [org.springframework.jdbc.datasource.embedded.EmbeddedDatabaseFactory$EmbeddedDataSourceProxy@5764c072]] for JDBC transaction
18:00:10.393 [main] DEBUG org.springframework.jdbc.datasource.DataSourceTransactionManager - Switching JDBC Connection [Lazy Connection proxy for target DataSource [org.springframework.jdbc.datasource.embedded.EmbeddedDatabaseFactory$EmbeddedDataSourceProxy@5764c072]] to manual commit
18:00:10.393 [main] INFO org.springframework.test.context.transaction.TransactionContext - Began transaction (1) for test context [DefaultTestContext@18e20fa8 testClass = ConfigurationBusiness_CoreSpringServerIT, testInstance = ConfigurationBusiness_CoreSpringServerIT@56ddd82a, testMethod = testCatchGetApiKeyNonExistentUser@ConfigurationBusiness_CoreSpringServerIT, testException = [null], mergedContextConfiguration = [MergedContextConfiguration@1389e498 testClass = ConfigurationBusiness_CoreSpringServerIT, locations = '{}', classes = '{class fr.insalyon.creatis.vip.core.server.SpringCoreConfig}', contextInitializerClasses = '[]', activeProfiles = '{test-db, test}', propertySourceLocations = '{}', propertySourceProperties = '{db.tableEngine=}', contextCustomizers = set[[empty]], contextLoader = 'org.springframework.test.context.support.DelegatingSmartContextLoader', parent = [null]], attributes = map['org.springframework.test.context.event.ApplicationEventsTestExecutionListener.recordApplicationEvents' -> false]]; transaction manager [org.springframework.jdbc.datasource.DataSourceTransactionManager@178b2df1]; rollback [true]
18:00:10.393 [main] DEBUG org.springframework.test.context.cache.DefaultCacheAwareContextLoaderDelegate - Retrieved ApplicationContext [1050971191] from cache with key [[MergedContextConfiguration@1389e498 testClass = ConfigurationBusiness_CoreSpringServerIT, locations = '{}', classes = '{class fr.insalyon.creatis.vip.core.server.SpringCoreConfig}', contextInitializerClasses = '[]', activeProfiles = '{test-db, test}', propertySourceLocations = '{}', propertySourceProperties = '{db.tableEngine=}', contextCustomizers = set[[empty]], contextLoader = 'org.springframework.test.context.support.DelegatingSmartContextLoader', parent = [null]]]
18:00:10.393 [main] DEBUG org.springframework.test.context.cache - Spring test ApplicationContext cache statistics: [DefaultContextCache@4675f5b0 size = 1, maxSize = 32, parentContextCount = 0, hitCount = 267, missCount = 1]
18:00:10.394 [main] DEBUG org.springframework.jdbc.datasource.DataSourceTransactionManager - Participating in existing transaction
18:00:10.395 [main] DEBUG org.springframework.jdbc.datasource.DataSourceTransactionManager - Participating in existing transaction
18:00:10.395 [main] DEBUG org.springframework.jdbc.datasource.SimpleDriverDataSource - Creating new JDBC Driver Connection to [jdbc:h2:mem:fec2b152-de2f-4c07-a3e1-df691c7daf9d;DB_CLOSE_DELAY=-1;DB_CLOSE_ON_EXIT=false]
18:00:10.395 [main] DEBUG org.springframework.jdbc.datasource.DataSourceTransactionManager - Participating in existing transaction
18:00:10.395 [main] DEBUG org.springframework.jdbc.datasource.DataSourceTransactionManager - Participating in existing transaction
18:00:10.396 [main] DEBUG org.springframework.jdbc.datasource.DataSourceTransactionManager - Participating in existing transaction
18:00:10.396 [main] DEBUG org.springframework.jdbc.datasource.DataSourceTransactionManager - Participating in existing transaction
18:00:10.396 [main] DEBUG org.springframework.jdbc.datasource.DataSourceTransactionManager - Participating in existing transaction
User = test1@test.fr
18:00:10.396 [main] INFO fr.insalyon.creatis.vip.core.server.business.ConfigurationBusiness - verifying test1@test.fr. List of undesired mail domains: . 
18:00:10.397 [main] INFO fr.insalyon.creatis.vip.core.server.business.ConfigurationBusiness - Signing up . List of undesired countries: .
18:00:10.397 [main] DEBUG org.springframework.jdbc.datasource.DataSourceTransactionManager - Participating in existing transaction
18:00:10.397 [main] DEBUG org.springframework.jdbc.datasource.DataSourceTransactionManager - Participating in existing transaction
18:00:10.397 [main] INFO fr.insalyon.creatis.vip.core.server.business.ConfigurationBusiness - Sending confirmation email to 'test1@test.fr'.
18:00:10.397 [main] DEBUG org.springframework.jdbc.datasource.DataSourceTransactionManager - Participating in existing transaction
18:00:10.398 [main] DEBUG org.springframework.jdbc.datasource.DataSourceTransactionManager - Participating in existing transaction
18:00:10.398 [main] DEBUG org.springframework.jdbc.datasource.DataSourceTransactionManager - Participating in existing transaction
18:00:10.398 [main] DEBUG org.springframework.jdbc.datasource.DataSourceTransactionManager - Participating in existing transaction
User = test2@test.fr
18:00:10.398 [main] INFO fr.insalyon.creatis.vip.core.server.business.ConfigurationBusiness - verifying test2@test.fr. List of undesired mail domains: . 
18:00:10.398 [main] INFO fr.insalyon.creatis.vip.core.server.business.ConfigurationBusiness - Signing up . List of undesired countries: .
18:00:10.399 [main] DEBUG org.springframework.jdbc.datasource.DataSourceTransactionManager - Participating in existing transaction
18:00:10.399 [main] DEBUG org.springframework.jdbc.datasource.DataSourceTransactionManager - Participating in existing transaction
18:00:10.399 [main] INFO fr.insalyon.creatis.vip.core.server.business.ConfigurationBusiness - Sending confirmation email to 'test2@test.fr'.
18:00:10.399 [main] DEBUG org.springframework.jdbc.datasource.DataSourceTransactionManager - Participating in existing transaction
18:00:10.399 [main] DEBUG org.springframework.jdbc.datasource.DataSourceTransactionManager - Participating in existing transaction
18:00:10.399 [main] DEBUG org.springframework.jdbc.datasource.DataSourceTransactionManager - Participating in existing transaction
18:00:10.400 [main] DEBUG org.springframework.jdbc.datasource.DataSourceTransactionManager - Participating in existing transaction
User = test3@test.fr
18:00:10.400 [main] INFO fr.insalyon.creatis.vip.core.server.business.ConfigurationBusiness - verifying test3@test.fr. List of undesired mail domains: . 
18:00:10.400 [main] INFO fr.insalyon.creatis.vip.core.server.business.ConfigurationBusiness - Signing up . List of undesired countries: .
18:00:10.400 [main] DEBUG org.springframework.jdbc.datasource.DataSourceTransactionManager - Participating in existing transaction
18:00:10.400 [main] DEBUG org.springframework.jdbc.datasource.DataSourceTransactionManager - Participating in existing transaction
18:00:10.400 [main] INFO fr.insalyon.creatis.vip.core.server.business.ConfigurationBusiness - Sending confirmation email to 'test3@test.fr'.
18:00:10.400 [main] DEBUG org.springframework.jdbc.datasource.DataSourceTransactionManager - Participating in existing transaction
18:00:10.401 [main] DEBUG org.springframework.jdbc.datasource.DataSourceTransactionManager - Participating in existing transaction
18:00:10.401 [main] DEBUG org.springframework.jdbc.datasource.DataSourceTransactionManager - Participating in existing transaction
18:00:10.401 [main] DEBUG org.springframework.jdbc.datasource.DataSourceTransactionManager - Participating in existing transaction
User = test4@test.fr
18:00:10.401 [main] INFO fr.insalyon.creatis.vip.core.server.business.ConfigurationBusiness - verifying test4@test.fr. List of undesired mail domains: . 
18:00:10.401 [main] INFO fr.insalyon.creatis.vip.core.server.business.ConfigurationBusiness - Signing up . List of undesired countries: .
18:00:10.402 [main] DEBUG org.springframework.jdbc.datasource.DataSourceTransactionManager - Participating in existing transaction
18:00:10.402 [main] DEBUG org.springframework.jdbc.datasource.DataSourceTransactionManager - Participating in existing transaction
18:00:10.402 [main] INFO fr.insalyon.creatis.vip.core.server.business.ConfigurationBusiness - Sending confirmation email to 'test4@test.fr'.
18:00:10.402 [main] DEBUG org.springframework.jdbc.datasource.DataSourceTransactionManager - Participating in existing transaction
18:00:10.406 [main] DEBUG org.springframework.jdbc.datasource.DataSourceTransactionManager - Participating in existing transaction
18:00:10.406 [main] DEBUG org.springframework.jdbc.datasource.DataSourceTransactionManager - Participating in existing transaction
18:00:10.406 [main] DEBUG org.springframework.jdbc.datasource.DataSourceTransactionManager - Participating in existing transaction
18:00:10.406 [main] DEBUG org.springframework.jdbc.datasource.DataSourceTransactionManager - Participating in existing transaction
18:00:10.406 [main] DEBUG org.springframework.jdbc.datasource.DataSourceTransactionManager - Participating in existing transaction
18:00:10.406 [main] DEBUG org.springframework.jdbc.datasource.DataSourceTransactionManager - Participating in existing transaction
18:00:10.406 [main] DEBUG org.springframework.jdbc.datasource.DataSourceTransactionManager - Participating in existing transaction
18:00:10.406 [main] DEBUG org.springframework.jdbc.datasource.DataSourceTransactionManager - Participating in existing transaction
18:00:10.407 [main] DEBUG org.springframework.jdbc.datasource.DataSourceTransactionManager - Participating in existing transaction
18:00:10.407 [main] DEBUG org.springframework.jdbc.datasource.DataSourceTransactionManager - Participating in existing transaction
18:00:10.407 [main] DEBUG org.springframework.jdbc.datasource.DataSourceTransactionManager - Participating in existing transaction
User = email5@test.fr
18:00:10.407 [main] INFO fr.insalyon.creatis.vip.core.server.business.ConfigurationBusiness - verifying email5@test.fr. List of undesired mail domains: . 
18:00:10.407 [main] INFO fr.insalyon.creatis.vip.core.server.business.ConfigurationBusiness - Signing up . List of undesired countries: .
18:00:10.408 [main] DEBUG org.springframework.jdbc.datasource.DataSourceTransactionManager - Participating in existing transaction
18:00:10.408 [main] DEBUG org.springframework.jdbc.datasource.DataSourceTransactionManager - Participating in existing transaction
18:00:10.408 [main] INFO fr.insalyon.creatis.vip.core.server.business.ConfigurationBusiness - Sending confirmation email to 'email5@test.fr'.
18:00:10.408 [main] DEBUG org.springframework.jdbc.datasource.DataSourceTransactionManager - Participating in existing transaction
18:00:10.408 [main] DEBUG org.springframework.test.context.cache.DefaultCacheAwareContextLoaderDelegate - Retrieved ApplicationContext [1050971191] from cache with key [[MergedContextConfiguration@1389e498 testClass = ConfigurationBusiness_CoreSpringServerIT, locations = '{}', classes = '{class fr.insalyon.creatis.vip.core.server.SpringCoreConfig}', contextInitializerClasses = '[]', activeProfiles = '{test-db, test}', propertySourceLocations = '{}', propertySourceProperties = '{db.tableEngine=}', contextCustomizers = set[[empty]], contextLoader = 'org.springframework.test.context.support.DelegatingSmartContextLoader', parent = [null]]]
18:00:10.408 [main] DEBUG org.springframework.test.context.cache - Spring test ApplicationContext cache statistics: [DefaultContextCache@4675f5b0 size = 1, maxSize = 32, parentContextCount = 0, hitCount = 268, missCount = 1]
18:00:10.409 [main] DEBUG org.springframework.jdbc.datasource.DataSourceTransactionManager - Participating in existing transaction
18:00:10.409 [main] DEBUG org.springframework.jdbc.datasource.DataSourceTransactionManager - Participating in existing transaction
18:00:10.409 [main] ERROR fr.insalyon.creatis.vip.core.server.dao.mysql.UserData - There is no user registered with the e-mail nonExistent_user
18:00:10.409 [main] DEBUG org.springframework.test.context.cache.DefaultCacheAwareContextLoaderDelegate - Retrieved ApplicationContext [1050971191] from cache with key [[MergedContextConfiguration@1389e498 testClass = ConfigurationBusiness_CoreSpringServerIT, locations = '{}', classes = '{class fr.insalyon.creatis.vip.core.server.SpringCoreConfig}', contextInitializerClasses = '[]', activeProfiles = '{test-db, test}', propertySourceLocations = '{}', propertySourceProperties = '{db.tableEngine=}', contextCustomizers = set[[empty]], contextLoader = 'org.springframework.test.context.support.DelegatingSmartContextLoader', parent = [null]]]
18:00:10.409 [main] DEBUG org.springframework.test.context.cache - Spring test ApplicationContext cache statistics: [DefaultContextCache@4675f5b0 size = 1, maxSize = 32, parentContextCount = 0, hitCount = 269, missCount = 1]
18:00:10.409 [main] DEBUG org.springframework.test.context.cache.DefaultCacheAwareContextLoaderDelegate - Retrieved ApplicationContext [1050971191] from cache with key [[MergedContextConfiguration@1389e498 testClass = ConfigurationBusiness_CoreSpringServerIT, locations = '{}', classes = '{class fr.insalyon.creatis.vip.core.server.SpringCoreConfig}', contextInitializerClasses = '[]', activeProfiles = '{test-db, test}', propertySourceLocations = '{}', propertySourceProperties = '{db.tableEngine=}', contextCustomizers = set[[empty]], contextLoader = 'org.springframework.test.context.support.DelegatingSmartContextLoader', parent = [null]]]
18:00:10.409 [main] DEBUG org.springframework.test.context.cache - Spring test ApplicationContext cache statistics: [DefaultContextCache@4675f5b0 size = 1, maxSize = 32, parentContextCount = 0, hitCount = 270, missCount = 1]
18:00:10.410 [main] DEBUG org.springframework.jdbc.datasource.DataSourceTransactionManager - Initiating transaction rollback
18:00:10.410 [main] DEBUG org.springframework.jdbc.datasource.DataSourceTransactionManager - Rolling back JDBC transaction on Connection [conn52: url=jdbc:h2:mem:fec2b152-de2f-4c07-a3e1-df691c7daf9d user=SA]
18:00:10.410 [main] DEBUG org.springframework.jdbc.datasource.DataSourceTransactionManager - Releasing JDBC Connection [conn52: url=jdbc:h2:mem:fec2b152-de2f-4c07-a3e1-df691c7daf9d user=SA] after transaction
18:00:10.411 [main] INFO org.springframework.test.context.transaction.TransactionContext - Rolled back transaction for test: [DefaultTestContext@18e20fa8 testClass = ConfigurationBusiness_CoreSpringServerIT, testInstance = ConfigurationBusiness_CoreSpringServerIT@56ddd82a, testMethod = testCatchGetApiKeyNonExistentUser@ConfigurationBusiness_CoreSpringServerIT, testException = [null], mergedContextConfiguration = [MergedContextConfiguration@1389e498 testClass = ConfigurationBusiness_CoreSpringServerIT, locations = '{}', classes = '{class fr.insalyon.creatis.vip.core.server.SpringCoreConfig}', contextInitializerClasses = '[]', activeProfiles = '{test-db, test}', propertySourceLocations = '{}', propertySourceProperties = '{db.tableEngine=}', contextCustomizers = set[[empty]], contextLoader = 'org.springframework.test.context.support.DelegatingSmartContextLoader', parent = [null]], attributes = map['org.springframework.test.context.event.ApplicationEventsTestExecutionListener.recordApplicationEvents' -> false]]
18:00:10.411 [main] DEBUG org.springframework.test.context.support.AbstractDirtiesContextTestExecutionListener - After test method: context [DefaultTestContext@18e20fa8 testClass = ConfigurationBusiness_CoreSpringServerIT, testInstance = ConfigurationBusiness_CoreSpringServerIT@56ddd82a, testMethod = testCatchGetApiKeyNonExistentUser@ConfigurationBusiness_CoreSpringServerIT, testException = [null], mergedContextConfiguration = [MergedContextConfiguration@1389e498 testClass = ConfigurationBusiness_CoreSpringServerIT, locations = '{}', classes = '{class fr.insalyon.creatis.vip.core.server.SpringCoreConfig}', contextInitializerClasses = '[]', activeProfiles = '{test-db, test}', propertySourceLocations = '{}', propertySourceProperties = '{db.tableEngine=}', contextCustomizers = set[[empty]], contextLoader = 'org.springframework.test.context.support.DelegatingSmartContextLoader', parent = [null]], attributes = map['org.springframework.test.context.event.ApplicationEventsTestExecutionListener.recordApplicationEvents' -> false]], class annotated with @DirtiesContext [false] with mode [null], method annotated with @DirtiesContext [false] with mode [null].
]]></system-out>
  </testcase>
  <testcase name="testAssAcceptedTermOfUses" classname="ConfigurationBusiness_CoreSpringServerIT" time="0.015">
    <system-out><![CDATA[18:00:10.413 [main] DEBUG org.springframework.test.context.support.DependencyInjectionTestExecutionListener - Performing dependency injection for test context [[DefaultTestContext@18e20fa8 testClass = ConfigurationBusiness_CoreSpringServerIT, testInstance = ConfigurationBusiness_CoreSpringServerIT@7c0350b0, testMethod = [null], testException = [null], mergedContextConfiguration = [MergedContextConfiguration@1389e498 testClass = ConfigurationBusiness_CoreSpringServerIT, locations = '{}', classes = '{class fr.insalyon.creatis.vip.core.server.SpringCoreConfig}', contextInitializerClasses = '[]', activeProfiles = '{test-db, test}', propertySourceLocations = '{}', propertySourceProperties = '{db.tableEngine=}', contextCustomizers = set[[empty]], contextLoader = 'org.springframework.test.context.support.DelegatingSmartContextLoader', parent = [null]], attributes = map['org.springframework.test.context.event.ApplicationEventsTestExecutionListener.recordApplicationEvents' -> false]]].
18:00:10.414 [main] DEBUG org.springframework.test.context.cache.DefaultCacheAwareContextLoaderDelegate - Retrieved ApplicationContext [1050971191] from cache with key [[MergedContextConfiguration@1389e498 testClass = ConfigurationBusiness_CoreSpringServerIT, locations = '{}', classes = '{class fr.insalyon.creatis.vip.core.server.SpringCoreConfig}', contextInitializerClasses = '[]', activeProfiles = '{test-db, test}', propertySourceLocations = '{}', propertySourceProperties = '{db.tableEngine=}', contextCustomizers = set[[empty]], contextLoader = 'org.springframework.test.context.support.DelegatingSmartContextLoader', parent = [null]]]
18:00:10.414 [main] DEBUG org.springframework.test.context.cache - Spring test ApplicationContext cache statistics: [DefaultContextCache@4675f5b0 size = 1, maxSize = 32, parentContextCount = 0, hitCount = 271, missCount = 1]
18:00:10.414 [main] DEBUG org.springframework.test.context.cache.DefaultCacheAwareContextLoaderDelegate - Retrieved ApplicationContext [1050971191] from cache with key [[MergedContextConfiguration@1389e498 testClass = ConfigurationBusiness_CoreSpringServerIT, locations = '{}', classes = '{class fr.insalyon.creatis.vip.core.server.SpringCoreConfig}', contextInitializerClasses = '[]', activeProfiles = '{test-db, test}', propertySourceLocations = '{}', propertySourceProperties = '{db.tableEngine=}', contextCustomizers = set[[empty]], contextLoader = 'org.springframework.test.context.support.DelegatingSmartContextLoader', parent = [null]]]
18:00:10.414 [main] DEBUG org.springframework.test.context.cache - Spring test ApplicationContext cache statistics: [DefaultContextCache@4675f5b0 size = 1, maxSize = 32, parentContextCount = 0, hitCount = 272, missCount = 1]
18:00:10.415 [main] DEBUG org.springframework.test.context.support.AbstractDirtiesContextTestExecutionListener - Before test method: context [DefaultTestContext@18e20fa8 testClass = ConfigurationBusiness_CoreSpringServerIT, testInstance = ConfigurationBusiness_CoreSpringServerIT@7c0350b0, testMethod = testAssAcceptedTermOfUses@ConfigurationBusiness_CoreSpringServerIT, testException = [null], mergedContextConfiguration = [MergedContextConfiguration@1389e498 testClass = ConfigurationBusiness_CoreSpringServerIT, locations = '{}', classes = '{class fr.insalyon.creatis.vip.core.server.SpringCoreConfig}', contextInitializerClasses = '[]', activeProfiles = '{test-db, test}', propertySourceLocations = '{}', propertySourceProperties = '{db.tableEngine=}', contextCustomizers = set[[empty]], contextLoader = 'org.springframework.test.context.support.DelegatingSmartContextLoader', parent = [null]], attributes = map['org.springframework.test.context.event.ApplicationEventsTestExecutionListener.recordApplicationEvents' -> false]], class annotated with @DirtiesContext [false] with mode [null], method annotated with @DirtiesContext [false] with mode [null].
18:00:10.416 [main] DEBUG org.springframework.test.context.transaction.TransactionalTestExecutionListener - Explicit transaction definition [PROPAGATION_REQUIRED,ISOLATION_DEFAULT] found for test context [DefaultTestContext@18e20fa8 testClass = ConfigurationBusiness_CoreSpringServerIT, testInstance = ConfigurationBusiness_CoreSpringServerIT@7c0350b0, testMethod = testAssAcceptedTermOfUses@ConfigurationBusiness_CoreSpringServerIT, testException = [null], mergedContextConfiguration = [MergedContextConfiguration@1389e498 testClass = ConfigurationBusiness_CoreSpringServerIT, locations = '{}', classes = '{class fr.insalyon.creatis.vip.core.server.SpringCoreConfig}', contextInitializerClasses = '[]', activeProfiles = '{test-db, test}', propertySourceLocations = '{}', propertySourceProperties = '{db.tableEngine=}', contextCustomizers = set[[empty]], contextLoader = 'org.springframework.test.context.support.DelegatingSmartContextLoader', parent = [null]], attributes = map['org.springframework.test.context.event.ApplicationEventsTestExecutionListener.recordApplicationEvents' -> false]]
18:00:10.416 [main] DEBUG org.springframework.test.context.cache.DefaultCacheAwareContextLoaderDelegate - Retrieved ApplicationContext [1050971191] from cache with key [[MergedContextConfiguration@1389e498 testClass = ConfigurationBusiness_CoreSpringServerIT, locations = '{}', classes = '{class fr.insalyon.creatis.vip.core.server.SpringCoreConfig}', contextInitializerClasses = '[]', activeProfiles = '{test-db, test}', propertySourceLocations = '{}', propertySourceProperties = '{db.tableEngine=}', contextCustomizers = set[[empty]], contextLoader = 'org.springframework.test.context.support.DelegatingSmartContextLoader', parent = [null]]]
18:00:10.416 [main] DEBUG org.springframework.test.context.cache - Spring test ApplicationContext cache statistics: [DefaultContextCache@4675f5b0 size = 1, maxSize = 32, parentContextCount = 0, hitCount = 273, missCount = 1]
18:00:10.416 [main] DEBUG org.springframework.test.context.transaction.TransactionalTestExecutionListener - No method-level @Rollback override: using default rollback [true] for test context [DefaultTestContext@18e20fa8 testClass = ConfigurationBusiness_CoreSpringServerIT, testInstance = ConfigurationBusiness_CoreSpringServerIT@7c0350b0, testMethod = testAssAcceptedTermOfUses@ConfigurationBusiness_CoreSpringServerIT, testException = [null], mergedContextConfiguration = [MergedContextConfiguration@1389e498 testClass = ConfigurationBusiness_CoreSpringServerIT, locations = '{}', classes = '{class fr.insalyon.creatis.vip.core.server.SpringCoreConfig}', contextInitializerClasses = '[]', activeProfiles = '{test-db, test}', propertySourceLocations = '{}', propertySourceProperties = '{db.tableEngine=}', contextCustomizers = set[[empty]], contextLoader = 'org.springframework.test.context.support.DelegatingSmartContextLoader', parent = [null]], attributes = map['org.springframework.test.context.event.ApplicationEventsTestExecutionListener.recordApplicationEvents' -> false]].
18:00:10.416 [main] DEBUG org.springframework.jdbc.datasource.DataSourceTransactionManager - Creating new transaction with name [ConfigurationBusiness_CoreSpringServerIT.testAssAcceptedTermOfUses]: PROPAGATION_REQUIRED,ISOLATION_DEFAULT
18:00:10.416 [main] DEBUG org.springframework.jdbc.datasource.DataSourceTransactionManager - Acquired Connection [Lazy Connection proxy for target DataSource [org.springframework.jdbc.datasource.embedded.EmbeddedDatabaseFactory$EmbeddedDataSourceProxy@5764c072]] for JDBC transaction
18:00:10.417 [main] DEBUG org.springframework.jdbc.datasource.DataSourceTransactionManager - Switching JDBC Connection [Lazy Connection proxy for target DataSource [org.springframework.jdbc.datasource.embedded.EmbeddedDatabaseFactory$EmbeddedDataSourceProxy@5764c072]] to manual commit
18:00:10.417 [main] INFO org.springframework.test.context.transaction.TransactionContext - Began transaction (1) for test context [DefaultTestContext@18e20fa8 testClass = ConfigurationBusiness_CoreSpringServerIT, testInstance = ConfigurationBusiness_CoreSpringServerIT@7c0350b0, testMethod = testAssAcceptedTermOfUses@ConfigurationBusiness_CoreSpringServerIT, testException = [null], mergedContextConfiguration = [MergedContextConfiguration@1389e498 testClass = ConfigurationBusiness_CoreSpringServerIT, locations = '{}', classes = '{class fr.insalyon.creatis.vip.core.server.SpringCoreConfig}', contextInitializerClasses = '[]', activeProfiles = '{test-db, test}', propertySourceLocations = '{}', propertySourceProperties = '{db.tableEngine=}', contextCustomizers = set[[empty]], contextLoader = 'org.springframework.test.context.support.DelegatingSmartContextLoader', parent = [null]], attributes = map['org.springframework.test.context.event.ApplicationEventsTestExecutionListener.recordApplicationEvents' -> false]]; transaction manager [org.springframework.jdbc.datasource.DataSourceTransactionManager@178b2df1]; rollback [true]
18:00:10.417 [main] DEBUG org.springframework.test.context.cache.DefaultCacheAwareContextLoaderDelegate - Retrieved ApplicationContext [1050971191] from cache with key [[MergedContextConfiguration@1389e498 testClass = ConfigurationBusiness_CoreSpringServerIT, locations = '{}', classes = '{class fr.insalyon.creatis.vip.core.server.SpringCoreConfig}', contextInitializerClasses = '[]', activeProfiles = '{test-db, test}', propertySourceLocations = '{}', propertySourceProperties = '{db.tableEngine=}', contextCustomizers = set[[empty]], contextLoader = 'org.springframework.test.context.support.DelegatingSmartContextLoader', parent = [null]]]
18:00:10.417 [main] DEBUG org.springframework.test.context.cache - Spring test ApplicationContext cache statistics: [DefaultContextCache@4675f5b0 size = 1, maxSize = 32, parentContextCount = 0, hitCount = 274, missCount = 1]
18:00:10.418 [main] DEBUG org.springframework.jdbc.datasource.DataSourceTransactionManager - Participating in existing transaction
18:00:10.418 [main] DEBUG org.springframework.jdbc.datasource.DataSourceTransactionManager - Participating in existing transaction
18:00:10.418 [main] DEBUG org.springframework.jdbc.datasource.SimpleDriverDataSource - Creating new JDBC Driver Connection to [jdbc:h2:mem:fec2b152-de2f-4c07-a3e1-df691c7daf9d;DB_CLOSE_DELAY=-1;DB_CLOSE_ON_EXIT=false]
18:00:10.418 [main] DEBUG org.springframework.jdbc.datasource.DataSourceTransactionManager - Participating in existing transaction
18:00:10.419 [main] DEBUG org.springframework.jdbc.datasource.DataSourceTransactionManager - Participating in existing transaction
18:00:10.419 [main] DEBUG org.springframework.jdbc.datasource.DataSourceTransactionManager - Participating in existing transaction
18:00:10.419 [main] DEBUG org.springframework.jdbc.datasource.DataSourceTransactionManager - Participating in existing transaction
18:00:10.419 [main] DEBUG org.springframework.jdbc.datasource.DataSourceTransactionManager - Participating in existing transaction
User = test1@test.fr
18:00:10.419 [main] INFO fr.insalyon.creatis.vip.core.server.business.ConfigurationBusiness - verifying test1@test.fr. List of undesired mail domains: . 
18:00:10.420 [main] INFO fr.insalyon.creatis.vip.core.server.business.ConfigurationBusiness - Signing up . List of undesired countries: .
18:00:10.420 [main] DEBUG org.springframework.jdbc.datasource.DataSourceTransactionManager - Participating in existing transaction
18:00:10.420 [main] DEBUG org.springframework.jdbc.datasource.DataSourceTransactionManager - Participating in existing transaction
18:00:10.420 [main] INFO fr.insalyon.creatis.vip.core.server.business.ConfigurationBusiness - Sending confirmation email to 'test1@test.fr'.
18:00:10.420 [main] DEBUG org.springframework.jdbc.datasource.DataSourceTransactionManager - Participating in existing transaction
18:00:10.421 [main] DEBUG org.springframework.jdbc.datasource.DataSourceTransactionManager - Participating in existing transaction
18:00:10.421 [main] DEBUG org.springframework.jdbc.datasource.DataSourceTransactionManager - Participating in existing transaction
18:00:10.421 [main] DEBUG org.springframework.jdbc.datasource.DataSourceTransactionManager - Participating in existing transaction
User = test2@test.fr
18:00:10.421 [main] INFO fr.insalyon.creatis.vip.core.server.business.ConfigurationBusiness - verifying test2@test.fr. List of undesired mail domains: . 
18:00:10.421 [main] INFO fr.insalyon.creatis.vip.core.server.business.ConfigurationBusiness - Signing up . List of undesired countries: .
18:00:10.422 [main] DEBUG org.springframework.jdbc.datasource.DataSourceTransactionManager - Participating in existing transaction
18:00:10.422 [main] DEBUG org.springframework.jdbc.datasource.DataSourceTransactionManager - Participating in existing transaction
18:00:10.423 [main] INFO fr.insalyon.creatis.vip.core.server.business.ConfigurationBusiness - Sending confirmation email to 'test2@test.fr'.
18:00:10.423 [main] DEBUG org.springframework.jdbc.datasource.DataSourceTransactionManager - Participating in existing transaction
18:00:10.423 [main] DEBUG org.springframework.jdbc.datasource.DataSourceTransactionManager - Participating in existing transaction
18:00:10.423 [main] DEBUG org.springframework.jdbc.datasource.DataSourceTransactionManager - Participating in existing transaction
18:00:10.423 [main] DEBUG org.springframework.jdbc.datasource.DataSourceTransactionManager - Participating in existing transaction
User = test3@test.fr
18:00:10.423 [main] INFO fr.insalyon.creatis.vip.core.server.business.ConfigurationBusiness - verifying test3@test.fr. List of undesired mail domains: . 
18:00:10.423 [main] INFO fr.insalyon.creatis.vip.core.server.business.ConfigurationBusiness - Signing up . List of undesired countries: .
18:00:10.424 [main] DEBUG org.springframework.jdbc.datasource.DataSourceTransactionManager - Participating in existing transaction
18:00:10.424 [main] DEBUG org.springframework.jdbc.datasource.DataSourceTransactionManager - Participating in existing transaction
18:00:10.424 [main] INFO fr.insalyon.creatis.vip.core.server.business.ConfigurationBusiness - Sending confirmation email to 'test3@test.fr'.
18:00:10.424 [main] DEBUG org.springframework.jdbc.datasource.DataSourceTransactionManager - Participating in existing transaction
18:00:10.424 [main] DEBUG org.springframework.jdbc.datasource.DataSourceTransactionManager - Participating in existing transaction
18:00:10.425 [main] DEBUG org.springframework.jdbc.datasource.DataSourceTransactionManager - Participating in existing transaction
18:00:10.425 [main] DEBUG org.springframework.jdbc.datasource.DataSourceTransactionManager - Participating in existing transaction
User = test4@test.fr
18:00:10.425 [main] INFO fr.insalyon.creatis.vip.core.server.business.ConfigurationBusiness - verifying test4@test.fr. List of undesired mail domains: . 
18:00:10.425 [main] INFO fr.insalyon.creatis.vip.core.server.business.ConfigurationBusiness - Signing up . List of undesired countries: .
18:00:10.425 [main] DEBUG org.springframework.jdbc.datasource.DataSourceTransactionManager - Participating in existing transaction
18:00:10.425 [main] DEBUG org.springframework.jdbc.datasource.DataSourceTransactionManager - Participating in existing transaction
18:00:10.425 [main] INFO fr.insalyon.creatis.vip.core.server.business.ConfigurationBusiness - Sending confirmation email to 'test4@test.fr'.
18:00:10.426 [main] DEBUG org.springframework.jdbc.datasource.DataSourceTransactionManager - Participating in existing transaction
18:00:10.426 [main] DEBUG org.springframework.jdbc.datasource.DataSourceTransactionManager - Participating in existing transaction
18:00:10.426 [main] DEBUG org.springframework.jdbc.datasource.DataSourceTransactionManager - Participating in existing transaction
18:00:10.426 [main] DEBUG org.springframework.jdbc.datasource.DataSourceTransactionManager - Participating in existing transaction
18:00:10.426 [main] DEBUG org.springframework.jdbc.datasource.DataSourceTransactionManager - Participating in existing transaction
18:00:10.426 [main] DEBUG org.springframework.jdbc.datasource.DataSourceTransactionManager - Participating in existing transaction
18:00:10.426 [main] DEBUG org.springframework.jdbc.datasource.DataSourceTransactionManager - Participating in existing transaction
18:00:10.426 [main] DEBUG org.springframework.jdbc.datasource.DataSourceTransactionManager - Participating in existing transaction
18:00:10.426 [main] DEBUG org.springframework.jdbc.datasource.DataSourceTransactionManager - Participating in existing transaction
18:00:10.427 [main] DEBUG org.springframework.jdbc.datasource.DataSourceTransactionManager - Participating in existing transaction
18:00:10.427 [main] DEBUG org.springframework.jdbc.datasource.DataSourceTransactionManager - Participating in existing transaction
18:00:10.427 [main] DEBUG org.springframework.jdbc.datasource.DataSourceTransactionManager - Participating in existing transaction
User = email5@test.fr
18:00:10.427 [main] INFO fr.insalyon.creatis.vip.core.server.business.ConfigurationBusiness - verifying email5@test.fr. List of undesired mail domains: . 
18:00:10.427 [main] INFO fr.insalyon.creatis.vip.core.server.business.ConfigurationBusiness - Signing up . List of undesired countries: .
18:00:10.428 [main] DEBUG org.springframework.jdbc.datasource.DataSourceTransactionManager - Participating in existing transaction
18:00:10.428 [main] DEBUG org.springframework.jdbc.datasource.DataSourceTransactionManager - Participating in existing transaction
18:00:10.428 [main] INFO fr.insalyon.creatis.vip.core.server.business.ConfigurationBusiness - Sending confirmation email to 'email5@test.fr'.
18:00:10.428 [main] DEBUG org.springframework.jdbc.datasource.DataSourceTransactionManager - Participating in existing transaction
18:00:10.428 [main] DEBUG org.springframework.test.context.cache.DefaultCacheAwareContextLoaderDelegate - Retrieved ApplicationContext [1050971191] from cache with key [[MergedContextConfiguration@1389e498 testClass = ConfigurationBusiness_CoreSpringServerIT, locations = '{}', classes = '{class fr.insalyon.creatis.vip.core.server.SpringCoreConfig}', contextInitializerClasses = '[]', activeProfiles = '{test-db, test}', propertySourceLocations = '{}', propertySourceProperties = '{db.tableEngine=}', contextCustomizers = set[[empty]], contextLoader = 'org.springframework.test.context.support.DelegatingSmartContextLoader', parent = [null]]]
18:00:10.428 [main] DEBUG org.springframework.test.context.cache - Spring test ApplicationContext cache statistics: [DefaultContextCache@4675f5b0 size = 1, maxSize = 32, parentContextCount = 0, hitCount = 275, missCount = 1]
18:00:10.428 [main] DEBUG org.springframework.test.context.cache.DefaultCacheAwareContextLoaderDelegate - Retrieved ApplicationContext [1050971191] from cache with key [[MergedContextConfiguration@1389e498 testClass = ConfigurationBusiness_CoreSpringServerIT, locations = '{}', classes = '{class fr.insalyon.creatis.vip.core.server.SpringCoreConfig}', contextInitializerClasses = '[]', activeProfiles = '{test-db, test}', propertySourceLocations = '{}', propertySourceProperties = '{db.tableEngine=}', contextCustomizers = set[[empty]], contextLoader = 'org.springframework.test.context.support.DelegatingSmartContextLoader', parent = [null]]]
18:00:10.428 [main] DEBUG org.springframework.test.context.cache - Spring test ApplicationContext cache statistics: [DefaultContextCache@4675f5b0 size = 1, maxSize = 32, parentContextCount = 0, hitCount = 276, missCount = 1]
18:00:10.428 [main] DEBUG org.springframework.test.context.cache.DefaultCacheAwareContextLoaderDelegate - Retrieved ApplicationContext [1050971191] from cache with key [[MergedContextConfiguration@1389e498 testClass = ConfigurationBusiness_CoreSpringServerIT, locations = '{}', classes = '{class fr.insalyon.creatis.vip.core.server.SpringCoreConfig}', contextInitializerClasses = '[]', activeProfiles = '{test-db, test}', propertySourceLocations = '{}', propertySourceProperties = '{db.tableEngine=}', contextCustomizers = set[[empty]], contextLoader = 'org.springframework.test.context.support.DelegatingSmartContextLoader', parent = [null]]]
18:00:10.428 [main] DEBUG org.springframework.test.context.cache - Spring test ApplicationContext cache statistics: [DefaultContextCache@4675f5b0 size = 1, maxSize = 32, parentContextCount = 0, hitCount = 277, missCount = 1]
18:00:10.429 [main] DEBUG org.springframework.jdbc.datasource.DataSourceTransactionManager - Initiating transaction rollback
18:00:10.429 [main] DEBUG org.springframework.jdbc.datasource.DataSourceTransactionManager - Rolling back JDBC transaction on Connection [conn53: url=jdbc:h2:mem:fec2b152-de2f-4c07-a3e1-df691c7daf9d user=SA]
18:00:10.429 [main] DEBUG org.springframework.jdbc.datasource.DataSourceTransactionManager - Releasing JDBC Connection [conn53: url=jdbc:h2:mem:fec2b152-de2f-4c07-a3e1-df691c7daf9d user=SA] after transaction
18:00:10.429 [main] INFO org.springframework.test.context.transaction.TransactionContext - Rolled back transaction for test: [DefaultTestContext@18e20fa8 testClass = ConfigurationBusiness_CoreSpringServerIT, testInstance = ConfigurationBusiness_CoreSpringServerIT@7c0350b0, testMethod = testAssAcceptedTermOfUses@ConfigurationBusiness_CoreSpringServerIT, testException = [null], mergedContextConfiguration = [MergedContextConfiguration@1389e498 testClass = ConfigurationBusiness_CoreSpringServerIT, locations = '{}', classes = '{class fr.insalyon.creatis.vip.core.server.SpringCoreConfig}', contextInitializerClasses = '[]', activeProfiles = '{test-db, test}', propertySourceLocations = '{}', propertySourceProperties = '{db.tableEngine=}', contextCustomizers = set[[empty]], contextLoader = 'org.springframework.test.context.support.DelegatingSmartContextLoader', parent = [null]], attributes = map['org.springframework.test.context.event.ApplicationEventsTestExecutionListener.recordApplicationEvents' -> false]]
18:00:10.429 [main] DEBUG org.springframework.test.context.support.AbstractDirtiesContextTestExecutionListener - After test method: context [DefaultTestContext@18e20fa8 testClass = ConfigurationBusiness_CoreSpringServerIT, testInstance = ConfigurationBusiness_CoreSpringServerIT@7c0350b0, testMethod = testAssAcceptedTermOfUses@ConfigurationBusiness_CoreSpringServerIT, testException = [null], mergedContextConfiguration = [MergedContextConfiguration@1389e498 testClass = ConfigurationBusiness_CoreSpringServerIT, locations = '{}', classes = '{class fr.insalyon.creatis.vip.core.server.SpringCoreConfig}', contextInitializerClasses = '[]', activeProfiles = '{test-db, test}', propertySourceLocations = '{}', propertySourceProperties = '{db.tableEngine=}', contextCustomizers = set[[empty]], contextLoader = 'org.springframework.test.context.support.DelegatingSmartContextLoader', parent = [null]], attributes = map['org.springframework.test.context.event.ApplicationEventsTestExecutionListener.recordApplicationEvents' -> false]], class annotated with @DirtiesContext [false] with mode [null], method annotated with @DirtiesContext [false] with mode [null].
]]></system-out>
  </testcase>
  <testcase name="testCreateUser" classname="ConfigurationBusiness_CoreSpringServerIT" time="0.031">
    <system-out><![CDATA[18:00:10.430 [main] DEBUG org.springframework.test.context.support.DependencyInjectionTestExecutionListener - Performing dependency injection for test context [[DefaultTestContext@18e20fa8 testClass = ConfigurationBusiness_CoreSpringServerIT, testInstance = ConfigurationBusiness_CoreSpringServerIT@4edbf855, testMethod = [null], testException = [null], mergedContextConfiguration = [MergedContextConfiguration@1389e498 testClass = ConfigurationBusiness_CoreSpringServerIT, locations = '{}', classes = '{class fr.insalyon.creatis.vip.core.server.SpringCoreConfig}', contextInitializerClasses = '[]', activeProfiles = '{test-db, test}', propertySourceLocations = '{}', propertySourceProperties = '{db.tableEngine=}', contextCustomizers = set[[empty]], contextLoader = 'org.springframework.test.context.support.DelegatingSmartContextLoader', parent = [null]], attributes = map['org.springframework.test.context.event.ApplicationEventsTestExecutionListener.recordApplicationEvents' -> false]]].
18:00:10.430 [main] DEBUG org.springframework.test.context.cache.DefaultCacheAwareContextLoaderDelegate - Retrieved ApplicationContext [1050971191] from cache with key [[MergedContextConfiguration@1389e498 testClass = ConfigurationBusiness_CoreSpringServerIT, locations = '{}', classes = '{class fr.insalyon.creatis.vip.core.server.SpringCoreConfig}', contextInitializerClasses = '[]', activeProfiles = '{test-db, test}', propertySourceLocations = '{}', propertySourceProperties = '{db.tableEngine=}', contextCustomizers = set[[empty]], contextLoader = 'org.springframework.test.context.support.DelegatingSmartContextLoader', parent = [null]]]
18:00:10.430 [main] DEBUG org.springframework.test.context.cache - Spring test ApplicationContext cache statistics: [DefaultContextCache@4675f5b0 size = 1, maxSize = 32, parentContextCount = 0, hitCount = 278, missCount = 1]
18:00:10.430 [main] DEBUG org.springframework.test.context.cache.DefaultCacheAwareContextLoaderDelegate - Retrieved ApplicationContext [1050971191] from cache with key [[MergedContextConfiguration@1389e498 testClass = ConfigurationBusiness_CoreSpringServerIT, locations = '{}', classes = '{class fr.insalyon.creatis.vip.core.server.SpringCoreConfig}', contextInitializerClasses = '[]', activeProfiles = '{test-db, test}', propertySourceLocations = '{}', propertySourceProperties = '{db.tableEngine=}', contextCustomizers = set[[empty]], contextLoader = 'org.springframework.test.context.support.DelegatingSmartContextLoader', parent = [null]]]
18:00:10.431 [main] DEBUG org.springframework.test.context.cache - Spring test ApplicationContext cache statistics: [DefaultContextCache@4675f5b0 size = 1, maxSize = 32, parentContextCount = 0, hitCount = 279, missCount = 1]
18:00:10.431 [main] DEBUG org.springframework.test.context.support.AbstractDirtiesContextTestExecutionListener - Before test method: context [DefaultTestContext@18e20fa8 testClass = ConfigurationBusiness_CoreSpringServerIT, testInstance = ConfigurationBusiness_CoreSpringServerIT@4edbf855, testMethod = testCreateUser@ConfigurationBusiness_CoreSpringServerIT, testException = [null], mergedContextConfiguration = [MergedContextConfiguration@1389e498 testClass = ConfigurationBusiness_CoreSpringServerIT, locations = '{}', classes = '{class fr.insalyon.creatis.vip.core.server.SpringCoreConfig}', contextInitializerClasses = '[]', activeProfiles = '{test-db, test}', propertySourceLocations = '{}', propertySourceProperties = '{db.tableEngine=}', contextCustomizers = set[[empty]], contextLoader = 'org.springframework.test.context.support.DelegatingSmartContextLoader', parent = [null]], attributes = map['org.springframework.test.context.event.ApplicationEventsTestExecutionListener.recordApplicationEvents' -> false]], class annotated with @DirtiesContext [false] with mode [null], method annotated with @DirtiesContext [false] with mode [null].
18:00:10.434 [main] DEBUG org.springframework.test.context.transaction.TransactionalTestExecutionListener - Explicit transaction definition [PROPAGATION_REQUIRED,ISOLATION_DEFAULT] found for test context [DefaultTestContext@18e20fa8 testClass = ConfigurationBusiness_CoreSpringServerIT, testInstance = ConfigurationBusiness_CoreSpringServerIT@4edbf855, testMethod = testCreateUser@ConfigurationBusiness_CoreSpringServerIT, testException = [null], mergedContextConfiguration = [MergedContextConfiguration@1389e498 testClass = ConfigurationBusiness_CoreSpringServerIT, locations = '{}', classes = '{class fr.insalyon.creatis.vip.core.server.SpringCoreConfig}', contextInitializerClasses = '[]', activeProfiles = '{test-db, test}', propertySourceLocations = '{}', propertySourceProperties = '{db.tableEngine=}', contextCustomizers = set[[empty]], contextLoader = 'org.springframework.test.context.support.DelegatingSmartContextLoader', parent = [null]], attributes = map['org.springframework.test.context.event.ApplicationEventsTestExecutionListener.recordApplicationEvents' -> false]]
18:00:10.434 [main] DEBUG org.springframework.test.context.cache.DefaultCacheAwareContextLoaderDelegate - Retrieved ApplicationContext [1050971191] from cache with key [[MergedContextConfiguration@1389e498 testClass = ConfigurationBusiness_CoreSpringServerIT, locations = '{}', classes = '{class fr.insalyon.creatis.vip.core.server.SpringCoreConfig}', contextInitializerClasses = '[]', activeProfiles = '{test-db, test}', propertySourceLocations = '{}', propertySourceProperties = '{db.tableEngine=}', contextCustomizers = set[[empty]], contextLoader = 'org.springframework.test.context.support.DelegatingSmartContextLoader', parent = [null]]]
18:00:10.434 [main] DEBUG org.springframework.test.context.cache - Spring test ApplicationContext cache statistics: [DefaultContextCache@4675f5b0 size = 1, maxSize = 32, parentContextCount = 0, hitCount = 280, missCount = 1]
18:00:10.434 [main] DEBUG org.springframework.test.context.transaction.TransactionalTestExecutionListener - No method-level @Rollback override: using default rollback [true] for test context [DefaultTestContext@18e20fa8 testClass = ConfigurationBusiness_CoreSpringServerIT, testInstance = ConfigurationBusiness_CoreSpringServerIT@4edbf855, testMethod = testCreateUser@ConfigurationBusiness_CoreSpringServerIT, testException = [null], mergedContextConfiguration = [MergedContextConfiguration@1389e498 testClass = ConfigurationBusiness_CoreSpringServerIT, locations = '{}', classes = '{class fr.insalyon.creatis.vip.core.server.SpringCoreConfig}', contextInitializerClasses = '[]', activeProfiles = '{test-db, test}', propertySourceLocations = '{}', propertySourceProperties = '{db.tableEngine=}', contextCustomizers = set[[empty]], contextLoader = 'org.springframework.test.context.support.DelegatingSmartContextLoader', parent = [null]], attributes = map['org.springframework.test.context.event.ApplicationEventsTestExecutionListener.recordApplicationEvents' -> false]].
18:00:10.434 [main] DEBUG org.springframework.jdbc.datasource.DataSourceTransactionManager - Creating new transaction with name [ConfigurationBusiness_CoreSpringServerIT.testCreateUser]: PROPAGATION_REQUIRED,ISOLATION_DEFAULT
18:00:10.434 [main] DEBUG org.springframework.jdbc.datasource.DataSourceTransactionManager - Acquired Connection [Lazy Connection proxy for target DataSource [org.springframework.jdbc.datasource.embedded.EmbeddedDatabaseFactory$EmbeddedDataSourceProxy@5764c072]] for JDBC transaction
18:00:10.435 [main] DEBUG org.springframework.jdbc.datasource.DataSourceTransactionManager - Switching JDBC Connection [Lazy Connection proxy for target DataSource [org.springframework.jdbc.datasource.embedded.EmbeddedDatabaseFactory$EmbeddedDataSourceProxy@5764c072]] to manual commit
18:00:10.435 [main] INFO org.springframework.test.context.transaction.TransactionContext - Began transaction (1) for test context [DefaultTestContext@18e20fa8 testClass = ConfigurationBusiness_CoreSpringServerIT, testInstance = ConfigurationBusiness_CoreSpringServerIT@4edbf855, testMethod = testCreateUser@ConfigurationBusiness_CoreSpringServerIT, testException = [null], mergedContextConfiguration = [MergedContextConfiguration@1389e498 testClass = ConfigurationBusiness_CoreSpringServerIT, locations = '{}', classes = '{class fr.insalyon.creatis.vip.core.server.SpringCoreConfig}', contextInitializerClasses = '[]', activeProfiles = '{test-db, test}', propertySourceLocations = '{}', propertySourceProperties = '{db.tableEngine=}', contextCustomizers = set[[empty]], contextLoader = 'org.springframework.test.context.support.DelegatingSmartContextLoader', parent = [null]], attributes = map['org.springframework.test.context.event.ApplicationEventsTestExecutionListener.recordApplicationEvents' -> false]]; transaction manager [org.springframework.jdbc.datasource.DataSourceTransactionManager@178b2df1]; rollback [true]
18:00:10.436 [main] DEBUG org.springframework.test.context.cache.DefaultCacheAwareContextLoaderDelegate - Retrieved ApplicationContext [1050971191] from cache with key [[MergedContextConfiguration@1389e498 testClass = ConfigurationBusiness_CoreSpringServerIT, locations = '{}', classes = '{class fr.insalyon.creatis.vip.core.server.SpringCoreConfig}', contextInitializerClasses = '[]', activeProfiles = '{test-db, test}', propertySourceLocations = '{}', propertySourceProperties = '{db.tableEngine=}', contextCustomizers = set[[empty]], contextLoader = 'org.springframework.test.context.support.DelegatingSmartContextLoader', parent = [null]]]
18:00:10.436 [main] DEBUG org.springframework.test.context.cache - Spring test ApplicationContext cache statistics: [DefaultContextCache@4675f5b0 size = 1, maxSize = 32, parentContextCount = 0, hitCount = 281, missCount = 1]
18:00:10.437 [main] DEBUG org.springframework.jdbc.datasource.DataSourceTransactionManager - Participating in existing transaction
18:00:10.437 [main] DEBUG org.springframework.jdbc.datasource.DataSourceTransactionManager - Participating in existing transaction
18:00:10.437 [main] DEBUG org.springframework.jdbc.datasource.SimpleDriverDataSource - Creating new JDBC Driver Connection to [jdbc:h2:mem:fec2b152-de2f-4c07-a3e1-df691c7daf9d;DB_CLOSE_DELAY=-1;DB_CLOSE_ON_EXIT=false]
18:00:10.441 [main] DEBUG org.springframework.jdbc.datasource.DataSourceTransactionManager - Participating in existing transaction
18:00:10.442 [main] DEBUG org.springframework.jdbc.datasource.DataSourceTransactionManager - Participating in existing transaction
18:00:10.442 [main] DEBUG org.springframework.jdbc.datasource.DataSourceTransactionManager - Participating in existing transaction
18:00:10.442 [main] DEBUG org.springframework.jdbc.datasource.DataSourceTransactionManager - Participating in existing transaction
18:00:10.442 [main] DEBUG org.springframework.jdbc.datasource.DataSourceTransactionManager - Participating in existing transaction
User = test1@test.fr
18:00:10.442 [main] INFO fr.insalyon.creatis.vip.core.server.business.ConfigurationBusiness - verifying test1@test.fr. List of undesired mail domains: . 
18:00:10.442 [main] INFO fr.insalyon.creatis.vip.core.server.business.ConfigurationBusiness - Signing up . List of undesired countries: .
18:00:10.443 [main] DEBUG org.springframework.jdbc.datasource.DataSourceTransactionManager - Participating in existing transaction
18:00:10.443 [main] DEBUG org.springframework.jdbc.datasource.DataSourceTransactionManager - Participating in existing transaction
18:00:10.443 [main] INFO fr.insalyon.creatis.vip.core.server.business.ConfigurationBusiness - Sending confirmation email to 'test1@test.fr'.
18:00:10.443 [main] DEBUG org.springframework.jdbc.datasource.DataSourceTransactionManager - Participating in existing transaction
18:00:10.444 [main] DEBUG org.springframework.jdbc.datasource.DataSourceTransactionManager - Participating in existing transaction
18:00:10.444 [main] DEBUG org.springframework.jdbc.datasource.DataSourceTransactionManager - Participating in existing transaction
18:00:10.445 [main] DEBUG org.springframework.jdbc.datasource.DataSourceTransactionManager - Participating in existing transaction
User = test2@test.fr
18:00:10.445 [main] INFO fr.insalyon.creatis.vip.core.server.business.ConfigurationBusiness - verifying test2@test.fr. List of undesired mail domains: . 
18:00:10.445 [main] INFO fr.insalyon.creatis.vip.core.server.business.ConfigurationBusiness - Signing up . List of undesired countries: .
18:00:10.445 [main] DEBUG org.springframework.jdbc.datasource.DataSourceTransactionManager - Participating in existing transaction
18:00:10.445 [main] DEBUG org.springframework.jdbc.datasource.DataSourceTransactionManager - Participating in existing transaction
18:00:10.445 [main] INFO fr.insalyon.creatis.vip.core.server.business.ConfigurationBusiness - Sending confirmation email to 'test2@test.fr'.
18:00:10.446 [main] DEBUG org.springframework.jdbc.datasource.DataSourceTransactionManager - Participating in existing transaction
18:00:10.447 [main] DEBUG org.springframework.jdbc.datasource.DataSourceTransactionManager - Participating in existing transaction
18:00:10.447 [main] DEBUG org.springframework.jdbc.datasource.DataSourceTransactionManager - Participating in existing transaction
18:00:10.447 [main] DEBUG org.springframework.jdbc.datasource.DataSourceTransactionManager - Participating in existing transaction
User = test3@test.fr
18:00:10.447 [main] INFO fr.insalyon.creatis.vip.core.server.business.ConfigurationBusiness - verifying test3@test.fr. List of undesired mail domains: . 
18:00:10.447 [main] INFO fr.insalyon.creatis.vip.core.server.business.ConfigurationBusiness - Signing up . List of undesired countries: .
18:00:10.447 [main] DEBUG org.springframework.jdbc.datasource.DataSourceTransactionManager - Participating in existing transaction
18:00:10.448 [main] DEBUG org.springframework.jdbc.datasource.DataSourceTransactionManager - Participating in existing transaction
18:00:10.448 [main] INFO fr.insalyon.creatis.vip.core.server.business.ConfigurationBusiness - Sending confirmation email to 'test3@test.fr'.
18:00:10.448 [main] DEBUG org.springframework.jdbc.datasource.DataSourceTransactionManager - Participating in existing transaction
18:00:10.455 [main] DEBUG org.springframework.jdbc.datasource.DataSourceTransactionManager - Participating in existing transaction
18:00:10.455 [main] DEBUG org.springframework.jdbc.datasource.DataSourceTransactionManager - Participating in existing transaction
18:00:10.455 [main] DEBUG org.springframework.jdbc.datasource.DataSourceTransactionManager - Participating in existing transaction
User = test4@test.fr
18:00:10.455 [main] INFO fr.insalyon.creatis.vip.core.server.business.ConfigurationBusiness - verifying test4@test.fr. List of undesired mail domains: . 
18:00:10.455 [main] INFO fr.insalyon.creatis.vip.core.server.business.ConfigurationBusiness - Signing up . List of undesired countries: .
18:00:10.456 [main] DEBUG org.springframework.jdbc.datasource.DataSourceTransactionManager - Participating in existing transaction
18:00:10.456 [main] DEBUG org.springframework.jdbc.datasource.DataSourceTransactionManager - Participating in existing transaction
18:00:10.456 [main] INFO fr.insalyon.creatis.vip.core.server.business.ConfigurationBusiness - Sending confirmation email to 'test4@test.fr'.
18:00:10.456 [main] DEBUG org.springframework.jdbc.datasource.DataSourceTransactionManager - Participating in existing transaction
18:00:10.456 [main] DEBUG org.springframework.jdbc.datasource.DataSourceTransactionManager - Participating in existing transaction
18:00:10.456 [main] DEBUG org.springframework.jdbc.datasource.DataSourceTransactionManager - Participating in existing transaction
18:00:10.457 [main] DEBUG org.springframework.jdbc.datasource.DataSourceTransactionManager - Participating in existing transaction
18:00:10.457 [main] DEBUG org.springframework.jdbc.datasource.DataSourceTransactionManager - Participating in existing transaction
18:00:10.457 [main] DEBUG org.springframework.jdbc.datasource.DataSourceTransactionManager - Participating in existing transaction
18:00:10.457 [main] DEBUG org.springframework.jdbc.datasource.DataSourceTransactionManager - Participating in existing transaction
18:00:10.457 [main] DEBUG org.springframework.jdbc.datasource.DataSourceTransactionManager - Participating in existing transaction
18:00:10.457 [main] DEBUG org.springframework.jdbc.datasource.DataSourceTransactionManager - Participating in existing transaction
18:00:10.457 [main] DEBUG org.springframework.jdbc.datasource.DataSourceTransactionManager - Participating in existing transaction
18:00:10.457 [main] DEBUG org.springframework.jdbc.datasource.DataSourceTransactionManager - Participating in existing transaction
18:00:10.457 [main] DEBUG org.springframework.jdbc.datasource.DataSourceTransactionManager - Participating in existing transaction
User = email5@test.fr
18:00:10.457 [main] INFO fr.insalyon.creatis.vip.core.server.business.ConfigurationBusiness - verifying email5@test.fr. List of undesired mail domains: . 
18:00:10.458 [main] INFO fr.insalyon.creatis.vip.core.server.business.ConfigurationBusiness - Signing up . List of undesired countries: .
18:00:10.458 [main] DEBUG org.springframework.jdbc.datasource.DataSourceTransactionManager - Participating in existing transaction
18:00:10.458 [main] DEBUG org.springframework.jdbc.datasource.DataSourceTransactionManager - Participating in existing transaction
18:00:10.458 [main] INFO fr.insalyon.creatis.vip.core.server.business.ConfigurationBusiness - Sending confirmation email to 'email5@test.fr'.
18:00:10.458 [main] DEBUG org.springframework.jdbc.datasource.DataSourceTransactionManager - Participating in existing transaction
18:00:10.459 [main] DEBUG org.springframework.test.context.cache.DefaultCacheAwareContextLoaderDelegate - Retrieved ApplicationContext [1050971191] from cache with key [[MergedContextConfiguration@1389e498 testClass = ConfigurationBusiness_CoreSpringServerIT, locations = '{}', classes = '{class fr.insalyon.creatis.vip.core.server.SpringCoreConfig}', contextInitializerClasses = '[]', activeProfiles = '{test-db, test}', propertySourceLocations = '{}', propertySourceProperties = '{db.tableEngine=}', contextCustomizers = set[[empty]], contextLoader = 'org.springframework.test.context.support.DelegatingSmartContextLoader', parent = [null]]]
18:00:10.459 [main] DEBUG org.springframework.test.context.cache - Spring test ApplicationContext cache statistics: [DefaultContextCache@4675f5b0 size = 1, maxSize = 32, parentContextCount = 0, hitCount = 282, missCount = 1]
18:00:10.459 [main] DEBUG org.springframework.jdbc.datasource.DataSourceTransactionManager - Participating in existing transaction
User = email9@test.fr
18:00:10.459 [main] INFO fr.insalyon.creatis.vip.core.server.business.ConfigurationBusiness - verifying email9@test.fr. List of undesired mail domains: . 
18:00:10.459 [main] INFO fr.insalyon.creatis.vip.core.server.business.ConfigurationBusiness - Signing up . List of undesired countries: .
18:00:10.459 [main] DEBUG org.springframework.jdbc.datasource.DataSourceTransactionManager - Participating in existing transaction
18:00:10.459 [main] DEBUG org.springframework.jdbc.datasource.DataSourceTransactionManager - Participating in existing transaction
18:00:10.459 [main] INFO fr.insalyon.creatis.vip.core.server.business.ConfigurationBusiness - Sending confirmation email to 'email9@test.fr'.
18:00:10.460 [main] DEBUG org.springframework.jdbc.datasource.DataSourceTransactionManager - Participating in existing transaction
18:00:10.460 [main] DEBUG org.springframework.jdbc.core.JdbcTemplate - Executing SQL query [SELECT COUNT(0) FROM VIPUsers]
18:00:10.460 [main] DEBUG org.springframework.test.context.cache.DefaultCacheAwareContextLoaderDelegate - Retrieved ApplicationContext [1050971191] from cache with key [[MergedContextConfiguration@1389e498 testClass = ConfigurationBusiness_CoreSpringServerIT, locations = '{}', classes = '{class fr.insalyon.creatis.vip.core.server.SpringCoreConfig}', contextInitializerClasses = '[]', activeProfiles = '{test-db, test}', propertySourceLocations = '{}', propertySourceProperties = '{db.tableEngine=}', contextCustomizers = set[[empty]], contextLoader = 'org.springframework.test.context.support.DelegatingSmartContextLoader', parent = [null]]]
18:00:10.460 [main] DEBUG org.springframework.test.context.cache - Spring test ApplicationContext cache statistics: [DefaultContextCache@4675f5b0 size = 1, maxSize = 32, parentContextCount = 0, hitCount = 283, missCount = 1]
18:00:10.461 [main] DEBUG org.springframework.test.context.cache.DefaultCacheAwareContextLoaderDelegate - Retrieved ApplicationContext [1050971191] from cache with key [[MergedContextConfiguration@1389e498 testClass = ConfigurationBusiness_CoreSpringServerIT, locations = '{}', classes = '{class fr.insalyon.creatis.vip.core.server.SpringCoreConfig}', contextInitializerClasses = '[]', activeProfiles = '{test-db, test}', propertySourceLocations = '{}', propertySourceProperties = '{db.tableEngine=}', contextCustomizers = set[[empty]], contextLoader = 'org.springframework.test.context.support.DelegatingSmartContextLoader', parent = [null]]]
18:00:10.461 [main] DEBUG org.springframework.test.context.cache - Spring test ApplicationContext cache statistics: [DefaultContextCache@4675f5b0 size = 1, maxSize = 32, parentContextCount = 0, hitCount = 284, missCount = 1]
18:00:10.461 [main] DEBUG org.springframework.jdbc.datasource.DataSourceTransactionManager - Initiating transaction rollback
18:00:10.461 [main] DEBUG org.springframework.jdbc.datasource.DataSourceTransactionManager - Rolling back JDBC transaction on Connection [conn54: url=jdbc:h2:mem:fec2b152-de2f-4c07-a3e1-df691c7daf9d user=SA]
18:00:10.461 [main] DEBUG org.springframework.jdbc.datasource.DataSourceTransactionManager - Releasing JDBC Connection [conn54: url=jdbc:h2:mem:fec2b152-de2f-4c07-a3e1-df691c7daf9d user=SA] after transaction
18:00:10.461 [main] INFO org.springframework.test.context.transaction.TransactionContext - Rolled back transaction for test: [DefaultTestContext@18e20fa8 testClass = ConfigurationBusiness_CoreSpringServerIT, testInstance = ConfigurationBusiness_CoreSpringServerIT@4edbf855, testMethod = testCreateUser@ConfigurationBusiness_CoreSpringServerIT, testException = [null], mergedContextConfiguration = [MergedContextConfiguration@1389e498 testClass = ConfigurationBusiness_CoreSpringServerIT, locations = '{}', classes = '{class fr.insalyon.creatis.vip.core.server.SpringCoreConfig}', contextInitializerClasses = '[]', activeProfiles = '{test-db, test}', propertySourceLocations = '{}', propertySourceProperties = '{db.tableEngine=}', contextCustomizers = set[[empty]], contextLoader = 'org.springframework.test.context.support.DelegatingSmartContextLoader', parent = [null]], attributes = map['org.springframework.test.context.event.ApplicationEventsTestExecutionListener.recordApplicationEvents' -> false]]
18:00:10.461 [main] DEBUG org.springframework.test.context.support.AbstractDirtiesContextTestExecutionListener - After test method: context [DefaultTestContext@18e20fa8 testClass = ConfigurationBusiness_CoreSpringServerIT, testInstance = ConfigurationBusiness_CoreSpringServerIT@4edbf855, testMethod = testCreateUser@ConfigurationBusiness_CoreSpringServerIT, testException = [null], mergedContextConfiguration = [MergedContextConfiguration@1389e498 testClass = ConfigurationBusiness_CoreSpringServerIT, locations = '{}', classes = '{class fr.insalyon.creatis.vip.core.server.SpringCoreConfig}', contextInitializerClasses = '[]', activeProfiles = '{test-db, test}', propertySourceLocations = '{}', propertySourceProperties = '{db.tableEngine=}', contextCustomizers = set[[empty]], contextLoader = 'org.springframework.test.context.support.DelegatingSmartContextLoader', parent = [null]], attributes = map['org.springframework.test.context.event.ApplicationEventsTestExecutionListener.recordApplicationEvents' -> false]], class annotated with @DirtiesContext [false] with mode [null], method annotated with @DirtiesContext [false] with mode [null].
]]></system-out>
  </testcase>
  <testcase name="testCatchNonExistentGroupAddUserToGroup" classname="ConfigurationBusiness_CoreSpringServerIT" time="0.024">
    <system-out><![CDATA[18:00:10.473 [main] DEBUG org.springframework.test.context.support.DependencyInjectionTestExecutionListener - Performing dependency injection for test context [[DefaultTestContext@18e20fa8 testClass = ConfigurationBusiness_CoreSpringServerIT, testInstance = ConfigurationBusiness_CoreSpringServerIT@7725070e, testMethod = [null], testException = [null], mergedContextConfiguration = [MergedContextConfiguration@1389e498 testClass = ConfigurationBusiness_CoreSpringServerIT, locations = '{}', classes = '{class fr.insalyon.creatis.vip.core.server.SpringCoreConfig}', contextInitializerClasses = '[]', activeProfiles = '{test-db, test}', propertySourceLocations = '{}', propertySourceProperties = '{db.tableEngine=}', contextCustomizers = set[[empty]], contextLoader = 'org.springframework.test.context.support.DelegatingSmartContextLoader', parent = [null]], attributes = map['org.springframework.test.context.event.ApplicationEventsTestExecutionListener.recordApplicationEvents' -> false]]].
18:00:10.473 [main] DEBUG org.springframework.test.context.cache.DefaultCacheAwareContextLoaderDelegate - Retrieved ApplicationContext [1050971191] from cache with key [[MergedContextConfiguration@1389e498 testClass = ConfigurationBusiness_CoreSpringServerIT, locations = '{}', classes = '{class fr.insalyon.creatis.vip.core.server.SpringCoreConfig}', contextInitializerClasses = '[]', activeProfiles = '{test-db, test}', propertySourceLocations = '{}', propertySourceProperties = '{db.tableEngine=}', contextCustomizers = set[[empty]], contextLoader = 'org.springframework.test.context.support.DelegatingSmartContextLoader', parent = [null]]]
18:00:10.473 [main] DEBUG org.springframework.test.context.cache - Spring test ApplicationContext cache statistics: [DefaultContextCache@4675f5b0 size = 1, maxSize = 32, parentContextCount = 0, hitCount = 285, missCount = 1]
18:00:10.473 [main] DEBUG org.springframework.test.context.cache.DefaultCacheAwareContextLoaderDelegate - Retrieved ApplicationContext [1050971191] from cache with key [[MergedContextConfiguration@1389e498 testClass = ConfigurationBusiness_CoreSpringServerIT, locations = '{}', classes = '{class fr.insalyon.creatis.vip.core.server.SpringCoreConfig}', contextInitializerClasses = '[]', activeProfiles = '{test-db, test}', propertySourceLocations = '{}', propertySourceProperties = '{db.tableEngine=}', contextCustomizers = set[[empty]], contextLoader = 'org.springframework.test.context.support.DelegatingSmartContextLoader', parent = [null]]]
18:00:10.473 [main] DEBUG org.springframework.test.context.cache - Spring test ApplicationContext cache statistics: [DefaultContextCache@4675f5b0 size = 1, maxSize = 32, parentContextCount = 0, hitCount = 286, missCount = 1]
18:00:10.477 [main] DEBUG org.springframework.test.context.support.AbstractDirtiesContextTestExecutionListener - Before test method: context [DefaultTestContext@18e20fa8 testClass = ConfigurationBusiness_CoreSpringServerIT, testInstance = ConfigurationBusiness_CoreSpringServerIT@7725070e, testMethod = testCatchNonExistentGroupAddUserToGroup@ConfigurationBusiness_CoreSpringServerIT, testException = [null], mergedContextConfiguration = [MergedContextConfiguration@1389e498 testClass = ConfigurationBusiness_CoreSpringServerIT, locations = '{}', classes = '{class fr.insalyon.creatis.vip.core.server.SpringCoreConfig}', contextInitializerClasses = '[]', activeProfiles = '{test-db, test}', propertySourceLocations = '{}', propertySourceProperties = '{db.tableEngine=}', contextCustomizers = set[[empty]], contextLoader = 'org.springframework.test.context.support.DelegatingSmartContextLoader', parent = [null]], attributes = map['org.springframework.test.context.event.ApplicationEventsTestExecutionListener.recordApplicationEvents' -> false]], class annotated with @DirtiesContext [false] with mode [null], method annotated with @DirtiesContext [false] with mode [null].
18:00:10.477 [main] DEBUG org.springframework.test.context.transaction.TransactionalTestExecutionListener - Explicit transaction definition [PROPAGATION_REQUIRED,ISOLATION_DEFAULT] found for test context [DefaultTestContext@18e20fa8 testClass = ConfigurationBusiness_CoreSpringServerIT, testInstance = ConfigurationBusiness_CoreSpringServerIT@7725070e, testMethod = testCatchNonExistentGroupAddUserToGroup@ConfigurationBusiness_CoreSpringServerIT, testException = [null], mergedContextConfiguration = [MergedContextConfiguration@1389e498 testClass = ConfigurationBusiness_CoreSpringServerIT, locations = '{}', classes = '{class fr.insalyon.creatis.vip.core.server.SpringCoreConfig}', contextInitializerClasses = '[]', activeProfiles = '{test-db, test}', propertySourceLocations = '{}', propertySourceProperties = '{db.tableEngine=}', contextCustomizers = set[[empty]], contextLoader = 'org.springframework.test.context.support.DelegatingSmartContextLoader', parent = [null]], attributes = map['org.springframework.test.context.event.ApplicationEventsTestExecutionListener.recordApplicationEvents' -> false]]
18:00:10.477 [main] DEBUG org.springframework.test.context.cache.DefaultCacheAwareContextLoaderDelegate - Retrieved ApplicationContext [1050971191] from cache with key [[MergedContextConfiguration@1389e498 testClass = ConfigurationBusiness_CoreSpringServerIT, locations = '{}', classes = '{class fr.insalyon.creatis.vip.core.server.SpringCoreConfig}', contextInitializerClasses = '[]', activeProfiles = '{test-db, test}', propertySourceLocations = '{}', propertySourceProperties = '{db.tableEngine=}', contextCustomizers = set[[empty]], contextLoader = 'org.springframework.test.context.support.DelegatingSmartContextLoader', parent = [null]]]
18:00:10.477 [main] DEBUG org.springframework.test.context.cache - Spring test ApplicationContext cache statistics: [DefaultContextCache@4675f5b0 size = 1, maxSize = 32, parentContextCount = 0, hitCount = 287, missCount = 1]
18:00:10.477 [main] DEBUG org.springframework.test.context.transaction.TransactionalTestExecutionListener - No method-level @Rollback override: using default rollback [true] for test context [DefaultTestContext@18e20fa8 testClass = ConfigurationBusiness_CoreSpringServerIT, testInstance = ConfigurationBusiness_CoreSpringServerIT@7725070e, testMethod = testCatchNonExistentGroupAddUserToGroup@ConfigurationBusiness_CoreSpringServerIT, testException = [null], mergedContextConfiguration = [MergedContextConfiguration@1389e498 testClass = ConfigurationBusiness_CoreSpringServerIT, locations = '{}', classes = '{class fr.insalyon.creatis.vip.core.server.SpringCoreConfig}', contextInitializerClasses = '[]', activeProfiles = '{test-db, test}', propertySourceLocations = '{}', propertySourceProperties = '{db.tableEngine=}', contextCustomizers = set[[empty]], contextLoader = 'org.springframework.test.context.support.DelegatingSmartContextLoader', parent = [null]], attributes = map['org.springframework.test.context.event.ApplicationEventsTestExecutionListener.recordApplicationEvents' -> false]].
18:00:10.478 [main] DEBUG org.springframework.jdbc.datasource.DataSourceTransactionManager - Creating new transaction with name [ConfigurationBusiness_CoreSpringServerIT.testCatchNonExistentGroupAddUserToGroup]: PROPAGATION_REQUIRED,ISOLATION_DEFAULT
18:00:10.478 [main] DEBUG org.springframework.jdbc.datasource.DataSourceTransactionManager - Acquired Connection [Lazy Connection proxy for target DataSource [org.springframework.jdbc.datasource.embedded.EmbeddedDatabaseFactory$EmbeddedDataSourceProxy@5764c072]] for JDBC transaction
18:00:10.478 [main] DEBUG org.springframework.jdbc.datasource.DataSourceTransactionManager - Switching JDBC Connection [Lazy Connection proxy for target DataSource [org.springframework.jdbc.datasource.embedded.EmbeddedDatabaseFactory$EmbeddedDataSourceProxy@5764c072]] to manual commit
18:00:10.478 [main] INFO org.springframework.test.context.transaction.TransactionContext - Began transaction (1) for test context [DefaultTestContext@18e20fa8 testClass = ConfigurationBusiness_CoreSpringServerIT, testInstance = ConfigurationBusiness_CoreSpringServerIT@7725070e, testMethod = testCatchNonExistentGroupAddUserToGroup@ConfigurationBusiness_CoreSpringServerIT, testException = [null], mergedContextConfiguration = [MergedContextConfiguration@1389e498 testClass = ConfigurationBusiness_CoreSpringServerIT, locations = '{}', classes = '{class fr.insalyon.creatis.vip.core.server.SpringCoreConfig}', contextInitializerClasses = '[]', activeProfiles = '{test-db, test}', propertySourceLocations = '{}', propertySourceProperties = '{db.tableEngine=}', contextCustomizers = set[[empty]], contextLoader = 'org.springframework.test.context.support.DelegatingSmartContextLoader', parent = [null]], attributes = map['org.springframework.test.context.event.ApplicationEventsTestExecutionListener.recordApplicationEvents' -> false]]; transaction manager [org.springframework.jdbc.datasource.DataSourceTransactionManager@178b2df1]; rollback [true]
18:00:10.478 [main] DEBUG org.springframework.test.context.cache.DefaultCacheAwareContextLoaderDelegate - Retrieved ApplicationContext [1050971191] from cache with key [[MergedContextConfiguration@1389e498 testClass = ConfigurationBusiness_CoreSpringServerIT, locations = '{}', classes = '{class fr.insalyon.creatis.vip.core.server.SpringCoreConfig}', contextInitializerClasses = '[]', activeProfiles = '{test-db, test}', propertySourceLocations = '{}', propertySourceProperties = '{db.tableEngine=}', contextCustomizers = set[[empty]], contextLoader = 'org.springframework.test.context.support.DelegatingSmartContextLoader', parent = [null]]]
18:00:10.478 [main] DEBUG org.springframework.test.context.cache - Spring test ApplicationContext cache statistics: [DefaultContextCache@4675f5b0 size = 1, maxSize = 32, parentContextCount = 0, hitCount = 288, missCount = 1]
18:00:10.480 [main] DEBUG org.springframework.jdbc.datasource.DataSourceTransactionManager - Participating in existing transaction
18:00:10.480 [main] DEBUG org.springframework.jdbc.datasource.DataSourceTransactionManager - Participating in existing transaction
18:00:10.480 [main] DEBUG org.springframework.jdbc.datasource.SimpleDriverDataSource - Creating new JDBC Driver Connection to [jdbc:h2:mem:fec2b152-de2f-4c07-a3e1-df691c7daf9d;DB_CLOSE_DELAY=-1;DB_CLOSE_ON_EXIT=false]
18:00:10.480 [main] DEBUG org.springframework.jdbc.datasource.DataSourceTransactionManager - Participating in existing transaction
18:00:10.481 [main] DEBUG org.springframework.jdbc.datasource.DataSourceTransactionManager - Participating in existing transaction
18:00:10.481 [main] DEBUG org.springframework.jdbc.datasource.DataSourceTransactionManager - Participating in existing transaction
18:00:10.481 [main] DEBUG org.springframework.jdbc.datasource.DataSourceTransactionManager - Participating in existing transaction
18:00:10.481 [main] DEBUG org.springframework.jdbc.datasource.DataSourceTransactionManager - Participating in existing transaction
User = test1@test.fr
18:00:10.481 [main] INFO fr.insalyon.creatis.vip.core.server.business.ConfigurationBusiness - verifying test1@test.fr. List of undesired mail domains: . 
18:00:10.481 [main] INFO fr.insalyon.creatis.vip.core.server.business.ConfigurationBusiness - Signing up . List of undesired countries: .
18:00:10.482 [main] DEBUG org.springframework.jdbc.datasource.DataSourceTransactionManager - Participating in existing transaction
18:00:10.482 [main] DEBUG org.springframework.jdbc.datasource.DataSourceTransactionManager - Participating in existing transaction
18:00:10.482 [main] INFO fr.insalyon.creatis.vip.core.server.business.ConfigurationBusiness - Sending confirmation email to 'test1@test.fr'.
18:00:10.482 [main] DEBUG org.springframework.jdbc.datasource.DataSourceTransactionManager - Participating in existing transaction
18:00:10.484 [main] DEBUG org.springframework.jdbc.datasource.DataSourceTransactionManager - Participating in existing transaction
18:00:10.484 [main] DEBUG org.springframework.jdbc.datasource.DataSourceTransactionManager - Participating in existing transaction
18:00:10.484 [main] DEBUG org.springframework.jdbc.datasource.DataSourceTransactionManager - Participating in existing transaction
User = test2@test.fr
18:00:10.485 [main] INFO fr.insalyon.creatis.vip.core.server.business.ConfigurationBusiness - verifying test2@test.fr. List of undesired mail domains: . 
18:00:10.485 [main] INFO fr.insalyon.creatis.vip.core.server.business.ConfigurationBusiness - Signing up . List of undesired countries: .
18:00:10.485 [main] DEBUG org.springframework.jdbc.datasource.DataSourceTransactionManager - Participating in existing transaction
18:00:10.485 [main] DEBUG org.springframework.jdbc.datasource.DataSourceTransactionManager - Participating in existing transaction
18:00:10.485 [main] INFO fr.insalyon.creatis.vip.core.server.business.ConfigurationBusiness - Sending confirmation email to 'test2@test.fr'.
18:00:10.485 [main] DEBUG org.springframework.jdbc.datasource.DataSourceTransactionManager - Participating in existing transaction
18:00:10.486 [main] DEBUG org.springframework.jdbc.datasource.DataSourceTransactionManager - Participating in existing transaction
18:00:10.486 [main] DEBUG org.springframework.jdbc.datasource.DataSourceTransactionManager - Participating in existing transaction
18:00:10.486 [main] DEBUG org.springframework.jdbc.datasource.DataSourceTransactionManager - Participating in existing transaction
User = test3@test.fr
18:00:10.486 [main] INFO fr.insalyon.creatis.vip.core.server.business.ConfigurationBusiness - verifying test3@test.fr. List of undesired mail domains: . 
18:00:10.486 [main] INFO fr.insalyon.creatis.vip.core.server.business.ConfigurationBusiness - Signing up . List of undesired countries: .
18:00:10.486 [main] DEBUG org.springframework.jdbc.datasource.DataSourceTransactionManager - Participating in existing transaction
18:00:10.487 [main] DEBUG org.springframework.jdbc.datasource.DataSourceTransactionManager - Participating in existing transaction
18:00:10.487 [main] INFO fr.insalyon.creatis.vip.core.server.business.ConfigurationBusiness - Sending confirmation email to 'test3@test.fr'.
18:00:10.487 [main] DEBUG org.springframework.jdbc.datasource.DataSourceTransactionManager - Participating in existing transaction
18:00:10.487 [main] DEBUG org.springframework.jdbc.datasource.DataSourceTransactionManager - Participating in existing transaction
18:00:10.487 [main] DEBUG org.springframework.jdbc.datasource.DataSourceTransactionManager - Participating in existing transaction
18:00:10.487 [main] DEBUG org.springframework.jdbc.datasource.DataSourceTransactionManager - Participating in existing transaction
User = test4@test.fr
18:00:10.487 [main] INFO fr.insalyon.creatis.vip.core.server.business.ConfigurationBusiness - verifying test4@test.fr. List of undesired mail domains: . 
18:00:10.487 [main] INFO fr.insalyon.creatis.vip.core.server.business.ConfigurationBusiness - Signing up . List of undesired countries: .
18:00:10.488 [main] DEBUG org.springframework.jdbc.datasource.DataSourceTransactionManager - Participating in existing transaction
18:00:10.488 [main] DEBUG org.springframework.jdbc.datasource.DataSourceTransactionManager - Participating in existing transaction
18:00:10.488 [main] INFO fr.insalyon.creatis.vip.core.server.business.ConfigurationBusiness - Sending confirmation email to 'test4@test.fr'.
18:00:10.489 [main] DEBUG org.springframework.jdbc.datasource.DataSourceTransactionManager - Participating in existing transaction
18:00:10.489 [main] DEBUG org.springframework.jdbc.datasource.DataSourceTransactionManager - Participating in existing transaction
18:00:10.489 [main] DEBUG org.springframework.jdbc.datasource.DataSourceTransactionManager - Participating in existing transaction
18:00:10.490 [main] DEBUG org.springframework.jdbc.datasource.DataSourceTransactionManager - Participating in existing transaction
18:00:10.491 [main] DEBUG org.springframework.jdbc.datasource.DataSourceTransactionManager - Participating in existing transaction
18:00:10.491 [main] DEBUG org.springframework.jdbc.datasource.DataSourceTransactionManager - Participating in existing transaction
18:00:10.491 [main] DEBUG org.springframework.jdbc.datasource.DataSourceTransactionManager - Participating in existing transaction
18:00:10.491 [main] DEBUG org.springframework.jdbc.datasource.DataSourceTransactionManager - Participating in existing transaction
18:00:10.491 [main] DEBUG org.springframework.jdbc.datasource.DataSourceTransactionManager - Participating in existing transaction
18:00:10.491 [main] DEBUG org.springframework.jdbc.datasource.DataSourceTransactionManager - Participating in existing transaction
18:00:10.491 [main] DEBUG org.springframework.jdbc.datasource.DataSourceTransactionManager - Participating in existing transaction
18:00:10.491 [main] DEBUG org.springframework.jdbc.datasource.DataSourceTransactionManager - Participating in existing transaction
User = email5@test.fr
18:00:10.491 [main] INFO fr.insalyon.creatis.vip.core.server.business.ConfigurationBusiness - verifying email5@test.fr. List of undesired mail domains: . 
18:00:10.491 [main] INFO fr.insalyon.creatis.vip.core.server.business.ConfigurationBusiness - Signing up . List of undesired countries: .
18:00:10.492 [main] DEBUG org.springframework.jdbc.datasource.DataSourceTransactionManager - Participating in existing transaction
18:00:10.492 [main] DEBUG org.springframework.jdbc.datasource.DataSourceTransactionManager - Participating in existing transaction
18:00:10.492 [main] INFO fr.insalyon.creatis.vip.core.server.business.ConfigurationBusiness - Sending confirmation email to 'email5@test.fr'.
18:00:10.492 [main] DEBUG org.springframework.jdbc.datasource.DataSourceTransactionManager - Participating in existing transaction
18:00:10.493 [main] DEBUG org.springframework.test.context.cache.DefaultCacheAwareContextLoaderDelegate - Retrieved ApplicationContext [1050971191] from cache with key [[MergedContextConfiguration@1389e498 testClass = ConfigurationBusiness_CoreSpringServerIT, locations = '{}', classes = '{class fr.insalyon.creatis.vip.core.server.SpringCoreConfig}', contextInitializerClasses = '[]', activeProfiles = '{test-db, test}', propertySourceLocations = '{}', propertySourceProperties = '{db.tableEngine=}', contextCustomizers = set[[empty]], contextLoader = 'org.springframework.test.context.support.DelegatingSmartContextLoader', parent = [null]]]
18:00:10.493 [main] DEBUG org.springframework.test.context.cache - Spring test ApplicationContext cache statistics: [DefaultContextCache@4675f5b0 size = 1, maxSize = 32, parentContextCount = 0, hitCount = 289, missCount = 1]
18:00:10.493 [main] DEBUG org.springframework.jdbc.datasource.DataSourceTransactionManager - Participating in existing transaction
18:00:10.493 [main] DEBUG org.springframework.jdbc.datasource.DataSourceTransactionManager - Participating in existing transaction
18:00:10.494 [main] ERROR fr.insalyon.creatis.vip.core.server.dao.mysql.UsersGroupsData - Error adding group nonExistent group to test4@test.fr
org.h2.jdbc.JdbcSQLException: Referential integrity constraint violation: "CONSTRAINT_D02: PUBLIC.VIPUSERSGROUPS FOREIGN KEY(GROUPNAME) REFERENCES PUBLIC.VIPGROUPS(GROUPNAME) ('nonExistent group')"; SQL statement:
INSERT INTO VIPUsersGroups(email, groupname, role) VALUES(?, ?, ?) [23506-173]
	at org.h2.message.DbException.getJdbcSQLException(DbException.java:331)
	at org.h2.message.DbException.get(DbException.java:171)
	at org.h2.message.DbException.get(DbException.java:148)
	at org.h2.constraint.ConstraintReferential.checkRowOwnTable(ConstraintReferential.java:368)
	at org.h2.constraint.ConstraintReferential.checkRow(ConstraintReferential.java:310)
	at org.h2.table.Table.fireConstraints(Table.java:880)
	at org.h2.table.Table.fireAfterRow(Table.java:897)
	at org.h2.command.dml.Insert.insertRows(Insert.java:129)
	at org.h2.command.dml.Insert.update(Insert.java:86)
	at org.h2.command.CommandContainer.update(CommandContainer.java:79)
	at org.h2.command.Command.executeUpdate(Command.java:235)
	at org.h2.jdbc.JdbcPreparedStatement.execute(JdbcPreparedStatement.java:193)
	at fr.insalyon.creatis.vip.core.server.dao.mysql.UsersGroupsData.add(UsersGroupsData.java:89)
	at jdk.internal.reflect.GeneratedMethodAccessor51.invoke(Unknown Source)
	at java.base/jdk.internal.reflect.DelegatingMethodAccessorImpl.invoke(DelegatingMethodAccessorImpl.java:43)
	at java.base/java.lang.reflect.Method.invoke(Method.java:566)
	at org.springframework.aop.support.AopUtils.invokeJoinpointUsingReflection(AopUtils.java:344)
	at org.springframework.aop.framework.ReflectiveMethodInvocation.invokeJoinpoint(ReflectiveMethodInvocation.java:198)
	at org.springframework.aop.framework.ReflectiveMethodInvocation.proceed(ReflectiveMethodInvocation.java:163)
	at org.springframework.transaction.interceptor.TransactionInterceptor$1.proceedWithInvocation(TransactionInterceptor.java:123)
	at org.springframework.transaction.interceptor.TransactionAspectSupport.invokeWithinTransaction(TransactionAspectSupport.java:388)
	at org.springframework.transaction.interceptor.TransactionInterceptor.invoke(TransactionInterceptor.java:119)
	at org.springframework.aop.framework.ReflectiveMethodInvocation.proceed(ReflectiveMethodInvocation.java:186)
	at org.springframework.aop.framework.JdkDynamicAopProxy.invoke(JdkDynamicAopProxy.java:215)
	at com.sun.proxy.$Proxy90.add(Unknown Source)
	at fr.insalyon.creatis.vip.core.server.business.ConfigurationBusiness.addUserToGroup(ConfigurationBusiness.java:872)
	at fr.insalyon.creatis.vip.core.server.business.ConfigurationBusiness$$FastClassBySpringCGLIB$$736a7b1d.invoke(<generated>)
	at org.springframework.cglib.proxy.MethodProxy.invoke(MethodProxy.java:218)
	at org.springframework.aop.framework.CglibAopProxy$CglibMethodInvocation.invokeJoinpoint(CglibAopProxy.java:783)
	at org.springframework.aop.framework.ReflectiveMethodInvocation.proceed(ReflectiveMethodInvocation.java:163)
	at org.springframework.aop.framework.CglibAopProxy$CglibMethodInvocation.proceed(CglibAopProxy.java:753)
	at org.springframework.transaction.interceptor.TransactionInterceptor$1.proceedWithInvocation(TransactionInterceptor.java:123)
	at org.springframework.transaction.interceptor.TransactionAspectSupport.invokeWithinTransaction(TransactionAspectSupport.java:388)
	at org.springframework.transaction.interceptor.TransactionInterceptor.invoke(TransactionInterceptor.java:119)
	at org.springframework.aop.framework.ReflectiveMethodInvocation.proceed(ReflectiveMethodInvocation.java:186)
	at org.springframework.aop.framework.CglibAopProxy$CglibMethodInvocation.proceed(CglibAopProxy.java:753)
	at org.springframework.aop.framework.CglibAopProxy$DynamicAdvisedInterceptor.intercept(CglibAopProxy.java:698)
	at fr.insalyon.creatis.vip.core.server.business.ConfigurationBusiness$$EnhancerBySpringCGLIB$$9c53cf9c.addUserToGroup(<generated>)
	at ConfigurationBusiness_CoreSpringServerIT.lambda$testCatchNonExistentGroupAddUserToGroup$3(ConfigurationBusiness_CoreSpringServerIT.java:205)
	at org.junit.jupiter.api.AssertThrows.assertThrows(AssertThrows.java:55)
	at org.junit.jupiter.api.AssertThrows.assertThrows(AssertThrows.java:37)
	at org.junit.jupiter.api.Assertions.assertThrows(Assertions.java:2952)
	at ConfigurationBusiness_CoreSpringServerIT.testCatchNonExistentGroupAddUserToGroup(ConfigurationBusiness_CoreSpringServerIT.java:204)
	at java.base/jdk.internal.reflect.NativeMethodAccessorImpl.invoke0(Native Method)
	at java.base/jdk.internal.reflect.NativeMethodAccessorImpl.invoke(NativeMethodAccessorImpl.java:62)
	at java.base/jdk.internal.reflect.DelegatingMethodAccessorImpl.invoke(DelegatingMethodAccessorImpl.java:43)
	at java.base/java.lang.reflect.Method.invoke(Method.java:566)
	at org.junit.platform.commons.util.ReflectionUtils.invokeMethod(ReflectionUtils.java:686)
	at org.junit.jupiter.engine.execution.MethodInvocation.proceed(MethodInvocation.java:60)
	at org.junit.jupiter.engine.execution.InvocationInterceptorChain$ValidatingInvocation.proceed(InvocationInterceptorChain.java:131)
	at org.junit.jupiter.engine.extension.TimeoutExtension.intercept(TimeoutExtension.java:149)
	at org.junit.jupiter.engine.extension.TimeoutExtension.interceptTestableMethod(TimeoutExtension.java:140)
	at org.junit.jupiter.engine.extension.TimeoutExtension.interceptTestMethod(TimeoutExtension.java:84)
	at org.junit.jupiter.engine.execution.ExecutableInvoker$ReflectiveInterceptorCall.lambda$ofVoidMethod$0(ExecutableInvoker.java:115)
	at org.junit.jupiter.engine.execution.ExecutableInvoker.lambda$invoke$0(ExecutableInvoker.java:105)
	at org.junit.jupiter.engine.execution.InvocationInterceptorChain$InterceptedInvocation.proceed(InvocationInterceptorChain.java:106)
	at org.junit.jupiter.engine.execution.InvocationInterceptorChain.proceed(InvocationInterceptorChain.java:64)
	at org.junit.jupiter.engine.execution.InvocationInterceptorChain.chainAndInvoke(InvocationInterceptorChain.java:45)
	at org.junit.jupiter.engine.execution.InvocationInterceptorChain.invoke(InvocationInterceptorChain.java:37)
	at org.junit.jupiter.engine.execution.ExecutableInvoker.invoke(ExecutableInvoker.java:104)
	at org.junit.jupiter.engine.execution.ExecutableInvoker.invoke(ExecutableInvoker.java:98)
	at org.junit.jupiter.engine.descriptor.TestMethodTestDescriptor.lambda$invokeTestMethod$6(TestMethodTestDescriptor.java:212)
	at org.junit.platform.engine.support.hierarchical.ThrowableCollector.execute(ThrowableCollector.java:73)
	at org.junit.jupiter.engine.descriptor.TestMethodTestDescriptor.invokeTestMethod(TestMethodTestDescriptor.java:208)
	at org.junit.jupiter.engine.descriptor.TestMethodTestDescriptor.execute(TestMethodTestDescriptor.java:137)
	at org.junit.jupiter.engine.descriptor.TestMethodTestDescriptor.execute(TestMethodTestDescriptor.java:71)
	at org.junit.platform.engine.support.hierarchical.NodeTestTask.lambda$executeRecursively$5(NodeTestTask.java:135)
	at org.junit.platform.engine.support.hierarchical.ThrowableCollector.execute(ThrowableCollector.java:73)
	at org.junit.platform.engine.support.hierarchical.NodeTestTask.lambda$executeRecursively$7(NodeTestTask.java:125)
	at org.junit.platform.engine.support.hierarchical.Node.around(Node.java:135)
	at org.junit.platform.engine.support.hierarchical.NodeTestTask.lambda$executeRecursively$8(NodeTestTask.java:123)
	at org.junit.platform.engine.support.hierarchical.ThrowableCollector.execute(ThrowableCollector.java:73)
	at org.junit.platform.engine.support.hierarchical.NodeTestTask.executeRecursively(NodeTestTask.java:122)
	at org.junit.platform.engine.support.hierarchical.NodeTestTask.execute(NodeTestTask.java:80)
	at java.base/java.util.ArrayList.forEach(ArrayList.java:1541)
	at org.junit.platform.engine.support.hierarchical.SameThreadHierarchicalTestExecutorService.invokeAll(SameThreadHierarchicalTestExecutorService.java:38)
	at org.junit.platform.engine.support.hierarchical.NodeTestTask.lambda$executeRecursively$5(NodeTestTask.java:139)
	at org.junit.platform.engine.support.hierarchical.ThrowableCollector.execute(ThrowableCollector.java:73)
	at org.junit.platform.engine.support.hierarchical.NodeTestTask.lambda$executeRecursively$7(NodeTestTask.java:125)
	at org.junit.platform.engine.support.hierarchical.Node.around(Node.java:135)
	at org.junit.platform.engine.support.hierarchical.NodeTestTask.lambda$executeRecursively$8(NodeTestTask.java:123)
	at org.junit.platform.engine.support.hierarchical.ThrowableCollector.execute(ThrowableCollector.java:73)
	at org.junit.platform.engine.support.hierarchical.NodeTestTask.executeRecursively(NodeTestTask.java:122)
	at org.junit.platform.engine.support.hierarchical.NodeTestTask.execute(NodeTestTask.java:80)
	at java.base/java.util.ArrayList.forEach(ArrayList.java:1541)
	at org.junit.platform.engine.support.hierarchical.SameThreadHierarchicalTestExecutorService.invokeAll(SameThreadHierarchicalTestExecutorService.java:38)
	at org.junit.platform.engine.support.hierarchical.NodeTestTask.lambda$executeRecursively$5(NodeTestTask.java:139)
	at org.junit.platform.engine.support.hierarchical.ThrowableCollector.execute(ThrowableCollector.java:73)
	at org.junit.platform.engine.support.hierarchical.NodeTestTask.lambda$executeRecursively$7(NodeTestTask.java:125)
	at org.junit.platform.engine.support.hierarchical.Node.around(Node.java:135)
	at org.junit.platform.engine.support.hierarchical.NodeTestTask.lambda$executeRecursively$8(NodeTestTask.java:123)
	at org.junit.platform.engine.support.hierarchical.ThrowableCollector.execute(ThrowableCollector.java:73)
	at org.junit.platform.engine.support.hierarchical.NodeTestTask.executeRecursively(NodeTestTask.java:122)
	at org.junit.platform.engine.support.hierarchical.NodeTestTask.execute(NodeTestTask.java:80)
	at org.junit.platform.engine.support.hierarchical.SameThreadHierarchicalTestExecutorService.submit(SameThreadHierarchicalTestExecutorService.java:32)
	at org.junit.platform.engine.support.hierarchical.HierarchicalTestExecutor.execute(HierarchicalTestExecutor.java:57)
	at org.junit.platform.engine.support.hierarchical.HierarchicalTestEngine.execute(HierarchicalTestEngine.java:51)
	at org.junit.platform.launcher.core.DefaultLauncher.execute(DefaultLauncher.java:248)
	at org.junit.platform.launcher.core.DefaultLauncher.lambda$execute$5(DefaultLauncher.java:211)
	at org.junit.platform.launcher.core.DefaultLauncher.withInterceptedStreams(DefaultLauncher.java:226)
	at org.junit.platform.launcher.core.DefaultLauncher.execute(DefaultLauncher.java:199)
	at org.junit.platform.launcher.core.DefaultLauncher.execute(DefaultLauncher.java:132)
	at org.apache.maven.surefire.junitplatform.LazyLauncher.execute(LazyLauncher.java:55)
	at org.apache.maven.surefire.junitplatform.JUnitPlatformProvider.execute(JUnitPlatformProvider.java:223)
	at org.apache.maven.surefire.junitplatform.JUnitPlatformProvider.invokeAllTests(JUnitPlatformProvider.java:175)
	at org.apache.maven.surefire.junitplatform.JUnitPlatformProvider.invoke(JUnitPlatformProvider.java:139)
	at org.apache.maven.surefire.booter.ForkedBooter.runSuitesInProcess(ForkedBooter.java:456)
	at org.apache.maven.surefire.booter.ForkedBooter.execute(ForkedBooter.java:169)
	at org.apache.maven.surefire.booter.ForkedBooter.run(ForkedBooter.java:595)
	at org.apache.maven.surefire.booter.ForkedBooter.main(ForkedBooter.java:581)
18:00:10.495 [main] DEBUG org.springframework.test.context.cache.DefaultCacheAwareContextLoaderDelegate - Retrieved ApplicationContext [1050971191] from cache with key [[MergedContextConfiguration@1389e498 testClass = ConfigurationBusiness_CoreSpringServerIT, locations = '{}', classes = '{class fr.insalyon.creatis.vip.core.server.SpringCoreConfig}', contextInitializerClasses = '[]', activeProfiles = '{test-db, test}', propertySourceLocations = '{}', propertySourceProperties = '{db.tableEngine=}', contextCustomizers = set[[empty]], contextLoader = 'org.springframework.test.context.support.DelegatingSmartContextLoader', parent = [null]]]
18:00:10.495 [main] DEBUG org.springframework.test.context.cache - Spring test ApplicationContext cache statistics: [DefaultContextCache@4675f5b0 size = 1, maxSize = 32, parentContextCount = 0, hitCount = 290, missCount = 1]
18:00:10.496 [main] DEBUG org.springframework.test.context.cache.DefaultCacheAwareContextLoaderDelegate - Retrieved ApplicationContext [1050971191] from cache with key [[MergedContextConfiguration@1389e498 testClass = ConfigurationBusiness_CoreSpringServerIT, locations = '{}', classes = '{class fr.insalyon.creatis.vip.core.server.SpringCoreConfig}', contextInitializerClasses = '[]', activeProfiles = '{test-db, test}', propertySourceLocations = '{}', propertySourceProperties = '{db.tableEngine=}', contextCustomizers = set[[empty]], contextLoader = 'org.springframework.test.context.support.DelegatingSmartContextLoader', parent = [null]]]
18:00:10.496 [main] DEBUG org.springframework.test.context.cache - Spring test ApplicationContext cache statistics: [DefaultContextCache@4675f5b0 size = 1, maxSize = 32, parentContextCount = 0, hitCount = 291, missCount = 1]
18:00:10.496 [main] DEBUG org.springframework.jdbc.datasource.DataSourceTransactionManager - Initiating transaction rollback
18:00:10.496 [main] DEBUG org.springframework.jdbc.datasource.DataSourceTransactionManager - Rolling back JDBC transaction on Connection [conn55: url=jdbc:h2:mem:fec2b152-de2f-4c07-a3e1-df691c7daf9d user=SA]
18:00:10.496 [main] DEBUG org.springframework.jdbc.datasource.DataSourceTransactionManager - Releasing JDBC Connection [conn55: url=jdbc:h2:mem:fec2b152-de2f-4c07-a3e1-df691c7daf9d user=SA] after transaction
18:00:10.496 [main] INFO org.springframework.test.context.transaction.TransactionContext - Rolled back transaction for test: [DefaultTestContext@18e20fa8 testClass = ConfigurationBusiness_CoreSpringServerIT, testInstance = ConfigurationBusiness_CoreSpringServerIT@7725070e, testMethod = testCatchNonExistentGroupAddUserToGroup@ConfigurationBusiness_CoreSpringServerIT, testException = [null], mergedContextConfiguration = [MergedContextConfiguration@1389e498 testClass = ConfigurationBusiness_CoreSpringServerIT, locations = '{}', classes = '{class fr.insalyon.creatis.vip.core.server.SpringCoreConfig}', contextInitializerClasses = '[]', activeProfiles = '{test-db, test}', propertySourceLocations = '{}', propertySourceProperties = '{db.tableEngine=}', contextCustomizers = set[[empty]], contextLoader = 'org.springframework.test.context.support.DelegatingSmartContextLoader', parent = [null]], attributes = map['org.springframework.test.context.event.ApplicationEventsTestExecutionListener.recordApplicationEvents' -> false]]
18:00:10.496 [main] DEBUG org.springframework.test.context.support.AbstractDirtiesContextTestExecutionListener - After test method: context [DefaultTestContext@18e20fa8 testClass = ConfigurationBusiness_CoreSpringServerIT, testInstance = ConfigurationBusiness_CoreSpringServerIT@7725070e, testMethod = testCatchNonExistentGroupAddUserToGroup@ConfigurationBusiness_CoreSpringServerIT, testException = [null], mergedContextConfiguration = [MergedContextConfiguration@1389e498 testClass = ConfigurationBusiness_CoreSpringServerIT, locations = '{}', classes = '{class fr.insalyon.creatis.vip.core.server.SpringCoreConfig}', contextInitializerClasses = '[]', activeProfiles = '{test-db, test}', propertySourceLocations = '{}', propertySourceProperties = '{db.tableEngine=}', contextCustomizers = set[[empty]], contextLoader = 'org.springframework.test.context.support.DelegatingSmartContextLoader', parent = [null]], attributes = map['org.springframework.test.context.event.ApplicationEventsTestExecutionListener.recordApplicationEvents' -> false]], class annotated with @DirtiesContext [false] with mode [null], method annotated with @DirtiesContext [false] with mode [null].
]]></system-out>
  </testcase>
  <testcase name="testInitialization" classname="ConfigurationBusiness_CoreSpringServerIT" time="0.02">
    <system-out><![CDATA[18:00:10.499 [main] DEBUG org.springframework.test.context.support.DependencyInjectionTestExecutionListener - Performing dependency injection for test context [[DefaultTestContext@18e20fa8 testClass = ConfigurationBusiness_CoreSpringServerIT, testInstance = ConfigurationBusiness_CoreSpringServerIT@438c6025, testMethod = [null], testException = [null], mergedContextConfiguration = [MergedContextConfiguration@1389e498 testClass = ConfigurationBusiness_CoreSpringServerIT, locations = '{}', classes = '{class fr.insalyon.creatis.vip.core.server.SpringCoreConfig}', contextInitializerClasses = '[]', activeProfiles = '{test-db, test}', propertySourceLocations = '{}', propertySourceProperties = '{db.tableEngine=}', contextCustomizers = set[[empty]], contextLoader = 'org.springframework.test.context.support.DelegatingSmartContextLoader', parent = [null]], attributes = map['org.springframework.test.context.event.ApplicationEventsTestExecutionListener.recordApplicationEvents' -> false]]].
18:00:10.499 [main] DEBUG org.springframework.test.context.cache.DefaultCacheAwareContextLoaderDelegate - Retrieved ApplicationContext [1050971191] from cache with key [[MergedContextConfiguration@1389e498 testClass = ConfigurationBusiness_CoreSpringServerIT, locations = '{}', classes = '{class fr.insalyon.creatis.vip.core.server.SpringCoreConfig}', contextInitializerClasses = '[]', activeProfiles = '{test-db, test}', propertySourceLocations = '{}', propertySourceProperties = '{db.tableEngine=}', contextCustomizers = set[[empty]], contextLoader = 'org.springframework.test.context.support.DelegatingSmartContextLoader', parent = [null]]]
18:00:10.499 [main] DEBUG org.springframework.test.context.cache - Spring test ApplicationContext cache statistics: [DefaultContextCache@4675f5b0 size = 1, maxSize = 32, parentContextCount = 0, hitCount = 292, missCount = 1]
18:00:10.499 [main] DEBUG org.springframework.test.context.cache.DefaultCacheAwareContextLoaderDelegate - Retrieved ApplicationContext [1050971191] from cache with key [[MergedContextConfiguration@1389e498 testClass = ConfigurationBusiness_CoreSpringServerIT, locations = '{}', classes = '{class fr.insalyon.creatis.vip.core.server.SpringCoreConfig}', contextInitializerClasses = '[]', activeProfiles = '{test-db, test}', propertySourceLocations = '{}', propertySourceProperties = '{db.tableEngine=}', contextCustomizers = set[[empty]], contextLoader = 'org.springframework.test.context.support.DelegatingSmartContextLoader', parent = [null]]]
18:00:10.499 [main] DEBUG org.springframework.test.context.cache - Spring test ApplicationContext cache statistics: [DefaultContextCache@4675f5b0 size = 1, maxSize = 32, parentContextCount = 0, hitCount = 293, missCount = 1]
18:00:10.500 [main] DEBUG org.springframework.test.context.support.AbstractDirtiesContextTestExecutionListener - Before test method: context [DefaultTestContext@18e20fa8 testClass = ConfigurationBusiness_CoreSpringServerIT, testInstance = ConfigurationBusiness_CoreSpringServerIT@438c6025, testMethod = testInitialization@ConfigurationBusiness_CoreSpringServerIT, testException = [null], mergedContextConfiguration = [MergedContextConfiguration@1389e498 testClass = ConfigurationBusiness_CoreSpringServerIT, locations = '{}', classes = '{class fr.insalyon.creatis.vip.core.server.SpringCoreConfig}', contextInitializerClasses = '[]', activeProfiles = '{test-db, test}', propertySourceLocations = '{}', propertySourceProperties = '{db.tableEngine=}', contextCustomizers = set[[empty]], contextLoader = 'org.springframework.test.context.support.DelegatingSmartContextLoader', parent = [null]], attributes = map['org.springframework.test.context.event.ApplicationEventsTestExecutionListener.recordApplicationEvents' -> false]], class annotated with @DirtiesContext [false] with mode [null], method annotated with @DirtiesContext [false] with mode [null].
18:00:10.501 [main] DEBUG org.springframework.test.context.transaction.TransactionalTestExecutionListener - Explicit transaction definition [PROPAGATION_REQUIRED,ISOLATION_DEFAULT] found for test context [DefaultTestContext@18e20fa8 testClass = ConfigurationBusiness_CoreSpringServerIT, testInstance = ConfigurationBusiness_CoreSpringServerIT@438c6025, testMethod = testInitialization@ConfigurationBusiness_CoreSpringServerIT, testException = [null], mergedContextConfiguration = [MergedContextConfiguration@1389e498 testClass = ConfigurationBusiness_CoreSpringServerIT, locations = '{}', classes = '{class fr.insalyon.creatis.vip.core.server.SpringCoreConfig}', contextInitializerClasses = '[]', activeProfiles = '{test-db, test}', propertySourceLocations = '{}', propertySourceProperties = '{db.tableEngine=}', contextCustomizers = set[[empty]], contextLoader = 'org.springframework.test.context.support.DelegatingSmartContextLoader', parent = [null]], attributes = map['org.springframework.test.context.event.ApplicationEventsTestExecutionListener.recordApplicationEvents' -> false]]
18:00:10.501 [main] DEBUG org.springframework.test.context.cache.DefaultCacheAwareContextLoaderDelegate - Retrieved ApplicationContext [1050971191] from cache with key [[MergedContextConfiguration@1389e498 testClass = ConfigurationBusiness_CoreSpringServerIT, locations = '{}', classes = '{class fr.insalyon.creatis.vip.core.server.SpringCoreConfig}', contextInitializerClasses = '[]', activeProfiles = '{test-db, test}', propertySourceLocations = '{}', propertySourceProperties = '{db.tableEngine=}', contextCustomizers = set[[empty]], contextLoader = 'org.springframework.test.context.support.DelegatingSmartContextLoader', parent = [null]]]
18:00:10.501 [main] DEBUG org.springframework.test.context.cache - Spring test ApplicationContext cache statistics: [DefaultContextCache@4675f5b0 size = 1, maxSize = 32, parentContextCount = 0, hitCount = 294, missCount = 1]
18:00:10.501 [main] DEBUG org.springframework.test.context.transaction.TransactionalTestExecutionListener - No method-level @Rollback override: using default rollback [true] for test context [DefaultTestContext@18e20fa8 testClass = ConfigurationBusiness_CoreSpringServerIT, testInstance = ConfigurationBusiness_CoreSpringServerIT@438c6025, testMethod = testInitialization@ConfigurationBusiness_CoreSpringServerIT, testException = [null], mergedContextConfiguration = [MergedContextConfiguration@1389e498 testClass = ConfigurationBusiness_CoreSpringServerIT, locations = '{}', classes = '{class fr.insalyon.creatis.vip.core.server.SpringCoreConfig}', contextInitializerClasses = '[]', activeProfiles = '{test-db, test}', propertySourceLocations = '{}', propertySourceProperties = '{db.tableEngine=}', contextCustomizers = set[[empty]], contextLoader = 'org.springframework.test.context.support.DelegatingSmartContextLoader', parent = [null]], attributes = map['org.springframework.test.context.event.ApplicationEventsTestExecutionListener.recordApplicationEvents' -> false]].
18:00:10.501 [main] DEBUG org.springframework.jdbc.datasource.DataSourceTransactionManager - Creating new transaction with name [ConfigurationBusiness_CoreSpringServerIT.testInitialization]: PROPAGATION_REQUIRED,ISOLATION_DEFAULT
18:00:10.501 [main] DEBUG org.springframework.jdbc.datasource.DataSourceTransactionManager - Acquired Connection [Lazy Connection proxy for target DataSource [org.springframework.jdbc.datasource.embedded.EmbeddedDatabaseFactory$EmbeddedDataSourceProxy@5764c072]] for JDBC transaction
18:00:10.502 [main] DEBUG org.springframework.jdbc.datasource.DataSourceTransactionManager - Switching JDBC Connection [Lazy Connection proxy for target DataSource [org.springframework.jdbc.datasource.embedded.EmbeddedDatabaseFactory$EmbeddedDataSourceProxy@5764c072]] to manual commit
18:00:10.502 [main] INFO org.springframework.test.context.transaction.TransactionContext - Began transaction (1) for test context [DefaultTestContext@18e20fa8 testClass = ConfigurationBusiness_CoreSpringServerIT, testInstance = ConfigurationBusiness_CoreSpringServerIT@438c6025, testMethod = testInitialization@ConfigurationBusiness_CoreSpringServerIT, testException = [null], mergedContextConfiguration = [MergedContextConfiguration@1389e498 testClass = ConfigurationBusiness_CoreSpringServerIT, locations = '{}', classes = '{class fr.insalyon.creatis.vip.core.server.SpringCoreConfig}', contextInitializerClasses = '[]', activeProfiles = '{test-db, test}', propertySourceLocations = '{}', propertySourceProperties = '{db.tableEngine=}', contextCustomizers = set[[empty]], contextLoader = 'org.springframework.test.context.support.DelegatingSmartContextLoader', parent = [null]], attributes = map['org.springframework.test.context.event.ApplicationEventsTestExecutionListener.recordApplicationEvents' -> false]]; transaction manager [org.springframework.jdbc.datasource.DataSourceTransactionManager@178b2df1]; rollback [true]
18:00:10.503 [main] DEBUG org.springframework.test.context.cache.DefaultCacheAwareContextLoaderDelegate - Retrieved ApplicationContext [1050971191] from cache with key [[MergedContextConfiguration@1389e498 testClass = ConfigurationBusiness_CoreSpringServerIT, locations = '{}', classes = '{class fr.insalyon.creatis.vip.core.server.SpringCoreConfig}', contextInitializerClasses = '[]', activeProfiles = '{test-db, test}', propertySourceLocations = '{}', propertySourceProperties = '{db.tableEngine=}', contextCustomizers = set[[empty]], contextLoader = 'org.springframework.test.context.support.DelegatingSmartContextLoader', parent = [null]]]
18:00:10.503 [main] DEBUG org.springframework.test.context.cache - Spring test ApplicationContext cache statistics: [DefaultContextCache@4675f5b0 size = 1, maxSize = 32, parentContextCount = 0, hitCount = 295, missCount = 1]
18:00:10.504 [main] DEBUG org.springframework.jdbc.datasource.DataSourceTransactionManager - Participating in existing transaction
18:00:10.505 [main] DEBUG org.springframework.jdbc.datasource.DataSourceTransactionManager - Participating in existing transaction
18:00:10.505 [main] DEBUG org.springframework.jdbc.datasource.SimpleDriverDataSource - Creating new JDBC Driver Connection to [jdbc:h2:mem:fec2b152-de2f-4c07-a3e1-df691c7daf9d;DB_CLOSE_DELAY=-1;DB_CLOSE_ON_EXIT=false]
18:00:10.506 [main] DEBUG org.springframework.jdbc.datasource.DataSourceTransactionManager - Participating in existing transaction
18:00:10.507 [main] DEBUG org.springframework.jdbc.datasource.DataSourceTransactionManager - Participating in existing transaction
18:00:10.507 [main] DEBUG org.springframework.jdbc.datasource.DataSourceTransactionManager - Participating in existing transaction
18:00:10.507 [main] DEBUG org.springframework.jdbc.datasource.DataSourceTransactionManager - Participating in existing transaction
18:00:10.507 [main] DEBUG org.springframework.jdbc.datasource.DataSourceTransactionManager - Participating in existing transaction
User = test1@test.fr
18:00:10.507 [main] INFO fr.insalyon.creatis.vip.core.server.business.ConfigurationBusiness - verifying test1@test.fr. List of undesired mail domains: . 
18:00:10.507 [main] INFO fr.insalyon.creatis.vip.core.server.business.ConfigurationBusiness - Signing up . List of undesired countries: .
18:00:10.508 [main] DEBUG org.springframework.jdbc.datasource.DataSourceTransactionManager - Participating in existing transaction
18:00:10.508 [main] DEBUG org.springframework.jdbc.datasource.DataSourceTransactionManager - Participating in existing transaction
18:00:10.508 [main] INFO fr.insalyon.creatis.vip.core.server.business.ConfigurationBusiness - Sending confirmation email to 'test1@test.fr'.
18:00:10.508 [main] DEBUG org.springframework.jdbc.datasource.DataSourceTransactionManager - Participating in existing transaction
18:00:10.510 [main] DEBUG org.springframework.jdbc.datasource.DataSourceTransactionManager - Participating in existing transaction
18:00:10.510 [main] DEBUG org.springframework.jdbc.datasource.DataSourceTransactionManager - Participating in existing transaction
18:00:10.510 [main] DEBUG org.springframework.jdbc.datasource.DataSourceTransactionManager - Participating in existing transaction
User = test2@test.fr
18:00:10.510 [main] INFO fr.insalyon.creatis.vip.core.server.business.ConfigurationBusiness - verifying test2@test.fr. List of undesired mail domains: . 
18:00:10.510 [main] INFO fr.insalyon.creatis.vip.core.server.business.ConfigurationBusiness - Signing up . List of undesired countries: .
18:00:10.511 [main] DEBUG org.springframework.jdbc.datasource.DataSourceTransactionManager - Participating in existing transaction
18:00:10.511 [main] DEBUG org.springframework.jdbc.datasource.DataSourceTransactionManager - Participating in existing transaction
18:00:10.511 [main] INFO fr.insalyon.creatis.vip.core.server.business.ConfigurationBusiness - Sending confirmation email to 'test2@test.fr'.
18:00:10.511 [main] DEBUG org.springframework.jdbc.datasource.DataSourceTransactionManager - Participating in existing transaction
18:00:10.512 [main] DEBUG org.springframework.jdbc.datasource.DataSourceTransactionManager - Participating in existing transaction
18:00:10.512 [main] DEBUG org.springframework.jdbc.datasource.DataSourceTransactionManager - Participating in existing transaction
18:00:10.512 [main] DEBUG org.springframework.jdbc.datasource.DataSourceTransactionManager - Participating in existing transaction
User = test3@test.fr
18:00:10.512 [main] INFO fr.insalyon.creatis.vip.core.server.business.ConfigurationBusiness - verifying test3@test.fr. List of undesired mail domains: . 
18:00:10.512 [main] INFO fr.insalyon.creatis.vip.core.server.business.ConfigurationBusiness - Signing up . List of undesired countries: .
18:00:10.512 [main] DEBUG org.springframework.jdbc.datasource.DataSourceTransactionManager - Participating in existing transaction
18:00:10.513 [main] DEBUG org.springframework.jdbc.datasource.DataSourceTransactionManager - Participating in existing transaction
18:00:10.513 [main] INFO fr.insalyon.creatis.vip.core.server.business.ConfigurationBusiness - Sending confirmation email to 'test3@test.fr'.
18:00:10.513 [main] DEBUG org.springframework.jdbc.datasource.DataSourceTransactionManager - Participating in existing transaction
18:00:10.513 [main] DEBUG org.springframework.jdbc.datasource.DataSourceTransactionManager - Participating in existing transaction
18:00:10.513 [main] DEBUG org.springframework.jdbc.datasource.DataSourceTransactionManager - Participating in existing transaction
18:00:10.513 [main] DEBUG org.springframework.jdbc.datasource.DataSourceTransactionManager - Participating in existing transaction
User = test4@test.fr
18:00:10.513 [main] INFO fr.insalyon.creatis.vip.core.server.business.ConfigurationBusiness - verifying test4@test.fr. List of undesired mail domains: . 
18:00:10.513 [main] INFO fr.insalyon.creatis.vip.core.server.business.ConfigurationBusiness - Signing up . List of undesired countries: .
18:00:10.514 [main] DEBUG org.springframework.jdbc.datasource.DataSourceTransactionManager - Participating in existing transaction
18:00:10.514 [main] DEBUG org.springframework.jdbc.datasource.DataSourceTransactionManager - Participating in existing transaction
18:00:10.514 [main] INFO fr.insalyon.creatis.vip.core.server.business.ConfigurationBusiness - Sending confirmation email to 'test4@test.fr'.
18:00:10.514 [main] DEBUG org.springframework.jdbc.datasource.DataSourceTransactionManager - Participating in existing transaction
18:00:10.514 [main] DEBUG org.springframework.jdbc.datasource.DataSourceTransactionManager - Participating in existing transaction
18:00:10.514 [main] DEBUG org.springframework.jdbc.datasource.DataSourceTransactionManager - Participating in existing transaction
18:00:10.515 [main] DEBUG org.springframework.jdbc.datasource.DataSourceTransactionManager - Participating in existing transaction
18:00:10.515 [main] DEBUG org.springframework.jdbc.datasource.DataSourceTransactionManager - Participating in existing transaction
18:00:10.515 [main] DEBUG org.springframework.jdbc.datasource.DataSourceTransactionManager - Participating in existing transaction
18:00:10.515 [main] DEBUG org.springframework.jdbc.datasource.DataSourceTransactionManager - Participating in existing transaction
18:00:10.515 [main] DEBUG org.springframework.jdbc.datasource.DataSourceTransactionManager - Participating in existing transaction
18:00:10.515 [main] DEBUG org.springframework.jdbc.datasource.DataSourceTransactionManager - Participating in existing transaction
18:00:10.515 [main] DEBUG org.springframework.jdbc.datasource.DataSourceTransactionManager - Participating in existing transaction
18:00:10.515 [main] DEBUG org.springframework.jdbc.datasource.DataSourceTransactionManager - Participating in existing transaction
18:00:10.515 [main] DEBUG org.springframework.jdbc.datasource.DataSourceTransactionManager - Participating in existing transaction
User = email5@test.fr
18:00:10.515 [main] INFO fr.insalyon.creatis.vip.core.server.business.ConfigurationBusiness - verifying email5@test.fr. List of undesired mail domains: . 
18:00:10.515 [main] INFO fr.insalyon.creatis.vip.core.server.business.ConfigurationBusiness - Signing up . List of undesired countries: .
18:00:10.516 [main] DEBUG org.springframework.jdbc.datasource.DataSourceTransactionManager - Participating in existing transaction
18:00:10.516 [main] DEBUG org.springframework.jdbc.datasource.DataSourceTransactionManager - Participating in existing transaction
18:00:10.516 [main] INFO fr.insalyon.creatis.vip.core.server.business.ConfigurationBusiness - Sending confirmation email to 'email5@test.fr'.
18:00:10.516 [main] DEBUG org.springframework.jdbc.datasource.DataSourceTransactionManager - Participating in existing transaction
18:00:10.516 [main] DEBUG org.springframework.test.context.cache.DefaultCacheAwareContextLoaderDelegate - Retrieved ApplicationContext [1050971191] from cache with key [[MergedContextConfiguration@1389e498 testClass = ConfigurationBusiness_CoreSpringServerIT, locations = '{}', classes = '{class fr.insalyon.creatis.vip.core.server.SpringCoreConfig}', contextInitializerClasses = '[]', activeProfiles = '{test-db, test}', propertySourceLocations = '{}', propertySourceProperties = '{db.tableEngine=}', contextCustomizers = set[[empty]], contextLoader = 'org.springframework.test.context.support.DelegatingSmartContextLoader', parent = [null]]]
18:00:10.517 [main] DEBUG org.springframework.test.context.cache - Spring test ApplicationContext cache statistics: [DefaultContextCache@4675f5b0 size = 1, maxSize = 32, parentContextCount = 0, hitCount = 296, missCount = 1]
18:00:10.517 [main] DEBUG org.springframework.jdbc.datasource.DataSourceTransactionManager - Participating in existing transaction
18:00:10.517 [main] DEBUG org.springframework.jdbc.datasource.DataSourceTransactionManager - Participating in existing transaction
18:00:10.517 [main] DEBUG org.springframework.jdbc.datasource.DataSourceTransactionManager - Participating in existing transaction
18:00:10.517 [main] DEBUG org.springframework.jdbc.datasource.DataSourceTransactionManager - Participating in existing transaction
18:00:10.518 [main] DEBUG org.springframework.test.context.cache.DefaultCacheAwareContextLoaderDelegate - Retrieved ApplicationContext [1050971191] from cache with key [[MergedContextConfiguration@1389e498 testClass = ConfigurationBusiness_CoreSpringServerIT, locations = '{}', classes = '{class fr.insalyon.creatis.vip.core.server.SpringCoreConfig}', contextInitializerClasses = '[]', activeProfiles = '{test-db, test}', propertySourceLocations = '{}', propertySourceProperties = '{db.tableEngine=}', contextCustomizers = set[[empty]], contextLoader = 'org.springframework.test.context.support.DelegatingSmartContextLoader', parent = [null]]]
18:00:10.518 [main] DEBUG org.springframework.test.context.cache - Spring test ApplicationContext cache statistics: [DefaultContextCache@4675f5b0 size = 1, maxSize = 32, parentContextCount = 0, hitCount = 297, missCount = 1]
18:00:10.518 [main] DEBUG org.springframework.test.context.cache.DefaultCacheAwareContextLoaderDelegate - Retrieved ApplicationContext [1050971191] from cache with key [[MergedContextConfiguration@1389e498 testClass = ConfigurationBusiness_CoreSpringServerIT, locations = '{}', classes = '{class fr.insalyon.creatis.vip.core.server.SpringCoreConfig}', contextInitializerClasses = '[]', activeProfiles = '{test-db, test}', propertySourceLocations = '{}', propertySourceProperties = '{db.tableEngine=}', contextCustomizers = set[[empty]], contextLoader = 'org.springframework.test.context.support.DelegatingSmartContextLoader', parent = [null]]]
18:00:10.518 [main] DEBUG org.springframework.test.context.cache - Spring test ApplicationContext cache statistics: [DefaultContextCache@4675f5b0 size = 1, maxSize = 32, parentContextCount = 0, hitCount = 298, missCount = 1]
18:00:10.518 [main] DEBUG org.springframework.jdbc.datasource.DataSourceTransactionManager - Initiating transaction rollback
18:00:10.518 [main] DEBUG org.springframework.jdbc.datasource.DataSourceTransactionManager - Rolling back JDBC transaction on Connection [conn56: url=jdbc:h2:mem:fec2b152-de2f-4c07-a3e1-df691c7daf9d user=SA]
18:00:10.518 [main] DEBUG org.springframework.jdbc.datasource.DataSourceTransactionManager - Releasing JDBC Connection [conn56: url=jdbc:h2:mem:fec2b152-de2f-4c07-a3e1-df691c7daf9d user=SA] after transaction
18:00:10.518 [main] INFO org.springframework.test.context.transaction.TransactionContext - Rolled back transaction for test: [DefaultTestContext@18e20fa8 testClass = ConfigurationBusiness_CoreSpringServerIT, testInstance = ConfigurationBusiness_CoreSpringServerIT@438c6025, testMethod = testInitialization@ConfigurationBusiness_CoreSpringServerIT, testException = [null], mergedContextConfiguration = [MergedContextConfiguration@1389e498 testClass = ConfigurationBusiness_CoreSpringServerIT, locations = '{}', classes = '{class fr.insalyon.creatis.vip.core.server.SpringCoreConfig}', contextInitializerClasses = '[]', activeProfiles = '{test-db, test}', propertySourceLocations = '{}', propertySourceProperties = '{db.tableEngine=}', contextCustomizers = set[[empty]], contextLoader = 'org.springframework.test.context.support.DelegatingSmartContextLoader', parent = [null]], attributes = map['org.springframework.test.context.event.ApplicationEventsTestExecutionListener.recordApplicationEvents' -> false]]
18:00:10.519 [main] DEBUG org.springframework.test.context.support.AbstractDirtiesContextTestExecutionListener - After test method: context [DefaultTestContext@18e20fa8 testClass = ConfigurationBusiness_CoreSpringServerIT, testInstance = ConfigurationBusiness_CoreSpringServerIT@438c6025, testMethod = testInitialization@ConfigurationBusiness_CoreSpringServerIT, testException = [null], mergedContextConfiguration = [MergedContextConfiguration@1389e498 testClass = ConfigurationBusiness_CoreSpringServerIT, locations = '{}', classes = '{class fr.insalyon.creatis.vip.core.server.SpringCoreConfig}', contextInitializerClasses = '[]', activeProfiles = '{test-db, test}', propertySourceLocations = '{}', propertySourceProperties = '{db.tableEngine=}', contextCustomizers = set[[empty]], contextLoader = 'org.springframework.test.context.support.DelegatingSmartContextLoader', parent = [null]], attributes = map['org.springframework.test.context.event.ApplicationEventsTestExecutionListener.recordApplicationEvents' -> false]], class annotated with @DirtiesContext [false] with mode [null], method annotated with @DirtiesContext [false] with mode [null].
]]></system-out>
  </testcase>
  <testcase name="testGetOrCreateNonExistentUser" classname="ConfigurationBusiness_CoreSpringServerIT" time="0.041">
    <system-out><![CDATA[18:00:10.522 [main] DEBUG org.springframework.test.context.support.DependencyInjectionTestExecutionListener - Performing dependency injection for test context [[DefaultTestContext@18e20fa8 testClass = ConfigurationBusiness_CoreSpringServerIT, testInstance = ConfigurationBusiness_CoreSpringServerIT@31ea8b0e, testMethod = [null], testException = [null], mergedContextConfiguration = [MergedContextConfiguration@1389e498 testClass = ConfigurationBusiness_CoreSpringServerIT, locations = '{}', classes = '{class fr.insalyon.creatis.vip.core.server.SpringCoreConfig}', contextInitializerClasses = '[]', activeProfiles = '{test-db, test}', propertySourceLocations = '{}', propertySourceProperties = '{db.tableEngine=}', contextCustomizers = set[[empty]], contextLoader = 'org.springframework.test.context.support.DelegatingSmartContextLoader', parent = [null]], attributes = map['org.springframework.test.context.event.ApplicationEventsTestExecutionListener.recordApplicationEvents' -> false]]].
18:00:10.522 [main] DEBUG org.springframework.test.context.cache.DefaultCacheAwareContextLoaderDelegate - Retrieved ApplicationContext [1050971191] from cache with key [[MergedContextConfiguration@1389e498 testClass = ConfigurationBusiness_CoreSpringServerIT, locations = '{}', classes = '{class fr.insalyon.creatis.vip.core.server.SpringCoreConfig}', contextInitializerClasses = '[]', activeProfiles = '{test-db, test}', propertySourceLocations = '{}', propertySourceProperties = '{db.tableEngine=}', contextCustomizers = set[[empty]], contextLoader = 'org.springframework.test.context.support.DelegatingSmartContextLoader', parent = [null]]]
18:00:10.522 [main] DEBUG org.springframework.test.context.cache - Spring test ApplicationContext cache statistics: [DefaultContextCache@4675f5b0 size = 1, maxSize = 32, parentContextCount = 0, hitCount = 299, missCount = 1]
18:00:10.522 [main] DEBUG org.springframework.test.context.cache.DefaultCacheAwareContextLoaderDelegate - Retrieved ApplicationContext [1050971191] from cache with key [[MergedContextConfiguration@1389e498 testClass = ConfigurationBusiness_CoreSpringServerIT, locations = '{}', classes = '{class fr.insalyon.creatis.vip.core.server.SpringCoreConfig}', contextInitializerClasses = '[]', activeProfiles = '{test-db, test}', propertySourceLocations = '{}', propertySourceProperties = '{db.tableEngine=}', contextCustomizers = set[[empty]], contextLoader = 'org.springframework.test.context.support.DelegatingSmartContextLoader', parent = [null]]]
18:00:10.522 [main] DEBUG org.springframework.test.context.cache - Spring test ApplicationContext cache statistics: [DefaultContextCache@4675f5b0 size = 1, maxSize = 32, parentContextCount = 0, hitCount = 300, missCount = 1]
18:00:10.524 [main] DEBUG org.springframework.test.context.support.AbstractDirtiesContextTestExecutionListener - Before test method: context [DefaultTestContext@18e20fa8 testClass = ConfigurationBusiness_CoreSpringServerIT, testInstance = ConfigurationBusiness_CoreSpringServerIT@31ea8b0e, testMethod = testGetOrCreateNonExistentUser@ConfigurationBusiness_CoreSpringServerIT, testException = [null], mergedContextConfiguration = [MergedContextConfiguration@1389e498 testClass = ConfigurationBusiness_CoreSpringServerIT, locations = '{}', classes = '{class fr.insalyon.creatis.vip.core.server.SpringCoreConfig}', contextInitializerClasses = '[]', activeProfiles = '{test-db, test}', propertySourceLocations = '{}', propertySourceProperties = '{db.tableEngine=}', contextCustomizers = set[[empty]], contextLoader = 'org.springframework.test.context.support.DelegatingSmartContextLoader', parent = [null]], attributes = map['org.springframework.test.context.event.ApplicationEventsTestExecutionListener.recordApplicationEvents' -> false]], class annotated with @DirtiesContext [false] with mode [null], method annotated with @DirtiesContext [false] with mode [null].
18:00:10.524 [main] DEBUG org.springframework.test.context.transaction.TransactionalTestExecutionListener - Explicit transaction definition [PROPAGATION_REQUIRED,ISOLATION_DEFAULT] found for test context [DefaultTestContext@18e20fa8 testClass = ConfigurationBusiness_CoreSpringServerIT, testInstance = ConfigurationBusiness_CoreSpringServerIT@31ea8b0e, testMethod = testGetOrCreateNonExistentUser@ConfigurationBusiness_CoreSpringServerIT, testException = [null], mergedContextConfiguration = [MergedContextConfiguration@1389e498 testClass = ConfigurationBusiness_CoreSpringServerIT, locations = '{}', classes = '{class fr.insalyon.creatis.vip.core.server.SpringCoreConfig}', contextInitializerClasses = '[]', activeProfiles = '{test-db, test}', propertySourceLocations = '{}', propertySourceProperties = '{db.tableEngine=}', contextCustomizers = set[[empty]], contextLoader = 'org.springframework.test.context.support.DelegatingSmartContextLoader', parent = [null]], attributes = map['org.springframework.test.context.event.ApplicationEventsTestExecutionListener.recordApplicationEvents' -> false]]
18:00:10.524 [main] DEBUG org.springframework.test.context.cache.DefaultCacheAwareContextLoaderDelegate - Retrieved ApplicationContext [1050971191] from cache with key [[MergedContextConfiguration@1389e498 testClass = ConfigurationBusiness_CoreSpringServerIT, locations = '{}', classes = '{class fr.insalyon.creatis.vip.core.server.SpringCoreConfig}', contextInitializerClasses = '[]', activeProfiles = '{test-db, test}', propertySourceLocations = '{}', propertySourceProperties = '{db.tableEngine=}', contextCustomizers = set[[empty]], contextLoader = 'org.springframework.test.context.support.DelegatingSmartContextLoader', parent = [null]]]
18:00:10.524 [main] DEBUG org.springframework.test.context.cache - Spring test ApplicationContext cache statistics: [DefaultContextCache@4675f5b0 size = 1, maxSize = 32, parentContextCount = 0, hitCount = 301, missCount = 1]
18:00:10.524 [main] DEBUG org.springframework.test.context.transaction.TransactionalTestExecutionListener - No method-level @Rollback override: using default rollback [true] for test context [DefaultTestContext@18e20fa8 testClass = ConfigurationBusiness_CoreSpringServerIT, testInstance = ConfigurationBusiness_CoreSpringServerIT@31ea8b0e, testMethod = testGetOrCreateNonExistentUser@ConfigurationBusiness_CoreSpringServerIT, testException = [null], mergedContextConfiguration = [MergedContextConfiguration@1389e498 testClass = ConfigurationBusiness_CoreSpringServerIT, locations = '{}', classes = '{class fr.insalyon.creatis.vip.core.server.SpringCoreConfig}', contextInitializerClasses = '[]', activeProfiles = '{test-db, test}', propertySourceLocations = '{}', propertySourceProperties = '{db.tableEngine=}', contextCustomizers = set[[empty]], contextLoader = 'org.springframework.test.context.support.DelegatingSmartContextLoader', parent = [null]], attributes = map['org.springframework.test.context.event.ApplicationEventsTestExecutionListener.recordApplicationEvents' -> false]].
18:00:10.524 [main] DEBUG org.springframework.jdbc.datasource.DataSourceTransactionManager - Creating new transaction with name [ConfigurationBusiness_CoreSpringServerIT.testGetOrCreateNonExistentUser]: PROPAGATION_REQUIRED,ISOLATION_DEFAULT
18:00:10.525 [main] DEBUG org.springframework.jdbc.datasource.DataSourceTransactionManager - Acquired Connection [Lazy Connection proxy for target DataSource [org.springframework.jdbc.datasource.embedded.EmbeddedDatabaseFactory$EmbeddedDataSourceProxy@5764c072]] for JDBC transaction
18:00:10.525 [main] DEBUG org.springframework.jdbc.datasource.DataSourceTransactionManager - Switching JDBC Connection [Lazy Connection proxy for target DataSource [org.springframework.jdbc.datasource.embedded.EmbeddedDatabaseFactory$EmbeddedDataSourceProxy@5764c072]] to manual commit
18:00:10.525 [main] INFO org.springframework.test.context.transaction.TransactionContext - Began transaction (1) for test context [DefaultTestContext@18e20fa8 testClass = ConfigurationBusiness_CoreSpringServerIT, testInstance = ConfigurationBusiness_CoreSpringServerIT@31ea8b0e, testMethod = testGetOrCreateNonExistentUser@ConfigurationBusiness_CoreSpringServerIT, testException = [null], mergedContextConfiguration = [MergedContextConfiguration@1389e498 testClass = ConfigurationBusiness_CoreSpringServerIT, locations = '{}', classes = '{class fr.insalyon.creatis.vip.core.server.SpringCoreConfig}', contextInitializerClasses = '[]', activeProfiles = '{test-db, test}', propertySourceLocations = '{}', propertySourceProperties = '{db.tableEngine=}', contextCustomizers = set[[empty]], contextLoader = 'org.springframework.test.context.support.DelegatingSmartContextLoader', parent = [null]], attributes = map['org.springframework.test.context.event.ApplicationEventsTestExecutionListener.recordApplicationEvents' -> false]]; transaction manager [org.springframework.jdbc.datasource.DataSourceTransactionManager@178b2df1]; rollback [true]
18:00:10.525 [main] DEBUG org.springframework.test.context.cache.DefaultCacheAwareContextLoaderDelegate - Retrieved ApplicationContext [1050971191] from cache with key [[MergedContextConfiguration@1389e498 testClass = ConfigurationBusiness_CoreSpringServerIT, locations = '{}', classes = '{class fr.insalyon.creatis.vip.core.server.SpringCoreConfig}', contextInitializerClasses = '[]', activeProfiles = '{test-db, test}', propertySourceLocations = '{}', propertySourceProperties = '{db.tableEngine=}', contextCustomizers = set[[empty]], contextLoader = 'org.springframework.test.context.support.DelegatingSmartContextLoader', parent = [null]]]
18:00:10.525 [main] DEBUG org.springframework.test.context.cache - Spring test ApplicationContext cache statistics: [DefaultContextCache@4675f5b0 size = 1, maxSize = 32, parentContextCount = 0, hitCount = 302, missCount = 1]
18:00:10.526 [main] DEBUG org.springframework.jdbc.datasource.DataSourceTransactionManager - Participating in existing transaction
18:00:10.526 [main] DEBUG org.springframework.jdbc.datasource.DataSourceTransactionManager - Participating in existing transaction
18:00:10.526 [main] DEBUG org.springframework.jdbc.datasource.SimpleDriverDataSource - Creating new JDBC Driver Connection to [jdbc:h2:mem:fec2b152-de2f-4c07-a3e1-df691c7daf9d;DB_CLOSE_DELAY=-1;DB_CLOSE_ON_EXIT=false]
18:00:10.528 [main] DEBUG org.springframework.jdbc.datasource.DataSourceTransactionManager - Participating in existing transaction
18:00:10.528 [main] DEBUG org.springframework.jdbc.datasource.DataSourceTransactionManager - Participating in existing transaction
18:00:10.528 [main] DEBUG org.springframework.jdbc.datasource.DataSourceTransactionManager - Participating in existing transaction
18:00:10.528 [main] DEBUG org.springframework.jdbc.datasource.DataSourceTransactionManager - Participating in existing transaction
18:00:10.529 [main] DEBUG org.springframework.jdbc.datasource.DataSourceTransactionManager - Participating in existing transaction
User = test1@test.fr
18:00:10.529 [main] INFO fr.insalyon.creatis.vip.core.server.business.ConfigurationBusiness - verifying test1@test.fr. List of undesired mail domains: . 
18:00:10.529 [main] INFO fr.insalyon.creatis.vip.core.server.business.ConfigurationBusiness - Signing up . List of undesired countries: .
18:00:10.529 [main] DEBUG org.springframework.jdbc.datasource.DataSourceTransactionManager - Participating in existing transaction
18:00:10.530 [main] DEBUG org.springframework.jdbc.datasource.DataSourceTransactionManager - Participating in existing transaction
18:00:10.530 [main] INFO fr.insalyon.creatis.vip.core.server.business.ConfigurationBusiness - Sending confirmation email to 'test1@test.fr'.
18:00:10.530 [main] DEBUG org.springframework.jdbc.datasource.DataSourceTransactionManager - Participating in existing transaction
18:00:10.530 [main] DEBUG org.springframework.jdbc.datasource.DataSourceTransactionManager - Participating in existing transaction
18:00:10.530 [main] DEBUG org.springframework.jdbc.datasource.DataSourceTransactionManager - Participating in existing transaction
18:00:10.531 [main] DEBUG org.springframework.jdbc.datasource.DataSourceTransactionManager - Participating in existing transaction
User = test2@test.fr
18:00:10.531 [main] INFO fr.insalyon.creatis.vip.core.server.business.ConfigurationBusiness - verifying test2@test.fr. List of undesired mail domains: . 
18:00:10.531 [main] INFO fr.insalyon.creatis.vip.core.server.business.ConfigurationBusiness - Signing up . List of undesired countries: .
18:00:10.531 [main] DEBUG org.springframework.jdbc.datasource.DataSourceTransactionManager - Participating in existing transaction
18:00:10.531 [main] DEBUG org.springframework.jdbc.datasource.DataSourceTransactionManager - Participating in existing transaction
18:00:10.532 [main] INFO fr.insalyon.creatis.vip.core.server.business.ConfigurationBusiness - Sending confirmation email to 'test2@test.fr'.
18:00:10.532 [main] DEBUG org.springframework.jdbc.datasource.DataSourceTransactionManager - Participating in existing transaction
18:00:10.533 [main] DEBUG org.springframework.jdbc.datasource.DataSourceTransactionManager - Participating in existing transaction
18:00:10.533 [main] DEBUG org.springframework.jdbc.datasource.DataSourceTransactionManager - Participating in existing transaction
18:00:10.533 [main] DEBUG org.springframework.jdbc.datasource.DataSourceTransactionManager - Participating in existing transaction
User = test3@test.fr
18:00:10.533 [main] INFO fr.insalyon.creatis.vip.core.server.business.ConfigurationBusiness - verifying test3@test.fr. List of undesired mail domains: . 
18:00:10.533 [main] INFO fr.insalyon.creatis.vip.core.server.business.ConfigurationBusiness - Signing up . List of undesired countries: .
18:00:10.533 [main] DEBUG org.springframework.jdbc.datasource.DataSourceTransactionManager - Participating in existing transaction
18:00:10.534 [main] DEBUG org.springframework.jdbc.datasource.DataSourceTransactionManager - Participating in existing transaction
18:00:10.534 [main] INFO fr.insalyon.creatis.vip.core.server.business.ConfigurationBusiness - Sending confirmation email to 'test3@test.fr'.
18:00:10.534 [main] DEBUG org.springframework.jdbc.datasource.DataSourceTransactionManager - Participating in existing transaction
18:00:10.534 [main] DEBUG org.springframework.jdbc.datasource.DataSourceTransactionManager - Participating in existing transaction
18:00:10.534 [main] DEBUG org.springframework.jdbc.datasource.DataSourceTransactionManager - Participating in existing transaction
18:00:10.535 [main] DEBUG org.springframework.jdbc.datasource.DataSourceTransactionManager - Participating in existing transaction
User = test4@test.fr
18:00:10.535 [main] INFO fr.insalyon.creatis.vip.core.server.business.ConfigurationBusiness - verifying test4@test.fr. List of undesired mail domains: . 
18:00:10.535 [main] INFO fr.insalyon.creatis.vip.core.server.business.ConfigurationBusiness - Signing up . List of undesired countries: .
18:00:10.535 [main] DEBUG org.springframework.jdbc.datasource.DataSourceTransactionManager - Participating in existing transaction
18:00:10.535 [main] DEBUG org.springframework.jdbc.datasource.DataSourceTransactionManager - Participating in existing transaction
18:00:10.535 [main] INFO fr.insalyon.creatis.vip.core.server.business.ConfigurationBusiness - Sending confirmation email to 'test4@test.fr'.
18:00:10.535 [main] DEBUG org.springframework.jdbc.datasource.DataSourceTransactionManager - Participating in existing transaction
18:00:10.536 [main] DEBUG org.springframework.jdbc.datasource.DataSourceTransactionManager - Participating in existing transaction
18:00:10.536 [main] DEBUG org.springframework.jdbc.datasource.DataSourceTransactionManager - Participating in existing transaction
18:00:10.539 [main] DEBUG org.springframework.jdbc.datasource.DataSourceTransactionManager - Participating in existing transaction
18:00:10.540 [main] DEBUG org.springframework.jdbc.datasource.DataSourceTransactionManager - Participating in existing transaction
18:00:10.540 [main] DEBUG org.springframework.jdbc.datasource.DataSourceTransactionManager - Participating in existing transaction
18:00:10.540 [main] DEBUG org.springframework.jdbc.datasource.DataSourceTransactionManager - Participating in existing transaction
18:00:10.540 [main] DEBUG org.springframework.jdbc.datasource.DataSourceTransactionManager - Participating in existing transaction
18:00:10.540 [main] DEBUG org.springframework.jdbc.datasource.DataSourceTransactionManager - Participating in existing transaction
18:00:10.540 [main] DEBUG org.springframework.jdbc.datasource.DataSourceTransactionManager - Participating in existing transaction
18:00:10.540 [main] DEBUG org.springframework.jdbc.datasource.DataSourceTransactionManager - Participating in existing transaction
18:00:10.540 [main] DEBUG org.springframework.jdbc.datasource.DataSourceTransactionManager - Participating in existing transaction
User = email5@test.fr
18:00:10.540 [main] INFO fr.insalyon.creatis.vip.core.server.business.ConfigurationBusiness - verifying email5@test.fr. List of undesired mail domains: . 
18:00:10.540 [main] INFO fr.insalyon.creatis.vip.core.server.business.ConfigurationBusiness - Signing up . List of undesired countries: .
18:00:10.543 [main] DEBUG org.springframework.jdbc.datasource.DataSourceTransactionManager - Participating in existing transaction
18:00:10.543 [main] DEBUG org.springframework.jdbc.datasource.DataSourceTransactionManager - Participating in existing transaction
18:00:10.544 [main] INFO fr.insalyon.creatis.vip.core.server.business.ConfigurationBusiness - Sending confirmation email to 'email5@test.fr'.
18:00:10.544 [main] DEBUG org.springframework.jdbc.datasource.DataSourceTransactionManager - Participating in existing transaction
18:00:10.544 [main] DEBUG org.springframework.test.context.cache.DefaultCacheAwareContextLoaderDelegate - Retrieved ApplicationContext [1050971191] from cache with key [[MergedContextConfiguration@1389e498 testClass = ConfigurationBusiness_CoreSpringServerIT, locations = '{}', classes = '{class fr.insalyon.creatis.vip.core.server.SpringCoreConfig}', contextInitializerClasses = '[]', activeProfiles = '{test-db, test}', propertySourceLocations = '{}', propertySourceProperties = '{db.tableEngine=}', contextCustomizers = set[[empty]], contextLoader = 'org.springframework.test.context.support.DelegatingSmartContextLoader', parent = [null]]]
18:00:10.544 [main] DEBUG org.springframework.test.context.cache - Spring test ApplicationContext cache statistics: [DefaultContextCache@4675f5b0 size = 1, maxSize = 32, parentContextCount = 0, hitCount = 303, missCount = 1]
18:00:10.544 [main] DEBUG org.springframework.jdbc.datasource.DataSourceTransactionManager - Participating in existing transaction
18:00:10.544 [main] DEBUG org.springframework.jdbc.datasource.DataSourceTransactionManager - Participating in existing transaction
18:00:10.544 [main] DEBUG org.springframework.jdbc.datasource.DataSourceTransactionManager - Participating in existing transaction
18:00:10.544 [main] ERROR fr.insalyon.creatis.vip.core.server.dao.mysql.UserData - There is no user registered with the e-mail nonExistentUser@test.fr
18:00:10.544 [main] DEBUG org.springframework.jdbc.datasource.DataSourceTransactionManager - Participating in existing transaction
User = nonExistentUser@test.fr
18:00:10.545 [main] INFO fr.insalyon.creatis.vip.core.server.business.ConfigurationBusiness - verifying nonExistentUser@test.fr. List of undesired mail domains: . 
18:00:10.545 [main] INFO fr.insalyon.creatis.vip.core.server.business.ConfigurationBusiness - Signing up . List of undesired countries: .
18:00:10.545 [main] DEBUG org.springframework.jdbc.datasource.DataSourceTransactionManager - Participating in existing transaction
18:00:10.545 [main] DEBUG org.springframework.jdbc.datasource.DataSourceTransactionManager - Participating in existing transaction
18:00:10.546 [main] DEBUG org.springframework.jdbc.datasource.DataSourceTransactionManager - Participating in existing transaction
18:00:10.546 [main] DEBUG org.springframework.jdbc.datasource.DataSourceTransactionManager - Participating in existing transaction
18:00:10.546 [main] DEBUG org.springframework.jdbc.datasource.DataSourceTransactionManager - Participating in existing transaction
18:00:10.546 [main] DEBUG org.springframework.jdbc.datasource.DataSourceTransactionManager - Participating in existing transaction
18:00:10.547 [main] DEBUG org.springframework.jdbc.datasource.DataSourceTransactionManager - Participating in existing transaction
18:00:10.553 [main] DEBUG org.springframework.jdbc.datasource.DataSourceTransactionManager - Participating in existing transaction
18:00:10.554 [main] DEBUG org.springframework.jdbc.datasource.DataSourceTransactionManager - Participating in existing transaction
18:00:10.554 [main] DEBUG org.springframework.jdbc.datasource.DataSourceTransactionManager - Participating in existing transaction
18:00:10.554 [main] DEBUG org.springframework.jdbc.core.JdbcTemplate - Executing SQL query [SELECT COUNT(0) FROM VIPUsers]
18:00:10.554 [main] DEBUG org.springframework.test.context.cache.DefaultCacheAwareContextLoaderDelegate - Retrieved ApplicationContext [1050971191] from cache with key [[MergedContextConfiguration@1389e498 testClass = ConfigurationBusiness_CoreSpringServerIT, locations = '{}', classes = '{class fr.insalyon.creatis.vip.core.server.SpringCoreConfig}', contextInitializerClasses = '[]', activeProfiles = '{test-db, test}', propertySourceLocations = '{}', propertySourceProperties = '{db.tableEngine=}', contextCustomizers = set[[empty]], contextLoader = 'org.springframework.test.context.support.DelegatingSmartContextLoader', parent = [null]]]
18:00:10.554 [main] DEBUG org.springframework.test.context.cache - Spring test ApplicationContext cache statistics: [DefaultContextCache@4675f5b0 size = 1, maxSize = 32, parentContextCount = 0, hitCount = 304, missCount = 1]
18:00:10.563 [main] DEBUG org.springframework.test.context.cache.DefaultCacheAwareContextLoaderDelegate - Retrieved ApplicationContext [1050971191] from cache with key [[MergedContextConfiguration@1389e498 testClass = ConfigurationBusiness_CoreSpringServerIT, locations = '{}', classes = '{class fr.insalyon.creatis.vip.core.server.SpringCoreConfig}', contextInitializerClasses = '[]', activeProfiles = '{test-db, test}', propertySourceLocations = '{}', propertySourceProperties = '{db.tableEngine=}', contextCustomizers = set[[empty]], contextLoader = 'org.springframework.test.context.support.DelegatingSmartContextLoader', parent = [null]]]
18:00:10.563 [main] DEBUG org.springframework.test.context.cache - Spring test ApplicationContext cache statistics: [DefaultContextCache@4675f5b0 size = 1, maxSize = 32, parentContextCount = 0, hitCount = 305, missCount = 1]
18:00:10.563 [main] DEBUG org.springframework.jdbc.datasource.DataSourceTransactionManager - Initiating transaction rollback
18:00:10.563 [main] DEBUG org.springframework.jdbc.datasource.DataSourceTransactionManager - Rolling back JDBC transaction on Connection [conn57: url=jdbc:h2:mem:fec2b152-de2f-4c07-a3e1-df691c7daf9d user=SA]
18:00:10.564 [main] DEBUG org.springframework.jdbc.datasource.DataSourceTransactionManager - Releasing JDBC Connection [conn57: url=jdbc:h2:mem:fec2b152-de2f-4c07-a3e1-df691c7daf9d user=SA] after transaction
18:00:10.564 [main] INFO org.springframework.test.context.transaction.TransactionContext - Rolled back transaction for test: [DefaultTestContext@18e20fa8 testClass = ConfigurationBusiness_CoreSpringServerIT, testInstance = ConfigurationBusiness_CoreSpringServerIT@31ea8b0e, testMethod = testGetOrCreateNonExistentUser@ConfigurationBusiness_CoreSpringServerIT, testException = [null], mergedContextConfiguration = [MergedContextConfiguration@1389e498 testClass = ConfigurationBusiness_CoreSpringServerIT, locations = '{}', classes = '{class fr.insalyon.creatis.vip.core.server.SpringCoreConfig}', contextInitializerClasses = '[]', activeProfiles = '{test-db, test}', propertySourceLocations = '{}', propertySourceProperties = '{db.tableEngine=}', contextCustomizers = set[[empty]], contextLoader = 'org.springframework.test.context.support.DelegatingSmartContextLoader', parent = [null]], attributes = map['org.springframework.test.context.event.ApplicationEventsTestExecutionListener.recordApplicationEvents' -> false]]
18:00:10.564 [main] DEBUG org.springframework.test.context.support.AbstractDirtiesContextTestExecutionListener - After test method: context [DefaultTestContext@18e20fa8 testClass = ConfigurationBusiness_CoreSpringServerIT, testInstance = ConfigurationBusiness_CoreSpringServerIT@31ea8b0e, testMethod = testGetOrCreateNonExistentUser@ConfigurationBusiness_CoreSpringServerIT, testException = [null], mergedContextConfiguration = [MergedContextConfiguration@1389e498 testClass = ConfigurationBusiness_CoreSpringServerIT, locations = '{}', classes = '{class fr.insalyon.creatis.vip.core.server.SpringCoreConfig}', contextInitializerClasses = '[]', activeProfiles = '{test-db, test}', propertySourceLocations = '{}', propertySourceProperties = '{db.tableEngine=}', contextCustomizers = set[[empty]], contextLoader = 'org.springframework.test.context.support.DelegatingSmartContextLoader', parent = [null]], attributes = map['org.springframework.test.context.event.ApplicationEventsTestExecutionListener.recordApplicationEvents' -> false]], class annotated with @DirtiesContext [false] with mode [null], method annotated with @DirtiesContext [false] with mode [null].
]]></system-out>
  </testcase>
  <testcase name="testUpdatePassword" classname="ConfigurationBusiness_CoreSpringServerIT" time="0.037">
    <system-out><![CDATA[18:00:10.566 [main] DEBUG org.springframework.test.context.support.DependencyInjectionTestExecutionListener - Performing dependency injection for test context [[DefaultTestContext@18e20fa8 testClass = ConfigurationBusiness_CoreSpringServerIT, testInstance = ConfigurationBusiness_CoreSpringServerIT@6fcd3bc9, testMethod = [null], testException = [null], mergedContextConfiguration = [MergedContextConfiguration@1389e498 testClass = ConfigurationBusiness_CoreSpringServerIT, locations = '{}', classes = '{class fr.insalyon.creatis.vip.core.server.SpringCoreConfig}', contextInitializerClasses = '[]', activeProfiles = '{test-db, test}', propertySourceLocations = '{}', propertySourceProperties = '{db.tableEngine=}', contextCustomizers = set[[empty]], contextLoader = 'org.springframework.test.context.support.DelegatingSmartContextLoader', parent = [null]], attributes = map['org.springframework.test.context.event.ApplicationEventsTestExecutionListener.recordApplicationEvents' -> false]]].
18:00:10.566 [main] DEBUG org.springframework.test.context.cache.DefaultCacheAwareContextLoaderDelegate - Retrieved ApplicationContext [1050971191] from cache with key [[MergedContextConfiguration@1389e498 testClass = ConfigurationBusiness_CoreSpringServerIT, locations = '{}', classes = '{class fr.insalyon.creatis.vip.core.server.SpringCoreConfig}', contextInitializerClasses = '[]', activeProfiles = '{test-db, test}', propertySourceLocations = '{}', propertySourceProperties = '{db.tableEngine=}', contextCustomizers = set[[empty]], contextLoader = 'org.springframework.test.context.support.DelegatingSmartContextLoader', parent = [null]]]
18:00:10.566 [main] DEBUG org.springframework.test.context.cache - Spring test ApplicationContext cache statistics: [DefaultContextCache@4675f5b0 size = 1, maxSize = 32, parentContextCount = 0, hitCount = 306, missCount = 1]
18:00:10.567 [main] DEBUG org.springframework.test.context.cache.DefaultCacheAwareContextLoaderDelegate - Retrieved ApplicationContext [1050971191] from cache with key [[MergedContextConfiguration@1389e498 testClass = ConfigurationBusiness_CoreSpringServerIT, locations = '{}', classes = '{class fr.insalyon.creatis.vip.core.server.SpringCoreConfig}', contextInitializerClasses = '[]', activeProfiles = '{test-db, test}', propertySourceLocations = '{}', propertySourceProperties = '{db.tableEngine=}', contextCustomizers = set[[empty]], contextLoader = 'org.springframework.test.context.support.DelegatingSmartContextLoader', parent = [null]]]
18:00:10.567 [main] DEBUG org.springframework.test.context.cache - Spring test ApplicationContext cache statistics: [DefaultContextCache@4675f5b0 size = 1, maxSize = 32, parentContextCount = 0, hitCount = 307, missCount = 1]
18:00:10.568 [main] DEBUG org.springframework.test.context.support.AbstractDirtiesContextTestExecutionListener - Before test method: context [DefaultTestContext@18e20fa8 testClass = ConfigurationBusiness_CoreSpringServerIT, testInstance = ConfigurationBusiness_CoreSpringServerIT@6fcd3bc9, testMethod = testUpdatePassword@ConfigurationBusiness_CoreSpringServerIT, testException = [null], mergedContextConfiguration = [MergedContextConfiguration@1389e498 testClass = ConfigurationBusiness_CoreSpringServerIT, locations = '{}', classes = '{class fr.insalyon.creatis.vip.core.server.SpringCoreConfig}', contextInitializerClasses = '[]', activeProfiles = '{test-db, test}', propertySourceLocations = '{}', propertySourceProperties = '{db.tableEngine=}', contextCustomizers = set[[empty]], contextLoader = 'org.springframework.test.context.support.DelegatingSmartContextLoader', parent = [null]], attributes = map['org.springframework.test.context.event.ApplicationEventsTestExecutionListener.recordApplicationEvents' -> false]], class annotated with @DirtiesContext [false] with mode [null], method annotated with @DirtiesContext [false] with mode [null].
18:00:10.569 [main] DEBUG org.springframework.test.context.transaction.TransactionalTestExecutionListener - Explicit transaction definition [PROPAGATION_REQUIRED,ISOLATION_DEFAULT] found for test context [DefaultTestContext@18e20fa8 testClass = ConfigurationBusiness_CoreSpringServerIT, testInstance = ConfigurationBusiness_CoreSpringServerIT@6fcd3bc9, testMethod = testUpdatePassword@ConfigurationBusiness_CoreSpringServerIT, testException = [null], mergedContextConfiguration = [MergedContextConfiguration@1389e498 testClass = ConfigurationBusiness_CoreSpringServerIT, locations = '{}', classes = '{class fr.insalyon.creatis.vip.core.server.SpringCoreConfig}', contextInitializerClasses = '[]', activeProfiles = '{test-db, test}', propertySourceLocations = '{}', propertySourceProperties = '{db.tableEngine=}', contextCustomizers = set[[empty]], contextLoader = 'org.springframework.test.context.support.DelegatingSmartContextLoader', parent = [null]], attributes = map['org.springframework.test.context.event.ApplicationEventsTestExecutionListener.recordApplicationEvents' -> false]]
18:00:10.569 [main] DEBUG org.springframework.test.context.cache.DefaultCacheAwareContextLoaderDelegate - Retrieved ApplicationContext [1050971191] from cache with key [[MergedContextConfiguration@1389e498 testClass = ConfigurationBusiness_CoreSpringServerIT, locations = '{}', classes = '{class fr.insalyon.creatis.vip.core.server.SpringCoreConfig}', contextInitializerClasses = '[]', activeProfiles = '{test-db, test}', propertySourceLocations = '{}', propertySourceProperties = '{db.tableEngine=}', contextCustomizers = set[[empty]], contextLoader = 'org.springframework.test.context.support.DelegatingSmartContextLoader', parent = [null]]]
18:00:10.569 [main] DEBUG org.springframework.test.context.cache - Spring test ApplicationContext cache statistics: [DefaultContextCache@4675f5b0 size = 1, maxSize = 32, parentContextCount = 0, hitCount = 308, missCount = 1]
18:00:10.569 [main] DEBUG org.springframework.test.context.transaction.TransactionalTestExecutionListener - No method-level @Rollback override: using default rollback [true] for test context [DefaultTestContext@18e20fa8 testClass = ConfigurationBusiness_CoreSpringServerIT, testInstance = ConfigurationBusiness_CoreSpringServerIT@6fcd3bc9, testMethod = testUpdatePassword@ConfigurationBusiness_CoreSpringServerIT, testException = [null], mergedContextConfiguration = [MergedContextConfiguration@1389e498 testClass = ConfigurationBusiness_CoreSpringServerIT, locations = '{}', classes = '{class fr.insalyon.creatis.vip.core.server.SpringCoreConfig}', contextInitializerClasses = '[]', activeProfiles = '{test-db, test}', propertySourceLocations = '{}', propertySourceProperties = '{db.tableEngine=}', contextCustomizers = set[[empty]], contextLoader = 'org.springframework.test.context.support.DelegatingSmartContextLoader', parent = [null]], attributes = map['org.springframework.test.context.event.ApplicationEventsTestExecutionListener.recordApplicationEvents' -> false]].
18:00:10.569 [main] DEBUG org.springframework.jdbc.datasource.DataSourceTransactionManager - Creating new transaction with name [ConfigurationBusiness_CoreSpringServerIT.testUpdatePassword]: PROPAGATION_REQUIRED,ISOLATION_DEFAULT
18:00:10.570 [main] DEBUG org.springframework.jdbc.datasource.DataSourceTransactionManager - Acquired Connection [Lazy Connection proxy for target DataSource [org.springframework.jdbc.datasource.embedded.EmbeddedDatabaseFactory$EmbeddedDataSourceProxy@5764c072]] for JDBC transaction
18:00:10.570 [main] DEBUG org.springframework.jdbc.datasource.DataSourceTransactionManager - Switching JDBC Connection [Lazy Connection proxy for target DataSource [org.springframework.jdbc.datasource.embedded.EmbeddedDatabaseFactory$EmbeddedDataSourceProxy@5764c072]] to manual commit
18:00:10.570 [main] INFO org.springframework.test.context.transaction.TransactionContext - Began transaction (1) for test context [DefaultTestContext@18e20fa8 testClass = ConfigurationBusiness_CoreSpringServerIT, testInstance = ConfigurationBusiness_CoreSpringServerIT@6fcd3bc9, testMethod = testUpdatePassword@ConfigurationBusiness_CoreSpringServerIT, testException = [null], mergedContextConfiguration = [MergedContextConfiguration@1389e498 testClass = ConfigurationBusiness_CoreSpringServerIT, locations = '{}', classes = '{class fr.insalyon.creatis.vip.core.server.SpringCoreConfig}', contextInitializerClasses = '[]', activeProfiles = '{test-db, test}', propertySourceLocations = '{}', propertySourceProperties = '{db.tableEngine=}', contextCustomizers = set[[empty]], contextLoader = 'org.springframework.test.context.support.DelegatingSmartContextLoader', parent = [null]], attributes = map['org.springframework.test.context.event.ApplicationEventsTestExecutionListener.recordApplicationEvents' -> false]]; transaction manager [org.springframework.jdbc.datasource.DataSourceTransactionManager@178b2df1]; rollback [true]
18:00:10.570 [main] DEBUG org.springframework.test.context.cache.DefaultCacheAwareContextLoaderDelegate - Retrieved ApplicationContext [1050971191] from cache with key [[MergedContextConfiguration@1389e498 testClass = ConfigurationBusiness_CoreSpringServerIT, locations = '{}', classes = '{class fr.insalyon.creatis.vip.core.server.SpringCoreConfig}', contextInitializerClasses = '[]', activeProfiles = '{test-db, test}', propertySourceLocations = '{}', propertySourceProperties = '{db.tableEngine=}', contextCustomizers = set[[empty]], contextLoader = 'org.springframework.test.context.support.DelegatingSmartContextLoader', parent = [null]]]
18:00:10.570 [main] DEBUG org.springframework.test.context.cache - Spring test ApplicationContext cache statistics: [DefaultContextCache@4675f5b0 size = 1, maxSize = 32, parentContextCount = 0, hitCount = 309, missCount = 1]
18:00:10.571 [main] DEBUG org.springframework.jdbc.datasource.DataSourceTransactionManager - Participating in existing transaction
18:00:10.572 [main] DEBUG org.springframework.jdbc.datasource.DataSourceTransactionManager - Participating in existing transaction
18:00:10.572 [main] DEBUG org.springframework.jdbc.datasource.SimpleDriverDataSource - Creating new JDBC Driver Connection to [jdbc:h2:mem:fec2b152-de2f-4c07-a3e1-df691c7daf9d;DB_CLOSE_DELAY=-1;DB_CLOSE_ON_EXIT=false]
18:00:10.572 [main] DEBUG org.springframework.jdbc.datasource.DataSourceTransactionManager - Participating in existing transaction
18:00:10.572 [main] DEBUG org.springframework.jdbc.datasource.DataSourceTransactionManager - Participating in existing transaction
18:00:10.573 [main] DEBUG org.springframework.jdbc.datasource.DataSourceTransactionManager - Participating in existing transaction
18:00:10.573 [main] DEBUG org.springframework.jdbc.datasource.DataSourceTransactionManager - Participating in existing transaction
18:00:10.583 [main] DEBUG org.springframework.jdbc.datasource.DataSourceTransactionManager - Participating in existing transaction
User = test1@test.fr
18:00:10.583 [main] INFO fr.insalyon.creatis.vip.core.server.business.ConfigurationBusiness - verifying test1@test.fr. List of undesired mail domains: . 
18:00:10.583 [main] INFO fr.insalyon.creatis.vip.core.server.business.ConfigurationBusiness - Signing up . List of undesired countries: .
18:00:10.583 [main] DEBUG org.springframework.jdbc.datasource.DataSourceTransactionManager - Participating in existing transaction
18:00:10.584 [main] DEBUG org.springframework.jdbc.datasource.DataSourceTransactionManager - Participating in existing transaction
18:00:10.584 [main] INFO fr.insalyon.creatis.vip.core.server.business.ConfigurationBusiness - Sending confirmation email to 'test1@test.fr'.
18:00:10.584 [main] DEBUG org.springframework.jdbc.datasource.DataSourceTransactionManager - Participating in existing transaction
18:00:10.584 [main] DEBUG org.springframework.jdbc.datasource.DataSourceTransactionManager - Participating in existing transaction
18:00:10.584 [main] DEBUG org.springframework.jdbc.datasource.DataSourceTransactionManager - Participating in existing transaction
18:00:10.585 [main] DEBUG org.springframework.jdbc.datasource.DataSourceTransactionManager - Participating in existing transaction
User = test2@test.fr
18:00:10.585 [main] INFO fr.insalyon.creatis.vip.core.server.business.ConfigurationBusiness - verifying test2@test.fr. List of undesired mail domains: . 
18:00:10.585 [main] INFO fr.insalyon.creatis.vip.core.server.business.ConfigurationBusiness - Signing up . List of undesired countries: .
18:00:10.585 [main] DEBUG org.springframework.jdbc.datasource.DataSourceTransactionManager - Participating in existing transaction
18:00:10.585 [main] DEBUG org.springframework.jdbc.datasource.DataSourceTransactionManager - Participating in existing transaction
18:00:10.586 [main] INFO fr.insalyon.creatis.vip.core.server.business.ConfigurationBusiness - Sending confirmation email to 'test2@test.fr'.
18:00:10.586 [main] DEBUG org.springframework.jdbc.datasource.DataSourceTransactionManager - Participating in existing transaction
18:00:10.586 [main] DEBUG org.springframework.jdbc.datasource.DataSourceTransactionManager - Participating in existing transaction
18:00:10.586 [main] DEBUG org.springframework.jdbc.datasource.DataSourceTransactionManager - Participating in existing transaction
18:00:10.586 [main] DEBUG org.springframework.jdbc.datasource.DataSourceTransactionManager - Participating in existing transaction
User = test3@test.fr
18:00:10.586 [main] INFO fr.insalyon.creatis.vip.core.server.business.ConfigurationBusiness - verifying test3@test.fr. List of undesired mail domains: . 
18:00:10.586 [main] INFO fr.insalyon.creatis.vip.core.server.business.ConfigurationBusiness - Signing up . List of undesired countries: .
18:00:10.587 [main] DEBUG org.springframework.jdbc.datasource.DataSourceTransactionManager - Participating in existing transaction
18:00:10.587 [main] DEBUG org.springframework.jdbc.datasource.DataSourceTransactionManager - Participating in existing transaction
18:00:10.587 [main] INFO fr.insalyon.creatis.vip.core.server.business.ConfigurationBusiness - Sending confirmation email to 'test3@test.fr'.
18:00:10.587 [main] DEBUG org.springframework.jdbc.datasource.DataSourceTransactionManager - Participating in existing transaction
18:00:10.588 [main] DEBUG org.springframework.jdbc.datasource.DataSourceTransactionManager - Participating in existing transaction
18:00:10.588 [main] DEBUG org.springframework.jdbc.datasource.DataSourceTransactionManager - Participating in existing transaction
18:00:10.588 [main] DEBUG org.springframework.jdbc.datasource.DataSourceTransactionManager - Participating in existing transaction
User = test4@test.fr
18:00:10.588 [main] INFO fr.insalyon.creatis.vip.core.server.business.ConfigurationBusiness - verifying test4@test.fr. List of undesired mail domains: . 
18:00:10.588 [main] INFO fr.insalyon.creatis.vip.core.server.business.ConfigurationBusiness - Signing up . List of undesired countries: .
18:00:10.589 [main] DEBUG org.springframework.jdbc.datasource.DataSourceTransactionManager - Participating in existing transaction
18:00:10.589 [main] DEBUG org.springframework.jdbc.datasource.DataSourceTransactionManager - Participating in existing transaction
18:00:10.589 [main] INFO fr.insalyon.creatis.vip.core.server.business.ConfigurationBusiness - Sending confirmation email to 'test4@test.fr'.
18:00:10.589 [main] DEBUG org.springframework.jdbc.datasource.DataSourceTransactionManager - Participating in existing transaction
18:00:10.589 [main] DEBUG org.springframework.jdbc.datasource.DataSourceTransactionManager - Participating in existing transaction
18:00:10.589 [main] DEBUG org.springframework.jdbc.datasource.DataSourceTransactionManager - Participating in existing transaction
18:00:10.589 [main] DEBUG org.springframework.jdbc.datasource.DataSourceTransactionManager - Participating in existing transaction
18:00:10.590 [main] DEBUG org.springframework.jdbc.datasource.DataSourceTransactionManager - Participating in existing transaction
18:00:10.590 [main] DEBUG org.springframework.jdbc.datasource.DataSourceTransactionManager - Participating in existing transaction
18:00:10.590 [main] DEBUG org.springframework.jdbc.datasource.DataSourceTransactionManager - Participating in existing transaction
18:00:10.590 [main] DEBUG org.springframework.jdbc.datasource.DataSourceTransactionManager - Participating in existing transaction
18:00:10.590 [main] DEBUG org.springframework.jdbc.datasource.DataSourceTransactionManager - Participating in existing transaction
18:00:10.590 [main] DEBUG org.springframework.jdbc.datasource.DataSourceTransactionManager - Participating in existing transaction
18:00:10.590 [main] DEBUG org.springframework.jdbc.datasource.DataSourceTransactionManager - Participating in existing transaction
18:00:10.590 [main] DEBUG org.springframework.jdbc.datasource.DataSourceTransactionManager - Participating in existing transaction
User = email5@test.fr
18:00:10.590 [main] INFO fr.insalyon.creatis.vip.core.server.business.ConfigurationBusiness - verifying email5@test.fr. List of undesired mail domains: . 
18:00:10.590 [main] INFO fr.insalyon.creatis.vip.core.server.business.ConfigurationBusiness - Signing up . List of undesired countries: .
18:00:10.591 [main] DEBUG org.springframework.jdbc.datasource.DataSourceTransactionManager - Participating in existing transaction
18:00:10.591 [main] DEBUG org.springframework.jdbc.datasource.DataSourceTransactionManager - Participating in existing transaction
18:00:10.591 [main] INFO fr.insalyon.creatis.vip.core.server.business.ConfigurationBusiness - Sending confirmation email to 'email5@test.fr'.
18:00:10.592 [main] DEBUG org.springframework.jdbc.datasource.DataSourceTransactionManager - Participating in existing transaction
18:00:10.592 [main] DEBUG org.springframework.test.context.cache.DefaultCacheAwareContextLoaderDelegate - Retrieved ApplicationContext [1050971191] from cache with key [[MergedContextConfiguration@1389e498 testClass = ConfigurationBusiness_CoreSpringServerIT, locations = '{}', classes = '{class fr.insalyon.creatis.vip.core.server.SpringCoreConfig}', contextInitializerClasses = '[]', activeProfiles = '{test-db, test}', propertySourceLocations = '{}', propertySourceProperties = '{db.tableEngine=}', contextCustomizers = set[[empty]], contextLoader = 'org.springframework.test.context.support.DelegatingSmartContextLoader', parent = [null]]]
18:00:10.592 [main] DEBUG org.springframework.test.context.cache - Spring test ApplicationContext cache statistics: [DefaultContextCache@4675f5b0 size = 1, maxSize = 32, parentContextCount = 0, hitCount = 310, missCount = 1]
18:00:10.592 [main] DEBUG org.springframework.jdbc.datasource.DataSourceTransactionManager - Participating in existing transaction
18:00:10.593 [main] DEBUG org.springframework.jdbc.datasource.DataSourceTransactionManager - Participating in existing transaction
18:00:10.593 [main] DEBUG org.springframework.jdbc.datasource.DataSourceTransactionManager - Participating in existing transaction
18:00:10.594 [main] DEBUG org.springframework.jdbc.datasource.DataSourceTransactionManager - Participating in existing transaction
18:00:10.594 [main] DEBUG org.springframework.jdbc.datasource.DataSourceTransactionManager - Participating in existing transaction
18:00:10.594 [main] DEBUG org.springframework.jdbc.datasource.DataSourceTransactionManager - Participating in existing transaction
18:00:10.594 [main] DEBUG org.springframework.jdbc.datasource.DataSourceTransactionManager - Participating in existing transaction
18:00:10.603 [main] DEBUG org.springframework.jdbc.datasource.DataSourceTransactionManager - Participating in existing transaction
18:00:10.603 [main] DEBUG org.springframework.jdbc.datasource.DataSourceTransactionManager - Participating in existing transaction
18:00:10.603 [main] DEBUG org.springframework.test.context.cache.DefaultCacheAwareContextLoaderDelegate - Retrieved ApplicationContext [1050971191] from cache with key [[MergedContextConfiguration@1389e498 testClass = ConfigurationBusiness_CoreSpringServerIT, locations = '{}', classes = '{class fr.insalyon.creatis.vip.core.server.SpringCoreConfig}', contextInitializerClasses = '[]', activeProfiles = '{test-db, test}', propertySourceLocations = '{}', propertySourceProperties = '{db.tableEngine=}', contextCustomizers = set[[empty]], contextLoader = 'org.springframework.test.context.support.DelegatingSmartContextLoader', parent = [null]]]
18:00:10.603 [main] DEBUG org.springframework.test.context.cache - Spring test ApplicationContext cache statistics: [DefaultContextCache@4675f5b0 size = 1, maxSize = 32, parentContextCount = 0, hitCount = 311, missCount = 1]
18:00:10.603 [main] DEBUG org.springframework.test.context.cache.DefaultCacheAwareContextLoaderDelegate - Retrieved ApplicationContext [1050971191] from cache with key [[MergedContextConfiguration@1389e498 testClass = ConfigurationBusiness_CoreSpringServerIT, locations = '{}', classes = '{class fr.insalyon.creatis.vip.core.server.SpringCoreConfig}', contextInitializerClasses = '[]', activeProfiles = '{test-db, test}', propertySourceLocations = '{}', propertySourceProperties = '{db.tableEngine=}', contextCustomizers = set[[empty]], contextLoader = 'org.springframework.test.context.support.DelegatingSmartContextLoader', parent = [null]]]
18:00:10.603 [main] DEBUG org.springframework.test.context.cache - Spring test ApplicationContext cache statistics: [DefaultContextCache@4675f5b0 size = 1, maxSize = 32, parentContextCount = 0, hitCount = 312, missCount = 1]
18:00:10.603 [main] DEBUG org.springframework.jdbc.datasource.DataSourceTransactionManager - Initiating transaction rollback
18:00:10.603 [main] DEBUG org.springframework.jdbc.datasource.DataSourceTransactionManager - Rolling back JDBC transaction on Connection [conn58: url=jdbc:h2:mem:fec2b152-de2f-4c07-a3e1-df691c7daf9d user=SA]
18:00:10.604 [main] DEBUG org.springframework.jdbc.datasource.DataSourceTransactionManager - Releasing JDBC Connection [conn58: url=jdbc:h2:mem:fec2b152-de2f-4c07-a3e1-df691c7daf9d user=SA] after transaction
18:00:10.604 [main] INFO org.springframework.test.context.transaction.TransactionContext - Rolled back transaction for test: [DefaultTestContext@18e20fa8 testClass = ConfigurationBusiness_CoreSpringServerIT, testInstance = ConfigurationBusiness_CoreSpringServerIT@6fcd3bc9, testMethod = testUpdatePassword@ConfigurationBusiness_CoreSpringServerIT, testException = [null], mergedContextConfiguration = [MergedContextConfiguration@1389e498 testClass = ConfigurationBusiness_CoreSpringServerIT, locations = '{}', classes = '{class fr.insalyon.creatis.vip.core.server.SpringCoreConfig}', contextInitializerClasses = '[]', activeProfiles = '{test-db, test}', propertySourceLocations = '{}', propertySourceProperties = '{db.tableEngine=}', contextCustomizers = set[[empty]], contextLoader = 'org.springframework.test.context.support.DelegatingSmartContextLoader', parent = [null]], attributes = map['org.springframework.test.context.event.ApplicationEventsTestExecutionListener.recordApplicationEvents' -> false]]
18:00:10.604 [main] DEBUG org.springframework.test.context.support.AbstractDirtiesContextTestExecutionListener - After test method: context [DefaultTestContext@18e20fa8 testClass = ConfigurationBusiness_CoreSpringServerIT, testInstance = ConfigurationBusiness_CoreSpringServerIT@6fcd3bc9, testMethod = testUpdatePassword@ConfigurationBusiness_CoreSpringServerIT, testException = [null], mergedContextConfiguration = [MergedContextConfiguration@1389e498 testClass = ConfigurationBusiness_CoreSpringServerIT, locations = '{}', classes = '{class fr.insalyon.creatis.vip.core.server.SpringCoreConfig}', contextInitializerClasses = '[]', activeProfiles = '{test-db, test}', propertySourceLocations = '{}', propertySourceProperties = '{db.tableEngine=}', contextCustomizers = set[[empty]], contextLoader = 'org.springframework.test.context.support.DelegatingSmartContextLoader', parent = [null]], attributes = map['org.springframework.test.context.event.ApplicationEventsTestExecutionListener.recordApplicationEvents' -> false]], class annotated with @DirtiesContext [false] with mode [null], method annotated with @DirtiesContext [false] with mode [null].
]]></system-out>
  </testcase>
  <testcase name="testSendActivationCode" classname="ConfigurationBusiness_CoreSpringServerIT" time="0.055">
    <system-out><![CDATA[18:00:10.605 [main] DEBUG org.springframework.test.context.support.DependencyInjectionTestExecutionListener - Performing dependency injection for test context [[DefaultTestContext@18e20fa8 testClass = ConfigurationBusiness_CoreSpringServerIT, testInstance = ConfigurationBusiness_CoreSpringServerIT@36f51f69, testMethod = [null], testException = [null], mergedContextConfiguration = [MergedContextConfiguration@1389e498 testClass = ConfigurationBusiness_CoreSpringServerIT, locations = '{}', classes = '{class fr.insalyon.creatis.vip.core.server.SpringCoreConfig}', contextInitializerClasses = '[]', activeProfiles = '{test-db, test}', propertySourceLocations = '{}', propertySourceProperties = '{db.tableEngine=}', contextCustomizers = set[[empty]], contextLoader = 'org.springframework.test.context.support.DelegatingSmartContextLoader', parent = [null]], attributes = map['org.springframework.test.context.event.ApplicationEventsTestExecutionListener.recordApplicationEvents' -> false]]].
18:00:10.606 [main] DEBUG org.springframework.test.context.cache.DefaultCacheAwareContextLoaderDelegate - Retrieved ApplicationContext [1050971191] from cache with key [[MergedContextConfiguration@1389e498 testClass = ConfigurationBusiness_CoreSpringServerIT, locations = '{}', classes = '{class fr.insalyon.creatis.vip.core.server.SpringCoreConfig}', contextInitializerClasses = '[]', activeProfiles = '{test-db, test}', propertySourceLocations = '{}', propertySourceProperties = '{db.tableEngine=}', contextCustomizers = set[[empty]], contextLoader = 'org.springframework.test.context.support.DelegatingSmartContextLoader', parent = [null]]]
18:00:10.606 [main] DEBUG org.springframework.test.context.cache - Spring test ApplicationContext cache statistics: [DefaultContextCache@4675f5b0 size = 1, maxSize = 32, parentContextCount = 0, hitCount = 313, missCount = 1]
18:00:10.606 [main] DEBUG org.springframework.test.context.cache.DefaultCacheAwareContextLoaderDelegate - Retrieved ApplicationContext [1050971191] from cache with key [[MergedContextConfiguration@1389e498 testClass = ConfigurationBusiness_CoreSpringServerIT, locations = '{}', classes = '{class fr.insalyon.creatis.vip.core.server.SpringCoreConfig}', contextInitializerClasses = '[]', activeProfiles = '{test-db, test}', propertySourceLocations = '{}', propertySourceProperties = '{db.tableEngine=}', contextCustomizers = set[[empty]], contextLoader = 'org.springframework.test.context.support.DelegatingSmartContextLoader', parent = [null]]]
18:00:10.606 [main] DEBUG org.springframework.test.context.cache - Spring test ApplicationContext cache statistics: [DefaultContextCache@4675f5b0 size = 1, maxSize = 32, parentContextCount = 0, hitCount = 314, missCount = 1]
18:00:10.607 [main] DEBUG org.springframework.test.context.support.AbstractDirtiesContextTestExecutionListener - Before test method: context [DefaultTestContext@18e20fa8 testClass = ConfigurationBusiness_CoreSpringServerIT, testInstance = ConfigurationBusiness_CoreSpringServerIT@36f51f69, testMethod = testSendActivationCode@ConfigurationBusiness_CoreSpringServerIT, testException = [null], mergedContextConfiguration = [MergedContextConfiguration@1389e498 testClass = ConfigurationBusiness_CoreSpringServerIT, locations = '{}', classes = '{class fr.insalyon.creatis.vip.core.server.SpringCoreConfig}', contextInitializerClasses = '[]', activeProfiles = '{test-db, test}', propertySourceLocations = '{}', propertySourceProperties = '{db.tableEngine=}', contextCustomizers = set[[empty]], contextLoader = 'org.springframework.test.context.support.DelegatingSmartContextLoader', parent = [null]], attributes = map['org.springframework.test.context.event.ApplicationEventsTestExecutionListener.recordApplicationEvents' -> false]], class annotated with @DirtiesContext [false] with mode [null], method annotated with @DirtiesContext [false] with mode [null].
18:00:10.607 [main] DEBUG org.springframework.test.context.transaction.TransactionalTestExecutionListener - Explicit transaction definition [PROPAGATION_REQUIRED,ISOLATION_DEFAULT] found for test context [DefaultTestContext@18e20fa8 testClass = ConfigurationBusiness_CoreSpringServerIT, testInstance = ConfigurationBusiness_CoreSpringServerIT@36f51f69, testMethod = testSendActivationCode@ConfigurationBusiness_CoreSpringServerIT, testException = [null], mergedContextConfiguration = [MergedContextConfiguration@1389e498 testClass = ConfigurationBusiness_CoreSpringServerIT, locations = '{}', classes = '{class fr.insalyon.creatis.vip.core.server.SpringCoreConfig}', contextInitializerClasses = '[]', activeProfiles = '{test-db, test}', propertySourceLocations = '{}', propertySourceProperties = '{db.tableEngine=}', contextCustomizers = set[[empty]], contextLoader = 'org.springframework.test.context.support.DelegatingSmartContextLoader', parent = [null]], attributes = map['org.springframework.test.context.event.ApplicationEventsTestExecutionListener.recordApplicationEvents' -> false]]
18:00:10.607 [main] DEBUG org.springframework.test.context.cache.DefaultCacheAwareContextLoaderDelegate - Retrieved ApplicationContext [1050971191] from cache with key [[MergedContextConfiguration@1389e498 testClass = ConfigurationBusiness_CoreSpringServerIT, locations = '{}', classes = '{class fr.insalyon.creatis.vip.core.server.SpringCoreConfig}', contextInitializerClasses = '[]', activeProfiles = '{test-db, test}', propertySourceLocations = '{}', propertySourceProperties = '{db.tableEngine=}', contextCustomizers = set[[empty]], contextLoader = 'org.springframework.test.context.support.DelegatingSmartContextLoader', parent = [null]]]
18:00:10.607 [main] DEBUG org.springframework.test.context.cache - Spring test ApplicationContext cache statistics: [DefaultContextCache@4675f5b0 size = 1, maxSize = 32, parentContextCount = 0, hitCount = 315, missCount = 1]
18:00:10.607 [main] DEBUG org.springframework.test.context.transaction.TransactionalTestExecutionListener - No method-level @Rollback override: using default rollback [true] for test context [DefaultTestContext@18e20fa8 testClass = ConfigurationBusiness_CoreSpringServerIT, testInstance = ConfigurationBusiness_CoreSpringServerIT@36f51f69, testMethod = testSendActivationCode@ConfigurationBusiness_CoreSpringServerIT, testException = [null], mergedContextConfiguration = [MergedContextConfiguration@1389e498 testClass = ConfigurationBusiness_CoreSpringServerIT, locations = '{}', classes = '{class fr.insalyon.creatis.vip.core.server.SpringCoreConfig}', contextInitializerClasses = '[]', activeProfiles = '{test-db, test}', propertySourceLocations = '{}', propertySourceProperties = '{db.tableEngine=}', contextCustomizers = set[[empty]], contextLoader = 'org.springframework.test.context.support.DelegatingSmartContextLoader', parent = [null]], attributes = map['org.springframework.test.context.event.ApplicationEventsTestExecutionListener.recordApplicationEvents' -> false]].
18:00:10.608 [main] DEBUG org.springframework.jdbc.datasource.DataSourceTransactionManager - Creating new transaction with name [ConfigurationBusiness_CoreSpringServerIT.testSendActivationCode]: PROPAGATION_REQUIRED,ISOLATION_DEFAULT
18:00:10.608 [main] DEBUG org.springframework.jdbc.datasource.DataSourceTransactionManager - Acquired Connection [Lazy Connection proxy for target DataSource [org.springframework.jdbc.datasource.embedded.EmbeddedDatabaseFactory$EmbeddedDataSourceProxy@5764c072]] for JDBC transaction
18:00:10.608 [main] DEBUG org.springframework.jdbc.datasource.DataSourceTransactionManager - Switching JDBC Connection [Lazy Connection proxy for target DataSource [org.springframework.jdbc.datasource.embedded.EmbeddedDatabaseFactory$EmbeddedDataSourceProxy@5764c072]] to manual commit
18:00:10.608 [main] INFO org.springframework.test.context.transaction.TransactionContext - Began transaction (1) for test context [DefaultTestContext@18e20fa8 testClass = ConfigurationBusiness_CoreSpringServerIT, testInstance = ConfigurationBusiness_CoreSpringServerIT@36f51f69, testMethod = testSendActivationCode@ConfigurationBusiness_CoreSpringServerIT, testException = [null], mergedContextConfiguration = [MergedContextConfiguration@1389e498 testClass = ConfigurationBusiness_CoreSpringServerIT, locations = '{}', classes = '{class fr.insalyon.creatis.vip.core.server.SpringCoreConfig}', contextInitializerClasses = '[]', activeProfiles = '{test-db, test}', propertySourceLocations = '{}', propertySourceProperties = '{db.tableEngine=}', contextCustomizers = set[[empty]], contextLoader = 'org.springframework.test.context.support.DelegatingSmartContextLoader', parent = [null]], attributes = map['org.springframework.test.context.event.ApplicationEventsTestExecutionListener.recordApplicationEvents' -> false]]; transaction manager [org.springframework.jdbc.datasource.DataSourceTransactionManager@178b2df1]; rollback [true]
18:00:10.608 [main] DEBUG org.springframework.test.context.cache.DefaultCacheAwareContextLoaderDelegate - Retrieved ApplicationContext [1050971191] from cache with key [[MergedContextConfiguration@1389e498 testClass = ConfigurationBusiness_CoreSpringServerIT, locations = '{}', classes = '{class fr.insalyon.creatis.vip.core.server.SpringCoreConfig}', contextInitializerClasses = '[]', activeProfiles = '{test-db, test}', propertySourceLocations = '{}', propertySourceProperties = '{db.tableEngine=}', contextCustomizers = set[[empty]], contextLoader = 'org.springframework.test.context.support.DelegatingSmartContextLoader', parent = [null]]]
18:00:10.608 [main] DEBUG org.springframework.test.context.cache - Spring test ApplicationContext cache statistics: [DefaultContextCache@4675f5b0 size = 1, maxSize = 32, parentContextCount = 0, hitCount = 316, missCount = 1]
18:00:10.609 [main] DEBUG org.springframework.jdbc.datasource.DataSourceTransactionManager - Participating in existing transaction
18:00:10.610 [main] DEBUG org.springframework.jdbc.datasource.DataSourceTransactionManager - Participating in existing transaction
18:00:10.610 [main] DEBUG org.springframework.jdbc.datasource.SimpleDriverDataSource - Creating new JDBC Driver Connection to [jdbc:h2:mem:fec2b152-de2f-4c07-a3e1-df691c7daf9d;DB_CLOSE_DELAY=-1;DB_CLOSE_ON_EXIT=false]
18:00:10.610 [main] DEBUG org.springframework.jdbc.datasource.DataSourceTransactionManager - Participating in existing transaction
18:00:10.611 [main] DEBUG org.springframework.jdbc.datasource.DataSourceTransactionManager - Participating in existing transaction
18:00:10.611 [main] DEBUG org.springframework.jdbc.datasource.DataSourceTransactionManager - Participating in existing transaction
18:00:10.611 [main] DEBUG org.springframework.jdbc.datasource.DataSourceTransactionManager - Participating in existing transaction
18:00:10.614 [main] DEBUG org.springframework.jdbc.datasource.DataSourceTransactionManager - Participating in existing transaction
User = test1@test.fr
18:00:10.614 [main] INFO fr.insalyon.creatis.vip.core.server.business.ConfigurationBusiness - verifying test1@test.fr. List of undesired mail domains: . 
18:00:10.615 [main] INFO fr.insalyon.creatis.vip.core.server.business.ConfigurationBusiness - Signing up . List of undesired countries: .
18:00:10.615 [main] DEBUG org.springframework.jdbc.datasource.DataSourceTransactionManager - Participating in existing transaction
18:00:10.615 [main] DEBUG org.springframework.jdbc.datasource.DataSourceTransactionManager - Participating in existing transaction
18:00:10.615 [main] INFO fr.insalyon.creatis.vip.core.server.business.ConfigurationBusiness - Sending confirmation email to 'test1@test.fr'.
18:00:10.615 [main] DEBUG org.springframework.jdbc.datasource.DataSourceTransactionManager - Participating in existing transaction
18:00:10.616 [main] DEBUG org.springframework.jdbc.datasource.DataSourceTransactionManager - Participating in existing transaction
18:00:10.623 [main] DEBUG org.springframework.jdbc.datasource.DataSourceTransactionManager - Participating in existing transaction
18:00:10.623 [main] DEBUG org.springframework.jdbc.datasource.DataSourceTransactionManager - Participating in existing transaction
User = test2@test.fr
18:00:10.623 [main] INFO fr.insalyon.creatis.vip.core.server.business.ConfigurationBusiness - verifying test2@test.fr. List of undesired mail domains: . 
18:00:10.623 [main] INFO fr.insalyon.creatis.vip.core.server.business.ConfigurationBusiness - Signing up . List of undesired countries: .
18:00:10.623 [main] DEBUG org.springframework.jdbc.datasource.DataSourceTransactionManager - Participating in existing transaction
18:00:10.624 [main] DEBUG org.springframework.jdbc.datasource.DataSourceTransactionManager - Participating in existing transaction
18:00:10.624 [main] INFO fr.insalyon.creatis.vip.core.server.business.ConfigurationBusiness - Sending confirmation email to 'test2@test.fr'.
18:00:10.624 [main] DEBUG org.springframework.jdbc.datasource.DataSourceTransactionManager - Participating in existing transaction
18:00:10.624 [main] DEBUG org.springframework.jdbc.datasource.DataSourceTransactionManager - Participating in existing transaction
18:00:10.624 [main] DEBUG org.springframework.jdbc.datasource.DataSourceTransactionManager - Participating in existing transaction
18:00:10.624 [main] DEBUG org.springframework.jdbc.datasource.DataSourceTransactionManager - Participating in existing transaction
User = test3@test.fr
18:00:10.624 [main] INFO fr.insalyon.creatis.vip.core.server.business.ConfigurationBusiness - verifying test3@test.fr. List of undesired mail domains: . 
18:00:10.624 [main] INFO fr.insalyon.creatis.vip.core.server.business.ConfigurationBusiness - Signing up . List of undesired countries: .
18:00:10.625 [main] DEBUG org.springframework.jdbc.datasource.DataSourceTransactionManager - Participating in existing transaction
18:00:10.625 [main] DEBUG org.springframework.jdbc.datasource.DataSourceTransactionManager - Participating in existing transaction
18:00:10.625 [main] INFO fr.insalyon.creatis.vip.core.server.business.ConfigurationBusiness - Sending confirmation email to 'test3@test.fr'.
18:00:10.625 [main] DEBUG org.springframework.jdbc.datasource.DataSourceTransactionManager - Participating in existing transaction
18:00:10.625 [main] DEBUG org.springframework.jdbc.datasource.DataSourceTransactionManager - Participating in existing transaction
18:00:10.625 [main] DEBUG org.springframework.jdbc.datasource.DataSourceTransactionManager - Participating in existing transaction
18:00:10.626 [main] DEBUG org.springframework.jdbc.datasource.DataSourceTransactionManager - Participating in existing transaction
User = test4@test.fr
18:00:10.626 [main] INFO fr.insalyon.creatis.vip.core.server.business.ConfigurationBusiness - verifying test4@test.fr. List of undesired mail domains: . 
18:00:10.626 [main] INFO fr.insalyon.creatis.vip.core.server.business.ConfigurationBusiness - Signing up . List of undesired countries: .
18:00:10.626 [main] DEBUG org.springframework.jdbc.datasource.DataSourceTransactionManager - Participating in existing transaction
18:00:10.626 [main] DEBUG org.springframework.jdbc.datasource.DataSourceTransactionManager - Participating in existing transaction
18:00:10.626 [main] INFO fr.insalyon.creatis.vip.core.server.business.ConfigurationBusiness - Sending confirmation email to 'test4@test.fr'.
18:00:10.626 [main] DEBUG org.springframework.jdbc.datasource.DataSourceTransactionManager - Participating in existing transaction
18:00:10.627 [main] DEBUG org.springframework.jdbc.datasource.DataSourceTransactionManager - Participating in existing transaction
18:00:10.627 [main] DEBUG org.springframework.jdbc.datasource.DataSourceTransactionManager - Participating in existing transaction
18:00:10.656 [main] DEBUG org.springframework.jdbc.datasource.DataSourceTransactionManager - Participating in existing transaction
18:00:10.656 [main] DEBUG org.springframework.jdbc.datasource.DataSourceTransactionManager - Participating in existing transaction
18:00:10.656 [main] DEBUG org.springframework.jdbc.datasource.DataSourceTransactionManager - Participating in existing transaction
18:00:10.656 [main] DEBUG org.springframework.jdbc.datasource.DataSourceTransactionManager - Participating in existing transaction
18:00:10.656 [main] DEBUG org.springframework.jdbc.datasource.DataSourceTransactionManager - Participating in existing transaction
18:00:10.656 [main] DEBUG org.springframework.jdbc.datasource.DataSourceTransactionManager - Participating in existing transaction
18:00:10.657 [main] DEBUG org.springframework.jdbc.datasource.DataSourceTransactionManager - Participating in existing transaction
18:00:10.657 [main] DEBUG org.springframework.jdbc.datasource.DataSourceTransactionManager - Participating in existing transaction
18:00:10.657 [main] DEBUG org.springframework.jdbc.datasource.DataSourceTransactionManager - Participating in existing transaction
User = email5@test.fr
18:00:10.657 [main] INFO fr.insalyon.creatis.vip.core.server.business.ConfigurationBusiness - verifying email5@test.fr. List of undesired mail domains: . 
18:00:10.657 [main] INFO fr.insalyon.creatis.vip.core.server.business.ConfigurationBusiness - Signing up . List of undesired countries: .
18:00:10.658 [main] DEBUG org.springframework.jdbc.datasource.DataSourceTransactionManager - Participating in existing transaction
18:00:10.658 [main] DEBUG org.springframework.jdbc.datasource.DataSourceTransactionManager - Participating in existing transaction
18:00:10.658 [main] INFO fr.insalyon.creatis.vip.core.server.business.ConfigurationBusiness - Sending confirmation email to 'email5@test.fr'.
18:00:10.658 [main] DEBUG org.springframework.jdbc.datasource.DataSourceTransactionManager - Participating in existing transaction
18:00:10.658 [main] DEBUG org.springframework.test.context.cache.DefaultCacheAwareContextLoaderDelegate - Retrieved ApplicationContext [1050971191] from cache with key [[MergedContextConfiguration@1389e498 testClass = ConfigurationBusiness_CoreSpringServerIT, locations = '{}', classes = '{class fr.insalyon.creatis.vip.core.server.SpringCoreConfig}', contextInitializerClasses = '[]', activeProfiles = '{test-db, test}', propertySourceLocations = '{}', propertySourceProperties = '{db.tableEngine=}', contextCustomizers = set[[empty]], contextLoader = 'org.springframework.test.context.support.DelegatingSmartContextLoader', parent = [null]]]
18:00:10.658 [main] DEBUG org.springframework.test.context.cache - Spring test ApplicationContext cache statistics: [DefaultContextCache@4675f5b0 size = 1, maxSize = 32, parentContextCount = 0, hitCount = 317, missCount = 1]
18:00:10.659 [main] DEBUG org.springframework.jdbc.datasource.DataSourceTransactionManager - Participating in existing transaction
18:00:10.659 [main] DEBUG org.springframework.jdbc.datasource.DataSourceTransactionManager - Participating in existing transaction
18:00:10.659 [main] DEBUG org.springframework.jdbc.datasource.DataSourceTransactionManager - Participating in existing transaction
18:00:10.660 [main] DEBUG org.springframework.test.context.cache.DefaultCacheAwareContextLoaderDelegate - Retrieved ApplicationContext [1050971191] from cache with key [[MergedContextConfiguration@1389e498 testClass = ConfigurationBusiness_CoreSpringServerIT, locations = '{}', classes = '{class fr.insalyon.creatis.vip.core.server.SpringCoreConfig}', contextInitializerClasses = '[]', activeProfiles = '{test-db, test}', propertySourceLocations = '{}', propertySourceProperties = '{db.tableEngine=}', contextCustomizers = set[[empty]], contextLoader = 'org.springframework.test.context.support.DelegatingSmartContextLoader', parent = [null]]]
18:00:10.660 [main] DEBUG org.springframework.test.context.cache - Spring test ApplicationContext cache statistics: [DefaultContextCache@4675f5b0 size = 1, maxSize = 32, parentContextCount = 0, hitCount = 318, missCount = 1]
18:00:10.660 [main] DEBUG org.springframework.test.context.cache.DefaultCacheAwareContextLoaderDelegate - Retrieved ApplicationContext [1050971191] from cache with key [[MergedContextConfiguration@1389e498 testClass = ConfigurationBusiness_CoreSpringServerIT, locations = '{}', classes = '{class fr.insalyon.creatis.vip.core.server.SpringCoreConfig}', contextInitializerClasses = '[]', activeProfiles = '{test-db, test}', propertySourceLocations = '{}', propertySourceProperties = '{db.tableEngine=}', contextCustomizers = set[[empty]], contextLoader = 'org.springframework.test.context.support.DelegatingSmartContextLoader', parent = [null]]]
18:00:10.660 [main] DEBUG org.springframework.test.context.cache - Spring test ApplicationContext cache statistics: [DefaultContextCache@4675f5b0 size = 1, maxSize = 32, parentContextCount = 0, hitCount = 319, missCount = 1]
18:00:10.660 [main] DEBUG org.springframework.jdbc.datasource.DataSourceTransactionManager - Initiating transaction rollback
18:00:10.661 [main] DEBUG org.springframework.jdbc.datasource.DataSourceTransactionManager - Rolling back JDBC transaction on Connection [conn59: url=jdbc:h2:mem:fec2b152-de2f-4c07-a3e1-df691c7daf9d user=SA]
18:00:10.661 [main] DEBUG org.springframework.jdbc.datasource.DataSourceTransactionManager - Releasing JDBC Connection [conn59: url=jdbc:h2:mem:fec2b152-de2f-4c07-a3e1-df691c7daf9d user=SA] after transaction
18:00:10.661 [main] INFO org.springframework.test.context.transaction.TransactionContext - Rolled back transaction for test: [DefaultTestContext@18e20fa8 testClass = ConfigurationBusiness_CoreSpringServerIT, testInstance = ConfigurationBusiness_CoreSpringServerIT@36f51f69, testMethod = testSendActivationCode@ConfigurationBusiness_CoreSpringServerIT, testException = [null], mergedContextConfiguration = [MergedContextConfiguration@1389e498 testClass = ConfigurationBusiness_CoreSpringServerIT, locations = '{}', classes = '{class fr.insalyon.creatis.vip.core.server.SpringCoreConfig}', contextInitializerClasses = '[]', activeProfiles = '{test-db, test}', propertySourceLocations = '{}', propertySourceProperties = '{db.tableEngine=}', contextCustomizers = set[[empty]], contextLoader = 'org.springframework.test.context.support.DelegatingSmartContextLoader', parent = [null]], attributes = map['org.springframework.test.context.event.ApplicationEventsTestExecutionListener.recordApplicationEvents' -> false]]
18:00:10.661 [main] DEBUG org.springframework.test.context.support.AbstractDirtiesContextTestExecutionListener - After test method: context [DefaultTestContext@18e20fa8 testClass = ConfigurationBusiness_CoreSpringServerIT, testInstance = ConfigurationBusiness_CoreSpringServerIT@36f51f69, testMethod = testSendActivationCode@ConfigurationBusiness_CoreSpringServerIT, testException = [null], mergedContextConfiguration = [MergedContextConfiguration@1389e498 testClass = ConfigurationBusiness_CoreSpringServerIT, locations = '{}', classes = '{class fr.insalyon.creatis.vip.core.server.SpringCoreConfig}', contextInitializerClasses = '[]', activeProfiles = '{test-db, test}', propertySourceLocations = '{}', propertySourceProperties = '{db.tableEngine=}', contextCustomizers = set[[empty]], contextLoader = 'org.springframework.test.context.support.DelegatingSmartContextLoader', parent = [null]], attributes = map['org.springframework.test.context.event.ApplicationEventsTestExecutionListener.recordApplicationEvents' -> false]], class annotated with @DirtiesContext [false] with mode [null], method annotated with @DirtiesContext [false] with mode [null].
]]></system-out>
  </testcase>
  <testcase name="testGetOrCreateIncorrectEmailUser" classname="ConfigurationBusiness_CoreSpringServerIT" time="0.032">
    <system-out><![CDATA[18:00:10.662 [main] DEBUG org.springframework.test.context.support.DependencyInjectionTestExecutionListener - Performing dependency injection for test context [[DefaultTestContext@18e20fa8 testClass = ConfigurationBusiness_CoreSpringServerIT, testInstance = ConfigurationBusiness_CoreSpringServerIT@3702c19, testMethod = [null], testException = [null], mergedContextConfiguration = [MergedContextConfiguration@1389e498 testClass = ConfigurationBusiness_CoreSpringServerIT, locations = '{}', classes = '{class fr.insalyon.creatis.vip.core.server.SpringCoreConfig}', contextInitializerClasses = '[]', activeProfiles = '{test-db, test}', propertySourceLocations = '{}', propertySourceProperties = '{db.tableEngine=}', contextCustomizers = set[[empty]], contextLoader = 'org.springframework.test.context.support.DelegatingSmartContextLoader', parent = [null]], attributes = map['org.springframework.test.context.event.ApplicationEventsTestExecutionListener.recordApplicationEvents' -> false]]].
18:00:10.662 [main] DEBUG org.springframework.test.context.cache.DefaultCacheAwareContextLoaderDelegate - Retrieved ApplicationContext [1050971191] from cache with key [[MergedContextConfiguration@1389e498 testClass = ConfigurationBusiness_CoreSpringServerIT, locations = '{}', classes = '{class fr.insalyon.creatis.vip.core.server.SpringCoreConfig}', contextInitializerClasses = '[]', activeProfiles = '{test-db, test}', propertySourceLocations = '{}', propertySourceProperties = '{db.tableEngine=}', contextCustomizers = set[[empty]], contextLoader = 'org.springframework.test.context.support.DelegatingSmartContextLoader', parent = [null]]]
18:00:10.662 [main] DEBUG org.springframework.test.context.cache - Spring test ApplicationContext cache statistics: [DefaultContextCache@4675f5b0 size = 1, maxSize = 32, parentContextCount = 0, hitCount = 320, missCount = 1]
18:00:10.663 [main] DEBUG org.springframework.test.context.cache.DefaultCacheAwareContextLoaderDelegate - Retrieved ApplicationContext [1050971191] from cache with key [[MergedContextConfiguration@1389e498 testClass = ConfigurationBusiness_CoreSpringServerIT, locations = '{}', classes = '{class fr.insalyon.creatis.vip.core.server.SpringCoreConfig}', contextInitializerClasses = '[]', activeProfiles = '{test-db, test}', propertySourceLocations = '{}', propertySourceProperties = '{db.tableEngine=}', contextCustomizers = set[[empty]], contextLoader = 'org.springframework.test.context.support.DelegatingSmartContextLoader', parent = [null]]]
18:00:10.663 [main] DEBUG org.springframework.test.context.cache - Spring test ApplicationContext cache statistics: [DefaultContextCache@4675f5b0 size = 1, maxSize = 32, parentContextCount = 0, hitCount = 321, missCount = 1]
18:00:10.665 [main] DEBUG org.springframework.test.context.support.AbstractDirtiesContextTestExecutionListener - Before test method: context [DefaultTestContext@18e20fa8 testClass = ConfigurationBusiness_CoreSpringServerIT, testInstance = ConfigurationBusiness_CoreSpringServerIT@3702c19, testMethod = testGetOrCreateIncorrectEmailUser@ConfigurationBusiness_CoreSpringServerIT, testException = [null], mergedContextConfiguration = [MergedContextConfiguration@1389e498 testClass = ConfigurationBusiness_CoreSpringServerIT, locations = '{}', classes = '{class fr.insalyon.creatis.vip.core.server.SpringCoreConfig}', contextInitializerClasses = '[]', activeProfiles = '{test-db, test}', propertySourceLocations = '{}', propertySourceProperties = '{db.tableEngine=}', contextCustomizers = set[[empty]], contextLoader = 'org.springframework.test.context.support.DelegatingSmartContextLoader', parent = [null]], attributes = map['org.springframework.test.context.event.ApplicationEventsTestExecutionListener.recordApplicationEvents' -> false]], class annotated with @DirtiesContext [false] with mode [null], method annotated with @DirtiesContext [false] with mode [null].
18:00:10.665 [main] DEBUG org.springframework.test.context.transaction.TransactionalTestExecutionListener - Explicit transaction definition [PROPAGATION_REQUIRED,ISOLATION_DEFAULT] found for test context [DefaultTestContext@18e20fa8 testClass = ConfigurationBusiness_CoreSpringServerIT, testInstance = ConfigurationBusiness_CoreSpringServerIT@3702c19, testMethod = testGetOrCreateIncorrectEmailUser@ConfigurationBusiness_CoreSpringServerIT, testException = [null], mergedContextConfiguration = [MergedContextConfiguration@1389e498 testClass = ConfigurationBusiness_CoreSpringServerIT, locations = '{}', classes = '{class fr.insalyon.creatis.vip.core.server.SpringCoreConfig}', contextInitializerClasses = '[]', activeProfiles = '{test-db, test}', propertySourceLocations = '{}', propertySourceProperties = '{db.tableEngine=}', contextCustomizers = set[[empty]], contextLoader = 'org.springframework.test.context.support.DelegatingSmartContextLoader', parent = [null]], attributes = map['org.springframework.test.context.event.ApplicationEventsTestExecutionListener.recordApplicationEvents' -> false]]
18:00:10.666 [main] DEBUG org.springframework.test.context.cache.DefaultCacheAwareContextLoaderDelegate - Retrieved ApplicationContext [1050971191] from cache with key [[MergedContextConfiguration@1389e498 testClass = ConfigurationBusiness_CoreSpringServerIT, locations = '{}', classes = '{class fr.insalyon.creatis.vip.core.server.SpringCoreConfig}', contextInitializerClasses = '[]', activeProfiles = '{test-db, test}', propertySourceLocations = '{}', propertySourceProperties = '{db.tableEngine=}', contextCustomizers = set[[empty]], contextLoader = 'org.springframework.test.context.support.DelegatingSmartContextLoader', parent = [null]]]
18:00:10.666 [main] DEBUG org.springframework.test.context.cache - Spring test ApplicationContext cache statistics: [DefaultContextCache@4675f5b0 size = 1, maxSize = 32, parentContextCount = 0, hitCount = 322, missCount = 1]
18:00:10.666 [main] DEBUG org.springframework.test.context.transaction.TransactionalTestExecutionListener - No method-level @Rollback override: using default rollback [true] for test context [DefaultTestContext@18e20fa8 testClass = ConfigurationBusiness_CoreSpringServerIT, testInstance = ConfigurationBusiness_CoreSpringServerIT@3702c19, testMethod = testGetOrCreateIncorrectEmailUser@ConfigurationBusiness_CoreSpringServerIT, testException = [null], mergedContextConfiguration = [MergedContextConfiguration@1389e498 testClass = ConfigurationBusiness_CoreSpringServerIT, locations = '{}', classes = '{class fr.insalyon.creatis.vip.core.server.SpringCoreConfig}', contextInitializerClasses = '[]', activeProfiles = '{test-db, test}', propertySourceLocations = '{}', propertySourceProperties = '{db.tableEngine=}', contextCustomizers = set[[empty]], contextLoader = 'org.springframework.test.context.support.DelegatingSmartContextLoader', parent = [null]], attributes = map['org.springframework.test.context.event.ApplicationEventsTestExecutionListener.recordApplicationEvents' -> false]].
18:00:10.667 [main] DEBUG org.springframework.jdbc.datasource.DataSourceTransactionManager - Creating new transaction with name [ConfigurationBusiness_CoreSpringServerIT.testGetOrCreateIncorrectEmailUser]: PROPAGATION_REQUIRED,ISOLATION_DEFAULT
18:00:10.675 [main] DEBUG org.springframework.jdbc.datasource.DataSourceTransactionManager - Acquired Connection [Lazy Connection proxy for target DataSource [org.springframework.jdbc.datasource.embedded.EmbeddedDatabaseFactory$EmbeddedDataSourceProxy@5764c072]] for JDBC transaction
18:00:10.675 [main] DEBUG org.springframework.jdbc.datasource.DataSourceTransactionManager - Switching JDBC Connection [Lazy Connection proxy for target DataSource [org.springframework.jdbc.datasource.embedded.EmbeddedDatabaseFactory$EmbeddedDataSourceProxy@5764c072]] to manual commit
18:00:10.675 [main] INFO org.springframework.test.context.transaction.TransactionContext - Began transaction (1) for test context [DefaultTestContext@18e20fa8 testClass = ConfigurationBusiness_CoreSpringServerIT, testInstance = ConfigurationBusiness_CoreSpringServerIT@3702c19, testMethod = testGetOrCreateIncorrectEmailUser@ConfigurationBusiness_CoreSpringServerIT, testException = [null], mergedContextConfiguration = [MergedContextConfiguration@1389e498 testClass = ConfigurationBusiness_CoreSpringServerIT, locations = '{}', classes = '{class fr.insalyon.creatis.vip.core.server.SpringCoreConfig}', contextInitializerClasses = '[]', activeProfiles = '{test-db, test}', propertySourceLocations = '{}', propertySourceProperties = '{db.tableEngine=}', contextCustomizers = set[[empty]], contextLoader = 'org.springframework.test.context.support.DelegatingSmartContextLoader', parent = [null]], attributes = map['org.springframework.test.context.event.ApplicationEventsTestExecutionListener.recordApplicationEvents' -> false]]; transaction manager [org.springframework.jdbc.datasource.DataSourceTransactionManager@178b2df1]; rollback [true]
18:00:10.675 [main] DEBUG org.springframework.test.context.cache.DefaultCacheAwareContextLoaderDelegate - Retrieved ApplicationContext [1050971191] from cache with key [[MergedContextConfiguration@1389e498 testClass = ConfigurationBusiness_CoreSpringServerIT, locations = '{}', classes = '{class fr.insalyon.creatis.vip.core.server.SpringCoreConfig}', contextInitializerClasses = '[]', activeProfiles = '{test-db, test}', propertySourceLocations = '{}', propertySourceProperties = '{db.tableEngine=}', contextCustomizers = set[[empty]], contextLoader = 'org.springframework.test.context.support.DelegatingSmartContextLoader', parent = [null]]]
18:00:10.675 [main] DEBUG org.springframework.test.context.cache - Spring test ApplicationContext cache statistics: [DefaultContextCache@4675f5b0 size = 1, maxSize = 32, parentContextCount = 0, hitCount = 323, missCount = 1]
18:00:10.676 [main] DEBUG org.springframework.jdbc.datasource.DataSourceTransactionManager - Participating in existing transaction
18:00:10.677 [main] DEBUG org.springframework.jdbc.datasource.DataSourceTransactionManager - Participating in existing transaction
18:00:10.677 [main] DEBUG org.springframework.jdbc.datasource.SimpleDriverDataSource - Creating new JDBC Driver Connection to [jdbc:h2:mem:fec2b152-de2f-4c07-a3e1-df691c7daf9d;DB_CLOSE_DELAY=-1;DB_CLOSE_ON_EXIT=false]
18:00:10.677 [main] DEBUG org.springframework.jdbc.datasource.DataSourceTransactionManager - Participating in existing transaction
18:00:10.677 [main] DEBUG org.springframework.jdbc.datasource.DataSourceTransactionManager - Participating in existing transaction
18:00:10.678 [main] DEBUG org.springframework.jdbc.datasource.DataSourceTransactionManager - Participating in existing transaction
18:00:10.678 [main] DEBUG org.springframework.jdbc.datasource.DataSourceTransactionManager - Participating in existing transaction
18:00:10.678 [main] DEBUG org.springframework.jdbc.datasource.DataSourceTransactionManager - Participating in existing transaction
User = test1@test.fr
18:00:10.678 [main] INFO fr.insalyon.creatis.vip.core.server.business.ConfigurationBusiness - verifying test1@test.fr. List of undesired mail domains: . 
18:00:10.678 [main] INFO fr.insalyon.creatis.vip.core.server.business.ConfigurationBusiness - Signing up . List of undesired countries: .
18:00:10.678 [main] DEBUG org.springframework.jdbc.datasource.DataSourceTransactionManager - Participating in existing transaction
18:00:10.679 [main] DEBUG org.springframework.jdbc.datasource.DataSourceTransactionManager - Participating in existing transaction
18:00:10.679 [main] INFO fr.insalyon.creatis.vip.core.server.business.ConfigurationBusiness - Sending confirmation email to 'test1@test.fr'.
18:00:10.679 [main] DEBUG org.springframework.jdbc.datasource.DataSourceTransactionManager - Participating in existing transaction
18:00:10.680 [main] DEBUG org.springframework.jdbc.datasource.DataSourceTransactionManager - Participating in existing transaction
18:00:10.680 [main] DEBUG org.springframework.jdbc.datasource.DataSourceTransactionManager - Participating in existing transaction
18:00:10.680 [main] DEBUG org.springframework.jdbc.datasource.DataSourceTransactionManager - Participating in existing transaction
User = test2@test.fr
18:00:10.680 [main] INFO fr.insalyon.creatis.vip.core.server.business.ConfigurationBusiness - verifying test2@test.fr. List of undesired mail domains: . 
18:00:10.680 [main] INFO fr.insalyon.creatis.vip.core.server.business.ConfigurationBusiness - Signing up . List of undesired countries: .
18:00:10.680 [main] DEBUG org.springframework.jdbc.datasource.DataSourceTransactionManager - Participating in existing transaction
18:00:10.680 [main] DEBUG org.springframework.jdbc.datasource.DataSourceTransactionManager - Participating in existing transaction
18:00:10.680 [main] INFO fr.insalyon.creatis.vip.core.server.business.ConfigurationBusiness - Sending confirmation email to 'test2@test.fr'.
18:00:10.680 [main] DEBUG org.springframework.jdbc.datasource.DataSourceTransactionManager - Participating in existing transaction
18:00:10.681 [main] DEBUG org.springframework.jdbc.datasource.DataSourceTransactionManager - Participating in existing transaction
18:00:10.681 [main] DEBUG org.springframework.jdbc.datasource.DataSourceTransactionManager - Participating in existing transaction
18:00:10.681 [main] DEBUG org.springframework.jdbc.datasource.DataSourceTransactionManager - Participating in existing transaction
User = test3@test.fr
18:00:10.681 [main] INFO fr.insalyon.creatis.vip.core.server.business.ConfigurationBusiness - verifying test3@test.fr. List of undesired mail domains: . 
18:00:10.681 [main] INFO fr.insalyon.creatis.vip.core.server.business.ConfigurationBusiness - Signing up . List of undesired countries: .
18:00:10.682 [main] DEBUG org.springframework.jdbc.datasource.DataSourceTransactionManager - Participating in existing transaction
18:00:10.682 [main] DEBUG org.springframework.jdbc.datasource.DataSourceTransactionManager - Participating in existing transaction
18:00:10.682 [main] INFO fr.insalyon.creatis.vip.core.server.business.ConfigurationBusiness - Sending confirmation email to 'test3@test.fr'.
18:00:10.682 [main] DEBUG org.springframework.jdbc.datasource.DataSourceTransactionManager - Participating in existing transaction
18:00:10.682 [main] DEBUG org.springframework.jdbc.datasource.DataSourceTransactionManager - Participating in existing transaction
18:00:10.682 [main] DEBUG org.springframework.jdbc.datasource.DataSourceTransactionManager - Participating in existing transaction
18:00:10.682 [main] DEBUG org.springframework.jdbc.datasource.DataSourceTransactionManager - Participating in existing transaction
User = test4@test.fr
18:00:10.682 [main] INFO fr.insalyon.creatis.vip.core.server.business.ConfigurationBusiness - verifying test4@test.fr. List of undesired mail domains: . 
18:00:10.683 [main] INFO fr.insalyon.creatis.vip.core.server.business.ConfigurationBusiness - Signing up . List of undesired countries: .
18:00:10.691 [main] DEBUG org.springframework.jdbc.datasource.DataSourceTransactionManager - Participating in existing transaction
18:00:10.691 [main] DEBUG org.springframework.jdbc.datasource.DataSourceTransactionManager - Participating in existing transaction
18:00:10.691 [main] INFO fr.insalyon.creatis.vip.core.server.business.ConfigurationBusiness - Sending confirmation email to 'test4@test.fr'.
18:00:10.691 [main] DEBUG org.springframework.jdbc.datasource.DataSourceTransactionManager - Participating in existing transaction
18:00:10.692 [main] DEBUG org.springframework.jdbc.datasource.DataSourceTransactionManager - Participating in existing transaction
18:00:10.692 [main] DEBUG org.springframework.jdbc.datasource.DataSourceTransactionManager - Participating in existing transaction
18:00:10.692 [main] DEBUG org.springframework.jdbc.datasource.DataSourceTransactionManager - Participating in existing transaction
18:00:10.692 [main] DEBUG org.springframework.jdbc.datasource.DataSourceTransactionManager - Participating in existing transaction
18:00:10.692 [main] DEBUG org.springframework.jdbc.datasource.DataSourceTransactionManager - Participating in existing transaction
18:00:10.692 [main] DEBUG org.springframework.jdbc.datasource.DataSourceTransactionManager - Participating in existing transaction
18:00:10.692 [main] DEBUG org.springframework.jdbc.datasource.DataSourceTransactionManager - Participating in existing transaction
18:00:10.692 [main] DEBUG org.springframework.jdbc.datasource.DataSourceTransactionManager - Participating in existing transaction
18:00:10.692 [main] DEBUG org.springframework.jdbc.datasource.DataSourceTransactionManager - Participating in existing transaction
18:00:10.692 [main] DEBUG org.springframework.jdbc.datasource.DataSourceTransactionManager - Participating in existing transaction
18:00:10.692 [main] DEBUG org.springframework.jdbc.datasource.DataSourceTransactionManager - Participating in existing transaction
User = email5@test.fr
18:00:10.693 [main] INFO fr.insalyon.creatis.vip.core.server.business.ConfigurationBusiness - verifying email5@test.fr. List of undesired mail domains: . 
18:00:10.693 [main] INFO fr.insalyon.creatis.vip.core.server.business.ConfigurationBusiness - Signing up . List of undesired countries: .
18:00:10.693 [main] DEBUG org.springframework.jdbc.datasource.DataSourceTransactionManager - Participating in existing transaction
18:00:10.693 [main] DEBUG org.springframework.jdbc.datasource.DataSourceTransactionManager - Participating in existing transaction
18:00:10.693 [main] INFO fr.insalyon.creatis.vip.core.server.business.ConfigurationBusiness - Sending confirmation email to 'email5@test.fr'.
18:00:10.693 [main] DEBUG org.springframework.jdbc.datasource.DataSourceTransactionManager - Participating in existing transaction
18:00:10.694 [main] DEBUG org.springframework.test.context.cache.DefaultCacheAwareContextLoaderDelegate - Retrieved ApplicationContext [1050971191] from cache with key [[MergedContextConfiguration@1389e498 testClass = ConfigurationBusiness_CoreSpringServerIT, locations = '{}', classes = '{class fr.insalyon.creatis.vip.core.server.SpringCoreConfig}', contextInitializerClasses = '[]', activeProfiles = '{test-db, test}', propertySourceLocations = '{}', propertySourceProperties = '{db.tableEngine=}', contextCustomizers = set[[empty]], contextLoader = 'org.springframework.test.context.support.DelegatingSmartContextLoader', parent = [null]]]
18:00:10.694 [main] DEBUG org.springframework.test.context.cache - Spring test ApplicationContext cache statistics: [DefaultContextCache@4675f5b0 size = 1, maxSize = 32, parentContextCount = 0, hitCount = 324, missCount = 1]
18:00:10.694 [main] DEBUG org.springframework.jdbc.datasource.DataSourceTransactionManager - Participating in existing transaction
18:00:10.694 [main] ERROR fr.insalyon.creatis.vip.core.server.business.ConfigurationBusiness - The email nonExistent_user is invalid : it does not contain an @
18:00:10.695 [main] DEBUG org.springframework.test.context.cache.DefaultCacheAwareContextLoaderDelegate - Retrieved ApplicationContext [1050971191] from cache with key [[MergedContextConfiguration@1389e498 testClass = ConfigurationBusiness_CoreSpringServerIT, locations = '{}', classes = '{class fr.insalyon.creatis.vip.core.server.SpringCoreConfig}', contextInitializerClasses = '[]', activeProfiles = '{test-db, test}', propertySourceLocations = '{}', propertySourceProperties = '{db.tableEngine=}', contextCustomizers = set[[empty]], contextLoader = 'org.springframework.test.context.support.DelegatingSmartContextLoader', parent = [null]]]
18:00:10.695 [main] DEBUG org.springframework.test.context.cache - Spring test ApplicationContext cache statistics: [DefaultContextCache@4675f5b0 size = 1, maxSize = 32, parentContextCount = 0, hitCount = 325, missCount = 1]
18:00:10.695 [main] DEBUG org.springframework.test.context.cache.DefaultCacheAwareContextLoaderDelegate - Retrieved ApplicationContext [1050971191] from cache with key [[MergedContextConfiguration@1389e498 testClass = ConfigurationBusiness_CoreSpringServerIT, locations = '{}', classes = '{class fr.insalyon.creatis.vip.core.server.SpringCoreConfig}', contextInitializerClasses = '[]', activeProfiles = '{test-db, test}', propertySourceLocations = '{}', propertySourceProperties = '{db.tableEngine=}', contextCustomizers = set[[empty]], contextLoader = 'org.springframework.test.context.support.DelegatingSmartContextLoader', parent = [null]]]
18:00:10.695 [main] DEBUG org.springframework.test.context.cache - Spring test ApplicationContext cache statistics: [DefaultContextCache@4675f5b0 size = 1, maxSize = 32, parentContextCount = 0, hitCount = 326, missCount = 1]
18:00:10.695 [main] DEBUG org.springframework.jdbc.datasource.DataSourceTransactionManager - Initiating transaction rollback
18:00:10.695 [main] DEBUG org.springframework.jdbc.datasource.DataSourceTransactionManager - Rolling back JDBC transaction on Connection [conn60: url=jdbc:h2:mem:fec2b152-de2f-4c07-a3e1-df691c7daf9d user=SA]
18:00:10.695 [main] DEBUG org.springframework.jdbc.datasource.DataSourceTransactionManager - Releasing JDBC Connection [conn60: url=jdbc:h2:mem:fec2b152-de2f-4c07-a3e1-df691c7daf9d user=SA] after transaction
18:00:10.695 [main] INFO org.springframework.test.context.transaction.TransactionContext - Rolled back transaction for test: [DefaultTestContext@18e20fa8 testClass = ConfigurationBusiness_CoreSpringServerIT, testInstance = ConfigurationBusiness_CoreSpringServerIT@3702c19, testMethod = testGetOrCreateIncorrectEmailUser@ConfigurationBusiness_CoreSpringServerIT, testException = [null], mergedContextConfiguration = [MergedContextConfiguration@1389e498 testClass = ConfigurationBusiness_CoreSpringServerIT, locations = '{}', classes = '{class fr.insalyon.creatis.vip.core.server.SpringCoreConfig}', contextInitializerClasses = '[]', activeProfiles = '{test-db, test}', propertySourceLocations = '{}', propertySourceProperties = '{db.tableEngine=}', contextCustomizers = set[[empty]], contextLoader = 'org.springframework.test.context.support.DelegatingSmartContextLoader', parent = [null]], attributes = map['org.springframework.test.context.event.ApplicationEventsTestExecutionListener.recordApplicationEvents' -> false]]
18:00:10.696 [main] DEBUG org.springframework.test.context.support.AbstractDirtiesContextTestExecutionListener - After test method: context [DefaultTestContext@18e20fa8 testClass = ConfigurationBusiness_CoreSpringServerIT, testInstance = ConfigurationBusiness_CoreSpringServerIT@3702c19, testMethod = testGetOrCreateIncorrectEmailUser@ConfigurationBusiness_CoreSpringServerIT, testException = [null], mergedContextConfiguration = [MergedContextConfiguration@1389e498 testClass = ConfigurationBusiness_CoreSpringServerIT, locations = '{}', classes = '{class fr.insalyon.creatis.vip.core.server.SpringCoreConfig}', contextInitializerClasses = '[]', activeProfiles = '{test-db, test}', propertySourceLocations = '{}', propertySourceProperties = '{db.tableEngine=}', contextCustomizers = set[[empty]], contextLoader = 'org.springframework.test.context.support.DelegatingSmartContextLoader', parent = [null]], attributes = map['org.springframework.test.context.event.ApplicationEventsTestExecutionListener.recordApplicationEvents' -> false]], class annotated with @DirtiesContext [false] with mode [null], method annotated with @DirtiesContext [false] with mode [null].
]]></system-out>
  </testcase>
  <testcase name="testCatchGetGroup" classname="ConfigurationBusiness_CoreSpringServerIT" time="0.026">
    <system-out><![CDATA[18:00:10.697 [main] DEBUG org.springframework.test.context.support.DependencyInjectionTestExecutionListener - Performing dependency injection for test context [[DefaultTestContext@18e20fa8 testClass = ConfigurationBusiness_CoreSpringServerIT, testInstance = ConfigurationBusiness_CoreSpringServerIT@12905ebe, testMethod = [null], testException = [null], mergedContextConfiguration = [MergedContextConfiguration@1389e498 testClass = ConfigurationBusiness_CoreSpringServerIT, locations = '{}', classes = '{class fr.insalyon.creatis.vip.core.server.SpringCoreConfig}', contextInitializerClasses = '[]', activeProfiles = '{test-db, test}', propertySourceLocations = '{}', propertySourceProperties = '{db.tableEngine=}', contextCustomizers = set[[empty]], contextLoader = 'org.springframework.test.context.support.DelegatingSmartContextLoader', parent = [null]], attributes = map['org.springframework.test.context.event.ApplicationEventsTestExecutionListener.recordApplicationEvents' -> false]]].
18:00:10.697 [main] DEBUG org.springframework.test.context.cache.DefaultCacheAwareContextLoaderDelegate - Retrieved ApplicationContext [1050971191] from cache with key [[MergedContextConfiguration@1389e498 testClass = ConfigurationBusiness_CoreSpringServerIT, locations = '{}', classes = '{class fr.insalyon.creatis.vip.core.server.SpringCoreConfig}', contextInitializerClasses = '[]', activeProfiles = '{test-db, test}', propertySourceLocations = '{}', propertySourceProperties = '{db.tableEngine=}', contextCustomizers = set[[empty]], contextLoader = 'org.springframework.test.context.support.DelegatingSmartContextLoader', parent = [null]]]
18:00:10.697 [main] DEBUG org.springframework.test.context.cache - Spring test ApplicationContext cache statistics: [DefaultContextCache@4675f5b0 size = 1, maxSize = 32, parentContextCount = 0, hitCount = 327, missCount = 1]
18:00:10.703 [main] DEBUG org.springframework.test.context.cache.DefaultCacheAwareContextLoaderDelegate - Retrieved ApplicationContext [1050971191] from cache with key [[MergedContextConfiguration@1389e498 testClass = ConfigurationBusiness_CoreSpringServerIT, locations = '{}', classes = '{class fr.insalyon.creatis.vip.core.server.SpringCoreConfig}', contextInitializerClasses = '[]', activeProfiles = '{test-db, test}', propertySourceLocations = '{}', propertySourceProperties = '{db.tableEngine=}', contextCustomizers = set[[empty]], contextLoader = 'org.springframework.test.context.support.DelegatingSmartContextLoader', parent = [null]]]
18:00:10.703 [main] DEBUG org.springframework.test.context.cache - Spring test ApplicationContext cache statistics: [DefaultContextCache@4675f5b0 size = 1, maxSize = 32, parentContextCount = 0, hitCount = 328, missCount = 1]
18:00:10.704 [main] DEBUG org.springframework.test.context.support.AbstractDirtiesContextTestExecutionListener - Before test method: context [DefaultTestContext@18e20fa8 testClass = ConfigurationBusiness_CoreSpringServerIT, testInstance = ConfigurationBusiness_CoreSpringServerIT@12905ebe, testMethod = testCatchGetGroup@ConfigurationBusiness_CoreSpringServerIT, testException = [null], mergedContextConfiguration = [MergedContextConfiguration@1389e498 testClass = ConfigurationBusiness_CoreSpringServerIT, locations = '{}', classes = '{class fr.insalyon.creatis.vip.core.server.SpringCoreConfig}', contextInitializerClasses = '[]', activeProfiles = '{test-db, test}', propertySourceLocations = '{}', propertySourceProperties = '{db.tableEngine=}', contextCustomizers = set[[empty]], contextLoader = 'org.springframework.test.context.support.DelegatingSmartContextLoader', parent = [null]], attributes = map['org.springframework.test.context.event.ApplicationEventsTestExecutionListener.recordApplicationEvents' -> false]], class annotated with @DirtiesContext [false] with mode [null], method annotated with @DirtiesContext [false] with mode [null].
18:00:10.704 [main] DEBUG org.springframework.test.context.transaction.TransactionalTestExecutionListener - Explicit transaction definition [PROPAGATION_REQUIRED,ISOLATION_DEFAULT] found for test context [DefaultTestContext@18e20fa8 testClass = ConfigurationBusiness_CoreSpringServerIT, testInstance = ConfigurationBusiness_CoreSpringServerIT@12905ebe, testMethod = testCatchGetGroup@ConfigurationBusiness_CoreSpringServerIT, testException = [null], mergedContextConfiguration = [MergedContextConfiguration@1389e498 testClass = ConfigurationBusiness_CoreSpringServerIT, locations = '{}', classes = '{class fr.insalyon.creatis.vip.core.server.SpringCoreConfig}', contextInitializerClasses = '[]', activeProfiles = '{test-db, test}', propertySourceLocations = '{}', propertySourceProperties = '{db.tableEngine=}', contextCustomizers = set[[empty]], contextLoader = 'org.springframework.test.context.support.DelegatingSmartContextLoader', parent = [null]], attributes = map['org.springframework.test.context.event.ApplicationEventsTestExecutionListener.recordApplicationEvents' -> false]]
18:00:10.704 [main] DEBUG org.springframework.test.context.cache.DefaultCacheAwareContextLoaderDelegate - Retrieved ApplicationContext [1050971191] from cache with key [[MergedContextConfiguration@1389e498 testClass = ConfigurationBusiness_CoreSpringServerIT, locations = '{}', classes = '{class fr.insalyon.creatis.vip.core.server.SpringCoreConfig}', contextInitializerClasses = '[]', activeProfiles = '{test-db, test}', propertySourceLocations = '{}', propertySourceProperties = '{db.tableEngine=}', contextCustomizers = set[[empty]], contextLoader = 'org.springframework.test.context.support.DelegatingSmartContextLoader', parent = [null]]]
18:00:10.704 [main] DEBUG org.springframework.test.context.cache - Spring test ApplicationContext cache statistics: [DefaultContextCache@4675f5b0 size = 1, maxSize = 32, parentContextCount = 0, hitCount = 329, missCount = 1]
18:00:10.704 [main] DEBUG org.springframework.test.context.transaction.TransactionalTestExecutionListener - No method-level @Rollback override: using default rollback [true] for test context [DefaultTestContext@18e20fa8 testClass = ConfigurationBusiness_CoreSpringServerIT, testInstance = ConfigurationBusiness_CoreSpringServerIT@12905ebe, testMethod = testCatchGetGroup@ConfigurationBusiness_CoreSpringServerIT, testException = [null], mergedContextConfiguration = [MergedContextConfiguration@1389e498 testClass = ConfigurationBusiness_CoreSpringServerIT, locations = '{}', classes = '{class fr.insalyon.creatis.vip.core.server.SpringCoreConfig}', contextInitializerClasses = '[]', activeProfiles = '{test-db, test}', propertySourceLocations = '{}', propertySourceProperties = '{db.tableEngine=}', contextCustomizers = set[[empty]], contextLoader = 'org.springframework.test.context.support.DelegatingSmartContextLoader', parent = [null]], attributes = map['org.springframework.test.context.event.ApplicationEventsTestExecutionListener.recordApplicationEvents' -> false]].
18:00:10.704 [main] DEBUG org.springframework.jdbc.datasource.DataSourceTransactionManager - Creating new transaction with name [ConfigurationBusiness_CoreSpringServerIT.testCatchGetGroup]: PROPAGATION_REQUIRED,ISOLATION_DEFAULT
18:00:10.705 [main] DEBUG org.springframework.jdbc.datasource.DataSourceTransactionManager - Acquired Connection [Lazy Connection proxy for target DataSource [org.springframework.jdbc.datasource.embedded.EmbeddedDatabaseFactory$EmbeddedDataSourceProxy@5764c072]] for JDBC transaction
18:00:10.705 [main] DEBUG org.springframework.jdbc.datasource.DataSourceTransactionManager - Switching JDBC Connection [Lazy Connection proxy for target DataSource [org.springframework.jdbc.datasource.embedded.EmbeddedDatabaseFactory$EmbeddedDataSourceProxy@5764c072]] to manual commit
18:00:10.705 [main] INFO org.springframework.test.context.transaction.TransactionContext - Began transaction (1) for test context [DefaultTestContext@18e20fa8 testClass = ConfigurationBusiness_CoreSpringServerIT, testInstance = ConfigurationBusiness_CoreSpringServerIT@12905ebe, testMethod = testCatchGetGroup@ConfigurationBusiness_CoreSpringServerIT, testException = [null], mergedContextConfiguration = [MergedContextConfiguration@1389e498 testClass = ConfigurationBusiness_CoreSpringServerIT, locations = '{}', classes = '{class fr.insalyon.creatis.vip.core.server.SpringCoreConfig}', contextInitializerClasses = '[]', activeProfiles = '{test-db, test}', propertySourceLocations = '{}', propertySourceProperties = '{db.tableEngine=}', contextCustomizers = set[[empty]], contextLoader = 'org.springframework.test.context.support.DelegatingSmartContextLoader', parent = [null]], attributes = map['org.springframework.test.context.event.ApplicationEventsTestExecutionListener.recordApplicationEvents' -> false]]; transaction manager [org.springframework.jdbc.datasource.DataSourceTransactionManager@178b2df1]; rollback [true]
18:00:10.705 [main] DEBUG org.springframework.test.context.cache.DefaultCacheAwareContextLoaderDelegate - Retrieved ApplicationContext [1050971191] from cache with key [[MergedContextConfiguration@1389e498 testClass = ConfigurationBusiness_CoreSpringServerIT, locations = '{}', classes = '{class fr.insalyon.creatis.vip.core.server.SpringCoreConfig}', contextInitializerClasses = '[]', activeProfiles = '{test-db, test}', propertySourceLocations = '{}', propertySourceProperties = '{db.tableEngine=}', contextCustomizers = set[[empty]], contextLoader = 'org.springframework.test.context.support.DelegatingSmartContextLoader', parent = [null]]]
18:00:10.705 [main] DEBUG org.springframework.test.context.cache - Spring test ApplicationContext cache statistics: [DefaultContextCache@4675f5b0 size = 1, maxSize = 32, parentContextCount = 0, hitCount = 330, missCount = 1]
18:00:10.707 [main] DEBUG org.springframework.jdbc.datasource.DataSourceTransactionManager - Participating in existing transaction
18:00:10.707 [main] DEBUG org.springframework.jdbc.datasource.DataSourceTransactionManager - Participating in existing transaction
18:00:10.707 [main] DEBUG org.springframework.jdbc.datasource.SimpleDriverDataSource - Creating new JDBC Driver Connection to [jdbc:h2:mem:fec2b152-de2f-4c07-a3e1-df691c7daf9d;DB_CLOSE_DELAY=-1;DB_CLOSE_ON_EXIT=false]
18:00:10.708 [main] DEBUG org.springframework.jdbc.datasource.DataSourceTransactionManager - Participating in existing transaction
18:00:10.708 [main] DEBUG org.springframework.jdbc.datasource.DataSourceTransactionManager - Participating in existing transaction
18:00:10.708 [main] DEBUG org.springframework.jdbc.datasource.DataSourceTransactionManager - Participating in existing transaction
18:00:10.708 [main] DEBUG org.springframework.jdbc.datasource.DataSourceTransactionManager - Participating in existing transaction
18:00:10.708 [main] DEBUG org.springframework.jdbc.datasource.DataSourceTransactionManager - Participating in existing transaction
User = test1@test.fr
18:00:10.709 [main] INFO fr.insalyon.creatis.vip.core.server.business.ConfigurationBusiness - verifying test1@test.fr. List of undesired mail domains: . 
18:00:10.709 [main] INFO fr.insalyon.creatis.vip.core.server.business.ConfigurationBusiness - Signing up . List of undesired countries: .
18:00:10.709 [main] DEBUG org.springframework.jdbc.datasource.DataSourceTransactionManager - Participating in existing transaction
18:00:10.709 [main] DEBUG org.springframework.jdbc.datasource.DataSourceTransactionManager - Participating in existing transaction
18:00:10.709 [main] INFO fr.insalyon.creatis.vip.core.server.business.ConfigurationBusiness - Sending confirmation email to 'test1@test.fr'.
18:00:10.709 [main] DEBUG org.springframework.jdbc.datasource.DataSourceTransactionManager - Participating in existing transaction
18:00:10.710 [main] DEBUG org.springframework.jdbc.datasource.DataSourceTransactionManager - Participating in existing transaction
18:00:10.710 [main] DEBUG org.springframework.jdbc.datasource.DataSourceTransactionManager - Participating in existing transaction
18:00:10.710 [main] DEBUG org.springframework.jdbc.datasource.DataSourceTransactionManager - Participating in existing transaction
User = test2@test.fr
18:00:10.710 [main] INFO fr.insalyon.creatis.vip.core.server.business.ConfigurationBusiness - verifying test2@test.fr. List of undesired mail domains: . 
18:00:10.710 [main] INFO fr.insalyon.creatis.vip.core.server.business.ConfigurationBusiness - Signing up . List of undesired countries: .
18:00:10.711 [main] DEBUG org.springframework.jdbc.datasource.DataSourceTransactionManager - Participating in existing transaction
18:00:10.711 [main] DEBUG org.springframework.jdbc.datasource.DataSourceTransactionManager - Participating in existing transaction
18:00:10.711 [main] INFO fr.insalyon.creatis.vip.core.server.business.ConfigurationBusiness - Sending confirmation email to 'test2@test.fr'.
18:00:10.711 [main] DEBUG org.springframework.jdbc.datasource.DataSourceTransactionManager - Participating in existing transaction
18:00:10.711 [main] DEBUG org.springframework.jdbc.datasource.DataSourceTransactionManager - Participating in existing transaction
18:00:10.711 [main] DEBUG org.springframework.jdbc.datasource.DataSourceTransactionManager - Participating in existing transaction
18:00:10.712 [main] DEBUG org.springframework.jdbc.datasource.DataSourceTransactionManager - Participating in existing transaction
User = test3@test.fr
18:00:10.712 [main] INFO fr.insalyon.creatis.vip.core.server.business.ConfigurationBusiness - verifying test3@test.fr. List of undesired mail domains: . 
18:00:10.712 [main] INFO fr.insalyon.creatis.vip.core.server.business.ConfigurationBusiness - Signing up . List of undesired countries: .
18:00:10.712 [main] DEBUG org.springframework.jdbc.datasource.DataSourceTransactionManager - Participating in existing transaction
18:00:10.712 [main] DEBUG org.springframework.jdbc.datasource.DataSourceTransactionManager - Participating in existing transaction
18:00:10.712 [main] INFO fr.insalyon.creatis.vip.core.server.business.ConfigurationBusiness - Sending confirmation email to 'test3@test.fr'.
18:00:10.712 [main] DEBUG org.springframework.jdbc.datasource.DataSourceTransactionManager - Participating in existing transaction
18:00:10.713 [main] DEBUG org.springframework.jdbc.datasource.DataSourceTransactionManager - Participating in existing transaction
18:00:10.713 [main] DEBUG org.springframework.jdbc.datasource.DataSourceTransactionManager - Participating in existing transaction
18:00:10.713 [main] DEBUG org.springframework.jdbc.datasource.DataSourceTransactionManager - Participating in existing transaction
User = test4@test.fr
18:00:10.713 [main] INFO fr.insalyon.creatis.vip.core.server.business.ConfigurationBusiness - verifying test4@test.fr. List of undesired mail domains: . 
18:00:10.713 [main] INFO fr.insalyon.creatis.vip.core.server.business.ConfigurationBusiness - Signing up . List of undesired countries: .
18:00:10.713 [main] DEBUG org.springframework.jdbc.datasource.DataSourceTransactionManager - Participating in existing transaction
18:00:10.714 [main] DEBUG org.springframework.jdbc.datasource.DataSourceTransactionManager - Participating in existing transaction
18:00:10.714 [main] INFO fr.insalyon.creatis.vip.core.server.business.ConfigurationBusiness - Sending confirmation email to 'test4@test.fr'.
18:00:10.714 [main] DEBUG org.springframework.jdbc.datasource.DataSourceTransactionManager - Participating in existing transaction
18:00:10.714 [main] DEBUG org.springframework.jdbc.datasource.DataSourceTransactionManager - Participating in existing transaction
18:00:10.714 [main] DEBUG org.springframework.jdbc.datasource.DataSourceTransactionManager - Participating in existing transaction
18:00:10.714 [main] DEBUG org.springframework.jdbc.datasource.DataSourceTransactionManager - Participating in existing transaction
18:00:10.714 [main] DEBUG org.springframework.jdbc.datasource.DataSourceTransactionManager - Participating in existing transaction
18:00:10.714 [main] DEBUG org.springframework.jdbc.datasource.DataSourceTransactionManager - Participating in existing transaction
18:00:10.714 [main] DEBUG org.springframework.jdbc.datasource.DataSourceTransactionManager - Participating in existing transaction
18:00:10.714 [main] DEBUG org.springframework.jdbc.datasource.DataSourceTransactionManager - Participating in existing transaction
18:00:10.714 [main] DEBUG org.springframework.jdbc.datasource.DataSourceTransactionManager - Participating in existing transaction
18:00:10.727 [main] DEBUG org.springframework.jdbc.datasource.DataSourceTransactionManager - Participating in existing transaction
18:00:10.727 [main] DEBUG org.springframework.jdbc.datasource.DataSourceTransactionManager - Participating in existing transaction
18:00:10.727 [main] DEBUG org.springframework.jdbc.datasource.DataSourceTransactionManager - Participating in existing transaction
User = email5@test.fr
18:00:10.727 [main] INFO fr.insalyon.creatis.vip.core.server.business.ConfigurationBusiness - verifying email5@test.fr. List of undesired mail domains: . 
18:00:10.727 [main] INFO fr.insalyon.creatis.vip.core.server.business.ConfigurationBusiness - Signing up . List of undesired countries: .
18:00:10.728 [main] DEBUG org.springframework.jdbc.datasource.DataSourceTransactionManager - Participating in existing transaction
18:00:10.728 [main] DEBUG org.springframework.jdbc.datasource.DataSourceTransactionManager - Participating in existing transaction
18:00:10.728 [main] INFO fr.insalyon.creatis.vip.core.server.business.ConfigurationBusiness - Sending confirmation email to 'email5@test.fr'.
18:00:10.728 [main] DEBUG org.springframework.jdbc.datasource.DataSourceTransactionManager - Participating in existing transaction
18:00:10.728 [main] DEBUG org.springframework.test.context.cache.DefaultCacheAwareContextLoaderDelegate - Retrieved ApplicationContext [1050971191] from cache with key [[MergedContextConfiguration@1389e498 testClass = ConfigurationBusiness_CoreSpringServerIT, locations = '{}', classes = '{class fr.insalyon.creatis.vip.core.server.SpringCoreConfig}', contextInitializerClasses = '[]', activeProfiles = '{test-db, test}', propertySourceLocations = '{}', propertySourceProperties = '{db.tableEngine=}', contextCustomizers = set[[empty]], contextLoader = 'org.springframework.test.context.support.DelegatingSmartContextLoader', parent = [null]]]
18:00:10.728 [main] DEBUG org.springframework.test.context.cache - Spring test ApplicationContext cache statistics: [DefaultContextCache@4675f5b0 size = 1, maxSize = 32, parentContextCount = 0, hitCount = 331, missCount = 1]
18:00:10.728 [main] DEBUG org.springframework.jdbc.datasource.DataSourceTransactionManager - Participating in existing transaction
18:00:10.728 [main] DEBUG org.springframework.jdbc.datasource.DataSourceTransactionManager - Participating in existing transaction
18:00:10.728 [main] DEBUG org.springframework.test.context.cache.DefaultCacheAwareContextLoaderDelegate - Retrieved ApplicationContext [1050971191] from cache with key [[MergedContextConfiguration@1389e498 testClass = ConfigurationBusiness_CoreSpringServerIT, locations = '{}', classes = '{class fr.insalyon.creatis.vip.core.server.SpringCoreConfig}', contextInitializerClasses = '[]', activeProfiles = '{test-db, test}', propertySourceLocations = '{}', propertySourceProperties = '{db.tableEngine=}', contextCustomizers = set[[empty]], contextLoader = 'org.springframework.test.context.support.DelegatingSmartContextLoader', parent = [null]]]
18:00:10.728 [main] DEBUG org.springframework.test.context.cache - Spring test ApplicationContext cache statistics: [DefaultContextCache@4675f5b0 size = 1, maxSize = 32, parentContextCount = 0, hitCount = 332, missCount = 1]
18:00:10.729 [main] DEBUG org.springframework.test.context.cache.DefaultCacheAwareContextLoaderDelegate - Retrieved ApplicationContext [1050971191] from cache with key [[MergedContextConfiguration@1389e498 testClass = ConfigurationBusiness_CoreSpringServerIT, locations = '{}', classes = '{class fr.insalyon.creatis.vip.core.server.SpringCoreConfig}', contextInitializerClasses = '[]', activeProfiles = '{test-db, test}', propertySourceLocations = '{}', propertySourceProperties = '{db.tableEngine=}', contextCustomizers = set[[empty]], contextLoader = 'org.springframework.test.context.support.DelegatingSmartContextLoader', parent = [null]]]
18:00:10.729 [main] DEBUG org.springframework.test.context.cache - Spring test ApplicationContext cache statistics: [DefaultContextCache@4675f5b0 size = 1, maxSize = 32, parentContextCount = 0, hitCount = 333, missCount = 1]
18:00:10.729 [main] DEBUG org.springframework.jdbc.datasource.DataSourceTransactionManager - Initiating transaction rollback
18:00:10.729 [main] DEBUG org.springframework.jdbc.datasource.DataSourceTransactionManager - Rolling back JDBC transaction on Connection [conn61: url=jdbc:h2:mem:fec2b152-de2f-4c07-a3e1-df691c7daf9d user=SA]
18:00:10.729 [main] DEBUG org.springframework.jdbc.datasource.DataSourceTransactionManager - Releasing JDBC Connection [conn61: url=jdbc:h2:mem:fec2b152-de2f-4c07-a3e1-df691c7daf9d user=SA] after transaction
18:00:10.729 [main] INFO org.springframework.test.context.transaction.TransactionContext - Rolled back transaction for test: [DefaultTestContext@18e20fa8 testClass = ConfigurationBusiness_CoreSpringServerIT, testInstance = ConfigurationBusiness_CoreSpringServerIT@12905ebe, testMethod = testCatchGetGroup@ConfigurationBusiness_CoreSpringServerIT, testException = [null], mergedContextConfiguration = [MergedContextConfiguration@1389e498 testClass = ConfigurationBusiness_CoreSpringServerIT, locations = '{}', classes = '{class fr.insalyon.creatis.vip.core.server.SpringCoreConfig}', contextInitializerClasses = '[]', activeProfiles = '{test-db, test}', propertySourceLocations = '{}', propertySourceProperties = '{db.tableEngine=}', contextCustomizers = set[[empty]], contextLoader = 'org.springframework.test.context.support.DelegatingSmartContextLoader', parent = [null]], attributes = map['org.springframework.test.context.event.ApplicationEventsTestExecutionListener.recordApplicationEvents' -> false]]
18:00:10.729 [main] DEBUG org.springframework.test.context.support.AbstractDirtiesContextTestExecutionListener - After test method: context [DefaultTestContext@18e20fa8 testClass = ConfigurationBusiness_CoreSpringServerIT, testInstance = ConfigurationBusiness_CoreSpringServerIT@12905ebe, testMethod = testCatchGetGroup@ConfigurationBusiness_CoreSpringServerIT, testException = [null], mergedContextConfiguration = [MergedContextConfiguration@1389e498 testClass = ConfigurationBusiness_CoreSpringServerIT, locations = '{}', classes = '{class fr.insalyon.creatis.vip.core.server.SpringCoreConfig}', contextInitializerClasses = '[]', activeProfiles = '{test-db, test}', propertySourceLocations = '{}', propertySourceProperties = '{db.tableEngine=}', contextCustomizers = set[[empty]], contextLoader = 'org.springframework.test.context.support.DelegatingSmartContextLoader', parent = [null]], attributes = map['org.springframework.test.context.event.ApplicationEventsTestExecutionListener.recordApplicationEvents' -> false]], class annotated with @DirtiesContext [false] with mode [null], method annotated with @DirtiesContext [false] with mode [null].
]]></system-out>
  </testcase>
  <testcase name="testGenerateNewApiKeyUser" classname="ConfigurationBusiness_CoreSpringServerIT" time="0.032">
    <system-out><![CDATA[18:00:10.730 [main] DEBUG org.springframework.test.context.support.DependencyInjectionTestExecutionListener - Performing dependency injection for test context [[DefaultTestContext@18e20fa8 testClass = ConfigurationBusiness_CoreSpringServerIT, testInstance = ConfigurationBusiness_CoreSpringServerIT@1bf8b5d9, testMethod = [null], testException = [null], mergedContextConfiguration = [MergedContextConfiguration@1389e498 testClass = ConfigurationBusiness_CoreSpringServerIT, locations = '{}', classes = '{class fr.insalyon.creatis.vip.core.server.SpringCoreConfig}', contextInitializerClasses = '[]', activeProfiles = '{test-db, test}', propertySourceLocations = '{}', propertySourceProperties = '{db.tableEngine=}', contextCustomizers = set[[empty]], contextLoader = 'org.springframework.test.context.support.DelegatingSmartContextLoader', parent = [null]], attributes = map['org.springframework.test.context.event.ApplicationEventsTestExecutionListener.recordApplicationEvents' -> false]]].
18:00:10.731 [main] DEBUG org.springframework.test.context.cache.DefaultCacheAwareContextLoaderDelegate - Retrieved ApplicationContext [1050971191] from cache with key [[MergedContextConfiguration@1389e498 testClass = ConfigurationBusiness_CoreSpringServerIT, locations = '{}', classes = '{class fr.insalyon.creatis.vip.core.server.SpringCoreConfig}', contextInitializerClasses = '[]', activeProfiles = '{test-db, test}', propertySourceLocations = '{}', propertySourceProperties = '{db.tableEngine=}', contextCustomizers = set[[empty]], contextLoader = 'org.springframework.test.context.support.DelegatingSmartContextLoader', parent = [null]]]
18:00:10.731 [main] DEBUG org.springframework.test.context.cache - Spring test ApplicationContext cache statistics: [DefaultContextCache@4675f5b0 size = 1, maxSize = 32, parentContextCount = 0, hitCount = 334, missCount = 1]
18:00:10.731 [main] DEBUG org.springframework.test.context.cache.DefaultCacheAwareContextLoaderDelegate - Retrieved ApplicationContext [1050971191] from cache with key [[MergedContextConfiguration@1389e498 testClass = ConfigurationBusiness_CoreSpringServerIT, locations = '{}', classes = '{class fr.insalyon.creatis.vip.core.server.SpringCoreConfig}', contextInitializerClasses = '[]', activeProfiles = '{test-db, test}', propertySourceLocations = '{}', propertySourceProperties = '{db.tableEngine=}', contextCustomizers = set[[empty]], contextLoader = 'org.springframework.test.context.support.DelegatingSmartContextLoader', parent = [null]]]
18:00:10.731 [main] DEBUG org.springframework.test.context.cache - Spring test ApplicationContext cache statistics: [DefaultContextCache@4675f5b0 size = 1, maxSize = 32, parentContextCount = 0, hitCount = 335, missCount = 1]
18:00:10.732 [main] DEBUG org.springframework.test.context.support.AbstractDirtiesContextTestExecutionListener - Before test method: context [DefaultTestContext@18e20fa8 testClass = ConfigurationBusiness_CoreSpringServerIT, testInstance = ConfigurationBusiness_CoreSpringServerIT@1bf8b5d9, testMethod = testGenerateNewApiKeyUser@ConfigurationBusiness_CoreSpringServerIT, testException = [null], mergedContextConfiguration = [MergedContextConfiguration@1389e498 testClass = ConfigurationBusiness_CoreSpringServerIT, locations = '{}', classes = '{class fr.insalyon.creatis.vip.core.server.SpringCoreConfig}', contextInitializerClasses = '[]', activeProfiles = '{test-db, test}', propertySourceLocations = '{}', propertySourceProperties = '{db.tableEngine=}', contextCustomizers = set[[empty]], contextLoader = 'org.springframework.test.context.support.DelegatingSmartContextLoader', parent = [null]], attributes = map['org.springframework.test.context.event.ApplicationEventsTestExecutionListener.recordApplicationEvents' -> false]], class annotated with @DirtiesContext [false] with mode [null], method annotated with @DirtiesContext [false] with mode [null].
18:00:10.732 [main] DEBUG org.springframework.test.context.transaction.TransactionalTestExecutionListener - Explicit transaction definition [PROPAGATION_REQUIRED,ISOLATION_DEFAULT] found for test context [DefaultTestContext@18e20fa8 testClass = ConfigurationBusiness_CoreSpringServerIT, testInstance = ConfigurationBusiness_CoreSpringServerIT@1bf8b5d9, testMethod = testGenerateNewApiKeyUser@ConfigurationBusiness_CoreSpringServerIT, testException = [null], mergedContextConfiguration = [MergedContextConfiguration@1389e498 testClass = ConfigurationBusiness_CoreSpringServerIT, locations = '{}', classes = '{class fr.insalyon.creatis.vip.core.server.SpringCoreConfig}', contextInitializerClasses = '[]', activeProfiles = '{test-db, test}', propertySourceLocations = '{}', propertySourceProperties = '{db.tableEngine=}', contextCustomizers = set[[empty]], contextLoader = 'org.springframework.test.context.support.DelegatingSmartContextLoader', parent = [null]], attributes = map['org.springframework.test.context.event.ApplicationEventsTestExecutionListener.recordApplicationEvents' -> false]]
18:00:10.732 [main] DEBUG org.springframework.test.context.cache.DefaultCacheAwareContextLoaderDelegate - Retrieved ApplicationContext [1050971191] from cache with key [[MergedContextConfiguration@1389e498 testClass = ConfigurationBusiness_CoreSpringServerIT, locations = '{}', classes = '{class fr.insalyon.creatis.vip.core.server.SpringCoreConfig}', contextInitializerClasses = '[]', activeProfiles = '{test-db, test}', propertySourceLocations = '{}', propertySourceProperties = '{db.tableEngine=}', contextCustomizers = set[[empty]], contextLoader = 'org.springframework.test.context.support.DelegatingSmartContextLoader', parent = [null]]]
18:00:10.732 [main] DEBUG org.springframework.test.context.cache - Spring test ApplicationContext cache statistics: [DefaultContextCache@4675f5b0 size = 1, maxSize = 32, parentContextCount = 0, hitCount = 336, missCount = 1]
18:00:10.733 [main] DEBUG org.springframework.test.context.transaction.TransactionalTestExecutionListener - No method-level @Rollback override: using default rollback [true] for test context [DefaultTestContext@18e20fa8 testClass = ConfigurationBusiness_CoreSpringServerIT, testInstance = ConfigurationBusiness_CoreSpringServerIT@1bf8b5d9, testMethod = testGenerateNewApiKeyUser@ConfigurationBusiness_CoreSpringServerIT, testException = [null], mergedContextConfiguration = [MergedContextConfiguration@1389e498 testClass = ConfigurationBusiness_CoreSpringServerIT, locations = '{}', classes = '{class fr.insalyon.creatis.vip.core.server.SpringCoreConfig}', contextInitializerClasses = '[]', activeProfiles = '{test-db, test}', propertySourceLocations = '{}', propertySourceProperties = '{db.tableEngine=}', contextCustomizers = set[[empty]], contextLoader = 'org.springframework.test.context.support.DelegatingSmartContextLoader', parent = [null]], attributes = map['org.springframework.test.context.event.ApplicationEventsTestExecutionListener.recordApplicationEvents' -> false]].
18:00:10.733 [main] DEBUG org.springframework.jdbc.datasource.DataSourceTransactionManager - Creating new transaction with name [ConfigurationBusiness_CoreSpringServerIT.testGenerateNewApiKeyUser]: PROPAGATION_REQUIRED,ISOLATION_DEFAULT
18:00:10.733 [main] DEBUG org.springframework.jdbc.datasource.DataSourceTransactionManager - Acquired Connection [Lazy Connection proxy for target DataSource [org.springframework.jdbc.datasource.embedded.EmbeddedDatabaseFactory$EmbeddedDataSourceProxy@5764c072]] for JDBC transaction
18:00:10.734 [main] DEBUG org.springframework.jdbc.datasource.DataSourceTransactionManager - Switching JDBC Connection [Lazy Connection proxy for target DataSource [org.springframework.jdbc.datasource.embedded.EmbeddedDatabaseFactory$EmbeddedDataSourceProxy@5764c072]] to manual commit
18:00:10.734 [main] INFO org.springframework.test.context.transaction.TransactionContext - Began transaction (1) for test context [DefaultTestContext@18e20fa8 testClass = ConfigurationBusiness_CoreSpringServerIT, testInstance = ConfigurationBusiness_CoreSpringServerIT@1bf8b5d9, testMethod = testGenerateNewApiKeyUser@ConfigurationBusiness_CoreSpringServerIT, testException = [null], mergedContextConfiguration = [MergedContextConfiguration@1389e498 testClass = ConfigurationBusiness_CoreSpringServerIT, locations = '{}', classes = '{class fr.insalyon.creatis.vip.core.server.SpringCoreConfig}', contextInitializerClasses = '[]', activeProfiles = '{test-db, test}', propertySourceLocations = '{}', propertySourceProperties = '{db.tableEngine=}', contextCustomizers = set[[empty]], contextLoader = 'org.springframework.test.context.support.DelegatingSmartContextLoader', parent = [null]], attributes = map['org.springframework.test.context.event.ApplicationEventsTestExecutionListener.recordApplicationEvents' -> false]]; transaction manager [org.springframework.jdbc.datasource.DataSourceTransactionManager@178b2df1]; rollback [true]
18:00:10.734 [main] DEBUG org.springframework.test.context.cache.DefaultCacheAwareContextLoaderDelegate - Retrieved ApplicationContext [1050971191] from cache with key [[MergedContextConfiguration@1389e498 testClass = ConfigurationBusiness_CoreSpringServerIT, locations = '{}', classes = '{class fr.insalyon.creatis.vip.core.server.SpringCoreConfig}', contextInitializerClasses = '[]', activeProfiles = '{test-db, test}', propertySourceLocations = '{}', propertySourceProperties = '{db.tableEngine=}', contextCustomizers = set[[empty]], contextLoader = 'org.springframework.test.context.support.DelegatingSmartContextLoader', parent = [null]]]
18:00:10.734 [main] DEBUG org.springframework.test.context.cache - Spring test ApplicationContext cache statistics: [DefaultContextCache@4675f5b0 size = 1, maxSize = 32, parentContextCount = 0, hitCount = 337, missCount = 1]
18:00:10.735 [main] DEBUG org.springframework.jdbc.datasource.DataSourceTransactionManager - Participating in existing transaction
18:00:10.735 [main] DEBUG org.springframework.jdbc.datasource.DataSourceTransactionManager - Participating in existing transaction
18:00:10.738 [main] DEBUG org.springframework.jdbc.datasource.SimpleDriverDataSource - Creating new JDBC Driver Connection to [jdbc:h2:mem:fec2b152-de2f-4c07-a3e1-df691c7daf9d;DB_CLOSE_DELAY=-1;DB_CLOSE_ON_EXIT=false]
18:00:10.739 [main] DEBUG org.springframework.jdbc.datasource.DataSourceTransactionManager - Participating in existing transaction
18:00:10.739 [main] DEBUG org.springframework.jdbc.datasource.DataSourceTransactionManager - Participating in existing transaction
18:00:10.739 [main] DEBUG org.springframework.jdbc.datasource.DataSourceTransactionManager - Participating in existing transaction
18:00:10.739 [main] DEBUG org.springframework.jdbc.datasource.DataSourceTransactionManager - Participating in existing transaction
18:00:10.740 [main] DEBUG org.springframework.jdbc.datasource.DataSourceTransactionManager - Participating in existing transaction
User = test1@test.fr
18:00:10.740 [main] INFO fr.insalyon.creatis.vip.core.server.business.ConfigurationBusiness - verifying test1@test.fr. List of undesired mail domains: . 
18:00:10.740 [main] INFO fr.insalyon.creatis.vip.core.server.business.ConfigurationBusiness - Signing up . List of undesired countries: .
18:00:10.740 [main] DEBUG org.springframework.jdbc.datasource.DataSourceTransactionManager - Participating in existing transaction
18:00:10.740 [main] DEBUG org.springframework.jdbc.datasource.DataSourceTransactionManager - Participating in existing transaction
18:00:10.740 [main] INFO fr.insalyon.creatis.vip.core.server.business.ConfigurationBusiness - Sending confirmation email to 'test1@test.fr'.
18:00:10.741 [main] DEBUG org.springframework.jdbc.datasource.DataSourceTransactionManager - Participating in existing transaction
18:00:10.741 [main] DEBUG org.springframework.jdbc.datasource.DataSourceTransactionManager - Participating in existing transaction
18:00:10.741 [main] DEBUG org.springframework.jdbc.datasource.DataSourceTransactionManager - Participating in existing transaction
18:00:10.741 [main] DEBUG org.springframework.jdbc.datasource.DataSourceTransactionManager - Participating in existing transaction
User = test2@test.fr
18:00:10.741 [main] INFO fr.insalyon.creatis.vip.core.server.business.ConfigurationBusiness - verifying test2@test.fr. List of undesired mail domains: . 
18:00:10.742 [main] INFO fr.insalyon.creatis.vip.core.server.business.ConfigurationBusiness - Signing up . List of undesired countries: .
18:00:10.742 [main] DEBUG org.springframework.jdbc.datasource.DataSourceTransactionManager - Participating in existing transaction
18:00:10.742 [main] DEBUG org.springframework.jdbc.datasource.DataSourceTransactionManager - Participating in existing transaction
18:00:10.742 [main] INFO fr.insalyon.creatis.vip.core.server.business.ConfigurationBusiness - Sending confirmation email to 'test2@test.fr'.
18:00:10.742 [main] DEBUG org.springframework.jdbc.datasource.DataSourceTransactionManager - Participating in existing transaction
18:00:10.743 [main] DEBUG org.springframework.jdbc.datasource.DataSourceTransactionManager - Participating in existing transaction
18:00:10.743 [main] DEBUG org.springframework.jdbc.datasource.DataSourceTransactionManager - Participating in existing transaction
18:00:10.743 [main] DEBUG org.springframework.jdbc.datasource.DataSourceTransactionManager - Participating in existing transaction
User = test3@test.fr
18:00:10.743 [main] INFO fr.insalyon.creatis.vip.core.server.business.ConfigurationBusiness - verifying test3@test.fr. List of undesired mail domains: . 
18:00:10.743 [main] INFO fr.insalyon.creatis.vip.core.server.business.ConfigurationBusiness - Signing up . List of undesired countries: .
18:00:10.743 [main] DEBUG org.springframework.jdbc.datasource.DataSourceTransactionManager - Participating in existing transaction
18:00:10.743 [main] DEBUG org.springframework.jdbc.datasource.DataSourceTransactionManager - Participating in existing transaction
18:00:10.743 [main] INFO fr.insalyon.creatis.vip.core.server.business.ConfigurationBusiness - Sending confirmation email to 'test3@test.fr'.
18:00:10.744 [main] DEBUG org.springframework.jdbc.datasource.DataSourceTransactionManager - Participating in existing transaction
18:00:10.744 [main] DEBUG org.springframework.jdbc.datasource.DataSourceTransactionManager - Participating in existing transaction
18:00:10.744 [main] DEBUG org.springframework.jdbc.datasource.DataSourceTransactionManager - Participating in existing transaction
18:00:10.744 [main] DEBUG org.springframework.jdbc.datasource.DataSourceTransactionManager - Participating in existing transaction
User = test4@test.fr
18:00:10.744 [main] INFO fr.insalyon.creatis.vip.core.server.business.ConfigurationBusiness - verifying test4@test.fr. List of undesired mail domains: . 
18:00:10.755 [main] INFO fr.insalyon.creatis.vip.core.server.business.ConfigurationBusiness - Signing up . List of undesired countries: .
18:00:10.755 [main] DEBUG org.springframework.jdbc.datasource.DataSourceTransactionManager - Participating in existing transaction
18:00:10.755 [main] DEBUG org.springframework.jdbc.datasource.DataSourceTransactionManager - Participating in existing transaction
18:00:10.755 [main] INFO fr.insalyon.creatis.vip.core.server.business.ConfigurationBusiness - Sending confirmation email to 'test4@test.fr'.
18:00:10.756 [main] DEBUG org.springframework.jdbc.datasource.DataSourceTransactionManager - Participating in existing transaction
18:00:10.756 [main] DEBUG org.springframework.jdbc.datasource.DataSourceTransactionManager - Participating in existing transaction
18:00:10.756 [main] DEBUG org.springframework.jdbc.datasource.DataSourceTransactionManager - Participating in existing transaction
18:00:10.756 [main] DEBUG org.springframework.jdbc.datasource.DataSourceTransactionManager - Participating in existing transaction
18:00:10.756 [main] DEBUG org.springframework.jdbc.datasource.DataSourceTransactionManager - Participating in existing transaction
18:00:10.756 [main] DEBUG org.springframework.jdbc.datasource.DataSourceTransactionManager - Participating in existing transaction
18:00:10.756 [main] DEBUG org.springframework.jdbc.datasource.DataSourceTransactionManager - Participating in existing transaction
18:00:10.756 [main] DEBUG org.springframework.jdbc.datasource.DataSourceTransactionManager - Participating in existing transaction
18:00:10.756 [main] DEBUG org.springframework.jdbc.datasource.DataSourceTransactionManager - Participating in existing transaction
18:00:10.757 [main] DEBUG org.springframework.jdbc.datasource.DataSourceTransactionManager - Participating in existing transaction
18:00:10.757 [main] DEBUG org.springframework.jdbc.datasource.DataSourceTransactionManager - Participating in existing transaction
18:00:10.757 [main] DEBUG org.springframework.jdbc.datasource.DataSourceTransactionManager - Participating in existing transaction
User = email5@test.fr
18:00:10.757 [main] INFO fr.insalyon.creatis.vip.core.server.business.ConfigurationBusiness - verifying email5@test.fr. List of undesired mail domains: . 
18:00:10.757 [main] INFO fr.insalyon.creatis.vip.core.server.business.ConfigurationBusiness - Signing up . List of undesired countries: .
18:00:10.757 [main] DEBUG org.springframework.jdbc.datasource.DataSourceTransactionManager - Participating in existing transaction
18:00:10.758 [main] DEBUG org.springframework.jdbc.datasource.DataSourceTransactionManager - Participating in existing transaction
18:00:10.758 [main] INFO fr.insalyon.creatis.vip.core.server.business.ConfigurationBusiness - Sending confirmation email to 'email5@test.fr'.
18:00:10.758 [main] DEBUG org.springframework.jdbc.datasource.DataSourceTransactionManager - Participating in existing transaction
18:00:10.758 [main] DEBUG org.springframework.test.context.cache.DefaultCacheAwareContextLoaderDelegate - Retrieved ApplicationContext [1050971191] from cache with key [[MergedContextConfiguration@1389e498 testClass = ConfigurationBusiness_CoreSpringServerIT, locations = '{}', classes = '{class fr.insalyon.creatis.vip.core.server.SpringCoreConfig}', contextInitializerClasses = '[]', activeProfiles = '{test-db, test}', propertySourceLocations = '{}', propertySourceProperties = '{db.tableEngine=}', contextCustomizers = set[[empty]], contextLoader = 'org.springframework.test.context.support.DelegatingSmartContextLoader', parent = [null]]]
18:00:10.758 [main] DEBUG org.springframework.test.context.cache - Spring test ApplicationContext cache statistics: [DefaultContextCache@4675f5b0 size = 1, maxSize = 32, parentContextCount = 0, hitCount = 338, missCount = 1]
18:00:10.758 [main] DEBUG org.springframework.jdbc.datasource.DataSourceTransactionManager - Participating in existing transaction
18:00:10.761 [main] DEBUG org.springframework.jdbc.datasource.DataSourceTransactionManager - Participating in existing transaction
18:00:10.761 [main] DEBUG org.springframework.jdbc.datasource.DataSourceTransactionManager - Participating in existing transaction
18:00:10.761 [main] DEBUG org.springframework.jdbc.datasource.DataSourceTransactionManager - Participating in existing transaction
18:00:10.761 [main] DEBUG org.springframework.test.context.cache.DefaultCacheAwareContextLoaderDelegate - Retrieved ApplicationContext [1050971191] from cache with key [[MergedContextConfiguration@1389e498 testClass = ConfigurationBusiness_CoreSpringServerIT, locations = '{}', classes = '{class fr.insalyon.creatis.vip.core.server.SpringCoreConfig}', contextInitializerClasses = '[]', activeProfiles = '{test-db, test}', propertySourceLocations = '{}', propertySourceProperties = '{db.tableEngine=}', contextCustomizers = set[[empty]], contextLoader = 'org.springframework.test.context.support.DelegatingSmartContextLoader', parent = [null]]]
18:00:10.761 [main] DEBUG org.springframework.test.context.cache - Spring test ApplicationContext cache statistics: [DefaultContextCache@4675f5b0 size = 1, maxSize = 32, parentContextCount = 0, hitCount = 339, missCount = 1]
18:00:10.762 [main] DEBUG org.springframework.test.context.cache.DefaultCacheAwareContextLoaderDelegate - Retrieved ApplicationContext [1050971191] from cache with key [[MergedContextConfiguration@1389e498 testClass = ConfigurationBusiness_CoreSpringServerIT, locations = '{}', classes = '{class fr.insalyon.creatis.vip.core.server.SpringCoreConfig}', contextInitializerClasses = '[]', activeProfiles = '{test-db, test}', propertySourceLocations = '{}', propertySourceProperties = '{db.tableEngine=}', contextCustomizers = set[[empty]], contextLoader = 'org.springframework.test.context.support.DelegatingSmartContextLoader', parent = [null]]]
18:00:10.762 [main] DEBUG org.springframework.test.context.cache - Spring test ApplicationContext cache statistics: [DefaultContextCache@4675f5b0 size = 1, maxSize = 32, parentContextCount = 0, hitCount = 340, missCount = 1]
18:00:10.762 [main] DEBUG org.springframework.jdbc.datasource.DataSourceTransactionManager - Initiating transaction rollback
18:00:10.762 [main] DEBUG org.springframework.jdbc.datasource.DataSourceTransactionManager - Rolling back JDBC transaction on Connection [conn62: url=jdbc:h2:mem:fec2b152-de2f-4c07-a3e1-df691c7daf9d user=SA]
18:00:10.762 [main] DEBUG org.springframework.jdbc.datasource.DataSourceTransactionManager - Releasing JDBC Connection [conn62: url=jdbc:h2:mem:fec2b152-de2f-4c07-a3e1-df691c7daf9d user=SA] after transaction
18:00:10.762 [main] INFO org.springframework.test.context.transaction.TransactionContext - Rolled back transaction for test: [DefaultTestContext@18e20fa8 testClass = ConfigurationBusiness_CoreSpringServerIT, testInstance = ConfigurationBusiness_CoreSpringServerIT@1bf8b5d9, testMethod = testGenerateNewApiKeyUser@ConfigurationBusiness_CoreSpringServerIT, testException = [null], mergedContextConfiguration = [MergedContextConfiguration@1389e498 testClass = ConfigurationBusiness_CoreSpringServerIT, locations = '{}', classes = '{class fr.insalyon.creatis.vip.core.server.SpringCoreConfig}', contextInitializerClasses = '[]', activeProfiles = '{test-db, test}', propertySourceLocations = '{}', propertySourceProperties = '{db.tableEngine=}', contextCustomizers = set[[empty]], contextLoader = 'org.springframework.test.context.support.DelegatingSmartContextLoader', parent = [null]], attributes = map['org.springframework.test.context.event.ApplicationEventsTestExecutionListener.recordApplicationEvents' -> false]]
18:00:10.763 [main] DEBUG org.springframework.test.context.support.AbstractDirtiesContextTestExecutionListener - After test method: context [DefaultTestContext@18e20fa8 testClass = ConfigurationBusiness_CoreSpringServerIT, testInstance = ConfigurationBusiness_CoreSpringServerIT@1bf8b5d9, testMethod = testGenerateNewApiKeyUser@ConfigurationBusiness_CoreSpringServerIT, testException = [null], mergedContextConfiguration = [MergedContextConfiguration@1389e498 testClass = ConfigurationBusiness_CoreSpringServerIT, locations = '{}', classes = '{class fr.insalyon.creatis.vip.core.server.SpringCoreConfig}', contextInitializerClasses = '[]', activeProfiles = '{test-db, test}', propertySourceLocations = '{}', propertySourceProperties = '{db.tableEngine=}', contextCustomizers = set[[empty]], contextLoader = 'org.springframework.test.context.support.DelegatingSmartContextLoader', parent = [null]], attributes = map['org.springframework.test.context.event.ApplicationEventsTestExecutionListener.recordApplicationEvents' -> false]], class annotated with @DirtiesContext [false] with mode [null], method annotated with @DirtiesContext [false] with mode [null].
]]></system-out>
  </testcase>
  <testcase name="testCatchUpdateInexistantUserEmail" classname="ConfigurationBusiness_CoreSpringServerIT" time="0.041">
    <system-out><![CDATA[18:00:10.764 [main] DEBUG org.springframework.test.context.support.DependencyInjectionTestExecutionListener - Performing dependency injection for test context [[DefaultTestContext@18e20fa8 testClass = ConfigurationBusiness_CoreSpringServerIT, testInstance = ConfigurationBusiness_CoreSpringServerIT@28a58685, testMethod = [null], testException = [null], mergedContextConfiguration = [MergedContextConfiguration@1389e498 testClass = ConfigurationBusiness_CoreSpringServerIT, locations = '{}', classes = '{class fr.insalyon.creatis.vip.core.server.SpringCoreConfig}', contextInitializerClasses = '[]', activeProfiles = '{test-db, test}', propertySourceLocations = '{}', propertySourceProperties = '{db.tableEngine=}', contextCustomizers = set[[empty]], contextLoader = 'org.springframework.test.context.support.DelegatingSmartContextLoader', parent = [null]], attributes = map['org.springframework.test.context.event.ApplicationEventsTestExecutionListener.recordApplicationEvents' -> false]]].
18:00:10.764 [main] DEBUG org.springframework.test.context.cache.DefaultCacheAwareContextLoaderDelegate - Retrieved ApplicationContext [1050971191] from cache with key [[MergedContextConfiguration@1389e498 testClass = ConfigurationBusiness_CoreSpringServerIT, locations = '{}', classes = '{class fr.insalyon.creatis.vip.core.server.SpringCoreConfig}', contextInitializerClasses = '[]', activeProfiles = '{test-db, test}', propertySourceLocations = '{}', propertySourceProperties = '{db.tableEngine=}', contextCustomizers = set[[empty]], contextLoader = 'org.springframework.test.context.support.DelegatingSmartContextLoader', parent = [null]]]
18:00:10.764 [main] DEBUG org.springframework.test.context.cache - Spring test ApplicationContext cache statistics: [DefaultContextCache@4675f5b0 size = 1, maxSize = 32, parentContextCount = 0, hitCount = 341, missCount = 1]
18:00:10.764 [main] DEBUG org.springframework.test.context.cache.DefaultCacheAwareContextLoaderDelegate - Retrieved ApplicationContext [1050971191] from cache with key [[MergedContextConfiguration@1389e498 testClass = ConfigurationBusiness_CoreSpringServerIT, locations = '{}', classes = '{class fr.insalyon.creatis.vip.core.server.SpringCoreConfig}', contextInitializerClasses = '[]', activeProfiles = '{test-db, test}', propertySourceLocations = '{}', propertySourceProperties = '{db.tableEngine=}', contextCustomizers = set[[empty]], contextLoader = 'org.springframework.test.context.support.DelegatingSmartContextLoader', parent = [null]]]
18:00:10.764 [main] DEBUG org.springframework.test.context.cache - Spring test ApplicationContext cache statistics: [DefaultContextCache@4675f5b0 size = 1, maxSize = 32, parentContextCount = 0, hitCount = 342, missCount = 1]
18:00:10.767 [main] DEBUG org.springframework.test.context.support.AbstractDirtiesContextTestExecutionListener - Before test method: context [DefaultTestContext@18e20fa8 testClass = ConfigurationBusiness_CoreSpringServerIT, testInstance = ConfigurationBusiness_CoreSpringServerIT@28a58685, testMethod = testCatchUpdateInexistantUserEmail@ConfigurationBusiness_CoreSpringServerIT, testException = [null], mergedContextConfiguration = [MergedContextConfiguration@1389e498 testClass = ConfigurationBusiness_CoreSpringServerIT, locations = '{}', classes = '{class fr.insalyon.creatis.vip.core.server.SpringCoreConfig}', contextInitializerClasses = '[]', activeProfiles = '{test-db, test}', propertySourceLocations = '{}', propertySourceProperties = '{db.tableEngine=}', contextCustomizers = set[[empty]], contextLoader = 'org.springframework.test.context.support.DelegatingSmartContextLoader', parent = [null]], attributes = map['org.springframework.test.context.event.ApplicationEventsTestExecutionListener.recordApplicationEvents' -> false]], class annotated with @DirtiesContext [false] with mode [null], method annotated with @DirtiesContext [false] with mode [null].
18:00:10.767 [main] DEBUG org.springframework.test.context.transaction.TransactionalTestExecutionListener - Explicit transaction definition [PROPAGATION_REQUIRED,ISOLATION_DEFAULT] found for test context [DefaultTestContext@18e20fa8 testClass = ConfigurationBusiness_CoreSpringServerIT, testInstance = ConfigurationBusiness_CoreSpringServerIT@28a58685, testMethod = testCatchUpdateInexistantUserEmail@ConfigurationBusiness_CoreSpringServerIT, testException = [null], mergedContextConfiguration = [MergedContextConfiguration@1389e498 testClass = ConfigurationBusiness_CoreSpringServerIT, locations = '{}', classes = '{class fr.insalyon.creatis.vip.core.server.SpringCoreConfig}', contextInitializerClasses = '[]', activeProfiles = '{test-db, test}', propertySourceLocations = '{}', propertySourceProperties = '{db.tableEngine=}', contextCustomizers = set[[empty]], contextLoader = 'org.springframework.test.context.support.DelegatingSmartContextLoader', parent = [null]], attributes = map['org.springframework.test.context.event.ApplicationEventsTestExecutionListener.recordApplicationEvents' -> false]]
18:00:10.767 [main] DEBUG org.springframework.test.context.cache.DefaultCacheAwareContextLoaderDelegate - Retrieved ApplicationContext [1050971191] from cache with key [[MergedContextConfiguration@1389e498 testClass = ConfigurationBusiness_CoreSpringServerIT, locations = '{}', classes = '{class fr.insalyon.creatis.vip.core.server.SpringCoreConfig}', contextInitializerClasses = '[]', activeProfiles = '{test-db, test}', propertySourceLocations = '{}', propertySourceProperties = '{db.tableEngine=}', contextCustomizers = set[[empty]], contextLoader = 'org.springframework.test.context.support.DelegatingSmartContextLoader', parent = [null]]]
18:00:10.767 [main] DEBUG org.springframework.test.context.cache - Spring test ApplicationContext cache statistics: [DefaultContextCache@4675f5b0 size = 1, maxSize = 32, parentContextCount = 0, hitCount = 343, missCount = 1]
18:00:10.769 [main] DEBUG org.springframework.test.context.transaction.TransactionalTestExecutionListener - No method-level @Rollback override: using default rollback [true] for test context [DefaultTestContext@18e20fa8 testClass = ConfigurationBusiness_CoreSpringServerIT, testInstance = ConfigurationBusiness_CoreSpringServerIT@28a58685, testMethod = testCatchUpdateInexistantUserEmail@ConfigurationBusiness_CoreSpringServerIT, testException = [null], mergedContextConfiguration = [MergedContextConfiguration@1389e498 testClass = ConfigurationBusiness_CoreSpringServerIT, locations = '{}', classes = '{class fr.insalyon.creatis.vip.core.server.SpringCoreConfig}', contextInitializerClasses = '[]', activeProfiles = '{test-db, test}', propertySourceLocations = '{}', propertySourceProperties = '{db.tableEngine=}', contextCustomizers = set[[empty]], contextLoader = 'org.springframework.test.context.support.DelegatingSmartContextLoader', parent = [null]], attributes = map['org.springframework.test.context.event.ApplicationEventsTestExecutionListener.recordApplicationEvents' -> false]].
18:00:10.770 [main] DEBUG org.springframework.jdbc.datasource.DataSourceTransactionManager - Creating new transaction with name [ConfigurationBusiness_CoreSpringServerIT.testCatchUpdateInexistantUserEmail]: PROPAGATION_REQUIRED,ISOLATION_DEFAULT
18:00:10.771 [main] DEBUG org.springframework.jdbc.datasource.DataSourceTransactionManager - Acquired Connection [Lazy Connection proxy for target DataSource [org.springframework.jdbc.datasource.embedded.EmbeddedDatabaseFactory$EmbeddedDataSourceProxy@5764c072]] for JDBC transaction
18:00:10.772 [main] DEBUG org.springframework.jdbc.datasource.DataSourceTransactionManager - Switching JDBC Connection [Lazy Connection proxy for target DataSource [org.springframework.jdbc.datasource.embedded.EmbeddedDatabaseFactory$EmbeddedDataSourceProxy@5764c072]] to manual commit
18:00:10.772 [main] INFO org.springframework.test.context.transaction.TransactionContext - Began transaction (1) for test context [DefaultTestContext@18e20fa8 testClass = ConfigurationBusiness_CoreSpringServerIT, testInstance = ConfigurationBusiness_CoreSpringServerIT@28a58685, testMethod = testCatchUpdateInexistantUserEmail@ConfigurationBusiness_CoreSpringServerIT, testException = [null], mergedContextConfiguration = [MergedContextConfiguration@1389e498 testClass = ConfigurationBusiness_CoreSpringServerIT, locations = '{}', classes = '{class fr.insalyon.creatis.vip.core.server.SpringCoreConfig}', contextInitializerClasses = '[]', activeProfiles = '{test-db, test}', propertySourceLocations = '{}', propertySourceProperties = '{db.tableEngine=}', contextCustomizers = set[[empty]], contextLoader = 'org.springframework.test.context.support.DelegatingSmartContextLoader', parent = [null]], attributes = map['org.springframework.test.context.event.ApplicationEventsTestExecutionListener.recordApplicationEvents' -> false]]; transaction manager [org.springframework.jdbc.datasource.DataSourceTransactionManager@178b2df1]; rollback [true]
18:00:10.772 [main] DEBUG org.springframework.test.context.cache.DefaultCacheAwareContextLoaderDelegate - Retrieved ApplicationContext [1050971191] from cache with key [[MergedContextConfiguration@1389e498 testClass = ConfigurationBusiness_CoreSpringServerIT, locations = '{}', classes = '{class fr.insalyon.creatis.vip.core.server.SpringCoreConfig}', contextInitializerClasses = '[]', activeProfiles = '{test-db, test}', propertySourceLocations = '{}', propertySourceProperties = '{db.tableEngine=}', contextCustomizers = set[[empty]], contextLoader = 'org.springframework.test.context.support.DelegatingSmartContextLoader', parent = [null]]]
18:00:10.772 [main] DEBUG org.springframework.test.context.cache - Spring test ApplicationContext cache statistics: [DefaultContextCache@4675f5b0 size = 1, maxSize = 32, parentContextCount = 0, hitCount = 344, missCount = 1]
18:00:10.773 [main] DEBUG org.springframework.jdbc.datasource.DataSourceTransactionManager - Participating in existing transaction
18:00:10.773 [main] DEBUG org.springframework.jdbc.datasource.DataSourceTransactionManager - Participating in existing transaction
18:00:10.773 [main] DEBUG org.springframework.jdbc.datasource.SimpleDriverDataSource - Creating new JDBC Driver Connection to [jdbc:h2:mem:fec2b152-de2f-4c07-a3e1-df691c7daf9d;DB_CLOSE_DELAY=-1;DB_CLOSE_ON_EXIT=false]
18:00:10.774 [main] DEBUG org.springframework.jdbc.datasource.DataSourceTransactionManager - Participating in existing transaction
18:00:10.774 [main] DEBUG org.springframework.jdbc.datasource.DataSourceTransactionManager - Participating in existing transaction
18:00:10.774 [main] DEBUG org.springframework.jdbc.datasource.DataSourceTransactionManager - Participating in existing transaction
18:00:10.774 [main] DEBUG org.springframework.jdbc.datasource.DataSourceTransactionManager - Participating in existing transaction
18:00:10.774 [main] DEBUG org.springframework.jdbc.datasource.DataSourceTransactionManager - Participating in existing transaction
User = test1@test.fr
18:00:10.775 [main] INFO fr.insalyon.creatis.vip.core.server.business.ConfigurationBusiness - verifying test1@test.fr. List of undesired mail domains: . 
18:00:10.775 [main] INFO fr.insalyon.creatis.vip.core.server.business.ConfigurationBusiness - Signing up . List of undesired countries: .
18:00:10.775 [main] DEBUG org.springframework.jdbc.datasource.DataSourceTransactionManager - Participating in existing transaction
18:00:10.775 [main] DEBUG org.springframework.jdbc.datasource.DataSourceTransactionManager - Participating in existing transaction
18:00:10.775 [main] INFO fr.insalyon.creatis.vip.core.server.business.ConfigurationBusiness - Sending confirmation email to 'test1@test.fr'.
18:00:10.776 [main] DEBUG org.springframework.jdbc.datasource.DataSourceTransactionManager - Participating in existing transaction
18:00:10.776 [main] DEBUG org.springframework.jdbc.datasource.DataSourceTransactionManager - Participating in existing transaction
18:00:10.776 [main] DEBUG org.springframework.jdbc.datasource.DataSourceTransactionManager - Participating in existing transaction
18:00:10.776 [main] DEBUG org.springframework.jdbc.datasource.DataSourceTransactionManager - Participating in existing transaction
User = test2@test.fr
18:00:10.776 [main] INFO fr.insalyon.creatis.vip.core.server.business.ConfigurationBusiness - verifying test2@test.fr. List of undesired mail domains: . 
18:00:10.776 [main] INFO fr.insalyon.creatis.vip.core.server.business.ConfigurationBusiness - Signing up . List of undesired countries: .
18:00:10.777 [main] DEBUG org.springframework.jdbc.datasource.DataSourceTransactionManager - Participating in existing transaction
18:00:10.777 [main] DEBUG org.springframework.jdbc.datasource.DataSourceTransactionManager - Participating in existing transaction
18:00:10.777 [main] INFO fr.insalyon.creatis.vip.core.server.business.ConfigurationBusiness - Sending confirmation email to 'test2@test.fr'.
18:00:10.777 [main] DEBUG org.springframework.jdbc.datasource.DataSourceTransactionManager - Participating in existing transaction
18:00:10.778 [main] DEBUG org.springframework.jdbc.datasource.DataSourceTransactionManager - Participating in existing transaction
18:00:10.778 [main] DEBUG org.springframework.jdbc.datasource.DataSourceTransactionManager - Participating in existing transaction
18:00:10.778 [main] DEBUG org.springframework.jdbc.datasource.DataSourceTransactionManager - Participating in existing transaction
User = test3@test.fr
18:00:10.778 [main] INFO fr.insalyon.creatis.vip.core.server.business.ConfigurationBusiness - verifying test3@test.fr. List of undesired mail domains: . 
18:00:10.778 [main] INFO fr.insalyon.creatis.vip.core.server.business.ConfigurationBusiness - Signing up . List of undesired countries: .
18:00:10.778 [main] DEBUG org.springframework.jdbc.datasource.DataSourceTransactionManager - Participating in existing transaction
18:00:10.778 [main] DEBUG org.springframework.jdbc.datasource.DataSourceTransactionManager - Participating in existing transaction
18:00:10.778 [main] INFO fr.insalyon.creatis.vip.core.server.business.ConfigurationBusiness - Sending confirmation email to 'test3@test.fr'.
18:00:10.779 [main] DEBUG org.springframework.jdbc.datasource.DataSourceTransactionManager - Participating in existing transaction
18:00:10.791 [main] DEBUG org.springframework.jdbc.datasource.DataSourceTransactionManager - Participating in existing transaction
18:00:10.791 [main] DEBUG org.springframework.jdbc.datasource.DataSourceTransactionManager - Participating in existing transaction
18:00:10.791 [main] DEBUG org.springframework.jdbc.datasource.DataSourceTransactionManager - Participating in existing transaction
User = test4@test.fr
18:00:10.791 [main] INFO fr.insalyon.creatis.vip.core.server.business.ConfigurationBusiness - verifying test4@test.fr. List of undesired mail domains: . 
18:00:10.791 [main] INFO fr.insalyon.creatis.vip.core.server.business.ConfigurationBusiness - Signing up . List of undesired countries: .
18:00:10.792 [main] DEBUG org.springframework.jdbc.datasource.DataSourceTransactionManager - Participating in existing transaction
18:00:10.792 [main] DEBUG org.springframework.jdbc.datasource.DataSourceTransactionManager - Participating in existing transaction
18:00:10.792 [main] INFO fr.insalyon.creatis.vip.core.server.business.ConfigurationBusiness - Sending confirmation email to 'test4@test.fr'.
18:00:10.792 [main] DEBUG org.springframework.jdbc.datasource.DataSourceTransactionManager - Participating in existing transaction
18:00:10.792 [main] DEBUG org.springframework.jdbc.datasource.DataSourceTransactionManager - Participating in existing transaction
18:00:10.792 [main] DEBUG org.springframework.jdbc.datasource.DataSourceTransactionManager - Participating in existing transaction
18:00:10.793 [main] DEBUG org.springframework.jdbc.datasource.DataSourceTransactionManager - Participating in existing transaction
18:00:10.793 [main] DEBUG org.springframework.jdbc.datasource.DataSourceTransactionManager - Participating in existing transaction
18:00:10.793 [main] DEBUG org.springframework.jdbc.datasource.DataSourceTransactionManager - Participating in existing transaction
18:00:10.793 [main] DEBUG org.springframework.jdbc.datasource.DataSourceTransactionManager - Participating in existing transaction
18:00:10.793 [main] DEBUG org.springframework.jdbc.datasource.DataSourceTransactionManager - Participating in existing transaction
18:00:10.793 [main] DEBUG org.springframework.jdbc.datasource.DataSourceTransactionManager - Participating in existing transaction
18:00:10.793 [main] DEBUG org.springframework.jdbc.datasource.DataSourceTransactionManager - Participating in existing transaction
18:00:10.793 [main] DEBUG org.springframework.jdbc.datasource.DataSourceTransactionManager - Participating in existing transaction
18:00:10.793 [main] DEBUG org.springframework.jdbc.datasource.DataSourceTransactionManager - Participating in existing transaction
User = email5@test.fr
18:00:10.793 [main] INFO fr.insalyon.creatis.vip.core.server.business.ConfigurationBusiness - verifying email5@test.fr. List of undesired mail domains: . 
18:00:10.793 [main] INFO fr.insalyon.creatis.vip.core.server.business.ConfigurationBusiness - Signing up . List of undesired countries: .
18:00:10.794 [main] DEBUG org.springframework.jdbc.datasource.DataSourceTransactionManager - Participating in existing transaction
18:00:10.794 [main] DEBUG org.springframework.jdbc.datasource.DataSourceTransactionManager - Participating in existing transaction
18:00:10.794 [main] INFO fr.insalyon.creatis.vip.core.server.business.ConfigurationBusiness - Sending confirmation email to 'email5@test.fr'.
18:00:10.794 [main] DEBUG org.springframework.jdbc.datasource.DataSourceTransactionManager - Participating in existing transaction
18:00:10.795 [main] DEBUG org.springframework.test.context.cache.DefaultCacheAwareContextLoaderDelegate - Retrieved ApplicationContext [1050971191] from cache with key [[MergedContextConfiguration@1389e498 testClass = ConfigurationBusiness_CoreSpringServerIT, locations = '{}', classes = '{class fr.insalyon.creatis.vip.core.server.SpringCoreConfig}', contextInitializerClasses = '[]', activeProfiles = '{test-db, test}', propertySourceLocations = '{}', propertySourceProperties = '{db.tableEngine=}', contextCustomizers = set[[empty]], contextLoader = 'org.springframework.test.context.support.DelegatingSmartContextLoader', parent = [null]]]
18:00:10.795 [main] DEBUG org.springframework.test.context.cache - Spring test ApplicationContext cache statistics: [DefaultContextCache@4675f5b0 size = 1, maxSize = 32, parentContextCount = 0, hitCount = 345, missCount = 1]
18:00:10.803 [main] DEBUG org.springframework.jdbc.datasource.DataSourceTransactionManager - Participating in existing transaction
18:00:10.803 [main] INFO fr.insalyon.creatis.vip.core.server.business.ConfigurationBusiness - verifying newEmail@test.fr. List of undesired mail domains: . 
18:00:10.803 [main] DEBUG org.springframework.jdbc.datasource.DataSourceTransactionManager - Participating in existing transaction
18:00:10.803 [main] DEBUG org.springframework.jdbc.datasource.DataSourceTransactionManager - Participating in existing transaction
18:00:10.803 [main] DEBUG org.springframework.jdbc.datasource.DataSourceTransactionManager - Participating in existing transaction
18:00:10.804 [main] DEBUG org.springframework.jdbc.datasource.DataSourceTransactionManager - Participating in existing transaction
18:00:10.804 [main] DEBUG org.springframework.jdbc.datasource.DataSourceTransactionManager - Participating in existing transaction
18:00:10.804 [main] ERROR fr.insalyon.creatis.vip.core.server.dao.mysql.UserData - There is no user registered with the e-mail newEmail@test.fr
18:00:10.804 [main] DEBUG org.springframework.test.context.cache.DefaultCacheAwareContextLoaderDelegate - Retrieved ApplicationContext [1050971191] from cache with key [[MergedContextConfiguration@1389e498 testClass = ConfigurationBusiness_CoreSpringServerIT, locations = '{}', classes = '{class fr.insalyon.creatis.vip.core.server.SpringCoreConfig}', contextInitializerClasses = '[]', activeProfiles = '{test-db, test}', propertySourceLocations = '{}', propertySourceProperties = '{db.tableEngine=}', contextCustomizers = set[[empty]], contextLoader = 'org.springframework.test.context.support.DelegatingSmartContextLoader', parent = [null]]]
18:00:10.804 [main] DEBUG org.springframework.test.context.cache - Spring test ApplicationContext cache statistics: [DefaultContextCache@4675f5b0 size = 1, maxSize = 32, parentContextCount = 0, hitCount = 346, missCount = 1]
18:00:10.805 [main] DEBUG org.springframework.test.context.cache.DefaultCacheAwareContextLoaderDelegate - Retrieved ApplicationContext [1050971191] from cache with key [[MergedContextConfiguration@1389e498 testClass = ConfigurationBusiness_CoreSpringServerIT, locations = '{}', classes = '{class fr.insalyon.creatis.vip.core.server.SpringCoreConfig}', contextInitializerClasses = '[]', activeProfiles = '{test-db, test}', propertySourceLocations = '{}', propertySourceProperties = '{db.tableEngine=}', contextCustomizers = set[[empty]], contextLoader = 'org.springframework.test.context.support.DelegatingSmartContextLoader', parent = [null]]]
18:00:10.805 [main] DEBUG org.springframework.test.context.cache - Spring test ApplicationContext cache statistics: [DefaultContextCache@4675f5b0 size = 1, maxSize = 32, parentContextCount = 0, hitCount = 347, missCount = 1]
18:00:10.805 [main] DEBUG org.springframework.jdbc.datasource.DataSourceTransactionManager - Initiating transaction rollback
18:00:10.805 [main] DEBUG org.springframework.jdbc.datasource.DataSourceTransactionManager - Rolling back JDBC transaction on Connection [conn63: url=jdbc:h2:mem:fec2b152-de2f-4c07-a3e1-df691c7daf9d user=SA]
18:00:10.805 [main] DEBUG org.springframework.jdbc.datasource.DataSourceTransactionManager - Releasing JDBC Connection [conn63: url=jdbc:h2:mem:fec2b152-de2f-4c07-a3e1-df691c7daf9d user=SA] after transaction
18:00:10.805 [main] INFO org.springframework.test.context.transaction.TransactionContext - Rolled back transaction for test: [DefaultTestContext@18e20fa8 testClass = ConfigurationBusiness_CoreSpringServerIT, testInstance = ConfigurationBusiness_CoreSpringServerIT@28a58685, testMethod = testCatchUpdateInexistantUserEmail@ConfigurationBusiness_CoreSpringServerIT, testException = [null], mergedContextConfiguration = [MergedContextConfiguration@1389e498 testClass = ConfigurationBusiness_CoreSpringServerIT, locations = '{}', classes = '{class fr.insalyon.creatis.vip.core.server.SpringCoreConfig}', contextInitializerClasses = '[]', activeProfiles = '{test-db, test}', propertySourceLocations = '{}', propertySourceProperties = '{db.tableEngine=}', contextCustomizers = set[[empty]], contextLoader = 'org.springframework.test.context.support.DelegatingSmartContextLoader', parent = [null]], attributes = map['org.springframework.test.context.event.ApplicationEventsTestExecutionListener.recordApplicationEvents' -> false]]
18:00:10.805 [main] DEBUG org.springframework.test.context.support.AbstractDirtiesContextTestExecutionListener - After test method: context [DefaultTestContext@18e20fa8 testClass = ConfigurationBusiness_CoreSpringServerIT, testInstance = ConfigurationBusiness_CoreSpringServerIT@28a58685, testMethod = testCatchUpdateInexistantUserEmail@ConfigurationBusiness_CoreSpringServerIT, testException = [null], mergedContextConfiguration = [MergedContextConfiguration@1389e498 testClass = ConfigurationBusiness_CoreSpringServerIT, locations = '{}', classes = '{class fr.insalyon.creatis.vip.core.server.SpringCoreConfig}', contextInitializerClasses = '[]', activeProfiles = '{test-db, test}', propertySourceLocations = '{}', propertySourceProperties = '{db.tableEngine=}', contextCustomizers = set[[empty]], contextLoader = 'org.springframework.test.context.support.DelegatingSmartContextLoader', parent = [null]], attributes = map['org.springframework.test.context.event.ApplicationEventsTestExecutionListener.recordApplicationEvents' -> false]], class annotated with @DirtiesContext [false] with mode [null], method annotated with @DirtiesContext [false] with mode [null].
]]></system-out>
  </testcase>
  <testcase name="testGetUserData" classname="ConfigurationBusiness_CoreSpringServerIT" time="0.027">
    <system-out><![CDATA[18:00:10.807 [main] DEBUG org.springframework.test.context.support.DependencyInjectionTestExecutionListener - Performing dependency injection for test context [[DefaultTestContext@18e20fa8 testClass = ConfigurationBusiness_CoreSpringServerIT, testInstance = ConfigurationBusiness_CoreSpringServerIT@57cd6e24, testMethod = [null], testException = [null], mergedContextConfiguration = [MergedContextConfiguration@1389e498 testClass = ConfigurationBusiness_CoreSpringServerIT, locations = '{}', classes = '{class fr.insalyon.creatis.vip.core.server.SpringCoreConfig}', contextInitializerClasses = '[]', activeProfiles = '{test-db, test}', propertySourceLocations = '{}', propertySourceProperties = '{db.tableEngine=}', contextCustomizers = set[[empty]], contextLoader = 'org.springframework.test.context.support.DelegatingSmartContextLoader', parent = [null]], attributes = map['org.springframework.test.context.event.ApplicationEventsTestExecutionListener.recordApplicationEvents' -> false]]].
18:00:10.807 [main] DEBUG org.springframework.test.context.cache.DefaultCacheAwareContextLoaderDelegate - Retrieved ApplicationContext [1050971191] from cache with key [[MergedContextConfiguration@1389e498 testClass = ConfigurationBusiness_CoreSpringServerIT, locations = '{}', classes = '{class fr.insalyon.creatis.vip.core.server.SpringCoreConfig}', contextInitializerClasses = '[]', activeProfiles = '{test-db, test}', propertySourceLocations = '{}', propertySourceProperties = '{db.tableEngine=}', contextCustomizers = set[[empty]], contextLoader = 'org.springframework.test.context.support.DelegatingSmartContextLoader', parent = [null]]]
18:00:10.807 [main] DEBUG org.springframework.test.context.cache - Spring test ApplicationContext cache statistics: [DefaultContextCache@4675f5b0 size = 1, maxSize = 32, parentContextCount = 0, hitCount = 348, missCount = 1]
18:00:10.807 [main] DEBUG org.springframework.test.context.cache.DefaultCacheAwareContextLoaderDelegate - Retrieved ApplicationContext [1050971191] from cache with key [[MergedContextConfiguration@1389e498 testClass = ConfigurationBusiness_CoreSpringServerIT, locations = '{}', classes = '{class fr.insalyon.creatis.vip.core.server.SpringCoreConfig}', contextInitializerClasses = '[]', activeProfiles = '{test-db, test}', propertySourceLocations = '{}', propertySourceProperties = '{db.tableEngine=}', contextCustomizers = set[[empty]], contextLoader = 'org.springframework.test.context.support.DelegatingSmartContextLoader', parent = [null]]]
18:00:10.807 [main] DEBUG org.springframework.test.context.cache - Spring test ApplicationContext cache statistics: [DefaultContextCache@4675f5b0 size = 1, maxSize = 32, parentContextCount = 0, hitCount = 349, missCount = 1]
18:00:10.808 [main] DEBUG org.springframework.test.context.support.AbstractDirtiesContextTestExecutionListener - Before test method: context [DefaultTestContext@18e20fa8 testClass = ConfigurationBusiness_CoreSpringServerIT, testInstance = ConfigurationBusiness_CoreSpringServerIT@57cd6e24, testMethod = testGetUserData@ConfigurationBusiness_CoreSpringServerIT, testException = [null], mergedContextConfiguration = [MergedContextConfiguration@1389e498 testClass = ConfigurationBusiness_CoreSpringServerIT, locations = '{}', classes = '{class fr.insalyon.creatis.vip.core.server.SpringCoreConfig}', contextInitializerClasses = '[]', activeProfiles = '{test-db, test}', propertySourceLocations = '{}', propertySourceProperties = '{db.tableEngine=}', contextCustomizers = set[[empty]], contextLoader = 'org.springframework.test.context.support.DelegatingSmartContextLoader', parent = [null]], attributes = map['org.springframework.test.context.event.ApplicationEventsTestExecutionListener.recordApplicationEvents' -> false]], class annotated with @DirtiesContext [false] with mode [null], method annotated with @DirtiesContext [false] with mode [null].
18:00:10.809 [main] DEBUG org.springframework.test.context.transaction.TransactionalTestExecutionListener - Explicit transaction definition [PROPAGATION_REQUIRED,ISOLATION_DEFAULT] found for test context [DefaultTestContext@18e20fa8 testClass = ConfigurationBusiness_CoreSpringServerIT, testInstance = ConfigurationBusiness_CoreSpringServerIT@57cd6e24, testMethod = testGetUserData@ConfigurationBusiness_CoreSpringServerIT, testException = [null], mergedContextConfiguration = [MergedContextConfiguration@1389e498 testClass = ConfigurationBusiness_CoreSpringServerIT, locations = '{}', classes = '{class fr.insalyon.creatis.vip.core.server.SpringCoreConfig}', contextInitializerClasses = '[]', activeProfiles = '{test-db, test}', propertySourceLocations = '{}', propertySourceProperties = '{db.tableEngine=}', contextCustomizers = set[[empty]], contextLoader = 'org.springframework.test.context.support.DelegatingSmartContextLoader', parent = [null]], attributes = map['org.springframework.test.context.event.ApplicationEventsTestExecutionListener.recordApplicationEvents' -> false]]
18:00:10.809 [main] DEBUG org.springframework.test.context.cache.DefaultCacheAwareContextLoaderDelegate - Retrieved ApplicationContext [1050971191] from cache with key [[MergedContextConfiguration@1389e498 testClass = ConfigurationBusiness_CoreSpringServerIT, locations = '{}', classes = '{class fr.insalyon.creatis.vip.core.server.SpringCoreConfig}', contextInitializerClasses = '[]', activeProfiles = '{test-db, test}', propertySourceLocations = '{}', propertySourceProperties = '{db.tableEngine=}', contextCustomizers = set[[empty]], contextLoader = 'org.springframework.test.context.support.DelegatingSmartContextLoader', parent = [null]]]
18:00:10.809 [main] DEBUG org.springframework.test.context.cache - Spring test ApplicationContext cache statistics: [DefaultContextCache@4675f5b0 size = 1, maxSize = 32, parentContextCount = 0, hitCount = 350, missCount = 1]
18:00:10.809 [main] DEBUG org.springframework.test.context.transaction.TransactionalTestExecutionListener - No method-level @Rollback override: using default rollback [true] for test context [DefaultTestContext@18e20fa8 testClass = ConfigurationBusiness_CoreSpringServerIT, testInstance = ConfigurationBusiness_CoreSpringServerIT@57cd6e24, testMethod = testGetUserData@ConfigurationBusiness_CoreSpringServerIT, testException = [null], mergedContextConfiguration = [MergedContextConfiguration@1389e498 testClass = ConfigurationBusiness_CoreSpringServerIT, locations = '{}', classes = '{class fr.insalyon.creatis.vip.core.server.SpringCoreConfig}', contextInitializerClasses = '[]', activeProfiles = '{test-db, test}', propertySourceLocations = '{}', propertySourceProperties = '{db.tableEngine=}', contextCustomizers = set[[empty]], contextLoader = 'org.springframework.test.context.support.DelegatingSmartContextLoader', parent = [null]], attributes = map['org.springframework.test.context.event.ApplicationEventsTestExecutionListener.recordApplicationEvents' -> false]].
18:00:10.809 [main] DEBUG org.springframework.jdbc.datasource.DataSourceTransactionManager - Creating new transaction with name [ConfigurationBusiness_CoreSpringServerIT.testGetUserData]: PROPAGATION_REQUIRED,ISOLATION_DEFAULT
18:00:10.809 [main] DEBUG org.springframework.jdbc.datasource.DataSourceTransactionManager - Acquired Connection [Lazy Connection proxy for target DataSource [org.springframework.jdbc.datasource.embedded.EmbeddedDatabaseFactory$EmbeddedDataSourceProxy@5764c072]] for JDBC transaction
18:00:10.810 [main] DEBUG org.springframework.jdbc.datasource.DataSourceTransactionManager - Switching JDBC Connection [Lazy Connection proxy for target DataSource [org.springframework.jdbc.datasource.embedded.EmbeddedDatabaseFactory$EmbeddedDataSourceProxy@5764c072]] to manual commit
18:00:10.810 [main] INFO org.springframework.test.context.transaction.TransactionContext - Began transaction (1) for test context [DefaultTestContext@18e20fa8 testClass = ConfigurationBusiness_CoreSpringServerIT, testInstance = ConfigurationBusiness_CoreSpringServerIT@57cd6e24, testMethod = testGetUserData@ConfigurationBusiness_CoreSpringServerIT, testException = [null], mergedContextConfiguration = [MergedContextConfiguration@1389e498 testClass = ConfigurationBusiness_CoreSpringServerIT, locations = '{}', classes = '{class fr.insalyon.creatis.vip.core.server.SpringCoreConfig}', contextInitializerClasses = '[]', activeProfiles = '{test-db, test}', propertySourceLocations = '{}', propertySourceProperties = '{db.tableEngine=}', contextCustomizers = set[[empty]], contextLoader = 'org.springframework.test.context.support.DelegatingSmartContextLoader', parent = [null]], attributes = map['org.springframework.test.context.event.ApplicationEventsTestExecutionListener.recordApplicationEvents' -> false]]; transaction manager [org.springframework.jdbc.datasource.DataSourceTransactionManager@178b2df1]; rollback [true]
18:00:10.810 [main] DEBUG org.springframework.test.context.cache.DefaultCacheAwareContextLoaderDelegate - Retrieved ApplicationContext [1050971191] from cache with key [[MergedContextConfiguration@1389e498 testClass = ConfigurationBusiness_CoreSpringServerIT, locations = '{}', classes = '{class fr.insalyon.creatis.vip.core.server.SpringCoreConfig}', contextInitializerClasses = '[]', activeProfiles = '{test-db, test}', propertySourceLocations = '{}', propertySourceProperties = '{db.tableEngine=}', contextCustomizers = set[[empty]], contextLoader = 'org.springframework.test.context.support.DelegatingSmartContextLoader', parent = [null]]]
18:00:10.810 [main] DEBUG org.springframework.test.context.cache - Spring test ApplicationContext cache statistics: [DefaultContextCache@4675f5b0 size = 1, maxSize = 32, parentContextCount = 0, hitCount = 351, missCount = 1]
18:00:10.812 [main] DEBUG org.springframework.jdbc.datasource.DataSourceTransactionManager - Participating in existing transaction
18:00:10.813 [main] DEBUG org.springframework.jdbc.datasource.DataSourceTransactionManager - Participating in existing transaction
18:00:10.813 [main] DEBUG org.springframework.jdbc.datasource.SimpleDriverDataSource - Creating new JDBC Driver Connection to [jdbc:h2:mem:fec2b152-de2f-4c07-a3e1-df691c7daf9d;DB_CLOSE_DELAY=-1;DB_CLOSE_ON_EXIT=false]
18:00:10.813 [main] DEBUG org.springframework.jdbc.datasource.DataSourceTransactionManager - Participating in existing transaction
18:00:10.814 [main] DEBUG org.springframework.jdbc.datasource.DataSourceTransactionManager - Participating in existing transaction
18:00:10.815 [main] DEBUG org.springframework.jdbc.datasource.DataSourceTransactionManager - Participating in existing transaction
18:00:10.815 [main] DEBUG org.springframework.jdbc.datasource.DataSourceTransactionManager - Participating in existing transaction
18:00:10.816 [main] DEBUG org.springframework.jdbc.datasource.DataSourceTransactionManager - Participating in existing transaction
User = test1@test.fr
18:00:10.817 [main] INFO fr.insalyon.creatis.vip.core.server.business.ConfigurationBusiness - verifying test1@test.fr. List of undesired mail domains: . 
18:00:10.817 [main] INFO fr.insalyon.creatis.vip.core.server.business.ConfigurationBusiness - Signing up . List of undesired countries: .
18:00:10.819 [main] DEBUG org.springframework.jdbc.datasource.DataSourceTransactionManager - Participating in existing transaction
18:00:10.819 [main] DEBUG org.springframework.jdbc.datasource.DataSourceTransactionManager - Participating in existing transaction
18:00:10.819 [main] INFO fr.insalyon.creatis.vip.core.server.business.ConfigurationBusiness - Sending confirmation email to 'test1@test.fr'.
18:00:10.819 [main] DEBUG org.springframework.jdbc.datasource.DataSourceTransactionManager - Participating in existing transaction
18:00:10.820 [main] DEBUG org.springframework.jdbc.datasource.DataSourceTransactionManager - Participating in existing transaction
18:00:10.820 [main] DEBUG org.springframework.jdbc.datasource.DataSourceTransactionManager - Participating in existing transaction
18:00:10.820 [main] DEBUG org.springframework.jdbc.datasource.DataSourceTransactionManager - Participating in existing transaction
User = test2@test.fr
18:00:10.820 [main] INFO fr.insalyon.creatis.vip.core.server.business.ConfigurationBusiness - verifying test2@test.fr. List of undesired mail domains: . 
18:00:10.820 [main] INFO fr.insalyon.creatis.vip.core.server.business.ConfigurationBusiness - Signing up . List of undesired countries: .
18:00:10.821 [main] DEBUG org.springframework.jdbc.datasource.DataSourceTransactionManager - Participating in existing transaction
18:00:10.821 [main] DEBUG org.springframework.jdbc.datasource.DataSourceTransactionManager - Participating in existing transaction
18:00:10.821 [main] INFO fr.insalyon.creatis.vip.core.server.business.ConfigurationBusiness - Sending confirmation email to 'test2@test.fr'.
18:00:10.821 [main] DEBUG org.springframework.jdbc.datasource.DataSourceTransactionManager - Participating in existing transaction
18:00:10.821 [main] DEBUG org.springframework.jdbc.datasource.DataSourceTransactionManager - Participating in existing transaction
18:00:10.821 [main] DEBUG org.springframework.jdbc.datasource.DataSourceTransactionManager - Participating in existing transaction
18:00:10.821 [main] DEBUG org.springframework.jdbc.datasource.DataSourceTransactionManager - Participating in existing transaction
User = test3@test.fr
18:00:10.822 [main] INFO fr.insalyon.creatis.vip.core.server.business.ConfigurationBusiness - verifying test3@test.fr. List of undesired mail domains: . 
18:00:10.822 [main] INFO fr.insalyon.creatis.vip.core.server.business.ConfigurationBusiness - Signing up . List of undesired countries: .
18:00:10.822 [main] DEBUG org.springframework.jdbc.datasource.DataSourceTransactionManager - Participating in existing transaction
18:00:10.822 [main] DEBUG org.springframework.jdbc.datasource.DataSourceTransactionManager - Participating in existing transaction
18:00:10.822 [main] INFO fr.insalyon.creatis.vip.core.server.business.ConfigurationBusiness - Sending confirmation email to 'test3@test.fr'.
18:00:10.822 [main] DEBUG org.springframework.jdbc.datasource.DataSourceTransactionManager - Participating in existing transaction
18:00:10.823 [main] DEBUG org.springframework.jdbc.datasource.DataSourceTransactionManager - Participating in existing transaction
18:00:10.823 [main] DEBUG org.springframework.jdbc.datasource.DataSourceTransactionManager - Participating in existing transaction
18:00:10.823 [main] DEBUG org.springframework.jdbc.datasource.DataSourceTransactionManager - Participating in existing transaction
User = test4@test.fr
18:00:10.823 [main] INFO fr.insalyon.creatis.vip.core.server.business.ConfigurationBusiness - verifying test4@test.fr. List of undesired mail domains: . 
18:00:10.823 [main] INFO fr.insalyon.creatis.vip.core.server.business.ConfigurationBusiness - Signing up . List of undesired countries: .
18:00:10.823 [main] DEBUG org.springframework.jdbc.datasource.DataSourceTransactionManager - Participating in existing transaction
18:00:10.824 [main] DEBUG org.springframework.jdbc.datasource.DataSourceTransactionManager - Participating in existing transaction
18:00:10.824 [main] INFO fr.insalyon.creatis.vip.core.server.business.ConfigurationBusiness - Sending confirmation email to 'test4@test.fr'.
18:00:10.824 [main] DEBUG org.springframework.jdbc.datasource.DataSourceTransactionManager - Participating in existing transaction
18:00:10.824 [main] DEBUG org.springframework.jdbc.datasource.DataSourceTransactionManager - Participating in existing transaction
18:00:10.824 [main] DEBUG org.springframework.jdbc.datasource.DataSourceTransactionManager - Participating in existing transaction
18:00:10.831 [main] DEBUG org.springframework.jdbc.datasource.DataSourceTransactionManager - Participating in existing transaction
18:00:10.831 [main] DEBUG org.springframework.jdbc.datasource.DataSourceTransactionManager - Participating in existing transaction
18:00:10.831 [main] DEBUG org.springframework.jdbc.datasource.DataSourceTransactionManager - Participating in existing transaction
18:00:10.831 [main] DEBUG org.springframework.jdbc.datasource.DataSourceTransactionManager - Participating in existing transaction
18:00:10.831 [main] DEBUG org.springframework.jdbc.datasource.DataSourceTransactionManager - Participating in existing transaction
18:00:10.831 [main] DEBUG org.springframework.jdbc.datasource.DataSourceTransactionManager - Participating in existing transaction
18:00:10.832 [main] DEBUG org.springframework.jdbc.datasource.DataSourceTransactionManager - Participating in existing transaction
18:00:10.832 [main] DEBUG org.springframework.jdbc.datasource.DataSourceTransactionManager - Participating in existing transaction
18:00:10.832 [main] DEBUG org.springframework.jdbc.datasource.DataSourceTransactionManager - Participating in existing transaction
User = email5@test.fr
18:00:10.832 [main] INFO fr.insalyon.creatis.vip.core.server.business.ConfigurationBusiness - verifying email5@test.fr. List of undesired mail domains: . 
18:00:10.832 [main] INFO fr.insalyon.creatis.vip.core.server.business.ConfigurationBusiness - Signing up . List of undesired countries: .
18:00:10.832 [main] DEBUG org.springframework.jdbc.datasource.DataSourceTransactionManager - Participating in existing transaction
18:00:10.832 [main] DEBUG org.springframework.jdbc.datasource.DataSourceTransactionManager - Participating in existing transaction
18:00:10.832 [main] INFO fr.insalyon.creatis.vip.core.server.business.ConfigurationBusiness - Sending confirmation email to 'email5@test.fr'.
18:00:10.833 [main] DEBUG org.springframework.jdbc.datasource.DataSourceTransactionManager - Participating in existing transaction
18:00:10.833 [main] DEBUG org.springframework.test.context.cache.DefaultCacheAwareContextLoaderDelegate - Retrieved ApplicationContext [1050971191] from cache with key [[MergedContextConfiguration@1389e498 testClass = ConfigurationBusiness_CoreSpringServerIT, locations = '{}', classes = '{class fr.insalyon.creatis.vip.core.server.SpringCoreConfig}', contextInitializerClasses = '[]', activeProfiles = '{test-db, test}', propertySourceLocations = '{}', propertySourceProperties = '{db.tableEngine=}', contextCustomizers = set[[empty]], contextLoader = 'org.springframework.test.context.support.DelegatingSmartContextLoader', parent = [null]]]
18:00:10.833 [main] DEBUG org.springframework.test.context.cache - Spring test ApplicationContext cache statistics: [DefaultContextCache@4675f5b0 size = 1, maxSize = 32, parentContextCount = 0, hitCount = 352, missCount = 1]
18:00:10.833 [main] DEBUG org.springframework.jdbc.datasource.DataSourceTransactionManager - Participating in existing transaction
18:00:10.833 [main] DEBUG org.springframework.jdbc.datasource.DataSourceTransactionManager - Participating in existing transaction
18:00:10.833 [main] DEBUG org.springframework.test.context.cache.DefaultCacheAwareContextLoaderDelegate - Retrieved ApplicationContext [1050971191] from cache with key [[MergedContextConfiguration@1389e498 testClass = ConfigurationBusiness_CoreSpringServerIT, locations = '{}', classes = '{class fr.insalyon.creatis.vip.core.server.SpringCoreConfig}', contextInitializerClasses = '[]', activeProfiles = '{test-db, test}', propertySourceLocations = '{}', propertySourceProperties = '{db.tableEngine=}', contextCustomizers = set[[empty]], contextLoader = 'org.springframework.test.context.support.DelegatingSmartContextLoader', parent = [null]]]
18:00:10.834 [main] DEBUG org.springframework.test.context.cache - Spring test ApplicationContext cache statistics: [DefaultContextCache@4675f5b0 size = 1, maxSize = 32, parentContextCount = 0, hitCount = 353, missCount = 1]
18:00:10.834 [main] DEBUG org.springframework.test.context.cache.DefaultCacheAwareContextLoaderDelegate - Retrieved ApplicationContext [1050971191] from cache with key [[MergedContextConfiguration@1389e498 testClass = ConfigurationBusiness_CoreSpringServerIT, locations = '{}', classes = '{class fr.insalyon.creatis.vip.core.server.SpringCoreConfig}', contextInitializerClasses = '[]', activeProfiles = '{test-db, test}', propertySourceLocations = '{}', propertySourceProperties = '{db.tableEngine=}', contextCustomizers = set[[empty]], contextLoader = 'org.springframework.test.context.support.DelegatingSmartContextLoader', parent = [null]]]
18:00:10.834 [main] DEBUG org.springframework.test.context.cache - Spring test ApplicationContext cache statistics: [DefaultContextCache@4675f5b0 size = 1, maxSize = 32, parentContextCount = 0, hitCount = 354, missCount = 1]
18:00:10.834 [main] DEBUG org.springframework.jdbc.datasource.DataSourceTransactionManager - Initiating transaction rollback
18:00:10.834 [main] DEBUG org.springframework.jdbc.datasource.DataSourceTransactionManager - Rolling back JDBC transaction on Connection [conn64: url=jdbc:h2:mem:fec2b152-de2f-4c07-a3e1-df691c7daf9d user=SA]
18:00:10.834 [main] DEBUG org.springframework.jdbc.datasource.DataSourceTransactionManager - Releasing JDBC Connection [conn64: url=jdbc:h2:mem:fec2b152-de2f-4c07-a3e1-df691c7daf9d user=SA] after transaction
18:00:10.834 [main] INFO org.springframework.test.context.transaction.TransactionContext - Rolled back transaction for test: [DefaultTestContext@18e20fa8 testClass = ConfigurationBusiness_CoreSpringServerIT, testInstance = ConfigurationBusiness_CoreSpringServerIT@57cd6e24, testMethod = testGetUserData@ConfigurationBusiness_CoreSpringServerIT, testException = [null], mergedContextConfiguration = [MergedContextConfiguration@1389e498 testClass = ConfigurationBusiness_CoreSpringServerIT, locations = '{}', classes = '{class fr.insalyon.creatis.vip.core.server.SpringCoreConfig}', contextInitializerClasses = '[]', activeProfiles = '{test-db, test}', propertySourceLocations = '{}', propertySourceProperties = '{db.tableEngine=}', contextCustomizers = set[[empty]], contextLoader = 'org.springframework.test.context.support.DelegatingSmartContextLoader', parent = [null]], attributes = map['org.springframework.test.context.event.ApplicationEventsTestExecutionListener.recordApplicationEvents' -> false]]
18:00:10.834 [main] DEBUG org.springframework.test.context.support.AbstractDirtiesContextTestExecutionListener - After test method: context [DefaultTestContext@18e20fa8 testClass = ConfigurationBusiness_CoreSpringServerIT, testInstance = ConfigurationBusiness_CoreSpringServerIT@57cd6e24, testMethod = testGetUserData@ConfigurationBusiness_CoreSpringServerIT, testException = [null], mergedContextConfiguration = [MergedContextConfiguration@1389e498 testClass = ConfigurationBusiness_CoreSpringServerIT, locations = '{}', classes = '{class fr.insalyon.creatis.vip.core.server.SpringCoreConfig}', contextInitializerClasses = '[]', activeProfiles = '{test-db, test}', propertySourceLocations = '{}', propertySourceProperties = '{db.tableEngine=}', contextCustomizers = set[[empty]], contextLoader = 'org.springframework.test.context.support.DelegatingSmartContextLoader', parent = [null]], attributes = map['org.springframework.test.context.event.ApplicationEventsTestExecutionListener.recordApplicationEvents' -> false]], class annotated with @DirtiesContext [false] with mode [null], method annotated with @DirtiesContext [false] with mode [null].
]]></system-out>
  </testcase>
  <testcase name="testCatchGenerateNewApiKeyNonExistentUser" classname="ConfigurationBusiness_CoreSpringServerIT" time="0.032">
    <system-out><![CDATA[18:00:10.838 [main] DEBUG org.springframework.test.context.support.DependencyInjectionTestExecutionListener - Performing dependency injection for test context [[DefaultTestContext@18e20fa8 testClass = ConfigurationBusiness_CoreSpringServerIT, testInstance = ConfigurationBusiness_CoreSpringServerIT@2dc39a7c, testMethod = [null], testException = [null], mergedContextConfiguration = [MergedContextConfiguration@1389e498 testClass = ConfigurationBusiness_CoreSpringServerIT, locations = '{}', classes = '{class fr.insalyon.creatis.vip.core.server.SpringCoreConfig}', contextInitializerClasses = '[]', activeProfiles = '{test-db, test}', propertySourceLocations = '{}', propertySourceProperties = '{db.tableEngine=}', contextCustomizers = set[[empty]], contextLoader = 'org.springframework.test.context.support.DelegatingSmartContextLoader', parent = [null]], attributes = map['org.springframework.test.context.event.ApplicationEventsTestExecutionListener.recordApplicationEvents' -> false]]].
18:00:10.838 [main] DEBUG org.springframework.test.context.cache.DefaultCacheAwareContextLoaderDelegate - Retrieved ApplicationContext [1050971191] from cache with key [[MergedContextConfiguration@1389e498 testClass = ConfigurationBusiness_CoreSpringServerIT, locations = '{}', classes = '{class fr.insalyon.creatis.vip.core.server.SpringCoreConfig}', contextInitializerClasses = '[]', activeProfiles = '{test-db, test}', propertySourceLocations = '{}', propertySourceProperties = '{db.tableEngine=}', contextCustomizers = set[[empty]], contextLoader = 'org.springframework.test.context.support.DelegatingSmartContextLoader', parent = [null]]]
18:00:10.838 [main] DEBUG org.springframework.test.context.cache - Spring test ApplicationContext cache statistics: [DefaultContextCache@4675f5b0 size = 1, maxSize = 32, parentContextCount = 0, hitCount = 355, missCount = 1]
18:00:10.840 [main] DEBUG org.springframework.test.context.cache.DefaultCacheAwareContextLoaderDelegate - Retrieved ApplicationContext [1050971191] from cache with key [[MergedContextConfiguration@1389e498 testClass = ConfigurationBusiness_CoreSpringServerIT, locations = '{}', classes = '{class fr.insalyon.creatis.vip.core.server.SpringCoreConfig}', contextInitializerClasses = '[]', activeProfiles = '{test-db, test}', propertySourceLocations = '{}', propertySourceProperties = '{db.tableEngine=}', contextCustomizers = set[[empty]], contextLoader = 'org.springframework.test.context.support.DelegatingSmartContextLoader', parent = [null]]]
18:00:10.840 [main] DEBUG org.springframework.test.context.cache - Spring test ApplicationContext cache statistics: [DefaultContextCache@4675f5b0 size = 1, maxSize = 32, parentContextCount = 0, hitCount = 356, missCount = 1]
18:00:10.851 [main] DEBUG org.springframework.test.context.support.AbstractDirtiesContextTestExecutionListener - Before test method: context [DefaultTestContext@18e20fa8 testClass = ConfigurationBusiness_CoreSpringServerIT, testInstance = ConfigurationBusiness_CoreSpringServerIT@2dc39a7c, testMethod = testCatchGenerateNewApiKeyNonExistentUser@ConfigurationBusiness_CoreSpringServerIT, testException = [null], mergedContextConfiguration = [MergedContextConfiguration@1389e498 testClass = ConfigurationBusiness_CoreSpringServerIT, locations = '{}', classes = '{class fr.insalyon.creatis.vip.core.server.SpringCoreConfig}', contextInitializerClasses = '[]', activeProfiles = '{test-db, test}', propertySourceLocations = '{}', propertySourceProperties = '{db.tableEngine=}', contextCustomizers = set[[empty]], contextLoader = 'org.springframework.test.context.support.DelegatingSmartContextLoader', parent = [null]], attributes = map['org.springframework.test.context.event.ApplicationEventsTestExecutionListener.recordApplicationEvents' -> false]], class annotated with @DirtiesContext [false] with mode [null], method annotated with @DirtiesContext [false] with mode [null].
18:00:10.851 [main] DEBUG org.springframework.test.context.transaction.TransactionalTestExecutionListener - Explicit transaction definition [PROPAGATION_REQUIRED,ISOLATION_DEFAULT] found for test context [DefaultTestContext@18e20fa8 testClass = ConfigurationBusiness_CoreSpringServerIT, testInstance = ConfigurationBusiness_CoreSpringServerIT@2dc39a7c, testMethod = testCatchGenerateNewApiKeyNonExistentUser@ConfigurationBusiness_CoreSpringServerIT, testException = [null], mergedContextConfiguration = [MergedContextConfiguration@1389e498 testClass = ConfigurationBusiness_CoreSpringServerIT, locations = '{}', classes = '{class fr.insalyon.creatis.vip.core.server.SpringCoreConfig}', contextInitializerClasses = '[]', activeProfiles = '{test-db, test}', propertySourceLocations = '{}', propertySourceProperties = '{db.tableEngine=}', contextCustomizers = set[[empty]], contextLoader = 'org.springframework.test.context.support.DelegatingSmartContextLoader', parent = [null]], attributes = map['org.springframework.test.context.event.ApplicationEventsTestExecutionListener.recordApplicationEvents' -> false]]
18:00:10.852 [main] DEBUG org.springframework.test.context.cache.DefaultCacheAwareContextLoaderDelegate - Retrieved ApplicationContext [1050971191] from cache with key [[MergedContextConfiguration@1389e498 testClass = ConfigurationBusiness_CoreSpringServerIT, locations = '{}', classes = '{class fr.insalyon.creatis.vip.core.server.SpringCoreConfig}', contextInitializerClasses = '[]', activeProfiles = '{test-db, test}', propertySourceLocations = '{}', propertySourceProperties = '{db.tableEngine=}', contextCustomizers = set[[empty]], contextLoader = 'org.springframework.test.context.support.DelegatingSmartContextLoader', parent = [null]]]
18:00:10.852 [main] DEBUG org.springframework.test.context.cache - Spring test ApplicationContext cache statistics: [DefaultContextCache@4675f5b0 size = 1, maxSize = 32, parentContextCount = 0, hitCount = 357, missCount = 1]
18:00:10.852 [main] DEBUG org.springframework.test.context.transaction.TransactionalTestExecutionListener - No method-level @Rollback override: using default rollback [true] for test context [DefaultTestContext@18e20fa8 testClass = ConfigurationBusiness_CoreSpringServerIT, testInstance = ConfigurationBusiness_CoreSpringServerIT@2dc39a7c, testMethod = testCatchGenerateNewApiKeyNonExistentUser@ConfigurationBusiness_CoreSpringServerIT, testException = [null], mergedContextConfiguration = [MergedContextConfiguration@1389e498 testClass = ConfigurationBusiness_CoreSpringServerIT, locations = '{}', classes = '{class fr.insalyon.creatis.vip.core.server.SpringCoreConfig}', contextInitializerClasses = '[]', activeProfiles = '{test-db, test}', propertySourceLocations = '{}', propertySourceProperties = '{db.tableEngine=}', contextCustomizers = set[[empty]], contextLoader = 'org.springframework.test.context.support.DelegatingSmartContextLoader', parent = [null]], attributes = map['org.springframework.test.context.event.ApplicationEventsTestExecutionListener.recordApplicationEvents' -> false]].
18:00:10.852 [main] DEBUG org.springframework.jdbc.datasource.DataSourceTransactionManager - Creating new transaction with name [ConfigurationBusiness_CoreSpringServerIT.testCatchGenerateNewApiKeyNonExistentUser]: PROPAGATION_REQUIRED,ISOLATION_DEFAULT
18:00:10.853 [main] DEBUG org.springframework.jdbc.datasource.DataSourceTransactionManager - Acquired Connection [Lazy Connection proxy for target DataSource [org.springframework.jdbc.datasource.embedded.EmbeddedDatabaseFactory$EmbeddedDataSourceProxy@5764c072]] for JDBC transaction
18:00:10.853 [main] DEBUG org.springframework.jdbc.datasource.DataSourceTransactionManager - Switching JDBC Connection [Lazy Connection proxy for target DataSource [org.springframework.jdbc.datasource.embedded.EmbeddedDatabaseFactory$EmbeddedDataSourceProxy@5764c072]] to manual commit
18:00:10.853 [main] INFO org.springframework.test.context.transaction.TransactionContext - Began transaction (1) for test context [DefaultTestContext@18e20fa8 testClass = ConfigurationBusiness_CoreSpringServerIT, testInstance = ConfigurationBusiness_CoreSpringServerIT@2dc39a7c, testMethod = testCatchGenerateNewApiKeyNonExistentUser@ConfigurationBusiness_CoreSpringServerIT, testException = [null], mergedContextConfiguration = [MergedContextConfiguration@1389e498 testClass = ConfigurationBusiness_CoreSpringServerIT, locations = '{}', classes = '{class fr.insalyon.creatis.vip.core.server.SpringCoreConfig}', contextInitializerClasses = '[]', activeProfiles = '{test-db, test}', propertySourceLocations = '{}', propertySourceProperties = '{db.tableEngine=}', contextCustomizers = set[[empty]], contextLoader = 'org.springframework.test.context.support.DelegatingSmartContextLoader', parent = [null]], attributes = map['org.springframework.test.context.event.ApplicationEventsTestExecutionListener.recordApplicationEvents' -> false]]; transaction manager [org.springframework.jdbc.datasource.DataSourceTransactionManager@178b2df1]; rollback [true]
18:00:10.853 [main] DEBUG org.springframework.test.context.cache.DefaultCacheAwareContextLoaderDelegate - Retrieved ApplicationContext [1050971191] from cache with key [[MergedContextConfiguration@1389e498 testClass = ConfigurationBusiness_CoreSpringServerIT, locations = '{}', classes = '{class fr.insalyon.creatis.vip.core.server.SpringCoreConfig}', contextInitializerClasses = '[]', activeProfiles = '{test-db, test}', propertySourceLocations = '{}', propertySourceProperties = '{db.tableEngine=}', contextCustomizers = set[[empty]], contextLoader = 'org.springframework.test.context.support.DelegatingSmartContextLoader', parent = [null]]]
18:00:10.853 [main] DEBUG org.springframework.test.context.cache - Spring test ApplicationContext cache statistics: [DefaultContextCache@4675f5b0 size = 1, maxSize = 32, parentContextCount = 0, hitCount = 358, missCount = 1]
18:00:10.855 [main] DEBUG org.springframework.jdbc.datasource.DataSourceTransactionManager - Participating in existing transaction
18:00:10.855 [main] DEBUG org.springframework.jdbc.datasource.DataSourceTransactionManager - Participating in existing transaction
18:00:10.855 [main] DEBUG org.springframework.jdbc.datasource.SimpleDriverDataSource - Creating new JDBC Driver Connection to [jdbc:h2:mem:fec2b152-de2f-4c07-a3e1-df691c7daf9d;DB_CLOSE_DELAY=-1;DB_CLOSE_ON_EXIT=false]
18:00:10.855 [main] DEBUG org.springframework.jdbc.datasource.DataSourceTransactionManager - Participating in existing transaction
18:00:10.856 [main] DEBUG org.springframework.jdbc.datasource.DataSourceTransactionManager - Participating in existing transaction
18:00:10.856 [main] DEBUG org.springframework.jdbc.datasource.DataSourceTransactionManager - Participating in existing transaction
18:00:10.856 [main] DEBUG org.springframework.jdbc.datasource.DataSourceTransactionManager - Participating in existing transaction
18:00:10.856 [main] DEBUG org.springframework.jdbc.datasource.DataSourceTransactionManager - Participating in existing transaction
User = test1@test.fr
18:00:10.856 [main] INFO fr.insalyon.creatis.vip.core.server.business.ConfigurationBusiness - verifying test1@test.fr. List of undesired mail domains: . 
18:00:10.856 [main] INFO fr.insalyon.creatis.vip.core.server.business.ConfigurationBusiness - Signing up . List of undesired countries: .
18:00:10.857 [main] DEBUG org.springframework.jdbc.datasource.DataSourceTransactionManager - Participating in existing transaction
18:00:10.857 [main] DEBUG org.springframework.jdbc.datasource.DataSourceTransactionManager - Participating in existing transaction
18:00:10.857 [main] INFO fr.insalyon.creatis.vip.core.server.business.ConfigurationBusiness - Sending confirmation email to 'test1@test.fr'.
18:00:10.857 [main] DEBUG org.springframework.jdbc.datasource.DataSourceTransactionManager - Participating in existing transaction
18:00:10.858 [main] DEBUG org.springframework.jdbc.datasource.DataSourceTransactionManager - Participating in existing transaction
18:00:10.858 [main] DEBUG org.springframework.jdbc.datasource.DataSourceTransactionManager - Participating in existing transaction
18:00:10.858 [main] DEBUG org.springframework.jdbc.datasource.DataSourceTransactionManager - Participating in existing transaction
User = test2@test.fr
18:00:10.858 [main] INFO fr.insalyon.creatis.vip.core.server.business.ConfigurationBusiness - verifying test2@test.fr. List of undesired mail domains: . 
18:00:10.858 [main] INFO fr.insalyon.creatis.vip.core.server.business.ConfigurationBusiness - Signing up . List of undesired countries: .
18:00:10.859 [main] DEBUG org.springframework.jdbc.datasource.DataSourceTransactionManager - Participating in existing transaction
18:00:10.859 [main] DEBUG org.springframework.jdbc.datasource.DataSourceTransactionManager - Participating in existing transaction
18:00:10.859 [main] INFO fr.insalyon.creatis.vip.core.server.business.ConfigurationBusiness - Sending confirmation email to 'test2@test.fr'.
18:00:10.859 [main] DEBUG org.springframework.jdbc.datasource.DataSourceTransactionManager - Participating in existing transaction
18:00:10.859 [main] DEBUG org.springframework.jdbc.datasource.DataSourceTransactionManager - Participating in existing transaction
18:00:10.859 [main] DEBUG org.springframework.jdbc.datasource.DataSourceTransactionManager - Participating in existing transaction
18:00:10.859 [main] DEBUG org.springframework.jdbc.datasource.DataSourceTransactionManager - Participating in existing transaction
User = test3@test.fr
18:00:10.860 [main] INFO fr.insalyon.creatis.vip.core.server.business.ConfigurationBusiness - verifying test3@test.fr. List of undesired mail domains: . 
18:00:10.860 [main] INFO fr.insalyon.creatis.vip.core.server.business.ConfigurationBusiness - Signing up . List of undesired countries: .
18:00:10.867 [main] DEBUG org.springframework.jdbc.datasource.DataSourceTransactionManager - Participating in existing transaction
18:00:10.867 [main] DEBUG org.springframework.jdbc.datasource.DataSourceTransactionManager - Participating in existing transaction
18:00:10.867 [main] INFO fr.insalyon.creatis.vip.core.server.business.ConfigurationBusiness - Sending confirmation email to 'test3@test.fr'.
18:00:10.867 [main] DEBUG org.springframework.jdbc.datasource.DataSourceTransactionManager - Participating in existing transaction
18:00:10.868 [main] DEBUG org.springframework.jdbc.datasource.DataSourceTransactionManager - Participating in existing transaction
18:00:10.868 [main] DEBUG org.springframework.jdbc.datasource.DataSourceTransactionManager - Participating in existing transaction
18:00:10.868 [main] DEBUG org.springframework.jdbc.datasource.DataSourceTransactionManager - Participating in existing transaction
User = test4@test.fr
18:00:10.868 [main] INFO fr.insalyon.creatis.vip.core.server.business.ConfigurationBusiness - verifying test4@test.fr. List of undesired mail domains: . 
18:00:10.868 [main] INFO fr.insalyon.creatis.vip.core.server.business.ConfigurationBusiness - Signing up . List of undesired countries: .
18:00:10.868 [main] DEBUG org.springframework.jdbc.datasource.DataSourceTransactionManager - Participating in existing transaction
18:00:10.869 [main] DEBUG org.springframework.jdbc.datasource.DataSourceTransactionManager - Participating in existing transaction
18:00:10.869 [main] INFO fr.insalyon.creatis.vip.core.server.business.ConfigurationBusiness - Sending confirmation email to 'test4@test.fr'.
18:00:10.869 [main] DEBUG org.springframework.jdbc.datasource.DataSourceTransactionManager - Participating in existing transaction
18:00:10.869 [main] DEBUG org.springframework.jdbc.datasource.DataSourceTransactionManager - Participating in existing transaction
18:00:10.869 [main] DEBUG org.springframework.jdbc.datasource.DataSourceTransactionManager - Participating in existing transaction
18:00:10.869 [main] DEBUG org.springframework.jdbc.datasource.DataSourceTransactionManager - Participating in existing transaction
18:00:10.869 [main] DEBUG org.springframework.jdbc.datasource.DataSourceTransactionManager - Participating in existing transaction
18:00:10.869 [main] DEBUG org.springframework.jdbc.datasource.DataSourceTransactionManager - Participating in existing transaction
18:00:10.869 [main] DEBUG org.springframework.jdbc.datasource.DataSourceTransactionManager - Participating in existing transaction
18:00:10.869 [main] DEBUG org.springframework.jdbc.datasource.DataSourceTransactionManager - Participating in existing transaction
18:00:10.869 [main] DEBUG org.springframework.jdbc.datasource.DataSourceTransactionManager - Participating in existing transaction
18:00:10.870 [main] DEBUG org.springframework.jdbc.datasource.DataSourceTransactionManager - Participating in existing transaction
18:00:10.870 [main] DEBUG org.springframework.jdbc.datasource.DataSourceTransactionManager - Participating in existing transaction
18:00:10.870 [main] DEBUG org.springframework.jdbc.datasource.DataSourceTransactionManager - Participating in existing transaction
User = email5@test.fr
18:00:10.870 [main] INFO fr.insalyon.creatis.vip.core.server.business.ConfigurationBusiness - verifying email5@test.fr. List of undesired mail domains: . 
18:00:10.870 [main] INFO fr.insalyon.creatis.vip.core.server.business.ConfigurationBusiness - Signing up . List of undesired countries: .
18:00:10.870 [main] DEBUG org.springframework.jdbc.datasource.DataSourceTransactionManager - Participating in existing transaction
18:00:10.870 [main] DEBUG org.springframework.jdbc.datasource.DataSourceTransactionManager - Participating in existing transaction
18:00:10.870 [main] INFO fr.insalyon.creatis.vip.core.server.business.ConfigurationBusiness - Sending confirmation email to 'email5@test.fr'.
18:00:10.871 [main] DEBUG org.springframework.jdbc.datasource.DataSourceTransactionManager - Participating in existing transaction
18:00:10.871 [main] DEBUG org.springframework.test.context.cache.DefaultCacheAwareContextLoaderDelegate - Retrieved ApplicationContext [1050971191] from cache with key [[MergedContextConfiguration@1389e498 testClass = ConfigurationBusiness_CoreSpringServerIT, locations = '{}', classes = '{class fr.insalyon.creatis.vip.core.server.SpringCoreConfig}', contextInitializerClasses = '[]', activeProfiles = '{test-db, test}', propertySourceLocations = '{}', propertySourceProperties = '{db.tableEngine=}', contextCustomizers = set[[empty]], contextLoader = 'org.springframework.test.context.support.DelegatingSmartContextLoader', parent = [null]]]
18:00:10.871 [main] DEBUG org.springframework.test.context.cache - Spring test ApplicationContext cache statistics: [DefaultContextCache@4675f5b0 size = 1, maxSize = 32, parentContextCount = 0, hitCount = 359, missCount = 1]
18:00:10.871 [main] DEBUG org.springframework.jdbc.datasource.DataSourceTransactionManager - Participating in existing transaction
18:00:10.872 [main] DEBUG org.springframework.jdbc.datasource.DataSourceTransactionManager - Participating in existing transaction
18:00:10.872 [main] ERROR fr.insalyon.creatis.vip.core.server.dao.mysql.UserData - There is no user registered with the e-mail nonExistent_user
18:00:10.872 [main] DEBUG org.springframework.test.context.cache.DefaultCacheAwareContextLoaderDelegate - Retrieved ApplicationContext [1050971191] from cache with key [[MergedContextConfiguration@1389e498 testClass = ConfigurationBusiness_CoreSpringServerIT, locations = '{}', classes = '{class fr.insalyon.creatis.vip.core.server.SpringCoreConfig}', contextInitializerClasses = '[]', activeProfiles = '{test-db, test}', propertySourceLocations = '{}', propertySourceProperties = '{db.tableEngine=}', contextCustomizers = set[[empty]], contextLoader = 'org.springframework.test.context.support.DelegatingSmartContextLoader', parent = [null]]]
18:00:10.872 [main] DEBUG org.springframework.test.context.cache - Spring test ApplicationContext cache statistics: [DefaultContextCache@4675f5b0 size = 1, maxSize = 32, parentContextCount = 0, hitCount = 360, missCount = 1]
18:00:10.872 [main] DEBUG org.springframework.test.context.cache.DefaultCacheAwareContextLoaderDelegate - Retrieved ApplicationContext [1050971191] from cache with key [[MergedContextConfiguration@1389e498 testClass = ConfigurationBusiness_CoreSpringServerIT, locations = '{}', classes = '{class fr.insalyon.creatis.vip.core.server.SpringCoreConfig}', contextInitializerClasses = '[]', activeProfiles = '{test-db, test}', propertySourceLocations = '{}', propertySourceProperties = '{db.tableEngine=}', contextCustomizers = set[[empty]], contextLoader = 'org.springframework.test.context.support.DelegatingSmartContextLoader', parent = [null]]]
18:00:10.872 [main] DEBUG org.springframework.test.context.cache - Spring test ApplicationContext cache statistics: [DefaultContextCache@4675f5b0 size = 1, maxSize = 32, parentContextCount = 0, hitCount = 361, missCount = 1]
18:00:10.872 [main] DEBUG org.springframework.jdbc.datasource.DataSourceTransactionManager - Initiating transaction rollback
18:00:10.872 [main] DEBUG org.springframework.jdbc.datasource.DataSourceTransactionManager - Rolling back JDBC transaction on Connection [conn65: url=jdbc:h2:mem:fec2b152-de2f-4c07-a3e1-df691c7daf9d user=SA]
18:00:10.873 [main] DEBUG org.springframework.jdbc.datasource.DataSourceTransactionManager - Releasing JDBC Connection [conn65: url=jdbc:h2:mem:fec2b152-de2f-4c07-a3e1-df691c7daf9d user=SA] after transaction
18:00:10.873 [main] INFO org.springframework.test.context.transaction.TransactionContext - Rolled back transaction for test: [DefaultTestContext@18e20fa8 testClass = ConfigurationBusiness_CoreSpringServerIT, testInstance = ConfigurationBusiness_CoreSpringServerIT@2dc39a7c, testMethod = testCatchGenerateNewApiKeyNonExistentUser@ConfigurationBusiness_CoreSpringServerIT, testException = [null], mergedContextConfiguration = [MergedContextConfiguration@1389e498 testClass = ConfigurationBusiness_CoreSpringServerIT, locations = '{}', classes = '{class fr.insalyon.creatis.vip.core.server.SpringCoreConfig}', contextInitializerClasses = '[]', activeProfiles = '{test-db, test}', propertySourceLocations = '{}', propertySourceProperties = '{db.tableEngine=}', contextCustomizers = set[[empty]], contextLoader = 'org.springframework.test.context.support.DelegatingSmartContextLoader', parent = [null]], attributes = map['org.springframework.test.context.event.ApplicationEventsTestExecutionListener.recordApplicationEvents' -> false]]
18:00:10.873 [main] DEBUG org.springframework.test.context.support.AbstractDirtiesContextTestExecutionListener - After test method: context [DefaultTestContext@18e20fa8 testClass = ConfigurationBusiness_CoreSpringServerIT, testInstance = ConfigurationBusiness_CoreSpringServerIT@2dc39a7c, testMethod = testCatchGenerateNewApiKeyNonExistentUser@ConfigurationBusiness_CoreSpringServerIT, testException = [null], mergedContextConfiguration = [MergedContextConfiguration@1389e498 testClass = ConfigurationBusiness_CoreSpringServerIT, locations = '{}', classes = '{class fr.insalyon.creatis.vip.core.server.SpringCoreConfig}', contextInitializerClasses = '[]', activeProfiles = '{test-db, test}', propertySourceLocations = '{}', propertySourceProperties = '{db.tableEngine=}', contextCustomizers = set[[empty]], contextLoader = 'org.springframework.test.context.support.DelegatingSmartContextLoader', parent = [null]], attributes = map['org.springframework.test.context.event.ApplicationEventsTestExecutionListener.recordApplicationEvents' -> false]], class annotated with @DirtiesContext [false] with mode [null], method annotated with @DirtiesContext [false] with mode [null].
]]></system-out>
  </testcase>
  <testcase name="testCatchUpdateWrongCurrentPassword" classname="ConfigurationBusiness_CoreSpringServerIT" time="0.025">
    <system-out><![CDATA[18:00:10.874 [main] DEBUG org.springframework.test.context.support.DependencyInjectionTestExecutionListener - Performing dependency injection for test context [[DefaultTestContext@18e20fa8 testClass = ConfigurationBusiness_CoreSpringServerIT, testInstance = ConfigurationBusiness_CoreSpringServerIT@1564d5de, testMethod = [null], testException = [null], mergedContextConfiguration = [MergedContextConfiguration@1389e498 testClass = ConfigurationBusiness_CoreSpringServerIT, locations = '{}', classes = '{class fr.insalyon.creatis.vip.core.server.SpringCoreConfig}', contextInitializerClasses = '[]', activeProfiles = '{test-db, test}', propertySourceLocations = '{}', propertySourceProperties = '{db.tableEngine=}', contextCustomizers = set[[empty]], contextLoader = 'org.springframework.test.context.support.DelegatingSmartContextLoader', parent = [null]], attributes = map['org.springframework.test.context.event.ApplicationEventsTestExecutionListener.recordApplicationEvents' -> false]]].
18:00:10.874 [main] DEBUG org.springframework.test.context.cache.DefaultCacheAwareContextLoaderDelegate - Retrieved ApplicationContext [1050971191] from cache with key [[MergedContextConfiguration@1389e498 testClass = ConfigurationBusiness_CoreSpringServerIT, locations = '{}', classes = '{class fr.insalyon.creatis.vip.core.server.SpringCoreConfig}', contextInitializerClasses = '[]', activeProfiles = '{test-db, test}', propertySourceLocations = '{}', propertySourceProperties = '{db.tableEngine=}', contextCustomizers = set[[empty]], contextLoader = 'org.springframework.test.context.support.DelegatingSmartContextLoader', parent = [null]]]
18:00:10.874 [main] DEBUG org.springframework.test.context.cache - Spring test ApplicationContext cache statistics: [DefaultContextCache@4675f5b0 size = 1, maxSize = 32, parentContextCount = 0, hitCount = 362, missCount = 1]
18:00:10.875 [main] DEBUG org.springframework.test.context.cache.DefaultCacheAwareContextLoaderDelegate - Retrieved ApplicationContext [1050971191] from cache with key [[MergedContextConfiguration@1389e498 testClass = ConfigurationBusiness_CoreSpringServerIT, locations = '{}', classes = '{class fr.insalyon.creatis.vip.core.server.SpringCoreConfig}', contextInitializerClasses = '[]', activeProfiles = '{test-db, test}', propertySourceLocations = '{}', propertySourceProperties = '{db.tableEngine=}', contextCustomizers = set[[empty]], contextLoader = 'org.springframework.test.context.support.DelegatingSmartContextLoader', parent = [null]]]
18:00:10.875 [main] DEBUG org.springframework.test.context.cache - Spring test ApplicationContext cache statistics: [DefaultContextCache@4675f5b0 size = 1, maxSize = 32, parentContextCount = 0, hitCount = 363, missCount = 1]
18:00:10.879 [main] DEBUG org.springframework.test.context.support.AbstractDirtiesContextTestExecutionListener - Before test method: context [DefaultTestContext@18e20fa8 testClass = ConfigurationBusiness_CoreSpringServerIT, testInstance = ConfigurationBusiness_CoreSpringServerIT@1564d5de, testMethod = testCatchUpdateWrongCurrentPassword@ConfigurationBusiness_CoreSpringServerIT, testException = [null], mergedContextConfiguration = [MergedContextConfiguration@1389e498 testClass = ConfigurationBusiness_CoreSpringServerIT, locations = '{}', classes = '{class fr.insalyon.creatis.vip.core.server.SpringCoreConfig}', contextInitializerClasses = '[]', activeProfiles = '{test-db, test}', propertySourceLocations = '{}', propertySourceProperties = '{db.tableEngine=}', contextCustomizers = set[[empty]], contextLoader = 'org.springframework.test.context.support.DelegatingSmartContextLoader', parent = [null]], attributes = map['org.springframework.test.context.event.ApplicationEventsTestExecutionListener.recordApplicationEvents' -> false]], class annotated with @DirtiesContext [false] with mode [null], method annotated with @DirtiesContext [false] with mode [null].
18:00:10.879 [main] DEBUG org.springframework.test.context.transaction.TransactionalTestExecutionListener - Explicit transaction definition [PROPAGATION_REQUIRED,ISOLATION_DEFAULT] found for test context [DefaultTestContext@18e20fa8 testClass = ConfigurationBusiness_CoreSpringServerIT, testInstance = ConfigurationBusiness_CoreSpringServerIT@1564d5de, testMethod = testCatchUpdateWrongCurrentPassword@ConfigurationBusiness_CoreSpringServerIT, testException = [null], mergedContextConfiguration = [MergedContextConfiguration@1389e498 testClass = ConfigurationBusiness_CoreSpringServerIT, locations = '{}', classes = '{class fr.insalyon.creatis.vip.core.server.SpringCoreConfig}', contextInitializerClasses = '[]', activeProfiles = '{test-db, test}', propertySourceLocations = '{}', propertySourceProperties = '{db.tableEngine=}', contextCustomizers = set[[empty]], contextLoader = 'org.springframework.test.context.support.DelegatingSmartContextLoader', parent = [null]], attributes = map['org.springframework.test.context.event.ApplicationEventsTestExecutionListener.recordApplicationEvents' -> false]]
18:00:10.879 [main] DEBUG org.springframework.test.context.cache.DefaultCacheAwareContextLoaderDelegate - Retrieved ApplicationContext [1050971191] from cache with key [[MergedContextConfiguration@1389e498 testClass = ConfigurationBusiness_CoreSpringServerIT, locations = '{}', classes = '{class fr.insalyon.creatis.vip.core.server.SpringCoreConfig}', contextInitializerClasses = '[]', activeProfiles = '{test-db, test}', propertySourceLocations = '{}', propertySourceProperties = '{db.tableEngine=}', contextCustomizers = set[[empty]], contextLoader = 'org.springframework.test.context.support.DelegatingSmartContextLoader', parent = [null]]]
18:00:10.879 [main] DEBUG org.springframework.test.context.cache - Spring test ApplicationContext cache statistics: [DefaultContextCache@4675f5b0 size = 1, maxSize = 32, parentContextCount = 0, hitCount = 364, missCount = 1]
18:00:10.879 [main] DEBUG org.springframework.test.context.transaction.TransactionalTestExecutionListener - No method-level @Rollback override: using default rollback [true] for test context [DefaultTestContext@18e20fa8 testClass = ConfigurationBusiness_CoreSpringServerIT, testInstance = ConfigurationBusiness_CoreSpringServerIT@1564d5de, testMethod = testCatchUpdateWrongCurrentPassword@ConfigurationBusiness_CoreSpringServerIT, testException = [null], mergedContextConfiguration = [MergedContextConfiguration@1389e498 testClass = ConfigurationBusiness_CoreSpringServerIT, locations = '{}', classes = '{class fr.insalyon.creatis.vip.core.server.SpringCoreConfig}', contextInitializerClasses = '[]', activeProfiles = '{test-db, test}', propertySourceLocations = '{}', propertySourceProperties = '{db.tableEngine=}', contextCustomizers = set[[empty]], contextLoader = 'org.springframework.test.context.support.DelegatingSmartContextLoader', parent = [null]], attributes = map['org.springframework.test.context.event.ApplicationEventsTestExecutionListener.recordApplicationEvents' -> false]].
18:00:10.880 [main] DEBUG org.springframework.jdbc.datasource.DataSourceTransactionManager - Creating new transaction with name [ConfigurationBusiness_CoreSpringServerIT.testCatchUpdateWrongCurrentPassword]: PROPAGATION_REQUIRED,ISOLATION_DEFAULT
18:00:10.880 [main] DEBUG org.springframework.jdbc.datasource.DataSourceTransactionManager - Acquired Connection [Lazy Connection proxy for target DataSource [org.springframework.jdbc.datasource.embedded.EmbeddedDatabaseFactory$EmbeddedDataSourceProxy@5764c072]] for JDBC transaction
18:00:10.880 [main] DEBUG org.springframework.jdbc.datasource.DataSourceTransactionManager - Switching JDBC Connection [Lazy Connection proxy for target DataSource [org.springframework.jdbc.datasource.embedded.EmbeddedDatabaseFactory$EmbeddedDataSourceProxy@5764c072]] to manual commit
18:00:10.880 [main] INFO org.springframework.test.context.transaction.TransactionContext - Began transaction (1) for test context [DefaultTestContext@18e20fa8 testClass = ConfigurationBusiness_CoreSpringServerIT, testInstance = ConfigurationBusiness_CoreSpringServerIT@1564d5de, testMethod = testCatchUpdateWrongCurrentPassword@ConfigurationBusiness_CoreSpringServerIT, testException = [null], mergedContextConfiguration = [MergedContextConfiguration@1389e498 testClass = ConfigurationBusiness_CoreSpringServerIT, locations = '{}', classes = '{class fr.insalyon.creatis.vip.core.server.SpringCoreConfig}', contextInitializerClasses = '[]', activeProfiles = '{test-db, test}', propertySourceLocations = '{}', propertySourceProperties = '{db.tableEngine=}', contextCustomizers = set[[empty]], contextLoader = 'org.springframework.test.context.support.DelegatingSmartContextLoader', parent = [null]], attributes = map['org.springframework.test.context.event.ApplicationEventsTestExecutionListener.recordApplicationEvents' -> false]]; transaction manager [org.springframework.jdbc.datasource.DataSourceTransactionManager@178b2df1]; rollback [true]
18:00:10.880 [main] DEBUG org.springframework.test.context.cache.DefaultCacheAwareContextLoaderDelegate - Retrieved ApplicationContext [1050971191] from cache with key [[MergedContextConfiguration@1389e498 testClass = ConfigurationBusiness_CoreSpringServerIT, locations = '{}', classes = '{class fr.insalyon.creatis.vip.core.server.SpringCoreConfig}', contextInitializerClasses = '[]', activeProfiles = '{test-db, test}', propertySourceLocations = '{}', propertySourceProperties = '{db.tableEngine=}', contextCustomizers = set[[empty]], contextLoader = 'org.springframework.test.context.support.DelegatingSmartContextLoader', parent = [null]]]
18:00:10.880 [main] DEBUG org.springframework.test.context.cache - Spring test ApplicationContext cache statistics: [DefaultContextCache@4675f5b0 size = 1, maxSize = 32, parentContextCount = 0, hitCount = 365, missCount = 1]
18:00:10.881 [main] DEBUG org.springframework.jdbc.datasource.DataSourceTransactionManager - Participating in existing transaction
18:00:10.882 [main] DEBUG org.springframework.jdbc.datasource.DataSourceTransactionManager - Participating in existing transaction
18:00:10.882 [main] DEBUG org.springframework.jdbc.datasource.SimpleDriverDataSource - Creating new JDBC Driver Connection to [jdbc:h2:mem:fec2b152-de2f-4c07-a3e1-df691c7daf9d;DB_CLOSE_DELAY=-1;DB_CLOSE_ON_EXIT=false]
18:00:10.882 [main] DEBUG org.springframework.jdbc.datasource.DataSourceTransactionManager - Participating in existing transaction
18:00:10.882 [main] DEBUG org.springframework.jdbc.datasource.DataSourceTransactionManager - Participating in existing transaction
18:00:10.883 [main] DEBUG org.springframework.jdbc.datasource.DataSourceTransactionManager - Participating in existing transaction
18:00:10.883 [main] DEBUG org.springframework.jdbc.datasource.DataSourceTransactionManager - Participating in existing transaction
18:00:10.883 [main] DEBUG org.springframework.jdbc.datasource.DataSourceTransactionManager - Participating in existing transaction
User = test1@test.fr
18:00:10.883 [main] INFO fr.insalyon.creatis.vip.core.server.business.ConfigurationBusiness - verifying test1@test.fr. List of undesired mail domains: . 
18:00:10.883 [main] INFO fr.insalyon.creatis.vip.core.server.business.ConfigurationBusiness - Signing up . List of undesired countries: .
18:00:10.884 [main] DEBUG org.springframework.jdbc.datasource.DataSourceTransactionManager - Participating in existing transaction
18:00:10.884 [main] DEBUG org.springframework.jdbc.datasource.DataSourceTransactionManager - Participating in existing transaction
18:00:10.884 [main] INFO fr.insalyon.creatis.vip.core.server.business.ConfigurationBusiness - Sending confirmation email to 'test1@test.fr'.
18:00:10.884 [main] DEBUG org.springframework.jdbc.datasource.DataSourceTransactionManager - Participating in existing transaction
18:00:10.885 [main] DEBUG org.springframework.jdbc.datasource.DataSourceTransactionManager - Participating in existing transaction
18:00:10.885 [main] DEBUG org.springframework.jdbc.datasource.DataSourceTransactionManager - Participating in existing transaction
18:00:10.885 [main] DEBUG org.springframework.jdbc.datasource.DataSourceTransactionManager - Participating in existing transaction
User = test2@test.fr
18:00:10.885 [main] INFO fr.insalyon.creatis.vip.core.server.business.ConfigurationBusiness - verifying test2@test.fr. List of undesired mail domains: . 
18:00:10.885 [main] INFO fr.insalyon.creatis.vip.core.server.business.ConfigurationBusiness - Signing up . List of undesired countries: .
18:00:10.885 [main] DEBUG org.springframework.jdbc.datasource.DataSourceTransactionManager - Participating in existing transaction
18:00:10.885 [main] DEBUG org.springframework.jdbc.datasource.DataSourceTransactionManager - Participating in existing transaction
18:00:10.885 [main] INFO fr.insalyon.creatis.vip.core.server.business.ConfigurationBusiness - Sending confirmation email to 'test2@test.fr'.
18:00:10.885 [main] DEBUG org.springframework.jdbc.datasource.DataSourceTransactionManager - Participating in existing transaction
18:00:10.886 [main] DEBUG org.springframework.jdbc.datasource.DataSourceTransactionManager - Participating in existing transaction
18:00:10.886 [main] DEBUG org.springframework.jdbc.datasource.DataSourceTransactionManager - Participating in existing transaction
18:00:10.886 [main] DEBUG org.springframework.jdbc.datasource.DataSourceTransactionManager - Participating in existing transaction
User = test3@test.fr
18:00:10.886 [main] INFO fr.insalyon.creatis.vip.core.server.business.ConfigurationBusiness - verifying test3@test.fr. List of undesired mail domains: . 
18:00:10.886 [main] INFO fr.insalyon.creatis.vip.core.server.business.ConfigurationBusiness - Signing up . List of undesired countries: .
18:00:10.886 [main] DEBUG org.springframework.jdbc.datasource.DataSourceTransactionManager - Participating in existing transaction
18:00:10.887 [main] DEBUG org.springframework.jdbc.datasource.DataSourceTransactionManager - Participating in existing transaction
18:00:10.887 [main] INFO fr.insalyon.creatis.vip.core.server.business.ConfigurationBusiness - Sending confirmation email to 'test3@test.fr'.
18:00:10.895 [main] DEBUG org.springframework.jdbc.datasource.DataSourceTransactionManager - Participating in existing transaction
18:00:10.895 [main] DEBUG org.springframework.jdbc.datasource.DataSourceTransactionManager - Participating in existing transaction
18:00:10.895 [main] DEBUG org.springframework.jdbc.datasource.DataSourceTransactionManager - Participating in existing transaction
18:00:10.895 [main] DEBUG org.springframework.jdbc.datasource.DataSourceTransactionManager - Participating in existing transaction
User = test4@test.fr
18:00:10.896 [main] INFO fr.insalyon.creatis.vip.core.server.business.ConfigurationBusiness - verifying test4@test.fr. List of undesired mail domains: . 
18:00:10.896 [main] INFO fr.insalyon.creatis.vip.core.server.business.ConfigurationBusiness - Signing up . List of undesired countries: .
18:00:10.896 [main] DEBUG org.springframework.jdbc.datasource.DataSourceTransactionManager - Participating in existing transaction
18:00:10.896 [main] DEBUG org.springframework.jdbc.datasource.DataSourceTransactionManager - Participating in existing transaction
18:00:10.896 [main] INFO fr.insalyon.creatis.vip.core.server.business.ConfigurationBusiness - Sending confirmation email to 'test4@test.fr'.
18:00:10.896 [main] DEBUG org.springframework.jdbc.datasource.DataSourceTransactionManager - Participating in existing transaction
18:00:10.896 [main] DEBUG org.springframework.jdbc.datasource.DataSourceTransactionManager - Participating in existing transaction
18:00:10.897 [main] DEBUG org.springframework.jdbc.datasource.DataSourceTransactionManager - Participating in existing transaction
18:00:10.897 [main] DEBUG org.springframework.jdbc.datasource.DataSourceTransactionManager - Participating in existing transaction
18:00:10.897 [main] DEBUG org.springframework.jdbc.datasource.DataSourceTransactionManager - Participating in existing transaction
18:00:10.897 [main] DEBUG org.springframework.jdbc.datasource.DataSourceTransactionManager - Participating in existing transaction
18:00:10.897 [main] DEBUG org.springframework.jdbc.datasource.DataSourceTransactionManager - Participating in existing transaction
18:00:10.897 [main] DEBUG org.springframework.jdbc.datasource.DataSourceTransactionManager - Participating in existing transaction
18:00:10.897 [main] DEBUG org.springframework.jdbc.datasource.DataSourceTransactionManager - Participating in existing transaction
18:00:10.897 [main] DEBUG org.springframework.jdbc.datasource.DataSourceTransactionManager - Participating in existing transaction
18:00:10.897 [main] DEBUG org.springframework.jdbc.datasource.DataSourceTransactionManager - Participating in existing transaction
18:00:10.897 [main] DEBUG org.springframework.jdbc.datasource.DataSourceTransactionManager - Participating in existing transaction
User = email5@test.fr
18:00:10.897 [main] INFO fr.insalyon.creatis.vip.core.server.business.ConfigurationBusiness - verifying email5@test.fr. List of undesired mail domains: . 
18:00:10.898 [main] INFO fr.insalyon.creatis.vip.core.server.business.ConfigurationBusiness - Signing up . List of undesired countries: .
18:00:10.898 [main] DEBUG org.springframework.jdbc.datasource.DataSourceTransactionManager - Participating in existing transaction
18:00:10.898 [main] DEBUG org.springframework.jdbc.datasource.DataSourceTransactionManager - Participating in existing transaction
18:00:10.898 [main] INFO fr.insalyon.creatis.vip.core.server.business.ConfigurationBusiness - Sending confirmation email to 'email5@test.fr'.
18:00:10.898 [main] DEBUG org.springframework.jdbc.datasource.DataSourceTransactionManager - Participating in existing transaction
18:00:10.898 [main] DEBUG org.springframework.test.context.cache.DefaultCacheAwareContextLoaderDelegate - Retrieved ApplicationContext [1050971191] from cache with key [[MergedContextConfiguration@1389e498 testClass = ConfigurationBusiness_CoreSpringServerIT, locations = '{}', classes = '{class fr.insalyon.creatis.vip.core.server.SpringCoreConfig}', contextInitializerClasses = '[]', activeProfiles = '{test-db, test}', propertySourceLocations = '{}', propertySourceProperties = '{db.tableEngine=}', contextCustomizers = set[[empty]], contextLoader = 'org.springframework.test.context.support.DelegatingSmartContextLoader', parent = [null]]]
18:00:10.899 [main] DEBUG org.springframework.test.context.cache - Spring test ApplicationContext cache statistics: [DefaultContextCache@4675f5b0 size = 1, maxSize = 32, parentContextCount = 0, hitCount = 366, missCount = 1]
18:00:10.899 [main] DEBUG org.springframework.jdbc.datasource.DataSourceTransactionManager - Participating in existing transaction
18:00:10.899 [main] DEBUG org.springframework.jdbc.datasource.DataSourceTransactionManager - Participating in existing transaction
18:00:10.899 [main] ERROR fr.insalyon.creatis.vip.core.server.dao.mysql.UserData - The current password mismatch for test1@test.fr
18:00:10.899 [main] DEBUG org.springframework.test.context.cache.DefaultCacheAwareContextLoaderDelegate - Retrieved ApplicationContext [1050971191] from cache with key [[MergedContextConfiguration@1389e498 testClass = ConfigurationBusiness_CoreSpringServerIT, locations = '{}', classes = '{class fr.insalyon.creatis.vip.core.server.SpringCoreConfig}', contextInitializerClasses = '[]', activeProfiles = '{test-db, test}', propertySourceLocations = '{}', propertySourceProperties = '{db.tableEngine=}', contextCustomizers = set[[empty]], contextLoader = 'org.springframework.test.context.support.DelegatingSmartContextLoader', parent = [null]]]
18:00:10.899 [main] DEBUG org.springframework.test.context.cache - Spring test ApplicationContext cache statistics: [DefaultContextCache@4675f5b0 size = 1, maxSize = 32, parentContextCount = 0, hitCount = 367, missCount = 1]
18:00:10.900 [main] DEBUG org.springframework.test.context.cache.DefaultCacheAwareContextLoaderDelegate - Retrieved ApplicationContext [1050971191] from cache with key [[MergedContextConfiguration@1389e498 testClass = ConfigurationBusiness_CoreSpringServerIT, locations = '{}', classes = '{class fr.insalyon.creatis.vip.core.server.SpringCoreConfig}', contextInitializerClasses = '[]', activeProfiles = '{test-db, test}', propertySourceLocations = '{}', propertySourceProperties = '{db.tableEngine=}', contextCustomizers = set[[empty]], contextLoader = 'org.springframework.test.context.support.DelegatingSmartContextLoader', parent = [null]]]
18:00:10.900 [main] DEBUG org.springframework.test.context.cache - Spring test ApplicationContext cache statistics: [DefaultContextCache@4675f5b0 size = 1, maxSize = 32, parentContextCount = 0, hitCount = 368, missCount = 1]
18:00:10.900 [main] DEBUG org.springframework.jdbc.datasource.DataSourceTransactionManager - Initiating transaction rollback
18:00:10.900 [main] DEBUG org.springframework.jdbc.datasource.DataSourceTransactionManager - Rolling back JDBC transaction on Connection [conn66: url=jdbc:h2:mem:fec2b152-de2f-4c07-a3e1-df691c7daf9d user=SA]
18:00:10.900 [main] DEBUG org.springframework.jdbc.datasource.DataSourceTransactionManager - Releasing JDBC Connection [conn66: url=jdbc:h2:mem:fec2b152-de2f-4c07-a3e1-df691c7daf9d user=SA] after transaction
18:00:10.900 [main] INFO org.springframework.test.context.transaction.TransactionContext - Rolled back transaction for test: [DefaultTestContext@18e20fa8 testClass = ConfigurationBusiness_CoreSpringServerIT, testInstance = ConfigurationBusiness_CoreSpringServerIT@1564d5de, testMethod = testCatchUpdateWrongCurrentPassword@ConfigurationBusiness_CoreSpringServerIT, testException = [null], mergedContextConfiguration = [MergedContextConfiguration@1389e498 testClass = ConfigurationBusiness_CoreSpringServerIT, locations = '{}', classes = '{class fr.insalyon.creatis.vip.core.server.SpringCoreConfig}', contextInitializerClasses = '[]', activeProfiles = '{test-db, test}', propertySourceLocations = '{}', propertySourceProperties = '{db.tableEngine=}', contextCustomizers = set[[empty]], contextLoader = 'org.springframework.test.context.support.DelegatingSmartContextLoader', parent = [null]], attributes = map['org.springframework.test.context.event.ApplicationEventsTestExecutionListener.recordApplicationEvents' -> false]]
18:00:10.900 [main] DEBUG org.springframework.test.context.support.AbstractDirtiesContextTestExecutionListener - After test method: context [DefaultTestContext@18e20fa8 testClass = ConfigurationBusiness_CoreSpringServerIT, testInstance = ConfigurationBusiness_CoreSpringServerIT@1564d5de, testMethod = testCatchUpdateWrongCurrentPassword@ConfigurationBusiness_CoreSpringServerIT, testException = [null], mergedContextConfiguration = [MergedContextConfiguration@1389e498 testClass = ConfigurationBusiness_CoreSpringServerIT, locations = '{}', classes = '{class fr.insalyon.creatis.vip.core.server.SpringCoreConfig}', contextInitializerClasses = '[]', activeProfiles = '{test-db, test}', propertySourceLocations = '{}', propertySourceProperties = '{db.tableEngine=}', contextCustomizers = set[[empty]], contextLoader = 'org.springframework.test.context.support.DelegatingSmartContextLoader', parent = [null]], attributes = map['org.springframework.test.context.event.ApplicationEventsTestExecutionListener.recordApplicationEvents' -> false]], class annotated with @DirtiesContext [false] with mode [null], method annotated with @DirtiesContext [false] with mode [null].
]]></system-out>
  </testcase>
  <testcase name="testValidateNonExistentSession" classname="ConfigurationBusiness_CoreSpringServerIT" time="0.031">
    <system-out><![CDATA[18:00:10.910 [main] DEBUG org.springframework.test.context.support.DependencyInjectionTestExecutionListener - Performing dependency injection for test context [[DefaultTestContext@18e20fa8 testClass = ConfigurationBusiness_CoreSpringServerIT, testInstance = ConfigurationBusiness_CoreSpringServerIT@4892fd9b, testMethod = [null], testException = [null], mergedContextConfiguration = [MergedContextConfiguration@1389e498 testClass = ConfigurationBusiness_CoreSpringServerIT, locations = '{}', classes = '{class fr.insalyon.creatis.vip.core.server.SpringCoreConfig}', contextInitializerClasses = '[]', activeProfiles = '{test-db, test}', propertySourceLocations = '{}', propertySourceProperties = '{db.tableEngine=}', contextCustomizers = set[[empty]], contextLoader = 'org.springframework.test.context.support.DelegatingSmartContextLoader', parent = [null]], attributes = map['org.springframework.test.context.event.ApplicationEventsTestExecutionListener.recordApplicationEvents' -> false]]].
18:00:10.910 [main] DEBUG org.springframework.test.context.cache.DefaultCacheAwareContextLoaderDelegate - Retrieved ApplicationContext [1050971191] from cache with key [[MergedContextConfiguration@1389e498 testClass = ConfigurationBusiness_CoreSpringServerIT, locations = '{}', classes = '{class fr.insalyon.creatis.vip.core.server.SpringCoreConfig}', contextInitializerClasses = '[]', activeProfiles = '{test-db, test}', propertySourceLocations = '{}', propertySourceProperties = '{db.tableEngine=}', contextCustomizers = set[[empty]], contextLoader = 'org.springframework.test.context.support.DelegatingSmartContextLoader', parent = [null]]]
18:00:10.910 [main] DEBUG org.springframework.test.context.cache - Spring test ApplicationContext cache statistics: [DefaultContextCache@4675f5b0 size = 1, maxSize = 32, parentContextCount = 0, hitCount = 369, missCount = 1]
18:00:10.910 [main] DEBUG org.springframework.test.context.cache.DefaultCacheAwareContextLoaderDelegate - Retrieved ApplicationContext [1050971191] from cache with key [[MergedContextConfiguration@1389e498 testClass = ConfigurationBusiness_CoreSpringServerIT, locations = '{}', classes = '{class fr.insalyon.creatis.vip.core.server.SpringCoreConfig}', contextInitializerClasses = '[]', activeProfiles = '{test-db, test}', propertySourceLocations = '{}', propertySourceProperties = '{db.tableEngine=}', contextCustomizers = set[[empty]], contextLoader = 'org.springframework.test.context.support.DelegatingSmartContextLoader', parent = [null]]]
18:00:10.911 [main] DEBUG org.springframework.test.context.cache - Spring test ApplicationContext cache statistics: [DefaultContextCache@4675f5b0 size = 1, maxSize = 32, parentContextCount = 0, hitCount = 370, missCount = 1]
18:00:10.912 [main] DEBUG org.springframework.test.context.support.AbstractDirtiesContextTestExecutionListener - Before test method: context [DefaultTestContext@18e20fa8 testClass = ConfigurationBusiness_CoreSpringServerIT, testInstance = ConfigurationBusiness_CoreSpringServerIT@4892fd9b, testMethod = testValidateNonExistentSession@ConfigurationBusiness_CoreSpringServerIT, testException = [null], mergedContextConfiguration = [MergedContextConfiguration@1389e498 testClass = ConfigurationBusiness_CoreSpringServerIT, locations = '{}', classes = '{class fr.insalyon.creatis.vip.core.server.SpringCoreConfig}', contextInitializerClasses = '[]', activeProfiles = '{test-db, test}', propertySourceLocations = '{}', propertySourceProperties = '{db.tableEngine=}', contextCustomizers = set[[empty]], contextLoader = 'org.springframework.test.context.support.DelegatingSmartContextLoader', parent = [null]], attributes = map['org.springframework.test.context.event.ApplicationEventsTestExecutionListener.recordApplicationEvents' -> false]], class annotated with @DirtiesContext [false] with mode [null], method annotated with @DirtiesContext [false] with mode [null].
18:00:10.913 [main] DEBUG org.springframework.test.context.transaction.TransactionalTestExecutionListener - Explicit transaction definition [PROPAGATION_REQUIRED,ISOLATION_DEFAULT] found for test context [DefaultTestContext@18e20fa8 testClass = ConfigurationBusiness_CoreSpringServerIT, testInstance = ConfigurationBusiness_CoreSpringServerIT@4892fd9b, testMethod = testValidateNonExistentSession@ConfigurationBusiness_CoreSpringServerIT, testException = [null], mergedContextConfiguration = [MergedContextConfiguration@1389e498 testClass = ConfigurationBusiness_CoreSpringServerIT, locations = '{}', classes = '{class fr.insalyon.creatis.vip.core.server.SpringCoreConfig}', contextInitializerClasses = '[]', activeProfiles = '{test-db, test}', propertySourceLocations = '{}', propertySourceProperties = '{db.tableEngine=}', contextCustomizers = set[[empty]], contextLoader = 'org.springframework.test.context.support.DelegatingSmartContextLoader', parent = [null]], attributes = map['org.springframework.test.context.event.ApplicationEventsTestExecutionListener.recordApplicationEvents' -> false]]
18:00:10.913 [main] DEBUG org.springframework.test.context.cache.DefaultCacheAwareContextLoaderDelegate - Retrieved ApplicationContext [1050971191] from cache with key [[MergedContextConfiguration@1389e498 testClass = ConfigurationBusiness_CoreSpringServerIT, locations = '{}', classes = '{class fr.insalyon.creatis.vip.core.server.SpringCoreConfig}', contextInitializerClasses = '[]', activeProfiles = '{test-db, test}', propertySourceLocations = '{}', propertySourceProperties = '{db.tableEngine=}', contextCustomizers = set[[empty]], contextLoader = 'org.springframework.test.context.support.DelegatingSmartContextLoader', parent = [null]]]
18:00:10.913 [main] DEBUG org.springframework.test.context.cache - Spring test ApplicationContext cache statistics: [DefaultContextCache@4675f5b0 size = 1, maxSize = 32, parentContextCount = 0, hitCount = 371, missCount = 1]
18:00:10.913 [main] DEBUG org.springframework.test.context.transaction.TransactionalTestExecutionListener - No method-level @Rollback override: using default rollback [true] for test context [DefaultTestContext@18e20fa8 testClass = ConfigurationBusiness_CoreSpringServerIT, testInstance = ConfigurationBusiness_CoreSpringServerIT@4892fd9b, testMethod = testValidateNonExistentSession@ConfigurationBusiness_CoreSpringServerIT, testException = [null], mergedContextConfiguration = [MergedContextConfiguration@1389e498 testClass = ConfigurationBusiness_CoreSpringServerIT, locations = '{}', classes = '{class fr.insalyon.creatis.vip.core.server.SpringCoreConfig}', contextInitializerClasses = '[]', activeProfiles = '{test-db, test}', propertySourceLocations = '{}', propertySourceProperties = '{db.tableEngine=}', contextCustomizers = set[[empty]], contextLoader = 'org.springframework.test.context.support.DelegatingSmartContextLoader', parent = [null]], attributes = map['org.springframework.test.context.event.ApplicationEventsTestExecutionListener.recordApplicationEvents' -> false]].
18:00:10.913 [main] DEBUG org.springframework.jdbc.datasource.DataSourceTransactionManager - Creating new transaction with name [ConfigurationBusiness_CoreSpringServerIT.testValidateNonExistentSession]: PROPAGATION_REQUIRED,ISOLATION_DEFAULT
18:00:10.913 [main] DEBUG org.springframework.jdbc.datasource.DataSourceTransactionManager - Acquired Connection [Lazy Connection proxy for target DataSource [org.springframework.jdbc.datasource.embedded.EmbeddedDatabaseFactory$EmbeddedDataSourceProxy@5764c072]] for JDBC transaction
18:00:10.914 [main] DEBUG org.springframework.jdbc.datasource.DataSourceTransactionManager - Switching JDBC Connection [Lazy Connection proxy for target DataSource [org.springframework.jdbc.datasource.embedded.EmbeddedDatabaseFactory$EmbeddedDataSourceProxy@5764c072]] to manual commit
18:00:10.914 [main] INFO org.springframework.test.context.transaction.TransactionContext - Began transaction (1) for test context [DefaultTestContext@18e20fa8 testClass = ConfigurationBusiness_CoreSpringServerIT, testInstance = ConfigurationBusiness_CoreSpringServerIT@4892fd9b, testMethod = testValidateNonExistentSession@ConfigurationBusiness_CoreSpringServerIT, testException = [null], mergedContextConfiguration = [MergedContextConfiguration@1389e498 testClass = ConfigurationBusiness_CoreSpringServerIT, locations = '{}', classes = '{class fr.insalyon.creatis.vip.core.server.SpringCoreConfig}', contextInitializerClasses = '[]', activeProfiles = '{test-db, test}', propertySourceLocations = '{}', propertySourceProperties = '{db.tableEngine=}', contextCustomizers = set[[empty]], contextLoader = 'org.springframework.test.context.support.DelegatingSmartContextLoader', parent = [null]], attributes = map['org.springframework.test.context.event.ApplicationEventsTestExecutionListener.recordApplicationEvents' -> false]]; transaction manager [org.springframework.jdbc.datasource.DataSourceTransactionManager@178b2df1]; rollback [true]
18:00:10.914 [main] DEBUG org.springframework.test.context.cache.DefaultCacheAwareContextLoaderDelegate - Retrieved ApplicationContext [1050971191] from cache with key [[MergedContextConfiguration@1389e498 testClass = ConfigurationBusiness_CoreSpringServerIT, locations = '{}', classes = '{class fr.insalyon.creatis.vip.core.server.SpringCoreConfig}', contextInitializerClasses = '[]', activeProfiles = '{test-db, test}', propertySourceLocations = '{}', propertySourceProperties = '{db.tableEngine=}', contextCustomizers = set[[empty]], contextLoader = 'org.springframework.test.context.support.DelegatingSmartContextLoader', parent = [null]]]
18:00:10.914 [main] DEBUG org.springframework.test.context.cache - Spring test ApplicationContext cache statistics: [DefaultContextCache@4675f5b0 size = 1, maxSize = 32, parentContextCount = 0, hitCount = 372, missCount = 1]
18:00:10.919 [main] DEBUG org.springframework.jdbc.datasource.DataSourceTransactionManager - Participating in existing transaction
18:00:10.919 [main] DEBUG org.springframework.jdbc.datasource.DataSourceTransactionManager - Participating in existing transaction
18:00:10.920 [main] DEBUG org.springframework.jdbc.datasource.SimpleDriverDataSource - Creating new JDBC Driver Connection to [jdbc:h2:mem:fec2b152-de2f-4c07-a3e1-df691c7daf9d;DB_CLOSE_DELAY=-1;DB_CLOSE_ON_EXIT=false]
18:00:10.920 [main] DEBUG org.springframework.jdbc.datasource.DataSourceTransactionManager - Participating in existing transaction
18:00:10.920 [main] DEBUG org.springframework.jdbc.datasource.DataSourceTransactionManager - Participating in existing transaction
18:00:10.920 [main] DEBUG org.springframework.jdbc.datasource.DataSourceTransactionManager - Participating in existing transaction
18:00:10.920 [main] DEBUG org.springframework.jdbc.datasource.DataSourceTransactionManager - Participating in existing transaction
18:00:10.921 [main] DEBUG org.springframework.jdbc.datasource.DataSourceTransactionManager - Participating in existing transaction
User = test1@test.fr
18:00:10.921 [main] INFO fr.insalyon.creatis.vip.core.server.business.ConfigurationBusiness - verifying test1@test.fr. List of undesired mail domains: . 
18:00:10.921 [main] INFO fr.insalyon.creatis.vip.core.server.business.ConfigurationBusiness - Signing up . List of undesired countries: .
18:00:10.921 [main] DEBUG org.springframework.jdbc.datasource.DataSourceTransactionManager - Participating in existing transaction
18:00:10.921 [main] DEBUG org.springframework.jdbc.datasource.DataSourceTransactionManager - Participating in existing transaction
18:00:10.921 [main] INFO fr.insalyon.creatis.vip.core.server.business.ConfigurationBusiness - Sending confirmation email to 'test1@test.fr'.
18:00:10.922 [main] DEBUG org.springframework.jdbc.datasource.DataSourceTransactionManager - Participating in existing transaction
18:00:10.922 [main] DEBUG org.springframework.jdbc.datasource.DataSourceTransactionManager - Participating in existing transaction
18:00:10.922 [main] DEBUG org.springframework.jdbc.datasource.DataSourceTransactionManager - Participating in existing transaction
18:00:10.922 [main] DEBUG org.springframework.jdbc.datasource.DataSourceTransactionManager - Participating in existing transaction
User = test2@test.fr
18:00:10.922 [main] INFO fr.insalyon.creatis.vip.core.server.business.ConfigurationBusiness - verifying test2@test.fr. List of undesired mail domains: . 
18:00:10.922 [main] INFO fr.insalyon.creatis.vip.core.server.business.ConfigurationBusiness - Signing up . List of undesired countries: .
18:00:10.923 [main] DEBUG org.springframework.jdbc.datasource.DataSourceTransactionManager - Participating in existing transaction
18:00:10.923 [main] DEBUG org.springframework.jdbc.datasource.DataSourceTransactionManager - Participating in existing transaction
18:00:10.923 [main] INFO fr.insalyon.creatis.vip.core.server.business.ConfigurationBusiness - Sending confirmation email to 'test2@test.fr'.
18:00:10.923 [main] DEBUG org.springframework.jdbc.datasource.DataSourceTransactionManager - Participating in existing transaction
18:00:10.924 [main] DEBUG org.springframework.jdbc.datasource.DataSourceTransactionManager - Participating in existing transaction
18:00:10.924 [main] DEBUG org.springframework.jdbc.datasource.DataSourceTransactionManager - Participating in existing transaction
18:00:10.924 [main] DEBUG org.springframework.jdbc.datasource.DataSourceTransactionManager - Participating in existing transaction
User = test3@test.fr
18:00:10.924 [main] INFO fr.insalyon.creatis.vip.core.server.business.ConfigurationBusiness - verifying test3@test.fr. List of undesired mail domains: . 
18:00:10.924 [main] INFO fr.insalyon.creatis.vip.core.server.business.ConfigurationBusiness - Signing up . List of undesired countries: .
18:00:10.924 [main] DEBUG org.springframework.jdbc.datasource.DataSourceTransactionManager - Participating in existing transaction
18:00:10.924 [main] DEBUG org.springframework.jdbc.datasource.DataSourceTransactionManager - Participating in existing transaction
18:00:10.924 [main] INFO fr.insalyon.creatis.vip.core.server.business.ConfigurationBusiness - Sending confirmation email to 'test3@test.fr'.
18:00:10.924 [main] DEBUG org.springframework.jdbc.datasource.DataSourceTransactionManager - Participating in existing transaction
18:00:10.925 [main] DEBUG org.springframework.jdbc.datasource.DataSourceTransactionManager - Participating in existing transaction
18:00:10.925 [main] DEBUG org.springframework.jdbc.datasource.DataSourceTransactionManager - Participating in existing transaction
18:00:10.925 [main] DEBUG org.springframework.jdbc.datasource.DataSourceTransactionManager - Participating in existing transaction
User = test4@test.fr
18:00:10.925 [main] INFO fr.insalyon.creatis.vip.core.server.business.ConfigurationBusiness - verifying test4@test.fr. List of undesired mail domains: . 
18:00:10.925 [main] INFO fr.insalyon.creatis.vip.core.server.business.ConfigurationBusiness - Signing up . List of undesired countries: .
18:00:10.925 [main] DEBUG org.springframework.jdbc.datasource.DataSourceTransactionManager - Participating in existing transaction
18:00:10.926 [main] DEBUG org.springframework.jdbc.datasource.DataSourceTransactionManager - Participating in existing transaction
18:00:10.926 [main] INFO fr.insalyon.creatis.vip.core.server.business.ConfigurationBusiness - Sending confirmation email to 'test4@test.fr'.
18:00:10.926 [main] DEBUG org.springframework.jdbc.datasource.DataSourceTransactionManager - Participating in existing transaction
18:00:10.926 [main] DEBUG org.springframework.jdbc.datasource.DataSourceTransactionManager - Participating in existing transaction
18:00:10.926 [main] DEBUG org.springframework.jdbc.datasource.DataSourceTransactionManager - Participating in existing transaction
18:00:10.926 [main] DEBUG org.springframework.jdbc.datasource.DataSourceTransactionManager - Participating in existing transaction
18:00:10.926 [main] DEBUG org.springframework.jdbc.datasource.DataSourceTransactionManager - Participating in existing transaction
18:00:10.926 [main] DEBUG org.springframework.jdbc.datasource.DataSourceTransactionManager - Participating in existing transaction
18:00:10.926 [main] DEBUG org.springframework.jdbc.datasource.DataSourceTransactionManager - Participating in existing transaction
18:00:10.926 [main] DEBUG org.springframework.jdbc.datasource.DataSourceTransactionManager - Participating in existing transaction
18:00:10.926 [main] DEBUG org.springframework.jdbc.datasource.DataSourceTransactionManager - Participating in existing transaction
18:00:10.939 [main] DEBUG org.springframework.jdbc.datasource.DataSourceTransactionManager - Participating in existing transaction
18:00:10.939 [main] DEBUG org.springframework.jdbc.datasource.DataSourceTransactionManager - Participating in existing transaction
18:00:10.939 [main] DEBUG org.springframework.jdbc.datasource.DataSourceTransactionManager - Participating in existing transaction
User = email5@test.fr
18:00:10.939 [main] INFO fr.insalyon.creatis.vip.core.server.business.ConfigurationBusiness - verifying email5@test.fr. List of undesired mail domains: . 
18:00:10.939 [main] INFO fr.insalyon.creatis.vip.core.server.business.ConfigurationBusiness - Signing up . List of undesired countries: .
18:00:10.940 [main] DEBUG org.springframework.jdbc.datasource.DataSourceTransactionManager - Participating in existing transaction
18:00:10.940 [main] DEBUG org.springframework.jdbc.datasource.DataSourceTransactionManager - Participating in existing transaction
18:00:10.940 [main] INFO fr.insalyon.creatis.vip.core.server.business.ConfigurationBusiness - Sending confirmation email to 'email5@test.fr'.
18:00:10.940 [main] DEBUG org.springframework.jdbc.datasource.DataSourceTransactionManager - Participating in existing transaction
18:00:10.940 [main] DEBUG org.springframework.test.context.cache.DefaultCacheAwareContextLoaderDelegate - Retrieved ApplicationContext [1050971191] from cache with key [[MergedContextConfiguration@1389e498 testClass = ConfigurationBusiness_CoreSpringServerIT, locations = '{}', classes = '{class fr.insalyon.creatis.vip.core.server.SpringCoreConfig}', contextInitializerClasses = '[]', activeProfiles = '{test-db, test}', propertySourceLocations = '{}', propertySourceProperties = '{db.tableEngine=}', contextCustomizers = set[[empty]], contextLoader = 'org.springframework.test.context.support.DelegatingSmartContextLoader', parent = [null]]]
18:00:10.940 [main] DEBUG org.springframework.test.context.cache - Spring test ApplicationContext cache statistics: [DefaultContextCache@4675f5b0 size = 1, maxSize = 32, parentContextCount = 0, hitCount = 373, missCount = 1]
18:00:10.940 [main] DEBUG org.springframework.jdbc.datasource.DataSourceTransactionManager - Participating in existing transaction
18:00:10.941 [main] DEBUG org.springframework.jdbc.datasource.DataSourceTransactionManager - Participating in existing transaction
18:00:10.941 [main] INFO fr.insalyon.creatis.vip.core.server.business.ConfigurationBusiness - Failed to verify user [test3@test.fr]'s session nonExistent session
18:00:10.941 [main] DEBUG org.springframework.jdbc.datasource.DataSourceTransactionManager - Participating in existing transaction
18:00:10.941 [main] DEBUG org.springframework.jdbc.datasource.DataSourceTransactionManager - Participating in existing transaction
18:00:10.941 [main] DEBUG org.springframework.test.context.cache.DefaultCacheAwareContextLoaderDelegate - Retrieved ApplicationContext [1050971191] from cache with key [[MergedContextConfiguration@1389e498 testClass = ConfigurationBusiness_CoreSpringServerIT, locations = '{}', classes = '{class fr.insalyon.creatis.vip.core.server.SpringCoreConfig}', contextInitializerClasses = '[]', activeProfiles = '{test-db, test}', propertySourceLocations = '{}', propertySourceProperties = '{db.tableEngine=}', contextCustomizers = set[[empty]], contextLoader = 'org.springframework.test.context.support.DelegatingSmartContextLoader', parent = [null]]]
18:00:10.941 [main] DEBUG org.springframework.test.context.cache - Spring test ApplicationContext cache statistics: [DefaultContextCache@4675f5b0 size = 1, maxSize = 32, parentContextCount = 0, hitCount = 374, missCount = 1]
18:00:10.941 [main] DEBUG org.springframework.test.context.cache.DefaultCacheAwareContextLoaderDelegate - Retrieved ApplicationContext [1050971191] from cache with key [[MergedContextConfiguration@1389e498 testClass = ConfigurationBusiness_CoreSpringServerIT, locations = '{}', classes = '{class fr.insalyon.creatis.vip.core.server.SpringCoreConfig}', contextInitializerClasses = '[]', activeProfiles = '{test-db, test}', propertySourceLocations = '{}', propertySourceProperties = '{db.tableEngine=}', contextCustomizers = set[[empty]], contextLoader = 'org.springframework.test.context.support.DelegatingSmartContextLoader', parent = [null]]]
18:00:10.941 [main] DEBUG org.springframework.test.context.cache - Spring test ApplicationContext cache statistics: [DefaultContextCache@4675f5b0 size = 1, maxSize = 32, parentContextCount = 0, hitCount = 375, missCount = 1]
18:00:10.942 [main] DEBUG org.springframework.jdbc.datasource.DataSourceTransactionManager - Initiating transaction rollback
18:00:10.942 [main] DEBUG org.springframework.jdbc.datasource.DataSourceTransactionManager - Rolling back JDBC transaction on Connection [conn67: url=jdbc:h2:mem:fec2b152-de2f-4c07-a3e1-df691c7daf9d user=SA]
18:00:10.942 [main] DEBUG org.springframework.jdbc.datasource.DataSourceTransactionManager - Releasing JDBC Connection [conn67: url=jdbc:h2:mem:fec2b152-de2f-4c07-a3e1-df691c7daf9d user=SA] after transaction
18:00:10.942 [main] INFO org.springframework.test.context.transaction.TransactionContext - Rolled back transaction for test: [DefaultTestContext@18e20fa8 testClass = ConfigurationBusiness_CoreSpringServerIT, testInstance = ConfigurationBusiness_CoreSpringServerIT@4892fd9b, testMethod = testValidateNonExistentSession@ConfigurationBusiness_CoreSpringServerIT, testException = [null], mergedContextConfiguration = [MergedContextConfiguration@1389e498 testClass = ConfigurationBusiness_CoreSpringServerIT, locations = '{}', classes = '{class fr.insalyon.creatis.vip.core.server.SpringCoreConfig}', contextInitializerClasses = '[]', activeProfiles = '{test-db, test}', propertySourceLocations = '{}', propertySourceProperties = '{db.tableEngine=}', contextCustomizers = set[[empty]], contextLoader = 'org.springframework.test.context.support.DelegatingSmartContextLoader', parent = [null]], attributes = map['org.springframework.test.context.event.ApplicationEventsTestExecutionListener.recordApplicationEvents' -> false]]
18:00:10.942 [main] DEBUG org.springframework.test.context.support.AbstractDirtiesContextTestExecutionListener - After test method: context [DefaultTestContext@18e20fa8 testClass = ConfigurationBusiness_CoreSpringServerIT, testInstance = ConfigurationBusiness_CoreSpringServerIT@4892fd9b, testMethod = testValidateNonExistentSession@ConfigurationBusiness_CoreSpringServerIT, testException = [null], mergedContextConfiguration = [MergedContextConfiguration@1389e498 testClass = ConfigurationBusiness_CoreSpringServerIT, locations = '{}', classes = '{class fr.insalyon.creatis.vip.core.server.SpringCoreConfig}', contextInitializerClasses = '[]', activeProfiles = '{test-db, test}', propertySourceLocations = '{}', propertySourceProperties = '{db.tableEngine=}', contextCustomizers = set[[empty]], contextLoader = 'org.springframework.test.context.support.DelegatingSmartContextLoader', parent = [null]], attributes = map['org.springframework.test.context.event.ApplicationEventsTestExecutionListener.recordApplicationEvents' -> false]], class annotated with @DirtiesContext [false] with mode [null], method annotated with @DirtiesContext [false] with mode [null].
]]></system-out>
  </testcase>
  <testcase name="testIsGroupNotAdmin" classname="ConfigurationBusiness_CoreSpringServerIT" time="0.026">
    <system-out><![CDATA[18:00:10.943 [main] DEBUG org.springframework.test.context.support.DependencyInjectionTestExecutionListener - Performing dependency injection for test context [[DefaultTestContext@18e20fa8 testClass = ConfigurationBusiness_CoreSpringServerIT, testInstance = ConfigurationBusiness_CoreSpringServerIT@f160948, testMethod = [null], testException = [null], mergedContextConfiguration = [MergedContextConfiguration@1389e498 testClass = ConfigurationBusiness_CoreSpringServerIT, locations = '{}', classes = '{class fr.insalyon.creatis.vip.core.server.SpringCoreConfig}', contextInitializerClasses = '[]', activeProfiles = '{test-db, test}', propertySourceLocations = '{}', propertySourceProperties = '{db.tableEngine=}', contextCustomizers = set[[empty]], contextLoader = 'org.springframework.test.context.support.DelegatingSmartContextLoader', parent = [null]], attributes = map['org.springframework.test.context.event.ApplicationEventsTestExecutionListener.recordApplicationEvents' -> false]]].
18:00:10.943 [main] DEBUG org.springframework.test.context.cache.DefaultCacheAwareContextLoaderDelegate - Retrieved ApplicationContext [1050971191] from cache with key [[MergedContextConfiguration@1389e498 testClass = ConfigurationBusiness_CoreSpringServerIT, locations = '{}', classes = '{class fr.insalyon.creatis.vip.core.server.SpringCoreConfig}', contextInitializerClasses = '[]', activeProfiles = '{test-db, test}', propertySourceLocations = '{}', propertySourceProperties = '{db.tableEngine=}', contextCustomizers = set[[empty]], contextLoader = 'org.springframework.test.context.support.DelegatingSmartContextLoader', parent = [null]]]
18:00:10.943 [main] DEBUG org.springframework.test.context.cache - Spring test ApplicationContext cache statistics: [DefaultContextCache@4675f5b0 size = 1, maxSize = 32, parentContextCount = 0, hitCount = 376, missCount = 1]
18:00:10.944 [main] DEBUG org.springframework.test.context.cache.DefaultCacheAwareContextLoaderDelegate - Retrieved ApplicationContext [1050971191] from cache with key [[MergedContextConfiguration@1389e498 testClass = ConfigurationBusiness_CoreSpringServerIT, locations = '{}', classes = '{class fr.insalyon.creatis.vip.core.server.SpringCoreConfig}', contextInitializerClasses = '[]', activeProfiles = '{test-db, test}', propertySourceLocations = '{}', propertySourceProperties = '{db.tableEngine=}', contextCustomizers = set[[empty]], contextLoader = 'org.springframework.test.context.support.DelegatingSmartContextLoader', parent = [null]]]
18:00:10.944 [main] DEBUG org.springframework.test.context.cache - Spring test ApplicationContext cache statistics: [DefaultContextCache@4675f5b0 size = 1, maxSize = 32, parentContextCount = 0, hitCount = 377, missCount = 1]
18:00:10.945 [main] DEBUG org.springframework.test.context.support.AbstractDirtiesContextTestExecutionListener - Before test method: context [DefaultTestContext@18e20fa8 testClass = ConfigurationBusiness_CoreSpringServerIT, testInstance = ConfigurationBusiness_CoreSpringServerIT@f160948, testMethod = testIsGroupNotAdmin@ConfigurationBusiness_CoreSpringServerIT, testException = [null], mergedContextConfiguration = [MergedContextConfiguration@1389e498 testClass = ConfigurationBusiness_CoreSpringServerIT, locations = '{}', classes = '{class fr.insalyon.creatis.vip.core.server.SpringCoreConfig}', contextInitializerClasses = '[]', activeProfiles = '{test-db, test}', propertySourceLocations = '{}', propertySourceProperties = '{db.tableEngine=}', contextCustomizers = set[[empty]], contextLoader = 'org.springframework.test.context.support.DelegatingSmartContextLoader', parent = [null]], attributes = map['org.springframework.test.context.event.ApplicationEventsTestExecutionListener.recordApplicationEvents' -> false]], class annotated with @DirtiesContext [false] with mode [null], method annotated with @DirtiesContext [false] with mode [null].
18:00:10.945 [main] DEBUG org.springframework.test.context.transaction.TransactionalTestExecutionListener - Explicit transaction definition [PROPAGATION_REQUIRED,ISOLATION_DEFAULT] found for test context [DefaultTestContext@18e20fa8 testClass = ConfigurationBusiness_CoreSpringServerIT, testInstance = ConfigurationBusiness_CoreSpringServerIT@f160948, testMethod = testIsGroupNotAdmin@ConfigurationBusiness_CoreSpringServerIT, testException = [null], mergedContextConfiguration = [MergedContextConfiguration@1389e498 testClass = ConfigurationBusiness_CoreSpringServerIT, locations = '{}', classes = '{class fr.insalyon.creatis.vip.core.server.SpringCoreConfig}', contextInitializerClasses = '[]', activeProfiles = '{test-db, test}', propertySourceLocations = '{}', propertySourceProperties = '{db.tableEngine=}', contextCustomizers = set[[empty]], contextLoader = 'org.springframework.test.context.support.DelegatingSmartContextLoader', parent = [null]], attributes = map['org.springframework.test.context.event.ApplicationEventsTestExecutionListener.recordApplicationEvents' -> false]]
18:00:10.945 [main] DEBUG org.springframework.test.context.cache.DefaultCacheAwareContextLoaderDelegate - Retrieved ApplicationContext [1050971191] from cache with key [[MergedContextConfiguration@1389e498 testClass = ConfigurationBusiness_CoreSpringServerIT, locations = '{}', classes = '{class fr.insalyon.creatis.vip.core.server.SpringCoreConfig}', contextInitializerClasses = '[]', activeProfiles = '{test-db, test}', propertySourceLocations = '{}', propertySourceProperties = '{db.tableEngine=}', contextCustomizers = set[[empty]], contextLoader = 'org.springframework.test.context.support.DelegatingSmartContextLoader', parent = [null]]]
18:00:10.945 [main] DEBUG org.springframework.test.context.cache - Spring test ApplicationContext cache statistics: [DefaultContextCache@4675f5b0 size = 1, maxSize = 32, parentContextCount = 0, hitCount = 378, missCount = 1]
18:00:10.945 [main] DEBUG org.springframework.test.context.transaction.TransactionalTestExecutionListener - No method-level @Rollback override: using default rollback [true] for test context [DefaultTestContext@18e20fa8 testClass = ConfigurationBusiness_CoreSpringServerIT, testInstance = ConfigurationBusiness_CoreSpringServerIT@f160948, testMethod = testIsGroupNotAdmin@ConfigurationBusiness_CoreSpringServerIT, testException = [null], mergedContextConfiguration = [MergedContextConfiguration@1389e498 testClass = ConfigurationBusiness_CoreSpringServerIT, locations = '{}', classes = '{class fr.insalyon.creatis.vip.core.server.SpringCoreConfig}', contextInitializerClasses = '[]', activeProfiles = '{test-db, test}', propertySourceLocations = '{}', propertySourceProperties = '{db.tableEngine=}', contextCustomizers = set[[empty]], contextLoader = 'org.springframework.test.context.support.DelegatingSmartContextLoader', parent = [null]], attributes = map['org.springframework.test.context.event.ApplicationEventsTestExecutionListener.recordApplicationEvents' -> false]].
18:00:10.945 [main] DEBUG org.springframework.jdbc.datasource.DataSourceTransactionManager - Creating new transaction with name [ConfigurationBusiness_CoreSpringServerIT.testIsGroupNotAdmin]: PROPAGATION_REQUIRED,ISOLATION_DEFAULT
18:00:10.946 [main] DEBUG org.springframework.jdbc.datasource.DataSourceTransactionManager - Acquired Connection [Lazy Connection proxy for target DataSource [org.springframework.jdbc.datasource.embedded.EmbeddedDatabaseFactory$EmbeddedDataSourceProxy@5764c072]] for JDBC transaction
18:00:10.946 [main] DEBUG org.springframework.jdbc.datasource.DataSourceTransactionManager - Switching JDBC Connection [Lazy Connection proxy for target DataSource [org.springframework.jdbc.datasource.embedded.EmbeddedDatabaseFactory$EmbeddedDataSourceProxy@5764c072]] to manual commit
18:00:10.946 [main] INFO org.springframework.test.context.transaction.TransactionContext - Began transaction (1) for test context [DefaultTestContext@18e20fa8 testClass = ConfigurationBusiness_CoreSpringServerIT, testInstance = ConfigurationBusiness_CoreSpringServerIT@f160948, testMethod = testIsGroupNotAdmin@ConfigurationBusiness_CoreSpringServerIT, testException = [null], mergedContextConfiguration = [MergedContextConfiguration@1389e498 testClass = ConfigurationBusiness_CoreSpringServerIT, locations = '{}', classes = '{class fr.insalyon.creatis.vip.core.server.SpringCoreConfig}', contextInitializerClasses = '[]', activeProfiles = '{test-db, test}', propertySourceLocations = '{}', propertySourceProperties = '{db.tableEngine=}', contextCustomizers = set[[empty]], contextLoader = 'org.springframework.test.context.support.DelegatingSmartContextLoader', parent = [null]], attributes = map['org.springframework.test.context.event.ApplicationEventsTestExecutionListener.recordApplicationEvents' -> false]]; transaction manager [org.springframework.jdbc.datasource.DataSourceTransactionManager@178b2df1]; rollback [true]
18:00:10.946 [main] DEBUG org.springframework.test.context.cache.DefaultCacheAwareContextLoaderDelegate - Retrieved ApplicationContext [1050971191] from cache with key [[MergedContextConfiguration@1389e498 testClass = ConfigurationBusiness_CoreSpringServerIT, locations = '{}', classes = '{class fr.insalyon.creatis.vip.core.server.SpringCoreConfig}', contextInitializerClasses = '[]', activeProfiles = '{test-db, test}', propertySourceLocations = '{}', propertySourceProperties = '{db.tableEngine=}', contextCustomizers = set[[empty]], contextLoader = 'org.springframework.test.context.support.DelegatingSmartContextLoader', parent = [null]]]
18:00:10.946 [main] DEBUG org.springframework.test.context.cache - Spring test ApplicationContext cache statistics: [DefaultContextCache@4675f5b0 size = 1, maxSize = 32, parentContextCount = 0, hitCount = 379, missCount = 1]
18:00:10.947 [main] DEBUG org.springframework.jdbc.datasource.DataSourceTransactionManager - Participating in existing transaction
18:00:10.947 [main] DEBUG org.springframework.jdbc.datasource.DataSourceTransactionManager - Participating in existing transaction
18:00:10.948 [main] DEBUG org.springframework.jdbc.datasource.SimpleDriverDataSource - Creating new JDBC Driver Connection to [jdbc:h2:mem:fec2b152-de2f-4c07-a3e1-df691c7daf9d;DB_CLOSE_DELAY=-1;DB_CLOSE_ON_EXIT=false]
18:00:10.948 [main] DEBUG org.springframework.jdbc.datasource.DataSourceTransactionManager - Participating in existing transaction
18:00:10.948 [main] DEBUG org.springframework.jdbc.datasource.DataSourceTransactionManager - Participating in existing transaction
18:00:10.948 [main] DEBUG org.springframework.jdbc.datasource.DataSourceTransactionManager - Participating in existing transaction
18:00:10.948 [main] DEBUG org.springframework.jdbc.datasource.DataSourceTransactionManager - Participating in existing transaction
18:00:10.955 [main] DEBUG org.springframework.jdbc.datasource.DataSourceTransactionManager - Participating in existing transaction
User = test1@test.fr
18:00:10.955 [main] INFO fr.insalyon.creatis.vip.core.server.business.ConfigurationBusiness - verifying test1@test.fr. List of undesired mail domains: . 
18:00:10.955 [main] INFO fr.insalyon.creatis.vip.core.server.business.ConfigurationBusiness - Signing up . List of undesired countries: .
18:00:10.956 [main] DEBUG org.springframework.jdbc.datasource.DataSourceTransactionManager - Participating in existing transaction
18:00:10.956 [main] DEBUG org.springframework.jdbc.datasource.DataSourceTransactionManager - Participating in existing transaction
18:00:10.956 [main] INFO fr.insalyon.creatis.vip.core.server.business.ConfigurationBusiness - Sending confirmation email to 'test1@test.fr'.
18:00:10.956 [main] DEBUG org.springframework.jdbc.datasource.DataSourceTransactionManager - Participating in existing transaction
18:00:10.957 [main] DEBUG org.springframework.jdbc.datasource.DataSourceTransactionManager - Participating in existing transaction
18:00:10.957 [main] DEBUG org.springframework.jdbc.datasource.DataSourceTransactionManager - Participating in existing transaction
18:00:10.957 [main] DEBUG org.springframework.jdbc.datasource.DataSourceTransactionManager - Participating in existing transaction
User = test2@test.fr
18:00:10.957 [main] INFO fr.insalyon.creatis.vip.core.server.business.ConfigurationBusiness - verifying test2@test.fr. List of undesired mail domains: . 
18:00:10.957 [main] INFO fr.insalyon.creatis.vip.core.server.business.ConfigurationBusiness - Signing up . List of undesired countries: .
18:00:10.957 [main] DEBUG org.springframework.jdbc.datasource.DataSourceTransactionManager - Participating in existing transaction
18:00:10.958 [main] DEBUG org.springframework.jdbc.datasource.DataSourceTransactionManager - Participating in existing transaction
18:00:10.958 [main] INFO fr.insalyon.creatis.vip.core.server.business.ConfigurationBusiness - Sending confirmation email to 'test2@test.fr'.
18:00:10.958 [main] DEBUG org.springframework.jdbc.datasource.DataSourceTransactionManager - Participating in existing transaction
18:00:10.958 [main] DEBUG org.springframework.jdbc.datasource.DataSourceTransactionManager - Participating in existing transaction
18:00:10.958 [main] DEBUG org.springframework.jdbc.datasource.DataSourceTransactionManager - Participating in existing transaction
18:00:10.958 [main] DEBUG org.springframework.jdbc.datasource.DataSourceTransactionManager - Participating in existing transaction
User = test3@test.fr
18:00:10.958 [main] INFO fr.insalyon.creatis.vip.core.server.business.ConfigurationBusiness - verifying test3@test.fr. List of undesired mail domains: . 
18:00:10.958 [main] INFO fr.insalyon.creatis.vip.core.server.business.ConfigurationBusiness - Signing up . List of undesired countries: .
18:00:10.959 [main] DEBUG org.springframework.jdbc.datasource.DataSourceTransactionManager - Participating in existing transaction
18:00:10.959 [main] DEBUG org.springframework.jdbc.datasource.DataSourceTransactionManager - Participating in existing transaction
18:00:10.959 [main] INFO fr.insalyon.creatis.vip.core.server.business.ConfigurationBusiness - Sending confirmation email to 'test3@test.fr'.
18:00:10.959 [main] DEBUG org.springframework.jdbc.datasource.DataSourceTransactionManager - Participating in existing transaction
18:00:10.959 [main] DEBUG org.springframework.jdbc.datasource.DataSourceTransactionManager - Participating in existing transaction
18:00:10.959 [main] DEBUG org.springframework.jdbc.datasource.DataSourceTransactionManager - Participating in existing transaction
18:00:10.959 [main] DEBUG org.springframework.jdbc.datasource.DataSourceTransactionManager - Participating in existing transaction
User = test4@test.fr
18:00:10.960 [main] INFO fr.insalyon.creatis.vip.core.server.business.ConfigurationBusiness - verifying test4@test.fr. List of undesired mail domains: . 
18:00:10.960 [main] INFO fr.insalyon.creatis.vip.core.server.business.ConfigurationBusiness - Signing up . List of undesired countries: .
18:00:10.960 [main] DEBUG org.springframework.jdbc.datasource.DataSourceTransactionManager - Participating in existing transaction
18:00:10.960 [main] DEBUG org.springframework.jdbc.datasource.DataSourceTransactionManager - Participating in existing transaction
18:00:10.960 [main] INFO fr.insalyon.creatis.vip.core.server.business.ConfigurationBusiness - Sending confirmation email to 'test4@test.fr'.
18:00:10.960 [main] DEBUG org.springframework.jdbc.datasource.DataSourceTransactionManager - Participating in existing transaction
18:00:10.961 [main] DEBUG org.springframework.jdbc.datasource.DataSourceTransactionManager - Participating in existing transaction
18:00:10.961 [main] DEBUG org.springframework.jdbc.datasource.DataSourceTransactionManager - Participating in existing transaction
18:00:10.967 [main] DEBUG org.springframework.jdbc.datasource.DataSourceTransactionManager - Participating in existing transaction
18:00:10.967 [main] DEBUG org.springframework.jdbc.datasource.DataSourceTransactionManager - Participating in existing transaction
18:00:10.967 [main] DEBUG org.springframework.jdbc.datasource.DataSourceTransactionManager - Participating in existing transaction
18:00:10.967 [main] DEBUG org.springframework.jdbc.datasource.DataSourceTransactionManager - Participating in existing transaction
18:00:10.967 [main] DEBUG org.springframework.jdbc.datasource.DataSourceTransactionManager - Participating in existing transaction
18:00:10.967 [main] DEBUG org.springframework.jdbc.datasource.DataSourceTransactionManager - Participating in existing transaction
18:00:10.967 [main] DEBUG org.springframework.jdbc.datasource.DataSourceTransactionManager - Participating in existing transaction
18:00:10.967 [main] DEBUG org.springframework.jdbc.datasource.DataSourceTransactionManager - Participating in existing transaction
18:00:10.967 [main] DEBUG org.springframework.jdbc.datasource.DataSourceTransactionManager - Participating in existing transaction
User = email5@test.fr
18:00:10.968 [main] INFO fr.insalyon.creatis.vip.core.server.business.ConfigurationBusiness - verifying email5@test.fr. List of undesired mail domains: . 
18:00:10.968 [main] INFO fr.insalyon.creatis.vip.core.server.business.ConfigurationBusiness - Signing up . List of undesired countries: .
18:00:10.968 [main] DEBUG org.springframework.jdbc.datasource.DataSourceTransactionManager - Participating in existing transaction
18:00:10.968 [main] DEBUG org.springframework.jdbc.datasource.DataSourceTransactionManager - Participating in existing transaction
18:00:10.968 [main] INFO fr.insalyon.creatis.vip.core.server.business.ConfigurationBusiness - Sending confirmation email to 'email5@test.fr'.
18:00:10.968 [main] DEBUG org.springframework.jdbc.datasource.DataSourceTransactionManager - Participating in existing transaction
18:00:10.969 [main] DEBUG org.springframework.test.context.cache.DefaultCacheAwareContextLoaderDelegate - Retrieved ApplicationContext [1050971191] from cache with key [[MergedContextConfiguration@1389e498 testClass = ConfigurationBusiness_CoreSpringServerIT, locations = '{}', classes = '{class fr.insalyon.creatis.vip.core.server.SpringCoreConfig}', contextInitializerClasses = '[]', activeProfiles = '{test-db, test}', propertySourceLocations = '{}', propertySourceProperties = '{db.tableEngine=}', contextCustomizers = set[[empty]], contextLoader = 'org.springframework.test.context.support.DelegatingSmartContextLoader', parent = [null]]]
18:00:10.969 [main] DEBUG org.springframework.test.context.cache - Spring test ApplicationContext cache statistics: [DefaultContextCache@4675f5b0 size = 1, maxSize = 32, parentContextCount = 0, hitCount = 380, missCount = 1]
18:00:10.969 [main] DEBUG org.springframework.test.context.cache.DefaultCacheAwareContextLoaderDelegate - Retrieved ApplicationContext [1050971191] from cache with key [[MergedContextConfiguration@1389e498 testClass = ConfigurationBusiness_CoreSpringServerIT, locations = '{}', classes = '{class fr.insalyon.creatis.vip.core.server.SpringCoreConfig}', contextInitializerClasses = '[]', activeProfiles = '{test-db, test}', propertySourceLocations = '{}', propertySourceProperties = '{db.tableEngine=}', contextCustomizers = set[[empty]], contextLoader = 'org.springframework.test.context.support.DelegatingSmartContextLoader', parent = [null]]]
18:00:10.969 [main] DEBUG org.springframework.test.context.cache - Spring test ApplicationContext cache statistics: [DefaultContextCache@4675f5b0 size = 1, maxSize = 32, parentContextCount = 0, hitCount = 381, missCount = 1]
18:00:10.969 [main] DEBUG org.springframework.test.context.cache.DefaultCacheAwareContextLoaderDelegate - Retrieved ApplicationContext [1050971191] from cache with key [[MergedContextConfiguration@1389e498 testClass = ConfigurationBusiness_CoreSpringServerIT, locations = '{}', classes = '{class fr.insalyon.creatis.vip.core.server.SpringCoreConfig}', contextInitializerClasses = '[]', activeProfiles = '{test-db, test}', propertySourceLocations = '{}', propertySourceProperties = '{db.tableEngine=}', contextCustomizers = set[[empty]], contextLoader = 'org.springframework.test.context.support.DelegatingSmartContextLoader', parent = [null]]]
18:00:10.969 [main] DEBUG org.springframework.test.context.cache - Spring test ApplicationContext cache statistics: [DefaultContextCache@4675f5b0 size = 1, maxSize = 32, parentContextCount = 0, hitCount = 382, missCount = 1]
18:00:10.969 [main] DEBUG org.springframework.jdbc.datasource.DataSourceTransactionManager - Initiating transaction rollback
18:00:10.969 [main] DEBUG org.springframework.jdbc.datasource.DataSourceTransactionManager - Rolling back JDBC transaction on Connection [conn68: url=jdbc:h2:mem:fec2b152-de2f-4c07-a3e1-df691c7daf9d user=SA]
18:00:10.969 [main] DEBUG org.springframework.jdbc.datasource.DataSourceTransactionManager - Releasing JDBC Connection [conn68: url=jdbc:h2:mem:fec2b152-de2f-4c07-a3e1-df691c7daf9d user=SA] after transaction
18:00:10.969 [main] INFO org.springframework.test.context.transaction.TransactionContext - Rolled back transaction for test: [DefaultTestContext@18e20fa8 testClass = ConfigurationBusiness_CoreSpringServerIT, testInstance = ConfigurationBusiness_CoreSpringServerIT@f160948, testMethod = testIsGroupNotAdmin@ConfigurationBusiness_CoreSpringServerIT, testException = [null], mergedContextConfiguration = [MergedContextConfiguration@1389e498 testClass = ConfigurationBusiness_CoreSpringServerIT, locations = '{}', classes = '{class fr.insalyon.creatis.vip.core.server.SpringCoreConfig}', contextInitializerClasses = '[]', activeProfiles = '{test-db, test}', propertySourceLocations = '{}', propertySourceProperties = '{db.tableEngine=}', contextCustomizers = set[[empty]], contextLoader = 'org.springframework.test.context.support.DelegatingSmartContextLoader', parent = [null]], attributes = map['org.springframework.test.context.event.ApplicationEventsTestExecutionListener.recordApplicationEvents' -> false]]
18:00:10.970 [main] DEBUG org.springframework.test.context.support.AbstractDirtiesContextTestExecutionListener - After test method: context [DefaultTestContext@18e20fa8 testClass = ConfigurationBusiness_CoreSpringServerIT, testInstance = ConfigurationBusiness_CoreSpringServerIT@f160948, testMethod = testIsGroupNotAdmin@ConfigurationBusiness_CoreSpringServerIT, testException = [null], mergedContextConfiguration = [MergedContextConfiguration@1389e498 testClass = ConfigurationBusiness_CoreSpringServerIT, locations = '{}', classes = '{class fr.insalyon.creatis.vip.core.server.SpringCoreConfig}', contextInitializerClasses = '[]', activeProfiles = '{test-db, test}', propertySourceLocations = '{}', propertySourceProperties = '{db.tableEngine=}', contextCustomizers = set[[empty]], contextLoader = 'org.springframework.test.context.support.DelegatingSmartContextLoader', parent = [null]], attributes = map['org.springframework.test.context.event.ApplicationEventsTestExecutionListener.recordApplicationEvents' -> false]], class annotated with @DirtiesContext [false] with mode [null], method annotated with @DirtiesContext [false] with mode [null].
]]></system-out>
  </testcase>
  <testcase name="testCatchGetGroups" classname="ConfigurationBusiness_CoreSpringServerIT" time="0.02">
    <system-out><![CDATA[18:00:10.973 [main] DEBUG org.springframework.test.context.support.DependencyInjectionTestExecutionListener - Performing dependency injection for test context [[DefaultTestContext@18e20fa8 testClass = ConfigurationBusiness_CoreSpringServerIT, testInstance = ConfigurationBusiness_CoreSpringServerIT@23fda602, testMethod = [null], testException = [null], mergedContextConfiguration = [MergedContextConfiguration@1389e498 testClass = ConfigurationBusiness_CoreSpringServerIT, locations = '{}', classes = '{class fr.insalyon.creatis.vip.core.server.SpringCoreConfig}', contextInitializerClasses = '[]', activeProfiles = '{test-db, test}', propertySourceLocations = '{}', propertySourceProperties = '{db.tableEngine=}', contextCustomizers = set[[empty]], contextLoader = 'org.springframework.test.context.support.DelegatingSmartContextLoader', parent = [null]], attributes = map['org.springframework.test.context.event.ApplicationEventsTestExecutionListener.recordApplicationEvents' -> false]]].
18:00:10.973 [main] DEBUG org.springframework.test.context.cache.DefaultCacheAwareContextLoaderDelegate - Retrieved ApplicationContext [1050971191] from cache with key [[MergedContextConfiguration@1389e498 testClass = ConfigurationBusiness_CoreSpringServerIT, locations = '{}', classes = '{class fr.insalyon.creatis.vip.core.server.SpringCoreConfig}', contextInitializerClasses = '[]', activeProfiles = '{test-db, test}', propertySourceLocations = '{}', propertySourceProperties = '{db.tableEngine=}', contextCustomizers = set[[empty]], contextLoader = 'org.springframework.test.context.support.DelegatingSmartContextLoader', parent = [null]]]
18:00:10.973 [main] DEBUG org.springframework.test.context.cache - Spring test ApplicationContext cache statistics: [DefaultContextCache@4675f5b0 size = 1, maxSize = 32, parentContextCount = 0, hitCount = 383, missCount = 1]
18:00:10.973 [main] DEBUG org.springframework.test.context.cache.DefaultCacheAwareContextLoaderDelegate - Retrieved ApplicationContext [1050971191] from cache with key [[MergedContextConfiguration@1389e498 testClass = ConfigurationBusiness_CoreSpringServerIT, locations = '{}', classes = '{class fr.insalyon.creatis.vip.core.server.SpringCoreConfig}', contextInitializerClasses = '[]', activeProfiles = '{test-db, test}', propertySourceLocations = '{}', propertySourceProperties = '{db.tableEngine=}', contextCustomizers = set[[empty]], contextLoader = 'org.springframework.test.context.support.DelegatingSmartContextLoader', parent = [null]]]
18:00:10.973 [main] DEBUG org.springframework.test.context.cache - Spring test ApplicationContext cache statistics: [DefaultContextCache@4675f5b0 size = 1, maxSize = 32, parentContextCount = 0, hitCount = 384, missCount = 1]
18:00:10.974 [main] DEBUG org.springframework.test.context.support.AbstractDirtiesContextTestExecutionListener - Before test method: context [DefaultTestContext@18e20fa8 testClass = ConfigurationBusiness_CoreSpringServerIT, testInstance = ConfigurationBusiness_CoreSpringServerIT@23fda602, testMethod = testCatchGetGroups@ConfigurationBusiness_CoreSpringServerIT, testException = [null], mergedContextConfiguration = [MergedContextConfiguration@1389e498 testClass = ConfigurationBusiness_CoreSpringServerIT, locations = '{}', classes = '{class fr.insalyon.creatis.vip.core.server.SpringCoreConfig}', contextInitializerClasses = '[]', activeProfiles = '{test-db, test}', propertySourceLocations = '{}', propertySourceProperties = '{db.tableEngine=}', contextCustomizers = set[[empty]], contextLoader = 'org.springframework.test.context.support.DelegatingSmartContextLoader', parent = [null]], attributes = map['org.springframework.test.context.event.ApplicationEventsTestExecutionListener.recordApplicationEvents' -> false]], class annotated with @DirtiesContext [false] with mode [null], method annotated with @DirtiesContext [false] with mode [null].
18:00:10.975 [main] DEBUG org.springframework.test.context.transaction.TransactionalTestExecutionListener - Explicit transaction definition [PROPAGATION_REQUIRED,ISOLATION_DEFAULT] found for test context [DefaultTestContext@18e20fa8 testClass = ConfigurationBusiness_CoreSpringServerIT, testInstance = ConfigurationBusiness_CoreSpringServerIT@23fda602, testMethod = testCatchGetGroups@ConfigurationBusiness_CoreSpringServerIT, testException = [null], mergedContextConfiguration = [MergedContextConfiguration@1389e498 testClass = ConfigurationBusiness_CoreSpringServerIT, locations = '{}', classes = '{class fr.insalyon.creatis.vip.core.server.SpringCoreConfig}', contextInitializerClasses = '[]', activeProfiles = '{test-db, test}', propertySourceLocations = '{}', propertySourceProperties = '{db.tableEngine=}', contextCustomizers = set[[empty]], contextLoader = 'org.springframework.test.context.support.DelegatingSmartContextLoader', parent = [null]], attributes = map['org.springframework.test.context.event.ApplicationEventsTestExecutionListener.recordApplicationEvents' -> false]]
18:00:10.975 [main] DEBUG org.springframework.test.context.cache.DefaultCacheAwareContextLoaderDelegate - Retrieved ApplicationContext [1050971191] from cache with key [[MergedContextConfiguration@1389e498 testClass = ConfigurationBusiness_CoreSpringServerIT, locations = '{}', classes = '{class fr.insalyon.creatis.vip.core.server.SpringCoreConfig}', contextInitializerClasses = '[]', activeProfiles = '{test-db, test}', propertySourceLocations = '{}', propertySourceProperties = '{db.tableEngine=}', contextCustomizers = set[[empty]], contextLoader = 'org.springframework.test.context.support.DelegatingSmartContextLoader', parent = [null]]]
18:00:10.975 [main] DEBUG org.springframework.test.context.cache - Spring test ApplicationContext cache statistics: [DefaultContextCache@4675f5b0 size = 1, maxSize = 32, parentContextCount = 0, hitCount = 385, missCount = 1]
18:00:10.975 [main] DEBUG org.springframework.test.context.transaction.TransactionalTestExecutionListener - No method-level @Rollback override: using default rollback [true] for test context [DefaultTestContext@18e20fa8 testClass = ConfigurationBusiness_CoreSpringServerIT, testInstance = ConfigurationBusiness_CoreSpringServerIT@23fda602, testMethod = testCatchGetGroups@ConfigurationBusiness_CoreSpringServerIT, testException = [null], mergedContextConfiguration = [MergedContextConfiguration@1389e498 testClass = ConfigurationBusiness_CoreSpringServerIT, locations = '{}', classes = '{class fr.insalyon.creatis.vip.core.server.SpringCoreConfig}', contextInitializerClasses = '[]', activeProfiles = '{test-db, test}', propertySourceLocations = '{}', propertySourceProperties = '{db.tableEngine=}', contextCustomizers = set[[empty]], contextLoader = 'org.springframework.test.context.support.DelegatingSmartContextLoader', parent = [null]], attributes = map['org.springframework.test.context.event.ApplicationEventsTestExecutionListener.recordApplicationEvents' -> false]].
18:00:10.975 [main] DEBUG org.springframework.jdbc.datasource.DataSourceTransactionManager - Creating new transaction with name [ConfigurationBusiness_CoreSpringServerIT.testCatchGetGroups]: PROPAGATION_REQUIRED,ISOLATION_DEFAULT
18:00:10.976 [main] DEBUG org.springframework.jdbc.datasource.DataSourceTransactionManager - Acquired Connection [Lazy Connection proxy for target DataSource [org.springframework.jdbc.datasource.embedded.EmbeddedDatabaseFactory$EmbeddedDataSourceProxy@5764c072]] for JDBC transaction
18:00:10.976 [main] DEBUG org.springframework.jdbc.datasource.DataSourceTransactionManager - Switching JDBC Connection [Lazy Connection proxy for target DataSource [org.springframework.jdbc.datasource.embedded.EmbeddedDatabaseFactory$EmbeddedDataSourceProxy@5764c072]] to manual commit
18:00:10.976 [main] INFO org.springframework.test.context.transaction.TransactionContext - Began transaction (1) for test context [DefaultTestContext@18e20fa8 testClass = ConfigurationBusiness_CoreSpringServerIT, testInstance = ConfigurationBusiness_CoreSpringServerIT@23fda602, testMethod = testCatchGetGroups@ConfigurationBusiness_CoreSpringServerIT, testException = [null], mergedContextConfiguration = [MergedContextConfiguration@1389e498 testClass = ConfigurationBusiness_CoreSpringServerIT, locations = '{}', classes = '{class fr.insalyon.creatis.vip.core.server.SpringCoreConfig}', contextInitializerClasses = '[]', activeProfiles = '{test-db, test}', propertySourceLocations = '{}', propertySourceProperties = '{db.tableEngine=}', contextCustomizers = set[[empty]], contextLoader = 'org.springframework.test.context.support.DelegatingSmartContextLoader', parent = [null]], attributes = map['org.springframework.test.context.event.ApplicationEventsTestExecutionListener.recordApplicationEvents' -> false]]; transaction manager [org.springframework.jdbc.datasource.DataSourceTransactionManager@178b2df1]; rollback [true]
18:00:10.976 [main] DEBUG org.springframework.test.context.cache.DefaultCacheAwareContextLoaderDelegate - Retrieved ApplicationContext [1050971191] from cache with key [[MergedContextConfiguration@1389e498 testClass = ConfigurationBusiness_CoreSpringServerIT, locations = '{}', classes = '{class fr.insalyon.creatis.vip.core.server.SpringCoreConfig}', contextInitializerClasses = '[]', activeProfiles = '{test-db, test}', propertySourceLocations = '{}', propertySourceProperties = '{db.tableEngine=}', contextCustomizers = set[[empty]], contextLoader = 'org.springframework.test.context.support.DelegatingSmartContextLoader', parent = [null]]]
18:00:10.976 [main] DEBUG org.springframework.test.context.cache - Spring test ApplicationContext cache statistics: [DefaultContextCache@4675f5b0 size = 1, maxSize = 32, parentContextCount = 0, hitCount = 386, missCount = 1]
18:00:10.983 [main] DEBUG org.springframework.jdbc.datasource.DataSourceTransactionManager - Participating in existing transaction
18:00:10.983 [main] DEBUG org.springframework.jdbc.datasource.DataSourceTransactionManager - Participating in existing transaction
18:00:10.983 [main] DEBUG org.springframework.jdbc.datasource.SimpleDriverDataSource - Creating new JDBC Driver Connection to [jdbc:h2:mem:fec2b152-de2f-4c07-a3e1-df691c7daf9d;DB_CLOSE_DELAY=-1;DB_CLOSE_ON_EXIT=false]
18:00:10.984 [main] DEBUG org.springframework.jdbc.datasource.DataSourceTransactionManager - Participating in existing transaction
18:00:10.984 [main] DEBUG org.springframework.jdbc.datasource.DataSourceTransactionManager - Participating in existing transaction
18:00:10.984 [main] DEBUG org.springframework.jdbc.datasource.DataSourceTransactionManager - Participating in existing transaction
18:00:10.984 [main] DEBUG org.springframework.jdbc.datasource.DataSourceTransactionManager - Participating in existing transaction
18:00:10.984 [main] DEBUG org.springframework.jdbc.datasource.DataSourceTransactionManager - Participating in existing transaction
User = test1@test.fr
18:00:10.984 [main] INFO fr.insalyon.creatis.vip.core.server.business.ConfigurationBusiness - verifying test1@test.fr. List of undesired mail domains: . 
18:00:10.985 [main] INFO fr.insalyon.creatis.vip.core.server.business.ConfigurationBusiness - Signing up . List of undesired countries: .
18:00:10.985 [main] DEBUG org.springframework.jdbc.datasource.DataSourceTransactionManager - Participating in existing transaction
18:00:10.985 [main] DEBUG org.springframework.jdbc.datasource.DataSourceTransactionManager - Participating in existing transaction
18:00:10.985 [main] INFO fr.insalyon.creatis.vip.core.server.business.ConfigurationBusiness - Sending confirmation email to 'test1@test.fr'.
18:00:10.985 [main] DEBUG org.springframework.jdbc.datasource.DataSourceTransactionManager - Participating in existing transaction
18:00:10.986 [main] DEBUG org.springframework.jdbc.datasource.DataSourceTransactionManager - Participating in existing transaction
18:00:10.986 [main] DEBUG org.springframework.jdbc.datasource.DataSourceTransactionManager - Participating in existing transaction
18:00:10.986 [main] DEBUG org.springframework.jdbc.datasource.DataSourceTransactionManager - Participating in existing transaction
User = test2@test.fr
18:00:10.986 [main] INFO fr.insalyon.creatis.vip.core.server.business.ConfigurationBusiness - verifying test2@test.fr. List of undesired mail domains: . 
18:00:10.986 [main] INFO fr.insalyon.creatis.vip.core.server.business.ConfigurationBusiness - Signing up . List of undesired countries: .
18:00:10.987 [main] DEBUG org.springframework.jdbc.datasource.DataSourceTransactionManager - Participating in existing transaction
18:00:10.987 [main] DEBUG org.springframework.jdbc.datasource.DataSourceTransactionManager - Participating in existing transaction
18:00:10.987 [main] INFO fr.insalyon.creatis.vip.core.server.business.ConfigurationBusiness - Sending confirmation email to 'test2@test.fr'.
18:00:10.987 [main] DEBUG org.springframework.jdbc.datasource.DataSourceTransactionManager - Participating in existing transaction
18:00:10.987 [main] DEBUG org.springframework.jdbc.datasource.DataSourceTransactionManager - Participating in existing transaction
18:00:10.987 [main] DEBUG org.springframework.jdbc.datasource.DataSourceTransactionManager - Participating in existing transaction
18:00:10.988 [main] DEBUG org.springframework.jdbc.datasource.DataSourceTransactionManager - Participating in existing transaction
User = test3@test.fr
18:00:10.988 [main] INFO fr.insalyon.creatis.vip.core.server.business.ConfigurationBusiness - verifying test3@test.fr. List of undesired mail domains: . 
18:00:10.988 [main] INFO fr.insalyon.creatis.vip.core.server.business.ConfigurationBusiness - Signing up . List of undesired countries: .
18:00:10.988 [main] DEBUG org.springframework.jdbc.datasource.DataSourceTransactionManager - Participating in existing transaction
18:00:10.988 [main] DEBUG org.springframework.jdbc.datasource.DataSourceTransactionManager - Participating in existing transaction
18:00:10.988 [main] INFO fr.insalyon.creatis.vip.core.server.business.ConfigurationBusiness - Sending confirmation email to 'test3@test.fr'.
18:00:10.988 [main] DEBUG org.springframework.jdbc.datasource.DataSourceTransactionManager - Participating in existing transaction
18:00:10.989 [main] DEBUG org.springframework.jdbc.datasource.DataSourceTransactionManager - Participating in existing transaction
18:00:10.989 [main] DEBUG org.springframework.jdbc.datasource.DataSourceTransactionManager - Participating in existing transaction
18:00:10.989 [main] DEBUG org.springframework.jdbc.datasource.DataSourceTransactionManager - Participating in existing transaction
User = test4@test.fr
18:00:10.989 [main] INFO fr.insalyon.creatis.vip.core.server.business.ConfigurationBusiness - verifying test4@test.fr. List of undesired mail domains: . 
18:00:10.989 [main] INFO fr.insalyon.creatis.vip.core.server.business.ConfigurationBusiness - Signing up . List of undesired countries: .
18:00:10.989 [main] DEBUG org.springframework.jdbc.datasource.DataSourceTransactionManager - Participating in existing transaction
18:00:10.989 [main] DEBUG org.springframework.jdbc.datasource.DataSourceTransactionManager - Participating in existing transaction
18:00:10.989 [main] INFO fr.insalyon.creatis.vip.core.server.business.ConfigurationBusiness - Sending confirmation email to 'test4@test.fr'.
18:00:10.990 [main] DEBUG org.springframework.jdbc.datasource.DataSourceTransactionManager - Participating in existing transaction
18:00:10.990 [main] DEBUG org.springframework.jdbc.datasource.DataSourceTransactionManager - Participating in existing transaction
18:00:10.990 [main] DEBUG org.springframework.jdbc.datasource.DataSourceTransactionManager - Participating in existing transaction
18:00:10.990 [main] DEBUG org.springframework.jdbc.datasource.DataSourceTransactionManager - Participating in existing transaction
18:00:10.990 [main] DEBUG org.springframework.jdbc.datasource.DataSourceTransactionManager - Participating in existing transaction
18:00:10.990 [main] DEBUG org.springframework.jdbc.datasource.DataSourceTransactionManager - Participating in existing transaction
18:00:10.990 [main] DEBUG org.springframework.jdbc.datasource.DataSourceTransactionManager - Participating in existing transaction
18:00:10.990 [main] DEBUG org.springframework.jdbc.datasource.DataSourceTransactionManager - Participating in existing transaction
18:00:10.990 [main] DEBUG org.springframework.jdbc.datasource.DataSourceTransactionManager - Participating in existing transaction
18:00:10.990 [main] DEBUG org.springframework.jdbc.datasource.DataSourceTransactionManager - Participating in existing transaction
18:00:10.990 [main] DEBUG org.springframework.jdbc.datasource.DataSourceTransactionManager - Participating in existing transaction
18:00:10.991 [main] DEBUG org.springframework.jdbc.datasource.DataSourceTransactionManager - Participating in existing transaction
User = email5@test.fr
18:00:10.991 [main] INFO fr.insalyon.creatis.vip.core.server.business.ConfigurationBusiness - verifying email5@test.fr. List of undesired mail domains: . 
18:00:10.991 [main] INFO fr.insalyon.creatis.vip.core.server.business.ConfigurationBusiness - Signing up . List of undesired countries: .
18:00:10.992 [main] DEBUG org.springframework.jdbc.datasource.DataSourceTransactionManager - Participating in existing transaction
18:00:10.992 [main] DEBUG org.springframework.jdbc.datasource.DataSourceTransactionManager - Participating in existing transaction
18:00:10.992 [main] INFO fr.insalyon.creatis.vip.core.server.business.ConfigurationBusiness - Sending confirmation email to 'email5@test.fr'.
18:00:10.992 [main] DEBUG org.springframework.jdbc.datasource.DataSourceTransactionManager - Participating in existing transaction
18:00:10.993 [main] DEBUG org.springframework.test.context.cache.DefaultCacheAwareContextLoaderDelegate - Retrieved ApplicationContext [1050971191] from cache with key [[MergedContextConfiguration@1389e498 testClass = ConfigurationBusiness_CoreSpringServerIT, locations = '{}', classes = '{class fr.insalyon.creatis.vip.core.server.SpringCoreConfig}', contextInitializerClasses = '[]', activeProfiles = '{test-db, test}', propertySourceLocations = '{}', propertySourceProperties = '{db.tableEngine=}', contextCustomizers = set[[empty]], contextLoader = 'org.springframework.test.context.support.DelegatingSmartContextLoader', parent = [null]]]
18:00:10.993 [main] DEBUG org.springframework.test.context.cache - Spring test ApplicationContext cache statistics: [DefaultContextCache@4675f5b0 size = 1, maxSize = 32, parentContextCount = 0, hitCount = 387, missCount = 1]
18:00:10.993 [main] DEBUG org.springframework.jdbc.datasource.DataSourceTransactionManager - Participating in existing transaction
18:00:10.993 [main] DEBUG org.springframework.jdbc.datasource.DataSourceTransactionManager - Participating in existing transaction
18:00:10.993 [main] DEBUG org.springframework.test.context.cache.DefaultCacheAwareContextLoaderDelegate - Retrieved ApplicationContext [1050971191] from cache with key [[MergedContextConfiguration@1389e498 testClass = ConfigurationBusiness_CoreSpringServerIT, locations = '{}', classes = '{class fr.insalyon.creatis.vip.core.server.SpringCoreConfig}', contextInitializerClasses = '[]', activeProfiles = '{test-db, test}', propertySourceLocations = '{}', propertySourceProperties = '{db.tableEngine=}', contextCustomizers = set[[empty]], contextLoader = 'org.springframework.test.context.support.DelegatingSmartContextLoader', parent = [null]]]
18:00:10.993 [main] DEBUG org.springframework.test.context.cache - Spring test ApplicationContext cache statistics: [DefaultContextCache@4675f5b0 size = 1, maxSize = 32, parentContextCount = 0, hitCount = 388, missCount = 1]
18:00:10.993 [main] DEBUG org.springframework.test.context.cache.DefaultCacheAwareContextLoaderDelegate - Retrieved ApplicationContext [1050971191] from cache with key [[MergedContextConfiguration@1389e498 testClass = ConfigurationBusiness_CoreSpringServerIT, locations = '{}', classes = '{class fr.insalyon.creatis.vip.core.server.SpringCoreConfig}', contextInitializerClasses = '[]', activeProfiles = '{test-db, test}', propertySourceLocations = '{}', propertySourceProperties = '{db.tableEngine=}', contextCustomizers = set[[empty]], contextLoader = 'org.springframework.test.context.support.DelegatingSmartContextLoader', parent = [null]]]
18:00:10.993 [main] DEBUG org.springframework.test.context.cache - Spring test ApplicationContext cache statistics: [DefaultContextCache@4675f5b0 size = 1, maxSize = 32, parentContextCount = 0, hitCount = 389, missCount = 1]
18:00:10.993 [main] DEBUG org.springframework.jdbc.datasource.DataSourceTransactionManager - Initiating transaction rollback
18:00:10.993 [main] DEBUG org.springframework.jdbc.datasource.DataSourceTransactionManager - Rolling back JDBC transaction on Connection [conn69: url=jdbc:h2:mem:fec2b152-de2f-4c07-a3e1-df691c7daf9d user=SA]
18:00:10.993 [main] DEBUG org.springframework.jdbc.datasource.DataSourceTransactionManager - Releasing JDBC Connection [conn69: url=jdbc:h2:mem:fec2b152-de2f-4c07-a3e1-df691c7daf9d user=SA] after transaction
18:00:10.993 [main] INFO org.springframework.test.context.transaction.TransactionContext - Rolled back transaction for test: [DefaultTestContext@18e20fa8 testClass = ConfigurationBusiness_CoreSpringServerIT, testInstance = ConfigurationBusiness_CoreSpringServerIT@23fda602, testMethod = testCatchGetGroups@ConfigurationBusiness_CoreSpringServerIT, testException = [null], mergedContextConfiguration = [MergedContextConfiguration@1389e498 testClass = ConfigurationBusiness_CoreSpringServerIT, locations = '{}', classes = '{class fr.insalyon.creatis.vip.core.server.SpringCoreConfig}', contextInitializerClasses = '[]', activeProfiles = '{test-db, test}', propertySourceLocations = '{}', propertySourceProperties = '{db.tableEngine=}', contextCustomizers = set[[empty]], contextLoader = 'org.springframework.test.context.support.DelegatingSmartContextLoader', parent = [null]], attributes = map['org.springframework.test.context.event.ApplicationEventsTestExecutionListener.recordApplicationEvents' -> false]]
18:00:10.994 [main] DEBUG org.springframework.test.context.support.AbstractDirtiesContextTestExecutionListener - After test method: context [DefaultTestContext@18e20fa8 testClass = ConfigurationBusiness_CoreSpringServerIT, testInstance = ConfigurationBusiness_CoreSpringServerIT@23fda602, testMethod = testCatchGetGroups@ConfigurationBusiness_CoreSpringServerIT, testException = [null], mergedContextConfiguration = [MergedContextConfiguration@1389e498 testClass = ConfigurationBusiness_CoreSpringServerIT, locations = '{}', classes = '{class fr.insalyon.creatis.vip.core.server.SpringCoreConfig}', contextInitializerClasses = '[]', activeProfiles = '{test-db, test}', propertySourceLocations = '{}', propertySourceProperties = '{db.tableEngine=}', contextCustomizers = set[[empty]], contextLoader = 'org.springframework.test.context.support.DelegatingSmartContextLoader', parent = [null]], attributes = map['org.springframework.test.context.event.ApplicationEventsTestExecutionListener.recordApplicationEvents' -> false]], class annotated with @DirtiesContext [false] with mode [null], method annotated with @DirtiesContext [false] with mode [null].
]]></system-out>
  </testcase>
  <testcase name="testGetUserNames" classname="ConfigurationBusiness_CoreSpringServerIT" time="0.021">
    <system-out><![CDATA[18:00:10.994 [main] DEBUG org.springframework.test.context.support.DependencyInjectionTestExecutionListener - Performing dependency injection for test context [[DefaultTestContext@18e20fa8 testClass = ConfigurationBusiness_CoreSpringServerIT, testInstance = ConfigurationBusiness_CoreSpringServerIT@4d027201, testMethod = [null], testException = [null], mergedContextConfiguration = [MergedContextConfiguration@1389e498 testClass = ConfigurationBusiness_CoreSpringServerIT, locations = '{}', classes = '{class fr.insalyon.creatis.vip.core.server.SpringCoreConfig}', contextInitializerClasses = '[]', activeProfiles = '{test-db, test}', propertySourceLocations = '{}', propertySourceProperties = '{db.tableEngine=}', contextCustomizers = set[[empty]], contextLoader = 'org.springframework.test.context.support.DelegatingSmartContextLoader', parent = [null]], attributes = map['org.springframework.test.context.event.ApplicationEventsTestExecutionListener.recordApplicationEvents' -> false]]].
18:00:10.994 [main] DEBUG org.springframework.test.context.cache.DefaultCacheAwareContextLoaderDelegate - Retrieved ApplicationContext [1050971191] from cache with key [[MergedContextConfiguration@1389e498 testClass = ConfigurationBusiness_CoreSpringServerIT, locations = '{}', classes = '{class fr.insalyon.creatis.vip.core.server.SpringCoreConfig}', contextInitializerClasses = '[]', activeProfiles = '{test-db, test}', propertySourceLocations = '{}', propertySourceProperties = '{db.tableEngine=}', contextCustomizers = set[[empty]], contextLoader = 'org.springframework.test.context.support.DelegatingSmartContextLoader', parent = [null]]]
18:00:11.008 [main] DEBUG org.springframework.test.context.cache - Spring test ApplicationContext cache statistics: [DefaultContextCache@4675f5b0 size = 1, maxSize = 32, parentContextCount = 0, hitCount = 390, missCount = 1]
18:00:11.008 [main] DEBUG org.springframework.test.context.cache.DefaultCacheAwareContextLoaderDelegate - Retrieved ApplicationContext [1050971191] from cache with key [[MergedContextConfiguration@1389e498 testClass = ConfigurationBusiness_CoreSpringServerIT, locations = '{}', classes = '{class fr.insalyon.creatis.vip.core.server.SpringCoreConfig}', contextInitializerClasses = '[]', activeProfiles = '{test-db, test}', propertySourceLocations = '{}', propertySourceProperties = '{db.tableEngine=}', contextCustomizers = set[[empty]], contextLoader = 'org.springframework.test.context.support.DelegatingSmartContextLoader', parent = [null]]]
18:00:11.008 [main] DEBUG org.springframework.test.context.cache - Spring test ApplicationContext cache statistics: [DefaultContextCache@4675f5b0 size = 1, maxSize = 32, parentContextCount = 0, hitCount = 391, missCount = 1]
18:00:11.011 [main] DEBUG org.springframework.test.context.support.AbstractDirtiesContextTestExecutionListener - Before test method: context [DefaultTestContext@18e20fa8 testClass = ConfigurationBusiness_CoreSpringServerIT, testInstance = ConfigurationBusiness_CoreSpringServerIT@4d027201, testMethod = testGetUserNames@ConfigurationBusiness_CoreSpringServerIT, testException = [null], mergedContextConfiguration = [MergedContextConfiguration@1389e498 testClass = ConfigurationBusiness_CoreSpringServerIT, locations = '{}', classes = '{class fr.insalyon.creatis.vip.core.server.SpringCoreConfig}', contextInitializerClasses = '[]', activeProfiles = '{test-db, test}', propertySourceLocations = '{}', propertySourceProperties = '{db.tableEngine=}', contextCustomizers = set[[empty]], contextLoader = 'org.springframework.test.context.support.DelegatingSmartContextLoader', parent = [null]], attributes = map['org.springframework.test.context.event.ApplicationEventsTestExecutionListener.recordApplicationEvents' -> false]], class annotated with @DirtiesContext [false] with mode [null], method annotated with @DirtiesContext [false] with mode [null].
18:00:11.011 [main] DEBUG org.springframework.test.context.transaction.TransactionalTestExecutionListener - Explicit transaction definition [PROPAGATION_REQUIRED,ISOLATION_DEFAULT] found for test context [DefaultTestContext@18e20fa8 testClass = ConfigurationBusiness_CoreSpringServerIT, testInstance = ConfigurationBusiness_CoreSpringServerIT@4d027201, testMethod = testGetUserNames@ConfigurationBusiness_CoreSpringServerIT, testException = [null], mergedContextConfiguration = [MergedContextConfiguration@1389e498 testClass = ConfigurationBusiness_CoreSpringServerIT, locations = '{}', classes = '{class fr.insalyon.creatis.vip.core.server.SpringCoreConfig}', contextInitializerClasses = '[]', activeProfiles = '{test-db, test}', propertySourceLocations = '{}', propertySourceProperties = '{db.tableEngine=}', contextCustomizers = set[[empty]], contextLoader = 'org.springframework.test.context.support.DelegatingSmartContextLoader', parent = [null]], attributes = map['org.springframework.test.context.event.ApplicationEventsTestExecutionListener.recordApplicationEvents' -> false]]
18:00:11.012 [main] DEBUG org.springframework.test.context.cache.DefaultCacheAwareContextLoaderDelegate - Retrieved ApplicationContext [1050971191] from cache with key [[MergedContextConfiguration@1389e498 testClass = ConfigurationBusiness_CoreSpringServerIT, locations = '{}', classes = '{class fr.insalyon.creatis.vip.core.server.SpringCoreConfig}', contextInitializerClasses = '[]', activeProfiles = '{test-db, test}', propertySourceLocations = '{}', propertySourceProperties = '{db.tableEngine=}', contextCustomizers = set[[empty]], contextLoader = 'org.springframework.test.context.support.DelegatingSmartContextLoader', parent = [null]]]
18:00:11.012 [main] DEBUG org.springframework.test.context.cache - Spring test ApplicationContext cache statistics: [DefaultContextCache@4675f5b0 size = 1, maxSize = 32, parentContextCount = 0, hitCount = 392, missCount = 1]
18:00:11.012 [main] DEBUG org.springframework.test.context.transaction.TransactionalTestExecutionListener - No method-level @Rollback override: using default rollback [true] for test context [DefaultTestContext@18e20fa8 testClass = ConfigurationBusiness_CoreSpringServerIT, testInstance = ConfigurationBusiness_CoreSpringServerIT@4d027201, testMethod = testGetUserNames@ConfigurationBusiness_CoreSpringServerIT, testException = [null], mergedContextConfiguration = [MergedContextConfiguration@1389e498 testClass = ConfigurationBusiness_CoreSpringServerIT, locations = '{}', classes = '{class fr.insalyon.creatis.vip.core.server.SpringCoreConfig}', contextInitializerClasses = '[]', activeProfiles = '{test-db, test}', propertySourceLocations = '{}', propertySourceProperties = '{db.tableEngine=}', contextCustomizers = set[[empty]], contextLoader = 'org.springframework.test.context.support.DelegatingSmartContextLoader', parent = [null]], attributes = map['org.springframework.test.context.event.ApplicationEventsTestExecutionListener.recordApplicationEvents' -> false]].
18:00:11.012 [main] DEBUG org.springframework.jdbc.datasource.DataSourceTransactionManager - Creating new transaction with name [ConfigurationBusiness_CoreSpringServerIT.testGetUserNames]: PROPAGATION_REQUIRED,ISOLATION_DEFAULT
18:00:11.012 [main] DEBUG org.springframework.jdbc.datasource.DataSourceTransactionManager - Acquired Connection [Lazy Connection proxy for target DataSource [org.springframework.jdbc.datasource.embedded.EmbeddedDatabaseFactory$EmbeddedDataSourceProxy@5764c072]] for JDBC transaction
18:00:11.014 [main] DEBUG org.springframework.jdbc.datasource.DataSourceTransactionManager - Switching JDBC Connection [Lazy Connection proxy for target DataSource [org.springframework.jdbc.datasource.embedded.EmbeddedDatabaseFactory$EmbeddedDataSourceProxy@5764c072]] to manual commit
18:00:11.014 [main] INFO org.springframework.test.context.transaction.TransactionContext - Began transaction (1) for test context [DefaultTestContext@18e20fa8 testClass = ConfigurationBusiness_CoreSpringServerIT, testInstance = ConfigurationBusiness_CoreSpringServerIT@4d027201, testMethod = testGetUserNames@ConfigurationBusiness_CoreSpringServerIT, testException = [null], mergedContextConfiguration = [MergedContextConfiguration@1389e498 testClass = ConfigurationBusiness_CoreSpringServerIT, locations = '{}', classes = '{class fr.insalyon.creatis.vip.core.server.SpringCoreConfig}', contextInitializerClasses = '[]', activeProfiles = '{test-db, test}', propertySourceLocations = '{}', propertySourceProperties = '{db.tableEngine=}', contextCustomizers = set[[empty]], contextLoader = 'org.springframework.test.context.support.DelegatingSmartContextLoader', parent = [null]], attributes = map['org.springframework.test.context.event.ApplicationEventsTestExecutionListener.recordApplicationEvents' -> false]]; transaction manager [org.springframework.jdbc.datasource.DataSourceTransactionManager@178b2df1]; rollback [true]
18:00:11.014 [main] DEBUG org.springframework.test.context.cache.DefaultCacheAwareContextLoaderDelegate - Retrieved ApplicationContext [1050971191] from cache with key [[MergedContextConfiguration@1389e498 testClass = ConfigurationBusiness_CoreSpringServerIT, locations = '{}', classes = '{class fr.insalyon.creatis.vip.core.server.SpringCoreConfig}', contextInitializerClasses = '[]', activeProfiles = '{test-db, test}', propertySourceLocations = '{}', propertySourceProperties = '{db.tableEngine=}', contextCustomizers = set[[empty]], contextLoader = 'org.springframework.test.context.support.DelegatingSmartContextLoader', parent = [null]]]
18:00:11.014 [main] DEBUG org.springframework.test.context.cache - Spring test ApplicationContext cache statistics: [DefaultContextCache@4675f5b0 size = 1, maxSize = 32, parentContextCount = 0, hitCount = 393, missCount = 1]
18:00:11.015 [main] DEBUG org.springframework.jdbc.datasource.DataSourceTransactionManager - Participating in existing transaction
18:00:11.015 [main] DEBUG org.springframework.jdbc.datasource.DataSourceTransactionManager - Participating in existing transaction
18:00:11.015 [main] DEBUG org.springframework.jdbc.datasource.SimpleDriverDataSource - Creating new JDBC Driver Connection to [jdbc:h2:mem:fec2b152-de2f-4c07-a3e1-df691c7daf9d;DB_CLOSE_DELAY=-1;DB_CLOSE_ON_EXIT=false]
18:00:11.016 [main] DEBUG org.springframework.jdbc.datasource.DataSourceTransactionManager - Participating in existing transaction
18:00:11.016 [main] DEBUG org.springframework.jdbc.datasource.DataSourceTransactionManager - Participating in existing transaction
18:00:11.018 [main] DEBUG org.springframework.jdbc.datasource.DataSourceTransactionManager - Participating in existing transaction
18:00:11.018 [main] DEBUG org.springframework.jdbc.datasource.DataSourceTransactionManager - Participating in existing transaction
18:00:11.019 [main] DEBUG org.springframework.jdbc.datasource.DataSourceTransactionManager - Participating in existing transaction
User = test1@test.fr
18:00:11.019 [main] INFO fr.insalyon.creatis.vip.core.server.business.ConfigurationBusiness - verifying test1@test.fr. List of undesired mail domains: . 
18:00:11.019 [main] INFO fr.insalyon.creatis.vip.core.server.business.ConfigurationBusiness - Signing up . List of undesired countries: .
18:00:11.019 [main] DEBUG org.springframework.jdbc.datasource.DataSourceTransactionManager - Participating in existing transaction
18:00:11.019 [main] DEBUG org.springframework.jdbc.datasource.DataSourceTransactionManager - Participating in existing transaction
18:00:11.020 [main] INFO fr.insalyon.creatis.vip.core.server.business.ConfigurationBusiness - Sending confirmation email to 'test1@test.fr'.
18:00:11.020 [main] DEBUG org.springframework.jdbc.datasource.DataSourceTransactionManager - Participating in existing transaction
18:00:11.020 [main] DEBUG org.springframework.jdbc.datasource.DataSourceTransactionManager - Participating in existing transaction
18:00:11.020 [main] DEBUG org.springframework.jdbc.datasource.DataSourceTransactionManager - Participating in existing transaction
18:00:11.020 [main] DEBUG org.springframework.jdbc.datasource.DataSourceTransactionManager - Participating in existing transaction
User = test2@test.fr
18:00:11.021 [main] INFO fr.insalyon.creatis.vip.core.server.business.ConfigurationBusiness - verifying test2@test.fr. List of undesired mail domains: . 
18:00:11.021 [main] INFO fr.insalyon.creatis.vip.core.server.business.ConfigurationBusiness - Signing up . List of undesired countries: .
18:00:11.021 [main] DEBUG org.springframework.jdbc.datasource.DataSourceTransactionManager - Participating in existing transaction
18:00:11.021 [main] DEBUG org.springframework.jdbc.datasource.DataSourceTransactionManager - Participating in existing transaction
18:00:11.021 [main] INFO fr.insalyon.creatis.vip.core.server.business.ConfigurationBusiness - Sending confirmation email to 'test2@test.fr'.
18:00:11.021 [main] DEBUG org.springframework.jdbc.datasource.DataSourceTransactionManager - Participating in existing transaction
18:00:11.022 [main] DEBUG org.springframework.jdbc.datasource.DataSourceTransactionManager - Participating in existing transaction
18:00:11.022 [main] DEBUG org.springframework.jdbc.datasource.DataSourceTransactionManager - Participating in existing transaction
18:00:11.022 [main] DEBUG org.springframework.jdbc.datasource.DataSourceTransactionManager - Participating in existing transaction
User = test3@test.fr
18:00:11.022 [main] INFO fr.insalyon.creatis.vip.core.server.business.ConfigurationBusiness - verifying test3@test.fr. List of undesired mail domains: . 
18:00:11.022 [main] INFO fr.insalyon.creatis.vip.core.server.business.ConfigurationBusiness - Signing up . List of undesired countries: .
18:00:11.023 [main] DEBUG org.springframework.jdbc.datasource.DataSourceTransactionManager - Participating in existing transaction
18:00:11.023 [main] DEBUG org.springframework.jdbc.datasource.DataSourceTransactionManager - Participating in existing transaction
18:00:11.023 [main] INFO fr.insalyon.creatis.vip.core.server.business.ConfigurationBusiness - Sending confirmation email to 'test3@test.fr'.
18:00:11.023 [main] DEBUG org.springframework.jdbc.datasource.DataSourceTransactionManager - Participating in existing transaction
18:00:11.023 [main] DEBUG org.springframework.jdbc.datasource.DataSourceTransactionManager - Participating in existing transaction
18:00:11.023 [main] DEBUG org.springframework.jdbc.datasource.DataSourceTransactionManager - Participating in existing transaction
18:00:11.023 [main] DEBUG org.springframework.jdbc.datasource.DataSourceTransactionManager - Participating in existing transaction
User = test4@test.fr
18:00:11.024 [main] INFO fr.insalyon.creatis.vip.core.server.business.ConfigurationBusiness - verifying test4@test.fr. List of undesired mail domains: . 
18:00:11.024 [main] INFO fr.insalyon.creatis.vip.core.server.business.ConfigurationBusiness - Signing up . List of undesired countries: .
18:00:11.024 [main] DEBUG org.springframework.jdbc.datasource.DataSourceTransactionManager - Participating in existing transaction
18:00:11.024 [main] DEBUG org.springframework.jdbc.datasource.DataSourceTransactionManager - Participating in existing transaction
18:00:11.024 [main] INFO fr.insalyon.creatis.vip.core.server.business.ConfigurationBusiness - Sending confirmation email to 'test4@test.fr'.
18:00:11.024 [main] DEBUG org.springframework.jdbc.datasource.DataSourceTransactionManager - Participating in existing transaction
18:00:11.024 [main] DEBUG org.springframework.jdbc.datasource.DataSourceTransactionManager - Participating in existing transaction
18:00:11.025 [main] DEBUG org.springframework.jdbc.datasource.DataSourceTransactionManager - Participating in existing transaction
18:00:11.025 [main] DEBUG org.springframework.jdbc.datasource.DataSourceTransactionManager - Participating in existing transaction
18:00:11.025 [main] DEBUG org.springframework.jdbc.datasource.DataSourceTransactionManager - Participating in existing transaction
18:00:11.025 [main] DEBUG org.springframework.jdbc.datasource.DataSourceTransactionManager - Participating in existing transaction
18:00:11.025 [main] DEBUG org.springframework.jdbc.datasource.DataSourceTransactionManager - Participating in existing transaction
18:00:11.025 [main] DEBUG org.springframework.jdbc.datasource.DataSourceTransactionManager - Participating in existing transaction
18:00:11.025 [main] DEBUG org.springframework.jdbc.datasource.DataSourceTransactionManager - Participating in existing transaction
18:00:11.025 [main] DEBUG org.springframework.jdbc.datasource.DataSourceTransactionManager - Participating in existing transaction
18:00:11.025 [main] DEBUG org.springframework.jdbc.datasource.DataSourceTransactionManager - Participating in existing transaction
18:00:11.026 [main] DEBUG org.springframework.jdbc.datasource.DataSourceTransactionManager - Participating in existing transaction
User = email5@test.fr
18:00:11.026 [main] INFO fr.insalyon.creatis.vip.core.server.business.ConfigurationBusiness - verifying email5@test.fr. List of undesired mail domains: . 
18:00:11.026 [main] INFO fr.insalyon.creatis.vip.core.server.business.ConfigurationBusiness - Signing up . List of undesired countries: .
18:00:11.027 [main] DEBUG org.springframework.jdbc.datasource.DataSourceTransactionManager - Participating in existing transaction
18:00:11.027 [main] DEBUG org.springframework.jdbc.datasource.DataSourceTransactionManager - Participating in existing transaction
18:00:11.027 [main] INFO fr.insalyon.creatis.vip.core.server.business.ConfigurationBusiness - Sending confirmation email to 'email5@test.fr'.
18:00:11.027 [main] DEBUG org.springframework.jdbc.datasource.DataSourceTransactionManager - Participating in existing transaction
18:00:11.028 [main] DEBUG org.springframework.test.context.cache.DefaultCacheAwareContextLoaderDelegate - Retrieved ApplicationContext [1050971191] from cache with key [[MergedContextConfiguration@1389e498 testClass = ConfigurationBusiness_CoreSpringServerIT, locations = '{}', classes = '{class fr.insalyon.creatis.vip.core.server.SpringCoreConfig}', contextInitializerClasses = '[]', activeProfiles = '{test-db, test}', propertySourceLocations = '{}', propertySourceProperties = '{db.tableEngine=}', contextCustomizers = set[[empty]], contextLoader = 'org.springframework.test.context.support.DelegatingSmartContextLoader', parent = [null]]]
18:00:11.028 [main] DEBUG org.springframework.test.context.cache - Spring test ApplicationContext cache statistics: [DefaultContextCache@4675f5b0 size = 1, maxSize = 32, parentContextCount = 0, hitCount = 394, missCount = 1]
18:00:11.028 [main] DEBUG org.springframework.jdbc.datasource.DataSourceTransactionManager - Participating in existing transaction
18:00:11.028 [main] DEBUG org.springframework.jdbc.datasource.DataSourceTransactionManager - Participating in existing transaction
18:00:11.028 [main] DEBUG org.springframework.test.context.cache.DefaultCacheAwareContextLoaderDelegate - Retrieved ApplicationContext [1050971191] from cache with key [[MergedContextConfiguration@1389e498 testClass = ConfigurationBusiness_CoreSpringServerIT, locations = '{}', classes = '{class fr.insalyon.creatis.vip.core.server.SpringCoreConfig}', contextInitializerClasses = '[]', activeProfiles = '{test-db, test}', propertySourceLocations = '{}', propertySourceProperties = '{db.tableEngine=}', contextCustomizers = set[[empty]], contextLoader = 'org.springframework.test.context.support.DelegatingSmartContextLoader', parent = [null]]]
18:00:11.029 [main] DEBUG org.springframework.test.context.cache - Spring test ApplicationContext cache statistics: [DefaultContextCache@4675f5b0 size = 1, maxSize = 32, parentContextCount = 0, hitCount = 395, missCount = 1]
18:00:11.029 [main] DEBUG org.springframework.test.context.cache.DefaultCacheAwareContextLoaderDelegate - Retrieved ApplicationContext [1050971191] from cache with key [[MergedContextConfiguration@1389e498 testClass = ConfigurationBusiness_CoreSpringServerIT, locations = '{}', classes = '{class fr.insalyon.creatis.vip.core.server.SpringCoreConfig}', contextInitializerClasses = '[]', activeProfiles = '{test-db, test}', propertySourceLocations = '{}', propertySourceProperties = '{db.tableEngine=}', contextCustomizers = set[[empty]], contextLoader = 'org.springframework.test.context.support.DelegatingSmartContextLoader', parent = [null]]]
18:00:11.029 [main] DEBUG org.springframework.test.context.cache - Spring test ApplicationContext cache statistics: [DefaultContextCache@4675f5b0 size = 1, maxSize = 32, parentContextCount = 0, hitCount = 396, missCount = 1]
18:00:11.029 [main] DEBUG org.springframework.jdbc.datasource.DataSourceTransactionManager - Initiating transaction rollback
18:00:11.029 [main] DEBUG org.springframework.jdbc.datasource.DataSourceTransactionManager - Rolling back JDBC transaction on Connection [conn70: url=jdbc:h2:mem:fec2b152-de2f-4c07-a3e1-df691c7daf9d user=SA]
18:00:11.029 [main] DEBUG org.springframework.jdbc.datasource.DataSourceTransactionManager - Releasing JDBC Connection [conn70: url=jdbc:h2:mem:fec2b152-de2f-4c07-a3e1-df691c7daf9d user=SA] after transaction
18:00:11.029 [main] INFO org.springframework.test.context.transaction.TransactionContext - Rolled back transaction for test: [DefaultTestContext@18e20fa8 testClass = ConfigurationBusiness_CoreSpringServerIT, testInstance = ConfigurationBusiness_CoreSpringServerIT@4d027201, testMethod = testGetUserNames@ConfigurationBusiness_CoreSpringServerIT, testException = [null], mergedContextConfiguration = [MergedContextConfiguration@1389e498 testClass = ConfigurationBusiness_CoreSpringServerIT, locations = '{}', classes = '{class fr.insalyon.creatis.vip.core.server.SpringCoreConfig}', contextInitializerClasses = '[]', activeProfiles = '{test-db, test}', propertySourceLocations = '{}', propertySourceProperties = '{db.tableEngine=}', contextCustomizers = set[[empty]], contextLoader = 'org.springframework.test.context.support.DelegatingSmartContextLoader', parent = [null]], attributes = map['org.springframework.test.context.event.ApplicationEventsTestExecutionListener.recordApplicationEvents' -> false]]
18:00:11.029 [main] DEBUG org.springframework.test.context.support.AbstractDirtiesContextTestExecutionListener - After test method: context [DefaultTestContext@18e20fa8 testClass = ConfigurationBusiness_CoreSpringServerIT, testInstance = ConfigurationBusiness_CoreSpringServerIT@4d027201, testMethod = testGetUserNames@ConfigurationBusiness_CoreSpringServerIT, testException = [null], mergedContextConfiguration = [MergedContextConfiguration@1389e498 testClass = ConfigurationBusiness_CoreSpringServerIT, locations = '{}', classes = '{class fr.insalyon.creatis.vip.core.server.SpringCoreConfig}', contextInitializerClasses = '[]', activeProfiles = '{test-db, test}', propertySourceLocations = '{}', propertySourceProperties = '{db.tableEngine=}', contextCustomizers = set[[empty]], contextLoader = 'org.springframework.test.context.support.DelegatingSmartContextLoader', parent = [null]], attributes = map['org.springframework.test.context.event.ApplicationEventsTestExecutionListener.recordApplicationEvents' -> false]], class annotated with @DirtiesContext [false] with mode [null], method annotated with @DirtiesContext [false] with mode [null].
]]></system-out>
  </testcase>
  <testcase name="testUpdateUserEmail" classname="ConfigurationBusiness_CoreSpringServerIT" time="0.017">
    <system-out><![CDATA[18:00:11.044 [main] DEBUG org.springframework.test.context.support.DependencyInjectionTestExecutionListener - Performing dependency injection for test context [[DefaultTestContext@18e20fa8 testClass = ConfigurationBusiness_CoreSpringServerIT, testInstance = ConfigurationBusiness_CoreSpringServerIT@5a871e43, testMethod = [null], testException = [null], mergedContextConfiguration = [MergedContextConfiguration@1389e498 testClass = ConfigurationBusiness_CoreSpringServerIT, locations = '{}', classes = '{class fr.insalyon.creatis.vip.core.server.SpringCoreConfig}', contextInitializerClasses = '[]', activeProfiles = '{test-db, test}', propertySourceLocations = '{}', propertySourceProperties = '{db.tableEngine=}', contextCustomizers = set[[empty]], contextLoader = 'org.springframework.test.context.support.DelegatingSmartContextLoader', parent = [null]], attributes = map['org.springframework.test.context.event.ApplicationEventsTestExecutionListener.recordApplicationEvents' -> false]]].
18:00:11.044 [main] DEBUG org.springframework.test.context.cache.DefaultCacheAwareContextLoaderDelegate - Retrieved ApplicationContext [1050971191] from cache with key [[MergedContextConfiguration@1389e498 testClass = ConfigurationBusiness_CoreSpringServerIT, locations = '{}', classes = '{class fr.insalyon.creatis.vip.core.server.SpringCoreConfig}', contextInitializerClasses = '[]', activeProfiles = '{test-db, test}', propertySourceLocations = '{}', propertySourceProperties = '{db.tableEngine=}', contextCustomizers = set[[empty]], contextLoader = 'org.springframework.test.context.support.DelegatingSmartContextLoader', parent = [null]]]
18:00:11.044 [main] DEBUG org.springframework.test.context.cache - Spring test ApplicationContext cache statistics: [DefaultContextCache@4675f5b0 size = 1, maxSize = 32, parentContextCount = 0, hitCount = 397, missCount = 1]
18:00:11.044 [main] DEBUG org.springframework.test.context.cache.DefaultCacheAwareContextLoaderDelegate - Retrieved ApplicationContext [1050971191] from cache with key [[MergedContextConfiguration@1389e498 testClass = ConfigurationBusiness_CoreSpringServerIT, locations = '{}', classes = '{class fr.insalyon.creatis.vip.core.server.SpringCoreConfig}', contextInitializerClasses = '[]', activeProfiles = '{test-db, test}', propertySourceLocations = '{}', propertySourceProperties = '{db.tableEngine=}', contextCustomizers = set[[empty]], contextLoader = 'org.springframework.test.context.support.DelegatingSmartContextLoader', parent = [null]]]
18:00:11.044 [main] DEBUG org.springframework.test.context.cache - Spring test ApplicationContext cache statistics: [DefaultContextCache@4675f5b0 size = 1, maxSize = 32, parentContextCount = 0, hitCount = 398, missCount = 1]
18:00:11.045 [main] DEBUG org.springframework.test.context.support.AbstractDirtiesContextTestExecutionListener - Before test method: context [DefaultTestContext@18e20fa8 testClass = ConfigurationBusiness_CoreSpringServerIT, testInstance = ConfigurationBusiness_CoreSpringServerIT@5a871e43, testMethod = testUpdateUserEmail@ConfigurationBusiness_CoreSpringServerIT, testException = [null], mergedContextConfiguration = [MergedContextConfiguration@1389e498 testClass = ConfigurationBusiness_CoreSpringServerIT, locations = '{}', classes = '{class fr.insalyon.creatis.vip.core.server.SpringCoreConfig}', contextInitializerClasses = '[]', activeProfiles = '{test-db, test}', propertySourceLocations = '{}', propertySourceProperties = '{db.tableEngine=}', contextCustomizers = set[[empty]], contextLoader = 'org.springframework.test.context.support.DelegatingSmartContextLoader', parent = [null]], attributes = map['org.springframework.test.context.event.ApplicationEventsTestExecutionListener.recordApplicationEvents' -> false]], class annotated with @DirtiesContext [false] with mode [null], method annotated with @DirtiesContext [false] with mode [null].
18:00:11.047 [main] DEBUG org.springframework.test.context.transaction.TransactionalTestExecutionListener - Explicit transaction definition [PROPAGATION_REQUIRED,ISOLATION_DEFAULT] found for test context [DefaultTestContext@18e20fa8 testClass = ConfigurationBusiness_CoreSpringServerIT, testInstance = ConfigurationBusiness_CoreSpringServerIT@5a871e43, testMethod = testUpdateUserEmail@ConfigurationBusiness_CoreSpringServerIT, testException = [null], mergedContextConfiguration = [MergedContextConfiguration@1389e498 testClass = ConfigurationBusiness_CoreSpringServerIT, locations = '{}', classes = '{class fr.insalyon.creatis.vip.core.server.SpringCoreConfig}', contextInitializerClasses = '[]', activeProfiles = '{test-db, test}', propertySourceLocations = '{}', propertySourceProperties = '{db.tableEngine=}', contextCustomizers = set[[empty]], contextLoader = 'org.springframework.test.context.support.DelegatingSmartContextLoader', parent = [null]], attributes = map['org.springframework.test.context.event.ApplicationEventsTestExecutionListener.recordApplicationEvents' -> false]]
18:00:11.047 [main] DEBUG org.springframework.test.context.cache.DefaultCacheAwareContextLoaderDelegate - Retrieved ApplicationContext [1050971191] from cache with key [[MergedContextConfiguration@1389e498 testClass = ConfigurationBusiness_CoreSpringServerIT, locations = '{}', classes = '{class fr.insalyon.creatis.vip.core.server.SpringCoreConfig}', contextInitializerClasses = '[]', activeProfiles = '{test-db, test}', propertySourceLocations = '{}', propertySourceProperties = '{db.tableEngine=}', contextCustomizers = set[[empty]], contextLoader = 'org.springframework.test.context.support.DelegatingSmartContextLoader', parent = [null]]]
18:00:11.047 [main] DEBUG org.springframework.test.context.cache - Spring test ApplicationContext cache statistics: [DefaultContextCache@4675f5b0 size = 1, maxSize = 32, parentContextCount = 0, hitCount = 399, missCount = 1]
18:00:11.047 [main] DEBUG org.springframework.test.context.transaction.TransactionalTestExecutionListener - No method-level @Rollback override: using default rollback [true] for test context [DefaultTestContext@18e20fa8 testClass = ConfigurationBusiness_CoreSpringServerIT, testInstance = ConfigurationBusiness_CoreSpringServerIT@5a871e43, testMethod = testUpdateUserEmail@ConfigurationBusiness_CoreSpringServerIT, testException = [null], mergedContextConfiguration = [MergedContextConfiguration@1389e498 testClass = ConfigurationBusiness_CoreSpringServerIT, locations = '{}', classes = '{class fr.insalyon.creatis.vip.core.server.SpringCoreConfig}', contextInitializerClasses = '[]', activeProfiles = '{test-db, test}', propertySourceLocations = '{}', propertySourceProperties = '{db.tableEngine=}', contextCustomizers = set[[empty]], contextLoader = 'org.springframework.test.context.support.DelegatingSmartContextLoader', parent = [null]], attributes = map['org.springframework.test.context.event.ApplicationEventsTestExecutionListener.recordApplicationEvents' -> false]].
18:00:11.048 [main] DEBUG org.springframework.jdbc.datasource.DataSourceTransactionManager - Creating new transaction with name [ConfigurationBusiness_CoreSpringServerIT.testUpdateUserEmail]: PROPAGATION_REQUIRED,ISOLATION_DEFAULT
18:00:11.049 [main] DEBUG org.springframework.jdbc.datasource.DataSourceTransactionManager - Acquired Connection [Lazy Connection proxy for target DataSource [org.springframework.jdbc.datasource.embedded.EmbeddedDatabaseFactory$EmbeddedDataSourceProxy@5764c072]] for JDBC transaction
18:00:11.049 [main] DEBUG org.springframework.jdbc.datasource.DataSourceTransactionManager - Switching JDBC Connection [Lazy Connection proxy for target DataSource [org.springframework.jdbc.datasource.embedded.EmbeddedDatabaseFactory$EmbeddedDataSourceProxy@5764c072]] to manual commit
18:00:11.049 [main] INFO org.springframework.test.context.transaction.TransactionContext - Began transaction (1) for test context [DefaultTestContext@18e20fa8 testClass = ConfigurationBusiness_CoreSpringServerIT, testInstance = ConfigurationBusiness_CoreSpringServerIT@5a871e43, testMethod = testUpdateUserEmail@ConfigurationBusiness_CoreSpringServerIT, testException = [null], mergedContextConfiguration = [MergedContextConfiguration@1389e498 testClass = ConfigurationBusiness_CoreSpringServerIT, locations = '{}', classes = '{class fr.insalyon.creatis.vip.core.server.SpringCoreConfig}', contextInitializerClasses = '[]', activeProfiles = '{test-db, test}', propertySourceLocations = '{}', propertySourceProperties = '{db.tableEngine=}', contextCustomizers = set[[empty]], contextLoader = 'org.springframework.test.context.support.DelegatingSmartContextLoader', parent = [null]], attributes = map['org.springframework.test.context.event.ApplicationEventsTestExecutionListener.recordApplicationEvents' -> false]]; transaction manager [org.springframework.jdbc.datasource.DataSourceTransactionManager@178b2df1]; rollback [true]
18:00:11.050 [main] DEBUG org.springframework.test.context.cache.DefaultCacheAwareContextLoaderDelegate - Retrieved ApplicationContext [1050971191] from cache with key [[MergedContextConfiguration@1389e498 testClass = ConfigurationBusiness_CoreSpringServerIT, locations = '{}', classes = '{class fr.insalyon.creatis.vip.core.server.SpringCoreConfig}', contextInitializerClasses = '[]', activeProfiles = '{test-db, test}', propertySourceLocations = '{}', propertySourceProperties = '{db.tableEngine=}', contextCustomizers = set[[empty]], contextLoader = 'org.springframework.test.context.support.DelegatingSmartContextLoader', parent = [null]]]
18:00:11.050 [main] DEBUG org.springframework.test.context.cache - Spring test ApplicationContext cache statistics: [DefaultContextCache@4675f5b0 size = 1, maxSize = 32, parentContextCount = 0, hitCount = 400, missCount = 1]
18:00:11.051 [main] DEBUG org.springframework.jdbc.datasource.DataSourceTransactionManager - Participating in existing transaction
18:00:11.051 [main] DEBUG org.springframework.jdbc.datasource.DataSourceTransactionManager - Participating in existing transaction
18:00:11.051 [main] DEBUG org.springframework.jdbc.datasource.SimpleDriverDataSource - Creating new JDBC Driver Connection to [jdbc:h2:mem:fec2b152-de2f-4c07-a3e1-df691c7daf9d;DB_CLOSE_DELAY=-1;DB_CLOSE_ON_EXIT=false]
18:00:11.051 [main] DEBUG org.springframework.jdbc.datasource.DataSourceTransactionManager - Participating in existing transaction
18:00:11.052 [main] DEBUG org.springframework.jdbc.datasource.DataSourceTransactionManager - Participating in existing transaction
18:00:11.052 [main] DEBUG org.springframework.jdbc.datasource.DataSourceTransactionManager - Participating in existing transaction
18:00:11.052 [main] DEBUG org.springframework.jdbc.datasource.DataSourceTransactionManager - Participating in existing transaction
18:00:11.052 [main] DEBUG org.springframework.jdbc.datasource.DataSourceTransactionManager - Participating in existing transaction
User = test1@test.fr
18:00:11.052 [main] INFO fr.insalyon.creatis.vip.core.server.business.ConfigurationBusiness - verifying test1@test.fr. List of undesired mail domains: . 
18:00:11.052 [main] INFO fr.insalyon.creatis.vip.core.server.business.ConfigurationBusiness - Signing up . List of undesired countries: .
18:00:11.053 [main] DEBUG org.springframework.jdbc.datasource.DataSourceTransactionManager - Participating in existing transaction
18:00:11.053 [main] DEBUG org.springframework.jdbc.datasource.DataSourceTransactionManager - Participating in existing transaction
18:00:11.053 [main] INFO fr.insalyon.creatis.vip.core.server.business.ConfigurationBusiness - Sending confirmation email to 'test1@test.fr'.
18:00:11.053 [main] DEBUG org.springframework.jdbc.datasource.DataSourceTransactionManager - Participating in existing transaction
18:00:11.054 [main] DEBUG org.springframework.jdbc.datasource.DataSourceTransactionManager - Participating in existing transaction
18:00:11.054 [main] DEBUG org.springframework.jdbc.datasource.DataSourceTransactionManager - Participating in existing transaction
18:00:11.054 [main] DEBUG org.springframework.jdbc.datasource.DataSourceTransactionManager - Participating in existing transaction
User = test2@test.fr
18:00:11.054 [main] INFO fr.insalyon.creatis.vip.core.server.business.ConfigurationBusiness - verifying test2@test.fr. List of undesired mail domains: . 
18:00:11.054 [main] INFO fr.insalyon.creatis.vip.core.server.business.ConfigurationBusiness - Signing up . List of undesired countries: .
18:00:11.054 [main] DEBUG org.springframework.jdbc.datasource.DataSourceTransactionManager - Participating in existing transaction
18:00:11.054 [main] DEBUG org.springframework.jdbc.datasource.DataSourceTransactionManager - Participating in existing transaction
18:00:11.054 [main] INFO fr.insalyon.creatis.vip.core.server.business.ConfigurationBusiness - Sending confirmation email to 'test2@test.fr'.
18:00:11.054 [main] DEBUG org.springframework.jdbc.datasource.DataSourceTransactionManager - Participating in existing transaction
18:00:11.055 [main] DEBUG org.springframework.jdbc.datasource.DataSourceTransactionManager - Participating in existing transaction
18:00:11.055 [main] DEBUG org.springframework.jdbc.datasource.DataSourceTransactionManager - Participating in existing transaction
18:00:11.055 [main] DEBUG org.springframework.jdbc.datasource.DataSourceTransactionManager - Participating in existing transaction
User = test3@test.fr
18:00:11.055 [main] INFO fr.insalyon.creatis.vip.core.server.business.ConfigurationBusiness - verifying test3@test.fr. List of undesired mail domains: . 
18:00:11.055 [main] INFO fr.insalyon.creatis.vip.core.server.business.ConfigurationBusiness - Signing up . List of undesired countries: .
18:00:11.056 [main] DEBUG org.springframework.jdbc.datasource.DataSourceTransactionManager - Participating in existing transaction
18:00:11.056 [main] DEBUG org.springframework.jdbc.datasource.DataSourceTransactionManager - Participating in existing transaction
18:00:11.056 [main] INFO fr.insalyon.creatis.vip.core.server.business.ConfigurationBusiness - Sending confirmation email to 'test3@test.fr'.
18:00:11.056 [main] DEBUG org.springframework.jdbc.datasource.DataSourceTransactionManager - Participating in existing transaction
18:00:11.056 [main] DEBUG org.springframework.jdbc.datasource.DataSourceTransactionManager - Participating in existing transaction
18:00:11.056 [main] DEBUG org.springframework.jdbc.datasource.DataSourceTransactionManager - Participating in existing transaction
18:00:11.056 [main] DEBUG org.springframework.jdbc.datasource.DataSourceTransactionManager - Participating in existing transaction
User = test4@test.fr
18:00:11.056 [main] INFO fr.insalyon.creatis.vip.core.server.business.ConfigurationBusiness - verifying test4@test.fr. List of undesired mail domains: . 
18:00:11.056 [main] INFO fr.insalyon.creatis.vip.core.server.business.ConfigurationBusiness - Signing up . List of undesired countries: .
18:00:11.057 [main] DEBUG org.springframework.jdbc.datasource.DataSourceTransactionManager - Participating in existing transaction
18:00:11.057 [main] DEBUG org.springframework.jdbc.datasource.DataSourceTransactionManager - Participating in existing transaction
18:00:11.057 [main] INFO fr.insalyon.creatis.vip.core.server.business.ConfigurationBusiness - Sending confirmation email to 'test4@test.fr'.
18:00:11.057 [main] DEBUG org.springframework.jdbc.datasource.DataSourceTransactionManager - Participating in existing transaction
18:00:11.057 [main] DEBUG org.springframework.jdbc.datasource.DataSourceTransactionManager - Participating in existing transaction
18:00:11.057 [main] DEBUG org.springframework.jdbc.datasource.DataSourceTransactionManager - Participating in existing transaction
18:00:11.057 [main] DEBUG org.springframework.jdbc.datasource.DataSourceTransactionManager - Participating in existing transaction
18:00:11.057 [main] DEBUG org.springframework.jdbc.datasource.DataSourceTransactionManager - Participating in existing transaction
18:00:11.058 [main] DEBUG org.springframework.jdbc.datasource.DataSourceTransactionManager - Participating in existing transaction
18:00:11.058 [main] DEBUG org.springframework.jdbc.datasource.DataSourceTransactionManager - Participating in existing transaction
18:00:11.058 [main] DEBUG org.springframework.jdbc.datasource.DataSourceTransactionManager - Participating in existing transaction
18:00:11.058 [main] DEBUG org.springframework.jdbc.datasource.DataSourceTransactionManager - Participating in existing transaction
18:00:11.058 [main] DEBUG org.springframework.jdbc.datasource.DataSourceTransactionManager - Participating in existing transaction
18:00:11.058 [main] DEBUG org.springframework.jdbc.datasource.DataSourceTransactionManager - Participating in existing transaction
18:00:11.058 [main] DEBUG org.springframework.jdbc.datasource.DataSourceTransactionManager - Participating in existing transaction
User = email5@test.fr
18:00:11.058 [main] INFO fr.insalyon.creatis.vip.core.server.business.ConfigurationBusiness - verifying email5@test.fr. List of undesired mail domains: . 
18:00:11.058 [main] INFO fr.insalyon.creatis.vip.core.server.business.ConfigurationBusiness - Signing up . List of undesired countries: .
18:00:11.059 [main] DEBUG org.springframework.jdbc.datasource.DataSourceTransactionManager - Participating in existing transaction
18:00:11.059 [main] DEBUG org.springframework.jdbc.datasource.DataSourceTransactionManager - Participating in existing transaction
18:00:11.059 [main] INFO fr.insalyon.creatis.vip.core.server.business.ConfigurationBusiness - Sending confirmation email to 'email5@test.fr'.
18:00:11.059 [main] DEBUG org.springframework.jdbc.datasource.DataSourceTransactionManager - Participating in existing transaction
18:00:11.059 [main] DEBUG org.springframework.test.context.cache.DefaultCacheAwareContextLoaderDelegate - Retrieved ApplicationContext [1050971191] from cache with key [[MergedContextConfiguration@1389e498 testClass = ConfigurationBusiness_CoreSpringServerIT, locations = '{}', classes = '{class fr.insalyon.creatis.vip.core.server.SpringCoreConfig}', contextInitializerClasses = '[]', activeProfiles = '{test-db, test}', propertySourceLocations = '{}', propertySourceProperties = '{db.tableEngine=}', contextCustomizers = set[[empty]], contextLoader = 'org.springframework.test.context.support.DelegatingSmartContextLoader', parent = [null]]]
18:00:11.059 [main] DEBUG org.springframework.test.context.cache - Spring test ApplicationContext cache statistics: [DefaultContextCache@4675f5b0 size = 1, maxSize = 32, parentContextCount = 0, hitCount = 401, missCount = 1]
18:00:11.059 [main] DEBUG org.springframework.jdbc.datasource.DataSourceTransactionManager - Participating in existing transaction
18:00:11.059 [main] INFO fr.insalyon.creatis.vip.core.server.business.ConfigurationBusiness - verifying newEmail@test.fr. List of undesired mail domains: . 
18:00:11.059 [main] DEBUG org.springframework.jdbc.datasource.DataSourceTransactionManager - Participating in existing transaction
18:00:11.060 [main] DEBUG org.springframework.jdbc.datasource.DataSourceTransactionManager - Participating in existing transaction
18:00:11.060 [main] DEBUG org.springframework.jdbc.datasource.DataSourceTransactionManager - Participating in existing transaction
18:00:11.060 [main] DEBUG org.springframework.jdbc.datasource.DataSourceTransactionManager - Participating in existing transaction
18:00:11.060 [main] DEBUG org.springframework.jdbc.datasource.DataSourceTransactionManager - Participating in existing transaction
18:00:11.060 [main] DEBUG org.springframework.jdbc.datasource.DataSourceTransactionManager - Participating in existing transaction
18:00:11.060 [main] DEBUG org.springframework.jdbc.datasource.DataSourceTransactionManager - Participating in existing transaction
18:00:11.060 [main] DEBUG org.springframework.test.context.cache.DefaultCacheAwareContextLoaderDelegate - Retrieved ApplicationContext [1050971191] from cache with key [[MergedContextConfiguration@1389e498 testClass = ConfigurationBusiness_CoreSpringServerIT, locations = '{}', classes = '{class fr.insalyon.creatis.vip.core.server.SpringCoreConfig}', contextInitializerClasses = '[]', activeProfiles = '{test-db, test}', propertySourceLocations = '{}', propertySourceProperties = '{db.tableEngine=}', contextCustomizers = set[[empty]], contextLoader = 'org.springframework.test.context.support.DelegatingSmartContextLoader', parent = [null]]]
18:00:11.060 [main] DEBUG org.springframework.test.context.cache - Spring test ApplicationContext cache statistics: [DefaultContextCache@4675f5b0 size = 1, maxSize = 32, parentContextCount = 0, hitCount = 402, missCount = 1]
18:00:11.061 [main] DEBUG org.springframework.test.context.cache.DefaultCacheAwareContextLoaderDelegate - Retrieved ApplicationContext [1050971191] from cache with key [[MergedContextConfiguration@1389e498 testClass = ConfigurationBusiness_CoreSpringServerIT, locations = '{}', classes = '{class fr.insalyon.creatis.vip.core.server.SpringCoreConfig}', contextInitializerClasses = '[]', activeProfiles = '{test-db, test}', propertySourceLocations = '{}', propertySourceProperties = '{db.tableEngine=}', contextCustomizers = set[[empty]], contextLoader = 'org.springframework.test.context.support.DelegatingSmartContextLoader', parent = [null]]]
18:00:11.061 [main] DEBUG org.springframework.test.context.cache - Spring test ApplicationContext cache statistics: [DefaultContextCache@4675f5b0 size = 1, maxSize = 32, parentContextCount = 0, hitCount = 403, missCount = 1]
18:00:11.061 [main] DEBUG org.springframework.jdbc.datasource.DataSourceTransactionManager - Initiating transaction rollback
18:00:11.061 [main] DEBUG org.springframework.jdbc.datasource.DataSourceTransactionManager - Rolling back JDBC transaction on Connection [conn71: url=jdbc:h2:mem:fec2b152-de2f-4c07-a3e1-df691c7daf9d user=SA]
18:00:11.061 [main] DEBUG org.springframework.jdbc.datasource.DataSourceTransactionManager - Releasing JDBC Connection [conn71: url=jdbc:h2:mem:fec2b152-de2f-4c07-a3e1-df691c7daf9d user=SA] after transaction
18:00:11.061 [main] INFO org.springframework.test.context.transaction.TransactionContext - Rolled back transaction for test: [DefaultTestContext@18e20fa8 testClass = ConfigurationBusiness_CoreSpringServerIT, testInstance = ConfigurationBusiness_CoreSpringServerIT@5a871e43, testMethod = testUpdateUserEmail@ConfigurationBusiness_CoreSpringServerIT, testException = [null], mergedContextConfiguration = [MergedContextConfiguration@1389e498 testClass = ConfigurationBusiness_CoreSpringServerIT, locations = '{}', classes = '{class fr.insalyon.creatis.vip.core.server.SpringCoreConfig}', contextInitializerClasses = '[]', activeProfiles = '{test-db, test}', propertySourceLocations = '{}', propertySourceProperties = '{db.tableEngine=}', contextCustomizers = set[[empty]], contextLoader = 'org.springframework.test.context.support.DelegatingSmartContextLoader', parent = [null]], attributes = map['org.springframework.test.context.event.ApplicationEventsTestExecutionListener.recordApplicationEvents' -> false]]
18:00:11.061 [main] DEBUG org.springframework.test.context.support.AbstractDirtiesContextTestExecutionListener - After test method: context [DefaultTestContext@18e20fa8 testClass = ConfigurationBusiness_CoreSpringServerIT, testInstance = ConfigurationBusiness_CoreSpringServerIT@5a871e43, testMethod = testUpdateUserEmail@ConfigurationBusiness_CoreSpringServerIT, testException = [null], mergedContextConfiguration = [MergedContextConfiguration@1389e498 testClass = ConfigurationBusiness_CoreSpringServerIT, locations = '{}', classes = '{class fr.insalyon.creatis.vip.core.server.SpringCoreConfig}', contextInitializerClasses = '[]', activeProfiles = '{test-db, test}', propertySourceLocations = '{}', propertySourceProperties = '{db.tableEngine=}', contextCustomizers = set[[empty]], contextLoader = 'org.springframework.test.context.support.DelegatingSmartContextLoader', parent = [null]], attributes = map['org.springframework.test.context.event.ApplicationEventsTestExecutionListener.recordApplicationEvents' -> false]], class annotated with @DirtiesContext [false] with mode [null], method annotated with @DirtiesContext [false] with mode [null].
]]></system-out>
  </testcase>
  <testcase name="testGetUserPropertiesGroup" classname="ConfigurationBusiness_CoreSpringServerIT" time="0.025">
    <system-out><![CDATA[18:00:11.077 [main] DEBUG org.springframework.test.context.support.DependencyInjectionTestExecutionListener - Performing dependency injection for test context [[DefaultTestContext@18e20fa8 testClass = ConfigurationBusiness_CoreSpringServerIT, testInstance = ConfigurationBusiness_CoreSpringServerIT@449e327c, testMethod = [null], testException = [null], mergedContextConfiguration = [MergedContextConfiguration@1389e498 testClass = ConfigurationBusiness_CoreSpringServerIT, locations = '{}', classes = '{class fr.insalyon.creatis.vip.core.server.SpringCoreConfig}', contextInitializerClasses = '[]', activeProfiles = '{test-db, test}', propertySourceLocations = '{}', propertySourceProperties = '{db.tableEngine=}', contextCustomizers = set[[empty]], contextLoader = 'org.springframework.test.context.support.DelegatingSmartContextLoader', parent = [null]], attributes = map['org.springframework.test.context.event.ApplicationEventsTestExecutionListener.recordApplicationEvents' -> false]]].
18:00:11.077 [main] DEBUG org.springframework.test.context.cache.DefaultCacheAwareContextLoaderDelegate - Retrieved ApplicationContext [1050971191] from cache with key [[MergedContextConfiguration@1389e498 testClass = ConfigurationBusiness_CoreSpringServerIT, locations = '{}', classes = '{class fr.insalyon.creatis.vip.core.server.SpringCoreConfig}', contextInitializerClasses = '[]', activeProfiles = '{test-db, test}', propertySourceLocations = '{}', propertySourceProperties = '{db.tableEngine=}', contextCustomizers = set[[empty]], contextLoader = 'org.springframework.test.context.support.DelegatingSmartContextLoader', parent = [null]]]
18:00:11.077 [main] DEBUG org.springframework.test.context.cache - Spring test ApplicationContext cache statistics: [DefaultContextCache@4675f5b0 size = 1, maxSize = 32, parentContextCount = 0, hitCount = 404, missCount = 1]
18:00:11.077 [main] DEBUG org.springframework.test.context.cache.DefaultCacheAwareContextLoaderDelegate - Retrieved ApplicationContext [1050971191] from cache with key [[MergedContextConfiguration@1389e498 testClass = ConfigurationBusiness_CoreSpringServerIT, locations = '{}', classes = '{class fr.insalyon.creatis.vip.core.server.SpringCoreConfig}', contextInitializerClasses = '[]', activeProfiles = '{test-db, test}', propertySourceLocations = '{}', propertySourceProperties = '{db.tableEngine=}', contextCustomizers = set[[empty]], contextLoader = 'org.springframework.test.context.support.DelegatingSmartContextLoader', parent = [null]]]
18:00:11.077 [main] DEBUG org.springframework.test.context.cache - Spring test ApplicationContext cache statistics: [DefaultContextCache@4675f5b0 size = 1, maxSize = 32, parentContextCount = 0, hitCount = 405, missCount = 1]
18:00:11.087 [main] DEBUG org.springframework.test.context.support.AbstractDirtiesContextTestExecutionListener - Before test method: context [DefaultTestContext@18e20fa8 testClass = ConfigurationBusiness_CoreSpringServerIT, testInstance = ConfigurationBusiness_CoreSpringServerIT@449e327c, testMethod = testGetUserPropertiesGroup@ConfigurationBusiness_CoreSpringServerIT, testException = [null], mergedContextConfiguration = [MergedContextConfiguration@1389e498 testClass = ConfigurationBusiness_CoreSpringServerIT, locations = '{}', classes = '{class fr.insalyon.creatis.vip.core.server.SpringCoreConfig}', contextInitializerClasses = '[]', activeProfiles = '{test-db, test}', propertySourceLocations = '{}', propertySourceProperties = '{db.tableEngine=}', contextCustomizers = set[[empty]], contextLoader = 'org.springframework.test.context.support.DelegatingSmartContextLoader', parent = [null]], attributes = map['org.springframework.test.context.event.ApplicationEventsTestExecutionListener.recordApplicationEvents' -> false]], class annotated with @DirtiesContext [false] with mode [null], method annotated with @DirtiesContext [false] with mode [null].
18:00:11.087 [main] DEBUG org.springframework.test.context.transaction.TransactionalTestExecutionListener - Explicit transaction definition [PROPAGATION_REQUIRED,ISOLATION_DEFAULT] found for test context [DefaultTestContext@18e20fa8 testClass = ConfigurationBusiness_CoreSpringServerIT, testInstance = ConfigurationBusiness_CoreSpringServerIT@449e327c, testMethod = testGetUserPropertiesGroup@ConfigurationBusiness_CoreSpringServerIT, testException = [null], mergedContextConfiguration = [MergedContextConfiguration@1389e498 testClass = ConfigurationBusiness_CoreSpringServerIT, locations = '{}', classes = '{class fr.insalyon.creatis.vip.core.server.SpringCoreConfig}', contextInitializerClasses = '[]', activeProfiles = '{test-db, test}', propertySourceLocations = '{}', propertySourceProperties = '{db.tableEngine=}', contextCustomizers = set[[empty]], contextLoader = 'org.springframework.test.context.support.DelegatingSmartContextLoader', parent = [null]], attributes = map['org.springframework.test.context.event.ApplicationEventsTestExecutionListener.recordApplicationEvents' -> false]]
18:00:11.087 [main] DEBUG org.springframework.test.context.cache.DefaultCacheAwareContextLoaderDelegate - Retrieved ApplicationContext [1050971191] from cache with key [[MergedContextConfiguration@1389e498 testClass = ConfigurationBusiness_CoreSpringServerIT, locations = '{}', classes = '{class fr.insalyon.creatis.vip.core.server.SpringCoreConfig}', contextInitializerClasses = '[]', activeProfiles = '{test-db, test}', propertySourceLocations = '{}', propertySourceProperties = '{db.tableEngine=}', contextCustomizers = set[[empty]], contextLoader = 'org.springframework.test.context.support.DelegatingSmartContextLoader', parent = [null]]]
18:00:11.087 [main] DEBUG org.springframework.test.context.cache - Spring test ApplicationContext cache statistics: [DefaultContextCache@4675f5b0 size = 1, maxSize = 32, parentContextCount = 0, hitCount = 406, missCount = 1]
18:00:11.087 [main] DEBUG org.springframework.test.context.transaction.TransactionalTestExecutionListener - No method-level @Rollback override: using default rollback [true] for test context [DefaultTestContext@18e20fa8 testClass = ConfigurationBusiness_CoreSpringServerIT, testInstance = ConfigurationBusiness_CoreSpringServerIT@449e327c, testMethod = testGetUserPropertiesGroup@ConfigurationBusiness_CoreSpringServerIT, testException = [null], mergedContextConfiguration = [MergedContextConfiguration@1389e498 testClass = ConfigurationBusiness_CoreSpringServerIT, locations = '{}', classes = '{class fr.insalyon.creatis.vip.core.server.SpringCoreConfig}', contextInitializerClasses = '[]', activeProfiles = '{test-db, test}', propertySourceLocations = '{}', propertySourceProperties = '{db.tableEngine=}', contextCustomizers = set[[empty]], contextLoader = 'org.springframework.test.context.support.DelegatingSmartContextLoader', parent = [null]], attributes = map['org.springframework.test.context.event.ApplicationEventsTestExecutionListener.recordApplicationEvents' -> false]].
18:00:11.087 [main] DEBUG org.springframework.jdbc.datasource.DataSourceTransactionManager - Creating new transaction with name [ConfigurationBusiness_CoreSpringServerIT.testGetUserPropertiesGroup]: PROPAGATION_REQUIRED,ISOLATION_DEFAULT
18:00:11.088 [main] DEBUG org.springframework.jdbc.datasource.DataSourceTransactionManager - Acquired Connection [Lazy Connection proxy for target DataSource [org.springframework.jdbc.datasource.embedded.EmbeddedDatabaseFactory$EmbeddedDataSourceProxy@5764c072]] for JDBC transaction
18:00:11.088 [main] DEBUG org.springframework.jdbc.datasource.DataSourceTransactionManager - Switching JDBC Connection [Lazy Connection proxy for target DataSource [org.springframework.jdbc.datasource.embedded.EmbeddedDatabaseFactory$EmbeddedDataSourceProxy@5764c072]] to manual commit
18:00:11.088 [main] INFO org.springframework.test.context.transaction.TransactionContext - Began transaction (1) for test context [DefaultTestContext@18e20fa8 testClass = ConfigurationBusiness_CoreSpringServerIT, testInstance = ConfigurationBusiness_CoreSpringServerIT@449e327c, testMethod = testGetUserPropertiesGroup@ConfigurationBusiness_CoreSpringServerIT, testException = [null], mergedContextConfiguration = [MergedContextConfiguration@1389e498 testClass = ConfigurationBusiness_CoreSpringServerIT, locations = '{}', classes = '{class fr.insalyon.creatis.vip.core.server.SpringCoreConfig}', contextInitializerClasses = '[]', activeProfiles = '{test-db, test}', propertySourceLocations = '{}', propertySourceProperties = '{db.tableEngine=}', contextCustomizers = set[[empty]], contextLoader = 'org.springframework.test.context.support.DelegatingSmartContextLoader', parent = [null]], attributes = map['org.springframework.test.context.event.ApplicationEventsTestExecutionListener.recordApplicationEvents' -> false]]; transaction manager [org.springframework.jdbc.datasource.DataSourceTransactionManager@178b2df1]; rollback [true]
18:00:11.088 [main] DEBUG org.springframework.test.context.cache.DefaultCacheAwareContextLoaderDelegate - Retrieved ApplicationContext [1050971191] from cache with key [[MergedContextConfiguration@1389e498 testClass = ConfigurationBusiness_CoreSpringServerIT, locations = '{}', classes = '{class fr.insalyon.creatis.vip.core.server.SpringCoreConfig}', contextInitializerClasses = '[]', activeProfiles = '{test-db, test}', propertySourceLocations = '{}', propertySourceProperties = '{db.tableEngine=}', contextCustomizers = set[[empty]], contextLoader = 'org.springframework.test.context.support.DelegatingSmartContextLoader', parent = [null]]]
18:00:11.088 [main] DEBUG org.springframework.test.context.cache - Spring test ApplicationContext cache statistics: [DefaultContextCache@4675f5b0 size = 1, maxSize = 32, parentContextCount = 0, hitCount = 407, missCount = 1]
18:00:11.089 [main] DEBUG org.springframework.jdbc.datasource.DataSourceTransactionManager - Participating in existing transaction
18:00:11.089 [main] DEBUG org.springframework.jdbc.datasource.DataSourceTransactionManager - Participating in existing transaction
18:00:11.090 [main] DEBUG org.springframework.jdbc.datasource.SimpleDriverDataSource - Creating new JDBC Driver Connection to [jdbc:h2:mem:fec2b152-de2f-4c07-a3e1-df691c7daf9d;DB_CLOSE_DELAY=-1;DB_CLOSE_ON_EXIT=false]
18:00:11.090 [main] DEBUG org.springframework.jdbc.datasource.DataSourceTransactionManager - Participating in existing transaction
18:00:11.090 [main] DEBUG org.springframework.jdbc.datasource.DataSourceTransactionManager - Participating in existing transaction
18:00:11.090 [main] DEBUG org.springframework.jdbc.datasource.DataSourceTransactionManager - Participating in existing transaction
18:00:11.090 [main] DEBUG org.springframework.jdbc.datasource.DataSourceTransactionManager - Participating in existing transaction
18:00:11.091 [main] DEBUG org.springframework.jdbc.datasource.DataSourceTransactionManager - Participating in existing transaction
User = test1@test.fr
18:00:11.091 [main] INFO fr.insalyon.creatis.vip.core.server.business.ConfigurationBusiness - verifying test1@test.fr. List of undesired mail domains: . 
18:00:11.091 [main] INFO fr.insalyon.creatis.vip.core.server.business.ConfigurationBusiness - Signing up . List of undesired countries: .
18:00:11.091 [main] DEBUG org.springframework.jdbc.datasource.DataSourceTransactionManager - Participating in existing transaction
18:00:11.092 [main] DEBUG org.springframework.jdbc.datasource.DataSourceTransactionManager - Participating in existing transaction
18:00:11.092 [main] INFO fr.insalyon.creatis.vip.core.server.business.ConfigurationBusiness - Sending confirmation email to 'test1@test.fr'.
18:00:11.092 [main] DEBUG org.springframework.jdbc.datasource.DataSourceTransactionManager - Participating in existing transaction
18:00:11.092 [main] DEBUG org.springframework.jdbc.datasource.DataSourceTransactionManager - Participating in existing transaction
18:00:11.092 [main] DEBUG org.springframework.jdbc.datasource.DataSourceTransactionManager - Participating in existing transaction
18:00:11.092 [main] DEBUG org.springframework.jdbc.datasource.DataSourceTransactionManager - Participating in existing transaction
User = test2@test.fr
18:00:11.092 [main] INFO fr.insalyon.creatis.vip.core.server.business.ConfigurationBusiness - verifying test2@test.fr. List of undesired mail domains: . 
18:00:11.093 [main] INFO fr.insalyon.creatis.vip.core.server.business.ConfigurationBusiness - Signing up . List of undesired countries: .
18:00:11.093 [main] DEBUG org.springframework.jdbc.datasource.DataSourceTransactionManager - Participating in existing transaction
18:00:11.093 [main] DEBUG org.springframework.jdbc.datasource.DataSourceTransactionManager - Participating in existing transaction
18:00:11.093 [main] INFO fr.insalyon.creatis.vip.core.server.business.ConfigurationBusiness - Sending confirmation email to 'test2@test.fr'.
18:00:11.093 [main] DEBUG org.springframework.jdbc.datasource.DataSourceTransactionManager - Participating in existing transaction
18:00:11.094 [main] DEBUG org.springframework.jdbc.datasource.DataSourceTransactionManager - Participating in existing transaction
18:00:11.094 [main] DEBUG org.springframework.jdbc.datasource.DataSourceTransactionManager - Participating in existing transaction
18:00:11.094 [main] DEBUG org.springframework.jdbc.datasource.DataSourceTransactionManager - Participating in existing transaction
User = test3@test.fr
18:00:11.094 [main] INFO fr.insalyon.creatis.vip.core.server.business.ConfigurationBusiness - verifying test3@test.fr. List of undesired mail domains: . 
18:00:11.094 [main] INFO fr.insalyon.creatis.vip.core.server.business.ConfigurationBusiness - Signing up . List of undesired countries: .
18:00:11.094 [main] DEBUG org.springframework.jdbc.datasource.DataSourceTransactionManager - Participating in existing transaction
18:00:11.094 [main] DEBUG org.springframework.jdbc.datasource.DataSourceTransactionManager - Participating in existing transaction
18:00:11.094 [main] INFO fr.insalyon.creatis.vip.core.server.business.ConfigurationBusiness - Sending confirmation email to 'test3@test.fr'.
18:00:11.094 [main] DEBUG org.springframework.jdbc.datasource.DataSourceTransactionManager - Participating in existing transaction
18:00:11.096 [main] DEBUG org.springframework.jdbc.datasource.DataSourceTransactionManager - Participating in existing transaction
18:00:11.096 [main] DEBUG org.springframework.jdbc.datasource.DataSourceTransactionManager - Participating in existing transaction
18:00:11.096 [main] DEBUG org.springframework.jdbc.datasource.DataSourceTransactionManager - Participating in existing transaction
User = test4@test.fr
18:00:11.096 [main] INFO fr.insalyon.creatis.vip.core.server.business.ConfigurationBusiness - verifying test4@test.fr. List of undesired mail domains: . 
18:00:11.096 [main] INFO fr.insalyon.creatis.vip.core.server.business.ConfigurationBusiness - Signing up . List of undesired countries: .
18:00:11.097 [main] DEBUG org.springframework.jdbc.datasource.DataSourceTransactionManager - Participating in existing transaction
18:00:11.097 [main] DEBUG org.springframework.jdbc.datasource.DataSourceTransactionManager - Participating in existing transaction
18:00:11.097 [main] INFO fr.insalyon.creatis.vip.core.server.business.ConfigurationBusiness - Sending confirmation email to 'test4@test.fr'.
18:00:11.097 [main] DEBUG org.springframework.jdbc.datasource.DataSourceTransactionManager - Participating in existing transaction
18:00:11.097 [main] DEBUG org.springframework.jdbc.datasource.DataSourceTransactionManager - Participating in existing transaction
18:00:11.097 [main] DEBUG org.springframework.jdbc.datasource.DataSourceTransactionManager - Participating in existing transaction
18:00:11.097 [main] DEBUG org.springframework.jdbc.datasource.DataSourceTransactionManager - Participating in existing transaction
18:00:11.097 [main] DEBUG org.springframework.jdbc.datasource.DataSourceTransactionManager - Participating in existing transaction
18:00:11.097 [main] DEBUG org.springframework.jdbc.datasource.DataSourceTransactionManager - Participating in existing transaction
18:00:11.097 [main] DEBUG org.springframework.jdbc.datasource.DataSourceTransactionManager - Participating in existing transaction
18:00:11.097 [main] DEBUG org.springframework.jdbc.datasource.DataSourceTransactionManager - Participating in existing transaction
18:00:11.097 [main] DEBUG org.springframework.jdbc.datasource.DataSourceTransactionManager - Participating in existing transaction
18:00:11.098 [main] DEBUG org.springframework.jdbc.datasource.DataSourceTransactionManager - Participating in existing transaction
18:00:11.098 [main] DEBUG org.springframework.jdbc.datasource.DataSourceTransactionManager - Participating in existing transaction
18:00:11.098 [main] DEBUG org.springframework.jdbc.datasource.DataSourceTransactionManager - Participating in existing transaction
User = email5@test.fr
18:00:11.098 [main] INFO fr.insalyon.creatis.vip.core.server.business.ConfigurationBusiness - verifying email5@test.fr. List of undesired mail domains: . 
18:00:11.098 [main] INFO fr.insalyon.creatis.vip.core.server.business.ConfigurationBusiness - Signing up . List of undesired countries: .
18:00:11.098 [main] DEBUG org.springframework.jdbc.datasource.DataSourceTransactionManager - Participating in existing transaction
18:00:11.098 [main] DEBUG org.springframework.jdbc.datasource.DataSourceTransactionManager - Participating in existing transaction
18:00:11.098 [main] INFO fr.insalyon.creatis.vip.core.server.business.ConfigurationBusiness - Sending confirmation email to 'email5@test.fr'.
18:00:11.099 [main] DEBUG org.springframework.jdbc.datasource.DataSourceTransactionManager - Participating in existing transaction
18:00:11.100 [main] DEBUG org.springframework.test.context.cache.DefaultCacheAwareContextLoaderDelegate - Retrieved ApplicationContext [1050971191] from cache with key [[MergedContextConfiguration@1389e498 testClass = ConfigurationBusiness_CoreSpringServerIT, locations = '{}', classes = '{class fr.insalyon.creatis.vip.core.server.SpringCoreConfig}', contextInitializerClasses = '[]', activeProfiles = '{test-db, test}', propertySourceLocations = '{}', propertySourceProperties = '{db.tableEngine=}', contextCustomizers = set[[empty]], contextLoader = 'org.springframework.test.context.support.DelegatingSmartContextLoader', parent = [null]]]
18:00:11.100 [main] DEBUG org.springframework.test.context.cache - Spring test ApplicationContext cache statistics: [DefaultContextCache@4675f5b0 size = 1, maxSize = 32, parentContextCount = 0, hitCount = 408, missCount = 1]
18:00:11.100 [main] DEBUG org.springframework.jdbc.datasource.DataSourceTransactionManager - Participating in existing transaction
18:00:11.100 [main] DEBUG org.springframework.jdbc.datasource.DataSourceTransactionManager - Participating in existing transaction
18:00:11.101 [main] DEBUG org.springframework.jdbc.datasource.DataSourceTransactionManager - Participating in existing transaction
18:00:11.101 [main] DEBUG org.springframework.jdbc.datasource.DataSourceTransactionManager - Participating in existing transaction
18:00:11.101 [main] DEBUG org.springframework.jdbc.datasource.DataSourceTransactionManager - Participating in existing transaction
18:00:11.101 [main] DEBUG org.springframework.jdbc.datasource.DataSourceTransactionManager - Participating in existing transaction
18:00:11.101 [main] DEBUG org.springframework.jdbc.datasource.DataSourceTransactionManager - Participating in existing transaction
18:00:11.101 [main] DEBUG org.springframework.jdbc.datasource.DataSourceTransactionManager - Participating in existing transaction
18:00:11.101 [main] DEBUG org.springframework.jdbc.datasource.DataSourceTransactionManager - Participating in existing transaction
18:00:11.101 [main] DEBUG org.springframework.jdbc.datasource.DataSourceTransactionManager - Participating in existing transaction
18:00:11.101 [main] DEBUG org.springframework.jdbc.datasource.DataSourceTransactionManager - Participating in existing transaction
18:00:11.101 [main] DEBUG org.springframework.jdbc.datasource.DataSourceTransactionManager - Participating in existing transaction
18:00:11.101 [main] DEBUG org.springframework.test.context.cache.DefaultCacheAwareContextLoaderDelegate - Retrieved ApplicationContext [1050971191] from cache with key [[MergedContextConfiguration@1389e498 testClass = ConfigurationBusiness_CoreSpringServerIT, locations = '{}', classes = '{class fr.insalyon.creatis.vip.core.server.SpringCoreConfig}', contextInitializerClasses = '[]', activeProfiles = '{test-db, test}', propertySourceLocations = '{}', propertySourceProperties = '{db.tableEngine=}', contextCustomizers = set[[empty]], contextLoader = 'org.springframework.test.context.support.DelegatingSmartContextLoader', parent = [null]]]
18:00:11.101 [main] DEBUG org.springframework.test.context.cache - Spring test ApplicationContext cache statistics: [DefaultContextCache@4675f5b0 size = 1, maxSize = 32, parentContextCount = 0, hitCount = 409, missCount = 1]
18:00:11.101 [main] DEBUG org.springframework.test.context.cache.DefaultCacheAwareContextLoaderDelegate - Retrieved ApplicationContext [1050971191] from cache with key [[MergedContextConfiguration@1389e498 testClass = ConfigurationBusiness_CoreSpringServerIT, locations = '{}', classes = '{class fr.insalyon.creatis.vip.core.server.SpringCoreConfig}', contextInitializerClasses = '[]', activeProfiles = '{test-db, test}', propertySourceLocations = '{}', propertySourceProperties = '{db.tableEngine=}', contextCustomizers = set[[empty]], contextLoader = 'org.springframework.test.context.support.DelegatingSmartContextLoader', parent = [null]]]
18:00:11.101 [main] DEBUG org.springframework.test.context.cache - Spring test ApplicationContext cache statistics: [DefaultContextCache@4675f5b0 size = 1, maxSize = 32, parentContextCount = 0, hitCount = 410, missCount = 1]
18:00:11.101 [main] DEBUG org.springframework.jdbc.datasource.DataSourceTransactionManager - Initiating transaction rollback
18:00:11.101 [main] DEBUG org.springframework.jdbc.datasource.DataSourceTransactionManager - Rolling back JDBC transaction on Connection [conn72: url=jdbc:h2:mem:fec2b152-de2f-4c07-a3e1-df691c7daf9d user=SA]
18:00:11.101 [main] DEBUG org.springframework.jdbc.datasource.DataSourceTransactionManager - Releasing JDBC Connection [conn72: url=jdbc:h2:mem:fec2b152-de2f-4c07-a3e1-df691c7daf9d user=SA] after transaction
18:00:11.101 [main] INFO org.springframework.test.context.transaction.TransactionContext - Rolled back transaction for test: [DefaultTestContext@18e20fa8 testClass = ConfigurationBusiness_CoreSpringServerIT, testInstance = ConfigurationBusiness_CoreSpringServerIT@449e327c, testMethod = testGetUserPropertiesGroup@ConfigurationBusiness_CoreSpringServerIT, testException = [null], mergedContextConfiguration = [MergedContextConfiguration@1389e498 testClass = ConfigurationBusiness_CoreSpringServerIT, locations = '{}', classes = '{class fr.insalyon.creatis.vip.core.server.SpringCoreConfig}', contextInitializerClasses = '[]', activeProfiles = '{test-db, test}', propertySourceLocations = '{}', propertySourceProperties = '{db.tableEngine=}', contextCustomizers = set[[empty]], contextLoader = 'org.springframework.test.context.support.DelegatingSmartContextLoader', parent = [null]], attributes = map['org.springframework.test.context.event.ApplicationEventsTestExecutionListener.recordApplicationEvents' -> false]]
18:00:11.102 [main] DEBUG org.springframework.test.context.support.AbstractDirtiesContextTestExecutionListener - After test method: context [DefaultTestContext@18e20fa8 testClass = ConfigurationBusiness_CoreSpringServerIT, testInstance = ConfigurationBusiness_CoreSpringServerIT@449e327c, testMethod = testGetUserPropertiesGroup@ConfigurationBusiness_CoreSpringServerIT, testException = [null], mergedContextConfiguration = [MergedContextConfiguration@1389e498 testClass = ConfigurationBusiness_CoreSpringServerIT, locations = '{}', classes = '{class fr.insalyon.creatis.vip.core.server.SpringCoreConfig}', contextInitializerClasses = '[]', activeProfiles = '{test-db, test}', propertySourceLocations = '{}', propertySourceProperties = '{db.tableEngine=}', contextCustomizers = set[[empty]], contextLoader = 'org.springframework.test.context.support.DelegatingSmartContextLoader', parent = [null]], attributes = map['org.springframework.test.context.event.ApplicationEventsTestExecutionListener.recordApplicationEvents' -> false]], class annotated with @DirtiesContext [false] with mode [null], method annotated with @DirtiesContext [false] with mode [null].
]]></system-out>
  </testcase>
  <testcase name="testCatchDeleteApiKeyNonExistentUser" classname="ConfigurationBusiness_CoreSpringServerIT" time="0.025">
    <system-out><![CDATA[18:00:11.103 [main] DEBUG org.springframework.test.context.support.DependencyInjectionTestExecutionListener - Performing dependency injection for test context [[DefaultTestContext@18e20fa8 testClass = ConfigurationBusiness_CoreSpringServerIT, testInstance = ConfigurationBusiness_CoreSpringServerIT@f1a9913, testMethod = [null], testException = [null], mergedContextConfiguration = [MergedContextConfiguration@1389e498 testClass = ConfigurationBusiness_CoreSpringServerIT, locations = '{}', classes = '{class fr.insalyon.creatis.vip.core.server.SpringCoreConfig}', contextInitializerClasses = '[]', activeProfiles = '{test-db, test}', propertySourceLocations = '{}', propertySourceProperties = '{db.tableEngine=}', contextCustomizers = set[[empty]], contextLoader = 'org.springframework.test.context.support.DelegatingSmartContextLoader', parent = [null]], attributes = map['org.springframework.test.context.event.ApplicationEventsTestExecutionListener.recordApplicationEvents' -> false]]].
18:00:11.103 [main] DEBUG org.springframework.test.context.cache.DefaultCacheAwareContextLoaderDelegate - Retrieved ApplicationContext [1050971191] from cache with key [[MergedContextConfiguration@1389e498 testClass = ConfigurationBusiness_CoreSpringServerIT, locations = '{}', classes = '{class fr.insalyon.creatis.vip.core.server.SpringCoreConfig}', contextInitializerClasses = '[]', activeProfiles = '{test-db, test}', propertySourceLocations = '{}', propertySourceProperties = '{db.tableEngine=}', contextCustomizers = set[[empty]], contextLoader = 'org.springframework.test.context.support.DelegatingSmartContextLoader', parent = [null]]]
18:00:11.103 [main] DEBUG org.springframework.test.context.cache - Spring test ApplicationContext cache statistics: [DefaultContextCache@4675f5b0 size = 1, maxSize = 32, parentContextCount = 0, hitCount = 411, missCount = 1]
18:00:11.103 [main] DEBUG org.springframework.test.context.cache.DefaultCacheAwareContextLoaderDelegate - Retrieved ApplicationContext [1050971191] from cache with key [[MergedContextConfiguration@1389e498 testClass = ConfigurationBusiness_CoreSpringServerIT, locations = '{}', classes = '{class fr.insalyon.creatis.vip.core.server.SpringCoreConfig}', contextInitializerClasses = '[]', activeProfiles = '{test-db, test}', propertySourceLocations = '{}', propertySourceProperties = '{db.tableEngine=}', contextCustomizers = set[[empty]], contextLoader = 'org.springframework.test.context.support.DelegatingSmartContextLoader', parent = [null]]]
18:00:11.103 [main] DEBUG org.springframework.test.context.cache - Spring test ApplicationContext cache statistics: [DefaultContextCache@4675f5b0 size = 1, maxSize = 32, parentContextCount = 0, hitCount = 412, missCount = 1]
18:00:11.104 [main] DEBUG org.springframework.test.context.support.AbstractDirtiesContextTestExecutionListener - Before test method: context [DefaultTestContext@18e20fa8 testClass = ConfigurationBusiness_CoreSpringServerIT, testInstance = ConfigurationBusiness_CoreSpringServerIT@f1a9913, testMethod = testCatchDeleteApiKeyNonExistentUser@ConfigurationBusiness_CoreSpringServerIT, testException = [null], mergedContextConfiguration = [MergedContextConfiguration@1389e498 testClass = ConfigurationBusiness_CoreSpringServerIT, locations = '{}', classes = '{class fr.insalyon.creatis.vip.core.server.SpringCoreConfig}', contextInitializerClasses = '[]', activeProfiles = '{test-db, test}', propertySourceLocations = '{}', propertySourceProperties = '{db.tableEngine=}', contextCustomizers = set[[empty]], contextLoader = 'org.springframework.test.context.support.DelegatingSmartContextLoader', parent = [null]], attributes = map['org.springframework.test.context.event.ApplicationEventsTestExecutionListener.recordApplicationEvents' -> false]], class annotated with @DirtiesContext [false] with mode [null], method annotated with @DirtiesContext [false] with mode [null].
18:00:11.104 [main] DEBUG org.springframework.test.context.transaction.TransactionalTestExecutionListener - Explicit transaction definition [PROPAGATION_REQUIRED,ISOLATION_DEFAULT] found for test context [DefaultTestContext@18e20fa8 testClass = ConfigurationBusiness_CoreSpringServerIT, testInstance = ConfigurationBusiness_CoreSpringServerIT@f1a9913, testMethod = testCatchDeleteApiKeyNonExistentUser@ConfigurationBusiness_CoreSpringServerIT, testException = [null], mergedContextConfiguration = [MergedContextConfiguration@1389e498 testClass = ConfigurationBusiness_CoreSpringServerIT, locations = '{}', classes = '{class fr.insalyon.creatis.vip.core.server.SpringCoreConfig}', contextInitializerClasses = '[]', activeProfiles = '{test-db, test}', propertySourceLocations = '{}', propertySourceProperties = '{db.tableEngine=}', contextCustomizers = set[[empty]], contextLoader = 'org.springframework.test.context.support.DelegatingSmartContextLoader', parent = [null]], attributes = map['org.springframework.test.context.event.ApplicationEventsTestExecutionListener.recordApplicationEvents' -> false]]
18:00:11.104 [main] DEBUG org.springframework.test.context.cache.DefaultCacheAwareContextLoaderDelegate - Retrieved ApplicationContext [1050971191] from cache with key [[MergedContextConfiguration@1389e498 testClass = ConfigurationBusiness_CoreSpringServerIT, locations = '{}', classes = '{class fr.insalyon.creatis.vip.core.server.SpringCoreConfig}', contextInitializerClasses = '[]', activeProfiles = '{test-db, test}', propertySourceLocations = '{}', propertySourceProperties = '{db.tableEngine=}', contextCustomizers = set[[empty]], contextLoader = 'org.springframework.test.context.support.DelegatingSmartContextLoader', parent = [null]]]
18:00:11.104 [main] DEBUG org.springframework.test.context.cache - Spring test ApplicationContext cache statistics: [DefaultContextCache@4675f5b0 size = 1, maxSize = 32, parentContextCount = 0, hitCount = 413, missCount = 1]
18:00:11.104 [main] DEBUG org.springframework.test.context.transaction.TransactionalTestExecutionListener - No method-level @Rollback override: using default rollback [true] for test context [DefaultTestContext@18e20fa8 testClass = ConfigurationBusiness_CoreSpringServerIT, testInstance = ConfigurationBusiness_CoreSpringServerIT@f1a9913, testMethod = testCatchDeleteApiKeyNonExistentUser@ConfigurationBusiness_CoreSpringServerIT, testException = [null], mergedContextConfiguration = [MergedContextConfiguration@1389e498 testClass = ConfigurationBusiness_CoreSpringServerIT, locations = '{}', classes = '{class fr.insalyon.creatis.vip.core.server.SpringCoreConfig}', contextInitializerClasses = '[]', activeProfiles = '{test-db, test}', propertySourceLocations = '{}', propertySourceProperties = '{db.tableEngine=}', contextCustomizers = set[[empty]], contextLoader = 'org.springframework.test.context.support.DelegatingSmartContextLoader', parent = [null]], attributes = map['org.springframework.test.context.event.ApplicationEventsTestExecutionListener.recordApplicationEvents' -> false]].
18:00:11.105 [main] DEBUG org.springframework.jdbc.datasource.DataSourceTransactionManager - Creating new transaction with name [ConfigurationBusiness_CoreSpringServerIT.testCatchDeleteApiKeyNonExistentUser]: PROPAGATION_REQUIRED,ISOLATION_DEFAULT
18:00:11.105 [main] DEBUG org.springframework.jdbc.datasource.DataSourceTransactionManager - Acquired Connection [Lazy Connection proxy for target DataSource [org.springframework.jdbc.datasource.embedded.EmbeddedDatabaseFactory$EmbeddedDataSourceProxy@5764c072]] for JDBC transaction
18:00:11.105 [main] DEBUG org.springframework.jdbc.datasource.DataSourceTransactionManager - Switching JDBC Connection [Lazy Connection proxy for target DataSource [org.springframework.jdbc.datasource.embedded.EmbeddedDatabaseFactory$EmbeddedDataSourceProxy@5764c072]] to manual commit
18:00:11.105 [main] INFO org.springframework.test.context.transaction.TransactionContext - Began transaction (1) for test context [DefaultTestContext@18e20fa8 testClass = ConfigurationBusiness_CoreSpringServerIT, testInstance = ConfigurationBusiness_CoreSpringServerIT@f1a9913, testMethod = testCatchDeleteApiKeyNonExistentUser@ConfigurationBusiness_CoreSpringServerIT, testException = [null], mergedContextConfiguration = [MergedContextConfiguration@1389e498 testClass = ConfigurationBusiness_CoreSpringServerIT, locations = '{}', classes = '{class fr.insalyon.creatis.vip.core.server.SpringCoreConfig}', contextInitializerClasses = '[]', activeProfiles = '{test-db, test}', propertySourceLocations = '{}', propertySourceProperties = '{db.tableEngine=}', contextCustomizers = set[[empty]], contextLoader = 'org.springframework.test.context.support.DelegatingSmartContextLoader', parent = [null]], attributes = map['org.springframework.test.context.event.ApplicationEventsTestExecutionListener.recordApplicationEvents' -> false]]; transaction manager [org.springframework.jdbc.datasource.DataSourceTransactionManager@178b2df1]; rollback [true]
18:00:11.106 [main] DEBUG org.springframework.test.context.cache.DefaultCacheAwareContextLoaderDelegate - Retrieved ApplicationContext [1050971191] from cache with key [[MergedContextConfiguration@1389e498 testClass = ConfigurationBusiness_CoreSpringServerIT, locations = '{}', classes = '{class fr.insalyon.creatis.vip.core.server.SpringCoreConfig}', contextInitializerClasses = '[]', activeProfiles = '{test-db, test}', propertySourceLocations = '{}', propertySourceProperties = '{db.tableEngine=}', contextCustomizers = set[[empty]], contextLoader = 'org.springframework.test.context.support.DelegatingSmartContextLoader', parent = [null]]]
18:00:11.106 [main] DEBUG org.springframework.test.context.cache - Spring test ApplicationContext cache statistics: [DefaultContextCache@4675f5b0 size = 1, maxSize = 32, parentContextCount = 0, hitCount = 414, missCount = 1]
18:00:11.117 [main] DEBUG org.springframework.jdbc.datasource.DataSourceTransactionManager - Participating in existing transaction
18:00:11.118 [main] DEBUG org.springframework.jdbc.datasource.DataSourceTransactionManager - Participating in existing transaction
18:00:11.118 [main] DEBUG org.springframework.jdbc.datasource.SimpleDriverDataSource - Creating new JDBC Driver Connection to [jdbc:h2:mem:fec2b152-de2f-4c07-a3e1-df691c7daf9d;DB_CLOSE_DELAY=-1;DB_CLOSE_ON_EXIT=false]
18:00:11.118 [main] DEBUG org.springframework.jdbc.datasource.DataSourceTransactionManager - Participating in existing transaction
18:00:11.118 [main] DEBUG org.springframework.jdbc.datasource.DataSourceTransactionManager - Participating in existing transaction
18:00:11.119 [main] DEBUG org.springframework.jdbc.datasource.DataSourceTransactionManager - Participating in existing transaction
18:00:11.119 [main] DEBUG org.springframework.jdbc.datasource.DataSourceTransactionManager - Participating in existing transaction
18:00:11.119 [main] DEBUG org.springframework.jdbc.datasource.DataSourceTransactionManager - Participating in existing transaction
User = test1@test.fr
18:00:11.119 [main] INFO fr.insalyon.creatis.vip.core.server.business.ConfigurationBusiness - verifying test1@test.fr. List of undesired mail domains: . 
18:00:11.119 [main] INFO fr.insalyon.creatis.vip.core.server.business.ConfigurationBusiness - Signing up . List of undesired countries: .
18:00:11.119 [main] DEBUG org.springframework.jdbc.datasource.DataSourceTransactionManager - Participating in existing transaction
18:00:11.120 [main] DEBUG org.springframework.jdbc.datasource.DataSourceTransactionManager - Participating in existing transaction
18:00:11.120 [main] INFO fr.insalyon.creatis.vip.core.server.business.ConfigurationBusiness - Sending confirmation email to 'test1@test.fr'.
18:00:11.120 [main] DEBUG org.springframework.jdbc.datasource.DataSourceTransactionManager - Participating in existing transaction
18:00:11.120 [main] DEBUG org.springframework.jdbc.datasource.DataSourceTransactionManager - Participating in existing transaction
18:00:11.120 [main] DEBUG org.springframework.jdbc.datasource.DataSourceTransactionManager - Participating in existing transaction
18:00:11.120 [main] DEBUG org.springframework.jdbc.datasource.DataSourceTransactionManager - Participating in existing transaction
User = test2@test.fr
18:00:11.120 [main] INFO fr.insalyon.creatis.vip.core.server.business.ConfigurationBusiness - verifying test2@test.fr. List of undesired mail domains: . 
18:00:11.121 [main] INFO fr.insalyon.creatis.vip.core.server.business.ConfigurationBusiness - Signing up . List of undesired countries: .
18:00:11.121 [main] DEBUG org.springframework.jdbc.datasource.DataSourceTransactionManager - Participating in existing transaction
18:00:11.121 [main] DEBUG org.springframework.jdbc.datasource.DataSourceTransactionManager - Participating in existing transaction
18:00:11.121 [main] INFO fr.insalyon.creatis.vip.core.server.business.ConfigurationBusiness - Sending confirmation email to 'test2@test.fr'.
18:00:11.121 [main] DEBUG org.springframework.jdbc.datasource.DataSourceTransactionManager - Participating in existing transaction
18:00:11.121 [main] DEBUG org.springframework.jdbc.datasource.DataSourceTransactionManager - Participating in existing transaction
18:00:11.122 [main] DEBUG org.springframework.jdbc.datasource.DataSourceTransactionManager - Participating in existing transaction
18:00:11.122 [main] DEBUG org.springframework.jdbc.datasource.DataSourceTransactionManager - Participating in existing transaction
User = test3@test.fr
18:00:11.122 [main] INFO fr.insalyon.creatis.vip.core.server.business.ConfigurationBusiness - verifying test3@test.fr. List of undesired mail domains: . 
18:00:11.122 [main] INFO fr.insalyon.creatis.vip.core.server.business.ConfigurationBusiness - Signing up . List of undesired countries: .
18:00:11.122 [main] DEBUG org.springframework.jdbc.datasource.DataSourceTransactionManager - Participating in existing transaction
18:00:11.122 [main] DEBUG org.springframework.jdbc.datasource.DataSourceTransactionManager - Participating in existing transaction
18:00:11.122 [main] INFO fr.insalyon.creatis.vip.core.server.business.ConfigurationBusiness - Sending confirmation email to 'test3@test.fr'.
18:00:11.122 [main] DEBUG org.springframework.jdbc.datasource.DataSourceTransactionManager - Participating in existing transaction
18:00:11.123 [main] DEBUG org.springframework.jdbc.datasource.DataSourceTransactionManager - Participating in existing transaction
18:00:11.123 [main] DEBUG org.springframework.jdbc.datasource.DataSourceTransactionManager - Participating in existing transaction
18:00:11.123 [main] DEBUG org.springframework.jdbc.datasource.DataSourceTransactionManager - Participating in existing transaction
User = test4@test.fr
18:00:11.123 [main] INFO fr.insalyon.creatis.vip.core.server.business.ConfigurationBusiness - verifying test4@test.fr. List of undesired mail domains: . 
18:00:11.123 [main] INFO fr.insalyon.creatis.vip.core.server.business.ConfigurationBusiness - Signing up . List of undesired countries: .
18:00:11.123 [main] DEBUG org.springframework.jdbc.datasource.DataSourceTransactionManager - Participating in existing transaction
18:00:11.123 [main] DEBUG org.springframework.jdbc.datasource.DataSourceTransactionManager - Participating in existing transaction
18:00:11.123 [main] INFO fr.insalyon.creatis.vip.core.server.business.ConfigurationBusiness - Sending confirmation email to 'test4@test.fr'.
18:00:11.124 [main] DEBUG org.springframework.jdbc.datasource.DataSourceTransactionManager - Participating in existing transaction
18:00:11.124 [main] DEBUG org.springframework.jdbc.datasource.DataSourceTransactionManager - Participating in existing transaction
18:00:11.124 [main] DEBUG org.springframework.jdbc.datasource.DataSourceTransactionManager - Participating in existing transaction
18:00:11.124 [main] DEBUG org.springframework.jdbc.datasource.DataSourceTransactionManager - Participating in existing transaction
18:00:11.124 [main] DEBUG org.springframework.jdbc.datasource.DataSourceTransactionManager - Participating in existing transaction
18:00:11.124 [main] DEBUG org.springframework.jdbc.datasource.DataSourceTransactionManager - Participating in existing transaction
18:00:11.124 [main] DEBUG org.springframework.jdbc.datasource.DataSourceTransactionManager - Participating in existing transaction
18:00:11.124 [main] DEBUG org.springframework.jdbc.datasource.DataSourceTransactionManager - Participating in existing transaction
18:00:11.124 [main] DEBUG org.springframework.jdbc.datasource.DataSourceTransactionManager - Participating in existing transaction
18:00:11.125 [main] DEBUG org.springframework.jdbc.datasource.DataSourceTransactionManager - Participating in existing transaction
18:00:11.125 [main] DEBUG org.springframework.jdbc.datasource.DataSourceTransactionManager - Participating in existing transaction
18:00:11.125 [main] DEBUG org.springframework.jdbc.datasource.DataSourceTransactionManager - Participating in existing transaction
User = email5@test.fr
18:00:11.125 [main] INFO fr.insalyon.creatis.vip.core.server.business.ConfigurationBusiness - verifying email5@test.fr. List of undesired mail domains: . 
18:00:11.125 [main] INFO fr.insalyon.creatis.vip.core.server.business.ConfigurationBusiness - Signing up . List of undesired countries: .
18:00:11.125 [main] DEBUG org.springframework.jdbc.datasource.DataSourceTransactionManager - Participating in existing transaction
18:00:11.125 [main] DEBUG org.springframework.jdbc.datasource.DataSourceTransactionManager - Participating in existing transaction
18:00:11.125 [main] INFO fr.insalyon.creatis.vip.core.server.business.ConfigurationBusiness - Sending confirmation email to 'email5@test.fr'.
18:00:11.125 [main] DEBUG org.springframework.jdbc.datasource.DataSourceTransactionManager - Participating in existing transaction
18:00:11.126 [main] DEBUG org.springframework.test.context.cache.DefaultCacheAwareContextLoaderDelegate - Retrieved ApplicationContext [1050971191] from cache with key [[MergedContextConfiguration@1389e498 testClass = ConfigurationBusiness_CoreSpringServerIT, locations = '{}', classes = '{class fr.insalyon.creatis.vip.core.server.SpringCoreConfig}', contextInitializerClasses = '[]', activeProfiles = '{test-db, test}', propertySourceLocations = '{}', propertySourceProperties = '{db.tableEngine=}', contextCustomizers = set[[empty]], contextLoader = 'org.springframework.test.context.support.DelegatingSmartContextLoader', parent = [null]]]
18:00:11.126 [main] DEBUG org.springframework.test.context.cache - Spring test ApplicationContext cache statistics: [DefaultContextCache@4675f5b0 size = 1, maxSize = 32, parentContextCount = 0, hitCount = 415, missCount = 1]
18:00:11.126 [main] DEBUG org.springframework.jdbc.datasource.DataSourceTransactionManager - Participating in existing transaction
18:00:11.126 [main] DEBUG org.springframework.jdbc.datasource.DataSourceTransactionManager - Participating in existing transaction
18:00:11.126 [main] ERROR fr.insalyon.creatis.vip.core.server.dao.mysql.UserData - There is no user registered with the e-mail nonExistent_user
18:00:11.127 [main] DEBUG org.springframework.test.context.cache.DefaultCacheAwareContextLoaderDelegate - Retrieved ApplicationContext [1050971191] from cache with key [[MergedContextConfiguration@1389e498 testClass = ConfigurationBusiness_CoreSpringServerIT, locations = '{}', classes = '{class fr.insalyon.creatis.vip.core.server.SpringCoreConfig}', contextInitializerClasses = '[]', activeProfiles = '{test-db, test}', propertySourceLocations = '{}', propertySourceProperties = '{db.tableEngine=}', contextCustomizers = set[[empty]], contextLoader = 'org.springframework.test.context.support.DelegatingSmartContextLoader', parent = [null]]]
18:00:11.127 [main] DEBUG org.springframework.test.context.cache - Spring test ApplicationContext cache statistics: [DefaultContextCache@4675f5b0 size = 1, maxSize = 32, parentContextCount = 0, hitCount = 416, missCount = 1]
18:00:11.127 [main] DEBUG org.springframework.test.context.cache.DefaultCacheAwareContextLoaderDelegate - Retrieved ApplicationContext [1050971191] from cache with key [[MergedContextConfiguration@1389e498 testClass = ConfigurationBusiness_CoreSpringServerIT, locations = '{}', classes = '{class fr.insalyon.creatis.vip.core.server.SpringCoreConfig}', contextInitializerClasses = '[]', activeProfiles = '{test-db, test}', propertySourceLocations = '{}', propertySourceProperties = '{db.tableEngine=}', contextCustomizers = set[[empty]], contextLoader = 'org.springframework.test.context.support.DelegatingSmartContextLoader', parent = [null]]]
18:00:11.127 [main] DEBUG org.springframework.test.context.cache - Spring test ApplicationContext cache statistics: [DefaultContextCache@4675f5b0 size = 1, maxSize = 32, parentContextCount = 0, hitCount = 417, missCount = 1]
18:00:11.127 [main] DEBUG org.springframework.jdbc.datasource.DataSourceTransactionManager - Initiating transaction rollback
18:00:11.127 [main] DEBUG org.springframework.jdbc.datasource.DataSourceTransactionManager - Rolling back JDBC transaction on Connection [conn73: url=jdbc:h2:mem:fec2b152-de2f-4c07-a3e1-df691c7daf9d user=SA]
18:00:11.127 [main] DEBUG org.springframework.jdbc.datasource.DataSourceTransactionManager - Releasing JDBC Connection [conn73: url=jdbc:h2:mem:fec2b152-de2f-4c07-a3e1-df691c7daf9d user=SA] after transaction
18:00:11.127 [main] INFO org.springframework.test.context.transaction.TransactionContext - Rolled back transaction for test: [DefaultTestContext@18e20fa8 testClass = ConfigurationBusiness_CoreSpringServerIT, testInstance = ConfigurationBusiness_CoreSpringServerIT@f1a9913, testMethod = testCatchDeleteApiKeyNonExistentUser@ConfigurationBusiness_CoreSpringServerIT, testException = [null], mergedContextConfiguration = [MergedContextConfiguration@1389e498 testClass = ConfigurationBusiness_CoreSpringServerIT, locations = '{}', classes = '{class fr.insalyon.creatis.vip.core.server.SpringCoreConfig}', contextInitializerClasses = '[]', activeProfiles = '{test-db, test}', propertySourceLocations = '{}', propertySourceProperties = '{db.tableEngine=}', contextCustomizers = set[[empty]], contextLoader = 'org.springframework.test.context.support.DelegatingSmartContextLoader', parent = [null]], attributes = map['org.springframework.test.context.event.ApplicationEventsTestExecutionListener.recordApplicationEvents' -> false]]
18:00:11.127 [main] DEBUG org.springframework.test.context.support.AbstractDirtiesContextTestExecutionListener - After test method: context [DefaultTestContext@18e20fa8 testClass = ConfigurationBusiness_CoreSpringServerIT, testInstance = ConfigurationBusiness_CoreSpringServerIT@f1a9913, testMethod = testCatchDeleteApiKeyNonExistentUser@ConfigurationBusiness_CoreSpringServerIT, testException = [null], mergedContextConfiguration = [MergedContextConfiguration@1389e498 testClass = ConfigurationBusiness_CoreSpringServerIT, locations = '{}', classes = '{class fr.insalyon.creatis.vip.core.server.SpringCoreConfig}', contextInitializerClasses = '[]', activeProfiles = '{test-db, test}', propertySourceLocations = '{}', propertySourceProperties = '{db.tableEngine=}', contextCustomizers = set[[empty]], contextLoader = 'org.springframework.test.context.support.DelegatingSmartContextLoader', parent = [null]], attributes = map['org.springframework.test.context.event.ApplicationEventsTestExecutionListener.recordApplicationEvents' -> false]], class annotated with @DirtiesContext [false] with mode [null], method annotated with @DirtiesContext [false] with mode [null].
]]></system-out>
  </testcase>
  <testcase name="testGetPublicGroups" classname="ConfigurationBusiness_CoreSpringServerIT" time="0.018">
    <system-out><![CDATA[18:00:11.136 [main] DEBUG org.springframework.test.context.support.DependencyInjectionTestExecutionListener - Performing dependency injection for test context [[DefaultTestContext@18e20fa8 testClass = ConfigurationBusiness_CoreSpringServerIT, testInstance = ConfigurationBusiness_CoreSpringServerIT@14a33025, testMethod = [null], testException = [null], mergedContextConfiguration = [MergedContextConfiguration@1389e498 testClass = ConfigurationBusiness_CoreSpringServerIT, locations = '{}', classes = '{class fr.insalyon.creatis.vip.core.server.SpringCoreConfig}', contextInitializerClasses = '[]', activeProfiles = '{test-db, test}', propertySourceLocations = '{}', propertySourceProperties = '{db.tableEngine=}', contextCustomizers = set[[empty]], contextLoader = 'org.springframework.test.context.support.DelegatingSmartContextLoader', parent = [null]], attributes = map['org.springframework.test.context.event.ApplicationEventsTestExecutionListener.recordApplicationEvents' -> false]]].
18:00:11.136 [main] DEBUG org.springframework.test.context.cache.DefaultCacheAwareContextLoaderDelegate - Retrieved ApplicationContext [1050971191] from cache with key [[MergedContextConfiguration@1389e498 testClass = ConfigurationBusiness_CoreSpringServerIT, locations = '{}', classes = '{class fr.insalyon.creatis.vip.core.server.SpringCoreConfig}', contextInitializerClasses = '[]', activeProfiles = '{test-db, test}', propertySourceLocations = '{}', propertySourceProperties = '{db.tableEngine=}', contextCustomizers = set[[empty]], contextLoader = 'org.springframework.test.context.support.DelegatingSmartContextLoader', parent = [null]]]
18:00:11.136 [main] DEBUG org.springframework.test.context.cache - Spring test ApplicationContext cache statistics: [DefaultContextCache@4675f5b0 size = 1, maxSize = 32, parentContextCount = 0, hitCount = 418, missCount = 1]
18:00:11.136 [main] DEBUG org.springframework.test.context.cache.DefaultCacheAwareContextLoaderDelegate - Retrieved ApplicationContext [1050971191] from cache with key [[MergedContextConfiguration@1389e498 testClass = ConfigurationBusiness_CoreSpringServerIT, locations = '{}', classes = '{class fr.insalyon.creatis.vip.core.server.SpringCoreConfig}', contextInitializerClasses = '[]', activeProfiles = '{test-db, test}', propertySourceLocations = '{}', propertySourceProperties = '{db.tableEngine=}', contextCustomizers = set[[empty]], contextLoader = 'org.springframework.test.context.support.DelegatingSmartContextLoader', parent = [null]]]
18:00:11.136 [main] DEBUG org.springframework.test.context.cache - Spring test ApplicationContext cache statistics: [DefaultContextCache@4675f5b0 size = 1, maxSize = 32, parentContextCount = 0, hitCount = 419, missCount = 1]
18:00:11.142 [main] DEBUG org.springframework.test.context.support.AbstractDirtiesContextTestExecutionListener - Before test method: context [DefaultTestContext@18e20fa8 testClass = ConfigurationBusiness_CoreSpringServerIT, testInstance = ConfigurationBusiness_CoreSpringServerIT@14a33025, testMethod = testGetPublicGroups@ConfigurationBusiness_CoreSpringServerIT, testException = [null], mergedContextConfiguration = [MergedContextConfiguration@1389e498 testClass = ConfigurationBusiness_CoreSpringServerIT, locations = '{}', classes = '{class fr.insalyon.creatis.vip.core.server.SpringCoreConfig}', contextInitializerClasses = '[]', activeProfiles = '{test-db, test}', propertySourceLocations = '{}', propertySourceProperties = '{db.tableEngine=}', contextCustomizers = set[[empty]], contextLoader = 'org.springframework.test.context.support.DelegatingSmartContextLoader', parent = [null]], attributes = map['org.springframework.test.context.event.ApplicationEventsTestExecutionListener.recordApplicationEvents' -> false]], class annotated with @DirtiesContext [false] with mode [null], method annotated with @DirtiesContext [false] with mode [null].
18:00:11.142 [main] DEBUG org.springframework.test.context.transaction.TransactionalTestExecutionListener - Explicit transaction definition [PROPAGATION_REQUIRED,ISOLATION_DEFAULT] found for test context [DefaultTestContext@18e20fa8 testClass = ConfigurationBusiness_CoreSpringServerIT, testInstance = ConfigurationBusiness_CoreSpringServerIT@14a33025, testMethod = testGetPublicGroups@ConfigurationBusiness_CoreSpringServerIT, testException = [null], mergedContextConfiguration = [MergedContextConfiguration@1389e498 testClass = ConfigurationBusiness_CoreSpringServerIT, locations = '{}', classes = '{class fr.insalyon.creatis.vip.core.server.SpringCoreConfig}', contextInitializerClasses = '[]', activeProfiles = '{test-db, test}', propertySourceLocations = '{}', propertySourceProperties = '{db.tableEngine=}', contextCustomizers = set[[empty]], contextLoader = 'org.springframework.test.context.support.DelegatingSmartContextLoader', parent = [null]], attributes = map['org.springframework.test.context.event.ApplicationEventsTestExecutionListener.recordApplicationEvents' -> false]]
18:00:11.142 [main] DEBUG org.springframework.test.context.cache.DefaultCacheAwareContextLoaderDelegate - Retrieved ApplicationContext [1050971191] from cache with key [[MergedContextConfiguration@1389e498 testClass = ConfigurationBusiness_CoreSpringServerIT, locations = '{}', classes = '{class fr.insalyon.creatis.vip.core.server.SpringCoreConfig}', contextInitializerClasses = '[]', activeProfiles = '{test-db, test}', propertySourceLocations = '{}', propertySourceProperties = '{db.tableEngine=}', contextCustomizers = set[[empty]], contextLoader = 'org.springframework.test.context.support.DelegatingSmartContextLoader', parent = [null]]]
18:00:11.142 [main] DEBUG org.springframework.test.context.cache - Spring test ApplicationContext cache statistics: [DefaultContextCache@4675f5b0 size = 1, maxSize = 32, parentContextCount = 0, hitCount = 420, missCount = 1]
18:00:11.142 [main] DEBUG org.springframework.test.context.transaction.TransactionalTestExecutionListener - No method-level @Rollback override: using default rollback [true] for test context [DefaultTestContext@18e20fa8 testClass = ConfigurationBusiness_CoreSpringServerIT, testInstance = ConfigurationBusiness_CoreSpringServerIT@14a33025, testMethod = testGetPublicGroups@ConfigurationBusiness_CoreSpringServerIT, testException = [null], mergedContextConfiguration = [MergedContextConfiguration@1389e498 testClass = ConfigurationBusiness_CoreSpringServerIT, locations = '{}', classes = '{class fr.insalyon.creatis.vip.core.server.SpringCoreConfig}', contextInitializerClasses = '[]', activeProfiles = '{test-db, test}', propertySourceLocations = '{}', propertySourceProperties = '{db.tableEngine=}', contextCustomizers = set[[empty]], contextLoader = 'org.springframework.test.context.support.DelegatingSmartContextLoader', parent = [null]], attributes = map['org.springframework.test.context.event.ApplicationEventsTestExecutionListener.recordApplicationEvents' -> false]].
18:00:11.142 [main] DEBUG org.springframework.jdbc.datasource.DataSourceTransactionManager - Creating new transaction with name [ConfigurationBusiness_CoreSpringServerIT.testGetPublicGroups]: PROPAGATION_REQUIRED,ISOLATION_DEFAULT
18:00:11.142 [main] DEBUG org.springframework.jdbc.datasource.DataSourceTransactionManager - Acquired Connection [Lazy Connection proxy for target DataSource [org.springframework.jdbc.datasource.embedded.EmbeddedDatabaseFactory$EmbeddedDataSourceProxy@5764c072]] for JDBC transaction
18:00:11.143 [main] DEBUG org.springframework.jdbc.datasource.DataSourceTransactionManager - Switching JDBC Connection [Lazy Connection proxy for target DataSource [org.springframework.jdbc.datasource.embedded.EmbeddedDatabaseFactory$EmbeddedDataSourceProxy@5764c072]] to manual commit
18:00:11.143 [main] INFO org.springframework.test.context.transaction.TransactionContext - Began transaction (1) for test context [DefaultTestContext@18e20fa8 testClass = ConfigurationBusiness_CoreSpringServerIT, testInstance = ConfigurationBusiness_CoreSpringServerIT@14a33025, testMethod = testGetPublicGroups@ConfigurationBusiness_CoreSpringServerIT, testException = [null], mergedContextConfiguration = [MergedContextConfiguration@1389e498 testClass = ConfigurationBusiness_CoreSpringServerIT, locations = '{}', classes = '{class fr.insalyon.creatis.vip.core.server.SpringCoreConfig}', contextInitializerClasses = '[]', activeProfiles = '{test-db, test}', propertySourceLocations = '{}', propertySourceProperties = '{db.tableEngine=}', contextCustomizers = set[[empty]], contextLoader = 'org.springframework.test.context.support.DelegatingSmartContextLoader', parent = [null]], attributes = map['org.springframework.test.context.event.ApplicationEventsTestExecutionListener.recordApplicationEvents' -> false]]; transaction manager [org.springframework.jdbc.datasource.DataSourceTransactionManager@178b2df1]; rollback [true]
18:00:11.143 [main] DEBUG org.springframework.test.context.cache.DefaultCacheAwareContextLoaderDelegate - Retrieved ApplicationContext [1050971191] from cache with key [[MergedContextConfiguration@1389e498 testClass = ConfigurationBusiness_CoreSpringServerIT, locations = '{}', classes = '{class fr.insalyon.creatis.vip.core.server.SpringCoreConfig}', contextInitializerClasses = '[]', activeProfiles = '{test-db, test}', propertySourceLocations = '{}', propertySourceProperties = '{db.tableEngine=}', contextCustomizers = set[[empty]], contextLoader = 'org.springframework.test.context.support.DelegatingSmartContextLoader', parent = [null]]]
18:00:11.143 [main] DEBUG org.springframework.test.context.cache - Spring test ApplicationContext cache statistics: [DefaultContextCache@4675f5b0 size = 1, maxSize = 32, parentContextCount = 0, hitCount = 421, missCount = 1]
18:00:11.144 [main] DEBUG org.springframework.jdbc.datasource.DataSourceTransactionManager - Participating in existing transaction
18:00:11.144 [main] DEBUG org.springframework.jdbc.datasource.DataSourceTransactionManager - Participating in existing transaction
18:00:11.144 [main] DEBUG org.springframework.jdbc.datasource.SimpleDriverDataSource - Creating new JDBC Driver Connection to [jdbc:h2:mem:fec2b152-de2f-4c07-a3e1-df691c7daf9d;DB_CLOSE_DELAY=-1;DB_CLOSE_ON_EXIT=false]
18:00:11.145 [main] DEBUG org.springframework.jdbc.datasource.DataSourceTransactionManager - Participating in existing transaction
18:00:11.145 [main] DEBUG org.springframework.jdbc.datasource.DataSourceTransactionManager - Participating in existing transaction
18:00:11.145 [main] DEBUG org.springframework.jdbc.datasource.DataSourceTransactionManager - Participating in existing transaction
18:00:11.145 [main] DEBUG org.springframework.jdbc.datasource.DataSourceTransactionManager - Participating in existing transaction
18:00:11.145 [main] DEBUG org.springframework.jdbc.datasource.DataSourceTransactionManager - Participating in existing transaction
User = test1@test.fr
18:00:11.145 [main] INFO fr.insalyon.creatis.vip.core.server.business.ConfigurationBusiness - verifying test1@test.fr. List of undesired mail domains: . 
18:00:11.145 [main] INFO fr.insalyon.creatis.vip.core.server.business.ConfigurationBusiness - Signing up . List of undesired countries: .
18:00:11.146 [main] DEBUG org.springframework.jdbc.datasource.DataSourceTransactionManager - Participating in existing transaction
18:00:11.146 [main] DEBUG org.springframework.jdbc.datasource.DataSourceTransactionManager - Participating in existing transaction
18:00:11.146 [main] INFO fr.insalyon.creatis.vip.core.server.business.ConfigurationBusiness - Sending confirmation email to 'test1@test.fr'.
18:00:11.146 [main] DEBUG org.springframework.jdbc.datasource.DataSourceTransactionManager - Participating in existing transaction
18:00:11.147 [main] DEBUG org.springframework.jdbc.datasource.DataSourceTransactionManager - Participating in existing transaction
18:00:11.147 [main] DEBUG org.springframework.jdbc.datasource.DataSourceTransactionManager - Participating in existing transaction
18:00:11.147 [main] DEBUG org.springframework.jdbc.datasource.DataSourceTransactionManager - Participating in existing transaction
User = test2@test.fr
18:00:11.147 [main] INFO fr.insalyon.creatis.vip.core.server.business.ConfigurationBusiness - verifying test2@test.fr. List of undesired mail domains: . 
18:00:11.147 [main] INFO fr.insalyon.creatis.vip.core.server.business.ConfigurationBusiness - Signing up . List of undesired countries: .
18:00:11.147 [main] DEBUG org.springframework.jdbc.datasource.DataSourceTransactionManager - Participating in existing transaction
18:00:11.147 [main] DEBUG org.springframework.jdbc.datasource.DataSourceTransactionManager - Participating in existing transaction
18:00:11.147 [main] INFO fr.insalyon.creatis.vip.core.server.business.ConfigurationBusiness - Sending confirmation email to 'test2@test.fr'.
18:00:11.148 [main] DEBUG org.springframework.jdbc.datasource.DataSourceTransactionManager - Participating in existing transaction
18:00:11.148 [main] DEBUG org.springframework.jdbc.datasource.DataSourceTransactionManager - Participating in existing transaction
18:00:11.148 [main] DEBUG org.springframework.jdbc.datasource.DataSourceTransactionManager - Participating in existing transaction
18:00:11.148 [main] DEBUG org.springframework.jdbc.datasource.DataSourceTransactionManager - Participating in existing transaction
User = test3@test.fr
18:00:11.148 [main] INFO fr.insalyon.creatis.vip.core.server.business.ConfigurationBusiness - verifying test3@test.fr. List of undesired mail domains: . 
18:00:11.148 [main] INFO fr.insalyon.creatis.vip.core.server.business.ConfigurationBusiness - Signing up . List of undesired countries: .
18:00:11.149 [main] DEBUG org.springframework.jdbc.datasource.DataSourceTransactionManager - Participating in existing transaction
18:00:11.149 [main] DEBUG org.springframework.jdbc.datasource.DataSourceTransactionManager - Participating in existing transaction
18:00:11.149 [main] INFO fr.insalyon.creatis.vip.core.server.business.ConfigurationBusiness - Sending confirmation email to 'test3@test.fr'.
18:00:11.149 [main] DEBUG org.springframework.jdbc.datasource.DataSourceTransactionManager - Participating in existing transaction
18:00:11.149 [main] DEBUG org.springframework.jdbc.datasource.DataSourceTransactionManager - Participating in existing transaction
18:00:11.149 [main] DEBUG org.springframework.jdbc.datasource.DataSourceTransactionManager - Participating in existing transaction
18:00:11.149 [main] DEBUG org.springframework.jdbc.datasource.DataSourceTransactionManager - Participating in existing transaction
User = test4@test.fr
18:00:11.149 [main] INFO fr.insalyon.creatis.vip.core.server.business.ConfigurationBusiness - verifying test4@test.fr. List of undesired mail domains: . 
18:00:11.150 [main] INFO fr.insalyon.creatis.vip.core.server.business.ConfigurationBusiness - Signing up . List of undesired countries: .
18:00:11.150 [main] DEBUG org.springframework.jdbc.datasource.DataSourceTransactionManager - Participating in existing transaction
18:00:11.150 [main] DEBUG org.springframework.jdbc.datasource.DataSourceTransactionManager - Participating in existing transaction
18:00:11.150 [main] INFO fr.insalyon.creatis.vip.core.server.business.ConfigurationBusiness - Sending confirmation email to 'test4@test.fr'.
18:00:11.150 [main] DEBUG org.springframework.jdbc.datasource.DataSourceTransactionManager - Participating in existing transaction
18:00:11.150 [main] DEBUG org.springframework.jdbc.datasource.DataSourceTransactionManager - Participating in existing transaction
18:00:11.150 [main] DEBUG org.springframework.jdbc.datasource.DataSourceTransactionManager - Participating in existing transaction
18:00:11.151 [main] DEBUG org.springframework.jdbc.datasource.DataSourceTransactionManager - Participating in existing transaction
18:00:11.151 [main] DEBUG org.springframework.jdbc.datasource.DataSourceTransactionManager - Participating in existing transaction
18:00:11.151 [main] DEBUG org.springframework.jdbc.datasource.DataSourceTransactionManager - Participating in existing transaction
18:00:11.151 [main] DEBUG org.springframework.jdbc.datasource.DataSourceTransactionManager - Participating in existing transaction
18:00:11.151 [main] DEBUG org.springframework.jdbc.datasource.DataSourceTransactionManager - Participating in existing transaction
18:00:11.151 [main] DEBUG org.springframework.jdbc.datasource.DataSourceTransactionManager - Participating in existing transaction
18:00:11.151 [main] DEBUG org.springframework.jdbc.datasource.DataSourceTransactionManager - Participating in existing transaction
18:00:11.151 [main] DEBUG org.springframework.jdbc.datasource.DataSourceTransactionManager - Participating in existing transaction
18:00:11.151 [main] DEBUG org.springframework.jdbc.datasource.DataSourceTransactionManager - Participating in existing transaction
User = email5@test.fr
18:00:11.151 [main] INFO fr.insalyon.creatis.vip.core.server.business.ConfigurationBusiness - verifying email5@test.fr. List of undesired mail domains: . 
18:00:11.151 [main] INFO fr.insalyon.creatis.vip.core.server.business.ConfigurationBusiness - Signing up . List of undesired countries: .
18:00:11.152 [main] DEBUG org.springframework.jdbc.datasource.DataSourceTransactionManager - Participating in existing transaction
18:00:11.152 [main] DEBUG org.springframework.jdbc.datasource.DataSourceTransactionManager - Participating in existing transaction
18:00:11.152 [main] INFO fr.insalyon.creatis.vip.core.server.business.ConfigurationBusiness - Sending confirmation email to 'email5@test.fr'.
18:00:11.152 [main] DEBUG org.springframework.jdbc.datasource.DataSourceTransactionManager - Participating in existing transaction
18:00:11.152 [main] DEBUG org.springframework.test.context.cache.DefaultCacheAwareContextLoaderDelegate - Retrieved ApplicationContext [1050971191] from cache with key [[MergedContextConfiguration@1389e498 testClass = ConfigurationBusiness_CoreSpringServerIT, locations = '{}', classes = '{class fr.insalyon.creatis.vip.core.server.SpringCoreConfig}', contextInitializerClasses = '[]', activeProfiles = '{test-db, test}', propertySourceLocations = '{}', propertySourceProperties = '{db.tableEngine=}', contextCustomizers = set[[empty]], contextLoader = 'org.springframework.test.context.support.DelegatingSmartContextLoader', parent = [null]]]
18:00:11.152 [main] DEBUG org.springframework.test.context.cache - Spring test ApplicationContext cache statistics: [DefaultContextCache@4675f5b0 size = 1, maxSize = 32, parentContextCount = 0, hitCount = 422, missCount = 1]
18:00:11.152 [main] DEBUG org.springframework.jdbc.datasource.DataSourceTransactionManager - Participating in existing transaction
18:00:11.153 [main] DEBUG org.springframework.jdbc.datasource.DataSourceTransactionManager - Participating in existing transaction
18:00:11.153 [main] DEBUG org.springframework.test.context.cache.DefaultCacheAwareContextLoaderDelegate - Retrieved ApplicationContext [1050971191] from cache with key [[MergedContextConfiguration@1389e498 testClass = ConfigurationBusiness_CoreSpringServerIT, locations = '{}', classes = '{class fr.insalyon.creatis.vip.core.server.SpringCoreConfig}', contextInitializerClasses = '[]', activeProfiles = '{test-db, test}', propertySourceLocations = '{}', propertySourceProperties = '{db.tableEngine=}', contextCustomizers = set[[empty]], contextLoader = 'org.springframework.test.context.support.DelegatingSmartContextLoader', parent = [null]]]
18:00:11.153 [main] DEBUG org.springframework.test.context.cache - Spring test ApplicationContext cache statistics: [DefaultContextCache@4675f5b0 size = 1, maxSize = 32, parentContextCount = 0, hitCount = 423, missCount = 1]
18:00:11.153 [main] DEBUG org.springframework.test.context.cache.DefaultCacheAwareContextLoaderDelegate - Retrieved ApplicationContext [1050971191] from cache with key [[MergedContextConfiguration@1389e498 testClass = ConfigurationBusiness_CoreSpringServerIT, locations = '{}', classes = '{class fr.insalyon.creatis.vip.core.server.SpringCoreConfig}', contextInitializerClasses = '[]', activeProfiles = '{test-db, test}', propertySourceLocations = '{}', propertySourceProperties = '{db.tableEngine=}', contextCustomizers = set[[empty]], contextLoader = 'org.springframework.test.context.support.DelegatingSmartContextLoader', parent = [null]]]
18:00:11.153 [main] DEBUG org.springframework.test.context.cache - Spring test ApplicationContext cache statistics: [DefaultContextCache@4675f5b0 size = 1, maxSize = 32, parentContextCount = 0, hitCount = 424, missCount = 1]
18:00:11.153 [main] DEBUG org.springframework.jdbc.datasource.DataSourceTransactionManager - Initiating transaction rollback
18:00:11.153 [main] DEBUG org.springframework.jdbc.datasource.DataSourceTransactionManager - Rolling back JDBC transaction on Connection [conn74: url=jdbc:h2:mem:fec2b152-de2f-4c07-a3e1-df691c7daf9d user=SA]
18:00:11.153 [main] DEBUG org.springframework.jdbc.datasource.DataSourceTransactionManager - Releasing JDBC Connection [conn74: url=jdbc:h2:mem:fec2b152-de2f-4c07-a3e1-df691c7daf9d user=SA] after transaction
18:00:11.153 [main] INFO org.springframework.test.context.transaction.TransactionContext - Rolled back transaction for test: [DefaultTestContext@18e20fa8 testClass = ConfigurationBusiness_CoreSpringServerIT, testInstance = ConfigurationBusiness_CoreSpringServerIT@14a33025, testMethod = testGetPublicGroups@ConfigurationBusiness_CoreSpringServerIT, testException = [null], mergedContextConfiguration = [MergedContextConfiguration@1389e498 testClass = ConfigurationBusiness_CoreSpringServerIT, locations = '{}', classes = '{class fr.insalyon.creatis.vip.core.server.SpringCoreConfig}', contextInitializerClasses = '[]', activeProfiles = '{test-db, test}', propertySourceLocations = '{}', propertySourceProperties = '{db.tableEngine=}', contextCustomizers = set[[empty]], contextLoader = 'org.springframework.test.context.support.DelegatingSmartContextLoader', parent = [null]], attributes = map['org.springframework.test.context.event.ApplicationEventsTestExecutionListener.recordApplicationEvents' -> false]]
18:00:11.154 [main] DEBUG org.springframework.test.context.support.AbstractDirtiesContextTestExecutionListener - After test method: context [DefaultTestContext@18e20fa8 testClass = ConfigurationBusiness_CoreSpringServerIT, testInstance = ConfigurationBusiness_CoreSpringServerIT@14a33025, testMethod = testGetPublicGroups@ConfigurationBusiness_CoreSpringServerIT, testException = [null], mergedContextConfiguration = [MergedContextConfiguration@1389e498 testClass = ConfigurationBusiness_CoreSpringServerIT, locations = '{}', classes = '{class fr.insalyon.creatis.vip.core.server.SpringCoreConfig}', contextInitializerClasses = '[]', activeProfiles = '{test-db, test}', propertySourceLocations = '{}', propertySourceProperties = '{db.tableEngine=}', contextCustomizers = set[[empty]], contextLoader = 'org.springframework.test.context.support.DelegatingSmartContextLoader', parent = [null]], attributes = map['org.springframework.test.context.event.ApplicationEventsTestExecutionListener.recordApplicationEvents' -> false]], class annotated with @DirtiesContext [false] with mode [null], method annotated with @DirtiesContext [false] with mode [null].
]]></system-out>
  </testcase>
  <testcase name="testSignout" classname="ConfigurationBusiness_CoreSpringServerIT" time="0.015">
    <system-out><![CDATA[18:00:11.162 [main] DEBUG org.springframework.test.context.support.DependencyInjectionTestExecutionListener - Performing dependency injection for test context [[DefaultTestContext@18e20fa8 testClass = ConfigurationBusiness_CoreSpringServerIT, testInstance = ConfigurationBusiness_CoreSpringServerIT@3426c90d, testMethod = [null], testException = [null], mergedContextConfiguration = [MergedContextConfiguration@1389e498 testClass = ConfigurationBusiness_CoreSpringServerIT, locations = '{}', classes = '{class fr.insalyon.creatis.vip.core.server.SpringCoreConfig}', contextInitializerClasses = '[]', activeProfiles = '{test-db, test}', propertySourceLocations = '{}', propertySourceProperties = '{db.tableEngine=}', contextCustomizers = set[[empty]], contextLoader = 'org.springframework.test.context.support.DelegatingSmartContextLoader', parent = [null]], attributes = map['org.springframework.test.context.event.ApplicationEventsTestExecutionListener.recordApplicationEvents' -> false]]].
18:00:11.162 [main] DEBUG org.springframework.test.context.cache.DefaultCacheAwareContextLoaderDelegate - Retrieved ApplicationContext [1050971191] from cache with key [[MergedContextConfiguration@1389e498 testClass = ConfigurationBusiness_CoreSpringServerIT, locations = '{}', classes = '{class fr.insalyon.creatis.vip.core.server.SpringCoreConfig}', contextInitializerClasses = '[]', activeProfiles = '{test-db, test}', propertySourceLocations = '{}', propertySourceProperties = '{db.tableEngine=}', contextCustomizers = set[[empty]], contextLoader = 'org.springframework.test.context.support.DelegatingSmartContextLoader', parent = [null]]]
18:00:11.162 [main] DEBUG org.springframework.test.context.cache - Spring test ApplicationContext cache statistics: [DefaultContextCache@4675f5b0 size = 1, maxSize = 32, parentContextCount = 0, hitCount = 425, missCount = 1]
18:00:11.162 [main] DEBUG org.springframework.test.context.cache.DefaultCacheAwareContextLoaderDelegate - Retrieved ApplicationContext [1050971191] from cache with key [[MergedContextConfiguration@1389e498 testClass = ConfigurationBusiness_CoreSpringServerIT, locations = '{}', classes = '{class fr.insalyon.creatis.vip.core.server.SpringCoreConfig}', contextInitializerClasses = '[]', activeProfiles = '{test-db, test}', propertySourceLocations = '{}', propertySourceProperties = '{db.tableEngine=}', contextCustomizers = set[[empty]], contextLoader = 'org.springframework.test.context.support.DelegatingSmartContextLoader', parent = [null]]]
18:00:11.162 [main] DEBUG org.springframework.test.context.cache - Spring test ApplicationContext cache statistics: [DefaultContextCache@4675f5b0 size = 1, maxSize = 32, parentContextCount = 0, hitCount = 426, missCount = 1]
18:00:11.163 [main] DEBUG org.springframework.test.context.support.AbstractDirtiesContextTestExecutionListener - Before test method: context [DefaultTestContext@18e20fa8 testClass = ConfigurationBusiness_CoreSpringServerIT, testInstance = ConfigurationBusiness_CoreSpringServerIT@3426c90d, testMethod = testSignout@ConfigurationBusiness_CoreSpringServerIT, testException = [null], mergedContextConfiguration = [MergedContextConfiguration@1389e498 testClass = ConfigurationBusiness_CoreSpringServerIT, locations = '{}', classes = '{class fr.insalyon.creatis.vip.core.server.SpringCoreConfig}', contextInitializerClasses = '[]', activeProfiles = '{test-db, test}', propertySourceLocations = '{}', propertySourceProperties = '{db.tableEngine=}', contextCustomizers = set[[empty]], contextLoader = 'org.springframework.test.context.support.DelegatingSmartContextLoader', parent = [null]], attributes = map['org.springframework.test.context.event.ApplicationEventsTestExecutionListener.recordApplicationEvents' -> false]], class annotated with @DirtiesContext [false] with mode [null], method annotated with @DirtiesContext [false] with mode [null].
18:00:11.163 [main] DEBUG org.springframework.test.context.transaction.TransactionalTestExecutionListener - Explicit transaction definition [PROPAGATION_REQUIRED,ISOLATION_DEFAULT] found for test context [DefaultTestContext@18e20fa8 testClass = ConfigurationBusiness_CoreSpringServerIT, testInstance = ConfigurationBusiness_CoreSpringServerIT@3426c90d, testMethod = testSignout@ConfigurationBusiness_CoreSpringServerIT, testException = [null], mergedContextConfiguration = [MergedContextConfiguration@1389e498 testClass = ConfigurationBusiness_CoreSpringServerIT, locations = '{}', classes = '{class fr.insalyon.creatis.vip.core.server.SpringCoreConfig}', contextInitializerClasses = '[]', activeProfiles = '{test-db, test}', propertySourceLocations = '{}', propertySourceProperties = '{db.tableEngine=}', contextCustomizers = set[[empty]], contextLoader = 'org.springframework.test.context.support.DelegatingSmartContextLoader', parent = [null]], attributes = map['org.springframework.test.context.event.ApplicationEventsTestExecutionListener.recordApplicationEvents' -> false]]
18:00:11.163 [main] DEBUG org.springframework.test.context.cache.DefaultCacheAwareContextLoaderDelegate - Retrieved ApplicationContext [1050971191] from cache with key [[MergedContextConfiguration@1389e498 testClass = ConfigurationBusiness_CoreSpringServerIT, locations = '{}', classes = '{class fr.insalyon.creatis.vip.core.server.SpringCoreConfig}', contextInitializerClasses = '[]', activeProfiles = '{test-db, test}', propertySourceLocations = '{}', propertySourceProperties = '{db.tableEngine=}', contextCustomizers = set[[empty]], contextLoader = 'org.springframework.test.context.support.DelegatingSmartContextLoader', parent = [null]]]
18:00:11.163 [main] DEBUG org.springframework.test.context.cache - Spring test ApplicationContext cache statistics: [DefaultContextCache@4675f5b0 size = 1, maxSize = 32, parentContextCount = 0, hitCount = 427, missCount = 1]
18:00:11.163 [main] DEBUG org.springframework.test.context.transaction.TransactionalTestExecutionListener - No method-level @Rollback override: using default rollback [true] for test context [DefaultTestContext@18e20fa8 testClass = ConfigurationBusiness_CoreSpringServerIT, testInstance = ConfigurationBusiness_CoreSpringServerIT@3426c90d, testMethod = testSignout@ConfigurationBusiness_CoreSpringServerIT, testException = [null], mergedContextConfiguration = [MergedContextConfiguration@1389e498 testClass = ConfigurationBusiness_CoreSpringServerIT, locations = '{}', classes = '{class fr.insalyon.creatis.vip.core.server.SpringCoreConfig}', contextInitializerClasses = '[]', activeProfiles = '{test-db, test}', propertySourceLocations = '{}', propertySourceProperties = '{db.tableEngine=}', contextCustomizers = set[[empty]], contextLoader = 'org.springframework.test.context.support.DelegatingSmartContextLoader', parent = [null]], attributes = map['org.springframework.test.context.event.ApplicationEventsTestExecutionListener.recordApplicationEvents' -> false]].
18:00:11.163 [main] DEBUG org.springframework.jdbc.datasource.DataSourceTransactionManager - Creating new transaction with name [ConfigurationBusiness_CoreSpringServerIT.testSignout]: PROPAGATION_REQUIRED,ISOLATION_DEFAULT
18:00:11.164 [main] DEBUG org.springframework.jdbc.datasource.DataSourceTransactionManager - Acquired Connection [Lazy Connection proxy for target DataSource [org.springframework.jdbc.datasource.embedded.EmbeddedDatabaseFactory$EmbeddedDataSourceProxy@5764c072]] for JDBC transaction
18:00:11.164 [main] DEBUG org.springframework.jdbc.datasource.DataSourceTransactionManager - Switching JDBC Connection [Lazy Connection proxy for target DataSource [org.springframework.jdbc.datasource.embedded.EmbeddedDatabaseFactory$EmbeddedDataSourceProxy@5764c072]] to manual commit
18:00:11.164 [main] INFO org.springframework.test.context.transaction.TransactionContext - Began transaction (1) for test context [DefaultTestContext@18e20fa8 testClass = ConfigurationBusiness_CoreSpringServerIT, testInstance = ConfigurationBusiness_CoreSpringServerIT@3426c90d, testMethod = testSignout@ConfigurationBusiness_CoreSpringServerIT, testException = [null], mergedContextConfiguration = [MergedContextConfiguration@1389e498 testClass = ConfigurationBusiness_CoreSpringServerIT, locations = '{}', classes = '{class fr.insalyon.creatis.vip.core.server.SpringCoreConfig}', contextInitializerClasses = '[]', activeProfiles = '{test-db, test}', propertySourceLocations = '{}', propertySourceProperties = '{db.tableEngine=}', contextCustomizers = set[[empty]], contextLoader = 'org.springframework.test.context.support.DelegatingSmartContextLoader', parent = [null]], attributes = map['org.springframework.test.context.event.ApplicationEventsTestExecutionListener.recordApplicationEvents' -> false]]; transaction manager [org.springframework.jdbc.datasource.DataSourceTransactionManager@178b2df1]; rollback [true]
18:00:11.164 [main] DEBUG org.springframework.test.context.cache.DefaultCacheAwareContextLoaderDelegate - Retrieved ApplicationContext [1050971191] from cache with key [[MergedContextConfiguration@1389e498 testClass = ConfigurationBusiness_CoreSpringServerIT, locations = '{}', classes = '{class fr.insalyon.creatis.vip.core.server.SpringCoreConfig}', contextInitializerClasses = '[]', activeProfiles = '{test-db, test}', propertySourceLocations = '{}', propertySourceProperties = '{db.tableEngine=}', contextCustomizers = set[[empty]], contextLoader = 'org.springframework.test.context.support.DelegatingSmartContextLoader', parent = [null]]]
18:00:11.164 [main] DEBUG org.springframework.test.context.cache - Spring test ApplicationContext cache statistics: [DefaultContextCache@4675f5b0 size = 1, maxSize = 32, parentContextCount = 0, hitCount = 428, missCount = 1]
18:00:11.165 [main] DEBUG org.springframework.jdbc.datasource.DataSourceTransactionManager - Participating in existing transaction
18:00:11.165 [main] DEBUG org.springframework.jdbc.datasource.DataSourceTransactionManager - Participating in existing transaction
18:00:11.166 [main] DEBUG org.springframework.jdbc.datasource.SimpleDriverDataSource - Creating new JDBC Driver Connection to [jdbc:h2:mem:fec2b152-de2f-4c07-a3e1-df691c7daf9d;DB_CLOSE_DELAY=-1;DB_CLOSE_ON_EXIT=false]
18:00:11.166 [main] DEBUG org.springframework.jdbc.datasource.DataSourceTransactionManager - Participating in existing transaction
18:00:11.166 [main] DEBUG org.springframework.jdbc.datasource.DataSourceTransactionManager - Participating in existing transaction
18:00:11.166 [main] DEBUG org.springframework.jdbc.datasource.DataSourceTransactionManager - Participating in existing transaction
18:00:11.166 [main] DEBUG org.springframework.jdbc.datasource.DataSourceTransactionManager - Participating in existing transaction
18:00:11.166 [main] DEBUG org.springframework.jdbc.datasource.DataSourceTransactionManager - Participating in existing transaction
User = test1@test.fr
18:00:11.167 [main] INFO fr.insalyon.creatis.vip.core.server.business.ConfigurationBusiness - verifying test1@test.fr. List of undesired mail domains: . 
18:00:11.167 [main] INFO fr.insalyon.creatis.vip.core.server.business.ConfigurationBusiness - Signing up . List of undesired countries: .
18:00:11.167 [main] DEBUG org.springframework.jdbc.datasource.DataSourceTransactionManager - Participating in existing transaction
18:00:11.167 [main] DEBUG org.springframework.jdbc.datasource.DataSourceTransactionManager - Participating in existing transaction
18:00:11.167 [main] INFO fr.insalyon.creatis.vip.core.server.business.ConfigurationBusiness - Sending confirmation email to 'test1@test.fr'.
18:00:11.167 [main] DEBUG org.springframework.jdbc.datasource.DataSourceTransactionManager - Participating in existing transaction
18:00:11.168 [main] DEBUG org.springframework.jdbc.datasource.DataSourceTransactionManager - Participating in existing transaction
18:00:11.168 [main] DEBUG org.springframework.jdbc.datasource.DataSourceTransactionManager - Participating in existing transaction
18:00:11.168 [main] DEBUG org.springframework.jdbc.datasource.DataSourceTransactionManager - Participating in existing transaction
User = test2@test.fr
18:00:11.168 [main] INFO fr.insalyon.creatis.vip.core.server.business.ConfigurationBusiness - verifying test2@test.fr. List of undesired mail domains: . 
18:00:11.168 [main] INFO fr.insalyon.creatis.vip.core.server.business.ConfigurationBusiness - Signing up . List of undesired countries: .
18:00:11.169 [main] DEBUG org.springframework.jdbc.datasource.DataSourceTransactionManager - Participating in existing transaction
18:00:11.169 [main] DEBUG org.springframework.jdbc.datasource.DataSourceTransactionManager - Participating in existing transaction
18:00:11.169 [main] INFO fr.insalyon.creatis.vip.core.server.business.ConfigurationBusiness - Sending confirmation email to 'test2@test.fr'.
18:00:11.169 [main] DEBUG org.springframework.jdbc.datasource.DataSourceTransactionManager - Participating in existing transaction
18:00:11.169 [main] DEBUG org.springframework.jdbc.datasource.DataSourceTransactionManager - Participating in existing transaction
18:00:11.169 [main] DEBUG org.springframework.jdbc.datasource.DataSourceTransactionManager - Participating in existing transaction
18:00:11.169 [main] DEBUG org.springframework.jdbc.datasource.DataSourceTransactionManager - Participating in existing transaction
User = test3@test.fr
18:00:11.169 [main] INFO fr.insalyon.creatis.vip.core.server.business.ConfigurationBusiness - verifying test3@test.fr. List of undesired mail domains: . 
18:00:11.170 [main] INFO fr.insalyon.creatis.vip.core.server.business.ConfigurationBusiness - Signing up . List of undesired countries: .
18:00:11.170 [main] DEBUG org.springframework.jdbc.datasource.DataSourceTransactionManager - Participating in existing transaction
18:00:11.170 [main] DEBUG org.springframework.jdbc.datasource.DataSourceTransactionManager - Participating in existing transaction
18:00:11.170 [main] INFO fr.insalyon.creatis.vip.core.server.business.ConfigurationBusiness - Sending confirmation email to 'test3@test.fr'.
18:00:11.170 [main] DEBUG org.springframework.jdbc.datasource.DataSourceTransactionManager - Participating in existing transaction
18:00:11.170 [main] DEBUG org.springframework.jdbc.datasource.DataSourceTransactionManager - Participating in existing transaction
18:00:11.170 [main] DEBUG org.springframework.jdbc.datasource.DataSourceTransactionManager - Participating in existing transaction
18:00:11.171 [main] DEBUG org.springframework.jdbc.datasource.DataSourceTransactionManager - Participating in existing transaction
User = test4@test.fr
18:00:11.172 [main] INFO fr.insalyon.creatis.vip.core.server.business.ConfigurationBusiness - verifying test4@test.fr. List of undesired mail domains: . 
18:00:11.172 [main] INFO fr.insalyon.creatis.vip.core.server.business.ConfigurationBusiness - Signing up . List of undesired countries: .
18:00:11.172 [main] DEBUG org.springframework.jdbc.datasource.DataSourceTransactionManager - Participating in existing transaction
18:00:11.172 [main] DEBUG org.springframework.jdbc.datasource.DataSourceTransactionManager - Participating in existing transaction
18:00:11.172 [main] INFO fr.insalyon.creatis.vip.core.server.business.ConfigurationBusiness - Sending confirmation email to 'test4@test.fr'.
18:00:11.173 [main] DEBUG org.springframework.jdbc.datasource.DataSourceTransactionManager - Participating in existing transaction
18:00:11.173 [main] DEBUG org.springframework.jdbc.datasource.DataSourceTransactionManager - Participating in existing transaction
18:00:11.173 [main] DEBUG org.springframework.jdbc.datasource.DataSourceTransactionManager - Participating in existing transaction
18:00:11.173 [main] DEBUG org.springframework.jdbc.datasource.DataSourceTransactionManager - Participating in existing transaction
18:00:11.173 [main] DEBUG org.springframework.jdbc.datasource.DataSourceTransactionManager - Participating in existing transaction
18:00:11.173 [main] DEBUG org.springframework.jdbc.datasource.DataSourceTransactionManager - Participating in existing transaction
18:00:11.173 [main] DEBUG org.springframework.jdbc.datasource.DataSourceTransactionManager - Participating in existing transaction
18:00:11.173 [main] DEBUG org.springframework.jdbc.datasource.DataSourceTransactionManager - Participating in existing transaction
18:00:11.173 [main] DEBUG org.springframework.jdbc.datasource.DataSourceTransactionManager - Participating in existing transaction
18:00:11.174 [main] DEBUG org.springframework.jdbc.datasource.DataSourceTransactionManager - Participating in existing transaction
18:00:11.174 [main] DEBUG org.springframework.jdbc.datasource.DataSourceTransactionManager - Participating in existing transaction
18:00:11.174 [main] DEBUG org.springframework.jdbc.datasource.DataSourceTransactionManager - Participating in existing transaction
User = email5@test.fr
18:00:11.174 [main] INFO fr.insalyon.creatis.vip.core.server.business.ConfigurationBusiness - verifying email5@test.fr. List of undesired mail domains: . 
18:00:11.174 [main] INFO fr.insalyon.creatis.vip.core.server.business.ConfigurationBusiness - Signing up . List of undesired countries: .
18:00:11.174 [main] DEBUG org.springframework.jdbc.datasource.DataSourceTransactionManager - Participating in existing transaction
18:00:11.174 [main] DEBUG org.springframework.jdbc.datasource.DataSourceTransactionManager - Participating in existing transaction
18:00:11.174 [main] INFO fr.insalyon.creatis.vip.core.server.business.ConfigurationBusiness - Sending confirmation email to 'email5@test.fr'.
18:00:11.174 [main] DEBUG org.springframework.jdbc.datasource.DataSourceTransactionManager - Participating in existing transaction
18:00:11.175 [main] DEBUG org.springframework.test.context.cache.DefaultCacheAwareContextLoaderDelegate - Retrieved ApplicationContext [1050971191] from cache with key [[MergedContextConfiguration@1389e498 testClass = ConfigurationBusiness_CoreSpringServerIT, locations = '{}', classes = '{class fr.insalyon.creatis.vip.core.server.SpringCoreConfig}', contextInitializerClasses = '[]', activeProfiles = '{test-db, test}', propertySourceLocations = '{}', propertySourceProperties = '{db.tableEngine=}', contextCustomizers = set[[empty]], contextLoader = 'org.springframework.test.context.support.DelegatingSmartContextLoader', parent = [null]]]
18:00:11.175 [main] DEBUG org.springframework.test.context.cache - Spring test ApplicationContext cache statistics: [DefaultContextCache@4675f5b0 size = 1, maxSize = 32, parentContextCount = 0, hitCount = 429, missCount = 1]
18:00:11.175 [main] DEBUG org.springframework.jdbc.datasource.DataSourceTransactionManager - Participating in existing transaction
18:00:11.175 [main] DEBUG org.springframework.jdbc.datasource.DataSourceTransactionManager - Participating in existing transaction
18:00:11.175 [main] DEBUG org.springframework.jdbc.datasource.DataSourceTransactionManager - Participating in existing transaction
18:00:11.175 [main] DEBUG org.springframework.jdbc.datasource.DataSourceTransactionManager - Participating in existing transaction
18:00:11.175 [main] DEBUG org.springframework.jdbc.datasource.DataSourceTransactionManager - Participating in existing transaction
18:00:11.175 [main] DEBUG org.springframework.jdbc.datasource.DataSourceTransactionManager - Participating in existing transaction
18:00:11.175 [main] DEBUG org.springframework.jdbc.datasource.DataSourceTransactionManager - Participating in existing transaction
18:00:11.175 [main] DEBUG org.springframework.jdbc.datasource.DataSourceTransactionManager - Participating in existing transaction
18:00:11.176 [main] DEBUG org.springframework.jdbc.datasource.DataSourceTransactionManager - Participating in existing transaction
18:00:11.176 [main] DEBUG org.springframework.jdbc.datasource.DataSourceTransactionManager - Participating in existing transaction
18:00:11.176 [main] DEBUG org.springframework.jdbc.datasource.DataSourceTransactionManager - Participating in existing transaction
18:00:11.176 [main] DEBUG org.springframework.jdbc.datasource.DataSourceTransactionManager - Participating in existing transaction
18:00:11.176 [main] DEBUG org.springframework.jdbc.datasource.DataSourceTransactionManager - Participating in existing transaction
18:00:11.176 [main] DEBUG org.springframework.test.context.cache.DefaultCacheAwareContextLoaderDelegate - Retrieved ApplicationContext [1050971191] from cache with key [[MergedContextConfiguration@1389e498 testClass = ConfigurationBusiness_CoreSpringServerIT, locations = '{}', classes = '{class fr.insalyon.creatis.vip.core.server.SpringCoreConfig}', contextInitializerClasses = '[]', activeProfiles = '{test-db, test}', propertySourceLocations = '{}', propertySourceProperties = '{db.tableEngine=}', contextCustomizers = set[[empty]], contextLoader = 'org.springframework.test.context.support.DelegatingSmartContextLoader', parent = [null]]]
18:00:11.176 [main] DEBUG org.springframework.test.context.cache - Spring test ApplicationContext cache statistics: [DefaultContextCache@4675f5b0 size = 1, maxSize = 32, parentContextCount = 0, hitCount = 430, missCount = 1]
18:00:11.176 [main] DEBUG org.springframework.test.context.cache.DefaultCacheAwareContextLoaderDelegate - Retrieved ApplicationContext [1050971191] from cache with key [[MergedContextConfiguration@1389e498 testClass = ConfigurationBusiness_CoreSpringServerIT, locations = '{}', classes = '{class fr.insalyon.creatis.vip.core.server.SpringCoreConfig}', contextInitializerClasses = '[]', activeProfiles = '{test-db, test}', propertySourceLocations = '{}', propertySourceProperties = '{db.tableEngine=}', contextCustomizers = set[[empty]], contextLoader = 'org.springframework.test.context.support.DelegatingSmartContextLoader', parent = [null]]]
18:00:11.176 [main] DEBUG org.springframework.test.context.cache - Spring test ApplicationContext cache statistics: [DefaultContextCache@4675f5b0 size = 1, maxSize = 32, parentContextCount = 0, hitCount = 431, missCount = 1]
18:00:11.176 [main] DEBUG org.springframework.jdbc.datasource.DataSourceTransactionManager - Initiating transaction rollback
18:00:11.176 [main] DEBUG org.springframework.jdbc.datasource.DataSourceTransactionManager - Rolling back JDBC transaction on Connection [conn75: url=jdbc:h2:mem:fec2b152-de2f-4c07-a3e1-df691c7daf9d user=SA]
18:00:11.177 [main] DEBUG org.springframework.jdbc.datasource.DataSourceTransactionManager - Releasing JDBC Connection [conn75: url=jdbc:h2:mem:fec2b152-de2f-4c07-a3e1-df691c7daf9d user=SA] after transaction
18:00:11.177 [main] INFO org.springframework.test.context.transaction.TransactionContext - Rolled back transaction for test: [DefaultTestContext@18e20fa8 testClass = ConfigurationBusiness_CoreSpringServerIT, testInstance = ConfigurationBusiness_CoreSpringServerIT@3426c90d, testMethod = testSignout@ConfigurationBusiness_CoreSpringServerIT, testException = [null], mergedContextConfiguration = [MergedContextConfiguration@1389e498 testClass = ConfigurationBusiness_CoreSpringServerIT, locations = '{}', classes = '{class fr.insalyon.creatis.vip.core.server.SpringCoreConfig}', contextInitializerClasses = '[]', activeProfiles = '{test-db, test}', propertySourceLocations = '{}', propertySourceProperties = '{db.tableEngine=}', contextCustomizers = set[[empty]], contextLoader = 'org.springframework.test.context.support.DelegatingSmartContextLoader', parent = [null]], attributes = map['org.springframework.test.context.event.ApplicationEventsTestExecutionListener.recordApplicationEvents' -> false]]
18:00:11.177 [main] DEBUG org.springframework.test.context.support.AbstractDirtiesContextTestExecutionListener - After test method: context [DefaultTestContext@18e20fa8 testClass = ConfigurationBusiness_CoreSpringServerIT, testInstance = ConfigurationBusiness_CoreSpringServerIT@3426c90d, testMethod = testSignout@ConfigurationBusiness_CoreSpringServerIT, testException = [null], mergedContextConfiguration = [MergedContextConfiguration@1389e498 testClass = ConfigurationBusiness_CoreSpringServerIT, locations = '{}', classes = '{class fr.insalyon.creatis.vip.core.server.SpringCoreConfig}', contextInitializerClasses = '[]', activeProfiles = '{test-db, test}', propertySourceLocations = '{}', propertySourceProperties = '{db.tableEngine=}', contextCustomizers = set[[empty]], contextLoader = 'org.springframework.test.context.support.DelegatingSmartContextLoader', parent = [null]], attributes = map['org.springframework.test.context.event.ApplicationEventsTestExecutionListener.recordApplicationEvents' -> false]], class annotated with @DirtiesContext [false] with mode [null], method annotated with @DirtiesContext [false] with mode [null].
]]></system-out>
  </testcase>
  <testcase name="testCatchRemoveNonExistentUser" classname="ConfigurationBusiness_CoreSpringServerIT" time="0.029">
    <system-out><![CDATA[18:00:11.193 [main] DEBUG org.springframework.test.context.support.DependencyInjectionTestExecutionListener - Performing dependency injection for test context [[DefaultTestContext@18e20fa8 testClass = ConfigurationBusiness_CoreSpringServerIT, testInstance = ConfigurationBusiness_CoreSpringServerIT@4c39d732, testMethod = [null], testException = [null], mergedContextConfiguration = [MergedContextConfiguration@1389e498 testClass = ConfigurationBusiness_CoreSpringServerIT, locations = '{}', classes = '{class fr.insalyon.creatis.vip.core.server.SpringCoreConfig}', contextInitializerClasses = '[]', activeProfiles = '{test-db, test}', propertySourceLocations = '{}', propertySourceProperties = '{db.tableEngine=}', contextCustomizers = set[[empty]], contextLoader = 'org.springframework.test.context.support.DelegatingSmartContextLoader', parent = [null]], attributes = map['org.springframework.test.context.event.ApplicationEventsTestExecutionListener.recordApplicationEvents' -> false]]].
18:00:11.193 [main] DEBUG org.springframework.test.context.cache.DefaultCacheAwareContextLoaderDelegate - Retrieved ApplicationContext [1050971191] from cache with key [[MergedContextConfiguration@1389e498 testClass = ConfigurationBusiness_CoreSpringServerIT, locations = '{}', classes = '{class fr.insalyon.creatis.vip.core.server.SpringCoreConfig}', contextInitializerClasses = '[]', activeProfiles = '{test-db, test}', propertySourceLocations = '{}', propertySourceProperties = '{db.tableEngine=}', contextCustomizers = set[[empty]], contextLoader = 'org.springframework.test.context.support.DelegatingSmartContextLoader', parent = [null]]]
18:00:11.193 [main] DEBUG org.springframework.test.context.cache - Spring test ApplicationContext cache statistics: [DefaultContextCache@4675f5b0 size = 1, maxSize = 32, parentContextCount = 0, hitCount = 432, missCount = 1]
18:00:11.196 [main] DEBUG org.springframework.test.context.cache.DefaultCacheAwareContextLoaderDelegate - Retrieved ApplicationContext [1050971191] from cache with key [[MergedContextConfiguration@1389e498 testClass = ConfigurationBusiness_CoreSpringServerIT, locations = '{}', classes = '{class fr.insalyon.creatis.vip.core.server.SpringCoreConfig}', contextInitializerClasses = '[]', activeProfiles = '{test-db, test}', propertySourceLocations = '{}', propertySourceProperties = '{db.tableEngine=}', contextCustomizers = set[[empty]], contextLoader = 'org.springframework.test.context.support.DelegatingSmartContextLoader', parent = [null]]]
18:00:11.196 [main] DEBUG org.springframework.test.context.cache - Spring test ApplicationContext cache statistics: [DefaultContextCache@4675f5b0 size = 1, maxSize = 32, parentContextCount = 0, hitCount = 433, missCount = 1]
18:00:11.197 [main] DEBUG org.springframework.test.context.support.AbstractDirtiesContextTestExecutionListener - Before test method: context [DefaultTestContext@18e20fa8 testClass = ConfigurationBusiness_CoreSpringServerIT, testInstance = ConfigurationBusiness_CoreSpringServerIT@4c39d732, testMethod = testCatchRemoveNonExistentUser@ConfigurationBusiness_CoreSpringServerIT, testException = [null], mergedContextConfiguration = [MergedContextConfiguration@1389e498 testClass = ConfigurationBusiness_CoreSpringServerIT, locations = '{}', classes = '{class fr.insalyon.creatis.vip.core.server.SpringCoreConfig}', contextInitializerClasses = '[]', activeProfiles = '{test-db, test}', propertySourceLocations = '{}', propertySourceProperties = '{db.tableEngine=}', contextCustomizers = set[[empty]], contextLoader = 'org.springframework.test.context.support.DelegatingSmartContextLoader', parent = [null]], attributes = map['org.springframework.test.context.event.ApplicationEventsTestExecutionListener.recordApplicationEvents' -> false]], class annotated with @DirtiesContext [false] with mode [null], method annotated with @DirtiesContext [false] with mode [null].
18:00:11.197 [main] DEBUG org.springframework.test.context.transaction.TransactionalTestExecutionListener - Explicit transaction definition [PROPAGATION_REQUIRED,ISOLATION_DEFAULT] found for test context [DefaultTestContext@18e20fa8 testClass = ConfigurationBusiness_CoreSpringServerIT, testInstance = ConfigurationBusiness_CoreSpringServerIT@4c39d732, testMethod = testCatchRemoveNonExistentUser@ConfigurationBusiness_CoreSpringServerIT, testException = [null], mergedContextConfiguration = [MergedContextConfiguration@1389e498 testClass = ConfigurationBusiness_CoreSpringServerIT, locations = '{}', classes = '{class fr.insalyon.creatis.vip.core.server.SpringCoreConfig}', contextInitializerClasses = '[]', activeProfiles = '{test-db, test}', propertySourceLocations = '{}', propertySourceProperties = '{db.tableEngine=}', contextCustomizers = set[[empty]], contextLoader = 'org.springframework.test.context.support.DelegatingSmartContextLoader', parent = [null]], attributes = map['org.springframework.test.context.event.ApplicationEventsTestExecutionListener.recordApplicationEvents' -> false]]
18:00:11.197 [main] DEBUG org.springframework.test.context.cache.DefaultCacheAwareContextLoaderDelegate - Retrieved ApplicationContext [1050971191] from cache with key [[MergedContextConfiguration@1389e498 testClass = ConfigurationBusiness_CoreSpringServerIT, locations = '{}', classes = '{class fr.insalyon.creatis.vip.core.server.SpringCoreConfig}', contextInitializerClasses = '[]', activeProfiles = '{test-db, test}', propertySourceLocations = '{}', propertySourceProperties = '{db.tableEngine=}', contextCustomizers = set[[empty]], contextLoader = 'org.springframework.test.context.support.DelegatingSmartContextLoader', parent = [null]]]
18:00:11.197 [main] DEBUG org.springframework.test.context.cache - Spring test ApplicationContext cache statistics: [DefaultContextCache@4675f5b0 size = 1, maxSize = 32, parentContextCount = 0, hitCount = 434, missCount = 1]
18:00:11.197 [main] DEBUG org.springframework.test.context.transaction.TransactionalTestExecutionListener - No method-level @Rollback override: using default rollback [true] for test context [DefaultTestContext@18e20fa8 testClass = ConfigurationBusiness_CoreSpringServerIT, testInstance = ConfigurationBusiness_CoreSpringServerIT@4c39d732, testMethod = testCatchRemoveNonExistentUser@ConfigurationBusiness_CoreSpringServerIT, testException = [null], mergedContextConfiguration = [MergedContextConfiguration@1389e498 testClass = ConfigurationBusiness_CoreSpringServerIT, locations = '{}', classes = '{class fr.insalyon.creatis.vip.core.server.SpringCoreConfig}', contextInitializerClasses = '[]', activeProfiles = '{test-db, test}', propertySourceLocations = '{}', propertySourceProperties = '{db.tableEngine=}', contextCustomizers = set[[empty]], contextLoader = 'org.springframework.test.context.support.DelegatingSmartContextLoader', parent = [null]], attributes = map['org.springframework.test.context.event.ApplicationEventsTestExecutionListener.recordApplicationEvents' -> false]].
18:00:11.198 [main] DEBUG org.springframework.jdbc.datasource.DataSourceTransactionManager - Creating new transaction with name [ConfigurationBusiness_CoreSpringServerIT.testCatchRemoveNonExistentUser]: PROPAGATION_REQUIRED,ISOLATION_DEFAULT
18:00:11.198 [main] DEBUG org.springframework.jdbc.datasource.DataSourceTransactionManager - Acquired Connection [Lazy Connection proxy for target DataSource [org.springframework.jdbc.datasource.embedded.EmbeddedDatabaseFactory$EmbeddedDataSourceProxy@5764c072]] for JDBC transaction
18:00:11.198 [main] DEBUG org.springframework.jdbc.datasource.DataSourceTransactionManager - Switching JDBC Connection [Lazy Connection proxy for target DataSource [org.springframework.jdbc.datasource.embedded.EmbeddedDatabaseFactory$EmbeddedDataSourceProxy@5764c072]] to manual commit
18:00:11.198 [main] INFO org.springframework.test.context.transaction.TransactionContext - Began transaction (1) for test context [DefaultTestContext@18e20fa8 testClass = ConfigurationBusiness_CoreSpringServerIT, testInstance = ConfigurationBusiness_CoreSpringServerIT@4c39d732, testMethod = testCatchRemoveNonExistentUser@ConfigurationBusiness_CoreSpringServerIT, testException = [null], mergedContextConfiguration = [MergedContextConfiguration@1389e498 testClass = ConfigurationBusiness_CoreSpringServerIT, locations = '{}', classes = '{class fr.insalyon.creatis.vip.core.server.SpringCoreConfig}', contextInitializerClasses = '[]', activeProfiles = '{test-db, test}', propertySourceLocations = '{}', propertySourceProperties = '{db.tableEngine=}', contextCustomizers = set[[empty]], contextLoader = 'org.springframework.test.context.support.DelegatingSmartContextLoader', parent = [null]], attributes = map['org.springframework.test.context.event.ApplicationEventsTestExecutionListener.recordApplicationEvents' -> false]]; transaction manager [org.springframework.jdbc.datasource.DataSourceTransactionManager@178b2df1]; rollback [true]
18:00:11.198 [main] DEBUG org.springframework.test.context.cache.DefaultCacheAwareContextLoaderDelegate - Retrieved ApplicationContext [1050971191] from cache with key [[MergedContextConfiguration@1389e498 testClass = ConfigurationBusiness_CoreSpringServerIT, locations = '{}', classes = '{class fr.insalyon.creatis.vip.core.server.SpringCoreConfig}', contextInitializerClasses = '[]', activeProfiles = '{test-db, test}', propertySourceLocations = '{}', propertySourceProperties = '{db.tableEngine=}', contextCustomizers = set[[empty]], contextLoader = 'org.springframework.test.context.support.DelegatingSmartContextLoader', parent = [null]]]
18:00:11.198 [main] DEBUG org.springframework.test.context.cache - Spring test ApplicationContext cache statistics: [DefaultContextCache@4675f5b0 size = 1, maxSize = 32, parentContextCount = 0, hitCount = 435, missCount = 1]
18:00:11.199 [main] DEBUG org.springframework.jdbc.datasource.DataSourceTransactionManager - Participating in existing transaction
18:00:11.200 [main] DEBUG org.springframework.jdbc.datasource.DataSourceTransactionManager - Participating in existing transaction
18:00:11.200 [main] DEBUG org.springframework.jdbc.datasource.SimpleDriverDataSource - Creating new JDBC Driver Connection to [jdbc:h2:mem:fec2b152-de2f-4c07-a3e1-df691c7daf9d;DB_CLOSE_DELAY=-1;DB_CLOSE_ON_EXIT=false]
18:00:11.200 [main] DEBUG org.springframework.jdbc.datasource.DataSourceTransactionManager - Participating in existing transaction
18:00:11.203 [main] DEBUG org.springframework.jdbc.datasource.DataSourceTransactionManager - Participating in existing transaction
18:00:11.203 [main] DEBUG org.springframework.jdbc.datasource.DataSourceTransactionManager - Participating in existing transaction
18:00:11.203 [main] DEBUG org.springframework.jdbc.datasource.DataSourceTransactionManager - Participating in existing transaction
18:00:11.203 [main] DEBUG org.springframework.jdbc.datasource.DataSourceTransactionManager - Participating in existing transaction
User = test1@test.fr
18:00:11.203 [main] INFO fr.insalyon.creatis.vip.core.server.business.ConfigurationBusiness - verifying test1@test.fr. List of undesired mail domains: . 
18:00:11.204 [main] INFO fr.insalyon.creatis.vip.core.server.business.ConfigurationBusiness - Signing up . List of undesired countries: .
18:00:11.204 [main] DEBUG org.springframework.jdbc.datasource.DataSourceTransactionManager - Participating in existing transaction
18:00:11.204 [main] DEBUG org.springframework.jdbc.datasource.DataSourceTransactionManager - Participating in existing transaction
18:00:11.204 [main] INFO fr.insalyon.creatis.vip.core.server.business.ConfigurationBusiness - Sending confirmation email to 'test1@test.fr'.
18:00:11.204 [main] DEBUG org.springframework.jdbc.datasource.DataSourceTransactionManager - Participating in existing transaction
18:00:11.205 [main] DEBUG org.springframework.jdbc.datasource.DataSourceTransactionManager - Participating in existing transaction
18:00:11.205 [main] DEBUG org.springframework.jdbc.datasource.DataSourceTransactionManager - Participating in existing transaction
18:00:11.205 [main] DEBUG org.springframework.jdbc.datasource.DataSourceTransactionManager - Participating in existing transaction
User = test2@test.fr
18:00:11.205 [main] INFO fr.insalyon.creatis.vip.core.server.business.ConfigurationBusiness - verifying test2@test.fr. List of undesired mail domains: . 
18:00:11.205 [main] INFO fr.insalyon.creatis.vip.core.server.business.ConfigurationBusiness - Signing up . List of undesired countries: .
18:00:11.205 [main] DEBUG org.springframework.jdbc.datasource.DataSourceTransactionManager - Participating in existing transaction
18:00:11.206 [main] DEBUG org.springframework.jdbc.datasource.DataSourceTransactionManager - Participating in existing transaction
18:00:11.211 [main] INFO fr.insalyon.creatis.vip.core.server.business.ConfigurationBusiness - Sending confirmation email to 'test2@test.fr'.
18:00:11.211 [main] DEBUG org.springframework.jdbc.datasource.DataSourceTransactionManager - Participating in existing transaction
18:00:11.211 [main] DEBUG org.springframework.jdbc.datasource.DataSourceTransactionManager - Participating in existing transaction
18:00:11.211 [main] DEBUG org.springframework.jdbc.datasource.DataSourceTransactionManager - Participating in existing transaction
18:00:11.211 [main] DEBUG org.springframework.jdbc.datasource.DataSourceTransactionManager - Participating in existing transaction
User = test3@test.fr
18:00:11.211 [main] INFO fr.insalyon.creatis.vip.core.server.business.ConfigurationBusiness - verifying test3@test.fr. List of undesired mail domains: . 
18:00:11.212 [main] INFO fr.insalyon.creatis.vip.core.server.business.ConfigurationBusiness - Signing up . List of undesired countries: .
18:00:11.212 [main] DEBUG org.springframework.jdbc.datasource.DataSourceTransactionManager - Participating in existing transaction
18:00:11.212 [main] DEBUG org.springframework.jdbc.datasource.DataSourceTransactionManager - Participating in existing transaction
18:00:11.212 [main] INFO fr.insalyon.creatis.vip.core.server.business.ConfigurationBusiness - Sending confirmation email to 'test3@test.fr'.
18:00:11.212 [main] DEBUG org.springframework.jdbc.datasource.DataSourceTransactionManager - Participating in existing transaction
18:00:11.212 [main] DEBUG org.springframework.jdbc.datasource.DataSourceTransactionManager - Participating in existing transaction
18:00:11.213 [main] DEBUG org.springframework.jdbc.datasource.DataSourceTransactionManager - Participating in existing transaction
18:00:11.213 [main] DEBUG org.springframework.jdbc.datasource.DataSourceTransactionManager - Participating in existing transaction
User = test4@test.fr
18:00:11.213 [main] INFO fr.insalyon.creatis.vip.core.server.business.ConfigurationBusiness - verifying test4@test.fr. List of undesired mail domains: . 
18:00:11.213 [main] INFO fr.insalyon.creatis.vip.core.server.business.ConfigurationBusiness - Signing up . List of undesired countries: .
18:00:11.213 [main] DEBUG org.springframework.jdbc.datasource.DataSourceTransactionManager - Participating in existing transaction
18:00:11.213 [main] DEBUG org.springframework.jdbc.datasource.DataSourceTransactionManager - Participating in existing transaction
18:00:11.213 [main] INFO fr.insalyon.creatis.vip.core.server.business.ConfigurationBusiness - Sending confirmation email to 'test4@test.fr'.
18:00:11.213 [main] DEBUG org.springframework.jdbc.datasource.DataSourceTransactionManager - Participating in existing transaction
18:00:11.214 [main] DEBUG org.springframework.jdbc.datasource.DataSourceTransactionManager - Participating in existing transaction
18:00:11.214 [main] DEBUG org.springframework.jdbc.datasource.DataSourceTransactionManager - Participating in existing transaction
18:00:11.214 [main] DEBUG org.springframework.jdbc.datasource.DataSourceTransactionManager - Participating in existing transaction
18:00:11.214 [main] DEBUG org.springframework.jdbc.datasource.DataSourceTransactionManager - Participating in existing transaction
18:00:11.214 [main] DEBUG org.springframework.jdbc.datasource.DataSourceTransactionManager - Participating in existing transaction
18:00:11.214 [main] DEBUG org.springframework.jdbc.datasource.DataSourceTransactionManager - Participating in existing transaction
18:00:11.214 [main] DEBUG org.springframework.jdbc.datasource.DataSourceTransactionManager - Participating in existing transaction
18:00:11.214 [main] DEBUG org.springframework.jdbc.datasource.DataSourceTransactionManager - Participating in existing transaction
18:00:11.214 [main] DEBUG org.springframework.jdbc.datasource.DataSourceTransactionManager - Participating in existing transaction
18:00:11.214 [main] DEBUG org.springframework.jdbc.datasource.DataSourceTransactionManager - Participating in existing transaction
18:00:11.214 [main] DEBUG org.springframework.jdbc.datasource.DataSourceTransactionManager - Participating in existing transaction
User = email5@test.fr
18:00:11.214 [main] INFO fr.insalyon.creatis.vip.core.server.business.ConfigurationBusiness - verifying email5@test.fr. List of undesired mail domains: . 
18:00:11.215 [main] INFO fr.insalyon.creatis.vip.core.server.business.ConfigurationBusiness - Signing up . List of undesired countries: .
18:00:11.223 [main] DEBUG org.springframework.jdbc.datasource.DataSourceTransactionManager - Participating in existing transaction
18:00:11.223 [main] DEBUG org.springframework.jdbc.datasource.DataSourceTransactionManager - Participating in existing transaction
18:00:11.223 [main] INFO fr.insalyon.creatis.vip.core.server.business.ConfigurationBusiness - Sending confirmation email to 'email5@test.fr'.
18:00:11.223 [main] DEBUG org.springframework.jdbc.datasource.DataSourceTransactionManager - Participating in existing transaction
18:00:11.224 [main] DEBUG org.springframework.test.context.cache.DefaultCacheAwareContextLoaderDelegate - Retrieved ApplicationContext [1050971191] from cache with key [[MergedContextConfiguration@1389e498 testClass = ConfigurationBusiness_CoreSpringServerIT, locations = '{}', classes = '{class fr.insalyon.creatis.vip.core.server.SpringCoreConfig}', contextInitializerClasses = '[]', activeProfiles = '{test-db, test}', propertySourceLocations = '{}', propertySourceProperties = '{db.tableEngine=}', contextCustomizers = set[[empty]], contextLoader = 'org.springframework.test.context.support.DelegatingSmartContextLoader', parent = [null]]]
18:00:11.224 [main] DEBUG org.springframework.test.context.cache - Spring test ApplicationContext cache statistics: [DefaultContextCache@4675f5b0 size = 1, maxSize = 32, parentContextCount = 0, hitCount = 436, missCount = 1]
18:00:11.224 [main] DEBUG org.springframework.jdbc.datasource.DataSourceTransactionManager - Participating in existing transaction
18:00:11.224 [main] DEBUG org.springframework.jdbc.datasource.DataSourceTransactionManager - Participating in existing transaction
18:00:11.224 [main] ERROR fr.insalyon.creatis.vip.core.server.dao.mysql.UserData - There is no user registered with the e-mail nonExistent user
18:00:11.224 [main] DEBUG org.springframework.test.context.cache.DefaultCacheAwareContextLoaderDelegate - Retrieved ApplicationContext [1050971191] from cache with key [[MergedContextConfiguration@1389e498 testClass = ConfigurationBusiness_CoreSpringServerIT, locations = '{}', classes = '{class fr.insalyon.creatis.vip.core.server.SpringCoreConfig}', contextInitializerClasses = '[]', activeProfiles = '{test-db, test}', propertySourceLocations = '{}', propertySourceProperties = '{db.tableEngine=}', contextCustomizers = set[[empty]], contextLoader = 'org.springframework.test.context.support.DelegatingSmartContextLoader', parent = [null]]]
18:00:11.224 [main] DEBUG org.springframework.test.context.cache - Spring test ApplicationContext cache statistics: [DefaultContextCache@4675f5b0 size = 1, maxSize = 32, parentContextCount = 0, hitCount = 437, missCount = 1]
18:00:11.224 [main] DEBUG org.springframework.test.context.cache.DefaultCacheAwareContextLoaderDelegate - Retrieved ApplicationContext [1050971191] from cache with key [[MergedContextConfiguration@1389e498 testClass = ConfigurationBusiness_CoreSpringServerIT, locations = '{}', classes = '{class fr.insalyon.creatis.vip.core.server.SpringCoreConfig}', contextInitializerClasses = '[]', activeProfiles = '{test-db, test}', propertySourceLocations = '{}', propertySourceProperties = '{db.tableEngine=}', contextCustomizers = set[[empty]], contextLoader = 'org.springframework.test.context.support.DelegatingSmartContextLoader', parent = [null]]]
18:00:11.224 [main] DEBUG org.springframework.test.context.cache - Spring test ApplicationContext cache statistics: [DefaultContextCache@4675f5b0 size = 1, maxSize = 32, parentContextCount = 0, hitCount = 438, missCount = 1]
18:00:11.225 [main] DEBUG org.springframework.jdbc.datasource.DataSourceTransactionManager - Initiating transaction rollback
18:00:11.225 [main] DEBUG org.springframework.jdbc.datasource.DataSourceTransactionManager - Rolling back JDBC transaction on Connection [conn76: url=jdbc:h2:mem:fec2b152-de2f-4c07-a3e1-df691c7daf9d user=SA]
18:00:11.225 [main] DEBUG org.springframework.jdbc.datasource.DataSourceTransactionManager - Releasing JDBC Connection [conn76: url=jdbc:h2:mem:fec2b152-de2f-4c07-a3e1-df691c7daf9d user=SA] after transaction
18:00:11.225 [main] INFO org.springframework.test.context.transaction.TransactionContext - Rolled back transaction for test: [DefaultTestContext@18e20fa8 testClass = ConfigurationBusiness_CoreSpringServerIT, testInstance = ConfigurationBusiness_CoreSpringServerIT@4c39d732, testMethod = testCatchRemoveNonExistentUser@ConfigurationBusiness_CoreSpringServerIT, testException = [null], mergedContextConfiguration = [MergedContextConfiguration@1389e498 testClass = ConfigurationBusiness_CoreSpringServerIT, locations = '{}', classes = '{class fr.insalyon.creatis.vip.core.server.SpringCoreConfig}', contextInitializerClasses = '[]', activeProfiles = '{test-db, test}', propertySourceLocations = '{}', propertySourceProperties = '{db.tableEngine=}', contextCustomizers = set[[empty]], contextLoader = 'org.springframework.test.context.support.DelegatingSmartContextLoader', parent = [null]], attributes = map['org.springframework.test.context.event.ApplicationEventsTestExecutionListener.recordApplicationEvents' -> false]]
18:00:11.225 [main] DEBUG org.springframework.test.context.support.AbstractDirtiesContextTestExecutionListener - After test method: context [DefaultTestContext@18e20fa8 testClass = ConfigurationBusiness_CoreSpringServerIT, testInstance = ConfigurationBusiness_CoreSpringServerIT@4c39d732, testMethod = testCatchRemoveNonExistentUser@ConfigurationBusiness_CoreSpringServerIT, testException = [null], mergedContextConfiguration = [MergedContextConfiguration@1389e498 testClass = ConfigurationBusiness_CoreSpringServerIT, locations = '{}', classes = '{class fr.insalyon.creatis.vip.core.server.SpringCoreConfig}', contextInitializerClasses = '[]', activeProfiles = '{test-db, test}', propertySourceLocations = '{}', propertySourceProperties = '{db.tableEngine=}', contextCustomizers = set[[empty]], contextLoader = 'org.springframework.test.context.support.DelegatingSmartContextLoader', parent = [null]], attributes = map['org.springframework.test.context.event.ApplicationEventsTestExecutionListener.recordApplicationEvents' -> false]], class annotated with @DirtiesContext [false] with mode [null], method annotated with @DirtiesContext [false] with mode [null].
]]></system-out>
  </testcase>
  <testcase name="testUpdateNonExistentGroup" classname="ConfigurationBusiness_CoreSpringServerIT" time="0.015">
    <system-out><![CDATA[18:00:11.226 [main] DEBUG org.springframework.test.context.support.DependencyInjectionTestExecutionListener - Performing dependency injection for test context [[DefaultTestContext@18e20fa8 testClass = ConfigurationBusiness_CoreSpringServerIT, testInstance = ConfigurationBusiness_CoreSpringServerIT@6ab0e4a, testMethod = [null], testException = [null], mergedContextConfiguration = [MergedContextConfiguration@1389e498 testClass = ConfigurationBusiness_CoreSpringServerIT, locations = '{}', classes = '{class fr.insalyon.creatis.vip.core.server.SpringCoreConfig}', contextInitializerClasses = '[]', activeProfiles = '{test-db, test}', propertySourceLocations = '{}', propertySourceProperties = '{db.tableEngine=}', contextCustomizers = set[[empty]], contextLoader = 'org.springframework.test.context.support.DelegatingSmartContextLoader', parent = [null]], attributes = map['org.springframework.test.context.event.ApplicationEventsTestExecutionListener.recordApplicationEvents' -> false]]].
18:00:11.226 [main] DEBUG org.springframework.test.context.cache.DefaultCacheAwareContextLoaderDelegate - Retrieved ApplicationContext [1050971191] from cache with key [[MergedContextConfiguration@1389e498 testClass = ConfigurationBusiness_CoreSpringServerIT, locations = '{}', classes = '{class fr.insalyon.creatis.vip.core.server.SpringCoreConfig}', contextInitializerClasses = '[]', activeProfiles = '{test-db, test}', propertySourceLocations = '{}', propertySourceProperties = '{db.tableEngine=}', contextCustomizers = set[[empty]], contextLoader = 'org.springframework.test.context.support.DelegatingSmartContextLoader', parent = [null]]]
18:00:11.227 [main] DEBUG org.springframework.test.context.cache - Spring test ApplicationContext cache statistics: [DefaultContextCache@4675f5b0 size = 1, maxSize = 32, parentContextCount = 0, hitCount = 439, missCount = 1]
18:00:11.227 [main] DEBUG org.springframework.test.context.cache.DefaultCacheAwareContextLoaderDelegate - Retrieved ApplicationContext [1050971191] from cache with key [[MergedContextConfiguration@1389e498 testClass = ConfigurationBusiness_CoreSpringServerIT, locations = '{}', classes = '{class fr.insalyon.creatis.vip.core.server.SpringCoreConfig}', contextInitializerClasses = '[]', activeProfiles = '{test-db, test}', propertySourceLocations = '{}', propertySourceProperties = '{db.tableEngine=}', contextCustomizers = set[[empty]], contextLoader = 'org.springframework.test.context.support.DelegatingSmartContextLoader', parent = [null]]]
18:00:11.227 [main] DEBUG org.springframework.test.context.cache - Spring test ApplicationContext cache statistics: [DefaultContextCache@4675f5b0 size = 1, maxSize = 32, parentContextCount = 0, hitCount = 440, missCount = 1]
18:00:11.239 [main] DEBUG org.springframework.test.context.support.AbstractDirtiesContextTestExecutionListener - Before test method: context [DefaultTestContext@18e20fa8 testClass = ConfigurationBusiness_CoreSpringServerIT, testInstance = ConfigurationBusiness_CoreSpringServerIT@6ab0e4a, testMethod = testUpdateNonExistentGroup@ConfigurationBusiness_CoreSpringServerIT, testException = [null], mergedContextConfiguration = [MergedContextConfiguration@1389e498 testClass = ConfigurationBusiness_CoreSpringServerIT, locations = '{}', classes = '{class fr.insalyon.creatis.vip.core.server.SpringCoreConfig}', contextInitializerClasses = '[]', activeProfiles = '{test-db, test}', propertySourceLocations = '{}', propertySourceProperties = '{db.tableEngine=}', contextCustomizers = set[[empty]], contextLoader = 'org.springframework.test.context.support.DelegatingSmartContextLoader', parent = [null]], attributes = map['org.springframework.test.context.event.ApplicationEventsTestExecutionListener.recordApplicationEvents' -> false]], class annotated with @DirtiesContext [false] with mode [null], method annotated with @DirtiesContext [false] with mode [null].
18:00:11.239 [main] DEBUG org.springframework.test.context.transaction.TransactionalTestExecutionListener - Explicit transaction definition [PROPAGATION_REQUIRED,ISOLATION_DEFAULT] found for test context [DefaultTestContext@18e20fa8 testClass = ConfigurationBusiness_CoreSpringServerIT, testInstance = ConfigurationBusiness_CoreSpringServerIT@6ab0e4a, testMethod = testUpdateNonExistentGroup@ConfigurationBusiness_CoreSpringServerIT, testException = [null], mergedContextConfiguration = [MergedContextConfiguration@1389e498 testClass = ConfigurationBusiness_CoreSpringServerIT, locations = '{}', classes = '{class fr.insalyon.creatis.vip.core.server.SpringCoreConfig}', contextInitializerClasses = '[]', activeProfiles = '{test-db, test}', propertySourceLocations = '{}', propertySourceProperties = '{db.tableEngine=}', contextCustomizers = set[[empty]], contextLoader = 'org.springframework.test.context.support.DelegatingSmartContextLoader', parent = [null]], attributes = map['org.springframework.test.context.event.ApplicationEventsTestExecutionListener.recordApplicationEvents' -> false]]
18:00:11.239 [main] DEBUG org.springframework.test.context.cache.DefaultCacheAwareContextLoaderDelegate - Retrieved ApplicationContext [1050971191] from cache with key [[MergedContextConfiguration@1389e498 testClass = ConfigurationBusiness_CoreSpringServerIT, locations = '{}', classes = '{class fr.insalyon.creatis.vip.core.server.SpringCoreConfig}', contextInitializerClasses = '[]', activeProfiles = '{test-db, test}', propertySourceLocations = '{}', propertySourceProperties = '{db.tableEngine=}', contextCustomizers = set[[empty]], contextLoader = 'org.springframework.test.context.support.DelegatingSmartContextLoader', parent = [null]]]
18:00:11.239 [main] DEBUG org.springframework.test.context.cache - Spring test ApplicationContext cache statistics: [DefaultContextCache@4675f5b0 size = 1, maxSize = 32, parentContextCount = 0, hitCount = 441, missCount = 1]
18:00:11.240 [main] DEBUG org.springframework.test.context.transaction.TransactionalTestExecutionListener - No method-level @Rollback override: using default rollback [true] for test context [DefaultTestContext@18e20fa8 testClass = ConfigurationBusiness_CoreSpringServerIT, testInstance = ConfigurationBusiness_CoreSpringServerIT@6ab0e4a, testMethod = testUpdateNonExistentGroup@ConfigurationBusiness_CoreSpringServerIT, testException = [null], mergedContextConfiguration = [MergedContextConfiguration@1389e498 testClass = ConfigurationBusiness_CoreSpringServerIT, locations = '{}', classes = '{class fr.insalyon.creatis.vip.core.server.SpringCoreConfig}', contextInitializerClasses = '[]', activeProfiles = '{test-db, test}', propertySourceLocations = '{}', propertySourceProperties = '{db.tableEngine=}', contextCustomizers = set[[empty]], contextLoader = 'org.springframework.test.context.support.DelegatingSmartContextLoader', parent = [null]], attributes = map['org.springframework.test.context.event.ApplicationEventsTestExecutionListener.recordApplicationEvents' -> false]].
18:00:11.240 [main] DEBUG org.springframework.jdbc.datasource.DataSourceTransactionManager - Creating new transaction with name [ConfigurationBusiness_CoreSpringServerIT.testUpdateNonExistentGroup]: PROPAGATION_REQUIRED,ISOLATION_DEFAULT
18:00:11.240 [main] DEBUG org.springframework.jdbc.datasource.DataSourceTransactionManager - Acquired Connection [Lazy Connection proxy for target DataSource [org.springframework.jdbc.datasource.embedded.EmbeddedDatabaseFactory$EmbeddedDataSourceProxy@5764c072]] for JDBC transaction
18:00:11.240 [main] DEBUG org.springframework.jdbc.datasource.DataSourceTransactionManager - Switching JDBC Connection [Lazy Connection proxy for target DataSource [org.springframework.jdbc.datasource.embedded.EmbeddedDatabaseFactory$EmbeddedDataSourceProxy@5764c072]] to manual commit
18:00:11.240 [main] INFO org.springframework.test.context.transaction.TransactionContext - Began transaction (1) for test context [DefaultTestContext@18e20fa8 testClass = ConfigurationBusiness_CoreSpringServerIT, testInstance = ConfigurationBusiness_CoreSpringServerIT@6ab0e4a, testMethod = testUpdateNonExistentGroup@ConfigurationBusiness_CoreSpringServerIT, testException = [null], mergedContextConfiguration = [MergedContextConfiguration@1389e498 testClass = ConfigurationBusiness_CoreSpringServerIT, locations = '{}', classes = '{class fr.insalyon.creatis.vip.core.server.SpringCoreConfig}', contextInitializerClasses = '[]', activeProfiles = '{test-db, test}', propertySourceLocations = '{}', propertySourceProperties = '{db.tableEngine=}', contextCustomizers = set[[empty]], contextLoader = 'org.springframework.test.context.support.DelegatingSmartContextLoader', parent = [null]], attributes = map['org.springframework.test.context.event.ApplicationEventsTestExecutionListener.recordApplicationEvents' -> false]]; transaction manager [org.springframework.jdbc.datasource.DataSourceTransactionManager@178b2df1]; rollback [true]
18:00:11.241 [main] DEBUG org.springframework.test.context.cache.DefaultCacheAwareContextLoaderDelegate - Retrieved ApplicationContext [1050971191] from cache with key [[MergedContextConfiguration@1389e498 testClass = ConfigurationBusiness_CoreSpringServerIT, locations = '{}', classes = '{class fr.insalyon.creatis.vip.core.server.SpringCoreConfig}', contextInitializerClasses = '[]', activeProfiles = '{test-db, test}', propertySourceLocations = '{}', propertySourceProperties = '{db.tableEngine=}', contextCustomizers = set[[empty]], contextLoader = 'org.springframework.test.context.support.DelegatingSmartContextLoader', parent = [null]]]
18:00:11.241 [main] DEBUG org.springframework.test.context.cache - Spring test ApplicationContext cache statistics: [DefaultContextCache@4675f5b0 size = 1, maxSize = 32, parentContextCount = 0, hitCount = 442, missCount = 1]
18:00:11.242 [main] DEBUG org.springframework.jdbc.datasource.DataSourceTransactionManager - Participating in existing transaction
18:00:11.242 [main] DEBUG org.springframework.jdbc.datasource.DataSourceTransactionManager - Participating in existing transaction
18:00:11.242 [main] DEBUG org.springframework.jdbc.datasource.SimpleDriverDataSource - Creating new JDBC Driver Connection to [jdbc:h2:mem:fec2b152-de2f-4c07-a3e1-df691c7daf9d;DB_CLOSE_DELAY=-1;DB_CLOSE_ON_EXIT=false]
18:00:11.242 [main] DEBUG org.springframework.jdbc.datasource.DataSourceTransactionManager - Participating in existing transaction
18:00:11.243 [main] DEBUG org.springframework.jdbc.datasource.DataSourceTransactionManager - Participating in existing transaction
18:00:11.243 [main] DEBUG org.springframework.jdbc.datasource.DataSourceTransactionManager - Participating in existing transaction
18:00:11.243 [main] DEBUG org.springframework.jdbc.datasource.DataSourceTransactionManager - Participating in existing transaction
18:00:11.244 [main] DEBUG org.springframework.jdbc.datasource.DataSourceTransactionManager - Participating in existing transaction
User = test1@test.fr
18:00:11.244 [main] INFO fr.insalyon.creatis.vip.core.server.business.ConfigurationBusiness - verifying test1@test.fr. List of undesired mail domains: . 
18:00:11.244 [main] INFO fr.insalyon.creatis.vip.core.server.business.ConfigurationBusiness - Signing up . List of undesired countries: .
18:00:11.244 [main] DEBUG org.springframework.jdbc.datasource.DataSourceTransactionManager - Participating in existing transaction
18:00:11.244 [main] DEBUG org.springframework.jdbc.datasource.DataSourceTransactionManager - Participating in existing transaction
18:00:11.244 [main] INFO fr.insalyon.creatis.vip.core.server.business.ConfigurationBusiness - Sending confirmation email to 'test1@test.fr'.
18:00:11.245 [main] DEBUG org.springframework.jdbc.datasource.DataSourceTransactionManager - Participating in existing transaction
18:00:11.245 [main] DEBUG org.springframework.jdbc.datasource.DataSourceTransactionManager - Participating in existing transaction
18:00:11.245 [main] DEBUG org.springframework.jdbc.datasource.DataSourceTransactionManager - Participating in existing transaction
18:00:11.245 [main] DEBUG org.springframework.jdbc.datasource.DataSourceTransactionManager - Participating in existing transaction
User = test2@test.fr
18:00:11.247 [main] INFO fr.insalyon.creatis.vip.core.server.business.ConfigurationBusiness - verifying test2@test.fr. List of undesired mail domains: . 
18:00:11.247 [main] INFO fr.insalyon.creatis.vip.core.server.business.ConfigurationBusiness - Signing up . List of undesired countries: .
18:00:11.247 [main] DEBUG org.springframework.jdbc.datasource.DataSourceTransactionManager - Participating in existing transaction
18:00:11.247 [main] DEBUG org.springframework.jdbc.datasource.DataSourceTransactionManager - Participating in existing transaction
18:00:11.247 [main] INFO fr.insalyon.creatis.vip.core.server.business.ConfigurationBusiness - Sending confirmation email to 'test2@test.fr'.
18:00:11.248 [main] DEBUG org.springframework.jdbc.datasource.DataSourceTransactionManager - Participating in existing transaction
18:00:11.248 [main] DEBUG org.springframework.jdbc.datasource.DataSourceTransactionManager - Participating in existing transaction
18:00:11.248 [main] DEBUG org.springframework.jdbc.datasource.DataSourceTransactionManager - Participating in existing transaction
18:00:11.248 [main] DEBUG org.springframework.jdbc.datasource.DataSourceTransactionManager - Participating in existing transaction
User = test3@test.fr
18:00:11.248 [main] INFO fr.insalyon.creatis.vip.core.server.business.ConfigurationBusiness - verifying test3@test.fr. List of undesired mail domains: . 
18:00:11.248 [main] INFO fr.insalyon.creatis.vip.core.server.business.ConfigurationBusiness - Signing up . List of undesired countries: .
18:00:11.249 [main] DEBUG org.springframework.jdbc.datasource.DataSourceTransactionManager - Participating in existing transaction
18:00:11.249 [main] DEBUG org.springframework.jdbc.datasource.DataSourceTransactionManager - Participating in existing transaction
18:00:11.249 [main] INFO fr.insalyon.creatis.vip.core.server.business.ConfigurationBusiness - Sending confirmation email to 'test3@test.fr'.
18:00:11.249 [main] DEBUG org.springframework.jdbc.datasource.DataSourceTransactionManager - Participating in existing transaction
18:00:11.249 [main] DEBUG org.springframework.jdbc.datasource.DataSourceTransactionManager - Participating in existing transaction
18:00:11.249 [main] DEBUG org.springframework.jdbc.datasource.DataSourceTransactionManager - Participating in existing transaction
18:00:11.249 [main] DEBUG org.springframework.jdbc.datasource.DataSourceTransactionManager - Participating in existing transaction
User = test4@test.fr
18:00:11.249 [main] INFO fr.insalyon.creatis.vip.core.server.business.ConfigurationBusiness - verifying test4@test.fr. List of undesired mail domains: . 
18:00:11.249 [main] INFO fr.insalyon.creatis.vip.core.server.business.ConfigurationBusiness - Signing up . List of undesired countries: .
18:00:11.250 [main] DEBUG org.springframework.jdbc.datasource.DataSourceTransactionManager - Participating in existing transaction
18:00:11.250 [main] DEBUG org.springframework.jdbc.datasource.DataSourceTransactionManager - Participating in existing transaction
18:00:11.250 [main] INFO fr.insalyon.creatis.vip.core.server.business.ConfigurationBusiness - Sending confirmation email to 'test4@test.fr'.
18:00:11.250 [main] DEBUG org.springframework.jdbc.datasource.DataSourceTransactionManager - Participating in existing transaction
18:00:11.250 [main] DEBUG org.springframework.jdbc.datasource.DataSourceTransactionManager - Participating in existing transaction
18:00:11.250 [main] DEBUG org.springframework.jdbc.datasource.DataSourceTransactionManager - Participating in existing transaction
18:00:11.251 [main] DEBUG org.springframework.jdbc.datasource.DataSourceTransactionManager - Participating in existing transaction
18:00:11.251 [main] DEBUG org.springframework.jdbc.datasource.DataSourceTransactionManager - Participating in existing transaction
18:00:11.251 [main] DEBUG org.springframework.jdbc.datasource.DataSourceTransactionManager - Participating in existing transaction
18:00:11.251 [main] DEBUG org.springframework.jdbc.datasource.DataSourceTransactionManager - Participating in existing transaction
18:00:11.251 [main] DEBUG org.springframework.jdbc.datasource.DataSourceTransactionManager - Participating in existing transaction
18:00:11.251 [main] DEBUG org.springframework.jdbc.datasource.DataSourceTransactionManager - Participating in existing transaction
18:00:11.251 [main] DEBUG org.springframework.jdbc.datasource.DataSourceTransactionManager - Participating in existing transaction
18:00:11.251 [main] DEBUG org.springframework.jdbc.datasource.DataSourceTransactionManager - Participating in existing transaction
18:00:11.251 [main] DEBUG org.springframework.jdbc.datasource.DataSourceTransactionManager - Participating in existing transaction
User = email5@test.fr
18:00:11.251 [main] INFO fr.insalyon.creatis.vip.core.server.business.ConfigurationBusiness - verifying email5@test.fr. List of undesired mail domains: . 
18:00:11.251 [main] INFO fr.insalyon.creatis.vip.core.server.business.ConfigurationBusiness - Signing up . List of undesired countries: .
18:00:11.252 [main] DEBUG org.springframework.jdbc.datasource.DataSourceTransactionManager - Participating in existing transaction
18:00:11.252 [main] DEBUG org.springframework.jdbc.datasource.DataSourceTransactionManager - Participating in existing transaction
18:00:11.252 [main] INFO fr.insalyon.creatis.vip.core.server.business.ConfigurationBusiness - Sending confirmation email to 'email5@test.fr'.
18:00:11.252 [main] DEBUG org.springframework.jdbc.datasource.DataSourceTransactionManager - Participating in existing transaction
18:00:11.252 [main] DEBUG org.springframework.test.context.cache.DefaultCacheAwareContextLoaderDelegate - Retrieved ApplicationContext [1050971191] from cache with key [[MergedContextConfiguration@1389e498 testClass = ConfigurationBusiness_CoreSpringServerIT, locations = '{}', classes = '{class fr.insalyon.creatis.vip.core.server.SpringCoreConfig}', contextInitializerClasses = '[]', activeProfiles = '{test-db, test}', propertySourceLocations = '{}', propertySourceProperties = '{db.tableEngine=}', contextCustomizers = set[[empty]], contextLoader = 'org.springframework.test.context.support.DelegatingSmartContextLoader', parent = [null]]]
18:00:11.252 [main] DEBUG org.springframework.test.context.cache - Spring test ApplicationContext cache statistics: [DefaultContextCache@4675f5b0 size = 1, maxSize = 32, parentContextCount = 0, hitCount = 443, missCount = 1]
18:00:11.252 [main] DEBUG org.springframework.jdbc.datasource.DataSourceTransactionManager - Participating in existing transaction
18:00:11.252 [main] DEBUG org.springframework.jdbc.datasource.DataSourceTransactionManager - Participating in existing transaction
18:00:11.252 [main] DEBUG org.springframework.test.context.cache.DefaultCacheAwareContextLoaderDelegate - Retrieved ApplicationContext [1050971191] from cache with key [[MergedContextConfiguration@1389e498 testClass = ConfigurationBusiness_CoreSpringServerIT, locations = '{}', classes = '{class fr.insalyon.creatis.vip.core.server.SpringCoreConfig}', contextInitializerClasses = '[]', activeProfiles = '{test-db, test}', propertySourceLocations = '{}', propertySourceProperties = '{db.tableEngine=}', contextCustomizers = set[[empty]], contextLoader = 'org.springframework.test.context.support.DelegatingSmartContextLoader', parent = [null]]]
18:00:11.253 [main] DEBUG org.springframework.test.context.cache - Spring test ApplicationContext cache statistics: [DefaultContextCache@4675f5b0 size = 1, maxSize = 32, parentContextCount = 0, hitCount = 444, missCount = 1]
18:00:11.253 [main] DEBUG org.springframework.test.context.cache.DefaultCacheAwareContextLoaderDelegate - Retrieved ApplicationContext [1050971191] from cache with key [[MergedContextConfiguration@1389e498 testClass = ConfigurationBusiness_CoreSpringServerIT, locations = '{}', classes = '{class fr.insalyon.creatis.vip.core.server.SpringCoreConfig}', contextInitializerClasses = '[]', activeProfiles = '{test-db, test}', propertySourceLocations = '{}', propertySourceProperties = '{db.tableEngine=}', contextCustomizers = set[[empty]], contextLoader = 'org.springframework.test.context.support.DelegatingSmartContextLoader', parent = [null]]]
18:00:11.253 [main] DEBUG org.springframework.test.context.cache - Spring test ApplicationContext cache statistics: [DefaultContextCache@4675f5b0 size = 1, maxSize = 32, parentContextCount = 0, hitCount = 445, missCount = 1]
18:00:11.253 [main] DEBUG org.springframework.jdbc.datasource.DataSourceTransactionManager - Initiating transaction rollback
18:00:11.253 [main] DEBUG org.springframework.jdbc.datasource.DataSourceTransactionManager - Rolling back JDBC transaction on Connection [conn77: url=jdbc:h2:mem:fec2b152-de2f-4c07-a3e1-df691c7daf9d user=SA]
18:00:11.253 [main] DEBUG org.springframework.jdbc.datasource.DataSourceTransactionManager - Releasing JDBC Connection [conn77: url=jdbc:h2:mem:fec2b152-de2f-4c07-a3e1-df691c7daf9d user=SA] after transaction
18:00:11.253 [main] INFO org.springframework.test.context.transaction.TransactionContext - Rolled back transaction for test: [DefaultTestContext@18e20fa8 testClass = ConfigurationBusiness_CoreSpringServerIT, testInstance = ConfigurationBusiness_CoreSpringServerIT@6ab0e4a, testMethod = testUpdateNonExistentGroup@ConfigurationBusiness_CoreSpringServerIT, testException = [null], mergedContextConfiguration = [MergedContextConfiguration@1389e498 testClass = ConfigurationBusiness_CoreSpringServerIT, locations = '{}', classes = '{class fr.insalyon.creatis.vip.core.server.SpringCoreConfig}', contextInitializerClasses = '[]', activeProfiles = '{test-db, test}', propertySourceLocations = '{}', propertySourceProperties = '{db.tableEngine=}', contextCustomizers = set[[empty]], contextLoader = 'org.springframework.test.context.support.DelegatingSmartContextLoader', parent = [null]], attributes = map['org.springframework.test.context.event.ApplicationEventsTestExecutionListener.recordApplicationEvents' -> false]]
18:00:11.253 [main] DEBUG org.springframework.test.context.support.AbstractDirtiesContextTestExecutionListener - After test method: context [DefaultTestContext@18e20fa8 testClass = ConfigurationBusiness_CoreSpringServerIT, testInstance = ConfigurationBusiness_CoreSpringServerIT@6ab0e4a, testMethod = testUpdateNonExistentGroup@ConfigurationBusiness_CoreSpringServerIT, testException = [null], mergedContextConfiguration = [MergedContextConfiguration@1389e498 testClass = ConfigurationBusiness_CoreSpringServerIT, locations = '{}', classes = '{class fr.insalyon.creatis.vip.core.server.SpringCoreConfig}', contextInitializerClasses = '[]', activeProfiles = '{test-db, test}', propertySourceLocations = '{}', propertySourceProperties = '{db.tableEngine=}', contextCustomizers = set[[empty]], contextLoader = 'org.springframework.test.context.support.DelegatingSmartContextLoader', parent = [null]], attributes = map['org.springframework.test.context.event.ApplicationEventsTestExecutionListener.recordApplicationEvents' -> false]], class annotated with @DirtiesContext [false] with mode [null], method annotated with @DirtiesContext [false] with mode [null].
]]></system-out>
  </testcase>
  <testcase name="testCatchGetNonExistentUserData" classname="ConfigurationBusiness_CoreSpringServerIT" time="0.031">
    <system-out><![CDATA[18:00:11.266 [main] DEBUG org.springframework.test.context.support.DependencyInjectionTestExecutionListener - Performing dependency injection for test context [[DefaultTestContext@18e20fa8 testClass = ConfigurationBusiness_CoreSpringServerIT, testInstance = ConfigurationBusiness_CoreSpringServerIT@ae1e520, testMethod = [null], testException = [null], mergedContextConfiguration = [MergedContextConfiguration@1389e498 testClass = ConfigurationBusiness_CoreSpringServerIT, locations = '{}', classes = '{class fr.insalyon.creatis.vip.core.server.SpringCoreConfig}', contextInitializerClasses = '[]', activeProfiles = '{test-db, test}', propertySourceLocations = '{}', propertySourceProperties = '{db.tableEngine=}', contextCustomizers = set[[empty]], contextLoader = 'org.springframework.test.context.support.DelegatingSmartContextLoader', parent = [null]], attributes = map['org.springframework.test.context.event.ApplicationEventsTestExecutionListener.recordApplicationEvents' -> false]]].
18:00:11.266 [main] DEBUG org.springframework.test.context.cache.DefaultCacheAwareContextLoaderDelegate - Retrieved ApplicationContext [1050971191] from cache with key [[MergedContextConfiguration@1389e498 testClass = ConfigurationBusiness_CoreSpringServerIT, locations = '{}', classes = '{class fr.insalyon.creatis.vip.core.server.SpringCoreConfig}', contextInitializerClasses = '[]', activeProfiles = '{test-db, test}', propertySourceLocations = '{}', propertySourceProperties = '{db.tableEngine=}', contextCustomizers = set[[empty]], contextLoader = 'org.springframework.test.context.support.DelegatingSmartContextLoader', parent = [null]]]
18:00:11.266 [main] DEBUG org.springframework.test.context.cache - Spring test ApplicationContext cache statistics: [DefaultContextCache@4675f5b0 size = 1, maxSize = 32, parentContextCount = 0, hitCount = 446, missCount = 1]
18:00:11.266 [main] DEBUG org.springframework.test.context.cache.DefaultCacheAwareContextLoaderDelegate - Retrieved ApplicationContext [1050971191] from cache with key [[MergedContextConfiguration@1389e498 testClass = ConfigurationBusiness_CoreSpringServerIT, locations = '{}', classes = '{class fr.insalyon.creatis.vip.core.server.SpringCoreConfig}', contextInitializerClasses = '[]', activeProfiles = '{test-db, test}', propertySourceLocations = '{}', propertySourceProperties = '{db.tableEngine=}', contextCustomizers = set[[empty]], contextLoader = 'org.springframework.test.context.support.DelegatingSmartContextLoader', parent = [null]]]
18:00:11.266 [main] DEBUG org.springframework.test.context.cache - Spring test ApplicationContext cache statistics: [DefaultContextCache@4675f5b0 size = 1, maxSize = 32, parentContextCount = 0, hitCount = 447, missCount = 1]
18:00:11.267 [main] DEBUG org.springframework.test.context.support.AbstractDirtiesContextTestExecutionListener - Before test method: context [DefaultTestContext@18e20fa8 testClass = ConfigurationBusiness_CoreSpringServerIT, testInstance = ConfigurationBusiness_CoreSpringServerIT@ae1e520, testMethod = testCatchGetNonExistentUserData@ConfigurationBusiness_CoreSpringServerIT, testException = [null], mergedContextConfiguration = [MergedContextConfiguration@1389e498 testClass = ConfigurationBusiness_CoreSpringServerIT, locations = '{}', classes = '{class fr.insalyon.creatis.vip.core.server.SpringCoreConfig}', contextInitializerClasses = '[]', activeProfiles = '{test-db, test}', propertySourceLocations = '{}', propertySourceProperties = '{db.tableEngine=}', contextCustomizers = set[[empty]], contextLoader = 'org.springframework.test.context.support.DelegatingSmartContextLoader', parent = [null]], attributes = map['org.springframework.test.context.event.ApplicationEventsTestExecutionListener.recordApplicationEvents' -> false]], class annotated with @DirtiesContext [false] with mode [null], method annotated with @DirtiesContext [false] with mode [null].
18:00:11.267 [main] DEBUG org.springframework.test.context.transaction.TransactionalTestExecutionListener - Explicit transaction definition [PROPAGATION_REQUIRED,ISOLATION_DEFAULT] found for test context [DefaultTestContext@18e20fa8 testClass = ConfigurationBusiness_CoreSpringServerIT, testInstance = ConfigurationBusiness_CoreSpringServerIT@ae1e520, testMethod = testCatchGetNonExistentUserData@ConfigurationBusiness_CoreSpringServerIT, testException = [null], mergedContextConfiguration = [MergedContextConfiguration@1389e498 testClass = ConfigurationBusiness_CoreSpringServerIT, locations = '{}', classes = '{class fr.insalyon.creatis.vip.core.server.SpringCoreConfig}', contextInitializerClasses = '[]', activeProfiles = '{test-db, test}', propertySourceLocations = '{}', propertySourceProperties = '{db.tableEngine=}', contextCustomizers = set[[empty]], contextLoader = 'org.springframework.test.context.support.DelegatingSmartContextLoader', parent = [null]], attributes = map['org.springframework.test.context.event.ApplicationEventsTestExecutionListener.recordApplicationEvents' -> false]]
18:00:11.267 [main] DEBUG org.springframework.test.context.cache.DefaultCacheAwareContextLoaderDelegate - Retrieved ApplicationContext [1050971191] from cache with key [[MergedContextConfiguration@1389e498 testClass = ConfigurationBusiness_CoreSpringServerIT, locations = '{}', classes = '{class fr.insalyon.creatis.vip.core.server.SpringCoreConfig}', contextInitializerClasses = '[]', activeProfiles = '{test-db, test}', propertySourceLocations = '{}', propertySourceProperties = '{db.tableEngine=}', contextCustomizers = set[[empty]], contextLoader = 'org.springframework.test.context.support.DelegatingSmartContextLoader', parent = [null]]]
18:00:11.267 [main] DEBUG org.springframework.test.context.cache - Spring test ApplicationContext cache statistics: [DefaultContextCache@4675f5b0 size = 1, maxSize = 32, parentContextCount = 0, hitCount = 448, missCount = 1]
18:00:11.268 [main] DEBUG org.springframework.test.context.transaction.TransactionalTestExecutionListener - No method-level @Rollback override: using default rollback [true] for test context [DefaultTestContext@18e20fa8 testClass = ConfigurationBusiness_CoreSpringServerIT, testInstance = ConfigurationBusiness_CoreSpringServerIT@ae1e520, testMethod = testCatchGetNonExistentUserData@ConfigurationBusiness_CoreSpringServerIT, testException = [null], mergedContextConfiguration = [MergedContextConfiguration@1389e498 testClass = ConfigurationBusiness_CoreSpringServerIT, locations = '{}', classes = '{class fr.insalyon.creatis.vip.core.server.SpringCoreConfig}', contextInitializerClasses = '[]', activeProfiles = '{test-db, test}', propertySourceLocations = '{}', propertySourceProperties = '{db.tableEngine=}', contextCustomizers = set[[empty]], contextLoader = 'org.springframework.test.context.support.DelegatingSmartContextLoader', parent = [null]], attributes = map['org.springframework.test.context.event.ApplicationEventsTestExecutionListener.recordApplicationEvents' -> false]].
18:00:11.268 [main] DEBUG org.springframework.jdbc.datasource.DataSourceTransactionManager - Creating new transaction with name [ConfigurationBusiness_CoreSpringServerIT.testCatchGetNonExistentUserData]: PROPAGATION_REQUIRED,ISOLATION_DEFAULT
18:00:11.268 [main] DEBUG org.springframework.jdbc.datasource.DataSourceTransactionManager - Acquired Connection [Lazy Connection proxy for target DataSource [org.springframework.jdbc.datasource.embedded.EmbeddedDatabaseFactory$EmbeddedDataSourceProxy@5764c072]] for JDBC transaction
18:00:11.269 [main] DEBUG org.springframework.jdbc.datasource.DataSourceTransactionManager - Switching JDBC Connection [Lazy Connection proxy for target DataSource [org.springframework.jdbc.datasource.embedded.EmbeddedDatabaseFactory$EmbeddedDataSourceProxy@5764c072]] to manual commit
18:00:11.269 [main] INFO org.springframework.test.context.transaction.TransactionContext - Began transaction (1) for test context [DefaultTestContext@18e20fa8 testClass = ConfigurationBusiness_CoreSpringServerIT, testInstance = ConfigurationBusiness_CoreSpringServerIT@ae1e520, testMethod = testCatchGetNonExistentUserData@ConfigurationBusiness_CoreSpringServerIT, testException = [null], mergedContextConfiguration = [MergedContextConfiguration@1389e498 testClass = ConfigurationBusiness_CoreSpringServerIT, locations = '{}', classes = '{class fr.insalyon.creatis.vip.core.server.SpringCoreConfig}', contextInitializerClasses = '[]', activeProfiles = '{test-db, test}', propertySourceLocations = '{}', propertySourceProperties = '{db.tableEngine=}', contextCustomizers = set[[empty]], contextLoader = 'org.springframework.test.context.support.DelegatingSmartContextLoader', parent = [null]], attributes = map['org.springframework.test.context.event.ApplicationEventsTestExecutionListener.recordApplicationEvents' -> false]]; transaction manager [org.springframework.jdbc.datasource.DataSourceTransactionManager@178b2df1]; rollback [true]
18:00:11.269 [main] DEBUG org.springframework.test.context.cache.DefaultCacheAwareContextLoaderDelegate - Retrieved ApplicationContext [1050971191] from cache with key [[MergedContextConfiguration@1389e498 testClass = ConfigurationBusiness_CoreSpringServerIT, locations = '{}', classes = '{class fr.insalyon.creatis.vip.core.server.SpringCoreConfig}', contextInitializerClasses = '[]', activeProfiles = '{test-db, test}', propertySourceLocations = '{}', propertySourceProperties = '{db.tableEngine=}', contextCustomizers = set[[empty]], contextLoader = 'org.springframework.test.context.support.DelegatingSmartContextLoader', parent = [null]]]
18:00:11.269 [main] DEBUG org.springframework.test.context.cache - Spring test ApplicationContext cache statistics: [DefaultContextCache@4675f5b0 size = 1, maxSize = 32, parentContextCount = 0, hitCount = 449, missCount = 1]
18:00:11.270 [main] DEBUG org.springframework.jdbc.datasource.DataSourceTransactionManager - Participating in existing transaction
18:00:11.270 [main] DEBUG org.springframework.jdbc.datasource.DataSourceTransactionManager - Participating in existing transaction
18:00:11.270 [main] DEBUG org.springframework.jdbc.datasource.SimpleDriverDataSource - Creating new JDBC Driver Connection to [jdbc:h2:mem:fec2b152-de2f-4c07-a3e1-df691c7daf9d;DB_CLOSE_DELAY=-1;DB_CLOSE_ON_EXIT=false]
18:00:11.271 [main] DEBUG org.springframework.jdbc.datasource.DataSourceTransactionManager - Participating in existing transaction
18:00:11.271 [main] DEBUG org.springframework.jdbc.datasource.DataSourceTransactionManager - Participating in existing transaction
18:00:11.271 [main] DEBUG org.springframework.jdbc.datasource.DataSourceTransactionManager - Participating in existing transaction
18:00:11.271 [main] DEBUG org.springframework.jdbc.datasource.DataSourceTransactionManager - Participating in existing transaction
18:00:11.279 [main] DEBUG org.springframework.jdbc.datasource.DataSourceTransactionManager - Participating in existing transaction
User = test1@test.fr
18:00:11.279 [main] INFO fr.insalyon.creatis.vip.core.server.business.ConfigurationBusiness - verifying test1@test.fr. List of undesired mail domains: . 
18:00:11.279 [main] INFO fr.insalyon.creatis.vip.core.server.business.ConfigurationBusiness - Signing up . List of undesired countries: .
18:00:11.279 [main] DEBUG org.springframework.jdbc.datasource.DataSourceTransactionManager - Participating in existing transaction
18:00:11.280 [main] DEBUG org.springframework.jdbc.datasource.DataSourceTransactionManager - Participating in existing transaction
18:00:11.280 [main] INFO fr.insalyon.creatis.vip.core.server.business.ConfigurationBusiness - Sending confirmation email to 'test1@test.fr'.
18:00:11.280 [main] DEBUG org.springframework.jdbc.datasource.DataSourceTransactionManager - Participating in existing transaction
18:00:11.280 [main] DEBUG org.springframework.jdbc.datasource.DataSourceTransactionManager - Participating in existing transaction
18:00:11.280 [main] DEBUG org.springframework.jdbc.datasource.DataSourceTransactionManager - Participating in existing transaction
18:00:11.280 [main] DEBUG org.springframework.jdbc.datasource.DataSourceTransactionManager - Participating in existing transaction
User = test2@test.fr
18:00:11.280 [main] INFO fr.insalyon.creatis.vip.core.server.business.ConfigurationBusiness - verifying test2@test.fr. List of undesired mail domains: . 
18:00:11.281 [main] INFO fr.insalyon.creatis.vip.core.server.business.ConfigurationBusiness - Signing up . List of undesired countries: .
18:00:11.281 [main] DEBUG org.springframework.jdbc.datasource.DataSourceTransactionManager - Participating in existing transaction
18:00:11.281 [main] DEBUG org.springframework.jdbc.datasource.DataSourceTransactionManager - Participating in existing transaction
18:00:11.281 [main] INFO fr.insalyon.creatis.vip.core.server.business.ConfigurationBusiness - Sending confirmation email to 'test2@test.fr'.
18:00:11.281 [main] DEBUG org.springframework.jdbc.datasource.DataSourceTransactionManager - Participating in existing transaction
18:00:11.282 [main] DEBUG org.springframework.jdbc.datasource.DataSourceTransactionManager - Participating in existing transaction
18:00:11.282 [main] DEBUG org.springframework.jdbc.datasource.DataSourceTransactionManager - Participating in existing transaction
18:00:11.282 [main] DEBUG org.springframework.jdbc.datasource.DataSourceTransactionManager - Participating in existing transaction
User = test3@test.fr
18:00:11.282 [main] INFO fr.insalyon.creatis.vip.core.server.business.ConfigurationBusiness - verifying test3@test.fr. List of undesired mail domains: . 
18:00:11.282 [main] INFO fr.insalyon.creatis.vip.core.server.business.ConfigurationBusiness - Signing up . List of undesired countries: .
18:00:11.282 [main] DEBUG org.springframework.jdbc.datasource.DataSourceTransactionManager - Participating in existing transaction
18:00:11.282 [main] DEBUG org.springframework.jdbc.datasource.DataSourceTransactionManager - Participating in existing transaction
18:00:11.283 [main] INFO fr.insalyon.creatis.vip.core.server.business.ConfigurationBusiness - Sending confirmation email to 'test3@test.fr'.
18:00:11.283 [main] DEBUG org.springframework.jdbc.datasource.DataSourceTransactionManager - Participating in existing transaction
18:00:11.283 [main] DEBUG org.springframework.jdbc.datasource.DataSourceTransactionManager - Participating in existing transaction
18:00:11.283 [main] DEBUG org.springframework.jdbc.datasource.DataSourceTransactionManager - Participating in existing transaction
18:00:11.283 [main] DEBUG org.springframework.jdbc.datasource.DataSourceTransactionManager - Participating in existing transaction
User = test4@test.fr
18:00:11.283 [main] INFO fr.insalyon.creatis.vip.core.server.business.ConfigurationBusiness - verifying test4@test.fr. List of undesired mail domains: . 
18:00:11.283 [main] INFO fr.insalyon.creatis.vip.core.server.business.ConfigurationBusiness - Signing up . List of undesired countries: .
18:00:11.285 [main] DEBUG org.springframework.jdbc.datasource.DataSourceTransactionManager - Participating in existing transaction
18:00:11.285 [main] DEBUG org.springframework.jdbc.datasource.DataSourceTransactionManager - Participating in existing transaction
18:00:11.285 [main] INFO fr.insalyon.creatis.vip.core.server.business.ConfigurationBusiness - Sending confirmation email to 'test4@test.fr'.
18:00:11.285 [main] DEBUG org.springframework.jdbc.datasource.DataSourceTransactionManager - Participating in existing transaction
18:00:11.286 [main] DEBUG org.springframework.jdbc.datasource.DataSourceTransactionManager - Participating in existing transaction
18:00:11.286 [main] DEBUG org.springframework.jdbc.datasource.DataSourceTransactionManager - Participating in existing transaction
18:00:11.287 [main] DEBUG org.springframework.jdbc.datasource.DataSourceTransactionManager - Participating in existing transaction
18:00:11.287 [main] DEBUG org.springframework.jdbc.datasource.DataSourceTransactionManager - Participating in existing transaction
18:00:11.287 [main] DEBUG org.springframework.jdbc.datasource.DataSourceTransactionManager - Participating in existing transaction
18:00:11.287 [main] DEBUG org.springframework.jdbc.datasource.DataSourceTransactionManager - Participating in existing transaction
18:00:11.287 [main] DEBUG org.springframework.jdbc.datasource.DataSourceTransactionManager - Participating in existing transaction
18:00:11.287 [main] DEBUG org.springframework.jdbc.datasource.DataSourceTransactionManager - Participating in existing transaction
18:00:11.288 [main] DEBUG org.springframework.jdbc.datasource.DataSourceTransactionManager - Participating in existing transaction
18:00:11.288 [main] DEBUG org.springframework.jdbc.datasource.DataSourceTransactionManager - Participating in existing transaction
18:00:11.288 [main] DEBUG org.springframework.jdbc.datasource.DataSourceTransactionManager - Participating in existing transaction
User = email5@test.fr
18:00:11.288 [main] INFO fr.insalyon.creatis.vip.core.server.business.ConfigurationBusiness - verifying email5@test.fr. List of undesired mail domains: . 
18:00:11.288 [main] INFO fr.insalyon.creatis.vip.core.server.business.ConfigurationBusiness - Signing up . List of undesired countries: .
18:00:11.288 [main] DEBUG org.springframework.jdbc.datasource.DataSourceTransactionManager - Participating in existing transaction
18:00:11.288 [main] DEBUG org.springframework.jdbc.datasource.DataSourceTransactionManager - Participating in existing transaction
18:00:11.288 [main] INFO fr.insalyon.creatis.vip.core.server.business.ConfigurationBusiness - Sending confirmation email to 'email5@test.fr'.
18:00:11.288 [main] DEBUG org.springframework.jdbc.datasource.DataSourceTransactionManager - Participating in existing transaction
18:00:11.289 [main] DEBUG org.springframework.test.context.cache.DefaultCacheAwareContextLoaderDelegate - Retrieved ApplicationContext [1050971191] from cache with key [[MergedContextConfiguration@1389e498 testClass = ConfigurationBusiness_CoreSpringServerIT, locations = '{}', classes = '{class fr.insalyon.creatis.vip.core.server.SpringCoreConfig}', contextInitializerClasses = '[]', activeProfiles = '{test-db, test}', propertySourceLocations = '{}', propertySourceProperties = '{db.tableEngine=}', contextCustomizers = set[[empty]], contextLoader = 'org.springframework.test.context.support.DelegatingSmartContextLoader', parent = [null]]]
18:00:11.296 [main] DEBUG org.springframework.test.context.cache - Spring test ApplicationContext cache statistics: [DefaultContextCache@4675f5b0 size = 1, maxSize = 32, parentContextCount = 0, hitCount = 450, missCount = 1]
18:00:11.296 [main] DEBUG org.springframework.jdbc.datasource.DataSourceTransactionManager - Participating in existing transaction
18:00:11.296 [main] DEBUG org.springframework.jdbc.datasource.DataSourceTransactionManager - Participating in existing transaction
18:00:11.296 [main] ERROR fr.insalyon.creatis.vip.core.server.dao.mysql.UserData - There is no user registered with the e-mail nonExistent_user
18:00:11.297 [main] DEBUG org.springframework.test.context.cache.DefaultCacheAwareContextLoaderDelegate - Retrieved ApplicationContext [1050971191] from cache with key [[MergedContextConfiguration@1389e498 testClass = ConfigurationBusiness_CoreSpringServerIT, locations = '{}', classes = '{class fr.insalyon.creatis.vip.core.server.SpringCoreConfig}', contextInitializerClasses = '[]', activeProfiles = '{test-db, test}', propertySourceLocations = '{}', propertySourceProperties = '{db.tableEngine=}', contextCustomizers = set[[empty]], contextLoader = 'org.springframework.test.context.support.DelegatingSmartContextLoader', parent = [null]]]
18:00:11.297 [main] DEBUG org.springframework.test.context.cache - Spring test ApplicationContext cache statistics: [DefaultContextCache@4675f5b0 size = 1, maxSize = 32, parentContextCount = 0, hitCount = 451, missCount = 1]
18:00:11.297 [main] DEBUG org.springframework.test.context.cache.DefaultCacheAwareContextLoaderDelegate - Retrieved ApplicationContext [1050971191] from cache with key [[MergedContextConfiguration@1389e498 testClass = ConfigurationBusiness_CoreSpringServerIT, locations = '{}', classes = '{class fr.insalyon.creatis.vip.core.server.SpringCoreConfig}', contextInitializerClasses = '[]', activeProfiles = '{test-db, test}', propertySourceLocations = '{}', propertySourceProperties = '{db.tableEngine=}', contextCustomizers = set[[empty]], contextLoader = 'org.springframework.test.context.support.DelegatingSmartContextLoader', parent = [null]]]
18:00:11.297 [main] DEBUG org.springframework.test.context.cache - Spring test ApplicationContext cache statistics: [DefaultContextCache@4675f5b0 size = 1, maxSize = 32, parentContextCount = 0, hitCount = 452, missCount = 1]
18:00:11.297 [main] DEBUG org.springframework.jdbc.datasource.DataSourceTransactionManager - Initiating transaction rollback
18:00:11.297 [main] DEBUG org.springframework.jdbc.datasource.DataSourceTransactionManager - Rolling back JDBC transaction on Connection [conn78: url=jdbc:h2:mem:fec2b152-de2f-4c07-a3e1-df691c7daf9d user=SA]
18:00:11.297 [main] DEBUG org.springframework.jdbc.datasource.DataSourceTransactionManager - Releasing JDBC Connection [conn78: url=jdbc:h2:mem:fec2b152-de2f-4c07-a3e1-df691c7daf9d user=SA] after transaction
18:00:11.297 [main] INFO org.springframework.test.context.transaction.TransactionContext - Rolled back transaction for test: [DefaultTestContext@18e20fa8 testClass = ConfigurationBusiness_CoreSpringServerIT, testInstance = ConfigurationBusiness_CoreSpringServerIT@ae1e520, testMethod = testCatchGetNonExistentUserData@ConfigurationBusiness_CoreSpringServerIT, testException = [null], mergedContextConfiguration = [MergedContextConfiguration@1389e498 testClass = ConfigurationBusiness_CoreSpringServerIT, locations = '{}', classes = '{class fr.insalyon.creatis.vip.core.server.SpringCoreConfig}', contextInitializerClasses = '[]', activeProfiles = '{test-db, test}', propertySourceLocations = '{}', propertySourceProperties = '{db.tableEngine=}', contextCustomizers = set[[empty]], contextLoader = 'org.springframework.test.context.support.DelegatingSmartContextLoader', parent = [null]], attributes = map['org.springframework.test.context.event.ApplicationEventsTestExecutionListener.recordApplicationEvents' -> false]]
18:00:11.298 [main] DEBUG org.springframework.test.context.support.AbstractDirtiesContextTestExecutionListener - After test method: context [DefaultTestContext@18e20fa8 testClass = ConfigurationBusiness_CoreSpringServerIT, testInstance = ConfigurationBusiness_CoreSpringServerIT@ae1e520, testMethod = testCatchGetNonExistentUserData@ConfigurationBusiness_CoreSpringServerIT, testException = [null], mergedContextConfiguration = [MergedContextConfiguration@1389e498 testClass = ConfigurationBusiness_CoreSpringServerIT, locations = '{}', classes = '{class fr.insalyon.creatis.vip.core.server.SpringCoreConfig}', contextInitializerClasses = '[]', activeProfiles = '{test-db, test}', propertySourceLocations = '{}', propertySourceProperties = '{db.tableEngine=}', contextCustomizers = set[[empty]], contextLoader = 'org.springframework.test.context.support.DelegatingSmartContextLoader', parent = [null]], attributes = map['org.springframework.test.context.event.ApplicationEventsTestExecutionListener.recordApplicationEvents' -> false]], class annotated with @DirtiesContext [false] with mode [null], method annotated with @DirtiesContext [false] with mode [null].
]]></system-out>
  </testcase>
  <testcase name="testValidateNullSession" classname="ConfigurationBusiness_CoreSpringServerIT" time="0.025">
    <system-out><![CDATA[18:00:11.299 [main] DEBUG org.springframework.test.context.support.DependencyInjectionTestExecutionListener - Performing dependency injection for test context [[DefaultTestContext@18e20fa8 testClass = ConfigurationBusiness_CoreSpringServerIT, testInstance = ConfigurationBusiness_CoreSpringServerIT@18dfd811, testMethod = [null], testException = [null], mergedContextConfiguration = [MergedContextConfiguration@1389e498 testClass = ConfigurationBusiness_CoreSpringServerIT, locations = '{}', classes = '{class fr.insalyon.creatis.vip.core.server.SpringCoreConfig}', contextInitializerClasses = '[]', activeProfiles = '{test-db, test}', propertySourceLocations = '{}', propertySourceProperties = '{db.tableEngine=}', contextCustomizers = set[[empty]], contextLoader = 'org.springframework.test.context.support.DelegatingSmartContextLoader', parent = [null]], attributes = map['org.springframework.test.context.event.ApplicationEventsTestExecutionListener.recordApplicationEvents' -> false]]].
18:00:11.299 [main] DEBUG org.springframework.test.context.cache.DefaultCacheAwareContextLoaderDelegate - Retrieved ApplicationContext [1050971191] from cache with key [[MergedContextConfiguration@1389e498 testClass = ConfigurationBusiness_CoreSpringServerIT, locations = '{}', classes = '{class fr.insalyon.creatis.vip.core.server.SpringCoreConfig}', contextInitializerClasses = '[]', activeProfiles = '{test-db, test}', propertySourceLocations = '{}', propertySourceProperties = '{db.tableEngine=}', contextCustomizers = set[[empty]], contextLoader = 'org.springframework.test.context.support.DelegatingSmartContextLoader', parent = [null]]]
18:00:11.299 [main] DEBUG org.springframework.test.context.cache - Spring test ApplicationContext cache statistics: [DefaultContextCache@4675f5b0 size = 1, maxSize = 32, parentContextCount = 0, hitCount = 453, missCount = 1]
18:00:11.299 [main] DEBUG org.springframework.test.context.cache.DefaultCacheAwareContextLoaderDelegate - Retrieved ApplicationContext [1050971191] from cache with key [[MergedContextConfiguration@1389e498 testClass = ConfigurationBusiness_CoreSpringServerIT, locations = '{}', classes = '{class fr.insalyon.creatis.vip.core.server.SpringCoreConfig}', contextInitializerClasses = '[]', activeProfiles = '{test-db, test}', propertySourceLocations = '{}', propertySourceProperties = '{db.tableEngine=}', contextCustomizers = set[[empty]], contextLoader = 'org.springframework.test.context.support.DelegatingSmartContextLoader', parent = [null]]]
18:00:11.299 [main] DEBUG org.springframework.test.context.cache - Spring test ApplicationContext cache statistics: [DefaultContextCache@4675f5b0 size = 1, maxSize = 32, parentContextCount = 0, hitCount = 454, missCount = 1]
18:00:11.301 [main] DEBUG org.springframework.test.context.support.AbstractDirtiesContextTestExecutionListener - Before test method: context [DefaultTestContext@18e20fa8 testClass = ConfigurationBusiness_CoreSpringServerIT, testInstance = ConfigurationBusiness_CoreSpringServerIT@18dfd811, testMethod = testValidateNullSession@ConfigurationBusiness_CoreSpringServerIT, testException = [null], mergedContextConfiguration = [MergedContextConfiguration@1389e498 testClass = ConfigurationBusiness_CoreSpringServerIT, locations = '{}', classes = '{class fr.insalyon.creatis.vip.core.server.SpringCoreConfig}', contextInitializerClasses = '[]', activeProfiles = '{test-db, test}', propertySourceLocations = '{}', propertySourceProperties = '{db.tableEngine=}', contextCustomizers = set[[empty]], contextLoader = 'org.springframework.test.context.support.DelegatingSmartContextLoader', parent = [null]], attributes = map['org.springframework.test.context.event.ApplicationEventsTestExecutionListener.recordApplicationEvents' -> false]], class annotated with @DirtiesContext [false] with mode [null], method annotated with @DirtiesContext [false] with mode [null].
18:00:11.301 [main] DEBUG org.springframework.test.context.transaction.TransactionalTestExecutionListener - Explicit transaction definition [PROPAGATION_REQUIRED,ISOLATION_DEFAULT] found for test context [DefaultTestContext@18e20fa8 testClass = ConfigurationBusiness_CoreSpringServerIT, testInstance = ConfigurationBusiness_CoreSpringServerIT@18dfd811, testMethod = testValidateNullSession@ConfigurationBusiness_CoreSpringServerIT, testException = [null], mergedContextConfiguration = [MergedContextConfiguration@1389e498 testClass = ConfigurationBusiness_CoreSpringServerIT, locations = '{}', classes = '{class fr.insalyon.creatis.vip.core.server.SpringCoreConfig}', contextInitializerClasses = '[]', activeProfiles = '{test-db, test}', propertySourceLocations = '{}', propertySourceProperties = '{db.tableEngine=}', contextCustomizers = set[[empty]], contextLoader = 'org.springframework.test.context.support.DelegatingSmartContextLoader', parent = [null]], attributes = map['org.springframework.test.context.event.ApplicationEventsTestExecutionListener.recordApplicationEvents' -> false]]
18:00:11.301 [main] DEBUG org.springframework.test.context.cache.DefaultCacheAwareContextLoaderDelegate - Retrieved ApplicationContext [1050971191] from cache with key [[MergedContextConfiguration@1389e498 testClass = ConfigurationBusiness_CoreSpringServerIT, locations = '{}', classes = '{class fr.insalyon.creatis.vip.core.server.SpringCoreConfig}', contextInitializerClasses = '[]', activeProfiles = '{test-db, test}', propertySourceLocations = '{}', propertySourceProperties = '{db.tableEngine=}', contextCustomizers = set[[empty]], contextLoader = 'org.springframework.test.context.support.DelegatingSmartContextLoader', parent = [null]]]
18:00:11.301 [main] DEBUG org.springframework.test.context.cache - Spring test ApplicationContext cache statistics: [DefaultContextCache@4675f5b0 size = 1, maxSize = 32, parentContextCount = 0, hitCount = 455, missCount = 1]
18:00:11.301 [main] DEBUG org.springframework.test.context.transaction.TransactionalTestExecutionListener - No method-level @Rollback override: using default rollback [true] for test context [DefaultTestContext@18e20fa8 testClass = ConfigurationBusiness_CoreSpringServerIT, testInstance = ConfigurationBusiness_CoreSpringServerIT@18dfd811, testMethod = testValidateNullSession@ConfigurationBusiness_CoreSpringServerIT, testException = [null], mergedContextConfiguration = [MergedContextConfiguration@1389e498 testClass = ConfigurationBusiness_CoreSpringServerIT, locations = '{}', classes = '{class fr.insalyon.creatis.vip.core.server.SpringCoreConfig}', contextInitializerClasses = '[]', activeProfiles = '{test-db, test}', propertySourceLocations = '{}', propertySourceProperties = '{db.tableEngine=}', contextCustomizers = set[[empty]], contextLoader = 'org.springframework.test.context.support.DelegatingSmartContextLoader', parent = [null]], attributes = map['org.springframework.test.context.event.ApplicationEventsTestExecutionListener.recordApplicationEvents' -> false]].
18:00:11.301 [main] DEBUG org.springframework.jdbc.datasource.DataSourceTransactionManager - Creating new transaction with name [ConfigurationBusiness_CoreSpringServerIT.testValidateNullSession]: PROPAGATION_REQUIRED,ISOLATION_DEFAULT
18:00:11.302 [main] DEBUG org.springframework.jdbc.datasource.DataSourceTransactionManager - Acquired Connection [Lazy Connection proxy for target DataSource [org.springframework.jdbc.datasource.embedded.EmbeddedDatabaseFactory$EmbeddedDataSourceProxy@5764c072]] for JDBC transaction
18:00:11.302 [main] DEBUG org.springframework.jdbc.datasource.DataSourceTransactionManager - Switching JDBC Connection [Lazy Connection proxy for target DataSource [org.springframework.jdbc.datasource.embedded.EmbeddedDatabaseFactory$EmbeddedDataSourceProxy@5764c072]] to manual commit
18:00:11.302 [main] INFO org.springframework.test.context.transaction.TransactionContext - Began transaction (1) for test context [DefaultTestContext@18e20fa8 testClass = ConfigurationBusiness_CoreSpringServerIT, testInstance = ConfigurationBusiness_CoreSpringServerIT@18dfd811, testMethod = testValidateNullSession@ConfigurationBusiness_CoreSpringServerIT, testException = [null], mergedContextConfiguration = [MergedContextConfiguration@1389e498 testClass = ConfigurationBusiness_CoreSpringServerIT, locations = '{}', classes = '{class fr.insalyon.creatis.vip.core.server.SpringCoreConfig}', contextInitializerClasses = '[]', activeProfiles = '{test-db, test}', propertySourceLocations = '{}', propertySourceProperties = '{db.tableEngine=}', contextCustomizers = set[[empty]], contextLoader = 'org.springframework.test.context.support.DelegatingSmartContextLoader', parent = [null]], attributes = map['org.springframework.test.context.event.ApplicationEventsTestExecutionListener.recordApplicationEvents' -> false]]; transaction manager [org.springframework.jdbc.datasource.DataSourceTransactionManager@178b2df1]; rollback [true]
18:00:11.302 [main] DEBUG org.springframework.test.context.cache.DefaultCacheAwareContextLoaderDelegate - Retrieved ApplicationContext [1050971191] from cache with key [[MergedContextConfiguration@1389e498 testClass = ConfigurationBusiness_CoreSpringServerIT, locations = '{}', classes = '{class fr.insalyon.creatis.vip.core.server.SpringCoreConfig}', contextInitializerClasses = '[]', activeProfiles = '{test-db, test}', propertySourceLocations = '{}', propertySourceProperties = '{db.tableEngine=}', contextCustomizers = set[[empty]], contextLoader = 'org.springframework.test.context.support.DelegatingSmartContextLoader', parent = [null]]]
18:00:11.302 [main] DEBUG org.springframework.test.context.cache - Spring test ApplicationContext cache statistics: [DefaultContextCache@4675f5b0 size = 1, maxSize = 32, parentContextCount = 0, hitCount = 456, missCount = 1]
18:00:11.303 [main] DEBUG org.springframework.jdbc.datasource.DataSourceTransactionManager - Participating in existing transaction
18:00:11.304 [main] DEBUG org.springframework.jdbc.datasource.DataSourceTransactionManager - Participating in existing transaction
18:00:11.315 [main] DEBUG org.springframework.jdbc.datasource.SimpleDriverDataSource - Creating new JDBC Driver Connection to [jdbc:h2:mem:fec2b152-de2f-4c07-a3e1-df691c7daf9d;DB_CLOSE_DELAY=-1;DB_CLOSE_ON_EXIT=false]
18:00:11.315 [main] DEBUG org.springframework.jdbc.datasource.DataSourceTransactionManager - Participating in existing transaction
18:00:11.315 [main] DEBUG org.springframework.jdbc.datasource.DataSourceTransactionManager - Participating in existing transaction
18:00:11.316 [main] DEBUG org.springframework.jdbc.datasource.DataSourceTransactionManager - Participating in existing transaction
18:00:11.316 [main] DEBUG org.springframework.jdbc.datasource.DataSourceTransactionManager - Participating in existing transaction
18:00:11.316 [main] DEBUG org.springframework.jdbc.datasource.DataSourceTransactionManager - Participating in existing transaction
User = test1@test.fr
18:00:11.316 [main] INFO fr.insalyon.creatis.vip.core.server.business.ConfigurationBusiness - verifying test1@test.fr. List of undesired mail domains: . 
18:00:11.316 [main] INFO fr.insalyon.creatis.vip.core.server.business.ConfigurationBusiness - Signing up . List of undesired countries: .
18:00:11.317 [main] DEBUG org.springframework.jdbc.datasource.DataSourceTransactionManager - Participating in existing transaction
18:00:11.317 [main] DEBUG org.springframework.jdbc.datasource.DataSourceTransactionManager - Participating in existing transaction
18:00:11.317 [main] INFO fr.insalyon.creatis.vip.core.server.business.ConfigurationBusiness - Sending confirmation email to 'test1@test.fr'.
18:00:11.317 [main] DEBUG org.springframework.jdbc.datasource.DataSourceTransactionManager - Participating in existing transaction
18:00:11.318 [main] DEBUG org.springframework.jdbc.datasource.DataSourceTransactionManager - Participating in existing transaction
18:00:11.318 [main] DEBUG org.springframework.jdbc.datasource.DataSourceTransactionManager - Participating in existing transaction
18:00:11.318 [main] DEBUG org.springframework.jdbc.datasource.DataSourceTransactionManager - Participating in existing transaction
User = test2@test.fr
18:00:11.318 [main] INFO fr.insalyon.creatis.vip.core.server.business.ConfigurationBusiness - verifying test2@test.fr. List of undesired mail domains: . 
18:00:11.318 [main] INFO fr.insalyon.creatis.vip.core.server.business.ConfigurationBusiness - Signing up . List of undesired countries: .
18:00:11.318 [main] DEBUG org.springframework.jdbc.datasource.DataSourceTransactionManager - Participating in existing transaction
18:00:11.318 [main] DEBUG org.springframework.jdbc.datasource.DataSourceTransactionManager - Participating in existing transaction
18:00:11.318 [main] INFO fr.insalyon.creatis.vip.core.server.business.ConfigurationBusiness - Sending confirmation email to 'test2@test.fr'.
18:00:11.318 [main] DEBUG org.springframework.jdbc.datasource.DataSourceTransactionManager - Participating in existing transaction
18:00:11.319 [main] DEBUG org.springframework.jdbc.datasource.DataSourceTransactionManager - Participating in existing transaction
18:00:11.319 [main] DEBUG org.springframework.jdbc.datasource.DataSourceTransactionManager - Participating in existing transaction
18:00:11.319 [main] DEBUG org.springframework.jdbc.datasource.DataSourceTransactionManager - Participating in existing transaction
User = test3@test.fr
18:00:11.319 [main] INFO fr.insalyon.creatis.vip.core.server.business.ConfigurationBusiness - verifying test3@test.fr. List of undesired mail domains: . 
18:00:11.319 [main] INFO fr.insalyon.creatis.vip.core.server.business.ConfigurationBusiness - Signing up . List of undesired countries: .
18:00:11.320 [main] DEBUG org.springframework.jdbc.datasource.DataSourceTransactionManager - Participating in existing transaction
18:00:11.320 [main] DEBUG org.springframework.jdbc.datasource.DataSourceTransactionManager - Participating in existing transaction
18:00:11.320 [main] INFO fr.insalyon.creatis.vip.core.server.business.ConfigurationBusiness - Sending confirmation email to 'test3@test.fr'.
18:00:11.320 [main] DEBUG org.springframework.jdbc.datasource.DataSourceTransactionManager - Participating in existing transaction
18:00:11.320 [main] DEBUG org.springframework.jdbc.datasource.DataSourceTransactionManager - Participating in existing transaction
18:00:11.320 [main] DEBUG org.springframework.jdbc.datasource.DataSourceTransactionManager - Participating in existing transaction
18:00:11.320 [main] DEBUG org.springframework.jdbc.datasource.DataSourceTransactionManager - Participating in existing transaction
User = test4@test.fr
18:00:11.320 [main] INFO fr.insalyon.creatis.vip.core.server.business.ConfigurationBusiness - verifying test4@test.fr. List of undesired mail domains: . 
18:00:11.320 [main] INFO fr.insalyon.creatis.vip.core.server.business.ConfigurationBusiness - Signing up . List of undesired countries: .
18:00:11.321 [main] DEBUG org.springframework.jdbc.datasource.DataSourceTransactionManager - Participating in existing transaction
18:00:11.321 [main] DEBUG org.springframework.jdbc.datasource.DataSourceTransactionManager - Participating in existing transaction
18:00:11.321 [main] INFO fr.insalyon.creatis.vip.core.server.business.ConfigurationBusiness - Sending confirmation email to 'test4@test.fr'.
18:00:11.321 [main] DEBUG org.springframework.jdbc.datasource.DataSourceTransactionManager - Participating in existing transaction
18:00:11.321 [main] DEBUG org.springframework.jdbc.datasource.DataSourceTransactionManager - Participating in existing transaction
18:00:11.321 [main] DEBUG org.springframework.jdbc.datasource.DataSourceTransactionManager - Participating in existing transaction
18:00:11.322 [main] DEBUG org.springframework.jdbc.datasource.DataSourceTransactionManager - Participating in existing transaction
18:00:11.322 [main] DEBUG org.springframework.jdbc.datasource.DataSourceTransactionManager - Participating in existing transaction
18:00:11.322 [main] DEBUG org.springframework.jdbc.datasource.DataSourceTransactionManager - Participating in existing transaction
18:00:11.322 [main] DEBUG org.springframework.jdbc.datasource.DataSourceTransactionManager - Participating in existing transaction
18:00:11.322 [main] DEBUG org.springframework.jdbc.datasource.DataSourceTransactionManager - Participating in existing transaction
18:00:11.322 [main] DEBUG org.springframework.jdbc.datasource.DataSourceTransactionManager - Participating in existing transaction
18:00:11.322 [main] DEBUG org.springframework.jdbc.datasource.DataSourceTransactionManager - Participating in existing transaction
18:00:11.322 [main] DEBUG org.springframework.jdbc.datasource.DataSourceTransactionManager - Participating in existing transaction
18:00:11.322 [main] DEBUG org.springframework.jdbc.datasource.DataSourceTransactionManager - Participating in existing transaction
User = email5@test.fr
18:00:11.323 [main] INFO fr.insalyon.creatis.vip.core.server.business.ConfigurationBusiness - verifying email5@test.fr. List of undesired mail domains: . 
18:00:11.323 [main] INFO fr.insalyon.creatis.vip.core.server.business.ConfigurationBusiness - Signing up . List of undesired countries: .
18:00:11.323 [main] DEBUG org.springframework.jdbc.datasource.DataSourceTransactionManager - Participating in existing transaction
18:00:11.323 [main] DEBUG org.springframework.jdbc.datasource.DataSourceTransactionManager - Participating in existing transaction
18:00:11.323 [main] INFO fr.insalyon.creatis.vip.core.server.business.ConfigurationBusiness - Sending confirmation email to 'email5@test.fr'.
18:00:11.323 [main] DEBUG org.springframework.jdbc.datasource.DataSourceTransactionManager - Participating in existing transaction
18:00:11.324 [main] DEBUG org.springframework.test.context.cache.DefaultCacheAwareContextLoaderDelegate - Retrieved ApplicationContext [1050971191] from cache with key [[MergedContextConfiguration@1389e498 testClass = ConfigurationBusiness_CoreSpringServerIT, locations = '{}', classes = '{class fr.insalyon.creatis.vip.core.server.SpringCoreConfig}', contextInitializerClasses = '[]', activeProfiles = '{test-db, test}', propertySourceLocations = '{}', propertySourceProperties = '{db.tableEngine=}', contextCustomizers = set[[empty]], contextLoader = 'org.springframework.test.context.support.DelegatingSmartContextLoader', parent = [null]]]
18:00:11.324 [main] DEBUG org.springframework.test.context.cache - Spring test ApplicationContext cache statistics: [DefaultContextCache@4675f5b0 size = 1, maxSize = 32, parentContextCount = 0, hitCount = 457, missCount = 1]
18:00:11.324 [main] DEBUG org.springframework.jdbc.datasource.DataSourceTransactionManager - Participating in existing transaction
18:00:11.324 [main] DEBUG org.springframework.test.context.cache.DefaultCacheAwareContextLoaderDelegate - Retrieved ApplicationContext [1050971191] from cache with key [[MergedContextConfiguration@1389e498 testClass = ConfigurationBusiness_CoreSpringServerIT, locations = '{}', classes = '{class fr.insalyon.creatis.vip.core.server.SpringCoreConfig}', contextInitializerClasses = '[]', activeProfiles = '{test-db, test}', propertySourceLocations = '{}', propertySourceProperties = '{db.tableEngine=}', contextCustomizers = set[[empty]], contextLoader = 'org.springframework.test.context.support.DelegatingSmartContextLoader', parent = [null]]]
18:00:11.324 [main] DEBUG org.springframework.test.context.cache - Spring test ApplicationContext cache statistics: [DefaultContextCache@4675f5b0 size = 1, maxSize = 32, parentContextCount = 0, hitCount = 458, missCount = 1]
18:00:11.324 [main] DEBUG org.springframework.test.context.cache.DefaultCacheAwareContextLoaderDelegate - Retrieved ApplicationContext [1050971191] from cache with key [[MergedContextConfiguration@1389e498 testClass = ConfigurationBusiness_CoreSpringServerIT, locations = '{}', classes = '{class fr.insalyon.creatis.vip.core.server.SpringCoreConfig}', contextInitializerClasses = '[]', activeProfiles = '{test-db, test}', propertySourceLocations = '{}', propertySourceProperties = '{db.tableEngine=}', contextCustomizers = set[[empty]], contextLoader = 'org.springframework.test.context.support.DelegatingSmartContextLoader', parent = [null]]]
18:00:11.324 [main] DEBUG org.springframework.test.context.cache - Spring test ApplicationContext cache statistics: [DefaultContextCache@4675f5b0 size = 1, maxSize = 32, parentContextCount = 0, hitCount = 459, missCount = 1]
18:00:11.324 [main] DEBUG org.springframework.jdbc.datasource.DataSourceTransactionManager - Initiating transaction rollback
18:00:11.324 [main] DEBUG org.springframework.jdbc.datasource.DataSourceTransactionManager - Rolling back JDBC transaction on Connection [conn79: url=jdbc:h2:mem:fec2b152-de2f-4c07-a3e1-df691c7daf9d user=SA]
18:00:11.324 [main] DEBUG org.springframework.jdbc.datasource.DataSourceTransactionManager - Releasing JDBC Connection [conn79: url=jdbc:h2:mem:fec2b152-de2f-4c07-a3e1-df691c7daf9d user=SA] after transaction
18:00:11.324 [main] INFO org.springframework.test.context.transaction.TransactionContext - Rolled back transaction for test: [DefaultTestContext@18e20fa8 testClass = ConfigurationBusiness_CoreSpringServerIT, testInstance = ConfigurationBusiness_CoreSpringServerIT@18dfd811, testMethod = testValidateNullSession@ConfigurationBusiness_CoreSpringServerIT, testException = [null], mergedContextConfiguration = [MergedContextConfiguration@1389e498 testClass = ConfigurationBusiness_CoreSpringServerIT, locations = '{}', classes = '{class fr.insalyon.creatis.vip.core.server.SpringCoreConfig}', contextInitializerClasses = '[]', activeProfiles = '{test-db, test}', propertySourceLocations = '{}', propertySourceProperties = '{db.tableEngine=}', contextCustomizers = set[[empty]], contextLoader = 'org.springframework.test.context.support.DelegatingSmartContextLoader', parent = [null]], attributes = map['org.springframework.test.context.event.ApplicationEventsTestExecutionListener.recordApplicationEvents' -> false]]
18:00:11.325 [main] DEBUG org.springframework.test.context.support.AbstractDirtiesContextTestExecutionListener - After test method: context [DefaultTestContext@18e20fa8 testClass = ConfigurationBusiness_CoreSpringServerIT, testInstance = ConfigurationBusiness_CoreSpringServerIT@18dfd811, testMethod = testValidateNullSession@ConfigurationBusiness_CoreSpringServerIT, testException = [null], mergedContextConfiguration = [MergedContextConfiguration@1389e498 testClass = ConfigurationBusiness_CoreSpringServerIT, locations = '{}', classes = '{class fr.insalyon.creatis.vip.core.server.SpringCoreConfig}', contextInitializerClasses = '[]', activeProfiles = '{test-db, test}', propertySourceLocations = '{}', propertySourceProperties = '{db.tableEngine=}', contextCustomizers = set[[empty]], contextLoader = 'org.springframework.test.context.support.DelegatingSmartContextLoader', parent = [null]], attributes = map['org.springframework.test.context.event.ApplicationEventsTestExecutionListener.recordApplicationEvents' -> false]], class annotated with @DirtiesContext [false] with mode [null], method annotated with @DirtiesContext [false] with mode [null].
]]></system-out>
  </testcase>
</testsuite>