<?xml version="1.0" encoding="UTF-8"?>
<testsuite xmlns:xsi="http://www.w3.org/2001/XMLSchema-instance" xsi:noNamespaceSchemaLocation="https://maven.apache.org/surefire/maven-failsafe-plugin/xsd/failsafe-test-report-3.0.xsd" version="3.0" name="fr.insalyon.creatis.vip.application.integrationtest.SimulationIT" time="5.511" tests="3" errors="0" skipped="0" failures="0">
  <properties>
    <property name="sun.desktop" value="gnome"/>
    <property name="awt.toolkit" value="sun.awt.X11.XToolkit"/>
    <property name="java.specification.version" value="11"/>
    <property name="sun.cpu.isalist" value=""/>
    <property name="sun.jnu.encoding" value="UTF-8"/>
    <property name="java.class.path" value="/home/marza/Documents/VIP-portal/vip-application/target/test-classes:/home/marza/Documents/VIP-portal/vip-application/target/vip-application-2.4.1.jar:/home/marza/Documents/VIP-portal/vip-core/target/vip-core-2.4.1.jar:/home/marza/.m2/repository/com/google/gwt/gwt-user/2.8.2/gwt-user-2.8.2.jar:/home/marza/.m2/repository/com/google/jsinterop/jsinterop-annotations/1.0.2/jsinterop-annotations-1.0.2.jar:/home/marza/.m2/repository/com/google/jsinterop/jsinterop-annotations/1.0.2/jsinterop-annotations-1.0.2-sources.jar:/home/marza/.m2/repository/javax/servlet/javax.servlet-api/3.1.0/javax.servlet-api-3.1.0.jar:/home/marza/.m2/repository/org/w3c/css/sac/1.3/sac-1.3.jar:/home/marza/.m2/repository/com/isomorphic/smartgwt/lgpl/smartgwt-lgpl/12.0p/smartgwt-lgpl-12.0p.jar:/home/marza/.m2/repository/org/bouncycastle/bcpkix-jdk15on/1.52/bcpkix-jdk15on-1.52.jar:/home/marza/.m2/repository/org/bouncycastle/bcprov-jdk15on/1.52/bcprov-jdk15on-1.52.jar:/home/marza/.m2/repository/fr/insalyon/creatis/grida-client/2.2.0/grida-client-2.2.0.jar:/home/marza/.m2/repository/fr/insalyon/creatis/grida-common/2.2.0/grida-common-2.2.0.jar:/home/marza/.m2/repository/commons-cli/commons-cli/1.4/commons-cli-1.4.jar:/home/marza/.m2/repository/fr/insalyon/creatis/sma-client/0.3.0/sma-client-0.3.0.jar:/home/marza/.m2/repository/fr/insalyon/creatis/sma-common/0.3.0/sma-common-0.3.0.jar:/home/marza/.m2/repository/fr/insalyon/creatis/devtools/0.1/devtools-0.1.jar:/home/marza/.m2/repository/org/slf4j/slf4j-api/1.7.30/slf4j-api-1.7.30.jar:/home/marza/.m2/repository/commons-configuration/commons-configuration/1.7/commons-configuration-1.7.jar:/home/marza/.m2/repository/commons-collections/commons-collections/3.2.2/commons-collections-3.2.2.jar:/home/marza/.m2/repository/commons-digester/commons-digester/1.8.1/commons-digester-1.8.1.jar:/home/marza/.m2/repository/commons-beanutils/commons-beanutils/1.8.3/commons-beanutils-1.8.3.jar:/home/marza/.m2/repository/commons-codec/commons-codec/1.6/commons-codec-1.6.jar:/home/marza/.m2/repository/commons-io/commons-io/2.4/commons-io-2.4.jar:/home/marza/.m2/repository/org/opensaml/opensaml/2.6.0/opensaml-2.6.0.jar:/home/marza/.m2/repository/org/opensaml/openws/1.5.0/openws-1.5.0.jar:/home/marza/.m2/repository/org/opensaml/xmltooling/1.4.0/xmltooling-1.4.0.jar:/home/marza/.m2/repository/ca/juliusdavies/not-yet-commons-ssl/0.3.9/not-yet-commons-ssl-0.3.9.jar:/home/marza/.m2/repository/org/apache/santuario/xmlsec/1.5.4/xmlsec-1.5.4.jar:/home/marza/.m2/repository/commons-httpclient/commons-httpclient/3.1/commons-httpclient-3.1.jar:/home/marza/.m2/repository/org/apache/velocity/velocity/1.7/velocity-1.7.jar:/home/marza/.m2/repository/org/owasp/esapi/esapi/2.0.1/esapi-2.0.1.jar:/home/marza/.m2/repository/joda-time/joda-time/2.2/joda-time-2.2.jar:/home/marza/.m2/repository/xalan/serializer/2.7.1/serializer-2.7.1.jar:/home/marza/.m2/repository/xml-resolver/xml-resolver/1.2/xml-resolver-1.2.jar:/home/marza/.m2/repository/xalan/xalan/2.7.1/xalan-2.7.1.jar:/home/marza/.m2/repository/javax/mail/mail/1.4.5/mail-1.4.5.jar:/home/marza/.m2/repository/javax/annotation/javax.annotation-api/1.3.2/javax.annotation-api-1.3.2.jar:/home/marza/.m2/repository/org/springframework/spring-web/5.3.15/spring-web-5.3.15.jar:/home/marza/.m2/repository/org/springframework/spring-beans/5.3.15/spring-beans-5.3.15.jar:/home/marza/.m2/repository/org/springframework/spring-jdbc/5.3.15/spring-jdbc-5.3.15.jar:/home/marza/.m2/repository/org/springframework/spring-tx/5.3.15/spring-tx-5.3.15.jar:/home/marza/.m2/repository/org/springframework/spring-context/5.3.15/spring-context-5.3.15.jar:/home/marza/.m2/repository/org/springframework/spring-aop/5.3.15/spring-aop-5.3.15.jar:/home/marza/.m2/repository/org/springframework/spring-expression/5.3.15/spring-expression-5.3.15.jar:/home/marza/Documents/VIP-portal/vip-datamanagement/target/vip-datamanager-2.4.1.jar:/home/marza/.m2/repository/commons-fileupload/commons-fileupload/1.3.3/commons-fileupload-1.3.3.jar:/home/marza/.m2/repository/com/fasterxml/jackson/core/jackson-databind/2.11.0/jackson-databind-2.11.0.jar:/home/marza/.m2/repository/com/fasterxml/jackson/core/jackson-annotations/2.11.0/jackson-annotations-2.11.0.jar:/home/marza/.m2/repository/com/fasterxml/jackson/core/jackson-core/2.11.0/jackson-core-2.11.0.jar:/home/marza/Documents/VIP-portal/vip-social/target/vip-social-2.4.1.jar:/home/marza/.m2/repository/fr/insalyon/creatis/moteur2-workflowsdb-common/1.6/moteur2-workflowsdb-common-1.6.jar:/home/marza/.m2/repository/org/hibernate/hibernate-entitymanager/4.1.1.Final/hibernate-entitymanager-4.1.1.Final.jar:/home/marza/.m2/repository/org/jboss/logging/jboss-logging/3.1.0.GA/jboss-logging-3.1.0.GA.jar:/home/marza/.m2/repository/org/hibernate/hibernate-core/4.1.1.Final/hibernate-core-4.1.1.Final.jar:/home/marza/.m2/repository/antlr/antlr/2.7.7/antlr-2.7.7.jar:/home/marza/.m2/repository/org/jboss/spec/javax/transaction/jboss-transaction-api_1.1_spec/1.0.0.Final/jboss-transaction-api_1.1_spec-1.0.0.Final.jar:/home/marza/.m2/repository/dom4j/dom4j/1.6.1/dom4j-1.6.1.jar:/home/marza/.m2/repository/org/hibernate/javax/persistence/hibernate-jpa-2.0-api/1.0.1.Final/hibernate-jpa-2.0-api-1.0.1.Final.jar:/home/marza/.m2/repository/org/javassist/javassist/3.15.0-GA/javassist-3.15.0-GA.jar:/home/marza/.m2/repository/org/hibernate/common/hibernate-commons-annotations/4.0.1.Final/hibernate-commons-annotations-4.0.1.Final.jar:/home/marza/.m2/repository/com/googlecode/gflot/gflot/3.0.2/gflot-3.0.2.jar:/home/marza/.m2/repository/globus-common/jaxrpc/4.2.1/jaxrpc-4.2.1.jar:/home/marza/.m2/repository/org/apache/axis/axis/1.4.1-vip/axis-1.4.1-vip.jar:/home/marza/.m2/repository/org/apache/axis/axis-jaxrpc/1.4.1-SNAPSHOT/axis-jaxrpc-1.4.1-SNAPSHOT.jar:/home/marza/.m2/repository/javax/servlet/servlet-api/2.4/servlet-api-2.4.jar:/home/marza/.m2/repository/commons-logging/commons-logging/99-empty/commons-logging-99-empty.jar:/home/marza/.m2/repository/javax/activation/activation/1.1/activation-1.1.jar:/home/marza/.m2/repository/xerces/xercesImpl/2.6.2/xercesImpl-2.6.2.jar:/home/marza/.m2/repository/xerces/xmlParserAPIs/2.6.2/xmlParserAPIs-2.6.2.jar:/home/marza/.m2/repository/castor/castor/0.9.4.2/castor-0.9.4.2.jar:/home/marza/.m2/repository/bsf/bsf/2.3.0/bsf-2.3.0.jar:/home/marza/.m2/repository/commons-net/commons-net/1.0.0/commons-net-1.0.0.jar:/home/marza/.m2/repository/org/eclipse/emf/common/2.2.3/common-2.2.3.jar:/home/marza/.m2/repository/org/eclipse/emf/ecore/2.2.3/ecore-2.2.3.jar:/home/marza/.m2/repository/org/eclipse/emf/ecore-xmi/2.2.3/ecore-xmi-2.2.3.jar:/home/marza/.m2/repository/org/eclipse/xsd/xsd/2.2.3/xsd-2.2.3.jar:/home/marza/.m2/repository/org/apache/axis/axis-saaj/1.4/axis-saaj-1.4.jar:/home/marza/.m2/repository/commons-discovery/commons-discovery/0.4/commons-discovery-0.4.jar:/home/marza/.m2/repository/wsdl4j/wsdl4j/1.6.1/wsdl4j-1.6.1.jar:/home/marza/.m2/repository/org/jsoup/jsoup/1.7.2/jsoup-1.7.2.jar:/home/marza/.m2/repository/xml-apis/xml-apis/1.4.01/xml-apis-1.4.01.jar:/home/marza/Documents/VIP-portal/vip-core/target/vip-core-2.4.1-tests.jar:/home/marza/.m2/repository/org/junit/jupiter/junit-jupiter/5.6.2/junit-jupiter-5.6.2.jar:/home/marza/.m2/repository/org/junit/jupiter/junit-jupiter-api/5.6.2/junit-jupiter-api-5.6.2.jar:/home/marza/.m2/repository/org/apiguardian/apiguardian-api/1.1.0/apiguardian-api-1.1.0.jar:/home/marza/.m2/repository/org/opentest4j/opentest4j/1.2.0/opentest4j-1.2.0.jar:/home/marza/.m2/repository/org/junit/platform/junit-platform-commons/1.6.2/junit-platform-commons-1.6.2.jar:/home/marza/.m2/repository/org/junit/jupiter/junit-jupiter-params/5.6.2/junit-jupiter-params-5.6.2.jar:/home/marza/.m2/repository/org/junit/jupiter/junit-jupiter-engine/5.6.2/junit-jupiter-engine-5.6.2.jar:/home/marza/.m2/repository/org/junit/platform/junit-platform-engine/1.6.2/junit-platform-engine-1.6.2.jar:/home/marza/.m2/repository/org/springframework/spring-test/5.3.15/spring-test-5.3.15.jar:/home/marza/.m2/repository/org/springframework/spring-core/5.3.15/spring-core-5.3.15.jar:/home/marza/.m2/repository/org/springframework/spring-jcl/5.3.15/spring-jcl-5.3.15.jar:/home/marza/.m2/repository/com/h2database/h2/1.3.173/h2-1.3.173.jar:/home/marza/.m2/repository/ch/qos/logback/logback-classic/1.2.3/logback-classic-1.2.3.jar:/home/marza/.m2/repository/ch/qos/logback/logback-core/1.2.3/logback-core-1.2.3.jar:/home/marza/.m2/repository/com/github/h-thurow/simple-jndi/0.23.0/simple-jndi-0.23.0.jar:/home/marza/.m2/repository/org/jetbrains/annotations/13.0/annotations-13.0.jar:/home/marza/.m2/repository/commons-lang/commons-lang/2.6/commons-lang-2.6.jar:/home/marza/.m2/repository/org/mockito/mockito-core/4.6.1/mockito-core-4.6.1.jar:/home/marza/.m2/repository/net/bytebuddy/byte-buddy/1.12.10/byte-buddy-1.12.10.jar:/home/marza/.m2/repository/net/bytebuddy/byte-buddy-agent/1.12.10/byte-buddy-agent-1.12.10.jar:/home/marza/.m2/repository/org/objenesis/objenesis/3.2/objenesis-3.2.jar:/home/marza/.m2/repository/org/springframework/security/spring-security-test/5.6.1/spring-security-test-5.6.1.jar:/home/marza/.m2/repository/org/springframework/security/spring-security-core/5.6.1/spring-security-core-5.6.1.jar:/home/marza/.m2/repository/org/springframework/security/spring-security-crypto/5.6.1/spring-security-crypto-5.6.1.jar:/home/marza/.m2/repository/org/springframework/security/spring-security-web/5.6.1/spring-security-web-5.6.1.jar:/home/marza/.m2/repository/org/hamcrest/hamcrest/2.2/hamcrest-2.2.jar:/home/marza/.m2/repository/com/jayway/jsonpath/json-path/2.2.0/json-path-2.2.0.jar:/home/marza/.m2/repository/net/minidev/json-smart/2.2.1/json-smart-2.2.1.jar:/home/marza/.m2/repository/net/minidev/accessors-smart/1.1/accessors-smart-1.1.jar:/home/marza/.m2/repository/org/ow2/asm/asm/5.0.3/asm-5.0.3.jar:/home/marza/.m2/repository/org/mockito/mockito-inline/5.2.0/mockito-inline-5.2.0.jar:"/>
    <property name="java.vm.vendor" value="Red Hat, Inc."/>
    <property name="sun.arch.data.model" value="64"/>
    <property name="java.vendor.url" value="https://www.redhat.com/"/>
    <property name="user.timezone" value="Europe/Paris"/>
    <property name="java.vm.specification.version" value="11"/>
    <property name="os.name" value="Linux"/>
    <property name="sun.java.launcher" value="SUN_STANDARD"/>
    <property name="user.country" value="FR"/>
    <property name="sun.boot.library.path" value="/usr/lib/jvm/java-11-openjdk-11.0.19.0.7-1.fc37.x86_64/lib"/>
    <property name="sun.java.command" value="/home/marza/Documents/VIP-portal/vip-application/target/surefire/surefirebooter-20230707150739727_112.jar /home/marza/Documents/VIP-portal/vip-application/target/surefire 2023-07-07T15-07-16_417-jvmRun1 surefire-20230707150739727_110tmp surefire_2-20230707150739727_111tmp"/>
    <property name="jdk.debug" value="release"/>
    <property name="surefire.test.class.path" value="/home/marza/Documents/VIP-portal/vip-application/target/test-classes:/home/marza/Documents/VIP-portal/vip-application/target/vip-application-2.4.1.jar:/home/marza/Documents/VIP-portal/vip-core/target/vip-core-2.4.1.jar:/home/marza/.m2/repository/com/google/gwt/gwt-user/2.8.2/gwt-user-2.8.2.jar:/home/marza/.m2/repository/com/google/jsinterop/jsinterop-annotations/1.0.2/jsinterop-annotations-1.0.2.jar:/home/marza/.m2/repository/com/google/jsinterop/jsinterop-annotations/1.0.2/jsinterop-annotations-1.0.2-sources.jar:/home/marza/.m2/repository/javax/servlet/javax.servlet-api/3.1.0/javax.servlet-api-3.1.0.jar:/home/marza/.m2/repository/org/w3c/css/sac/1.3/sac-1.3.jar:/home/marza/.m2/repository/com/isomorphic/smartgwt/lgpl/smartgwt-lgpl/12.0p/smartgwt-lgpl-12.0p.jar:/home/marza/.m2/repository/org/bouncycastle/bcpkix-jdk15on/1.52/bcpkix-jdk15on-1.52.jar:/home/marza/.m2/repository/org/bouncycastle/bcprov-jdk15on/1.52/bcprov-jdk15on-1.52.jar:/home/marza/.m2/repository/fr/insalyon/creatis/grida-client/2.2.0/grida-client-2.2.0.jar:/home/marza/.m2/repository/fr/insalyon/creatis/grida-common/2.2.0/grida-common-2.2.0.jar:/home/marza/.m2/repository/commons-cli/commons-cli/1.4/commons-cli-1.4.jar:/home/marza/.m2/repository/fr/insalyon/creatis/sma-client/0.3.0/sma-client-0.3.0.jar:/home/marza/.m2/repository/fr/insalyon/creatis/sma-common/0.3.0/sma-common-0.3.0.jar:/home/marza/.m2/repository/fr/insalyon/creatis/devtools/0.1/devtools-0.1.jar:/home/marza/.m2/repository/org/slf4j/slf4j-api/1.7.30/slf4j-api-1.7.30.jar:/home/marza/.m2/repository/commons-configuration/commons-configuration/1.7/commons-configuration-1.7.jar:/home/marza/.m2/repository/commons-collections/commons-collections/3.2.2/commons-collections-3.2.2.jar:/home/marza/.m2/repository/commons-digester/commons-digester/1.8.1/commons-digester-1.8.1.jar:/home/marza/.m2/repository/commons-beanutils/commons-beanutils/1.8.3/commons-beanutils-1.8.3.jar:/home/marza/.m2/repository/commons-codec/commons-codec/1.6/commons-codec-1.6.jar:/home/marza/.m2/repository/commons-io/commons-io/2.4/commons-io-2.4.jar:/home/marza/.m2/repository/org/opensaml/opensaml/2.6.0/opensaml-2.6.0.jar:/home/marza/.m2/repository/org/opensaml/openws/1.5.0/openws-1.5.0.jar:/home/marza/.m2/repository/org/opensaml/xmltooling/1.4.0/xmltooling-1.4.0.jar:/home/marza/.m2/repository/ca/juliusdavies/not-yet-commons-ssl/0.3.9/not-yet-commons-ssl-0.3.9.jar:/home/marza/.m2/repository/org/apache/santuario/xmlsec/1.5.4/xmlsec-1.5.4.jar:/home/marza/.m2/repository/commons-httpclient/commons-httpclient/3.1/commons-httpclient-3.1.jar:/home/marza/.m2/repository/org/apache/velocity/velocity/1.7/velocity-1.7.jar:/home/marza/.m2/repository/org/owasp/esapi/esapi/2.0.1/esapi-2.0.1.jar:/home/marza/.m2/repository/joda-time/joda-time/2.2/joda-time-2.2.jar:/home/marza/.m2/repository/xalan/serializer/2.7.1/serializer-2.7.1.jar:/home/marza/.m2/repository/xml-resolver/xml-resolver/1.2/xml-resolver-1.2.jar:/home/marza/.m2/repository/xalan/xalan/2.7.1/xalan-2.7.1.jar:/home/marza/.m2/repository/javax/mail/mail/1.4.5/mail-1.4.5.jar:/home/marza/.m2/repository/javax/annotation/javax.annotation-api/1.3.2/javax.annotation-api-1.3.2.jar:/home/marza/.m2/repository/org/springframework/spring-web/5.3.15/spring-web-5.3.15.jar:/home/marza/.m2/repository/org/springframework/spring-beans/5.3.15/spring-beans-5.3.15.jar:/home/marza/.m2/repository/org/springframework/spring-jdbc/5.3.15/spring-jdbc-5.3.15.jar:/home/marza/.m2/repository/org/springframework/spring-tx/5.3.15/spring-tx-5.3.15.jar:/home/marza/.m2/repository/org/springframework/spring-context/5.3.15/spring-context-5.3.15.jar:/home/marza/.m2/repository/org/springframework/spring-aop/5.3.15/spring-aop-5.3.15.jar:/home/marza/.m2/repository/org/springframework/spring-expression/5.3.15/spring-expression-5.3.15.jar:/home/marza/Documents/VIP-portal/vip-datamanagement/target/vip-datamanager-2.4.1.jar:/home/marza/.m2/repository/commons-fileupload/commons-fileupload/1.3.3/commons-fileupload-1.3.3.jar:/home/marza/.m2/repository/com/fasterxml/jackson/core/jackson-databind/2.11.0/jackson-databind-2.11.0.jar:/home/marza/.m2/repository/com/fasterxml/jackson/core/jackson-annotations/2.11.0/jackson-annotations-2.11.0.jar:/home/marza/.m2/repository/com/fasterxml/jackson/core/jackson-core/2.11.0/jackson-core-2.11.0.jar:/home/marza/Documents/VIP-portal/vip-social/target/vip-social-2.4.1.jar:/home/marza/.m2/repository/fr/insalyon/creatis/moteur2-workflowsdb-common/1.6/moteur2-workflowsdb-common-1.6.jar:/home/marza/.m2/repository/org/hibernate/hibernate-entitymanager/4.1.1.Final/hibernate-entitymanager-4.1.1.Final.jar:/home/marza/.m2/repository/org/jboss/logging/jboss-logging/3.1.0.GA/jboss-logging-3.1.0.GA.jar:/home/marza/.m2/repository/org/hibernate/hibernate-core/4.1.1.Final/hibernate-core-4.1.1.Final.jar:/home/marza/.m2/repository/antlr/antlr/2.7.7/antlr-2.7.7.jar:/home/marza/.m2/repository/org/jboss/spec/javax/transaction/jboss-transaction-api_1.1_spec/1.0.0.Final/jboss-transaction-api_1.1_spec-1.0.0.Final.jar:/home/marza/.m2/repository/dom4j/dom4j/1.6.1/dom4j-1.6.1.jar:/home/marza/.m2/repository/org/hibernate/javax/persistence/hibernate-jpa-2.0-api/1.0.1.Final/hibernate-jpa-2.0-api-1.0.1.Final.jar:/home/marza/.m2/repository/org/javassist/javassist/3.15.0-GA/javassist-3.15.0-GA.jar:/home/marza/.m2/repository/org/hibernate/common/hibernate-commons-annotations/4.0.1.Final/hibernate-commons-annotations-4.0.1.Final.jar:/home/marza/.m2/repository/com/googlecode/gflot/gflot/3.0.2/gflot-3.0.2.jar:/home/marza/.m2/repository/globus-common/jaxrpc/4.2.1/jaxrpc-4.2.1.jar:/home/marza/.m2/repository/org/apache/axis/axis/1.4.1-vip/axis-1.4.1-vip.jar:/home/marza/.m2/repository/org/apache/axis/axis-jaxrpc/1.4.1-SNAPSHOT/axis-jaxrpc-1.4.1-SNAPSHOT.jar:/home/marza/.m2/repository/javax/servlet/servlet-api/2.4/servlet-api-2.4.jar:/home/marza/.m2/repository/commons-logging/commons-logging/99-empty/commons-logging-99-empty.jar:/home/marza/.m2/repository/javax/activation/activation/1.1/activation-1.1.jar:/home/marza/.m2/repository/xerces/xercesImpl/2.6.2/xercesImpl-2.6.2.jar:/home/marza/.m2/repository/xerces/xmlParserAPIs/2.6.2/xmlParserAPIs-2.6.2.jar:/home/marza/.m2/repository/castor/castor/0.9.4.2/castor-0.9.4.2.jar:/home/marza/.m2/repository/bsf/bsf/2.3.0/bsf-2.3.0.jar:/home/marza/.m2/repository/commons-net/commons-net/1.0.0/commons-net-1.0.0.jar:/home/marza/.m2/repository/org/eclipse/emf/common/2.2.3/common-2.2.3.jar:/home/marza/.m2/repository/org/eclipse/emf/ecore/2.2.3/ecore-2.2.3.jar:/home/marza/.m2/repository/org/eclipse/emf/ecore-xmi/2.2.3/ecore-xmi-2.2.3.jar:/home/marza/.m2/repository/org/eclipse/xsd/xsd/2.2.3/xsd-2.2.3.jar:/home/marza/.m2/repository/org/apache/axis/axis-saaj/1.4/axis-saaj-1.4.jar:/home/marza/.m2/repository/commons-discovery/commons-discovery/0.4/commons-discovery-0.4.jar:/home/marza/.m2/repository/wsdl4j/wsdl4j/1.6.1/wsdl4j-1.6.1.jar:/home/marza/.m2/repository/org/jsoup/jsoup/1.7.2/jsoup-1.7.2.jar:/home/marza/.m2/repository/xml-apis/xml-apis/1.4.01/xml-apis-1.4.01.jar:/home/marza/Documents/VIP-portal/vip-core/target/vip-core-2.4.1-tests.jar:/home/marza/.m2/repository/org/junit/jupiter/junit-jupiter/5.6.2/junit-jupiter-5.6.2.jar:/home/marza/.m2/repository/org/junit/jupiter/junit-jupiter-api/5.6.2/junit-jupiter-api-5.6.2.jar:/home/marza/.m2/repository/org/apiguardian/apiguardian-api/1.1.0/apiguardian-api-1.1.0.jar:/home/marza/.m2/repository/org/opentest4j/opentest4j/1.2.0/opentest4j-1.2.0.jar:/home/marza/.m2/repository/org/junit/platform/junit-platform-commons/1.6.2/junit-platform-commons-1.6.2.jar:/home/marza/.m2/repository/org/junit/jupiter/junit-jupiter-params/5.6.2/junit-jupiter-params-5.6.2.jar:/home/marza/.m2/repository/org/junit/jupiter/junit-jupiter-engine/5.6.2/junit-jupiter-engine-5.6.2.jar:/home/marza/.m2/repository/org/junit/platform/junit-platform-engine/1.6.2/junit-platform-engine-1.6.2.jar:/home/marza/.m2/repository/org/springframework/spring-test/5.3.15/spring-test-5.3.15.jar:/home/marza/.m2/repository/org/springframework/spring-core/5.3.15/spring-core-5.3.15.jar:/home/marza/.m2/repository/org/springframework/spring-jcl/5.3.15/spring-jcl-5.3.15.jar:/home/marza/.m2/repository/com/h2database/h2/1.3.173/h2-1.3.173.jar:/home/marza/.m2/repository/ch/qos/logback/logback-classic/1.2.3/logback-classic-1.2.3.jar:/home/marza/.m2/repository/ch/qos/logback/logback-core/1.2.3/logback-core-1.2.3.jar:/home/marza/.m2/repository/com/github/h-thurow/simple-jndi/0.23.0/simple-jndi-0.23.0.jar:/home/marza/.m2/repository/org/jetbrains/annotations/13.0/annotations-13.0.jar:/home/marza/.m2/repository/commons-lang/commons-lang/2.6/commons-lang-2.6.jar:/home/marza/.m2/repository/org/mockito/mockito-core/4.6.1/mockito-core-4.6.1.jar:/home/marza/.m2/repository/net/bytebuddy/byte-buddy/1.12.10/byte-buddy-1.12.10.jar:/home/marza/.m2/repository/net/bytebuddy/byte-buddy-agent/1.12.10/byte-buddy-agent-1.12.10.jar:/home/marza/.m2/repository/org/objenesis/objenesis/3.2/objenesis-3.2.jar:/home/marza/.m2/repository/org/springframework/security/spring-security-test/5.6.1/spring-security-test-5.6.1.jar:/home/marza/.m2/repository/org/springframework/security/spring-security-core/5.6.1/spring-security-core-5.6.1.jar:/home/marza/.m2/repository/org/springframework/security/spring-security-crypto/5.6.1/spring-security-crypto-5.6.1.jar:/home/marza/.m2/repository/org/springframework/security/spring-security-web/5.6.1/spring-security-web-5.6.1.jar:/home/marza/.m2/repository/org/hamcrest/hamcrest/2.2/hamcrest-2.2.jar:/home/marza/.m2/repository/com/jayway/jsonpath/json-path/2.2.0/json-path-2.2.0.jar:/home/marza/.m2/repository/net/minidev/json-smart/2.2.1/json-smart-2.2.1.jar:/home/marza/.m2/repository/net/minidev/accessors-smart/1.1/accessors-smart-1.1.jar:/home/marza/.m2/repository/org/ow2/asm/asm/5.0.3/asm-5.0.3.jar:/home/marza/.m2/repository/org/mockito/mockito-inline/5.2.0/mockito-inline-5.2.0.jar:"/>
    <property name="sun.cpu.endian" value="little"/>
    <property name="user.home" value="/home/marza"/>
    <property name="user.language" value="fr"/>
    <property name="java.specification.vendor" value="Oracle Corporation"/>
    <property name="java.version.date" value="2023-04-18"/>
    <property name="java.home" value="/usr/lib/jvm/java-11-openjdk-11.0.19.0.7-1.fc37.x86_64"/>
    <property name="file.separator" value="/"/>
    <property name="basedir" value="/home/marza/Documents/VIP-portal/vip-application"/>
    <property name="java.vm.compressedOopsMode" value="Zero based"/>
    <property name="line.separator" value="&#10;"/>
    <property name="java.specification.name" value="Java Platform API Specification"/>
    <property name="java.vm.specification.vendor" value="Oracle Corporation"/>
    <property name="java.awt.graphicsenv" value="sun.awt.X11GraphicsEnvironment"/>
    <property name="surefire.real.class.path" value="/home/marza/Documents/VIP-portal/vip-application/target/surefire/surefirebooter-20230707150739727_112.jar"/>
    <property name="sun.management.compiler" value="HotSpot 64-Bit Tiered Compilers"/>
    <property name="java.runtime.version" value="11.0.19+7"/>
    <property name="user.name" value="marza"/>
    <property name="path.separator" value=":"/>
    <property name="os.version" value="6.2.15-200.fc37.x86_64"/>
    <property name="java.runtime.name" value="OpenJDK Runtime Environment"/>
    <property name="file.encoding" value="UTF-8"/>
    <property name="java.vm.name" value="OpenJDK 64-Bit Server VM"/>
    <property name="java.vendor.version" value="(Red_Hat-11.0.19.0.7-2.fc37)"/>
    <property name="localRepository" value="/home/marza/.m2/repository"/>
    <property name="java.vendor.url.bug" value="https://bugzilla.redhat.com/enter_bug.cgi?product=Fedora&amp;component=java-11-openjdk-portable&amp;version=37"/>
    <property name="java.io.tmpdir" value="/tmp"/>
    <property name="java.version" value="11.0.19"/>
    <property name="user.dir" value="/home/marza/Documents/VIP-portal/vip-application"/>
    <property name="os.arch" value="amd64"/>
    <property name="java.vm.specification.name" value="Java Virtual Machine Specification"/>
    <property name="java.awt.printerjob" value="sun.print.PSPrinterJob"/>
    <property name="sun.os.patch.level" value="unknown"/>
    <property name="java.library.path" value="/usr/java/packages/lib:/usr/lib64:/lib64:/lib:/usr/lib"/>
    <property name="java.vm.info" value="mixed mode, sharing"/>
    <property name="java.vendor" value="Red Hat, Inc."/>
    <property name="java.vm.version" value="11.0.19+7"/>
    <property name="sun.io.unicode.encoding" value="UnicodeLittle"/>
    <property name="java.class.version" value="55.0"/>
  </properties>
  <testcase name="testSimulationGetProperties" classname="fr.insalyon.creatis.vip.application.integrationtest.SimulationIT" time="0.178">
    <system-out><![CDATA[15:07:40.820 [main] DEBUG org.springframework.test.context.BootstrapUtils - Instantiating CacheAwareContextLoaderDelegate from class [org.springframework.test.context.cache.DefaultCacheAwareContextLoaderDelegate]
15:07:40.835 [main] DEBUG org.springframework.test.context.BootstrapUtils - Instantiating BootstrapContext using constructor [public org.springframework.test.context.support.DefaultBootstrapContext(java.lang.Class,org.springframework.test.context.CacheAwareContextLoaderDelegate)]
15:07:40.889 [main] DEBUG org.springframework.test.context.BootstrapUtils - Instantiating TestContextBootstrapper for test class [fr.insalyon.creatis.vip.application.integrationtest.SimulationIT] from class [org.springframework.test.context.support.DefaultTestContextBootstrapper]
15:07:40.925 [main] DEBUG org.springframework.test.context.support.AbstractDelegatingSmartContextLoader - Delegating to AnnotationConfigContextLoader to process context configuration [ContextConfigurationAttributes@cfd1075 declaringClass = 'fr.insalyon.creatis.vip.core.integrationtest.database.BaseSpringIT', classes = '{class fr.insalyon.creatis.vip.core.server.SpringCoreConfig}', locations = '{}', inheritLocations = true, initializers = '{}', inheritInitializers = true, name = [null], contextLoaderClass = 'org.springframework.test.context.ContextLoader'].
15:07:40.981 [main] DEBUG org.springframework.test.context.support.DefaultTestContextBootstrapper - @TestExecutionListeners is not present for class [fr.insalyon.creatis.vip.application.integrationtest.SimulationIT]: using defaults.
15:07:40.982 [main] INFO org.springframework.test.context.support.DefaultTestContextBootstrapper - Loaded default TestExecutionListener class names from location [META-INF/spring.factories]: [org.springframework.test.context.web.ServletTestExecutionListener, org.springframework.test.context.support.DirtiesContextBeforeModesTestExecutionListener, org.springframework.test.context.event.ApplicationEventsTestExecutionListener, org.springframework.test.context.support.DependencyInjectionTestExecutionListener, org.springframework.test.context.support.DirtiesContextTestExecutionListener, org.springframework.test.context.transaction.TransactionalTestExecutionListener, org.springframework.test.context.jdbc.SqlScriptsTestExecutionListener, org.springframework.test.context.event.EventPublishingTestExecutionListener, org.springframework.security.test.context.support.WithSecurityContextTestExecutionListener, org.springframework.security.test.context.support.ReactorContextTestExecutionListener]
15:07:41.014 [main] INFO org.springframework.test.context.support.DefaultTestContextBootstrapper - Using TestExecutionListeners: [org.springframework.test.context.web.ServletTestExecutionListener@4b9c411, org.springframework.test.context.support.DirtiesContextBeforeModesTestExecutionListener@41e9f86, org.springframework.test.context.event.ApplicationEventsTestExecutionListener@66f5b8fe, org.springframework.test.context.support.DependencyInjectionTestExecutionListener@233f52f8, org.springframework.test.context.support.DirtiesContextTestExecutionListener@69ec93c2, org.springframework.test.context.transaction.TransactionalTestExecutionListener@19fec3d6, org.springframework.test.context.jdbc.SqlScriptsTestExecutionListener@5287ba5f, org.springframework.test.context.event.EventPublishingTestExecutionListener@b768a65, org.springframework.security.test.context.support.WithSecurityContextTestExecutionListener@6897a4a, org.springframework.security.test.context.support.ReactorContextTestExecutionListener@6986f93e]
15:07:41.015 [main] DEBUG org.springframework.test.context.support.AbstractDirtiesContextTestExecutionListener - Before test class: context [DefaultTestContext@6bce313 testClass = SimulationIT, testInstance = [null], testMethod = [null], testException = [null], mergedContextConfiguration = [MergedContextConfiguration@39266403 testClass = SimulationIT, locations = '{}', classes = '{class fr.insalyon.creatis.vip.core.server.SpringCoreConfig}', contextInitializerClasses = '[]', activeProfiles = '{test-db, test}', propertySourceLocations = '{}', propertySourceProperties = '{db.tableEngine=}', contextCustomizers = set[[empty]], contextLoader = 'org.springframework.test.context.support.DelegatingSmartContextLoader', parent = [null]], attributes = map[[empty]]], class annotated with @DirtiesContext [true] with mode [AFTER_EACH_TEST_METHOD].
15:07:41.035 [main] DEBUG org.springframework.test.context.support.DependencyInjectionTestExecutionListener - Performing dependency injection for test context [[DefaultTestContext@6bce313 testClass = SimulationIT, testInstance = fr.insalyon.creatis.vip.application.integrationtest.SimulationIT@7a0ab480, testMethod = [null], testException = [null], mergedContextConfiguration = [MergedContextConfiguration@39266403 testClass = SimulationIT, locations = '{}', classes = '{class fr.insalyon.creatis.vip.core.server.SpringCoreConfig}', contextInitializerClasses = '[]', activeProfiles = '{test-db, test}', propertySourceLocations = '{}', propertySourceProperties = '{db.tableEngine=}', contextCustomizers = set[[empty]], contextLoader = 'org.springframework.test.context.support.DelegatingSmartContextLoader', parent = [null]], attributes = map['org.springframework.test.context.event.ApplicationEventsTestExecutionListener.recordApplicationEvents' -> false]]].
15:07:41.036 [main] DEBUG org.springframework.test.context.support.AbstractDelegatingSmartContextLoader - Delegating to AnnotationConfigContextLoader to load context from [MergedContextConfiguration@39266403 testClass = SimulationIT, locations = '{}', classes = '{class fr.insalyon.creatis.vip.core.server.SpringCoreConfig}', contextInitializerClasses = '[]', activeProfiles = '{test-db, test}', propertySourceLocations = '{}', propertySourceProperties = '{db.tableEngine=}', contextCustomizers = set[[empty]], contextLoader = 'org.springframework.test.context.support.DelegatingSmartContextLoader', parent = [null]].
15:07:41.037 [main] DEBUG org.springframework.test.context.support.AbstractGenericContextLoader - Loading ApplicationContext for merged context configuration [[MergedContextConfiguration@39266403 testClass = SimulationIT, locations = '{}', classes = '{class fr.insalyon.creatis.vip.core.server.SpringCoreConfig}', contextInitializerClasses = '[]', activeProfiles = '{test-db, test}', propertySourceLocations = '{}', propertySourceProperties = '{db.tableEngine=}', contextCustomizers = set[[empty]], contextLoader = 'org.springframework.test.context.support.DelegatingSmartContextLoader', parent = [null]]].
15:07:41.135 [main] DEBUG org.springframework.core.env.StandardEnvironment - Activating profiles [test-db, test]
15:07:41.135 [main] DEBUG org.springframework.test.context.support.TestPropertySourceUtils - Adding inlined properties to environment: {db.tableEngine=}
15:07:41.136 [main] DEBUG org.springframework.test.context.support.AnnotationConfigContextLoader - Registering component classes: {class fr.insalyon.creatis.vip.core.server.SpringCoreConfig}
15:07:41.181 [main] DEBUG org.springframework.context.support.GenericApplicationContext - Refreshing org.springframework.context.support.GenericApplicationContext@27ab206
15:07:41.200 [main] DEBUG org.springframework.beans.factory.support.DefaultListableBeanFactory - Creating shared instance of singleton bean 'org.springframework.context.annotation.internalConfigurationAnnotationProcessor'
15:07:41.335 [main] DEBUG org.springframework.context.annotation.ClassPathBeanDefinitionScanner - Identified candidate component class: file [/home/marza/Documents/VIP-portal/vip-application/target/test-classes/fr/insalyon/creatis/vip/application/integrationtest/SpringApplicationTestConfig.class]
15:07:41.351 [main] DEBUG org.springframework.context.annotation.ClassPathBeanDefinitionScanner - Identified candidate component class: URL [jar:file:/home/marza/Documents/VIP-portal/vip-application/target/vip-application-2.4.1.jar!/fr/insalyon/creatis/vip/application/server/business/simulation/parser/InputM2Parser.class]
15:07:41.351 [main] DEBUG org.springframework.context.annotation.ClassPathBeanDefinitionScanner - Identified candidate component class: URL [jar:file:/home/marza/Documents/VIP-portal/vip-application/target/vip-application-2.4.1.jar!/fr/insalyon/creatis/vip/application/server/business/simulation/parser/GwendiaParser.class]
15:07:41.352 [main] DEBUG org.springframework.context.annotation.ClassPathBeanDefinitionScanner - Identified candidate component class: URL [jar:file:/home/marza/Documents/VIP-portal/vip-application/target/vip-application-2.4.1.jar!/fr/insalyon/creatis/vip/application/server/business/simulation/WebServiceEngine.class]
15:07:41.354 [main] DEBUG org.springframework.context.annotation.ClassPathBeanDefinitionScanner - Identified candidate component class: URL [jar:file:/home/marza/Documents/VIP-portal/vip-application/target/vip-application-2.4.1.jar!/fr/insalyon/creatis/vip/application/server/dao/mysql/ClassData.class]
15:07:41.372 [main] DEBUG org.springframework.context.annotation.ClassPathBeanDefinitionScanner - Identified candidate component class: URL [jar:file:/home/marza/Documents/VIP-portal/vip-application/target/vip-application-2.4.1.jar!/fr/insalyon/creatis/vip/application/server/dao/mysql/EngineData.class]
15:07:41.374 [main] DEBUG org.springframework.context.annotation.ClassPathBeanDefinitionScanner - Identified candidate component class: URL [jar:file:/home/marza/Documents/VIP-portal/vip-application/target/vip-application-2.4.1.jar!/fr/insalyon/creatis/vip/application/server/dao/mysql/ApplicationDataInitializer.class]
15:07:41.374 [main] DEBUG org.springframework.context.annotation.ClassPathBeanDefinitionScanner - Identified candidate component class: URL [jar:file:/home/marza/Documents/VIP-portal/vip-application/target/vip-application-2.4.1.jar!/fr/insalyon/creatis/vip/application/server/dao/h2/SimulationData.class]
15:07:41.380 [main] DEBUG org.springframework.context.annotation.ClassPathBeanDefinitionScanner - Identified candidate component class: URL [jar:file:/home/marza/Documents/VIP-portal/vip-application/target/vip-application-2.4.1.jar!/fr/insalyon/creatis/vip/application/server/business/InputBusiness.class]
15:07:41.381 [main] DEBUG org.springframework.context.annotation.ClassPathBeanDefinitionScanner - Identified candidate component class: URL [jar:file:/home/marza/Documents/VIP-portal/vip-application/target/vip-application-2.4.1.jar!/fr/insalyon/creatis/vip/application/server/business/ApplicationBusiness.class]
15:07:41.382 [main] DEBUG org.springframework.context.annotation.ClassPathBeanDefinitionScanner - Identified candidate component class: URL [jar:file:/home/marza/Documents/VIP-portal/vip-application/target/vip-application-2.4.1.jar!/fr/insalyon/creatis/vip/application/server/business/BoutiquesBusiness.class]
15:07:41.383 [main] DEBUG org.springframework.context.annotation.ClassPathBeanDefinitionScanner - Identified candidate component class: URL [jar:file:/home/marza/Documents/VIP-portal/vip-application/target/vip-application-2.4.1.jar!/fr/insalyon/creatis/vip/application/server/dao/mysql/ApplicationData.class]
15:07:41.406 [main] DEBUG org.springframework.context.annotation.ClassPathBeanDefinitionScanner - Identified candidate component class: URL [jar:file:/home/marza/Documents/VIP-portal/vip-application/target/vip-application-2.4.1.jar!/fr/insalyon/creatis/vip/application/server/business/EngineBusiness.class]
15:07:41.406 [main] DEBUG org.springframework.context.annotation.ClassPathBeanDefinitionScanner - Identified candidate component class: URL [jar:file:/home/marza/Documents/VIP-portal/vip-application/target/vip-application-2.4.1.jar!/fr/insalyon/creatis/vip/application/server/business/simulation/parser/InputParser.class]
15:07:41.406 [main] DEBUG org.springframework.context.annotation.ClassPathBeanDefinitionScanner - Identified candidate component class: URL [jar:file:/home/marza/Documents/VIP-portal/vip-application/target/vip-application-2.4.1.jar!/fr/insalyon/creatis/vip/application/server/business/simulation/parser/ScuflParser.class]
15:07:41.407 [main] DEBUG org.springframework.context.annotation.ClassPathBeanDefinitionScanner - Identified candidate component class: URL [jar:file:/home/marza/Documents/VIP-portal/vip-application/target/vip-application-2.4.1.jar!/fr/insalyon/creatis/vip/application/server/business/WorkflowBusiness.class]
15:07:41.408 [main] DEBUG org.springframework.context.annotation.ClassPathBeanDefinitionScanner - Identified candidate component class: URL [jar:file:/home/marza/Documents/VIP-portal/vip-application/target/vip-application-2.4.1.jar!/fr/insalyon/creatis/vip/application/server/dao/h2/ExecutionNodeData.class]
15:07:41.415 [main] DEBUG org.springframework.context.annotation.ClassPathBeanDefinitionScanner - Identified candidate component class: URL [jar:file:/home/marza/Documents/VIP-portal/vip-application/target/vip-application-2.4.1.jar!/fr/insalyon/creatis/vip/application/server/business/WorkflowExecutionBusiness.class]
15:07:41.415 [main] DEBUG org.springframework.context.annotation.ClassPathBeanDefinitionScanner - Identified candidate component class: URL [jar:file:/home/marza/Documents/VIP-portal/vip-application/target/vip-application-2.4.1.jar!/fr/insalyon/creatis/vip/application/server/business/SimulationBusiness.class]
15:07:41.416 [main] DEBUG org.springframework.context.annotation.ClassPathBeanDefinitionScanner - Identified candidate component class: URL [jar:file:/home/marza/Documents/VIP-portal/vip-application/target/vip-application-2.4.1.jar!/fr/insalyon/creatis/vip/application/server/business/ClassBusiness.class]
15:07:41.417 [main] DEBUG org.springframework.context.annotation.ClassPathBeanDefinitionScanner - Identified candidate component class: URL [jar:file:/home/marza/Documents/VIP-portal/vip-application/target/vip-application-2.4.1.jar!/fr/insalyon/creatis/vip/application/server/dao/hibernate/SimulationStatsData.class]
15:07:41.417 [main] DEBUG org.springframework.context.annotation.ClassPathBeanDefinitionScanner - Identified candidate component class: URL [jar:file:/home/marza/Documents/VIP-portal/vip-application/target/vip-application-2.4.1.jar!/fr/insalyon/creatis/vip/application/server/dao/mysql/ApplicationInputData.class]
15:07:41.427 [main] DEBUG org.springframework.context.annotation.ClassPathBeanDefinitionScanner - Identified candidate component class: URL [jar:file:/home/marza/Documents/VIP-portal/vip-core/target/vip-core-2.4.1.jar!/fr/insalyon/creatis/vip/core/server/dao/mysql/TableInitializer.class]
15:07:41.428 [main] DEBUG org.springframework.context.annotation.ClassPathBeanDefinitionScanner - Identified candidate component class: URL [jar:file:/home/marza/Documents/VIP-portal/vip-core/target/vip-core-2.4.1.jar!/fr/insalyon/creatis/vip/core/server/dao/mysql/UsersGroupsData.class]
15:07:41.431 [main] DEBUG org.springframework.context.annotation.ClassPathBeanDefinitionScanner - Identified candidate component class: URL [jar:file:/home/marza/Documents/VIP-portal/vip-core/target/vip-core-2.4.1.jar!/fr/insalyon/creatis/vip/core/server/dao/mysql/CoreDataInitializer.class]
15:07:41.445 [main] DEBUG org.springframework.context.annotation.ClassPathBeanDefinitionScanner - Identified candidate component class: URL [jar:file:/home/marza/Documents/VIP-portal/vip-core/target/vip-core-2.4.1.jar!/fr/insalyon/creatis/vip/core/server/business/StatsBusiness.class]
15:07:41.446 [main] DEBUG org.springframework.context.annotation.ClassPathBeanDefinitionScanner - Identified candidate component class: URL [jar:file:/home/marza/Documents/VIP-portal/vip-core/target/vip-core-2.4.1.jar!/fr/insalyon/creatis/vip/core/server/business/EmailBusiness.class]
15:07:41.447 [main] DEBUG org.springframework.context.annotation.ClassPathBeanDefinitionScanner - Identified candidate component class: URL [jar:file:/home/marza/Documents/VIP-portal/vip-core/target/vip-core-2.4.1.jar!/fr/insalyon/creatis/vip/core/server/business/proxy/ProxyClient.class]
15:07:41.448 [main] DEBUG org.springframework.context.annotation.ClassPathBeanDefinitionScanner - Identified candidate component class: URL [jar:file:/home/marza/Documents/VIP-portal/vip-core/target/vip-core-2.4.1.jar!/fr/insalyon/creatis/vip/core/server/business/ConfigurationBusiness.class]
15:07:41.461 [main] DEBUG org.springframework.context.annotation.ClassPathBeanDefinitionScanner - Identified candidate component class: URL [jar:file:/home/marza/Documents/VIP-portal/vip-core/target/vip-core-2.4.1.jar!/fr/insalyon/creatis/vip/core/server/dao/mysql/UserData.class]
15:07:41.464 [main] DEBUG org.springframework.context.annotation.ClassPathBeanDefinitionScanner - Identified candidate component class: URL [jar:file:/home/marza/Documents/VIP-portal/vip-core/target/vip-core-2.4.1.jar!/fr/insalyon/creatis/vip/core/server/business/VipSessionBusiness.class]
15:07:41.465 [main] DEBUG org.springframework.context.annotation.ClassPathBeanDefinitionScanner - Identified candidate component class: URL [jar:file:/home/marza/Documents/VIP-portal/vip-core/target/vip-core-2.4.1.jar!/fr/insalyon/creatis/vip/core/server/DataSourceConfig.class]
15:07:41.466 [main] DEBUG org.springframework.context.annotation.ClassPathBeanDefinitionScanner - Identified candidate component class: URL [jar:file:/home/marza/Documents/VIP-portal/vip-core/target/vip-core-2.4.1.jar!/fr/insalyon/creatis/vip/core/server/dao/mysql/TermsUseData.class]
15:07:41.467 [main] DEBUG org.springframework.context.annotation.ClassPathBeanDefinitionScanner - Identified candidate component class: URL [jar:file:/home/marza/Documents/VIP-portal/vip-core/target/vip-core-2.4.1.jar!/fr/insalyon/creatis/vip/core/server/dao/mysql/GroupData.class]
15:07:41.493 [main] DEBUG org.springframework.context.annotation.ClassPathBeanDefinitionScanner - Identified candidate component class: URL [jar:file:/home/marza/Documents/VIP-portal/vip-datamanagement/target/vip-datamanager-2.4.1.jar!/fr/insalyon/creatis/vip/datamanager/server/business/LfcPathsBusiness.class]
15:07:41.493 [main] DEBUG org.springframework.context.annotation.ClassPathBeanDefinitionScanner - Identified candidate component class: URL [jar:file:/home/marza/Documents/VIP-portal/vip-datamanagement/target/vip-datamanager-2.4.1.jar!/fr/insalyon/creatis/vip/datamanager/server/business/ExternalPlatformBusiness.class]
15:07:41.494 [main] DEBUG org.springframework.context.annotation.ClassPathBeanDefinitionScanner - Identified candidate component class: URL [jar:file:/home/marza/Documents/VIP-portal/vip-datamanagement/target/vip-datamanager-2.4.1.jar!/fr/insalyon/creatis/vip/datamanager/server/business/GirderStorageBusiness.class]
15:07:41.495 [main] DEBUG org.springframework.context.annotation.ClassPathBeanDefinitionScanner - Identified candidate component class: URL [jar:file:/home/marza/Documents/VIP-portal/vip-datamanagement/target/vip-datamanager-2.4.1.jar!/fr/insalyon/creatis/vip/datamanager/server/business/DataManagerBusiness.class]
15:07:41.495 [main] DEBUG org.springframework.context.annotation.ClassPathBeanDefinitionScanner - Identified candidate component class: URL [jar:file:/home/marza/Documents/VIP-portal/vip-datamanagement/target/vip-datamanager-2.4.1.jar!/fr/insalyon/creatis/vip/datamanager/server/business/ApiKeyBusiness.class]
15:07:41.496 [main] DEBUG org.springframework.context.annotation.ClassPathBeanDefinitionScanner - Identified candidate component class: URL [jar:file:/home/marza/Documents/VIP-portal/vip-datamanagement/target/vip-datamanager-2.4.1.jar!/fr/insalyon/creatis/vip/datamanager/server/business/ShanoirStorageBusiness.class]
15:07:41.496 [main] DEBUG org.springframework.context.annotation.ClassPathBeanDefinitionScanner - Identified candidate component class: URL [jar:file:/home/marza/Documents/VIP-portal/vip-datamanagement/target/vip-datamanager-2.4.1.jar!/fr/insalyon/creatis/vip/datamanager/server/business/TransferPoolBusiness.class]
15:07:41.497 [main] DEBUG org.springframework.context.annotation.ClassPathBeanDefinitionScanner - Identified candidate component class: URL [jar:file:/home/marza/Documents/VIP-portal/vip-datamanagement/target/vip-datamanager-2.4.1.jar!/fr/insalyon/creatis/vip/datamanager/server/business/LFCBusiness.class]
15:07:41.497 [main] DEBUG org.springframework.context.annotation.ClassPathBeanDefinitionScanner - Identified candidate component class: URL [jar:file:/home/marza/Documents/VIP-portal/vip-datamanagement/target/vip-datamanager-2.4.1.jar!/fr/insalyon/creatis/vip/datamanager/server/business/LFCPermissionBusiness.class]
15:07:41.498 [main] DEBUG org.springframework.context.annotation.ClassPathBeanDefinitionScanner - Identified candidate component class: URL [jar:file:/home/marza/Documents/VIP-portal/vip-datamanagement/target/vip-datamanager-2.4.1.jar!/fr/insalyon/creatis/vip/datamanager/server/dao/mysql/SSHData.class]
15:07:41.499 [main] DEBUG org.springframework.context.annotation.ClassPathBeanDefinitionScanner - Identified candidate component class: URL [jar:file:/home/marza/Documents/VIP-portal/vip-datamanagement/target/vip-datamanager-2.4.1.jar!/fr/insalyon/creatis/vip/datamanager/server/dao/mysql/ApiKeysData.class]
15:07:41.499 [main] DEBUG org.springframework.context.annotation.ClassPathBeanDefinitionScanner - Identified candidate component class: URL [jar:file:/home/marza/Documents/VIP-portal/vip-datamanagement/target/vip-datamanager-2.4.1.jar!/fr/insalyon/creatis/vip/datamanager/server/dao/mysql/ExternalPlatformData.class]
15:07:41.500 [main] DEBUG org.springframework.context.annotation.ClassPathBeanDefinitionScanner - Identified candidate component class: URL [jar:file:/home/marza/Documents/VIP-portal/vip-datamanagement/target/vip-datamanager-2.4.1.jar!/fr/insalyon/creatis/vip/datamanager/server/dao/mysql/DataManagerDataInitializer.class]
15:07:41.509 [main] DEBUG org.springframework.context.annotation.ClassPathBeanDefinitionScanner - Identified candidate component class: URL [jar:file:/home/marza/Documents/VIP-portal/vip-social/target/vip-social-2.4.1.jar!/fr/insalyon/creatis/vip/social/server/business/MessageBusiness.class]
15:07:41.510 [main] DEBUG org.springframework.context.annotation.ClassPathBeanDefinitionScanner - Identified candidate component class: URL [jar:file:/home/marza/Documents/VIP-portal/vip-social/target/vip-social-2.4.1.jar!/fr/insalyon/creatis/vip/social/server/dao/mysql/MessageData.class]
15:07:41.511 [main] DEBUG org.springframework.context.annotation.ClassPathBeanDefinitionScanner - Identified candidate component class: URL [jar:file:/home/marza/Documents/VIP-portal/vip-social/target/vip-social-2.4.1.jar!/fr/insalyon/creatis/vip/social/server/dao/mysql/MessagingDataInitializer.class]
15:07:41.511 [main] DEBUG org.springframework.context.annotation.ClassPathBeanDefinitionScanner - Identified candidate component class: URL [jar:file:/home/marza/Documents/VIP-portal/vip-social/target/vip-social-2.4.1.jar!/fr/insalyon/creatis/vip/social/server/dao/mysql/GroupMessageData.class]
15:07:41.512 [main] DEBUG org.springframework.context.annotation.ClassPathBeanDefinitionScanner - Identified candidate component class: URL [jar:file:/home/marza/Documents/VIP-portal/vip-core/target/vip-core-2.4.1-tests.jar!/fr/insalyon/creatis/vip/core/integrationtest/TestDataSourceSpringConfig.class]
15:07:41.514 [main] DEBUG org.springframework.context.annotation.ClassPathBeanDefinitionScanner - Identified candidate component class: URL [jar:file:/home/marza/Documents/VIP-portal/vip-core/target/vip-core-2.4.1-tests.jar!/fr/insalyon/creatis/vip/core/integrationtest/SpingTestConfig.class]
15:07:41.518 [main] DEBUG org.springframework.context.annotation.ClassPathBeanDefinitionScanner - Identified candidate component class: URL [jar:file:/home/marza/Documents/VIP-portal/vip-core/target/vip-core-2.4.1-tests.jar!/fr/insalyon/creatis/vip/core/integrationtest/ServerMockConfig.class]
15:07:41.869 [main] DEBUG org.springframework.beans.factory.support.DefaultListableBeanFactory - Creating shared instance of singleton bean 'properties'
15:07:41.881 [main] DEBUG org.springframework.beans.factory.support.DefaultListableBeanFactory - Creating shared instance of singleton bean 'org.springframework.context.event.internalEventListenerProcessor'
15:07:41.883 [main] DEBUG org.springframework.beans.factory.support.DefaultListableBeanFactory - Creating shared instance of singleton bean 'org.springframework.context.event.internalEventListenerFactory'
15:07:41.883 [main] DEBUG org.springframework.beans.factory.support.DefaultListableBeanFactory - Creating shared instance of singleton bean 'org.springframework.transaction.config.internalTransactionalEventListenerFactory'
15:07:41.887 [main] DEBUG org.springframework.beans.factory.support.DefaultListableBeanFactory - Creating shared instance of singleton bean 'org.springframework.context.annotation.internalAutowiredAnnotationProcessor'
15:07:41.889 [main] DEBUG org.springframework.beans.factory.support.DefaultListableBeanFactory - Creating shared instance of singleton bean 'org.springframework.context.annotation.internalCommonAnnotationProcessor'
15:07:41.894 [main] DEBUG org.springframework.beans.factory.support.DefaultListableBeanFactory - Creating shared instance of singleton bean 'org.springframework.aop.config.internalAutoProxyCreator'
15:07:41.979 [main] DEBUG org.springframework.beans.factory.support.DefaultListableBeanFactory - Creating shared instance of singleton bean 'conversionService'
15:07:42.006 [main] DEBUG org.springframework.beans.factory.support.DefaultListableBeanFactory - Creating shared instance of singleton bean 'org.springframework.transaction.config.internalTransactionAdvisor'
15:07:42.007 [main] DEBUG org.springframework.beans.factory.support.DefaultListableBeanFactory - Creating shared instance of singleton bean 'org.springframework.transaction.annotation.ProxyTransactionManagementConfiguration'
15:07:42.021 [main] DEBUG org.springframework.beans.factory.support.DefaultListableBeanFactory - Creating shared instance of singleton bean 'transactionAttributeSource'
15:07:42.023 [main] DEBUG org.springframework.beans.factory.support.DefaultListableBeanFactory - Creating shared instance of singleton bean 'transactionInterceptor'
15:07:42.023 [main] DEBUG org.springframework.beans.factory.support.DefaultListableBeanFactory - Autowiring by type from bean name 'transactionInterceptor' via factory method to bean named 'transactionAttributeSource'
15:07:42.032 [main] DEBUG org.springframework.beans.factory.support.DefaultListableBeanFactory - Autowiring by type from bean name 'org.springframework.transaction.config.internalTransactionAdvisor' via factory method to bean named 'transactionAttributeSource'
15:07:42.032 [main] DEBUG org.springframework.beans.factory.support.DefaultListableBeanFactory - Autowiring by type from bean name 'org.springframework.transaction.config.internalTransactionAdvisor' via factory method to bean named 'transactionInterceptor'
15:07:42.042 [main] DEBUG org.springframework.beans.factory.support.DefaultListableBeanFactory - Creating shared instance of singleton bean 'springCoreConfig'
15:07:42.044 [main] DEBUG org.springframework.beans.factory.support.DefaultListableBeanFactory - Creating shared instance of singleton bean 'springApplicationTestConfig'
15:07:42.045 [main] DEBUG org.springframework.beans.factory.support.DefaultListableBeanFactory - Creating shared instance of singleton bean 'classData'
15:07:42.061 [main] DEBUG org.springframework.beans.factory.support.DefaultListableBeanFactory - Creating shared instance of singleton bean 'lazyDataSource'
15:07:42.064 [main] DEBUG org.springframework.beans.factory.support.DefaultListableBeanFactory - Creating shared instance of singleton bean 'testDataSource'
15:07:42.065 [main] DEBUG org.springframework.beans.factory.support.DefaultListableBeanFactory - Creating shared instance of singleton bean 'testDataSourceSpringConfig'
15:07:42.103 [main] INFO org.springframework.jdbc.datasource.embedded.EmbeddedDatabaseFactory - Starting embedded database: url='jdbc:h2:mem:721265e4-617f-4743-93c8-471934e5fd7f;DB_CLOSE_DELAY=-1;DB_CLOSE_ON_EXIT=false', username='sa'
15:07:42.108 [main] DEBUG org.springframework.jdbc.datasource.DataSourceUtils - Fetching JDBC Connection from DataSource
15:07:42.108 [main] DEBUG org.springframework.jdbc.datasource.SimpleDriverDataSource - Creating new JDBC Driver Connection to [jdbc:h2:mem:721265e4-617f-4743-93c8-471934e5fd7f;DB_CLOSE_DELAY=-1;DB_CLOSE_ON_EXIT=false]
15:07:43.432 [main] DEBUG org.springframework.beans.factory.support.DefaultListableBeanFactory - Autowiring by type from bean name 'lazyDataSource' via factory method to bean named 'testDataSource'
15:07:43.505 [main] DEBUG org.springframework.jdbc.datasource.SimpleDriverDataSource - Creating new JDBC Driver Connection to [jdbc:h2:mem:721265e4-617f-4743-93c8-471934e5fd7f;DB_CLOSE_DELAY=-1;DB_CLOSE_ON_EXIT=false]
15:07:43.552 [main] DEBUG org.springframework.beans.factory.support.DefaultListableBeanFactory - Creating shared instance of singleton bean 'engineData'
15:07:43.563 [main] DEBUG org.springframework.beans.factory.support.DefaultListableBeanFactory - Creating shared instance of singleton bean 'applicationDataInitializer'
15:07:43.577 [main] DEBUG org.springframework.beans.factory.support.DefaultListableBeanFactory - Creating shared instance of singleton bean 'tableInitializer'
15:07:43.584 [main] DEBUG org.springframework.core.env.PropertySourcesPropertyResolver - Found key 'db.tableEngine' in PropertySource 'Inlined Test Properties' with value of type String
15:07:43.584 [main] DEBUG org.springframework.core.env.PropertySourcesPropertyResolver - Found key 'db.tableEngine' in PropertySource 'environmentProperties' with value of type String
15:07:43.596 [main] DEBUG org.springframework.aop.framework.CglibAopProxy - Final method [public final javax.sql.DataSource org.springframework.jdbc.core.support.JdbcDaoSupport.getDataSource()] cannot get proxied via CGLIB: Calls to this method will NOT be routed to the target instance and might lead to NPEs against uninitialized fields in the proxy instance.
15:07:43.596 [main] DEBUG org.springframework.aop.framework.CglibAopProxy - Final method [public final void org.springframework.jdbc.core.support.JdbcDaoSupport.setDataSource(javax.sql.DataSource)] cannot get proxied via CGLIB: Calls to this method will NOT be routed to the target instance and might lead to NPEs against uninitialized fields in the proxy instance.
15:07:43.597 [main] DEBUG org.springframework.aop.framework.CglibAopProxy - Final method [protected final org.springframework.jdbc.support.SQLExceptionTranslator org.springframework.jdbc.core.support.JdbcDaoSupport.getExceptionTranslator()] cannot get proxied via CGLIB: Calls to this method will NOT be routed to the target instance and might lead to NPEs against uninitialized fields in the proxy instance.
15:07:43.597 [main] DEBUG org.springframework.aop.framework.CglibAopProxy - Final method [public final void org.springframework.jdbc.core.support.JdbcDaoSupport.setJdbcTemplate(org.springframework.jdbc.core.JdbcTemplate)] cannot get proxied via CGLIB: Calls to this method will NOT be routed to the target instance and might lead to NPEs against uninitialized fields in the proxy instance.
15:07:43.597 [main] DEBUG org.springframework.aop.framework.CglibAopProxy - Final method [public final org.springframework.jdbc.core.JdbcTemplate org.springframework.jdbc.core.support.JdbcDaoSupport.getJdbcTemplate()] cannot get proxied via CGLIB: Calls to this method will NOT be routed to the target instance and might lead to NPEs against uninitialized fields in the proxy instance.
15:07:43.597 [main] DEBUG org.springframework.aop.framework.CglibAopProxy - Final method [protected final void org.springframework.jdbc.core.support.JdbcDaoSupport.releaseConnection(java.sql.Connection)] cannot get proxied via CGLIB: Calls to this method will NOT be routed to the target instance and might lead to NPEs against uninitialized fields in the proxy instance.
15:07:43.597 [main] DEBUG org.springframework.aop.framework.CglibAopProxy - Final method [protected final java.sql.Connection org.springframework.jdbc.core.support.JdbcDaoSupport.getConnection() throws org.springframework.jdbc.CannotGetJdbcConnectionException] cannot get proxied via CGLIB: Calls to this method will NOT be routed to the target instance and might lead to NPEs against uninitialized fields in the proxy instance.
15:07:43.597 [main] INFO org.springframework.aop.framework.CglibAopProxy - Unable to proxy interface-implementing method [public final void org.springframework.dao.support.DaoSupport.afterPropertiesSet() throws java.lang.IllegalArgumentException,org.springframework.beans.factory.BeanInitializationException] because it is marked as final: Consider using interface-based JDK proxies instead!
15:07:43.597 [main] DEBUG org.springframework.aop.framework.CglibAopProxy - Final method [public final void org.springframework.dao.support.DaoSupport.afterPropertiesSet() throws java.lang.IllegalArgumentException,org.springframework.beans.factory.BeanInitializationException] cannot get proxied via CGLIB: Calls to this method will NOT be routed to the target instance and might lead to NPEs against uninitialized fields in the proxy instance.
15:07:43.630 [main] DEBUG org.springframework.beans.factory.support.DefaultListableBeanFactory - Autowiring by type from bean name 'applicationDataInitializer' via constructor to bean named 'lazyDataSource'
15:07:43.631 [main] DEBUG org.springframework.beans.factory.support.DefaultListableBeanFactory - Autowiring by type from bean name 'applicationDataInitializer' via constructor to bean named 'tableInitializer'
15:07:43.635 [main] DEBUG org.springframework.aop.framework.CglibAopProxy - Final method [public final javax.sql.DataSource org.springframework.jdbc.core.support.JdbcDaoSupport.getDataSource()] cannot get proxied via CGLIB: Calls to this method will NOT be routed to the target instance and might lead to NPEs against uninitialized fields in the proxy instance.
15:07:43.635 [main] DEBUG org.springframework.aop.framework.CglibAopProxy - Final method [public final void org.springframework.jdbc.core.support.JdbcDaoSupport.setDataSource(javax.sql.DataSource)] cannot get proxied via CGLIB: Calls to this method will NOT be routed to the target instance and might lead to NPEs against uninitialized fields in the proxy instance.
15:07:43.636 [main] DEBUG org.springframework.aop.framework.CglibAopProxy - Final method [protected final org.springframework.jdbc.support.SQLExceptionTranslator org.springframework.jdbc.core.support.JdbcDaoSupport.getExceptionTranslator()] cannot get proxied via CGLIB: Calls to this method will NOT be routed to the target instance and might lead to NPEs against uninitialized fields in the proxy instance.
15:07:43.636 [main] DEBUG org.springframework.aop.framework.CglibAopProxy - Final method [public final void org.springframework.jdbc.core.support.JdbcDaoSupport.setJdbcTemplate(org.springframework.jdbc.core.JdbcTemplate)] cannot get proxied via CGLIB: Calls to this method will NOT be routed to the target instance and might lead to NPEs against uninitialized fields in the proxy instance.
15:07:43.636 [main] DEBUG org.springframework.aop.framework.CglibAopProxy - Final method [public final org.springframework.jdbc.core.JdbcTemplate org.springframework.jdbc.core.support.JdbcDaoSupport.getJdbcTemplate()] cannot get proxied via CGLIB: Calls to this method will NOT be routed to the target instance and might lead to NPEs against uninitialized fields in the proxy instance.
15:07:43.636 [main] DEBUG org.springframework.aop.framework.CglibAopProxy - Final method [protected final void org.springframework.jdbc.core.support.JdbcDaoSupport.releaseConnection(java.sql.Connection)] cannot get proxied via CGLIB: Calls to this method will NOT be routed to the target instance and might lead to NPEs against uninitialized fields in the proxy instance.
15:07:43.636 [main] DEBUG org.springframework.aop.framework.CglibAopProxy - Final method [protected final java.sql.Connection org.springframework.jdbc.core.support.JdbcDaoSupport.getConnection() throws org.springframework.jdbc.CannotGetJdbcConnectionException] cannot get proxied via CGLIB: Calls to this method will NOT be routed to the target instance and might lead to NPEs against uninitialized fields in the proxy instance.
15:07:43.637 [main] INFO org.springframework.aop.framework.CglibAopProxy - Unable to proxy interface-implementing method [public final void org.springframework.dao.support.DaoSupport.afterPropertiesSet() throws java.lang.IllegalArgumentException,org.springframework.beans.factory.BeanInitializationException] because it is marked as final: Consider using interface-based JDK proxies instead!
15:07:43.637 [main] DEBUG org.springframework.aop.framework.CglibAopProxy - Final method [public final void org.springframework.dao.support.DaoSupport.afterPropertiesSet() throws java.lang.IllegalArgumentException,org.springframework.beans.factory.BeanInitializationException] cannot get proxied via CGLIB: Calls to this method will NOT be routed to the target instance and might lead to NPEs against uninitialized fields in the proxy instance.
15:07:43.651 [main] DEBUG org.springframework.beans.factory.support.DefaultListableBeanFactory - Creating shared instance of singleton bean 'inputBusiness'
15:07:43.657 [main] DEBUG org.springframework.beans.factory.support.DefaultListableBeanFactory - Creating shared instance of singleton bean 'applicationInputData'
15:07:43.668 [main] DEBUG org.springframework.beans.factory.support.DefaultListableBeanFactory - Creating shared instance of singleton bean 'dataManagerBusiness'
15:07:43.673 [main] DEBUG org.springframework.beans.factory.support.DefaultListableBeanFactory - Creating shared instance of singleton bean 'SSHData'
15:07:43.684 [main] DEBUG org.springframework.beans.factory.support.DefaultListableBeanFactory - Creating shared instance of singleton bean 'testGridaClient'
15:07:43.684 [main] DEBUG org.springframework.beans.factory.support.DefaultListableBeanFactory - Creating shared instance of singleton bean 'spingTestConfig'
15:07:43.806 [main] DEBUG org.springframework.beans.factory.support.DefaultListableBeanFactory - Creating shared instance of singleton bean 'gridaCacheClient'
15:07:43.807 [main] DEBUG org.springframework.beans.factory.support.DefaultListableBeanFactory - Creating shared instance of singleton bean 'testServer'
15:07:43.807 [main] DEBUG org.springframework.beans.factory.support.DefaultListableBeanFactory - Creating shared instance of singleton bean 'serverMockConfig'
15:07:44.011 [main] DEBUG org.springframework.beans.factory.support.DefaultListableBeanFactory - Autowiring by type from bean name 'gridaCacheClient' via factory method to bean named 'testServer'
15:07:44.016 [main] DEBUG org.springframework.beans.factory.support.DefaultListableBeanFactory - Creating shared instance of singleton bean 'gridaZombieClient'
15:07:44.016 [main] DEBUG org.springframework.beans.factory.support.DefaultListableBeanFactory - Autowiring by type from bean name 'gridaZombieClient' via factory method to bean named 'testServer'
15:07:44.020 [main] DEBUG org.springframework.beans.factory.support.DefaultListableBeanFactory - Creating shared instance of singleton bean 'configurationBusiness'
15:07:44.028 [main] DEBUG org.springframework.beans.factory.support.DefaultListableBeanFactory - Creating shared instance of singleton bean 'testProxyClient'
15:07:44.160 [main] DEBUG org.springframework.beans.factory.support.DefaultListableBeanFactory - Creating shared instance of singleton bean 'testEmailBusiness'
15:07:44.192 [main] DEBUG org.springframework.beans.factory.support.DefaultListableBeanFactory - Creating shared instance of singleton bean 'testGridaPoolClient'
15:07:44.242 [main] DEBUG org.springframework.beans.factory.support.DefaultListableBeanFactory - Creating shared instance of singleton bean 'groupData'
15:07:44.254 [main] DEBUG org.springframework.beans.factory.support.DefaultListableBeanFactory - Creating shared instance of singleton bean 'termsUseData'
15:07:44.264 [main] DEBUG org.springframework.beans.factory.support.DefaultListableBeanFactory - Creating shared instance of singleton bean 'userData'
15:07:44.279 [main] DEBUG org.springframework.beans.factory.support.DefaultListableBeanFactory - Creating shared instance of singleton bean 'usersGroupsData'
15:07:44.282 [main] DEBUG org.springframework.beans.factory.support.DefaultListableBeanFactory - Autowiring by type from bean name 'usersGroupsData' via constructor to bean named 'groupData'
15:07:44.289 [main] DEBUG org.springframework.beans.factory.support.DefaultListableBeanFactory - Autowiring by type from bean name 'configurationBusiness' via constructor to bean named 'testServer'
15:07:44.290 [main] DEBUG org.springframework.beans.factory.support.DefaultListableBeanFactory - Autowiring by type from bean name 'configurationBusiness' via constructor to bean named 'testProxyClient'
15:07:44.290 [main] DEBUG org.springframework.beans.factory.support.DefaultListableBeanFactory - Autowiring by type from bean name 'configurationBusiness' via constructor to bean named 'testEmailBusiness'
15:07:44.290 [main] DEBUG org.springframework.beans.factory.support.DefaultListableBeanFactory - Autowiring by type from bean name 'configurationBusiness' via constructor to bean named 'testGridaClient'
15:07:44.290 [main] DEBUG org.springframework.beans.factory.support.DefaultListableBeanFactory - Autowiring by type from bean name 'configurationBusiness' via constructor to bean named 'testGridaPoolClient'
15:07:44.290 [main] DEBUG org.springframework.beans.factory.support.DefaultListableBeanFactory - Autowiring by type from bean name 'configurationBusiness' via constructor to bean named 'groupData'
15:07:44.290 [main] DEBUG org.springframework.beans.factory.support.DefaultListableBeanFactory - Autowiring by type from bean name 'configurationBusiness' via constructor to bean named 'termsUseData'
15:07:44.290 [main] DEBUG org.springframework.beans.factory.support.DefaultListableBeanFactory - Autowiring by type from bean name 'configurationBusiness' via constructor to bean named 'userData'
15:07:44.290 [main] DEBUG org.springframework.beans.factory.support.DefaultListableBeanFactory - Autowiring by type from bean name 'configurationBusiness' via constructor to bean named 'usersGroupsData'
15:07:44.328 [main] DEBUG org.springframework.beans.factory.support.DefaultListableBeanFactory - Creating shared instance of singleton bean 'lfcPathsBusiness'
15:07:44.331 [main] DEBUG org.springframework.beans.factory.support.DefaultListableBeanFactory - Autowiring by type from bean name 'lfcPathsBusiness' via constructor to bean named 'testServer'
15:07:44.331 [main] DEBUG org.springframework.beans.factory.support.DefaultListableBeanFactory - Autowiring by type from bean name 'lfcPathsBusiness' via constructor to bean named 'groupData'
15:07:44.342 [main] DEBUG org.springframework.beans.factory.support.DefaultListableBeanFactory - Autowiring by type from bean name 'dataManagerBusiness' via constructor to bean named 'SSHData'
15:07:44.342 [main] DEBUG org.springframework.beans.factory.support.DefaultListableBeanFactory - Autowiring by type from bean name 'dataManagerBusiness' via constructor to bean named 'testGridaClient'
15:07:44.342 [main] DEBUG org.springframework.beans.factory.support.DefaultListableBeanFactory - Autowiring by type from bean name 'dataManagerBusiness' via constructor to bean named 'gridaCacheClient'
15:07:44.343 [main] DEBUG org.springframework.beans.factory.support.DefaultListableBeanFactory - Autowiring by type from bean name 'dataManagerBusiness' via constructor to bean named 'gridaZombieClient'
15:07:44.343 [main] DEBUG org.springframework.beans.factory.support.DefaultListableBeanFactory - Autowiring by type from bean name 'dataManagerBusiness' via constructor to bean named 'configurationBusiness'
15:07:44.343 [main] DEBUG org.springframework.beans.factory.support.DefaultListableBeanFactory - Autowiring by type from bean name 'dataManagerBusiness' via constructor to bean named 'lfcPathsBusiness'
15:07:44.343 [main] DEBUG org.springframework.beans.factory.support.DefaultListableBeanFactory - Autowiring by type from bean name 'dataManagerBusiness' via constructor to bean named 'testServer'
15:07:44.355 [main] DEBUG org.springframework.beans.factory.support.DefaultListableBeanFactory - Autowiring by type from bean name 'inputBusiness' via constructor to bean named 'applicationInputData'
15:07:44.356 [main] DEBUG org.springframework.beans.factory.support.DefaultListableBeanFactory - Autowiring by type from bean name 'inputBusiness' via constructor to bean named 'dataManagerBusiness'
15:07:44.372 [main] DEBUG org.springframework.beans.factory.support.DefaultListableBeanFactory - Creating shared instance of singleton bean 'applicationBusiness'
15:07:44.375 [main] DEBUG org.springframework.beans.factory.support.DefaultListableBeanFactory - Creating shared instance of singleton bean 'applicationData'
15:07:44.378 [main] DEBUG org.springframework.beans.factory.support.DefaultListableBeanFactory - Autowiring by type from bean name 'applicationData' via constructor to bean named 'lazyDataSource'
15:07:44.378 [main] DEBUG org.springframework.beans.factory.support.DefaultListableBeanFactory - Autowiring by type from bean name 'applicationData' via constructor to bean named 'classData'
15:07:44.383 [main] DEBUG org.springframework.beans.factory.support.DefaultListableBeanFactory - Autowiring by type from bean name 'applicationBusiness' via constructor to bean named 'applicationData'
15:07:44.383 [main] DEBUG org.springframework.beans.factory.support.DefaultListableBeanFactory - Autowiring by type from bean name 'applicationBusiness' via constructor to bean named 'classData'
15:07:44.384 [main] DEBUG org.springframework.beans.factory.support.DefaultListableBeanFactory - Autowiring by type from bean name 'applicationBusiness' via constructor to bean named 'groupData'
15:07:44.396 [main] DEBUG org.springframework.beans.factory.support.DefaultListableBeanFactory - Creating shared instance of singleton bean 'boutiquesBusiness'
15:07:44.398 [main] DEBUG org.springframework.beans.factory.support.DefaultListableBeanFactory - Autowiring by type from bean name 'boutiquesBusiness' via constructor to bean named 'testServer'
15:07:44.398 [main] DEBUG org.springframework.beans.factory.support.DefaultListableBeanFactory - Autowiring by type from bean name 'boutiquesBusiness' via constructor to bean named 'dataManagerBusiness'
15:07:44.399 [main] DEBUG org.springframework.beans.factory.support.DefaultListableBeanFactory - Autowiring by type from bean name 'boutiquesBusiness' via constructor to bean named 'applicationBusiness'
15:07:44.406 [main] DEBUG org.springframework.beans.factory.support.DefaultListableBeanFactory - Creating shared instance of singleton bean 'engineBusiness'
15:07:44.407 [main] DEBUG org.springframework.beans.factory.support.DefaultListableBeanFactory - Autowiring by type from bean name 'engineBusiness' via constructor to bean named 'engineData'
15:07:44.414 [main] DEBUG org.springframework.beans.factory.support.DefaultListableBeanFactory - Creating shared instance of singleton bean 'workflowBusiness'
15:07:44.420 [main] DEBUG org.springframework.beans.factory.support.DefaultListableBeanFactory - Creating shared instance of singleton bean 'simulationStatsData'
15:07:44.423 [main] DEBUG org.springframework.beans.factory.support.DefaultListableBeanFactory - Creating shared instance of singleton bean 'sessionFactory'
15:07:44.546 [main] DEBUG org.springframework.beans.factory.support.DefaultListableBeanFactory - Autowiring by type from bean name 'simulationStatsData' via constructor to bean named 'sessionFactory'
15:07:44.548 [main] DEBUG org.springframework.beans.factory.support.DefaultListableBeanFactory - Creating shared instance of singleton bean 'getTestWorkflowDAO'
15:07:44.615 [main] DEBUG org.springframework.beans.factory.support.DefaultListableBeanFactory - Creating shared instance of singleton bean 'getTestProcessorDAO'
15:07:44.665 [main] DEBUG org.springframework.beans.factory.support.DefaultListableBeanFactory - Creating shared instance of singleton bean 'getTestOutputDAO'
15:07:44.729 [main] DEBUG org.springframework.beans.factory.support.DefaultListableBeanFactory - Creating shared instance of singleton bean 'getTestInputDAO'
15:07:44.797 [main] DEBUG org.springframework.beans.factory.support.DefaultListableBeanFactory - Creating shared instance of singleton bean 'getTestStatsDAO'
15:07:44.865 [main] DEBUG org.springframework.beans.factory.support.DefaultListableBeanFactory - Creating shared instance of singleton bean 'externalPlatformBusiness'
15:07:44.869 [main] DEBUG org.springframework.beans.factory.support.DefaultListableBeanFactory - Creating shared instance of singleton bean 'girderStorageBusiness'
15:07:44.873 [main] DEBUG org.springframework.beans.factory.support.DefaultListableBeanFactory - Creating shared instance of singleton bean 'apiKeyBusiness'
15:07:44.874 [main] DEBUG org.springframework.beans.factory.support.DefaultListableBeanFactory - Creating shared instance of singleton bean 'apiKeysData'
15:07:44.882 [main] DEBUG org.springframework.beans.factory.support.DefaultListableBeanFactory - Autowiring by type from bean name 'apiKeyBusiness' via constructor to bean named 'apiKeysData'
15:07:44.891 [main] DEBUG org.springframework.beans.factory.support.DefaultListableBeanFactory - Autowiring by type from bean name 'girderStorageBusiness' via constructor to bean named 'apiKeyBusiness'
15:07:44.891 [main] DEBUG org.springframework.beans.factory.support.DefaultListableBeanFactory - Autowiring by type from bean name 'girderStorageBusiness' via constructor to bean named 'testServer'
15:07:44.897 [main] DEBUG org.springframework.beans.factory.support.DefaultListableBeanFactory - Creating shared instance of singleton bean 'shanoirStorageBusiness'
15:07:44.899 [main] DEBUG org.springframework.beans.factory.support.DefaultListableBeanFactory - Creating shared instance of singleton bean 'externalPlatformData'
15:07:44.905 [main] DEBUG org.springframework.beans.factory.support.DefaultListableBeanFactory - Autowiring by type from bean name 'externalPlatformBusiness' via constructor to bean named 'girderStorageBusiness'
15:07:44.906 [main] DEBUG org.springframework.beans.factory.support.DefaultListableBeanFactory - Autowiring by type from bean name 'externalPlatformBusiness' via constructor to bean named 'shanoirStorageBusiness'
15:07:44.906 [main] DEBUG org.springframework.beans.factory.support.DefaultListableBeanFactory - Autowiring by type from bean name 'externalPlatformBusiness' via constructor to bean named 'externalPlatformData'
15:07:44.911 [main] DEBUG org.springframework.beans.factory.support.DefaultListableBeanFactory - Autowiring by type from bean name 'workflowBusiness' via constructor to bean named 'testServer'
15:07:44.912 [main] DEBUG org.springframework.beans.factory.support.DefaultListableBeanFactory - Autowiring by type from bean name 'workflowBusiness' via constructor to bean named 'simulationStatsData'
15:07:44.912 [main] DEBUG org.springframework.beans.factory.support.DefaultListableBeanFactory - Autowiring by type from bean name 'workflowBusiness' via constructor to bean named 'getTestWorkflowDAO'
15:07:44.912 [main] DEBUG org.springframework.beans.factory.support.DefaultListableBeanFactory - Autowiring by type from bean name 'workflowBusiness' via constructor to bean named 'getTestProcessorDAO'
15:07:44.912 [main] DEBUG org.springframework.beans.factory.support.DefaultListableBeanFactory - Autowiring by type from bean name 'workflowBusiness' via constructor to bean named 'getTestOutputDAO'
15:07:44.912 [main] DEBUG org.springframework.beans.factory.support.DefaultListableBeanFactory - Autowiring by type from bean name 'workflowBusiness' via constructor to bean named 'getTestInputDAO'
15:07:44.912 [main] DEBUG org.springframework.beans.factory.support.DefaultListableBeanFactory - Autowiring by type from bean name 'workflowBusiness' via constructor to bean named 'getTestStatsDAO'
15:07:44.912 [main] DEBUG org.springframework.beans.factory.support.DefaultListableBeanFactory - Autowiring by type from bean name 'workflowBusiness' via constructor to bean named 'engineData'
15:07:44.912 [main] DEBUG org.springframework.beans.factory.support.DefaultListableBeanFactory - Autowiring by type from bean name 'workflowBusiness' via constructor to bean named 'applicationData'
15:07:44.912 [main] DEBUG org.springframework.beans.factory.support.DefaultListableBeanFactory - Autowiring by type from bean name 'workflowBusiness' via constructor to bean named 'usersGroupsData'
15:07:44.912 [main] DEBUG org.springframework.beans.factory.support.DefaultListableBeanFactory - Autowiring by type from bean name 'workflowBusiness' via constructor to bean named 'engineBusiness'
15:07:44.912 [main] DEBUG org.springframework.beans.factory.support.DefaultListableBeanFactory - Autowiring by type from bean name 'workflowBusiness' via constructor to bean named 'dataManagerBusiness'
15:07:44.912 [main] DEBUG org.springframework.beans.factory.support.DefaultListableBeanFactory - Autowiring by type from bean name 'workflowBusiness' via constructor to bean named 'testEmailBusiness'
15:07:44.912 [main] DEBUG org.springframework.beans.factory.support.DefaultListableBeanFactory - Autowiring by type from bean name 'workflowBusiness' via constructor to bean named 'lfcPathsBusiness'
15:07:44.912 [main] DEBUG org.springframework.beans.factory.support.DefaultListableBeanFactory - Autowiring by type from bean name 'workflowBusiness' via constructor to bean named 'testGridaPoolClient'
15:07:44.912 [main] DEBUG org.springframework.beans.factory.support.DefaultListableBeanFactory - Autowiring by type from bean name 'workflowBusiness' via constructor to bean named 'testGridaClient'
15:07:44.912 [main] DEBUG org.springframework.beans.factory.support.DefaultListableBeanFactory - Autowiring by type from bean name 'workflowBusiness' via constructor to bean named 'externalPlatformBusiness'
15:07:44.931 [main] DEBUG org.springframework.beans.factory.support.DefaultListableBeanFactory - Creating shared instance of singleton bean 'simulationBusiness'
15:07:44.935 [main] DEBUG org.springframework.beans.factory.support.DefaultListableBeanFactory - Autowiring by type from bean name 'simulationBusiness' via constructor to bean named 'lfcPathsBusiness'
15:07:44.935 [main] DEBUG org.springframework.beans.factory.support.DefaultListableBeanFactory - Autowiring by type from bean name 'simulationBusiness' via constructor to bean named 'testServer'
15:07:44.947 [main] DEBUG org.springframework.beans.factory.support.DefaultListableBeanFactory - Creating shared instance of singleton bean 'classBusiness'
15:07:44.948 [main] DEBUG org.springframework.beans.factory.support.DefaultListableBeanFactory - Autowiring by type from bean name 'classBusiness' via constructor to bean named 'classData'
15:07:44.956 [main] DEBUG org.springframework.beans.factory.support.DefaultListableBeanFactory - Creating shared instance of singleton bean 'coreDataInitializer'
15:07:44.957 [main] DEBUG org.springframework.beans.factory.support.DefaultListableBeanFactory - Autowiring by type from bean name 'coreDataInitializer' via constructor to bean named 'groupData'
15:07:44.958 [main] DEBUG org.springframework.beans.factory.support.DefaultListableBeanFactory - Autowiring by type from bean name 'coreDataInitializer' via constructor to bean named 'lazyDataSource'
15:07:44.958 [main] DEBUG org.springframework.beans.factory.support.DefaultListableBeanFactory - Autowiring by type from bean name 'coreDataInitializer' via constructor to bean named 'tableInitializer'
15:07:44.958 [main] DEBUG org.springframework.beans.factory.support.DefaultListableBeanFactory - Autowiring by type from bean name 'coreDataInitializer' via constructor to bean named 'testServer'
15:07:44.958 [main] DEBUG org.springframework.beans.factory.support.DefaultListableBeanFactory - Autowiring by type from bean name 'coreDataInitializer' via constructor to bean named 'userData'
15:07:44.958 [main] DEBUG org.springframework.beans.factory.support.DefaultListableBeanFactory - Autowiring by type from bean name 'coreDataInitializer' via constructor to bean named 'usersGroupsData'
15:07:44.958 [main] DEBUG org.springframework.beans.factory.support.DefaultListableBeanFactory - Autowiring by type from bean name 'coreDataInitializer' via constructor to bean named 'termsUseData'
15:07:44.959 [main] DEBUG org.springframework.aop.framework.CglibAopProxy - Final method [public final javax.sql.DataSource org.springframework.jdbc.core.support.JdbcDaoSupport.getDataSource()] cannot get proxied via CGLIB: Calls to this method will NOT be routed to the target instance and might lead to NPEs against uninitialized fields in the proxy instance.
15:07:44.959 [main] DEBUG org.springframework.aop.framework.CglibAopProxy - Final method [public final void org.springframework.jdbc.core.support.JdbcDaoSupport.setDataSource(javax.sql.DataSource)] cannot get proxied via CGLIB: Calls to this method will NOT be routed to the target instance and might lead to NPEs against uninitialized fields in the proxy instance.
15:07:44.959 [main] DEBUG org.springframework.aop.framework.CglibAopProxy - Final method [protected final org.springframework.jdbc.support.SQLExceptionTranslator org.springframework.jdbc.core.support.JdbcDaoSupport.getExceptionTranslator()] cannot get proxied via CGLIB: Calls to this method will NOT be routed to the target instance and might lead to NPEs against uninitialized fields in the proxy instance.
15:07:44.959 [main] DEBUG org.springframework.aop.framework.CglibAopProxy - Final method [public final void org.springframework.jdbc.core.support.JdbcDaoSupport.setJdbcTemplate(org.springframework.jdbc.core.JdbcTemplate)] cannot get proxied via CGLIB: Calls to this method will NOT be routed to the target instance and might lead to NPEs against uninitialized fields in the proxy instance.
15:07:44.959 [main] DEBUG org.springframework.aop.framework.CglibAopProxy - Final method [public final org.springframework.jdbc.core.JdbcTemplate org.springframework.jdbc.core.support.JdbcDaoSupport.getJdbcTemplate()] cannot get proxied via CGLIB: Calls to this method will NOT be routed to the target instance and might lead to NPEs against uninitialized fields in the proxy instance.
15:07:44.959 [main] DEBUG org.springframework.aop.framework.CglibAopProxy - Final method [protected final void org.springframework.jdbc.core.support.JdbcDaoSupport.releaseConnection(java.sql.Connection)] cannot get proxied via CGLIB: Calls to this method will NOT be routed to the target instance and might lead to NPEs against uninitialized fields in the proxy instance.
15:07:44.959 [main] DEBUG org.springframework.aop.framework.CglibAopProxy - Final method [protected final java.sql.Connection org.springframework.jdbc.core.support.JdbcDaoSupport.getConnection() throws org.springframework.jdbc.CannotGetJdbcConnectionException] cannot get proxied via CGLIB: Calls to this method will NOT be routed to the target instance and might lead to NPEs against uninitialized fields in the proxy instance.
15:07:44.960 [main] INFO org.springframework.aop.framework.CglibAopProxy - Unable to proxy interface-implementing method [public final void org.springframework.dao.support.DaoSupport.afterPropertiesSet() throws java.lang.IllegalArgumentException,org.springframework.beans.factory.BeanInitializationException] because it is marked as final: Consider using interface-based JDK proxies instead!
15:07:44.960 [main] DEBUG org.springframework.aop.framework.CglibAopProxy - Final method [public final void org.springframework.dao.support.DaoSupport.afterPropertiesSet() throws java.lang.IllegalArgumentException,org.springframework.beans.factory.BeanInitializationException] cannot get proxied via CGLIB: Calls to this method will NOT be routed to the target instance and might lead to NPEs against uninitialized fields in the proxy instance.
15:07:44.965 [main] DEBUG org.springframework.beans.factory.support.DefaultListableBeanFactory - Creating shared instance of singleton bean 'statsBusiness'
15:07:44.966 [main] DEBUG org.springframework.beans.factory.support.DefaultListableBeanFactory - Autowiring by type from bean name 'statsBusiness' via constructor to bean named 'userData'
15:07:44.971 [main] DEBUG org.springframework.beans.factory.support.DefaultListableBeanFactory - Creating shared instance of singleton bean 'emailBusiness'
15:07:44.972 [main] DEBUG org.springframework.beans.factory.support.DefaultListableBeanFactory - Creating shared instance of singleton bean 'smaClient'
15:07:44.972 [main] DEBUG org.springframework.beans.factory.support.DefaultListableBeanFactory - Autowiring by type from bean name 'smaClient' via factory method to bean named 'testServer'
15:07:44.974 [main] DEBUG org.springframework.beans.factory.support.DefaultListableBeanFactory - Autowiring by type from bean name 'emailBusiness' via constructor to bean named 'smaClient'
15:07:44.975 [main] DEBUG org.springframework.beans.factory.support.DefaultListableBeanFactory - Creating shared instance of singleton bean 'proxyClient'
15:07:44.976 [main] DEBUG org.springframework.beans.factory.support.DefaultListableBeanFactory - Autowiring by type from bean name 'proxyClient' via constructor to bean named 'testServer'
15:07:44.977 [main] DEBUG org.springframework.beans.factory.support.DefaultListableBeanFactory - Creating shared instance of singleton bean 'vipSessionBusiness'
15:07:44.978 [main] DEBUG org.springframework.beans.factory.support.DefaultListableBeanFactory - Autowiring by type from bean name 'vipSessionBusiness' via constructor to bean named 'testServer'
15:07:44.978 [main] DEBUG org.springframework.beans.factory.support.DefaultListableBeanFactory - Autowiring by type from bean name 'vipSessionBusiness' via constructor to bean named 'configurationBusiness'
15:07:44.984 [main] DEBUG org.springframework.beans.factory.support.DefaultListableBeanFactory - Creating shared instance of singleton bean 'dataSourceConfig'
15:07:44.985 [main] DEBUG org.springframework.beans.factory.support.DefaultListableBeanFactory - Creating shared instance of singleton bean 'transferPoolBusiness'
15:07:44.988 [main] DEBUG org.springframework.beans.factory.support.DefaultListableBeanFactory - Creating shared instance of singleton bean 'LFCBusiness'
15:07:44.989 [main] DEBUG org.springframework.beans.factory.support.DefaultListableBeanFactory - Autowiring by type from bean name 'LFCBusiness' via constructor to bean named 'testGridaClient'
15:07:44.989 [main] DEBUG org.springframework.beans.factory.support.DefaultListableBeanFactory - Autowiring by type from bean name 'LFCBusiness' via constructor to bean named 'lfcPathsBusiness'
15:07:44.996 [main] DEBUG org.springframework.beans.factory.support.DefaultListableBeanFactory - Autowiring by type from bean name 'transferPoolBusiness' via constructor to bean named 'testServer'
15:07:44.996 [main] DEBUG org.springframework.beans.factory.support.DefaultListableBeanFactory - Autowiring by type from bean name 'transferPoolBusiness' via constructor to bean named 'LFCBusiness'
15:07:44.996 [main] DEBUG org.springframework.beans.factory.support.DefaultListableBeanFactory - Autowiring by type from bean name 'transferPoolBusiness' via constructor to bean named 'testGridaPoolClient'
15:07:44.996 [main] DEBUG org.springframework.beans.factory.support.DefaultListableBeanFactory - Autowiring by type from bean name 'transferPoolBusiness' via constructor to bean named 'lfcPathsBusiness'
15:07:45.004 [main] DEBUG org.springframework.beans.factory.support.DefaultListableBeanFactory - Creating shared instance of singleton bean 'LFCPermissionBusiness'
15:07:45.006 [main] DEBUG org.springframework.beans.factory.support.DefaultListableBeanFactory - Autowiring by type from bean name 'LFCPermissionBusiness' via constructor to bean named 'dataManagerBusiness'
15:07:45.006 [main] DEBUG org.springframework.beans.factory.support.DefaultListableBeanFactory - Autowiring by type from bean name 'LFCPermissionBusiness' via constructor to bean named 'lfcPathsBusiness'
15:07:45.011 [main] DEBUG org.springframework.beans.factory.support.DefaultListableBeanFactory - Creating shared instance of singleton bean 'dataManagerDataInitializer'
15:07:45.012 [main] DEBUG org.springframework.beans.factory.support.DefaultListableBeanFactory - Autowiring by type from bean name 'dataManagerDataInitializer' via constructor to bean named 'lazyDataSource'
15:07:45.012 [main] DEBUG org.springframework.beans.factory.support.DefaultListableBeanFactory - Autowiring by type from bean name 'dataManagerDataInitializer' via constructor to bean named 'tableInitializer'
15:07:45.013 [main] DEBUG org.springframework.aop.framework.CglibAopProxy - Final method [public final javax.sql.DataSource org.springframework.jdbc.core.support.JdbcDaoSupport.getDataSource()] cannot get proxied via CGLIB: Calls to this method will NOT be routed to the target instance and might lead to NPEs against uninitialized fields in the proxy instance.
15:07:45.013 [main] DEBUG org.springframework.aop.framework.CglibAopProxy - Final method [public final void org.springframework.jdbc.core.support.JdbcDaoSupport.setDataSource(javax.sql.DataSource)] cannot get proxied via CGLIB: Calls to this method will NOT be routed to the target instance and might lead to NPEs against uninitialized fields in the proxy instance.
15:07:45.013 [main] DEBUG org.springframework.aop.framework.CglibAopProxy - Final method [protected final org.springframework.jdbc.support.SQLExceptionTranslator org.springframework.jdbc.core.support.JdbcDaoSupport.getExceptionTranslator()] cannot get proxied via CGLIB: Calls to this method will NOT be routed to the target instance and might lead to NPEs against uninitialized fields in the proxy instance.
15:07:45.013 [main] DEBUG org.springframework.aop.framework.CglibAopProxy - Final method [public final void org.springframework.jdbc.core.support.JdbcDaoSupport.setJdbcTemplate(org.springframework.jdbc.core.JdbcTemplate)] cannot get proxied via CGLIB: Calls to this method will NOT be routed to the target instance and might lead to NPEs against uninitialized fields in the proxy instance.
15:07:45.014 [main] DEBUG org.springframework.aop.framework.CglibAopProxy - Final method [public final org.springframework.jdbc.core.JdbcTemplate org.springframework.jdbc.core.support.JdbcDaoSupport.getJdbcTemplate()] cannot get proxied via CGLIB: Calls to this method will NOT be routed to the target instance and might lead to NPEs against uninitialized fields in the proxy instance.
15:07:45.014 [main] DEBUG org.springframework.aop.framework.CglibAopProxy - Final method [protected final void org.springframework.jdbc.core.support.JdbcDaoSupport.releaseConnection(java.sql.Connection)] cannot get proxied via CGLIB: Calls to this method will NOT be routed to the target instance and might lead to NPEs against uninitialized fields in the proxy instance.
15:07:45.014 [main] DEBUG org.springframework.aop.framework.CglibAopProxy - Final method [protected final java.sql.Connection org.springframework.jdbc.core.support.JdbcDaoSupport.getConnection() throws org.springframework.jdbc.CannotGetJdbcConnectionException] cannot get proxied via CGLIB: Calls to this method will NOT be routed to the target instance and might lead to NPEs against uninitialized fields in the proxy instance.
15:07:45.014 [main] INFO org.springframework.aop.framework.CglibAopProxy - Unable to proxy interface-implementing method [public final void org.springframework.dao.support.DaoSupport.afterPropertiesSet() throws java.lang.IllegalArgumentException,org.springframework.beans.factory.BeanInitializationException] because it is marked as final: Consider using interface-based JDK proxies instead!
15:07:45.014 [main] DEBUG org.springframework.aop.framework.CglibAopProxy - Final method [public final void org.springframework.dao.support.DaoSupport.afterPropertiesSet() throws java.lang.IllegalArgumentException,org.springframework.beans.factory.BeanInitializationException] cannot get proxied via CGLIB: Calls to this method will NOT be routed to the target instance and might lead to NPEs against uninitialized fields in the proxy instance.
15:07:45.018 [main] DEBUG org.springframework.beans.factory.support.DefaultListableBeanFactory - Creating shared instance of singleton bean 'messageBusiness'
15:07:45.020 [main] DEBUG org.springframework.beans.factory.support.DefaultListableBeanFactory - Creating shared instance of singleton bean 'messageData'
15:07:45.021 [main] DEBUG org.springframework.beans.factory.support.DefaultListableBeanFactory - Autowiring by type from bean name 'messageData' via constructor to bean named 'userData'
15:07:45.021 [main] DEBUG org.springframework.beans.factory.support.DefaultListableBeanFactory - Autowiring by type from bean name 'messageData' via constructor to bean named 'lazyDataSource'
15:07:45.025 [main] DEBUG org.springframework.beans.factory.support.DefaultListableBeanFactory - Creating shared instance of singleton bean 'groupMessageData'
15:07:45.027 [main] DEBUG org.springframework.beans.factory.support.DefaultListableBeanFactory - Autowiring by type from bean name 'groupMessageData' via constructor to bean named 'userData'
15:07:45.027 [main] DEBUG org.springframework.beans.factory.support.DefaultListableBeanFactory - Autowiring by type from bean name 'groupMessageData' via constructor to bean named 'groupData'
15:07:45.027 [main] DEBUG org.springframework.beans.factory.support.DefaultListableBeanFactory - Autowiring by type from bean name 'groupMessageData' via constructor to bean named 'messageData'
15:07:45.027 [main] DEBUG org.springframework.beans.factory.support.DefaultListableBeanFactory - Autowiring by type from bean name 'groupMessageData' via constructor to bean named 'lazyDataSource'
15:07:45.031 [main] DEBUG org.springframework.beans.factory.support.DefaultListableBeanFactory - Autowiring by type from bean name 'messageBusiness' via constructor to bean named 'messageData'
15:07:45.031 [main] DEBUG org.springframework.beans.factory.support.DefaultListableBeanFactory - Autowiring by type from bean name 'messageBusiness' via constructor to bean named 'groupMessageData'
15:07:45.031 [main] DEBUG org.springframework.beans.factory.support.DefaultListableBeanFactory - Autowiring by type from bean name 'messageBusiness' via constructor to bean named 'usersGroupsData'
15:07:45.032 [main] DEBUG org.springframework.beans.factory.support.DefaultListableBeanFactory - Autowiring by type from bean name 'messageBusiness' via constructor to bean named 'configurationBusiness'
15:07:45.032 [main] DEBUG org.springframework.beans.factory.support.DefaultListableBeanFactory - Autowiring by type from bean name 'messageBusiness' via constructor to bean named 'testEmailBusiness'
15:07:45.040 [main] DEBUG org.springframework.beans.factory.support.DefaultListableBeanFactory - Creating shared instance of singleton bean 'messagingDataInitializer'
15:07:45.041 [main] DEBUG org.springframework.beans.factory.support.DefaultListableBeanFactory - Autowiring by type from bean name 'messagingDataInitializer' via constructor to bean named 'lazyDataSource'
15:07:45.042 [main] DEBUG org.springframework.beans.factory.support.DefaultListableBeanFactory - Autowiring by type from bean name 'messagingDataInitializer' via constructor to bean named 'tableInitializer'
15:07:45.043 [main] DEBUG org.springframework.aop.framework.CglibAopProxy - Final method [public final javax.sql.DataSource org.springframework.jdbc.core.support.JdbcDaoSupport.getDataSource()] cannot get proxied via CGLIB: Calls to this method will NOT be routed to the target instance and might lead to NPEs against uninitialized fields in the proxy instance.
15:07:45.043 [main] DEBUG org.springframework.aop.framework.CglibAopProxy - Final method [public final void org.springframework.jdbc.core.support.JdbcDaoSupport.setDataSource(javax.sql.DataSource)] cannot get proxied via CGLIB: Calls to this method will NOT be routed to the target instance and might lead to NPEs against uninitialized fields in the proxy instance.
15:07:45.043 [main] DEBUG org.springframework.aop.framework.CglibAopProxy - Final method [protected final org.springframework.jdbc.support.SQLExceptionTranslator org.springframework.jdbc.core.support.JdbcDaoSupport.getExceptionTranslator()] cannot get proxied via CGLIB: Calls to this method will NOT be routed to the target instance and might lead to NPEs against uninitialized fields in the proxy instance.
15:07:45.043 [main] DEBUG org.springframework.aop.framework.CglibAopProxy - Final method [public final void org.springframework.jdbc.core.support.JdbcDaoSupport.setJdbcTemplate(org.springframework.jdbc.core.JdbcTemplate)] cannot get proxied via CGLIB: Calls to this method will NOT be routed to the target instance and might lead to NPEs against uninitialized fields in the proxy instance.
15:07:45.043 [main] DEBUG org.springframework.aop.framework.CglibAopProxy - Final method [public final org.springframework.jdbc.core.JdbcTemplate org.springframework.jdbc.core.support.JdbcDaoSupport.getJdbcTemplate()] cannot get proxied via CGLIB: Calls to this method will NOT be routed to the target instance and might lead to NPEs against uninitialized fields in the proxy instance.
15:07:45.043 [main] DEBUG org.springframework.aop.framework.CglibAopProxy - Final method [protected final void org.springframework.jdbc.core.support.JdbcDaoSupport.releaseConnection(java.sql.Connection)] cannot get proxied via CGLIB: Calls to this method will NOT be routed to the target instance and might lead to NPEs against uninitialized fields in the proxy instance.
15:07:45.043 [main] DEBUG org.springframework.aop.framework.CglibAopProxy - Final method [protected final java.sql.Connection org.springframework.jdbc.core.support.JdbcDaoSupport.getConnection() throws org.springframework.jdbc.CannotGetJdbcConnectionException] cannot get proxied via CGLIB: Calls to this method will NOT be routed to the target instance and might lead to NPEs against uninitialized fields in the proxy instance.
15:07:45.043 [main] INFO org.springframework.aop.framework.CglibAopProxy - Unable to proxy interface-implementing method [public final void org.springframework.dao.support.DaoSupport.afterPropertiesSet() throws java.lang.IllegalArgumentException,org.springframework.beans.factory.BeanInitializationException] because it is marked as final: Consider using interface-based JDK proxies instead!
15:07:45.043 [main] DEBUG org.springframework.aop.framework.CglibAopProxy - Final method [public final void org.springframework.dao.support.DaoSupport.afterPropertiesSet() throws java.lang.IllegalArgumentException,org.springframework.beans.factory.BeanInitializationException] cannot get proxied via CGLIB: Calls to this method will NOT be routed to the target instance and might lead to NPEs against uninitialized fields in the proxy instance.
15:07:45.048 [main] DEBUG org.springframework.beans.factory.support.DefaultListableBeanFactory - Creating shared instance of singleton bean 'workflowsDBDAOFactory'
15:07:45.096 [main] DEBUG org.springframework.beans.factory.support.DefaultListableBeanFactory - Creating shared instance of singleton bean 'vipConfigFolder'
15:07:45.098 [main] DEBUG org.springframework.beans.factory.support.DefaultListableBeanFactory - Autowiring by type from bean name 'vipConfigFolder' via factory method to bean named 'org.springframework.context.support.GenericApplicationContext@27ab206'
15:07:45.098 [main] DEBUG org.springframework.core.env.PropertySourcesPropertyResolver - Found key 'user.home' in PropertySource 'systemProperties' with value of type String
15:07:45.099 [main] INFO fr.insalyon.creatis.vip.core.server.SpringCoreConfig - vipConfigFolder property not found, using user-home : /home/marza/.vip/
15:07:45.118 [main] DEBUG org.springframework.beans.factory.support.DefaultListableBeanFactory - Creating shared instance of singleton bean 'transactionManager'
15:07:45.119 [main] DEBUG org.springframework.beans.factory.support.DefaultListableBeanFactory - Autowiring by type from bean name 'transactionManager' via factory method to bean named 'lazyDataSource'
15:07:45.135 [main] DEBUG org.springframework.beans.factory.support.DefaultListableBeanFactory - Creating shared instance of singleton bean 'gridaClient'
15:07:45.136 [main] DEBUG org.springframework.beans.factory.support.DefaultListableBeanFactory - Autowiring by type from bean name 'gridaClient' via factory method to bean named 'testServer'
15:07:45.138 [main] DEBUG org.springframework.beans.factory.support.DefaultListableBeanFactory - Creating shared instance of singleton bean 'gridaPoolClient'
15:07:45.138 [main] DEBUG org.springframework.beans.factory.support.DefaultListableBeanFactory - Autowiring by type from bean name 'gridaPoolClient' via factory method to bean named 'testServer'
15:07:45.155 [main] DEBUG org.springframework.context.event.EventListenerMethodProcessor - 1 @EventListener methods processed on bean 'applicationDataInitializer': {public void fr.insalyon.creatis.vip.application.server.dao.mysql.ApplicationDataInitializer.onStartup()=@org.springframework.context.event.EventListener(classes=[org.springframework.context.event.ContextRefreshedEvent], condition=, id=, value=[org.springframework.context.event.ContextRefreshedEvent])}
15:07:45.161 [main] DEBUG org.springframework.context.event.EventListenerMethodProcessor - 1 @EventListener methods processed on bean 'coreDataInitializer': {public void fr.insalyon.creatis.vip.core.server.dao.mysql.CoreDataInitializer.onStartup()=@org.springframework.context.event.EventListener(classes=[org.springframework.context.event.ContextRefreshedEvent], condition=, id=, value=[org.springframework.context.event.ContextRefreshedEvent])}
15:07:45.163 [main] DEBUG org.springframework.context.event.EventListenerMethodProcessor - 1 @EventListener methods processed on bean 'dataManagerDataInitializer': {public void fr.insalyon.creatis.vip.datamanager.server.dao.mysql.DataManagerDataInitializer.onStartup()=@org.springframework.context.event.EventListener(classes=[org.springframework.context.event.ContextRefreshedEvent], condition=, id=, value=[org.springframework.context.event.ContextRefreshedEvent])}
15:07:45.163 [main] DEBUG org.springframework.context.event.EventListenerMethodProcessor - 1 @EventListener methods processed on bean 'messagingDataInitializer': {public void fr.insalyon.creatis.vip.social.server.dao.mysql.MessagingDataInitializer.onStartup()=@org.springframework.context.event.EventListener(classes=[org.springframework.context.event.ContextRefreshedEvent], condition=, id=, value=[org.springframework.context.event.ContextRefreshedEvent])}
15:07:45.180 [main] DEBUG org.springframework.jdbc.datasource.DataSourceTransactionManager - Creating new transaction with name [fr.insalyon.creatis.vip.core.server.dao.mysql.CoreDataInitializer.onStartup]: PROPAGATION_REQUIRED,ISOLATION_DEFAULT
15:07:45.193 [main] DEBUG org.springframework.jdbc.datasource.DataSourceTransactionManager - Acquired Connection [Lazy Connection proxy for target DataSource [org.springframework.jdbc.datasource.embedded.EmbeddedDatabaseFactory$EmbeddedDataSourceProxy@6a5754f5]] for JDBC transaction
15:07:45.197 [main] DEBUG org.springframework.jdbc.datasource.DataSourceTransactionManager - Switching JDBC Connection [Lazy Connection proxy for target DataSource [org.springframework.jdbc.datasource.embedded.EmbeddedDatabaseFactory$EmbeddedDataSourceProxy@6a5754f5]] to manual commit
15:07:45.210 [main] INFO fr.insalyon.creatis.vip.core.server.dao.mysql.CoreDataInitializer - Configuring VIP core database.
15:07:45.210 [main] DEBUG org.springframework.jdbc.datasource.DataSourceTransactionManager - Participating in existing transaction
15:07:45.220 [main] DEBUG org.springframework.jdbc.datasource.SimpleDriverDataSource - Creating new JDBC Driver Connection to [jdbc:h2:mem:721265e4-617f-4743-93c8-471934e5fd7f;DB_CLOSE_DELAY=-1;DB_CLOSE_ON_EXIT=false]
15:07:45.242 [main] INFO fr.insalyon.creatis.vip.core.server.dao.mysql.TableInitializer - Table VIPUsers successfully created.
15:07:45.255 [main] DEBUG org.springframework.jdbc.datasource.DataSourceTransactionManager - Participating in existing transaction
15:07:45.261 [main] DEBUG org.springframework.jdbc.datasource.DataSourceTransactionManager - Participating in existing transaction
15:07:45.262 [main] INFO fr.insalyon.creatis.vip.core.server.dao.mysql.TableInitializer - Table VIPGroups successfully created.
15:07:45.263 [main] DEBUG org.springframework.jdbc.datasource.DataSourceTransactionManager - Participating in existing transaction
15:07:45.264 [main] DEBUG org.springframework.jdbc.datasource.DataSourceTransactionManager - Participating in existing transaction
15:07:45.276 [main] INFO fr.insalyon.creatis.vip.core.server.dao.mysql.TableInitializer - Table VIPUsersGroups successfully created.
15:07:45.277 [main] DEBUG org.springframework.jdbc.datasource.DataSourceTransactionManager - Participating in existing transaction
15:07:45.278 [main] DEBUG org.springframework.jdbc.datasource.DataSourceTransactionManager - Participating in existing transaction
15:07:45.283 [main] INFO fr.insalyon.creatis.vip.core.server.dao.mysql.TableInitializer - Table VIPTermsOfuse successfully created.
15:07:45.283 [main] DEBUG org.springframework.jdbc.datasource.DataSourceTransactionManager - Participating in existing transaction
15:07:45.284 [main] DEBUG org.springframework.jdbc.datasource.DataSourceTransactionManager - Initiating transaction commit
15:07:45.285 [main] DEBUG org.springframework.jdbc.datasource.DataSourceTransactionManager - Committing JDBC transaction on Connection [conn3: url=jdbc:h2:mem:721265e4-617f-4743-93c8-471934e5fd7f user=SA]
15:07:45.285 [main] DEBUG org.springframework.jdbc.datasource.DataSourceTransactionManager - Releasing JDBC Connection [conn3: url=jdbc:h2:mem:721265e4-617f-4743-93c8-471934e5fd7f user=SA] after transaction
15:07:45.285 [main] DEBUG org.springframework.jdbc.datasource.DataSourceTransactionManager - Creating new transaction with name [fr.insalyon.creatis.vip.application.server.dao.mysql.ApplicationDataInitializer.onStartup]: PROPAGATION_REQUIRED,ISOLATION_DEFAULT
15:07:45.286 [main] DEBUG org.springframework.jdbc.datasource.DataSourceTransactionManager - Acquired Connection [Lazy Connection proxy for target DataSource [org.springframework.jdbc.datasource.embedded.EmbeddedDatabaseFactory$EmbeddedDataSourceProxy@6a5754f5]] for JDBC transaction
15:07:45.286 [main] DEBUG org.springframework.jdbc.datasource.DataSourceTransactionManager - Switching JDBC Connection [Lazy Connection proxy for target DataSource [org.springframework.jdbc.datasource.embedded.EmbeddedDatabaseFactory$EmbeddedDataSourceProxy@6a5754f5]] to manual commit
15:07:45.294 [main] INFO fr.insalyon.creatis.vip.application.server.dao.mysql.ApplicationDataInitializer - Configuring VIP Application database.
15:07:45.294 [main] DEBUG org.springframework.jdbc.datasource.DataSourceTransactionManager - Participating in existing transaction
15:07:45.295 [main] DEBUG org.springframework.jdbc.datasource.SimpleDriverDataSource - Creating new JDBC Driver Connection to [jdbc:h2:mem:721265e4-617f-4743-93c8-471934e5fd7f;DB_CLOSE_DELAY=-1;DB_CLOSE_ON_EXIT=false]
15:07:45.296 [main] INFO fr.insalyon.creatis.vip.core.server.dao.mysql.TableInitializer - Table VIPEngines successfully created.
15:07:45.296 [main] DEBUG org.springframework.jdbc.datasource.DataSourceTransactionManager - Participating in existing transaction
15:07:45.297 [main] INFO fr.insalyon.creatis.vip.core.server.dao.mysql.TableInitializer - Table VIPClasses successfully created.
15:07:45.297 [main] DEBUG org.springframework.jdbc.datasource.DataSourceTransactionManager - Participating in existing transaction
15:07:45.299 [main] INFO fr.insalyon.creatis.vip.core.server.dao.mysql.TableInitializer - Table VIPClassesEngines successfully created.
15:07:45.299 [main] DEBUG org.springframework.jdbc.datasource.DataSourceTransactionManager - Participating in existing transaction
15:07:45.302 [main] INFO fr.insalyon.creatis.vip.core.server.dao.mysql.TableInitializer - Table VIPGroupsClasses successfully created.
15:07:45.302 [main] DEBUG org.springframework.jdbc.datasource.DataSourceTransactionManager - Participating in existing transaction
15:07:45.303 [main] INFO fr.insalyon.creatis.vip.core.server.dao.mysql.TableInitializer - Table VIPApplications successfully created.
15:07:45.303 [main] DEBUG org.springframework.jdbc.datasource.DataSourceTransactionManager - Participating in existing transaction
15:07:45.305 [main] INFO fr.insalyon.creatis.vip.core.server.dao.mysql.TableInitializer - Table VIPAppVersions successfully created.
15:07:45.305 [main] DEBUG org.springframework.jdbc.datasource.DataSourceTransactionManager - Participating in existing transaction
15:07:45.308 [main] INFO fr.insalyon.creatis.vip.core.server.dao.mysql.TableInitializer - Table VIPApplicationClasses successfully created.
15:07:45.308 [main] DEBUG org.springframework.jdbc.datasource.DataSourceTransactionManager - Participating in existing transaction
15:07:45.309 [main] INFO fr.insalyon.creatis.vip.core.server.dao.mysql.TableInitializer - Table VIPAppInputs successfully created.
15:07:45.309 [main] DEBUG org.springframework.jdbc.datasource.DataSourceTransactionManager - Participating in existing transaction
15:07:45.310 [main] INFO fr.insalyon.creatis.vip.core.server.dao.mysql.TableInitializer - Table VIPAppExamples successfully created.
15:07:45.310 [main] DEBUG org.springframework.jdbc.datasource.DataSourceTransactionManager - Initiating transaction commit
15:07:45.310 [main] DEBUG org.springframework.jdbc.datasource.DataSourceTransactionManager - Committing JDBC transaction on Connection [conn4: url=jdbc:h2:mem:721265e4-617f-4743-93c8-471934e5fd7f user=SA]
15:07:45.310 [main] DEBUG org.springframework.jdbc.datasource.DataSourceTransactionManager - Releasing JDBC Connection [conn4: url=jdbc:h2:mem:721265e4-617f-4743-93c8-471934e5fd7f user=SA] after transaction
15:07:45.310 [main] DEBUG org.springframework.jdbc.datasource.DataSourceTransactionManager - Creating new transaction with name [fr.insalyon.creatis.vip.datamanager.server.dao.mysql.DataManagerDataInitializer.onStartup]: PROPAGATION_REQUIRED,ISOLATION_DEFAULT
15:07:45.311 [main] DEBUG org.springframework.jdbc.datasource.DataSourceTransactionManager - Acquired Connection [Lazy Connection proxy for target DataSource [org.springframework.jdbc.datasource.embedded.EmbeddedDatabaseFactory$EmbeddedDataSourceProxy@6a5754f5]] for JDBC transaction
15:07:45.311 [main] DEBUG org.springframework.jdbc.datasource.DataSourceTransactionManager - Switching JDBC Connection [Lazy Connection proxy for target DataSource [org.springframework.jdbc.datasource.embedded.EmbeddedDatabaseFactory$EmbeddedDataSourceProxy@6a5754f5]] to manual commit
15:07:45.319 [main] INFO fr.insalyon.creatis.vip.datamanager.server.dao.mysql.DataManagerDataInitializer - Configuring VIP SSH database.
15:07:45.319 [main] DEBUG org.springframework.jdbc.datasource.DataSourceTransactionManager - Participating in existing transaction
15:07:45.320 [main] DEBUG org.springframework.jdbc.datasource.SimpleDriverDataSource - Creating new JDBC Driver Connection to [jdbc:h2:mem:721265e4-617f-4743-93c8-471934e5fd7f;DB_CLOSE_DELAY=-1;DB_CLOSE_ON_EXIT=false]
15:07:45.322 [main] INFO fr.insalyon.creatis.vip.core.server.dao.mysql.TableInitializer - Table VIPSSHAccounts successfully created.
15:07:45.322 [main] INFO fr.insalyon.creatis.vip.datamanager.server.dao.mysql.DataManagerDataInitializer - Configuring VIP External Platforms database.
15:07:45.322 [main] DEBUG org.springframework.jdbc.datasource.DataSourceTransactionManager - Participating in existing transaction
15:07:45.323 [main] INFO fr.insalyon.creatis.vip.core.server.dao.mysql.TableInitializer - Table VIPExternalPlatforms successfully created.
15:07:45.323 [main] INFO fr.insalyon.creatis.vip.datamanager.server.dao.mysql.DataManagerDataInitializer - Configuring VIP api keys database.
15:07:45.323 [main] DEBUG org.springframework.jdbc.datasource.DataSourceTransactionManager - Participating in existing transaction
15:07:45.325 [main] INFO fr.insalyon.creatis.vip.core.server.dao.mysql.TableInitializer - Table VIPApiKeys successfully created.
15:07:45.325 [main] DEBUG org.springframework.jdbc.datasource.DataSourceTransactionManager - Initiating transaction commit
15:07:45.325 [main] DEBUG org.springframework.jdbc.datasource.DataSourceTransactionManager - Committing JDBC transaction on Connection [conn5: url=jdbc:h2:mem:721265e4-617f-4743-93c8-471934e5fd7f user=SA]
15:07:45.326 [main] DEBUG org.springframework.jdbc.datasource.DataSourceTransactionManager - Releasing JDBC Connection [conn5: url=jdbc:h2:mem:721265e4-617f-4743-93c8-471934e5fd7f user=SA] after transaction
15:07:45.326 [main] DEBUG org.springframework.jdbc.datasource.DataSourceTransactionManager - Creating new transaction with name [fr.insalyon.creatis.vip.social.server.dao.mysql.MessagingDataInitializer.onStartup]: PROPAGATION_REQUIRED,ISOLATION_DEFAULT
15:07:45.326 [main] DEBUG org.springframework.jdbc.datasource.DataSourceTransactionManager - Acquired Connection [Lazy Connection proxy for target DataSource [org.springframework.jdbc.datasource.embedded.EmbeddedDatabaseFactory$EmbeddedDataSourceProxy@6a5754f5]] for JDBC transaction
15:07:45.327 [main] DEBUG org.springframework.jdbc.datasource.DataSourceTransactionManager - Switching JDBC Connection [Lazy Connection proxy for target DataSource [org.springframework.jdbc.datasource.embedded.EmbeddedDatabaseFactory$EmbeddedDataSourceProxy@6a5754f5]] to manual commit
15:07:45.334 [main] INFO fr.insalyon.creatis.vip.social.server.dao.mysql.MessagingDataInitializer - Configuring VIP Social database.
15:07:45.334 [main] DEBUG org.springframework.jdbc.datasource.DataSourceTransactionManager - Participating in existing transaction
15:07:45.335 [main] DEBUG org.springframework.jdbc.datasource.SimpleDriverDataSource - Creating new JDBC Driver Connection to [jdbc:h2:mem:721265e4-617f-4743-93c8-471934e5fd7f;DB_CLOSE_DELAY=-1;DB_CLOSE_ON_EXIT=false]
15:07:45.337 [main] INFO fr.insalyon.creatis.vip.core.server.dao.mysql.TableInitializer - Table VIPSocialMessage successfully created.
15:07:45.337 [main] DEBUG org.springframework.jdbc.datasource.DataSourceTransactionManager - Participating in existing transaction
15:07:45.340 [main] INFO fr.insalyon.creatis.vip.core.server.dao.mysql.TableInitializer - Table VIPSocialMessageSenderReceiver successfully created.
15:07:45.340 [main] DEBUG org.springframework.jdbc.datasource.DataSourceTransactionManager - Participating in existing transaction
15:07:45.342 [main] INFO fr.insalyon.creatis.vip.core.server.dao.mysql.TableInitializer - Table VIPSocialGroupMessage successfully created.
15:07:45.343 [main] DEBUG org.springframework.jdbc.datasource.DataSourceTransactionManager - Initiating transaction commit
15:07:45.343 [main] DEBUG org.springframework.jdbc.datasource.DataSourceTransactionManager - Committing JDBC transaction on Connection [conn6: url=jdbc:h2:mem:721265e4-617f-4743-93c8-471934e5fd7f user=SA]
15:07:45.343 [main] DEBUG org.springframework.jdbc.datasource.DataSourceTransactionManager - Releasing JDBC Connection [conn6: url=jdbc:h2:mem:721265e4-617f-4743-93c8-471934e5fd7f user=SA] after transaction
15:07:45.348 [main] DEBUG org.springframework.test.context.cache.DefaultCacheAwareContextLoaderDelegate - Storing ApplicationContext [41595398] in cache under key [[MergedContextConfiguration@39266403 testClass = SimulationIT, locations = '{}', classes = '{class fr.insalyon.creatis.vip.core.server.SpringCoreConfig}', contextInitializerClasses = '[]', activeProfiles = '{test-db, test}', propertySourceLocations = '{}', propertySourceProperties = '{db.tableEngine=}', contextCustomizers = set[[empty]], contextLoader = 'org.springframework.test.context.support.DelegatingSmartContextLoader', parent = [null]]]
15:07:45.348 [main] DEBUG org.springframework.test.context.cache - Spring test ApplicationContext cache statistics: [DefaultContextCache@6bdb83c1 size = 1, maxSize = 32, parentContextCount = 0, hitCount = 0, missCount = 1]
15:07:45.353 [main] DEBUG org.springframework.test.context.cache.DefaultCacheAwareContextLoaderDelegate - Retrieved ApplicationContext [41595398] from cache with key [[MergedContextConfiguration@39266403 testClass = SimulationIT, locations = '{}', classes = '{class fr.insalyon.creatis.vip.core.server.SpringCoreConfig}', contextInitializerClasses = '[]', activeProfiles = '{test-db, test}', propertySourceLocations = '{}', propertySourceProperties = '{db.tableEngine=}', contextCustomizers = set[[empty]], contextLoader = 'org.springframework.test.context.support.DelegatingSmartContextLoader', parent = [null]]]
15:07:45.353 [main] DEBUG org.springframework.test.context.cache - Spring test ApplicationContext cache statistics: [DefaultContextCache@6bdb83c1 size = 1, maxSize = 32, parentContextCount = 0, hitCount = 1, missCount = 1]
15:07:45.378 [main] DEBUG org.springframework.test.context.support.AbstractDirtiesContextTestExecutionListener - Before test method: context [DefaultTestContext@6bce313 testClass = SimulationIT, testInstance = fr.insalyon.creatis.vip.application.integrationtest.SimulationIT@7a0ab480, testMethod = testSimulationGetProperties@SimulationIT, testException = [null], mergedContextConfiguration = [MergedContextConfiguration@39266403 testClass = SimulationIT, locations = '{}', classes = '{class fr.insalyon.creatis.vip.core.server.SpringCoreConfig}', contextInitializerClasses = '[]', activeProfiles = '{test-db, test}', propertySourceLocations = '{}', propertySourceProperties = '{db.tableEngine=}', contextCustomizers = set[[empty]], contextLoader = 'org.springframework.test.context.support.DelegatingSmartContextLoader', parent = [null]], attributes = map['org.springframework.test.context.event.ApplicationEventsTestExecutionListener.recordApplicationEvents' -> false]], class annotated with @DirtiesContext [true] with mode [AFTER_EACH_TEST_METHOD], method annotated with @DirtiesContext [false] with mode [null].
15:07:45.382 [main] DEBUG org.springframework.test.context.transaction.TransactionalTestExecutionListener - Explicit transaction definition [PROPAGATION_REQUIRED,ISOLATION_DEFAULT] found for test context [DefaultTestContext@6bce313 testClass = SimulationIT, testInstance = fr.insalyon.creatis.vip.application.integrationtest.SimulationIT@7a0ab480, testMethod = testSimulationGetProperties@SimulationIT, testException = [null], mergedContextConfiguration = [MergedContextConfiguration@39266403 testClass = SimulationIT, locations = '{}', classes = '{class fr.insalyon.creatis.vip.core.server.SpringCoreConfig}', contextInitializerClasses = '[]', activeProfiles = '{test-db, test}', propertySourceLocations = '{}', propertySourceProperties = '{db.tableEngine=}', contextCustomizers = set[[empty]], contextLoader = 'org.springframework.test.context.support.DelegatingSmartContextLoader', parent = [null]], attributes = map['org.springframework.test.context.event.ApplicationEventsTestExecutionListener.recordApplicationEvents' -> false]]
15:07:45.382 [main] DEBUG org.springframework.test.context.cache.DefaultCacheAwareContextLoaderDelegate - Retrieved ApplicationContext [41595398] from cache with key [[MergedContextConfiguration@39266403 testClass = SimulationIT, locations = '{}', classes = '{class fr.insalyon.creatis.vip.core.server.SpringCoreConfig}', contextInitializerClasses = '[]', activeProfiles = '{test-db, test}', propertySourceLocations = '{}', propertySourceProperties = '{db.tableEngine=}', contextCustomizers = set[[empty]], contextLoader = 'org.springframework.test.context.support.DelegatingSmartContextLoader', parent = [null]]]
15:07:45.382 [main] DEBUG org.springframework.test.context.cache - Spring test ApplicationContext cache statistics: [DefaultContextCache@6bdb83c1 size = 1, maxSize = 32, parentContextCount = 0, hitCount = 2, missCount = 1]
15:07:45.385 [main] DEBUG org.springframework.test.context.transaction.TransactionalTestExecutionListener - No method-level @Rollback override: using default rollback [true] for test context [DefaultTestContext@6bce313 testClass = SimulationIT, testInstance = fr.insalyon.creatis.vip.application.integrationtest.SimulationIT@7a0ab480, testMethod = testSimulationGetProperties@SimulationIT, testException = [null], mergedContextConfiguration = [MergedContextConfiguration@39266403 testClass = SimulationIT, locations = '{}', classes = '{class fr.insalyon.creatis.vip.core.server.SpringCoreConfig}', contextInitializerClasses = '[]', activeProfiles = '{test-db, test}', propertySourceLocations = '{}', propertySourceProperties = '{db.tableEngine=}', contextCustomizers = set[[empty]], contextLoader = 'org.springframework.test.context.support.DelegatingSmartContextLoader', parent = [null]], attributes = map['org.springframework.test.context.event.ApplicationEventsTestExecutionListener.recordApplicationEvents' -> false]].
15:07:45.386 [main] DEBUG org.springframework.jdbc.datasource.DataSourceTransactionManager - Creating new transaction with name [fr.insalyon.creatis.vip.application.integrationtest.SimulationIT.testSimulationGetProperties]: PROPAGATION_REQUIRED,ISOLATION_DEFAULT
15:07:45.386 [main] DEBUG org.springframework.jdbc.datasource.DataSourceTransactionManager - Acquired Connection [Lazy Connection proxy for target DataSource [org.springframework.jdbc.datasource.embedded.EmbeddedDatabaseFactory$EmbeddedDataSourceProxy@6a5754f5]] for JDBC transaction
15:07:45.387 [main] DEBUG org.springframework.jdbc.datasource.DataSourceTransactionManager - Switching JDBC Connection [Lazy Connection proxy for target DataSource [org.springframework.jdbc.datasource.embedded.EmbeddedDatabaseFactory$EmbeddedDataSourceProxy@6a5754f5]] to manual commit
15:07:45.387 [main] INFO org.springframework.test.context.transaction.TransactionContext - Began transaction (1) for test context [DefaultTestContext@6bce313 testClass = SimulationIT, testInstance = fr.insalyon.creatis.vip.application.integrationtest.SimulationIT@7a0ab480, testMethod = testSimulationGetProperties@SimulationIT, testException = [null], mergedContextConfiguration = [MergedContextConfiguration@39266403 testClass = SimulationIT, locations = '{}', classes = '{class fr.insalyon.creatis.vip.core.server.SpringCoreConfig}', contextInitializerClasses = '[]', activeProfiles = '{test-db, test}', propertySourceLocations = '{}', propertySourceProperties = '{db.tableEngine=}', contextCustomizers = set[[empty]], contextLoader = 'org.springframework.test.context.support.DelegatingSmartContextLoader', parent = [null]], attributes = map['org.springframework.test.context.event.ApplicationEventsTestExecutionListener.recordApplicationEvents' -> false]]; transaction manager [org.springframework.jdbc.datasource.DataSourceTransactionManager@215c0db5]; rollback [true]
15:07:45.391 [main] DEBUG org.springframework.test.context.cache.DefaultCacheAwareContextLoaderDelegate - Retrieved ApplicationContext [41595398] from cache with key [[MergedContextConfiguration@39266403 testClass = SimulationIT, locations = '{}', classes = '{class fr.insalyon.creatis.vip.core.server.SpringCoreConfig}', contextInitializerClasses = '[]', activeProfiles = '{test-db, test}', propertySourceLocations = '{}', propertySourceProperties = '{db.tableEngine=}', contextCustomizers = set[[empty]], contextLoader = 'org.springframework.test.context.support.DelegatingSmartContextLoader', parent = [null]]]
15:07:45.391 [main] DEBUG org.springframework.test.context.cache - Spring test ApplicationContext cache statistics: [DefaultContextCache@6bdb83c1 size = 1, maxSize = 32, parentContextCount = 0, hitCount = 3, missCount = 1]
15:07:45.496 [main] DEBUG org.springframework.test.context.cache.DefaultCacheAwareContextLoaderDelegate - Retrieved ApplicationContext [41595398] from cache with key [[MergedContextConfiguration@39266403 testClass = SimulationIT, locations = '{}', classes = '{class fr.insalyon.creatis.vip.core.server.SpringCoreConfig}', contextInitializerClasses = '[]', activeProfiles = '{test-db, test}', propertySourceLocations = '{}', propertySourceProperties = '{db.tableEngine=}', contextCustomizers = set[[empty]], contextLoader = 'org.springframework.test.context.support.DelegatingSmartContextLoader', parent = [null]]]
15:07:45.497 [main] DEBUG org.springframework.test.context.cache - Spring test ApplicationContext cache statistics: [DefaultContextCache@6bdb83c1 size = 1, maxSize = 32, parentContextCount = 0, hitCount = 4, missCount = 1]
15:07:45.506 [main] DEBUG org.springframework.test.context.cache.DefaultCacheAwareContextLoaderDelegate - Retrieved ApplicationContext [41595398] from cache with key [[MergedContextConfiguration@39266403 testClass = SimulationIT, locations = '{}', classes = '{class fr.insalyon.creatis.vip.core.server.SpringCoreConfig}', contextInitializerClasses = '[]', activeProfiles = '{test-db, test}', propertySourceLocations = '{}', propertySourceProperties = '{db.tableEngine=}', contextCustomizers = set[[empty]], contextLoader = 'org.springframework.test.context.support.DelegatingSmartContextLoader', parent = [null]]]
15:07:45.507 [main] DEBUG org.springframework.test.context.cache - Spring test ApplicationContext cache statistics: [DefaultContextCache@6bdb83c1 size = 1, maxSize = 32, parentContextCount = 0, hitCount = 5, missCount = 1]
15:07:45.510 [main] DEBUG org.springframework.test.context.cache.DefaultCacheAwareContextLoaderDelegate - Retrieved ApplicationContext [41595398] from cache with key [[MergedContextConfiguration@39266403 testClass = SimulationIT, locations = '{}', classes = '{class fr.insalyon.creatis.vip.core.server.SpringCoreConfig}', contextInitializerClasses = '[]', activeProfiles = '{test-db, test}', propertySourceLocations = '{}', propertySourceProperties = '{db.tableEngine=}', contextCustomizers = set[[empty]], contextLoader = 'org.springframework.test.context.support.DelegatingSmartContextLoader', parent = [null]]]
15:07:45.510 [main] DEBUG org.springframework.test.context.cache - Spring test ApplicationContext cache statistics: [DefaultContextCache@6bdb83c1 size = 1, maxSize = 32, parentContextCount = 0, hitCount = 6, missCount = 1]
15:07:45.512 [main] DEBUG org.springframework.jdbc.datasource.DataSourceTransactionManager - Initiating transaction rollback
15:07:45.513 [main] DEBUG org.springframework.jdbc.datasource.DataSourceTransactionManager - Rolling back JDBC transaction on Connection [Lazy Connection proxy for target DataSource [org.springframework.jdbc.datasource.embedded.EmbeddedDatabaseFactory$EmbeddedDataSourceProxy@6a5754f5]]
15:07:45.513 [main] DEBUG org.springframework.jdbc.datasource.DataSourceTransactionManager - Releasing JDBC Connection [Lazy Connection proxy for target DataSource [org.springframework.jdbc.datasource.embedded.EmbeddedDatabaseFactory$EmbeddedDataSourceProxy@6a5754f5]] after transaction
15:07:45.513 [main] INFO org.springframework.test.context.transaction.TransactionContext - Rolled back transaction for test: [DefaultTestContext@6bce313 testClass = SimulationIT, testInstance = fr.insalyon.creatis.vip.application.integrationtest.SimulationIT@7a0ab480, testMethod = testSimulationGetProperties@SimulationIT, testException = [null], mergedContextConfiguration = [MergedContextConfiguration@39266403 testClass = SimulationIT, locations = '{}', classes = '{class fr.insalyon.creatis.vip.core.server.SpringCoreConfig}', contextInitializerClasses = '[]', activeProfiles = '{test-db, test}', propertySourceLocations = '{}', propertySourceProperties = '{db.tableEngine=}', contextCustomizers = set[[empty]], contextLoader = 'org.springframework.test.context.support.DelegatingSmartContextLoader', parent = [null]], attributes = map['org.springframework.test.context.event.ApplicationEventsTestExecutionListener.recordApplicationEvents' -> false]]
15:07:45.514 [main] DEBUG org.springframework.test.context.support.AbstractDirtiesContextTestExecutionListener - After test method: context [DefaultTestContext@6bce313 testClass = SimulationIT, testInstance = fr.insalyon.creatis.vip.application.integrationtest.SimulationIT@7a0ab480, testMethod = testSimulationGetProperties@SimulationIT, testException = [null], mergedContextConfiguration = [MergedContextConfiguration@39266403 testClass = SimulationIT, locations = '{}', classes = '{class fr.insalyon.creatis.vip.core.server.SpringCoreConfig}', contextInitializerClasses = '[]', activeProfiles = '{test-db, test}', propertySourceLocations = '{}', propertySourceProperties = '{db.tableEngine=}', contextCustomizers = set[[empty]], contextLoader = 'org.springframework.test.context.support.DelegatingSmartContextLoader', parent = [null]], attributes = map['org.springframework.test.context.event.ApplicationEventsTestExecutionListener.recordApplicationEvents' -> false]], class annotated with @DirtiesContext [true] with mode [AFTER_EACH_TEST_METHOD], method annotated with @DirtiesContext [false] with mode [null].
15:07:45.521 [main] DEBUG org.springframework.context.support.GenericApplicationContext - Closing org.springframework.context.support.GenericApplicationContext@27ab206, started on Fri Jul 07 15:07:41 CEST 2023
15:07:45.527 [main] INFO org.springframework.jdbc.datasource.embedded.EmbeddedDatabaseFactory - Shutting down embedded database: url='jdbc:h2:mem:721265e4-617f-4743-93c8-471934e5fd7f;DB_CLOSE_DELAY=-1;DB_CLOSE_ON_EXIT=false'
15:07:45.527 [main] DEBUG org.springframework.jdbc.datasource.SimpleDriverDataSource - Creating new JDBC Driver Connection to [jdbc:h2:mem:721265e4-617f-4743-93c8-471934e5fd7f;DB_CLOSE_DELAY=-1;DB_CLOSE_ON_EXIT=false]
]]></system-out>
  </testcase>
  <testcase name="testSendEmail" classname="fr.insalyon.creatis.vip.application.integrationtest.SimulationIT" time="0.015">
    <system-out><![CDATA[15:07:45.535 [main] DEBUG org.springframework.test.context.support.DependencyInjectionTestExecutionListener - Performing dependency injection for test context [[DefaultTestContext@6bce313 testClass = SimulationIT, testInstance = fr.insalyon.creatis.vip.application.integrationtest.SimulationIT@18aca796, testMethod = [null], testException = [null], mergedContextConfiguration = [MergedContextConfiguration@39266403 testClass = SimulationIT, locations = '{}', classes = '{class fr.insalyon.creatis.vip.core.server.SpringCoreConfig}', contextInitializerClasses = '[]', activeProfiles = '{test-db, test}', propertySourceLocations = '{}', propertySourceProperties = '{db.tableEngine=}', contextCustomizers = set[[empty]], contextLoader = 'org.springframework.test.context.support.DelegatingSmartContextLoader', parent = [null]], attributes = map['org.springframework.test.context.event.ApplicationEventsTestExecutionListener.recordApplicationEvents' -> false, 'org.springframework.test.context.support.DependencyInjectionTestExecutionListener.reinjectDependencies' -> true]]].
15:07:45.535 [main] DEBUG org.springframework.test.context.support.AbstractDelegatingSmartContextLoader - Delegating to AnnotationConfigContextLoader to load context from [MergedContextConfiguration@39266403 testClass = SimulationIT, locations = '{}', classes = '{class fr.insalyon.creatis.vip.core.server.SpringCoreConfig}', contextInitializerClasses = '[]', activeProfiles = '{test-db, test}', propertySourceLocations = '{}', propertySourceProperties = '{db.tableEngine=}', contextCustomizers = set[[empty]], contextLoader = 'org.springframework.test.context.support.DelegatingSmartContextLoader', parent = [null]].
15:07:45.535 [main] DEBUG org.springframework.test.context.support.AbstractGenericContextLoader - Loading ApplicationContext for merged context configuration [[MergedContextConfiguration@39266403 testClass = SimulationIT, locations = '{}', classes = '{class fr.insalyon.creatis.vip.core.server.SpringCoreConfig}', contextInitializerClasses = '[]', activeProfiles = '{test-db, test}', propertySourceLocations = '{}', propertySourceProperties = '{db.tableEngine=}', contextCustomizers = set[[empty]], contextLoader = 'org.springframework.test.context.support.DelegatingSmartContextLoader', parent = [null]]].
15:07:45.535 [main] DEBUG org.springframework.core.env.StandardEnvironment - Activating profiles [test-db, test]
15:07:45.536 [main] DEBUG org.springframework.test.context.support.TestPropertySourceUtils - Adding inlined properties to environment: {db.tableEngine=}
15:07:45.536 [main] DEBUG org.springframework.test.context.support.AnnotationConfigContextLoader - Registering component classes: {class fr.insalyon.creatis.vip.core.server.SpringCoreConfig}
15:07:45.539 [main] DEBUG org.springframework.context.support.GenericApplicationContext - Refreshing org.springframework.context.support.GenericApplicationContext@609b2a43
15:07:45.540 [main] DEBUG org.springframework.beans.factory.support.DefaultListableBeanFactory - Creating shared instance of singleton bean 'org.springframework.context.annotation.internalConfigurationAnnotationProcessor'
15:07:45.569 [main] DEBUG org.springframework.context.annotation.ClassPathBeanDefinitionScanner - Identified candidate component class: file [/home/marza/Documents/VIP-portal/vip-application/target/test-classes/fr/insalyon/creatis/vip/application/integrationtest/SpringApplicationTestConfig.class]
15:07:45.580 [main] DEBUG org.springframework.context.annotation.ClassPathBeanDefinitionScanner - Identified candidate component class: URL [jar:file:/home/marza/Documents/VIP-portal/vip-application/target/vip-application-2.4.1.jar!/fr/insalyon/creatis/vip/application/server/business/simulation/parser/InputM2Parser.class]
15:07:45.580 [main] DEBUG org.springframework.context.annotation.ClassPathBeanDefinitionScanner - Identified candidate component class: URL [jar:file:/home/marza/Documents/VIP-portal/vip-application/target/vip-application-2.4.1.jar!/fr/insalyon/creatis/vip/application/server/business/simulation/parser/GwendiaParser.class]
15:07:45.581 [main] DEBUG org.springframework.context.annotation.ClassPathBeanDefinitionScanner - Identified candidate component class: URL [jar:file:/home/marza/Documents/VIP-portal/vip-application/target/vip-application-2.4.1.jar!/fr/insalyon/creatis/vip/application/server/business/simulation/WebServiceEngine.class]
15:07:45.582 [main] DEBUG org.springframework.context.annotation.ClassPathBeanDefinitionScanner - Identified candidate component class: URL [jar:file:/home/marza/Documents/VIP-portal/vip-application/target/vip-application-2.4.1.jar!/fr/insalyon/creatis/vip/application/server/dao/mysql/ClassData.class]
15:07:45.595 [main] DEBUG org.springframework.context.annotation.ClassPathBeanDefinitionScanner - Identified candidate component class: URL [jar:file:/home/marza/Documents/VIP-portal/vip-application/target/vip-application-2.4.1.jar!/fr/insalyon/creatis/vip/application/server/dao/mysql/EngineData.class]
15:07:45.596 [main] DEBUG org.springframework.context.annotation.ClassPathBeanDefinitionScanner - Identified candidate component class: URL [jar:file:/home/marza/Documents/VIP-portal/vip-application/target/vip-application-2.4.1.jar!/fr/insalyon/creatis/vip/application/server/dao/mysql/ApplicationDataInitializer.class]
15:07:45.596 [main] DEBUG org.springframework.context.annotation.ClassPathBeanDefinitionScanner - Identified candidate component class: URL [jar:file:/home/marza/Documents/VIP-portal/vip-application/target/vip-application-2.4.1.jar!/fr/insalyon/creatis/vip/application/server/dao/h2/SimulationData.class]
15:07:45.601 [main] DEBUG org.springframework.context.annotation.ClassPathBeanDefinitionScanner - Identified candidate component class: URL [jar:file:/home/marza/Documents/VIP-portal/vip-application/target/vip-application-2.4.1.jar!/fr/insalyon/creatis/vip/application/server/business/InputBusiness.class]
15:07:45.601 [main] DEBUG org.springframework.context.annotation.ClassPathBeanDefinitionScanner - Identified candidate component class: URL [jar:file:/home/marza/Documents/VIP-portal/vip-application/target/vip-application-2.4.1.jar!/fr/insalyon/creatis/vip/application/server/business/ApplicationBusiness.class]
15:07:45.602 [main] DEBUG org.springframework.context.annotation.ClassPathBeanDefinitionScanner - Identified candidate component class: URL [jar:file:/home/marza/Documents/VIP-portal/vip-application/target/vip-application-2.4.1.jar!/fr/insalyon/creatis/vip/application/server/business/BoutiquesBusiness.class]
15:07:45.602 [main] DEBUG org.springframework.context.annotation.ClassPathBeanDefinitionScanner - Identified candidate component class: URL [jar:file:/home/marza/Documents/VIP-portal/vip-application/target/vip-application-2.4.1.jar!/fr/insalyon/creatis/vip/application/server/dao/mysql/ApplicationData.class]
15:07:45.619 [main] DEBUG org.springframework.context.annotation.ClassPathBeanDefinitionScanner - Identified candidate component class: URL [jar:file:/home/marza/Documents/VIP-portal/vip-application/target/vip-application-2.4.1.jar!/fr/insalyon/creatis/vip/application/server/business/EngineBusiness.class]
15:07:45.619 [main] DEBUG org.springframework.context.annotation.ClassPathBeanDefinitionScanner - Identified candidate component class: URL [jar:file:/home/marza/Documents/VIP-portal/vip-application/target/vip-application-2.4.1.jar!/fr/insalyon/creatis/vip/application/server/business/simulation/parser/InputParser.class]
15:07:45.619 [main] DEBUG org.springframework.context.annotation.ClassPathBeanDefinitionScanner - Identified candidate component class: URL [jar:file:/home/marza/Documents/VIP-portal/vip-application/target/vip-application-2.4.1.jar!/fr/insalyon/creatis/vip/application/server/business/simulation/parser/ScuflParser.class]
15:07:45.620 [main] DEBUG org.springframework.context.annotation.ClassPathBeanDefinitionScanner - Identified candidate component class: URL [jar:file:/home/marza/Documents/VIP-portal/vip-application/target/vip-application-2.4.1.jar!/fr/insalyon/creatis/vip/application/server/business/WorkflowBusiness.class]
15:07:45.620 [main] DEBUG org.springframework.context.annotation.ClassPathBeanDefinitionScanner - Identified candidate component class: URL [jar:file:/home/marza/Documents/VIP-portal/vip-application/target/vip-application-2.4.1.jar!/fr/insalyon/creatis/vip/application/server/dao/h2/ExecutionNodeData.class]
15:07:45.625 [main] DEBUG org.springframework.context.annotation.ClassPathBeanDefinitionScanner - Identified candidate component class: URL [jar:file:/home/marza/Documents/VIP-portal/vip-application/target/vip-application-2.4.1.jar!/fr/insalyon/creatis/vip/application/server/business/WorkflowExecutionBusiness.class]
15:07:45.625 [main] DEBUG org.springframework.context.annotation.ClassPathBeanDefinitionScanner - Identified candidate component class: URL [jar:file:/home/marza/Documents/VIP-portal/vip-application/target/vip-application-2.4.1.jar!/fr/insalyon/creatis/vip/application/server/business/SimulationBusiness.class]
15:07:45.626 [main] DEBUG org.springframework.context.annotation.ClassPathBeanDefinitionScanner - Identified candidate component class: URL [jar:file:/home/marza/Documents/VIP-portal/vip-application/target/vip-application-2.4.1.jar!/fr/insalyon/creatis/vip/application/server/business/ClassBusiness.class]
15:07:45.626 [main] DEBUG org.springframework.context.annotation.ClassPathBeanDefinitionScanner - Identified candidate component class: URL [jar:file:/home/marza/Documents/VIP-portal/vip-application/target/vip-application-2.4.1.jar!/fr/insalyon/creatis/vip/application/server/dao/hibernate/SimulationStatsData.class]
15:07:45.626 [main] DEBUG org.springframework.context.annotation.ClassPathBeanDefinitionScanner - Identified candidate component class: URL [jar:file:/home/marza/Documents/VIP-portal/vip-application/target/vip-application-2.4.1.jar!/fr/insalyon/creatis/vip/application/server/dao/mysql/ApplicationInputData.class]
15:07:45.632 [main] DEBUG org.springframework.context.annotation.ClassPathBeanDefinitionScanner - Identified candidate component class: URL [jar:file:/home/marza/Documents/VIP-portal/vip-core/target/vip-core-2.4.1.jar!/fr/insalyon/creatis/vip/core/server/dao/mysql/TableInitializer.class]
15:07:45.632 [main] DEBUG org.springframework.context.annotation.ClassPathBeanDefinitionScanner - Identified candidate component class: URL [jar:file:/home/marza/Documents/VIP-portal/vip-core/target/vip-core-2.4.1.jar!/fr/insalyon/creatis/vip/core/server/dao/mysql/UsersGroupsData.class]
15:07:45.633 [main] DEBUG org.springframework.context.annotation.ClassPathBeanDefinitionScanner - Identified candidate component class: URL [jar:file:/home/marza/Documents/VIP-portal/vip-core/target/vip-core-2.4.1.jar!/fr/insalyon/creatis/vip/core/server/dao/mysql/CoreDataInitializer.class]
15:07:45.639 [main] DEBUG org.springframework.context.annotation.ClassPathBeanDefinitionScanner - Identified candidate component class: URL [jar:file:/home/marza/Documents/VIP-portal/vip-core/target/vip-core-2.4.1.jar!/fr/insalyon/creatis/vip/core/server/business/StatsBusiness.class]
15:07:45.639 [main] DEBUG org.springframework.context.annotation.ClassPathBeanDefinitionScanner - Identified candidate component class: URL [jar:file:/home/marza/Documents/VIP-portal/vip-core/target/vip-core-2.4.1.jar!/fr/insalyon/creatis/vip/core/server/business/EmailBusiness.class]
15:07:45.640 [main] DEBUG org.springframework.context.annotation.ClassPathBeanDefinitionScanner - Identified candidate component class: URL [jar:file:/home/marza/Documents/VIP-portal/vip-core/target/vip-core-2.4.1.jar!/fr/insalyon/creatis/vip/core/server/business/proxy/ProxyClient.class]
15:07:45.641 [main] DEBUG org.springframework.context.annotation.ClassPathBeanDefinitionScanner - Identified candidate component class: URL [jar:file:/home/marza/Documents/VIP-portal/vip-core/target/vip-core-2.4.1.jar!/fr/insalyon/creatis/vip/core/server/business/ConfigurationBusiness.class]
15:07:45.646 [main] DEBUG org.springframework.context.annotation.ClassPathBeanDefinitionScanner - Identified candidate component class: URL [jar:file:/home/marza/Documents/VIP-portal/vip-core/target/vip-core-2.4.1.jar!/fr/insalyon/creatis/vip/core/server/dao/mysql/UserData.class]
15:07:45.648 [main] DEBUG org.springframework.context.annotation.ClassPathBeanDefinitionScanner - Identified candidate component class: URL [jar:file:/home/marza/Documents/VIP-portal/vip-core/target/vip-core-2.4.1.jar!/fr/insalyon/creatis/vip/core/server/business/VipSessionBusiness.class]
15:07:45.648 [main] DEBUG org.springframework.context.annotation.ClassPathBeanDefinitionScanner - Identified candidate component class: URL [jar:file:/home/marza/Documents/VIP-portal/vip-core/target/vip-core-2.4.1.jar!/fr/insalyon/creatis/vip/core/server/DataSourceConfig.class]
15:07:45.649 [main] DEBUG org.springframework.context.annotation.ClassPathBeanDefinitionScanner - Identified candidate component class: URL [jar:file:/home/marza/Documents/VIP-portal/vip-core/target/vip-core-2.4.1.jar!/fr/insalyon/creatis/vip/core/server/dao/mysql/TermsUseData.class]
15:07:45.649 [main] DEBUG org.springframework.context.annotation.ClassPathBeanDefinitionScanner - Identified candidate component class: URL [jar:file:/home/marza/Documents/VIP-portal/vip-core/target/vip-core-2.4.1.jar!/fr/insalyon/creatis/vip/core/server/dao/mysql/GroupData.class]
15:07:45.659 [main] DEBUG org.springframework.context.annotation.ClassPathBeanDefinitionScanner - Identified candidate component class: URL [jar:file:/home/marza/Documents/VIP-portal/vip-datamanagement/target/vip-datamanager-2.4.1.jar!/fr/insalyon/creatis/vip/datamanager/server/business/LfcPathsBusiness.class]
15:07:45.659 [main] DEBUG org.springframework.context.annotation.ClassPathBeanDefinitionScanner - Identified candidate component class: URL [jar:file:/home/marza/Documents/VIP-portal/vip-datamanagement/target/vip-datamanager-2.4.1.jar!/fr/insalyon/creatis/vip/datamanager/server/business/ExternalPlatformBusiness.class]
15:07:45.660 [main] DEBUG org.springframework.context.annotation.ClassPathBeanDefinitionScanner - Identified candidate component class: URL [jar:file:/home/marza/Documents/VIP-portal/vip-datamanagement/target/vip-datamanager-2.4.1.jar!/fr/insalyon/creatis/vip/datamanager/server/business/GirderStorageBusiness.class]
15:07:45.660 [main] DEBUG org.springframework.context.annotation.ClassPathBeanDefinitionScanner - Identified candidate component class: URL [jar:file:/home/marza/Documents/VIP-portal/vip-datamanagement/target/vip-datamanager-2.4.1.jar!/fr/insalyon/creatis/vip/datamanager/server/business/DataManagerBusiness.class]
15:07:45.660 [main] DEBUG org.springframework.context.annotation.ClassPathBeanDefinitionScanner - Identified candidate component class: URL [jar:file:/home/marza/Documents/VIP-portal/vip-datamanagement/target/vip-datamanager-2.4.1.jar!/fr/insalyon/creatis/vip/datamanager/server/business/ApiKeyBusiness.class]
15:07:45.661 [main] DEBUG org.springframework.context.annotation.ClassPathBeanDefinitionScanner - Identified candidate component class: URL [jar:file:/home/marza/Documents/VIP-portal/vip-datamanagement/target/vip-datamanager-2.4.1.jar!/fr/insalyon/creatis/vip/datamanager/server/business/ShanoirStorageBusiness.class]
15:07:45.661 [main] DEBUG org.springframework.context.annotation.ClassPathBeanDefinitionScanner - Identified candidate component class: URL [jar:file:/home/marza/Documents/VIP-portal/vip-datamanagement/target/vip-datamanager-2.4.1.jar!/fr/insalyon/creatis/vip/datamanager/server/business/TransferPoolBusiness.class]
15:07:45.661 [main] DEBUG org.springframework.context.annotation.ClassPathBeanDefinitionScanner - Identified candidate component class: URL [jar:file:/home/marza/Documents/VIP-portal/vip-datamanagement/target/vip-datamanager-2.4.1.jar!/fr/insalyon/creatis/vip/datamanager/server/business/LFCBusiness.class]
15:07:45.661 [main] DEBUG org.springframework.context.annotation.ClassPathBeanDefinitionScanner - Identified candidate component class: URL [jar:file:/home/marza/Documents/VIP-portal/vip-datamanagement/target/vip-datamanager-2.4.1.jar!/fr/insalyon/creatis/vip/datamanager/server/business/LFCPermissionBusiness.class]
15:07:45.662 [main] DEBUG org.springframework.context.annotation.ClassPathBeanDefinitionScanner - Identified candidate component class: URL [jar:file:/home/marza/Documents/VIP-portal/vip-datamanagement/target/vip-datamanager-2.4.1.jar!/fr/insalyon/creatis/vip/datamanager/server/dao/mysql/SSHData.class]
15:07:45.662 [main] DEBUG org.springframework.context.annotation.ClassPathBeanDefinitionScanner - Identified candidate component class: URL [jar:file:/home/marza/Documents/VIP-portal/vip-datamanagement/target/vip-datamanager-2.4.1.jar!/fr/insalyon/creatis/vip/datamanager/server/dao/mysql/ApiKeysData.class]
15:07:45.662 [main] DEBUG org.springframework.context.annotation.ClassPathBeanDefinitionScanner - Identified candidate component class: URL [jar:file:/home/marza/Documents/VIP-portal/vip-datamanagement/target/vip-datamanager-2.4.1.jar!/fr/insalyon/creatis/vip/datamanager/server/dao/mysql/ExternalPlatformData.class]
15:07:45.663 [main] DEBUG org.springframework.context.annotation.ClassPathBeanDefinitionScanner - Identified candidate component class: URL [jar:file:/home/marza/Documents/VIP-portal/vip-datamanagement/target/vip-datamanager-2.4.1.jar!/fr/insalyon/creatis/vip/datamanager/server/dao/mysql/DataManagerDataInitializer.class]
15:07:45.667 [main] DEBUG org.springframework.context.annotation.ClassPathBeanDefinitionScanner - Identified candidate component class: URL [jar:file:/home/marza/Documents/VIP-portal/vip-social/target/vip-social-2.4.1.jar!/fr/insalyon/creatis/vip/social/server/business/MessageBusiness.class]
15:07:45.668 [main] DEBUG org.springframework.context.annotation.ClassPathBeanDefinitionScanner - Identified candidate component class: URL [jar:file:/home/marza/Documents/VIP-portal/vip-social/target/vip-social-2.4.1.jar!/fr/insalyon/creatis/vip/social/server/dao/mysql/MessageData.class]
15:07:45.668 [main] DEBUG org.springframework.context.annotation.ClassPathBeanDefinitionScanner - Identified candidate component class: URL [jar:file:/home/marza/Documents/VIP-portal/vip-social/target/vip-social-2.4.1.jar!/fr/insalyon/creatis/vip/social/server/dao/mysql/MessagingDataInitializer.class]
15:07:45.669 [main] DEBUG org.springframework.context.annotation.ClassPathBeanDefinitionScanner - Identified candidate component class: URL [jar:file:/home/marza/Documents/VIP-portal/vip-social/target/vip-social-2.4.1.jar!/fr/insalyon/creatis/vip/social/server/dao/mysql/GroupMessageData.class]
15:07:45.669 [main] DEBUG org.springframework.context.annotation.ClassPathBeanDefinitionScanner - Identified candidate component class: URL [jar:file:/home/marza/Documents/VIP-portal/vip-core/target/vip-core-2.4.1-tests.jar!/fr/insalyon/creatis/vip/core/integrationtest/TestDataSourceSpringConfig.class]
15:07:45.670 [main] DEBUG org.springframework.context.annotation.ClassPathBeanDefinitionScanner - Identified candidate component class: URL [jar:file:/home/marza/Documents/VIP-portal/vip-core/target/vip-core-2.4.1-tests.jar!/fr/insalyon/creatis/vip/core/integrationtest/SpingTestConfig.class]
15:07:45.672 [main] DEBUG org.springframework.context.annotation.ClassPathBeanDefinitionScanner - Identified candidate component class: URL [jar:file:/home/marza/Documents/VIP-portal/vip-core/target/vip-core-2.4.1-tests.jar!/fr/insalyon/creatis/vip/core/integrationtest/ServerMockConfig.class]
15:07:45.711 [main] DEBUG org.springframework.beans.factory.support.DefaultListableBeanFactory - Creating shared instance of singleton bean 'properties'
15:07:45.712 [main] DEBUG org.springframework.beans.factory.support.DefaultListableBeanFactory - Creating shared instance of singleton bean 'org.springframework.context.event.internalEventListenerProcessor'
15:07:45.712 [main] DEBUG org.springframework.beans.factory.support.DefaultListableBeanFactory - Creating shared instance of singleton bean 'org.springframework.context.event.internalEventListenerFactory'
15:07:45.713 [main] DEBUG org.springframework.beans.factory.support.DefaultListableBeanFactory - Creating shared instance of singleton bean 'org.springframework.transaction.config.internalTransactionalEventListenerFactory'
15:07:45.714 [main] DEBUG org.springframework.beans.factory.support.DefaultListableBeanFactory - Creating shared instance of singleton bean 'org.springframework.context.annotation.internalAutowiredAnnotationProcessor'
15:07:45.715 [main] DEBUG org.springframework.beans.factory.support.DefaultListableBeanFactory - Creating shared instance of singleton bean 'org.springframework.context.annotation.internalCommonAnnotationProcessor'
15:07:45.715 [main] DEBUG org.springframework.beans.factory.support.DefaultListableBeanFactory - Creating shared instance of singleton bean 'org.springframework.aop.config.internalAutoProxyCreator'
15:07:45.718 [main] DEBUG org.springframework.beans.factory.support.DefaultListableBeanFactory - Creating shared instance of singleton bean 'conversionService'
15:07:45.719 [main] DEBUG org.springframework.beans.factory.support.DefaultListableBeanFactory - Creating shared instance of singleton bean 'org.springframework.transaction.config.internalTransactionAdvisor'
15:07:45.719 [main] DEBUG org.springframework.beans.factory.support.DefaultListableBeanFactory - Creating shared instance of singleton bean 'org.springframework.transaction.annotation.ProxyTransactionManagementConfiguration'
15:07:45.722 [main] DEBUG org.springframework.beans.factory.support.DefaultListableBeanFactory - Creating shared instance of singleton bean 'transactionAttributeSource'
15:07:45.723 [main] DEBUG org.springframework.beans.factory.support.DefaultListableBeanFactory - Creating shared instance of singleton bean 'transactionInterceptor'
15:07:45.723 [main] DEBUG org.springframework.beans.factory.support.DefaultListableBeanFactory - Autowiring by type from bean name 'transactionInterceptor' via factory method to bean named 'transactionAttributeSource'
15:07:45.724 [main] DEBUG org.springframework.beans.factory.support.DefaultListableBeanFactory - Autowiring by type from bean name 'org.springframework.transaction.config.internalTransactionAdvisor' via factory method to bean named 'transactionAttributeSource'
15:07:45.724 [main] DEBUG org.springframework.beans.factory.support.DefaultListableBeanFactory - Autowiring by type from bean name 'org.springframework.transaction.config.internalTransactionAdvisor' via factory method to bean named 'transactionInterceptor'
15:07:45.725 [main] DEBUG org.springframework.beans.factory.support.DefaultListableBeanFactory - Creating shared instance of singleton bean 'springCoreConfig'
15:07:45.726 [main] DEBUG org.springframework.beans.factory.support.DefaultListableBeanFactory - Creating shared instance of singleton bean 'springApplicationTestConfig'
15:07:45.727 [main] DEBUG org.springframework.beans.factory.support.DefaultListableBeanFactory - Creating shared instance of singleton bean 'classData'
15:07:45.728 [main] DEBUG org.springframework.beans.factory.support.DefaultListableBeanFactory - Creating shared instance of singleton bean 'lazyDataSource'
15:07:45.729 [main] DEBUG org.springframework.beans.factory.support.DefaultListableBeanFactory - Creating shared instance of singleton bean 'testDataSource'
15:07:45.730 [main] DEBUG org.springframework.beans.factory.support.DefaultListableBeanFactory - Creating shared instance of singleton bean 'testDataSourceSpringConfig'
15:07:45.731 [main] INFO org.springframework.jdbc.datasource.embedded.EmbeddedDatabaseFactory - Starting embedded database: url='jdbc:h2:mem:3278851f-a2bd-46b8-bbb9-d890713cf44c;DB_CLOSE_DELAY=-1;DB_CLOSE_ON_EXIT=false', username='sa'
15:07:45.731 [main] DEBUG org.springframework.jdbc.datasource.DataSourceUtils - Fetching JDBC Connection from DataSource
15:07:45.731 [main] DEBUG org.springframework.jdbc.datasource.SimpleDriverDataSource - Creating new JDBC Driver Connection to [jdbc:h2:mem:3278851f-a2bd-46b8-bbb9-d890713cf44c;DB_CLOSE_DELAY=-1;DB_CLOSE_ON_EXIT=false]
15:07:45.736 [main] DEBUG org.springframework.beans.factory.support.DefaultListableBeanFactory - Autowiring by type from bean name 'lazyDataSource' via factory method to bean named 'testDataSource'
15:07:45.736 [main] DEBUG org.springframework.jdbc.datasource.SimpleDriverDataSource - Creating new JDBC Driver Connection to [jdbc:h2:mem:3278851f-a2bd-46b8-bbb9-d890713cf44c;DB_CLOSE_DELAY=-1;DB_CLOSE_ON_EXIT=false]
15:07:45.739 [main] DEBUG org.springframework.beans.factory.support.DefaultListableBeanFactory - Creating shared instance of singleton bean 'engineData'
15:07:45.740 [main] DEBUG org.springframework.beans.factory.support.DefaultListableBeanFactory - Creating shared instance of singleton bean 'applicationDataInitializer'
15:07:45.741 [main] DEBUG org.springframework.beans.factory.support.DefaultListableBeanFactory - Creating shared instance of singleton bean 'tableInitializer'
15:07:45.742 [main] DEBUG org.springframework.core.env.PropertySourcesPropertyResolver - Found key 'db.tableEngine' in PropertySource 'Inlined Test Properties' with value of type String
15:07:45.742 [main] DEBUG org.springframework.core.env.PropertySourcesPropertyResolver - Found key 'db.tableEngine' in PropertySource 'environmentProperties' with value of type String
15:07:45.743 [main] DEBUG org.springframework.beans.factory.support.DefaultListableBeanFactory - Autowiring by type from bean name 'applicationDataInitializer' via constructor to bean named 'lazyDataSource'
15:07:45.743 [main] DEBUG org.springframework.beans.factory.support.DefaultListableBeanFactory - Autowiring by type from bean name 'applicationDataInitializer' via constructor to bean named 'tableInitializer'
15:07:45.744 [main] DEBUG org.springframework.beans.factory.support.DefaultListableBeanFactory - Creating shared instance of singleton bean 'inputBusiness'
15:07:45.745 [main] DEBUG org.springframework.beans.factory.support.DefaultListableBeanFactory - Creating shared instance of singleton bean 'applicationInputData'
15:07:45.746 [main] DEBUG org.springframework.beans.factory.support.DefaultListableBeanFactory - Creating shared instance of singleton bean 'dataManagerBusiness'
15:07:45.747 [main] DEBUG org.springframework.beans.factory.support.DefaultListableBeanFactory - Creating shared instance of singleton bean 'SSHData'
15:07:45.749 [main] DEBUG org.springframework.beans.factory.support.DefaultListableBeanFactory - Creating shared instance of singleton bean 'testGridaClient'
15:07:45.749 [main] DEBUG org.springframework.beans.factory.support.DefaultListableBeanFactory - Creating shared instance of singleton bean 'spingTestConfig'
15:07:45.750 [main] DEBUG org.springframework.beans.factory.support.DefaultListableBeanFactory - Creating shared instance of singleton bean 'gridaCacheClient'
15:07:45.751 [main] DEBUG org.springframework.beans.factory.support.DefaultListableBeanFactory - Creating shared instance of singleton bean 'testServer'
15:07:45.751 [main] DEBUG org.springframework.beans.factory.support.DefaultListableBeanFactory - Creating shared instance of singleton bean 'serverMockConfig'
15:07:45.757 [main] DEBUG org.springframework.beans.factory.support.DefaultListableBeanFactory - Autowiring by type from bean name 'gridaCacheClient' via factory method to bean named 'testServer'
15:07:45.758 [main] DEBUG org.springframework.beans.factory.support.DefaultListableBeanFactory - Creating shared instance of singleton bean 'gridaZombieClient'
15:07:45.759 [main] DEBUG org.springframework.beans.factory.support.DefaultListableBeanFactory - Autowiring by type from bean name 'gridaZombieClient' via factory method to bean named 'testServer'
15:07:45.760 [main] DEBUG org.springframework.beans.factory.support.DefaultListableBeanFactory - Creating shared instance of singleton bean 'configurationBusiness'
15:07:45.762 [main] DEBUG org.springframework.beans.factory.support.DefaultListableBeanFactory - Creating shared instance of singleton bean 'testProxyClient'
15:07:45.763 [main] DEBUG org.springframework.beans.factory.support.DefaultListableBeanFactory - Creating shared instance of singleton bean 'testEmailBusiness'
15:07:45.765 [main] DEBUG org.springframework.beans.factory.support.DefaultListableBeanFactory - Creating shared instance of singleton bean 'testGridaPoolClient'
15:07:45.766 [main] DEBUG org.springframework.beans.factory.support.DefaultListableBeanFactory - Creating shared instance of singleton bean 'groupData'
15:07:45.767 [main] DEBUG org.springframework.beans.factory.support.DefaultListableBeanFactory - Creating shared instance of singleton bean 'termsUseData'
15:07:45.768 [main] DEBUG org.springframework.beans.factory.support.DefaultListableBeanFactory - Creating shared instance of singleton bean 'userData'
15:07:45.770 [main] DEBUG org.springframework.beans.factory.support.DefaultListableBeanFactory - Creating shared instance of singleton bean 'usersGroupsData'
15:07:45.770 [main] DEBUG org.springframework.beans.factory.support.DefaultListableBeanFactory - Autowiring by type from bean name 'usersGroupsData' via constructor to bean named 'groupData'
15:07:45.771 [main] DEBUG org.springframework.beans.factory.support.DefaultListableBeanFactory - Autowiring by type from bean name 'configurationBusiness' via constructor to bean named 'testServer'
15:07:45.771 [main] DEBUG org.springframework.beans.factory.support.DefaultListableBeanFactory - Autowiring by type from bean name 'configurationBusiness' via constructor to bean named 'testProxyClient'
15:07:45.771 [main] DEBUG org.springframework.beans.factory.support.DefaultListableBeanFactory - Autowiring by type from bean name 'configurationBusiness' via constructor to bean named 'testEmailBusiness'
15:07:45.772 [main] DEBUG org.springframework.beans.factory.support.DefaultListableBeanFactory - Autowiring by type from bean name 'configurationBusiness' via constructor to bean named 'testGridaClient'
15:07:45.772 [main] DEBUG org.springframework.beans.factory.support.DefaultListableBeanFactory - Autowiring by type from bean name 'configurationBusiness' via constructor to bean named 'testGridaPoolClient'
15:07:45.772 [main] DEBUG org.springframework.beans.factory.support.DefaultListableBeanFactory - Autowiring by type from bean name 'configurationBusiness' via constructor to bean named 'groupData'
15:07:45.772 [main] DEBUG org.springframework.beans.factory.support.DefaultListableBeanFactory - Autowiring by type from bean name 'configurationBusiness' via constructor to bean named 'termsUseData'
15:07:45.772 [main] DEBUG org.springframework.beans.factory.support.DefaultListableBeanFactory - Autowiring by type from bean name 'configurationBusiness' via constructor to bean named 'userData'
15:07:45.772 [main] DEBUG org.springframework.beans.factory.support.DefaultListableBeanFactory - Autowiring by type from bean name 'configurationBusiness' via constructor to bean named 'usersGroupsData'
15:07:45.773 [main] DEBUG org.springframework.beans.factory.support.DefaultListableBeanFactory - Creating shared instance of singleton bean 'lfcPathsBusiness'
15:07:45.774 [main] DEBUG org.springframework.beans.factory.support.DefaultListableBeanFactory - Autowiring by type from bean name 'lfcPathsBusiness' via constructor to bean named 'testServer'
15:07:45.774 [main] DEBUG org.springframework.beans.factory.support.DefaultListableBeanFactory - Autowiring by type from bean name 'lfcPathsBusiness' via constructor to bean named 'groupData'
15:07:45.774 [main] DEBUG org.springframework.beans.factory.support.DefaultListableBeanFactory - Autowiring by type from bean name 'dataManagerBusiness' via constructor to bean named 'SSHData'
15:07:45.774 [main] DEBUG org.springframework.beans.factory.support.DefaultListableBeanFactory - Autowiring by type from bean name 'dataManagerBusiness' via constructor to bean named 'testGridaClient'
15:07:45.774 [main] DEBUG org.springframework.beans.factory.support.DefaultListableBeanFactory - Autowiring by type from bean name 'dataManagerBusiness' via constructor to bean named 'gridaCacheClient'
15:07:45.774 [main] DEBUG org.springframework.beans.factory.support.DefaultListableBeanFactory - Autowiring by type from bean name 'dataManagerBusiness' via constructor to bean named 'gridaZombieClient'
15:07:45.774 [main] DEBUG org.springframework.beans.factory.support.DefaultListableBeanFactory - Autowiring by type from bean name 'dataManagerBusiness' via constructor to bean named 'configurationBusiness'
15:07:45.774 [main] DEBUG org.springframework.beans.factory.support.DefaultListableBeanFactory - Autowiring by type from bean name 'dataManagerBusiness' via constructor to bean named 'lfcPathsBusiness'
15:07:45.774 [main] DEBUG org.springframework.beans.factory.support.DefaultListableBeanFactory - Autowiring by type from bean name 'dataManagerBusiness' via constructor to bean named 'testServer'
15:07:45.775 [main] DEBUG org.springframework.beans.factory.support.DefaultListableBeanFactory - Autowiring by type from bean name 'inputBusiness' via constructor to bean named 'applicationInputData'
15:07:45.775 [main] DEBUG org.springframework.beans.factory.support.DefaultListableBeanFactory - Autowiring by type from bean name 'inputBusiness' via constructor to bean named 'dataManagerBusiness'
15:07:45.780 [main] DEBUG org.springframework.beans.factory.support.DefaultListableBeanFactory - Creating shared instance of singleton bean 'applicationBusiness'
15:07:45.781 [main] DEBUG org.springframework.beans.factory.support.DefaultListableBeanFactory - Creating shared instance of singleton bean 'applicationData'
15:07:45.782 [main] DEBUG org.springframework.beans.factory.support.DefaultListableBeanFactory - Autowiring by type from bean name 'applicationData' via constructor to bean named 'lazyDataSource'
15:07:45.782 [main] DEBUG org.springframework.beans.factory.support.DefaultListableBeanFactory - Autowiring by type from bean name 'applicationData' via constructor to bean named 'classData'
15:07:45.783 [main] DEBUG org.springframework.beans.factory.support.DefaultListableBeanFactory - Autowiring by type from bean name 'applicationBusiness' via constructor to bean named 'applicationData'
15:07:45.783 [main] DEBUG org.springframework.beans.factory.support.DefaultListableBeanFactory - Autowiring by type from bean name 'applicationBusiness' via constructor to bean named 'classData'
15:07:45.783 [main] DEBUG org.springframework.beans.factory.support.DefaultListableBeanFactory - Autowiring by type from bean name 'applicationBusiness' via constructor to bean named 'groupData'
15:07:45.783 [main] DEBUG org.springframework.beans.factory.support.DefaultListableBeanFactory - Creating shared instance of singleton bean 'boutiquesBusiness'
15:07:45.784 [main] DEBUG org.springframework.beans.factory.support.DefaultListableBeanFactory - Autowiring by type from bean name 'boutiquesBusiness' via constructor to bean named 'testServer'
15:07:45.784 [main] DEBUG org.springframework.beans.factory.support.DefaultListableBeanFactory - Autowiring by type from bean name 'boutiquesBusiness' via constructor to bean named 'dataManagerBusiness'
15:07:45.784 [main] DEBUG org.springframework.beans.factory.support.DefaultListableBeanFactory - Autowiring by type from bean name 'boutiquesBusiness' via constructor to bean named 'applicationBusiness'
15:07:45.785 [main] DEBUG org.springframework.beans.factory.support.DefaultListableBeanFactory - Creating shared instance of singleton bean 'engineBusiness'
15:07:45.785 [main] DEBUG org.springframework.beans.factory.support.DefaultListableBeanFactory - Autowiring by type from bean name 'engineBusiness' via constructor to bean named 'engineData'
15:07:45.786 [main] DEBUG org.springframework.beans.factory.support.DefaultListableBeanFactory - Creating shared instance of singleton bean 'workflowBusiness'
15:07:45.788 [main] DEBUG org.springframework.beans.factory.support.DefaultListableBeanFactory - Creating shared instance of singleton bean 'simulationStatsData'
15:07:45.788 [main] DEBUG org.springframework.beans.factory.support.DefaultListableBeanFactory - Creating shared instance of singleton bean 'sessionFactory'
15:07:45.790 [main] DEBUG org.springframework.beans.factory.support.DefaultListableBeanFactory - Autowiring by type from bean name 'simulationStatsData' via constructor to bean named 'sessionFactory'
15:07:45.791 [main] DEBUG org.springframework.beans.factory.support.DefaultListableBeanFactory - Creating shared instance of singleton bean 'getTestWorkflowDAO'
15:07:45.792 [main] DEBUG org.springframework.beans.factory.support.DefaultListableBeanFactory - Creating shared instance of singleton bean 'getTestProcessorDAO'
15:07:45.793 [main] DEBUG org.springframework.beans.factory.support.DefaultListableBeanFactory - Creating shared instance of singleton bean 'getTestOutputDAO'
15:07:45.794 [main] DEBUG org.springframework.beans.factory.support.DefaultListableBeanFactory - Creating shared instance of singleton bean 'getTestInputDAO'
15:07:45.795 [main] DEBUG org.springframework.beans.factory.support.DefaultListableBeanFactory - Creating shared instance of singleton bean 'getTestStatsDAO'
15:07:45.797 [main] DEBUG org.springframework.beans.factory.support.DefaultListableBeanFactory - Creating shared instance of singleton bean 'externalPlatformBusiness'
15:07:45.798 [main] DEBUG org.springframework.beans.factory.support.DefaultListableBeanFactory - Creating shared instance of singleton bean 'girderStorageBusiness'
15:07:45.798 [main] DEBUG org.springframework.beans.factory.support.DefaultListableBeanFactory - Creating shared instance of singleton bean 'apiKeyBusiness'
15:07:45.799 [main] DEBUG org.springframework.beans.factory.support.DefaultListableBeanFactory - Creating shared instance of singleton bean 'apiKeysData'
15:07:45.800 [main] DEBUG org.springframework.beans.factory.support.DefaultListableBeanFactory - Autowiring by type from bean name 'apiKeyBusiness' via constructor to bean named 'apiKeysData'
15:07:45.801 [main] DEBUG org.springframework.beans.factory.support.DefaultListableBeanFactory - Autowiring by type from bean name 'girderStorageBusiness' via constructor to bean named 'apiKeyBusiness'
15:07:45.801 [main] DEBUG org.springframework.beans.factory.support.DefaultListableBeanFactory - Autowiring by type from bean name 'girderStorageBusiness' via constructor to bean named 'testServer'
15:07:45.801 [main] DEBUG org.springframework.beans.factory.support.DefaultListableBeanFactory - Creating shared instance of singleton bean 'shanoirStorageBusiness'
15:07:45.802 [main] DEBUG org.springframework.beans.factory.support.DefaultListableBeanFactory - Creating shared instance of singleton bean 'externalPlatformData'
15:07:45.803 [main] DEBUG org.springframework.beans.factory.support.DefaultListableBeanFactory - Autowiring by type from bean name 'externalPlatformBusiness' via constructor to bean named 'girderStorageBusiness'
15:07:45.803 [main] DEBUG org.springframework.beans.factory.support.DefaultListableBeanFactory - Autowiring by type from bean name 'externalPlatformBusiness' via constructor to bean named 'shanoirStorageBusiness'
15:07:45.803 [main] DEBUG org.springframework.beans.factory.support.DefaultListableBeanFactory - Autowiring by type from bean name 'externalPlatformBusiness' via constructor to bean named 'externalPlatformData'
15:07:45.804 [main] DEBUG org.springframework.beans.factory.support.DefaultListableBeanFactory - Autowiring by type from bean name 'workflowBusiness' via constructor to bean named 'testServer'
15:07:45.804 [main] DEBUG org.springframework.beans.factory.support.DefaultListableBeanFactory - Autowiring by type from bean name 'workflowBusiness' via constructor to bean named 'simulationStatsData'
15:07:45.804 [main] DEBUG org.springframework.beans.factory.support.DefaultListableBeanFactory - Autowiring by type from bean name 'workflowBusiness' via constructor to bean named 'getTestWorkflowDAO'
15:07:45.804 [main] DEBUG org.springframework.beans.factory.support.DefaultListableBeanFactory - Autowiring by type from bean name 'workflowBusiness' via constructor to bean named 'getTestProcessorDAO'
15:07:45.804 [main] DEBUG org.springframework.beans.factory.support.DefaultListableBeanFactory - Autowiring by type from bean name 'workflowBusiness' via constructor to bean named 'getTestOutputDAO'
15:07:45.804 [main] DEBUG org.springframework.beans.factory.support.DefaultListableBeanFactory - Autowiring by type from bean name 'workflowBusiness' via constructor to bean named 'getTestInputDAO'
15:07:45.804 [main] DEBUG org.springframework.beans.factory.support.DefaultListableBeanFactory - Autowiring by type from bean name 'workflowBusiness' via constructor to bean named 'getTestStatsDAO'
15:07:45.804 [main] DEBUG org.springframework.beans.factory.support.DefaultListableBeanFactory - Autowiring by type from bean name 'workflowBusiness' via constructor to bean named 'engineData'
15:07:45.804 [main] DEBUG org.springframework.beans.factory.support.DefaultListableBeanFactory - Autowiring by type from bean name 'workflowBusiness' via constructor to bean named 'applicationData'
15:07:45.804 [main] DEBUG org.springframework.beans.factory.support.DefaultListableBeanFactory - Autowiring by type from bean name 'workflowBusiness' via constructor to bean named 'usersGroupsData'
15:07:45.804 [main] DEBUG org.springframework.beans.factory.support.DefaultListableBeanFactory - Autowiring by type from bean name 'workflowBusiness' via constructor to bean named 'engineBusiness'
15:07:45.804 [main] DEBUG org.springframework.beans.factory.support.DefaultListableBeanFactory - Autowiring by type from bean name 'workflowBusiness' via constructor to bean named 'dataManagerBusiness'
15:07:45.804 [main] DEBUG org.springframework.beans.factory.support.DefaultListableBeanFactory - Autowiring by type from bean name 'workflowBusiness' via constructor to bean named 'testEmailBusiness'
15:07:45.804 [main] DEBUG org.springframework.beans.factory.support.DefaultListableBeanFactory - Autowiring by type from bean name 'workflowBusiness' via constructor to bean named 'lfcPathsBusiness'
15:07:45.804 [main] DEBUG org.springframework.beans.factory.support.DefaultListableBeanFactory - Autowiring by type from bean name 'workflowBusiness' via constructor to bean named 'testGridaPoolClient'
15:07:45.804 [main] DEBUG org.springframework.beans.factory.support.DefaultListableBeanFactory - Autowiring by type from bean name 'workflowBusiness' via constructor to bean named 'testGridaClient'
15:07:45.804 [main] DEBUG org.springframework.beans.factory.support.DefaultListableBeanFactory - Autowiring by type from bean name 'workflowBusiness' via constructor to bean named 'externalPlatformBusiness'
15:07:45.809 [main] DEBUG org.springframework.beans.factory.support.DefaultListableBeanFactory - Creating shared instance of singleton bean 'simulationBusiness'
15:07:45.810 [main] DEBUG org.springframework.beans.factory.support.DefaultListableBeanFactory - Autowiring by type from bean name 'simulationBusiness' via constructor to bean named 'lfcPathsBusiness'
15:07:45.810 [main] DEBUG org.springframework.beans.factory.support.DefaultListableBeanFactory - Autowiring by type from bean name 'simulationBusiness' via constructor to bean named 'testServer'
15:07:45.813 [main] DEBUG org.springframework.beans.factory.support.DefaultListableBeanFactory - Creating shared instance of singleton bean 'classBusiness'
15:07:45.814 [main] DEBUG org.springframework.beans.factory.support.DefaultListableBeanFactory - Autowiring by type from bean name 'classBusiness' via constructor to bean named 'classData'
15:07:45.814 [main] DEBUG org.springframework.beans.factory.support.DefaultListableBeanFactory - Creating shared instance of singleton bean 'coreDataInitializer'
15:07:45.815 [main] DEBUG org.springframework.beans.factory.support.DefaultListableBeanFactory - Autowiring by type from bean name 'coreDataInitializer' via constructor to bean named 'groupData'
15:07:45.815 [main] DEBUG org.springframework.beans.factory.support.DefaultListableBeanFactory - Autowiring by type from bean name 'coreDataInitializer' via constructor to bean named 'lazyDataSource'
15:07:45.815 [main] DEBUG org.springframework.beans.factory.support.DefaultListableBeanFactory - Autowiring by type from bean name 'coreDataInitializer' via constructor to bean named 'tableInitializer'
15:07:45.815 [main] DEBUG org.springframework.beans.factory.support.DefaultListableBeanFactory - Autowiring by type from bean name 'coreDataInitializer' via constructor to bean named 'testServer'
15:07:45.815 [main] DEBUG org.springframework.beans.factory.support.DefaultListableBeanFactory - Autowiring by type from bean name 'coreDataInitializer' via constructor to bean named 'userData'
15:07:45.815 [main] DEBUG org.springframework.beans.factory.support.DefaultListableBeanFactory - Autowiring by type from bean name 'coreDataInitializer' via constructor to bean named 'usersGroupsData'
15:07:45.815 [main] DEBUG org.springframework.beans.factory.support.DefaultListableBeanFactory - Autowiring by type from bean name 'coreDataInitializer' via constructor to bean named 'termsUseData'
15:07:45.816 [main] DEBUG org.springframework.beans.factory.support.DefaultListableBeanFactory - Creating shared instance of singleton bean 'statsBusiness'
15:07:45.817 [main] DEBUG org.springframework.beans.factory.support.DefaultListableBeanFactory - Autowiring by type from bean name 'statsBusiness' via constructor to bean named 'userData'
15:07:45.817 [main] DEBUG org.springframework.beans.factory.support.DefaultListableBeanFactory - Creating shared instance of singleton bean 'emailBusiness'
15:07:45.818 [main] DEBUG org.springframework.beans.factory.support.DefaultListableBeanFactory - Creating shared instance of singleton bean 'smaClient'
15:07:45.818 [main] DEBUG org.springframework.beans.factory.support.DefaultListableBeanFactory - Autowiring by type from bean name 'smaClient' via factory method to bean named 'testServer'
15:07:45.819 [main] DEBUG org.springframework.beans.factory.support.DefaultListableBeanFactory - Autowiring by type from bean name 'emailBusiness' via constructor to bean named 'smaClient'
15:07:45.819 [main] DEBUG org.springframework.beans.factory.support.DefaultListableBeanFactory - Creating shared instance of singleton bean 'proxyClient'
15:07:45.820 [main] DEBUG org.springframework.beans.factory.support.DefaultListableBeanFactory - Autowiring by type from bean name 'proxyClient' via constructor to bean named 'testServer'
15:07:45.821 [main] DEBUG org.springframework.beans.factory.support.DefaultListableBeanFactory - Creating shared instance of singleton bean 'vipSessionBusiness'
15:07:45.821 [main] DEBUG org.springframework.beans.factory.support.DefaultListableBeanFactory - Autowiring by type from bean name 'vipSessionBusiness' via constructor to bean named 'testServer'
15:07:45.821 [main] DEBUG org.springframework.beans.factory.support.DefaultListableBeanFactory - Autowiring by type from bean name 'vipSessionBusiness' via constructor to bean named 'configurationBusiness'
15:07:45.822 [main] DEBUG org.springframework.beans.factory.support.DefaultListableBeanFactory - Creating shared instance of singleton bean 'dataSourceConfig'
15:07:45.823 [main] DEBUG org.springframework.beans.factory.support.DefaultListableBeanFactory - Creating shared instance of singleton bean 'transferPoolBusiness'
15:07:45.824 [main] DEBUG org.springframework.beans.factory.support.DefaultListableBeanFactory - Creating shared instance of singleton bean 'LFCBusiness'
15:07:45.824 [main] DEBUG org.springframework.beans.factory.support.DefaultListableBeanFactory - Autowiring by type from bean name 'LFCBusiness' via constructor to bean named 'testGridaClient'
15:07:45.824 [main] DEBUG org.springframework.beans.factory.support.DefaultListableBeanFactory - Autowiring by type from bean name 'LFCBusiness' via constructor to bean named 'lfcPathsBusiness'
15:07:45.825 [main] DEBUG org.springframework.beans.factory.support.DefaultListableBeanFactory - Autowiring by type from bean name 'transferPoolBusiness' via constructor to bean named 'testServer'
15:07:45.825 [main] DEBUG org.springframework.beans.factory.support.DefaultListableBeanFactory - Autowiring by type from bean name 'transferPoolBusiness' via constructor to bean named 'LFCBusiness'
15:07:45.825 [main] DEBUG org.springframework.beans.factory.support.DefaultListableBeanFactory - Autowiring by type from bean name 'transferPoolBusiness' via constructor to bean named 'testGridaPoolClient'
15:07:45.825 [main] DEBUG org.springframework.beans.factory.support.DefaultListableBeanFactory - Autowiring by type from bean name 'transferPoolBusiness' via constructor to bean named 'lfcPathsBusiness'
15:07:45.826 [main] DEBUG org.springframework.beans.factory.support.DefaultListableBeanFactory - Creating shared instance of singleton bean 'LFCPermissionBusiness'
15:07:45.827 [main] DEBUG org.springframework.beans.factory.support.DefaultListableBeanFactory - Autowiring by type from bean name 'LFCPermissionBusiness' via constructor to bean named 'dataManagerBusiness'
15:07:45.827 [main] DEBUG org.springframework.beans.factory.support.DefaultListableBeanFactory - Autowiring by type from bean name 'LFCPermissionBusiness' via constructor to bean named 'lfcPathsBusiness'
15:07:45.827 [main] DEBUG org.springframework.beans.factory.support.DefaultListableBeanFactory - Creating shared instance of singleton bean 'dataManagerDataInitializer'
15:07:45.828 [main] DEBUG org.springframework.beans.factory.support.DefaultListableBeanFactory - Autowiring by type from bean name 'dataManagerDataInitializer' via constructor to bean named 'lazyDataSource'
15:07:45.828 [main] DEBUG org.springframework.beans.factory.support.DefaultListableBeanFactory - Autowiring by type from bean name 'dataManagerDataInitializer' via constructor to bean named 'tableInitializer'
15:07:45.829 [main] DEBUG org.springframework.beans.factory.support.DefaultListableBeanFactory - Creating shared instance of singleton bean 'messageBusiness'
15:07:45.830 [main] DEBUG org.springframework.beans.factory.support.DefaultListableBeanFactory - Creating shared instance of singleton bean 'messageData'
15:07:45.830 [main] DEBUG org.springframework.beans.factory.support.DefaultListableBeanFactory - Autowiring by type from bean name 'messageData' via constructor to bean named 'userData'
15:07:45.830 [main] DEBUG org.springframework.beans.factory.support.DefaultListableBeanFactory - Autowiring by type from bean name 'messageData' via constructor to bean named 'lazyDataSource'
15:07:45.831 [main] DEBUG org.springframework.beans.factory.support.DefaultListableBeanFactory - Creating shared instance of singleton bean 'groupMessageData'
15:07:45.832 [main] DEBUG org.springframework.beans.factory.support.DefaultListableBeanFactory - Autowiring by type from bean name 'groupMessageData' via constructor to bean named 'userData'
15:07:45.832 [main] DEBUG org.springframework.beans.factory.support.DefaultListableBeanFactory - Autowiring by type from bean name 'groupMessageData' via constructor to bean named 'groupData'
15:07:45.832 [main] DEBUG org.springframework.beans.factory.support.DefaultListableBeanFactory - Autowiring by type from bean name 'groupMessageData' via constructor to bean named 'messageData'
15:07:45.832 [main] DEBUG org.springframework.beans.factory.support.DefaultListableBeanFactory - Autowiring by type from bean name 'groupMessageData' via constructor to bean named 'lazyDataSource'
15:07:45.833 [main] DEBUG org.springframework.beans.factory.support.DefaultListableBeanFactory - Autowiring by type from bean name 'messageBusiness' via constructor to bean named 'messageData'
15:07:45.833 [main] DEBUG org.springframework.beans.factory.support.DefaultListableBeanFactory - Autowiring by type from bean name 'messageBusiness' via constructor to bean named 'groupMessageData'
15:07:45.833 [main] DEBUG org.springframework.beans.factory.support.DefaultListableBeanFactory - Autowiring by type from bean name 'messageBusiness' via constructor to bean named 'usersGroupsData'
15:07:45.833 [main] DEBUG org.springframework.beans.factory.support.DefaultListableBeanFactory - Autowiring by type from bean name 'messageBusiness' via constructor to bean named 'configurationBusiness'
15:07:45.833 [main] DEBUG org.springframework.beans.factory.support.DefaultListableBeanFactory - Autowiring by type from bean name 'messageBusiness' via constructor to bean named 'testEmailBusiness'
15:07:45.834 [main] DEBUG org.springframework.beans.factory.support.DefaultListableBeanFactory - Creating shared instance of singleton bean 'messagingDataInitializer'
15:07:45.834 [main] DEBUG org.springframework.beans.factory.support.DefaultListableBeanFactory - Autowiring by type from bean name 'messagingDataInitializer' via constructor to bean named 'lazyDataSource'
15:07:45.834 [main] DEBUG org.springframework.beans.factory.support.DefaultListableBeanFactory - Autowiring by type from bean name 'messagingDataInitializer' via constructor to bean named 'tableInitializer'
15:07:45.835 [main] DEBUG org.springframework.beans.factory.support.DefaultListableBeanFactory - Creating shared instance of singleton bean 'workflowsDBDAOFactory'
15:07:45.836 [main] DEBUG org.springframework.beans.factory.support.DefaultListableBeanFactory - Creating shared instance of singleton bean 'vipConfigFolder'
15:07:45.836 [main] DEBUG org.springframework.beans.factory.support.DefaultListableBeanFactory - Autowiring by type from bean name 'vipConfigFolder' via factory method to bean named 'org.springframework.context.support.GenericApplicationContext@609b2a43'
15:07:45.836 [main] DEBUG org.springframework.core.env.PropertySourcesPropertyResolver - Found key 'user.home' in PropertySource 'systemProperties' with value of type String
15:07:45.836 [main] INFO fr.insalyon.creatis.vip.core.server.SpringCoreConfig - vipConfigFolder property not found, using user-home : /home/marza/.vip/
15:07:45.837 [main] DEBUG org.springframework.beans.factory.support.DefaultListableBeanFactory - Creating shared instance of singleton bean 'transactionManager'
15:07:45.838 [main] DEBUG org.springframework.beans.factory.support.DefaultListableBeanFactory - Autowiring by type from bean name 'transactionManager' via factory method to bean named 'lazyDataSource'
15:07:45.838 [main] DEBUG org.springframework.beans.factory.support.DefaultListableBeanFactory - Creating shared instance of singleton bean 'gridaClient'
15:07:45.839 [main] DEBUG org.springframework.beans.factory.support.DefaultListableBeanFactory - Autowiring by type from bean name 'gridaClient' via factory method to bean named 'testServer'
15:07:45.840 [main] DEBUG org.springframework.beans.factory.support.DefaultListableBeanFactory - Creating shared instance of singleton bean 'gridaPoolClient'
15:07:45.840 [main] DEBUG org.springframework.beans.factory.support.DefaultListableBeanFactory - Autowiring by type from bean name 'gridaPoolClient' via factory method to bean named 'testServer'
15:07:45.842 [main] DEBUG org.springframework.context.event.EventListenerMethodProcessor - 1 @EventListener methods processed on bean 'applicationDataInitializer': {public void fr.insalyon.creatis.vip.application.server.dao.mysql.ApplicationDataInitializer.onStartup()=@org.springframework.context.event.EventListener(classes=[org.springframework.context.event.ContextRefreshedEvent], condition=, id=, value=[org.springframework.context.event.ContextRefreshedEvent])}
15:07:45.844 [main] DEBUG org.springframework.context.event.EventListenerMethodProcessor - 1 @EventListener methods processed on bean 'coreDataInitializer': {public void fr.insalyon.creatis.vip.core.server.dao.mysql.CoreDataInitializer.onStartup()=@org.springframework.context.event.EventListener(classes=[org.springframework.context.event.ContextRefreshedEvent], condition=, id=, value=[org.springframework.context.event.ContextRefreshedEvent])}
15:07:45.845 [main] DEBUG org.springframework.context.event.EventListenerMethodProcessor - 1 @EventListener methods processed on bean 'dataManagerDataInitializer': {public void fr.insalyon.creatis.vip.datamanager.server.dao.mysql.DataManagerDataInitializer.onStartup()=@org.springframework.context.event.EventListener(classes=[org.springframework.context.event.ContextRefreshedEvent], condition=, id=, value=[org.springframework.context.event.ContextRefreshedEvent])}
15:07:45.846 [main] DEBUG org.springframework.context.event.EventListenerMethodProcessor - 1 @EventListener methods processed on bean 'messagingDataInitializer': {public void fr.insalyon.creatis.vip.social.server.dao.mysql.MessagingDataInitializer.onStartup()=@org.springframework.context.event.EventListener(classes=[org.springframework.context.event.ContextRefreshedEvent], condition=, id=, value=[org.springframework.context.event.ContextRefreshedEvent])}
15:07:45.848 [main] DEBUG org.springframework.jdbc.datasource.DataSourceTransactionManager - Creating new transaction with name [fr.insalyon.creatis.vip.core.server.dao.mysql.CoreDataInitializer.onStartup]: PROPAGATION_REQUIRED,ISOLATION_DEFAULT
15:07:45.849 [main] DEBUG org.springframework.jdbc.datasource.DataSourceTransactionManager - Acquired Connection [Lazy Connection proxy for target DataSource [org.springframework.jdbc.datasource.embedded.EmbeddedDatabaseFactory$EmbeddedDataSourceProxy@31749216]] for JDBC transaction
15:07:45.849 [main] DEBUG org.springframework.jdbc.datasource.DataSourceTransactionManager - Switching JDBC Connection [Lazy Connection proxy for target DataSource [org.springframework.jdbc.datasource.embedded.EmbeddedDatabaseFactory$EmbeddedDataSourceProxy@31749216]] to manual commit
15:07:45.850 [main] INFO fr.insalyon.creatis.vip.core.server.dao.mysql.CoreDataInitializer - Configuring VIP core database.
15:07:45.850 [main] DEBUG org.springframework.jdbc.datasource.DataSourceTransactionManager - Participating in existing transaction
15:07:45.850 [main] DEBUG org.springframework.jdbc.datasource.SimpleDriverDataSource - Creating new JDBC Driver Connection to [jdbc:h2:mem:3278851f-a2bd-46b8-bbb9-d890713cf44c;DB_CLOSE_DELAY=-1;DB_CLOSE_ON_EXIT=false]
15:07:45.851 [main] INFO fr.insalyon.creatis.vip.core.server.dao.mysql.TableInitializer - Table VIPUsers successfully created.
15:07:45.853 [main] DEBUG org.springframework.jdbc.datasource.DataSourceTransactionManager - Participating in existing transaction
15:07:45.853 [main] DEBUG org.springframework.jdbc.datasource.DataSourceTransactionManager - Participating in existing transaction
15:07:45.854 [main] INFO fr.insalyon.creatis.vip.core.server.dao.mysql.TableInitializer - Table VIPGroups successfully created.
15:07:45.854 [main] DEBUG org.springframework.jdbc.datasource.DataSourceTransactionManager - Participating in existing transaction
15:07:45.854 [main] DEBUG org.springframework.jdbc.datasource.DataSourceTransactionManager - Participating in existing transaction
15:07:45.856 [main] INFO fr.insalyon.creatis.vip.core.server.dao.mysql.TableInitializer - Table VIPUsersGroups successfully created.
15:07:45.857 [main] DEBUG org.springframework.jdbc.datasource.DataSourceTransactionManager - Participating in existing transaction
15:07:45.857 [main] DEBUG org.springframework.jdbc.datasource.DataSourceTransactionManager - Participating in existing transaction
15:07:45.858 [main] INFO fr.insalyon.creatis.vip.core.server.dao.mysql.TableInitializer - Table VIPTermsOfuse successfully created.
15:07:45.858 [main] DEBUG org.springframework.jdbc.datasource.DataSourceTransactionManager - Participating in existing transaction
15:07:45.858 [main] DEBUG org.springframework.jdbc.datasource.DataSourceTransactionManager - Initiating transaction commit
15:07:45.858 [main] DEBUG org.springframework.jdbc.datasource.DataSourceTransactionManager - Committing JDBC transaction on Connection [conn11: url=jdbc:h2:mem:3278851f-a2bd-46b8-bbb9-d890713cf44c user=SA]
15:07:45.858 [main] DEBUG org.springframework.jdbc.datasource.DataSourceTransactionManager - Releasing JDBC Connection [conn11: url=jdbc:h2:mem:3278851f-a2bd-46b8-bbb9-d890713cf44c user=SA] after transaction
15:07:45.859 [main] DEBUG org.springframework.jdbc.datasource.DataSourceTransactionManager - Creating new transaction with name [fr.insalyon.creatis.vip.application.server.dao.mysql.ApplicationDataInitializer.onStartup]: PROPAGATION_REQUIRED,ISOLATION_DEFAULT
15:07:45.859 [main] DEBUG org.springframework.jdbc.datasource.DataSourceTransactionManager - Acquired Connection [Lazy Connection proxy for target DataSource [org.springframework.jdbc.datasource.embedded.EmbeddedDatabaseFactory$EmbeddedDataSourceProxy@31749216]] for JDBC transaction
15:07:45.860 [main] DEBUG org.springframework.jdbc.datasource.DataSourceTransactionManager - Switching JDBC Connection [Lazy Connection proxy for target DataSource [org.springframework.jdbc.datasource.embedded.EmbeddedDatabaseFactory$EmbeddedDataSourceProxy@31749216]] to manual commit
15:07:45.860 [main] INFO fr.insalyon.creatis.vip.application.server.dao.mysql.ApplicationDataInitializer - Configuring VIP Application database.
15:07:45.860 [main] DEBUG org.springframework.jdbc.datasource.DataSourceTransactionManager - Participating in existing transaction
15:07:45.860 [main] DEBUG org.springframework.jdbc.datasource.SimpleDriverDataSource - Creating new JDBC Driver Connection to [jdbc:h2:mem:3278851f-a2bd-46b8-bbb9-d890713cf44c;DB_CLOSE_DELAY=-1;DB_CLOSE_ON_EXIT=false]
15:07:45.861 [main] INFO fr.insalyon.creatis.vip.core.server.dao.mysql.TableInitializer - Table VIPEngines successfully created.
15:07:45.861 [main] DEBUG org.springframework.jdbc.datasource.DataSourceTransactionManager - Participating in existing transaction
15:07:45.861 [main] INFO fr.insalyon.creatis.vip.core.server.dao.mysql.TableInitializer - Table VIPClasses successfully created.
15:07:45.861 [main] DEBUG org.springframework.jdbc.datasource.DataSourceTransactionManager - Participating in existing transaction
15:07:45.863 [main] INFO fr.insalyon.creatis.vip.core.server.dao.mysql.TableInitializer - Table VIPClassesEngines successfully created.
15:07:45.863 [main] DEBUG org.springframework.jdbc.datasource.DataSourceTransactionManager - Participating in existing transaction
15:07:45.865 [main] INFO fr.insalyon.creatis.vip.core.server.dao.mysql.TableInitializer - Table VIPGroupsClasses successfully created.
15:07:45.865 [main] DEBUG org.springframework.jdbc.datasource.DataSourceTransactionManager - Participating in existing transaction
15:07:45.867 [main] INFO fr.insalyon.creatis.vip.core.server.dao.mysql.TableInitializer - Table VIPApplications successfully created.
15:07:45.867 [main] DEBUG org.springframework.jdbc.datasource.DataSourceTransactionManager - Participating in existing transaction
15:07:45.868 [main] INFO fr.insalyon.creatis.vip.core.server.dao.mysql.TableInitializer - Table VIPAppVersions successfully created.
15:07:45.868 [main] DEBUG org.springframework.jdbc.datasource.DataSourceTransactionManager - Participating in existing transaction
15:07:45.870 [main] INFO fr.insalyon.creatis.vip.core.server.dao.mysql.TableInitializer - Table VIPApplicationClasses successfully created.
15:07:45.870 [main] DEBUG org.springframework.jdbc.datasource.DataSourceTransactionManager - Participating in existing transaction
15:07:45.872 [main] INFO fr.insalyon.creatis.vip.core.server.dao.mysql.TableInitializer - Table VIPAppInputs successfully created.
15:07:45.872 [main] DEBUG org.springframework.jdbc.datasource.DataSourceTransactionManager - Participating in existing transaction
15:07:45.872 [main] INFO fr.insalyon.creatis.vip.core.server.dao.mysql.TableInitializer - Table VIPAppExamples successfully created.
15:07:45.872 [main] DEBUG org.springframework.jdbc.datasource.DataSourceTransactionManager - Initiating transaction commit
15:07:45.872 [main] DEBUG org.springframework.jdbc.datasource.DataSourceTransactionManager - Committing JDBC transaction on Connection [conn12: url=jdbc:h2:mem:3278851f-a2bd-46b8-bbb9-d890713cf44c user=SA]
15:07:45.873 [main] DEBUG org.springframework.jdbc.datasource.DataSourceTransactionManager - Releasing JDBC Connection [conn12: url=jdbc:h2:mem:3278851f-a2bd-46b8-bbb9-d890713cf44c user=SA] after transaction
15:07:45.873 [main] DEBUG org.springframework.jdbc.datasource.DataSourceTransactionManager - Creating new transaction with name [fr.insalyon.creatis.vip.datamanager.server.dao.mysql.DataManagerDataInitializer.onStartup]: PROPAGATION_REQUIRED,ISOLATION_DEFAULT
15:07:45.873 [main] DEBUG org.springframework.jdbc.datasource.DataSourceTransactionManager - Acquired Connection [Lazy Connection proxy for target DataSource [org.springframework.jdbc.datasource.embedded.EmbeddedDatabaseFactory$EmbeddedDataSourceProxy@31749216]] for JDBC transaction
15:07:45.874 [main] DEBUG org.springframework.jdbc.datasource.DataSourceTransactionManager - Switching JDBC Connection [Lazy Connection proxy for target DataSource [org.springframework.jdbc.datasource.embedded.EmbeddedDatabaseFactory$EmbeddedDataSourceProxy@31749216]] to manual commit
15:07:45.874 [main] INFO fr.insalyon.creatis.vip.datamanager.server.dao.mysql.DataManagerDataInitializer - Configuring VIP SSH database.
15:07:45.874 [main] DEBUG org.springframework.jdbc.datasource.DataSourceTransactionManager - Participating in existing transaction
15:07:45.874 [main] DEBUG org.springframework.jdbc.datasource.SimpleDriverDataSource - Creating new JDBC Driver Connection to [jdbc:h2:mem:3278851f-a2bd-46b8-bbb9-d890713cf44c;DB_CLOSE_DELAY=-1;DB_CLOSE_ON_EXIT=false]
15:07:45.876 [main] INFO fr.insalyon.creatis.vip.core.server.dao.mysql.TableInitializer - Table VIPSSHAccounts successfully created.
15:07:45.876 [main] INFO fr.insalyon.creatis.vip.datamanager.server.dao.mysql.DataManagerDataInitializer - Configuring VIP External Platforms database.
15:07:45.876 [main] DEBUG org.springframework.jdbc.datasource.DataSourceTransactionManager - Participating in existing transaction
15:07:45.877 [main] INFO fr.insalyon.creatis.vip.core.server.dao.mysql.TableInitializer - Table VIPExternalPlatforms successfully created.
15:07:45.877 [main] INFO fr.insalyon.creatis.vip.datamanager.server.dao.mysql.DataManagerDataInitializer - Configuring VIP api keys database.
15:07:45.877 [main] DEBUG org.springframework.jdbc.datasource.DataSourceTransactionManager - Participating in existing transaction
15:07:45.879 [main] INFO fr.insalyon.creatis.vip.core.server.dao.mysql.TableInitializer - Table VIPApiKeys successfully created.
15:07:45.879 [main] DEBUG org.springframework.jdbc.datasource.DataSourceTransactionManager - Initiating transaction commit
15:07:45.879 [main] DEBUG org.springframework.jdbc.datasource.DataSourceTransactionManager - Committing JDBC transaction on Connection [conn13: url=jdbc:h2:mem:3278851f-a2bd-46b8-bbb9-d890713cf44c user=SA]
15:07:45.879 [main] DEBUG org.springframework.jdbc.datasource.DataSourceTransactionManager - Releasing JDBC Connection [conn13: url=jdbc:h2:mem:3278851f-a2bd-46b8-bbb9-d890713cf44c user=SA] after transaction
15:07:45.879 [main] DEBUG org.springframework.jdbc.datasource.DataSourceTransactionManager - Creating new transaction with name [fr.insalyon.creatis.vip.social.server.dao.mysql.MessagingDataInitializer.onStartup]: PROPAGATION_REQUIRED,ISOLATION_DEFAULT
15:07:45.880 [main] DEBUG org.springframework.jdbc.datasource.DataSourceTransactionManager - Acquired Connection [Lazy Connection proxy for target DataSource [org.springframework.jdbc.datasource.embedded.EmbeddedDatabaseFactory$EmbeddedDataSourceProxy@31749216]] for JDBC transaction
15:07:45.880 [main] DEBUG org.springframework.jdbc.datasource.DataSourceTransactionManager - Switching JDBC Connection [Lazy Connection proxy for target DataSource [org.springframework.jdbc.datasource.embedded.EmbeddedDatabaseFactory$EmbeddedDataSourceProxy@31749216]] to manual commit
15:07:45.880 [main] INFO fr.insalyon.creatis.vip.social.server.dao.mysql.MessagingDataInitializer - Configuring VIP Social database.
15:07:45.880 [main] DEBUG org.springframework.jdbc.datasource.DataSourceTransactionManager - Participating in existing transaction
15:07:45.881 [main] DEBUG org.springframework.jdbc.datasource.SimpleDriverDataSource - Creating new JDBC Driver Connection to [jdbc:h2:mem:3278851f-a2bd-46b8-bbb9-d890713cf44c;DB_CLOSE_DELAY=-1;DB_CLOSE_ON_EXIT=false]
15:07:45.883 [main] INFO fr.insalyon.creatis.vip.core.server.dao.mysql.TableInitializer - Table VIPSocialMessage successfully created.
15:07:45.883 [main] DEBUG org.springframework.jdbc.datasource.DataSourceTransactionManager - Participating in existing transaction
15:07:45.885 [main] INFO fr.insalyon.creatis.vip.core.server.dao.mysql.TableInitializer - Table VIPSocialMessageSenderReceiver successfully created.
15:07:45.885 [main] DEBUG org.springframework.jdbc.datasource.DataSourceTransactionManager - Participating in existing transaction
15:07:45.887 [main] INFO fr.insalyon.creatis.vip.core.server.dao.mysql.TableInitializer - Table VIPSocialGroupMessage successfully created.
15:07:45.888 [main] DEBUG org.springframework.jdbc.datasource.DataSourceTransactionManager - Initiating transaction commit
15:07:45.888 [main] DEBUG org.springframework.jdbc.datasource.DataSourceTransactionManager - Committing JDBC transaction on Connection [conn14: url=jdbc:h2:mem:3278851f-a2bd-46b8-bbb9-d890713cf44c user=SA]
15:07:45.888 [main] DEBUG org.springframework.jdbc.datasource.DataSourceTransactionManager - Releasing JDBC Connection [conn14: url=jdbc:h2:mem:3278851f-a2bd-46b8-bbb9-d890713cf44c user=SA] after transaction
15:07:45.888 [main] DEBUG org.springframework.test.context.cache.DefaultCacheAwareContextLoaderDelegate - Storing ApplicationContext [1620781635] in cache under key [[MergedContextConfiguration@39266403 testClass = SimulationIT, locations = '{}', classes = '{class fr.insalyon.creatis.vip.core.server.SpringCoreConfig}', contextInitializerClasses = '[]', activeProfiles = '{test-db, test}', propertySourceLocations = '{}', propertySourceProperties = '{db.tableEngine=}', contextCustomizers = set[[empty]], contextLoader = 'org.springframework.test.context.support.DelegatingSmartContextLoader', parent = [null]]]
15:07:45.889 [main] DEBUG org.springframework.test.context.cache - Spring test ApplicationContext cache statistics: [DefaultContextCache@6bdb83c1 size = 1, maxSize = 32, parentContextCount = 0, hitCount = 6, missCount = 2]
15:07:45.891 [main] DEBUG org.springframework.test.context.cache.DefaultCacheAwareContextLoaderDelegate - Retrieved ApplicationContext [1620781635] from cache with key [[MergedContextConfiguration@39266403 testClass = SimulationIT, locations = '{}', classes = '{class fr.insalyon.creatis.vip.core.server.SpringCoreConfig}', contextInitializerClasses = '[]', activeProfiles = '{test-db, test}', propertySourceLocations = '{}', propertySourceProperties = '{db.tableEngine=}', contextCustomizers = set[[empty]], contextLoader = 'org.springframework.test.context.support.DelegatingSmartContextLoader', parent = [null]]]
15:07:45.891 [main] DEBUG org.springframework.test.context.cache - Spring test ApplicationContext cache statistics: [DefaultContextCache@6bdb83c1 size = 1, maxSize = 32, parentContextCount = 0, hitCount = 7, missCount = 2]
15:07:45.895 [main] DEBUG org.springframework.test.context.support.AbstractDirtiesContextTestExecutionListener - Before test method: context [DefaultTestContext@6bce313 testClass = SimulationIT, testInstance = fr.insalyon.creatis.vip.application.integrationtest.SimulationIT@18aca796, testMethod = testSendEmail@SimulationIT, testException = [null], mergedContextConfiguration = [MergedContextConfiguration@39266403 testClass = SimulationIT, locations = '{}', classes = '{class fr.insalyon.creatis.vip.core.server.SpringCoreConfig}', contextInitializerClasses = '[]', activeProfiles = '{test-db, test}', propertySourceLocations = '{}', propertySourceProperties = '{db.tableEngine=}', contextCustomizers = set[[empty]], contextLoader = 'org.springframework.test.context.support.DelegatingSmartContextLoader', parent = [null]], attributes = map['org.springframework.test.context.event.ApplicationEventsTestExecutionListener.recordApplicationEvents' -> false]], class annotated with @DirtiesContext [true] with mode [AFTER_EACH_TEST_METHOD], method annotated with @DirtiesContext [false] with mode [null].
15:07:45.896 [main] DEBUG org.springframework.test.context.transaction.TransactionalTestExecutionListener - Explicit transaction definition [PROPAGATION_REQUIRED,ISOLATION_DEFAULT] found for test context [DefaultTestContext@6bce313 testClass = SimulationIT, testInstance = fr.insalyon.creatis.vip.application.integrationtest.SimulationIT@18aca796, testMethod = testSendEmail@SimulationIT, testException = [null], mergedContextConfiguration = [MergedContextConfiguration@39266403 testClass = SimulationIT, locations = '{}', classes = '{class fr.insalyon.creatis.vip.core.server.SpringCoreConfig}', contextInitializerClasses = '[]', activeProfiles = '{test-db, test}', propertySourceLocations = '{}', propertySourceProperties = '{db.tableEngine=}', contextCustomizers = set[[empty]], contextLoader = 'org.springframework.test.context.support.DelegatingSmartContextLoader', parent = [null]], attributes = map['org.springframework.test.context.event.ApplicationEventsTestExecutionListener.recordApplicationEvents' -> false]]
15:07:45.896 [main] DEBUG org.springframework.test.context.cache.DefaultCacheAwareContextLoaderDelegate - Retrieved ApplicationContext [1620781635] from cache with key [[MergedContextConfiguration@39266403 testClass = SimulationIT, locations = '{}', classes = '{class fr.insalyon.creatis.vip.core.server.SpringCoreConfig}', contextInitializerClasses = '[]', activeProfiles = '{test-db, test}', propertySourceLocations = '{}', propertySourceProperties = '{db.tableEngine=}', contextCustomizers = set[[empty]], contextLoader = 'org.springframework.test.context.support.DelegatingSmartContextLoader', parent = [null]]]
15:07:45.896 [main] DEBUG org.springframework.test.context.cache - Spring test ApplicationContext cache statistics: [DefaultContextCache@6bdb83c1 size = 1, maxSize = 32, parentContextCount = 0, hitCount = 8, missCount = 2]
15:07:45.897 [main] DEBUG org.springframework.test.context.transaction.TransactionalTestExecutionListener - No method-level @Rollback override: using default rollback [true] for test context [DefaultTestContext@6bce313 testClass = SimulationIT, testInstance = fr.insalyon.creatis.vip.application.integrationtest.SimulationIT@18aca796, testMethod = testSendEmail@SimulationIT, testException = [null], mergedContextConfiguration = [MergedContextConfiguration@39266403 testClass = SimulationIT, locations = '{}', classes = '{class fr.insalyon.creatis.vip.core.server.SpringCoreConfig}', contextInitializerClasses = '[]', activeProfiles = '{test-db, test}', propertySourceLocations = '{}', propertySourceProperties = '{db.tableEngine=}', contextCustomizers = set[[empty]], contextLoader = 'org.springframework.test.context.support.DelegatingSmartContextLoader', parent = [null]], attributes = map['org.springframework.test.context.event.ApplicationEventsTestExecutionListener.recordApplicationEvents' -> false]].
15:07:45.897 [main] DEBUG org.springframework.jdbc.datasource.DataSourceTransactionManager - Creating new transaction with name [fr.insalyon.creatis.vip.application.integrationtest.SimulationIT.testSendEmail]: PROPAGATION_REQUIRED,ISOLATION_DEFAULT
15:07:45.898 [main] DEBUG org.springframework.jdbc.datasource.DataSourceTransactionManager - Acquired Connection [Lazy Connection proxy for target DataSource [org.springframework.jdbc.datasource.embedded.EmbeddedDatabaseFactory$EmbeddedDataSourceProxy@31749216]] for JDBC transaction
15:07:45.898 [main] DEBUG org.springframework.jdbc.datasource.DataSourceTransactionManager - Switching JDBC Connection [Lazy Connection proxy for target DataSource [org.springframework.jdbc.datasource.embedded.EmbeddedDatabaseFactory$EmbeddedDataSourceProxy@31749216]] to manual commit
15:07:45.898 [main] INFO org.springframework.test.context.transaction.TransactionContext - Began transaction (1) for test context [DefaultTestContext@6bce313 testClass = SimulationIT, testInstance = fr.insalyon.creatis.vip.application.integrationtest.SimulationIT@18aca796, testMethod = testSendEmail@SimulationIT, testException = [null], mergedContextConfiguration = [MergedContextConfiguration@39266403 testClass = SimulationIT, locations = '{}', classes = '{class fr.insalyon.creatis.vip.core.server.SpringCoreConfig}', contextInitializerClasses = '[]', activeProfiles = '{test-db, test}', propertySourceLocations = '{}', propertySourceProperties = '{db.tableEngine=}', contextCustomizers = set[[empty]], contextLoader = 'org.springframework.test.context.support.DelegatingSmartContextLoader', parent = [null]], attributes = map['org.springframework.test.context.event.ApplicationEventsTestExecutionListener.recordApplicationEvents' -> false]]; transaction manager [org.springframework.jdbc.datasource.DataSourceTransactionManager@180b2f0]; rollback [true]
15:07:45.899 [main] DEBUG org.springframework.test.context.cache.DefaultCacheAwareContextLoaderDelegate - Retrieved ApplicationContext [1620781635] from cache with key [[MergedContextConfiguration@39266403 testClass = SimulationIT, locations = '{}', classes = '{class fr.insalyon.creatis.vip.core.server.SpringCoreConfig}', contextInitializerClasses = '[]', activeProfiles = '{test-db, test}', propertySourceLocations = '{}', propertySourceProperties = '{db.tableEngine=}', contextCustomizers = set[[empty]], contextLoader = 'org.springframework.test.context.support.DelegatingSmartContextLoader', parent = [null]]]
15:07:45.899 [main] DEBUG org.springframework.test.context.cache - Spring test ApplicationContext cache statistics: [DefaultContextCache@6bdb83c1 size = 1, maxSize = 32, parentContextCount = 0, hitCount = 9, missCount = 2]
15:07:45.900 [main] DEBUG org.springframework.test.context.cache.DefaultCacheAwareContextLoaderDelegate - Retrieved ApplicationContext [1620781635] from cache with key [[MergedContextConfiguration@39266403 testClass = SimulationIT, locations = '{}', classes = '{class fr.insalyon.creatis.vip.core.server.SpringCoreConfig}', contextInitializerClasses = '[]', activeProfiles = '{test-db, test}', propertySourceLocations = '{}', propertySourceProperties = '{db.tableEngine=}', contextCustomizers = set[[empty]], contextLoader = 'org.springframework.test.context.support.DelegatingSmartContextLoader', parent = [null]]]
15:07:45.901 [main] DEBUG org.springframework.test.context.cache - Spring test ApplicationContext cache statistics: [DefaultContextCache@6bdb83c1 size = 1, maxSize = 32, parentContextCount = 0, hitCount = 10, missCount = 2]
15:07:45.902 [main] DEBUG org.springframework.test.context.cache.DefaultCacheAwareContextLoaderDelegate - Retrieved ApplicationContext [1620781635] from cache with key [[MergedContextConfiguration@39266403 testClass = SimulationIT, locations = '{}', classes = '{class fr.insalyon.creatis.vip.core.server.SpringCoreConfig}', contextInitializerClasses = '[]', activeProfiles = '{test-db, test}', propertySourceLocations = '{}', propertySourceProperties = '{db.tableEngine=}', contextCustomizers = set[[empty]], contextLoader = 'org.springframework.test.context.support.DelegatingSmartContextLoader', parent = [null]]]
15:07:45.902 [main] DEBUG org.springframework.test.context.cache - Spring test ApplicationContext cache statistics: [DefaultContextCache@6bdb83c1 size = 1, maxSize = 32, parentContextCount = 0, hitCount = 11, missCount = 2]
15:07:45.903 [main] DEBUG org.springframework.test.context.cache.DefaultCacheAwareContextLoaderDelegate - Retrieved ApplicationContext [1620781635] from cache with key [[MergedContextConfiguration@39266403 testClass = SimulationIT, locations = '{}', classes = '{class fr.insalyon.creatis.vip.core.server.SpringCoreConfig}', contextInitializerClasses = '[]', activeProfiles = '{test-db, test}', propertySourceLocations = '{}', propertySourceProperties = '{db.tableEngine=}', contextCustomizers = set[[empty]], contextLoader = 'org.springframework.test.context.support.DelegatingSmartContextLoader', parent = [null]]]
15:07:45.903 [main] DEBUG org.springframework.test.context.cache - Spring test ApplicationContext cache statistics: [DefaultContextCache@6bdb83c1 size = 1, maxSize = 32, parentContextCount = 0, hitCount = 12, missCount = 2]
15:07:45.903 [main] DEBUG org.springframework.jdbc.datasource.DataSourceTransactionManager - Initiating transaction rollback
15:07:45.904 [main] DEBUG org.springframework.jdbc.datasource.DataSourceTransactionManager - Rolling back JDBC transaction on Connection [Lazy Connection proxy for target DataSource [org.springframework.jdbc.datasource.embedded.EmbeddedDatabaseFactory$EmbeddedDataSourceProxy@31749216]]
15:07:45.905 [main] DEBUG org.springframework.jdbc.datasource.DataSourceTransactionManager - Releasing JDBC Connection [Lazy Connection proxy for target DataSource [org.springframework.jdbc.datasource.embedded.EmbeddedDatabaseFactory$EmbeddedDataSourceProxy@31749216]] after transaction
15:07:45.905 [main] INFO org.springframework.test.context.transaction.TransactionContext - Rolled back transaction for test: [DefaultTestContext@6bce313 testClass = SimulationIT, testInstance = fr.insalyon.creatis.vip.application.integrationtest.SimulationIT@18aca796, testMethod = testSendEmail@SimulationIT, testException = [null], mergedContextConfiguration = [MergedContextConfiguration@39266403 testClass = SimulationIT, locations = '{}', classes = '{class fr.insalyon.creatis.vip.core.server.SpringCoreConfig}', contextInitializerClasses = '[]', activeProfiles = '{test-db, test}', propertySourceLocations = '{}', propertySourceProperties = '{db.tableEngine=}', contextCustomizers = set[[empty]], contextLoader = 'org.springframework.test.context.support.DelegatingSmartContextLoader', parent = [null]], attributes = map['org.springframework.test.context.event.ApplicationEventsTestExecutionListener.recordApplicationEvents' -> false]]
15:07:45.905 [main] DEBUG org.springframework.test.context.support.AbstractDirtiesContextTestExecutionListener - After test method: context [DefaultTestContext@6bce313 testClass = SimulationIT, testInstance = fr.insalyon.creatis.vip.application.integrationtest.SimulationIT@18aca796, testMethod = testSendEmail@SimulationIT, testException = [null], mergedContextConfiguration = [MergedContextConfiguration@39266403 testClass = SimulationIT, locations = '{}', classes = '{class fr.insalyon.creatis.vip.core.server.SpringCoreConfig}', contextInitializerClasses = '[]', activeProfiles = '{test-db, test}', propertySourceLocations = '{}', propertySourceProperties = '{db.tableEngine=}', contextCustomizers = set[[empty]], contextLoader = 'org.springframework.test.context.support.DelegatingSmartContextLoader', parent = [null]], attributes = map['org.springframework.test.context.event.ApplicationEventsTestExecutionListener.recordApplicationEvents' -> false]], class annotated with @DirtiesContext [true] with mode [AFTER_EACH_TEST_METHOD], method annotated with @DirtiesContext [false] with mode [null].
15:07:45.905 [main] DEBUG org.springframework.context.support.GenericApplicationContext - Closing org.springframework.context.support.GenericApplicationContext@609b2a43, started on Fri Jul 07 15:07:45 CEST 2023
15:07:45.907 [main] INFO org.springframework.jdbc.datasource.embedded.EmbeddedDatabaseFactory - Shutting down embedded database: url='jdbc:h2:mem:3278851f-a2bd-46b8-bbb9-d890713cf44c;DB_CLOSE_DELAY=-1;DB_CLOSE_ON_EXIT=false'
15:07:45.907 [main] DEBUG org.springframework.jdbc.datasource.SimpleDriverDataSource - Creating new JDBC Driver Connection to [jdbc:h2:mem:3278851f-a2bd-46b8-bbb9-d890713cf44c;DB_CLOSE_DELAY=-1;DB_CLOSE_ON_EXIT=false]
]]></system-out>
  </testcase>
  <testcase name="testJobGetProperties" classname="fr.insalyon.creatis.vip.application.integrationtest.SimulationIT" time="0.01">
    <system-out><![CDATA[15:07:45.909 [main] DEBUG org.springframework.test.context.support.DependencyInjectionTestExecutionListener - Performing dependency injection for test context [[DefaultTestContext@6bce313 testClass = SimulationIT, testInstance = fr.insalyon.creatis.vip.application.integrationtest.SimulationIT@24db2a0c, testMethod = [null], testException = [null], mergedContextConfiguration = [MergedContextConfiguration@39266403 testClass = SimulationIT, locations = '{}', classes = '{class fr.insalyon.creatis.vip.core.server.SpringCoreConfig}', contextInitializerClasses = '[]', activeProfiles = '{test-db, test}', propertySourceLocations = '{}', propertySourceProperties = '{db.tableEngine=}', contextCustomizers = set[[empty]], contextLoader = 'org.springframework.test.context.support.DelegatingSmartContextLoader', parent = [null]], attributes = map['org.springframework.test.context.event.ApplicationEventsTestExecutionListener.recordApplicationEvents' -> false, 'org.springframework.test.context.support.DependencyInjectionTestExecutionListener.reinjectDependencies' -> true]]].
15:07:45.909 [main] DEBUG org.springframework.test.context.support.AbstractDelegatingSmartContextLoader - Delegating to AnnotationConfigContextLoader to load context from [MergedContextConfiguration@39266403 testClass = SimulationIT, locations = '{}', classes = '{class fr.insalyon.creatis.vip.core.server.SpringCoreConfig}', contextInitializerClasses = '[]', activeProfiles = '{test-db, test}', propertySourceLocations = '{}', propertySourceProperties = '{db.tableEngine=}', contextCustomizers = set[[empty]], contextLoader = 'org.springframework.test.context.support.DelegatingSmartContextLoader', parent = [null]].
15:07:45.909 [main] DEBUG org.springframework.test.context.support.AbstractGenericContextLoader - Loading ApplicationContext for merged context configuration [[MergedContextConfiguration@39266403 testClass = SimulationIT, locations = '{}', classes = '{class fr.insalyon.creatis.vip.core.server.SpringCoreConfig}', contextInitializerClasses = '[]', activeProfiles = '{test-db, test}', propertySourceLocations = '{}', propertySourceProperties = '{db.tableEngine=}', contextCustomizers = set[[empty]], contextLoader = 'org.springframework.test.context.support.DelegatingSmartContextLoader', parent = [null]]].
15:07:45.909 [main] DEBUG org.springframework.core.env.StandardEnvironment - Activating profiles [test-db, test]
15:07:45.909 [main] DEBUG org.springframework.test.context.support.TestPropertySourceUtils - Adding inlined properties to environment: {db.tableEngine=}
15:07:45.909 [main] DEBUG org.springframework.test.context.support.AnnotationConfigContextLoader - Registering component classes: {class fr.insalyon.creatis.vip.core.server.SpringCoreConfig}
15:07:45.910 [main] DEBUG org.springframework.context.support.GenericApplicationContext - Refreshing org.springframework.context.support.GenericApplicationContext@7cb84ed8
15:07:45.911 [main] DEBUG org.springframework.beans.factory.support.DefaultListableBeanFactory - Creating shared instance of singleton bean 'org.springframework.context.annotation.internalConfigurationAnnotationProcessor'
15:07:45.925 [main] DEBUG org.springframework.context.annotation.ClassPathBeanDefinitionScanner - Identified candidate component class: file [/home/marza/Documents/VIP-portal/vip-application/target/test-classes/fr/insalyon/creatis/vip/application/integrationtest/SpringApplicationTestConfig.class]
15:07:45.932 [main] DEBUG org.springframework.context.annotation.ClassPathBeanDefinitionScanner - Identified candidate component class: URL [jar:file:/home/marza/Documents/VIP-portal/vip-application/target/vip-application-2.4.1.jar!/fr/insalyon/creatis/vip/application/server/business/simulation/parser/InputM2Parser.class]
15:07:45.932 [main] DEBUG org.springframework.context.annotation.ClassPathBeanDefinitionScanner - Identified candidate component class: URL [jar:file:/home/marza/Documents/VIP-portal/vip-application/target/vip-application-2.4.1.jar!/fr/insalyon/creatis/vip/application/server/business/simulation/parser/GwendiaParser.class]
15:07:45.932 [main] DEBUG org.springframework.context.annotation.ClassPathBeanDefinitionScanner - Identified candidate component class: URL [jar:file:/home/marza/Documents/VIP-portal/vip-application/target/vip-application-2.4.1.jar!/fr/insalyon/creatis/vip/application/server/business/simulation/WebServiceEngine.class]
15:07:45.933 [main] DEBUG org.springframework.context.annotation.ClassPathBeanDefinitionScanner - Identified candidate component class: URL [jar:file:/home/marza/Documents/VIP-portal/vip-application/target/vip-application-2.4.1.jar!/fr/insalyon/creatis/vip/application/server/dao/mysql/ClassData.class]
15:07:45.940 [main] DEBUG org.springframework.context.annotation.ClassPathBeanDefinitionScanner - Identified candidate component class: URL [jar:file:/home/marza/Documents/VIP-portal/vip-application/target/vip-application-2.4.1.jar!/fr/insalyon/creatis/vip/application/server/dao/mysql/EngineData.class]
15:07:45.940 [main] DEBUG org.springframework.context.annotation.ClassPathBeanDefinitionScanner - Identified candidate component class: URL [jar:file:/home/marza/Documents/VIP-portal/vip-application/target/vip-application-2.4.1.jar!/fr/insalyon/creatis/vip/application/server/dao/mysql/ApplicationDataInitializer.class]
15:07:45.941 [main] DEBUG org.springframework.context.annotation.ClassPathBeanDefinitionScanner - Identified candidate component class: URL [jar:file:/home/marza/Documents/VIP-portal/vip-application/target/vip-application-2.4.1.jar!/fr/insalyon/creatis/vip/application/server/dao/h2/SimulationData.class]
15:07:45.945 [main] DEBUG org.springframework.context.annotation.ClassPathBeanDefinitionScanner - Identified candidate component class: URL [jar:file:/home/marza/Documents/VIP-portal/vip-application/target/vip-application-2.4.1.jar!/fr/insalyon/creatis/vip/application/server/business/InputBusiness.class]
15:07:45.945 [main] DEBUG org.springframework.context.annotation.ClassPathBeanDefinitionScanner - Identified candidate component class: URL [jar:file:/home/marza/Documents/VIP-portal/vip-application/target/vip-application-2.4.1.jar!/fr/insalyon/creatis/vip/application/server/business/ApplicationBusiness.class]
15:07:45.946 [main] DEBUG org.springframework.context.annotation.ClassPathBeanDefinitionScanner - Identified candidate component class: URL [jar:file:/home/marza/Documents/VIP-portal/vip-application/target/vip-application-2.4.1.jar!/fr/insalyon/creatis/vip/application/server/business/BoutiquesBusiness.class]
15:07:45.946 [main] DEBUG org.springframework.context.annotation.ClassPathBeanDefinitionScanner - Identified candidate component class: URL [jar:file:/home/marza/Documents/VIP-portal/vip-application/target/vip-application-2.4.1.jar!/fr/insalyon/creatis/vip/application/server/dao/mysql/ApplicationData.class]
15:07:45.957 [main] DEBUG org.springframework.context.annotation.ClassPathBeanDefinitionScanner - Identified candidate component class: URL [jar:file:/home/marza/Documents/VIP-portal/vip-application/target/vip-application-2.4.1.jar!/fr/insalyon/creatis/vip/application/server/business/EngineBusiness.class]
15:07:45.958 [main] DEBUG org.springframework.context.annotation.ClassPathBeanDefinitionScanner - Identified candidate component class: URL [jar:file:/home/marza/Documents/VIP-portal/vip-application/target/vip-application-2.4.1.jar!/fr/insalyon/creatis/vip/application/server/business/simulation/parser/InputParser.class]
15:07:45.958 [main] DEBUG org.springframework.context.annotation.ClassPathBeanDefinitionScanner - Identified candidate component class: URL [jar:file:/home/marza/Documents/VIP-portal/vip-application/target/vip-application-2.4.1.jar!/fr/insalyon/creatis/vip/application/server/business/simulation/parser/ScuflParser.class]
15:07:45.959 [main] DEBUG org.springframework.context.annotation.ClassPathBeanDefinitionScanner - Identified candidate component class: URL [jar:file:/home/marza/Documents/VIP-portal/vip-application/target/vip-application-2.4.1.jar!/fr/insalyon/creatis/vip/application/server/business/WorkflowBusiness.class]
15:07:45.959 [main] DEBUG org.springframework.context.annotation.ClassPathBeanDefinitionScanner - Identified candidate component class: URL [jar:file:/home/marza/Documents/VIP-portal/vip-application/target/vip-application-2.4.1.jar!/fr/insalyon/creatis/vip/application/server/dao/h2/ExecutionNodeData.class]
15:07:45.964 [main] DEBUG org.springframework.context.annotation.ClassPathBeanDefinitionScanner - Identified candidate component class: URL [jar:file:/home/marza/Documents/VIP-portal/vip-application/target/vip-application-2.4.1.jar!/fr/insalyon/creatis/vip/application/server/business/WorkflowExecutionBusiness.class]
15:07:45.964 [main] DEBUG org.springframework.context.annotation.ClassPathBeanDefinitionScanner - Identified candidate component class: URL [jar:file:/home/marza/Documents/VIP-portal/vip-application/target/vip-application-2.4.1.jar!/fr/insalyon/creatis/vip/application/server/business/SimulationBusiness.class]
15:07:45.964 [main] DEBUG org.springframework.context.annotation.ClassPathBeanDefinitionScanner - Identified candidate component class: URL [jar:file:/home/marza/Documents/VIP-portal/vip-application/target/vip-application-2.4.1.jar!/fr/insalyon/creatis/vip/application/server/business/ClassBusiness.class]
15:07:45.965 [main] DEBUG org.springframework.context.annotation.ClassPathBeanDefinitionScanner - Identified candidate component class: URL [jar:file:/home/marza/Documents/VIP-portal/vip-application/target/vip-application-2.4.1.jar!/fr/insalyon/creatis/vip/application/server/dao/hibernate/SimulationStatsData.class]
15:07:45.965 [main] DEBUG org.springframework.context.annotation.ClassPathBeanDefinitionScanner - Identified candidate component class: URL [jar:file:/home/marza/Documents/VIP-portal/vip-application/target/vip-application-2.4.1.jar!/fr/insalyon/creatis/vip/application/server/dao/mysql/ApplicationInputData.class]
15:07:45.969 [main] DEBUG org.springframework.context.annotation.ClassPathBeanDefinitionScanner - Identified candidate component class: URL [jar:file:/home/marza/Documents/VIP-portal/vip-core/target/vip-core-2.4.1.jar!/fr/insalyon/creatis/vip/core/server/dao/mysql/TableInitializer.class]
15:07:45.969 [main] DEBUG org.springframework.context.annotation.ClassPathBeanDefinitionScanner - Identified candidate component class: URL [jar:file:/home/marza/Documents/VIP-portal/vip-core/target/vip-core-2.4.1.jar!/fr/insalyon/creatis/vip/core/server/dao/mysql/UsersGroupsData.class]
15:07:45.970 [main] DEBUG org.springframework.context.annotation.ClassPathBeanDefinitionScanner - Identified candidate component class: URL [jar:file:/home/marza/Documents/VIP-portal/vip-core/target/vip-core-2.4.1.jar!/fr/insalyon/creatis/vip/core/server/dao/mysql/CoreDataInitializer.class]
15:07:45.976 [main] DEBUG org.springframework.context.annotation.ClassPathBeanDefinitionScanner - Identified candidate component class: URL [jar:file:/home/marza/Documents/VIP-portal/vip-core/target/vip-core-2.4.1.jar!/fr/insalyon/creatis/vip/core/server/business/StatsBusiness.class]
15:07:45.976 [main] DEBUG org.springframework.context.annotation.ClassPathBeanDefinitionScanner - Identified candidate component class: URL [jar:file:/home/marza/Documents/VIP-portal/vip-core/target/vip-core-2.4.1.jar!/fr/insalyon/creatis/vip/core/server/business/EmailBusiness.class]
15:07:45.977 [main] DEBUG org.springframework.context.annotation.ClassPathBeanDefinitionScanner - Identified candidate component class: URL [jar:file:/home/marza/Documents/VIP-portal/vip-core/target/vip-core-2.4.1.jar!/fr/insalyon/creatis/vip/core/server/business/proxy/ProxyClient.class]
15:07:45.977 [main] DEBUG org.springframework.context.annotation.ClassPathBeanDefinitionScanner - Identified candidate component class: URL [jar:file:/home/marza/Documents/VIP-portal/vip-core/target/vip-core-2.4.1.jar!/fr/insalyon/creatis/vip/core/server/business/ConfigurationBusiness.class]
15:07:45.983 [main] DEBUG org.springframework.context.annotation.ClassPathBeanDefinitionScanner - Identified candidate component class: URL [jar:file:/home/marza/Documents/VIP-portal/vip-core/target/vip-core-2.4.1.jar!/fr/insalyon/creatis/vip/core/server/dao/mysql/UserData.class]
15:07:45.984 [main] DEBUG org.springframework.context.annotation.ClassPathBeanDefinitionScanner - Identified candidate component class: URL [jar:file:/home/marza/Documents/VIP-portal/vip-core/target/vip-core-2.4.1.jar!/fr/insalyon/creatis/vip/core/server/business/VipSessionBusiness.class]
15:07:45.985 [main] DEBUG org.springframework.context.annotation.ClassPathBeanDefinitionScanner - Identified candidate component class: URL [jar:file:/home/marza/Documents/VIP-portal/vip-core/target/vip-core-2.4.1.jar!/fr/insalyon/creatis/vip/core/server/DataSourceConfig.class]
15:07:45.986 [main] DEBUG org.springframework.context.annotation.ClassPathBeanDefinitionScanner - Identified candidate component class: URL [jar:file:/home/marza/Documents/VIP-portal/vip-core/target/vip-core-2.4.1.jar!/fr/insalyon/creatis/vip/core/server/dao/mysql/TermsUseData.class]
15:07:45.986 [main] DEBUG org.springframework.context.annotation.ClassPathBeanDefinitionScanner - Identified candidate component class: URL [jar:file:/home/marza/Documents/VIP-portal/vip-core/target/vip-core-2.4.1.jar!/fr/insalyon/creatis/vip/core/server/dao/mysql/GroupData.class]
15:07:46.001 [main] DEBUG org.springframework.context.annotation.ClassPathBeanDefinitionScanner - Identified candidate component class: URL [jar:file:/home/marza/Documents/VIP-portal/vip-datamanagement/target/vip-datamanager-2.4.1.jar!/fr/insalyon/creatis/vip/datamanager/server/business/LfcPathsBusiness.class]
15:07:46.001 [main] DEBUG org.springframework.context.annotation.ClassPathBeanDefinitionScanner - Identified candidate component class: URL [jar:file:/home/marza/Documents/VIP-portal/vip-datamanagement/target/vip-datamanager-2.4.1.jar!/fr/insalyon/creatis/vip/datamanager/server/business/ExternalPlatformBusiness.class]
15:07:46.002 [main] DEBUG org.springframework.context.annotation.ClassPathBeanDefinitionScanner - Identified candidate component class: URL [jar:file:/home/marza/Documents/VIP-portal/vip-datamanagement/target/vip-datamanager-2.4.1.jar!/fr/insalyon/creatis/vip/datamanager/server/business/GirderStorageBusiness.class]
15:07:46.002 [main] DEBUG org.springframework.context.annotation.ClassPathBeanDefinitionScanner - Identified candidate component class: URL [jar:file:/home/marza/Documents/VIP-portal/vip-datamanagement/target/vip-datamanager-2.4.1.jar!/fr/insalyon/creatis/vip/datamanager/server/business/DataManagerBusiness.class]
15:07:46.002 [main] DEBUG org.springframework.context.annotation.ClassPathBeanDefinitionScanner - Identified candidate component class: URL [jar:file:/home/marza/Documents/VIP-portal/vip-datamanagement/target/vip-datamanager-2.4.1.jar!/fr/insalyon/creatis/vip/datamanager/server/business/ApiKeyBusiness.class]
15:07:46.002 [main] DEBUG org.springframework.context.annotation.ClassPathBeanDefinitionScanner - Identified candidate component class: URL [jar:file:/home/marza/Documents/VIP-portal/vip-datamanagement/target/vip-datamanager-2.4.1.jar!/fr/insalyon/creatis/vip/datamanager/server/business/ShanoirStorageBusiness.class]
15:07:46.003 [main] DEBUG org.springframework.context.annotation.ClassPathBeanDefinitionScanner - Identified candidate component class: URL [jar:file:/home/marza/Documents/VIP-portal/vip-datamanagement/target/vip-datamanager-2.4.1.jar!/fr/insalyon/creatis/vip/datamanager/server/business/TransferPoolBusiness.class]
15:07:46.003 [main] DEBUG org.springframework.context.annotation.ClassPathBeanDefinitionScanner - Identified candidate component class: URL [jar:file:/home/marza/Documents/VIP-portal/vip-datamanagement/target/vip-datamanager-2.4.1.jar!/fr/insalyon/creatis/vip/datamanager/server/business/LFCBusiness.class]
15:07:46.003 [main] DEBUG org.springframework.context.annotation.ClassPathBeanDefinitionScanner - Identified candidate component class: URL [jar:file:/home/marza/Documents/VIP-portal/vip-datamanagement/target/vip-datamanager-2.4.1.jar!/fr/insalyon/creatis/vip/datamanager/server/business/LFCPermissionBusiness.class]
15:07:46.004 [main] DEBUG org.springframework.context.annotation.ClassPathBeanDefinitionScanner - Identified candidate component class: URL [jar:file:/home/marza/Documents/VIP-portal/vip-datamanagement/target/vip-datamanager-2.4.1.jar!/fr/insalyon/creatis/vip/datamanager/server/dao/mysql/SSHData.class]
15:07:46.004 [main] DEBUG org.springframework.context.annotation.ClassPathBeanDefinitionScanner - Identified candidate component class: URL [jar:file:/home/marza/Documents/VIP-portal/vip-datamanagement/target/vip-datamanager-2.4.1.jar!/fr/insalyon/creatis/vip/datamanager/server/dao/mysql/ApiKeysData.class]
15:07:46.005 [main] DEBUG org.springframework.context.annotation.ClassPathBeanDefinitionScanner - Identified candidate component class: URL [jar:file:/home/marza/Documents/VIP-portal/vip-datamanagement/target/vip-datamanager-2.4.1.jar!/fr/insalyon/creatis/vip/datamanager/server/dao/mysql/ExternalPlatformData.class]
15:07:46.005 [main] DEBUG org.springframework.context.annotation.ClassPathBeanDefinitionScanner - Identified candidate component class: URL [jar:file:/home/marza/Documents/VIP-portal/vip-datamanagement/target/vip-datamanager-2.4.1.jar!/fr/insalyon/creatis/vip/datamanager/server/dao/mysql/DataManagerDataInitializer.class]
15:07:46.010 [main] DEBUG org.springframework.context.annotation.ClassPathBeanDefinitionScanner - Identified candidate component class: URL [jar:file:/home/marza/Documents/VIP-portal/vip-social/target/vip-social-2.4.1.jar!/fr/insalyon/creatis/vip/social/server/business/MessageBusiness.class]
15:07:46.010 [main] DEBUG org.springframework.context.annotation.ClassPathBeanDefinitionScanner - Identified candidate component class: URL [jar:file:/home/marza/Documents/VIP-portal/vip-social/target/vip-social-2.4.1.jar!/fr/insalyon/creatis/vip/social/server/dao/mysql/MessageData.class]
15:07:46.010 [main] DEBUG org.springframework.context.annotation.ClassPathBeanDefinitionScanner - Identified candidate component class: URL [jar:file:/home/marza/Documents/VIP-portal/vip-social/target/vip-social-2.4.1.jar!/fr/insalyon/creatis/vip/social/server/dao/mysql/MessagingDataInitializer.class]
15:07:46.010 [main] DEBUG org.springframework.context.annotation.ClassPathBeanDefinitionScanner - Identified candidate component class: URL [jar:file:/home/marza/Documents/VIP-portal/vip-social/target/vip-social-2.4.1.jar!/fr/insalyon/creatis/vip/social/server/dao/mysql/GroupMessageData.class]
15:07:46.011 [main] DEBUG org.springframework.context.annotation.ClassPathBeanDefinitionScanner - Identified candidate component class: URL [jar:file:/home/marza/Documents/VIP-portal/vip-core/target/vip-core-2.4.1-tests.jar!/fr/insalyon/creatis/vip/core/integrationtest/TestDataSourceSpringConfig.class]
15:07:46.011 [main] DEBUG org.springframework.context.annotation.ClassPathBeanDefinitionScanner - Identified candidate component class: URL [jar:file:/home/marza/Documents/VIP-portal/vip-core/target/vip-core-2.4.1-tests.jar!/fr/insalyon/creatis/vip/core/integrationtest/SpingTestConfig.class]
15:07:46.012 [main] DEBUG org.springframework.context.annotation.ClassPathBeanDefinitionScanner - Identified candidate component class: URL [jar:file:/home/marza/Documents/VIP-portal/vip-core/target/vip-core-2.4.1-tests.jar!/fr/insalyon/creatis/vip/core/integrationtest/ServerMockConfig.class]
15:07:46.043 [main] DEBUG org.springframework.beans.factory.support.DefaultListableBeanFactory - Creating shared instance of singleton bean 'properties'
15:07:46.044 [main] DEBUG org.springframework.beans.factory.support.DefaultListableBeanFactory - Creating shared instance of singleton bean 'org.springframework.context.event.internalEventListenerProcessor'
15:07:46.045 [main] DEBUG org.springframework.beans.factory.support.DefaultListableBeanFactory - Creating shared instance of singleton bean 'org.springframework.context.event.internalEventListenerFactory'
15:07:46.045 [main] DEBUG org.springframework.beans.factory.support.DefaultListableBeanFactory - Creating shared instance of singleton bean 'org.springframework.transaction.config.internalTransactionalEventListenerFactory'
15:07:46.046 [main] DEBUG org.springframework.beans.factory.support.DefaultListableBeanFactory - Creating shared instance of singleton bean 'org.springframework.context.annotation.internalAutowiredAnnotationProcessor'
15:07:46.046 [main] DEBUG org.springframework.beans.factory.support.DefaultListableBeanFactory - Creating shared instance of singleton bean 'org.springframework.context.annotation.internalCommonAnnotationProcessor'
15:07:46.046 [main] DEBUG org.springframework.beans.factory.support.DefaultListableBeanFactory - Creating shared instance of singleton bean 'org.springframework.aop.config.internalAutoProxyCreator'
15:07:46.048 [main] DEBUG org.springframework.beans.factory.support.DefaultListableBeanFactory - Creating shared instance of singleton bean 'conversionService'
15:07:46.049 [main] DEBUG org.springframework.beans.factory.support.DefaultListableBeanFactory - Creating shared instance of singleton bean 'org.springframework.transaction.config.internalTransactionAdvisor'
15:07:46.050 [main] DEBUG org.springframework.beans.factory.support.DefaultListableBeanFactory - Creating shared instance of singleton bean 'org.springframework.transaction.annotation.ProxyTransactionManagementConfiguration'
15:07:46.052 [main] DEBUG org.springframework.beans.factory.support.DefaultListableBeanFactory - Creating shared instance of singleton bean 'transactionAttributeSource'
15:07:46.053 [main] DEBUG org.springframework.beans.factory.support.DefaultListableBeanFactory - Creating shared instance of singleton bean 'transactionInterceptor'
15:07:46.053 [main] DEBUG org.springframework.beans.factory.support.DefaultListableBeanFactory - Autowiring by type from bean name 'transactionInterceptor' via factory method to bean named 'transactionAttributeSource'
15:07:46.053 [main] DEBUG org.springframework.beans.factory.support.DefaultListableBeanFactory - Autowiring by type from bean name 'org.springframework.transaction.config.internalTransactionAdvisor' via factory method to bean named 'transactionAttributeSource'
15:07:46.053 [main] DEBUG org.springframework.beans.factory.support.DefaultListableBeanFactory - Autowiring by type from bean name 'org.springframework.transaction.config.internalTransactionAdvisor' via factory method to bean named 'transactionInterceptor'
15:07:46.055 [main] DEBUG org.springframework.beans.factory.support.DefaultListableBeanFactory - Creating shared instance of singleton bean 'springCoreConfig'
15:07:46.055 [main] DEBUG org.springframework.beans.factory.support.DefaultListableBeanFactory - Creating shared instance of singleton bean 'springApplicationTestConfig'
15:07:46.056 [main] DEBUG org.springframework.beans.factory.support.DefaultListableBeanFactory - Creating shared instance of singleton bean 'classData'
15:07:46.057 [main] DEBUG org.springframework.beans.factory.support.DefaultListableBeanFactory - Creating shared instance of singleton bean 'lazyDataSource'
15:07:46.058 [main] DEBUG org.springframework.beans.factory.support.DefaultListableBeanFactory - Creating shared instance of singleton bean 'testDataSource'
15:07:46.058 [main] DEBUG org.springframework.beans.factory.support.DefaultListableBeanFactory - Creating shared instance of singleton bean 'testDataSourceSpringConfig'
15:07:46.059 [main] INFO org.springframework.jdbc.datasource.embedded.EmbeddedDatabaseFactory - Starting embedded database: url='jdbc:h2:mem:a5d6edab-fd64-46bd-9be0-509532152a99;DB_CLOSE_DELAY=-1;DB_CLOSE_ON_EXIT=false', username='sa'
15:07:46.059 [main] DEBUG org.springframework.jdbc.datasource.DataSourceUtils - Fetching JDBC Connection from DataSource
15:07:46.059 [main] DEBUG org.springframework.jdbc.datasource.SimpleDriverDataSource - Creating new JDBC Driver Connection to [jdbc:h2:mem:a5d6edab-fd64-46bd-9be0-509532152a99;DB_CLOSE_DELAY=-1;DB_CLOSE_ON_EXIT=false]
15:07:46.063 [main] DEBUG org.springframework.beans.factory.support.DefaultListableBeanFactory - Autowiring by type from bean name 'lazyDataSource' via factory method to bean named 'testDataSource'
15:07:46.063 [main] DEBUG org.springframework.jdbc.datasource.SimpleDriverDataSource - Creating new JDBC Driver Connection to [jdbc:h2:mem:a5d6edab-fd64-46bd-9be0-509532152a99;DB_CLOSE_DELAY=-1;DB_CLOSE_ON_EXIT=false]
15:07:46.065 [main] DEBUG org.springframework.beans.factory.support.DefaultListableBeanFactory - Creating shared instance of singleton bean 'engineData'
15:07:46.066 [main] DEBUG org.springframework.beans.factory.support.DefaultListableBeanFactory - Creating shared instance of singleton bean 'applicationDataInitializer'
15:07:46.067 [main] DEBUG org.springframework.beans.factory.support.DefaultListableBeanFactory - Creating shared instance of singleton bean 'tableInitializer'
15:07:46.068 [main] DEBUG org.springframework.core.env.PropertySourcesPropertyResolver - Found key 'db.tableEngine' in PropertySource 'Inlined Test Properties' with value of type String
15:07:46.068 [main] DEBUG org.springframework.core.env.PropertySourcesPropertyResolver - Found key 'db.tableEngine' in PropertySource 'environmentProperties' with value of type String
15:07:46.069 [main] DEBUG org.springframework.beans.factory.support.DefaultListableBeanFactory - Autowiring by type from bean name 'applicationDataInitializer' via constructor to bean named 'lazyDataSource'
15:07:46.069 [main] DEBUG org.springframework.beans.factory.support.DefaultListableBeanFactory - Autowiring by type from bean name 'applicationDataInitializer' via constructor to bean named 'tableInitializer'
15:07:46.070 [main] DEBUG org.springframework.beans.factory.support.DefaultListableBeanFactory - Creating shared instance of singleton bean 'inputBusiness'
15:07:46.071 [main] DEBUG org.springframework.beans.factory.support.DefaultListableBeanFactory - Creating shared instance of singleton bean 'applicationInputData'
15:07:46.072 [main] DEBUG org.springframework.beans.factory.support.DefaultListableBeanFactory - Creating shared instance of singleton bean 'dataManagerBusiness'
15:07:46.073 [main] DEBUG org.springframework.beans.factory.support.DefaultListableBeanFactory - Creating shared instance of singleton bean 'SSHData'
15:07:46.075 [main] DEBUG org.springframework.beans.factory.support.DefaultListableBeanFactory - Creating shared instance of singleton bean 'testGridaClient'
15:07:46.075 [main] DEBUG org.springframework.beans.factory.support.DefaultListableBeanFactory - Creating shared instance of singleton bean 'spingTestConfig'
15:07:46.076 [main] DEBUG org.springframework.beans.factory.support.DefaultListableBeanFactory - Creating shared instance of singleton bean 'gridaCacheClient'
15:07:46.077 [main] DEBUG org.springframework.beans.factory.support.DefaultListableBeanFactory - Creating shared instance of singleton bean 'testServer'
15:07:46.077 [main] DEBUG org.springframework.beans.factory.support.DefaultListableBeanFactory - Creating shared instance of singleton bean 'serverMockConfig'
15:07:46.081 [main] DEBUG org.springframework.beans.factory.support.DefaultListableBeanFactory - Autowiring by type from bean name 'gridaCacheClient' via factory method to bean named 'testServer'
15:07:46.083 [main] DEBUG org.springframework.beans.factory.support.DefaultListableBeanFactory - Creating shared instance of singleton bean 'gridaZombieClient'
15:07:46.083 [main] DEBUG org.springframework.beans.factory.support.DefaultListableBeanFactory - Autowiring by type from bean name 'gridaZombieClient' via factory method to bean named 'testServer'
15:07:46.084 [main] DEBUG org.springframework.beans.factory.support.DefaultListableBeanFactory - Creating shared instance of singleton bean 'configurationBusiness'
15:07:46.086 [main] DEBUG org.springframework.beans.factory.support.DefaultListableBeanFactory - Creating shared instance of singleton bean 'testProxyClient'
15:07:46.087 [main] DEBUG org.springframework.beans.factory.support.DefaultListableBeanFactory - Creating shared instance of singleton bean 'testEmailBusiness'
15:07:46.088 [main] DEBUG org.springframework.beans.factory.support.DefaultListableBeanFactory - Creating shared instance of singleton bean 'testGridaPoolClient'
15:07:46.089 [main] DEBUG org.springframework.beans.factory.support.DefaultListableBeanFactory - Creating shared instance of singleton bean 'groupData'
15:07:46.091 [main] DEBUG org.springframework.beans.factory.support.DefaultListableBeanFactory - Creating shared instance of singleton bean 'termsUseData'
15:07:46.092 [main] DEBUG org.springframework.beans.factory.support.DefaultListableBeanFactory - Creating shared instance of singleton bean 'userData'
15:07:46.094 [main] DEBUG org.springframework.beans.factory.support.DefaultListableBeanFactory - Creating shared instance of singleton bean 'usersGroupsData'
15:07:46.095 [main] DEBUG org.springframework.beans.factory.support.DefaultListableBeanFactory - Autowiring by type from bean name 'usersGroupsData' via constructor to bean named 'groupData'
15:07:46.096 [main] DEBUG org.springframework.beans.factory.support.DefaultListableBeanFactory - Autowiring by type from bean name 'configurationBusiness' via constructor to bean named 'testServer'
15:07:46.096 [main] DEBUG org.springframework.beans.factory.support.DefaultListableBeanFactory - Autowiring by type from bean name 'configurationBusiness' via constructor to bean named 'testProxyClient'
15:07:46.096 [main] DEBUG org.springframework.beans.factory.support.DefaultListableBeanFactory - Autowiring by type from bean name 'configurationBusiness' via constructor to bean named 'testEmailBusiness'
15:07:46.096 [main] DEBUG org.springframework.beans.factory.support.DefaultListableBeanFactory - Autowiring by type from bean name 'configurationBusiness' via constructor to bean named 'testGridaClient'
15:07:46.096 [main] DEBUG org.springframework.beans.factory.support.DefaultListableBeanFactory - Autowiring by type from bean name 'configurationBusiness' via constructor to bean named 'testGridaPoolClient'
15:07:46.096 [main] DEBUG org.springframework.beans.factory.support.DefaultListableBeanFactory - Autowiring by type from bean name 'configurationBusiness' via constructor to bean named 'groupData'
15:07:46.096 [main] DEBUG org.springframework.beans.factory.support.DefaultListableBeanFactory - Autowiring by type from bean name 'configurationBusiness' via constructor to bean named 'termsUseData'
15:07:46.096 [main] DEBUG org.springframework.beans.factory.support.DefaultListableBeanFactory - Autowiring by type from bean name 'configurationBusiness' via constructor to bean named 'userData'
15:07:46.096 [main] DEBUG org.springframework.beans.factory.support.DefaultListableBeanFactory - Autowiring by type from bean name 'configurationBusiness' via constructor to bean named 'usersGroupsData'
15:07:46.097 [main] DEBUG org.springframework.beans.factory.support.DefaultListableBeanFactory - Creating shared instance of singleton bean 'lfcPathsBusiness'
15:07:46.097 [main] DEBUG org.springframework.beans.factory.support.DefaultListableBeanFactory - Autowiring by type from bean name 'lfcPathsBusiness' via constructor to bean named 'testServer'
15:07:46.098 [main] DEBUG org.springframework.beans.factory.support.DefaultListableBeanFactory - Autowiring by type from bean name 'lfcPathsBusiness' via constructor to bean named 'groupData'
15:07:46.098 [main] DEBUG org.springframework.beans.factory.support.DefaultListableBeanFactory - Autowiring by type from bean name 'dataManagerBusiness' via constructor to bean named 'SSHData'
15:07:46.098 [main] DEBUG org.springframework.beans.factory.support.DefaultListableBeanFactory - Autowiring by type from bean name 'dataManagerBusiness' via constructor to bean named 'testGridaClient'
15:07:46.098 [main] DEBUG org.springframework.beans.factory.support.DefaultListableBeanFactory - Autowiring by type from bean name 'dataManagerBusiness' via constructor to bean named 'gridaCacheClient'
15:07:46.098 [main] DEBUG org.springframework.beans.factory.support.DefaultListableBeanFactory - Autowiring by type from bean name 'dataManagerBusiness' via constructor to bean named 'gridaZombieClient'
15:07:46.098 [main] DEBUG org.springframework.beans.factory.support.DefaultListableBeanFactory - Autowiring by type from bean name 'dataManagerBusiness' via constructor to bean named 'configurationBusiness'
15:07:46.098 [main] DEBUG org.springframework.beans.factory.support.DefaultListableBeanFactory - Autowiring by type from bean name 'dataManagerBusiness' via constructor to bean named 'lfcPathsBusiness'
15:07:46.098 [main] DEBUG org.springframework.beans.factory.support.DefaultListableBeanFactory - Autowiring by type from bean name 'dataManagerBusiness' via constructor to bean named 'testServer'
15:07:46.099 [main] DEBUG org.springframework.beans.factory.support.DefaultListableBeanFactory - Autowiring by type from bean name 'inputBusiness' via constructor to bean named 'applicationInputData'
15:07:46.099 [main] DEBUG org.springframework.beans.factory.support.DefaultListableBeanFactory - Autowiring by type from bean name 'inputBusiness' via constructor to bean named 'dataManagerBusiness'
15:07:46.102 [main] DEBUG org.springframework.beans.factory.support.DefaultListableBeanFactory - Creating shared instance of singleton bean 'applicationBusiness'
15:07:46.103 [main] DEBUG org.springframework.beans.factory.support.DefaultListableBeanFactory - Creating shared instance of singleton bean 'applicationData'
15:07:46.105 [main] DEBUG org.springframework.beans.factory.support.DefaultListableBeanFactory - Autowiring by type from bean name 'applicationData' via constructor to bean named 'lazyDataSource'
15:07:46.105 [main] DEBUG org.springframework.beans.factory.support.DefaultListableBeanFactory - Autowiring by type from bean name 'applicationData' via constructor to bean named 'classData'
15:07:46.106 [main] DEBUG org.springframework.beans.factory.support.DefaultListableBeanFactory - Autowiring by type from bean name 'applicationBusiness' via constructor to bean named 'applicationData'
15:07:46.106 [main] DEBUG org.springframework.beans.factory.support.DefaultListableBeanFactory - Autowiring by type from bean name 'applicationBusiness' via constructor to bean named 'classData'
15:07:46.106 [main] DEBUG org.springframework.beans.factory.support.DefaultListableBeanFactory - Autowiring by type from bean name 'applicationBusiness' via constructor to bean named 'groupData'
15:07:46.106 [main] DEBUG org.springframework.beans.factory.support.DefaultListableBeanFactory - Creating shared instance of singleton bean 'boutiquesBusiness'
15:07:46.107 [main] DEBUG org.springframework.beans.factory.support.DefaultListableBeanFactory - Autowiring by type from bean name 'boutiquesBusiness' via constructor to bean named 'testServer'
15:07:46.108 [main] DEBUG org.springframework.beans.factory.support.DefaultListableBeanFactory - Autowiring by type from bean name 'boutiquesBusiness' via constructor to bean named 'dataManagerBusiness'
15:07:46.108 [main] DEBUG org.springframework.beans.factory.support.DefaultListableBeanFactory - Autowiring by type from bean name 'boutiquesBusiness' via constructor to bean named 'applicationBusiness'
15:07:46.108 [main] DEBUG org.springframework.beans.factory.support.DefaultListableBeanFactory - Creating shared instance of singleton bean 'engineBusiness'
15:07:46.109 [main] DEBUG org.springframework.beans.factory.support.DefaultListableBeanFactory - Autowiring by type from bean name 'engineBusiness' via constructor to bean named 'engineData'
15:07:46.110 [main] DEBUG org.springframework.beans.factory.support.DefaultListableBeanFactory - Creating shared instance of singleton bean 'workflowBusiness'
15:07:46.112 [main] DEBUG org.springframework.beans.factory.support.DefaultListableBeanFactory - Creating shared instance of singleton bean 'simulationStatsData'
15:07:46.113 [main] DEBUG org.springframework.beans.factory.support.DefaultListableBeanFactory - Creating shared instance of singleton bean 'sessionFactory'
15:07:46.114 [main] DEBUG org.springframework.beans.factory.support.DefaultListableBeanFactory - Autowiring by type from bean name 'simulationStatsData' via constructor to bean named 'sessionFactory'
15:07:46.115 [main] DEBUG org.springframework.beans.factory.support.DefaultListableBeanFactory - Creating shared instance of singleton bean 'getTestWorkflowDAO'
15:07:46.116 [main] DEBUG org.springframework.beans.factory.support.DefaultListableBeanFactory - Creating shared instance of singleton bean 'getTestProcessorDAO'
15:07:46.117 [main] DEBUG org.springframework.beans.factory.support.DefaultListableBeanFactory - Creating shared instance of singleton bean 'getTestOutputDAO'
15:07:46.118 [main] DEBUG org.springframework.beans.factory.support.DefaultListableBeanFactory - Creating shared instance of singleton bean 'getTestInputDAO'
15:07:46.119 [main] DEBUG org.springframework.beans.factory.support.DefaultListableBeanFactory - Creating shared instance of singleton bean 'getTestStatsDAO'
15:07:46.121 [main] DEBUG org.springframework.beans.factory.support.DefaultListableBeanFactory - Creating shared instance of singleton bean 'externalPlatformBusiness'
15:07:46.122 [main] DEBUG org.springframework.beans.factory.support.DefaultListableBeanFactory - Creating shared instance of singleton bean 'girderStorageBusiness'
15:07:46.123 [main] DEBUG org.springframework.beans.factory.support.DefaultListableBeanFactory - Creating shared instance of singleton bean 'apiKeyBusiness'
15:07:46.124 [main] DEBUG org.springframework.beans.factory.support.DefaultListableBeanFactory - Creating shared instance of singleton bean 'apiKeysData'
15:07:46.125 [main] DEBUG org.springframework.beans.factory.support.DefaultListableBeanFactory - Autowiring by type from bean name 'apiKeyBusiness' via constructor to bean named 'apiKeysData'
15:07:46.126 [main] DEBUG org.springframework.beans.factory.support.DefaultListableBeanFactory - Autowiring by type from bean name 'girderStorageBusiness' via constructor to bean named 'apiKeyBusiness'
15:07:46.126 [main] DEBUG org.springframework.beans.factory.support.DefaultListableBeanFactory - Autowiring by type from bean name 'girderStorageBusiness' via constructor to bean named 'testServer'
15:07:46.127 [main] DEBUG org.springframework.beans.factory.support.DefaultListableBeanFactory - Creating shared instance of singleton bean 'shanoirStorageBusiness'
15:07:46.127 [main] DEBUG org.springframework.beans.factory.support.DefaultListableBeanFactory - Creating shared instance of singleton bean 'externalPlatformData'
15:07:46.128 [main] DEBUG org.springframework.beans.factory.support.DefaultListableBeanFactory - Autowiring by type from bean name 'externalPlatformBusiness' via constructor to bean named 'girderStorageBusiness'
15:07:46.128 [main] DEBUG org.springframework.beans.factory.support.DefaultListableBeanFactory - Autowiring by type from bean name 'externalPlatformBusiness' via constructor to bean named 'shanoirStorageBusiness'
15:07:46.128 [main] DEBUG org.springframework.beans.factory.support.DefaultListableBeanFactory - Autowiring by type from bean name 'externalPlatformBusiness' via constructor to bean named 'externalPlatformData'
15:07:46.129 [main] DEBUG org.springframework.beans.factory.support.DefaultListableBeanFactory - Autowiring by type from bean name 'workflowBusiness' via constructor to bean named 'testServer'
15:07:46.129 [main] DEBUG org.springframework.beans.factory.support.DefaultListableBeanFactory - Autowiring by type from bean name 'workflowBusiness' via constructor to bean named 'simulationStatsData'
15:07:46.129 [main] DEBUG org.springframework.beans.factory.support.DefaultListableBeanFactory - Autowiring by type from bean name 'workflowBusiness' via constructor to bean named 'getTestWorkflowDAO'
15:07:46.129 [main] DEBUG org.springframework.beans.factory.support.DefaultListableBeanFactory - Autowiring by type from bean name 'workflowBusiness' via constructor to bean named 'getTestProcessorDAO'
15:07:46.129 [main] DEBUG org.springframework.beans.factory.support.DefaultListableBeanFactory - Autowiring by type from bean name 'workflowBusiness' via constructor to bean named 'getTestOutputDAO'
15:07:46.129 [main] DEBUG org.springframework.beans.factory.support.DefaultListableBeanFactory - Autowiring by type from bean name 'workflowBusiness' via constructor to bean named 'getTestInputDAO'
15:07:46.129 [main] DEBUG org.springframework.beans.factory.support.DefaultListableBeanFactory - Autowiring by type from bean name 'workflowBusiness' via constructor to bean named 'getTestStatsDAO'
15:07:46.129 [main] DEBUG org.springframework.beans.factory.support.DefaultListableBeanFactory - Autowiring by type from bean name 'workflowBusiness' via constructor to bean named 'engineData'
15:07:46.129 [main] DEBUG org.springframework.beans.factory.support.DefaultListableBeanFactory - Autowiring by type from bean name 'workflowBusiness' via constructor to bean named 'applicationData'
15:07:46.129 [main] DEBUG org.springframework.beans.factory.support.DefaultListableBeanFactory - Autowiring by type from bean name 'workflowBusiness' via constructor to bean named 'usersGroupsData'
15:07:46.129 [main] DEBUG org.springframework.beans.factory.support.DefaultListableBeanFactory - Autowiring by type from bean name 'workflowBusiness' via constructor to bean named 'engineBusiness'
15:07:46.129 [main] DEBUG org.springframework.beans.factory.support.DefaultListableBeanFactory - Autowiring by type from bean name 'workflowBusiness' via constructor to bean named 'dataManagerBusiness'
15:07:46.129 [main] DEBUG org.springframework.beans.factory.support.DefaultListableBeanFactory - Autowiring by type from bean name 'workflowBusiness' via constructor to bean named 'testEmailBusiness'
15:07:46.129 [main] DEBUG org.springframework.beans.factory.support.DefaultListableBeanFactory - Autowiring by type from bean name 'workflowBusiness' via constructor to bean named 'lfcPathsBusiness'
15:07:46.129 [main] DEBUG org.springframework.beans.factory.support.DefaultListableBeanFactory - Autowiring by type from bean name 'workflowBusiness' via constructor to bean named 'testGridaPoolClient'
15:07:46.129 [main] DEBUG org.springframework.beans.factory.support.DefaultListableBeanFactory - Autowiring by type from bean name 'workflowBusiness' via constructor to bean named 'testGridaClient'
15:07:46.129 [main] DEBUG org.springframework.beans.factory.support.DefaultListableBeanFactory - Autowiring by type from bean name 'workflowBusiness' via constructor to bean named 'externalPlatformBusiness'
15:07:46.133 [main] DEBUG org.springframework.beans.factory.support.DefaultListableBeanFactory - Creating shared instance of singleton bean 'simulationBusiness'
15:07:46.134 [main] DEBUG org.springframework.beans.factory.support.DefaultListableBeanFactory - Autowiring by type from bean name 'simulationBusiness' via constructor to bean named 'lfcPathsBusiness'
15:07:46.134 [main] DEBUG org.springframework.beans.factory.support.DefaultListableBeanFactory - Autowiring by type from bean name 'simulationBusiness' via constructor to bean named 'testServer'
15:07:46.137 [main] DEBUG org.springframework.beans.factory.support.DefaultListableBeanFactory - Creating shared instance of singleton bean 'classBusiness'
15:07:46.138 [main] DEBUG org.springframework.beans.factory.support.DefaultListableBeanFactory - Autowiring by type from bean name 'classBusiness' via constructor to bean named 'classData'
15:07:46.139 [main] DEBUG org.springframework.beans.factory.support.DefaultListableBeanFactory - Creating shared instance of singleton bean 'coreDataInitializer'
15:07:46.141 [main] DEBUG org.springframework.beans.factory.support.DefaultListableBeanFactory - Autowiring by type from bean name 'coreDataInitializer' via constructor to bean named 'groupData'
15:07:46.141 [main] DEBUG org.springframework.beans.factory.support.DefaultListableBeanFactory - Autowiring by type from bean name 'coreDataInitializer' via constructor to bean named 'lazyDataSource'
15:07:46.141 [main] DEBUG org.springframework.beans.factory.support.DefaultListableBeanFactory - Autowiring by type from bean name 'coreDataInitializer' via constructor to bean named 'tableInitializer'
15:07:46.141 [main] DEBUG org.springframework.beans.factory.support.DefaultListableBeanFactory - Autowiring by type from bean name 'coreDataInitializer' via constructor to bean named 'testServer'
15:07:46.141 [main] DEBUG org.springframework.beans.factory.support.DefaultListableBeanFactory - Autowiring by type from bean name 'coreDataInitializer' via constructor to bean named 'userData'
15:07:46.141 [main] DEBUG org.springframework.beans.factory.support.DefaultListableBeanFactory - Autowiring by type from bean name 'coreDataInitializer' via constructor to bean named 'usersGroupsData'
15:07:46.141 [main] DEBUG org.springframework.beans.factory.support.DefaultListableBeanFactory - Autowiring by type from bean name 'coreDataInitializer' via constructor to bean named 'termsUseData'
15:07:46.142 [main] DEBUG org.springframework.beans.factory.support.DefaultListableBeanFactory - Creating shared instance of singleton bean 'statsBusiness'
15:07:46.143 [main] DEBUG org.springframework.beans.factory.support.DefaultListableBeanFactory - Autowiring by type from bean name 'statsBusiness' via constructor to bean named 'userData'
15:07:46.143 [main] DEBUG org.springframework.beans.factory.support.DefaultListableBeanFactory - Creating shared instance of singleton bean 'emailBusiness'
15:07:46.144 [main] DEBUG org.springframework.beans.factory.support.DefaultListableBeanFactory - Creating shared instance of singleton bean 'smaClient'
15:07:46.145 [main] DEBUG org.springframework.beans.factory.support.DefaultListableBeanFactory - Autowiring by type from bean name 'smaClient' via factory method to bean named 'testServer'
15:07:46.145 [main] DEBUG org.springframework.beans.factory.support.DefaultListableBeanFactory - Autowiring by type from bean name 'emailBusiness' via constructor to bean named 'smaClient'
15:07:46.146 [main] DEBUG org.springframework.beans.factory.support.DefaultListableBeanFactory - Creating shared instance of singleton bean 'proxyClient'
15:07:46.147 [main] DEBUG org.springframework.beans.factory.support.DefaultListableBeanFactory - Autowiring by type from bean name 'proxyClient' via constructor to bean named 'testServer'
15:07:46.147 [main] DEBUG org.springframework.beans.factory.support.DefaultListableBeanFactory - Creating shared instance of singleton bean 'vipSessionBusiness'
15:07:46.148 [main] DEBUG org.springframework.beans.factory.support.DefaultListableBeanFactory - Autowiring by type from bean name 'vipSessionBusiness' via constructor to bean named 'testServer'
15:07:46.148 [main] DEBUG org.springframework.beans.factory.support.DefaultListableBeanFactory - Autowiring by type from bean name 'vipSessionBusiness' via constructor to bean named 'configurationBusiness'
15:07:46.149 [main] DEBUG org.springframework.beans.factory.support.DefaultListableBeanFactory - Creating shared instance of singleton bean 'dataSourceConfig'
15:07:46.149 [main] DEBUG org.springframework.beans.factory.support.DefaultListableBeanFactory - Creating shared instance of singleton bean 'transferPoolBusiness'
15:07:46.151 [main] DEBUG org.springframework.beans.factory.support.DefaultListableBeanFactory - Creating shared instance of singleton bean 'LFCBusiness'
15:07:46.151 [main] DEBUG org.springframework.beans.factory.support.DefaultListableBeanFactory - Autowiring by type from bean name 'LFCBusiness' via constructor to bean named 'testGridaClient'
15:07:46.152 [main] DEBUG org.springframework.beans.factory.support.DefaultListableBeanFactory - Autowiring by type from bean name 'LFCBusiness' via constructor to bean named 'lfcPathsBusiness'
15:07:46.152 [main] DEBUG org.springframework.beans.factory.support.DefaultListableBeanFactory - Autowiring by type from bean name 'transferPoolBusiness' via constructor to bean named 'testServer'
15:07:46.152 [main] DEBUG org.springframework.beans.factory.support.DefaultListableBeanFactory - Autowiring by type from bean name 'transferPoolBusiness' via constructor to bean named 'LFCBusiness'
15:07:46.152 [main] DEBUG org.springframework.beans.factory.support.DefaultListableBeanFactory - Autowiring by type from bean name 'transferPoolBusiness' via constructor to bean named 'testGridaPoolClient'
15:07:46.152 [main] DEBUG org.springframework.beans.factory.support.DefaultListableBeanFactory - Autowiring by type from bean name 'transferPoolBusiness' via constructor to bean named 'lfcPathsBusiness'
15:07:46.153 [main] DEBUG org.springframework.beans.factory.support.DefaultListableBeanFactory - Creating shared instance of singleton bean 'LFCPermissionBusiness'
15:07:46.153 [main] DEBUG org.springframework.beans.factory.support.DefaultListableBeanFactory - Autowiring by type from bean name 'LFCPermissionBusiness' via constructor to bean named 'dataManagerBusiness'
15:07:46.153 [main] DEBUG org.springframework.beans.factory.support.DefaultListableBeanFactory - Autowiring by type from bean name 'LFCPermissionBusiness' via constructor to bean named 'lfcPathsBusiness'
15:07:46.154 [main] DEBUG org.springframework.beans.factory.support.DefaultListableBeanFactory - Creating shared instance of singleton bean 'dataManagerDataInitializer'
15:07:46.155 [main] DEBUG org.springframework.beans.factory.support.DefaultListableBeanFactory - Autowiring by type from bean name 'dataManagerDataInitializer' via constructor to bean named 'lazyDataSource'
15:07:46.155 [main] DEBUG org.springframework.beans.factory.support.DefaultListableBeanFactory - Autowiring by type from bean name 'dataManagerDataInitializer' via constructor to bean named 'tableInitializer'
15:07:46.155 [main] DEBUG org.springframework.beans.factory.support.DefaultListableBeanFactory - Creating shared instance of singleton bean 'messageBusiness'
15:07:46.156 [main] DEBUG org.springframework.beans.factory.support.DefaultListableBeanFactory - Creating shared instance of singleton bean 'messageData'
15:07:46.157 [main] DEBUG org.springframework.beans.factory.support.DefaultListableBeanFactory - Autowiring by type from bean name 'messageData' via constructor to bean named 'userData'
15:07:46.157 [main] DEBUG org.springframework.beans.factory.support.DefaultListableBeanFactory - Autowiring by type from bean name 'messageData' via constructor to bean named 'lazyDataSource'
15:07:46.158 [main] DEBUG org.springframework.beans.factory.support.DefaultListableBeanFactory - Creating shared instance of singleton bean 'groupMessageData'
15:07:46.159 [main] DEBUG org.springframework.beans.factory.support.DefaultListableBeanFactory - Autowiring by type from bean name 'groupMessageData' via constructor to bean named 'userData'
15:07:46.159 [main] DEBUG org.springframework.beans.factory.support.DefaultListableBeanFactory - Autowiring by type from bean name 'groupMessageData' via constructor to bean named 'groupData'
15:07:46.159 [main] DEBUG org.springframework.beans.factory.support.DefaultListableBeanFactory - Autowiring by type from bean name 'groupMessageData' via constructor to bean named 'messageData'
15:07:46.159 [main] DEBUG org.springframework.beans.factory.support.DefaultListableBeanFactory - Autowiring by type from bean name 'groupMessageData' via constructor to bean named 'lazyDataSource'
15:07:46.159 [main] DEBUG org.springframework.beans.factory.support.DefaultListableBeanFactory - Autowiring by type from bean name 'messageBusiness' via constructor to bean named 'messageData'
15:07:46.159 [main] DEBUG org.springframework.beans.factory.support.DefaultListableBeanFactory - Autowiring by type from bean name 'messageBusiness' via constructor to bean named 'groupMessageData'
15:07:46.159 [main] DEBUG org.springframework.beans.factory.support.DefaultListableBeanFactory - Autowiring by type from bean name 'messageBusiness' via constructor to bean named 'usersGroupsData'
15:07:46.159 [main] DEBUG org.springframework.beans.factory.support.DefaultListableBeanFactory - Autowiring by type from bean name 'messageBusiness' via constructor to bean named 'configurationBusiness'
15:07:46.159 [main] DEBUG org.springframework.beans.factory.support.DefaultListableBeanFactory - Autowiring by type from bean name 'messageBusiness' via constructor to bean named 'testEmailBusiness'
15:07:46.160 [main] DEBUG org.springframework.beans.factory.support.DefaultListableBeanFactory - Creating shared instance of singleton bean 'messagingDataInitializer'
15:07:46.161 [main] DEBUG org.springframework.beans.factory.support.DefaultListableBeanFactory - Autowiring by type from bean name 'messagingDataInitializer' via constructor to bean named 'lazyDataSource'
15:07:46.161 [main] DEBUG org.springframework.beans.factory.support.DefaultListableBeanFactory - Autowiring by type from bean name 'messagingDataInitializer' via constructor to bean named 'tableInitializer'
15:07:46.161 [main] DEBUG org.springframework.beans.factory.support.DefaultListableBeanFactory - Creating shared instance of singleton bean 'workflowsDBDAOFactory'
15:07:46.162 [main] DEBUG org.springframework.beans.factory.support.DefaultListableBeanFactory - Creating shared instance of singleton bean 'vipConfigFolder'
15:07:46.162 [main] DEBUG org.springframework.beans.factory.support.DefaultListableBeanFactory - Autowiring by type from bean name 'vipConfigFolder' via factory method to bean named 'org.springframework.context.support.GenericApplicationContext@7cb84ed8'
15:07:46.162 [main] DEBUG org.springframework.core.env.PropertySourcesPropertyResolver - Found key 'user.home' in PropertySource 'systemProperties' with value of type String
15:07:46.162 [main] INFO fr.insalyon.creatis.vip.core.server.SpringCoreConfig - vipConfigFolder property not found, using user-home : /home/marza/.vip/
15:07:46.163 [main] DEBUG org.springframework.beans.factory.support.DefaultListableBeanFactory - Creating shared instance of singleton bean 'transactionManager'
15:07:46.163 [main] DEBUG org.springframework.beans.factory.support.DefaultListableBeanFactory - Autowiring by type from bean name 'transactionManager' via factory method to bean named 'lazyDataSource'
15:07:46.164 [main] DEBUG org.springframework.beans.factory.support.DefaultListableBeanFactory - Creating shared instance of singleton bean 'gridaClient'
15:07:46.164 [main] DEBUG org.springframework.beans.factory.support.DefaultListableBeanFactory - Autowiring by type from bean name 'gridaClient' via factory method to bean named 'testServer'
15:07:46.165 [main] DEBUG org.springframework.beans.factory.support.DefaultListableBeanFactory - Creating shared instance of singleton bean 'gridaPoolClient'
15:07:46.165 [main] DEBUG org.springframework.beans.factory.support.DefaultListableBeanFactory - Autowiring by type from bean name 'gridaPoolClient' via factory method to bean named 'testServer'
15:07:46.167 [main] DEBUG org.springframework.context.event.EventListenerMethodProcessor - 1 @EventListener methods processed on bean 'applicationDataInitializer': {public void fr.insalyon.creatis.vip.application.server.dao.mysql.ApplicationDataInitializer.onStartup()=@org.springframework.context.event.EventListener(classes=[org.springframework.context.event.ContextRefreshedEvent], condition=, id=, value=[org.springframework.context.event.ContextRefreshedEvent])}
15:07:46.169 [main] DEBUG org.springframework.context.event.EventListenerMethodProcessor - 1 @EventListener methods processed on bean 'coreDataInitializer': {public void fr.insalyon.creatis.vip.core.server.dao.mysql.CoreDataInitializer.onStartup()=@org.springframework.context.event.EventListener(classes=[org.springframework.context.event.ContextRefreshedEvent], condition=, id=, value=[org.springframework.context.event.ContextRefreshedEvent])}
15:07:46.171 [main] DEBUG org.springframework.context.event.EventListenerMethodProcessor - 1 @EventListener methods processed on bean 'dataManagerDataInitializer': {public void fr.insalyon.creatis.vip.datamanager.server.dao.mysql.DataManagerDataInitializer.onStartup()=@org.springframework.context.event.EventListener(classes=[org.springframework.context.event.ContextRefreshedEvent], condition=, id=, value=[org.springframework.context.event.ContextRefreshedEvent])}
15:07:46.171 [main] DEBUG org.springframework.context.event.EventListenerMethodProcessor - 1 @EventListener methods processed on bean 'messagingDataInitializer': {public void fr.insalyon.creatis.vip.social.server.dao.mysql.MessagingDataInitializer.onStartup()=@org.springframework.context.event.EventListener(classes=[org.springframework.context.event.ContextRefreshedEvent], condition=, id=, value=[org.springframework.context.event.ContextRefreshedEvent])}
15:07:46.173 [main] DEBUG org.springframework.jdbc.datasource.DataSourceTransactionManager - Creating new transaction with name [fr.insalyon.creatis.vip.core.server.dao.mysql.CoreDataInitializer.onStartup]: PROPAGATION_REQUIRED,ISOLATION_DEFAULT
15:07:46.174 [main] DEBUG org.springframework.jdbc.datasource.DataSourceTransactionManager - Acquired Connection [Lazy Connection proxy for target DataSource [org.springframework.jdbc.datasource.embedded.EmbeddedDatabaseFactory$EmbeddedDataSourceProxy@324de6a2]] for JDBC transaction
15:07:46.175 [main] DEBUG org.springframework.jdbc.datasource.DataSourceTransactionManager - Switching JDBC Connection [Lazy Connection proxy for target DataSource [org.springframework.jdbc.datasource.embedded.EmbeddedDatabaseFactory$EmbeddedDataSourceProxy@324de6a2]] to manual commit
15:07:46.175 [main] INFO fr.insalyon.creatis.vip.core.server.dao.mysql.CoreDataInitializer - Configuring VIP core database.
15:07:46.175 [main] DEBUG org.springframework.jdbc.datasource.DataSourceTransactionManager - Participating in existing transaction
15:07:46.175 [main] DEBUG org.springframework.jdbc.datasource.SimpleDriverDataSource - Creating new JDBC Driver Connection to [jdbc:h2:mem:a5d6edab-fd64-46bd-9be0-509532152a99;DB_CLOSE_DELAY=-1;DB_CLOSE_ON_EXIT=false]
15:07:46.177 [main] INFO fr.insalyon.creatis.vip.core.server.dao.mysql.TableInitializer - Table VIPUsers successfully created.
15:07:46.178 [main] DEBUG org.springframework.jdbc.datasource.DataSourceTransactionManager - Participating in existing transaction
15:07:46.179 [main] DEBUG org.springframework.jdbc.datasource.DataSourceTransactionManager - Participating in existing transaction
15:07:46.179 [main] INFO fr.insalyon.creatis.vip.core.server.dao.mysql.TableInitializer - Table VIPGroups successfully created.
15:07:46.180 [main] DEBUG org.springframework.jdbc.datasource.DataSourceTransactionManager - Participating in existing transaction
15:07:46.180 [main] DEBUG org.springframework.jdbc.datasource.DataSourceTransactionManager - Participating in existing transaction
15:07:46.182 [main] INFO fr.insalyon.creatis.vip.core.server.dao.mysql.TableInitializer - Table VIPUsersGroups successfully created.
15:07:46.182 [main] DEBUG org.springframework.jdbc.datasource.DataSourceTransactionManager - Participating in existing transaction
15:07:46.182 [main] DEBUG org.springframework.jdbc.datasource.DataSourceTransactionManager - Participating in existing transaction
15:07:46.183 [main] INFO fr.insalyon.creatis.vip.core.server.dao.mysql.TableInitializer - Table VIPTermsOfuse successfully created.
15:07:46.183 [main] DEBUG org.springframework.jdbc.datasource.DataSourceTransactionManager - Participating in existing transaction
15:07:46.183 [main] DEBUG org.springframework.jdbc.datasource.DataSourceTransactionManager - Initiating transaction commit
15:07:46.183 [main] DEBUG org.springframework.jdbc.datasource.DataSourceTransactionManager - Committing JDBC transaction on Connection [conn19: url=jdbc:h2:mem:a5d6edab-fd64-46bd-9be0-509532152a99 user=SA]
15:07:46.183 [main] DEBUG org.springframework.jdbc.datasource.DataSourceTransactionManager - Releasing JDBC Connection [conn19: url=jdbc:h2:mem:a5d6edab-fd64-46bd-9be0-509532152a99 user=SA] after transaction
15:07:46.184 [main] DEBUG org.springframework.jdbc.datasource.DataSourceTransactionManager - Creating new transaction with name [fr.insalyon.creatis.vip.application.server.dao.mysql.ApplicationDataInitializer.onStartup]: PROPAGATION_REQUIRED,ISOLATION_DEFAULT
15:07:46.184 [main] DEBUG org.springframework.jdbc.datasource.DataSourceTransactionManager - Acquired Connection [Lazy Connection proxy for target DataSource [org.springframework.jdbc.datasource.embedded.EmbeddedDatabaseFactory$EmbeddedDataSourceProxy@324de6a2]] for JDBC transaction
15:07:46.185 [main] DEBUG org.springframework.jdbc.datasource.DataSourceTransactionManager - Switching JDBC Connection [Lazy Connection proxy for target DataSource [org.springframework.jdbc.datasource.embedded.EmbeddedDatabaseFactory$EmbeddedDataSourceProxy@324de6a2]] to manual commit
15:07:46.185 [main] INFO fr.insalyon.creatis.vip.application.server.dao.mysql.ApplicationDataInitializer - Configuring VIP Application database.
15:07:46.185 [main] DEBUG org.springframework.jdbc.datasource.DataSourceTransactionManager - Participating in existing transaction
15:07:46.185 [main] DEBUG org.springframework.jdbc.datasource.SimpleDriverDataSource - Creating new JDBC Driver Connection to [jdbc:h2:mem:a5d6edab-fd64-46bd-9be0-509532152a99;DB_CLOSE_DELAY=-1;DB_CLOSE_ON_EXIT=false]
15:07:46.186 [main] INFO fr.insalyon.creatis.vip.core.server.dao.mysql.TableInitializer - Table VIPEngines successfully created.
15:07:46.186 [main] DEBUG org.springframework.jdbc.datasource.DataSourceTransactionManager - Participating in existing transaction
15:07:46.186 [main] INFO fr.insalyon.creatis.vip.core.server.dao.mysql.TableInitializer - Table VIPClasses successfully created.
15:07:46.186 [main] DEBUG org.springframework.jdbc.datasource.DataSourceTransactionManager - Participating in existing transaction
15:07:46.188 [main] INFO fr.insalyon.creatis.vip.core.server.dao.mysql.TableInitializer - Table VIPClassesEngines successfully created.
15:07:46.188 [main] DEBUG org.springframework.jdbc.datasource.DataSourceTransactionManager - Participating in existing transaction
15:07:46.190 [main] INFO fr.insalyon.creatis.vip.core.server.dao.mysql.TableInitializer - Table VIPGroupsClasses successfully created.
15:07:46.190 [main] DEBUG org.springframework.jdbc.datasource.DataSourceTransactionManager - Participating in existing transaction
15:07:46.191 [main] INFO fr.insalyon.creatis.vip.core.server.dao.mysql.TableInitializer - Table VIPApplications successfully created.
15:07:46.191 [main] DEBUG org.springframework.jdbc.datasource.DataSourceTransactionManager - Participating in existing transaction
15:07:46.192 [main] INFO fr.insalyon.creatis.vip.core.server.dao.mysql.TableInitializer - Table VIPAppVersions successfully created.
15:07:46.192 [main] DEBUG org.springframework.jdbc.datasource.DataSourceTransactionManager - Participating in existing transaction
15:07:46.194 [main] INFO fr.insalyon.creatis.vip.core.server.dao.mysql.TableInitializer - Table VIPApplicationClasses successfully created.
15:07:46.194 [main] DEBUG org.springframework.jdbc.datasource.DataSourceTransactionManager - Participating in existing transaction
15:07:46.195 [main] INFO fr.insalyon.creatis.vip.core.server.dao.mysql.TableInitializer - Table VIPAppInputs successfully created.
15:07:46.195 [main] DEBUG org.springframework.jdbc.datasource.DataSourceTransactionManager - Participating in existing transaction
15:07:46.196 [main] INFO fr.insalyon.creatis.vip.core.server.dao.mysql.TableInitializer - Table VIPAppExamples successfully created.
15:07:46.196 [main] DEBUG org.springframework.jdbc.datasource.DataSourceTransactionManager - Initiating transaction commit
15:07:46.196 [main] DEBUG org.springframework.jdbc.datasource.DataSourceTransactionManager - Committing JDBC transaction on Connection [conn20: url=jdbc:h2:mem:a5d6edab-fd64-46bd-9be0-509532152a99 user=SA]
15:07:46.196 [main] DEBUG org.springframework.jdbc.datasource.DataSourceTransactionManager - Releasing JDBC Connection [conn20: url=jdbc:h2:mem:a5d6edab-fd64-46bd-9be0-509532152a99 user=SA] after transaction
15:07:46.196 [main] DEBUG org.springframework.jdbc.datasource.DataSourceTransactionManager - Creating new transaction with name [fr.insalyon.creatis.vip.datamanager.server.dao.mysql.DataManagerDataInitializer.onStartup]: PROPAGATION_REQUIRED,ISOLATION_DEFAULT
15:07:46.197 [main] DEBUG org.springframework.jdbc.datasource.DataSourceTransactionManager - Acquired Connection [Lazy Connection proxy for target DataSource [org.springframework.jdbc.datasource.embedded.EmbeddedDatabaseFactory$EmbeddedDataSourceProxy@324de6a2]] for JDBC transaction
15:07:46.197 [main] DEBUG org.springframework.jdbc.datasource.DataSourceTransactionManager - Switching JDBC Connection [Lazy Connection proxy for target DataSource [org.springframework.jdbc.datasource.embedded.EmbeddedDatabaseFactory$EmbeddedDataSourceProxy@324de6a2]] to manual commit
15:07:46.197 [main] INFO fr.insalyon.creatis.vip.datamanager.server.dao.mysql.DataManagerDataInitializer - Configuring VIP SSH database.
15:07:46.197 [main] DEBUG org.springframework.jdbc.datasource.DataSourceTransactionManager - Participating in existing transaction
15:07:46.198 [main] DEBUG org.springframework.jdbc.datasource.SimpleDriverDataSource - Creating new JDBC Driver Connection to [jdbc:h2:mem:a5d6edab-fd64-46bd-9be0-509532152a99;DB_CLOSE_DELAY=-1;DB_CLOSE_ON_EXIT=false]
15:07:46.199 [main] INFO fr.insalyon.creatis.vip.core.server.dao.mysql.TableInitializer - Table VIPSSHAccounts successfully created.
15:07:46.199 [main] INFO fr.insalyon.creatis.vip.datamanager.server.dao.mysql.DataManagerDataInitializer - Configuring VIP External Platforms database.
15:07:46.199 [main] DEBUG org.springframework.jdbc.datasource.DataSourceTransactionManager - Participating in existing transaction
15:07:46.200 [main] INFO fr.insalyon.creatis.vip.core.server.dao.mysql.TableInitializer - Table VIPExternalPlatforms successfully created.
15:07:46.200 [main] INFO fr.insalyon.creatis.vip.datamanager.server.dao.mysql.DataManagerDataInitializer - Configuring VIP api keys database.
15:07:46.200 [main] DEBUG org.springframework.jdbc.datasource.DataSourceTransactionManager - Participating in existing transaction
15:07:46.202 [main] INFO fr.insalyon.creatis.vip.core.server.dao.mysql.TableInitializer - Table VIPApiKeys successfully created.
15:07:46.202 [main] DEBUG org.springframework.jdbc.datasource.DataSourceTransactionManager - Initiating transaction commit
15:07:46.202 [main] DEBUG org.springframework.jdbc.datasource.DataSourceTransactionManager - Committing JDBC transaction on Connection [conn21: url=jdbc:h2:mem:a5d6edab-fd64-46bd-9be0-509532152a99 user=SA]
15:07:46.202 [main] DEBUG org.springframework.jdbc.datasource.DataSourceTransactionManager - Releasing JDBC Connection [conn21: url=jdbc:h2:mem:a5d6edab-fd64-46bd-9be0-509532152a99 user=SA] after transaction
15:07:46.202 [main] DEBUG org.springframework.jdbc.datasource.DataSourceTransactionManager - Creating new transaction with name [fr.insalyon.creatis.vip.social.server.dao.mysql.MessagingDataInitializer.onStartup]: PROPAGATION_REQUIRED,ISOLATION_DEFAULT
15:07:46.202 [main] DEBUG org.springframework.jdbc.datasource.DataSourceTransactionManager - Acquired Connection [Lazy Connection proxy for target DataSource [org.springframework.jdbc.datasource.embedded.EmbeddedDatabaseFactory$EmbeddedDataSourceProxy@324de6a2]] for JDBC transaction
15:07:46.203 [main] DEBUG org.springframework.jdbc.datasource.DataSourceTransactionManager - Switching JDBC Connection [Lazy Connection proxy for target DataSource [org.springframework.jdbc.datasource.embedded.EmbeddedDatabaseFactory$EmbeddedDataSourceProxy@324de6a2]] to manual commit
15:07:46.203 [main] INFO fr.insalyon.creatis.vip.social.server.dao.mysql.MessagingDataInitializer - Configuring VIP Social database.
15:07:46.203 [main] DEBUG org.springframework.jdbc.datasource.DataSourceTransactionManager - Participating in existing transaction
15:07:46.203 [main] DEBUG org.springframework.jdbc.datasource.SimpleDriverDataSource - Creating new JDBC Driver Connection to [jdbc:h2:mem:a5d6edab-fd64-46bd-9be0-509532152a99;DB_CLOSE_DELAY=-1;DB_CLOSE_ON_EXIT=false]
15:07:46.205 [main] INFO fr.insalyon.creatis.vip.core.server.dao.mysql.TableInitializer - Table VIPSocialMessage successfully created.
15:07:46.205 [main] DEBUG org.springframework.jdbc.datasource.DataSourceTransactionManager - Participating in existing transaction
15:07:46.207 [main] INFO fr.insalyon.creatis.vip.core.server.dao.mysql.TableInitializer - Table VIPSocialMessageSenderReceiver successfully created.
15:07:46.207 [main] DEBUG org.springframework.jdbc.datasource.DataSourceTransactionManager - Participating in existing transaction
15:07:46.209 [main] INFO fr.insalyon.creatis.vip.core.server.dao.mysql.TableInitializer - Table VIPSocialGroupMessage successfully created.
15:07:46.209 [main] DEBUG org.springframework.jdbc.datasource.DataSourceTransactionManager - Initiating transaction commit
15:07:46.209 [main] DEBUG org.springframework.jdbc.datasource.DataSourceTransactionManager - Committing JDBC transaction on Connection [conn22: url=jdbc:h2:mem:a5d6edab-fd64-46bd-9be0-509532152a99 user=SA]
15:07:46.209 [main] DEBUG org.springframework.jdbc.datasource.DataSourceTransactionManager - Releasing JDBC Connection [conn22: url=jdbc:h2:mem:a5d6edab-fd64-46bd-9be0-509532152a99 user=SA] after transaction
15:07:46.209 [main] DEBUG org.springframework.test.context.cache.DefaultCacheAwareContextLoaderDelegate - Storing ApplicationContext [2092453592] in cache under key [[MergedContextConfiguration@39266403 testClass = SimulationIT, locations = '{}', classes = '{class fr.insalyon.creatis.vip.core.server.SpringCoreConfig}', contextInitializerClasses = '[]', activeProfiles = '{test-db, test}', propertySourceLocations = '{}', propertySourceProperties = '{db.tableEngine=}', contextCustomizers = set[[empty]], contextLoader = 'org.springframework.test.context.support.DelegatingSmartContextLoader', parent = [null]]]
15:07:46.209 [main] DEBUG org.springframework.test.context.cache - Spring test ApplicationContext cache statistics: [DefaultContextCache@6bdb83c1 size = 1, maxSize = 32, parentContextCount = 0, hitCount = 12, missCount = 3]
15:07:46.211 [main] DEBUG org.springframework.test.context.cache.DefaultCacheAwareContextLoaderDelegate - Retrieved ApplicationContext [2092453592] from cache with key [[MergedContextConfiguration@39266403 testClass = SimulationIT, locations = '{}', classes = '{class fr.insalyon.creatis.vip.core.server.SpringCoreConfig}', contextInitializerClasses = '[]', activeProfiles = '{test-db, test}', propertySourceLocations = '{}', propertySourceProperties = '{db.tableEngine=}', contextCustomizers = set[[empty]], contextLoader = 'org.springframework.test.context.support.DelegatingSmartContextLoader', parent = [null]]]
15:07:46.211 [main] DEBUG org.springframework.test.context.cache - Spring test ApplicationContext cache statistics: [DefaultContextCache@6bdb83c1 size = 1, maxSize = 32, parentContextCount = 0, hitCount = 13, missCount = 3]
15:07:46.214 [main] DEBUG org.springframework.test.context.support.AbstractDirtiesContextTestExecutionListener - Before test method: context [DefaultTestContext@6bce313 testClass = SimulationIT, testInstance = fr.insalyon.creatis.vip.application.integrationtest.SimulationIT@24db2a0c, testMethod = testJobGetProperties@SimulationIT, testException = [null], mergedContextConfiguration = [MergedContextConfiguration@39266403 testClass = SimulationIT, locations = '{}', classes = '{class fr.insalyon.creatis.vip.core.server.SpringCoreConfig}', contextInitializerClasses = '[]', activeProfiles = '{test-db, test}', propertySourceLocations = '{}', propertySourceProperties = '{db.tableEngine=}', contextCustomizers = set[[empty]], contextLoader = 'org.springframework.test.context.support.DelegatingSmartContextLoader', parent = [null]], attributes = map['org.springframework.test.context.event.ApplicationEventsTestExecutionListener.recordApplicationEvents' -> false]], class annotated with @DirtiesContext [true] with mode [AFTER_EACH_TEST_METHOD], method annotated with @DirtiesContext [false] with mode [null].
15:07:46.214 [main] DEBUG org.springframework.test.context.transaction.TransactionalTestExecutionListener - Explicit transaction definition [PROPAGATION_REQUIRED,ISOLATION_DEFAULT] found for test context [DefaultTestContext@6bce313 testClass = SimulationIT, testInstance = fr.insalyon.creatis.vip.application.integrationtest.SimulationIT@24db2a0c, testMethod = testJobGetProperties@SimulationIT, testException = [null], mergedContextConfiguration = [MergedContextConfiguration@39266403 testClass = SimulationIT, locations = '{}', classes = '{class fr.insalyon.creatis.vip.core.server.SpringCoreConfig}', contextInitializerClasses = '[]', activeProfiles = '{test-db, test}', propertySourceLocations = '{}', propertySourceProperties = '{db.tableEngine=}', contextCustomizers = set[[empty]], contextLoader = 'org.springframework.test.context.support.DelegatingSmartContextLoader', parent = [null]], attributes = map['org.springframework.test.context.event.ApplicationEventsTestExecutionListener.recordApplicationEvents' -> false]]
15:07:46.214 [main] DEBUG org.springframework.test.context.cache.DefaultCacheAwareContextLoaderDelegate - Retrieved ApplicationContext [2092453592] from cache with key [[MergedContextConfiguration@39266403 testClass = SimulationIT, locations = '{}', classes = '{class fr.insalyon.creatis.vip.core.server.SpringCoreConfig}', contextInitializerClasses = '[]', activeProfiles = '{test-db, test}', propertySourceLocations = '{}', propertySourceProperties = '{db.tableEngine=}', contextCustomizers = set[[empty]], contextLoader = 'org.springframework.test.context.support.DelegatingSmartContextLoader', parent = [null]]]
15:07:46.214 [main] DEBUG org.springframework.test.context.cache - Spring test ApplicationContext cache statistics: [DefaultContextCache@6bdb83c1 size = 1, maxSize = 32, parentContextCount = 0, hitCount = 14, missCount = 3]
15:07:46.215 [main] DEBUG org.springframework.test.context.transaction.TransactionalTestExecutionListener - No method-level @Rollback override: using default rollback [true] for test context [DefaultTestContext@6bce313 testClass = SimulationIT, testInstance = fr.insalyon.creatis.vip.application.integrationtest.SimulationIT@24db2a0c, testMethod = testJobGetProperties@SimulationIT, testException = [null], mergedContextConfiguration = [MergedContextConfiguration@39266403 testClass = SimulationIT, locations = '{}', classes = '{class fr.insalyon.creatis.vip.core.server.SpringCoreConfig}', contextInitializerClasses = '[]', activeProfiles = '{test-db, test}', propertySourceLocations = '{}', propertySourceProperties = '{db.tableEngine=}', contextCustomizers = set[[empty]], contextLoader = 'org.springframework.test.context.support.DelegatingSmartContextLoader', parent = [null]], attributes = map['org.springframework.test.context.event.ApplicationEventsTestExecutionListener.recordApplicationEvents' -> false]].
15:07:46.215 [main] DEBUG org.springframework.jdbc.datasource.DataSourceTransactionManager - Creating new transaction with name [fr.insalyon.creatis.vip.application.integrationtest.SimulationIT.testJobGetProperties]: PROPAGATION_REQUIRED,ISOLATION_DEFAULT
15:07:46.216 [main] DEBUG org.springframework.jdbc.datasource.DataSourceTransactionManager - Acquired Connection [Lazy Connection proxy for target DataSource [org.springframework.jdbc.datasource.embedded.EmbeddedDatabaseFactory$EmbeddedDataSourceProxy@324de6a2]] for JDBC transaction
15:07:46.216 [main] DEBUG org.springframework.jdbc.datasource.DataSourceTransactionManager - Switching JDBC Connection [Lazy Connection proxy for target DataSource [org.springframework.jdbc.datasource.embedded.EmbeddedDatabaseFactory$EmbeddedDataSourceProxy@324de6a2]] to manual commit
15:07:46.216 [main] INFO org.springframework.test.context.transaction.TransactionContext - Began transaction (1) for test context [DefaultTestContext@6bce313 testClass = SimulationIT, testInstance = fr.insalyon.creatis.vip.application.integrationtest.SimulationIT@24db2a0c, testMethod = testJobGetProperties@SimulationIT, testException = [null], mergedContextConfiguration = [MergedContextConfiguration@39266403 testClass = SimulationIT, locations = '{}', classes = '{class fr.insalyon.creatis.vip.core.server.SpringCoreConfig}', contextInitializerClasses = '[]', activeProfiles = '{test-db, test}', propertySourceLocations = '{}', propertySourceProperties = '{db.tableEngine=}', contextCustomizers = set[[empty]], contextLoader = 'org.springframework.test.context.support.DelegatingSmartContextLoader', parent = [null]], attributes = map['org.springframework.test.context.event.ApplicationEventsTestExecutionListener.recordApplicationEvents' -> false]]; transaction manager [org.springframework.jdbc.datasource.DataSourceTransactionManager@7fd07bc]; rollback [true]
15:07:46.216 [main] DEBUG org.springframework.test.context.cache.DefaultCacheAwareContextLoaderDelegate - Retrieved ApplicationContext [2092453592] from cache with key [[MergedContextConfiguration@39266403 testClass = SimulationIT, locations = '{}', classes = '{class fr.insalyon.creatis.vip.core.server.SpringCoreConfig}', contextInitializerClasses = '[]', activeProfiles = '{test-db, test}', propertySourceLocations = '{}', propertySourceProperties = '{db.tableEngine=}', contextCustomizers = set[[empty]], contextLoader = 'org.springframework.test.context.support.DelegatingSmartContextLoader', parent = [null]]]
15:07:46.216 [main] DEBUG org.springframework.test.context.cache - Spring test ApplicationContext cache statistics: [DefaultContextCache@6bdb83c1 size = 1, maxSize = 32, parentContextCount = 0, hitCount = 15, missCount = 3]
15:07:46.217 [main] DEBUG org.springframework.test.context.cache.DefaultCacheAwareContextLoaderDelegate - Retrieved ApplicationContext [2092453592] from cache with key [[MergedContextConfiguration@39266403 testClass = SimulationIT, locations = '{}', classes = '{class fr.insalyon.creatis.vip.core.server.SpringCoreConfig}', contextInitializerClasses = '[]', activeProfiles = '{test-db, test}', propertySourceLocations = '{}', propertySourceProperties = '{db.tableEngine=}', contextCustomizers = set[[empty]], contextLoader = 'org.springframework.test.context.support.DelegatingSmartContextLoader', parent = [null]]]
15:07:46.217 [main] DEBUG org.springframework.test.context.cache - Spring test ApplicationContext cache statistics: [DefaultContextCache@6bdb83c1 size = 1, maxSize = 32, parentContextCount = 0, hitCount = 16, missCount = 3]
15:07:46.218 [main] DEBUG org.springframework.test.context.cache.DefaultCacheAwareContextLoaderDelegate - Retrieved ApplicationContext [2092453592] from cache with key [[MergedContextConfiguration@39266403 testClass = SimulationIT, locations = '{}', classes = '{class fr.insalyon.creatis.vip.core.server.SpringCoreConfig}', contextInitializerClasses = '[]', activeProfiles = '{test-db, test}', propertySourceLocations = '{}', propertySourceProperties = '{db.tableEngine=}', contextCustomizers = set[[empty]], contextLoader = 'org.springframework.test.context.support.DelegatingSmartContextLoader', parent = [null]]]
15:07:46.218 [main] DEBUG org.springframework.test.context.cache - Spring test ApplicationContext cache statistics: [DefaultContextCache@6bdb83c1 size = 1, maxSize = 32, parentContextCount = 0, hitCount = 17, missCount = 3]
15:07:46.218 [main] DEBUG org.springframework.test.context.cache.DefaultCacheAwareContextLoaderDelegate - Retrieved ApplicationContext [2092453592] from cache with key [[MergedContextConfiguration@39266403 testClass = SimulationIT, locations = '{}', classes = '{class fr.insalyon.creatis.vip.core.server.SpringCoreConfig}', contextInitializerClasses = '[]', activeProfiles = '{test-db, test}', propertySourceLocations = '{}', propertySourceProperties = '{db.tableEngine=}', contextCustomizers = set[[empty]], contextLoader = 'org.springframework.test.context.support.DelegatingSmartContextLoader', parent = [null]]]
15:07:46.218 [main] DEBUG org.springframework.test.context.cache - Spring test ApplicationContext cache statistics: [DefaultContextCache@6bdb83c1 size = 1, maxSize = 32, parentContextCount = 0, hitCount = 18, missCount = 3]
15:07:46.218 [main] DEBUG org.springframework.jdbc.datasource.DataSourceTransactionManager - Initiating transaction rollback
15:07:46.219 [main] DEBUG org.springframework.jdbc.datasource.DataSourceTransactionManager - Rolling back JDBC transaction on Connection [Lazy Connection proxy for target DataSource [org.springframework.jdbc.datasource.embedded.EmbeddedDatabaseFactory$EmbeddedDataSourceProxy@324de6a2]]
15:07:46.219 [main] DEBUG org.springframework.jdbc.datasource.DataSourceTransactionManager - Releasing JDBC Connection [Lazy Connection proxy for target DataSource [org.springframework.jdbc.datasource.embedded.EmbeddedDatabaseFactory$EmbeddedDataSourceProxy@324de6a2]] after transaction
15:07:46.219 [main] INFO org.springframework.test.context.transaction.TransactionContext - Rolled back transaction for test: [DefaultTestContext@6bce313 testClass = SimulationIT, testInstance = fr.insalyon.creatis.vip.application.integrationtest.SimulationIT@24db2a0c, testMethod = testJobGetProperties@SimulationIT, testException = [null], mergedContextConfiguration = [MergedContextConfiguration@39266403 testClass = SimulationIT, locations = '{}', classes = '{class fr.insalyon.creatis.vip.core.server.SpringCoreConfig}', contextInitializerClasses = '[]', activeProfiles = '{test-db, test}', propertySourceLocations = '{}', propertySourceProperties = '{db.tableEngine=}', contextCustomizers = set[[empty]], contextLoader = 'org.springframework.test.context.support.DelegatingSmartContextLoader', parent = [null]], attributes = map['org.springframework.test.context.event.ApplicationEventsTestExecutionListener.recordApplicationEvents' -> false]]
15:07:46.219 [main] DEBUG org.springframework.test.context.support.AbstractDirtiesContextTestExecutionListener - After test method: context [DefaultTestContext@6bce313 testClass = SimulationIT, testInstance = fr.insalyon.creatis.vip.application.integrationtest.SimulationIT@24db2a0c, testMethod = testJobGetProperties@SimulationIT, testException = [null], mergedContextConfiguration = [MergedContextConfiguration@39266403 testClass = SimulationIT, locations = '{}', classes = '{class fr.insalyon.creatis.vip.core.server.SpringCoreConfig}', contextInitializerClasses = '[]', activeProfiles = '{test-db, test}', propertySourceLocations = '{}', propertySourceProperties = '{db.tableEngine=}', contextCustomizers = set[[empty]], contextLoader = 'org.springframework.test.context.support.DelegatingSmartContextLoader', parent = [null]], attributes = map['org.springframework.test.context.event.ApplicationEventsTestExecutionListener.recordApplicationEvents' -> false]], class annotated with @DirtiesContext [true] with mode [AFTER_EACH_TEST_METHOD], method annotated with @DirtiesContext [false] with mode [null].
15:07:46.219 [main] DEBUG org.springframework.context.support.GenericApplicationContext - Closing org.springframework.context.support.GenericApplicationContext@7cb84ed8, started on Fri Jul 07 15:07:45 CEST 2023
15:07:46.221 [main] INFO org.springframework.jdbc.datasource.embedded.EmbeddedDatabaseFactory - Shutting down embedded database: url='jdbc:h2:mem:a5d6edab-fd64-46bd-9be0-509532152a99;DB_CLOSE_DELAY=-1;DB_CLOSE_ON_EXIT=false'
15:07:46.221 [main] DEBUG org.springframework.jdbc.datasource.SimpleDriverDataSource - Creating new JDBC Driver Connection to [jdbc:h2:mem:a5d6edab-fd64-46bd-9be0-509532152a99;DB_CLOSE_DELAY=-1;DB_CLOSE_ON_EXIT=false]
]]></system-out>
  </testcase>
</testsuite>