<?xml version="1.0" encoding="UTF-8"?>
<testsuite xmlns:xsi="http://www.w3.org/2001/XMLSchema-instance" xsi:noNamespaceSchemaLocation="https://maven.apache.org/surefire/maven-failsafe-plugin/xsd/failsafe-test-report-3.0.xsd" version="3.0" name="fr.insalyon.creatis.vip.application.integrationtest.ApplicationIT" time="0.404" tests="11" errors="0" skipped="0" failures="0">
  <properties>
    <property name="awt.toolkit" value="sun.awt.X11.XToolkit"/>
    <property name="java.specification.version" value="11"/>
    <property name="sun.cpu.isalist" value=""/>
    <property name="sun.jnu.encoding" value="UTF-8"/>
    <property name="java.class.path" value="/home/runner/work/VIP-portal/VIP-portal/vip-application/target/test-classes:/home/runner/work/VIP-portal/VIP-portal/vip-application/target/vip-application-2.4.1.jar:/home/runner/work/VIP-portal/VIP-portal/vip-core/target/vip-core-2.4.1.jar:/home/runner/.m2/repository/com/google/gwt/gwt-user/2.8.2/gwt-user-2.8.2.jar:/home/runner/.m2/repository/com/google/jsinterop/jsinterop-annotations/1.0.2/jsinterop-annotations-1.0.2.jar:/home/runner/.m2/repository/com/google/jsinterop/jsinterop-annotations/1.0.2/jsinterop-annotations-1.0.2-sources.jar:/home/runner/.m2/repository/javax/servlet/javax.servlet-api/3.1.0/javax.servlet-api-3.1.0.jar:/home/runner/.m2/repository/org/w3c/css/sac/1.3/sac-1.3.jar:/home/runner/.m2/repository/com/isomorphic/smartgwt/lgpl/smartgwt-lgpl/12.0p/smartgwt-lgpl-12.0p.jar:/home/runner/.m2/repository/org/bouncycastle/bcpkix-jdk15on/1.52/bcpkix-jdk15on-1.52.jar:/home/runner/.m2/repository/org/bouncycastle/bcprov-jdk15on/1.52/bcprov-jdk15on-1.52.jar:/home/runner/.m2/repository/fr/insalyon/creatis/grida-client/2.2.0/grida-client-2.2.0.jar:/home/runner/.m2/repository/fr/insalyon/creatis/grida-common/2.2.0/grida-common-2.2.0.jar:/home/runner/.m2/repository/commons-cli/commons-cli/1.4/commons-cli-1.4.jar:/home/runner/.m2/repository/fr/insalyon/creatis/sma-client/0.3.0/sma-client-0.3.0.jar:/home/runner/.m2/repository/fr/insalyon/creatis/sma-common/0.3.0/sma-common-0.3.0.jar:/home/runner/.m2/repository/fr/insalyon/creatis/devtools/0.1/devtools-0.1.jar:/home/runner/.m2/repository/org/slf4j/slf4j-api/1.7.30/slf4j-api-1.7.30.jar:/home/runner/.m2/repository/commons-configuration/commons-configuration/1.7/commons-configuration-1.7.jar:/home/runner/.m2/repository/commons-collections/commons-collections/3.2.2/commons-collections-3.2.2.jar:/home/runner/.m2/repository/commons-digester/commons-digester/1.8.1/commons-digester-1.8.1.jar:/home/runner/.m2/repository/commons-beanutils/commons-beanutils/1.8.3/commons-beanutils-1.8.3.jar:/home/runner/.m2/repository/commons-codec/commons-codec/1.6/commons-codec-1.6.jar:/home/runner/.m2/repository/commons-io/commons-io/2.4/commons-io-2.4.jar:/home/runner/.m2/repository/org/opensaml/opensaml/2.6.0/opensaml-2.6.0.jar:/home/runner/.m2/repository/org/opensaml/openws/1.5.0/openws-1.5.0.jar:/home/runner/.m2/repository/org/opensaml/xmltooling/1.4.0/xmltooling-1.4.0.jar:/home/runner/.m2/repository/ca/juliusdavies/not-yet-commons-ssl/0.3.9/not-yet-commons-ssl-0.3.9.jar:/home/runner/.m2/repository/org/apache/santuario/xmlsec/1.5.4/xmlsec-1.5.4.jar:/home/runner/.m2/repository/commons-httpclient/commons-httpclient/3.1/commons-httpclient-3.1.jar:/home/runner/.m2/repository/org/apache/velocity/velocity/1.7/velocity-1.7.jar:/home/runner/.m2/repository/org/owasp/esapi/esapi/2.0.1/esapi-2.0.1.jar:/home/runner/.m2/repository/joda-time/joda-time/2.2/joda-time-2.2.jar:/home/runner/.m2/repository/xalan/serializer/2.7.1/serializer-2.7.1.jar:/home/runner/.m2/repository/xml-resolver/xml-resolver/1.2/xml-resolver-1.2.jar:/home/runner/.m2/repository/xalan/xalan/2.7.1/xalan-2.7.1.jar:/home/runner/.m2/repository/javax/mail/mail/1.4.5/mail-1.4.5.jar:/home/runner/.m2/repository/javax/annotation/javax.annotation-api/1.3.2/javax.annotation-api-1.3.2.jar:/home/runner/.m2/repository/org/springframework/spring-web/5.3.15/spring-web-5.3.15.jar:/home/runner/.m2/repository/org/springframework/spring-beans/5.3.15/spring-beans-5.3.15.jar:/home/runner/.m2/repository/org/springframework/spring-jdbc/5.3.15/spring-jdbc-5.3.15.jar:/home/runner/.m2/repository/org/springframework/spring-tx/5.3.15/spring-tx-5.3.15.jar:/home/runner/.m2/repository/org/springframework/spring-context/5.3.15/spring-context-5.3.15.jar:/home/runner/.m2/repository/org/springframework/spring-aop/5.3.15/spring-aop-5.3.15.jar:/home/runner/.m2/repository/org/springframework/spring-expression/5.3.15/spring-expression-5.3.15.jar:/home/runner/work/VIP-portal/VIP-portal/vip-datamanagement/target/vip-datamanager-2.4.1.jar:/home/runner/.m2/repository/commons-fileupload/commons-fileupload/1.3.3/commons-fileupload-1.3.3.jar:/home/runner/.m2/repository/com/fasterxml/jackson/core/jackson-databind/2.11.0/jackson-databind-2.11.0.jar:/home/runner/.m2/repository/com/fasterxml/jackson/core/jackson-annotations/2.11.0/jackson-annotations-2.11.0.jar:/home/runner/.m2/repository/com/fasterxml/jackson/core/jackson-core/2.11.0/jackson-core-2.11.0.jar:/home/runner/work/VIP-portal/VIP-portal/vip-social/target/vip-social-2.4.1.jar:/home/runner/.m2/repository/fr/insalyon/creatis/moteur2-workflowsdb-common/1.6/moteur2-workflowsdb-common-1.6.jar:/home/runner/.m2/repository/org/hibernate/hibernate-entitymanager/4.1.1.Final/hibernate-entitymanager-4.1.1.Final.jar:/home/runner/.m2/repository/org/jboss/logging/jboss-logging/3.1.0.GA/jboss-logging-3.1.0.GA.jar:/home/runner/.m2/repository/org/hibernate/hibernate-core/4.1.1.Final/hibernate-core-4.1.1.Final.jar:/home/runner/.m2/repository/antlr/antlr/2.7.7/antlr-2.7.7.jar:/home/runner/.m2/repository/org/jboss/spec/javax/transaction/jboss-transaction-api_1.1_spec/1.0.0.Final/jboss-transaction-api_1.1_spec-1.0.0.Final.jar:/home/runner/.m2/repository/dom4j/dom4j/1.6.1/dom4j-1.6.1.jar:/home/runner/.m2/repository/org/hibernate/javax/persistence/hibernate-jpa-2.0-api/1.0.1.Final/hibernate-jpa-2.0-api-1.0.1.Final.jar:/home/runner/.m2/repository/org/javassist/javassist/3.15.0-GA/javassist-3.15.0-GA.jar:/home/runner/.m2/repository/org/hibernate/common/hibernate-commons-annotations/4.0.1.Final/hibernate-commons-annotations-4.0.1.Final.jar:/home/runner/.m2/repository/com/googlecode/gflot/gflot/3.0.2/gflot-3.0.2.jar:/home/runner/.m2/repository/globus-common/jaxrpc/4.2.1/jaxrpc-4.2.1.jar:/home/runner/.m2/repository/org/apache/axis/axis/1.4.1-vip/axis-1.4.1-vip.jar:/home/runner/.m2/repository/org/apache/axis/axis-jaxrpc/1.4.1-SNAPSHOT/axis-jaxrpc-1.4.1-SNAPSHOT.jar:/home/runner/.m2/repository/javax/servlet/servlet-api/2.4/servlet-api-2.4.jar:/home/runner/.m2/repository/commons-logging/commons-logging/99-empty/commons-logging-99-empty.jar:/home/runner/.m2/repository/javax/activation/activation/1.1/activation-1.1.jar:/home/runner/.m2/repository/xerces/xercesImpl/2.6.2/xercesImpl-2.6.2.jar:/home/runner/.m2/repository/xerces/xmlParserAPIs/2.6.2/xmlParserAPIs-2.6.2.jar:/home/runner/.m2/repository/castor/castor/0.9.4.2/castor-0.9.4.2.jar:/home/runner/.m2/repository/bsf/bsf/2.3.0/bsf-2.3.0.jar:/home/runner/.m2/repository/commons-net/commons-net/1.0.0/commons-net-1.0.0.jar:/home/runner/.m2/repository/org/eclipse/emf/common/2.2.3/common-2.2.3.jar:/home/runner/.m2/repository/org/eclipse/emf/ecore/2.2.3/ecore-2.2.3.jar:/home/runner/.m2/repository/org/eclipse/emf/ecore-xmi/2.2.3/ecore-xmi-2.2.3.jar:/home/runner/.m2/repository/org/eclipse/xsd/xsd/2.2.3/xsd-2.2.3.jar:/home/runner/.m2/repository/org/apache/axis/axis-saaj/1.4/axis-saaj-1.4.jar:/home/runner/.m2/repository/commons-discovery/commons-discovery/0.4/commons-discovery-0.4.jar:/home/runner/.m2/repository/wsdl4j/wsdl4j/1.6.1/wsdl4j-1.6.1.jar:/home/runner/.m2/repository/org/jsoup/jsoup/1.7.2/jsoup-1.7.2.jar:/home/runner/.m2/repository/xml-apis/xml-apis/1.4.01/xml-apis-1.4.01.jar:/home/runner/work/VIP-portal/VIP-portal/vip-core/target/vip-core-2.4.1-tests.jar:/home/runner/.m2/repository/org/junit/jupiter/junit-jupiter/5.6.2/junit-jupiter-5.6.2.jar:/home/runner/.m2/repository/org/junit/jupiter/junit-jupiter-api/5.6.2/junit-jupiter-api-5.6.2.jar:/home/runner/.m2/repository/org/apiguardian/apiguardian-api/1.1.0/apiguardian-api-1.1.0.jar:/home/runner/.m2/repository/org/opentest4j/opentest4j/1.2.0/opentest4j-1.2.0.jar:/home/runner/.m2/repository/org/junit/platform/junit-platform-commons/1.6.2/junit-platform-commons-1.6.2.jar:/home/runner/.m2/repository/org/junit/jupiter/junit-jupiter-params/5.6.2/junit-jupiter-params-5.6.2.jar:/home/runner/.m2/repository/org/junit/jupiter/junit-jupiter-engine/5.6.2/junit-jupiter-engine-5.6.2.jar:/home/runner/.m2/repository/org/junit/platform/junit-platform-engine/1.6.2/junit-platform-engine-1.6.2.jar:/home/runner/.m2/repository/org/springframework/spring-test/5.3.15/spring-test-5.3.15.jar:/home/runner/.m2/repository/org/springframework/spring-core/5.3.15/spring-core-5.3.15.jar:/home/runner/.m2/repository/org/springframework/spring-jcl/5.3.15/spring-jcl-5.3.15.jar:/home/runner/.m2/repository/com/h2database/h2/1.3.173/h2-1.3.173.jar:/home/runner/.m2/repository/ch/qos/logback/logback-classic/1.2.3/logback-classic-1.2.3.jar:/home/runner/.m2/repository/ch/qos/logback/logback-core/1.2.3/logback-core-1.2.3.jar:/home/runner/.m2/repository/com/github/h-thurow/simple-jndi/0.23.0/simple-jndi-0.23.0.jar:/home/runner/.m2/repository/org/jetbrains/annotations/13.0/annotations-13.0.jar:/home/runner/.m2/repository/commons-lang/commons-lang/2.6/commons-lang-2.6.jar:/home/runner/.m2/repository/org/mockito/mockito-core/4.6.1/mockito-core-4.6.1.jar:/home/runner/.m2/repository/net/bytebuddy/byte-buddy/1.12.10/byte-buddy-1.12.10.jar:/home/runner/.m2/repository/net/bytebuddy/byte-buddy-agent/1.12.10/byte-buddy-agent-1.12.10.jar:/home/runner/.m2/repository/org/objenesis/objenesis/3.2/objenesis-3.2.jar:/home/runner/.m2/repository/org/springframework/security/spring-security-test/5.6.1/spring-security-test-5.6.1.jar:/home/runner/.m2/repository/org/springframework/security/spring-security-core/5.6.1/spring-security-core-5.6.1.jar:/home/runner/.m2/repository/org/springframework/security/spring-security-crypto/5.6.1/spring-security-crypto-5.6.1.jar:/home/runner/.m2/repository/org/springframework/security/spring-security-web/5.6.1/spring-security-web-5.6.1.jar:/home/runner/.m2/repository/org/hamcrest/hamcrest/2.2/hamcrest-2.2.jar:/home/runner/.m2/repository/com/jayway/jsonpath/json-path/2.2.0/json-path-2.2.0.jar:/home/runner/.m2/repository/net/minidev/json-smart/2.2.1/json-smart-2.2.1.jar:/home/runner/.m2/repository/net/minidev/accessors-smart/1.1/accessors-smart-1.1.jar:/home/runner/.m2/repository/org/ow2/asm/asm/5.0.3/asm-5.0.3.jar:/home/runner/.m2/repository/org/mockito/mockito-inline/5.2.0/mockito-inline-5.2.0.jar:"/>
    <property name="java.vm.vendor" value="Eclipse Adoptium"/>
    <property name="sun.arch.data.model" value="64"/>
    <property name="java.vendor.url" value="https://adoptium.net/"/>
    <property name="user.timezone" value="Etc/UTC"/>
    <property name="java.vm.specification.version" value="11"/>
    <property name="os.name" value="Linux"/>
    <property name="sun.java.launcher" value="SUN_STANDARD"/>
    <property name="sun.boot.library.path" value="/usr/lib/jvm/temurin-11-jdk-amd64/lib"/>
    <property name="sun.java.command" value="/home/runner/work/VIP-portal/VIP-portal/vip-application/target/surefire/surefirebooter-20230706180048367_108.jar /home/runner/work/VIP-portal/VIP-portal/vip-application/target/surefire 2023-07-06T17-59-35_436-jvmRun1 surefire-20230706180048367_106tmp surefire_2-20230706180048367_107tmp"/>
    <property name="jdk.debug" value="release"/>
    <property name="surefire.test.class.path" value="/home/runner/work/VIP-portal/VIP-portal/vip-application/target/test-classes:/home/runner/work/VIP-portal/VIP-portal/vip-application/target/vip-application-2.4.1.jar:/home/runner/work/VIP-portal/VIP-portal/vip-core/target/vip-core-2.4.1.jar:/home/runner/.m2/repository/com/google/gwt/gwt-user/2.8.2/gwt-user-2.8.2.jar:/home/runner/.m2/repository/com/google/jsinterop/jsinterop-annotations/1.0.2/jsinterop-annotations-1.0.2.jar:/home/runner/.m2/repository/com/google/jsinterop/jsinterop-annotations/1.0.2/jsinterop-annotations-1.0.2-sources.jar:/home/runner/.m2/repository/javax/servlet/javax.servlet-api/3.1.0/javax.servlet-api-3.1.0.jar:/home/runner/.m2/repository/org/w3c/css/sac/1.3/sac-1.3.jar:/home/runner/.m2/repository/com/isomorphic/smartgwt/lgpl/smartgwt-lgpl/12.0p/smartgwt-lgpl-12.0p.jar:/home/runner/.m2/repository/org/bouncycastle/bcpkix-jdk15on/1.52/bcpkix-jdk15on-1.52.jar:/home/runner/.m2/repository/org/bouncycastle/bcprov-jdk15on/1.52/bcprov-jdk15on-1.52.jar:/home/runner/.m2/repository/fr/insalyon/creatis/grida-client/2.2.0/grida-client-2.2.0.jar:/home/runner/.m2/repository/fr/insalyon/creatis/grida-common/2.2.0/grida-common-2.2.0.jar:/home/runner/.m2/repository/commons-cli/commons-cli/1.4/commons-cli-1.4.jar:/home/runner/.m2/repository/fr/insalyon/creatis/sma-client/0.3.0/sma-client-0.3.0.jar:/home/runner/.m2/repository/fr/insalyon/creatis/sma-common/0.3.0/sma-common-0.3.0.jar:/home/runner/.m2/repository/fr/insalyon/creatis/devtools/0.1/devtools-0.1.jar:/home/runner/.m2/repository/org/slf4j/slf4j-api/1.7.30/slf4j-api-1.7.30.jar:/home/runner/.m2/repository/commons-configuration/commons-configuration/1.7/commons-configuration-1.7.jar:/home/runner/.m2/repository/commons-collections/commons-collections/3.2.2/commons-collections-3.2.2.jar:/home/runner/.m2/repository/commons-digester/commons-digester/1.8.1/commons-digester-1.8.1.jar:/home/runner/.m2/repository/commons-beanutils/commons-beanutils/1.8.3/commons-beanutils-1.8.3.jar:/home/runner/.m2/repository/commons-codec/commons-codec/1.6/commons-codec-1.6.jar:/home/runner/.m2/repository/commons-io/commons-io/2.4/commons-io-2.4.jar:/home/runner/.m2/repository/org/opensaml/opensaml/2.6.0/opensaml-2.6.0.jar:/home/runner/.m2/repository/org/opensaml/openws/1.5.0/openws-1.5.0.jar:/home/runner/.m2/repository/org/opensaml/xmltooling/1.4.0/xmltooling-1.4.0.jar:/home/runner/.m2/repository/ca/juliusdavies/not-yet-commons-ssl/0.3.9/not-yet-commons-ssl-0.3.9.jar:/home/runner/.m2/repository/org/apache/santuario/xmlsec/1.5.4/xmlsec-1.5.4.jar:/home/runner/.m2/repository/commons-httpclient/commons-httpclient/3.1/commons-httpclient-3.1.jar:/home/runner/.m2/repository/org/apache/velocity/velocity/1.7/velocity-1.7.jar:/home/runner/.m2/repository/org/owasp/esapi/esapi/2.0.1/esapi-2.0.1.jar:/home/runner/.m2/repository/joda-time/joda-time/2.2/joda-time-2.2.jar:/home/runner/.m2/repository/xalan/serializer/2.7.1/serializer-2.7.1.jar:/home/runner/.m2/repository/xml-resolver/xml-resolver/1.2/xml-resolver-1.2.jar:/home/runner/.m2/repository/xalan/xalan/2.7.1/xalan-2.7.1.jar:/home/runner/.m2/repository/javax/mail/mail/1.4.5/mail-1.4.5.jar:/home/runner/.m2/repository/javax/annotation/javax.annotation-api/1.3.2/javax.annotation-api-1.3.2.jar:/home/runner/.m2/repository/org/springframework/spring-web/5.3.15/spring-web-5.3.15.jar:/home/runner/.m2/repository/org/springframework/spring-beans/5.3.15/spring-beans-5.3.15.jar:/home/runner/.m2/repository/org/springframework/spring-jdbc/5.3.15/spring-jdbc-5.3.15.jar:/home/runner/.m2/repository/org/springframework/spring-tx/5.3.15/spring-tx-5.3.15.jar:/home/runner/.m2/repository/org/springframework/spring-context/5.3.15/spring-context-5.3.15.jar:/home/runner/.m2/repository/org/springframework/spring-aop/5.3.15/spring-aop-5.3.15.jar:/home/runner/.m2/repository/org/springframework/spring-expression/5.3.15/spring-expression-5.3.15.jar:/home/runner/work/VIP-portal/VIP-portal/vip-datamanagement/target/vip-datamanager-2.4.1.jar:/home/runner/.m2/repository/commons-fileupload/commons-fileupload/1.3.3/commons-fileupload-1.3.3.jar:/home/runner/.m2/repository/com/fasterxml/jackson/core/jackson-databind/2.11.0/jackson-databind-2.11.0.jar:/home/runner/.m2/repository/com/fasterxml/jackson/core/jackson-annotations/2.11.0/jackson-annotations-2.11.0.jar:/home/runner/.m2/repository/com/fasterxml/jackson/core/jackson-core/2.11.0/jackson-core-2.11.0.jar:/home/runner/work/VIP-portal/VIP-portal/vip-social/target/vip-social-2.4.1.jar:/home/runner/.m2/repository/fr/insalyon/creatis/moteur2-workflowsdb-common/1.6/moteur2-workflowsdb-common-1.6.jar:/home/runner/.m2/repository/org/hibernate/hibernate-entitymanager/4.1.1.Final/hibernate-entitymanager-4.1.1.Final.jar:/home/runner/.m2/repository/org/jboss/logging/jboss-logging/3.1.0.GA/jboss-logging-3.1.0.GA.jar:/home/runner/.m2/repository/org/hibernate/hibernate-core/4.1.1.Final/hibernate-core-4.1.1.Final.jar:/home/runner/.m2/repository/antlr/antlr/2.7.7/antlr-2.7.7.jar:/home/runner/.m2/repository/org/jboss/spec/javax/transaction/jboss-transaction-api_1.1_spec/1.0.0.Final/jboss-transaction-api_1.1_spec-1.0.0.Final.jar:/home/runner/.m2/repository/dom4j/dom4j/1.6.1/dom4j-1.6.1.jar:/home/runner/.m2/repository/org/hibernate/javax/persistence/hibernate-jpa-2.0-api/1.0.1.Final/hibernate-jpa-2.0-api-1.0.1.Final.jar:/home/runner/.m2/repository/org/javassist/javassist/3.15.0-GA/javassist-3.15.0-GA.jar:/home/runner/.m2/repository/org/hibernate/common/hibernate-commons-annotations/4.0.1.Final/hibernate-commons-annotations-4.0.1.Final.jar:/home/runner/.m2/repository/com/googlecode/gflot/gflot/3.0.2/gflot-3.0.2.jar:/home/runner/.m2/repository/globus-common/jaxrpc/4.2.1/jaxrpc-4.2.1.jar:/home/runner/.m2/repository/org/apache/axis/axis/1.4.1-vip/axis-1.4.1-vip.jar:/home/runner/.m2/repository/org/apache/axis/axis-jaxrpc/1.4.1-SNAPSHOT/axis-jaxrpc-1.4.1-SNAPSHOT.jar:/home/runner/.m2/repository/javax/servlet/servlet-api/2.4/servlet-api-2.4.jar:/home/runner/.m2/repository/commons-logging/commons-logging/99-empty/commons-logging-99-empty.jar:/home/runner/.m2/repository/javax/activation/activation/1.1/activation-1.1.jar:/home/runner/.m2/repository/xerces/xercesImpl/2.6.2/xercesImpl-2.6.2.jar:/home/runner/.m2/repository/xerces/xmlParserAPIs/2.6.2/xmlParserAPIs-2.6.2.jar:/home/runner/.m2/repository/castor/castor/0.9.4.2/castor-0.9.4.2.jar:/home/runner/.m2/repository/bsf/bsf/2.3.0/bsf-2.3.0.jar:/home/runner/.m2/repository/commons-net/commons-net/1.0.0/commons-net-1.0.0.jar:/home/runner/.m2/repository/org/eclipse/emf/common/2.2.3/common-2.2.3.jar:/home/runner/.m2/repository/org/eclipse/emf/ecore/2.2.3/ecore-2.2.3.jar:/home/runner/.m2/repository/org/eclipse/emf/ecore-xmi/2.2.3/ecore-xmi-2.2.3.jar:/home/runner/.m2/repository/org/eclipse/xsd/xsd/2.2.3/xsd-2.2.3.jar:/home/runner/.m2/repository/org/apache/axis/axis-saaj/1.4/axis-saaj-1.4.jar:/home/runner/.m2/repository/commons-discovery/commons-discovery/0.4/commons-discovery-0.4.jar:/home/runner/.m2/repository/wsdl4j/wsdl4j/1.6.1/wsdl4j-1.6.1.jar:/home/runner/.m2/repository/org/jsoup/jsoup/1.7.2/jsoup-1.7.2.jar:/home/runner/.m2/repository/xml-apis/xml-apis/1.4.01/xml-apis-1.4.01.jar:/home/runner/work/VIP-portal/VIP-portal/vip-core/target/vip-core-2.4.1-tests.jar:/home/runner/.m2/repository/org/junit/jupiter/junit-jupiter/5.6.2/junit-jupiter-5.6.2.jar:/home/runner/.m2/repository/org/junit/jupiter/junit-jupiter-api/5.6.2/junit-jupiter-api-5.6.2.jar:/home/runner/.m2/repository/org/apiguardian/apiguardian-api/1.1.0/apiguardian-api-1.1.0.jar:/home/runner/.m2/repository/org/opentest4j/opentest4j/1.2.0/opentest4j-1.2.0.jar:/home/runner/.m2/repository/org/junit/platform/junit-platform-commons/1.6.2/junit-platform-commons-1.6.2.jar:/home/runner/.m2/repository/org/junit/jupiter/junit-jupiter-params/5.6.2/junit-jupiter-params-5.6.2.jar:/home/runner/.m2/repository/org/junit/jupiter/junit-jupiter-engine/5.6.2/junit-jupiter-engine-5.6.2.jar:/home/runner/.m2/repository/org/junit/platform/junit-platform-engine/1.6.2/junit-platform-engine-1.6.2.jar:/home/runner/.m2/repository/org/springframework/spring-test/5.3.15/spring-test-5.3.15.jar:/home/runner/.m2/repository/org/springframework/spring-core/5.3.15/spring-core-5.3.15.jar:/home/runner/.m2/repository/org/springframework/spring-jcl/5.3.15/spring-jcl-5.3.15.jar:/home/runner/.m2/repository/com/h2database/h2/1.3.173/h2-1.3.173.jar:/home/runner/.m2/repository/ch/qos/logback/logback-classic/1.2.3/logback-classic-1.2.3.jar:/home/runner/.m2/repository/ch/qos/logback/logback-core/1.2.3/logback-core-1.2.3.jar:/home/runner/.m2/repository/com/github/h-thurow/simple-jndi/0.23.0/simple-jndi-0.23.0.jar:/home/runner/.m2/repository/org/jetbrains/annotations/13.0/annotations-13.0.jar:/home/runner/.m2/repository/commons-lang/commons-lang/2.6/commons-lang-2.6.jar:/home/runner/.m2/repository/org/mockito/mockito-core/4.6.1/mockito-core-4.6.1.jar:/home/runner/.m2/repository/net/bytebuddy/byte-buddy/1.12.10/byte-buddy-1.12.10.jar:/home/runner/.m2/repository/net/bytebuddy/byte-buddy-agent/1.12.10/byte-buddy-agent-1.12.10.jar:/home/runner/.m2/repository/org/objenesis/objenesis/3.2/objenesis-3.2.jar:/home/runner/.m2/repository/org/springframework/security/spring-security-test/5.6.1/spring-security-test-5.6.1.jar:/home/runner/.m2/repository/org/springframework/security/spring-security-core/5.6.1/spring-security-core-5.6.1.jar:/home/runner/.m2/repository/org/springframework/security/spring-security-crypto/5.6.1/spring-security-crypto-5.6.1.jar:/home/runner/.m2/repository/org/springframework/security/spring-security-web/5.6.1/spring-security-web-5.6.1.jar:/home/runner/.m2/repository/org/hamcrest/hamcrest/2.2/hamcrest-2.2.jar:/home/runner/.m2/repository/com/jayway/jsonpath/json-path/2.2.0/json-path-2.2.0.jar:/home/runner/.m2/repository/net/minidev/json-smart/2.2.1/json-smart-2.2.1.jar:/home/runner/.m2/repository/net/minidev/accessors-smart/1.1/accessors-smart-1.1.jar:/home/runner/.m2/repository/org/ow2/asm/asm/5.0.3/asm-5.0.3.jar:/home/runner/.m2/repository/org/mockito/mockito-inline/5.2.0/mockito-inline-5.2.0.jar:"/>
    <property name="sun.cpu.endian" value="little"/>
    <property name="user.home" value="/home/runner"/>
    <property name="user.language" value="en"/>
    <property name="java.specification.vendor" value="Oracle Corporation"/>
    <property name="java.version.date" value="2023-04-18"/>
    <property name="java.home" value="/usr/lib/jvm/temurin-11-jdk-amd64"/>
    <property name="file.separator" value="/"/>
    <property name="basedir" value="/home/runner/work/VIP-portal/VIP-portal/vip-application"/>
    <property name="java.vm.compressedOopsMode" value="32-bit"/>
    <property name="line.separator" value="&#10;"/>
    <property name="java.specification.name" value="Java Platform API Specification"/>
    <property name="java.vm.specification.vendor" value="Oracle Corporation"/>
    <property name="java.awt.graphicsenv" value="sun.awt.X11GraphicsEnvironment"/>
    <property name="surefire.real.class.path" value="/home/runner/work/VIP-portal/VIP-portal/vip-application/target/surefire/surefirebooter-20230706180048367_108.jar"/>
    <property name="sun.management.compiler" value="HotSpot 64-Bit Tiered Compilers"/>
    <property name="java.runtime.version" value="11.0.19+7"/>
    <property name="user.name" value="runner"/>
    <property name="path.separator" value=":"/>
    <property name="os.version" value="5.15.0-1041-azure"/>
    <property name="java.runtime.name" value="OpenJDK Runtime Environment"/>
    <property name="file.encoding" value="UTF-8"/>
    <property name="java.vm.name" value="OpenJDK 64-Bit Server VM"/>
    <property name="java.vendor.version" value="Temurin-11.0.19+7"/>
    <property name="localRepository" value="/home/runner/.m2/repository"/>
    <property name="java.vendor.url.bug" value="https://github.com/adoptium/adoptium-support/issues"/>
    <property name="java.io.tmpdir" value="/tmp"/>
    <property name="java.version" value="11.0.19"/>
    <property name="user.dir" value="/home/runner/work/VIP-portal/VIP-portal/vip-application"/>
    <property name="os.arch" value="amd64"/>
    <property name="java.vm.specification.name" value="Java Virtual Machine Specification"/>
    <property name="java.awt.printerjob" value="sun.print.PSPrinterJob"/>
    <property name="sun.os.patch.level" value="unknown"/>
    <property name="java.library.path" value="/usr/java/packages/lib:/usr/lib64:/lib64:/lib:/usr/lib"/>
    <property name="java.vm.info" value="mixed mode"/>
    <property name="java.vendor" value="Eclipse Adoptium"/>
    <property name="java.vm.version" value="11.0.19+7"/>
    <property name="sun.io.unicode.encoding" value="UnicodeLittle"/>
    <property name="java.class.version" value="55.0"/>
  </properties>
  <testcase name="testCatchRemoveNonExistentApplication" classname="fr.insalyon.creatis.vip.application.integrationtest.ApplicationIT" time="0.1">
    <system-out><![CDATA[18:00:59.710 [main] DEBUG org.springframework.test.context.BootstrapUtils - Instantiating CacheAwareContextLoaderDelegate from class [org.springframework.test.context.cache.DefaultCacheAwareContextLoaderDelegate]
18:00:59.710 [main] DEBUG org.springframework.test.context.BootstrapUtils - Instantiating BootstrapContext using constructor [public org.springframework.test.context.support.DefaultBootstrapContext(java.lang.Class,org.springframework.test.context.CacheAwareContextLoaderDelegate)]
18:00:59.710 [main] DEBUG org.springframework.test.context.BootstrapUtils - Instantiating TestContextBootstrapper for test class [fr.insalyon.creatis.vip.application.integrationtest.ApplicationIT] from class [org.springframework.test.context.support.DefaultTestContextBootstrapper]
18:00:59.712 [main] DEBUG org.springframework.test.context.support.AbstractDelegatingSmartContextLoader - Delegating to AnnotationConfigContextLoader to process context configuration [ContextConfigurationAttributes@2dc37227 declaringClass = 'fr.insalyon.creatis.vip.core.integrationtest.database.BaseSpringIT', classes = '{class fr.insalyon.creatis.vip.core.server.SpringCoreConfig}', locations = '{}', inheritLocations = true, initializers = '{}', inheritInitializers = true, name = [null], contextLoaderClass = 'org.springframework.test.context.ContextLoader'].
18:00:59.713 [main] DEBUG org.springframework.test.context.support.DefaultTestContextBootstrapper - @TestExecutionListeners is not present for class [fr.insalyon.creatis.vip.application.integrationtest.ApplicationIT]: using defaults.
18:00:59.713 [main] INFO org.springframework.test.context.support.DefaultTestContextBootstrapper - Loaded default TestExecutionListener class names from location [META-INF/spring.factories]: [org.springframework.test.context.web.ServletTestExecutionListener, org.springframework.test.context.support.DirtiesContextBeforeModesTestExecutionListener, org.springframework.test.context.event.ApplicationEventsTestExecutionListener, org.springframework.test.context.support.DependencyInjectionTestExecutionListener, org.springframework.test.context.support.DirtiesContextTestExecutionListener, org.springframework.test.context.transaction.TransactionalTestExecutionListener, org.springframework.test.context.jdbc.SqlScriptsTestExecutionListener, org.springframework.test.context.event.EventPublishingTestExecutionListener, org.springframework.security.test.context.support.WithSecurityContextTestExecutionListener, org.springframework.security.test.context.support.ReactorContextTestExecutionListener]
18:00:59.714 [main] INFO org.springframework.test.context.support.DefaultTestContextBootstrapper - Using TestExecutionListeners: [org.springframework.test.context.web.ServletTestExecutionListener@6a9a3600, org.springframework.test.context.support.DirtiesContextBeforeModesTestExecutionListener@6c7640bc, org.springframework.test.context.event.ApplicationEventsTestExecutionListener@617ca5ae, org.springframework.test.context.support.DependencyInjectionTestExecutionListener@77cd8d4d, org.springframework.test.context.support.DirtiesContextTestExecutionListener@4cdc8f82, org.springframework.test.context.transaction.TransactionalTestExecutionListener@12714505, org.springframework.test.context.jdbc.SqlScriptsTestExecutionListener@16a4c330, org.springframework.test.context.event.EventPublishingTestExecutionListener@d98934c, org.springframework.security.test.context.support.WithSecurityContextTestExecutionListener@2510ade2, org.springframework.security.test.context.support.ReactorContextTestExecutionListener@3dd19d28]
18:00:59.716 [main] DEBUG org.springframework.test.context.support.AbstractDirtiesContextTestExecutionListener - Before test class: context [DefaultTestContext@ddc74e1 testClass = ApplicationIT, testInstance = [null], testMethod = [null], testException = [null], mergedContextConfiguration = [MergedContextConfiguration@441784e5 testClass = ApplicationIT, locations = '{}', classes = '{class fr.insalyon.creatis.vip.core.server.SpringCoreConfig}', contextInitializerClasses = '[]', activeProfiles = '{test-db, test}', propertySourceLocations = '{}', propertySourceProperties = '{db.tableEngine=}', contextCustomizers = set[[empty]], contextLoader = 'org.springframework.test.context.support.DelegatingSmartContextLoader', parent = [null]], attributes = map[[empty]]], class annotated with @DirtiesContext [false] with mode [null].
18:00:59.716 [main] DEBUG org.springframework.test.context.cache.DefaultCacheAwareContextLoaderDelegate - Retrieved ApplicationContext [1811846172] from cache with key [[MergedContextConfiguration@441784e5 testClass = ApplicationIT, locations = '{}', classes = '{class fr.insalyon.creatis.vip.core.server.SpringCoreConfig}', contextInitializerClasses = '[]', activeProfiles = '{test-db, test}', propertySourceLocations = '{}', propertySourceProperties = '{db.tableEngine=}', contextCustomizers = set[[empty]], contextLoader = 'org.springframework.test.context.support.DelegatingSmartContextLoader', parent = [null]]]
18:00:59.716 [main] DEBUG org.springframework.test.context.cache - Spring test ApplicationContext cache statistics: [DefaultContextCache@25fab989 size = 1, maxSize = 32, parentContextCount = 0, hitCount = 80, missCount = 13]
18:00:59.717 [main] DEBUG org.springframework.test.context.support.DependencyInjectionTestExecutionListener - Performing dependency injection for test context [[DefaultTestContext@ddc74e1 testClass = ApplicationIT, testInstance = fr.insalyon.creatis.vip.application.integrationtest.ApplicationIT@64c85e38, testMethod = [null], testException = [null], mergedContextConfiguration = [MergedContextConfiguration@441784e5 testClass = ApplicationIT, locations = '{}', classes = '{class fr.insalyon.creatis.vip.core.server.SpringCoreConfig}', contextInitializerClasses = '[]', activeProfiles = '{test-db, test}', propertySourceLocations = '{}', propertySourceProperties = '{db.tableEngine=}', contextCustomizers = set[[empty]], contextLoader = 'org.springframework.test.context.support.DelegatingSmartContextLoader', parent = [null]], attributes = map['org.springframework.test.context.event.ApplicationEventsTestExecutionListener.recordApplicationEvents' -> false]]].
18:00:59.717 [main] DEBUG org.springframework.test.context.cache.DefaultCacheAwareContextLoaderDelegate - Retrieved ApplicationContext [1811846172] from cache with key [[MergedContextConfiguration@441784e5 testClass = ApplicationIT, locations = '{}', classes = '{class fr.insalyon.creatis.vip.core.server.SpringCoreConfig}', contextInitializerClasses = '[]', activeProfiles = '{test-db, test}', propertySourceLocations = '{}', propertySourceProperties = '{db.tableEngine=}', contextCustomizers = set[[empty]], contextLoader = 'org.springframework.test.context.support.DelegatingSmartContextLoader', parent = [null]]]
18:00:59.717 [main] DEBUG org.springframework.test.context.cache - Spring test ApplicationContext cache statistics: [DefaultContextCache@25fab989 size = 1, maxSize = 32, parentContextCount = 0, hitCount = 81, missCount = 13]
18:00:59.720 [main] DEBUG org.springframework.test.context.cache.DefaultCacheAwareContextLoaderDelegate - Retrieved ApplicationContext [1811846172] from cache with key [[MergedContextConfiguration@441784e5 testClass = ApplicationIT, locations = '{}', classes = '{class fr.insalyon.creatis.vip.core.server.SpringCoreConfig}', contextInitializerClasses = '[]', activeProfiles = '{test-db, test}', propertySourceLocations = '{}', propertySourceProperties = '{db.tableEngine=}', contextCustomizers = set[[empty]], contextLoader = 'org.springframework.test.context.support.DelegatingSmartContextLoader', parent = [null]]]
18:00:59.720 [main] DEBUG org.springframework.test.context.cache - Spring test ApplicationContext cache statistics: [DefaultContextCache@25fab989 size = 1, maxSize = 32, parentContextCount = 0, hitCount = 82, missCount = 13]
18:00:59.721 [main] DEBUG org.springframework.test.context.support.AbstractDirtiesContextTestExecutionListener - Before test method: context [DefaultTestContext@ddc74e1 testClass = ApplicationIT, testInstance = fr.insalyon.creatis.vip.application.integrationtest.ApplicationIT@64c85e38, testMethod = testCatchRemoveNonExistentApplication@ApplicationIT, testException = [null], mergedContextConfiguration = [MergedContextConfiguration@441784e5 testClass = ApplicationIT, locations = '{}', classes = '{class fr.insalyon.creatis.vip.core.server.SpringCoreConfig}', contextInitializerClasses = '[]', activeProfiles = '{test-db, test}', propertySourceLocations = '{}', propertySourceProperties = '{db.tableEngine=}', contextCustomizers = set[[empty]], contextLoader = 'org.springframework.test.context.support.DelegatingSmartContextLoader', parent = [null]], attributes = map['org.springframework.test.context.event.ApplicationEventsTestExecutionListener.recordApplicationEvents' -> false]], class annotated with @DirtiesContext [false] with mode [null], method annotated with @DirtiesContext [false] with mode [null].
18:00:59.722 [main] DEBUG org.springframework.test.context.transaction.TransactionalTestExecutionListener - Explicit transaction definition [PROPAGATION_REQUIRED,ISOLATION_DEFAULT] found for test context [DefaultTestContext@ddc74e1 testClass = ApplicationIT, testInstance = fr.insalyon.creatis.vip.application.integrationtest.ApplicationIT@64c85e38, testMethod = testCatchRemoveNonExistentApplication@ApplicationIT, testException = [null], mergedContextConfiguration = [MergedContextConfiguration@441784e5 testClass = ApplicationIT, locations = '{}', classes = '{class fr.insalyon.creatis.vip.core.server.SpringCoreConfig}', contextInitializerClasses = '[]', activeProfiles = '{test-db, test}', propertySourceLocations = '{}', propertySourceProperties = '{db.tableEngine=}', contextCustomizers = set[[empty]], contextLoader = 'org.springframework.test.context.support.DelegatingSmartContextLoader', parent = [null]], attributes = map['org.springframework.test.context.event.ApplicationEventsTestExecutionListener.recordApplicationEvents' -> false]]
18:00:59.723 [main] DEBUG org.springframework.test.context.cache.DefaultCacheAwareContextLoaderDelegate - Retrieved ApplicationContext [1811846172] from cache with key [[MergedContextConfiguration@441784e5 testClass = ApplicationIT, locations = '{}', classes = '{class fr.insalyon.creatis.vip.core.server.SpringCoreConfig}', contextInitializerClasses = '[]', activeProfiles = '{test-db, test}', propertySourceLocations = '{}', propertySourceProperties = '{db.tableEngine=}', contextCustomizers = set[[empty]], contextLoader = 'org.springframework.test.context.support.DelegatingSmartContextLoader', parent = [null]]]
18:00:59.723 [main] DEBUG org.springframework.test.context.cache - Spring test ApplicationContext cache statistics: [DefaultContextCache@25fab989 size = 1, maxSize = 32, parentContextCount = 0, hitCount = 83, missCount = 13]
18:00:59.724 [main] DEBUG org.springframework.test.context.transaction.TransactionalTestExecutionListener - No method-level @Rollback override: using default rollback [true] for test context [DefaultTestContext@ddc74e1 testClass = ApplicationIT, testInstance = fr.insalyon.creatis.vip.application.integrationtest.ApplicationIT@64c85e38, testMethod = testCatchRemoveNonExistentApplication@ApplicationIT, testException = [null], mergedContextConfiguration = [MergedContextConfiguration@441784e5 testClass = ApplicationIT, locations = '{}', classes = '{class fr.insalyon.creatis.vip.core.server.SpringCoreConfig}', contextInitializerClasses = '[]', activeProfiles = '{test-db, test}', propertySourceLocations = '{}', propertySourceProperties = '{db.tableEngine=}', contextCustomizers = set[[empty]], contextLoader = 'org.springframework.test.context.support.DelegatingSmartContextLoader', parent = [null]], attributes = map['org.springframework.test.context.event.ApplicationEventsTestExecutionListener.recordApplicationEvents' -> false]].
18:00:59.724 [main] DEBUG org.springframework.jdbc.datasource.DataSourceTransactionManager - Creating new transaction with name [fr.insalyon.creatis.vip.application.integrationtest.ApplicationIT.testCatchRemoveNonExistentApplication]: PROPAGATION_REQUIRED,ISOLATION_DEFAULT
18:00:59.724 [main] DEBUG org.springframework.jdbc.datasource.DataSourceTransactionManager - Acquired Connection [Lazy Connection proxy for target DataSource [org.springframework.jdbc.datasource.embedded.EmbeddedDatabaseFactory$EmbeddedDataSourceProxy@513bf248]] for JDBC transaction
18:00:59.724 [main] DEBUG org.springframework.jdbc.datasource.DataSourceTransactionManager - Switching JDBC Connection [Lazy Connection proxy for target DataSource [org.springframework.jdbc.datasource.embedded.EmbeddedDatabaseFactory$EmbeddedDataSourceProxy@513bf248]] to manual commit
18:00:59.724 [main] INFO org.springframework.test.context.transaction.TransactionContext - Began transaction (1) for test context [DefaultTestContext@ddc74e1 testClass = ApplicationIT, testInstance = fr.insalyon.creatis.vip.application.integrationtest.ApplicationIT@64c85e38, testMethod = testCatchRemoveNonExistentApplication@ApplicationIT, testException = [null], mergedContextConfiguration = [MergedContextConfiguration@441784e5 testClass = ApplicationIT, locations = '{}', classes = '{class fr.insalyon.creatis.vip.core.server.SpringCoreConfig}', contextInitializerClasses = '[]', activeProfiles = '{test-db, test}', propertySourceLocations = '{}', propertySourceProperties = '{db.tableEngine=}', contextCustomizers = set[[empty]], contextLoader = 'org.springframework.test.context.support.DelegatingSmartContextLoader', parent = [null]], attributes = map['org.springframework.test.context.event.ApplicationEventsTestExecutionListener.recordApplicationEvents' -> false]]; transaction manager [org.springframework.jdbc.datasource.DataSourceTransactionManager@461df0fe]; rollback [true]
18:00:59.724 [main] DEBUG org.springframework.test.context.cache.DefaultCacheAwareContextLoaderDelegate - Retrieved ApplicationContext [1811846172] from cache with key [[MergedContextConfiguration@441784e5 testClass = ApplicationIT, locations = '{}', classes = '{class fr.insalyon.creatis.vip.core.server.SpringCoreConfig}', contextInitializerClasses = '[]', activeProfiles = '{test-db, test}', propertySourceLocations = '{}', propertySourceProperties = '{db.tableEngine=}', contextCustomizers = set[[empty]], contextLoader = 'org.springframework.test.context.support.DelegatingSmartContextLoader', parent = [null]]]
18:00:59.724 [main] DEBUG org.springframework.test.context.cache - Spring test ApplicationContext cache statistics: [DefaultContextCache@25fab989 size = 1, maxSize = 32, parentContextCount = 0, hitCount = 84, missCount = 13]
18:00:59.727 [main] DEBUG org.springframework.jdbc.datasource.DataSourceTransactionManager - Participating in existing transaction
18:00:59.729 [main] DEBUG org.springframework.jdbc.datasource.DataSourceTransactionManager - Participating in existing transaction
18:00:59.729 [main] DEBUG org.springframework.jdbc.datasource.SimpleDriverDataSource - Creating new JDBC Driver Connection to [jdbc:h2:mem:c60e0b3f-5ca4-462a-9a51-320229e94584;DB_CLOSE_DELAY=-1;DB_CLOSE_ON_EXIT=false]
18:00:59.731 [main] DEBUG org.springframework.jdbc.datasource.DataSourceTransactionManager - Participating in existing transaction
18:00:59.732 [main] DEBUG org.springframework.jdbc.datasource.DataSourceTransactionManager - Participating in existing transaction
18:00:59.733 [main] DEBUG org.springframework.jdbc.datasource.DataSourceTransactionManager - Participating in existing transaction
User = test1@test.fr
18:00:59.733 [main] INFO fr.insalyon.creatis.vip.core.server.business.ConfigurationBusiness - verifying test1@test.fr. List of undesired mail domains: . 
18:00:59.733 [main] INFO fr.insalyon.creatis.vip.core.server.business.ConfigurationBusiness - Signing up . List of undesired countries: .
18:00:59.743 [main] DEBUG org.springframework.jdbc.datasource.DataSourceTransactionManager - Participating in existing transaction
18:00:59.744 [main] DEBUG org.springframework.jdbc.datasource.DataSourceTransactionManager - Participating in existing transaction
18:00:59.758 [main] INFO fr.insalyon.creatis.vip.core.server.business.ConfigurationBusiness - Sending confirmation email to 'test1@test.fr'.
18:00:59.784 [main] DEBUG org.springframework.jdbc.datasource.DataSourceTransactionManager - Participating in existing transaction
18:00:59.786 [main] DEBUG org.springframework.jdbc.datasource.DataSourceTransactionManager - Participating in existing transaction
18:00:59.786 [main] DEBUG org.springframework.jdbc.datasource.DataSourceTransactionManager - Participating in existing transaction
18:00:59.786 [main] DEBUG org.springframework.jdbc.datasource.DataSourceTransactionManager - Participating in existing transaction
User = test2@test.fr
18:00:59.786 [main] INFO fr.insalyon.creatis.vip.core.server.business.ConfigurationBusiness - verifying test2@test.fr. List of undesired mail domains: . 
18:00:59.786 [main] INFO fr.insalyon.creatis.vip.core.server.business.ConfigurationBusiness - Signing up . List of undesired countries: .
18:00:59.787 [main] DEBUG org.springframework.jdbc.datasource.DataSourceTransactionManager - Participating in existing transaction
18:00:59.788 [main] DEBUG org.springframework.jdbc.datasource.DataSourceTransactionManager - Participating in existing transaction
18:00:59.788 [main] INFO fr.insalyon.creatis.vip.core.server.business.ConfigurationBusiness - Sending confirmation email to 'test2@test.fr'.
18:00:59.788 [main] DEBUG org.springframework.jdbc.datasource.DataSourceTransactionManager - Participating in existing transaction
18:00:59.788 [main] DEBUG org.springframework.jdbc.datasource.DataSourceTransactionManager - Participating in existing transaction
18:00:59.789 [main] DEBUG org.springframework.jdbc.datasource.DataSourceTransactionManager - Participating in existing transaction
18:00:59.789 [main] DEBUG org.springframework.jdbc.datasource.DataSourceTransactionManager - Participating in existing transaction
18:00:59.799 [main] DEBUG org.springframework.jdbc.datasource.DataSourceTransactionManager - Participating in existing transaction
18:00:59.799 [main] DEBUG org.springframework.jdbc.datasource.DataSourceTransactionManager - Participating in existing transaction
18:00:59.807 [main] DEBUG org.springframework.jdbc.datasource.DataSourceTransactionManager - Participating in existing transaction
18:00:59.812 [main] DEBUG org.springframework.jdbc.datasource.DataSourceTransactionManager - Participating in existing transaction
18:00:59.812 [main] DEBUG org.springframework.jdbc.datasource.DataSourceTransactionManager - Participating in existing transaction
18:00:59.813 [main] DEBUG org.springframework.test.context.cache.DefaultCacheAwareContextLoaderDelegate - Retrieved ApplicationContext [1811846172] from cache with key [[MergedContextConfiguration@441784e5 testClass = ApplicationIT, locations = '{}', classes = '{class fr.insalyon.creatis.vip.core.server.SpringCoreConfig}', contextInitializerClasses = '[]', activeProfiles = '{test-db, test}', propertySourceLocations = '{}', propertySourceProperties = '{db.tableEngine=}', contextCustomizers = set[[empty]], contextLoader = 'org.springframework.test.context.support.DelegatingSmartContextLoader', parent = [null]]]
18:00:59.813 [main] DEBUG org.springframework.test.context.cache - Spring test ApplicationContext cache statistics: [DefaultContextCache@25fab989 size = 1, maxSize = 32, parentContextCount = 0, hitCount = 85, missCount = 13]
18:00:59.813 [main] DEBUG org.springframework.jdbc.datasource.DataSourceTransactionManager - Participating in existing transaction
18:00:59.813 [main] DEBUG org.springframework.jdbc.datasource.DataSourceTransactionManager - Participating in existing transaction
18:00:59.813 [main] DEBUG org.springframework.jdbc.datasource.DataSourceTransactionManager - Participating in existing transaction
18:00:59.815 [main] DEBUG org.springframework.jdbc.datasource.DataSourceTransactionManager - Participating in existing transaction
18:00:59.817 [main] DEBUG org.springframework.test.context.cache.DefaultCacheAwareContextLoaderDelegate - Retrieved ApplicationContext [1811846172] from cache with key [[MergedContextConfiguration@441784e5 testClass = ApplicationIT, locations = '{}', classes = '{class fr.insalyon.creatis.vip.core.server.SpringCoreConfig}', contextInitializerClasses = '[]', activeProfiles = '{test-db, test}', propertySourceLocations = '{}', propertySourceProperties = '{db.tableEngine=}', contextCustomizers = set[[empty]], contextLoader = 'org.springframework.test.context.support.DelegatingSmartContextLoader', parent = [null]]]
18:00:59.817 [main] DEBUG org.springframework.test.context.cache - Spring test ApplicationContext cache statistics: [DefaultContextCache@25fab989 size = 1, maxSize = 32, parentContextCount = 0, hitCount = 86, missCount = 13]
18:00:59.818 [main] DEBUG org.springframework.test.context.cache.DefaultCacheAwareContextLoaderDelegate - Retrieved ApplicationContext [1811846172] from cache with key [[MergedContextConfiguration@441784e5 testClass = ApplicationIT, locations = '{}', classes = '{class fr.insalyon.creatis.vip.core.server.SpringCoreConfig}', contextInitializerClasses = '[]', activeProfiles = '{test-db, test}', propertySourceLocations = '{}', propertySourceProperties = '{db.tableEngine=}', contextCustomizers = set[[empty]], contextLoader = 'org.springframework.test.context.support.DelegatingSmartContextLoader', parent = [null]]]
18:00:59.818 [main] DEBUG org.springframework.test.context.cache - Spring test ApplicationContext cache statistics: [DefaultContextCache@25fab989 size = 1, maxSize = 32, parentContextCount = 0, hitCount = 87, missCount = 13]
18:00:59.819 [main] DEBUG org.springframework.jdbc.datasource.DataSourceTransactionManager - Initiating transaction rollback
18:00:59.819 [main] DEBUG org.springframework.jdbc.datasource.DataSourceTransactionManager - Rolling back JDBC transaction on Connection [conn113: url=jdbc:h2:mem:c60e0b3f-5ca4-462a-9a51-320229e94584 user=SA]
18:00:59.819 [main] DEBUG org.springframework.jdbc.datasource.DataSourceTransactionManager - Releasing JDBC Connection [conn113: url=jdbc:h2:mem:c60e0b3f-5ca4-462a-9a51-320229e94584 user=SA] after transaction
18:00:59.819 [main] INFO org.springframework.test.context.transaction.TransactionContext - Rolled back transaction for test: [DefaultTestContext@ddc74e1 testClass = ApplicationIT, testInstance = fr.insalyon.creatis.vip.application.integrationtest.ApplicationIT@64c85e38, testMethod = testCatchRemoveNonExistentApplication@ApplicationIT, testException = [null], mergedContextConfiguration = [MergedContextConfiguration@441784e5 testClass = ApplicationIT, locations = '{}', classes = '{class fr.insalyon.creatis.vip.core.server.SpringCoreConfig}', contextInitializerClasses = '[]', activeProfiles = '{test-db, test}', propertySourceLocations = '{}', propertySourceProperties = '{db.tableEngine=}', contextCustomizers = set[[empty]], contextLoader = 'org.springframework.test.context.support.DelegatingSmartContextLoader', parent = [null]], attributes = map['org.springframework.test.context.event.ApplicationEventsTestExecutionListener.recordApplicationEvents' -> false]]
18:00:59.819 [main] DEBUG org.springframework.test.context.support.AbstractDirtiesContextTestExecutionListener - After test method: context [DefaultTestContext@ddc74e1 testClass = ApplicationIT, testInstance = fr.insalyon.creatis.vip.application.integrationtest.ApplicationIT@64c85e38, testMethod = testCatchRemoveNonExistentApplication@ApplicationIT, testException = [null], mergedContextConfiguration = [MergedContextConfiguration@441784e5 testClass = ApplicationIT, locations = '{}', classes = '{class fr.insalyon.creatis.vip.core.server.SpringCoreConfig}', contextInitializerClasses = '[]', activeProfiles = '{test-db, test}', propertySourceLocations = '{}', propertySourceProperties = '{db.tableEngine=}', contextCustomizers = set[[empty]], contextLoader = 'org.springframework.test.context.support.DelegatingSmartContextLoader', parent = [null]], attributes = map['org.springframework.test.context.event.ApplicationEventsTestExecutionListener.recordApplicationEvents' -> false]], class annotated with @DirtiesContext [false] with mode [null], method annotated with @DirtiesContext [false] with mode [null].
]]></system-out>
  </testcase>
  <testcase name="testCatchUpdateNonExistentApplication" classname="fr.insalyon.creatis.vip.application.integrationtest.ApplicationIT" time="0.029">
    <system-out><![CDATA[18:00:59.821 [main] DEBUG org.springframework.test.context.support.DependencyInjectionTestExecutionListener - Performing dependency injection for test context [[DefaultTestContext@ddc74e1 testClass = ApplicationIT, testInstance = fr.insalyon.creatis.vip.application.integrationtest.ApplicationIT@3d926711, testMethod = [null], testException = [null], mergedContextConfiguration = [MergedContextConfiguration@441784e5 testClass = ApplicationIT, locations = '{}', classes = '{class fr.insalyon.creatis.vip.core.server.SpringCoreConfig}', contextInitializerClasses = '[]', activeProfiles = '{test-db, test}', propertySourceLocations = '{}', propertySourceProperties = '{db.tableEngine=}', contextCustomizers = set[[empty]], contextLoader = 'org.springframework.test.context.support.DelegatingSmartContextLoader', parent = [null]], attributes = map['org.springframework.test.context.event.ApplicationEventsTestExecutionListener.recordApplicationEvents' -> false]]].
18:00:59.821 [main] DEBUG org.springframework.test.context.cache.DefaultCacheAwareContextLoaderDelegate - Retrieved ApplicationContext [1811846172] from cache with key [[MergedContextConfiguration@441784e5 testClass = ApplicationIT, locations = '{}', classes = '{class fr.insalyon.creatis.vip.core.server.SpringCoreConfig}', contextInitializerClasses = '[]', activeProfiles = '{test-db, test}', propertySourceLocations = '{}', propertySourceProperties = '{db.tableEngine=}', contextCustomizers = set[[empty]], contextLoader = 'org.springframework.test.context.support.DelegatingSmartContextLoader', parent = [null]]]
18:00:59.821 [main] DEBUG org.springframework.test.context.cache - Spring test ApplicationContext cache statistics: [DefaultContextCache@25fab989 size = 1, maxSize = 32, parentContextCount = 0, hitCount = 88, missCount = 13]
18:00:59.821 [main] DEBUG org.springframework.test.context.cache.DefaultCacheAwareContextLoaderDelegate - Retrieved ApplicationContext [1811846172] from cache with key [[MergedContextConfiguration@441784e5 testClass = ApplicationIT, locations = '{}', classes = '{class fr.insalyon.creatis.vip.core.server.SpringCoreConfig}', contextInitializerClasses = '[]', activeProfiles = '{test-db, test}', propertySourceLocations = '{}', propertySourceProperties = '{db.tableEngine=}', contextCustomizers = set[[empty]], contextLoader = 'org.springframework.test.context.support.DelegatingSmartContextLoader', parent = [null]]]
18:00:59.821 [main] DEBUG org.springframework.test.context.cache - Spring test ApplicationContext cache statistics: [DefaultContextCache@25fab989 size = 1, maxSize = 32, parentContextCount = 0, hitCount = 89, missCount = 13]
18:00:59.823 [main] DEBUG org.springframework.test.context.support.AbstractDirtiesContextTestExecutionListener - Before test method: context [DefaultTestContext@ddc74e1 testClass = ApplicationIT, testInstance = fr.insalyon.creatis.vip.application.integrationtest.ApplicationIT@3d926711, testMethod = testCatchUpdateNonExistentApplication@ApplicationIT, testException = [null], mergedContextConfiguration = [MergedContextConfiguration@441784e5 testClass = ApplicationIT, locations = '{}', classes = '{class fr.insalyon.creatis.vip.core.server.SpringCoreConfig}', contextInitializerClasses = '[]', activeProfiles = '{test-db, test}', propertySourceLocations = '{}', propertySourceProperties = '{db.tableEngine=}', contextCustomizers = set[[empty]], contextLoader = 'org.springframework.test.context.support.DelegatingSmartContextLoader', parent = [null]], attributes = map['org.springframework.test.context.event.ApplicationEventsTestExecutionListener.recordApplicationEvents' -> false]], class annotated with @DirtiesContext [false] with mode [null], method annotated with @DirtiesContext [false] with mode [null].
18:00:59.824 [main] DEBUG org.springframework.test.context.transaction.TransactionalTestExecutionListener - Explicit transaction definition [PROPAGATION_REQUIRED,ISOLATION_DEFAULT] found for test context [DefaultTestContext@ddc74e1 testClass = ApplicationIT, testInstance = fr.insalyon.creatis.vip.application.integrationtest.ApplicationIT@3d926711, testMethod = testCatchUpdateNonExistentApplication@ApplicationIT, testException = [null], mergedContextConfiguration = [MergedContextConfiguration@441784e5 testClass = ApplicationIT, locations = '{}', classes = '{class fr.insalyon.creatis.vip.core.server.SpringCoreConfig}', contextInitializerClasses = '[]', activeProfiles = '{test-db, test}', propertySourceLocations = '{}', propertySourceProperties = '{db.tableEngine=}', contextCustomizers = set[[empty]], contextLoader = 'org.springframework.test.context.support.DelegatingSmartContextLoader', parent = [null]], attributes = map['org.springframework.test.context.event.ApplicationEventsTestExecutionListener.recordApplicationEvents' -> false]]
18:00:59.824 [main] DEBUG org.springframework.test.context.cache.DefaultCacheAwareContextLoaderDelegate - Retrieved ApplicationContext [1811846172] from cache with key [[MergedContextConfiguration@441784e5 testClass = ApplicationIT, locations = '{}', classes = '{class fr.insalyon.creatis.vip.core.server.SpringCoreConfig}', contextInitializerClasses = '[]', activeProfiles = '{test-db, test}', propertySourceLocations = '{}', propertySourceProperties = '{db.tableEngine=}', contextCustomizers = set[[empty]], contextLoader = 'org.springframework.test.context.support.DelegatingSmartContextLoader', parent = [null]]]
18:00:59.824 [main] DEBUG org.springframework.test.context.cache - Spring test ApplicationContext cache statistics: [DefaultContextCache@25fab989 size = 1, maxSize = 32, parentContextCount = 0, hitCount = 90, missCount = 13]
18:00:59.825 [main] DEBUG org.springframework.test.context.transaction.TransactionalTestExecutionListener - No method-level @Rollback override: using default rollback [true] for test context [DefaultTestContext@ddc74e1 testClass = ApplicationIT, testInstance = fr.insalyon.creatis.vip.application.integrationtest.ApplicationIT@3d926711, testMethod = testCatchUpdateNonExistentApplication@ApplicationIT, testException = [null], mergedContextConfiguration = [MergedContextConfiguration@441784e5 testClass = ApplicationIT, locations = '{}', classes = '{class fr.insalyon.creatis.vip.core.server.SpringCoreConfig}', contextInitializerClasses = '[]', activeProfiles = '{test-db, test}', propertySourceLocations = '{}', propertySourceProperties = '{db.tableEngine=}', contextCustomizers = set[[empty]], contextLoader = 'org.springframework.test.context.support.DelegatingSmartContextLoader', parent = [null]], attributes = map['org.springframework.test.context.event.ApplicationEventsTestExecutionListener.recordApplicationEvents' -> false]].
18:00:59.825 [main] DEBUG org.springframework.jdbc.datasource.DataSourceTransactionManager - Creating new transaction with name [fr.insalyon.creatis.vip.application.integrationtest.ApplicationIT.testCatchUpdateNonExistentApplication]: PROPAGATION_REQUIRED,ISOLATION_DEFAULT
18:00:59.825 [main] DEBUG org.springframework.jdbc.datasource.DataSourceTransactionManager - Acquired Connection [Lazy Connection proxy for target DataSource [org.springframework.jdbc.datasource.embedded.EmbeddedDatabaseFactory$EmbeddedDataSourceProxy@513bf248]] for JDBC transaction
18:00:59.825 [main] DEBUG org.springframework.jdbc.datasource.DataSourceTransactionManager - Switching JDBC Connection [Lazy Connection proxy for target DataSource [org.springframework.jdbc.datasource.embedded.EmbeddedDatabaseFactory$EmbeddedDataSourceProxy@513bf248]] to manual commit
18:00:59.826 [main] INFO org.springframework.test.context.transaction.TransactionContext - Began transaction (1) for test context [DefaultTestContext@ddc74e1 testClass = ApplicationIT, testInstance = fr.insalyon.creatis.vip.application.integrationtest.ApplicationIT@3d926711, testMethod = testCatchUpdateNonExistentApplication@ApplicationIT, testException = [null], mergedContextConfiguration = [MergedContextConfiguration@441784e5 testClass = ApplicationIT, locations = '{}', classes = '{class fr.insalyon.creatis.vip.core.server.SpringCoreConfig}', contextInitializerClasses = '[]', activeProfiles = '{test-db, test}', propertySourceLocations = '{}', propertySourceProperties = '{db.tableEngine=}', contextCustomizers = set[[empty]], contextLoader = 'org.springframework.test.context.support.DelegatingSmartContextLoader', parent = [null]], attributes = map['org.springframework.test.context.event.ApplicationEventsTestExecutionListener.recordApplicationEvents' -> false]]; transaction manager [org.springframework.jdbc.datasource.DataSourceTransactionManager@461df0fe]; rollback [true]
18:00:59.826 [main] DEBUG org.springframework.test.context.cache.DefaultCacheAwareContextLoaderDelegate - Retrieved ApplicationContext [1811846172] from cache with key [[MergedContextConfiguration@441784e5 testClass = ApplicationIT, locations = '{}', classes = '{class fr.insalyon.creatis.vip.core.server.SpringCoreConfig}', contextInitializerClasses = '[]', activeProfiles = '{test-db, test}', propertySourceLocations = '{}', propertySourceProperties = '{db.tableEngine=}', contextCustomizers = set[[empty]], contextLoader = 'org.springframework.test.context.support.DelegatingSmartContextLoader', parent = [null]]]
18:00:59.826 [main] DEBUG org.springframework.test.context.cache - Spring test ApplicationContext cache statistics: [DefaultContextCache@25fab989 size = 1, maxSize = 32, parentContextCount = 0, hitCount = 91, missCount = 13]
18:00:59.833 [main] DEBUG org.springframework.jdbc.datasource.DataSourceTransactionManager - Participating in existing transaction
18:00:59.834 [main] DEBUG org.springframework.jdbc.datasource.DataSourceTransactionManager - Participating in existing transaction
18:00:59.835 [main] DEBUG org.springframework.jdbc.datasource.SimpleDriverDataSource - Creating new JDBC Driver Connection to [jdbc:h2:mem:c60e0b3f-5ca4-462a-9a51-320229e94584;DB_CLOSE_DELAY=-1;DB_CLOSE_ON_EXIT=false]
18:00:59.835 [main] DEBUG org.springframework.jdbc.datasource.DataSourceTransactionManager - Participating in existing transaction
18:00:59.835 [main] DEBUG org.springframework.jdbc.datasource.DataSourceTransactionManager - Participating in existing transaction
18:00:59.836 [main] DEBUG org.springframework.jdbc.datasource.DataSourceTransactionManager - Participating in existing transaction
User = test1@test.fr
18:00:59.836 [main] INFO fr.insalyon.creatis.vip.core.server.business.ConfigurationBusiness - verifying test1@test.fr. List of undesired mail domains: . 
18:00:59.836 [main] INFO fr.insalyon.creatis.vip.core.server.business.ConfigurationBusiness - Signing up . List of undesired countries: .
18:00:59.837 [main] DEBUG org.springframework.jdbc.datasource.DataSourceTransactionManager - Participating in existing transaction
18:00:59.837 [main] DEBUG org.springframework.jdbc.datasource.DataSourceTransactionManager - Participating in existing transaction
18:00:59.838 [main] INFO fr.insalyon.creatis.vip.core.server.business.ConfigurationBusiness - Sending confirmation email to 'test1@test.fr'.
18:00:59.838 [main] DEBUG org.springframework.jdbc.datasource.DataSourceTransactionManager - Participating in existing transaction
18:00:59.839 [main] DEBUG org.springframework.jdbc.datasource.DataSourceTransactionManager - Participating in existing transaction
18:00:59.839 [main] DEBUG org.springframework.jdbc.datasource.DataSourceTransactionManager - Participating in existing transaction
18:00:59.839 [main] DEBUG org.springframework.jdbc.datasource.DataSourceTransactionManager - Participating in existing transaction
User = test2@test.fr
18:00:59.839 [main] INFO fr.insalyon.creatis.vip.core.server.business.ConfigurationBusiness - verifying test2@test.fr. List of undesired mail domains: . 
18:00:59.839 [main] INFO fr.insalyon.creatis.vip.core.server.business.ConfigurationBusiness - Signing up . List of undesired countries: .
18:00:59.840 [main] DEBUG org.springframework.jdbc.datasource.DataSourceTransactionManager - Participating in existing transaction
18:00:59.840 [main] DEBUG org.springframework.jdbc.datasource.DataSourceTransactionManager - Participating in existing transaction
18:00:59.840 [main] INFO fr.insalyon.creatis.vip.core.server.business.ConfigurationBusiness - Sending confirmation email to 'test2@test.fr'.
18:00:59.840 [main] DEBUG org.springframework.jdbc.datasource.DataSourceTransactionManager - Participating in existing transaction
18:00:59.840 [main] DEBUG org.springframework.jdbc.datasource.DataSourceTransactionManager - Participating in existing transaction
18:00:59.841 [main] DEBUG org.springframework.jdbc.datasource.DataSourceTransactionManager - Participating in existing transaction
18:00:59.841 [main] DEBUG org.springframework.jdbc.datasource.DataSourceTransactionManager - Participating in existing transaction
18:00:59.841 [main] DEBUG org.springframework.jdbc.datasource.DataSourceTransactionManager - Participating in existing transaction
18:00:59.841 [main] DEBUG org.springframework.jdbc.datasource.DataSourceTransactionManager - Participating in existing transaction
18:00:59.841 [main] DEBUG org.springframework.jdbc.datasource.DataSourceTransactionManager - Participating in existing transaction
18:00:59.841 [main] DEBUG org.springframework.jdbc.datasource.DataSourceTransactionManager - Participating in existing transaction
18:00:59.841 [main] DEBUG org.springframework.jdbc.datasource.DataSourceTransactionManager - Participating in existing transaction
18:00:59.841 [main] DEBUG org.springframework.test.context.cache.DefaultCacheAwareContextLoaderDelegate - Retrieved ApplicationContext [1811846172] from cache with key [[MergedContextConfiguration@441784e5 testClass = ApplicationIT, locations = '{}', classes = '{class fr.insalyon.creatis.vip.core.server.SpringCoreConfig}', contextInitializerClasses = '[]', activeProfiles = '{test-db, test}', propertySourceLocations = '{}', propertySourceProperties = '{db.tableEngine=}', contextCustomizers = set[[empty]], contextLoader = 'org.springframework.test.context.support.DelegatingSmartContextLoader', parent = [null]]]
18:00:59.841 [main] DEBUG org.springframework.test.context.cache - Spring test ApplicationContext cache statistics: [DefaultContextCache@25fab989 size = 1, maxSize = 32, parentContextCount = 0, hitCount = 92, missCount = 13]
18:00:59.842 [main] DEBUG org.springframework.jdbc.datasource.DataSourceTransactionManager - Participating in existing transaction
18:00:59.842 [main] DEBUG org.springframework.jdbc.datasource.DataSourceTransactionManager - Participating in existing transaction
18:00:59.849 [main] ERROR fr.insalyon.creatis.vip.application.server.dao.mysql.ApplicationData - Error adding class class1 to application NonExistent Application
org.h2.jdbc.JdbcSQLException: Referential integrity constraint violation: "CONSTRAINT_E8A6: PUBLIC.VIPAPPLICATIONCLASSES FOREIGN KEY(APPLICATION) REFERENCES PUBLIC.VIPAPPLICATIONS(NAME) ('NonExistent Application')"; SQL statement:
INSERT INTO VIPApplicationClasses(application, class) VALUES(?, ?) [23506-173]
	at org.h2.message.DbException.getJdbcSQLException(DbException.java:331)
	at org.h2.message.DbException.get(DbException.java:171)
	at org.h2.message.DbException.get(DbException.java:148)
	at org.h2.constraint.ConstraintReferential.checkRowOwnTable(ConstraintReferential.java:368)
	at org.h2.constraint.ConstraintReferential.checkRow(ConstraintReferential.java:310)
	at org.h2.table.Table.fireConstraints(Table.java:880)
	at org.h2.table.Table.fireAfterRow(Table.java:897)
	at org.h2.command.dml.Insert.insertRows(Insert.java:129)
	at org.h2.command.dml.Insert.update(Insert.java:86)
	at org.h2.command.CommandContainer.update(CommandContainer.java:79)
	at org.h2.command.Command.executeUpdate(Command.java:235)
	at org.h2.jdbc.JdbcPreparedStatement.execute(JdbcPreparedStatement.java:193)
	at fr.insalyon.creatis.vip.application.server.dao.mysql.ApplicationData.addClassToApplication(ApplicationData.java:401)
	at fr.insalyon.creatis.vip.application.server.dao.mysql.ApplicationData.update(ApplicationData.java:117)
	at java.base/jdk.internal.reflect.NativeMethodAccessorImpl.invoke0(Native Method)
	at java.base/jdk.internal.reflect.NativeMethodAccessorImpl.invoke(NativeMethodAccessorImpl.java:62)
	at java.base/jdk.internal.reflect.DelegatingMethodAccessorImpl.invoke(DelegatingMethodAccessorImpl.java:43)
	at java.base/java.lang.reflect.Method.invoke(Method.java:566)
	at org.springframework.aop.support.AopUtils.invokeJoinpointUsingReflection(AopUtils.java:344)
	at org.springframework.aop.framework.ReflectiveMethodInvocation.invokeJoinpoint(ReflectiveMethodInvocation.java:198)
	at org.springframework.aop.framework.ReflectiveMethodInvocation.proceed(ReflectiveMethodInvocation.java:163)
	at org.springframework.transaction.interceptor.TransactionInterceptor$1.proceedWithInvocation(TransactionInterceptor.java:123)
	at org.springframework.transaction.interceptor.TransactionAspectSupport.invokeWithinTransaction(TransactionAspectSupport.java:388)
	at org.springframework.transaction.interceptor.TransactionInterceptor.invoke(TransactionInterceptor.java:119)
	at org.springframework.aop.framework.ReflectiveMethodInvocation.proceed(ReflectiveMethodInvocation.java:186)
	at org.springframework.aop.framework.JdkDynamicAopProxy.invoke(JdkDynamicAopProxy.java:215)
	at com.sun.proxy.$Proxy84.update(Unknown Source)
	at fr.insalyon.creatis.vip.application.server.business.ApplicationBusiness.update(ApplicationBusiness.java:216)
	at fr.insalyon.creatis.vip.application.server.business.ApplicationBusiness$$FastClassBySpringCGLIB$$1009cf96.invoke(<generated>)
	at org.springframework.cglib.proxy.MethodProxy.invoke(MethodProxy.java:218)
	at org.springframework.aop.framework.CglibAopProxy$CglibMethodInvocation.invokeJoinpoint(CglibAopProxy.java:783)
	at org.springframework.aop.framework.ReflectiveMethodInvocation.proceed(ReflectiveMethodInvocation.java:163)
	at org.springframework.aop.framework.CglibAopProxy$CglibMethodInvocation.proceed(CglibAopProxy.java:753)
	at org.springframework.transaction.interceptor.TransactionInterceptor$1.proceedWithInvocation(TransactionInterceptor.java:123)
	at org.springframework.transaction.interceptor.TransactionAspectSupport.invokeWithinTransaction(TransactionAspectSupport.java:388)
	at org.springframework.transaction.interceptor.TransactionInterceptor.invoke(TransactionInterceptor.java:119)
	at org.springframework.aop.framework.ReflectiveMethodInvocation.proceed(ReflectiveMethodInvocation.java:186)
	at org.springframework.aop.framework.CglibAopProxy$CglibMethodInvocation.proceed(CglibAopProxy.java:753)
	at org.springframework.aop.framework.CglibAopProxy$DynamicAdvisedInterceptor.intercept(CglibAopProxy.java:698)
	at fr.insalyon.creatis.vip.application.server.business.ApplicationBusiness$$EnhancerBySpringCGLIB$$8fa3e70d.update(<generated>)
	at fr.insalyon.creatis.vip.application.integrationtest.ApplicationIT.lambda$testCatchUpdateNonExistentApplication$0(ApplicationIT.java:108)
	at org.junit.jupiter.api.AssertThrows.assertThrows(AssertThrows.java:55)
	at org.junit.jupiter.api.AssertThrows.assertThrows(AssertThrows.java:37)
	at org.junit.jupiter.api.Assertions.assertThrows(Assertions.java:2952)
	at fr.insalyon.creatis.vip.application.integrationtest.ApplicationIT.testCatchUpdateNonExistentApplication(ApplicationIT.java:106)
	at java.base/jdk.internal.reflect.NativeMethodAccessorImpl.invoke0(Native Method)
	at java.base/jdk.internal.reflect.NativeMethodAccessorImpl.invoke(NativeMethodAccessorImpl.java:62)
	at java.base/jdk.internal.reflect.DelegatingMethodAccessorImpl.invoke(DelegatingMethodAccessorImpl.java:43)
	at java.base/java.lang.reflect.Method.invoke(Method.java:566)
	at org.junit.platform.commons.util.ReflectionUtils.invokeMethod(ReflectionUtils.java:686)
	at org.junit.jupiter.engine.execution.MethodInvocation.proceed(MethodInvocation.java:60)
	at org.junit.jupiter.engine.execution.InvocationInterceptorChain$ValidatingInvocation.proceed(InvocationInterceptorChain.java:131)
	at org.junit.jupiter.engine.extension.TimeoutExtension.intercept(TimeoutExtension.java:149)
	at org.junit.jupiter.engine.extension.TimeoutExtension.interceptTestableMethod(TimeoutExtension.java:140)
	at org.junit.jupiter.engine.extension.TimeoutExtension.interceptTestMethod(TimeoutExtension.java:84)
	at org.junit.jupiter.engine.execution.ExecutableInvoker$ReflectiveInterceptorCall.lambda$ofVoidMethod$0(ExecutableInvoker.java:115)
	at org.junit.jupiter.engine.execution.ExecutableInvoker.lambda$invoke$0(ExecutableInvoker.java:105)
	at org.junit.jupiter.engine.execution.InvocationInterceptorChain$InterceptedInvocation.proceed(InvocationInterceptorChain.java:106)
	at org.junit.jupiter.engine.execution.InvocationInterceptorChain.proceed(InvocationInterceptorChain.java:64)
	at org.junit.jupiter.engine.execution.InvocationInterceptorChain.chainAndInvoke(InvocationInterceptorChain.java:45)
	at org.junit.jupiter.engine.execution.InvocationInterceptorChain.invoke(InvocationInterceptorChain.java:37)
	at org.junit.jupiter.engine.execution.ExecutableInvoker.invoke(ExecutableInvoker.java:104)
	at org.junit.jupiter.engine.execution.ExecutableInvoker.invoke(ExecutableInvoker.java:98)
	at org.junit.jupiter.engine.descriptor.TestMethodTestDescriptor.lambda$invokeTestMethod$6(TestMethodTestDescriptor.java:212)
	at org.junit.platform.engine.support.hierarchical.ThrowableCollector.execute(ThrowableCollector.java:73)
	at org.junit.jupiter.engine.descriptor.TestMethodTestDescriptor.invokeTestMethod(TestMethodTestDescriptor.java:208)
	at org.junit.jupiter.engine.descriptor.TestMethodTestDescriptor.execute(TestMethodTestDescriptor.java:137)
	at org.junit.jupiter.engine.descriptor.TestMethodTestDescriptor.execute(TestMethodTestDescriptor.java:71)
	at org.junit.platform.engine.support.hierarchical.NodeTestTask.lambda$executeRecursively$5(NodeTestTask.java:135)
	at org.junit.platform.engine.support.hierarchical.ThrowableCollector.execute(ThrowableCollector.java:73)
	at org.junit.platform.engine.support.hierarchical.NodeTestTask.lambda$executeRecursively$7(NodeTestTask.java:125)
	at org.junit.platform.engine.support.hierarchical.Node.around(Node.java:135)
	at org.junit.platform.engine.support.hierarchical.NodeTestTask.lambda$executeRecursively$8(NodeTestTask.java:123)
	at org.junit.platform.engine.support.hierarchical.ThrowableCollector.execute(ThrowableCollector.java:73)
	at org.junit.platform.engine.support.hierarchical.NodeTestTask.executeRecursively(NodeTestTask.java:122)
	at org.junit.platform.engine.support.hierarchical.NodeTestTask.execute(NodeTestTask.java:80)
	at java.base/java.util.ArrayList.forEach(ArrayList.java:1541)
	at org.junit.platform.engine.support.hierarchical.SameThreadHierarchicalTestExecutorService.invokeAll(SameThreadHierarchicalTestExecutorService.java:38)
	at org.junit.platform.engine.support.hierarchical.NodeTestTask.lambda$executeRecursively$5(NodeTestTask.java:139)
	at org.junit.platform.engine.support.hierarchical.ThrowableCollector.execute(ThrowableCollector.java:73)
	at org.junit.platform.engine.support.hierarchical.NodeTestTask.lambda$executeRecursively$7(NodeTestTask.java:125)
	at org.junit.platform.engine.support.hierarchical.Node.around(Node.java:135)
	at org.junit.platform.engine.support.hierarchical.NodeTestTask.lambda$executeRecursively$8(NodeTestTask.java:123)
	at org.junit.platform.engine.support.hierarchical.ThrowableCollector.execute(ThrowableCollector.java:73)
	at org.junit.platform.engine.support.hierarchical.NodeTestTask.executeRecursively(NodeTestTask.java:122)
	at org.junit.platform.engine.support.hierarchical.NodeTestTask.execute(NodeTestTask.java:80)
	at java.base/java.util.ArrayList.forEach(ArrayList.java:1541)
	at org.junit.platform.engine.support.hierarchical.SameThreadHierarchicalTestExecutorService.invokeAll(SameThreadHierarchicalTestExecutorService.java:38)
	at org.junit.platform.engine.support.hierarchical.NodeTestTask.lambda$executeRecursively$5(NodeTestTask.java:139)
	at org.junit.platform.engine.support.hierarchical.ThrowableCollector.execute(ThrowableCollector.java:73)
	at org.junit.platform.engine.support.hierarchical.NodeTestTask.lambda$executeRecursively$7(NodeTestTask.java:125)
	at org.junit.platform.engine.support.hierarchical.Node.around(Node.java:135)
	at org.junit.platform.engine.support.hierarchical.NodeTestTask.lambda$executeRecursively$8(NodeTestTask.java:123)
	at org.junit.platform.engine.support.hierarchical.ThrowableCollector.execute(ThrowableCollector.java:73)
	at org.junit.platform.engine.support.hierarchical.NodeTestTask.executeRecursively(NodeTestTask.java:122)
	at org.junit.platform.engine.support.hierarchical.NodeTestTask.execute(NodeTestTask.java:80)
	at org.junit.platform.engine.support.hierarchical.SameThreadHierarchicalTestExecutorService.submit(SameThreadHierarchicalTestExecutorService.java:32)
	at org.junit.platform.engine.support.hierarchical.HierarchicalTestExecutor.execute(HierarchicalTestExecutor.java:57)
	at org.junit.platform.engine.support.hierarchical.HierarchicalTestEngine.execute(HierarchicalTestEngine.java:51)
	at org.junit.platform.launcher.core.DefaultLauncher.execute(DefaultLauncher.java:248)
	at org.junit.platform.launcher.core.DefaultLauncher.lambda$execute$5(DefaultLauncher.java:211)
	at org.junit.platform.launcher.core.DefaultLauncher.withInterceptedStreams(DefaultLauncher.java:226)
	at org.junit.platform.launcher.core.DefaultLauncher.execute(DefaultLauncher.java:199)
	at org.junit.platform.launcher.core.DefaultLauncher.execute(DefaultLauncher.java:132)
	at org.apache.maven.surefire.junitplatform.LazyLauncher.execute(LazyLauncher.java:55)
	at org.apache.maven.surefire.junitplatform.JUnitPlatformProvider.execute(JUnitPlatformProvider.java:223)
	at org.apache.maven.surefire.junitplatform.JUnitPlatformProvider.invokeAllTests(JUnitPlatformProvider.java:175)
	at org.apache.maven.surefire.junitplatform.JUnitPlatformProvider.invoke(JUnitPlatformProvider.java:139)
	at org.apache.maven.surefire.booter.ForkedBooter.runSuitesInProcess(ForkedBooter.java:456)
	at org.apache.maven.surefire.booter.ForkedBooter.execute(ForkedBooter.java:169)
	at org.apache.maven.surefire.booter.ForkedBooter.run(ForkedBooter.java:595)
	at org.apache.maven.surefire.booter.ForkedBooter.main(ForkedBooter.java:581)
18:00:59.850 [main] DEBUG org.springframework.test.context.cache.DefaultCacheAwareContextLoaderDelegate - Retrieved ApplicationContext [1811846172] from cache with key [[MergedContextConfiguration@441784e5 testClass = ApplicationIT, locations = '{}', classes = '{class fr.insalyon.creatis.vip.core.server.SpringCoreConfig}', contextInitializerClasses = '[]', activeProfiles = '{test-db, test}', propertySourceLocations = '{}', propertySourceProperties = '{db.tableEngine=}', contextCustomizers = set[[empty]], contextLoader = 'org.springframework.test.context.support.DelegatingSmartContextLoader', parent = [null]]]
18:00:59.850 [main] DEBUG org.springframework.test.context.cache - Spring test ApplicationContext cache statistics: [DefaultContextCache@25fab989 size = 1, maxSize = 32, parentContextCount = 0, hitCount = 93, missCount = 13]
18:00:59.851 [main] DEBUG org.springframework.test.context.cache.DefaultCacheAwareContextLoaderDelegate - Retrieved ApplicationContext [1811846172] from cache with key [[MergedContextConfiguration@441784e5 testClass = ApplicationIT, locations = '{}', classes = '{class fr.insalyon.creatis.vip.core.server.SpringCoreConfig}', contextInitializerClasses = '[]', activeProfiles = '{test-db, test}', propertySourceLocations = '{}', propertySourceProperties = '{db.tableEngine=}', contextCustomizers = set[[empty]], contextLoader = 'org.springframework.test.context.support.DelegatingSmartContextLoader', parent = [null]]]
18:00:59.851 [main] DEBUG org.springframework.test.context.cache - Spring test ApplicationContext cache statistics: [DefaultContextCache@25fab989 size = 1, maxSize = 32, parentContextCount = 0, hitCount = 94, missCount = 13]
18:00:59.851 [main] DEBUG org.springframework.jdbc.datasource.DataSourceTransactionManager - Initiating transaction rollback
18:00:59.851 [main] DEBUG org.springframework.jdbc.datasource.DataSourceTransactionManager - Rolling back JDBC transaction on Connection [conn114: url=jdbc:h2:mem:c60e0b3f-5ca4-462a-9a51-320229e94584 user=SA]
18:00:59.851 [main] DEBUG org.springframework.jdbc.datasource.DataSourceTransactionManager - Releasing JDBC Connection [conn114: url=jdbc:h2:mem:c60e0b3f-5ca4-462a-9a51-320229e94584 user=SA] after transaction
18:00:59.851 [main] INFO org.springframework.test.context.transaction.TransactionContext - Rolled back transaction for test: [DefaultTestContext@ddc74e1 testClass = ApplicationIT, testInstance = fr.insalyon.creatis.vip.application.integrationtest.ApplicationIT@3d926711, testMethod = testCatchUpdateNonExistentApplication@ApplicationIT, testException = [null], mergedContextConfiguration = [MergedContextConfiguration@441784e5 testClass = ApplicationIT, locations = '{}', classes = '{class fr.insalyon.creatis.vip.core.server.SpringCoreConfig}', contextInitializerClasses = '[]', activeProfiles = '{test-db, test}', propertySourceLocations = '{}', propertySourceProperties = '{db.tableEngine=}', contextCustomizers = set[[empty]], contextLoader = 'org.springframework.test.context.support.DelegatingSmartContextLoader', parent = [null]], attributes = map['org.springframework.test.context.event.ApplicationEventsTestExecutionListener.recordApplicationEvents' -> false]]
18:00:59.851 [main] DEBUG org.springframework.test.context.support.AbstractDirtiesContextTestExecutionListener - After test method: context [DefaultTestContext@ddc74e1 testClass = ApplicationIT, testInstance = fr.insalyon.creatis.vip.application.integrationtest.ApplicationIT@3d926711, testMethod = testCatchUpdateNonExistentApplication@ApplicationIT, testException = [null], mergedContextConfiguration = [MergedContextConfiguration@441784e5 testClass = ApplicationIT, locations = '{}', classes = '{class fr.insalyon.creatis.vip.core.server.SpringCoreConfig}', contextInitializerClasses = '[]', activeProfiles = '{test-db, test}', propertySourceLocations = '{}', propertySourceProperties = '{db.tableEngine=}', contextCustomizers = set[[empty]], contextLoader = 'org.springframework.test.context.support.DelegatingSmartContextLoader', parent = [null]], attributes = map['org.springframework.test.context.event.ApplicationEventsTestExecutionListener.recordApplicationEvents' -> false]], class annotated with @DirtiesContext [false] with mode [null], method annotated with @DirtiesContext [false] with mode [null].
]]></system-out>
  </testcase>
  <testcase name="testGetApplications" classname="fr.insalyon.creatis.vip.application.integrationtest.ApplicationIT" time="0.028">
    <system-out><![CDATA[18:00:59.852 [main] DEBUG org.springframework.test.context.support.DependencyInjectionTestExecutionListener - Performing dependency injection for test context [[DefaultTestContext@ddc74e1 testClass = ApplicationIT, testInstance = fr.insalyon.creatis.vip.application.integrationtest.ApplicationIT@1951ed81, testMethod = [null], testException = [null], mergedContextConfiguration = [MergedContextConfiguration@441784e5 testClass = ApplicationIT, locations = '{}', classes = '{class fr.insalyon.creatis.vip.core.server.SpringCoreConfig}', contextInitializerClasses = '[]', activeProfiles = '{test-db, test}', propertySourceLocations = '{}', propertySourceProperties = '{db.tableEngine=}', contextCustomizers = set[[empty]], contextLoader = 'org.springframework.test.context.support.DelegatingSmartContextLoader', parent = [null]], attributes = map['org.springframework.test.context.event.ApplicationEventsTestExecutionListener.recordApplicationEvents' -> false]]].
18:00:59.852 [main] DEBUG org.springframework.test.context.cache.DefaultCacheAwareContextLoaderDelegate - Retrieved ApplicationContext [1811846172] from cache with key [[MergedContextConfiguration@441784e5 testClass = ApplicationIT, locations = '{}', classes = '{class fr.insalyon.creatis.vip.core.server.SpringCoreConfig}', contextInitializerClasses = '[]', activeProfiles = '{test-db, test}', propertySourceLocations = '{}', propertySourceProperties = '{db.tableEngine=}', contextCustomizers = set[[empty]], contextLoader = 'org.springframework.test.context.support.DelegatingSmartContextLoader', parent = [null]]]
18:00:59.852 [main] DEBUG org.springframework.test.context.cache - Spring test ApplicationContext cache statistics: [DefaultContextCache@25fab989 size = 1, maxSize = 32, parentContextCount = 0, hitCount = 95, missCount = 13]
18:00:59.853 [main] DEBUG org.springframework.test.context.cache.DefaultCacheAwareContextLoaderDelegate - Retrieved ApplicationContext [1811846172] from cache with key [[MergedContextConfiguration@441784e5 testClass = ApplicationIT, locations = '{}', classes = '{class fr.insalyon.creatis.vip.core.server.SpringCoreConfig}', contextInitializerClasses = '[]', activeProfiles = '{test-db, test}', propertySourceLocations = '{}', propertySourceProperties = '{db.tableEngine=}', contextCustomizers = set[[empty]], contextLoader = 'org.springframework.test.context.support.DelegatingSmartContextLoader', parent = [null]]]
18:00:59.853 [main] DEBUG org.springframework.test.context.cache - Spring test ApplicationContext cache statistics: [DefaultContextCache@25fab989 size = 1, maxSize = 32, parentContextCount = 0, hitCount = 96, missCount = 13]
18:00:59.855 [main] DEBUG org.springframework.test.context.support.AbstractDirtiesContextTestExecutionListener - Before test method: context [DefaultTestContext@ddc74e1 testClass = ApplicationIT, testInstance = fr.insalyon.creatis.vip.application.integrationtest.ApplicationIT@1951ed81, testMethod = testGetApplications@ApplicationIT, testException = [null], mergedContextConfiguration = [MergedContextConfiguration@441784e5 testClass = ApplicationIT, locations = '{}', classes = '{class fr.insalyon.creatis.vip.core.server.SpringCoreConfig}', contextInitializerClasses = '[]', activeProfiles = '{test-db, test}', propertySourceLocations = '{}', propertySourceProperties = '{db.tableEngine=}', contextCustomizers = set[[empty]], contextLoader = 'org.springframework.test.context.support.DelegatingSmartContextLoader', parent = [null]], attributes = map['org.springframework.test.context.event.ApplicationEventsTestExecutionListener.recordApplicationEvents' -> false]], class annotated with @DirtiesContext [false] with mode [null], method annotated with @DirtiesContext [false] with mode [null].
18:00:59.855 [main] DEBUG org.springframework.test.context.transaction.TransactionalTestExecutionListener - Explicit transaction definition [PROPAGATION_REQUIRED,ISOLATION_DEFAULT] found for test context [DefaultTestContext@ddc74e1 testClass = ApplicationIT, testInstance = fr.insalyon.creatis.vip.application.integrationtest.ApplicationIT@1951ed81, testMethod = testGetApplications@ApplicationIT, testException = [null], mergedContextConfiguration = [MergedContextConfiguration@441784e5 testClass = ApplicationIT, locations = '{}', classes = '{class fr.insalyon.creatis.vip.core.server.SpringCoreConfig}', contextInitializerClasses = '[]', activeProfiles = '{test-db, test}', propertySourceLocations = '{}', propertySourceProperties = '{db.tableEngine=}', contextCustomizers = set[[empty]], contextLoader = 'org.springframework.test.context.support.DelegatingSmartContextLoader', parent = [null]], attributes = map['org.springframework.test.context.event.ApplicationEventsTestExecutionListener.recordApplicationEvents' -> false]]
18:00:59.855 [main] DEBUG org.springframework.test.context.cache.DefaultCacheAwareContextLoaderDelegate - Retrieved ApplicationContext [1811846172] from cache with key [[MergedContextConfiguration@441784e5 testClass = ApplicationIT, locations = '{}', classes = '{class fr.insalyon.creatis.vip.core.server.SpringCoreConfig}', contextInitializerClasses = '[]', activeProfiles = '{test-db, test}', propertySourceLocations = '{}', propertySourceProperties = '{db.tableEngine=}', contextCustomizers = set[[empty]], contextLoader = 'org.springframework.test.context.support.DelegatingSmartContextLoader', parent = [null]]]
18:00:59.855 [main] DEBUG org.springframework.test.context.cache - Spring test ApplicationContext cache statistics: [DefaultContextCache@25fab989 size = 1, maxSize = 32, parentContextCount = 0, hitCount = 97, missCount = 13]
18:00:59.856 [main] DEBUG org.springframework.test.context.transaction.TransactionalTestExecutionListener - No method-level @Rollback override: using default rollback [true] for test context [DefaultTestContext@ddc74e1 testClass = ApplicationIT, testInstance = fr.insalyon.creatis.vip.application.integrationtest.ApplicationIT@1951ed81, testMethod = testGetApplications@ApplicationIT, testException = [null], mergedContextConfiguration = [MergedContextConfiguration@441784e5 testClass = ApplicationIT, locations = '{}', classes = '{class fr.insalyon.creatis.vip.core.server.SpringCoreConfig}', contextInitializerClasses = '[]', activeProfiles = '{test-db, test}', propertySourceLocations = '{}', propertySourceProperties = '{db.tableEngine=}', contextCustomizers = set[[empty]], contextLoader = 'org.springframework.test.context.support.DelegatingSmartContextLoader', parent = [null]], attributes = map['org.springframework.test.context.event.ApplicationEventsTestExecutionListener.recordApplicationEvents' -> false]].
18:00:59.856 [main] DEBUG org.springframework.jdbc.datasource.DataSourceTransactionManager - Creating new transaction with name [fr.insalyon.creatis.vip.application.integrationtest.ApplicationIT.testGetApplications]: PROPAGATION_REQUIRED,ISOLATION_DEFAULT
18:00:59.856 [main] DEBUG org.springframework.jdbc.datasource.DataSourceTransactionManager - Acquired Connection [Lazy Connection proxy for target DataSource [org.springframework.jdbc.datasource.embedded.EmbeddedDatabaseFactory$EmbeddedDataSourceProxy@513bf248]] for JDBC transaction
18:00:59.856 [main] DEBUG org.springframework.jdbc.datasource.DataSourceTransactionManager - Switching JDBC Connection [Lazy Connection proxy for target DataSource [org.springframework.jdbc.datasource.embedded.EmbeddedDatabaseFactory$EmbeddedDataSourceProxy@513bf248]] to manual commit
18:00:59.856 [main] INFO org.springframework.test.context.transaction.TransactionContext - Began transaction (1) for test context [DefaultTestContext@ddc74e1 testClass = ApplicationIT, testInstance = fr.insalyon.creatis.vip.application.integrationtest.ApplicationIT@1951ed81, testMethod = testGetApplications@ApplicationIT, testException = [null], mergedContextConfiguration = [MergedContextConfiguration@441784e5 testClass = ApplicationIT, locations = '{}', classes = '{class fr.insalyon.creatis.vip.core.server.SpringCoreConfig}', contextInitializerClasses = '[]', activeProfiles = '{test-db, test}', propertySourceLocations = '{}', propertySourceProperties = '{db.tableEngine=}', contextCustomizers = set[[empty]], contextLoader = 'org.springframework.test.context.support.DelegatingSmartContextLoader', parent = [null]], attributes = map['org.springframework.test.context.event.ApplicationEventsTestExecutionListener.recordApplicationEvents' -> false]]; transaction manager [org.springframework.jdbc.datasource.DataSourceTransactionManager@461df0fe]; rollback [true]
18:00:59.857 [main] DEBUG org.springframework.test.context.cache.DefaultCacheAwareContextLoaderDelegate - Retrieved ApplicationContext [1811846172] from cache with key [[MergedContextConfiguration@441784e5 testClass = ApplicationIT, locations = '{}', classes = '{class fr.insalyon.creatis.vip.core.server.SpringCoreConfig}', contextInitializerClasses = '[]', activeProfiles = '{test-db, test}', propertySourceLocations = '{}', propertySourceProperties = '{db.tableEngine=}', contextCustomizers = set[[empty]], contextLoader = 'org.springframework.test.context.support.DelegatingSmartContextLoader', parent = [null]]]
18:00:59.857 [main] DEBUG org.springframework.test.context.cache - Spring test ApplicationContext cache statistics: [DefaultContextCache@25fab989 size = 1, maxSize = 32, parentContextCount = 0, hitCount = 98, missCount = 13]
18:00:59.860 [main] DEBUG org.springframework.jdbc.datasource.DataSourceTransactionManager - Participating in existing transaction
18:00:59.860 [main] DEBUG org.springframework.jdbc.datasource.DataSourceTransactionManager - Participating in existing transaction
18:00:59.860 [main] DEBUG org.springframework.jdbc.datasource.SimpleDriverDataSource - Creating new JDBC Driver Connection to [jdbc:h2:mem:c60e0b3f-5ca4-462a-9a51-320229e94584;DB_CLOSE_DELAY=-1;DB_CLOSE_ON_EXIT=false]
18:00:59.864 [main] DEBUG org.springframework.jdbc.datasource.DataSourceTransactionManager - Participating in existing transaction
18:00:59.864 [main] DEBUG org.springframework.jdbc.datasource.DataSourceTransactionManager - Participating in existing transaction
18:00:59.865 [main] DEBUG org.springframework.jdbc.datasource.DataSourceTransactionManager - Participating in existing transaction
User = test1@test.fr
18:00:59.865 [main] INFO fr.insalyon.creatis.vip.core.server.business.ConfigurationBusiness - verifying test1@test.fr. List of undesired mail domains: . 
18:00:59.865 [main] INFO fr.insalyon.creatis.vip.core.server.business.ConfigurationBusiness - Signing up . List of undesired countries: .
18:00:59.866 [main] DEBUG org.springframework.jdbc.datasource.DataSourceTransactionManager - Participating in existing transaction
18:00:59.867 [main] DEBUG org.springframework.jdbc.datasource.DataSourceTransactionManager - Participating in existing transaction
18:00:59.868 [main] INFO fr.insalyon.creatis.vip.core.server.business.ConfigurationBusiness - Sending confirmation email to 'test1@test.fr'.
18:00:59.868 [main] DEBUG org.springframework.jdbc.datasource.DataSourceTransactionManager - Participating in existing transaction
18:00:59.869 [main] DEBUG org.springframework.jdbc.datasource.DataSourceTransactionManager - Participating in existing transaction
18:00:59.869 [main] DEBUG org.springframework.jdbc.datasource.DataSourceTransactionManager - Participating in existing transaction
18:00:59.869 [main] DEBUG org.springframework.jdbc.datasource.DataSourceTransactionManager - Participating in existing transaction
User = test2@test.fr
18:00:59.870 [main] INFO fr.insalyon.creatis.vip.core.server.business.ConfigurationBusiness - verifying test2@test.fr. List of undesired mail domains: . 
18:00:59.870 [main] INFO fr.insalyon.creatis.vip.core.server.business.ConfigurationBusiness - Signing up . List of undesired countries: .
18:00:59.871 [main] DEBUG org.springframework.jdbc.datasource.DataSourceTransactionManager - Participating in existing transaction
18:00:59.872 [main] DEBUG org.springframework.jdbc.datasource.DataSourceTransactionManager - Participating in existing transaction
18:00:59.872 [main] INFO fr.insalyon.creatis.vip.core.server.business.ConfigurationBusiness - Sending confirmation email to 'test2@test.fr'.
18:00:59.872 [main] DEBUG org.springframework.jdbc.datasource.DataSourceTransactionManager - Participating in existing transaction
18:00:59.873 [main] DEBUG org.springframework.jdbc.datasource.DataSourceTransactionManager - Participating in existing transaction
18:00:59.873 [main] DEBUG org.springframework.jdbc.datasource.DataSourceTransactionManager - Participating in existing transaction
18:00:59.873 [main] DEBUG org.springframework.jdbc.datasource.DataSourceTransactionManager - Participating in existing transaction
18:00:59.873 [main] DEBUG org.springframework.jdbc.datasource.DataSourceTransactionManager - Participating in existing transaction
18:00:59.874 [main] DEBUG org.springframework.jdbc.datasource.DataSourceTransactionManager - Participating in existing transaction
18:00:59.874 [main] DEBUG org.springframework.jdbc.datasource.DataSourceTransactionManager - Participating in existing transaction
18:00:59.874 [main] DEBUG org.springframework.jdbc.datasource.DataSourceTransactionManager - Participating in existing transaction
18:00:59.874 [main] DEBUG org.springframework.jdbc.datasource.DataSourceTransactionManager - Participating in existing transaction
18:00:59.874 [main] DEBUG org.springframework.test.context.cache.DefaultCacheAwareContextLoaderDelegate - Retrieved ApplicationContext [1811846172] from cache with key [[MergedContextConfiguration@441784e5 testClass = ApplicationIT, locations = '{}', classes = '{class fr.insalyon.creatis.vip.core.server.SpringCoreConfig}', contextInitializerClasses = '[]', activeProfiles = '{test-db, test}', propertySourceLocations = '{}', propertySourceProperties = '{db.tableEngine=}', contextCustomizers = set[[empty]], contextLoader = 'org.springframework.test.context.support.DelegatingSmartContextLoader', parent = [null]]]
18:00:59.874 [main] DEBUG org.springframework.test.context.cache - Spring test ApplicationContext cache statistics: [DefaultContextCache@25fab989 size = 1, maxSize = 32, parentContextCount = 0, hitCount = 99, missCount = 13]
18:00:59.875 [main] DEBUG org.springframework.jdbc.datasource.DataSourceTransactionManager - Participating in existing transaction
18:00:59.875 [main] DEBUG org.springframework.jdbc.datasource.DataSourceTransactionManager - Participating in existing transaction
18:00:59.878 [main] DEBUG org.springframework.test.context.cache.DefaultCacheAwareContextLoaderDelegate - Retrieved ApplicationContext [1811846172] from cache with key [[MergedContextConfiguration@441784e5 testClass = ApplicationIT, locations = '{}', classes = '{class fr.insalyon.creatis.vip.core.server.SpringCoreConfig}', contextInitializerClasses = '[]', activeProfiles = '{test-db, test}', propertySourceLocations = '{}', propertySourceProperties = '{db.tableEngine=}', contextCustomizers = set[[empty]], contextLoader = 'org.springframework.test.context.support.DelegatingSmartContextLoader', parent = [null]]]
18:00:59.879 [main] DEBUG org.springframework.test.context.cache - Spring test ApplicationContext cache statistics: [DefaultContextCache@25fab989 size = 1, maxSize = 32, parentContextCount = 0, hitCount = 100, missCount = 13]
18:00:59.879 [main] DEBUG org.springframework.test.context.cache.DefaultCacheAwareContextLoaderDelegate - Retrieved ApplicationContext [1811846172] from cache with key [[MergedContextConfiguration@441784e5 testClass = ApplicationIT, locations = '{}', classes = '{class fr.insalyon.creatis.vip.core.server.SpringCoreConfig}', contextInitializerClasses = '[]', activeProfiles = '{test-db, test}', propertySourceLocations = '{}', propertySourceProperties = '{db.tableEngine=}', contextCustomizers = set[[empty]], contextLoader = 'org.springframework.test.context.support.DelegatingSmartContextLoader', parent = [null]]]
18:00:59.879 [main] DEBUG org.springframework.test.context.cache - Spring test ApplicationContext cache statistics: [DefaultContextCache@25fab989 size = 1, maxSize = 32, parentContextCount = 0, hitCount = 101, missCount = 13]
18:00:59.879 [main] DEBUG org.springframework.jdbc.datasource.DataSourceTransactionManager - Initiating transaction rollback
18:00:59.879 [main] DEBUG org.springframework.jdbc.datasource.DataSourceTransactionManager - Rolling back JDBC transaction on Connection [conn115: url=jdbc:h2:mem:c60e0b3f-5ca4-462a-9a51-320229e94584 user=SA]
18:00:59.880 [main] DEBUG org.springframework.jdbc.datasource.DataSourceTransactionManager - Releasing JDBC Connection [conn115: url=jdbc:h2:mem:c60e0b3f-5ca4-462a-9a51-320229e94584 user=SA] after transaction
18:00:59.880 [main] INFO org.springframework.test.context.transaction.TransactionContext - Rolled back transaction for test: [DefaultTestContext@ddc74e1 testClass = ApplicationIT, testInstance = fr.insalyon.creatis.vip.application.integrationtest.ApplicationIT@1951ed81, testMethod = testGetApplications@ApplicationIT, testException = [null], mergedContextConfiguration = [MergedContextConfiguration@441784e5 testClass = ApplicationIT, locations = '{}', classes = '{class fr.insalyon.creatis.vip.core.server.SpringCoreConfig}', contextInitializerClasses = '[]', activeProfiles = '{test-db, test}', propertySourceLocations = '{}', propertySourceProperties = '{db.tableEngine=}', contextCustomizers = set[[empty]], contextLoader = 'org.springframework.test.context.support.DelegatingSmartContextLoader', parent = [null]], attributes = map['org.springframework.test.context.event.ApplicationEventsTestExecutionListener.recordApplicationEvents' -> false]]
18:00:59.880 [main] DEBUG org.springframework.test.context.support.AbstractDirtiesContextTestExecutionListener - After test method: context [DefaultTestContext@ddc74e1 testClass = ApplicationIT, testInstance = fr.insalyon.creatis.vip.application.integrationtest.ApplicationIT@1951ed81, testMethod = testGetApplications@ApplicationIT, testException = [null], mergedContextConfiguration = [MergedContextConfiguration@441784e5 testClass = ApplicationIT, locations = '{}', classes = '{class fr.insalyon.creatis.vip.core.server.SpringCoreConfig}', contextInitializerClasses = '[]', activeProfiles = '{test-db, test}', propertySourceLocations = '{}', propertySourceProperties = '{db.tableEngine=}', contextCustomizers = set[[empty]], contextLoader = 'org.springframework.test.context.support.DelegatingSmartContextLoader', parent = [null]], attributes = map['org.springframework.test.context.event.ApplicationEventsTestExecutionListener.recordApplicationEvents' -> false]], class annotated with @DirtiesContext [false] with mode [null], method annotated with @DirtiesContext [false] with mode [null].
]]></system-out>
  </testcase>
  <testcase name="testUpdateApplication" classname="fr.insalyon.creatis.vip.application.integrationtest.ApplicationIT" time="0.019">
    <system-out><![CDATA[18:00:59.882 [main] DEBUG org.springframework.test.context.support.DependencyInjectionTestExecutionListener - Performing dependency injection for test context [[DefaultTestContext@ddc74e1 testClass = ApplicationIT, testInstance = fr.insalyon.creatis.vip.application.integrationtest.ApplicationIT@33d96e70, testMethod = [null], testException = [null], mergedContextConfiguration = [MergedContextConfiguration@441784e5 testClass = ApplicationIT, locations = '{}', classes = '{class fr.insalyon.creatis.vip.core.server.SpringCoreConfig}', contextInitializerClasses = '[]', activeProfiles = '{test-db, test}', propertySourceLocations = '{}', propertySourceProperties = '{db.tableEngine=}', contextCustomizers = set[[empty]], contextLoader = 'org.springframework.test.context.support.DelegatingSmartContextLoader', parent = [null]], attributes = map['org.springframework.test.context.event.ApplicationEventsTestExecutionListener.recordApplicationEvents' -> false]]].
18:00:59.882 [main] DEBUG org.springframework.test.context.cache.DefaultCacheAwareContextLoaderDelegate - Retrieved ApplicationContext [1811846172] from cache with key [[MergedContextConfiguration@441784e5 testClass = ApplicationIT, locations = '{}', classes = '{class fr.insalyon.creatis.vip.core.server.SpringCoreConfig}', contextInitializerClasses = '[]', activeProfiles = '{test-db, test}', propertySourceLocations = '{}', propertySourceProperties = '{db.tableEngine=}', contextCustomizers = set[[empty]], contextLoader = 'org.springframework.test.context.support.DelegatingSmartContextLoader', parent = [null]]]
18:00:59.882 [main] DEBUG org.springframework.test.context.cache - Spring test ApplicationContext cache statistics: [DefaultContextCache@25fab989 size = 1, maxSize = 32, parentContextCount = 0, hitCount = 102, missCount = 13]
18:00:59.882 [main] DEBUG org.springframework.test.context.cache.DefaultCacheAwareContextLoaderDelegate - Retrieved ApplicationContext [1811846172] from cache with key [[MergedContextConfiguration@441784e5 testClass = ApplicationIT, locations = '{}', classes = '{class fr.insalyon.creatis.vip.core.server.SpringCoreConfig}', contextInitializerClasses = '[]', activeProfiles = '{test-db, test}', propertySourceLocations = '{}', propertySourceProperties = '{db.tableEngine=}', contextCustomizers = set[[empty]], contextLoader = 'org.springframework.test.context.support.DelegatingSmartContextLoader', parent = [null]]]
18:00:59.882 [main] DEBUG org.springframework.test.context.cache - Spring test ApplicationContext cache statistics: [DefaultContextCache@25fab989 size = 1, maxSize = 32, parentContextCount = 0, hitCount = 103, missCount = 13]
18:00:59.884 [main] DEBUG org.springframework.test.context.support.AbstractDirtiesContextTestExecutionListener - Before test method: context [DefaultTestContext@ddc74e1 testClass = ApplicationIT, testInstance = fr.insalyon.creatis.vip.application.integrationtest.ApplicationIT@33d96e70, testMethod = testUpdateApplication@ApplicationIT, testException = [null], mergedContextConfiguration = [MergedContextConfiguration@441784e5 testClass = ApplicationIT, locations = '{}', classes = '{class fr.insalyon.creatis.vip.core.server.SpringCoreConfig}', contextInitializerClasses = '[]', activeProfiles = '{test-db, test}', propertySourceLocations = '{}', propertySourceProperties = '{db.tableEngine=}', contextCustomizers = set[[empty]], contextLoader = 'org.springframework.test.context.support.DelegatingSmartContextLoader', parent = [null]], attributes = map['org.springframework.test.context.event.ApplicationEventsTestExecutionListener.recordApplicationEvents' -> false]], class annotated with @DirtiesContext [false] with mode [null], method annotated with @DirtiesContext [false] with mode [null].
18:00:59.884 [main] DEBUG org.springframework.test.context.transaction.TransactionalTestExecutionListener - Explicit transaction definition [PROPAGATION_REQUIRED,ISOLATION_DEFAULT] found for test context [DefaultTestContext@ddc74e1 testClass = ApplicationIT, testInstance = fr.insalyon.creatis.vip.application.integrationtest.ApplicationIT@33d96e70, testMethod = testUpdateApplication@ApplicationIT, testException = [null], mergedContextConfiguration = [MergedContextConfiguration@441784e5 testClass = ApplicationIT, locations = '{}', classes = '{class fr.insalyon.creatis.vip.core.server.SpringCoreConfig}', contextInitializerClasses = '[]', activeProfiles = '{test-db, test}', propertySourceLocations = '{}', propertySourceProperties = '{db.tableEngine=}', contextCustomizers = set[[empty]], contextLoader = 'org.springframework.test.context.support.DelegatingSmartContextLoader', parent = [null]], attributes = map['org.springframework.test.context.event.ApplicationEventsTestExecutionListener.recordApplicationEvents' -> false]]
18:00:59.884 [main] DEBUG org.springframework.test.context.cache.DefaultCacheAwareContextLoaderDelegate - Retrieved ApplicationContext [1811846172] from cache with key [[MergedContextConfiguration@441784e5 testClass = ApplicationIT, locations = '{}', classes = '{class fr.insalyon.creatis.vip.core.server.SpringCoreConfig}', contextInitializerClasses = '[]', activeProfiles = '{test-db, test}', propertySourceLocations = '{}', propertySourceProperties = '{db.tableEngine=}', contextCustomizers = set[[empty]], contextLoader = 'org.springframework.test.context.support.DelegatingSmartContextLoader', parent = [null]]]
18:00:59.884 [main] DEBUG org.springframework.test.context.cache - Spring test ApplicationContext cache statistics: [DefaultContextCache@25fab989 size = 1, maxSize = 32, parentContextCount = 0, hitCount = 104, missCount = 13]
18:00:59.884 [main] DEBUG org.springframework.test.context.transaction.TransactionalTestExecutionListener - No method-level @Rollback override: using default rollback [true] for test context [DefaultTestContext@ddc74e1 testClass = ApplicationIT, testInstance = fr.insalyon.creatis.vip.application.integrationtest.ApplicationIT@33d96e70, testMethod = testUpdateApplication@ApplicationIT, testException = [null], mergedContextConfiguration = [MergedContextConfiguration@441784e5 testClass = ApplicationIT, locations = '{}', classes = '{class fr.insalyon.creatis.vip.core.server.SpringCoreConfig}', contextInitializerClasses = '[]', activeProfiles = '{test-db, test}', propertySourceLocations = '{}', propertySourceProperties = '{db.tableEngine=}', contextCustomizers = set[[empty]], contextLoader = 'org.springframework.test.context.support.DelegatingSmartContextLoader', parent = [null]], attributes = map['org.springframework.test.context.event.ApplicationEventsTestExecutionListener.recordApplicationEvents' -> false]].
18:00:59.885 [main] DEBUG org.springframework.jdbc.datasource.DataSourceTransactionManager - Creating new transaction with name [fr.insalyon.creatis.vip.application.integrationtest.ApplicationIT.testUpdateApplication]: PROPAGATION_REQUIRED,ISOLATION_DEFAULT
18:00:59.885 [main] DEBUG org.springframework.jdbc.datasource.DataSourceTransactionManager - Acquired Connection [Lazy Connection proxy for target DataSource [org.springframework.jdbc.datasource.embedded.EmbeddedDatabaseFactory$EmbeddedDataSourceProxy@513bf248]] for JDBC transaction
18:00:59.885 [main] DEBUG org.springframework.jdbc.datasource.DataSourceTransactionManager - Switching JDBC Connection [Lazy Connection proxy for target DataSource [org.springframework.jdbc.datasource.embedded.EmbeddedDatabaseFactory$EmbeddedDataSourceProxy@513bf248]] to manual commit
18:00:59.886 [main] INFO org.springframework.test.context.transaction.TransactionContext - Began transaction (1) for test context [DefaultTestContext@ddc74e1 testClass = ApplicationIT, testInstance = fr.insalyon.creatis.vip.application.integrationtest.ApplicationIT@33d96e70, testMethod = testUpdateApplication@ApplicationIT, testException = [null], mergedContextConfiguration = [MergedContextConfiguration@441784e5 testClass = ApplicationIT, locations = '{}', classes = '{class fr.insalyon.creatis.vip.core.server.SpringCoreConfig}', contextInitializerClasses = '[]', activeProfiles = '{test-db, test}', propertySourceLocations = '{}', propertySourceProperties = '{db.tableEngine=}', contextCustomizers = set[[empty]], contextLoader = 'org.springframework.test.context.support.DelegatingSmartContextLoader', parent = [null]], attributes = map['org.springframework.test.context.event.ApplicationEventsTestExecutionListener.recordApplicationEvents' -> false]]; transaction manager [org.springframework.jdbc.datasource.DataSourceTransactionManager@461df0fe]; rollback [true]
18:00:59.886 [main] DEBUG org.springframework.test.context.cache.DefaultCacheAwareContextLoaderDelegate - Retrieved ApplicationContext [1811846172] from cache with key [[MergedContextConfiguration@441784e5 testClass = ApplicationIT, locations = '{}', classes = '{class fr.insalyon.creatis.vip.core.server.SpringCoreConfig}', contextInitializerClasses = '[]', activeProfiles = '{test-db, test}', propertySourceLocations = '{}', propertySourceProperties = '{db.tableEngine=}', contextCustomizers = set[[empty]], contextLoader = 'org.springframework.test.context.support.DelegatingSmartContextLoader', parent = [null]]]
18:00:59.886 [main] DEBUG org.springframework.test.context.cache - Spring test ApplicationContext cache statistics: [DefaultContextCache@25fab989 size = 1, maxSize = 32, parentContextCount = 0, hitCount = 105, missCount = 13]
18:00:59.888 [main] DEBUG org.springframework.jdbc.datasource.DataSourceTransactionManager - Participating in existing transaction
18:00:59.888 [main] DEBUG org.springframework.jdbc.datasource.DataSourceTransactionManager - Participating in existing transaction
18:00:59.888 [main] DEBUG org.springframework.jdbc.datasource.SimpleDriverDataSource - Creating new JDBC Driver Connection to [jdbc:h2:mem:c60e0b3f-5ca4-462a-9a51-320229e94584;DB_CLOSE_DELAY=-1;DB_CLOSE_ON_EXIT=false]
18:00:59.889 [main] DEBUG org.springframework.jdbc.datasource.DataSourceTransactionManager - Participating in existing transaction
18:00:59.889 [main] DEBUG org.springframework.jdbc.datasource.DataSourceTransactionManager - Participating in existing transaction
18:00:59.893 [main] DEBUG org.springframework.jdbc.datasource.DataSourceTransactionManager - Participating in existing transaction
User = test1@test.fr
18:00:59.893 [main] INFO fr.insalyon.creatis.vip.core.server.business.ConfigurationBusiness - verifying test1@test.fr. List of undesired mail domains: . 
18:00:59.893 [main] INFO fr.insalyon.creatis.vip.core.server.business.ConfigurationBusiness - Signing up . List of undesired countries: .
18:00:59.894 [main] DEBUG org.springframework.jdbc.datasource.DataSourceTransactionManager - Participating in existing transaction
18:00:59.897 [main] DEBUG org.springframework.jdbc.datasource.DataSourceTransactionManager - Participating in existing transaction
18:00:59.897 [main] INFO fr.insalyon.creatis.vip.core.server.business.ConfigurationBusiness - Sending confirmation email to 'test1@test.fr'.
18:00:59.897 [main] DEBUG org.springframework.jdbc.datasource.DataSourceTransactionManager - Participating in existing transaction
18:00:59.898 [main] DEBUG org.springframework.jdbc.datasource.DataSourceTransactionManager - Participating in existing transaction
18:00:59.898 [main] DEBUG org.springframework.jdbc.datasource.DataSourceTransactionManager - Participating in existing transaction
18:00:59.898 [main] DEBUG org.springframework.jdbc.datasource.DataSourceTransactionManager - Participating in existing transaction
User = test2@test.fr
18:00:59.898 [main] INFO fr.insalyon.creatis.vip.core.server.business.ConfigurationBusiness - verifying test2@test.fr. List of undesired mail domains: . 
18:00:59.898 [main] INFO fr.insalyon.creatis.vip.core.server.business.ConfigurationBusiness - Signing up . List of undesired countries: .
18:00:59.899 [main] DEBUG org.springframework.jdbc.datasource.DataSourceTransactionManager - Participating in existing transaction
18:00:59.899 [main] DEBUG org.springframework.jdbc.datasource.DataSourceTransactionManager - Participating in existing transaction
18:00:59.899 [main] INFO fr.insalyon.creatis.vip.core.server.business.ConfigurationBusiness - Sending confirmation email to 'test2@test.fr'.
18:00:59.899 [main] DEBUG org.springframework.jdbc.datasource.DataSourceTransactionManager - Participating in existing transaction
18:00:59.900 [main] DEBUG org.springframework.jdbc.datasource.DataSourceTransactionManager - Participating in existing transaction
18:00:59.900 [main] DEBUG org.springframework.jdbc.datasource.DataSourceTransactionManager - Participating in existing transaction
18:00:59.900 [main] DEBUG org.springframework.jdbc.datasource.DataSourceTransactionManager - Participating in existing transaction
18:00:59.900 [main] DEBUG org.springframework.jdbc.datasource.DataSourceTransactionManager - Participating in existing transaction
18:00:59.900 [main] DEBUG org.springframework.jdbc.datasource.DataSourceTransactionManager - Participating in existing transaction
18:00:59.900 [main] DEBUG org.springframework.jdbc.datasource.DataSourceTransactionManager - Participating in existing transaction
18:00:59.900 [main] DEBUG org.springframework.jdbc.datasource.DataSourceTransactionManager - Participating in existing transaction
18:00:59.900 [main] DEBUG org.springframework.jdbc.datasource.DataSourceTransactionManager - Participating in existing transaction
18:00:59.900 [main] DEBUG org.springframework.test.context.cache.DefaultCacheAwareContextLoaderDelegate - Retrieved ApplicationContext [1811846172] from cache with key [[MergedContextConfiguration@441784e5 testClass = ApplicationIT, locations = '{}', classes = '{class fr.insalyon.creatis.vip.core.server.SpringCoreConfig}', contextInitializerClasses = '[]', activeProfiles = '{test-db, test}', propertySourceLocations = '{}', propertySourceProperties = '{db.tableEngine=}', contextCustomizers = set[[empty]], contextLoader = 'org.springframework.test.context.support.DelegatingSmartContextLoader', parent = [null]]]
18:00:59.900 [main] DEBUG org.springframework.test.context.cache - Spring test ApplicationContext cache statistics: [DefaultContextCache@25fab989 size = 1, maxSize = 32, parentContextCount = 0, hitCount = 106, missCount = 13]
18:00:59.901 [main] DEBUG org.springframework.jdbc.datasource.DataSourceTransactionManager - Participating in existing transaction
18:00:59.901 [main] DEBUG org.springframework.jdbc.datasource.DataSourceTransactionManager - Participating in existing transaction
18:00:59.901 [main] DEBUG org.springframework.jdbc.datasource.DataSourceTransactionManager - Participating in existing transaction
18:00:59.901 [main] DEBUG org.springframework.jdbc.datasource.DataSourceTransactionManager - Participating in existing transaction
18:00:59.902 [main] DEBUG org.springframework.test.context.cache.DefaultCacheAwareContextLoaderDelegate - Retrieved ApplicationContext [1811846172] from cache with key [[MergedContextConfiguration@441784e5 testClass = ApplicationIT, locations = '{}', classes = '{class fr.insalyon.creatis.vip.core.server.SpringCoreConfig}', contextInitializerClasses = '[]', activeProfiles = '{test-db, test}', propertySourceLocations = '{}', propertySourceProperties = '{db.tableEngine=}', contextCustomizers = set[[empty]], contextLoader = 'org.springframework.test.context.support.DelegatingSmartContextLoader', parent = [null]]]
18:00:59.902 [main] DEBUG org.springframework.test.context.cache - Spring test ApplicationContext cache statistics: [DefaultContextCache@25fab989 size = 1, maxSize = 32, parentContextCount = 0, hitCount = 107, missCount = 13]
18:00:59.902 [main] DEBUG org.springframework.test.context.cache.DefaultCacheAwareContextLoaderDelegate - Retrieved ApplicationContext [1811846172] from cache with key [[MergedContextConfiguration@441784e5 testClass = ApplicationIT, locations = '{}', classes = '{class fr.insalyon.creatis.vip.core.server.SpringCoreConfig}', contextInitializerClasses = '[]', activeProfiles = '{test-db, test}', propertySourceLocations = '{}', propertySourceProperties = '{db.tableEngine=}', contextCustomizers = set[[empty]], contextLoader = 'org.springframework.test.context.support.DelegatingSmartContextLoader', parent = [null]]]
18:00:59.902 [main] DEBUG org.springframework.test.context.cache - Spring test ApplicationContext cache statistics: [DefaultContextCache@25fab989 size = 1, maxSize = 32, parentContextCount = 0, hitCount = 108, missCount = 13]
18:00:59.902 [main] DEBUG org.springframework.jdbc.datasource.DataSourceTransactionManager - Initiating transaction rollback
18:00:59.902 [main] DEBUG org.springframework.jdbc.datasource.DataSourceTransactionManager - Rolling back JDBC transaction on Connection [conn116: url=jdbc:h2:mem:c60e0b3f-5ca4-462a-9a51-320229e94584 user=SA]
18:00:59.902 [main] DEBUG org.springframework.jdbc.datasource.DataSourceTransactionManager - Releasing JDBC Connection [conn116: url=jdbc:h2:mem:c60e0b3f-5ca4-462a-9a51-320229e94584 user=SA] after transaction
18:00:59.902 [main] INFO org.springframework.test.context.transaction.TransactionContext - Rolled back transaction for test: [DefaultTestContext@ddc74e1 testClass = ApplicationIT, testInstance = fr.insalyon.creatis.vip.application.integrationtest.ApplicationIT@33d96e70, testMethod = testUpdateApplication@ApplicationIT, testException = [null], mergedContextConfiguration = [MergedContextConfiguration@441784e5 testClass = ApplicationIT, locations = '{}', classes = '{class fr.insalyon.creatis.vip.core.server.SpringCoreConfig}', contextInitializerClasses = '[]', activeProfiles = '{test-db, test}', propertySourceLocations = '{}', propertySourceProperties = '{db.tableEngine=}', contextCustomizers = set[[empty]], contextLoader = 'org.springframework.test.context.support.DelegatingSmartContextLoader', parent = [null]], attributes = map['org.springframework.test.context.event.ApplicationEventsTestExecutionListener.recordApplicationEvents' -> false]]
18:00:59.902 [main] DEBUG org.springframework.test.context.support.AbstractDirtiesContextTestExecutionListener - After test method: context [DefaultTestContext@ddc74e1 testClass = ApplicationIT, testInstance = fr.insalyon.creatis.vip.application.integrationtest.ApplicationIT@33d96e70, testMethod = testUpdateApplication@ApplicationIT, testException = [null], mergedContextConfiguration = [MergedContextConfiguration@441784e5 testClass = ApplicationIT, locations = '{}', classes = '{class fr.insalyon.creatis.vip.core.server.SpringCoreConfig}', contextInitializerClasses = '[]', activeProfiles = '{test-db, test}', propertySourceLocations = '{}', propertySourceProperties = '{db.tableEngine=}', contextCustomizers = set[[empty]], contextLoader = 'org.springframework.test.context.support.DelegatingSmartContextLoader', parent = [null]], attributes = map['org.springframework.test.context.event.ApplicationEventsTestExecutionListener.recordApplicationEvents' -> false]], class annotated with @DirtiesContext [false] with mode [null], method annotated with @DirtiesContext [false] with mode [null].
]]></system-out>
  </testcase>
  <testcase name="testUpdateVersionApplication" classname="fr.insalyon.creatis.vip.application.integrationtest.ApplicationIT" time="0.026">
    <system-out><![CDATA[18:00:59.905 [main] DEBUG org.springframework.test.context.support.DependencyInjectionTestExecutionListener - Performing dependency injection for test context [[DefaultTestContext@ddc74e1 testClass = ApplicationIT, testInstance = fr.insalyon.creatis.vip.application.integrationtest.ApplicationIT@2ddd07fc, testMethod = [null], testException = [null], mergedContextConfiguration = [MergedContextConfiguration@441784e5 testClass = ApplicationIT, locations = '{}', classes = '{class fr.insalyon.creatis.vip.core.server.SpringCoreConfig}', contextInitializerClasses = '[]', activeProfiles = '{test-db, test}', propertySourceLocations = '{}', propertySourceProperties = '{db.tableEngine=}', contextCustomizers = set[[empty]], contextLoader = 'org.springframework.test.context.support.DelegatingSmartContextLoader', parent = [null]], attributes = map['org.springframework.test.context.event.ApplicationEventsTestExecutionListener.recordApplicationEvents' -> false]]].
18:00:59.905 [main] DEBUG org.springframework.test.context.cache.DefaultCacheAwareContextLoaderDelegate - Retrieved ApplicationContext [1811846172] from cache with key [[MergedContextConfiguration@441784e5 testClass = ApplicationIT, locations = '{}', classes = '{class fr.insalyon.creatis.vip.core.server.SpringCoreConfig}', contextInitializerClasses = '[]', activeProfiles = '{test-db, test}', propertySourceLocations = '{}', propertySourceProperties = '{db.tableEngine=}', contextCustomizers = set[[empty]], contextLoader = 'org.springframework.test.context.support.DelegatingSmartContextLoader', parent = [null]]]
18:00:59.905 [main] DEBUG org.springframework.test.context.cache - Spring test ApplicationContext cache statistics: [DefaultContextCache@25fab989 size = 1, maxSize = 32, parentContextCount = 0, hitCount = 109, missCount = 13]
18:00:59.906 [main] DEBUG org.springframework.test.context.cache.DefaultCacheAwareContextLoaderDelegate - Retrieved ApplicationContext [1811846172] from cache with key [[MergedContextConfiguration@441784e5 testClass = ApplicationIT, locations = '{}', classes = '{class fr.insalyon.creatis.vip.core.server.SpringCoreConfig}', contextInitializerClasses = '[]', activeProfiles = '{test-db, test}', propertySourceLocations = '{}', propertySourceProperties = '{db.tableEngine=}', contextCustomizers = set[[empty]], contextLoader = 'org.springframework.test.context.support.DelegatingSmartContextLoader', parent = [null]]]
18:00:59.906 [main] DEBUG org.springframework.test.context.cache - Spring test ApplicationContext cache statistics: [DefaultContextCache@25fab989 size = 1, maxSize = 32, parentContextCount = 0, hitCount = 110, missCount = 13]
18:00:59.907 [main] DEBUG org.springframework.test.context.support.AbstractDirtiesContextTestExecutionListener - Before test method: context [DefaultTestContext@ddc74e1 testClass = ApplicationIT, testInstance = fr.insalyon.creatis.vip.application.integrationtest.ApplicationIT@2ddd07fc, testMethod = testUpdateVersionApplication@ApplicationIT, testException = [null], mergedContextConfiguration = [MergedContextConfiguration@441784e5 testClass = ApplicationIT, locations = '{}', classes = '{class fr.insalyon.creatis.vip.core.server.SpringCoreConfig}', contextInitializerClasses = '[]', activeProfiles = '{test-db, test}', propertySourceLocations = '{}', propertySourceProperties = '{db.tableEngine=}', contextCustomizers = set[[empty]], contextLoader = 'org.springframework.test.context.support.DelegatingSmartContextLoader', parent = [null]], attributes = map['org.springframework.test.context.event.ApplicationEventsTestExecutionListener.recordApplicationEvents' -> false]], class annotated with @DirtiesContext [false] with mode [null], method annotated with @DirtiesContext [false] with mode [null].
18:00:59.908 [main] DEBUG org.springframework.test.context.transaction.TransactionalTestExecutionListener - Explicit transaction definition [PROPAGATION_REQUIRED,ISOLATION_DEFAULT] found for test context [DefaultTestContext@ddc74e1 testClass = ApplicationIT, testInstance = fr.insalyon.creatis.vip.application.integrationtest.ApplicationIT@2ddd07fc, testMethod = testUpdateVersionApplication@ApplicationIT, testException = [null], mergedContextConfiguration = [MergedContextConfiguration@441784e5 testClass = ApplicationIT, locations = '{}', classes = '{class fr.insalyon.creatis.vip.core.server.SpringCoreConfig}', contextInitializerClasses = '[]', activeProfiles = '{test-db, test}', propertySourceLocations = '{}', propertySourceProperties = '{db.tableEngine=}', contextCustomizers = set[[empty]], contextLoader = 'org.springframework.test.context.support.DelegatingSmartContextLoader', parent = [null]], attributes = map['org.springframework.test.context.event.ApplicationEventsTestExecutionListener.recordApplicationEvents' -> false]]
18:00:59.908 [main] DEBUG org.springframework.test.context.cache.DefaultCacheAwareContextLoaderDelegate - Retrieved ApplicationContext [1811846172] from cache with key [[MergedContextConfiguration@441784e5 testClass = ApplicationIT, locations = '{}', classes = '{class fr.insalyon.creatis.vip.core.server.SpringCoreConfig}', contextInitializerClasses = '[]', activeProfiles = '{test-db, test}', propertySourceLocations = '{}', propertySourceProperties = '{db.tableEngine=}', contextCustomizers = set[[empty]], contextLoader = 'org.springframework.test.context.support.DelegatingSmartContextLoader', parent = [null]]]
18:00:59.908 [main] DEBUG org.springframework.test.context.cache - Spring test ApplicationContext cache statistics: [DefaultContextCache@25fab989 size = 1, maxSize = 32, parentContextCount = 0, hitCount = 111, missCount = 13]
18:00:59.908 [main] DEBUG org.springframework.test.context.transaction.TransactionalTestExecutionListener - No method-level @Rollback override: using default rollback [true] for test context [DefaultTestContext@ddc74e1 testClass = ApplicationIT, testInstance = fr.insalyon.creatis.vip.application.integrationtest.ApplicationIT@2ddd07fc, testMethod = testUpdateVersionApplication@ApplicationIT, testException = [null], mergedContextConfiguration = [MergedContextConfiguration@441784e5 testClass = ApplicationIT, locations = '{}', classes = '{class fr.insalyon.creatis.vip.core.server.SpringCoreConfig}', contextInitializerClasses = '[]', activeProfiles = '{test-db, test}', propertySourceLocations = '{}', propertySourceProperties = '{db.tableEngine=}', contextCustomizers = set[[empty]], contextLoader = 'org.springframework.test.context.support.DelegatingSmartContextLoader', parent = [null]], attributes = map['org.springframework.test.context.event.ApplicationEventsTestExecutionListener.recordApplicationEvents' -> false]].
18:00:59.908 [main] DEBUG org.springframework.jdbc.datasource.DataSourceTransactionManager - Creating new transaction with name [fr.insalyon.creatis.vip.application.integrationtest.ApplicationIT.testUpdateVersionApplication]: PROPAGATION_REQUIRED,ISOLATION_DEFAULT
18:00:59.908 [main] DEBUG org.springframework.jdbc.datasource.DataSourceTransactionManager - Acquired Connection [Lazy Connection proxy for target DataSource [org.springframework.jdbc.datasource.embedded.EmbeddedDatabaseFactory$EmbeddedDataSourceProxy@513bf248]] for JDBC transaction
18:00:59.908 [main] DEBUG org.springframework.jdbc.datasource.DataSourceTransactionManager - Switching JDBC Connection [Lazy Connection proxy for target DataSource [org.springframework.jdbc.datasource.embedded.EmbeddedDatabaseFactory$EmbeddedDataSourceProxy@513bf248]] to manual commit
18:00:59.909 [main] INFO org.springframework.test.context.transaction.TransactionContext - Began transaction (1) for test context [DefaultTestContext@ddc74e1 testClass = ApplicationIT, testInstance = fr.insalyon.creatis.vip.application.integrationtest.ApplicationIT@2ddd07fc, testMethod = testUpdateVersionApplication@ApplicationIT, testException = [null], mergedContextConfiguration = [MergedContextConfiguration@441784e5 testClass = ApplicationIT, locations = '{}', classes = '{class fr.insalyon.creatis.vip.core.server.SpringCoreConfig}', contextInitializerClasses = '[]', activeProfiles = '{test-db, test}', propertySourceLocations = '{}', propertySourceProperties = '{db.tableEngine=}', contextCustomizers = set[[empty]], contextLoader = 'org.springframework.test.context.support.DelegatingSmartContextLoader', parent = [null]], attributes = map['org.springframework.test.context.event.ApplicationEventsTestExecutionListener.recordApplicationEvents' -> false]]; transaction manager [org.springframework.jdbc.datasource.DataSourceTransactionManager@461df0fe]; rollback [true]
18:00:59.912 [main] DEBUG org.springframework.test.context.cache.DefaultCacheAwareContextLoaderDelegate - Retrieved ApplicationContext [1811846172] from cache with key [[MergedContextConfiguration@441784e5 testClass = ApplicationIT, locations = '{}', classes = '{class fr.insalyon.creatis.vip.core.server.SpringCoreConfig}', contextInitializerClasses = '[]', activeProfiles = '{test-db, test}', propertySourceLocations = '{}', propertySourceProperties = '{db.tableEngine=}', contextCustomizers = set[[empty]], contextLoader = 'org.springframework.test.context.support.DelegatingSmartContextLoader', parent = [null]]]
18:00:59.912 [main] DEBUG org.springframework.test.context.cache - Spring test ApplicationContext cache statistics: [DefaultContextCache@25fab989 size = 1, maxSize = 32, parentContextCount = 0, hitCount = 112, missCount = 13]
18:00:59.913 [main] DEBUG org.springframework.jdbc.datasource.DataSourceTransactionManager - Participating in existing transaction
18:00:59.913 [main] DEBUG org.springframework.jdbc.datasource.DataSourceTransactionManager - Participating in existing transaction
18:00:59.913 [main] DEBUG org.springframework.jdbc.datasource.SimpleDriverDataSource - Creating new JDBC Driver Connection to [jdbc:h2:mem:c60e0b3f-5ca4-462a-9a51-320229e94584;DB_CLOSE_DELAY=-1;DB_CLOSE_ON_EXIT=false]
18:00:59.914 [main] DEBUG org.springframework.jdbc.datasource.DataSourceTransactionManager - Participating in existing transaction
18:00:59.914 [main] DEBUG org.springframework.jdbc.datasource.DataSourceTransactionManager - Participating in existing transaction
18:00:59.914 [main] DEBUG org.springframework.jdbc.datasource.DataSourceTransactionManager - Participating in existing transaction
User = test1@test.fr
18:00:59.914 [main] INFO fr.insalyon.creatis.vip.core.server.business.ConfigurationBusiness - verifying test1@test.fr. List of undesired mail domains: . 
18:00:59.914 [main] INFO fr.insalyon.creatis.vip.core.server.business.ConfigurationBusiness - Signing up . List of undesired countries: .
18:00:59.915 [main] DEBUG org.springframework.jdbc.datasource.DataSourceTransactionManager - Participating in existing transaction
18:00:59.915 [main] DEBUG org.springframework.jdbc.datasource.DataSourceTransactionManager - Participating in existing transaction
18:00:59.916 [main] INFO fr.insalyon.creatis.vip.core.server.business.ConfigurationBusiness - Sending confirmation email to 'test1@test.fr'.
18:00:59.916 [main] DEBUG org.springframework.jdbc.datasource.DataSourceTransactionManager - Participating in existing transaction
18:00:59.917 [main] DEBUG org.springframework.jdbc.datasource.DataSourceTransactionManager - Participating in existing transaction
18:00:59.917 [main] DEBUG org.springframework.jdbc.datasource.DataSourceTransactionManager - Participating in existing transaction
18:00:59.919 [main] DEBUG org.springframework.jdbc.datasource.DataSourceTransactionManager - Participating in existing transaction
User = test2@test.fr
18:00:59.920 [main] INFO fr.insalyon.creatis.vip.core.server.business.ConfigurationBusiness - verifying test2@test.fr. List of undesired mail domains: . 
18:00:59.920 [main] INFO fr.insalyon.creatis.vip.core.server.business.ConfigurationBusiness - Signing up . List of undesired countries: .
18:00:59.921 [main] DEBUG org.springframework.jdbc.datasource.DataSourceTransactionManager - Participating in existing transaction
18:00:59.921 [main] DEBUG org.springframework.jdbc.datasource.DataSourceTransactionManager - Participating in existing transaction
18:00:59.922 [main] INFO fr.insalyon.creatis.vip.core.server.business.ConfigurationBusiness - Sending confirmation email to 'test2@test.fr'.
18:00:59.922 [main] DEBUG org.springframework.jdbc.datasource.DataSourceTransactionManager - Participating in existing transaction
18:00:59.923 [main] DEBUG org.springframework.jdbc.datasource.DataSourceTransactionManager - Participating in existing transaction
18:00:59.925 [main] DEBUG org.springframework.jdbc.datasource.DataSourceTransactionManager - Participating in existing transaction
18:00:59.925 [main] DEBUG org.springframework.jdbc.datasource.DataSourceTransactionManager - Participating in existing transaction
18:00:59.925 [main] DEBUG org.springframework.jdbc.datasource.DataSourceTransactionManager - Participating in existing transaction
18:00:59.926 [main] DEBUG org.springframework.jdbc.datasource.DataSourceTransactionManager - Participating in existing transaction
18:00:59.926 [main] DEBUG org.springframework.jdbc.datasource.DataSourceTransactionManager - Participating in existing transaction
18:00:59.926 [main] DEBUG org.springframework.jdbc.datasource.DataSourceTransactionManager - Participating in existing transaction
18:00:59.928 [main] DEBUG org.springframework.jdbc.datasource.DataSourceTransactionManager - Participating in existing transaction
18:00:59.928 [main] DEBUG org.springframework.test.context.cache.DefaultCacheAwareContextLoaderDelegate - Retrieved ApplicationContext [1811846172] from cache with key [[MergedContextConfiguration@441784e5 testClass = ApplicationIT, locations = '{}', classes = '{class fr.insalyon.creatis.vip.core.server.SpringCoreConfig}', contextInitializerClasses = '[]', activeProfiles = '{test-db, test}', propertySourceLocations = '{}', propertySourceProperties = '{db.tableEngine=}', contextCustomizers = set[[empty]], contextLoader = 'org.springframework.test.context.support.DelegatingSmartContextLoader', parent = [null]]]
18:00:59.928 [main] DEBUG org.springframework.test.context.cache - Spring test ApplicationContext cache statistics: [DefaultContextCache@25fab989 size = 1, maxSize = 32, parentContextCount = 0, hitCount = 113, missCount = 13]
18:00:59.928 [main] DEBUG org.springframework.jdbc.datasource.DataSourceTransactionManager - Participating in existing transaction
18:00:59.928 [main] DEBUG org.springframework.jdbc.datasource.DataSourceTransactionManager - Participating in existing transaction
18:00:59.929 [main] DEBUG org.springframework.jdbc.datasource.DataSourceTransactionManager - Participating in existing transaction
18:00:59.929 [main] DEBUG org.springframework.jdbc.datasource.DataSourceTransactionManager - Participating in existing transaction
18:00:59.930 [main] DEBUG org.springframework.test.context.cache.DefaultCacheAwareContextLoaderDelegate - Retrieved ApplicationContext [1811846172] from cache with key [[MergedContextConfiguration@441784e5 testClass = ApplicationIT, locations = '{}', classes = '{class fr.insalyon.creatis.vip.core.server.SpringCoreConfig}', contextInitializerClasses = '[]', activeProfiles = '{test-db, test}', propertySourceLocations = '{}', propertySourceProperties = '{db.tableEngine=}', contextCustomizers = set[[empty]], contextLoader = 'org.springframework.test.context.support.DelegatingSmartContextLoader', parent = [null]]]
18:00:59.930 [main] DEBUG org.springframework.test.context.cache - Spring test ApplicationContext cache statistics: [DefaultContextCache@25fab989 size = 1, maxSize = 32, parentContextCount = 0, hitCount = 114, missCount = 13]
18:00:59.930 [main] DEBUG org.springframework.test.context.cache.DefaultCacheAwareContextLoaderDelegate - Retrieved ApplicationContext [1811846172] from cache with key [[MergedContextConfiguration@441784e5 testClass = ApplicationIT, locations = '{}', classes = '{class fr.insalyon.creatis.vip.core.server.SpringCoreConfig}', contextInitializerClasses = '[]', activeProfiles = '{test-db, test}', propertySourceLocations = '{}', propertySourceProperties = '{db.tableEngine=}', contextCustomizers = set[[empty]], contextLoader = 'org.springframework.test.context.support.DelegatingSmartContextLoader', parent = [null]]]
18:00:59.930 [main] DEBUG org.springframework.test.context.cache - Spring test ApplicationContext cache statistics: [DefaultContextCache@25fab989 size = 1, maxSize = 32, parentContextCount = 0, hitCount = 115, missCount = 13]
18:00:59.930 [main] DEBUG org.springframework.jdbc.datasource.DataSourceTransactionManager - Initiating transaction rollback
18:00:59.930 [main] DEBUG org.springframework.jdbc.datasource.DataSourceTransactionManager - Rolling back JDBC transaction on Connection [conn117: url=jdbc:h2:mem:c60e0b3f-5ca4-462a-9a51-320229e94584 user=SA]
18:00:59.931 [main] DEBUG org.springframework.jdbc.datasource.DataSourceTransactionManager - Releasing JDBC Connection [conn117: url=jdbc:h2:mem:c60e0b3f-5ca4-462a-9a51-320229e94584 user=SA] after transaction
18:00:59.931 [main] INFO org.springframework.test.context.transaction.TransactionContext - Rolled back transaction for test: [DefaultTestContext@ddc74e1 testClass = ApplicationIT, testInstance = fr.insalyon.creatis.vip.application.integrationtest.ApplicationIT@2ddd07fc, testMethod = testUpdateVersionApplication@ApplicationIT, testException = [null], mergedContextConfiguration = [MergedContextConfiguration@441784e5 testClass = ApplicationIT, locations = '{}', classes = '{class fr.insalyon.creatis.vip.core.server.SpringCoreConfig}', contextInitializerClasses = '[]', activeProfiles = '{test-db, test}', propertySourceLocations = '{}', propertySourceProperties = '{db.tableEngine=}', contextCustomizers = set[[empty]], contextLoader = 'org.springframework.test.context.support.DelegatingSmartContextLoader', parent = [null]], attributes = map['org.springframework.test.context.event.ApplicationEventsTestExecutionListener.recordApplicationEvents' -> false]]
18:00:59.931 [main] DEBUG org.springframework.test.context.support.AbstractDirtiesContextTestExecutionListener - After test method: context [DefaultTestContext@ddc74e1 testClass = ApplicationIT, testInstance = fr.insalyon.creatis.vip.application.integrationtest.ApplicationIT@2ddd07fc, testMethod = testUpdateVersionApplication@ApplicationIT, testException = [null], mergedContextConfiguration = [MergedContextConfiguration@441784e5 testClass = ApplicationIT, locations = '{}', classes = '{class fr.insalyon.creatis.vip.core.server.SpringCoreConfig}', contextInitializerClasses = '[]', activeProfiles = '{test-db, test}', propertySourceLocations = '{}', propertySourceProperties = '{db.tableEngine=}', contextCustomizers = set[[empty]], contextLoader = 'org.springframework.test.context.support.DelegatingSmartContextLoader', parent = [null]], attributes = map['org.springframework.test.context.event.ApplicationEventsTestExecutionListener.recordApplicationEvents' -> false]], class annotated with @DirtiesContext [false] with mode [null], method annotated with @DirtiesContext [false] with mode [null].
]]></system-out>
  </testcase>
  <testcase name="testCatchGetApplicationsNonExistentClass" classname="fr.insalyon.creatis.vip.application.integrationtest.ApplicationIT" time="0.022">
    <system-out><![CDATA[18:00:59.933 [main] DEBUG org.springframework.test.context.support.DependencyInjectionTestExecutionListener - Performing dependency injection for test context [[DefaultTestContext@ddc74e1 testClass = ApplicationIT, testInstance = fr.insalyon.creatis.vip.application.integrationtest.ApplicationIT@5407b5b6, testMethod = [null], testException = [null], mergedContextConfiguration = [MergedContextConfiguration@441784e5 testClass = ApplicationIT, locations = '{}', classes = '{class fr.insalyon.creatis.vip.core.server.SpringCoreConfig}', contextInitializerClasses = '[]', activeProfiles = '{test-db, test}', propertySourceLocations = '{}', propertySourceProperties = '{db.tableEngine=}', contextCustomizers = set[[empty]], contextLoader = 'org.springframework.test.context.support.DelegatingSmartContextLoader', parent = [null]], attributes = map['org.springframework.test.context.event.ApplicationEventsTestExecutionListener.recordApplicationEvents' -> false]]].
18:00:59.933 [main] DEBUG org.springframework.test.context.cache.DefaultCacheAwareContextLoaderDelegate - Retrieved ApplicationContext [1811846172] from cache with key [[MergedContextConfiguration@441784e5 testClass = ApplicationIT, locations = '{}', classes = '{class fr.insalyon.creatis.vip.core.server.SpringCoreConfig}', contextInitializerClasses = '[]', activeProfiles = '{test-db, test}', propertySourceLocations = '{}', propertySourceProperties = '{db.tableEngine=}', contextCustomizers = set[[empty]], contextLoader = 'org.springframework.test.context.support.DelegatingSmartContextLoader', parent = [null]]]
18:00:59.933 [main] DEBUG org.springframework.test.context.cache - Spring test ApplicationContext cache statistics: [DefaultContextCache@25fab989 size = 1, maxSize = 32, parentContextCount = 0, hitCount = 116, missCount = 13]
18:00:59.933 [main] DEBUG org.springframework.test.context.cache.DefaultCacheAwareContextLoaderDelegate - Retrieved ApplicationContext [1811846172] from cache with key [[MergedContextConfiguration@441784e5 testClass = ApplicationIT, locations = '{}', classes = '{class fr.insalyon.creatis.vip.core.server.SpringCoreConfig}', contextInitializerClasses = '[]', activeProfiles = '{test-db, test}', propertySourceLocations = '{}', propertySourceProperties = '{db.tableEngine=}', contextCustomizers = set[[empty]], contextLoader = 'org.springframework.test.context.support.DelegatingSmartContextLoader', parent = [null]]]
18:00:59.933 [main] DEBUG org.springframework.test.context.cache - Spring test ApplicationContext cache statistics: [DefaultContextCache@25fab989 size = 1, maxSize = 32, parentContextCount = 0, hitCount = 117, missCount = 13]
18:00:59.934 [main] DEBUG org.springframework.test.context.support.AbstractDirtiesContextTestExecutionListener - Before test method: context [DefaultTestContext@ddc74e1 testClass = ApplicationIT, testInstance = fr.insalyon.creatis.vip.application.integrationtest.ApplicationIT@5407b5b6, testMethod = testCatchGetApplicationsNonExistentClass@ApplicationIT, testException = [null], mergedContextConfiguration = [MergedContextConfiguration@441784e5 testClass = ApplicationIT, locations = '{}', classes = '{class fr.insalyon.creatis.vip.core.server.SpringCoreConfig}', contextInitializerClasses = '[]', activeProfiles = '{test-db, test}', propertySourceLocations = '{}', propertySourceProperties = '{db.tableEngine=}', contextCustomizers = set[[empty]], contextLoader = 'org.springframework.test.context.support.DelegatingSmartContextLoader', parent = [null]], attributes = map['org.springframework.test.context.event.ApplicationEventsTestExecutionListener.recordApplicationEvents' -> false]], class annotated with @DirtiesContext [false] with mode [null], method annotated with @DirtiesContext [false] with mode [null].
18:00:59.934 [main] DEBUG org.springframework.test.context.transaction.TransactionalTestExecutionListener - Explicit transaction definition [PROPAGATION_REQUIRED,ISOLATION_DEFAULT] found for test context [DefaultTestContext@ddc74e1 testClass = ApplicationIT, testInstance = fr.insalyon.creatis.vip.application.integrationtest.ApplicationIT@5407b5b6, testMethod = testCatchGetApplicationsNonExistentClass@ApplicationIT, testException = [null], mergedContextConfiguration = [MergedContextConfiguration@441784e5 testClass = ApplicationIT, locations = '{}', classes = '{class fr.insalyon.creatis.vip.core.server.SpringCoreConfig}', contextInitializerClasses = '[]', activeProfiles = '{test-db, test}', propertySourceLocations = '{}', propertySourceProperties = '{db.tableEngine=}', contextCustomizers = set[[empty]], contextLoader = 'org.springframework.test.context.support.DelegatingSmartContextLoader', parent = [null]], attributes = map['org.springframework.test.context.event.ApplicationEventsTestExecutionListener.recordApplicationEvents' -> false]]
18:00:59.934 [main] DEBUG org.springframework.test.context.cache.DefaultCacheAwareContextLoaderDelegate - Retrieved ApplicationContext [1811846172] from cache with key [[MergedContextConfiguration@441784e5 testClass = ApplicationIT, locations = '{}', classes = '{class fr.insalyon.creatis.vip.core.server.SpringCoreConfig}', contextInitializerClasses = '[]', activeProfiles = '{test-db, test}', propertySourceLocations = '{}', propertySourceProperties = '{db.tableEngine=}', contextCustomizers = set[[empty]], contextLoader = 'org.springframework.test.context.support.DelegatingSmartContextLoader', parent = [null]]]
18:00:59.935 [main] DEBUG org.springframework.test.context.cache - Spring test ApplicationContext cache statistics: [DefaultContextCache@25fab989 size = 1, maxSize = 32, parentContextCount = 0, hitCount = 118, missCount = 13]
18:00:59.935 [main] DEBUG org.springframework.test.context.transaction.TransactionalTestExecutionListener - No method-level @Rollback override: using default rollback [true] for test context [DefaultTestContext@ddc74e1 testClass = ApplicationIT, testInstance = fr.insalyon.creatis.vip.application.integrationtest.ApplicationIT@5407b5b6, testMethod = testCatchGetApplicationsNonExistentClass@ApplicationIT, testException = [null], mergedContextConfiguration = [MergedContextConfiguration@441784e5 testClass = ApplicationIT, locations = '{}', classes = '{class fr.insalyon.creatis.vip.core.server.SpringCoreConfig}', contextInitializerClasses = '[]', activeProfiles = '{test-db, test}', propertySourceLocations = '{}', propertySourceProperties = '{db.tableEngine=}', contextCustomizers = set[[empty]], contextLoader = 'org.springframework.test.context.support.DelegatingSmartContextLoader', parent = [null]], attributes = map['org.springframework.test.context.event.ApplicationEventsTestExecutionListener.recordApplicationEvents' -> false]].
18:00:59.936 [main] DEBUG org.springframework.jdbc.datasource.DataSourceTransactionManager - Creating new transaction with name [fr.insalyon.creatis.vip.application.integrationtest.ApplicationIT.testCatchGetApplicationsNonExistentClass]: PROPAGATION_REQUIRED,ISOLATION_DEFAULT
18:00:59.936 [main] DEBUG org.springframework.jdbc.datasource.DataSourceTransactionManager - Acquired Connection [Lazy Connection proxy for target DataSource [org.springframework.jdbc.datasource.embedded.EmbeddedDatabaseFactory$EmbeddedDataSourceProxy@513bf248]] for JDBC transaction
18:00:59.936 [main] DEBUG org.springframework.jdbc.datasource.DataSourceTransactionManager - Switching JDBC Connection [Lazy Connection proxy for target DataSource [org.springframework.jdbc.datasource.embedded.EmbeddedDatabaseFactory$EmbeddedDataSourceProxy@513bf248]] to manual commit
18:00:59.936 [main] INFO org.springframework.test.context.transaction.TransactionContext - Began transaction (1) for test context [DefaultTestContext@ddc74e1 testClass = ApplicationIT, testInstance = fr.insalyon.creatis.vip.application.integrationtest.ApplicationIT@5407b5b6, testMethod = testCatchGetApplicationsNonExistentClass@ApplicationIT, testException = [null], mergedContextConfiguration = [MergedContextConfiguration@441784e5 testClass = ApplicationIT, locations = '{}', classes = '{class fr.insalyon.creatis.vip.core.server.SpringCoreConfig}', contextInitializerClasses = '[]', activeProfiles = '{test-db, test}', propertySourceLocations = '{}', propertySourceProperties = '{db.tableEngine=}', contextCustomizers = set[[empty]], contextLoader = 'org.springframework.test.context.support.DelegatingSmartContextLoader', parent = [null]], attributes = map['org.springframework.test.context.event.ApplicationEventsTestExecutionListener.recordApplicationEvents' -> false]]; transaction manager [org.springframework.jdbc.datasource.DataSourceTransactionManager@461df0fe]; rollback [true]
18:00:59.936 [main] DEBUG org.springframework.test.context.cache.DefaultCacheAwareContextLoaderDelegate - Retrieved ApplicationContext [1811846172] from cache with key [[MergedContextConfiguration@441784e5 testClass = ApplicationIT, locations = '{}', classes = '{class fr.insalyon.creatis.vip.core.server.SpringCoreConfig}', contextInitializerClasses = '[]', activeProfiles = '{test-db, test}', propertySourceLocations = '{}', propertySourceProperties = '{db.tableEngine=}', contextCustomizers = set[[empty]], contextLoader = 'org.springframework.test.context.support.DelegatingSmartContextLoader', parent = [null]]]
18:00:59.936 [main] DEBUG org.springframework.test.context.cache - Spring test ApplicationContext cache statistics: [DefaultContextCache@25fab989 size = 1, maxSize = 32, parentContextCount = 0, hitCount = 119, missCount = 13]
18:00:59.938 [main] DEBUG org.springframework.jdbc.datasource.DataSourceTransactionManager - Participating in existing transaction
18:00:59.938 [main] DEBUG org.springframework.jdbc.datasource.DataSourceTransactionManager - Participating in existing transaction
18:00:59.938 [main] DEBUG org.springframework.jdbc.datasource.SimpleDriverDataSource - Creating new JDBC Driver Connection to [jdbc:h2:mem:c60e0b3f-5ca4-462a-9a51-320229e94584;DB_CLOSE_DELAY=-1;DB_CLOSE_ON_EXIT=false]
18:00:59.940 [main] DEBUG org.springframework.jdbc.datasource.DataSourceTransactionManager - Participating in existing transaction
18:00:59.940 [main] DEBUG org.springframework.jdbc.datasource.DataSourceTransactionManager - Participating in existing transaction
18:00:59.940 [main] DEBUG org.springframework.jdbc.datasource.DataSourceTransactionManager - Participating in existing transaction
User = test1@test.fr
18:00:59.940 [main] INFO fr.insalyon.creatis.vip.core.server.business.ConfigurationBusiness - verifying test1@test.fr. List of undesired mail domains: . 
18:00:59.940 [main] INFO fr.insalyon.creatis.vip.core.server.business.ConfigurationBusiness - Signing up . List of undesired countries: .
18:00:59.941 [main] DEBUG org.springframework.jdbc.datasource.DataSourceTransactionManager - Participating in existing transaction
18:00:59.944 [main] DEBUG org.springframework.jdbc.datasource.DataSourceTransactionManager - Participating in existing transaction
18:00:59.944 [main] INFO fr.insalyon.creatis.vip.core.server.business.ConfigurationBusiness - Sending confirmation email to 'test1@test.fr'.
18:00:59.945 [main] DEBUG org.springframework.jdbc.datasource.DataSourceTransactionManager - Participating in existing transaction
18:00:59.946 [main] DEBUG org.springframework.jdbc.datasource.DataSourceTransactionManager - Participating in existing transaction
18:00:59.946 [main] DEBUG org.springframework.jdbc.datasource.DataSourceTransactionManager - Participating in existing transaction
18:00:59.947 [main] DEBUG org.springframework.jdbc.datasource.DataSourceTransactionManager - Participating in existing transaction
User = test2@test.fr
18:00:59.947 [main] INFO fr.insalyon.creatis.vip.core.server.business.ConfigurationBusiness - verifying test2@test.fr. List of undesired mail domains: . 
18:00:59.947 [main] INFO fr.insalyon.creatis.vip.core.server.business.ConfigurationBusiness - Signing up . List of undesired countries: .
18:00:59.947 [main] DEBUG org.springframework.jdbc.datasource.DataSourceTransactionManager - Participating in existing transaction
18:00:59.948 [main] DEBUG org.springframework.jdbc.datasource.DataSourceTransactionManager - Participating in existing transaction
18:00:59.949 [main] INFO fr.insalyon.creatis.vip.core.server.business.ConfigurationBusiness - Sending confirmation email to 'test2@test.fr'.
18:00:59.949 [main] DEBUG org.springframework.jdbc.datasource.DataSourceTransactionManager - Participating in existing transaction
18:00:59.950 [main] DEBUG org.springframework.jdbc.datasource.DataSourceTransactionManager - Participating in existing transaction
18:00:59.950 [main] DEBUG org.springframework.jdbc.datasource.DataSourceTransactionManager - Participating in existing transaction
18:00:59.951 [main] DEBUG org.springframework.jdbc.datasource.DataSourceTransactionManager - Participating in existing transaction
18:00:59.951 [main] DEBUG org.springframework.jdbc.datasource.DataSourceTransactionManager - Participating in existing transaction
18:00:59.951 [main] DEBUG org.springframework.jdbc.datasource.DataSourceTransactionManager - Participating in existing transaction
18:00:59.951 [main] DEBUG org.springframework.jdbc.datasource.DataSourceTransactionManager - Participating in existing transaction
18:00:59.952 [main] DEBUG org.springframework.jdbc.datasource.DataSourceTransactionManager - Participating in existing transaction
18:00:59.952 [main] DEBUG org.springframework.jdbc.datasource.DataSourceTransactionManager - Participating in existing transaction
18:00:59.953 [main] DEBUG org.springframework.test.context.cache.DefaultCacheAwareContextLoaderDelegate - Retrieved ApplicationContext [1811846172] from cache with key [[MergedContextConfiguration@441784e5 testClass = ApplicationIT, locations = '{}', classes = '{class fr.insalyon.creatis.vip.core.server.SpringCoreConfig}', contextInitializerClasses = '[]', activeProfiles = '{test-db, test}', propertySourceLocations = '{}', propertySourceProperties = '{db.tableEngine=}', contextCustomizers = set[[empty]], contextLoader = 'org.springframework.test.context.support.DelegatingSmartContextLoader', parent = [null]]]
18:00:59.953 [main] DEBUG org.springframework.test.context.cache - Spring test ApplicationContext cache statistics: [DefaultContextCache@25fab989 size = 1, maxSize = 32, parentContextCount = 0, hitCount = 120, missCount = 13]
18:00:59.953 [main] DEBUG org.springframework.jdbc.datasource.DataSourceTransactionManager - Participating in existing transaction
18:00:59.953 [main] DEBUG org.springframework.jdbc.datasource.DataSourceTransactionManager - Participating in existing transaction
18:00:59.953 [main] DEBUG org.springframework.test.context.cache.DefaultCacheAwareContextLoaderDelegate - Retrieved ApplicationContext [1811846172] from cache with key [[MergedContextConfiguration@441784e5 testClass = ApplicationIT, locations = '{}', classes = '{class fr.insalyon.creatis.vip.core.server.SpringCoreConfig}', contextInitializerClasses = '[]', activeProfiles = '{test-db, test}', propertySourceLocations = '{}', propertySourceProperties = '{db.tableEngine=}', contextCustomizers = set[[empty]], contextLoader = 'org.springframework.test.context.support.DelegatingSmartContextLoader', parent = [null]]]
18:00:59.953 [main] DEBUG org.springframework.test.context.cache - Spring test ApplicationContext cache statistics: [DefaultContextCache@25fab989 size = 1, maxSize = 32, parentContextCount = 0, hitCount = 121, missCount = 13]
18:00:59.953 [main] DEBUG org.springframework.test.context.cache.DefaultCacheAwareContextLoaderDelegate - Retrieved ApplicationContext [1811846172] from cache with key [[MergedContextConfiguration@441784e5 testClass = ApplicationIT, locations = '{}', classes = '{class fr.insalyon.creatis.vip.core.server.SpringCoreConfig}', contextInitializerClasses = '[]', activeProfiles = '{test-db, test}', propertySourceLocations = '{}', propertySourceProperties = '{db.tableEngine=}', contextCustomizers = set[[empty]], contextLoader = 'org.springframework.test.context.support.DelegatingSmartContextLoader', parent = [null]]]
18:00:59.953 [main] DEBUG org.springframework.test.context.cache - Spring test ApplicationContext cache statistics: [DefaultContextCache@25fab989 size = 1, maxSize = 32, parentContextCount = 0, hitCount = 122, missCount = 13]
18:00:59.954 [main] DEBUG org.springframework.jdbc.datasource.DataSourceTransactionManager - Initiating transaction rollback
18:00:59.954 [main] DEBUG org.springframework.jdbc.datasource.DataSourceTransactionManager - Rolling back JDBC transaction on Connection [conn118: url=jdbc:h2:mem:c60e0b3f-5ca4-462a-9a51-320229e94584 user=SA]
18:00:59.954 [main] DEBUG org.springframework.jdbc.datasource.DataSourceTransactionManager - Releasing JDBC Connection [conn118: url=jdbc:h2:mem:c60e0b3f-5ca4-462a-9a51-320229e94584 user=SA] after transaction
18:00:59.954 [main] INFO org.springframework.test.context.transaction.TransactionContext - Rolled back transaction for test: [DefaultTestContext@ddc74e1 testClass = ApplicationIT, testInstance = fr.insalyon.creatis.vip.application.integrationtest.ApplicationIT@5407b5b6, testMethod = testCatchGetApplicationsNonExistentClass@ApplicationIT, testException = [null], mergedContextConfiguration = [MergedContextConfiguration@441784e5 testClass = ApplicationIT, locations = '{}', classes = '{class fr.insalyon.creatis.vip.core.server.SpringCoreConfig}', contextInitializerClasses = '[]', activeProfiles = '{test-db, test}', propertySourceLocations = '{}', propertySourceProperties = '{db.tableEngine=}', contextCustomizers = set[[empty]], contextLoader = 'org.springframework.test.context.support.DelegatingSmartContextLoader', parent = [null]], attributes = map['org.springframework.test.context.event.ApplicationEventsTestExecutionListener.recordApplicationEvents' -> false]]
18:00:59.955 [main] DEBUG org.springframework.test.context.support.AbstractDirtiesContextTestExecutionListener - After test method: context [DefaultTestContext@ddc74e1 testClass = ApplicationIT, testInstance = fr.insalyon.creatis.vip.application.integrationtest.ApplicationIT@5407b5b6, testMethod = testCatchGetApplicationsNonExistentClass@ApplicationIT, testException = [null], mergedContextConfiguration = [MergedContextConfiguration@441784e5 testClass = ApplicationIT, locations = '{}', classes = '{class fr.insalyon.creatis.vip.core.server.SpringCoreConfig}', contextInitializerClasses = '[]', activeProfiles = '{test-db, test}', propertySourceLocations = '{}', propertySourceProperties = '{db.tableEngine=}', contextCustomizers = set[[empty]], contextLoader = 'org.springframework.test.context.support.DelegatingSmartContextLoader', parent = [null]], attributes = map['org.springframework.test.context.event.ApplicationEventsTestExecutionListener.recordApplicationEvents' -> false]], class annotated with @DirtiesContext [false] with mode [null], method annotated with @DirtiesContext [false] with mode [null].
]]></system-out>
  </testcase>
  <testcase name="testCatchGetCitationNonExistentApplication" classname="fr.insalyon.creatis.vip.application.integrationtest.ApplicationIT" time="0.027">
    <system-out><![CDATA[18:00:59.963 [main] DEBUG org.springframework.test.context.support.DependencyInjectionTestExecutionListener - Performing dependency injection for test context [[DefaultTestContext@ddc74e1 testClass = ApplicationIT, testInstance = fr.insalyon.creatis.vip.application.integrationtest.ApplicationIT@3612b9ba, testMethod = [null], testException = [null], mergedContextConfiguration = [MergedContextConfiguration@441784e5 testClass = ApplicationIT, locations = '{}', classes = '{class fr.insalyon.creatis.vip.core.server.SpringCoreConfig}', contextInitializerClasses = '[]', activeProfiles = '{test-db, test}', propertySourceLocations = '{}', propertySourceProperties = '{db.tableEngine=}', contextCustomizers = set[[empty]], contextLoader = 'org.springframework.test.context.support.DelegatingSmartContextLoader', parent = [null]], attributes = map['org.springframework.test.context.event.ApplicationEventsTestExecutionListener.recordApplicationEvents' -> false]]].
18:00:59.963 [main] DEBUG org.springframework.test.context.cache.DefaultCacheAwareContextLoaderDelegate - Retrieved ApplicationContext [1811846172] from cache with key [[MergedContextConfiguration@441784e5 testClass = ApplicationIT, locations = '{}', classes = '{class fr.insalyon.creatis.vip.core.server.SpringCoreConfig}', contextInitializerClasses = '[]', activeProfiles = '{test-db, test}', propertySourceLocations = '{}', propertySourceProperties = '{db.tableEngine=}', contextCustomizers = set[[empty]], contextLoader = 'org.springframework.test.context.support.DelegatingSmartContextLoader', parent = [null]]]
18:00:59.963 [main] DEBUG org.springframework.test.context.cache - Spring test ApplicationContext cache statistics: [DefaultContextCache@25fab989 size = 1, maxSize = 32, parentContextCount = 0, hitCount = 123, missCount = 13]
18:00:59.963 [main] DEBUG org.springframework.test.context.cache.DefaultCacheAwareContextLoaderDelegate - Retrieved ApplicationContext [1811846172] from cache with key [[MergedContextConfiguration@441784e5 testClass = ApplicationIT, locations = '{}', classes = '{class fr.insalyon.creatis.vip.core.server.SpringCoreConfig}', contextInitializerClasses = '[]', activeProfiles = '{test-db, test}', propertySourceLocations = '{}', propertySourceProperties = '{db.tableEngine=}', contextCustomizers = set[[empty]], contextLoader = 'org.springframework.test.context.support.DelegatingSmartContextLoader', parent = [null]]]
18:00:59.963 [main] DEBUG org.springframework.test.context.cache - Spring test ApplicationContext cache statistics: [DefaultContextCache@25fab989 size = 1, maxSize = 32, parentContextCount = 0, hitCount = 124, missCount = 13]
18:00:59.971 [main] DEBUG org.springframework.test.context.support.AbstractDirtiesContextTestExecutionListener - Before test method: context [DefaultTestContext@ddc74e1 testClass = ApplicationIT, testInstance = fr.insalyon.creatis.vip.application.integrationtest.ApplicationIT@3612b9ba, testMethod = testCatchGetCitationNonExistentApplication@ApplicationIT, testException = [null], mergedContextConfiguration = [MergedContextConfiguration@441784e5 testClass = ApplicationIT, locations = '{}', classes = '{class fr.insalyon.creatis.vip.core.server.SpringCoreConfig}', contextInitializerClasses = '[]', activeProfiles = '{test-db, test}', propertySourceLocations = '{}', propertySourceProperties = '{db.tableEngine=}', contextCustomizers = set[[empty]], contextLoader = 'org.springframework.test.context.support.DelegatingSmartContextLoader', parent = [null]], attributes = map['org.springframework.test.context.event.ApplicationEventsTestExecutionListener.recordApplicationEvents' -> false]], class annotated with @DirtiesContext [false] with mode [null], method annotated with @DirtiesContext [false] with mode [null].
18:00:59.971 [main] DEBUG org.springframework.test.context.transaction.TransactionalTestExecutionListener - Explicit transaction definition [PROPAGATION_REQUIRED,ISOLATION_DEFAULT] found for test context [DefaultTestContext@ddc74e1 testClass = ApplicationIT, testInstance = fr.insalyon.creatis.vip.application.integrationtest.ApplicationIT@3612b9ba, testMethod = testCatchGetCitationNonExistentApplication@ApplicationIT, testException = [null], mergedContextConfiguration = [MergedContextConfiguration@441784e5 testClass = ApplicationIT, locations = '{}', classes = '{class fr.insalyon.creatis.vip.core.server.SpringCoreConfig}', contextInitializerClasses = '[]', activeProfiles = '{test-db, test}', propertySourceLocations = '{}', propertySourceProperties = '{db.tableEngine=}', contextCustomizers = set[[empty]], contextLoader = 'org.springframework.test.context.support.DelegatingSmartContextLoader', parent = [null]], attributes = map['org.springframework.test.context.event.ApplicationEventsTestExecutionListener.recordApplicationEvents' -> false]]
18:00:59.971 [main] DEBUG org.springframework.test.context.cache.DefaultCacheAwareContextLoaderDelegate - Retrieved ApplicationContext [1811846172] from cache with key [[MergedContextConfiguration@441784e5 testClass = ApplicationIT, locations = '{}', classes = '{class fr.insalyon.creatis.vip.core.server.SpringCoreConfig}', contextInitializerClasses = '[]', activeProfiles = '{test-db, test}', propertySourceLocations = '{}', propertySourceProperties = '{db.tableEngine=}', contextCustomizers = set[[empty]], contextLoader = 'org.springframework.test.context.support.DelegatingSmartContextLoader', parent = [null]]]
18:00:59.971 [main] DEBUG org.springframework.test.context.cache - Spring test ApplicationContext cache statistics: [DefaultContextCache@25fab989 size = 1, maxSize = 32, parentContextCount = 0, hitCount = 125, missCount = 13]
18:00:59.972 [main] DEBUG org.springframework.test.context.transaction.TransactionalTestExecutionListener - No method-level @Rollback override: using default rollback [true] for test context [DefaultTestContext@ddc74e1 testClass = ApplicationIT, testInstance = fr.insalyon.creatis.vip.application.integrationtest.ApplicationIT@3612b9ba, testMethod = testCatchGetCitationNonExistentApplication@ApplicationIT, testException = [null], mergedContextConfiguration = [MergedContextConfiguration@441784e5 testClass = ApplicationIT, locations = '{}', classes = '{class fr.insalyon.creatis.vip.core.server.SpringCoreConfig}', contextInitializerClasses = '[]', activeProfiles = '{test-db, test}', propertySourceLocations = '{}', propertySourceProperties = '{db.tableEngine=}', contextCustomizers = set[[empty]], contextLoader = 'org.springframework.test.context.support.DelegatingSmartContextLoader', parent = [null]], attributes = map['org.springframework.test.context.event.ApplicationEventsTestExecutionListener.recordApplicationEvents' -> false]].
18:00:59.972 [main] DEBUG org.springframework.jdbc.datasource.DataSourceTransactionManager - Creating new transaction with name [fr.insalyon.creatis.vip.application.integrationtest.ApplicationIT.testCatchGetCitationNonExistentApplication]: PROPAGATION_REQUIRED,ISOLATION_DEFAULT
18:00:59.972 [main] DEBUG org.springframework.jdbc.datasource.DataSourceTransactionManager - Acquired Connection [Lazy Connection proxy for target DataSource [org.springframework.jdbc.datasource.embedded.EmbeddedDatabaseFactory$EmbeddedDataSourceProxy@513bf248]] for JDBC transaction
18:00:59.972 [main] DEBUG org.springframework.jdbc.datasource.DataSourceTransactionManager - Switching JDBC Connection [Lazy Connection proxy for target DataSource [org.springframework.jdbc.datasource.embedded.EmbeddedDatabaseFactory$EmbeddedDataSourceProxy@513bf248]] to manual commit
18:00:59.972 [main] INFO org.springframework.test.context.transaction.TransactionContext - Began transaction (1) for test context [DefaultTestContext@ddc74e1 testClass = ApplicationIT, testInstance = fr.insalyon.creatis.vip.application.integrationtest.ApplicationIT@3612b9ba, testMethod = testCatchGetCitationNonExistentApplication@ApplicationIT, testException = [null], mergedContextConfiguration = [MergedContextConfiguration@441784e5 testClass = ApplicationIT, locations = '{}', classes = '{class fr.insalyon.creatis.vip.core.server.SpringCoreConfig}', contextInitializerClasses = '[]', activeProfiles = '{test-db, test}', propertySourceLocations = '{}', propertySourceProperties = '{db.tableEngine=}', contextCustomizers = set[[empty]], contextLoader = 'org.springframework.test.context.support.DelegatingSmartContextLoader', parent = [null]], attributes = map['org.springframework.test.context.event.ApplicationEventsTestExecutionListener.recordApplicationEvents' -> false]]; transaction manager [org.springframework.jdbc.datasource.DataSourceTransactionManager@461df0fe]; rollback [true]
18:00:59.973 [main] DEBUG org.springframework.test.context.cache.DefaultCacheAwareContextLoaderDelegate - Retrieved ApplicationContext [1811846172] from cache with key [[MergedContextConfiguration@441784e5 testClass = ApplicationIT, locations = '{}', classes = '{class fr.insalyon.creatis.vip.core.server.SpringCoreConfig}', contextInitializerClasses = '[]', activeProfiles = '{test-db, test}', propertySourceLocations = '{}', propertySourceProperties = '{db.tableEngine=}', contextCustomizers = set[[empty]], contextLoader = 'org.springframework.test.context.support.DelegatingSmartContextLoader', parent = [null]]]
18:00:59.973 [main] DEBUG org.springframework.test.context.cache - Spring test ApplicationContext cache statistics: [DefaultContextCache@25fab989 size = 1, maxSize = 32, parentContextCount = 0, hitCount = 126, missCount = 13]
18:00:59.974 [main] DEBUG org.springframework.jdbc.datasource.DataSourceTransactionManager - Participating in existing transaction
18:00:59.974 [main] DEBUG org.springframework.jdbc.datasource.DataSourceTransactionManager - Participating in existing transaction
18:00:59.974 [main] DEBUG org.springframework.jdbc.datasource.SimpleDriverDataSource - Creating new JDBC Driver Connection to [jdbc:h2:mem:c60e0b3f-5ca4-462a-9a51-320229e94584;DB_CLOSE_DELAY=-1;DB_CLOSE_ON_EXIT=false]
18:00:59.975 [main] DEBUG org.springframework.jdbc.datasource.DataSourceTransactionManager - Participating in existing transaction
18:00:59.975 [main] DEBUG org.springframework.jdbc.datasource.DataSourceTransactionManager - Participating in existing transaction
18:00:59.976 [main] DEBUG org.springframework.jdbc.datasource.DataSourceTransactionManager - Participating in existing transaction
User = test1@test.fr
18:00:59.976 [main] INFO fr.insalyon.creatis.vip.core.server.business.ConfigurationBusiness - verifying test1@test.fr. List of undesired mail domains: . 
18:00:59.976 [main] INFO fr.insalyon.creatis.vip.core.server.business.ConfigurationBusiness - Signing up . List of undesired countries: .
18:00:59.976 [main] DEBUG org.springframework.jdbc.datasource.DataSourceTransactionManager - Participating in existing transaction
18:00:59.977 [main] DEBUG org.springframework.jdbc.datasource.DataSourceTransactionManager - Participating in existing transaction
18:00:59.977 [main] INFO fr.insalyon.creatis.vip.core.server.business.ConfigurationBusiness - Sending confirmation email to 'test1@test.fr'.
18:00:59.977 [main] DEBUG org.springframework.jdbc.datasource.DataSourceTransactionManager - Participating in existing transaction
18:00:59.979 [main] DEBUG org.springframework.jdbc.datasource.DataSourceTransactionManager - Participating in existing transaction
18:00:59.979 [main] DEBUG org.springframework.jdbc.datasource.DataSourceTransactionManager - Participating in existing transaction
18:00:59.982 [main] DEBUG org.springframework.jdbc.datasource.DataSourceTransactionManager - Participating in existing transaction
User = test2@test.fr
18:00:59.982 [main] INFO fr.insalyon.creatis.vip.core.server.business.ConfigurationBusiness - verifying test2@test.fr. List of undesired mail domains: . 
18:00:59.983 [main] INFO fr.insalyon.creatis.vip.core.server.business.ConfigurationBusiness - Signing up . List of undesired countries: .
18:00:59.983 [main] DEBUG org.springframework.jdbc.datasource.DataSourceTransactionManager - Participating in existing transaction
18:00:59.983 [main] DEBUG org.springframework.jdbc.datasource.DataSourceTransactionManager - Participating in existing transaction
18:00:59.984 [main] INFO fr.insalyon.creatis.vip.core.server.business.ConfigurationBusiness - Sending confirmation email to 'test2@test.fr'.
18:00:59.984 [main] DEBUG org.springframework.jdbc.datasource.DataSourceTransactionManager - Participating in existing transaction
18:00:59.984 [main] DEBUG org.springframework.jdbc.datasource.DataSourceTransactionManager - Participating in existing transaction
18:00:59.984 [main] DEBUG org.springframework.jdbc.datasource.DataSourceTransactionManager - Participating in existing transaction
18:00:59.984 [main] DEBUG org.springframework.jdbc.datasource.DataSourceTransactionManager - Participating in existing transaction
18:00:59.984 [main] DEBUG org.springframework.jdbc.datasource.DataSourceTransactionManager - Participating in existing transaction
18:00:59.985 [main] DEBUG org.springframework.jdbc.datasource.DataSourceTransactionManager - Participating in existing transaction
18:00:59.985 [main] DEBUG org.springframework.jdbc.datasource.DataSourceTransactionManager - Participating in existing transaction
18:00:59.985 [main] DEBUG org.springframework.jdbc.datasource.DataSourceTransactionManager - Participating in existing transaction
18:00:59.985 [main] DEBUG org.springframework.jdbc.datasource.DataSourceTransactionManager - Participating in existing transaction
18:00:59.985 [main] DEBUG org.springframework.test.context.cache.DefaultCacheAwareContextLoaderDelegate - Retrieved ApplicationContext [1811846172] from cache with key [[MergedContextConfiguration@441784e5 testClass = ApplicationIT, locations = '{}', classes = '{class fr.insalyon.creatis.vip.core.server.SpringCoreConfig}', contextInitializerClasses = '[]', activeProfiles = '{test-db, test}', propertySourceLocations = '{}', propertySourceProperties = '{db.tableEngine=}', contextCustomizers = set[[empty]], contextLoader = 'org.springframework.test.context.support.DelegatingSmartContextLoader', parent = [null]]]
18:00:59.985 [main] DEBUG org.springframework.test.context.cache - Spring test ApplicationContext cache statistics: [DefaultContextCache@25fab989 size = 1, maxSize = 32, parentContextCount = 0, hitCount = 127, missCount = 13]
18:00:59.987 [main] DEBUG org.springframework.jdbc.datasource.DataSourceTransactionManager - Participating in existing transaction
18:00:59.987 [main] DEBUG org.springframework.jdbc.datasource.DataSourceTransactionManager - Participating in existing transaction
18:00:59.987 [main] ERROR fr.insalyon.creatis.vip.application.server.dao.mysql.ApplicationData - Error getting citation for application NonExistent application
org.h2.jdbc.JdbcSQLException: No data is available [2000-173]
	at org.h2.message.DbException.getJdbcSQLException(DbException.java:331)
	at org.h2.message.DbException.get(DbException.java:171)
	at org.h2.message.DbException.get(DbException.java:148)
	at org.h2.message.DbException.get(DbException.java:137)
	at org.h2.jdbc.JdbcResultSet.checkOnValidRow(JdbcResultSet.java:3111)
	at org.h2.jdbc.JdbcResultSet.get(JdbcResultSet.java:3117)
	at org.h2.jdbc.JdbcResultSet.get(JdbcResultSet.java:3134)
	at org.h2.jdbc.JdbcResultSet.getString(JdbcResultSet.java:296)
	at fr.insalyon.creatis.vip.application.server.dao.mysql.ApplicationData.getCitation(ApplicationData.java:441)
	at java.base/jdk.internal.reflect.NativeMethodAccessorImpl.invoke0(Native Method)
	at java.base/jdk.internal.reflect.NativeMethodAccessorImpl.invoke(NativeMethodAccessorImpl.java:62)
	at java.base/jdk.internal.reflect.DelegatingMethodAccessorImpl.invoke(DelegatingMethodAccessorImpl.java:43)
	at java.base/java.lang.reflect.Method.invoke(Method.java:566)
	at org.springframework.aop.support.AopUtils.invokeJoinpointUsingReflection(AopUtils.java:344)
	at org.springframework.aop.framework.ReflectiveMethodInvocation.invokeJoinpoint(ReflectiveMethodInvocation.java:198)
	at org.springframework.aop.framework.ReflectiveMethodInvocation.proceed(ReflectiveMethodInvocation.java:163)
	at org.springframework.transaction.interceptor.TransactionInterceptor$1.proceedWithInvocation(TransactionInterceptor.java:123)
	at org.springframework.transaction.interceptor.TransactionAspectSupport.invokeWithinTransaction(TransactionAspectSupport.java:388)
	at org.springframework.transaction.interceptor.TransactionInterceptor.invoke(TransactionInterceptor.java:119)
	at org.springframework.aop.framework.ReflectiveMethodInvocation.proceed(ReflectiveMethodInvocation.java:186)
	at org.springframework.aop.framework.JdkDynamicAopProxy.invoke(JdkDynamicAopProxy.java:215)
	at com.sun.proxy.$Proxy84.getCitation(Unknown Source)
	at fr.insalyon.creatis.vip.application.server.business.ApplicationBusiness.getCitation(ApplicationBusiness.java:275)
	at fr.insalyon.creatis.vip.application.server.business.ApplicationBusiness$$FastClassBySpringCGLIB$$1009cf96.invoke(<generated>)
	at org.springframework.cglib.proxy.MethodProxy.invoke(MethodProxy.java:218)
	at org.springframework.aop.framework.CglibAopProxy$CglibMethodInvocation.invokeJoinpoint(CglibAopProxy.java:783)
	at org.springframework.aop.framework.ReflectiveMethodInvocation.proceed(ReflectiveMethodInvocation.java:163)
	at org.springframework.aop.framework.CglibAopProxy$CglibMethodInvocation.proceed(CglibAopProxy.java:753)
	at org.springframework.transaction.interceptor.TransactionInterceptor$1.proceedWithInvocation(TransactionInterceptor.java:123)
	at org.springframework.transaction.interceptor.TransactionAspectSupport.invokeWithinTransaction(TransactionAspectSupport.java:388)
	at org.springframework.transaction.interceptor.TransactionInterceptor.invoke(TransactionInterceptor.java:119)
	at org.springframework.aop.framework.ReflectiveMethodInvocation.proceed(ReflectiveMethodInvocation.java:186)
	at org.springframework.aop.framework.CglibAopProxy$CglibMethodInvocation.proceed(CglibAopProxy.java:753)
	at org.springframework.aop.framework.CglibAopProxy$DynamicAdvisedInterceptor.intercept(CglibAopProxy.java:698)
	at fr.insalyon.creatis.vip.application.server.business.ApplicationBusiness$$EnhancerBySpringCGLIB$$8fa3e70d.getCitation(<generated>)
	at fr.insalyon.creatis.vip.application.integrationtest.ApplicationIT.lambda$testCatchGetCitationNonExistentApplication$1(ApplicationIT.java:151)
	at org.junit.jupiter.api.AssertThrows.assertThrows(AssertThrows.java:55)
	at org.junit.jupiter.api.AssertThrows.assertThrows(AssertThrows.java:37)
	at org.junit.jupiter.api.Assertions.assertThrows(Assertions.java:2952)
	at fr.insalyon.creatis.vip.application.integrationtest.ApplicationIT.testCatchGetCitationNonExistentApplication(ApplicationIT.java:149)
	at java.base/jdk.internal.reflect.NativeMethodAccessorImpl.invoke0(Native Method)
	at java.base/jdk.internal.reflect.NativeMethodAccessorImpl.invoke(NativeMethodAccessorImpl.java:62)
	at java.base/jdk.internal.reflect.DelegatingMethodAccessorImpl.invoke(DelegatingMethodAccessorImpl.java:43)
	at java.base/java.lang.reflect.Method.invoke(Method.java:566)
	at org.junit.platform.commons.util.ReflectionUtils.invokeMethod(ReflectionUtils.java:686)
	at org.junit.jupiter.engine.execution.MethodInvocation.proceed(MethodInvocation.java:60)
	at org.junit.jupiter.engine.execution.InvocationInterceptorChain$ValidatingInvocation.proceed(InvocationInterceptorChain.java:131)
	at org.junit.jupiter.engine.extension.TimeoutExtension.intercept(TimeoutExtension.java:149)
	at org.junit.jupiter.engine.extension.TimeoutExtension.interceptTestableMethod(TimeoutExtension.java:140)
	at org.junit.jupiter.engine.extension.TimeoutExtension.interceptTestMethod(TimeoutExtension.java:84)
	at org.junit.jupiter.engine.execution.ExecutableInvoker$ReflectiveInterceptorCall.lambda$ofVoidMethod$0(ExecutableInvoker.java:115)
	at org.junit.jupiter.engine.execution.ExecutableInvoker.lambda$invoke$0(ExecutableInvoker.java:105)
	at org.junit.jupiter.engine.execution.InvocationInterceptorChain$InterceptedInvocation.proceed(InvocationInterceptorChain.java:106)
	at org.junit.jupiter.engine.execution.InvocationInterceptorChain.proceed(InvocationInterceptorChain.java:64)
	at org.junit.jupiter.engine.execution.InvocationInterceptorChain.chainAndInvoke(InvocationInterceptorChain.java:45)
	at org.junit.jupiter.engine.execution.InvocationInterceptorChain.invoke(InvocationInterceptorChain.java:37)
	at org.junit.jupiter.engine.execution.ExecutableInvoker.invoke(ExecutableInvoker.java:104)
	at org.junit.jupiter.engine.execution.ExecutableInvoker.invoke(ExecutableInvoker.java:98)
	at org.junit.jupiter.engine.descriptor.TestMethodTestDescriptor.lambda$invokeTestMethod$6(TestMethodTestDescriptor.java:212)
	at org.junit.platform.engine.support.hierarchical.ThrowableCollector.execute(ThrowableCollector.java:73)
	at org.junit.jupiter.engine.descriptor.TestMethodTestDescriptor.invokeTestMethod(TestMethodTestDescriptor.java:208)
	at org.junit.jupiter.engine.descriptor.TestMethodTestDescriptor.execute(TestMethodTestDescriptor.java:137)
	at org.junit.jupiter.engine.descriptor.TestMethodTestDescriptor.execute(TestMethodTestDescriptor.java:71)
	at org.junit.platform.engine.support.hierarchical.NodeTestTask.lambda$executeRecursively$5(NodeTestTask.java:135)
	at org.junit.platform.engine.support.hierarchical.ThrowableCollector.execute(ThrowableCollector.java:73)
	at org.junit.platform.engine.support.hierarchical.NodeTestTask.lambda$executeRecursively$7(NodeTestTask.java:125)
	at org.junit.platform.engine.support.hierarchical.Node.around(Node.java:135)
	at org.junit.platform.engine.support.hierarchical.NodeTestTask.lambda$executeRecursively$8(NodeTestTask.java:123)
	at org.junit.platform.engine.support.hierarchical.ThrowableCollector.execute(ThrowableCollector.java:73)
	at org.junit.platform.engine.support.hierarchical.NodeTestTask.executeRecursively(NodeTestTask.java:122)
	at org.junit.platform.engine.support.hierarchical.NodeTestTask.execute(NodeTestTask.java:80)
	at java.base/java.util.ArrayList.forEach(ArrayList.java:1541)
	at org.junit.platform.engine.support.hierarchical.SameThreadHierarchicalTestExecutorService.invokeAll(SameThreadHierarchicalTestExecutorService.java:38)
	at org.junit.platform.engine.support.hierarchical.NodeTestTask.lambda$executeRecursively$5(NodeTestTask.java:139)
	at org.junit.platform.engine.support.hierarchical.ThrowableCollector.execute(ThrowableCollector.java:73)
	at org.junit.platform.engine.support.hierarchical.NodeTestTask.lambda$executeRecursively$7(NodeTestTask.java:125)
	at org.junit.platform.engine.support.hierarchical.Node.around(Node.java:135)
	at org.junit.platform.engine.support.hierarchical.NodeTestTask.lambda$executeRecursively$8(NodeTestTask.java:123)
	at org.junit.platform.engine.support.hierarchical.ThrowableCollector.execute(ThrowableCollector.java:73)
	at org.junit.platform.engine.support.hierarchical.NodeTestTask.executeRecursively(NodeTestTask.java:122)
	at org.junit.platform.engine.support.hierarchical.NodeTestTask.execute(NodeTestTask.java:80)
	at java.base/java.util.ArrayList.forEach(ArrayList.java:1541)
	at org.junit.platform.engine.support.hierarchical.SameThreadHierarchicalTestExecutorService.invokeAll(SameThreadHierarchicalTestExecutorService.java:38)
	at org.junit.platform.engine.support.hierarchical.NodeTestTask.lambda$executeRecursively$5(NodeTestTask.java:139)
	at org.junit.platform.engine.support.hierarchical.ThrowableCollector.execute(ThrowableCollector.java:73)
	at org.junit.platform.engine.support.hierarchical.NodeTestTask.lambda$executeRecursively$7(NodeTestTask.java:125)
	at org.junit.platform.engine.support.hierarchical.Node.around(Node.java:135)
	at org.junit.platform.engine.support.hierarchical.NodeTestTask.lambda$executeRecursively$8(NodeTestTask.java:123)
	at org.junit.platform.engine.support.hierarchical.ThrowableCollector.execute(ThrowableCollector.java:73)
	at org.junit.platform.engine.support.hierarchical.NodeTestTask.executeRecursively(NodeTestTask.java:122)
	at org.junit.platform.engine.support.hierarchical.NodeTestTask.execute(NodeTestTask.java:80)
	at org.junit.platform.engine.support.hierarchical.SameThreadHierarchicalTestExecutorService.submit(SameThreadHierarchicalTestExecutorService.java:32)
	at org.junit.platform.engine.support.hierarchical.HierarchicalTestExecutor.execute(HierarchicalTestExecutor.java:57)
	at org.junit.platform.engine.support.hierarchical.HierarchicalTestEngine.execute(HierarchicalTestEngine.java:51)
	at org.junit.platform.launcher.core.DefaultLauncher.execute(DefaultLauncher.java:248)
	at org.junit.platform.launcher.core.DefaultLauncher.lambda$execute$5(DefaultLauncher.java:211)
	at org.junit.platform.launcher.core.DefaultLauncher.withInterceptedStreams(DefaultLauncher.java:226)
	at org.junit.platform.launcher.core.DefaultLauncher.execute(DefaultLauncher.java:199)
	at org.junit.platform.launcher.core.DefaultLauncher.execute(DefaultLauncher.java:132)
	at org.apache.maven.surefire.junitplatform.LazyLauncher.execute(LazyLauncher.java:55)
	at org.apache.maven.surefire.junitplatform.JUnitPlatformProvider.execute(JUnitPlatformProvider.java:223)
	at org.apache.maven.surefire.junitplatform.JUnitPlatformProvider.invokeAllTests(JUnitPlatformProvider.java:175)
	at org.apache.maven.surefire.junitplatform.JUnitPlatformProvider.invoke(JUnitPlatformProvider.java:139)
	at org.apache.maven.surefire.booter.ForkedBooter.runSuitesInProcess(ForkedBooter.java:456)
	at org.apache.maven.surefire.booter.ForkedBooter.execute(ForkedBooter.java:169)
	at org.apache.maven.surefire.booter.ForkedBooter.run(ForkedBooter.java:595)
	at org.apache.maven.surefire.booter.ForkedBooter.main(ForkedBooter.java:581)
18:00:59.989 [main] DEBUG org.springframework.test.context.cache.DefaultCacheAwareContextLoaderDelegate - Retrieved ApplicationContext [1811846172] from cache with key [[MergedContextConfiguration@441784e5 testClass = ApplicationIT, locations = '{}', classes = '{class fr.insalyon.creatis.vip.core.server.SpringCoreConfig}', contextInitializerClasses = '[]', activeProfiles = '{test-db, test}', propertySourceLocations = '{}', propertySourceProperties = '{db.tableEngine=}', contextCustomizers = set[[empty]], contextLoader = 'org.springframework.test.context.support.DelegatingSmartContextLoader', parent = [null]]]
18:00:59.989 [main] DEBUG org.springframework.test.context.cache - Spring test ApplicationContext cache statistics: [DefaultContextCache@25fab989 size = 1, maxSize = 32, parentContextCount = 0, hitCount = 128, missCount = 13]
18:00:59.989 [main] DEBUG org.springframework.test.context.cache.DefaultCacheAwareContextLoaderDelegate - Retrieved ApplicationContext [1811846172] from cache with key [[MergedContextConfiguration@441784e5 testClass = ApplicationIT, locations = '{}', classes = '{class fr.insalyon.creatis.vip.core.server.SpringCoreConfig}', contextInitializerClasses = '[]', activeProfiles = '{test-db, test}', propertySourceLocations = '{}', propertySourceProperties = '{db.tableEngine=}', contextCustomizers = set[[empty]], contextLoader = 'org.springframework.test.context.support.DelegatingSmartContextLoader', parent = [null]]]
18:00:59.989 [main] DEBUG org.springframework.test.context.cache - Spring test ApplicationContext cache statistics: [DefaultContextCache@25fab989 size = 1, maxSize = 32, parentContextCount = 0, hitCount = 129, missCount = 13]
18:00:59.989 [main] DEBUG org.springframework.jdbc.datasource.DataSourceTransactionManager - Initiating transaction rollback
18:00:59.989 [main] DEBUG org.springframework.jdbc.datasource.DataSourceTransactionManager - Rolling back JDBC transaction on Connection [conn119: url=jdbc:h2:mem:c60e0b3f-5ca4-462a-9a51-320229e94584 user=SA]
18:00:59.990 [main] DEBUG org.springframework.jdbc.datasource.DataSourceTransactionManager - Releasing JDBC Connection [conn119: url=jdbc:h2:mem:c60e0b3f-5ca4-462a-9a51-320229e94584 user=SA] after transaction
18:00:59.990 [main] INFO org.springframework.test.context.transaction.TransactionContext - Rolled back transaction for test: [DefaultTestContext@ddc74e1 testClass = ApplicationIT, testInstance = fr.insalyon.creatis.vip.application.integrationtest.ApplicationIT@3612b9ba, testMethod = testCatchGetCitationNonExistentApplication@ApplicationIT, testException = [null], mergedContextConfiguration = [MergedContextConfiguration@441784e5 testClass = ApplicationIT, locations = '{}', classes = '{class fr.insalyon.creatis.vip.core.server.SpringCoreConfig}', contextInitializerClasses = '[]', activeProfiles = '{test-db, test}', propertySourceLocations = '{}', propertySourceProperties = '{db.tableEngine=}', contextCustomizers = set[[empty]], contextLoader = 'org.springframework.test.context.support.DelegatingSmartContextLoader', parent = [null]], attributes = map['org.springframework.test.context.event.ApplicationEventsTestExecutionListener.recordApplicationEvents' -> false]]
18:00:59.990 [main] DEBUG org.springframework.test.context.support.AbstractDirtiesContextTestExecutionListener - After test method: context [DefaultTestContext@ddc74e1 testClass = ApplicationIT, testInstance = fr.insalyon.creatis.vip.application.integrationtest.ApplicationIT@3612b9ba, testMethod = testCatchGetCitationNonExistentApplication@ApplicationIT, testException = [null], mergedContextConfiguration = [MergedContextConfiguration@441784e5 testClass = ApplicationIT, locations = '{}', classes = '{class fr.insalyon.creatis.vip.core.server.SpringCoreConfig}', contextInitializerClasses = '[]', activeProfiles = '{test-db, test}', propertySourceLocations = '{}', propertySourceProperties = '{db.tableEngine=}', contextCustomizers = set[[empty]], contextLoader = 'org.springframework.test.context.support.DelegatingSmartContextLoader', parent = [null]], attributes = map['org.springframework.test.context.event.ApplicationEventsTestExecutionListener.recordApplicationEvents' -> false]], class annotated with @DirtiesContext [false] with mode [null], method annotated with @DirtiesContext [false] with mode [null].
]]></system-out>
  </testcase>
  <testcase name="testInitialization" classname="fr.insalyon.creatis.vip.application.integrationtest.ApplicationIT" time="0.027">
    <system-out><![CDATA[18:01:00.000 [main] DEBUG org.springframework.test.context.support.DependencyInjectionTestExecutionListener - Performing dependency injection for test context [[DefaultTestContext@ddc74e1 testClass = ApplicationIT, testInstance = fr.insalyon.creatis.vip.application.integrationtest.ApplicationIT@32944dff, testMethod = [null], testException = [null], mergedContextConfiguration = [MergedContextConfiguration@441784e5 testClass = ApplicationIT, locations = '{}', classes = '{class fr.insalyon.creatis.vip.core.server.SpringCoreConfig}', contextInitializerClasses = '[]', activeProfiles = '{test-db, test}', propertySourceLocations = '{}', propertySourceProperties = '{db.tableEngine=}', contextCustomizers = set[[empty]], contextLoader = 'org.springframework.test.context.support.DelegatingSmartContextLoader', parent = [null]], attributes = map['org.springframework.test.context.event.ApplicationEventsTestExecutionListener.recordApplicationEvents' -> false]]].
18:01:00.000 [main] DEBUG org.springframework.test.context.cache.DefaultCacheAwareContextLoaderDelegate - Retrieved ApplicationContext [1811846172] from cache with key [[MergedContextConfiguration@441784e5 testClass = ApplicationIT, locations = '{}', classes = '{class fr.insalyon.creatis.vip.core.server.SpringCoreConfig}', contextInitializerClasses = '[]', activeProfiles = '{test-db, test}', propertySourceLocations = '{}', propertySourceProperties = '{db.tableEngine=}', contextCustomizers = set[[empty]], contextLoader = 'org.springframework.test.context.support.DelegatingSmartContextLoader', parent = [null]]]
18:01:00.000 [main] DEBUG org.springframework.test.context.cache - Spring test ApplicationContext cache statistics: [DefaultContextCache@25fab989 size = 1, maxSize = 32, parentContextCount = 0, hitCount = 130, missCount = 13]
18:01:00.000 [main] DEBUG org.springframework.test.context.cache.DefaultCacheAwareContextLoaderDelegate - Retrieved ApplicationContext [1811846172] from cache with key [[MergedContextConfiguration@441784e5 testClass = ApplicationIT, locations = '{}', classes = '{class fr.insalyon.creatis.vip.core.server.SpringCoreConfig}', contextInitializerClasses = '[]', activeProfiles = '{test-db, test}', propertySourceLocations = '{}', propertySourceProperties = '{db.tableEngine=}', contextCustomizers = set[[empty]], contextLoader = 'org.springframework.test.context.support.DelegatingSmartContextLoader', parent = [null]]]
18:01:00.000 [main] DEBUG org.springframework.test.context.cache - Spring test ApplicationContext cache statistics: [DefaultContextCache@25fab989 size = 1, maxSize = 32, parentContextCount = 0, hitCount = 131, missCount = 13]
18:01:00.001 [main] DEBUG org.springframework.test.context.support.AbstractDirtiesContextTestExecutionListener - Before test method: context [DefaultTestContext@ddc74e1 testClass = ApplicationIT, testInstance = fr.insalyon.creatis.vip.application.integrationtest.ApplicationIT@32944dff, testMethod = testInitialization@ApplicationIT, testException = [null], mergedContextConfiguration = [MergedContextConfiguration@441784e5 testClass = ApplicationIT, locations = '{}', classes = '{class fr.insalyon.creatis.vip.core.server.SpringCoreConfig}', contextInitializerClasses = '[]', activeProfiles = '{test-db, test}', propertySourceLocations = '{}', propertySourceProperties = '{db.tableEngine=}', contextCustomizers = set[[empty]], contextLoader = 'org.springframework.test.context.support.DelegatingSmartContextLoader', parent = [null]], attributes = map['org.springframework.test.context.event.ApplicationEventsTestExecutionListener.recordApplicationEvents' -> false]], class annotated with @DirtiesContext [false] with mode [null], method annotated with @DirtiesContext [false] with mode [null].
18:01:00.003 [main] DEBUG org.springframework.test.context.transaction.TransactionalTestExecutionListener - Explicit transaction definition [PROPAGATION_REQUIRED,ISOLATION_DEFAULT] found for test context [DefaultTestContext@ddc74e1 testClass = ApplicationIT, testInstance = fr.insalyon.creatis.vip.application.integrationtest.ApplicationIT@32944dff, testMethod = testInitialization@ApplicationIT, testException = [null], mergedContextConfiguration = [MergedContextConfiguration@441784e5 testClass = ApplicationIT, locations = '{}', classes = '{class fr.insalyon.creatis.vip.core.server.SpringCoreConfig}', contextInitializerClasses = '[]', activeProfiles = '{test-db, test}', propertySourceLocations = '{}', propertySourceProperties = '{db.tableEngine=}', contextCustomizers = set[[empty]], contextLoader = 'org.springframework.test.context.support.DelegatingSmartContextLoader', parent = [null]], attributes = map['org.springframework.test.context.event.ApplicationEventsTestExecutionListener.recordApplicationEvents' -> false]]
18:01:00.003 [main] DEBUG org.springframework.test.context.cache.DefaultCacheAwareContextLoaderDelegate - Retrieved ApplicationContext [1811846172] from cache with key [[MergedContextConfiguration@441784e5 testClass = ApplicationIT, locations = '{}', classes = '{class fr.insalyon.creatis.vip.core.server.SpringCoreConfig}', contextInitializerClasses = '[]', activeProfiles = '{test-db, test}', propertySourceLocations = '{}', propertySourceProperties = '{db.tableEngine=}', contextCustomizers = set[[empty]], contextLoader = 'org.springframework.test.context.support.DelegatingSmartContextLoader', parent = [null]]]
18:01:00.003 [main] DEBUG org.springframework.test.context.cache - Spring test ApplicationContext cache statistics: [DefaultContextCache@25fab989 size = 1, maxSize = 32, parentContextCount = 0, hitCount = 132, missCount = 13]
18:01:00.003 [main] DEBUG org.springframework.test.context.transaction.TransactionalTestExecutionListener - No method-level @Rollback override: using default rollback [true] for test context [DefaultTestContext@ddc74e1 testClass = ApplicationIT, testInstance = fr.insalyon.creatis.vip.application.integrationtest.ApplicationIT@32944dff, testMethod = testInitialization@ApplicationIT, testException = [null], mergedContextConfiguration = [MergedContextConfiguration@441784e5 testClass = ApplicationIT, locations = '{}', classes = '{class fr.insalyon.creatis.vip.core.server.SpringCoreConfig}', contextInitializerClasses = '[]', activeProfiles = '{test-db, test}', propertySourceLocations = '{}', propertySourceProperties = '{db.tableEngine=}', contextCustomizers = set[[empty]], contextLoader = 'org.springframework.test.context.support.DelegatingSmartContextLoader', parent = [null]], attributes = map['org.springframework.test.context.event.ApplicationEventsTestExecutionListener.recordApplicationEvents' -> false]].
18:01:00.003 [main] DEBUG org.springframework.jdbc.datasource.DataSourceTransactionManager - Creating new transaction with name [fr.insalyon.creatis.vip.application.integrationtest.ApplicationIT.testInitialization]: PROPAGATION_REQUIRED,ISOLATION_DEFAULT
18:01:00.003 [main] DEBUG org.springframework.jdbc.datasource.DataSourceTransactionManager - Acquired Connection [Lazy Connection proxy for target DataSource [org.springframework.jdbc.datasource.embedded.EmbeddedDatabaseFactory$EmbeddedDataSourceProxy@513bf248]] for JDBC transaction
18:01:00.004 [main] DEBUG org.springframework.jdbc.datasource.DataSourceTransactionManager - Switching JDBC Connection [Lazy Connection proxy for target DataSource [org.springframework.jdbc.datasource.embedded.EmbeddedDatabaseFactory$EmbeddedDataSourceProxy@513bf248]] to manual commit
18:01:00.004 [main] INFO org.springframework.test.context.transaction.TransactionContext - Began transaction (1) for test context [DefaultTestContext@ddc74e1 testClass = ApplicationIT, testInstance = fr.insalyon.creatis.vip.application.integrationtest.ApplicationIT@32944dff, testMethod = testInitialization@ApplicationIT, testException = [null], mergedContextConfiguration = [MergedContextConfiguration@441784e5 testClass = ApplicationIT, locations = '{}', classes = '{class fr.insalyon.creatis.vip.core.server.SpringCoreConfig}', contextInitializerClasses = '[]', activeProfiles = '{test-db, test}', propertySourceLocations = '{}', propertySourceProperties = '{db.tableEngine=}', contextCustomizers = set[[empty]], contextLoader = 'org.springframework.test.context.support.DelegatingSmartContextLoader', parent = [null]], attributes = map['org.springframework.test.context.event.ApplicationEventsTestExecutionListener.recordApplicationEvents' -> false]]; transaction manager [org.springframework.jdbc.datasource.DataSourceTransactionManager@461df0fe]; rollback [true]
18:01:00.004 [main] DEBUG org.springframework.test.context.cache.DefaultCacheAwareContextLoaderDelegate - Retrieved ApplicationContext [1811846172] from cache with key [[MergedContextConfiguration@441784e5 testClass = ApplicationIT, locations = '{}', classes = '{class fr.insalyon.creatis.vip.core.server.SpringCoreConfig}', contextInitializerClasses = '[]', activeProfiles = '{test-db, test}', propertySourceLocations = '{}', propertySourceProperties = '{db.tableEngine=}', contextCustomizers = set[[empty]], contextLoader = 'org.springframework.test.context.support.DelegatingSmartContextLoader', parent = [null]]]
18:01:00.004 [main] DEBUG org.springframework.test.context.cache - Spring test ApplicationContext cache statistics: [DefaultContextCache@25fab989 size = 1, maxSize = 32, parentContextCount = 0, hitCount = 133, missCount = 13]
18:01:00.005 [main] DEBUG org.springframework.jdbc.datasource.DataSourceTransactionManager - Participating in existing transaction
18:01:00.005 [main] DEBUG org.springframework.jdbc.datasource.DataSourceTransactionManager - Participating in existing transaction
18:01:00.005 [main] DEBUG org.springframework.jdbc.datasource.SimpleDriverDataSource - Creating new JDBC Driver Connection to [jdbc:h2:mem:c60e0b3f-5ca4-462a-9a51-320229e94584;DB_CLOSE_DELAY=-1;DB_CLOSE_ON_EXIT=false]
18:01:00.013 [main] DEBUG org.springframework.jdbc.datasource.DataSourceTransactionManager - Participating in existing transaction
18:01:00.013 [main] DEBUG org.springframework.jdbc.datasource.DataSourceTransactionManager - Participating in existing transaction
18:01:00.014 [main] DEBUG org.springframework.jdbc.datasource.DataSourceTransactionManager - Participating in existing transaction
User = test1@test.fr
18:01:00.014 [main] INFO fr.insalyon.creatis.vip.core.server.business.ConfigurationBusiness - verifying test1@test.fr. List of undesired mail domains: . 
18:01:00.014 [main] INFO fr.insalyon.creatis.vip.core.server.business.ConfigurationBusiness - Signing up . List of undesired countries: .
18:01:00.015 [main] DEBUG org.springframework.jdbc.datasource.DataSourceTransactionManager - Participating in existing transaction
18:01:00.015 [main] DEBUG org.springframework.jdbc.datasource.DataSourceTransactionManager - Participating in existing transaction
18:01:00.015 [main] INFO fr.insalyon.creatis.vip.core.server.business.ConfigurationBusiness - Sending confirmation email to 'test1@test.fr'.
18:01:00.015 [main] DEBUG org.springframework.jdbc.datasource.DataSourceTransactionManager - Participating in existing transaction
18:01:00.016 [main] DEBUG org.springframework.jdbc.datasource.DataSourceTransactionManager - Participating in existing transaction
18:01:00.016 [main] DEBUG org.springframework.jdbc.datasource.DataSourceTransactionManager - Participating in existing transaction
18:01:00.017 [main] DEBUG org.springframework.jdbc.datasource.DataSourceTransactionManager - Participating in existing transaction
User = test2@test.fr
18:01:00.017 [main] INFO fr.insalyon.creatis.vip.core.server.business.ConfigurationBusiness - verifying test2@test.fr. List of undesired mail domains: . 
18:01:00.017 [main] INFO fr.insalyon.creatis.vip.core.server.business.ConfigurationBusiness - Signing up . List of undesired countries: .
18:01:00.019 [main] DEBUG org.springframework.jdbc.datasource.DataSourceTransactionManager - Participating in existing transaction
18:01:00.020 [main] DEBUG org.springframework.jdbc.datasource.DataSourceTransactionManager - Participating in existing transaction
18:01:00.020 [main] INFO fr.insalyon.creatis.vip.core.server.business.ConfigurationBusiness - Sending confirmation email to 'test2@test.fr'.
18:01:00.020 [main] DEBUG org.springframework.jdbc.datasource.DataSourceTransactionManager - Participating in existing transaction
18:01:00.022 [main] DEBUG org.springframework.jdbc.datasource.DataSourceTransactionManager - Participating in existing transaction
18:01:00.022 [main] DEBUG org.springframework.jdbc.datasource.DataSourceTransactionManager - Participating in existing transaction
18:01:00.022 [main] DEBUG org.springframework.jdbc.datasource.DataSourceTransactionManager - Participating in existing transaction
18:01:00.022 [main] DEBUG org.springframework.jdbc.datasource.DataSourceTransactionManager - Participating in existing transaction
18:01:00.022 [main] DEBUG org.springframework.jdbc.datasource.DataSourceTransactionManager - Participating in existing transaction
18:01:00.022 [main] DEBUG org.springframework.jdbc.datasource.DataSourceTransactionManager - Participating in existing transaction
18:01:00.022 [main] DEBUG org.springframework.jdbc.datasource.DataSourceTransactionManager - Participating in existing transaction
18:01:00.022 [main] DEBUG org.springframework.jdbc.datasource.DataSourceTransactionManager - Participating in existing transaction
18:01:00.023 [main] DEBUG org.springframework.test.context.cache.DefaultCacheAwareContextLoaderDelegate - Retrieved ApplicationContext [1811846172] from cache with key [[MergedContextConfiguration@441784e5 testClass = ApplicationIT, locations = '{}', classes = '{class fr.insalyon.creatis.vip.core.server.SpringCoreConfig}', contextInitializerClasses = '[]', activeProfiles = '{test-db, test}', propertySourceLocations = '{}', propertySourceProperties = '{db.tableEngine=}', contextCustomizers = set[[empty]], contextLoader = 'org.springframework.test.context.support.DelegatingSmartContextLoader', parent = [null]]]
18:01:00.023 [main] DEBUG org.springframework.test.context.cache - Spring test ApplicationContext cache statistics: [DefaultContextCache@25fab989 size = 1, maxSize = 32, parentContextCount = 0, hitCount = 134, missCount = 13]
18:01:00.023 [main] DEBUG org.springframework.jdbc.datasource.DataSourceTransactionManager - Participating in existing transaction
18:01:00.023 [main] DEBUG org.springframework.jdbc.datasource.DataSourceTransactionManager - Participating in existing transaction
18:01:00.024 [main] DEBUG org.springframework.jdbc.datasource.DataSourceTransactionManager - Participating in existing transaction
18:01:00.024 [main] DEBUG org.springframework.jdbc.datasource.DataSourceTransactionManager - Participating in existing transaction
18:01:00.025 [main] DEBUG org.springframework.jdbc.datasource.DataSourceTransactionManager - Participating in existing transaction
18:01:00.025 [main] DEBUG org.springframework.jdbc.datasource.DataSourceTransactionManager - Participating in existing transaction
18:01:00.025 [main] DEBUG org.springframework.jdbc.datasource.DataSourceTransactionManager - Participating in existing transaction
18:01:00.025 [main] DEBUG org.springframework.jdbc.datasource.DataSourceTransactionManager - Participating in existing transaction
18:01:00.025 [main] DEBUG org.springframework.test.context.cache.DefaultCacheAwareContextLoaderDelegate - Retrieved ApplicationContext [1811846172] from cache with key [[MergedContextConfiguration@441784e5 testClass = ApplicationIT, locations = '{}', classes = '{class fr.insalyon.creatis.vip.core.server.SpringCoreConfig}', contextInitializerClasses = '[]', activeProfiles = '{test-db, test}', propertySourceLocations = '{}', propertySourceProperties = '{db.tableEngine=}', contextCustomizers = set[[empty]], contextLoader = 'org.springframework.test.context.support.DelegatingSmartContextLoader', parent = [null]]]
18:01:00.026 [main] DEBUG org.springframework.test.context.cache - Spring test ApplicationContext cache statistics: [DefaultContextCache@25fab989 size = 1, maxSize = 32, parentContextCount = 0, hitCount = 135, missCount = 13]
18:01:00.026 [main] DEBUG org.springframework.test.context.cache.DefaultCacheAwareContextLoaderDelegate - Retrieved ApplicationContext [1811846172] from cache with key [[MergedContextConfiguration@441784e5 testClass = ApplicationIT, locations = '{}', classes = '{class fr.insalyon.creatis.vip.core.server.SpringCoreConfig}', contextInitializerClasses = '[]', activeProfiles = '{test-db, test}', propertySourceLocations = '{}', propertySourceProperties = '{db.tableEngine=}', contextCustomizers = set[[empty]], contextLoader = 'org.springframework.test.context.support.DelegatingSmartContextLoader', parent = [null]]]
18:01:00.026 [main] DEBUG org.springframework.test.context.cache - Spring test ApplicationContext cache statistics: [DefaultContextCache@25fab989 size = 1, maxSize = 32, parentContextCount = 0, hitCount = 136, missCount = 13]
18:01:00.026 [main] DEBUG org.springframework.jdbc.datasource.DataSourceTransactionManager - Initiating transaction rollback
18:01:00.026 [main] DEBUG org.springframework.jdbc.datasource.DataSourceTransactionManager - Rolling back JDBC transaction on Connection [conn120: url=jdbc:h2:mem:c60e0b3f-5ca4-462a-9a51-320229e94584 user=SA]
18:01:00.026 [main] DEBUG org.springframework.jdbc.datasource.DataSourceTransactionManager - Releasing JDBC Connection [conn120: url=jdbc:h2:mem:c60e0b3f-5ca4-462a-9a51-320229e94584 user=SA] after transaction
18:01:00.026 [main] INFO org.springframework.test.context.transaction.TransactionContext - Rolled back transaction for test: [DefaultTestContext@ddc74e1 testClass = ApplicationIT, testInstance = fr.insalyon.creatis.vip.application.integrationtest.ApplicationIT@32944dff, testMethod = testInitialization@ApplicationIT, testException = [null], mergedContextConfiguration = [MergedContextConfiguration@441784e5 testClass = ApplicationIT, locations = '{}', classes = '{class fr.insalyon.creatis.vip.core.server.SpringCoreConfig}', contextInitializerClasses = '[]', activeProfiles = '{test-db, test}', propertySourceLocations = '{}', propertySourceProperties = '{db.tableEngine=}', contextCustomizers = set[[empty]], contextLoader = 'org.springframework.test.context.support.DelegatingSmartContextLoader', parent = [null]], attributes = map['org.springframework.test.context.event.ApplicationEventsTestExecutionListener.recordApplicationEvents' -> false]]
18:01:00.027 [main] DEBUG org.springframework.test.context.support.AbstractDirtiesContextTestExecutionListener - After test method: context [DefaultTestContext@ddc74e1 testClass = ApplicationIT, testInstance = fr.insalyon.creatis.vip.application.integrationtest.ApplicationIT@32944dff, testMethod = testInitialization@ApplicationIT, testException = [null], mergedContextConfiguration = [MergedContextConfiguration@441784e5 testClass = ApplicationIT, locations = '{}', classes = '{class fr.insalyon.creatis.vip.core.server.SpringCoreConfig}', contextInitializerClasses = '[]', activeProfiles = '{test-db, test}', propertySourceLocations = '{}', propertySourceProperties = '{db.tableEngine=}', contextCustomizers = set[[empty]], contextLoader = 'org.springframework.test.context.support.DelegatingSmartContextLoader', parent = [null]], attributes = map['org.springframework.test.context.event.ApplicationEventsTestExecutionListener.recordApplicationEvents' -> false]], class annotated with @DirtiesContext [false] with mode [null], method annotated with @DirtiesContext [false] with mode [null].
]]></system-out>
  </testcase>
  <testcase name="testRemoveApplication" classname="fr.insalyon.creatis.vip.application.integrationtest.ApplicationIT" time="0.019">
    <system-out><![CDATA[18:01:00.035 [main] DEBUG org.springframework.test.context.support.DependencyInjectionTestExecutionListener - Performing dependency injection for test context [[DefaultTestContext@ddc74e1 testClass = ApplicationIT, testInstance = fr.insalyon.creatis.vip.application.integrationtest.ApplicationIT@1d4a11ce, testMethod = [null], testException = [null], mergedContextConfiguration = [MergedContextConfiguration@441784e5 testClass = ApplicationIT, locations = '{}', classes = '{class fr.insalyon.creatis.vip.core.server.SpringCoreConfig}', contextInitializerClasses = '[]', activeProfiles = '{test-db, test}', propertySourceLocations = '{}', propertySourceProperties = '{db.tableEngine=}', contextCustomizers = set[[empty]], contextLoader = 'org.springframework.test.context.support.DelegatingSmartContextLoader', parent = [null]], attributes = map['org.springframework.test.context.event.ApplicationEventsTestExecutionListener.recordApplicationEvents' -> false]]].
18:01:00.035 [main] DEBUG org.springframework.test.context.cache.DefaultCacheAwareContextLoaderDelegate - Retrieved ApplicationContext [1811846172] from cache with key [[MergedContextConfiguration@441784e5 testClass = ApplicationIT, locations = '{}', classes = '{class fr.insalyon.creatis.vip.core.server.SpringCoreConfig}', contextInitializerClasses = '[]', activeProfiles = '{test-db, test}', propertySourceLocations = '{}', propertySourceProperties = '{db.tableEngine=}', contextCustomizers = set[[empty]], contextLoader = 'org.springframework.test.context.support.DelegatingSmartContextLoader', parent = [null]]]
18:01:00.035 [main] DEBUG org.springframework.test.context.cache - Spring test ApplicationContext cache statistics: [DefaultContextCache@25fab989 size = 1, maxSize = 32, parentContextCount = 0, hitCount = 137, missCount = 13]
18:01:00.036 [main] DEBUG org.springframework.test.context.cache.DefaultCacheAwareContextLoaderDelegate - Retrieved ApplicationContext [1811846172] from cache with key [[MergedContextConfiguration@441784e5 testClass = ApplicationIT, locations = '{}', classes = '{class fr.insalyon.creatis.vip.core.server.SpringCoreConfig}', contextInitializerClasses = '[]', activeProfiles = '{test-db, test}', propertySourceLocations = '{}', propertySourceProperties = '{db.tableEngine=}', contextCustomizers = set[[empty]], contextLoader = 'org.springframework.test.context.support.DelegatingSmartContextLoader', parent = [null]]]
18:01:00.036 [main] DEBUG org.springframework.test.context.cache - Spring test ApplicationContext cache statistics: [DefaultContextCache@25fab989 size = 1, maxSize = 32, parentContextCount = 0, hitCount = 138, missCount = 13]
18:01:00.037 [main] DEBUG org.springframework.test.context.support.AbstractDirtiesContextTestExecutionListener - Before test method: context [DefaultTestContext@ddc74e1 testClass = ApplicationIT, testInstance = fr.insalyon.creatis.vip.application.integrationtest.ApplicationIT@1d4a11ce, testMethod = testRemoveApplication@ApplicationIT, testException = [null], mergedContextConfiguration = [MergedContextConfiguration@441784e5 testClass = ApplicationIT, locations = '{}', classes = '{class fr.insalyon.creatis.vip.core.server.SpringCoreConfig}', contextInitializerClasses = '[]', activeProfiles = '{test-db, test}', propertySourceLocations = '{}', propertySourceProperties = '{db.tableEngine=}', contextCustomizers = set[[empty]], contextLoader = 'org.springframework.test.context.support.DelegatingSmartContextLoader', parent = [null]], attributes = map['org.springframework.test.context.event.ApplicationEventsTestExecutionListener.recordApplicationEvents' -> false]], class annotated with @DirtiesContext [false] with mode [null], method annotated with @DirtiesContext [false] with mode [null].
18:01:00.037 [main] DEBUG org.springframework.test.context.transaction.TransactionalTestExecutionListener - Explicit transaction definition [PROPAGATION_REQUIRED,ISOLATION_DEFAULT] found for test context [DefaultTestContext@ddc74e1 testClass = ApplicationIT, testInstance = fr.insalyon.creatis.vip.application.integrationtest.ApplicationIT@1d4a11ce, testMethod = testRemoveApplication@ApplicationIT, testException = [null], mergedContextConfiguration = [MergedContextConfiguration@441784e5 testClass = ApplicationIT, locations = '{}', classes = '{class fr.insalyon.creatis.vip.core.server.SpringCoreConfig}', contextInitializerClasses = '[]', activeProfiles = '{test-db, test}', propertySourceLocations = '{}', propertySourceProperties = '{db.tableEngine=}', contextCustomizers = set[[empty]], contextLoader = 'org.springframework.test.context.support.DelegatingSmartContextLoader', parent = [null]], attributes = map['org.springframework.test.context.event.ApplicationEventsTestExecutionListener.recordApplicationEvents' -> false]]
18:01:00.037 [main] DEBUG org.springframework.test.context.cache.DefaultCacheAwareContextLoaderDelegate - Retrieved ApplicationContext [1811846172] from cache with key [[MergedContextConfiguration@441784e5 testClass = ApplicationIT, locations = '{}', classes = '{class fr.insalyon.creatis.vip.core.server.SpringCoreConfig}', contextInitializerClasses = '[]', activeProfiles = '{test-db, test}', propertySourceLocations = '{}', propertySourceProperties = '{db.tableEngine=}', contextCustomizers = set[[empty]], contextLoader = 'org.springframework.test.context.support.DelegatingSmartContextLoader', parent = [null]]]
18:01:00.037 [main] DEBUG org.springframework.test.context.cache - Spring test ApplicationContext cache statistics: [DefaultContextCache@25fab989 size = 1, maxSize = 32, parentContextCount = 0, hitCount = 139, missCount = 13]
18:01:00.037 [main] DEBUG org.springframework.test.context.transaction.TransactionalTestExecutionListener - No method-level @Rollback override: using default rollback [true] for test context [DefaultTestContext@ddc74e1 testClass = ApplicationIT, testInstance = fr.insalyon.creatis.vip.application.integrationtest.ApplicationIT@1d4a11ce, testMethod = testRemoveApplication@ApplicationIT, testException = [null], mergedContextConfiguration = [MergedContextConfiguration@441784e5 testClass = ApplicationIT, locations = '{}', classes = '{class fr.insalyon.creatis.vip.core.server.SpringCoreConfig}', contextInitializerClasses = '[]', activeProfiles = '{test-db, test}', propertySourceLocations = '{}', propertySourceProperties = '{db.tableEngine=}', contextCustomizers = set[[empty]], contextLoader = 'org.springframework.test.context.support.DelegatingSmartContextLoader', parent = [null]], attributes = map['org.springframework.test.context.event.ApplicationEventsTestExecutionListener.recordApplicationEvents' -> false]].
18:01:00.037 [main] DEBUG org.springframework.jdbc.datasource.DataSourceTransactionManager - Creating new transaction with name [fr.insalyon.creatis.vip.application.integrationtest.ApplicationIT.testRemoveApplication]: PROPAGATION_REQUIRED,ISOLATION_DEFAULT
18:01:00.039 [main] DEBUG org.springframework.jdbc.datasource.DataSourceTransactionManager - Acquired Connection [Lazy Connection proxy for target DataSource [org.springframework.jdbc.datasource.embedded.EmbeddedDatabaseFactory$EmbeddedDataSourceProxy@513bf248]] for JDBC transaction
18:01:00.039 [main] DEBUG org.springframework.jdbc.datasource.DataSourceTransactionManager - Switching JDBC Connection [Lazy Connection proxy for target DataSource [org.springframework.jdbc.datasource.embedded.EmbeddedDatabaseFactory$EmbeddedDataSourceProxy@513bf248]] to manual commit
18:01:00.039 [main] INFO org.springframework.test.context.transaction.TransactionContext - Began transaction (1) for test context [DefaultTestContext@ddc74e1 testClass = ApplicationIT, testInstance = fr.insalyon.creatis.vip.application.integrationtest.ApplicationIT@1d4a11ce, testMethod = testRemoveApplication@ApplicationIT, testException = [null], mergedContextConfiguration = [MergedContextConfiguration@441784e5 testClass = ApplicationIT, locations = '{}', classes = '{class fr.insalyon.creatis.vip.core.server.SpringCoreConfig}', contextInitializerClasses = '[]', activeProfiles = '{test-db, test}', propertySourceLocations = '{}', propertySourceProperties = '{db.tableEngine=}', contextCustomizers = set[[empty]], contextLoader = 'org.springframework.test.context.support.DelegatingSmartContextLoader', parent = [null]], attributes = map['org.springframework.test.context.event.ApplicationEventsTestExecutionListener.recordApplicationEvents' -> false]]; transaction manager [org.springframework.jdbc.datasource.DataSourceTransactionManager@461df0fe]; rollback [true]
18:01:00.040 [main] DEBUG org.springframework.test.context.cache.DefaultCacheAwareContextLoaderDelegate - Retrieved ApplicationContext [1811846172] from cache with key [[MergedContextConfiguration@441784e5 testClass = ApplicationIT, locations = '{}', classes = '{class fr.insalyon.creatis.vip.core.server.SpringCoreConfig}', contextInitializerClasses = '[]', activeProfiles = '{test-db, test}', propertySourceLocations = '{}', propertySourceProperties = '{db.tableEngine=}', contextCustomizers = set[[empty]], contextLoader = 'org.springframework.test.context.support.DelegatingSmartContextLoader', parent = [null]]]
18:01:00.040 [main] DEBUG org.springframework.test.context.cache - Spring test ApplicationContext cache statistics: [DefaultContextCache@25fab989 size = 1, maxSize = 32, parentContextCount = 0, hitCount = 140, missCount = 13]
18:01:00.042 [main] DEBUG org.springframework.jdbc.datasource.DataSourceTransactionManager - Participating in existing transaction
18:01:00.042 [main] DEBUG org.springframework.jdbc.datasource.DataSourceTransactionManager - Participating in existing transaction
18:01:00.042 [main] DEBUG org.springframework.jdbc.datasource.SimpleDriverDataSource - Creating new JDBC Driver Connection to [jdbc:h2:mem:c60e0b3f-5ca4-462a-9a51-320229e94584;DB_CLOSE_DELAY=-1;DB_CLOSE_ON_EXIT=false]
18:01:00.043 [main] DEBUG org.springframework.jdbc.datasource.DataSourceTransactionManager - Participating in existing transaction
18:01:00.043 [main] DEBUG org.springframework.jdbc.datasource.DataSourceTransactionManager - Participating in existing transaction
18:01:00.043 [main] DEBUG org.springframework.jdbc.datasource.DataSourceTransactionManager - Participating in existing transaction
User = test1@test.fr
18:01:00.044 [main] INFO fr.insalyon.creatis.vip.core.server.business.ConfigurationBusiness - verifying test1@test.fr. List of undesired mail domains: . 
18:01:00.044 [main] INFO fr.insalyon.creatis.vip.core.server.business.ConfigurationBusiness - Signing up . List of undesired countries: .
18:01:00.044 [main] DEBUG org.springframework.jdbc.datasource.DataSourceTransactionManager - Participating in existing transaction
18:01:00.044 [main] DEBUG org.springframework.jdbc.datasource.DataSourceTransactionManager - Participating in existing transaction
18:01:00.044 [main] INFO fr.insalyon.creatis.vip.core.server.business.ConfigurationBusiness - Sending confirmation email to 'test1@test.fr'.
18:01:00.045 [main] DEBUG org.springframework.jdbc.datasource.DataSourceTransactionManager - Participating in existing transaction
18:01:00.045 [main] DEBUG org.springframework.jdbc.datasource.DataSourceTransactionManager - Participating in existing transaction
18:01:00.045 [main] DEBUG org.springframework.jdbc.datasource.DataSourceTransactionManager - Participating in existing transaction
18:01:00.046 [main] DEBUG org.springframework.jdbc.datasource.DataSourceTransactionManager - Participating in existing transaction
User = test2@test.fr
18:01:00.046 [main] INFO fr.insalyon.creatis.vip.core.server.business.ConfigurationBusiness - verifying test2@test.fr. List of undesired mail domains: . 
18:01:00.046 [main] INFO fr.insalyon.creatis.vip.core.server.business.ConfigurationBusiness - Signing up . List of undesired countries: .
18:01:00.049 [main] DEBUG org.springframework.jdbc.datasource.DataSourceTransactionManager - Participating in existing transaction
18:01:00.049 [main] DEBUG org.springframework.jdbc.datasource.DataSourceTransactionManager - Participating in existing transaction
18:01:00.051 [main] INFO fr.insalyon.creatis.vip.core.server.business.ConfigurationBusiness - Sending confirmation email to 'test2@test.fr'.
18:01:00.051 [main] DEBUG org.springframework.jdbc.datasource.DataSourceTransactionManager - Participating in existing transaction
18:01:00.051 [main] DEBUG org.springframework.jdbc.datasource.DataSourceTransactionManager - Participating in existing transaction
18:01:00.051 [main] DEBUG org.springframework.jdbc.datasource.DataSourceTransactionManager - Participating in existing transaction
18:01:00.052 [main] DEBUG org.springframework.jdbc.datasource.DataSourceTransactionManager - Participating in existing transaction
18:01:00.052 [main] DEBUG org.springframework.jdbc.datasource.DataSourceTransactionManager - Participating in existing transaction
18:01:00.053 [main] DEBUG org.springframework.jdbc.datasource.DataSourceTransactionManager - Participating in existing transaction
18:01:00.053 [main] DEBUG org.springframework.jdbc.datasource.DataSourceTransactionManager - Participating in existing transaction
18:01:00.053 [main] DEBUG org.springframework.jdbc.datasource.DataSourceTransactionManager - Participating in existing transaction
18:01:00.053 [main] DEBUG org.springframework.jdbc.datasource.DataSourceTransactionManager - Participating in existing transaction
18:01:00.053 [main] DEBUG org.springframework.test.context.cache.DefaultCacheAwareContextLoaderDelegate - Retrieved ApplicationContext [1811846172] from cache with key [[MergedContextConfiguration@441784e5 testClass = ApplicationIT, locations = '{}', classes = '{class fr.insalyon.creatis.vip.core.server.SpringCoreConfig}', contextInitializerClasses = '[]', activeProfiles = '{test-db, test}', propertySourceLocations = '{}', propertySourceProperties = '{db.tableEngine=}', contextCustomizers = set[[empty]], contextLoader = 'org.springframework.test.context.support.DelegatingSmartContextLoader', parent = [null]]]
18:01:00.053 [main] DEBUG org.springframework.test.context.cache - Spring test ApplicationContext cache statistics: [DefaultContextCache@25fab989 size = 1, maxSize = 32, parentContextCount = 0, hitCount = 141, missCount = 13]
18:01:00.053 [main] DEBUG org.springframework.jdbc.datasource.DataSourceTransactionManager - Participating in existing transaction
18:01:00.053 [main] DEBUG org.springframework.jdbc.datasource.DataSourceTransactionManager - Participating in existing transaction
18:01:00.054 [main] DEBUG org.springframework.jdbc.datasource.DataSourceTransactionManager - Participating in existing transaction
18:01:00.054 [main] DEBUG org.springframework.jdbc.datasource.DataSourceTransactionManager - Participating in existing transaction
18:01:00.054 [main] DEBUG org.springframework.test.context.cache.DefaultCacheAwareContextLoaderDelegate - Retrieved ApplicationContext [1811846172] from cache with key [[MergedContextConfiguration@441784e5 testClass = ApplicationIT, locations = '{}', classes = '{class fr.insalyon.creatis.vip.core.server.SpringCoreConfig}', contextInitializerClasses = '[]', activeProfiles = '{test-db, test}', propertySourceLocations = '{}', propertySourceProperties = '{db.tableEngine=}', contextCustomizers = set[[empty]], contextLoader = 'org.springframework.test.context.support.DelegatingSmartContextLoader', parent = [null]]]
18:01:00.054 [main] DEBUG org.springframework.test.context.cache - Spring test ApplicationContext cache statistics: [DefaultContextCache@25fab989 size = 1, maxSize = 32, parentContextCount = 0, hitCount = 142, missCount = 13]
18:01:00.054 [main] DEBUG org.springframework.test.context.cache.DefaultCacheAwareContextLoaderDelegate - Retrieved ApplicationContext [1811846172] from cache with key [[MergedContextConfiguration@441784e5 testClass = ApplicationIT, locations = '{}', classes = '{class fr.insalyon.creatis.vip.core.server.SpringCoreConfig}', contextInitializerClasses = '[]', activeProfiles = '{test-db, test}', propertySourceLocations = '{}', propertySourceProperties = '{db.tableEngine=}', contextCustomizers = set[[empty]], contextLoader = 'org.springframework.test.context.support.DelegatingSmartContextLoader', parent = [null]]]
18:01:00.054 [main] DEBUG org.springframework.test.context.cache - Spring test ApplicationContext cache statistics: [DefaultContextCache@25fab989 size = 1, maxSize = 32, parentContextCount = 0, hitCount = 143, missCount = 13]
18:01:00.055 [main] DEBUG org.springframework.jdbc.datasource.DataSourceTransactionManager - Initiating transaction rollback
18:01:00.055 [main] DEBUG org.springframework.jdbc.datasource.DataSourceTransactionManager - Rolling back JDBC transaction on Connection [conn121: url=jdbc:h2:mem:c60e0b3f-5ca4-462a-9a51-320229e94584 user=SA]
18:01:00.055 [main] DEBUG org.springframework.jdbc.datasource.DataSourceTransactionManager - Releasing JDBC Connection [conn121: url=jdbc:h2:mem:c60e0b3f-5ca4-462a-9a51-320229e94584 user=SA] after transaction
18:01:00.055 [main] INFO org.springframework.test.context.transaction.TransactionContext - Rolled back transaction for test: [DefaultTestContext@ddc74e1 testClass = ApplicationIT, testInstance = fr.insalyon.creatis.vip.application.integrationtest.ApplicationIT@1d4a11ce, testMethod = testRemoveApplication@ApplicationIT, testException = [null], mergedContextConfiguration = [MergedContextConfiguration@441784e5 testClass = ApplicationIT, locations = '{}', classes = '{class fr.insalyon.creatis.vip.core.server.SpringCoreConfig}', contextInitializerClasses = '[]', activeProfiles = '{test-db, test}', propertySourceLocations = '{}', propertySourceProperties = '{db.tableEngine=}', contextCustomizers = set[[empty]], contextLoader = 'org.springframework.test.context.support.DelegatingSmartContextLoader', parent = [null]], attributes = map['org.springframework.test.context.event.ApplicationEventsTestExecutionListener.recordApplicationEvents' -> false]]
18:01:00.055 [main] DEBUG org.springframework.test.context.support.AbstractDirtiesContextTestExecutionListener - After test method: context [DefaultTestContext@ddc74e1 testClass = ApplicationIT, testInstance = fr.insalyon.creatis.vip.application.integrationtest.ApplicationIT@1d4a11ce, testMethod = testRemoveApplication@ApplicationIT, testException = [null], mergedContextConfiguration = [MergedContextConfiguration@441784e5 testClass = ApplicationIT, locations = '{}', classes = '{class fr.insalyon.creatis.vip.core.server.SpringCoreConfig}', contextInitializerClasses = '[]', activeProfiles = '{test-db, test}', propertySourceLocations = '{}', propertySourceProperties = '{db.tableEngine=}', contextCustomizers = set[[empty]], contextLoader = 'org.springframework.test.context.support.DelegatingSmartContextLoader', parent = [null]], attributes = map['org.springframework.test.context.event.ApplicationEventsTestExecutionListener.recordApplicationEvents' -> false]], class annotated with @DirtiesContext [false] with mode [null], method annotated with @DirtiesContext [false] with mode [null].
]]></system-out>
  </testcase>
  <testcase name="testGetCitationApplication" classname="fr.insalyon.creatis.vip.application.integrationtest.ApplicationIT" time="0.019">
    <system-out><![CDATA[18:01:00.056 [main] DEBUG org.springframework.test.context.support.DependencyInjectionTestExecutionListener - Performing dependency injection for test context [[DefaultTestContext@ddc74e1 testClass = ApplicationIT, testInstance = fr.insalyon.creatis.vip.application.integrationtest.ApplicationIT@669e2f68, testMethod = [null], testException = [null], mergedContextConfiguration = [MergedContextConfiguration@441784e5 testClass = ApplicationIT, locations = '{}', classes = '{class fr.insalyon.creatis.vip.core.server.SpringCoreConfig}', contextInitializerClasses = '[]', activeProfiles = '{test-db, test}', propertySourceLocations = '{}', propertySourceProperties = '{db.tableEngine=}', contextCustomizers = set[[empty]], contextLoader = 'org.springframework.test.context.support.DelegatingSmartContextLoader', parent = [null]], attributes = map['org.springframework.test.context.event.ApplicationEventsTestExecutionListener.recordApplicationEvents' -> false]]].
18:01:00.056 [main] DEBUG org.springframework.test.context.cache.DefaultCacheAwareContextLoaderDelegate - Retrieved ApplicationContext [1811846172] from cache with key [[MergedContextConfiguration@441784e5 testClass = ApplicationIT, locations = '{}', classes = '{class fr.insalyon.creatis.vip.core.server.SpringCoreConfig}', contextInitializerClasses = '[]', activeProfiles = '{test-db, test}', propertySourceLocations = '{}', propertySourceProperties = '{db.tableEngine=}', contextCustomizers = set[[empty]], contextLoader = 'org.springframework.test.context.support.DelegatingSmartContextLoader', parent = [null]]]
18:01:00.056 [main] DEBUG org.springframework.test.context.cache - Spring test ApplicationContext cache statistics: [DefaultContextCache@25fab989 size = 1, maxSize = 32, parentContextCount = 0, hitCount = 144, missCount = 13]
18:01:00.057 [main] DEBUG org.springframework.test.context.cache.DefaultCacheAwareContextLoaderDelegate - Retrieved ApplicationContext [1811846172] from cache with key [[MergedContextConfiguration@441784e5 testClass = ApplicationIT, locations = '{}', classes = '{class fr.insalyon.creatis.vip.core.server.SpringCoreConfig}', contextInitializerClasses = '[]', activeProfiles = '{test-db, test}', propertySourceLocations = '{}', propertySourceProperties = '{db.tableEngine=}', contextCustomizers = set[[empty]], contextLoader = 'org.springframework.test.context.support.DelegatingSmartContextLoader', parent = [null]]]
18:01:00.057 [main] DEBUG org.springframework.test.context.cache - Spring test ApplicationContext cache statistics: [DefaultContextCache@25fab989 size = 1, maxSize = 32, parentContextCount = 0, hitCount = 145, missCount = 13]
18:01:00.064 [main] DEBUG org.springframework.test.context.support.AbstractDirtiesContextTestExecutionListener - Before test method: context [DefaultTestContext@ddc74e1 testClass = ApplicationIT, testInstance = fr.insalyon.creatis.vip.application.integrationtest.ApplicationIT@669e2f68, testMethod = testGetCitationApplication@ApplicationIT, testException = [null], mergedContextConfiguration = [MergedContextConfiguration@441784e5 testClass = ApplicationIT, locations = '{}', classes = '{class fr.insalyon.creatis.vip.core.server.SpringCoreConfig}', contextInitializerClasses = '[]', activeProfiles = '{test-db, test}', propertySourceLocations = '{}', propertySourceProperties = '{db.tableEngine=}', contextCustomizers = set[[empty]], contextLoader = 'org.springframework.test.context.support.DelegatingSmartContextLoader', parent = [null]], attributes = map['org.springframework.test.context.event.ApplicationEventsTestExecutionListener.recordApplicationEvents' -> false]], class annotated with @DirtiesContext [false] with mode [null], method annotated with @DirtiesContext [false] with mode [null].
18:01:00.064 [main] DEBUG org.springframework.test.context.transaction.TransactionalTestExecutionListener - Explicit transaction definition [PROPAGATION_REQUIRED,ISOLATION_DEFAULT] found for test context [DefaultTestContext@ddc74e1 testClass = ApplicationIT, testInstance = fr.insalyon.creatis.vip.application.integrationtest.ApplicationIT@669e2f68, testMethod = testGetCitationApplication@ApplicationIT, testException = [null], mergedContextConfiguration = [MergedContextConfiguration@441784e5 testClass = ApplicationIT, locations = '{}', classes = '{class fr.insalyon.creatis.vip.core.server.SpringCoreConfig}', contextInitializerClasses = '[]', activeProfiles = '{test-db, test}', propertySourceLocations = '{}', propertySourceProperties = '{db.tableEngine=}', contextCustomizers = set[[empty]], contextLoader = 'org.springframework.test.context.support.DelegatingSmartContextLoader', parent = [null]], attributes = map['org.springframework.test.context.event.ApplicationEventsTestExecutionListener.recordApplicationEvents' -> false]]
18:01:00.064 [main] DEBUG org.springframework.test.context.cache.DefaultCacheAwareContextLoaderDelegate - Retrieved ApplicationContext [1811846172] from cache with key [[MergedContextConfiguration@441784e5 testClass = ApplicationIT, locations = '{}', classes = '{class fr.insalyon.creatis.vip.core.server.SpringCoreConfig}', contextInitializerClasses = '[]', activeProfiles = '{test-db, test}', propertySourceLocations = '{}', propertySourceProperties = '{db.tableEngine=}', contextCustomizers = set[[empty]], contextLoader = 'org.springframework.test.context.support.DelegatingSmartContextLoader', parent = [null]]]
18:01:00.064 [main] DEBUG org.springframework.test.context.cache - Spring test ApplicationContext cache statistics: [DefaultContextCache@25fab989 size = 1, maxSize = 32, parentContextCount = 0, hitCount = 146, missCount = 13]
18:01:00.065 [main] DEBUG org.springframework.test.context.transaction.TransactionalTestExecutionListener - No method-level @Rollback override: using default rollback [true] for test context [DefaultTestContext@ddc74e1 testClass = ApplicationIT, testInstance = fr.insalyon.creatis.vip.application.integrationtest.ApplicationIT@669e2f68, testMethod = testGetCitationApplication@ApplicationIT, testException = [null], mergedContextConfiguration = [MergedContextConfiguration@441784e5 testClass = ApplicationIT, locations = '{}', classes = '{class fr.insalyon.creatis.vip.core.server.SpringCoreConfig}', contextInitializerClasses = '[]', activeProfiles = '{test-db, test}', propertySourceLocations = '{}', propertySourceProperties = '{db.tableEngine=}', contextCustomizers = set[[empty]], contextLoader = 'org.springframework.test.context.support.DelegatingSmartContextLoader', parent = [null]], attributes = map['org.springframework.test.context.event.ApplicationEventsTestExecutionListener.recordApplicationEvents' -> false]].
18:01:00.065 [main] DEBUG org.springframework.jdbc.datasource.DataSourceTransactionManager - Creating new transaction with name [fr.insalyon.creatis.vip.application.integrationtest.ApplicationIT.testGetCitationApplication]: PROPAGATION_REQUIRED,ISOLATION_DEFAULT
18:01:00.065 [main] DEBUG org.springframework.jdbc.datasource.DataSourceTransactionManager - Acquired Connection [Lazy Connection proxy for target DataSource [org.springframework.jdbc.datasource.embedded.EmbeddedDatabaseFactory$EmbeddedDataSourceProxy@513bf248]] for JDBC transaction
18:01:00.066 [main] DEBUG org.springframework.jdbc.datasource.DataSourceTransactionManager - Switching JDBC Connection [Lazy Connection proxy for target DataSource [org.springframework.jdbc.datasource.embedded.EmbeddedDatabaseFactory$EmbeddedDataSourceProxy@513bf248]] to manual commit
18:01:00.066 [main] INFO org.springframework.test.context.transaction.TransactionContext - Began transaction (1) for test context [DefaultTestContext@ddc74e1 testClass = ApplicationIT, testInstance = fr.insalyon.creatis.vip.application.integrationtest.ApplicationIT@669e2f68, testMethod = testGetCitationApplication@ApplicationIT, testException = [null], mergedContextConfiguration = [MergedContextConfiguration@441784e5 testClass = ApplicationIT, locations = '{}', classes = '{class fr.insalyon.creatis.vip.core.server.SpringCoreConfig}', contextInitializerClasses = '[]', activeProfiles = '{test-db, test}', propertySourceLocations = '{}', propertySourceProperties = '{db.tableEngine=}', contextCustomizers = set[[empty]], contextLoader = 'org.springframework.test.context.support.DelegatingSmartContextLoader', parent = [null]], attributes = map['org.springframework.test.context.event.ApplicationEventsTestExecutionListener.recordApplicationEvents' -> false]]; transaction manager [org.springframework.jdbc.datasource.DataSourceTransactionManager@461df0fe]; rollback [true]
18:01:00.066 [main] DEBUG org.springframework.test.context.cache.DefaultCacheAwareContextLoaderDelegate - Retrieved ApplicationContext [1811846172] from cache with key [[MergedContextConfiguration@441784e5 testClass = ApplicationIT, locations = '{}', classes = '{class fr.insalyon.creatis.vip.core.server.SpringCoreConfig}', contextInitializerClasses = '[]', activeProfiles = '{test-db, test}', propertySourceLocations = '{}', propertySourceProperties = '{db.tableEngine=}', contextCustomizers = set[[empty]], contextLoader = 'org.springframework.test.context.support.DelegatingSmartContextLoader', parent = [null]]]
18:01:00.066 [main] DEBUG org.springframework.test.context.cache - Spring test ApplicationContext cache statistics: [DefaultContextCache@25fab989 size = 1, maxSize = 32, parentContextCount = 0, hitCount = 147, missCount = 13]
18:01:00.068 [main] DEBUG org.springframework.jdbc.datasource.DataSourceTransactionManager - Participating in existing transaction
18:01:00.069 [main] DEBUG org.springframework.jdbc.datasource.DataSourceTransactionManager - Participating in existing transaction
18:01:00.069 [main] DEBUG org.springframework.jdbc.datasource.SimpleDriverDataSource - Creating new JDBC Driver Connection to [jdbc:h2:mem:c60e0b3f-5ca4-462a-9a51-320229e94584;DB_CLOSE_DELAY=-1;DB_CLOSE_ON_EXIT=false]
18:01:00.069 [main] DEBUG org.springframework.jdbc.datasource.DataSourceTransactionManager - Participating in existing transaction
18:01:00.069 [main] DEBUG org.springframework.jdbc.datasource.DataSourceTransactionManager - Participating in existing transaction
18:01:00.070 [main] DEBUG org.springframework.jdbc.datasource.DataSourceTransactionManager - Participating in existing transaction
User = test1@test.fr
18:01:00.070 [main] INFO fr.insalyon.creatis.vip.core.server.business.ConfigurationBusiness - verifying test1@test.fr. List of undesired mail domains: . 
18:01:00.070 [main] INFO fr.insalyon.creatis.vip.core.server.business.ConfigurationBusiness - Signing up . List of undesired countries: .
18:01:00.071 [main] DEBUG org.springframework.jdbc.datasource.DataSourceTransactionManager - Participating in existing transaction
18:01:00.071 [main] DEBUG org.springframework.jdbc.datasource.DataSourceTransactionManager - Participating in existing transaction
18:01:00.071 [main] INFO fr.insalyon.creatis.vip.core.server.business.ConfigurationBusiness - Sending confirmation email to 'test1@test.fr'.
18:01:00.071 [main] DEBUG org.springframework.jdbc.datasource.DataSourceTransactionManager - Participating in existing transaction
18:01:00.072 [main] DEBUG org.springframework.jdbc.datasource.DataSourceTransactionManager - Participating in existing transaction
18:01:00.072 [main] DEBUG org.springframework.jdbc.datasource.DataSourceTransactionManager - Participating in existing transaction
18:01:00.072 [main] DEBUG org.springframework.jdbc.datasource.DataSourceTransactionManager - Participating in existing transaction
User = test2@test.fr
18:01:00.072 [main] INFO fr.insalyon.creatis.vip.core.server.business.ConfigurationBusiness - verifying test2@test.fr. List of undesired mail domains: . 
18:01:00.072 [main] INFO fr.insalyon.creatis.vip.core.server.business.ConfigurationBusiness - Signing up . List of undesired countries: .
18:01:00.073 [main] DEBUG org.springframework.jdbc.datasource.DataSourceTransactionManager - Participating in existing transaction
18:01:00.075 [main] DEBUG org.springframework.jdbc.datasource.DataSourceTransactionManager - Participating in existing transaction
18:01:00.076 [main] INFO fr.insalyon.creatis.vip.core.server.business.ConfigurationBusiness - Sending confirmation email to 'test2@test.fr'.
18:01:00.076 [main] DEBUG org.springframework.jdbc.datasource.DataSourceTransactionManager - Participating in existing transaction
18:01:00.077 [main] DEBUG org.springframework.jdbc.datasource.DataSourceTransactionManager - Participating in existing transaction
18:01:00.077 [main] DEBUG org.springframework.jdbc.datasource.DataSourceTransactionManager - Participating in existing transaction
18:01:00.077 [main] DEBUG org.springframework.jdbc.datasource.DataSourceTransactionManager - Participating in existing transaction
18:01:00.077 [main] DEBUG org.springframework.jdbc.datasource.DataSourceTransactionManager - Participating in existing transaction
18:01:00.077 [main] DEBUG org.springframework.jdbc.datasource.DataSourceTransactionManager - Participating in existing transaction
18:01:00.078 [main] DEBUG org.springframework.jdbc.datasource.DataSourceTransactionManager - Participating in existing transaction
18:01:00.078 [main] DEBUG org.springframework.jdbc.datasource.DataSourceTransactionManager - Participating in existing transaction
18:01:00.078 [main] DEBUG org.springframework.jdbc.datasource.DataSourceTransactionManager - Participating in existing transaction
18:01:00.078 [main] DEBUG org.springframework.test.context.cache.DefaultCacheAwareContextLoaderDelegate - Retrieved ApplicationContext [1811846172] from cache with key [[MergedContextConfiguration@441784e5 testClass = ApplicationIT, locations = '{}', classes = '{class fr.insalyon.creatis.vip.core.server.SpringCoreConfig}', contextInitializerClasses = '[]', activeProfiles = '{test-db, test}', propertySourceLocations = '{}', propertySourceProperties = '{db.tableEngine=}', contextCustomizers = set[[empty]], contextLoader = 'org.springframework.test.context.support.DelegatingSmartContextLoader', parent = [null]]]
18:01:00.078 [main] DEBUG org.springframework.test.context.cache - Spring test ApplicationContext cache statistics: [DefaultContextCache@25fab989 size = 1, maxSize = 32, parentContextCount = 0, hitCount = 148, missCount = 13]
18:01:00.078 [main] DEBUG org.springframework.jdbc.datasource.DataSourceTransactionManager - Participating in existing transaction
18:01:00.079 [main] DEBUG org.springframework.jdbc.datasource.DataSourceTransactionManager - Participating in existing transaction
18:01:00.079 [main] DEBUG org.springframework.test.context.cache.DefaultCacheAwareContextLoaderDelegate - Retrieved ApplicationContext [1811846172] from cache with key [[MergedContextConfiguration@441784e5 testClass = ApplicationIT, locations = '{}', classes = '{class fr.insalyon.creatis.vip.core.server.SpringCoreConfig}', contextInitializerClasses = '[]', activeProfiles = '{test-db, test}', propertySourceLocations = '{}', propertySourceProperties = '{db.tableEngine=}', contextCustomizers = set[[empty]], contextLoader = 'org.springframework.test.context.support.DelegatingSmartContextLoader', parent = [null]]]
18:01:00.079 [main] DEBUG org.springframework.test.context.cache - Spring test ApplicationContext cache statistics: [DefaultContextCache@25fab989 size = 1, maxSize = 32, parentContextCount = 0, hitCount = 149, missCount = 13]
18:01:00.079 [main] DEBUG org.springframework.test.context.cache.DefaultCacheAwareContextLoaderDelegate - Retrieved ApplicationContext [1811846172] from cache with key [[MergedContextConfiguration@441784e5 testClass = ApplicationIT, locations = '{}', classes = '{class fr.insalyon.creatis.vip.core.server.SpringCoreConfig}', contextInitializerClasses = '[]', activeProfiles = '{test-db, test}', propertySourceLocations = '{}', propertySourceProperties = '{db.tableEngine=}', contextCustomizers = set[[empty]], contextLoader = 'org.springframework.test.context.support.DelegatingSmartContextLoader', parent = [null]]]
18:01:00.079 [main] DEBUG org.springframework.test.context.cache - Spring test ApplicationContext cache statistics: [DefaultContextCache@25fab989 size = 1, maxSize = 32, parentContextCount = 0, hitCount = 150, missCount = 13]
18:01:00.079 [main] DEBUG org.springframework.jdbc.datasource.DataSourceTransactionManager - Initiating transaction rollback
18:01:00.079 [main] DEBUG org.springframework.jdbc.datasource.DataSourceTransactionManager - Rolling back JDBC transaction on Connection [conn122: url=jdbc:h2:mem:c60e0b3f-5ca4-462a-9a51-320229e94584 user=SA]
18:01:00.081 [main] DEBUG org.springframework.jdbc.datasource.DataSourceTransactionManager - Releasing JDBC Connection [conn122: url=jdbc:h2:mem:c60e0b3f-5ca4-462a-9a51-320229e94584 user=SA] after transaction
18:01:00.081 [main] INFO org.springframework.test.context.transaction.TransactionContext - Rolled back transaction for test: [DefaultTestContext@ddc74e1 testClass = ApplicationIT, testInstance = fr.insalyon.creatis.vip.application.integrationtest.ApplicationIT@669e2f68, testMethod = testGetCitationApplication@ApplicationIT, testException = [null], mergedContextConfiguration = [MergedContextConfiguration@441784e5 testClass = ApplicationIT, locations = '{}', classes = '{class fr.insalyon.creatis.vip.core.server.SpringCoreConfig}', contextInitializerClasses = '[]', activeProfiles = '{test-db, test}', propertySourceLocations = '{}', propertySourceProperties = '{db.tableEngine=}', contextCustomizers = set[[empty]], contextLoader = 'org.springframework.test.context.support.DelegatingSmartContextLoader', parent = [null]], attributes = map['org.springframework.test.context.event.ApplicationEventsTestExecutionListener.recordApplicationEvents' -> false]]
18:01:00.082 [main] DEBUG org.springframework.test.context.support.AbstractDirtiesContextTestExecutionListener - After test method: context [DefaultTestContext@ddc74e1 testClass = ApplicationIT, testInstance = fr.insalyon.creatis.vip.application.integrationtest.ApplicationIT@669e2f68, testMethod = testGetCitationApplication@ApplicationIT, testException = [null], mergedContextConfiguration = [MergedContextConfiguration@441784e5 testClass = ApplicationIT, locations = '{}', classes = '{class fr.insalyon.creatis.vip.core.server.SpringCoreConfig}', contextInitializerClasses = '[]', activeProfiles = '{test-db, test}', propertySourceLocations = '{}', propertySourceProperties = '{db.tableEngine=}', contextCustomizers = set[[empty]], contextLoader = 'org.springframework.test.context.support.DelegatingSmartContextLoader', parent = [null]], attributes = map['org.springframework.test.context.event.ApplicationEventsTestExecutionListener.recordApplicationEvents' -> false]], class annotated with @DirtiesContext [false] with mode [null], method annotated with @DirtiesContext [false] with mode [null].
]]></system-out>
  </testcase>
  <testcase name="testAddVersionApplication" classname="fr.insalyon.creatis.vip.application.integrationtest.ApplicationIT" time="0.015">
    <system-out><![CDATA[18:01:00.088 [main] DEBUG org.springframework.test.context.support.DependencyInjectionTestExecutionListener - Performing dependency injection for test context [[DefaultTestContext@ddc74e1 testClass = ApplicationIT, testInstance = fr.insalyon.creatis.vip.application.integrationtest.ApplicationIT@67a3cad1, testMethod = [null], testException = [null], mergedContextConfiguration = [MergedContextConfiguration@441784e5 testClass = ApplicationIT, locations = '{}', classes = '{class fr.insalyon.creatis.vip.core.server.SpringCoreConfig}', contextInitializerClasses = '[]', activeProfiles = '{test-db, test}', propertySourceLocations = '{}', propertySourceProperties = '{db.tableEngine=}', contextCustomizers = set[[empty]], contextLoader = 'org.springframework.test.context.support.DelegatingSmartContextLoader', parent = [null]], attributes = map['org.springframework.test.context.event.ApplicationEventsTestExecutionListener.recordApplicationEvents' -> false]]].
18:01:00.089 [main] DEBUG org.springframework.test.context.cache.DefaultCacheAwareContextLoaderDelegate - Retrieved ApplicationContext [1811846172] from cache with key [[MergedContextConfiguration@441784e5 testClass = ApplicationIT, locations = '{}', classes = '{class fr.insalyon.creatis.vip.core.server.SpringCoreConfig}', contextInitializerClasses = '[]', activeProfiles = '{test-db, test}', propertySourceLocations = '{}', propertySourceProperties = '{db.tableEngine=}', contextCustomizers = set[[empty]], contextLoader = 'org.springframework.test.context.support.DelegatingSmartContextLoader', parent = [null]]]
18:01:00.089 [main] DEBUG org.springframework.test.context.cache - Spring test ApplicationContext cache statistics: [DefaultContextCache@25fab989 size = 1, maxSize = 32, parentContextCount = 0, hitCount = 151, missCount = 13]
18:01:00.090 [main] DEBUG org.springframework.test.context.cache.DefaultCacheAwareContextLoaderDelegate - Retrieved ApplicationContext [1811846172] from cache with key [[MergedContextConfiguration@441784e5 testClass = ApplicationIT, locations = '{}', classes = '{class fr.insalyon.creatis.vip.core.server.SpringCoreConfig}', contextInitializerClasses = '[]', activeProfiles = '{test-db, test}', propertySourceLocations = '{}', propertySourceProperties = '{db.tableEngine=}', contextCustomizers = set[[empty]], contextLoader = 'org.springframework.test.context.support.DelegatingSmartContextLoader', parent = [null]]]
18:01:00.090 [main] DEBUG org.springframework.test.context.cache - Spring test ApplicationContext cache statistics: [DefaultContextCache@25fab989 size = 1, maxSize = 32, parentContextCount = 0, hitCount = 152, missCount = 13]
18:01:00.091 [main] DEBUG org.springframework.test.context.support.AbstractDirtiesContextTestExecutionListener - Before test method: context [DefaultTestContext@ddc74e1 testClass = ApplicationIT, testInstance = fr.insalyon.creatis.vip.application.integrationtest.ApplicationIT@67a3cad1, testMethod = testAddVersionApplication@ApplicationIT, testException = [null], mergedContextConfiguration = [MergedContextConfiguration@441784e5 testClass = ApplicationIT, locations = '{}', classes = '{class fr.insalyon.creatis.vip.core.server.SpringCoreConfig}', contextInitializerClasses = '[]', activeProfiles = '{test-db, test}', propertySourceLocations = '{}', propertySourceProperties = '{db.tableEngine=}', contextCustomizers = set[[empty]], contextLoader = 'org.springframework.test.context.support.DelegatingSmartContextLoader', parent = [null]], attributes = map['org.springframework.test.context.event.ApplicationEventsTestExecutionListener.recordApplicationEvents' -> false]], class annotated with @DirtiesContext [false] with mode [null], method annotated with @DirtiesContext [false] with mode [null].
18:01:00.093 [main] DEBUG org.springframework.test.context.transaction.TransactionalTestExecutionListener - Explicit transaction definition [PROPAGATION_REQUIRED,ISOLATION_DEFAULT] found for test context [DefaultTestContext@ddc74e1 testClass = ApplicationIT, testInstance = fr.insalyon.creatis.vip.application.integrationtest.ApplicationIT@67a3cad1, testMethod = testAddVersionApplication@ApplicationIT, testException = [null], mergedContextConfiguration = [MergedContextConfiguration@441784e5 testClass = ApplicationIT, locations = '{}', classes = '{class fr.insalyon.creatis.vip.core.server.SpringCoreConfig}', contextInitializerClasses = '[]', activeProfiles = '{test-db, test}', propertySourceLocations = '{}', propertySourceProperties = '{db.tableEngine=}', contextCustomizers = set[[empty]], contextLoader = 'org.springframework.test.context.support.DelegatingSmartContextLoader', parent = [null]], attributes = map['org.springframework.test.context.event.ApplicationEventsTestExecutionListener.recordApplicationEvents' -> false]]
18:01:00.093 [main] DEBUG org.springframework.test.context.cache.DefaultCacheAwareContextLoaderDelegate - Retrieved ApplicationContext [1811846172] from cache with key [[MergedContextConfiguration@441784e5 testClass = ApplicationIT, locations = '{}', classes = '{class fr.insalyon.creatis.vip.core.server.SpringCoreConfig}', contextInitializerClasses = '[]', activeProfiles = '{test-db, test}', propertySourceLocations = '{}', propertySourceProperties = '{db.tableEngine=}', contextCustomizers = set[[empty]], contextLoader = 'org.springframework.test.context.support.DelegatingSmartContextLoader', parent = [null]]]
18:01:00.093 [main] DEBUG org.springframework.test.context.cache - Spring test ApplicationContext cache statistics: [DefaultContextCache@25fab989 size = 1, maxSize = 32, parentContextCount = 0, hitCount = 153, missCount = 13]
18:01:00.093 [main] DEBUG org.springframework.test.context.transaction.TransactionalTestExecutionListener - No method-level @Rollback override: using default rollback [true] for test context [DefaultTestContext@ddc74e1 testClass = ApplicationIT, testInstance = fr.insalyon.creatis.vip.application.integrationtest.ApplicationIT@67a3cad1, testMethod = testAddVersionApplication@ApplicationIT, testException = [null], mergedContextConfiguration = [MergedContextConfiguration@441784e5 testClass = ApplicationIT, locations = '{}', classes = '{class fr.insalyon.creatis.vip.core.server.SpringCoreConfig}', contextInitializerClasses = '[]', activeProfiles = '{test-db, test}', propertySourceLocations = '{}', propertySourceProperties = '{db.tableEngine=}', contextCustomizers = set[[empty]], contextLoader = 'org.springframework.test.context.support.DelegatingSmartContextLoader', parent = [null]], attributes = map['org.springframework.test.context.event.ApplicationEventsTestExecutionListener.recordApplicationEvents' -> false]].
18:01:00.093 [main] DEBUG org.springframework.jdbc.datasource.DataSourceTransactionManager - Creating new transaction with name [fr.insalyon.creatis.vip.application.integrationtest.ApplicationIT.testAddVersionApplication]: PROPAGATION_REQUIRED,ISOLATION_DEFAULT
18:01:00.093 [main] DEBUG org.springframework.jdbc.datasource.DataSourceTransactionManager - Acquired Connection [Lazy Connection proxy for target DataSource [org.springframework.jdbc.datasource.embedded.EmbeddedDatabaseFactory$EmbeddedDataSourceProxy@513bf248]] for JDBC transaction
18:01:00.094 [main] DEBUG org.springframework.jdbc.datasource.DataSourceTransactionManager - Switching JDBC Connection [Lazy Connection proxy for target DataSource [org.springframework.jdbc.datasource.embedded.EmbeddedDatabaseFactory$EmbeddedDataSourceProxy@513bf248]] to manual commit
18:01:00.094 [main] INFO org.springframework.test.context.transaction.TransactionContext - Began transaction (1) for test context [DefaultTestContext@ddc74e1 testClass = ApplicationIT, testInstance = fr.insalyon.creatis.vip.application.integrationtest.ApplicationIT@67a3cad1, testMethod = testAddVersionApplication@ApplicationIT, testException = [null], mergedContextConfiguration = [MergedContextConfiguration@441784e5 testClass = ApplicationIT, locations = '{}', classes = '{class fr.insalyon.creatis.vip.core.server.SpringCoreConfig}', contextInitializerClasses = '[]', activeProfiles = '{test-db, test}', propertySourceLocations = '{}', propertySourceProperties = '{db.tableEngine=}', contextCustomizers = set[[empty]], contextLoader = 'org.springframework.test.context.support.DelegatingSmartContextLoader', parent = [null]], attributes = map['org.springframework.test.context.event.ApplicationEventsTestExecutionListener.recordApplicationEvents' -> false]]; transaction manager [org.springframework.jdbc.datasource.DataSourceTransactionManager@461df0fe]; rollback [true]
18:01:00.094 [main] DEBUG org.springframework.test.context.cache.DefaultCacheAwareContextLoaderDelegate - Retrieved ApplicationContext [1811846172] from cache with key [[MergedContextConfiguration@441784e5 testClass = ApplicationIT, locations = '{}', classes = '{class fr.insalyon.creatis.vip.core.server.SpringCoreConfig}', contextInitializerClasses = '[]', activeProfiles = '{test-db, test}', propertySourceLocations = '{}', propertySourceProperties = '{db.tableEngine=}', contextCustomizers = set[[empty]], contextLoader = 'org.springframework.test.context.support.DelegatingSmartContextLoader', parent = [null]]]
18:01:00.094 [main] DEBUG org.springframework.test.context.cache - Spring test ApplicationContext cache statistics: [DefaultContextCache@25fab989 size = 1, maxSize = 32, parentContextCount = 0, hitCount = 154, missCount = 13]
18:01:00.099 [main] DEBUG org.springframework.jdbc.datasource.DataSourceTransactionManager - Participating in existing transaction
18:01:00.099 [main] DEBUG org.springframework.jdbc.datasource.DataSourceTransactionManager - Participating in existing transaction
18:01:00.099 [main] DEBUG org.springframework.jdbc.datasource.SimpleDriverDataSource - Creating new JDBC Driver Connection to [jdbc:h2:mem:c60e0b3f-5ca4-462a-9a51-320229e94584;DB_CLOSE_DELAY=-1;DB_CLOSE_ON_EXIT=false]
18:01:00.100 [main] DEBUG org.springframework.jdbc.datasource.DataSourceTransactionManager - Participating in existing transaction
18:01:00.100 [main] DEBUG org.springframework.jdbc.datasource.DataSourceTransactionManager - Participating in existing transaction
18:01:00.100 [main] DEBUG org.springframework.jdbc.datasource.DataSourceTransactionManager - Participating in existing transaction
User = test1@test.fr
18:01:00.100 [main] INFO fr.insalyon.creatis.vip.core.server.business.ConfigurationBusiness - verifying test1@test.fr. List of undesired mail domains: . 
18:01:00.100 [main] INFO fr.insalyon.creatis.vip.core.server.business.ConfigurationBusiness - Signing up . List of undesired countries: .
18:01:00.101 [main] DEBUG org.springframework.jdbc.datasource.DataSourceTransactionManager - Participating in existing transaction
18:01:00.101 [main] DEBUG org.springframework.jdbc.datasource.DataSourceTransactionManager - Participating in existing transaction
18:01:00.101 [main] INFO fr.insalyon.creatis.vip.core.server.business.ConfigurationBusiness - Sending confirmation email to 'test1@test.fr'.
18:01:00.101 [main] DEBUG org.springframework.jdbc.datasource.DataSourceTransactionManager - Participating in existing transaction
18:01:00.102 [main] DEBUG org.springframework.jdbc.datasource.DataSourceTransactionManager - Participating in existing transaction
18:01:00.102 [main] DEBUG org.springframework.jdbc.datasource.DataSourceTransactionManager - Participating in existing transaction
18:01:00.102 [main] DEBUG org.springframework.jdbc.datasource.DataSourceTransactionManager - Participating in existing transaction
User = test2@test.fr
18:01:00.102 [main] INFO fr.insalyon.creatis.vip.core.server.business.ConfigurationBusiness - verifying test2@test.fr. List of undesired mail domains: . 
18:01:00.102 [main] INFO fr.insalyon.creatis.vip.core.server.business.ConfigurationBusiness - Signing up . List of undesired countries: .
18:01:00.103 [main] DEBUG org.springframework.jdbc.datasource.DataSourceTransactionManager - Participating in existing transaction
18:01:00.103 [main] DEBUG org.springframework.jdbc.datasource.DataSourceTransactionManager - Participating in existing transaction
18:01:00.103 [main] INFO fr.insalyon.creatis.vip.core.server.business.ConfigurationBusiness - Sending confirmation email to 'test2@test.fr'.
18:01:00.103 [main] DEBUG org.springframework.jdbc.datasource.DataSourceTransactionManager - Participating in existing transaction
18:01:00.103 [main] DEBUG org.springframework.jdbc.datasource.DataSourceTransactionManager - Participating in existing transaction
18:01:00.103 [main] DEBUG org.springframework.jdbc.datasource.DataSourceTransactionManager - Participating in existing transaction
18:01:00.103 [main] DEBUG org.springframework.jdbc.datasource.DataSourceTransactionManager - Participating in existing transaction
18:01:00.103 [main] DEBUG org.springframework.jdbc.datasource.DataSourceTransactionManager - Participating in existing transaction
18:01:00.104 [main] DEBUG org.springframework.jdbc.datasource.DataSourceTransactionManager - Participating in existing transaction
18:01:00.104 [main] DEBUG org.springframework.jdbc.datasource.DataSourceTransactionManager - Participating in existing transaction
18:01:00.104 [main] DEBUG org.springframework.jdbc.datasource.DataSourceTransactionManager - Participating in existing transaction
18:01:00.104 [main] DEBUG org.springframework.jdbc.datasource.DataSourceTransactionManager - Participating in existing transaction
18:01:00.104 [main] DEBUG org.springframework.test.context.cache.DefaultCacheAwareContextLoaderDelegate - Retrieved ApplicationContext [1811846172] from cache with key [[MergedContextConfiguration@441784e5 testClass = ApplicationIT, locations = '{}', classes = '{class fr.insalyon.creatis.vip.core.server.SpringCoreConfig}', contextInitializerClasses = '[]', activeProfiles = '{test-db, test}', propertySourceLocations = '{}', propertySourceProperties = '{db.tableEngine=}', contextCustomizers = set[[empty]], contextLoader = 'org.springframework.test.context.support.DelegatingSmartContextLoader', parent = [null]]]
18:01:00.104 [main] DEBUG org.springframework.test.context.cache - Spring test ApplicationContext cache statistics: [DefaultContextCache@25fab989 size = 1, maxSize = 32, parentContextCount = 0, hitCount = 155, missCount = 13]
18:01:00.104 [main] DEBUG org.springframework.jdbc.datasource.DataSourceTransactionManager - Participating in existing transaction
18:01:00.104 [main] DEBUG org.springframework.jdbc.datasource.DataSourceTransactionManager - Participating in existing transaction
18:01:00.104 [main] DEBUG org.springframework.jdbc.datasource.DataSourceTransactionManager - Participating in existing transaction
18:01:00.104 [main] DEBUG org.springframework.jdbc.datasource.DataSourceTransactionManager - Participating in existing transaction
18:01:00.105 [main] DEBUG org.springframework.test.context.cache.DefaultCacheAwareContextLoaderDelegate - Retrieved ApplicationContext [1811846172] from cache with key [[MergedContextConfiguration@441784e5 testClass = ApplicationIT, locations = '{}', classes = '{class fr.insalyon.creatis.vip.core.server.SpringCoreConfig}', contextInitializerClasses = '[]', activeProfiles = '{test-db, test}', propertySourceLocations = '{}', propertySourceProperties = '{db.tableEngine=}', contextCustomizers = set[[empty]], contextLoader = 'org.springframework.test.context.support.DelegatingSmartContextLoader', parent = [null]]]
18:01:00.105 [main] DEBUG org.springframework.test.context.cache - Spring test ApplicationContext cache statistics: [DefaultContextCache@25fab989 size = 1, maxSize = 32, parentContextCount = 0, hitCount = 156, missCount = 13]
18:01:00.105 [main] DEBUG org.springframework.test.context.cache.DefaultCacheAwareContextLoaderDelegate - Retrieved ApplicationContext [1811846172] from cache with key [[MergedContextConfiguration@441784e5 testClass = ApplicationIT, locations = '{}', classes = '{class fr.insalyon.creatis.vip.core.server.SpringCoreConfig}', contextInitializerClasses = '[]', activeProfiles = '{test-db, test}', propertySourceLocations = '{}', propertySourceProperties = '{db.tableEngine=}', contextCustomizers = set[[empty]], contextLoader = 'org.springframework.test.context.support.DelegatingSmartContextLoader', parent = [null]]]
18:01:00.105 [main] DEBUG org.springframework.test.context.cache - Spring test ApplicationContext cache statistics: [DefaultContextCache@25fab989 size = 1, maxSize = 32, parentContextCount = 0, hitCount = 157, missCount = 13]
18:01:00.105 [main] DEBUG org.springframework.jdbc.datasource.DataSourceTransactionManager - Initiating transaction rollback
18:01:00.105 [main] DEBUG org.springframework.jdbc.datasource.DataSourceTransactionManager - Rolling back JDBC transaction on Connection [conn123: url=jdbc:h2:mem:c60e0b3f-5ca4-462a-9a51-320229e94584 user=SA]
18:01:00.105 [main] DEBUG org.springframework.jdbc.datasource.DataSourceTransactionManager - Releasing JDBC Connection [conn123: url=jdbc:h2:mem:c60e0b3f-5ca4-462a-9a51-320229e94584 user=SA] after transaction
18:01:00.105 [main] INFO org.springframework.test.context.transaction.TransactionContext - Rolled back transaction for test: [DefaultTestContext@ddc74e1 testClass = ApplicationIT, testInstance = fr.insalyon.creatis.vip.application.integrationtest.ApplicationIT@67a3cad1, testMethod = testAddVersionApplication@ApplicationIT, testException = [null], mergedContextConfiguration = [MergedContextConfiguration@441784e5 testClass = ApplicationIT, locations = '{}', classes = '{class fr.insalyon.creatis.vip.core.server.SpringCoreConfig}', contextInitializerClasses = '[]', activeProfiles = '{test-db, test}', propertySourceLocations = '{}', propertySourceProperties = '{db.tableEngine=}', contextCustomizers = set[[empty]], contextLoader = 'org.springframework.test.context.support.DelegatingSmartContextLoader', parent = [null]], attributes = map['org.springframework.test.context.event.ApplicationEventsTestExecutionListener.recordApplicationEvents' -> false]]
18:01:00.105 [main] DEBUG org.springframework.test.context.support.AbstractDirtiesContextTestExecutionListener - After test method: context [DefaultTestContext@ddc74e1 testClass = ApplicationIT, testInstance = fr.insalyon.creatis.vip.application.integrationtest.ApplicationIT@67a3cad1, testMethod = testAddVersionApplication@ApplicationIT, testException = [null], mergedContextConfiguration = [MergedContextConfiguration@441784e5 testClass = ApplicationIT, locations = '{}', classes = '{class fr.insalyon.creatis.vip.core.server.SpringCoreConfig}', contextInitializerClasses = '[]', activeProfiles = '{test-db, test}', propertySourceLocations = '{}', propertySourceProperties = '{db.tableEngine=}', contextCustomizers = set[[empty]], contextLoader = 'org.springframework.test.context.support.DelegatingSmartContextLoader', parent = [null]], attributes = map['org.springframework.test.context.event.ApplicationEventsTestExecutionListener.recordApplicationEvents' -> false]], class annotated with @DirtiesContext [false] with mode [null], method annotated with @DirtiesContext [false] with mode [null].
]]></system-out>
  </testcase>
</testsuite>