<?xml version="1.0" encoding="UTF-8"?>
<testsuite xmlns:xsi="http://www.w3.org/2001/XMLSchema-instance" xsi:noNamespaceSchemaLocation="https://maven.apache.org/surefire/maven-failsafe-plugin/xsd/failsafe-test-report-3.0.xsd" version="3.0" name="fr.insalyon.creatis.vip.application.integrationtest.ParserIT" time="0.019" tests="1" errors="0" skipped="0" failures="0">
  <properties>
    <property name="sun.desktop" value="gnome"/>
    <property name="awt.toolkit" value="sun.awt.X11.XToolkit"/>
    <property name="java.specification.version" value="11"/>
    <property name="sun.cpu.isalist" value=""/>
    <property name="sun.jnu.encoding" value="UTF-8"/>
    <property name="java.class.path" value="/home/marza/Documents/VIP-portal/vip-application/target/test-classes:/home/marza/Documents/VIP-portal/vip-application/target/vip-application-2.4.1.jar:/home/marza/Documents/VIP-portal/vip-core/target/vip-core-2.4.1.jar:/home/marza/.m2/repository/com/google/gwt/gwt-user/2.8.2/gwt-user-2.8.2.jar:/home/marza/.m2/repository/com/google/jsinterop/jsinterop-annotations/1.0.2/jsinterop-annotations-1.0.2.jar:/home/marza/.m2/repository/com/google/jsinterop/jsinterop-annotations/1.0.2/jsinterop-annotations-1.0.2-sources.jar:/home/marza/.m2/repository/javax/servlet/javax.servlet-api/3.1.0/javax.servlet-api-3.1.0.jar:/home/marza/.m2/repository/org/w3c/css/sac/1.3/sac-1.3.jar:/home/marza/.m2/repository/com/isomorphic/smartgwt/lgpl/smartgwt-lgpl/12.0p/smartgwt-lgpl-12.0p.jar:/home/marza/.m2/repository/org/bouncycastle/bcpkix-jdk15on/1.52/bcpkix-jdk15on-1.52.jar:/home/marza/.m2/repository/org/bouncycastle/bcprov-jdk15on/1.52/bcprov-jdk15on-1.52.jar:/home/marza/.m2/repository/fr/insalyon/creatis/grida-client/2.2.0/grida-client-2.2.0.jar:/home/marza/.m2/repository/fr/insalyon/creatis/grida-common/2.2.0/grida-common-2.2.0.jar:/home/marza/.m2/repository/commons-cli/commons-cli/1.4/commons-cli-1.4.jar:/home/marza/.m2/repository/fr/insalyon/creatis/sma-client/0.3.0/sma-client-0.3.0.jar:/home/marza/.m2/repository/fr/insalyon/creatis/sma-common/0.3.0/sma-common-0.3.0.jar:/home/marza/.m2/repository/fr/insalyon/creatis/devtools/0.1/devtools-0.1.jar:/home/marza/.m2/repository/org/slf4j/slf4j-api/1.7.30/slf4j-api-1.7.30.jar:/home/marza/.m2/repository/commons-configuration/commons-configuration/1.7/commons-configuration-1.7.jar:/home/marza/.m2/repository/commons-collections/commons-collections/3.2.2/commons-collections-3.2.2.jar:/home/marza/.m2/repository/commons-digester/commons-digester/1.8.1/commons-digester-1.8.1.jar:/home/marza/.m2/repository/commons-beanutils/commons-beanutils/1.8.3/commons-beanutils-1.8.3.jar:/home/marza/.m2/repository/commons-codec/commons-codec/1.6/commons-codec-1.6.jar:/home/marza/.m2/repository/commons-io/commons-io/2.4/commons-io-2.4.jar:/home/marza/.m2/repository/org/opensaml/opensaml/2.6.0/opensaml-2.6.0.jar:/home/marza/.m2/repository/org/opensaml/openws/1.5.0/openws-1.5.0.jar:/home/marza/.m2/repository/org/opensaml/xmltooling/1.4.0/xmltooling-1.4.0.jar:/home/marza/.m2/repository/ca/juliusdavies/not-yet-commons-ssl/0.3.9/not-yet-commons-ssl-0.3.9.jar:/home/marza/.m2/repository/org/apache/santuario/xmlsec/1.5.4/xmlsec-1.5.4.jar:/home/marza/.m2/repository/commons-httpclient/commons-httpclient/3.1/commons-httpclient-3.1.jar:/home/marza/.m2/repository/org/apache/velocity/velocity/1.7/velocity-1.7.jar:/home/marza/.m2/repository/org/owasp/esapi/esapi/2.0.1/esapi-2.0.1.jar:/home/marza/.m2/repository/joda-time/joda-time/2.2/joda-time-2.2.jar:/home/marza/.m2/repository/xalan/serializer/2.7.1/serializer-2.7.1.jar:/home/marza/.m2/repository/xml-resolver/xml-resolver/1.2/xml-resolver-1.2.jar:/home/marza/.m2/repository/xalan/xalan/2.7.1/xalan-2.7.1.jar:/home/marza/.m2/repository/javax/mail/mail/1.4.5/mail-1.4.5.jar:/home/marza/.m2/repository/javax/annotation/javax.annotation-api/1.3.2/javax.annotation-api-1.3.2.jar:/home/marza/.m2/repository/org/springframework/spring-web/5.3.15/spring-web-5.3.15.jar:/home/marza/.m2/repository/org/springframework/spring-beans/5.3.15/spring-beans-5.3.15.jar:/home/marza/.m2/repository/org/springframework/spring-jdbc/5.3.15/spring-jdbc-5.3.15.jar:/home/marza/.m2/repository/org/springframework/spring-tx/5.3.15/spring-tx-5.3.15.jar:/home/marza/.m2/repository/org/springframework/spring-context/5.3.15/spring-context-5.3.15.jar:/home/marza/.m2/repository/org/springframework/spring-aop/5.3.15/spring-aop-5.3.15.jar:/home/marza/.m2/repository/org/springframework/spring-expression/5.3.15/spring-expression-5.3.15.jar:/home/marza/Documents/VIP-portal/vip-datamanagement/target/vip-datamanager-2.4.1.jar:/home/marza/.m2/repository/commons-fileupload/commons-fileupload/1.3.3/commons-fileupload-1.3.3.jar:/home/marza/.m2/repository/com/fasterxml/jackson/core/jackson-databind/2.11.0/jackson-databind-2.11.0.jar:/home/marza/.m2/repository/com/fasterxml/jackson/core/jackson-annotations/2.11.0/jackson-annotations-2.11.0.jar:/home/marza/.m2/repository/com/fasterxml/jackson/core/jackson-core/2.11.0/jackson-core-2.11.0.jar:/home/marza/Documents/VIP-portal/vip-social/target/vip-social-2.4.1.jar:/home/marza/.m2/repository/fr/insalyon/creatis/moteur2-workflowsdb-common/1.6/moteur2-workflowsdb-common-1.6.jar:/home/marza/.m2/repository/org/hibernate/hibernate-entitymanager/4.1.1.Final/hibernate-entitymanager-4.1.1.Final.jar:/home/marza/.m2/repository/org/jboss/logging/jboss-logging/3.1.0.GA/jboss-logging-3.1.0.GA.jar:/home/marza/.m2/repository/org/hibernate/hibernate-core/4.1.1.Final/hibernate-core-4.1.1.Final.jar:/home/marza/.m2/repository/antlr/antlr/2.7.7/antlr-2.7.7.jar:/home/marza/.m2/repository/org/jboss/spec/javax/transaction/jboss-transaction-api_1.1_spec/1.0.0.Final/jboss-transaction-api_1.1_spec-1.0.0.Final.jar:/home/marza/.m2/repository/dom4j/dom4j/1.6.1/dom4j-1.6.1.jar:/home/marza/.m2/repository/org/hibernate/javax/persistence/hibernate-jpa-2.0-api/1.0.1.Final/hibernate-jpa-2.0-api-1.0.1.Final.jar:/home/marza/.m2/repository/org/javassist/javassist/3.15.0-GA/javassist-3.15.0-GA.jar:/home/marza/.m2/repository/org/hibernate/common/hibernate-commons-annotations/4.0.1.Final/hibernate-commons-annotations-4.0.1.Final.jar:/home/marza/.m2/repository/com/googlecode/gflot/gflot/3.0.2/gflot-3.0.2.jar:/home/marza/.m2/repository/globus-common/jaxrpc/4.2.1/jaxrpc-4.2.1.jar:/home/marza/.m2/repository/org/apache/axis/axis/1.4.1-vip/axis-1.4.1-vip.jar:/home/marza/.m2/repository/org/apache/axis/axis-jaxrpc/1.4.1-SNAPSHOT/axis-jaxrpc-1.4.1-SNAPSHOT.jar:/home/marza/.m2/repository/javax/servlet/servlet-api/2.4/servlet-api-2.4.jar:/home/marza/.m2/repository/commons-logging/commons-logging/99-empty/commons-logging-99-empty.jar:/home/marza/.m2/repository/javax/activation/activation/1.1/activation-1.1.jar:/home/marza/.m2/repository/xerces/xercesImpl/2.6.2/xercesImpl-2.6.2.jar:/home/marza/.m2/repository/xerces/xmlParserAPIs/2.6.2/xmlParserAPIs-2.6.2.jar:/home/marza/.m2/repository/castor/castor/0.9.4.2/castor-0.9.4.2.jar:/home/marza/.m2/repository/bsf/bsf/2.3.0/bsf-2.3.0.jar:/home/marza/.m2/repository/commons-net/commons-net/1.0.0/commons-net-1.0.0.jar:/home/marza/.m2/repository/org/eclipse/emf/common/2.2.3/common-2.2.3.jar:/home/marza/.m2/repository/org/eclipse/emf/ecore/2.2.3/ecore-2.2.3.jar:/home/marza/.m2/repository/org/eclipse/emf/ecore-xmi/2.2.3/ecore-xmi-2.2.3.jar:/home/marza/.m2/repository/org/eclipse/xsd/xsd/2.2.3/xsd-2.2.3.jar:/home/marza/.m2/repository/org/apache/axis/axis-saaj/1.4/axis-saaj-1.4.jar:/home/marza/.m2/repository/commons-discovery/commons-discovery/0.4/commons-discovery-0.4.jar:/home/marza/.m2/repository/wsdl4j/wsdl4j/1.6.1/wsdl4j-1.6.1.jar:/home/marza/.m2/repository/org/jsoup/jsoup/1.7.2/jsoup-1.7.2.jar:/home/marza/.m2/repository/xml-apis/xml-apis/1.4.01/xml-apis-1.4.01.jar:/home/marza/Documents/VIP-portal/vip-core/target/vip-core-2.4.1-tests.jar:/home/marza/.m2/repository/org/junit/jupiter/junit-jupiter/5.6.2/junit-jupiter-5.6.2.jar:/home/marza/.m2/repository/org/junit/jupiter/junit-jupiter-api/5.6.2/junit-jupiter-api-5.6.2.jar:/home/marza/.m2/repository/org/apiguardian/apiguardian-api/1.1.0/apiguardian-api-1.1.0.jar:/home/marza/.m2/repository/org/opentest4j/opentest4j/1.2.0/opentest4j-1.2.0.jar:/home/marza/.m2/repository/org/junit/platform/junit-platform-commons/1.6.2/junit-platform-commons-1.6.2.jar:/home/marza/.m2/repository/org/junit/jupiter/junit-jupiter-params/5.6.2/junit-jupiter-params-5.6.2.jar:/home/marza/.m2/repository/org/junit/jupiter/junit-jupiter-engine/5.6.2/junit-jupiter-engine-5.6.2.jar:/home/marza/.m2/repository/org/junit/platform/junit-platform-engine/1.6.2/junit-platform-engine-1.6.2.jar:/home/marza/.m2/repository/org/springframework/spring-test/5.3.15/spring-test-5.3.15.jar:/home/marza/.m2/repository/org/springframework/spring-core/5.3.15/spring-core-5.3.15.jar:/home/marza/.m2/repository/org/springframework/spring-jcl/5.3.15/spring-jcl-5.3.15.jar:/home/marza/.m2/repository/com/h2database/h2/1.3.173/h2-1.3.173.jar:/home/marza/.m2/repository/ch/qos/logback/logback-classic/1.2.3/logback-classic-1.2.3.jar:/home/marza/.m2/repository/ch/qos/logback/logback-core/1.2.3/logback-core-1.2.3.jar:/home/marza/.m2/repository/com/github/h-thurow/simple-jndi/0.23.0/simple-jndi-0.23.0.jar:/home/marza/.m2/repository/org/jetbrains/annotations/13.0/annotations-13.0.jar:/home/marza/.m2/repository/commons-lang/commons-lang/2.6/commons-lang-2.6.jar:/home/marza/.m2/repository/org/mockito/mockito-core/4.6.1/mockito-core-4.6.1.jar:/home/marza/.m2/repository/net/bytebuddy/byte-buddy/1.12.10/byte-buddy-1.12.10.jar:/home/marza/.m2/repository/net/bytebuddy/byte-buddy-agent/1.12.10/byte-buddy-agent-1.12.10.jar:/home/marza/.m2/repository/org/objenesis/objenesis/3.2/objenesis-3.2.jar:/home/marza/.m2/repository/org/springframework/security/spring-security-test/5.6.1/spring-security-test-5.6.1.jar:/home/marza/.m2/repository/org/springframework/security/spring-security-core/5.6.1/spring-security-core-5.6.1.jar:/home/marza/.m2/repository/org/springframework/security/spring-security-crypto/5.6.1/spring-security-crypto-5.6.1.jar:/home/marza/.m2/repository/org/springframework/security/spring-security-web/5.6.1/spring-security-web-5.6.1.jar:/home/marza/.m2/repository/org/hamcrest/hamcrest/2.2/hamcrest-2.2.jar:/home/marza/.m2/repository/com/jayway/jsonpath/json-path/2.2.0/json-path-2.2.0.jar:/home/marza/.m2/repository/net/minidev/json-smart/2.2.1/json-smart-2.2.1.jar:/home/marza/.m2/repository/net/minidev/accessors-smart/1.1/accessors-smart-1.1.jar:/home/marza/.m2/repository/org/ow2/asm/asm/5.0.3/asm-5.0.3.jar:/home/marza/.m2/repository/org/mockito/mockito-inline/5.2.0/mockito-inline-5.2.0.jar:"/>
    <property name="java.vm.vendor" value="Red Hat, Inc."/>
    <property name="sun.arch.data.model" value="64"/>
    <property name="java.vendor.url" value="https://www.redhat.com/"/>
    <property name="user.timezone" value="Europe/Paris"/>
    <property name="java.vm.specification.version" value="11"/>
    <property name="os.name" value="Linux"/>
    <property name="sun.java.launcher" value="SUN_STANDARD"/>
    <property name="user.country" value="FR"/>
    <property name="sun.boot.library.path" value="/usr/lib/jvm/java-11-openjdk-11.0.19.0.7-1.fc37.x86_64/lib"/>
    <property name="sun.java.command" value="/home/marza/Documents/VIP-portal/vip-application/target/surefire/surefirebooter-20230707150739727_112.jar /home/marza/Documents/VIP-portal/vip-application/target/surefire 2023-07-07T15-07-16_417-jvmRun1 surefire-20230707150739727_110tmp surefire_2-20230707150739727_111tmp"/>
    <property name="jdk.debug" value="release"/>
    <property name="surefire.test.class.path" value="/home/marza/Documents/VIP-portal/vip-application/target/test-classes:/home/marza/Documents/VIP-portal/vip-application/target/vip-application-2.4.1.jar:/home/marza/Documents/VIP-portal/vip-core/target/vip-core-2.4.1.jar:/home/marza/.m2/repository/com/google/gwt/gwt-user/2.8.2/gwt-user-2.8.2.jar:/home/marza/.m2/repository/com/google/jsinterop/jsinterop-annotations/1.0.2/jsinterop-annotations-1.0.2.jar:/home/marza/.m2/repository/com/google/jsinterop/jsinterop-annotations/1.0.2/jsinterop-annotations-1.0.2-sources.jar:/home/marza/.m2/repository/javax/servlet/javax.servlet-api/3.1.0/javax.servlet-api-3.1.0.jar:/home/marza/.m2/repository/org/w3c/css/sac/1.3/sac-1.3.jar:/home/marza/.m2/repository/com/isomorphic/smartgwt/lgpl/smartgwt-lgpl/12.0p/smartgwt-lgpl-12.0p.jar:/home/marza/.m2/repository/org/bouncycastle/bcpkix-jdk15on/1.52/bcpkix-jdk15on-1.52.jar:/home/marza/.m2/repository/org/bouncycastle/bcprov-jdk15on/1.52/bcprov-jdk15on-1.52.jar:/home/marza/.m2/repository/fr/insalyon/creatis/grida-client/2.2.0/grida-client-2.2.0.jar:/home/marza/.m2/repository/fr/insalyon/creatis/grida-common/2.2.0/grida-common-2.2.0.jar:/home/marza/.m2/repository/commons-cli/commons-cli/1.4/commons-cli-1.4.jar:/home/marza/.m2/repository/fr/insalyon/creatis/sma-client/0.3.0/sma-client-0.3.0.jar:/home/marza/.m2/repository/fr/insalyon/creatis/sma-common/0.3.0/sma-common-0.3.0.jar:/home/marza/.m2/repository/fr/insalyon/creatis/devtools/0.1/devtools-0.1.jar:/home/marza/.m2/repository/org/slf4j/slf4j-api/1.7.30/slf4j-api-1.7.30.jar:/home/marza/.m2/repository/commons-configuration/commons-configuration/1.7/commons-configuration-1.7.jar:/home/marza/.m2/repository/commons-collections/commons-collections/3.2.2/commons-collections-3.2.2.jar:/home/marza/.m2/repository/commons-digester/commons-digester/1.8.1/commons-digester-1.8.1.jar:/home/marza/.m2/repository/commons-beanutils/commons-beanutils/1.8.3/commons-beanutils-1.8.3.jar:/home/marza/.m2/repository/commons-codec/commons-codec/1.6/commons-codec-1.6.jar:/home/marza/.m2/repository/commons-io/commons-io/2.4/commons-io-2.4.jar:/home/marza/.m2/repository/org/opensaml/opensaml/2.6.0/opensaml-2.6.0.jar:/home/marza/.m2/repository/org/opensaml/openws/1.5.0/openws-1.5.0.jar:/home/marza/.m2/repository/org/opensaml/xmltooling/1.4.0/xmltooling-1.4.0.jar:/home/marza/.m2/repository/ca/juliusdavies/not-yet-commons-ssl/0.3.9/not-yet-commons-ssl-0.3.9.jar:/home/marza/.m2/repository/org/apache/santuario/xmlsec/1.5.4/xmlsec-1.5.4.jar:/home/marza/.m2/repository/commons-httpclient/commons-httpclient/3.1/commons-httpclient-3.1.jar:/home/marza/.m2/repository/org/apache/velocity/velocity/1.7/velocity-1.7.jar:/home/marza/.m2/repository/org/owasp/esapi/esapi/2.0.1/esapi-2.0.1.jar:/home/marza/.m2/repository/joda-time/joda-time/2.2/joda-time-2.2.jar:/home/marza/.m2/repository/xalan/serializer/2.7.1/serializer-2.7.1.jar:/home/marza/.m2/repository/xml-resolver/xml-resolver/1.2/xml-resolver-1.2.jar:/home/marza/.m2/repository/xalan/xalan/2.7.1/xalan-2.7.1.jar:/home/marza/.m2/repository/javax/mail/mail/1.4.5/mail-1.4.5.jar:/home/marza/.m2/repository/javax/annotation/javax.annotation-api/1.3.2/javax.annotation-api-1.3.2.jar:/home/marza/.m2/repository/org/springframework/spring-web/5.3.15/spring-web-5.3.15.jar:/home/marza/.m2/repository/org/springframework/spring-beans/5.3.15/spring-beans-5.3.15.jar:/home/marza/.m2/repository/org/springframework/spring-jdbc/5.3.15/spring-jdbc-5.3.15.jar:/home/marza/.m2/repository/org/springframework/spring-tx/5.3.15/spring-tx-5.3.15.jar:/home/marza/.m2/repository/org/springframework/spring-context/5.3.15/spring-context-5.3.15.jar:/home/marza/.m2/repository/org/springframework/spring-aop/5.3.15/spring-aop-5.3.15.jar:/home/marza/.m2/repository/org/springframework/spring-expression/5.3.15/spring-expression-5.3.15.jar:/home/marza/Documents/VIP-portal/vip-datamanagement/target/vip-datamanager-2.4.1.jar:/home/marza/.m2/repository/commons-fileupload/commons-fileupload/1.3.3/commons-fileupload-1.3.3.jar:/home/marza/.m2/repository/com/fasterxml/jackson/core/jackson-databind/2.11.0/jackson-databind-2.11.0.jar:/home/marza/.m2/repository/com/fasterxml/jackson/core/jackson-annotations/2.11.0/jackson-annotations-2.11.0.jar:/home/marza/.m2/repository/com/fasterxml/jackson/core/jackson-core/2.11.0/jackson-core-2.11.0.jar:/home/marza/Documents/VIP-portal/vip-social/target/vip-social-2.4.1.jar:/home/marza/.m2/repository/fr/insalyon/creatis/moteur2-workflowsdb-common/1.6/moteur2-workflowsdb-common-1.6.jar:/home/marza/.m2/repository/org/hibernate/hibernate-entitymanager/4.1.1.Final/hibernate-entitymanager-4.1.1.Final.jar:/home/marza/.m2/repository/org/jboss/logging/jboss-logging/3.1.0.GA/jboss-logging-3.1.0.GA.jar:/home/marza/.m2/repository/org/hibernate/hibernate-core/4.1.1.Final/hibernate-core-4.1.1.Final.jar:/home/marza/.m2/repository/antlr/antlr/2.7.7/antlr-2.7.7.jar:/home/marza/.m2/repository/org/jboss/spec/javax/transaction/jboss-transaction-api_1.1_spec/1.0.0.Final/jboss-transaction-api_1.1_spec-1.0.0.Final.jar:/home/marza/.m2/repository/dom4j/dom4j/1.6.1/dom4j-1.6.1.jar:/home/marza/.m2/repository/org/hibernate/javax/persistence/hibernate-jpa-2.0-api/1.0.1.Final/hibernate-jpa-2.0-api-1.0.1.Final.jar:/home/marza/.m2/repository/org/javassist/javassist/3.15.0-GA/javassist-3.15.0-GA.jar:/home/marza/.m2/repository/org/hibernate/common/hibernate-commons-annotations/4.0.1.Final/hibernate-commons-annotations-4.0.1.Final.jar:/home/marza/.m2/repository/com/googlecode/gflot/gflot/3.0.2/gflot-3.0.2.jar:/home/marza/.m2/repository/globus-common/jaxrpc/4.2.1/jaxrpc-4.2.1.jar:/home/marza/.m2/repository/org/apache/axis/axis/1.4.1-vip/axis-1.4.1-vip.jar:/home/marza/.m2/repository/org/apache/axis/axis-jaxrpc/1.4.1-SNAPSHOT/axis-jaxrpc-1.4.1-SNAPSHOT.jar:/home/marza/.m2/repository/javax/servlet/servlet-api/2.4/servlet-api-2.4.jar:/home/marza/.m2/repository/commons-logging/commons-logging/99-empty/commons-logging-99-empty.jar:/home/marza/.m2/repository/javax/activation/activation/1.1/activation-1.1.jar:/home/marza/.m2/repository/xerces/xercesImpl/2.6.2/xercesImpl-2.6.2.jar:/home/marza/.m2/repository/xerces/xmlParserAPIs/2.6.2/xmlParserAPIs-2.6.2.jar:/home/marza/.m2/repository/castor/castor/0.9.4.2/castor-0.9.4.2.jar:/home/marza/.m2/repository/bsf/bsf/2.3.0/bsf-2.3.0.jar:/home/marza/.m2/repository/commons-net/commons-net/1.0.0/commons-net-1.0.0.jar:/home/marza/.m2/repository/org/eclipse/emf/common/2.2.3/common-2.2.3.jar:/home/marza/.m2/repository/org/eclipse/emf/ecore/2.2.3/ecore-2.2.3.jar:/home/marza/.m2/repository/org/eclipse/emf/ecore-xmi/2.2.3/ecore-xmi-2.2.3.jar:/home/marza/.m2/repository/org/eclipse/xsd/xsd/2.2.3/xsd-2.2.3.jar:/home/marza/.m2/repository/org/apache/axis/axis-saaj/1.4/axis-saaj-1.4.jar:/home/marza/.m2/repository/commons-discovery/commons-discovery/0.4/commons-discovery-0.4.jar:/home/marza/.m2/repository/wsdl4j/wsdl4j/1.6.1/wsdl4j-1.6.1.jar:/home/marza/.m2/repository/org/jsoup/jsoup/1.7.2/jsoup-1.7.2.jar:/home/marza/.m2/repository/xml-apis/xml-apis/1.4.01/xml-apis-1.4.01.jar:/home/marza/Documents/VIP-portal/vip-core/target/vip-core-2.4.1-tests.jar:/home/marza/.m2/repository/org/junit/jupiter/junit-jupiter/5.6.2/junit-jupiter-5.6.2.jar:/home/marza/.m2/repository/org/junit/jupiter/junit-jupiter-api/5.6.2/junit-jupiter-api-5.6.2.jar:/home/marza/.m2/repository/org/apiguardian/apiguardian-api/1.1.0/apiguardian-api-1.1.0.jar:/home/marza/.m2/repository/org/opentest4j/opentest4j/1.2.0/opentest4j-1.2.0.jar:/home/marza/.m2/repository/org/junit/platform/junit-platform-commons/1.6.2/junit-platform-commons-1.6.2.jar:/home/marza/.m2/repository/org/junit/jupiter/junit-jupiter-params/5.6.2/junit-jupiter-params-5.6.2.jar:/home/marza/.m2/repository/org/junit/jupiter/junit-jupiter-engine/5.6.2/junit-jupiter-engine-5.6.2.jar:/home/marza/.m2/repository/org/junit/platform/junit-platform-engine/1.6.2/junit-platform-engine-1.6.2.jar:/home/marza/.m2/repository/org/springframework/spring-test/5.3.15/spring-test-5.3.15.jar:/home/marza/.m2/repository/org/springframework/spring-core/5.3.15/spring-core-5.3.15.jar:/home/marza/.m2/repository/org/springframework/spring-jcl/5.3.15/spring-jcl-5.3.15.jar:/home/marza/.m2/repository/com/h2database/h2/1.3.173/h2-1.3.173.jar:/home/marza/.m2/repository/ch/qos/logback/logback-classic/1.2.3/logback-classic-1.2.3.jar:/home/marza/.m2/repository/ch/qos/logback/logback-core/1.2.3/logback-core-1.2.3.jar:/home/marza/.m2/repository/com/github/h-thurow/simple-jndi/0.23.0/simple-jndi-0.23.0.jar:/home/marza/.m2/repository/org/jetbrains/annotations/13.0/annotations-13.0.jar:/home/marza/.m2/repository/commons-lang/commons-lang/2.6/commons-lang-2.6.jar:/home/marza/.m2/repository/org/mockito/mockito-core/4.6.1/mockito-core-4.6.1.jar:/home/marza/.m2/repository/net/bytebuddy/byte-buddy/1.12.10/byte-buddy-1.12.10.jar:/home/marza/.m2/repository/net/bytebuddy/byte-buddy-agent/1.12.10/byte-buddy-agent-1.12.10.jar:/home/marza/.m2/repository/org/objenesis/objenesis/3.2/objenesis-3.2.jar:/home/marza/.m2/repository/org/springframework/security/spring-security-test/5.6.1/spring-security-test-5.6.1.jar:/home/marza/.m2/repository/org/springframework/security/spring-security-core/5.6.1/spring-security-core-5.6.1.jar:/home/marza/.m2/repository/org/springframework/security/spring-security-crypto/5.6.1/spring-security-crypto-5.6.1.jar:/home/marza/.m2/repository/org/springframework/security/spring-security-web/5.6.1/spring-security-web-5.6.1.jar:/home/marza/.m2/repository/org/hamcrest/hamcrest/2.2/hamcrest-2.2.jar:/home/marza/.m2/repository/com/jayway/jsonpath/json-path/2.2.0/json-path-2.2.0.jar:/home/marza/.m2/repository/net/minidev/json-smart/2.2.1/json-smart-2.2.1.jar:/home/marza/.m2/repository/net/minidev/accessors-smart/1.1/accessors-smart-1.1.jar:/home/marza/.m2/repository/org/ow2/asm/asm/5.0.3/asm-5.0.3.jar:/home/marza/.m2/repository/org/mockito/mockito-inline/5.2.0/mockito-inline-5.2.0.jar:"/>
    <property name="sun.cpu.endian" value="little"/>
    <property name="user.home" value="/home/marza"/>
    <property name="user.language" value="fr"/>
    <property name="java.specification.vendor" value="Oracle Corporation"/>
    <property name="java.version.date" value="2023-04-18"/>
    <property name="java.home" value="/usr/lib/jvm/java-11-openjdk-11.0.19.0.7-1.fc37.x86_64"/>
    <property name="file.separator" value="/"/>
    <property name="basedir" value="/home/marza/Documents/VIP-portal/vip-application"/>
    <property name="java.vm.compressedOopsMode" value="Zero based"/>
    <property name="line.separator" value="&#10;"/>
    <property name="java.specification.name" value="Java Platform API Specification"/>
    <property name="java.vm.specification.vendor" value="Oracle Corporation"/>
    <property name="java.awt.graphicsenv" value="sun.awt.X11GraphicsEnvironment"/>
    <property name="surefire.real.class.path" value="/home/marza/Documents/VIP-portal/vip-application/target/surefire/surefirebooter-20230707150739727_112.jar"/>
    <property name="sun.management.compiler" value="HotSpot 64-Bit Tiered Compilers"/>
    <property name="java.runtime.version" value="11.0.19+7"/>
    <property name="user.name" value="marza"/>
    <property name="path.separator" value=":"/>
    <property name="os.version" value="6.2.15-200.fc37.x86_64"/>
    <property name="java.runtime.name" value="OpenJDK Runtime Environment"/>
    <property name="file.encoding" value="UTF-8"/>
    <property name="java.vm.name" value="OpenJDK 64-Bit Server VM"/>
    <property name="java.vendor.version" value="(Red_Hat-11.0.19.0.7-2.fc37)"/>
    <property name="localRepository" value="/home/marza/.m2/repository"/>
    <property name="java.vendor.url.bug" value="https://bugzilla.redhat.com/enter_bug.cgi?product=Fedora&amp;component=java-11-openjdk-portable&amp;version=37"/>
    <property name="java.io.tmpdir" value="/tmp"/>
    <property name="java.version" value="11.0.19"/>
    <property name="user.dir" value="/home/marza/Documents/VIP-portal/vip-application"/>
    <property name="os.arch" value="amd64"/>
    <property name="java.vm.specification.name" value="Java Virtual Machine Specification"/>
    <property name="java.awt.printerjob" value="sun.print.PSPrinterJob"/>
    <property name="sun.os.patch.level" value="unknown"/>
    <property name="java.library.path" value="/usr/java/packages/lib:/usr/lib64:/lib64:/lib:/usr/lib"/>
    <property name="java.vm.info" value="mixed mode, sharing"/>
    <property name="java.vendor" value="Red Hat, Inc."/>
    <property name="java.vm.version" value="11.0.19+7"/>
    <property name="sun.io.unicode.encoding" value="UnicodeLittle"/>
    <property name="java.class.version" value="55.0"/>
  </properties>
  <testcase name="testCatchNonExistentUserLaunch" classname="fr.insalyon.creatis.vip.application.integrationtest.ParserIT" time="0.011">
    <system-out><![CDATA[15:07:46.873 [main] DEBUG org.springframework.test.context.BootstrapUtils - Instantiating CacheAwareContextLoaderDelegate from class [org.springframework.test.context.cache.DefaultCacheAwareContextLoaderDelegate]
15:07:46.874 [main] DEBUG org.springframework.test.context.BootstrapUtils - Instantiating BootstrapContext using constructor [public org.springframework.test.context.support.DefaultBootstrapContext(java.lang.Class,org.springframework.test.context.CacheAwareContextLoaderDelegate)]
15:07:46.874 [main] DEBUG org.springframework.test.context.BootstrapUtils - Instantiating TestContextBootstrapper for test class [fr.insalyon.creatis.vip.application.integrationtest.ParserIT] from class [org.springframework.test.context.support.DefaultTestContextBootstrapper]
15:07:46.875 [main] DEBUG org.springframework.test.context.support.AbstractDelegatingSmartContextLoader - Delegating to AnnotationConfigContextLoader to process context configuration [ContextConfigurationAttributes@6fbf27ef declaringClass = 'fr.insalyon.creatis.vip.core.integrationtest.database.BaseSpringIT', classes = '{class fr.insalyon.creatis.vip.core.server.SpringCoreConfig}', locations = '{}', inheritLocations = true, initializers = '{}', inheritInitializers = true, name = [null], contextLoaderClass = 'org.springframework.test.context.ContextLoader'].
15:07:46.876 [main] DEBUG org.springframework.test.context.support.DefaultTestContextBootstrapper - @TestExecutionListeners is not present for class [fr.insalyon.creatis.vip.application.integrationtest.ParserIT]: using defaults.
15:07:46.876 [main] INFO org.springframework.test.context.support.DefaultTestContextBootstrapper - Loaded default TestExecutionListener class names from location [META-INF/spring.factories]: [org.springframework.test.context.web.ServletTestExecutionListener, org.springframework.test.context.support.DirtiesContextBeforeModesTestExecutionListener, org.springframework.test.context.event.ApplicationEventsTestExecutionListener, org.springframework.test.context.support.DependencyInjectionTestExecutionListener, org.springframework.test.context.support.DirtiesContextTestExecutionListener, org.springframework.test.context.transaction.TransactionalTestExecutionListener, org.springframework.test.context.jdbc.SqlScriptsTestExecutionListener, org.springframework.test.context.event.EventPublishingTestExecutionListener, org.springframework.security.test.context.support.WithSecurityContextTestExecutionListener, org.springframework.security.test.context.support.ReactorContextTestExecutionListener]
15:07:46.876 [main] INFO org.springframework.test.context.support.DefaultTestContextBootstrapper - Using TestExecutionListeners: [org.springframework.test.context.web.ServletTestExecutionListener@10706c7d, org.springframework.test.context.support.DirtiesContextBeforeModesTestExecutionListener@56835157, org.springframework.test.context.event.ApplicationEventsTestExecutionListener@46384d3c, org.springframework.test.context.support.DependencyInjectionTestExecutionListener@20d095cc, org.springframework.test.context.support.DirtiesContextTestExecutionListener@3350162f, org.springframework.test.context.transaction.TransactionalTestExecutionListener@7f95f0fb, org.springframework.test.context.jdbc.SqlScriptsTestExecutionListener@7bc01398, org.springframework.test.context.event.EventPublishingTestExecutionListener@5f9a87d9, org.springframework.security.test.context.support.WithSecurityContextTestExecutionListener@6cc8136b, org.springframework.security.test.context.support.ReactorContextTestExecutionListener@3c8a2421]
15:07:46.877 [main] DEBUG org.springframework.test.context.support.AbstractDirtiesContextTestExecutionListener - Before test class: context [DefaultTestContext@472dacfb testClass = ParserIT, testInstance = [null], testMethod = [null], testException = [null], mergedContextConfiguration = [MergedContextConfiguration@4c825f88 testClass = ParserIT, locations = '{}', classes = '{class fr.insalyon.creatis.vip.core.server.SpringCoreConfig}', contextInitializerClasses = '[]', activeProfiles = '{test-db, test}', propertySourceLocations = '{}', propertySourceProperties = '{db.tableEngine=}', contextCustomizers = set[[empty]], contextLoader = 'org.springframework.test.context.support.DelegatingSmartContextLoader', parent = [null]], attributes = map[[empty]]], class annotated with @DirtiesContext [false] with mode [null].
15:07:46.877 [main] DEBUG org.springframework.test.context.cache.DefaultCacheAwareContextLoaderDelegate - Retrieved ApplicationContext [1059971971] from cache with key [[MergedContextConfiguration@4c825f88 testClass = ParserIT, locations = '{}', classes = '{class fr.insalyon.creatis.vip.core.server.SpringCoreConfig}', contextInitializerClasses = '[]', activeProfiles = '{test-db, test}', propertySourceLocations = '{}', propertySourceProperties = '{db.tableEngine=}', contextCustomizers = set[[empty]], contextLoader = 'org.springframework.test.context.support.DelegatingSmartContextLoader', parent = [null]]]
15:07:46.877 [main] DEBUG org.springframework.test.context.cache - Spring test ApplicationContext cache statistics: [DefaultContextCache@6bdb83c1 size = 1, maxSize = 32, parentContextCount = 0, hitCount = 96, missCount = 4]
15:07:46.878 [main] DEBUG org.springframework.test.context.support.DependencyInjectionTestExecutionListener - Performing dependency injection for test context [[DefaultTestContext@472dacfb testClass = ParserIT, testInstance = fr.insalyon.creatis.vip.application.integrationtest.ParserIT@60fd5e38, testMethod = [null], testException = [null], mergedContextConfiguration = [MergedContextConfiguration@4c825f88 testClass = ParserIT, locations = '{}', classes = '{class fr.insalyon.creatis.vip.core.server.SpringCoreConfig}', contextInitializerClasses = '[]', activeProfiles = '{test-db, test}', propertySourceLocations = '{}', propertySourceProperties = '{db.tableEngine=}', contextCustomizers = set[[empty]], contextLoader = 'org.springframework.test.context.support.DelegatingSmartContextLoader', parent = [null]], attributes = map['org.springframework.test.context.event.ApplicationEventsTestExecutionListener.recordApplicationEvents' -> false]]].
15:07:46.878 [main] DEBUG org.springframework.test.context.cache.DefaultCacheAwareContextLoaderDelegate - Retrieved ApplicationContext [1059971971] from cache with key [[MergedContextConfiguration@4c825f88 testClass = ParserIT, locations = '{}', classes = '{class fr.insalyon.creatis.vip.core.server.SpringCoreConfig}', contextInitializerClasses = '[]', activeProfiles = '{test-db, test}', propertySourceLocations = '{}', propertySourceProperties = '{db.tableEngine=}', contextCustomizers = set[[empty]], contextLoader = 'org.springframework.test.context.support.DelegatingSmartContextLoader', parent = [null]]]
15:07:46.878 [main] DEBUG org.springframework.test.context.cache - Spring test ApplicationContext cache statistics: [DefaultContextCache@6bdb83c1 size = 1, maxSize = 32, parentContextCount = 0, hitCount = 97, missCount = 4]
15:07:46.880 [main] DEBUG org.springframework.test.context.cache.DefaultCacheAwareContextLoaderDelegate - Retrieved ApplicationContext [1059971971] from cache with key [[MergedContextConfiguration@4c825f88 testClass = ParserIT, locations = '{}', classes = '{class fr.insalyon.creatis.vip.core.server.SpringCoreConfig}', contextInitializerClasses = '[]', activeProfiles = '{test-db, test}', propertySourceLocations = '{}', propertySourceProperties = '{db.tableEngine=}', contextCustomizers = set[[empty]], contextLoader = 'org.springframework.test.context.support.DelegatingSmartContextLoader', parent = [null]]]
15:07:46.881 [main] DEBUG org.springframework.test.context.cache - Spring test ApplicationContext cache statistics: [DefaultContextCache@6bdb83c1 size = 1, maxSize = 32, parentContextCount = 0, hitCount = 98, missCount = 4]
15:07:46.882 [main] DEBUG org.springframework.test.context.support.AbstractDirtiesContextTestExecutionListener - Before test method: context [DefaultTestContext@472dacfb testClass = ParserIT, testInstance = fr.insalyon.creatis.vip.application.integrationtest.ParserIT@60fd5e38, testMethod = testCatchNonExistentUserLaunch@ParserIT, testException = [null], mergedContextConfiguration = [MergedContextConfiguration@4c825f88 testClass = ParserIT, locations = '{}', classes = '{class fr.insalyon.creatis.vip.core.server.SpringCoreConfig}', contextInitializerClasses = '[]', activeProfiles = '{test-db, test}', propertySourceLocations = '{}', propertySourceProperties = '{db.tableEngine=}', contextCustomizers = set[[empty]], contextLoader = 'org.springframework.test.context.support.DelegatingSmartContextLoader', parent = [null]], attributes = map['org.springframework.test.context.event.ApplicationEventsTestExecutionListener.recordApplicationEvents' -> false]], class annotated with @DirtiesContext [false] with mode [null], method annotated with @DirtiesContext [false] with mode [null].
15:07:46.882 [main] DEBUG org.springframework.test.context.transaction.TransactionalTestExecutionListener - Explicit transaction definition [PROPAGATION_REQUIRED,ISOLATION_DEFAULT] found for test context [DefaultTestContext@472dacfb testClass = ParserIT, testInstance = fr.insalyon.creatis.vip.application.integrationtest.ParserIT@60fd5e38, testMethod = testCatchNonExistentUserLaunch@ParserIT, testException = [null], mergedContextConfiguration = [MergedContextConfiguration@4c825f88 testClass = ParserIT, locations = '{}', classes = '{class fr.insalyon.creatis.vip.core.server.SpringCoreConfig}', contextInitializerClasses = '[]', activeProfiles = '{test-db, test}', propertySourceLocations = '{}', propertySourceProperties = '{db.tableEngine=}', contextCustomizers = set[[empty]], contextLoader = 'org.springframework.test.context.support.DelegatingSmartContextLoader', parent = [null]], attributes = map['org.springframework.test.context.event.ApplicationEventsTestExecutionListener.recordApplicationEvents' -> false]]
15:07:46.882 [main] DEBUG org.springframework.test.context.cache.DefaultCacheAwareContextLoaderDelegate - Retrieved ApplicationContext [1059971971] from cache with key [[MergedContextConfiguration@4c825f88 testClass = ParserIT, locations = '{}', classes = '{class fr.insalyon.creatis.vip.core.server.SpringCoreConfig}', contextInitializerClasses = '[]', activeProfiles = '{test-db, test}', propertySourceLocations = '{}', propertySourceProperties = '{db.tableEngine=}', contextCustomizers = set[[empty]], contextLoader = 'org.springframework.test.context.support.DelegatingSmartContextLoader', parent = [null]]]
15:07:46.882 [main] DEBUG org.springframework.test.context.cache - Spring test ApplicationContext cache statistics: [DefaultContextCache@6bdb83c1 size = 1, maxSize = 32, parentContextCount = 0, hitCount = 99, missCount = 4]
15:07:46.882 [main] DEBUG org.springframework.test.context.transaction.TransactionalTestExecutionListener - No method-level @Rollback override: using default rollback [true] for test context [DefaultTestContext@472dacfb testClass = ParserIT, testInstance = fr.insalyon.creatis.vip.application.integrationtest.ParserIT@60fd5e38, testMethod = testCatchNonExistentUserLaunch@ParserIT, testException = [null], mergedContextConfiguration = [MergedContextConfiguration@4c825f88 testClass = ParserIT, locations = '{}', classes = '{class fr.insalyon.creatis.vip.core.server.SpringCoreConfig}', contextInitializerClasses = '[]', activeProfiles = '{test-db, test}', propertySourceLocations = '{}', propertySourceProperties = '{db.tableEngine=}', contextCustomizers = set[[empty]], contextLoader = 'org.springframework.test.context.support.DelegatingSmartContextLoader', parent = [null]], attributes = map['org.springframework.test.context.event.ApplicationEventsTestExecutionListener.recordApplicationEvents' -> false]].
15:07:46.883 [main] DEBUG org.springframework.jdbc.datasource.DataSourceTransactionManager - Creating new transaction with name [fr.insalyon.creatis.vip.application.integrationtest.ParserIT.testCatchNonExistentUserLaunch]: PROPAGATION_REQUIRED,ISOLATION_DEFAULT
15:07:46.883 [main] DEBUG org.springframework.jdbc.datasource.DataSourceTransactionManager - Acquired Connection [Lazy Connection proxy for target DataSource [org.springframework.jdbc.datasource.embedded.EmbeddedDatabaseFactory$EmbeddedDataSourceProxy@4938c8e4]] for JDBC transaction
15:07:46.884 [main] DEBUG org.springframework.jdbc.datasource.DataSourceTransactionManager - Switching JDBC Connection [Lazy Connection proxy for target DataSource [org.springframework.jdbc.datasource.embedded.EmbeddedDatabaseFactory$EmbeddedDataSourceProxy@4938c8e4]] to manual commit
15:07:46.884 [main] INFO org.springframework.test.context.transaction.TransactionContext - Began transaction (1) for test context [DefaultTestContext@472dacfb testClass = ParserIT, testInstance = fr.insalyon.creatis.vip.application.integrationtest.ParserIT@60fd5e38, testMethod = testCatchNonExistentUserLaunch@ParserIT, testException = [null], mergedContextConfiguration = [MergedContextConfiguration@4c825f88 testClass = ParserIT, locations = '{}', classes = '{class fr.insalyon.creatis.vip.core.server.SpringCoreConfig}', contextInitializerClasses = '[]', activeProfiles = '{test-db, test}', propertySourceLocations = '{}', propertySourceProperties = '{db.tableEngine=}', contextCustomizers = set[[empty]], contextLoader = 'org.springframework.test.context.support.DelegatingSmartContextLoader', parent = [null]], attributes = map['org.springframework.test.context.event.ApplicationEventsTestExecutionListener.recordApplicationEvents' -> false]]; transaction manager [org.springframework.jdbc.datasource.DataSourceTransactionManager@6828768a]; rollback [true]
15:07:46.885 [main] DEBUG org.springframework.test.context.cache.DefaultCacheAwareContextLoaderDelegate - Retrieved ApplicationContext [1059971971] from cache with key [[MergedContextConfiguration@4c825f88 testClass = ParserIT, locations = '{}', classes = '{class fr.insalyon.creatis.vip.core.server.SpringCoreConfig}', contextInitializerClasses = '[]', activeProfiles = '{test-db, test}', propertySourceLocations = '{}', propertySourceProperties = '{db.tableEngine=}', contextCustomizers = set[[empty]], contextLoader = 'org.springframework.test.context.support.DelegatingSmartContextLoader', parent = [null]]]
15:07:46.885 [main] DEBUG org.springframework.test.context.cache - Spring test ApplicationContext cache statistics: [DefaultContextCache@6bdb83c1 size = 1, maxSize = 32, parentContextCount = 0, hitCount = 100, missCount = 4]
15:07:46.887 [main] DEBUG org.springframework.test.context.cache.DefaultCacheAwareContextLoaderDelegate - Retrieved ApplicationContext [1059971971] from cache with key [[MergedContextConfiguration@4c825f88 testClass = ParserIT, locations = '{}', classes = '{class fr.insalyon.creatis.vip.core.server.SpringCoreConfig}', contextInitializerClasses = '[]', activeProfiles = '{test-db, test}', propertySourceLocations = '{}', propertySourceProperties = '{db.tableEngine=}', contextCustomizers = set[[empty]], contextLoader = 'org.springframework.test.context.support.DelegatingSmartContextLoader', parent = [null]]]
15:07:46.887 [main] DEBUG org.springframework.test.context.cache - Spring test ApplicationContext cache statistics: [DefaultContextCache@6bdb83c1 size = 1, maxSize = 32, parentContextCount = 0, hitCount = 101, missCount = 4]
15:07:46.888 [main] DEBUG org.springframework.jdbc.datasource.DataSourceTransactionManager - Participating in existing transaction
15:07:46.888 [main] DEBUG org.springframework.jdbc.datasource.DataSourceTransactionManager - Participating in existing transaction
15:07:46.889 [main] DEBUG org.springframework.jdbc.datasource.SimpleDriverDataSource - Creating new JDBC Driver Connection to [jdbc:h2:mem:43589b9a-2a87-4261-a03d-379d8d0ec7be;DB_CLOSE_DELAY=-1;DB_CLOSE_ON_EXIT=false]
15:07:46.890 [main] ERROR fr.insalyon.creatis.vip.core.server.dao.mysql.UserData - There is no user registered with the e-mail nonExistent user
15:07:46.891 [main] DEBUG org.springframework.test.context.cache.DefaultCacheAwareContextLoaderDelegate - Retrieved ApplicationContext [1059971971] from cache with key [[MergedContextConfiguration@4c825f88 testClass = ParserIT, locations = '{}', classes = '{class fr.insalyon.creatis.vip.core.server.SpringCoreConfig}', contextInitializerClasses = '[]', activeProfiles = '{test-db, test}', propertySourceLocations = '{}', propertySourceProperties = '{db.tableEngine=}', contextCustomizers = set[[empty]], contextLoader = 'org.springframework.test.context.support.DelegatingSmartContextLoader', parent = [null]]]
15:07:46.891 [main] DEBUG org.springframework.test.context.cache - Spring test ApplicationContext cache statistics: [DefaultContextCache@6bdb83c1 size = 1, maxSize = 32, parentContextCount = 0, hitCount = 102, missCount = 4]
15:07:46.891 [main] DEBUG org.springframework.test.context.cache.DefaultCacheAwareContextLoaderDelegate - Retrieved ApplicationContext [1059971971] from cache with key [[MergedContextConfiguration@4c825f88 testClass = ParserIT, locations = '{}', classes = '{class fr.insalyon.creatis.vip.core.server.SpringCoreConfig}', contextInitializerClasses = '[]', activeProfiles = '{test-db, test}', propertySourceLocations = '{}', propertySourceProperties = '{db.tableEngine=}', contextCustomizers = set[[empty]], contextLoader = 'org.springframework.test.context.support.DelegatingSmartContextLoader', parent = [null]]]
15:07:46.891 [main] DEBUG org.springframework.test.context.cache - Spring test ApplicationContext cache statistics: [DefaultContextCache@6bdb83c1 size = 1, maxSize = 32, parentContextCount = 0, hitCount = 103, missCount = 4]
15:07:46.891 [main] DEBUG org.springframework.jdbc.datasource.DataSourceTransactionManager - Initiating transaction rollback
15:07:46.891 [main] DEBUG org.springframework.jdbc.datasource.DataSourceTransactionManager - Rolling back JDBC transaction on Connection [conn42: url=jdbc:h2:mem:43589b9a-2a87-4261-a03d-379d8d0ec7be user=SA]
15:07:46.891 [main] DEBUG org.springframework.jdbc.datasource.DataSourceTransactionManager - Releasing JDBC Connection [conn42: url=jdbc:h2:mem:43589b9a-2a87-4261-a03d-379d8d0ec7be user=SA] after transaction
15:07:46.891 [main] INFO org.springframework.test.context.transaction.TransactionContext - Rolled back transaction for test: [DefaultTestContext@472dacfb testClass = ParserIT, testInstance = fr.insalyon.creatis.vip.application.integrationtest.ParserIT@60fd5e38, testMethod = testCatchNonExistentUserLaunch@ParserIT, testException = [null], mergedContextConfiguration = [MergedContextConfiguration@4c825f88 testClass = ParserIT, locations = '{}', classes = '{class fr.insalyon.creatis.vip.core.server.SpringCoreConfig}', contextInitializerClasses = '[]', activeProfiles = '{test-db, test}', propertySourceLocations = '{}', propertySourceProperties = '{db.tableEngine=}', contextCustomizers = set[[empty]], contextLoader = 'org.springframework.test.context.support.DelegatingSmartContextLoader', parent = [null]], attributes = map['org.springframework.test.context.event.ApplicationEventsTestExecutionListener.recordApplicationEvents' -> false]]
15:07:46.891 [main] DEBUG org.springframework.test.context.support.AbstractDirtiesContextTestExecutionListener - After test method: context [DefaultTestContext@472dacfb testClass = ParserIT, testInstance = fr.insalyon.creatis.vip.application.integrationtest.ParserIT@60fd5e38, testMethod = testCatchNonExistentUserLaunch@ParserIT, testException = [null], mergedContextConfiguration = [MergedContextConfiguration@4c825f88 testClass = ParserIT, locations = '{}', classes = '{class fr.insalyon.creatis.vip.core.server.SpringCoreConfig}', contextInitializerClasses = '[]', activeProfiles = '{test-db, test}', propertySourceLocations = '{}', propertySourceProperties = '{db.tableEngine=}', contextCustomizers = set[[empty]], contextLoader = 'org.springframework.test.context.support.DelegatingSmartContextLoader', parent = [null]], attributes = map['org.springframework.test.context.event.ApplicationEventsTestExecutionListener.recordApplicationEvents' -> false]], class annotated with @DirtiesContext [false] with mode [null], method annotated with @DirtiesContext [false] with mode [null].
]]></system-out>
  </testcase>
</testsuite>