<?xml version="1.0" encoding="UTF-8"?>
<testsuite xmlns:xsi="http://www.w3.org/2001/XMLSchema-instance" xsi:noNamespaceSchemaLocation="https://maven.apache.org/surefire/maven-failsafe-plugin/xsd/failsafe-test-report-3.0.xsd" version="3.0" name="fr.insalyon.creatis.vip.application.integrationtest.ParserIT" time="0.308" tests="1" errors="0" skipped="0" failures="0">
  <properties>
    <property name="awt.toolkit" value="sun.awt.X11.XToolkit"/>
    <property name="java.specification.version" value="11"/>
    <property name="sun.cpu.isalist" value=""/>
    <property name="sun.jnu.encoding" value="UTF-8"/>
    <property name="java.class.path" value="/home/runner/work/VIP-portal/VIP-portal/vip-application/target/test-classes:/home/runner/work/VIP-portal/VIP-portal/vip-application/target/vip-application-2.4.1.jar:/home/runner/work/VIP-portal/VIP-portal/vip-core/target/vip-core-2.4.1.jar:/home/runner/.m2/repository/com/google/gwt/gwt-user/2.8.2/gwt-user-2.8.2.jar:/home/runner/.m2/repository/com/google/jsinterop/jsinterop-annotations/1.0.2/jsinterop-annotations-1.0.2.jar:/home/runner/.m2/repository/com/google/jsinterop/jsinterop-annotations/1.0.2/jsinterop-annotations-1.0.2-sources.jar:/home/runner/.m2/repository/javax/servlet/javax.servlet-api/3.1.0/javax.servlet-api-3.1.0.jar:/home/runner/.m2/repository/org/w3c/css/sac/1.3/sac-1.3.jar:/home/runner/.m2/repository/com/isomorphic/smartgwt/lgpl/smartgwt-lgpl/12.0p/smartgwt-lgpl-12.0p.jar:/home/runner/.m2/repository/org/bouncycastle/bcpkix-jdk15on/1.52/bcpkix-jdk15on-1.52.jar:/home/runner/.m2/repository/org/bouncycastle/bcprov-jdk15on/1.52/bcprov-jdk15on-1.52.jar:/home/runner/.m2/repository/fr/insalyon/creatis/grida-client/2.2.0/grida-client-2.2.0.jar:/home/runner/.m2/repository/fr/insalyon/creatis/grida-common/2.2.0/grida-common-2.2.0.jar:/home/runner/.m2/repository/commons-cli/commons-cli/1.4/commons-cli-1.4.jar:/home/runner/.m2/repository/fr/insalyon/creatis/sma-client/0.3.0/sma-client-0.3.0.jar:/home/runner/.m2/repository/fr/insalyon/creatis/sma-common/0.3.0/sma-common-0.3.0.jar:/home/runner/.m2/repository/fr/insalyon/creatis/devtools/0.1/devtools-0.1.jar:/home/runner/.m2/repository/org/slf4j/slf4j-api/1.7.30/slf4j-api-1.7.30.jar:/home/runner/.m2/repository/commons-configuration/commons-configuration/1.7/commons-configuration-1.7.jar:/home/runner/.m2/repository/commons-collections/commons-collections/3.2.2/commons-collections-3.2.2.jar:/home/runner/.m2/repository/commons-digester/commons-digester/1.8.1/commons-digester-1.8.1.jar:/home/runner/.m2/repository/commons-beanutils/commons-beanutils/1.8.3/commons-beanutils-1.8.3.jar:/home/runner/.m2/repository/commons-codec/commons-codec/1.6/commons-codec-1.6.jar:/home/runner/.m2/repository/commons-io/commons-io/2.4/commons-io-2.4.jar:/home/runner/.m2/repository/org/opensaml/opensaml/2.6.0/opensaml-2.6.0.jar:/home/runner/.m2/repository/org/opensaml/openws/1.5.0/openws-1.5.0.jar:/home/runner/.m2/repository/org/opensaml/xmltooling/1.4.0/xmltooling-1.4.0.jar:/home/runner/.m2/repository/ca/juliusdavies/not-yet-commons-ssl/0.3.9/not-yet-commons-ssl-0.3.9.jar:/home/runner/.m2/repository/org/apache/santuario/xmlsec/1.5.4/xmlsec-1.5.4.jar:/home/runner/.m2/repository/commons-httpclient/commons-httpclient/3.1/commons-httpclient-3.1.jar:/home/runner/.m2/repository/org/apache/velocity/velocity/1.7/velocity-1.7.jar:/home/runner/.m2/repository/org/owasp/esapi/esapi/2.0.1/esapi-2.0.1.jar:/home/runner/.m2/repository/joda-time/joda-time/2.2/joda-time-2.2.jar:/home/runner/.m2/repository/xalan/serializer/2.7.1/serializer-2.7.1.jar:/home/runner/.m2/repository/xml-resolver/xml-resolver/1.2/xml-resolver-1.2.jar:/home/runner/.m2/repository/xalan/xalan/2.7.1/xalan-2.7.1.jar:/home/runner/.m2/repository/javax/mail/mail/1.4.5/mail-1.4.5.jar:/home/runner/.m2/repository/javax/annotation/javax.annotation-api/1.3.2/javax.annotation-api-1.3.2.jar:/home/runner/.m2/repository/org/springframework/spring-web/5.3.15/spring-web-5.3.15.jar:/home/runner/.m2/repository/org/springframework/spring-beans/5.3.15/spring-beans-5.3.15.jar:/home/runner/.m2/repository/org/springframework/spring-jdbc/5.3.15/spring-jdbc-5.3.15.jar:/home/runner/.m2/repository/org/springframework/spring-tx/5.3.15/spring-tx-5.3.15.jar:/home/runner/.m2/repository/org/springframework/spring-context/5.3.15/spring-context-5.3.15.jar:/home/runner/.m2/repository/org/springframework/spring-aop/5.3.15/spring-aop-5.3.15.jar:/home/runner/.m2/repository/org/springframework/spring-expression/5.3.15/spring-expression-5.3.15.jar:/home/runner/work/VIP-portal/VIP-portal/vip-datamanagement/target/vip-datamanager-2.4.1.jar:/home/runner/.m2/repository/commons-fileupload/commons-fileupload/1.3.3/commons-fileupload-1.3.3.jar:/home/runner/.m2/repository/com/fasterxml/jackson/core/jackson-databind/2.11.0/jackson-databind-2.11.0.jar:/home/runner/.m2/repository/com/fasterxml/jackson/core/jackson-annotations/2.11.0/jackson-annotations-2.11.0.jar:/home/runner/.m2/repository/com/fasterxml/jackson/core/jackson-core/2.11.0/jackson-core-2.11.0.jar:/home/runner/work/VIP-portal/VIP-portal/vip-social/target/vip-social-2.4.1.jar:/home/runner/.m2/repository/fr/insalyon/creatis/moteur2-workflowsdb-common/1.6/moteur2-workflowsdb-common-1.6.jar:/home/runner/.m2/repository/org/hibernate/hibernate-entitymanager/4.1.1.Final/hibernate-entitymanager-4.1.1.Final.jar:/home/runner/.m2/repository/org/jboss/logging/jboss-logging/3.1.0.GA/jboss-logging-3.1.0.GA.jar:/home/runner/.m2/repository/org/hibernate/hibernate-core/4.1.1.Final/hibernate-core-4.1.1.Final.jar:/home/runner/.m2/repository/antlr/antlr/2.7.7/antlr-2.7.7.jar:/home/runner/.m2/repository/org/jboss/spec/javax/transaction/jboss-transaction-api_1.1_spec/1.0.0.Final/jboss-transaction-api_1.1_spec-1.0.0.Final.jar:/home/runner/.m2/repository/dom4j/dom4j/1.6.1/dom4j-1.6.1.jar:/home/runner/.m2/repository/org/hibernate/javax/persistence/hibernate-jpa-2.0-api/1.0.1.Final/hibernate-jpa-2.0-api-1.0.1.Final.jar:/home/runner/.m2/repository/org/javassist/javassist/3.15.0-GA/javassist-3.15.0-GA.jar:/home/runner/.m2/repository/org/hibernate/common/hibernate-commons-annotations/4.0.1.Final/hibernate-commons-annotations-4.0.1.Final.jar:/home/runner/.m2/repository/com/googlecode/gflot/gflot/3.0.2/gflot-3.0.2.jar:/home/runner/.m2/repository/globus-common/jaxrpc/4.2.1/jaxrpc-4.2.1.jar:/home/runner/.m2/repository/org/apache/axis/axis/1.4.1-vip/axis-1.4.1-vip.jar:/home/runner/.m2/repository/org/apache/axis/axis-jaxrpc/1.4.1-SNAPSHOT/axis-jaxrpc-1.4.1-SNAPSHOT.jar:/home/runner/.m2/repository/javax/servlet/servlet-api/2.4/servlet-api-2.4.jar:/home/runner/.m2/repository/commons-logging/commons-logging/99-empty/commons-logging-99-empty.jar:/home/runner/.m2/repository/javax/activation/activation/1.1/activation-1.1.jar:/home/runner/.m2/repository/xerces/xercesImpl/2.6.2/xercesImpl-2.6.2.jar:/home/runner/.m2/repository/xerces/xmlParserAPIs/2.6.2/xmlParserAPIs-2.6.2.jar:/home/runner/.m2/repository/castor/castor/0.9.4.2/castor-0.9.4.2.jar:/home/runner/.m2/repository/bsf/bsf/2.3.0/bsf-2.3.0.jar:/home/runner/.m2/repository/commons-net/commons-net/1.0.0/commons-net-1.0.0.jar:/home/runner/.m2/repository/org/eclipse/emf/common/2.2.3/common-2.2.3.jar:/home/runner/.m2/repository/org/eclipse/emf/ecore/2.2.3/ecore-2.2.3.jar:/home/runner/.m2/repository/org/eclipse/emf/ecore-xmi/2.2.3/ecore-xmi-2.2.3.jar:/home/runner/.m2/repository/org/eclipse/xsd/xsd/2.2.3/xsd-2.2.3.jar:/home/runner/.m2/repository/org/apache/axis/axis-saaj/1.4/axis-saaj-1.4.jar:/home/runner/.m2/repository/commons-discovery/commons-discovery/0.4/commons-discovery-0.4.jar:/home/runner/.m2/repository/wsdl4j/wsdl4j/1.6.1/wsdl4j-1.6.1.jar:/home/runner/.m2/repository/org/jsoup/jsoup/1.7.2/jsoup-1.7.2.jar:/home/runner/.m2/repository/xml-apis/xml-apis/1.4.01/xml-apis-1.4.01.jar:/home/runner/work/VIP-portal/VIP-portal/vip-core/target/vip-core-2.4.1-tests.jar:/home/runner/.m2/repository/org/junit/jupiter/junit-jupiter/5.6.2/junit-jupiter-5.6.2.jar:/home/runner/.m2/repository/org/junit/jupiter/junit-jupiter-api/5.6.2/junit-jupiter-api-5.6.2.jar:/home/runner/.m2/repository/org/apiguardian/apiguardian-api/1.1.0/apiguardian-api-1.1.0.jar:/home/runner/.m2/repository/org/opentest4j/opentest4j/1.2.0/opentest4j-1.2.0.jar:/home/runner/.m2/repository/org/junit/platform/junit-platform-commons/1.6.2/junit-platform-commons-1.6.2.jar:/home/runner/.m2/repository/org/junit/jupiter/junit-jupiter-params/5.6.2/junit-jupiter-params-5.6.2.jar:/home/runner/.m2/repository/org/junit/jupiter/junit-jupiter-engine/5.6.2/junit-jupiter-engine-5.6.2.jar:/home/runner/.m2/repository/org/junit/platform/junit-platform-engine/1.6.2/junit-platform-engine-1.6.2.jar:/home/runner/.m2/repository/org/springframework/spring-test/5.3.15/spring-test-5.3.15.jar:/home/runner/.m2/repository/org/springframework/spring-core/5.3.15/spring-core-5.3.15.jar:/home/runner/.m2/repository/org/springframework/spring-jcl/5.3.15/spring-jcl-5.3.15.jar:/home/runner/.m2/repository/com/h2database/h2/1.3.173/h2-1.3.173.jar:/home/runner/.m2/repository/ch/qos/logback/logback-classic/1.2.3/logback-classic-1.2.3.jar:/home/runner/.m2/repository/ch/qos/logback/logback-core/1.2.3/logback-core-1.2.3.jar:/home/runner/.m2/repository/com/github/h-thurow/simple-jndi/0.23.0/simple-jndi-0.23.0.jar:/home/runner/.m2/repository/org/jetbrains/annotations/13.0/annotations-13.0.jar:/home/runner/.m2/repository/commons-lang/commons-lang/2.6/commons-lang-2.6.jar:/home/runner/.m2/repository/org/mockito/mockito-core/4.6.1/mockito-core-4.6.1.jar:/home/runner/.m2/repository/net/bytebuddy/byte-buddy/1.12.10/byte-buddy-1.12.10.jar:/home/runner/.m2/repository/net/bytebuddy/byte-buddy-agent/1.12.10/byte-buddy-agent-1.12.10.jar:/home/runner/.m2/repository/org/objenesis/objenesis/3.2/objenesis-3.2.jar:/home/runner/.m2/repository/org/springframework/security/spring-security-test/5.6.1/spring-security-test-5.6.1.jar:/home/runner/.m2/repository/org/springframework/security/spring-security-core/5.6.1/spring-security-core-5.6.1.jar:/home/runner/.m2/repository/org/springframework/security/spring-security-crypto/5.6.1/spring-security-crypto-5.6.1.jar:/home/runner/.m2/repository/org/springframework/security/spring-security-web/5.6.1/spring-security-web-5.6.1.jar:/home/runner/.m2/repository/org/hamcrest/hamcrest/2.2/hamcrest-2.2.jar:/home/runner/.m2/repository/com/jayway/jsonpath/json-path/2.2.0/json-path-2.2.0.jar:/home/runner/.m2/repository/net/minidev/json-smart/2.2.1/json-smart-2.2.1.jar:/home/runner/.m2/repository/net/minidev/accessors-smart/1.1/accessors-smart-1.1.jar:/home/runner/.m2/repository/org/ow2/asm/asm/5.0.3/asm-5.0.3.jar:/home/runner/.m2/repository/org/mockito/mockito-inline/5.2.0/mockito-inline-5.2.0.jar:"/>
    <property name="java.vm.vendor" value="Eclipse Adoptium"/>
    <property name="sun.arch.data.model" value="64"/>
    <property name="java.vendor.url" value="https://adoptium.net/"/>
    <property name="user.timezone" value="Etc/UTC"/>
    <property name="java.vm.specification.version" value="11"/>
    <property name="os.name" value="Linux"/>
    <property name="sun.java.launcher" value="SUN_STANDARD"/>
    <property name="sun.boot.library.path" value="/usr/lib/jvm/temurin-11-jdk-amd64/lib"/>
    <property name="sun.java.command" value="/home/runner/work/VIP-portal/VIP-portal/vip-application/target/surefire/surefirebooter-20230706180048367_108.jar /home/runner/work/VIP-portal/VIP-portal/vip-application/target/surefire 2023-07-06T17-59-35_436-jvmRun1 surefire-20230706180048367_106tmp surefire_2-20230706180048367_107tmp"/>
    <property name="jdk.debug" value="release"/>
    <property name="surefire.test.class.path" value="/home/runner/work/VIP-portal/VIP-portal/vip-application/target/test-classes:/home/runner/work/VIP-portal/VIP-portal/vip-application/target/vip-application-2.4.1.jar:/home/runner/work/VIP-portal/VIP-portal/vip-core/target/vip-core-2.4.1.jar:/home/runner/.m2/repository/com/google/gwt/gwt-user/2.8.2/gwt-user-2.8.2.jar:/home/runner/.m2/repository/com/google/jsinterop/jsinterop-annotations/1.0.2/jsinterop-annotations-1.0.2.jar:/home/runner/.m2/repository/com/google/jsinterop/jsinterop-annotations/1.0.2/jsinterop-annotations-1.0.2-sources.jar:/home/runner/.m2/repository/javax/servlet/javax.servlet-api/3.1.0/javax.servlet-api-3.1.0.jar:/home/runner/.m2/repository/org/w3c/css/sac/1.3/sac-1.3.jar:/home/runner/.m2/repository/com/isomorphic/smartgwt/lgpl/smartgwt-lgpl/12.0p/smartgwt-lgpl-12.0p.jar:/home/runner/.m2/repository/org/bouncycastle/bcpkix-jdk15on/1.52/bcpkix-jdk15on-1.52.jar:/home/runner/.m2/repository/org/bouncycastle/bcprov-jdk15on/1.52/bcprov-jdk15on-1.52.jar:/home/runner/.m2/repository/fr/insalyon/creatis/grida-client/2.2.0/grida-client-2.2.0.jar:/home/runner/.m2/repository/fr/insalyon/creatis/grida-common/2.2.0/grida-common-2.2.0.jar:/home/runner/.m2/repository/commons-cli/commons-cli/1.4/commons-cli-1.4.jar:/home/runner/.m2/repository/fr/insalyon/creatis/sma-client/0.3.0/sma-client-0.3.0.jar:/home/runner/.m2/repository/fr/insalyon/creatis/sma-common/0.3.0/sma-common-0.3.0.jar:/home/runner/.m2/repository/fr/insalyon/creatis/devtools/0.1/devtools-0.1.jar:/home/runner/.m2/repository/org/slf4j/slf4j-api/1.7.30/slf4j-api-1.7.30.jar:/home/runner/.m2/repository/commons-configuration/commons-configuration/1.7/commons-configuration-1.7.jar:/home/runner/.m2/repository/commons-collections/commons-collections/3.2.2/commons-collections-3.2.2.jar:/home/runner/.m2/repository/commons-digester/commons-digester/1.8.1/commons-digester-1.8.1.jar:/home/runner/.m2/repository/commons-beanutils/commons-beanutils/1.8.3/commons-beanutils-1.8.3.jar:/home/runner/.m2/repository/commons-codec/commons-codec/1.6/commons-codec-1.6.jar:/home/runner/.m2/repository/commons-io/commons-io/2.4/commons-io-2.4.jar:/home/runner/.m2/repository/org/opensaml/opensaml/2.6.0/opensaml-2.6.0.jar:/home/runner/.m2/repository/org/opensaml/openws/1.5.0/openws-1.5.0.jar:/home/runner/.m2/repository/org/opensaml/xmltooling/1.4.0/xmltooling-1.4.0.jar:/home/runner/.m2/repository/ca/juliusdavies/not-yet-commons-ssl/0.3.9/not-yet-commons-ssl-0.3.9.jar:/home/runner/.m2/repository/org/apache/santuario/xmlsec/1.5.4/xmlsec-1.5.4.jar:/home/runner/.m2/repository/commons-httpclient/commons-httpclient/3.1/commons-httpclient-3.1.jar:/home/runner/.m2/repository/org/apache/velocity/velocity/1.7/velocity-1.7.jar:/home/runner/.m2/repository/org/owasp/esapi/esapi/2.0.1/esapi-2.0.1.jar:/home/runner/.m2/repository/joda-time/joda-time/2.2/joda-time-2.2.jar:/home/runner/.m2/repository/xalan/serializer/2.7.1/serializer-2.7.1.jar:/home/runner/.m2/repository/xml-resolver/xml-resolver/1.2/xml-resolver-1.2.jar:/home/runner/.m2/repository/xalan/xalan/2.7.1/xalan-2.7.1.jar:/home/runner/.m2/repository/javax/mail/mail/1.4.5/mail-1.4.5.jar:/home/runner/.m2/repository/javax/annotation/javax.annotation-api/1.3.2/javax.annotation-api-1.3.2.jar:/home/runner/.m2/repository/org/springframework/spring-web/5.3.15/spring-web-5.3.15.jar:/home/runner/.m2/repository/org/springframework/spring-beans/5.3.15/spring-beans-5.3.15.jar:/home/runner/.m2/repository/org/springframework/spring-jdbc/5.3.15/spring-jdbc-5.3.15.jar:/home/runner/.m2/repository/org/springframework/spring-tx/5.3.15/spring-tx-5.3.15.jar:/home/runner/.m2/repository/org/springframework/spring-context/5.3.15/spring-context-5.3.15.jar:/home/runner/.m2/repository/org/springframework/spring-aop/5.3.15/spring-aop-5.3.15.jar:/home/runner/.m2/repository/org/springframework/spring-expression/5.3.15/spring-expression-5.3.15.jar:/home/runner/work/VIP-portal/VIP-portal/vip-datamanagement/target/vip-datamanager-2.4.1.jar:/home/runner/.m2/repository/commons-fileupload/commons-fileupload/1.3.3/commons-fileupload-1.3.3.jar:/home/runner/.m2/repository/com/fasterxml/jackson/core/jackson-databind/2.11.0/jackson-databind-2.11.0.jar:/home/runner/.m2/repository/com/fasterxml/jackson/core/jackson-annotations/2.11.0/jackson-annotations-2.11.0.jar:/home/runner/.m2/repository/com/fasterxml/jackson/core/jackson-core/2.11.0/jackson-core-2.11.0.jar:/home/runner/work/VIP-portal/VIP-portal/vip-social/target/vip-social-2.4.1.jar:/home/runner/.m2/repository/fr/insalyon/creatis/moteur2-workflowsdb-common/1.6/moteur2-workflowsdb-common-1.6.jar:/home/runner/.m2/repository/org/hibernate/hibernate-entitymanager/4.1.1.Final/hibernate-entitymanager-4.1.1.Final.jar:/home/runner/.m2/repository/org/jboss/logging/jboss-logging/3.1.0.GA/jboss-logging-3.1.0.GA.jar:/home/runner/.m2/repository/org/hibernate/hibernate-core/4.1.1.Final/hibernate-core-4.1.1.Final.jar:/home/runner/.m2/repository/antlr/antlr/2.7.7/antlr-2.7.7.jar:/home/runner/.m2/repository/org/jboss/spec/javax/transaction/jboss-transaction-api_1.1_spec/1.0.0.Final/jboss-transaction-api_1.1_spec-1.0.0.Final.jar:/home/runner/.m2/repository/dom4j/dom4j/1.6.1/dom4j-1.6.1.jar:/home/runner/.m2/repository/org/hibernate/javax/persistence/hibernate-jpa-2.0-api/1.0.1.Final/hibernate-jpa-2.0-api-1.0.1.Final.jar:/home/runner/.m2/repository/org/javassist/javassist/3.15.0-GA/javassist-3.15.0-GA.jar:/home/runner/.m2/repository/org/hibernate/common/hibernate-commons-annotations/4.0.1.Final/hibernate-commons-annotations-4.0.1.Final.jar:/home/runner/.m2/repository/com/googlecode/gflot/gflot/3.0.2/gflot-3.0.2.jar:/home/runner/.m2/repository/globus-common/jaxrpc/4.2.1/jaxrpc-4.2.1.jar:/home/runner/.m2/repository/org/apache/axis/axis/1.4.1-vip/axis-1.4.1-vip.jar:/home/runner/.m2/repository/org/apache/axis/axis-jaxrpc/1.4.1-SNAPSHOT/axis-jaxrpc-1.4.1-SNAPSHOT.jar:/home/runner/.m2/repository/javax/servlet/servlet-api/2.4/servlet-api-2.4.jar:/home/runner/.m2/repository/commons-logging/commons-logging/99-empty/commons-logging-99-empty.jar:/home/runner/.m2/repository/javax/activation/activation/1.1/activation-1.1.jar:/home/runner/.m2/repository/xerces/xercesImpl/2.6.2/xercesImpl-2.6.2.jar:/home/runner/.m2/repository/xerces/xmlParserAPIs/2.6.2/xmlParserAPIs-2.6.2.jar:/home/runner/.m2/repository/castor/castor/0.9.4.2/castor-0.9.4.2.jar:/home/runner/.m2/repository/bsf/bsf/2.3.0/bsf-2.3.0.jar:/home/runner/.m2/repository/commons-net/commons-net/1.0.0/commons-net-1.0.0.jar:/home/runner/.m2/repository/org/eclipse/emf/common/2.2.3/common-2.2.3.jar:/home/runner/.m2/repository/org/eclipse/emf/ecore/2.2.3/ecore-2.2.3.jar:/home/runner/.m2/repository/org/eclipse/emf/ecore-xmi/2.2.3/ecore-xmi-2.2.3.jar:/home/runner/.m2/repository/org/eclipse/xsd/xsd/2.2.3/xsd-2.2.3.jar:/home/runner/.m2/repository/org/apache/axis/axis-saaj/1.4/axis-saaj-1.4.jar:/home/runner/.m2/repository/commons-discovery/commons-discovery/0.4/commons-discovery-0.4.jar:/home/runner/.m2/repository/wsdl4j/wsdl4j/1.6.1/wsdl4j-1.6.1.jar:/home/runner/.m2/repository/org/jsoup/jsoup/1.7.2/jsoup-1.7.2.jar:/home/runner/.m2/repository/xml-apis/xml-apis/1.4.01/xml-apis-1.4.01.jar:/home/runner/work/VIP-portal/VIP-portal/vip-core/target/vip-core-2.4.1-tests.jar:/home/runner/.m2/repository/org/junit/jupiter/junit-jupiter/5.6.2/junit-jupiter-5.6.2.jar:/home/runner/.m2/repository/org/junit/jupiter/junit-jupiter-api/5.6.2/junit-jupiter-api-5.6.2.jar:/home/runner/.m2/repository/org/apiguardian/apiguardian-api/1.1.0/apiguardian-api-1.1.0.jar:/home/runner/.m2/repository/org/opentest4j/opentest4j/1.2.0/opentest4j-1.2.0.jar:/home/runner/.m2/repository/org/junit/platform/junit-platform-commons/1.6.2/junit-platform-commons-1.6.2.jar:/home/runner/.m2/repository/org/junit/jupiter/junit-jupiter-params/5.6.2/junit-jupiter-params-5.6.2.jar:/home/runner/.m2/repository/org/junit/jupiter/junit-jupiter-engine/5.6.2/junit-jupiter-engine-5.6.2.jar:/home/runner/.m2/repository/org/junit/platform/junit-platform-engine/1.6.2/junit-platform-engine-1.6.2.jar:/home/runner/.m2/repository/org/springframework/spring-test/5.3.15/spring-test-5.3.15.jar:/home/runner/.m2/repository/org/springframework/spring-core/5.3.15/spring-core-5.3.15.jar:/home/runner/.m2/repository/org/springframework/spring-jcl/5.3.15/spring-jcl-5.3.15.jar:/home/runner/.m2/repository/com/h2database/h2/1.3.173/h2-1.3.173.jar:/home/runner/.m2/repository/ch/qos/logback/logback-classic/1.2.3/logback-classic-1.2.3.jar:/home/runner/.m2/repository/ch/qos/logback/logback-core/1.2.3/logback-core-1.2.3.jar:/home/runner/.m2/repository/com/github/h-thurow/simple-jndi/0.23.0/simple-jndi-0.23.0.jar:/home/runner/.m2/repository/org/jetbrains/annotations/13.0/annotations-13.0.jar:/home/runner/.m2/repository/commons-lang/commons-lang/2.6/commons-lang-2.6.jar:/home/runner/.m2/repository/org/mockito/mockito-core/4.6.1/mockito-core-4.6.1.jar:/home/runner/.m2/repository/net/bytebuddy/byte-buddy/1.12.10/byte-buddy-1.12.10.jar:/home/runner/.m2/repository/net/bytebuddy/byte-buddy-agent/1.12.10/byte-buddy-agent-1.12.10.jar:/home/runner/.m2/repository/org/objenesis/objenesis/3.2/objenesis-3.2.jar:/home/runner/.m2/repository/org/springframework/security/spring-security-test/5.6.1/spring-security-test-5.6.1.jar:/home/runner/.m2/repository/org/springframework/security/spring-security-core/5.6.1/spring-security-core-5.6.1.jar:/home/runner/.m2/repository/org/springframework/security/spring-security-crypto/5.6.1/spring-security-crypto-5.6.1.jar:/home/runner/.m2/repository/org/springframework/security/spring-security-web/5.6.1/spring-security-web-5.6.1.jar:/home/runner/.m2/repository/org/hamcrest/hamcrest/2.2/hamcrest-2.2.jar:/home/runner/.m2/repository/com/jayway/jsonpath/json-path/2.2.0/json-path-2.2.0.jar:/home/runner/.m2/repository/net/minidev/json-smart/2.2.1/json-smart-2.2.1.jar:/home/runner/.m2/repository/net/minidev/accessors-smart/1.1/accessors-smart-1.1.jar:/home/runner/.m2/repository/org/ow2/asm/asm/5.0.3/asm-5.0.3.jar:/home/runner/.m2/repository/org/mockito/mockito-inline/5.2.0/mockito-inline-5.2.0.jar:"/>
    <property name="sun.cpu.endian" value="little"/>
    <property name="user.home" value="/home/runner"/>
    <property name="user.language" value="en"/>
    <property name="java.specification.vendor" value="Oracle Corporation"/>
    <property name="java.version.date" value="2023-04-18"/>
    <property name="java.home" value="/usr/lib/jvm/temurin-11-jdk-amd64"/>
    <property name="file.separator" value="/"/>
    <property name="basedir" value="/home/runner/work/VIP-portal/VIP-portal/vip-application"/>
    <property name="java.vm.compressedOopsMode" value="32-bit"/>
    <property name="line.separator" value="&#10;"/>
    <property name="java.specification.name" value="Java Platform API Specification"/>
    <property name="java.vm.specification.vendor" value="Oracle Corporation"/>
    <property name="java.awt.graphicsenv" value="sun.awt.X11GraphicsEnvironment"/>
    <property name="surefire.real.class.path" value="/home/runner/work/VIP-portal/VIP-portal/vip-application/target/surefire/surefirebooter-20230706180048367_108.jar"/>
    <property name="sun.management.compiler" value="HotSpot 64-Bit Tiered Compilers"/>
    <property name="java.runtime.version" value="11.0.19+7"/>
    <property name="user.name" value="runner"/>
    <property name="path.separator" value=":"/>
    <property name="os.version" value="5.15.0-1041-azure"/>
    <property name="java.runtime.name" value="OpenJDK Runtime Environment"/>
    <property name="file.encoding" value="UTF-8"/>
    <property name="java.vm.name" value="OpenJDK 64-Bit Server VM"/>
    <property name="java.vendor.version" value="Temurin-11.0.19+7"/>
    <property name="localRepository" value="/home/runner/.m2/repository"/>
    <property name="java.vendor.url.bug" value="https://github.com/adoptium/adoptium-support/issues"/>
    <property name="java.io.tmpdir" value="/tmp"/>
    <property name="java.version" value="11.0.19"/>
    <property name="user.dir" value="/home/runner/work/VIP-portal/VIP-portal/vip-application"/>
    <property name="os.arch" value="amd64"/>
    <property name="java.vm.specification.name" value="Java Virtual Machine Specification"/>
    <property name="java.awt.printerjob" value="sun.print.PSPrinterJob"/>
    <property name="sun.os.patch.level" value="unknown"/>
    <property name="java.library.path" value="/usr/java/packages/lib:/usr/lib64:/lib64:/lib:/usr/lib"/>
    <property name="java.vm.info" value="mixed mode"/>
    <property name="java.vendor" value="Eclipse Adoptium"/>
    <property name="java.vm.version" value="11.0.19+7"/>
    <property name="sun.io.unicode.encoding" value="UnicodeLittle"/>
    <property name="java.class.version" value="55.0"/>
  </properties>
  <testcase name="testCatchNonExistentUserLaunch" classname="fr.insalyon.creatis.vip.application.integrationtest.ParserIT" time="0.03">
    <system-out><![CDATA[18:00:59.395 [main] DEBUG org.springframework.test.context.BootstrapUtils - Instantiating CacheAwareContextLoaderDelegate from class [org.springframework.test.context.cache.DefaultCacheAwareContextLoaderDelegate]
18:00:59.395 [main] DEBUG org.springframework.test.context.BootstrapUtils - Instantiating BootstrapContext using constructor [public org.springframework.test.context.support.DefaultBootstrapContext(java.lang.Class,org.springframework.test.context.CacheAwareContextLoaderDelegate)]
18:00:59.395 [main] DEBUG org.springframework.test.context.BootstrapUtils - Instantiating TestContextBootstrapper for test class [fr.insalyon.creatis.vip.application.integrationtest.ParserIT] from class [org.springframework.test.context.support.DefaultTestContextBootstrapper]
18:00:59.396 [main] DEBUG org.springframework.test.context.support.AbstractDelegatingSmartContextLoader - Delegating to AnnotationConfigContextLoader to process context configuration [ContextConfigurationAttributes@247829de declaringClass = 'fr.insalyon.creatis.vip.core.integrationtest.database.BaseSpringIT', classes = '{class fr.insalyon.creatis.vip.core.server.SpringCoreConfig}', locations = '{}', inheritLocations = true, initializers = '{}', inheritInitializers = true, name = [null], contextLoaderClass = 'org.springframework.test.context.ContextLoader'].
18:00:59.396 [main] DEBUG org.springframework.test.context.support.DefaultTestContextBootstrapper - @TestExecutionListeners is not present for class [fr.insalyon.creatis.vip.application.integrationtest.ParserIT]: using defaults.
18:00:59.396 [main] INFO org.springframework.test.context.support.DefaultTestContextBootstrapper - Loaded default TestExecutionListener class names from location [META-INF/spring.factories]: [org.springframework.test.context.web.ServletTestExecutionListener, org.springframework.test.context.support.DirtiesContextBeforeModesTestExecutionListener, org.springframework.test.context.event.ApplicationEventsTestExecutionListener, org.springframework.test.context.support.DependencyInjectionTestExecutionListener, org.springframework.test.context.support.DirtiesContextTestExecutionListener, org.springframework.test.context.transaction.TransactionalTestExecutionListener, org.springframework.test.context.jdbc.SqlScriptsTestExecutionListener, org.springframework.test.context.event.EventPublishingTestExecutionListener, org.springframework.security.test.context.support.WithSecurityContextTestExecutionListener, org.springframework.security.test.context.support.ReactorContextTestExecutionListener]
18:00:59.397 [main] INFO org.springframework.test.context.support.DefaultTestContextBootstrapper - Using TestExecutionListeners: [org.springframework.test.context.web.ServletTestExecutionListener@34c7a119, org.springframework.test.context.support.DirtiesContextBeforeModesTestExecutionListener@5ce3343f, org.springframework.test.context.event.ApplicationEventsTestExecutionListener@36432cbf, org.springframework.test.context.support.DependencyInjectionTestExecutionListener@6fbf7b9b, org.springframework.test.context.support.DirtiesContextTestExecutionListener@66f9d01c, org.springframework.test.context.transaction.TransactionalTestExecutionListener@23fe4230, org.springframework.test.context.jdbc.SqlScriptsTestExecutionListener@cf7a424, org.springframework.test.context.event.EventPublishingTestExecutionListener@18007582, org.springframework.security.test.context.support.WithSecurityContextTestExecutionListener@30513fae, org.springframework.security.test.context.support.ReactorContextTestExecutionListener@61ef1456]
18:00:59.397 [main] DEBUG org.springframework.test.context.support.AbstractDirtiesContextTestExecutionListener - Before test class: context [DefaultTestContext@50084acb testClass = ParserIT, testInstance = [null], testMethod = [null], testException = [null], mergedContextConfiguration = [MergedContextConfiguration@4bbf892d testClass = ParserIT, locations = '{}', classes = '{class fr.insalyon.creatis.vip.core.server.SpringCoreConfig}', contextInitializerClasses = '[]', activeProfiles = '{test-db, test}', propertySourceLocations = '{}', propertySourceProperties = '{db.tableEngine=}', contextCustomizers = set[[empty]], contextLoader = 'org.springframework.test.context.support.DelegatingSmartContextLoader', parent = [null]], attributes = map[[empty]]], class annotated with @DirtiesContext [false] with mode [null].
18:00:59.397 [main] DEBUG org.springframework.test.context.support.DependencyInjectionTestExecutionListener - Performing dependency injection for test context [[DefaultTestContext@50084acb testClass = ParserIT, testInstance = fr.insalyon.creatis.vip.application.integrationtest.ParserIT@72aa63bb, testMethod = [null], testException = [null], mergedContextConfiguration = [MergedContextConfiguration@4bbf892d testClass = ParserIT, locations = '{}', classes = '{class fr.insalyon.creatis.vip.core.server.SpringCoreConfig}', contextInitializerClasses = '[]', activeProfiles = '{test-db, test}', propertySourceLocations = '{}', propertySourceProperties = '{db.tableEngine=}', contextCustomizers = set[[empty]], contextLoader = 'org.springframework.test.context.support.DelegatingSmartContextLoader', parent = [null]], attributes = map['org.springframework.test.context.event.ApplicationEventsTestExecutionListener.recordApplicationEvents' -> false]]].
18:00:59.398 [main] DEBUG org.springframework.test.context.support.AbstractDelegatingSmartContextLoader - Delegating to AnnotationConfigContextLoader to load context from [MergedContextConfiguration@4bbf892d testClass = ParserIT, locations = '{}', classes = '{class fr.insalyon.creatis.vip.core.server.SpringCoreConfig}', contextInitializerClasses = '[]', activeProfiles = '{test-db, test}', propertySourceLocations = '{}', propertySourceProperties = '{db.tableEngine=}', contextCustomizers = set[[empty]], contextLoader = 'org.springframework.test.context.support.DelegatingSmartContextLoader', parent = [null]].
18:00:59.398 [main] DEBUG org.springframework.test.context.support.AbstractGenericContextLoader - Loading ApplicationContext for merged context configuration [[MergedContextConfiguration@4bbf892d testClass = ParserIT, locations = '{}', classes = '{class fr.insalyon.creatis.vip.core.server.SpringCoreConfig}', contextInitializerClasses = '[]', activeProfiles = '{test-db, test}', propertySourceLocations = '{}', propertySourceProperties = '{db.tableEngine=}', contextCustomizers = set[[empty]], contextLoader = 'org.springframework.test.context.support.DelegatingSmartContextLoader', parent = [null]]].
18:00:59.398 [main] DEBUG org.springframework.core.env.StandardEnvironment - Activating profiles [test-db, test]
18:00:59.398 [main] DEBUG org.springframework.test.context.support.TestPropertySourceUtils - Adding inlined properties to environment: {db.tableEngine=}
18:00:59.398 [main] DEBUG org.springframework.test.context.support.AnnotationConfigContextLoader - Registering component classes: {class fr.insalyon.creatis.vip.core.server.SpringCoreConfig}
18:00:59.398 [main] DEBUG org.springframework.context.support.GenericApplicationContext - Refreshing org.springframework.context.support.GenericApplicationContext@6bfe941c
18:00:59.398 [main] DEBUG org.springframework.beans.factory.support.DefaultListableBeanFactory - Creating shared instance of singleton bean 'org.springframework.context.annotation.internalConfigurationAnnotationProcessor'
18:00:59.410 [main] DEBUG org.springframework.context.annotation.ClassPathBeanDefinitionScanner - Identified candidate component class: file [/home/runner/work/VIP-portal/VIP-portal/vip-application/target/test-classes/fr/insalyon/creatis/vip/application/integrationtest/SpringApplicationTestConfig.class]
18:00:59.410 [main] DEBUG org.springframework.context.annotation.ClassPathBeanDefinitionScanner - Identified candidate component class: URL [jar:file:/home/runner/work/VIP-portal/VIP-portal/vip-application/target/vip-application-2.4.1.jar!/fr/insalyon/creatis/vip/application/server/dao/mysql/ApplicationData.class]
18:00:59.411 [main] DEBUG org.springframework.context.annotation.ClassPathBeanDefinitionScanner - Identified candidate component class: URL [jar:file:/home/runner/work/VIP-portal/VIP-portal/vip-application/target/vip-application-2.4.1.jar!/fr/insalyon/creatis/vip/application/server/dao/mysql/ApplicationDataInitializer.class]
18:00:59.411 [main] DEBUG org.springframework.context.annotation.ClassPathBeanDefinitionScanner - Identified candidate component class: URL [jar:file:/home/runner/work/VIP-portal/VIP-portal/vip-application/target/vip-application-2.4.1.jar!/fr/insalyon/creatis/vip/application/server/dao/mysql/ApplicationInputData.class]
18:00:59.411 [main] DEBUG org.springframework.context.annotation.ClassPathBeanDefinitionScanner - Identified candidate component class: URL [jar:file:/home/runner/work/VIP-portal/VIP-portal/vip-application/target/vip-application-2.4.1.jar!/fr/insalyon/creatis/vip/application/server/dao/mysql/EngineData.class]
18:00:59.411 [main] DEBUG org.springframework.context.annotation.ClassPathBeanDefinitionScanner - Identified candidate component class: URL [jar:file:/home/runner/work/VIP-portal/VIP-portal/vip-application/target/vip-application-2.4.1.jar!/fr/insalyon/creatis/vip/application/server/dao/mysql/ClassData.class]
18:00:59.411 [main] DEBUG org.springframework.context.annotation.ClassPathBeanDefinitionScanner - Identified candidate component class: URL [jar:file:/home/runner/work/VIP-portal/VIP-portal/vip-application/target/vip-application-2.4.1.jar!/fr/insalyon/creatis/vip/application/server/dao/h2/ExecutionNodeData.class]
18:00:59.412 [main] DEBUG org.springframework.context.annotation.ClassPathBeanDefinitionScanner - Identified candidate component class: URL [jar:file:/home/runner/work/VIP-portal/VIP-portal/vip-application/target/vip-application-2.4.1.jar!/fr/insalyon/creatis/vip/application/server/dao/h2/SimulationData.class]
18:00:59.412 [main] DEBUG org.springframework.context.annotation.ClassPathBeanDefinitionScanner - Identified candidate component class: URL [jar:file:/home/runner/work/VIP-portal/VIP-portal/vip-application/target/vip-application-2.4.1.jar!/fr/insalyon/creatis/vip/application/server/dao/hibernate/SimulationStatsData.class]
18:00:59.413 [main] DEBUG org.springframework.context.annotation.ClassPathBeanDefinitionScanner - Identified candidate component class: URL [jar:file:/home/runner/work/VIP-portal/VIP-portal/vip-application/target/vip-application-2.4.1.jar!/fr/insalyon/creatis/vip/application/server/business/WorkflowBusiness.class]
18:00:59.413 [main] DEBUG org.springframework.context.annotation.ClassPathBeanDefinitionScanner - Identified candidate component class: URL [jar:file:/home/runner/work/VIP-portal/VIP-portal/vip-application/target/vip-application-2.4.1.jar!/fr/insalyon/creatis/vip/application/server/business/simulation/parser/ScuflParser.class]
18:00:59.413 [main] DEBUG org.springframework.context.annotation.ClassPathBeanDefinitionScanner - Identified candidate component class: URL [jar:file:/home/runner/work/VIP-portal/VIP-portal/vip-application/target/vip-application-2.4.1.jar!/fr/insalyon/creatis/vip/application/server/business/simulation/parser/GwendiaParser.class]
18:00:59.413 [main] DEBUG org.springframework.context.annotation.ClassPathBeanDefinitionScanner - Identified candidate component class: URL [jar:file:/home/runner/work/VIP-portal/VIP-portal/vip-application/target/vip-application-2.4.1.jar!/fr/insalyon/creatis/vip/application/server/business/simulation/parser/InputM2Parser.class]
18:00:59.413 [main] DEBUG org.springframework.context.annotation.ClassPathBeanDefinitionScanner - Identified candidate component class: URL [jar:file:/home/runner/work/VIP-portal/VIP-portal/vip-application/target/vip-application-2.4.1.jar!/fr/insalyon/creatis/vip/application/server/business/simulation/parser/InputParser.class]
18:00:59.414 [main] DEBUG org.springframework.context.annotation.ClassPathBeanDefinitionScanner - Identified candidate component class: URL [jar:file:/home/runner/work/VIP-portal/VIP-portal/vip-application/target/vip-application-2.4.1.jar!/fr/insalyon/creatis/vip/application/server/business/simulation/WebServiceEngine.class]
18:00:59.414 [main] DEBUG org.springframework.context.annotation.ClassPathBeanDefinitionScanner - Identified candidate component class: URL [jar:file:/home/runner/work/VIP-portal/VIP-portal/vip-application/target/vip-application-2.4.1.jar!/fr/insalyon/creatis/vip/application/server/business/ClassBusiness.class]
18:00:59.414 [main] DEBUG org.springframework.context.annotation.ClassPathBeanDefinitionScanner - Identified candidate component class: URL [jar:file:/home/runner/work/VIP-portal/VIP-portal/vip-application/target/vip-application-2.4.1.jar!/fr/insalyon/creatis/vip/application/server/business/EngineBusiness.class]
18:00:59.414 [main] DEBUG org.springframework.context.annotation.ClassPathBeanDefinitionScanner - Identified candidate component class: URL [jar:file:/home/runner/work/VIP-portal/VIP-portal/vip-application/target/vip-application-2.4.1.jar!/fr/insalyon/creatis/vip/application/server/business/SimulationBusiness.class]
18:00:59.426 [main] DEBUG org.springframework.context.annotation.ClassPathBeanDefinitionScanner - Identified candidate component class: URL [jar:file:/home/runner/work/VIP-portal/VIP-portal/vip-application/target/vip-application-2.4.1.jar!/fr/insalyon/creatis/vip/application/server/business/ApplicationBusiness.class]
18:00:59.426 [main] DEBUG org.springframework.context.annotation.ClassPathBeanDefinitionScanner - Identified candidate component class: URL [jar:file:/home/runner/work/VIP-portal/VIP-portal/vip-application/target/vip-application-2.4.1.jar!/fr/insalyon/creatis/vip/application/server/business/InputBusiness.class]
18:00:59.426 [main] DEBUG org.springframework.context.annotation.ClassPathBeanDefinitionScanner - Identified candidate component class: URL [jar:file:/home/runner/work/VIP-portal/VIP-portal/vip-application/target/vip-application-2.4.1.jar!/fr/insalyon/creatis/vip/application/server/business/WorkflowExecutionBusiness.class]
18:00:59.427 [main] DEBUG org.springframework.context.annotation.ClassPathBeanDefinitionScanner - Identified candidate component class: URL [jar:file:/home/runner/work/VIP-portal/VIP-portal/vip-application/target/vip-application-2.4.1.jar!/fr/insalyon/creatis/vip/application/server/business/BoutiquesBusiness.class]
18:00:59.438 [main] DEBUG org.springframework.context.annotation.ClassPathBeanDefinitionScanner - Identified candidate component class: URL [jar:file:/home/runner/work/VIP-portal/VIP-portal/vip-core/target/vip-core-2.4.1.jar!/fr/insalyon/creatis/vip/core/server/dao/mysql/TermsUseData.class]
18:00:59.438 [main] DEBUG org.springframework.context.annotation.ClassPathBeanDefinitionScanner - Identified candidate component class: URL [jar:file:/home/runner/work/VIP-portal/VIP-portal/vip-core/target/vip-core-2.4.1.jar!/fr/insalyon/creatis/vip/core/server/dao/mysql/CoreDataInitializer.class]
18:00:59.438 [main] DEBUG org.springframework.context.annotation.ClassPathBeanDefinitionScanner - Identified candidate component class: URL [jar:file:/home/runner/work/VIP-portal/VIP-portal/vip-core/target/vip-core-2.4.1.jar!/fr/insalyon/creatis/vip/core/server/dao/mysql/UsersGroupsData.class]
18:00:59.445 [main] DEBUG org.springframework.context.annotation.ClassPathBeanDefinitionScanner - Identified candidate component class: URL [jar:file:/home/runner/work/VIP-portal/VIP-portal/vip-core/target/vip-core-2.4.1.jar!/fr/insalyon/creatis/vip/core/server/dao/mysql/UserData.class]
18:00:59.445 [main] DEBUG org.springframework.context.annotation.ClassPathBeanDefinitionScanner - Identified candidate component class: URL [jar:file:/home/runner/work/VIP-portal/VIP-portal/vip-core/target/vip-core-2.4.1.jar!/fr/insalyon/creatis/vip/core/server/dao/mysql/GroupData.class]
18:00:59.445 [main] DEBUG org.springframework.context.annotation.ClassPathBeanDefinitionScanner - Identified candidate component class: URL [jar:file:/home/runner/work/VIP-portal/VIP-portal/vip-core/target/vip-core-2.4.1.jar!/fr/insalyon/creatis/vip/core/server/dao/mysql/TableInitializer.class]
18:00:59.446 [main] DEBUG org.springframework.context.annotation.ClassPathBeanDefinitionScanner - Identified candidate component class: URL [jar:file:/home/runner/work/VIP-portal/VIP-portal/vip-core/target/vip-core-2.4.1.jar!/fr/insalyon/creatis/vip/core/server/business/ConfigurationBusiness.class]
18:00:59.446 [main] DEBUG org.springframework.context.annotation.ClassPathBeanDefinitionScanner - Identified candidate component class: URL [jar:file:/home/runner/work/VIP-portal/VIP-portal/vip-core/target/vip-core-2.4.1.jar!/fr/insalyon/creatis/vip/core/server/business/EmailBusiness.class]
18:00:59.446 [main] DEBUG org.springframework.context.annotation.ClassPathBeanDefinitionScanner - Identified candidate component class: URL [jar:file:/home/runner/work/VIP-portal/VIP-portal/vip-core/target/vip-core-2.4.1.jar!/fr/insalyon/creatis/vip/core/server/business/proxy/ProxyClient.class]
18:00:59.447 [main] DEBUG org.springframework.context.annotation.ClassPathBeanDefinitionScanner - Identified candidate component class: URL [jar:file:/home/runner/work/VIP-portal/VIP-portal/vip-core/target/vip-core-2.4.1.jar!/fr/insalyon/creatis/vip/core/server/business/VipSessionBusiness.class]
18:00:59.447 [main] DEBUG org.springframework.context.annotation.ClassPathBeanDefinitionScanner - Identified candidate component class: URL [jar:file:/home/runner/work/VIP-portal/VIP-portal/vip-core/target/vip-core-2.4.1.jar!/fr/insalyon/creatis/vip/core/server/business/StatsBusiness.class]
18:00:59.448 [main] DEBUG org.springframework.context.annotation.ClassPathBeanDefinitionScanner - Identified candidate component class: URL [jar:file:/home/runner/work/VIP-portal/VIP-portal/vip-core/target/vip-core-2.4.1.jar!/fr/insalyon/creatis/vip/core/server/DataSourceConfig.class]
18:00:59.451 [main] DEBUG org.springframework.context.annotation.ClassPathBeanDefinitionScanner - Identified candidate component class: URL [jar:file:/home/runner/work/VIP-portal/VIP-portal/vip-datamanagement/target/vip-datamanager-2.4.1.jar!/fr/insalyon/creatis/vip/datamanager/server/dao/mysql/SSHData.class]
18:00:59.452 [main] DEBUG org.springframework.context.annotation.ClassPathBeanDefinitionScanner - Identified candidate component class: URL [jar:file:/home/runner/work/VIP-portal/VIP-portal/vip-datamanagement/target/vip-datamanager-2.4.1.jar!/fr/insalyon/creatis/vip/datamanager/server/dao/mysql/DataManagerDataInitializer.class]
18:00:59.452 [main] DEBUG org.springframework.context.annotation.ClassPathBeanDefinitionScanner - Identified candidate component class: URL [jar:file:/home/runner/work/VIP-portal/VIP-portal/vip-datamanagement/target/vip-datamanager-2.4.1.jar!/fr/insalyon/creatis/vip/datamanager/server/dao/mysql/ExternalPlatformData.class]
18:00:59.452 [main] DEBUG org.springframework.context.annotation.ClassPathBeanDefinitionScanner - Identified candidate component class: URL [jar:file:/home/runner/work/VIP-portal/VIP-portal/vip-datamanagement/target/vip-datamanager-2.4.1.jar!/fr/insalyon/creatis/vip/datamanager/server/dao/mysql/ApiKeysData.class]
18:00:59.452 [main] DEBUG org.springframework.context.annotation.ClassPathBeanDefinitionScanner - Identified candidate component class: URL [jar:file:/home/runner/work/VIP-portal/VIP-portal/vip-datamanagement/target/vip-datamanager-2.4.1.jar!/fr/insalyon/creatis/vip/datamanager/server/business/DataManagerBusiness.class]
18:00:59.453 [main] DEBUG org.springframework.context.annotation.ClassPathBeanDefinitionScanner - Identified candidate component class: URL [jar:file:/home/runner/work/VIP-portal/VIP-portal/vip-datamanagement/target/vip-datamanager-2.4.1.jar!/fr/insalyon/creatis/vip/datamanager/server/business/ShanoirStorageBusiness.class]
18:00:59.453 [main] DEBUG org.springframework.context.annotation.ClassPathBeanDefinitionScanner - Identified candidate component class: URL [jar:file:/home/runner/work/VIP-portal/VIP-portal/vip-datamanagement/target/vip-datamanager-2.4.1.jar!/fr/insalyon/creatis/vip/datamanager/server/business/ApiKeyBusiness.class]
18:00:59.453 [main] DEBUG org.springframework.context.annotation.ClassPathBeanDefinitionScanner - Identified candidate component class: URL [jar:file:/home/runner/work/VIP-portal/VIP-portal/vip-datamanagement/target/vip-datamanager-2.4.1.jar!/fr/insalyon/creatis/vip/datamanager/server/business/LFCBusiness.class]
18:00:59.453 [main] DEBUG org.springframework.context.annotation.ClassPathBeanDefinitionScanner - Identified candidate component class: URL [jar:file:/home/runner/work/VIP-portal/VIP-portal/vip-datamanagement/target/vip-datamanager-2.4.1.jar!/fr/insalyon/creatis/vip/datamanager/server/business/GirderStorageBusiness.class]
18:00:59.453 [main] DEBUG org.springframework.context.annotation.ClassPathBeanDefinitionScanner - Identified candidate component class: URL [jar:file:/home/runner/work/VIP-portal/VIP-portal/vip-datamanagement/target/vip-datamanager-2.4.1.jar!/fr/insalyon/creatis/vip/datamanager/server/business/ExternalPlatformBusiness.class]
18:00:59.453 [main] DEBUG org.springframework.context.annotation.ClassPathBeanDefinitionScanner - Identified candidate component class: URL [jar:file:/home/runner/work/VIP-portal/VIP-portal/vip-datamanagement/target/vip-datamanager-2.4.1.jar!/fr/insalyon/creatis/vip/datamanager/server/business/LfcPathsBusiness.class]
18:00:59.453 [main] DEBUG org.springframework.context.annotation.ClassPathBeanDefinitionScanner - Identified candidate component class: URL [jar:file:/home/runner/work/VIP-portal/VIP-portal/vip-datamanagement/target/vip-datamanager-2.4.1.jar!/fr/insalyon/creatis/vip/datamanager/server/business/TransferPoolBusiness.class]
18:00:59.454 [main] DEBUG org.springframework.context.annotation.ClassPathBeanDefinitionScanner - Identified candidate component class: URL [jar:file:/home/runner/work/VIP-portal/VIP-portal/vip-datamanagement/target/vip-datamanager-2.4.1.jar!/fr/insalyon/creatis/vip/datamanager/server/business/LFCPermissionBusiness.class]
18:00:59.462 [main] DEBUG org.springframework.context.annotation.ClassPathBeanDefinitionScanner - Identified candidate component class: URL [jar:file:/home/runner/work/VIP-portal/VIP-portal/vip-social/target/vip-social-2.4.1.jar!/fr/insalyon/creatis/vip/social/server/dao/mysql/MessagingDataInitializer.class]
18:00:59.462 [main] DEBUG org.springframework.context.annotation.ClassPathBeanDefinitionScanner - Identified candidate component class: URL [jar:file:/home/runner/work/VIP-portal/VIP-portal/vip-social/target/vip-social-2.4.1.jar!/fr/insalyon/creatis/vip/social/server/dao/mysql/MessageData.class]
18:00:59.462 [main] DEBUG org.springframework.context.annotation.ClassPathBeanDefinitionScanner - Identified candidate component class: URL [jar:file:/home/runner/work/VIP-portal/VIP-portal/vip-social/target/vip-social-2.4.1.jar!/fr/insalyon/creatis/vip/social/server/dao/mysql/GroupMessageData.class]
18:00:59.462 [main] DEBUG org.springframework.context.annotation.ClassPathBeanDefinitionScanner - Identified candidate component class: URL [jar:file:/home/runner/work/VIP-portal/VIP-portal/vip-social/target/vip-social-2.4.1.jar!/fr/insalyon/creatis/vip/social/server/business/MessageBusiness.class]
18:00:59.467 [main] DEBUG org.springframework.context.annotation.ClassPathBeanDefinitionScanner - Identified candidate component class: URL [jar:file:/home/runner/work/VIP-portal/VIP-portal/vip-core/target/vip-core-2.4.1-tests.jar!/fr/insalyon/creatis/vip/core/integrationtest/TestDataSourceSpringConfig.class]
18:00:59.468 [main] DEBUG org.springframework.context.annotation.ClassPathBeanDefinitionScanner - Identified candidate component class: URL [jar:file:/home/runner/work/VIP-portal/VIP-portal/vip-core/target/vip-core-2.4.1-tests.jar!/fr/insalyon/creatis/vip/core/integrationtest/ServerMockConfig.class]
18:00:59.468 [main] DEBUG org.springframework.context.annotation.ClassPathBeanDefinitionScanner - Identified candidate component class: URL [jar:file:/home/runner/work/VIP-portal/VIP-portal/vip-core/target/vip-core-2.4.1-tests.jar!/fr/insalyon/creatis/vip/core/integrationtest/SpingTestConfig.class]
18:00:59.505 [main] DEBUG org.springframework.beans.factory.support.DefaultListableBeanFactory - Creating shared instance of singleton bean 'properties'
18:00:59.506 [main] DEBUG org.springframework.beans.factory.support.DefaultListableBeanFactory - Creating shared instance of singleton bean 'org.springframework.context.event.internalEventListenerProcessor'
18:00:59.506 [main] DEBUG org.springframework.beans.factory.support.DefaultListableBeanFactory - Creating shared instance of singleton bean 'org.springframework.context.event.internalEventListenerFactory'
18:00:59.506 [main] DEBUG org.springframework.beans.factory.support.DefaultListableBeanFactory - Creating shared instance of singleton bean 'org.springframework.transaction.config.internalTransactionalEventListenerFactory'
18:00:59.506 [main] DEBUG org.springframework.beans.factory.support.DefaultListableBeanFactory - Creating shared instance of singleton bean 'org.springframework.context.annotation.internalAutowiredAnnotationProcessor'
18:00:59.507 [main] DEBUG org.springframework.beans.factory.support.DefaultListableBeanFactory - Creating shared instance of singleton bean 'org.springframework.context.annotation.internalCommonAnnotationProcessor'
18:00:59.507 [main] DEBUG org.springframework.beans.factory.support.DefaultListableBeanFactory - Creating shared instance of singleton bean 'org.springframework.aop.config.internalAutoProxyCreator'
18:00:59.508 [main] DEBUG org.springframework.beans.factory.support.DefaultListableBeanFactory - Creating shared instance of singleton bean 'conversionService'
18:00:59.510 [main] DEBUG org.springframework.beans.factory.support.DefaultListableBeanFactory - Creating shared instance of singleton bean 'org.springframework.transaction.config.internalTransactionAdvisor'
18:00:59.510 [main] DEBUG org.springframework.beans.factory.support.DefaultListableBeanFactory - Creating shared instance of singleton bean 'org.springframework.transaction.annotation.ProxyTransactionManagementConfiguration'
18:00:59.510 [main] DEBUG org.springframework.beans.factory.support.DefaultListableBeanFactory - Creating shared instance of singleton bean 'transactionAttributeSource'
18:00:59.511 [main] DEBUG org.springframework.beans.factory.support.DefaultListableBeanFactory - Creating shared instance of singleton bean 'transactionInterceptor'
18:00:59.511 [main] DEBUG org.springframework.beans.factory.support.DefaultListableBeanFactory - Autowiring by type from bean name 'transactionInterceptor' via factory method to bean named 'transactionAttributeSource'
18:00:59.511 [main] DEBUG org.springframework.beans.factory.support.DefaultListableBeanFactory - Autowiring by type from bean name 'org.springframework.transaction.config.internalTransactionAdvisor' via factory method to bean named 'transactionAttributeSource'
18:00:59.511 [main] DEBUG org.springframework.beans.factory.support.DefaultListableBeanFactory - Autowiring by type from bean name 'org.springframework.transaction.config.internalTransactionAdvisor' via factory method to bean named 'transactionInterceptor'
18:00:59.518 [main] DEBUG org.springframework.beans.factory.support.DefaultListableBeanFactory - Creating shared instance of singleton bean 'springCoreConfig'
18:00:59.519 [main] DEBUG org.springframework.beans.factory.support.DefaultListableBeanFactory - Creating shared instance of singleton bean 'springApplicationTestConfig'
18:00:59.519 [main] DEBUG org.springframework.beans.factory.support.DefaultListableBeanFactory - Creating shared instance of singleton bean 'applicationData'
18:00:59.523 [main] DEBUG org.springframework.beans.factory.support.DefaultListableBeanFactory - Creating shared instance of singleton bean 'lazyDataSource'
18:00:59.523 [main] DEBUG org.springframework.beans.factory.support.DefaultListableBeanFactory - Creating shared instance of singleton bean 'testDataSource'
18:00:59.523 [main] DEBUG org.springframework.beans.factory.support.DefaultListableBeanFactory - Creating shared instance of singleton bean 'testDataSourceSpringConfig'
18:00:59.524 [main] INFO org.springframework.jdbc.datasource.embedded.EmbeddedDatabaseFactory - Starting embedded database: url='jdbc:h2:mem:c60e0b3f-5ca4-462a-9a51-320229e94584;DB_CLOSE_DELAY=-1;DB_CLOSE_ON_EXIT=false', username='sa'
18:00:59.524 [main] DEBUG org.springframework.jdbc.datasource.DataSourceUtils - Fetching JDBC Connection from DataSource
18:00:59.524 [main] DEBUG org.springframework.jdbc.datasource.SimpleDriverDataSource - Creating new JDBC Driver Connection to [jdbc:h2:mem:c60e0b3f-5ca4-462a-9a51-320229e94584;DB_CLOSE_DELAY=-1;DB_CLOSE_ON_EXIT=false]
18:00:59.529 [main] DEBUG org.springframework.beans.factory.support.DefaultListableBeanFactory - Autowiring by type from bean name 'lazyDataSource' via factory method to bean named 'testDataSource'
18:00:59.530 [main] DEBUG org.springframework.jdbc.datasource.SimpleDriverDataSource - Creating new JDBC Driver Connection to [jdbc:h2:mem:c60e0b3f-5ca4-462a-9a51-320229e94584;DB_CLOSE_DELAY=-1;DB_CLOSE_ON_EXIT=false]
18:00:59.531 [main] DEBUG org.springframework.beans.factory.support.DefaultListableBeanFactory - Creating shared instance of singleton bean 'classData'
18:00:59.531 [main] DEBUG org.springframework.beans.factory.support.DefaultListableBeanFactory - Autowiring by type from bean name 'applicationData' via constructor to bean named 'lazyDataSource'
18:00:59.531 [main] DEBUG org.springframework.beans.factory.support.DefaultListableBeanFactory - Autowiring by type from bean name 'applicationData' via constructor to bean named 'classData'
18:00:59.532 [main] DEBUG org.springframework.beans.factory.support.DefaultListableBeanFactory - Creating shared instance of singleton bean 'applicationDataInitializer'
18:00:59.532 [main] DEBUG org.springframework.beans.factory.support.DefaultListableBeanFactory - Creating shared instance of singleton bean 'tableInitializer'
18:00:59.538 [main] DEBUG org.springframework.core.env.PropertySourcesPropertyResolver - Found key 'db.tableEngine' in PropertySource 'Inlined Test Properties' with value of type String
18:00:59.538 [main] DEBUG org.springframework.core.env.PropertySourcesPropertyResolver - Found key 'db.tableEngine' in PropertySource 'environmentProperties' with value of type String
18:00:59.539 [main] DEBUG org.springframework.beans.factory.support.DefaultListableBeanFactory - Autowiring by type from bean name 'applicationDataInitializer' via constructor to bean named 'lazyDataSource'
18:00:59.539 [main] DEBUG org.springframework.beans.factory.support.DefaultListableBeanFactory - Autowiring by type from bean name 'applicationDataInitializer' via constructor to bean named 'tableInitializer'
18:00:59.539 [main] DEBUG org.springframework.beans.factory.support.DefaultListableBeanFactory - Creating shared instance of singleton bean 'applicationInputData'
18:00:59.540 [main] DEBUG org.springframework.beans.factory.support.DefaultListableBeanFactory - Creating shared instance of singleton bean 'engineData'
18:00:59.541 [main] DEBUG org.springframework.beans.factory.support.DefaultListableBeanFactory - Creating shared instance of singleton bean 'simulationStatsData'
18:00:59.541 [main] DEBUG org.springframework.beans.factory.support.DefaultListableBeanFactory - Creating shared instance of singleton bean 'sessionFactory'
18:00:59.545 [main] DEBUG org.springframework.beans.factory.support.DefaultListableBeanFactory - Autowiring by type from bean name 'simulationStatsData' via constructor to bean named 'sessionFactory'
18:00:59.545 [main] DEBUG org.springframework.beans.factory.support.DefaultListableBeanFactory - Creating shared instance of singleton bean 'workflowBusiness'
18:00:59.546 [main] DEBUG org.springframework.beans.factory.support.DefaultListableBeanFactory - Creating shared instance of singleton bean 'testServer'
18:00:59.546 [main] DEBUG org.springframework.beans.factory.support.DefaultListableBeanFactory - Creating shared instance of singleton bean 'serverMockConfig'
18:00:59.549 [main] DEBUG org.springframework.beans.factory.support.DefaultListableBeanFactory - Creating shared instance of singleton bean 'getTestWorkflowDAO'
18:00:59.550 [main] DEBUG org.springframework.beans.factory.support.DefaultListableBeanFactory - Creating shared instance of singleton bean 'getTestProcessorDAO'
18:00:59.550 [main] DEBUG org.springframework.beans.factory.support.DefaultListableBeanFactory - Creating shared instance of singleton bean 'getTestOutputDAO'
18:00:59.551 [main] DEBUG org.springframework.beans.factory.support.DefaultListableBeanFactory - Creating shared instance of singleton bean 'getTestInputDAO'
18:00:59.558 [main] DEBUG org.springframework.beans.factory.support.DefaultListableBeanFactory - Creating shared instance of singleton bean 'getTestStatsDAO'
18:00:59.559 [main] DEBUG org.springframework.beans.factory.support.DefaultListableBeanFactory - Creating shared instance of singleton bean 'usersGroupsData'
18:00:59.560 [main] DEBUG org.springframework.beans.factory.support.DefaultListableBeanFactory - Creating shared instance of singleton bean 'groupData'
18:00:59.563 [main] DEBUG org.springframework.beans.factory.support.DefaultListableBeanFactory - Autowiring by type from bean name 'usersGroupsData' via constructor to bean named 'groupData'
18:00:59.563 [main] DEBUG org.springframework.beans.factory.support.DefaultListableBeanFactory - Creating shared instance of singleton bean 'engineBusiness'
18:00:59.564 [main] DEBUG org.springframework.beans.factory.support.DefaultListableBeanFactory - Autowiring by type from bean name 'engineBusiness' via constructor to bean named 'engineData'
18:00:59.564 [main] DEBUG org.springframework.beans.factory.support.DefaultListableBeanFactory - Creating shared instance of singleton bean 'dataManagerBusiness'
18:00:59.565 [main] DEBUG org.springframework.beans.factory.support.DefaultListableBeanFactory - Creating shared instance of singleton bean 'SSHData'
18:00:59.565 [main] DEBUG org.springframework.beans.factory.support.DefaultListableBeanFactory - Creating shared instance of singleton bean 'testGridaClient'
18:00:59.565 [main] DEBUG org.springframework.beans.factory.support.DefaultListableBeanFactory - Creating shared instance of singleton bean 'spingTestConfig'
18:00:59.566 [main] DEBUG org.springframework.beans.factory.support.DefaultListableBeanFactory - Creating shared instance of singleton bean 'gridaCacheClient'
18:00:59.566 [main] DEBUG org.springframework.beans.factory.support.DefaultListableBeanFactory - Autowiring by type from bean name 'gridaCacheClient' via factory method to bean named 'testServer'
18:00:59.567 [main] DEBUG org.springframework.beans.factory.support.DefaultListableBeanFactory - Creating shared instance of singleton bean 'gridaZombieClient'
18:00:59.567 [main] DEBUG org.springframework.beans.factory.support.DefaultListableBeanFactory - Autowiring by type from bean name 'gridaZombieClient' via factory method to bean named 'testServer'
18:00:59.567 [main] DEBUG org.springframework.beans.factory.support.DefaultListableBeanFactory - Creating shared instance of singleton bean 'configurationBusiness'
18:00:59.569 [main] DEBUG org.springframework.beans.factory.support.DefaultListableBeanFactory - Creating shared instance of singleton bean 'testProxyClient'
18:00:59.576 [main] DEBUG org.springframework.beans.factory.support.DefaultListableBeanFactory - Creating shared instance of singleton bean 'testEmailBusiness'
18:00:59.576 [main] DEBUG org.springframework.beans.factory.support.DefaultListableBeanFactory - Creating shared instance of singleton bean 'testGridaPoolClient'
18:00:59.577 [main] DEBUG org.springframework.beans.factory.support.DefaultListableBeanFactory - Creating shared instance of singleton bean 'termsUseData'
18:00:59.577 [main] DEBUG org.springframework.beans.factory.support.DefaultListableBeanFactory - Creating shared instance of singleton bean 'userData'
18:00:59.578 [main] DEBUG org.springframework.beans.factory.support.DefaultListableBeanFactory - Autowiring by type from bean name 'configurationBusiness' via constructor to bean named 'testServer'
18:00:59.578 [main] DEBUG org.springframework.beans.factory.support.DefaultListableBeanFactory - Autowiring by type from bean name 'configurationBusiness' via constructor to bean named 'testProxyClient'
18:00:59.578 [main] DEBUG org.springframework.beans.factory.support.DefaultListableBeanFactory - Autowiring by type from bean name 'configurationBusiness' via constructor to bean named 'testEmailBusiness'
18:00:59.578 [main] DEBUG org.springframework.beans.factory.support.DefaultListableBeanFactory - Autowiring by type from bean name 'configurationBusiness' via constructor to bean named 'testGridaClient'
18:00:59.578 [main] DEBUG org.springframework.beans.factory.support.DefaultListableBeanFactory - Autowiring by type from bean name 'configurationBusiness' via constructor to bean named 'testGridaPoolClient'
18:00:59.578 [main] DEBUG org.springframework.beans.factory.support.DefaultListableBeanFactory - Autowiring by type from bean name 'configurationBusiness' via constructor to bean named 'groupData'
18:00:59.578 [main] DEBUG org.springframework.beans.factory.support.DefaultListableBeanFactory - Autowiring by type from bean name 'configurationBusiness' via constructor to bean named 'termsUseData'
18:00:59.578 [main] DEBUG org.springframework.beans.factory.support.DefaultListableBeanFactory - Autowiring by type from bean name 'configurationBusiness' via constructor to bean named 'userData'
18:00:59.578 [main] DEBUG org.springframework.beans.factory.support.DefaultListableBeanFactory - Autowiring by type from bean name 'configurationBusiness' via constructor to bean named 'usersGroupsData'
18:00:59.578 [main] DEBUG org.springframework.beans.factory.support.DefaultListableBeanFactory - Creating shared instance of singleton bean 'lfcPathsBusiness'
18:00:59.578 [main] DEBUG org.springframework.beans.factory.support.DefaultListableBeanFactory - Autowiring by type from bean name 'lfcPathsBusiness' via constructor to bean named 'testServer'
18:00:59.578 [main] DEBUG org.springframework.beans.factory.support.DefaultListableBeanFactory - Autowiring by type from bean name 'lfcPathsBusiness' via constructor to bean named 'groupData'
18:00:59.579 [main] DEBUG org.springframework.beans.factory.support.DefaultListableBeanFactory - Autowiring by type from bean name 'dataManagerBusiness' via constructor to bean named 'SSHData'
18:00:59.579 [main] DEBUG org.springframework.beans.factory.support.DefaultListableBeanFactory - Autowiring by type from bean name 'dataManagerBusiness' via constructor to bean named 'testGridaClient'
18:00:59.579 [main] DEBUG org.springframework.beans.factory.support.DefaultListableBeanFactory - Autowiring by type from bean name 'dataManagerBusiness' via constructor to bean named 'gridaCacheClient'
18:00:59.579 [main] DEBUG org.springframework.beans.factory.support.DefaultListableBeanFactory - Autowiring by type from bean name 'dataManagerBusiness' via constructor to bean named 'gridaZombieClient'
18:00:59.579 [main] DEBUG org.springframework.beans.factory.support.DefaultListableBeanFactory - Autowiring by type from bean name 'dataManagerBusiness' via constructor to bean named 'configurationBusiness'
18:00:59.579 [main] DEBUG org.springframework.beans.factory.support.DefaultListableBeanFactory - Autowiring by type from bean name 'dataManagerBusiness' via constructor to bean named 'lfcPathsBusiness'
18:00:59.579 [main] DEBUG org.springframework.beans.factory.support.DefaultListableBeanFactory - Autowiring by type from bean name 'dataManagerBusiness' via constructor to bean named 'testServer'
18:00:59.579 [main] DEBUG org.springframework.beans.factory.support.DefaultListableBeanFactory - Creating shared instance of singleton bean 'externalPlatformBusiness'
18:00:59.580 [main] DEBUG org.springframework.beans.factory.support.DefaultListableBeanFactory - Creating shared instance of singleton bean 'girderStorageBusiness'
18:00:59.587 [main] DEBUG org.springframework.beans.factory.support.DefaultListableBeanFactory - Creating shared instance of singleton bean 'apiKeyBusiness'
18:00:59.588 [main] DEBUG org.springframework.beans.factory.support.DefaultListableBeanFactory - Creating shared instance of singleton bean 'apiKeysData'
18:00:59.588 [main] DEBUG org.springframework.beans.factory.support.DefaultListableBeanFactory - Autowiring by type from bean name 'apiKeyBusiness' via constructor to bean named 'apiKeysData'
18:00:59.588 [main] DEBUG org.springframework.beans.factory.support.DefaultListableBeanFactory - Autowiring by type from bean name 'girderStorageBusiness' via constructor to bean named 'apiKeyBusiness'
18:00:59.588 [main] DEBUG org.springframework.beans.factory.support.DefaultListableBeanFactory - Autowiring by type from bean name 'girderStorageBusiness' via constructor to bean named 'testServer'
18:00:59.589 [main] DEBUG org.springframework.beans.factory.support.DefaultListableBeanFactory - Creating shared instance of singleton bean 'shanoirStorageBusiness'
18:00:59.589 [main] DEBUG org.springframework.beans.factory.support.DefaultListableBeanFactory - Creating shared instance of singleton bean 'externalPlatformData'
18:00:59.589 [main] DEBUG org.springframework.beans.factory.support.DefaultListableBeanFactory - Autowiring by type from bean name 'externalPlatformBusiness' via constructor to bean named 'girderStorageBusiness'
18:00:59.589 [main] DEBUG org.springframework.beans.factory.support.DefaultListableBeanFactory - Autowiring by type from bean name 'externalPlatformBusiness' via constructor to bean named 'shanoirStorageBusiness'
18:00:59.589 [main] DEBUG org.springframework.beans.factory.support.DefaultListableBeanFactory - Autowiring by type from bean name 'externalPlatformBusiness' via constructor to bean named 'externalPlatformData'
18:00:59.589 [main] DEBUG org.springframework.beans.factory.support.DefaultListableBeanFactory - Autowiring by type from bean name 'workflowBusiness' via constructor to bean named 'testServer'
18:00:59.589 [main] DEBUG org.springframework.beans.factory.support.DefaultListableBeanFactory - Autowiring by type from bean name 'workflowBusiness' via constructor to bean named 'simulationStatsData'
18:00:59.589 [main] DEBUG org.springframework.beans.factory.support.DefaultListableBeanFactory - Autowiring by type from bean name 'workflowBusiness' via constructor to bean named 'getTestWorkflowDAO'
18:00:59.589 [main] DEBUG org.springframework.beans.factory.support.DefaultListableBeanFactory - Autowiring by type from bean name 'workflowBusiness' via constructor to bean named 'getTestProcessorDAO'
18:00:59.589 [main] DEBUG org.springframework.beans.factory.support.DefaultListableBeanFactory - Autowiring by type from bean name 'workflowBusiness' via constructor to bean named 'getTestOutputDAO'
18:00:59.589 [main] DEBUG org.springframework.beans.factory.support.DefaultListableBeanFactory - Autowiring by type from bean name 'workflowBusiness' via constructor to bean named 'getTestInputDAO'
18:00:59.589 [main] DEBUG org.springframework.beans.factory.support.DefaultListableBeanFactory - Autowiring by type from bean name 'workflowBusiness' via constructor to bean named 'getTestStatsDAO'
18:00:59.589 [main] DEBUG org.springframework.beans.factory.support.DefaultListableBeanFactory - Autowiring by type from bean name 'workflowBusiness' via constructor to bean named 'engineData'
18:00:59.589 [main] DEBUG org.springframework.beans.factory.support.DefaultListableBeanFactory - Autowiring by type from bean name 'workflowBusiness' via constructor to bean named 'applicationData'
18:00:59.589 [main] DEBUG org.springframework.beans.factory.support.DefaultListableBeanFactory - Autowiring by type from bean name 'workflowBusiness' via constructor to bean named 'usersGroupsData'
18:00:59.589 [main] DEBUG org.springframework.beans.factory.support.DefaultListableBeanFactory - Autowiring by type from bean name 'workflowBusiness' via constructor to bean named 'engineBusiness'
18:00:59.589 [main] DEBUG org.springframework.beans.factory.support.DefaultListableBeanFactory - Autowiring by type from bean name 'workflowBusiness' via constructor to bean named 'dataManagerBusiness'
18:00:59.589 [main] DEBUG org.springframework.beans.factory.support.DefaultListableBeanFactory - Autowiring by type from bean name 'workflowBusiness' via constructor to bean named 'testEmailBusiness'
18:00:59.589 [main] DEBUG org.springframework.beans.factory.support.DefaultListableBeanFactory - Autowiring by type from bean name 'workflowBusiness' via constructor to bean named 'lfcPathsBusiness'
18:00:59.589 [main] DEBUG org.springframework.beans.factory.support.DefaultListableBeanFactory - Autowiring by type from bean name 'workflowBusiness' via constructor to bean named 'testGridaPoolClient'
18:00:59.589 [main] DEBUG org.springframework.beans.factory.support.DefaultListableBeanFactory - Autowiring by type from bean name 'workflowBusiness' via constructor to bean named 'testGridaClient'
18:00:59.589 [main] DEBUG org.springframework.beans.factory.support.DefaultListableBeanFactory - Autowiring by type from bean name 'workflowBusiness' via constructor to bean named 'externalPlatformBusiness'
18:00:59.593 [main] DEBUG org.springframework.beans.factory.support.DefaultListableBeanFactory - Creating shared instance of singleton bean 'classBusiness'
18:00:59.594 [main] DEBUG org.springframework.beans.factory.support.DefaultListableBeanFactory - Autowiring by type from bean name 'classBusiness' via constructor to bean named 'classData'
18:00:59.594 [main] DEBUG org.springframework.beans.factory.support.DefaultListableBeanFactory - Creating shared instance of singleton bean 'simulationBusiness'
18:00:59.594 [main] DEBUG org.springframework.beans.factory.support.DefaultListableBeanFactory - Autowiring by type from bean name 'simulationBusiness' via constructor to bean named 'lfcPathsBusiness'
18:00:59.594 [main] DEBUG org.springframework.beans.factory.support.DefaultListableBeanFactory - Autowiring by type from bean name 'simulationBusiness' via constructor to bean named 'testServer'
18:00:59.596 [main] DEBUG org.springframework.beans.factory.support.DefaultListableBeanFactory - Creating shared instance of singleton bean 'applicationBusiness'
18:00:59.597 [main] DEBUG org.springframework.beans.factory.support.DefaultListableBeanFactory - Autowiring by type from bean name 'applicationBusiness' via constructor to bean named 'applicationData'
18:00:59.597 [main] DEBUG org.springframework.beans.factory.support.DefaultListableBeanFactory - Autowiring by type from bean name 'applicationBusiness' via constructor to bean named 'classData'
18:00:59.597 [main] DEBUG org.springframework.beans.factory.support.DefaultListableBeanFactory - Autowiring by type from bean name 'applicationBusiness' via constructor to bean named 'groupData'
18:00:59.597 [main] DEBUG org.springframework.beans.factory.support.DefaultListableBeanFactory - Creating shared instance of singleton bean 'inputBusiness'
18:00:59.598 [main] DEBUG org.springframework.beans.factory.support.DefaultListableBeanFactory - Autowiring by type from bean name 'inputBusiness' via constructor to bean named 'applicationInputData'
18:00:59.598 [main] DEBUG org.springframework.beans.factory.support.DefaultListableBeanFactory - Autowiring by type from bean name 'inputBusiness' via constructor to bean named 'dataManagerBusiness'
18:00:59.602 [main] DEBUG org.springframework.beans.factory.support.DefaultListableBeanFactory - Creating shared instance of singleton bean 'boutiquesBusiness'
18:00:59.602 [main] DEBUG org.springframework.beans.factory.support.DefaultListableBeanFactory - Autowiring by type from bean name 'boutiquesBusiness' via constructor to bean named 'testServer'
18:00:59.603 [main] DEBUG org.springframework.beans.factory.support.DefaultListableBeanFactory - Autowiring by type from bean name 'boutiquesBusiness' via constructor to bean named 'dataManagerBusiness'
18:00:59.603 [main] DEBUG org.springframework.beans.factory.support.DefaultListableBeanFactory - Autowiring by type from bean name 'boutiquesBusiness' via constructor to bean named 'applicationBusiness'
18:00:59.603 [main] DEBUG org.springframework.beans.factory.support.DefaultListableBeanFactory - Creating shared instance of singleton bean 'coreDataInitializer'
18:00:59.603 [main] DEBUG org.springframework.beans.factory.support.DefaultListableBeanFactory - Autowiring by type from bean name 'coreDataInitializer' via constructor to bean named 'groupData'
18:00:59.603 [main] DEBUG org.springframework.beans.factory.support.DefaultListableBeanFactory - Autowiring by type from bean name 'coreDataInitializer' via constructor to bean named 'lazyDataSource'
18:00:59.603 [main] DEBUG org.springframework.beans.factory.support.DefaultListableBeanFactory - Autowiring by type from bean name 'coreDataInitializer' via constructor to bean named 'tableInitializer'
18:00:59.603 [main] DEBUG org.springframework.beans.factory.support.DefaultListableBeanFactory - Autowiring by type from bean name 'coreDataInitializer' via constructor to bean named 'testServer'
18:00:59.603 [main] DEBUG org.springframework.beans.factory.support.DefaultListableBeanFactory - Autowiring by type from bean name 'coreDataInitializer' via constructor to bean named 'userData'
18:00:59.603 [main] DEBUG org.springframework.beans.factory.support.DefaultListableBeanFactory - Autowiring by type from bean name 'coreDataInitializer' via constructor to bean named 'usersGroupsData'
18:00:59.603 [main] DEBUG org.springframework.beans.factory.support.DefaultListableBeanFactory - Autowiring by type from bean name 'coreDataInitializer' via constructor to bean named 'termsUseData'
18:00:59.604 [main] DEBUG org.springframework.beans.factory.support.DefaultListableBeanFactory - Creating shared instance of singleton bean 'emailBusiness'
18:00:59.604 [main] DEBUG org.springframework.beans.factory.support.DefaultListableBeanFactory - Creating shared instance of singleton bean 'smaClient'
18:00:59.604 [main] DEBUG org.springframework.beans.factory.support.DefaultListableBeanFactory - Autowiring by type from bean name 'smaClient' via factory method to bean named 'testServer'
18:00:59.607 [main] DEBUG org.springframework.beans.factory.support.DefaultListableBeanFactory - Autowiring by type from bean name 'emailBusiness' via constructor to bean named 'smaClient'
18:00:59.607 [main] DEBUG org.springframework.beans.factory.support.DefaultListableBeanFactory - Creating shared instance of singleton bean 'proxyClient'
18:00:59.608 [main] DEBUG org.springframework.beans.factory.support.DefaultListableBeanFactory - Autowiring by type from bean name 'proxyClient' via constructor to bean named 'testServer'
18:00:59.608 [main] DEBUG org.springframework.beans.factory.support.DefaultListableBeanFactory - Creating shared instance of singleton bean 'vipSessionBusiness'
18:00:59.609 [main] DEBUG org.springframework.beans.factory.support.DefaultListableBeanFactory - Autowiring by type from bean name 'vipSessionBusiness' via constructor to bean named 'testServer'
18:00:59.609 [main] DEBUG org.springframework.beans.factory.support.DefaultListableBeanFactory - Autowiring by type from bean name 'vipSessionBusiness' via constructor to bean named 'configurationBusiness'
18:00:59.609 [main] DEBUG org.springframework.beans.factory.support.DefaultListableBeanFactory - Creating shared instance of singleton bean 'statsBusiness'
18:00:59.609 [main] DEBUG org.springframework.beans.factory.support.DefaultListableBeanFactory - Autowiring by type from bean name 'statsBusiness' via constructor to bean named 'userData'
18:00:59.609 [main] DEBUG org.springframework.beans.factory.support.DefaultListableBeanFactory - Creating shared instance of singleton bean 'dataSourceConfig'
18:00:59.609 [main] DEBUG org.springframework.beans.factory.support.DefaultListableBeanFactory - Creating shared instance of singleton bean 'dataManagerDataInitializer'
18:00:59.610 [main] DEBUG org.springframework.beans.factory.support.DefaultListableBeanFactory - Autowiring by type from bean name 'dataManagerDataInitializer' via constructor to bean named 'lazyDataSource'
18:00:59.610 [main] DEBUG org.springframework.beans.factory.support.DefaultListableBeanFactory - Autowiring by type from bean name 'dataManagerDataInitializer' via constructor to bean named 'tableInitializer'
18:00:59.610 [main] DEBUG org.springframework.beans.factory.support.DefaultListableBeanFactory - Creating shared instance of singleton bean 'LFCBusiness'
18:00:59.612 [main] DEBUG org.springframework.beans.factory.support.DefaultListableBeanFactory - Autowiring by type from bean name 'LFCBusiness' via constructor to bean named 'testGridaClient'
18:00:59.612 [main] DEBUG org.springframework.beans.factory.support.DefaultListableBeanFactory - Autowiring by type from bean name 'LFCBusiness' via constructor to bean named 'lfcPathsBusiness'
18:00:59.613 [main] DEBUG org.springframework.beans.factory.support.DefaultListableBeanFactory - Creating shared instance of singleton bean 'transferPoolBusiness'
18:00:59.613 [main] DEBUG org.springframework.beans.factory.support.DefaultListableBeanFactory - Autowiring by type from bean name 'transferPoolBusiness' via constructor to bean named 'testServer'
18:00:59.613 [main] DEBUG org.springframework.beans.factory.support.DefaultListableBeanFactory - Autowiring by type from bean name 'transferPoolBusiness' via constructor to bean named 'LFCBusiness'
18:00:59.613 [main] DEBUG org.springframework.beans.factory.support.DefaultListableBeanFactory - Autowiring by type from bean name 'transferPoolBusiness' via constructor to bean named 'testGridaPoolClient'
18:00:59.613 [main] DEBUG org.springframework.beans.factory.support.DefaultListableBeanFactory - Autowiring by type from bean name 'transferPoolBusiness' via constructor to bean named 'lfcPathsBusiness'
18:00:59.614 [main] DEBUG org.springframework.beans.factory.support.DefaultListableBeanFactory - Creating shared instance of singleton bean 'LFCPermissionBusiness'
18:00:59.614 [main] DEBUG org.springframework.beans.factory.support.DefaultListableBeanFactory - Autowiring by type from bean name 'LFCPermissionBusiness' via constructor to bean named 'dataManagerBusiness'
18:00:59.614 [main] DEBUG org.springframework.beans.factory.support.DefaultListableBeanFactory - Autowiring by type from bean name 'LFCPermissionBusiness' via constructor to bean named 'lfcPathsBusiness'
18:00:59.614 [main] DEBUG org.springframework.beans.factory.support.DefaultListableBeanFactory - Creating shared instance of singleton bean 'messagingDataInitializer'
18:00:59.615 [main] DEBUG org.springframework.beans.factory.support.DefaultListableBeanFactory - Autowiring by type from bean name 'messagingDataInitializer' via constructor to bean named 'lazyDataSource'
18:00:59.615 [main] DEBUG org.springframework.beans.factory.support.DefaultListableBeanFactory - Autowiring by type from bean name 'messagingDataInitializer' via constructor to bean named 'tableInitializer'
18:00:59.615 [main] DEBUG org.springframework.beans.factory.support.DefaultListableBeanFactory - Creating shared instance of singleton bean 'messageData'
18:00:59.615 [main] DEBUG org.springframework.beans.factory.support.DefaultListableBeanFactory - Autowiring by type from bean name 'messageData' via constructor to bean named 'userData'
18:00:59.615 [main] DEBUG org.springframework.beans.factory.support.DefaultListableBeanFactory - Autowiring by type from bean name 'messageData' via constructor to bean named 'lazyDataSource'
18:00:59.616 [main] DEBUG org.springframework.beans.factory.support.DefaultListableBeanFactory - Creating shared instance of singleton bean 'groupMessageData'
18:00:59.617 [main] DEBUG org.springframework.beans.factory.support.DefaultListableBeanFactory - Autowiring by type from bean name 'groupMessageData' via constructor to bean named 'userData'
18:00:59.617 [main] DEBUG org.springframework.beans.factory.support.DefaultListableBeanFactory - Autowiring by type from bean name 'groupMessageData' via constructor to bean named 'groupData'
18:00:59.617 [main] DEBUG org.springframework.beans.factory.support.DefaultListableBeanFactory - Autowiring by type from bean name 'groupMessageData' via constructor to bean named 'messageData'
18:00:59.617 [main] DEBUG org.springframework.beans.factory.support.DefaultListableBeanFactory - Autowiring by type from bean name 'groupMessageData' via constructor to bean named 'lazyDataSource'
18:00:59.617 [main] DEBUG org.springframework.beans.factory.support.DefaultListableBeanFactory - Creating shared instance of singleton bean 'messageBusiness'
18:00:59.617 [main] DEBUG org.springframework.beans.factory.support.DefaultListableBeanFactory - Autowiring by type from bean name 'messageBusiness' via constructor to bean named 'messageData'
18:00:59.617 [main] DEBUG org.springframework.beans.factory.support.DefaultListableBeanFactory - Autowiring by type from bean name 'messageBusiness' via constructor to bean named 'groupMessageData'
18:00:59.617 [main] DEBUG org.springframework.beans.factory.support.DefaultListableBeanFactory - Autowiring by type from bean name 'messageBusiness' via constructor to bean named 'usersGroupsData'
18:00:59.618 [main] DEBUG org.springframework.beans.factory.support.DefaultListableBeanFactory - Autowiring by type from bean name 'messageBusiness' via constructor to bean named 'configurationBusiness'
18:00:59.618 [main] DEBUG org.springframework.beans.factory.support.DefaultListableBeanFactory - Autowiring by type from bean name 'messageBusiness' via constructor to bean named 'testEmailBusiness'
18:00:59.618 [main] DEBUG org.springframework.beans.factory.support.DefaultListableBeanFactory - Creating shared instance of singleton bean 'workflowsDBDAOFactory'
18:00:59.618 [main] DEBUG org.springframework.beans.factory.support.DefaultListableBeanFactory - Creating shared instance of singleton bean 'vipConfigFolder'
18:00:59.618 [main] DEBUG org.springframework.beans.factory.support.DefaultListableBeanFactory - Autowiring by type from bean name 'vipConfigFolder' via factory method to bean named 'org.springframework.context.support.GenericApplicationContext@6bfe941c'
18:00:59.618 [main] DEBUG org.springframework.core.env.PropertySourcesPropertyResolver - Found key 'user.home' in PropertySource 'systemProperties' with value of type String
18:00:59.618 [main] INFO fr.insalyon.creatis.vip.core.server.SpringCoreConfig - vipConfigFolder property not found, using user-home : /home/runner/.vip/
18:00:59.619 [main] DEBUG org.springframework.beans.factory.support.DefaultListableBeanFactory - Creating shared instance of singleton bean 'transactionManager'
18:00:59.619 [main] DEBUG org.springframework.beans.factory.support.DefaultListableBeanFactory - Autowiring by type from bean name 'transactionManager' via factory method to bean named 'lazyDataSource'
18:00:59.620 [main] DEBUG org.springframework.beans.factory.support.DefaultListableBeanFactory - Creating shared instance of singleton bean 'gridaClient'
18:00:59.620 [main] DEBUG org.springframework.beans.factory.support.DefaultListableBeanFactory - Autowiring by type from bean name 'gridaClient' via factory method to bean named 'testServer'
18:00:59.620 [main] DEBUG org.springframework.beans.factory.support.DefaultListableBeanFactory - Creating shared instance of singleton bean 'gridaPoolClient'
18:00:59.620 [main] DEBUG org.springframework.beans.factory.support.DefaultListableBeanFactory - Autowiring by type from bean name 'gridaPoolClient' via factory method to bean named 'testServer'
18:00:59.622 [main] DEBUG org.springframework.context.event.EventListenerMethodProcessor - 1 @EventListener methods processed on bean 'applicationDataInitializer': {public void fr.insalyon.creatis.vip.application.server.dao.mysql.ApplicationDataInitializer.onStartup()=@org.springframework.context.event.EventListener(classes=[org.springframework.context.event.ContextRefreshedEvent], condition=, id=, value=[org.springframework.context.event.ContextRefreshedEvent])}
18:00:59.623 [main] DEBUG org.springframework.context.event.EventListenerMethodProcessor - 1 @EventListener methods processed on bean 'coreDataInitializer': {public void fr.insalyon.creatis.vip.core.server.dao.mysql.CoreDataInitializer.onStartup()=@org.springframework.context.event.EventListener(classes=[org.springframework.context.event.ContextRefreshedEvent], condition=, id=, value=[org.springframework.context.event.ContextRefreshedEvent])}
18:00:59.625 [main] DEBUG org.springframework.context.event.EventListenerMethodProcessor - 1 @EventListener methods processed on bean 'dataManagerDataInitializer': {public void fr.insalyon.creatis.vip.datamanager.server.dao.mysql.DataManagerDataInitializer.onStartup()=@org.springframework.context.event.EventListener(classes=[org.springframework.context.event.ContextRefreshedEvent], condition=, id=, value=[org.springframework.context.event.ContextRefreshedEvent])}
18:00:59.625 [main] DEBUG org.springframework.context.event.EventListenerMethodProcessor - 1 @EventListener methods processed on bean 'messagingDataInitializer': {public void fr.insalyon.creatis.vip.social.server.dao.mysql.MessagingDataInitializer.onStartup()=@org.springframework.context.event.EventListener(classes=[org.springframework.context.event.ContextRefreshedEvent], condition=, id=, value=[org.springframework.context.event.ContextRefreshedEvent])}
18:00:59.627 [main] DEBUG org.springframework.jdbc.datasource.DataSourceTransactionManager - Creating new transaction with name [fr.insalyon.creatis.vip.core.server.dao.mysql.CoreDataInitializer.onStartup]: PROPAGATION_REQUIRED,ISOLATION_DEFAULT
18:00:59.627 [main] DEBUG org.springframework.jdbc.datasource.DataSourceTransactionManager - Acquired Connection [Lazy Connection proxy for target DataSource [org.springframework.jdbc.datasource.embedded.EmbeddedDatabaseFactory$EmbeddedDataSourceProxy@513bf248]] for JDBC transaction
18:00:59.628 [main] DEBUG org.springframework.jdbc.datasource.DataSourceTransactionManager - Switching JDBC Connection [Lazy Connection proxy for target DataSource [org.springframework.jdbc.datasource.embedded.EmbeddedDatabaseFactory$EmbeddedDataSourceProxy@513bf248]] to manual commit
18:00:59.628 [main] INFO fr.insalyon.creatis.vip.core.server.dao.mysql.CoreDataInitializer - Configuring VIP core database.
18:00:59.628 [main] DEBUG org.springframework.jdbc.datasource.DataSourceTransactionManager - Participating in existing transaction
18:00:59.629 [main] DEBUG org.springframework.jdbc.datasource.SimpleDriverDataSource - Creating new JDBC Driver Connection to [jdbc:h2:mem:c60e0b3f-5ca4-462a-9a51-320229e94584;DB_CLOSE_DELAY=-1;DB_CLOSE_ON_EXIT=false]
18:00:59.630 [main] INFO fr.insalyon.creatis.vip.core.server.dao.mysql.TableInitializer - Table VIPUsers successfully created.
18:00:59.630 [main] DEBUG org.springframework.jdbc.datasource.DataSourceTransactionManager - Participating in existing transaction
18:00:59.632 [main] DEBUG org.springframework.jdbc.datasource.DataSourceTransactionManager - Participating in existing transaction
18:00:59.633 [main] INFO fr.insalyon.creatis.vip.core.server.dao.mysql.TableInitializer - Table VIPGroups successfully created.
18:00:59.633 [main] DEBUG org.springframework.jdbc.datasource.DataSourceTransactionManager - Participating in existing transaction
18:00:59.633 [main] DEBUG org.springframework.jdbc.datasource.DataSourceTransactionManager - Participating in existing transaction
18:00:59.635 [main] INFO fr.insalyon.creatis.vip.core.server.dao.mysql.TableInitializer - Table VIPUsersGroups successfully created.
18:00:59.635 [main] DEBUG org.springframework.jdbc.datasource.DataSourceTransactionManager - Participating in existing transaction
18:00:59.636 [main] DEBUG org.springframework.jdbc.datasource.DataSourceTransactionManager - Participating in existing transaction
18:00:59.637 [main] INFO fr.insalyon.creatis.vip.core.server.dao.mysql.TableInitializer - Table VIPTermsOfuse successfully created.
18:00:59.637 [main] DEBUG org.springframework.jdbc.datasource.DataSourceTransactionManager - Participating in existing transaction
18:00:59.638 [main] DEBUG org.springframework.jdbc.datasource.DataSourceTransactionManager - Initiating transaction commit
18:00:59.638 [main] DEBUG org.springframework.jdbc.datasource.DataSourceTransactionManager - Committing JDBC transaction on Connection [conn108: url=jdbc:h2:mem:c60e0b3f-5ca4-462a-9a51-320229e94584 user=SA]
18:00:59.638 [main] DEBUG org.springframework.jdbc.datasource.DataSourceTransactionManager - Releasing JDBC Connection [conn108: url=jdbc:h2:mem:c60e0b3f-5ca4-462a-9a51-320229e94584 user=SA] after transaction
18:00:59.638 [main] DEBUG org.springframework.jdbc.datasource.DataSourceTransactionManager - Creating new transaction with name [fr.insalyon.creatis.vip.application.server.dao.mysql.ApplicationDataInitializer.onStartup]: PROPAGATION_REQUIRED,ISOLATION_DEFAULT
18:00:59.641 [main] DEBUG org.springframework.jdbc.datasource.DataSourceTransactionManager - Acquired Connection [Lazy Connection proxy for target DataSource [org.springframework.jdbc.datasource.embedded.EmbeddedDatabaseFactory$EmbeddedDataSourceProxy@513bf248]] for JDBC transaction
18:00:59.642 [main] DEBUG org.springframework.jdbc.datasource.DataSourceTransactionManager - Switching JDBC Connection [Lazy Connection proxy for target DataSource [org.springframework.jdbc.datasource.embedded.EmbeddedDatabaseFactory$EmbeddedDataSourceProxy@513bf248]] to manual commit
18:00:59.642 [main] INFO fr.insalyon.creatis.vip.application.server.dao.mysql.ApplicationDataInitializer - Configuring VIP Application database.
18:00:59.642 [main] DEBUG org.springframework.jdbc.datasource.DataSourceTransactionManager - Participating in existing transaction
18:00:59.643 [main] DEBUG org.springframework.jdbc.datasource.SimpleDriverDataSource - Creating new JDBC Driver Connection to [jdbc:h2:mem:c60e0b3f-5ca4-462a-9a51-320229e94584;DB_CLOSE_DELAY=-1;DB_CLOSE_ON_EXIT=false]
18:00:59.643 [main] INFO fr.insalyon.creatis.vip.core.server.dao.mysql.TableInitializer - Table VIPEngines successfully created.
18:00:59.644 [main] DEBUG org.springframework.jdbc.datasource.DataSourceTransactionManager - Participating in existing transaction
18:00:59.645 [main] INFO fr.insalyon.creatis.vip.core.server.dao.mysql.TableInitializer - Table VIPClasses successfully created.
18:00:59.645 [main] DEBUG org.springframework.jdbc.datasource.DataSourceTransactionManager - Participating in existing transaction
18:00:59.645 [main] INFO fr.insalyon.creatis.vip.core.server.dao.mysql.TableInitializer - Table VIPClassesEngines successfully created.
18:00:59.645 [main] DEBUG org.springframework.jdbc.datasource.DataSourceTransactionManager - Participating in existing transaction
18:00:59.646 [main] INFO fr.insalyon.creatis.vip.core.server.dao.mysql.TableInitializer - Table VIPGroupsClasses successfully created.
18:00:59.646 [main] DEBUG org.springframework.jdbc.datasource.DataSourceTransactionManager - Participating in existing transaction
18:00:59.647 [main] INFO fr.insalyon.creatis.vip.core.server.dao.mysql.TableInitializer - Table VIPApplications successfully created.
18:00:59.647 [main] DEBUG org.springframework.jdbc.datasource.DataSourceTransactionManager - Participating in existing transaction
18:00:59.647 [main] INFO fr.insalyon.creatis.vip.core.server.dao.mysql.TableInitializer - Table VIPAppVersions successfully created.
18:00:59.647 [main] DEBUG org.springframework.jdbc.datasource.DataSourceTransactionManager - Participating in existing transaction
18:00:59.648 [main] INFO fr.insalyon.creatis.vip.core.server.dao.mysql.TableInitializer - Table VIPApplicationClasses successfully created.
18:00:59.648 [main] DEBUG org.springframework.jdbc.datasource.DataSourceTransactionManager - Participating in existing transaction
18:00:59.649 [main] INFO fr.insalyon.creatis.vip.core.server.dao.mysql.TableInitializer - Table VIPAppInputs successfully created.
18:00:59.649 [main] DEBUG org.springframework.jdbc.datasource.DataSourceTransactionManager - Participating in existing transaction
18:00:59.649 [main] INFO fr.insalyon.creatis.vip.core.server.dao.mysql.TableInitializer - Table VIPAppExamples successfully created.
18:00:59.649 [main] DEBUG org.springframework.jdbc.datasource.DataSourceTransactionManager - Initiating transaction commit
18:00:59.649 [main] DEBUG org.springframework.jdbc.datasource.DataSourceTransactionManager - Committing JDBC transaction on Connection [conn109: url=jdbc:h2:mem:c60e0b3f-5ca4-462a-9a51-320229e94584 user=SA]
18:00:59.649 [main] DEBUG org.springframework.jdbc.datasource.DataSourceTransactionManager - Releasing JDBC Connection [conn109: url=jdbc:h2:mem:c60e0b3f-5ca4-462a-9a51-320229e94584 user=SA] after transaction
18:00:59.649 [main] DEBUG org.springframework.jdbc.datasource.DataSourceTransactionManager - Creating new transaction with name [fr.insalyon.creatis.vip.datamanager.server.dao.mysql.DataManagerDataInitializer.onStartup]: PROPAGATION_REQUIRED,ISOLATION_DEFAULT
18:00:59.649 [main] DEBUG org.springframework.jdbc.datasource.DataSourceTransactionManager - Acquired Connection [Lazy Connection proxy for target DataSource [org.springframework.jdbc.datasource.embedded.EmbeddedDatabaseFactory$EmbeddedDataSourceProxy@513bf248]] for JDBC transaction
18:00:59.649 [main] DEBUG org.springframework.jdbc.datasource.DataSourceTransactionManager - Switching JDBC Connection [Lazy Connection proxy for target DataSource [org.springframework.jdbc.datasource.embedded.EmbeddedDatabaseFactory$EmbeddedDataSourceProxy@513bf248]] to manual commit
18:00:59.649 [main] INFO fr.insalyon.creatis.vip.datamanager.server.dao.mysql.DataManagerDataInitializer - Configuring VIP SSH database.
18:00:59.650 [main] DEBUG org.springframework.jdbc.datasource.DataSourceTransactionManager - Participating in existing transaction
18:00:59.650 [main] DEBUG org.springframework.jdbc.datasource.SimpleDriverDataSource - Creating new JDBC Driver Connection to [jdbc:h2:mem:c60e0b3f-5ca4-462a-9a51-320229e94584;DB_CLOSE_DELAY=-1;DB_CLOSE_ON_EXIT=false]
18:00:59.650 [main] INFO fr.insalyon.creatis.vip.core.server.dao.mysql.TableInitializer - Table VIPSSHAccounts successfully created.
18:00:59.650 [main] INFO fr.insalyon.creatis.vip.datamanager.server.dao.mysql.DataManagerDataInitializer - Configuring VIP External Platforms database.
18:00:59.650 [main] DEBUG org.springframework.jdbc.datasource.DataSourceTransactionManager - Participating in existing transaction
18:00:59.651 [main] INFO fr.insalyon.creatis.vip.core.server.dao.mysql.TableInitializer - Table VIPExternalPlatforms successfully created.
18:00:59.651 [main] INFO fr.insalyon.creatis.vip.datamanager.server.dao.mysql.DataManagerDataInitializer - Configuring VIP api keys database.
18:00:59.651 [main] DEBUG org.springframework.jdbc.datasource.DataSourceTransactionManager - Participating in existing transaction
18:00:59.658 [main] INFO fr.insalyon.creatis.vip.core.server.dao.mysql.TableInitializer - Table VIPApiKeys successfully created.
18:00:59.658 [main] DEBUG org.springframework.jdbc.datasource.DataSourceTransactionManager - Initiating transaction commit
18:00:59.658 [main] DEBUG org.springframework.jdbc.datasource.DataSourceTransactionManager - Committing JDBC transaction on Connection [conn110: url=jdbc:h2:mem:c60e0b3f-5ca4-462a-9a51-320229e94584 user=SA]
18:00:59.658 [main] DEBUG org.springframework.jdbc.datasource.DataSourceTransactionManager - Releasing JDBC Connection [conn110: url=jdbc:h2:mem:c60e0b3f-5ca4-462a-9a51-320229e94584 user=SA] after transaction
18:00:59.658 [main] DEBUG org.springframework.jdbc.datasource.DataSourceTransactionManager - Creating new transaction with name [fr.insalyon.creatis.vip.social.server.dao.mysql.MessagingDataInitializer.onStartup]: PROPAGATION_REQUIRED,ISOLATION_DEFAULT
18:00:59.659 [main] DEBUG org.springframework.jdbc.datasource.DataSourceTransactionManager - Acquired Connection [Lazy Connection proxy for target DataSource [org.springframework.jdbc.datasource.embedded.EmbeddedDatabaseFactory$EmbeddedDataSourceProxy@513bf248]] for JDBC transaction
18:00:59.659 [main] DEBUG org.springframework.jdbc.datasource.DataSourceTransactionManager - Switching JDBC Connection [Lazy Connection proxy for target DataSource [org.springframework.jdbc.datasource.embedded.EmbeddedDatabaseFactory$EmbeddedDataSourceProxy@513bf248]] to manual commit
18:00:59.659 [main] INFO fr.insalyon.creatis.vip.social.server.dao.mysql.MessagingDataInitializer - Configuring VIP Social database.
18:00:59.659 [main] DEBUG org.springframework.jdbc.datasource.DataSourceTransactionManager - Participating in existing transaction
18:00:59.659 [main] DEBUG org.springframework.jdbc.datasource.SimpleDriverDataSource - Creating new JDBC Driver Connection to [jdbc:h2:mem:c60e0b3f-5ca4-462a-9a51-320229e94584;DB_CLOSE_DELAY=-1;DB_CLOSE_ON_EXIT=false]
18:00:59.662 [main] INFO fr.insalyon.creatis.vip.core.server.dao.mysql.TableInitializer - Table VIPSocialMessage successfully created.
18:00:59.662 [main] DEBUG org.springframework.jdbc.datasource.DataSourceTransactionManager - Participating in existing transaction
18:00:59.664 [main] INFO fr.insalyon.creatis.vip.core.server.dao.mysql.TableInitializer - Table VIPSocialMessageSenderReceiver successfully created.
18:00:59.664 [main] DEBUG org.springframework.jdbc.datasource.DataSourceTransactionManager - Participating in existing transaction
18:00:59.666 [main] INFO fr.insalyon.creatis.vip.core.server.dao.mysql.TableInitializer - Table VIPSocialGroupMessage successfully created.
18:00:59.666 [main] DEBUG org.springframework.jdbc.datasource.DataSourceTransactionManager - Initiating transaction commit
18:00:59.666 [main] DEBUG org.springframework.jdbc.datasource.DataSourceTransactionManager - Committing JDBC transaction on Connection [conn111: url=jdbc:h2:mem:c60e0b3f-5ca4-462a-9a51-320229e94584 user=SA]
18:00:59.666 [main] DEBUG org.springframework.jdbc.datasource.DataSourceTransactionManager - Releasing JDBC Connection [conn111: url=jdbc:h2:mem:c60e0b3f-5ca4-462a-9a51-320229e94584 user=SA] after transaction
18:00:59.667 [main] DEBUG org.springframework.test.context.cache.DefaultCacheAwareContextLoaderDelegate - Storing ApplicationContext [1811846172] in cache under key [[MergedContextConfiguration@4bbf892d testClass = ParserIT, locations = '{}', classes = '{class fr.insalyon.creatis.vip.core.server.SpringCoreConfig}', contextInitializerClasses = '[]', activeProfiles = '{test-db, test}', propertySourceLocations = '{}', propertySourceProperties = '{db.tableEngine=}', contextCustomizers = set[[empty]], contextLoader = 'org.springframework.test.context.support.DelegatingSmartContextLoader', parent = [null]]]
18:00:59.667 [main] DEBUG org.springframework.test.context.cache - Spring test ApplicationContext cache statistics: [DefaultContextCache@25fab989 size = 1, maxSize = 32, parentContextCount = 0, hitCount = 72, missCount = 13]
18:00:59.669 [main] DEBUG org.springframework.test.context.cache.DefaultCacheAwareContextLoaderDelegate - Retrieved ApplicationContext [1811846172] from cache with key [[MergedContextConfiguration@4bbf892d testClass = ParserIT, locations = '{}', classes = '{class fr.insalyon.creatis.vip.core.server.SpringCoreConfig}', contextInitializerClasses = '[]', activeProfiles = '{test-db, test}', propertySourceLocations = '{}', propertySourceProperties = '{db.tableEngine=}', contextCustomizers = set[[empty]], contextLoader = 'org.springframework.test.context.support.DelegatingSmartContextLoader', parent = [null]]]
18:00:59.669 [main] DEBUG org.springframework.test.context.cache - Spring test ApplicationContext cache statistics: [DefaultContextCache@25fab989 size = 1, maxSize = 32, parentContextCount = 0, hitCount = 73, missCount = 13]
18:00:59.672 [main] DEBUG org.springframework.test.context.support.AbstractDirtiesContextTestExecutionListener - Before test method: context [DefaultTestContext@50084acb testClass = ParserIT, testInstance = fr.insalyon.creatis.vip.application.integrationtest.ParserIT@72aa63bb, testMethod = testCatchNonExistentUserLaunch@ParserIT, testException = [null], mergedContextConfiguration = [MergedContextConfiguration@4bbf892d testClass = ParserIT, locations = '{}', classes = '{class fr.insalyon.creatis.vip.core.server.SpringCoreConfig}', contextInitializerClasses = '[]', activeProfiles = '{test-db, test}', propertySourceLocations = '{}', propertySourceProperties = '{db.tableEngine=}', contextCustomizers = set[[empty]], contextLoader = 'org.springframework.test.context.support.DelegatingSmartContextLoader', parent = [null]], attributes = map['org.springframework.test.context.event.ApplicationEventsTestExecutionListener.recordApplicationEvents' -> false]], class annotated with @DirtiesContext [false] with mode [null], method annotated with @DirtiesContext [false] with mode [null].
18:00:59.674 [main] DEBUG org.springframework.test.context.transaction.TransactionalTestExecutionListener - Explicit transaction definition [PROPAGATION_REQUIRED,ISOLATION_DEFAULT] found for test context [DefaultTestContext@50084acb testClass = ParserIT, testInstance = fr.insalyon.creatis.vip.application.integrationtest.ParserIT@72aa63bb, testMethod = testCatchNonExistentUserLaunch@ParserIT, testException = [null], mergedContextConfiguration = [MergedContextConfiguration@4bbf892d testClass = ParserIT, locations = '{}', classes = '{class fr.insalyon.creatis.vip.core.server.SpringCoreConfig}', contextInitializerClasses = '[]', activeProfiles = '{test-db, test}', propertySourceLocations = '{}', propertySourceProperties = '{db.tableEngine=}', contextCustomizers = set[[empty]], contextLoader = 'org.springframework.test.context.support.DelegatingSmartContextLoader', parent = [null]], attributes = map['org.springframework.test.context.event.ApplicationEventsTestExecutionListener.recordApplicationEvents' -> false]]
18:00:59.674 [main] DEBUG org.springframework.test.context.cache.DefaultCacheAwareContextLoaderDelegate - Retrieved ApplicationContext [1811846172] from cache with key [[MergedContextConfiguration@4bbf892d testClass = ParserIT, locations = '{}', classes = '{class fr.insalyon.creatis.vip.core.server.SpringCoreConfig}', contextInitializerClasses = '[]', activeProfiles = '{test-db, test}', propertySourceLocations = '{}', propertySourceProperties = '{db.tableEngine=}', contextCustomizers = set[[empty]], contextLoader = 'org.springframework.test.context.support.DelegatingSmartContextLoader', parent = [null]]]
18:00:59.674 [main] DEBUG org.springframework.test.context.cache - Spring test ApplicationContext cache statistics: [DefaultContextCache@25fab989 size = 1, maxSize = 32, parentContextCount = 0, hitCount = 74, missCount = 13]
18:00:59.674 [main] DEBUG org.springframework.test.context.transaction.TransactionalTestExecutionListener - No method-level @Rollback override: using default rollback [true] for test context [DefaultTestContext@50084acb testClass = ParserIT, testInstance = fr.insalyon.creatis.vip.application.integrationtest.ParserIT@72aa63bb, testMethod = testCatchNonExistentUserLaunch@ParserIT, testException = [null], mergedContextConfiguration = [MergedContextConfiguration@4bbf892d testClass = ParserIT, locations = '{}', classes = '{class fr.insalyon.creatis.vip.core.server.SpringCoreConfig}', contextInitializerClasses = '[]', activeProfiles = '{test-db, test}', propertySourceLocations = '{}', propertySourceProperties = '{db.tableEngine=}', contextCustomizers = set[[empty]], contextLoader = 'org.springframework.test.context.support.DelegatingSmartContextLoader', parent = [null]], attributes = map['org.springframework.test.context.event.ApplicationEventsTestExecutionListener.recordApplicationEvents' -> false]].
18:00:59.674 [main] DEBUG org.springframework.jdbc.datasource.DataSourceTransactionManager - Creating new transaction with name [fr.insalyon.creatis.vip.application.integrationtest.ParserIT.testCatchNonExistentUserLaunch]: PROPAGATION_REQUIRED,ISOLATION_DEFAULT
18:00:59.675 [main] DEBUG org.springframework.jdbc.datasource.DataSourceTransactionManager - Acquired Connection [Lazy Connection proxy for target DataSource [org.springframework.jdbc.datasource.embedded.EmbeddedDatabaseFactory$EmbeddedDataSourceProxy@513bf248]] for JDBC transaction
18:00:59.675 [main] DEBUG org.springframework.jdbc.datasource.DataSourceTransactionManager - Switching JDBC Connection [Lazy Connection proxy for target DataSource [org.springframework.jdbc.datasource.embedded.EmbeddedDatabaseFactory$EmbeddedDataSourceProxy@513bf248]] to manual commit
18:00:59.675 [main] INFO org.springframework.test.context.transaction.TransactionContext - Began transaction (1) for test context [DefaultTestContext@50084acb testClass = ParserIT, testInstance = fr.insalyon.creatis.vip.application.integrationtest.ParserIT@72aa63bb, testMethod = testCatchNonExistentUserLaunch@ParserIT, testException = [null], mergedContextConfiguration = [MergedContextConfiguration@4bbf892d testClass = ParserIT, locations = '{}', classes = '{class fr.insalyon.creatis.vip.core.server.SpringCoreConfig}', contextInitializerClasses = '[]', activeProfiles = '{test-db, test}', propertySourceLocations = '{}', propertySourceProperties = '{db.tableEngine=}', contextCustomizers = set[[empty]], contextLoader = 'org.springframework.test.context.support.DelegatingSmartContextLoader', parent = [null]], attributes = map['org.springframework.test.context.event.ApplicationEventsTestExecutionListener.recordApplicationEvents' -> false]]; transaction manager [org.springframework.jdbc.datasource.DataSourceTransactionManager@461df0fe]; rollback [true]
18:00:59.676 [main] DEBUG org.springframework.test.context.cache.DefaultCacheAwareContextLoaderDelegate - Retrieved ApplicationContext [1811846172] from cache with key [[MergedContextConfiguration@4bbf892d testClass = ParserIT, locations = '{}', classes = '{class fr.insalyon.creatis.vip.core.server.SpringCoreConfig}', contextInitializerClasses = '[]', activeProfiles = '{test-db, test}', propertySourceLocations = '{}', propertySourceProperties = '{db.tableEngine=}', contextCustomizers = set[[empty]], contextLoader = 'org.springframework.test.context.support.DelegatingSmartContextLoader', parent = [null]]]
18:00:59.676 [main] DEBUG org.springframework.test.context.cache - Spring test ApplicationContext cache statistics: [DefaultContextCache@25fab989 size = 1, maxSize = 32, parentContextCount = 0, hitCount = 75, missCount = 13]
18:00:59.679 [main] DEBUG org.springframework.test.context.cache.DefaultCacheAwareContextLoaderDelegate - Retrieved ApplicationContext [1811846172] from cache with key [[MergedContextConfiguration@4bbf892d testClass = ParserIT, locations = '{}', classes = '{class fr.insalyon.creatis.vip.core.server.SpringCoreConfig}', contextInitializerClasses = '[]', activeProfiles = '{test-db, test}', propertySourceLocations = '{}', propertySourceProperties = '{db.tableEngine=}', contextCustomizers = set[[empty]], contextLoader = 'org.springframework.test.context.support.DelegatingSmartContextLoader', parent = [null]]]
18:00:59.679 [main] DEBUG org.springframework.test.context.cache - Spring test ApplicationContext cache statistics: [DefaultContextCache@25fab989 size = 1, maxSize = 32, parentContextCount = 0, hitCount = 76, missCount = 13]
18:00:59.680 [main] DEBUG org.springframework.jdbc.datasource.DataSourceTransactionManager - Participating in existing transaction
18:00:59.697 [main] DEBUG org.springframework.jdbc.datasource.DataSourceTransactionManager - Participating in existing transaction
18:00:59.698 [main] DEBUG org.springframework.jdbc.datasource.SimpleDriverDataSource - Creating new JDBC Driver Connection to [jdbc:h2:mem:c60e0b3f-5ca4-462a-9a51-320229e94584;DB_CLOSE_DELAY=-1;DB_CLOSE_ON_EXIT=false]
18:00:59.698 [main] ERROR fr.insalyon.creatis.vip.core.server.dao.mysql.UserData - There is no user registered with the e-mail nonExistent user
18:00:59.699 [main] DEBUG org.springframework.test.context.cache.DefaultCacheAwareContextLoaderDelegate - Retrieved ApplicationContext [1811846172] from cache with key [[MergedContextConfiguration@4bbf892d testClass = ParserIT, locations = '{}', classes = '{class fr.insalyon.creatis.vip.core.server.SpringCoreConfig}', contextInitializerClasses = '[]', activeProfiles = '{test-db, test}', propertySourceLocations = '{}', propertySourceProperties = '{db.tableEngine=}', contextCustomizers = set[[empty]], contextLoader = 'org.springframework.test.context.support.DelegatingSmartContextLoader', parent = [null]]]
18:00:59.699 [main] DEBUG org.springframework.test.context.cache - Spring test ApplicationContext cache statistics: [DefaultContextCache@25fab989 size = 1, maxSize = 32, parentContextCount = 0, hitCount = 77, missCount = 13]
18:00:59.699 [main] DEBUG org.springframework.test.context.cache.DefaultCacheAwareContextLoaderDelegate - Retrieved ApplicationContext [1811846172] from cache with key [[MergedContextConfiguration@4bbf892d testClass = ParserIT, locations = '{}', classes = '{class fr.insalyon.creatis.vip.core.server.SpringCoreConfig}', contextInitializerClasses = '[]', activeProfiles = '{test-db, test}', propertySourceLocations = '{}', propertySourceProperties = '{db.tableEngine=}', contextCustomizers = set[[empty]], contextLoader = 'org.springframework.test.context.support.DelegatingSmartContextLoader', parent = [null]]]
18:00:59.699 [main] DEBUG org.springframework.test.context.cache - Spring test ApplicationContext cache statistics: [DefaultContextCache@25fab989 size = 1, maxSize = 32, parentContextCount = 0, hitCount = 78, missCount = 13]
18:00:59.699 [main] DEBUG org.springframework.jdbc.datasource.DataSourceTransactionManager - Initiating transaction rollback
18:00:59.700 [main] DEBUG org.springframework.jdbc.datasource.DataSourceTransactionManager - Rolling back JDBC transaction on Connection [conn112: url=jdbc:h2:mem:c60e0b3f-5ca4-462a-9a51-320229e94584 user=SA]
18:00:59.700 [main] DEBUG org.springframework.jdbc.datasource.DataSourceTransactionManager - Releasing JDBC Connection [conn112: url=jdbc:h2:mem:c60e0b3f-5ca4-462a-9a51-320229e94584 user=SA] after transaction
18:00:59.700 [main] INFO org.springframework.test.context.transaction.TransactionContext - Rolled back transaction for test: [DefaultTestContext@50084acb testClass = ParserIT, testInstance = fr.insalyon.creatis.vip.application.integrationtest.ParserIT@72aa63bb, testMethod = testCatchNonExistentUserLaunch@ParserIT, testException = [null], mergedContextConfiguration = [MergedContextConfiguration@4bbf892d testClass = ParserIT, locations = '{}', classes = '{class fr.insalyon.creatis.vip.core.server.SpringCoreConfig}', contextInitializerClasses = '[]', activeProfiles = '{test-db, test}', propertySourceLocations = '{}', propertySourceProperties = '{db.tableEngine=}', contextCustomizers = set[[empty]], contextLoader = 'org.springframework.test.context.support.DelegatingSmartContextLoader', parent = [null]], attributes = map['org.springframework.test.context.event.ApplicationEventsTestExecutionListener.recordApplicationEvents' -> false]]
18:00:59.700 [main] DEBUG org.springframework.test.context.support.AbstractDirtiesContextTestExecutionListener - After test method: context [DefaultTestContext@50084acb testClass = ParserIT, testInstance = fr.insalyon.creatis.vip.application.integrationtest.ParserIT@72aa63bb, testMethod = testCatchNonExistentUserLaunch@ParserIT, testException = [null], mergedContextConfiguration = [MergedContextConfiguration@4bbf892d testClass = ParserIT, locations = '{}', classes = '{class fr.insalyon.creatis.vip.core.server.SpringCoreConfig}', contextInitializerClasses = '[]', activeProfiles = '{test-db, test}', propertySourceLocations = '{}', propertySourceProperties = '{db.tableEngine=}', contextCustomizers = set[[empty]], contextLoader = 'org.springframework.test.context.support.DelegatingSmartContextLoader', parent = [null]], attributes = map['org.springframework.test.context.event.ApplicationEventsTestExecutionListener.recordApplicationEvents' -> false]], class annotated with @DirtiesContext [false] with mode [null], method annotated with @DirtiesContext [false] with mode [null].
]]></system-out>
  </testcase>
</testsuite>