<?xml version="1.0" encoding="UTF-8"?>
<testsuite xmlns:xsi="http://www.w3.org/2001/XMLSchema-instance" xsi:noNamespaceSchemaLocation="https://maven.apache.org/surefire/maven-failsafe-plugin/xsd/failsafe-test-report-3.0.xsd" version="3.0" name="fr.insalyon.creatis.vip.application.integrationtest.ClassIT" time="1.73" tests="9" errors="0" skipped="0" failures="0">
  <properties>
    <property name="sun.desktop" value="gnome"/>
    <property name="awt.toolkit" value="sun.awt.X11.XToolkit"/>
    <property name="java.specification.version" value="11"/>
    <property name="sun.cpu.isalist" value=""/>
    <property name="sun.jnu.encoding" value="UTF-8"/>
    <property name="java.class.path" value="/home/marza/Documents/VIP-portal/vip-application/target/test-classes:/home/marza/Documents/VIP-portal/vip-application/target/vip-application-2.4.1.jar:/home/marza/Documents/VIP-portal/vip-core/target/vip-core-2.4.1.jar:/home/marza/.m2/repository/com/google/gwt/gwt-user/2.8.2/gwt-user-2.8.2.jar:/home/marza/.m2/repository/com/google/jsinterop/jsinterop-annotations/1.0.2/jsinterop-annotations-1.0.2.jar:/home/marza/.m2/repository/com/google/jsinterop/jsinterop-annotations/1.0.2/jsinterop-annotations-1.0.2-sources.jar:/home/marza/.m2/repository/javax/servlet/javax.servlet-api/3.1.0/javax.servlet-api-3.1.0.jar:/home/marza/.m2/repository/org/w3c/css/sac/1.3/sac-1.3.jar:/home/marza/.m2/repository/com/isomorphic/smartgwt/lgpl/smartgwt-lgpl/12.0p/smartgwt-lgpl-12.0p.jar:/home/marza/.m2/repository/org/bouncycastle/bcpkix-jdk15on/1.52/bcpkix-jdk15on-1.52.jar:/home/marza/.m2/repository/org/bouncycastle/bcprov-jdk15on/1.52/bcprov-jdk15on-1.52.jar:/home/marza/.m2/repository/fr/insalyon/creatis/grida-client/2.2.0/grida-client-2.2.0.jar:/home/marza/.m2/repository/fr/insalyon/creatis/grida-common/2.2.0/grida-common-2.2.0.jar:/home/marza/.m2/repository/commons-cli/commons-cli/1.4/commons-cli-1.4.jar:/home/marza/.m2/repository/fr/insalyon/creatis/sma-client/0.3.0/sma-client-0.3.0.jar:/home/marza/.m2/repository/fr/insalyon/creatis/sma-common/0.3.0/sma-common-0.3.0.jar:/home/marza/.m2/repository/fr/insalyon/creatis/devtools/0.1/devtools-0.1.jar:/home/marza/.m2/repository/org/slf4j/slf4j-api/1.7.30/slf4j-api-1.7.30.jar:/home/marza/.m2/repository/commons-configuration/commons-configuration/1.7/commons-configuration-1.7.jar:/home/marza/.m2/repository/commons-collections/commons-collections/3.2.2/commons-collections-3.2.2.jar:/home/marza/.m2/repository/commons-digester/commons-digester/1.8.1/commons-digester-1.8.1.jar:/home/marza/.m2/repository/commons-beanutils/commons-beanutils/1.8.3/commons-beanutils-1.8.3.jar:/home/marza/.m2/repository/commons-codec/commons-codec/1.6/commons-codec-1.6.jar:/home/marza/.m2/repository/commons-io/commons-io/2.4/commons-io-2.4.jar:/home/marza/.m2/repository/org/opensaml/opensaml/2.6.0/opensaml-2.6.0.jar:/home/marza/.m2/repository/org/opensaml/openws/1.5.0/openws-1.5.0.jar:/home/marza/.m2/repository/org/opensaml/xmltooling/1.4.0/xmltooling-1.4.0.jar:/home/marza/.m2/repository/ca/juliusdavies/not-yet-commons-ssl/0.3.9/not-yet-commons-ssl-0.3.9.jar:/home/marza/.m2/repository/org/apache/santuario/xmlsec/1.5.4/xmlsec-1.5.4.jar:/home/marza/.m2/repository/commons-httpclient/commons-httpclient/3.1/commons-httpclient-3.1.jar:/home/marza/.m2/repository/org/apache/velocity/velocity/1.7/velocity-1.7.jar:/home/marza/.m2/repository/org/owasp/esapi/esapi/2.0.1/esapi-2.0.1.jar:/home/marza/.m2/repository/joda-time/joda-time/2.2/joda-time-2.2.jar:/home/marza/.m2/repository/xalan/serializer/2.7.1/serializer-2.7.1.jar:/home/marza/.m2/repository/xml-resolver/xml-resolver/1.2/xml-resolver-1.2.jar:/home/marza/.m2/repository/xalan/xalan/2.7.1/xalan-2.7.1.jar:/home/marza/.m2/repository/javax/mail/mail/1.4.5/mail-1.4.5.jar:/home/marza/.m2/repository/javax/annotation/javax.annotation-api/1.3.2/javax.annotation-api-1.3.2.jar:/home/marza/.m2/repository/org/springframework/spring-web/5.3.15/spring-web-5.3.15.jar:/home/marza/.m2/repository/org/springframework/spring-beans/5.3.15/spring-beans-5.3.15.jar:/home/marza/.m2/repository/org/springframework/spring-jdbc/5.3.15/spring-jdbc-5.3.15.jar:/home/marza/.m2/repository/org/springframework/spring-tx/5.3.15/spring-tx-5.3.15.jar:/home/marza/.m2/repository/org/springframework/spring-context/5.3.15/spring-context-5.3.15.jar:/home/marza/.m2/repository/org/springframework/spring-aop/5.3.15/spring-aop-5.3.15.jar:/home/marza/.m2/repository/org/springframework/spring-expression/5.3.15/spring-expression-5.3.15.jar:/home/marza/Documents/VIP-portal/vip-datamanagement/target/vip-datamanager-2.4.1.jar:/home/marza/.m2/repository/commons-fileupload/commons-fileupload/1.3.3/commons-fileupload-1.3.3.jar:/home/marza/.m2/repository/com/fasterxml/jackson/core/jackson-databind/2.11.0/jackson-databind-2.11.0.jar:/home/marza/.m2/repository/com/fasterxml/jackson/core/jackson-annotations/2.11.0/jackson-annotations-2.11.0.jar:/home/marza/.m2/repository/com/fasterxml/jackson/core/jackson-core/2.11.0/jackson-core-2.11.0.jar:/home/marza/Documents/VIP-portal/vip-social/target/vip-social-2.4.1.jar:/home/marza/.m2/repository/fr/insalyon/creatis/moteur2-workflowsdb-common/1.6/moteur2-workflowsdb-common-1.6.jar:/home/marza/.m2/repository/org/hibernate/hibernate-entitymanager/4.1.1.Final/hibernate-entitymanager-4.1.1.Final.jar:/home/marza/.m2/repository/org/jboss/logging/jboss-logging/3.1.0.GA/jboss-logging-3.1.0.GA.jar:/home/marza/.m2/repository/org/hibernate/hibernate-core/4.1.1.Final/hibernate-core-4.1.1.Final.jar:/home/marza/.m2/repository/antlr/antlr/2.7.7/antlr-2.7.7.jar:/home/marza/.m2/repository/org/jboss/spec/javax/transaction/jboss-transaction-api_1.1_spec/1.0.0.Final/jboss-transaction-api_1.1_spec-1.0.0.Final.jar:/home/marza/.m2/repository/dom4j/dom4j/1.6.1/dom4j-1.6.1.jar:/home/marza/.m2/repository/org/hibernate/javax/persistence/hibernate-jpa-2.0-api/1.0.1.Final/hibernate-jpa-2.0-api-1.0.1.Final.jar:/home/marza/.m2/repository/org/javassist/javassist/3.15.0-GA/javassist-3.15.0-GA.jar:/home/marza/.m2/repository/org/hibernate/common/hibernate-commons-annotations/4.0.1.Final/hibernate-commons-annotations-4.0.1.Final.jar:/home/marza/.m2/repository/com/googlecode/gflot/gflot/3.0.2/gflot-3.0.2.jar:/home/marza/.m2/repository/globus-common/jaxrpc/4.2.1/jaxrpc-4.2.1.jar:/home/marza/.m2/repository/org/apache/axis/axis/1.4.1-vip/axis-1.4.1-vip.jar:/home/marza/.m2/repository/org/apache/axis/axis-jaxrpc/1.4.1-SNAPSHOT/axis-jaxrpc-1.4.1-SNAPSHOT.jar:/home/marza/.m2/repository/javax/servlet/servlet-api/2.4/servlet-api-2.4.jar:/home/marza/.m2/repository/commons-logging/commons-logging/99-empty/commons-logging-99-empty.jar:/home/marza/.m2/repository/javax/activation/activation/1.1/activation-1.1.jar:/home/marza/.m2/repository/xerces/xercesImpl/2.6.2/xercesImpl-2.6.2.jar:/home/marza/.m2/repository/xerces/xmlParserAPIs/2.6.2/xmlParserAPIs-2.6.2.jar:/home/marza/.m2/repository/castor/castor/0.9.4.2/castor-0.9.4.2.jar:/home/marza/.m2/repository/bsf/bsf/2.3.0/bsf-2.3.0.jar:/home/marza/.m2/repository/commons-net/commons-net/1.0.0/commons-net-1.0.0.jar:/home/marza/.m2/repository/org/eclipse/emf/common/2.2.3/common-2.2.3.jar:/home/marza/.m2/repository/org/eclipse/emf/ecore/2.2.3/ecore-2.2.3.jar:/home/marza/.m2/repository/org/eclipse/emf/ecore-xmi/2.2.3/ecore-xmi-2.2.3.jar:/home/marza/.m2/repository/org/eclipse/xsd/xsd/2.2.3/xsd-2.2.3.jar:/home/marza/.m2/repository/org/apache/axis/axis-saaj/1.4/axis-saaj-1.4.jar:/home/marza/.m2/repository/commons-discovery/commons-discovery/0.4/commons-discovery-0.4.jar:/home/marza/.m2/repository/wsdl4j/wsdl4j/1.6.1/wsdl4j-1.6.1.jar:/home/marza/.m2/repository/org/jsoup/jsoup/1.7.2/jsoup-1.7.2.jar:/home/marza/.m2/repository/xml-apis/xml-apis/1.4.01/xml-apis-1.4.01.jar:/home/marza/Documents/VIP-portal/vip-core/target/vip-core-2.4.1-tests.jar:/home/marza/.m2/repository/dev/rikka/tools/autoresconfig/gradle-plugin/1.2.2/gradle-plugin-1.2.2.jar:/home/marza/.m2/repository/org/junit/jupiter/junit-jupiter/5.6.2/junit-jupiter-5.6.2.jar:/home/marza/.m2/repository/org/junit/jupiter/junit-jupiter-api/5.6.2/junit-jupiter-api-5.6.2.jar:/home/marza/.m2/repository/org/apiguardian/apiguardian-api/1.1.0/apiguardian-api-1.1.0.jar:/home/marza/.m2/repository/org/opentest4j/opentest4j/1.2.0/opentest4j-1.2.0.jar:/home/marza/.m2/repository/org/junit/platform/junit-platform-commons/1.6.2/junit-platform-commons-1.6.2.jar:/home/marza/.m2/repository/org/junit/jupiter/junit-jupiter-params/5.6.2/junit-jupiter-params-5.6.2.jar:/home/marza/.m2/repository/org/junit/jupiter/junit-jupiter-engine/5.6.2/junit-jupiter-engine-5.6.2.jar:/home/marza/.m2/repository/org/junit/platform/junit-platform-engine/1.6.2/junit-platform-engine-1.6.2.jar:/home/marza/.m2/repository/org/springframework/spring-test/5.3.15/spring-test-5.3.15.jar:/home/marza/.m2/repository/org/springframework/spring-core/5.3.15/spring-core-5.3.15.jar:/home/marza/.m2/repository/org/springframework/spring-jcl/5.3.15/spring-jcl-5.3.15.jar:/home/marza/.m2/repository/com/h2database/h2/1.3.173/h2-1.3.173.jar:/home/marza/.m2/repository/ch/qos/logback/logback-classic/1.2.3/logback-classic-1.2.3.jar:/home/marza/.m2/repository/ch/qos/logback/logback-core/1.2.3/logback-core-1.2.3.jar:/home/marza/.m2/repository/com/github/h-thurow/simple-jndi/0.23.0/simple-jndi-0.23.0.jar:/home/marza/.m2/repository/org/jetbrains/annotations/13.0/annotations-13.0.jar:/home/marza/.m2/repository/commons-lang/commons-lang/2.6/commons-lang-2.6.jar:/home/marza/.m2/repository/org/mockito/mockito-core/4.6.1/mockito-core-4.6.1.jar:/home/marza/.m2/repository/net/bytebuddy/byte-buddy/1.12.10/byte-buddy-1.12.10.jar:/home/marza/.m2/repository/net/bytebuddy/byte-buddy-agent/1.12.10/byte-buddy-agent-1.12.10.jar:/home/marza/.m2/repository/org/objenesis/objenesis/3.2/objenesis-3.2.jar:/home/marza/.m2/repository/org/springframework/security/spring-security-test/5.6.1/spring-security-test-5.6.1.jar:/home/marza/.m2/repository/org/springframework/security/spring-security-core/5.6.1/spring-security-core-5.6.1.jar:/home/marza/.m2/repository/org/springframework/security/spring-security-crypto/5.6.1/spring-security-crypto-5.6.1.jar:/home/marza/.m2/repository/org/springframework/security/spring-security-web/5.6.1/spring-security-web-5.6.1.jar:/home/marza/.m2/repository/org/hamcrest/hamcrest/2.2/hamcrest-2.2.jar:/home/marza/.m2/repository/com/jayway/jsonpath/json-path/2.2.0/json-path-2.2.0.jar:/home/marza/.m2/repository/net/minidev/json-smart/2.2.1/json-smart-2.2.1.jar:/home/marza/.m2/repository/net/minidev/accessors-smart/1.1/accessors-smart-1.1.jar:/home/marza/.m2/repository/org/ow2/asm/asm/5.0.3/asm-5.0.3.jar:/home/marza/.m2/repository/org/mockito/mockito-inline/5.2.0/mockito-inline-5.2.0.jar:"/>
    <property name="java.vm.vendor" value="Red Hat, Inc."/>
    <property name="sun.arch.data.model" value="64"/>
    <property name="java.vendor.url" value="https://www.redhat.com/"/>
    <property name="user.timezone" value="Europe/Paris"/>
    <property name="java.vm.specification.version" value="11"/>
    <property name="os.name" value="Linux"/>
    <property name="sun.java.launcher" value="SUN_STANDARD"/>
    <property name="user.country" value="FR"/>
    <property name="sun.boot.library.path" value="/usr/lib/jvm/java-11-openjdk-11.0.19.0.7-1.fc37.x86_64/lib"/>
    <property name="sun.java.command" value="/home/marza/Documents/VIP-portal/vip-application/target/surefire/surefirebooter-20230711151806888_112.jar /home/marza/Documents/VIP-portal/vip-application/target/surefire 2023-07-11T15-17-44_412-jvmRun1 surefire-20230711151806888_110tmp surefire_2-20230711151806888_111tmp"/>
    <property name="jdk.debug" value="release"/>
    <property name="surefire.test.class.path" value="/home/marza/Documents/VIP-portal/vip-application/target/test-classes:/home/marza/Documents/VIP-portal/vip-application/target/vip-application-2.4.1.jar:/home/marza/Documents/VIP-portal/vip-core/target/vip-core-2.4.1.jar:/home/marza/.m2/repository/com/google/gwt/gwt-user/2.8.2/gwt-user-2.8.2.jar:/home/marza/.m2/repository/com/google/jsinterop/jsinterop-annotations/1.0.2/jsinterop-annotations-1.0.2.jar:/home/marza/.m2/repository/com/google/jsinterop/jsinterop-annotations/1.0.2/jsinterop-annotations-1.0.2-sources.jar:/home/marza/.m2/repository/javax/servlet/javax.servlet-api/3.1.0/javax.servlet-api-3.1.0.jar:/home/marza/.m2/repository/org/w3c/css/sac/1.3/sac-1.3.jar:/home/marza/.m2/repository/com/isomorphic/smartgwt/lgpl/smartgwt-lgpl/12.0p/smartgwt-lgpl-12.0p.jar:/home/marza/.m2/repository/org/bouncycastle/bcpkix-jdk15on/1.52/bcpkix-jdk15on-1.52.jar:/home/marza/.m2/repository/org/bouncycastle/bcprov-jdk15on/1.52/bcprov-jdk15on-1.52.jar:/home/marza/.m2/repository/fr/insalyon/creatis/grida-client/2.2.0/grida-client-2.2.0.jar:/home/marza/.m2/repository/fr/insalyon/creatis/grida-common/2.2.0/grida-common-2.2.0.jar:/home/marza/.m2/repository/commons-cli/commons-cli/1.4/commons-cli-1.4.jar:/home/marza/.m2/repository/fr/insalyon/creatis/sma-client/0.3.0/sma-client-0.3.0.jar:/home/marza/.m2/repository/fr/insalyon/creatis/sma-common/0.3.0/sma-common-0.3.0.jar:/home/marza/.m2/repository/fr/insalyon/creatis/devtools/0.1/devtools-0.1.jar:/home/marza/.m2/repository/org/slf4j/slf4j-api/1.7.30/slf4j-api-1.7.30.jar:/home/marza/.m2/repository/commons-configuration/commons-configuration/1.7/commons-configuration-1.7.jar:/home/marza/.m2/repository/commons-collections/commons-collections/3.2.2/commons-collections-3.2.2.jar:/home/marza/.m2/repository/commons-digester/commons-digester/1.8.1/commons-digester-1.8.1.jar:/home/marza/.m2/repository/commons-beanutils/commons-beanutils/1.8.3/commons-beanutils-1.8.3.jar:/home/marza/.m2/repository/commons-codec/commons-codec/1.6/commons-codec-1.6.jar:/home/marza/.m2/repository/commons-io/commons-io/2.4/commons-io-2.4.jar:/home/marza/.m2/repository/org/opensaml/opensaml/2.6.0/opensaml-2.6.0.jar:/home/marza/.m2/repository/org/opensaml/openws/1.5.0/openws-1.5.0.jar:/home/marza/.m2/repository/org/opensaml/xmltooling/1.4.0/xmltooling-1.4.0.jar:/home/marza/.m2/repository/ca/juliusdavies/not-yet-commons-ssl/0.3.9/not-yet-commons-ssl-0.3.9.jar:/home/marza/.m2/repository/org/apache/santuario/xmlsec/1.5.4/xmlsec-1.5.4.jar:/home/marza/.m2/repository/commons-httpclient/commons-httpclient/3.1/commons-httpclient-3.1.jar:/home/marza/.m2/repository/org/apache/velocity/velocity/1.7/velocity-1.7.jar:/home/marza/.m2/repository/org/owasp/esapi/esapi/2.0.1/esapi-2.0.1.jar:/home/marza/.m2/repository/joda-time/joda-time/2.2/joda-time-2.2.jar:/home/marza/.m2/repository/xalan/serializer/2.7.1/serializer-2.7.1.jar:/home/marza/.m2/repository/xml-resolver/xml-resolver/1.2/xml-resolver-1.2.jar:/home/marza/.m2/repository/xalan/xalan/2.7.1/xalan-2.7.1.jar:/home/marza/.m2/repository/javax/mail/mail/1.4.5/mail-1.4.5.jar:/home/marza/.m2/repository/javax/annotation/javax.annotation-api/1.3.2/javax.annotation-api-1.3.2.jar:/home/marza/.m2/repository/org/springframework/spring-web/5.3.15/spring-web-5.3.15.jar:/home/marza/.m2/repository/org/springframework/spring-beans/5.3.15/spring-beans-5.3.15.jar:/home/marza/.m2/repository/org/springframework/spring-jdbc/5.3.15/spring-jdbc-5.3.15.jar:/home/marza/.m2/repository/org/springframework/spring-tx/5.3.15/spring-tx-5.3.15.jar:/home/marza/.m2/repository/org/springframework/spring-context/5.3.15/spring-context-5.3.15.jar:/home/marza/.m2/repository/org/springframework/spring-aop/5.3.15/spring-aop-5.3.15.jar:/home/marza/.m2/repository/org/springframework/spring-expression/5.3.15/spring-expression-5.3.15.jar:/home/marza/Documents/VIP-portal/vip-datamanagement/target/vip-datamanager-2.4.1.jar:/home/marza/.m2/repository/commons-fileupload/commons-fileupload/1.3.3/commons-fileupload-1.3.3.jar:/home/marza/.m2/repository/com/fasterxml/jackson/core/jackson-databind/2.11.0/jackson-databind-2.11.0.jar:/home/marza/.m2/repository/com/fasterxml/jackson/core/jackson-annotations/2.11.0/jackson-annotations-2.11.0.jar:/home/marza/.m2/repository/com/fasterxml/jackson/core/jackson-core/2.11.0/jackson-core-2.11.0.jar:/home/marza/Documents/VIP-portal/vip-social/target/vip-social-2.4.1.jar:/home/marza/.m2/repository/fr/insalyon/creatis/moteur2-workflowsdb-common/1.6/moteur2-workflowsdb-common-1.6.jar:/home/marza/.m2/repository/org/hibernate/hibernate-entitymanager/4.1.1.Final/hibernate-entitymanager-4.1.1.Final.jar:/home/marza/.m2/repository/org/jboss/logging/jboss-logging/3.1.0.GA/jboss-logging-3.1.0.GA.jar:/home/marza/.m2/repository/org/hibernate/hibernate-core/4.1.1.Final/hibernate-core-4.1.1.Final.jar:/home/marza/.m2/repository/antlr/antlr/2.7.7/antlr-2.7.7.jar:/home/marza/.m2/repository/org/jboss/spec/javax/transaction/jboss-transaction-api_1.1_spec/1.0.0.Final/jboss-transaction-api_1.1_spec-1.0.0.Final.jar:/home/marza/.m2/repository/dom4j/dom4j/1.6.1/dom4j-1.6.1.jar:/home/marza/.m2/repository/org/hibernate/javax/persistence/hibernate-jpa-2.0-api/1.0.1.Final/hibernate-jpa-2.0-api-1.0.1.Final.jar:/home/marza/.m2/repository/org/javassist/javassist/3.15.0-GA/javassist-3.15.0-GA.jar:/home/marza/.m2/repository/org/hibernate/common/hibernate-commons-annotations/4.0.1.Final/hibernate-commons-annotations-4.0.1.Final.jar:/home/marza/.m2/repository/com/googlecode/gflot/gflot/3.0.2/gflot-3.0.2.jar:/home/marza/.m2/repository/globus-common/jaxrpc/4.2.1/jaxrpc-4.2.1.jar:/home/marza/.m2/repository/org/apache/axis/axis/1.4.1-vip/axis-1.4.1-vip.jar:/home/marza/.m2/repository/org/apache/axis/axis-jaxrpc/1.4.1-SNAPSHOT/axis-jaxrpc-1.4.1-SNAPSHOT.jar:/home/marza/.m2/repository/javax/servlet/servlet-api/2.4/servlet-api-2.4.jar:/home/marza/.m2/repository/commons-logging/commons-logging/99-empty/commons-logging-99-empty.jar:/home/marza/.m2/repository/javax/activation/activation/1.1/activation-1.1.jar:/home/marza/.m2/repository/xerces/xercesImpl/2.6.2/xercesImpl-2.6.2.jar:/home/marza/.m2/repository/xerces/xmlParserAPIs/2.6.2/xmlParserAPIs-2.6.2.jar:/home/marza/.m2/repository/castor/castor/0.9.4.2/castor-0.9.4.2.jar:/home/marza/.m2/repository/bsf/bsf/2.3.0/bsf-2.3.0.jar:/home/marza/.m2/repository/commons-net/commons-net/1.0.0/commons-net-1.0.0.jar:/home/marza/.m2/repository/org/eclipse/emf/common/2.2.3/common-2.2.3.jar:/home/marza/.m2/repository/org/eclipse/emf/ecore/2.2.3/ecore-2.2.3.jar:/home/marza/.m2/repository/org/eclipse/emf/ecore-xmi/2.2.3/ecore-xmi-2.2.3.jar:/home/marza/.m2/repository/org/eclipse/xsd/xsd/2.2.3/xsd-2.2.3.jar:/home/marza/.m2/repository/org/apache/axis/axis-saaj/1.4/axis-saaj-1.4.jar:/home/marza/.m2/repository/commons-discovery/commons-discovery/0.4/commons-discovery-0.4.jar:/home/marza/.m2/repository/wsdl4j/wsdl4j/1.6.1/wsdl4j-1.6.1.jar:/home/marza/.m2/repository/org/jsoup/jsoup/1.7.2/jsoup-1.7.2.jar:/home/marza/.m2/repository/xml-apis/xml-apis/1.4.01/xml-apis-1.4.01.jar:/home/marza/Documents/VIP-portal/vip-core/target/vip-core-2.4.1-tests.jar:/home/marza/.m2/repository/dev/rikka/tools/autoresconfig/gradle-plugin/1.2.2/gradle-plugin-1.2.2.jar:/home/marza/.m2/repository/org/junit/jupiter/junit-jupiter/5.6.2/junit-jupiter-5.6.2.jar:/home/marza/.m2/repository/org/junit/jupiter/junit-jupiter-api/5.6.2/junit-jupiter-api-5.6.2.jar:/home/marza/.m2/repository/org/apiguardian/apiguardian-api/1.1.0/apiguardian-api-1.1.0.jar:/home/marza/.m2/repository/org/opentest4j/opentest4j/1.2.0/opentest4j-1.2.0.jar:/home/marza/.m2/repository/org/junit/platform/junit-platform-commons/1.6.2/junit-platform-commons-1.6.2.jar:/home/marza/.m2/repository/org/junit/jupiter/junit-jupiter-params/5.6.2/junit-jupiter-params-5.6.2.jar:/home/marza/.m2/repository/org/junit/jupiter/junit-jupiter-engine/5.6.2/junit-jupiter-engine-5.6.2.jar:/home/marza/.m2/repository/org/junit/platform/junit-platform-engine/1.6.2/junit-platform-engine-1.6.2.jar:/home/marza/.m2/repository/org/springframework/spring-test/5.3.15/spring-test-5.3.15.jar:/home/marza/.m2/repository/org/springframework/spring-core/5.3.15/spring-core-5.3.15.jar:/home/marza/.m2/repository/org/springframework/spring-jcl/5.3.15/spring-jcl-5.3.15.jar:/home/marza/.m2/repository/com/h2database/h2/1.3.173/h2-1.3.173.jar:/home/marza/.m2/repository/ch/qos/logback/logback-classic/1.2.3/logback-classic-1.2.3.jar:/home/marza/.m2/repository/ch/qos/logback/logback-core/1.2.3/logback-core-1.2.3.jar:/home/marza/.m2/repository/com/github/h-thurow/simple-jndi/0.23.0/simple-jndi-0.23.0.jar:/home/marza/.m2/repository/org/jetbrains/annotations/13.0/annotations-13.0.jar:/home/marza/.m2/repository/commons-lang/commons-lang/2.6/commons-lang-2.6.jar:/home/marza/.m2/repository/org/mockito/mockito-core/4.6.1/mockito-core-4.6.1.jar:/home/marza/.m2/repository/net/bytebuddy/byte-buddy/1.12.10/byte-buddy-1.12.10.jar:/home/marza/.m2/repository/net/bytebuddy/byte-buddy-agent/1.12.10/byte-buddy-agent-1.12.10.jar:/home/marza/.m2/repository/org/objenesis/objenesis/3.2/objenesis-3.2.jar:/home/marza/.m2/repository/org/springframework/security/spring-security-test/5.6.1/spring-security-test-5.6.1.jar:/home/marza/.m2/repository/org/springframework/security/spring-security-core/5.6.1/spring-security-core-5.6.1.jar:/home/marza/.m2/repository/org/springframework/security/spring-security-crypto/5.6.1/spring-security-crypto-5.6.1.jar:/home/marza/.m2/repository/org/springframework/security/spring-security-web/5.6.1/spring-security-web-5.6.1.jar:/home/marza/.m2/repository/org/hamcrest/hamcrest/2.2/hamcrest-2.2.jar:/home/marza/.m2/repository/com/jayway/jsonpath/json-path/2.2.0/json-path-2.2.0.jar:/home/marza/.m2/repository/net/minidev/json-smart/2.2.1/json-smart-2.2.1.jar:/home/marza/.m2/repository/net/minidev/accessors-smart/1.1/accessors-smart-1.1.jar:/home/marza/.m2/repository/org/ow2/asm/asm/5.0.3/asm-5.0.3.jar:/home/marza/.m2/repository/org/mockito/mockito-inline/5.2.0/mockito-inline-5.2.0.jar:"/>
    <property name="sun.cpu.endian" value="little"/>
    <property name="user.home" value="/home/marza"/>
    <property name="user.language" value="fr"/>
    <property name="java.specification.vendor" value="Oracle Corporation"/>
    <property name="java.version.date" value="2023-04-18"/>
    <property name="java.home" value="/usr/lib/jvm/java-11-openjdk-11.0.19.0.7-1.fc37.x86_64"/>
    <property name="file.separator" value="/"/>
    <property name="basedir" value="/home/marza/Documents/VIP-portal/vip-application"/>
    <property name="java.vm.compressedOopsMode" value="Zero based"/>
    <property name="line.separator" value="&#10;"/>
    <property name="java.specification.name" value="Java Platform API Specification"/>
    <property name="java.vm.specification.vendor" value="Oracle Corporation"/>
    <property name="java.awt.graphicsenv" value="sun.awt.X11GraphicsEnvironment"/>
    <property name="surefire.real.class.path" value="/home/marza/Documents/VIP-portal/vip-application/target/surefire/surefirebooter-20230711151806888_112.jar"/>
    <property name="sun.management.compiler" value="HotSpot 64-Bit Tiered Compilers"/>
    <property name="java.runtime.version" value="11.0.19+7"/>
    <property name="user.name" value="marza"/>
    <property name="path.separator" value=":"/>
    <property name="os.version" value="6.2.15-200.fc37.x86_64"/>
    <property name="java.runtime.name" value="OpenJDK Runtime Environment"/>
    <property name="file.encoding" value="UTF-8"/>
    <property name="java.vm.name" value="OpenJDK 64-Bit Server VM"/>
    <property name="java.vendor.version" value="(Red_Hat-11.0.19.0.7-2.fc37)"/>
    <property name="localRepository" value="/home/marza/.m2/repository"/>
    <property name="java.vendor.url.bug" value="https://bugzilla.redhat.com/enter_bug.cgi?product=Fedora&amp;component=java-11-openjdk-portable&amp;version=37"/>
    <property name="java.io.tmpdir" value="/tmp"/>
    <property name="java.version" value="11.0.19"/>
    <property name="user.dir" value="/home/marza/Documents/VIP-portal/vip-application"/>
    <property name="os.arch" value="amd64"/>
    <property name="java.vm.specification.name" value="Java Virtual Machine Specification"/>
    <property name="java.awt.printerjob" value="sun.print.PSPrinterJob"/>
    <property name="sun.os.patch.level" value="unknown"/>
    <property name="java.library.path" value="/usr/java/packages/lib:/usr/lib64:/lib64:/lib:/usr/lib"/>
    <property name="java.vm.info" value="mixed mode, sharing"/>
    <property name="java.vendor" value="Red Hat, Inc."/>
    <property name="java.vm.version" value="11.0.19+7"/>
    <property name="sun.io.unicode.encoding" value="UnicodeLittle"/>
    <property name="java.class.version" value="55.0"/>
  </properties>
  <testcase name="testCatchNonExistentClassRemoveClass" classname="fr.insalyon.creatis.vip.application.integrationtest.ClassIT" time="0.012">
    <system-out><![CDATA[15:18:15.724 [main] DEBUG org.springframework.test.context.BootstrapUtils - Instantiating CacheAwareContextLoaderDelegate from class [org.springframework.test.context.cache.DefaultCacheAwareContextLoaderDelegate]
15:18:15.724 [main] DEBUG org.springframework.test.context.BootstrapUtils - Instantiating BootstrapContext using constructor [public org.springframework.test.context.support.DefaultBootstrapContext(java.lang.Class,org.springframework.test.context.CacheAwareContextLoaderDelegate)]
15:18:15.724 [main] DEBUG org.springframework.test.context.BootstrapUtils - Instantiating TestContextBootstrapper for test class [fr.insalyon.creatis.vip.application.integrationtest.ClassIT] from class [org.springframework.test.context.support.DefaultTestContextBootstrapper]
15:18:15.725 [main] DEBUG org.springframework.test.context.support.AbstractDelegatingSmartContextLoader - Delegating to AnnotationConfigContextLoader to process context configuration [ContextConfigurationAttributes@57a4daf6 declaringClass = 'fr.insalyon.creatis.vip.core.integrationtest.database.BaseSpringIT', classes = '{class fr.insalyon.creatis.vip.core.server.SpringCoreConfig}', locations = '{}', inheritLocations = true, initializers = '{}', inheritInitializers = true, name = [null], contextLoaderClass = 'org.springframework.test.context.ContextLoader'].
15:18:15.726 [main] DEBUG org.springframework.test.context.support.DefaultTestContextBootstrapper - @TestExecutionListeners is not present for class [fr.insalyon.creatis.vip.application.integrationtest.ClassIT]: using defaults.
15:18:15.726 [main] INFO org.springframework.test.context.support.DefaultTestContextBootstrapper - Loaded default TestExecutionListener class names from location [META-INF/spring.factories]: [org.springframework.test.context.web.ServletTestExecutionListener, org.springframework.test.context.support.DirtiesContextBeforeModesTestExecutionListener, org.springframework.test.context.event.ApplicationEventsTestExecutionListener, org.springframework.test.context.support.DependencyInjectionTestExecutionListener, org.springframework.test.context.support.DirtiesContextTestExecutionListener, org.springframework.test.context.transaction.TransactionalTestExecutionListener, org.springframework.test.context.jdbc.SqlScriptsTestExecutionListener, org.springframework.test.context.event.EventPublishingTestExecutionListener, org.springframework.security.test.context.support.WithSecurityContextTestExecutionListener, org.springframework.security.test.context.support.ReactorContextTestExecutionListener]
15:18:15.727 [main] INFO org.springframework.test.context.support.DefaultTestContextBootstrapper - Using TestExecutionListeners: [org.springframework.test.context.web.ServletTestExecutionListener@3211a741, org.springframework.test.context.support.DirtiesContextBeforeModesTestExecutionListener@49e4bc67, org.springframework.test.context.event.ApplicationEventsTestExecutionListener@25372c4, org.springframework.test.context.support.DependencyInjectionTestExecutionListener@fc589f3, org.springframework.test.context.support.DirtiesContextTestExecutionListener@30d10ce5, org.springframework.test.context.transaction.TransactionalTestExecutionListener@5c3a891c, org.springframework.test.context.jdbc.SqlScriptsTestExecutionListener@4566050d, org.springframework.test.context.event.EventPublishingTestExecutionListener@66cf9643, org.springframework.security.test.context.support.WithSecurityContextTestExecutionListener@5ec1085b, org.springframework.security.test.context.support.ReactorContextTestExecutionListener@56bb08f6]
15:18:15.727 [main] DEBUG org.springframework.test.context.support.AbstractDirtiesContextTestExecutionListener - Before test class: context [DefaultTestContext@23803141 testClass = ClassIT, testInstance = [null], testMethod = [null], testException = [null], mergedContextConfiguration = [MergedContextConfiguration@39e7d6fc testClass = ClassIT, locations = '{}', classes = '{class fr.insalyon.creatis.vip.core.server.SpringCoreConfig}', contextInitializerClasses = '[]', activeProfiles = '{test-db, test}', propertySourceLocations = '{}', propertySourceProperties = '{db.tableEngine=, vipConfigFolder=classpath:}', contextCustomizers = set[[empty]], contextLoader = 'org.springframework.test.context.support.DelegatingSmartContextLoader', parent = [null]], attributes = map[[empty]]], class annotated with @DirtiesContext [true] with mode [AFTER_EACH_TEST_METHOD].
15:18:15.728 [main] DEBUG org.springframework.test.context.support.DependencyInjectionTestExecutionListener - Performing dependency injection for test context [[DefaultTestContext@23803141 testClass = ClassIT, testInstance = fr.insalyon.creatis.vip.application.integrationtest.ClassIT@6fb2924b, testMethod = [null], testException = [null], mergedContextConfiguration = [MergedContextConfiguration@39e7d6fc testClass = ClassIT, locations = '{}', classes = '{class fr.insalyon.creatis.vip.core.server.SpringCoreConfig}', contextInitializerClasses = '[]', activeProfiles = '{test-db, test}', propertySourceLocations = '{}', propertySourceProperties = '{db.tableEngine=, vipConfigFolder=classpath:}', contextCustomizers = set[[empty]], contextLoader = 'org.springframework.test.context.support.DelegatingSmartContextLoader', parent = [null]], attributes = map['org.springframework.test.context.event.ApplicationEventsTestExecutionListener.recordApplicationEvents' -> false]]].
15:18:15.728 [main] DEBUG org.springframework.test.context.support.AbstractDelegatingSmartContextLoader - Delegating to AnnotationConfigContextLoader to load context from [MergedContextConfiguration@39e7d6fc testClass = ClassIT, locations = '{}', classes = '{class fr.insalyon.creatis.vip.core.server.SpringCoreConfig}', contextInitializerClasses = '[]', activeProfiles = '{test-db, test}', propertySourceLocations = '{}', propertySourceProperties = '{db.tableEngine=, vipConfigFolder=classpath:}', contextCustomizers = set[[empty]], contextLoader = 'org.springframework.test.context.support.DelegatingSmartContextLoader', parent = [null]].
15:18:15.728 [main] DEBUG org.springframework.test.context.support.AbstractGenericContextLoader - Loading ApplicationContext for merged context configuration [[MergedContextConfiguration@39e7d6fc testClass = ClassIT, locations = '{}', classes = '{class fr.insalyon.creatis.vip.core.server.SpringCoreConfig}', contextInitializerClasses = '[]', activeProfiles = '{test-db, test}', propertySourceLocations = '{}', propertySourceProperties = '{db.tableEngine=, vipConfigFolder=classpath:}', contextCustomizers = set[[empty]], contextLoader = 'org.springframework.test.context.support.DelegatingSmartContextLoader', parent = [null]]].
15:18:15.728 [main] DEBUG org.springframework.core.env.StandardEnvironment - Activating profiles [test-db, test]
15:18:15.728 [main] DEBUG org.springframework.test.context.support.TestPropertySourceUtils - Adding inlined properties to environment: {db.tableEngine=, vipConfigFolder=classpath:}
15:18:15.728 [main] DEBUG org.springframework.test.context.support.AnnotationConfigContextLoader - Registering component classes: {class fr.insalyon.creatis.vip.core.server.SpringCoreConfig}
15:18:15.730 [main] DEBUG org.springframework.context.support.GenericApplicationContext - Refreshing org.springframework.context.support.GenericApplicationContext@6140dbf3
15:18:15.730 [main] DEBUG org.springframework.beans.factory.support.DefaultListableBeanFactory - Creating shared instance of singleton bean 'org.springframework.context.annotation.internalConfigurationAnnotationProcessor'
15:18:15.740 [main] DEBUG org.springframework.context.annotation.ClassPathBeanDefinitionScanner - Identified candidate component class: file [/home/marza/Documents/VIP-portal/vip-application/target/test-classes/fr/insalyon/creatis/vip/application/integrationtest/SpringApplicationTestConfig.class]
15:18:15.750 [main] DEBUG org.springframework.context.annotation.ClassPathBeanDefinitionScanner - Identified candidate component class: URL [jar:file:/home/marza/Documents/VIP-portal/vip-application/target/vip-application-2.4.1.jar!/fr/insalyon/creatis/vip/application/server/business/EngineBusiness.class]
15:18:15.750 [main] DEBUG org.springframework.context.annotation.ClassPathBeanDefinitionScanner - Identified candidate component class: URL [jar:file:/home/marza/Documents/VIP-portal/vip-application/target/vip-application-2.4.1.jar!/fr/insalyon/creatis/vip/application/server/business/simulation/parser/InputParser.class]
15:18:15.750 [main] DEBUG org.springframework.context.annotation.ClassPathBeanDefinitionScanner - Identified candidate component class: URL [jar:file:/home/marza/Documents/VIP-portal/vip-application/target/vip-application-2.4.1.jar!/fr/insalyon/creatis/vip/application/server/business/simulation/parser/ScuflParser.class]
15:18:15.750 [main] DEBUG org.springframework.context.annotation.ClassPathBeanDefinitionScanner - Identified candidate component class: URL [jar:file:/home/marza/Documents/VIP-portal/vip-application/target/vip-application-2.4.1.jar!/fr/insalyon/creatis/vip/application/server/business/simulation/parser/GwendiaParser.class]
15:18:15.750 [main] DEBUG org.springframework.context.annotation.ClassPathBeanDefinitionScanner - Identified candidate component class: URL [jar:file:/home/marza/Documents/VIP-portal/vip-application/target/vip-application-2.4.1.jar!/fr/insalyon/creatis/vip/application/server/business/BoutiquesBusiness.class]
15:18:15.750 [main] DEBUG org.springframework.context.annotation.ClassPathBeanDefinitionScanner - Identified candidate component class: URL [jar:file:/home/marza/Documents/VIP-portal/vip-application/target/vip-application-2.4.1.jar!/fr/insalyon/creatis/vip/application/server/dao/hibernate/SimulationStatsData.class]
15:18:15.751 [main] DEBUG org.springframework.context.annotation.ClassPathBeanDefinitionScanner - Identified candidate component class: URL [jar:file:/home/marza/Documents/VIP-portal/vip-application/target/vip-application-2.4.1.jar!/fr/insalyon/creatis/vip/application/server/dao/mysql/ApplicationData.class]
15:18:15.755 [main] DEBUG org.springframework.context.annotation.ClassPathBeanDefinitionScanner - Identified candidate component class: URL [jar:file:/home/marza/Documents/VIP-portal/vip-application/target/vip-application-2.4.1.jar!/fr/insalyon/creatis/vip/application/server/business/InputBusiness.class]
15:18:15.756 [main] DEBUG org.springframework.context.annotation.ClassPathBeanDefinitionScanner - Identified candidate component class: URL [jar:file:/home/marza/Documents/VIP-portal/vip-application/target/vip-application-2.4.1.jar!/fr/insalyon/creatis/vip/application/server/business/SimulationBusiness.class]
15:18:15.759 [main] DEBUG org.springframework.context.annotation.ClassPathBeanDefinitionScanner - Identified candidate component class: URL [jar:file:/home/marza/Documents/VIP-portal/vip-application/target/vip-application-2.4.1.jar!/fr/insalyon/creatis/vip/application/server/business/WorkflowExecutionBusiness.class]
15:18:15.759 [main] DEBUG org.springframework.context.annotation.ClassPathBeanDefinitionScanner - Identified candidate component class: URL [jar:file:/home/marza/Documents/VIP-portal/vip-application/target/vip-application-2.4.1.jar!/fr/insalyon/creatis/vip/application/server/business/ApplicationBusiness.class]
15:18:15.759 [main] DEBUG org.springframework.context.annotation.ClassPathBeanDefinitionScanner - Identified candidate component class: URL [jar:file:/home/marza/Documents/VIP-portal/vip-application/target/vip-application-2.4.1.jar!/fr/insalyon/creatis/vip/application/server/business/ClassBusiness.class]
15:18:15.760 [main] DEBUG org.springframework.context.annotation.ClassPathBeanDefinitionScanner - Identified candidate component class: URL [jar:file:/home/marza/Documents/VIP-portal/vip-application/target/vip-application-2.4.1.jar!/fr/insalyon/creatis/vip/application/server/dao/mysql/EngineData.class]
15:18:15.760 [main] DEBUG org.springframework.context.annotation.ClassPathBeanDefinitionScanner - Identified candidate component class: URL [jar:file:/home/marza/Documents/VIP-portal/vip-application/target/vip-application-2.4.1.jar!/fr/insalyon/creatis/vip/application/server/dao/mysql/ApplicationDataInitializer.class]
15:18:15.760 [main] DEBUG org.springframework.context.annotation.ClassPathBeanDefinitionScanner - Identified candidate component class: URL [jar:file:/home/marza/Documents/VIP-portal/vip-application/target/vip-application-2.4.1.jar!/fr/insalyon/creatis/vip/application/server/dao/mysql/ApplicationInputData.class]
15:18:15.760 [main] DEBUG org.springframework.context.annotation.ClassPathBeanDefinitionScanner - Identified candidate component class: URL [jar:file:/home/marza/Documents/VIP-portal/vip-application/target/vip-application-2.4.1.jar!/fr/insalyon/creatis/vip/application/server/dao/h2/ExecutionNodeData.class]
15:18:15.762 [main] DEBUG org.springframework.context.annotation.ClassPathBeanDefinitionScanner - Identified candidate component class: URL [jar:file:/home/marza/Documents/VIP-portal/vip-application/target/vip-application-2.4.1.jar!/fr/insalyon/creatis/vip/application/server/business/simulation/parser/InputM2Parser.class]
15:18:15.762 [main] DEBUG org.springframework.context.annotation.ClassPathBeanDefinitionScanner - Identified candidate component class: URL [jar:file:/home/marza/Documents/VIP-portal/vip-application/target/vip-application-2.4.1.jar!/fr/insalyon/creatis/vip/application/server/business/simulation/WebServiceEngine.class]
15:18:15.763 [main] DEBUG org.springframework.context.annotation.ClassPathBeanDefinitionScanner - Identified candidate component class: URL [jar:file:/home/marza/Documents/VIP-portal/vip-application/target/vip-application-2.4.1.jar!/fr/insalyon/creatis/vip/application/server/business/WorkflowBusiness.class]
15:18:15.763 [main] DEBUG org.springframework.context.annotation.ClassPathBeanDefinitionScanner - Identified candidate component class: URL [jar:file:/home/marza/Documents/VIP-portal/vip-application/target/vip-application-2.4.1.jar!/fr/insalyon/creatis/vip/application/server/dao/mysql/ClassData.class]
15:18:15.763 [main] DEBUG org.springframework.context.annotation.ClassPathBeanDefinitionScanner - Identified candidate component class: URL [jar:file:/home/marza/Documents/VIP-portal/vip-application/target/vip-application-2.4.1.jar!/fr/insalyon/creatis/vip/application/server/dao/h2/SimulationData.class]
15:18:15.772 [main] DEBUG org.springframework.context.annotation.ClassPathBeanDefinitionScanner - Identified candidate component class: URL [jar:file:/home/marza/Documents/VIP-portal/vip-core/target/vip-core-2.4.1.jar!/fr/insalyon/creatis/vip/core/server/dao/mysql/UsersGroupsData.class]
15:18:15.773 [main] DEBUG org.springframework.context.annotation.ClassPathBeanDefinitionScanner - Identified candidate component class: URL [jar:file:/home/marza/Documents/VIP-portal/vip-core/target/vip-core-2.4.1.jar!/fr/insalyon/creatis/vip/core/server/business/StatsBusiness.class]
15:18:15.774 [main] DEBUG org.springframework.context.annotation.ClassPathBeanDefinitionScanner - Identified candidate component class: URL [jar:file:/home/marza/Documents/VIP-portal/vip-core/target/vip-core-2.4.1.jar!/fr/insalyon/creatis/vip/core/server/business/VipSessionBusiness.class]
15:18:15.774 [main] DEBUG org.springframework.context.annotation.ClassPathBeanDefinitionScanner - Identified candidate component class: URL [jar:file:/home/marza/Documents/VIP-portal/vip-core/target/vip-core-2.4.1.jar!/fr/insalyon/creatis/vip/core/server/DataSourceConfig.class]
15:18:15.775 [main] DEBUG org.springframework.context.annotation.ClassPathBeanDefinitionScanner - Identified candidate component class: URL [jar:file:/home/marza/Documents/VIP-portal/vip-core/target/vip-core-2.4.1.jar!/fr/insalyon/creatis/vip/core/server/dao/mysql/TermsUseData.class]
15:18:15.775 [main] DEBUG org.springframework.context.annotation.ClassPathBeanDefinitionScanner - Identified candidate component class: URL [jar:file:/home/marza/Documents/VIP-portal/vip-core/target/vip-core-2.4.1.jar!/fr/insalyon/creatis/vip/core/server/dao/mysql/CoreDataInitializer.class]
15:18:15.775 [main] DEBUG org.springframework.context.annotation.ClassPathBeanDefinitionScanner - Identified candidate component class: URL [jar:file:/home/marza/Documents/VIP-portal/vip-core/target/vip-core-2.4.1.jar!/fr/insalyon/creatis/vip/core/server/dao/mysql/GroupData.class]
15:18:15.779 [main] DEBUG org.springframework.context.annotation.ClassPathBeanDefinitionScanner - Identified candidate component class: URL [jar:file:/home/marza/Documents/VIP-portal/vip-core/target/vip-core-2.4.1.jar!/fr/insalyon/creatis/vip/core/server/business/EmailBusiness.class]
15:18:15.779 [main] DEBUG org.springframework.context.annotation.ClassPathBeanDefinitionScanner - Identified candidate component class: URL [jar:file:/home/marza/Documents/VIP-portal/vip-core/target/vip-core-2.4.1.jar!/fr/insalyon/creatis/vip/core/server/business/proxy/ProxyClient.class]
15:18:15.779 [main] DEBUG org.springframework.context.annotation.ClassPathBeanDefinitionScanner - Identified candidate component class: URL [jar:file:/home/marza/Documents/VIP-portal/vip-core/target/vip-core-2.4.1.jar!/fr/insalyon/creatis/vip/core/server/business/ConfigurationBusiness.class]
15:18:15.780 [main] DEBUG org.springframework.context.annotation.ClassPathBeanDefinitionScanner - Identified candidate component class: URL [jar:file:/home/marza/Documents/VIP-portal/vip-core/target/vip-core-2.4.1.jar!/fr/insalyon/creatis/vip/core/server/dao/mysql/TableInitializer.class]
15:18:15.780 [main] DEBUG org.springframework.context.annotation.ClassPathBeanDefinitionScanner - Identified candidate component class: URL [jar:file:/home/marza/Documents/VIP-portal/vip-core/target/vip-core-2.4.1.jar!/fr/insalyon/creatis/vip/core/server/dao/mysql/UserData.class]
15:18:15.788 [main] DEBUG org.springframework.context.annotation.ClassPathBeanDefinitionScanner - Identified candidate component class: URL [jar:file:/home/marza/Documents/VIP-portal/vip-datamanagement/target/vip-datamanager-2.4.1.jar!/fr/insalyon/creatis/vip/datamanager/server/business/LfcPathsBusiness.class]
15:18:15.788 [main] DEBUG org.springframework.context.annotation.ClassPathBeanDefinitionScanner - Identified candidate component class: URL [jar:file:/home/marza/Documents/VIP-portal/vip-datamanagement/target/vip-datamanager-2.4.1.jar!/fr/insalyon/creatis/vip/datamanager/server/business/ExternalPlatformBusiness.class]
15:18:15.788 [main] DEBUG org.springframework.context.annotation.ClassPathBeanDefinitionScanner - Identified candidate component class: URL [jar:file:/home/marza/Documents/VIP-portal/vip-datamanagement/target/vip-datamanager-2.4.1.jar!/fr/insalyon/creatis/vip/datamanager/server/business/GirderStorageBusiness.class]
15:18:15.788 [main] DEBUG org.springframework.context.annotation.ClassPathBeanDefinitionScanner - Identified candidate component class: URL [jar:file:/home/marza/Documents/VIP-portal/vip-datamanagement/target/vip-datamanager-2.4.1.jar!/fr/insalyon/creatis/vip/datamanager/server/business/DataManagerBusiness.class]
15:18:15.788 [main] DEBUG org.springframework.context.annotation.ClassPathBeanDefinitionScanner - Identified candidate component class: URL [jar:file:/home/marza/Documents/VIP-portal/vip-datamanagement/target/vip-datamanager-2.4.1.jar!/fr/insalyon/creatis/vip/datamanager/server/business/ApiKeyBusiness.class]
15:18:15.788 [main] DEBUG org.springframework.context.annotation.ClassPathBeanDefinitionScanner - Identified candidate component class: URL [jar:file:/home/marza/Documents/VIP-portal/vip-datamanagement/target/vip-datamanager-2.4.1.jar!/fr/insalyon/creatis/vip/datamanager/server/business/ShanoirStorageBusiness.class]
15:18:15.789 [main] DEBUG org.springframework.context.annotation.ClassPathBeanDefinitionScanner - Identified candidate component class: URL [jar:file:/home/marza/Documents/VIP-portal/vip-datamanagement/target/vip-datamanager-2.4.1.jar!/fr/insalyon/creatis/vip/datamanager/server/business/TransferPoolBusiness.class]
15:18:15.789 [main] DEBUG org.springframework.context.annotation.ClassPathBeanDefinitionScanner - Identified candidate component class: URL [jar:file:/home/marza/Documents/VIP-portal/vip-datamanagement/target/vip-datamanager-2.4.1.jar!/fr/insalyon/creatis/vip/datamanager/server/business/LFCBusiness.class]
15:18:15.789 [main] DEBUG org.springframework.context.annotation.ClassPathBeanDefinitionScanner - Identified candidate component class: URL [jar:file:/home/marza/Documents/VIP-portal/vip-datamanagement/target/vip-datamanager-2.4.1.jar!/fr/insalyon/creatis/vip/datamanager/server/business/LFCPermissionBusiness.class]
15:18:15.789 [main] DEBUG org.springframework.context.annotation.ClassPathBeanDefinitionScanner - Identified candidate component class: URL [jar:file:/home/marza/Documents/VIP-portal/vip-datamanagement/target/vip-datamanager-2.4.1.jar!/fr/insalyon/creatis/vip/datamanager/server/dao/mysql/SSHData.class]
15:18:15.789 [main] DEBUG org.springframework.context.annotation.ClassPathBeanDefinitionScanner - Identified candidate component class: URL [jar:file:/home/marza/Documents/VIP-portal/vip-datamanagement/target/vip-datamanager-2.4.1.jar!/fr/insalyon/creatis/vip/datamanager/server/dao/mysql/ApiKeysData.class]
15:18:15.789 [main] DEBUG org.springframework.context.annotation.ClassPathBeanDefinitionScanner - Identified candidate component class: URL [jar:file:/home/marza/Documents/VIP-portal/vip-datamanagement/target/vip-datamanager-2.4.1.jar!/fr/insalyon/creatis/vip/datamanager/server/dao/mysql/ExternalPlatformData.class]
15:18:15.790 [main] DEBUG org.springframework.context.annotation.ClassPathBeanDefinitionScanner - Identified candidate component class: URL [jar:file:/home/marza/Documents/VIP-portal/vip-datamanagement/target/vip-datamanager-2.4.1.jar!/fr/insalyon/creatis/vip/datamanager/server/dao/mysql/DataManagerDataInitializer.class]
15:18:15.793 [main] DEBUG org.springframework.context.annotation.ClassPathBeanDefinitionScanner - Identified candidate component class: URL [jar:file:/home/marza/Documents/VIP-portal/vip-social/target/vip-social-2.4.1.jar!/fr/insalyon/creatis/vip/social/server/business/MessageBusiness.class]
15:18:15.793 [main] DEBUG org.springframework.context.annotation.ClassPathBeanDefinitionScanner - Identified candidate component class: URL [jar:file:/home/marza/Documents/VIP-portal/vip-social/target/vip-social-2.4.1.jar!/fr/insalyon/creatis/vip/social/server/dao/mysql/MessageData.class]
15:18:15.793 [main] DEBUG org.springframework.context.annotation.ClassPathBeanDefinitionScanner - Identified candidate component class: URL [jar:file:/home/marza/Documents/VIP-portal/vip-social/target/vip-social-2.4.1.jar!/fr/insalyon/creatis/vip/social/server/dao/mysql/MessagingDataInitializer.class]
15:18:15.794 [main] DEBUG org.springframework.context.annotation.ClassPathBeanDefinitionScanner - Identified candidate component class: URL [jar:file:/home/marza/Documents/VIP-portal/vip-social/target/vip-social-2.4.1.jar!/fr/insalyon/creatis/vip/social/server/dao/mysql/GroupMessageData.class]
15:18:15.794 [main] DEBUG org.springframework.context.annotation.ClassPathBeanDefinitionScanner - Identified candidate component class: URL [jar:file:/home/marza/Documents/VIP-portal/vip-core/target/vip-core-2.4.1-tests.jar!/fr/insalyon/creatis/vip/core/integrationtest/TestDataSourceSpringConfig.class]
15:18:15.794 [main] DEBUG org.springframework.context.annotation.ClassPathBeanDefinitionScanner - Identified candidate component class: URL [jar:file:/home/marza/Documents/VIP-portal/vip-core/target/vip-core-2.4.1-tests.jar!/fr/insalyon/creatis/vip/core/integrationtest/SpingTestConfig.class]
15:18:15.795 [main] DEBUG org.springframework.context.annotation.ClassPathBeanDefinitionScanner - Identified candidate component class: URL [jar:file:/home/marza/Documents/VIP-portal/vip-core/target/vip-core-2.4.1-tests.jar!/fr/insalyon/creatis/vip/core/integrationtest/ServerMockConfig.class]
15:18:15.813 [main] DEBUG org.springframework.beans.factory.support.DefaultListableBeanFactory - Creating shared instance of singleton bean 'properties'
15:18:15.814 [main] DEBUG org.springframework.beans.factory.support.DefaultListableBeanFactory - Creating shared instance of singleton bean 'org.springframework.context.event.internalEventListenerProcessor'
15:18:15.814 [main] DEBUG org.springframework.beans.factory.support.DefaultListableBeanFactory - Creating shared instance of singleton bean 'org.springframework.context.event.internalEventListenerFactory'
15:18:15.814 [main] DEBUG org.springframework.beans.factory.support.DefaultListableBeanFactory - Creating shared instance of singleton bean 'org.springframework.transaction.config.internalTransactionalEventListenerFactory'
15:18:15.814 [main] DEBUG org.springframework.beans.factory.support.DefaultListableBeanFactory - Creating shared instance of singleton bean 'org.springframework.context.annotation.internalAutowiredAnnotationProcessor'
15:18:15.814 [main] DEBUG org.springframework.beans.factory.support.DefaultListableBeanFactory - Creating shared instance of singleton bean 'org.springframework.context.annotation.internalCommonAnnotationProcessor'
15:18:15.815 [main] DEBUG org.springframework.beans.factory.support.DefaultListableBeanFactory - Creating shared instance of singleton bean 'org.springframework.aop.config.internalAutoProxyCreator'
15:18:15.815 [main] DEBUG org.springframework.beans.factory.support.DefaultListableBeanFactory - Creating shared instance of singleton bean 'conversionService'
15:18:15.816 [main] DEBUG org.springframework.beans.factory.support.DefaultListableBeanFactory - Creating shared instance of singleton bean 'org.springframework.transaction.config.internalTransactionAdvisor'
15:18:15.816 [main] DEBUG org.springframework.beans.factory.support.DefaultListableBeanFactory - Creating shared instance of singleton bean 'org.springframework.transaction.annotation.ProxyTransactionManagementConfiguration'
15:18:15.817 [main] DEBUG org.springframework.beans.factory.support.DefaultListableBeanFactory - Creating shared instance of singleton bean 'transactionAttributeSource'
15:18:15.817 [main] DEBUG org.springframework.beans.factory.support.DefaultListableBeanFactory - Creating shared instance of singleton bean 'transactionInterceptor'
15:18:15.817 [main] DEBUG org.springframework.beans.factory.support.DefaultListableBeanFactory - Autowiring by type from bean name 'transactionInterceptor' via factory method to bean named 'transactionAttributeSource'
15:18:15.817 [main] DEBUG org.springframework.beans.factory.support.DefaultListableBeanFactory - Autowiring by type from bean name 'org.springframework.transaction.config.internalTransactionAdvisor' via factory method to bean named 'transactionAttributeSource'
15:18:15.817 [main] DEBUG org.springframework.beans.factory.support.DefaultListableBeanFactory - Autowiring by type from bean name 'org.springframework.transaction.config.internalTransactionAdvisor' via factory method to bean named 'transactionInterceptor'
15:18:15.818 [main] DEBUG org.springframework.beans.factory.support.DefaultListableBeanFactory - Creating shared instance of singleton bean 'springCoreConfig'
15:18:15.818 [main] DEBUG org.springframework.beans.factory.support.DefaultListableBeanFactory - Creating shared instance of singleton bean 'springApplicationTestConfig'
15:18:15.818 [main] DEBUG org.springframework.beans.factory.support.DefaultListableBeanFactory - Creating shared instance of singleton bean 'engineBusiness'
15:18:15.819 [main] DEBUG org.springframework.beans.factory.support.DefaultListableBeanFactory - Creating shared instance of singleton bean 'engineData'
15:18:15.819 [main] DEBUG org.springframework.beans.factory.support.DefaultListableBeanFactory - Creating shared instance of singleton bean 'lazyDataSource'
15:18:15.820 [main] DEBUG org.springframework.beans.factory.support.DefaultListableBeanFactory - Creating shared instance of singleton bean 'testDataSource'
15:18:15.820 [main] DEBUG org.springframework.beans.factory.support.DefaultListableBeanFactory - Creating shared instance of singleton bean 'testDataSourceSpringConfig'
15:18:15.821 [main] INFO org.springframework.jdbc.datasource.embedded.EmbeddedDatabaseFactory - Starting embedded database: url='jdbc:h2:mem:b85e312a-817a-4b12-b0a6-66bab34fc06c;DB_CLOSE_DELAY=-1;DB_CLOSE_ON_EXIT=false', username='sa'
15:18:15.821 [main] DEBUG org.springframework.jdbc.datasource.DataSourceUtils - Fetching JDBC Connection from DataSource
15:18:15.821 [main] DEBUG org.springframework.jdbc.datasource.SimpleDriverDataSource - Creating new JDBC Driver Connection to [jdbc:h2:mem:b85e312a-817a-4b12-b0a6-66bab34fc06c;DB_CLOSE_DELAY=-1;DB_CLOSE_ON_EXIT=false]
15:18:15.824 [main] DEBUG org.springframework.beans.factory.support.DefaultListableBeanFactory - Autowiring by type from bean name 'lazyDataSource' via factory method to bean named 'testDataSource'
15:18:15.824 [main] DEBUG org.springframework.jdbc.datasource.SimpleDriverDataSource - Creating new JDBC Driver Connection to [jdbc:h2:mem:b85e312a-817a-4b12-b0a6-66bab34fc06c;DB_CLOSE_DELAY=-1;DB_CLOSE_ON_EXIT=false]
15:18:15.825 [main] DEBUG org.springframework.beans.factory.support.DefaultListableBeanFactory - Autowiring by type from bean name 'engineBusiness' via constructor to bean named 'engineData'
15:18:15.826 [main] DEBUG org.springframework.beans.factory.support.DefaultListableBeanFactory - Creating shared instance of singleton bean 'boutiquesBusiness'
15:18:15.826 [main] DEBUG org.springframework.beans.factory.support.DefaultListableBeanFactory - Creating shared instance of singleton bean 'testServer'
15:18:15.826 [main] DEBUG org.springframework.beans.factory.support.DefaultListableBeanFactory - Creating shared instance of singleton bean 'serverMockConfig'
15:18:15.829 [main] DEBUG org.springframework.beans.factory.support.DefaultListableBeanFactory - Creating shared instance of singleton bean 'dataManagerBusiness'
15:18:15.830 [main] DEBUG org.springframework.beans.factory.support.DefaultListableBeanFactory - Creating shared instance of singleton bean 'SSHData'
15:18:15.831 [main] DEBUG org.springframework.beans.factory.support.DefaultListableBeanFactory - Creating shared instance of singleton bean 'testGridaClient'
15:18:15.831 [main] DEBUG org.springframework.beans.factory.support.DefaultListableBeanFactory - Creating shared instance of singleton bean 'spingTestConfig'
15:18:15.832 [main] DEBUG org.springframework.beans.factory.support.DefaultListableBeanFactory - Creating shared instance of singleton bean 'gridaCacheClient'
15:18:15.832 [main] DEBUG org.springframework.beans.factory.support.DefaultListableBeanFactory - Autowiring by type from bean name 'gridaCacheClient' via factory method to bean named 'testServer'
15:18:15.833 [main] DEBUG org.springframework.beans.factory.support.DefaultListableBeanFactory - Creating shared instance of singleton bean 'gridaZombieClient'
15:18:15.833 [main] DEBUG org.springframework.beans.factory.support.DefaultListableBeanFactory - Autowiring by type from bean name 'gridaZombieClient' via factory method to bean named 'testServer'
15:18:15.834 [main] DEBUG org.springframework.beans.factory.support.DefaultListableBeanFactory - Creating shared instance of singleton bean 'configurationBusiness'
15:18:15.835 [main] DEBUG org.springframework.beans.factory.support.DefaultListableBeanFactory - Creating shared instance of singleton bean 'testProxyClient'
15:18:15.836 [main] DEBUG org.springframework.beans.factory.support.DefaultListableBeanFactory - Creating shared instance of singleton bean 'testEmailBusiness'
15:18:15.836 [main] DEBUG org.springframework.beans.factory.support.DefaultListableBeanFactory - Creating shared instance of singleton bean 'testGridaPoolClient'
15:18:15.837 [main] DEBUG org.springframework.beans.factory.support.DefaultListableBeanFactory - Creating shared instance of singleton bean 'groupData'
15:18:15.838 [main] DEBUG org.springframework.beans.factory.support.DefaultListableBeanFactory - Creating shared instance of singleton bean 'termsUseData'
15:18:15.838 [main] DEBUG org.springframework.beans.factory.support.DefaultListableBeanFactory - Creating shared instance of singleton bean 'userData'
15:18:15.839 [main] DEBUG org.springframework.beans.factory.support.DefaultListableBeanFactory - Creating shared instance of singleton bean 'usersGroupsData'
15:18:15.839 [main] DEBUG org.springframework.beans.factory.support.DefaultListableBeanFactory - Autowiring by type from bean name 'usersGroupsData' via constructor to bean named 'groupData'
15:18:15.840 [main] DEBUG org.springframework.beans.factory.support.DefaultListableBeanFactory - Autowiring by type from bean name 'configurationBusiness' via constructor to bean named 'testServer'
15:18:15.840 [main] DEBUG org.springframework.beans.factory.support.DefaultListableBeanFactory - Autowiring by type from bean name 'configurationBusiness' via constructor to bean named 'testProxyClient'
15:18:15.840 [main] DEBUG org.springframework.beans.factory.support.DefaultListableBeanFactory - Autowiring by type from bean name 'configurationBusiness' via constructor to bean named 'testEmailBusiness'
15:18:15.840 [main] DEBUG org.springframework.beans.factory.support.DefaultListableBeanFactory - Autowiring by type from bean name 'configurationBusiness' via constructor to bean named 'testGridaClient'
15:18:15.840 [main] DEBUG org.springframework.beans.factory.support.DefaultListableBeanFactory - Autowiring by type from bean name 'configurationBusiness' via constructor to bean named 'testGridaPoolClient'
15:18:15.840 [main] DEBUG org.springframework.beans.factory.support.DefaultListableBeanFactory - Autowiring by type from bean name 'configurationBusiness' via constructor to bean named 'groupData'
15:18:15.840 [main] DEBUG org.springframework.beans.factory.support.DefaultListableBeanFactory - Autowiring by type from bean name 'configurationBusiness' via constructor to bean named 'termsUseData'
15:18:15.840 [main] DEBUG org.springframework.beans.factory.support.DefaultListableBeanFactory - Autowiring by type from bean name 'configurationBusiness' via constructor to bean named 'userData'
15:18:15.840 [main] DEBUG org.springframework.beans.factory.support.DefaultListableBeanFactory - Autowiring by type from bean name 'configurationBusiness' via constructor to bean named 'usersGroupsData'
15:18:15.840 [main] DEBUG org.springframework.beans.factory.support.DefaultListableBeanFactory - Creating shared instance of singleton bean 'lfcPathsBusiness'
15:18:15.841 [main] DEBUG org.springframework.beans.factory.support.DefaultListableBeanFactory - Autowiring by type from bean name 'lfcPathsBusiness' via constructor to bean named 'testServer'
15:18:15.841 [main] DEBUG org.springframework.beans.factory.support.DefaultListableBeanFactory - Autowiring by type from bean name 'lfcPathsBusiness' via constructor to bean named 'groupData'
15:18:15.841 [main] DEBUG org.springframework.beans.factory.support.DefaultListableBeanFactory - Autowiring by type from bean name 'dataManagerBusiness' via constructor to bean named 'SSHData'
15:18:15.841 [main] DEBUG org.springframework.beans.factory.support.DefaultListableBeanFactory - Autowiring by type from bean name 'dataManagerBusiness' via constructor to bean named 'testGridaClient'
15:18:15.841 [main] DEBUG org.springframework.beans.factory.support.DefaultListableBeanFactory - Autowiring by type from bean name 'dataManagerBusiness' via constructor to bean named 'gridaCacheClient'
15:18:15.841 [main] DEBUG org.springframework.beans.factory.support.DefaultListableBeanFactory - Autowiring by type from bean name 'dataManagerBusiness' via constructor to bean named 'gridaZombieClient'
15:18:15.841 [main] DEBUG org.springframework.beans.factory.support.DefaultListableBeanFactory - Autowiring by type from bean name 'dataManagerBusiness' via constructor to bean named 'configurationBusiness'
15:18:15.841 [main] DEBUG org.springframework.beans.factory.support.DefaultListableBeanFactory - Autowiring by type from bean name 'dataManagerBusiness' via constructor to bean named 'lfcPathsBusiness'
15:18:15.841 [main] DEBUG org.springframework.beans.factory.support.DefaultListableBeanFactory - Autowiring by type from bean name 'dataManagerBusiness' via constructor to bean named 'testServer'
15:18:15.842 [main] DEBUG org.springframework.beans.factory.support.DefaultListableBeanFactory - Creating shared instance of singleton bean 'applicationBusiness'
15:18:15.842 [main] DEBUG org.springframework.beans.factory.support.DefaultListableBeanFactory - Creating shared instance of singleton bean 'applicationData'
15:18:15.843 [main] DEBUG org.springframework.beans.factory.support.DefaultListableBeanFactory - Creating shared instance of singleton bean 'classData'
15:18:15.843 [main] DEBUG org.springframework.beans.factory.support.DefaultListableBeanFactory - Autowiring by type from bean name 'applicationData' via constructor to bean named 'lazyDataSource'
15:18:15.843 [main] DEBUG org.springframework.beans.factory.support.DefaultListableBeanFactory - Autowiring by type from bean name 'applicationData' via constructor to bean named 'classData'
15:18:15.844 [main] DEBUG org.springframework.beans.factory.support.DefaultListableBeanFactory - Autowiring by type from bean name 'applicationBusiness' via constructor to bean named 'applicationData'
15:18:15.844 [main] DEBUG org.springframework.beans.factory.support.DefaultListableBeanFactory - Autowiring by type from bean name 'applicationBusiness' via constructor to bean named 'classData'
15:18:15.844 [main] DEBUG org.springframework.beans.factory.support.DefaultListableBeanFactory - Autowiring by type from bean name 'applicationBusiness' via constructor to bean named 'groupData'
15:18:15.844 [main] DEBUG org.springframework.beans.factory.support.DefaultListableBeanFactory - Autowiring by type from bean name 'boutiquesBusiness' via constructor to bean named 'testServer'
15:18:15.844 [main] DEBUG org.springframework.beans.factory.support.DefaultListableBeanFactory - Autowiring by type from bean name 'boutiquesBusiness' via constructor to bean named 'dataManagerBusiness'
15:18:15.844 [main] DEBUG org.springframework.beans.factory.support.DefaultListableBeanFactory - Autowiring by type from bean name 'boutiquesBusiness' via constructor to bean named 'applicationBusiness'
15:18:15.844 [main] DEBUG org.springframework.beans.factory.support.DefaultListableBeanFactory - Creating shared instance of singleton bean 'simulationStatsData'
15:18:15.845 [main] DEBUG org.springframework.beans.factory.support.DefaultListableBeanFactory - Creating shared instance of singleton bean 'sessionFactory'
15:18:15.845 [main] DEBUG org.springframework.beans.factory.support.DefaultListableBeanFactory - Autowiring by type from bean name 'simulationStatsData' via constructor to bean named 'sessionFactory'
15:18:15.845 [main] DEBUG org.springframework.beans.factory.support.DefaultListableBeanFactory - Creating shared instance of singleton bean 'inputBusiness'
15:18:15.846 [main] DEBUG org.springframework.beans.factory.support.DefaultListableBeanFactory - Creating shared instance of singleton bean 'applicationInputData'
15:18:15.847 [main] DEBUG org.springframework.beans.factory.support.DefaultListableBeanFactory - Autowiring by type from bean name 'inputBusiness' via constructor to bean named 'applicationInputData'
15:18:15.847 [main] DEBUG org.springframework.beans.factory.support.DefaultListableBeanFactory - Autowiring by type from bean name 'inputBusiness' via constructor to bean named 'dataManagerBusiness'
15:18:15.849 [main] DEBUG org.springframework.beans.factory.support.DefaultListableBeanFactory - Creating shared instance of singleton bean 'simulationBusiness'
15:18:15.850 [main] DEBUG org.springframework.beans.factory.support.DefaultListableBeanFactory - Autowiring by type from bean name 'simulationBusiness' via constructor to bean named 'lfcPathsBusiness'
15:18:15.850 [main] DEBUG org.springframework.beans.factory.support.DefaultListableBeanFactory - Autowiring by type from bean name 'simulationBusiness' via constructor to bean named 'testServer'
15:18:15.853 [main] DEBUG org.springframework.beans.factory.support.DefaultListableBeanFactory - Creating shared instance of singleton bean 'classBusiness'
15:18:15.853 [main] DEBUG org.springframework.beans.factory.support.DefaultListableBeanFactory - Autowiring by type from bean name 'classBusiness' via constructor to bean named 'classData'
15:18:15.854 [main] DEBUG org.springframework.beans.factory.support.DefaultListableBeanFactory - Creating shared instance of singleton bean 'applicationDataInitializer'
15:18:15.854 [main] DEBUG org.springframework.beans.factory.support.DefaultListableBeanFactory - Creating shared instance of singleton bean 'tableInitializer'
15:18:15.854 [main] DEBUG org.springframework.core.env.PropertySourcesPropertyResolver - Found key 'db.tableEngine' in PropertySource 'Inlined Test Properties' with value of type String
15:18:15.854 [main] DEBUG org.springframework.core.env.PropertySourcesPropertyResolver - Found key 'db.tableEngine' in PropertySource 'environmentProperties' with value of type String
15:18:15.855 [main] DEBUG org.springframework.beans.factory.support.DefaultListableBeanFactory - Autowiring by type from bean name 'applicationDataInitializer' via constructor to bean named 'lazyDataSource'
15:18:15.855 [main] DEBUG org.springframework.beans.factory.support.DefaultListableBeanFactory - Autowiring by type from bean name 'applicationDataInitializer' via constructor to bean named 'tableInitializer'
15:18:15.856 [main] DEBUG org.springframework.beans.factory.support.DefaultListableBeanFactory - Creating shared instance of singleton bean 'workflowBusiness'
15:18:15.857 [main] DEBUG org.springframework.beans.factory.support.DefaultListableBeanFactory - Creating shared instance of singleton bean 'getTestWorkflowDAO'
15:18:15.858 [main] DEBUG org.springframework.beans.factory.support.DefaultListableBeanFactory - Creating shared instance of singleton bean 'getTestProcessorDAO'
15:18:15.858 [main] DEBUG org.springframework.beans.factory.support.DefaultListableBeanFactory - Creating shared instance of singleton bean 'getTestOutputDAO'
15:18:15.859 [main] DEBUG org.springframework.beans.factory.support.DefaultListableBeanFactory - Creating shared instance of singleton bean 'getTestInputDAO'
15:18:15.859 [main] DEBUG org.springframework.beans.factory.support.DefaultListableBeanFactory - Creating shared instance of singleton bean 'getTestStatsDAO'
15:18:15.860 [main] DEBUG org.springframework.beans.factory.support.DefaultListableBeanFactory - Creating shared instance of singleton bean 'externalPlatformBusiness'
15:18:15.860 [main] DEBUG org.springframework.beans.factory.support.DefaultListableBeanFactory - Creating shared instance of singleton bean 'girderStorageBusiness'
15:18:15.861 [main] DEBUG org.springframework.beans.factory.support.DefaultListableBeanFactory - Creating shared instance of singleton bean 'apiKeyBusiness'
15:18:15.861 [main] DEBUG org.springframework.beans.factory.support.DefaultListableBeanFactory - Creating shared instance of singleton bean 'apiKeysData'
15:18:15.862 [main] DEBUG org.springframework.beans.factory.support.DefaultListableBeanFactory - Autowiring by type from bean name 'apiKeyBusiness' via constructor to bean named 'apiKeysData'
15:18:15.862 [main] DEBUG org.springframework.beans.factory.support.DefaultListableBeanFactory - Autowiring by type from bean name 'girderStorageBusiness' via constructor to bean named 'apiKeyBusiness'
15:18:15.862 [main] DEBUG org.springframework.beans.factory.support.DefaultListableBeanFactory - Autowiring by type from bean name 'girderStorageBusiness' via constructor to bean named 'testServer'
15:18:15.863 [main] DEBUG org.springframework.beans.factory.support.DefaultListableBeanFactory - Creating shared instance of singleton bean 'shanoirStorageBusiness'
15:18:15.863 [main] DEBUG org.springframework.beans.factory.support.DefaultListableBeanFactory - Creating shared instance of singleton bean 'externalPlatformData'
15:18:15.863 [main] DEBUG org.springframework.beans.factory.support.DefaultListableBeanFactory - Autowiring by type from bean name 'externalPlatformBusiness' via constructor to bean named 'girderStorageBusiness'
15:18:15.863 [main] DEBUG org.springframework.beans.factory.support.DefaultListableBeanFactory - Autowiring by type from bean name 'externalPlatformBusiness' via constructor to bean named 'shanoirStorageBusiness'
15:18:15.863 [main] DEBUG org.springframework.beans.factory.support.DefaultListableBeanFactory - Autowiring by type from bean name 'externalPlatformBusiness' via constructor to bean named 'externalPlatformData'
15:18:15.863 [main] DEBUG org.springframework.beans.factory.support.DefaultListableBeanFactory - Autowiring by type from bean name 'workflowBusiness' via constructor to bean named 'testServer'
15:18:15.863 [main] DEBUG org.springframework.beans.factory.support.DefaultListableBeanFactory - Autowiring by type from bean name 'workflowBusiness' via constructor to bean named 'simulationStatsData'
15:18:15.863 [main] DEBUG org.springframework.beans.factory.support.DefaultListableBeanFactory - Autowiring by type from bean name 'workflowBusiness' via constructor to bean named 'getTestWorkflowDAO'
15:18:15.863 [main] DEBUG org.springframework.beans.factory.support.DefaultListableBeanFactory - Autowiring by type from bean name 'workflowBusiness' via constructor to bean named 'getTestProcessorDAO'
15:18:15.863 [main] DEBUG org.springframework.beans.factory.support.DefaultListableBeanFactory - Autowiring by type from bean name 'workflowBusiness' via constructor to bean named 'getTestOutputDAO'
15:18:15.863 [main] DEBUG org.springframework.beans.factory.support.DefaultListableBeanFactory - Autowiring by type from bean name 'workflowBusiness' via constructor to bean named 'getTestInputDAO'
15:18:15.863 [main] DEBUG org.springframework.beans.factory.support.DefaultListableBeanFactory - Autowiring by type from bean name 'workflowBusiness' via constructor to bean named 'getTestStatsDAO'
15:18:15.863 [main] DEBUG org.springframework.beans.factory.support.DefaultListableBeanFactory - Autowiring by type from bean name 'workflowBusiness' via constructor to bean named 'engineData'
15:18:15.864 [main] DEBUG org.springframework.beans.factory.support.DefaultListableBeanFactory - Autowiring by type from bean name 'workflowBusiness' via constructor to bean named 'applicationData'
15:18:15.864 [main] DEBUG org.springframework.beans.factory.support.DefaultListableBeanFactory - Autowiring by type from bean name 'workflowBusiness' via constructor to bean named 'usersGroupsData'
15:18:15.864 [main] DEBUG org.springframework.beans.factory.support.DefaultListableBeanFactory - Autowiring by type from bean name 'workflowBusiness' via constructor to bean named 'engineBusiness'
15:18:15.864 [main] DEBUG org.springframework.beans.factory.support.DefaultListableBeanFactory - Autowiring by type from bean name 'workflowBusiness' via constructor to bean named 'dataManagerBusiness'
15:18:15.864 [main] DEBUG org.springframework.beans.factory.support.DefaultListableBeanFactory - Autowiring by type from bean name 'workflowBusiness' via constructor to bean named 'testEmailBusiness'
15:18:15.864 [main] DEBUG org.springframework.beans.factory.support.DefaultListableBeanFactory - Autowiring by type from bean name 'workflowBusiness' via constructor to bean named 'lfcPathsBusiness'
15:18:15.864 [main] DEBUG org.springframework.beans.factory.support.DefaultListableBeanFactory - Autowiring by type from bean name 'workflowBusiness' via constructor to bean named 'testGridaPoolClient'
15:18:15.864 [main] DEBUG org.springframework.beans.factory.support.DefaultListableBeanFactory - Autowiring by type from bean name 'workflowBusiness' via constructor to bean named 'testGridaClient'
15:18:15.864 [main] DEBUG org.springframework.beans.factory.support.DefaultListableBeanFactory - Autowiring by type from bean name 'workflowBusiness' via constructor to bean named 'externalPlatformBusiness'
15:18:15.867 [main] DEBUG org.springframework.beans.factory.support.DefaultListableBeanFactory - Creating shared instance of singleton bean 'statsBusiness'
15:18:15.867 [main] DEBUG org.springframework.beans.factory.support.DefaultListableBeanFactory - Autowiring by type from bean name 'statsBusiness' via constructor to bean named 'userData'
15:18:15.868 [main] DEBUG org.springframework.beans.factory.support.DefaultListableBeanFactory - Creating shared instance of singleton bean 'vipSessionBusiness'
15:18:15.868 [main] DEBUG org.springframework.beans.factory.support.DefaultListableBeanFactory - Autowiring by type from bean name 'vipSessionBusiness' via constructor to bean named 'testServer'
15:18:15.868 [main] DEBUG org.springframework.beans.factory.support.DefaultListableBeanFactory - Autowiring by type from bean name 'vipSessionBusiness' via constructor to bean named 'configurationBusiness'
15:18:15.869 [main] DEBUG org.springframework.beans.factory.support.DefaultListableBeanFactory - Creating shared instance of singleton bean 'dataSourceConfig'
15:18:15.869 [main] DEBUG org.springframework.beans.factory.support.DefaultListableBeanFactory - Creating shared instance of singleton bean 'coreDataInitializer'
15:18:15.869 [main] DEBUG org.springframework.beans.factory.support.DefaultListableBeanFactory - Autowiring by type from bean name 'coreDataInitializer' via constructor to bean named 'groupData'
15:18:15.869 [main] DEBUG org.springframework.beans.factory.support.DefaultListableBeanFactory - Autowiring by type from bean name 'coreDataInitializer' via constructor to bean named 'lazyDataSource'
15:18:15.869 [main] DEBUG org.springframework.beans.factory.support.DefaultListableBeanFactory - Autowiring by type from bean name 'coreDataInitializer' via constructor to bean named 'tableInitializer'
15:18:15.869 [main] DEBUG org.springframework.beans.factory.support.DefaultListableBeanFactory - Autowiring by type from bean name 'coreDataInitializer' via constructor to bean named 'testServer'
15:18:15.869 [main] DEBUG org.springframework.beans.factory.support.DefaultListableBeanFactory - Autowiring by type from bean name 'coreDataInitializer' via constructor to bean named 'userData'
15:18:15.869 [main] DEBUG org.springframework.beans.factory.support.DefaultListableBeanFactory - Autowiring by type from bean name 'coreDataInitializer' via constructor to bean named 'usersGroupsData'
15:18:15.869 [main] DEBUG org.springframework.beans.factory.support.DefaultListableBeanFactory - Autowiring by type from bean name 'coreDataInitializer' via constructor to bean named 'termsUseData'
15:18:15.870 [main] DEBUG org.springframework.beans.factory.support.DefaultListableBeanFactory - Creating shared instance of singleton bean 'emailBusiness'
15:18:15.870 [main] DEBUG org.springframework.beans.factory.support.DefaultListableBeanFactory - Creating shared instance of singleton bean 'smaClient'
15:18:15.870 [main] DEBUG org.springframework.beans.factory.support.DefaultListableBeanFactory - Autowiring by type from bean name 'smaClient' via factory method to bean named 'testServer'
15:18:15.871 [main] DEBUG org.springframework.beans.factory.support.DefaultListableBeanFactory - Autowiring by type from bean name 'emailBusiness' via constructor to bean named 'smaClient'
15:18:15.871 [main] DEBUG org.springframework.beans.factory.support.DefaultListableBeanFactory - Creating shared instance of singleton bean 'proxyClient'
15:18:15.871 [main] DEBUG org.springframework.beans.factory.support.DefaultListableBeanFactory - Autowiring by type from bean name 'proxyClient' via constructor to bean named 'testServer'
15:18:15.872 [main] DEBUG org.springframework.beans.factory.support.DefaultListableBeanFactory - Creating shared instance of singleton bean 'transferPoolBusiness'
15:18:15.872 [main] DEBUG org.springframework.beans.factory.support.DefaultListableBeanFactory - Creating shared instance of singleton bean 'LFCBusiness'
15:18:15.873 [main] DEBUG org.springframework.beans.factory.support.DefaultListableBeanFactory - Autowiring by type from bean name 'LFCBusiness' via constructor to bean named 'testGridaClient'
15:18:15.873 [main] DEBUG org.springframework.beans.factory.support.DefaultListableBeanFactory - Autowiring by type from bean name 'LFCBusiness' via constructor to bean named 'lfcPathsBusiness'
15:18:15.873 [main] DEBUG org.springframework.beans.factory.support.DefaultListableBeanFactory - Autowiring by type from bean name 'transferPoolBusiness' via constructor to bean named 'testServer'
15:18:15.873 [main] DEBUG org.springframework.beans.factory.support.DefaultListableBeanFactory - Autowiring by type from bean name 'transferPoolBusiness' via constructor to bean named 'LFCBusiness'
15:18:15.873 [main] DEBUG org.springframework.beans.factory.support.DefaultListableBeanFactory - Autowiring by type from bean name 'transferPoolBusiness' via constructor to bean named 'testGridaPoolClient'
15:18:15.873 [main] DEBUG org.springframework.beans.factory.support.DefaultListableBeanFactory - Autowiring by type from bean name 'transferPoolBusiness' via constructor to bean named 'lfcPathsBusiness'
15:18:15.873 [main] DEBUG org.springframework.beans.factory.support.DefaultListableBeanFactory - Creating shared instance of singleton bean 'LFCPermissionBusiness'
15:18:15.874 [main] DEBUG org.springframework.beans.factory.support.DefaultListableBeanFactory - Autowiring by type from bean name 'LFCPermissionBusiness' via constructor to bean named 'dataManagerBusiness'
15:18:15.874 [main] DEBUG org.springframework.beans.factory.support.DefaultListableBeanFactory - Autowiring by type from bean name 'LFCPermissionBusiness' via constructor to bean named 'lfcPathsBusiness'
15:18:15.874 [main] DEBUG org.springframework.beans.factory.support.DefaultListableBeanFactory - Creating shared instance of singleton bean 'dataManagerDataInitializer'
15:18:15.874 [main] DEBUG org.springframework.beans.factory.support.DefaultListableBeanFactory - Autowiring by type from bean name 'dataManagerDataInitializer' via constructor to bean named 'lazyDataSource'
15:18:15.874 [main] DEBUG org.springframework.beans.factory.support.DefaultListableBeanFactory - Autowiring by type from bean name 'dataManagerDataInitializer' via constructor to bean named 'tableInitializer'
15:18:15.875 [main] DEBUG org.springframework.beans.factory.support.DefaultListableBeanFactory - Creating shared instance of singleton bean 'messageBusiness'
15:18:15.875 [main] DEBUG org.springframework.beans.factory.support.DefaultListableBeanFactory - Creating shared instance of singleton bean 'messageData'
15:18:15.876 [main] DEBUG org.springframework.beans.factory.support.DefaultListableBeanFactory - Autowiring by type from bean name 'messageData' via constructor to bean named 'userData'
15:18:15.876 [main] DEBUG org.springframework.beans.factory.support.DefaultListableBeanFactory - Autowiring by type from bean name 'messageData' via constructor to bean named 'lazyDataSource'
15:18:15.876 [main] DEBUG org.springframework.beans.factory.support.DefaultListableBeanFactory - Creating shared instance of singleton bean 'groupMessageData'
15:18:15.877 [main] DEBUG org.springframework.beans.factory.support.DefaultListableBeanFactory - Autowiring by type from bean name 'groupMessageData' via constructor to bean named 'userData'
15:18:15.877 [main] DEBUG org.springframework.beans.factory.support.DefaultListableBeanFactory - Autowiring by type from bean name 'groupMessageData' via constructor to bean named 'groupData'
15:18:15.877 [main] DEBUG org.springframework.beans.factory.support.DefaultListableBeanFactory - Autowiring by type from bean name 'groupMessageData' via constructor to bean named 'messageData'
15:18:15.877 [main] DEBUG org.springframework.beans.factory.support.DefaultListableBeanFactory - Autowiring by type from bean name 'groupMessageData' via constructor to bean named 'lazyDataSource'
15:18:15.877 [main] DEBUG org.springframework.beans.factory.support.DefaultListableBeanFactory - Autowiring by type from bean name 'messageBusiness' via constructor to bean named 'messageData'
15:18:15.877 [main] DEBUG org.springframework.beans.factory.support.DefaultListableBeanFactory - Autowiring by type from bean name 'messageBusiness' via constructor to bean named 'groupMessageData'
15:18:15.877 [main] DEBUG org.springframework.beans.factory.support.DefaultListableBeanFactory - Autowiring by type from bean name 'messageBusiness' via constructor to bean named 'usersGroupsData'
15:18:15.877 [main] DEBUG org.springframework.beans.factory.support.DefaultListableBeanFactory - Autowiring by type from bean name 'messageBusiness' via constructor to bean named 'configurationBusiness'
15:18:15.877 [main] DEBUG org.springframework.beans.factory.support.DefaultListableBeanFactory - Autowiring by type from bean name 'messageBusiness' via constructor to bean named 'testEmailBusiness'
15:18:15.877 [main] DEBUG org.springframework.beans.factory.support.DefaultListableBeanFactory - Creating shared instance of singleton bean 'messagingDataInitializer'
15:18:15.877 [main] DEBUG org.springframework.beans.factory.support.DefaultListableBeanFactory - Autowiring by type from bean name 'messagingDataInitializer' via constructor to bean named 'lazyDataSource'
15:18:15.877 [main] DEBUG org.springframework.beans.factory.support.DefaultListableBeanFactory - Autowiring by type from bean name 'messagingDataInitializer' via constructor to bean named 'tableInitializer'
15:18:15.878 [main] DEBUG org.springframework.beans.factory.support.DefaultListableBeanFactory - Creating shared instance of singleton bean 'workflowsDBDAOFactory'
15:18:15.878 [main] DEBUG org.springframework.beans.factory.support.DefaultListableBeanFactory - Creating shared instance of singleton bean 'vipConfigFolder'
15:18:15.878 [main] DEBUG org.springframework.beans.factory.support.DefaultListableBeanFactory - Autowiring by type from bean name 'vipConfigFolder' via factory method to bean named 'org.springframework.context.support.GenericApplicationContext@6140dbf3'
15:18:15.878 [main] DEBUG org.springframework.core.env.PropertySourcesPropertyResolver - Found key 'vipConfigFolder' in PropertySource 'Inlined Test Properties' with value of type String
15:18:15.878 [main] INFO fr.insalyon.creatis.vip.core.server.SpringCoreConfig - found vipConfigFolder property : classpath:
15:18:15.879 [main] DEBUG org.springframework.beans.factory.support.DefaultListableBeanFactory - Creating shared instance of singleton bean 'transactionManager'
15:18:15.879 [main] DEBUG org.springframework.beans.factory.support.DefaultListableBeanFactory - Autowiring by type from bean name 'transactionManager' via factory method to bean named 'lazyDataSource'
15:18:15.879 [main] DEBUG org.springframework.beans.factory.support.DefaultListableBeanFactory - Creating shared instance of singleton bean 'gridaClient'
15:18:15.879 [main] DEBUG org.springframework.beans.factory.support.DefaultListableBeanFactory - Autowiring by type from bean name 'gridaClient' via factory method to bean named 'testServer'
15:18:15.880 [main] DEBUG org.springframework.beans.factory.support.DefaultListableBeanFactory - Creating shared instance of singleton bean 'gridaPoolClient'
15:18:15.880 [main] DEBUG org.springframework.beans.factory.support.DefaultListableBeanFactory - Autowiring by type from bean name 'gridaPoolClient' via factory method to bean named 'testServer'
15:18:15.881 [main] DEBUG org.springframework.context.event.EventListenerMethodProcessor - 1 @EventListener methods processed on bean 'applicationDataInitializer': {public void fr.insalyon.creatis.vip.application.server.dao.mysql.ApplicationDataInitializer.onStartup()=@org.springframework.context.event.EventListener(classes=[org.springframework.context.event.ContextRefreshedEvent], condition=, id=, value=[org.springframework.context.event.ContextRefreshedEvent])}
15:18:15.882 [main] DEBUG org.springframework.context.event.EventListenerMethodProcessor - 1 @EventListener methods processed on bean 'coreDataInitializer': {public void fr.insalyon.creatis.vip.core.server.dao.mysql.CoreDataInitializer.onStartup()=@org.springframework.context.event.EventListener(classes=[org.springframework.context.event.ContextRefreshedEvent], condition=, id=, value=[org.springframework.context.event.ContextRefreshedEvent])}
15:18:15.882 [main] DEBUG org.springframework.context.event.EventListenerMethodProcessor - 1 @EventListener methods processed on bean 'dataManagerDataInitializer': {public void fr.insalyon.creatis.vip.datamanager.server.dao.mysql.DataManagerDataInitializer.onStartup()=@org.springframework.context.event.EventListener(classes=[org.springframework.context.event.ContextRefreshedEvent], condition=, id=, value=[org.springframework.context.event.ContextRefreshedEvent])}
15:18:15.882 [main] DEBUG org.springframework.context.event.EventListenerMethodProcessor - 1 @EventListener methods processed on bean 'messagingDataInitializer': {public void fr.insalyon.creatis.vip.social.server.dao.mysql.MessagingDataInitializer.onStartup()=@org.springframework.context.event.EventListener(classes=[org.springframework.context.event.ContextRefreshedEvent], condition=, id=, value=[org.springframework.context.event.ContextRefreshedEvent])}
15:18:15.883 [main] DEBUG org.springframework.jdbc.datasource.DataSourceTransactionManager - Creating new transaction with name [fr.insalyon.creatis.vip.core.server.dao.mysql.CoreDataInitializer.onStartup]: PROPAGATION_REQUIRED,ISOLATION_DEFAULT
15:18:15.884 [main] DEBUG org.springframework.jdbc.datasource.DataSourceTransactionManager - Acquired Connection [Lazy Connection proxy for target DataSource [org.springframework.jdbc.datasource.embedded.EmbeddedDatabaseFactory$EmbeddedDataSourceProxy@82a380d]] for JDBC transaction
15:18:15.884 [main] DEBUG org.springframework.jdbc.datasource.DataSourceTransactionManager - Switching JDBC Connection [Lazy Connection proxy for target DataSource [org.springframework.jdbc.datasource.embedded.EmbeddedDatabaseFactory$EmbeddedDataSourceProxy@82a380d]] to manual commit
15:18:15.884 [main] INFO fr.insalyon.creatis.vip.core.server.dao.mysql.CoreDataInitializer - Configuring VIP core database.
15:18:15.885 [main] DEBUG org.springframework.jdbc.datasource.DataSourceTransactionManager - Participating in existing transaction
15:18:15.885 [main] DEBUG org.springframework.jdbc.datasource.SimpleDriverDataSource - Creating new JDBC Driver Connection to [jdbc:h2:mem:b85e312a-817a-4b12-b0a6-66bab34fc06c;DB_CLOSE_DELAY=-1;DB_CLOSE_ON_EXIT=false]
15:18:15.886 [main] INFO fr.insalyon.creatis.vip.core.server.dao.mysql.TableInitializer - Table VIPUsers successfully created.
15:18:15.886 [main] DEBUG org.springframework.jdbc.datasource.DataSourceTransactionManager - Participating in existing transaction
15:18:15.887 [main] DEBUG org.springframework.jdbc.datasource.DataSourceTransactionManager - Participating in existing transaction
15:18:15.887 [main] INFO fr.insalyon.creatis.vip.core.server.dao.mysql.TableInitializer - Table VIPGroups successfully created.
15:18:15.887 [main] DEBUG org.springframework.jdbc.datasource.DataSourceTransactionManager - Participating in existing transaction
15:18:15.887 [main] DEBUG org.springframework.jdbc.datasource.DataSourceTransactionManager - Participating in existing transaction
15:18:15.888 [main] INFO fr.insalyon.creatis.vip.core.server.dao.mysql.TableInitializer - Table VIPUsersGroups successfully created.
15:18:15.889 [main] DEBUG org.springframework.jdbc.datasource.DataSourceTransactionManager - Participating in existing transaction
15:18:15.889 [main] DEBUG org.springframework.jdbc.datasource.DataSourceTransactionManager - Participating in existing transaction
15:18:15.889 [main] INFO fr.insalyon.creatis.vip.core.server.dao.mysql.TableInitializer - Table VIPTermsOfuse successfully created.
15:18:15.890 [main] DEBUG org.springframework.jdbc.datasource.DataSourceTransactionManager - Participating in existing transaction
15:18:15.890 [main] DEBUG org.springframework.jdbc.datasource.DataSourceTransactionManager - Initiating transaction commit
15:18:15.890 [main] DEBUG org.springframework.jdbc.datasource.DataSourceTransactionManager - Committing JDBC transaction on Connection [conn96: url=jdbc:h2:mem:b85e312a-817a-4b12-b0a6-66bab34fc06c user=SA]
15:18:15.890 [main] DEBUG org.springframework.jdbc.datasource.DataSourceTransactionManager - Releasing JDBC Connection [conn96: url=jdbc:h2:mem:b85e312a-817a-4b12-b0a6-66bab34fc06c user=SA] after transaction
15:18:15.890 [main] DEBUG org.springframework.jdbc.datasource.DataSourceTransactionManager - Creating new transaction with name [fr.insalyon.creatis.vip.application.server.dao.mysql.ApplicationDataInitializer.onStartup]: PROPAGATION_REQUIRED,ISOLATION_DEFAULT
15:18:15.891 [main] DEBUG org.springframework.jdbc.datasource.DataSourceTransactionManager - Acquired Connection [Lazy Connection proxy for target DataSource [org.springframework.jdbc.datasource.embedded.EmbeddedDatabaseFactory$EmbeddedDataSourceProxy@82a380d]] for JDBC transaction
15:18:15.891 [main] DEBUG org.springframework.jdbc.datasource.DataSourceTransactionManager - Switching JDBC Connection [Lazy Connection proxy for target DataSource [org.springframework.jdbc.datasource.embedded.EmbeddedDatabaseFactory$EmbeddedDataSourceProxy@82a380d]] to manual commit
15:18:15.891 [main] INFO fr.insalyon.creatis.vip.application.server.dao.mysql.ApplicationDataInitializer - Configuring VIP Application database.
15:18:15.891 [main] DEBUG org.springframework.jdbc.datasource.DataSourceTransactionManager - Participating in existing transaction
15:18:15.891 [main] DEBUG org.springframework.jdbc.datasource.SimpleDriverDataSource - Creating new JDBC Driver Connection to [jdbc:h2:mem:b85e312a-817a-4b12-b0a6-66bab34fc06c;DB_CLOSE_DELAY=-1;DB_CLOSE_ON_EXIT=false]
15:18:15.892 [main] INFO fr.insalyon.creatis.vip.core.server.dao.mysql.TableInitializer - Table VIPEngines successfully created.
15:18:15.892 [main] DEBUG org.springframework.jdbc.datasource.DataSourceTransactionManager - Participating in existing transaction
15:18:15.892 [main] INFO fr.insalyon.creatis.vip.core.server.dao.mysql.TableInitializer - Table VIPClasses successfully created.
15:18:15.892 [main] DEBUG org.springframework.jdbc.datasource.DataSourceTransactionManager - Participating in existing transaction
15:18:15.893 [main] INFO fr.insalyon.creatis.vip.core.server.dao.mysql.TableInitializer - Table VIPClassesEngines successfully created.
15:18:15.893 [main] DEBUG org.springframework.jdbc.datasource.DataSourceTransactionManager - Participating in existing transaction
15:18:15.894 [main] INFO fr.insalyon.creatis.vip.core.server.dao.mysql.TableInitializer - Table VIPGroupsClasses successfully created.
15:18:15.894 [main] DEBUG org.springframework.jdbc.datasource.DataSourceTransactionManager - Participating in existing transaction
15:18:15.895 [main] INFO fr.insalyon.creatis.vip.core.server.dao.mysql.TableInitializer - Table VIPApplications successfully created.
15:18:15.895 [main] DEBUG org.springframework.jdbc.datasource.DataSourceTransactionManager - Participating in existing transaction
15:18:15.895 [main] INFO fr.insalyon.creatis.vip.core.server.dao.mysql.TableInitializer - Table VIPAppVersions successfully created.
15:18:15.896 [main] DEBUG org.springframework.jdbc.datasource.DataSourceTransactionManager - Participating in existing transaction
15:18:15.896 [main] INFO fr.insalyon.creatis.vip.core.server.dao.mysql.TableInitializer - Table VIPApplicationClasses successfully created.
15:18:15.896 [main] DEBUG org.springframework.jdbc.datasource.DataSourceTransactionManager - Participating in existing transaction
15:18:15.897 [main] INFO fr.insalyon.creatis.vip.core.server.dao.mysql.TableInitializer - Table VIPAppInputs successfully created.
15:18:15.897 [main] DEBUG org.springframework.jdbc.datasource.DataSourceTransactionManager - Participating in existing transaction
15:18:15.897 [main] INFO fr.insalyon.creatis.vip.core.server.dao.mysql.TableInitializer - Table VIPAppExamples successfully created.
15:18:15.897 [main] DEBUG org.springframework.jdbc.datasource.DataSourceTransactionManager - Initiating transaction commit
15:18:15.897 [main] DEBUG org.springframework.jdbc.datasource.DataSourceTransactionManager - Committing JDBC transaction on Connection [conn97: url=jdbc:h2:mem:b85e312a-817a-4b12-b0a6-66bab34fc06c user=SA]
15:18:15.897 [main] DEBUG org.springframework.jdbc.datasource.DataSourceTransactionManager - Releasing JDBC Connection [conn97: url=jdbc:h2:mem:b85e312a-817a-4b12-b0a6-66bab34fc06c user=SA] after transaction
15:18:15.898 [main] DEBUG org.springframework.jdbc.datasource.DataSourceTransactionManager - Creating new transaction with name [fr.insalyon.creatis.vip.datamanager.server.dao.mysql.DataManagerDataInitializer.onStartup]: PROPAGATION_REQUIRED,ISOLATION_DEFAULT
15:18:15.898 [main] DEBUG org.springframework.jdbc.datasource.DataSourceTransactionManager - Acquired Connection [Lazy Connection proxy for target DataSource [org.springframework.jdbc.datasource.embedded.EmbeddedDatabaseFactory$EmbeddedDataSourceProxy@82a380d]] for JDBC transaction
15:18:15.899 [main] DEBUG org.springframework.jdbc.datasource.DataSourceTransactionManager - Switching JDBC Connection [Lazy Connection proxy for target DataSource [org.springframework.jdbc.datasource.embedded.EmbeddedDatabaseFactory$EmbeddedDataSourceProxy@82a380d]] to manual commit
15:18:15.899 [main] INFO fr.insalyon.creatis.vip.datamanager.server.dao.mysql.DataManagerDataInitializer - Configuring VIP SSH database.
15:18:15.899 [main] DEBUG org.springframework.jdbc.datasource.DataSourceTransactionManager - Participating in existing transaction
15:18:15.899 [main] DEBUG org.springframework.jdbc.datasource.SimpleDriverDataSource - Creating new JDBC Driver Connection to [jdbc:h2:mem:b85e312a-817a-4b12-b0a6-66bab34fc06c;DB_CLOSE_DELAY=-1;DB_CLOSE_ON_EXIT=false]
15:18:15.900 [main] INFO fr.insalyon.creatis.vip.core.server.dao.mysql.TableInitializer - Table VIPSSHAccounts successfully created.
15:18:15.900 [main] INFO fr.insalyon.creatis.vip.datamanager.server.dao.mysql.DataManagerDataInitializer - Configuring VIP External Platforms database.
15:18:15.900 [main] DEBUG org.springframework.jdbc.datasource.DataSourceTransactionManager - Participating in existing transaction
15:18:15.900 [main] INFO fr.insalyon.creatis.vip.core.server.dao.mysql.TableInitializer - Table VIPExternalPlatforms successfully created.
15:18:15.900 [main] INFO fr.insalyon.creatis.vip.datamanager.server.dao.mysql.DataManagerDataInitializer - Configuring VIP api keys database.
15:18:15.900 [main] DEBUG org.springframework.jdbc.datasource.DataSourceTransactionManager - Participating in existing transaction
15:18:15.901 [main] INFO fr.insalyon.creatis.vip.core.server.dao.mysql.TableInitializer - Table VIPApiKeys successfully created.
15:18:15.901 [main] DEBUG org.springframework.jdbc.datasource.DataSourceTransactionManager - Initiating transaction commit
15:18:15.901 [main] DEBUG org.springframework.jdbc.datasource.DataSourceTransactionManager - Committing JDBC transaction on Connection [conn98: url=jdbc:h2:mem:b85e312a-817a-4b12-b0a6-66bab34fc06c user=SA]
15:18:15.902 [main] DEBUG org.springframework.jdbc.datasource.DataSourceTransactionManager - Releasing JDBC Connection [conn98: url=jdbc:h2:mem:b85e312a-817a-4b12-b0a6-66bab34fc06c user=SA] after transaction
15:18:15.902 [main] DEBUG org.springframework.jdbc.datasource.DataSourceTransactionManager - Creating new transaction with name [fr.insalyon.creatis.vip.social.server.dao.mysql.MessagingDataInitializer.onStartup]: PROPAGATION_REQUIRED,ISOLATION_DEFAULT
15:18:15.902 [main] DEBUG org.springframework.jdbc.datasource.DataSourceTransactionManager - Acquired Connection [Lazy Connection proxy for target DataSource [org.springframework.jdbc.datasource.embedded.EmbeddedDatabaseFactory$EmbeddedDataSourceProxy@82a380d]] for JDBC transaction
15:18:15.903 [main] DEBUG org.springframework.jdbc.datasource.DataSourceTransactionManager - Switching JDBC Connection [Lazy Connection proxy for target DataSource [org.springframework.jdbc.datasource.embedded.EmbeddedDatabaseFactory$EmbeddedDataSourceProxy@82a380d]] to manual commit
15:18:15.903 [main] INFO fr.insalyon.creatis.vip.social.server.dao.mysql.MessagingDataInitializer - Configuring VIP Social database.
15:18:15.903 [main] DEBUG org.springframework.jdbc.datasource.DataSourceTransactionManager - Participating in existing transaction
15:18:15.903 [main] DEBUG org.springframework.jdbc.datasource.SimpleDriverDataSource - Creating new JDBC Driver Connection to [jdbc:h2:mem:b85e312a-817a-4b12-b0a6-66bab34fc06c;DB_CLOSE_DELAY=-1;DB_CLOSE_ON_EXIT=false]
15:18:15.904 [main] INFO fr.insalyon.creatis.vip.core.server.dao.mysql.TableInitializer - Table VIPSocialMessage successfully created.
15:18:15.904 [main] DEBUG org.springframework.jdbc.datasource.DataSourceTransactionManager - Participating in existing transaction
15:18:15.905 [main] INFO fr.insalyon.creatis.vip.core.server.dao.mysql.TableInitializer - Table VIPSocialMessageSenderReceiver successfully created.
15:18:15.905 [main] DEBUG org.springframework.jdbc.datasource.DataSourceTransactionManager - Participating in existing transaction
15:18:15.906 [main] INFO fr.insalyon.creatis.vip.core.server.dao.mysql.TableInitializer - Table VIPSocialGroupMessage successfully created.
15:18:15.906 [main] DEBUG org.springframework.jdbc.datasource.DataSourceTransactionManager - Initiating transaction commit
15:18:15.906 [main] DEBUG org.springframework.jdbc.datasource.DataSourceTransactionManager - Committing JDBC transaction on Connection [conn99: url=jdbc:h2:mem:b85e312a-817a-4b12-b0a6-66bab34fc06c user=SA]
15:18:15.906 [main] DEBUG org.springframework.jdbc.datasource.DataSourceTransactionManager - Releasing JDBC Connection [conn99: url=jdbc:h2:mem:b85e312a-817a-4b12-b0a6-66bab34fc06c user=SA] after transaction
15:18:15.907 [main] DEBUG org.springframework.test.context.cache.DefaultCacheAwareContextLoaderDelegate - Storing ApplicationContext [1631640563] in cache under key [[MergedContextConfiguration@39e7d6fc testClass = ClassIT, locations = '{}', classes = '{class fr.insalyon.creatis.vip.core.server.SpringCoreConfig}', contextInitializerClasses = '[]', activeProfiles = '{test-db, test}', propertySourceLocations = '{}', propertySourceProperties = '{db.tableEngine=, vipConfigFolder=classpath:}', contextCustomizers = set[[empty]], contextLoader = 'org.springframework.test.context.support.DelegatingSmartContextLoader', parent = [null]]]
15:18:15.907 [main] DEBUG org.springframework.test.context.cache - Spring test ApplicationContext cache statistics: [DefaultContextCache@2fba07dc size = 1, maxSize = 32, parentContextCount = 0, hitCount = 165, missCount = 10]
15:18:15.909 [main] DEBUG org.springframework.test.context.cache.DefaultCacheAwareContextLoaderDelegate - Retrieved ApplicationContext [1631640563] from cache with key [[MergedContextConfiguration@39e7d6fc testClass = ClassIT, locations = '{}', classes = '{class fr.insalyon.creatis.vip.core.server.SpringCoreConfig}', contextInitializerClasses = '[]', activeProfiles = '{test-db, test}', propertySourceLocations = '{}', propertySourceProperties = '{db.tableEngine=, vipConfigFolder=classpath:}', contextCustomizers = set[[empty]], contextLoader = 'org.springframework.test.context.support.DelegatingSmartContextLoader', parent = [null]]]
15:18:15.909 [main] DEBUG org.springframework.test.context.cache - Spring test ApplicationContext cache statistics: [DefaultContextCache@2fba07dc size = 1, maxSize = 32, parentContextCount = 0, hitCount = 166, missCount = 10]
15:18:15.911 [main] DEBUG org.springframework.test.context.support.AbstractDirtiesContextTestExecutionListener - Before test method: context [DefaultTestContext@23803141 testClass = ClassIT, testInstance = fr.insalyon.creatis.vip.application.integrationtest.ClassIT@6fb2924b, testMethod = testCatchNonExistentClassRemoveClass@ClassIT, testException = [null], mergedContextConfiguration = [MergedContextConfiguration@39e7d6fc testClass = ClassIT, locations = '{}', classes = '{class fr.insalyon.creatis.vip.core.server.SpringCoreConfig}', contextInitializerClasses = '[]', activeProfiles = '{test-db, test}', propertySourceLocations = '{}', propertySourceProperties = '{db.tableEngine=, vipConfigFolder=classpath:}', contextCustomizers = set[[empty]], contextLoader = 'org.springframework.test.context.support.DelegatingSmartContextLoader', parent = [null]], attributes = map['org.springframework.test.context.event.ApplicationEventsTestExecutionListener.recordApplicationEvents' -> false]], class annotated with @DirtiesContext [true] with mode [AFTER_EACH_TEST_METHOD], method annotated with @DirtiesContext [false] with mode [null].
15:18:15.911 [main] DEBUG org.springframework.test.context.transaction.TransactionalTestExecutionListener - Explicit transaction definition [PROPAGATION_REQUIRED,ISOLATION_DEFAULT] found for test context [DefaultTestContext@23803141 testClass = ClassIT, testInstance = fr.insalyon.creatis.vip.application.integrationtest.ClassIT@6fb2924b, testMethod = testCatchNonExistentClassRemoveClass@ClassIT, testException = [null], mergedContextConfiguration = [MergedContextConfiguration@39e7d6fc testClass = ClassIT, locations = '{}', classes = '{class fr.insalyon.creatis.vip.core.server.SpringCoreConfig}', contextInitializerClasses = '[]', activeProfiles = '{test-db, test}', propertySourceLocations = '{}', propertySourceProperties = '{db.tableEngine=, vipConfigFolder=classpath:}', contextCustomizers = set[[empty]], contextLoader = 'org.springframework.test.context.support.DelegatingSmartContextLoader', parent = [null]], attributes = map['org.springframework.test.context.event.ApplicationEventsTestExecutionListener.recordApplicationEvents' -> false]]
15:18:15.911 [main] DEBUG org.springframework.test.context.cache.DefaultCacheAwareContextLoaderDelegate - Retrieved ApplicationContext [1631640563] from cache with key [[MergedContextConfiguration@39e7d6fc testClass = ClassIT, locations = '{}', classes = '{class fr.insalyon.creatis.vip.core.server.SpringCoreConfig}', contextInitializerClasses = '[]', activeProfiles = '{test-db, test}', propertySourceLocations = '{}', propertySourceProperties = '{db.tableEngine=, vipConfigFolder=classpath:}', contextCustomizers = set[[empty]], contextLoader = 'org.springframework.test.context.support.DelegatingSmartContextLoader', parent = [null]]]
15:18:15.911 [main] DEBUG org.springframework.test.context.cache - Spring test ApplicationContext cache statistics: [DefaultContextCache@2fba07dc size = 1, maxSize = 32, parentContextCount = 0, hitCount = 167, missCount = 10]
15:18:15.911 [main] DEBUG org.springframework.test.context.transaction.TransactionalTestExecutionListener - No method-level @Rollback override: using default rollback [true] for test context [DefaultTestContext@23803141 testClass = ClassIT, testInstance = fr.insalyon.creatis.vip.application.integrationtest.ClassIT@6fb2924b, testMethod = testCatchNonExistentClassRemoveClass@ClassIT, testException = [null], mergedContextConfiguration = [MergedContextConfiguration@39e7d6fc testClass = ClassIT, locations = '{}', classes = '{class fr.insalyon.creatis.vip.core.server.SpringCoreConfig}', contextInitializerClasses = '[]', activeProfiles = '{test-db, test}', propertySourceLocations = '{}', propertySourceProperties = '{db.tableEngine=, vipConfigFolder=classpath:}', contextCustomizers = set[[empty]], contextLoader = 'org.springframework.test.context.support.DelegatingSmartContextLoader', parent = [null]], attributes = map['org.springframework.test.context.event.ApplicationEventsTestExecutionListener.recordApplicationEvents' -> false]].
15:18:15.912 [main] DEBUG org.springframework.jdbc.datasource.DataSourceTransactionManager - Creating new transaction with name [fr.insalyon.creatis.vip.application.integrationtest.ClassIT.testCatchNonExistentClassRemoveClass]: PROPAGATION_REQUIRED,ISOLATION_DEFAULT
15:18:15.912 [main] DEBUG org.springframework.jdbc.datasource.DataSourceTransactionManager - Acquired Connection [Lazy Connection proxy for target DataSource [org.springframework.jdbc.datasource.embedded.EmbeddedDatabaseFactory$EmbeddedDataSourceProxy@82a380d]] for JDBC transaction
15:18:15.912 [main] DEBUG org.springframework.jdbc.datasource.DataSourceTransactionManager - Switching JDBC Connection [Lazy Connection proxy for target DataSource [org.springframework.jdbc.datasource.embedded.EmbeddedDatabaseFactory$EmbeddedDataSourceProxy@82a380d]] to manual commit
15:18:15.912 [main] INFO org.springframework.test.context.transaction.TransactionContext - Began transaction (1) for test context [DefaultTestContext@23803141 testClass = ClassIT, testInstance = fr.insalyon.creatis.vip.application.integrationtest.ClassIT@6fb2924b, testMethod = testCatchNonExistentClassRemoveClass@ClassIT, testException = [null], mergedContextConfiguration = [MergedContextConfiguration@39e7d6fc testClass = ClassIT, locations = '{}', classes = '{class fr.insalyon.creatis.vip.core.server.SpringCoreConfig}', contextInitializerClasses = '[]', activeProfiles = '{test-db, test}', propertySourceLocations = '{}', propertySourceProperties = '{db.tableEngine=, vipConfigFolder=classpath:}', contextCustomizers = set[[empty]], contextLoader = 'org.springframework.test.context.support.DelegatingSmartContextLoader', parent = [null]], attributes = map['org.springframework.test.context.event.ApplicationEventsTestExecutionListener.recordApplicationEvents' -> false]]; transaction manager [org.springframework.jdbc.datasource.DataSourceTransactionManager@7a7b3b96]; rollback [true]
15:18:15.913 [main] DEBUG org.springframework.test.context.cache.DefaultCacheAwareContextLoaderDelegate - Retrieved ApplicationContext [1631640563] from cache with key [[MergedContextConfiguration@39e7d6fc testClass = ClassIT, locations = '{}', classes = '{class fr.insalyon.creatis.vip.core.server.SpringCoreConfig}', contextInitializerClasses = '[]', activeProfiles = '{test-db, test}', propertySourceLocations = '{}', propertySourceProperties = '{db.tableEngine=, vipConfigFolder=classpath:}', contextCustomizers = set[[empty]], contextLoader = 'org.springframework.test.context.support.DelegatingSmartContextLoader', parent = [null]]]
15:18:15.913 [main] DEBUG org.springframework.test.context.cache - Spring test ApplicationContext cache statistics: [DefaultContextCache@2fba07dc size = 1, maxSize = 32, parentContextCount = 0, hitCount = 168, missCount = 10]
15:18:15.914 [main] DEBUG org.springframework.jdbc.datasource.DataSourceTransactionManager - Participating in existing transaction
15:18:15.915 [main] DEBUG org.springframework.jdbc.datasource.DataSourceTransactionManager - Participating in existing transaction
15:18:15.915 [main] DEBUG org.springframework.jdbc.datasource.SimpleDriverDataSource - Creating new JDBC Driver Connection to [jdbc:h2:mem:b85e312a-817a-4b12-b0a6-66bab34fc06c;DB_CLOSE_DELAY=-1;DB_CLOSE_ON_EXIT=false]
15:18:15.916 [main] DEBUG org.springframework.jdbc.datasource.DataSourceTransactionManager - Participating in existing transaction
15:18:15.916 [main] DEBUG org.springframework.jdbc.datasource.DataSourceTransactionManager - Participating in existing transaction
15:18:15.916 [main] DEBUG org.springframework.jdbc.datasource.DataSourceTransactionManager - Participating in existing transaction
15:18:15.916 [main] DEBUG org.springframework.jdbc.datasource.DataSourceTransactionManager - Participating in existing transaction
15:18:15.917 [main] DEBUG org.springframework.test.context.cache.DefaultCacheAwareContextLoaderDelegate - Retrieved ApplicationContext [1631640563] from cache with key [[MergedContextConfiguration@39e7d6fc testClass = ClassIT, locations = '{}', classes = '{class fr.insalyon.creatis.vip.core.server.SpringCoreConfig}', contextInitializerClasses = '[]', activeProfiles = '{test-db, test}', propertySourceLocations = '{}', propertySourceProperties = '{db.tableEngine=, vipConfigFolder=classpath:}', contextCustomizers = set[[empty]], contextLoader = 'org.springframework.test.context.support.DelegatingSmartContextLoader', parent = [null]]]
15:18:15.917 [main] DEBUG org.springframework.test.context.cache - Spring test ApplicationContext cache statistics: [DefaultContextCache@2fba07dc size = 1, maxSize = 32, parentContextCount = 0, hitCount = 169, missCount = 10]
15:18:15.917 [main] DEBUG org.springframework.jdbc.datasource.DataSourceTransactionManager - Participating in existing transaction
15:18:15.918 [main] DEBUG org.springframework.jdbc.datasource.DataSourceTransactionManager - Participating in existing transaction
15:18:15.918 [main] ERROR fr.insalyon.creatis.vip.application.server.dao.mysql.ClassData - There is no class registered with the name: nonExistent class
15:18:15.918 [main] DEBUG org.springframework.test.context.cache.DefaultCacheAwareContextLoaderDelegate - Retrieved ApplicationContext [1631640563] from cache with key [[MergedContextConfiguration@39e7d6fc testClass = ClassIT, locations = '{}', classes = '{class fr.insalyon.creatis.vip.core.server.SpringCoreConfig}', contextInitializerClasses = '[]', activeProfiles = '{test-db, test}', propertySourceLocations = '{}', propertySourceProperties = '{db.tableEngine=, vipConfigFolder=classpath:}', contextCustomizers = set[[empty]], contextLoader = 'org.springframework.test.context.support.DelegatingSmartContextLoader', parent = [null]]]
15:18:15.918 [main] DEBUG org.springframework.test.context.cache - Spring test ApplicationContext cache statistics: [DefaultContextCache@2fba07dc size = 1, maxSize = 32, parentContextCount = 0, hitCount = 170, missCount = 10]
15:18:15.919 [main] DEBUG org.springframework.test.context.cache.DefaultCacheAwareContextLoaderDelegate - Retrieved ApplicationContext [1631640563] from cache with key [[MergedContextConfiguration@39e7d6fc testClass = ClassIT, locations = '{}', classes = '{class fr.insalyon.creatis.vip.core.server.SpringCoreConfig}', contextInitializerClasses = '[]', activeProfiles = '{test-db, test}', propertySourceLocations = '{}', propertySourceProperties = '{db.tableEngine=, vipConfigFolder=classpath:}', contextCustomizers = set[[empty]], contextLoader = 'org.springframework.test.context.support.DelegatingSmartContextLoader', parent = [null]]]
15:18:15.919 [main] DEBUG org.springframework.test.context.cache - Spring test ApplicationContext cache statistics: [DefaultContextCache@2fba07dc size = 1, maxSize = 32, parentContextCount = 0, hitCount = 171, missCount = 10]
15:18:15.919 [main] DEBUG org.springframework.jdbc.datasource.DataSourceTransactionManager - Initiating transaction rollback
15:18:15.919 [main] DEBUG org.springframework.jdbc.datasource.DataSourceTransactionManager - Rolling back JDBC transaction on Connection [conn100: url=jdbc:h2:mem:b85e312a-817a-4b12-b0a6-66bab34fc06c user=SA]
15:18:15.919 [main] DEBUG org.springframework.jdbc.datasource.DataSourceTransactionManager - Releasing JDBC Connection [conn100: url=jdbc:h2:mem:b85e312a-817a-4b12-b0a6-66bab34fc06c user=SA] after transaction
15:18:15.919 [main] INFO org.springframework.test.context.transaction.TransactionContext - Rolled back transaction for test: [DefaultTestContext@23803141 testClass = ClassIT, testInstance = fr.insalyon.creatis.vip.application.integrationtest.ClassIT@6fb2924b, testMethod = testCatchNonExistentClassRemoveClass@ClassIT, testException = [null], mergedContextConfiguration = [MergedContextConfiguration@39e7d6fc testClass = ClassIT, locations = '{}', classes = '{class fr.insalyon.creatis.vip.core.server.SpringCoreConfig}', contextInitializerClasses = '[]', activeProfiles = '{test-db, test}', propertySourceLocations = '{}', propertySourceProperties = '{db.tableEngine=, vipConfigFolder=classpath:}', contextCustomizers = set[[empty]], contextLoader = 'org.springframework.test.context.support.DelegatingSmartContextLoader', parent = [null]], attributes = map['org.springframework.test.context.event.ApplicationEventsTestExecutionListener.recordApplicationEvents' -> false]]
15:18:15.919 [main] DEBUG org.springframework.test.context.support.AbstractDirtiesContextTestExecutionListener - After test method: context [DefaultTestContext@23803141 testClass = ClassIT, testInstance = fr.insalyon.creatis.vip.application.integrationtest.ClassIT@6fb2924b, testMethod = testCatchNonExistentClassRemoveClass@ClassIT, testException = [null], mergedContextConfiguration = [MergedContextConfiguration@39e7d6fc testClass = ClassIT, locations = '{}', classes = '{class fr.insalyon.creatis.vip.core.server.SpringCoreConfig}', contextInitializerClasses = '[]', activeProfiles = '{test-db, test}', propertySourceLocations = '{}', propertySourceProperties = '{db.tableEngine=, vipConfigFolder=classpath:}', contextCustomizers = set[[empty]], contextLoader = 'org.springframework.test.context.support.DelegatingSmartContextLoader', parent = [null]], attributes = map['org.springframework.test.context.event.ApplicationEventsTestExecutionListener.recordApplicationEvents' -> false]], class annotated with @DirtiesContext [true] with mode [AFTER_EACH_TEST_METHOD], method annotated with @DirtiesContext [false] with mode [null].
15:18:15.919 [main] DEBUG org.springframework.context.support.GenericApplicationContext - Closing org.springframework.context.support.GenericApplicationContext@6140dbf3, started on Tue Jul 11 15:18:15 CEST 2023
15:18:15.921 [main] INFO org.springframework.jdbc.datasource.embedded.EmbeddedDatabaseFactory - Shutting down embedded database: url='jdbc:h2:mem:b85e312a-817a-4b12-b0a6-66bab34fc06c;DB_CLOSE_DELAY=-1;DB_CLOSE_ON_EXIT=false'
15:18:15.921 [main] DEBUG org.springframework.jdbc.datasource.SimpleDriverDataSource - Creating new JDBC Driver Connection to [jdbc:h2:mem:b85e312a-817a-4b12-b0a6-66bab34fc06c;DB_CLOSE_DELAY=-1;DB_CLOSE_ON_EXIT=false]
]]></system-out>
  </testcase>
  <testcase name="testGetClass" classname="fr.insalyon.creatis.vip.application.integrationtest.ClassIT" time="0.011">
    <system-out><![CDATA[15:18:15.922 [main] DEBUG org.springframework.test.context.support.DependencyInjectionTestExecutionListener - Performing dependency injection for test context [[DefaultTestContext@23803141 testClass = ClassIT, testInstance = fr.insalyon.creatis.vip.application.integrationtest.ClassIT@58c77d6c, testMethod = [null], testException = [null], mergedContextConfiguration = [MergedContextConfiguration@39e7d6fc testClass = ClassIT, locations = '{}', classes = '{class fr.insalyon.creatis.vip.core.server.SpringCoreConfig}', contextInitializerClasses = '[]', activeProfiles = '{test-db, test}', propertySourceLocations = '{}', propertySourceProperties = '{db.tableEngine=, vipConfigFolder=classpath:}', contextCustomizers = set[[empty]], contextLoader = 'org.springframework.test.context.support.DelegatingSmartContextLoader', parent = [null]], attributes = map['org.springframework.test.context.event.ApplicationEventsTestExecutionListener.recordApplicationEvents' -> false, 'org.springframework.test.context.support.DependencyInjectionTestExecutionListener.reinjectDependencies' -> true]]].
15:18:15.922 [main] DEBUG org.springframework.test.context.support.AbstractDelegatingSmartContextLoader - Delegating to AnnotationConfigContextLoader to load context from [MergedContextConfiguration@39e7d6fc testClass = ClassIT, locations = '{}', classes = '{class fr.insalyon.creatis.vip.core.server.SpringCoreConfig}', contextInitializerClasses = '[]', activeProfiles = '{test-db, test}', propertySourceLocations = '{}', propertySourceProperties = '{db.tableEngine=, vipConfigFolder=classpath:}', contextCustomizers = set[[empty]], contextLoader = 'org.springframework.test.context.support.DelegatingSmartContextLoader', parent = [null]].
15:18:15.922 [main] DEBUG org.springframework.test.context.support.AbstractGenericContextLoader - Loading ApplicationContext for merged context configuration [[MergedContextConfiguration@39e7d6fc testClass = ClassIT, locations = '{}', classes = '{class fr.insalyon.creatis.vip.core.server.SpringCoreConfig}', contextInitializerClasses = '[]', activeProfiles = '{test-db, test}', propertySourceLocations = '{}', propertySourceProperties = '{db.tableEngine=, vipConfigFolder=classpath:}', contextCustomizers = set[[empty]], contextLoader = 'org.springframework.test.context.support.DelegatingSmartContextLoader', parent = [null]]].
15:18:15.922 [main] DEBUG org.springframework.core.env.StandardEnvironment - Activating profiles [test-db, test]
15:18:15.922 [main] DEBUG org.springframework.test.context.support.TestPropertySourceUtils - Adding inlined properties to environment: {db.tableEngine=, vipConfigFolder=classpath:}
15:18:15.922 [main] DEBUG org.springframework.test.context.support.AnnotationConfigContextLoader - Registering component classes: {class fr.insalyon.creatis.vip.core.server.SpringCoreConfig}
15:18:15.923 [main] DEBUG org.springframework.context.support.GenericApplicationContext - Refreshing org.springframework.context.support.GenericApplicationContext@3408e444
15:18:15.924 [main] DEBUG org.springframework.beans.factory.support.DefaultListableBeanFactory - Creating shared instance of singleton bean 'org.springframework.context.annotation.internalConfigurationAnnotationProcessor'
15:18:15.931 [main] DEBUG org.springframework.context.annotation.ClassPathBeanDefinitionScanner - Identified candidate component class: file [/home/marza/Documents/VIP-portal/vip-application/target/test-classes/fr/insalyon/creatis/vip/application/integrationtest/SpringApplicationTestConfig.class]
15:18:15.941 [main] DEBUG org.springframework.context.annotation.ClassPathBeanDefinitionScanner - Identified candidate component class: URL [jar:file:/home/marza/Documents/VIP-portal/vip-application/target/vip-application-2.4.1.jar!/fr/insalyon/creatis/vip/application/server/business/EngineBusiness.class]
15:18:15.941 [main] DEBUG org.springframework.context.annotation.ClassPathBeanDefinitionScanner - Identified candidate component class: URL [jar:file:/home/marza/Documents/VIP-portal/vip-application/target/vip-application-2.4.1.jar!/fr/insalyon/creatis/vip/application/server/business/simulation/parser/InputParser.class]
15:18:15.941 [main] DEBUG org.springframework.context.annotation.ClassPathBeanDefinitionScanner - Identified candidate component class: URL [jar:file:/home/marza/Documents/VIP-portal/vip-application/target/vip-application-2.4.1.jar!/fr/insalyon/creatis/vip/application/server/business/simulation/parser/ScuflParser.class]
15:18:15.941 [main] DEBUG org.springframework.context.annotation.ClassPathBeanDefinitionScanner - Identified candidate component class: URL [jar:file:/home/marza/Documents/VIP-portal/vip-application/target/vip-application-2.4.1.jar!/fr/insalyon/creatis/vip/application/server/business/simulation/parser/GwendiaParser.class]
15:18:15.941 [main] DEBUG org.springframework.context.annotation.ClassPathBeanDefinitionScanner - Identified candidate component class: URL [jar:file:/home/marza/Documents/VIP-portal/vip-application/target/vip-application-2.4.1.jar!/fr/insalyon/creatis/vip/application/server/business/BoutiquesBusiness.class]
15:18:15.942 [main] DEBUG org.springframework.context.annotation.ClassPathBeanDefinitionScanner - Identified candidate component class: URL [jar:file:/home/marza/Documents/VIP-portal/vip-application/target/vip-application-2.4.1.jar!/fr/insalyon/creatis/vip/application/server/dao/hibernate/SimulationStatsData.class]
15:18:15.942 [main] DEBUG org.springframework.context.annotation.ClassPathBeanDefinitionScanner - Identified candidate component class: URL [jar:file:/home/marza/Documents/VIP-portal/vip-application/target/vip-application-2.4.1.jar!/fr/insalyon/creatis/vip/application/server/dao/mysql/ApplicationData.class]
15:18:15.947 [main] DEBUG org.springframework.context.annotation.ClassPathBeanDefinitionScanner - Identified candidate component class: URL [jar:file:/home/marza/Documents/VIP-portal/vip-application/target/vip-application-2.4.1.jar!/fr/insalyon/creatis/vip/application/server/business/InputBusiness.class]
15:18:15.947 [main] DEBUG org.springframework.context.annotation.ClassPathBeanDefinitionScanner - Identified candidate component class: URL [jar:file:/home/marza/Documents/VIP-portal/vip-application/target/vip-application-2.4.1.jar!/fr/insalyon/creatis/vip/application/server/business/SimulationBusiness.class]
15:18:15.950 [main] DEBUG org.springframework.context.annotation.ClassPathBeanDefinitionScanner - Identified candidate component class: URL [jar:file:/home/marza/Documents/VIP-portal/vip-application/target/vip-application-2.4.1.jar!/fr/insalyon/creatis/vip/application/server/business/WorkflowExecutionBusiness.class]
15:18:15.950 [main] DEBUG org.springframework.context.annotation.ClassPathBeanDefinitionScanner - Identified candidate component class: URL [jar:file:/home/marza/Documents/VIP-portal/vip-application/target/vip-application-2.4.1.jar!/fr/insalyon/creatis/vip/application/server/business/ApplicationBusiness.class]
15:18:15.950 [main] DEBUG org.springframework.context.annotation.ClassPathBeanDefinitionScanner - Identified candidate component class: URL [jar:file:/home/marza/Documents/VIP-portal/vip-application/target/vip-application-2.4.1.jar!/fr/insalyon/creatis/vip/application/server/business/ClassBusiness.class]
15:18:15.951 [main] DEBUG org.springframework.context.annotation.ClassPathBeanDefinitionScanner - Identified candidate component class: URL [jar:file:/home/marza/Documents/VIP-portal/vip-application/target/vip-application-2.4.1.jar!/fr/insalyon/creatis/vip/application/server/dao/mysql/EngineData.class]
15:18:15.951 [main] DEBUG org.springframework.context.annotation.ClassPathBeanDefinitionScanner - Identified candidate component class: URL [jar:file:/home/marza/Documents/VIP-portal/vip-application/target/vip-application-2.4.1.jar!/fr/insalyon/creatis/vip/application/server/dao/mysql/ApplicationDataInitializer.class]
15:18:15.951 [main] DEBUG org.springframework.context.annotation.ClassPathBeanDefinitionScanner - Identified candidate component class: URL [jar:file:/home/marza/Documents/VIP-portal/vip-application/target/vip-application-2.4.1.jar!/fr/insalyon/creatis/vip/application/server/dao/mysql/ApplicationInputData.class]
15:18:15.951 [main] DEBUG org.springframework.context.annotation.ClassPathBeanDefinitionScanner - Identified candidate component class: URL [jar:file:/home/marza/Documents/VIP-portal/vip-application/target/vip-application-2.4.1.jar!/fr/insalyon/creatis/vip/application/server/dao/h2/ExecutionNodeData.class]
15:18:15.953 [main] DEBUG org.springframework.context.annotation.ClassPathBeanDefinitionScanner - Identified candidate component class: URL [jar:file:/home/marza/Documents/VIP-portal/vip-application/target/vip-application-2.4.1.jar!/fr/insalyon/creatis/vip/application/server/business/simulation/parser/InputM2Parser.class]
15:18:15.953 [main] DEBUG org.springframework.context.annotation.ClassPathBeanDefinitionScanner - Identified candidate component class: URL [jar:file:/home/marza/Documents/VIP-portal/vip-application/target/vip-application-2.4.1.jar!/fr/insalyon/creatis/vip/application/server/business/simulation/WebServiceEngine.class]
15:18:15.954 [main] DEBUG org.springframework.context.annotation.ClassPathBeanDefinitionScanner - Identified candidate component class: URL [jar:file:/home/marza/Documents/VIP-portal/vip-application/target/vip-application-2.4.1.jar!/fr/insalyon/creatis/vip/application/server/business/WorkflowBusiness.class]
15:18:15.954 [main] DEBUG org.springframework.context.annotation.ClassPathBeanDefinitionScanner - Identified candidate component class: URL [jar:file:/home/marza/Documents/VIP-portal/vip-application/target/vip-application-2.4.1.jar!/fr/insalyon/creatis/vip/application/server/dao/mysql/ClassData.class]
15:18:15.954 [main] DEBUG org.springframework.context.annotation.ClassPathBeanDefinitionScanner - Identified candidate component class: URL [jar:file:/home/marza/Documents/VIP-portal/vip-application/target/vip-application-2.4.1.jar!/fr/insalyon/creatis/vip/application/server/dao/h2/SimulationData.class]
15:18:15.962 [main] DEBUG org.springframework.context.annotation.ClassPathBeanDefinitionScanner - Identified candidate component class: URL [jar:file:/home/marza/Documents/VIP-portal/vip-core/target/vip-core-2.4.1.jar!/fr/insalyon/creatis/vip/core/server/dao/mysql/UsersGroupsData.class]
15:18:15.963 [main] DEBUG org.springframework.context.annotation.ClassPathBeanDefinitionScanner - Identified candidate component class: URL [jar:file:/home/marza/Documents/VIP-portal/vip-core/target/vip-core-2.4.1.jar!/fr/insalyon/creatis/vip/core/server/business/StatsBusiness.class]
15:18:15.964 [main] DEBUG org.springframework.context.annotation.ClassPathBeanDefinitionScanner - Identified candidate component class: URL [jar:file:/home/marza/Documents/VIP-portal/vip-core/target/vip-core-2.4.1.jar!/fr/insalyon/creatis/vip/core/server/business/VipSessionBusiness.class]
15:18:15.964 [main] DEBUG org.springframework.context.annotation.ClassPathBeanDefinitionScanner - Identified candidate component class: URL [jar:file:/home/marza/Documents/VIP-portal/vip-core/target/vip-core-2.4.1.jar!/fr/insalyon/creatis/vip/core/server/DataSourceConfig.class]
15:18:15.965 [main] DEBUG org.springframework.context.annotation.ClassPathBeanDefinitionScanner - Identified candidate component class: URL [jar:file:/home/marza/Documents/VIP-portal/vip-core/target/vip-core-2.4.1.jar!/fr/insalyon/creatis/vip/core/server/dao/mysql/TermsUseData.class]
15:18:15.965 [main] DEBUG org.springframework.context.annotation.ClassPathBeanDefinitionScanner - Identified candidate component class: URL [jar:file:/home/marza/Documents/VIP-portal/vip-core/target/vip-core-2.4.1.jar!/fr/insalyon/creatis/vip/core/server/dao/mysql/CoreDataInitializer.class]
15:18:15.965 [main] DEBUG org.springframework.context.annotation.ClassPathBeanDefinitionScanner - Identified candidate component class: URL [jar:file:/home/marza/Documents/VIP-portal/vip-core/target/vip-core-2.4.1.jar!/fr/insalyon/creatis/vip/core/server/dao/mysql/GroupData.class]
15:18:15.969 [main] DEBUG org.springframework.context.annotation.ClassPathBeanDefinitionScanner - Identified candidate component class: URL [jar:file:/home/marza/Documents/VIP-portal/vip-core/target/vip-core-2.4.1.jar!/fr/insalyon/creatis/vip/core/server/business/EmailBusiness.class]
15:18:15.969 [main] DEBUG org.springframework.context.annotation.ClassPathBeanDefinitionScanner - Identified candidate component class: URL [jar:file:/home/marza/Documents/VIP-portal/vip-core/target/vip-core-2.4.1.jar!/fr/insalyon/creatis/vip/core/server/business/proxy/ProxyClient.class]
15:18:15.970 [main] DEBUG org.springframework.context.annotation.ClassPathBeanDefinitionScanner - Identified candidate component class: URL [jar:file:/home/marza/Documents/VIP-portal/vip-core/target/vip-core-2.4.1.jar!/fr/insalyon/creatis/vip/core/server/business/ConfigurationBusiness.class]
15:18:15.970 [main] DEBUG org.springframework.context.annotation.ClassPathBeanDefinitionScanner - Identified candidate component class: URL [jar:file:/home/marza/Documents/VIP-portal/vip-core/target/vip-core-2.4.1.jar!/fr/insalyon/creatis/vip/core/server/dao/mysql/TableInitializer.class]
15:18:15.971 [main] DEBUG org.springframework.context.annotation.ClassPathBeanDefinitionScanner - Identified candidate component class: URL [jar:file:/home/marza/Documents/VIP-portal/vip-core/target/vip-core-2.4.1.jar!/fr/insalyon/creatis/vip/core/server/dao/mysql/UserData.class]
15:18:15.978 [main] DEBUG org.springframework.context.annotation.ClassPathBeanDefinitionScanner - Identified candidate component class: URL [jar:file:/home/marza/Documents/VIP-portal/vip-datamanagement/target/vip-datamanager-2.4.1.jar!/fr/insalyon/creatis/vip/datamanager/server/business/LfcPathsBusiness.class]
15:18:15.978 [main] DEBUG org.springframework.context.annotation.ClassPathBeanDefinitionScanner - Identified candidate component class: URL [jar:file:/home/marza/Documents/VIP-portal/vip-datamanagement/target/vip-datamanager-2.4.1.jar!/fr/insalyon/creatis/vip/datamanager/server/business/ExternalPlatformBusiness.class]
15:18:15.978 [main] DEBUG org.springframework.context.annotation.ClassPathBeanDefinitionScanner - Identified candidate component class: URL [jar:file:/home/marza/Documents/VIP-portal/vip-datamanagement/target/vip-datamanager-2.4.1.jar!/fr/insalyon/creatis/vip/datamanager/server/business/GirderStorageBusiness.class]
15:18:15.979 [main] DEBUG org.springframework.context.annotation.ClassPathBeanDefinitionScanner - Identified candidate component class: URL [jar:file:/home/marza/Documents/VIP-portal/vip-datamanagement/target/vip-datamanager-2.4.1.jar!/fr/insalyon/creatis/vip/datamanager/server/business/DataManagerBusiness.class]
15:18:15.979 [main] DEBUG org.springframework.context.annotation.ClassPathBeanDefinitionScanner - Identified candidate component class: URL [jar:file:/home/marza/Documents/VIP-portal/vip-datamanagement/target/vip-datamanager-2.4.1.jar!/fr/insalyon/creatis/vip/datamanager/server/business/ApiKeyBusiness.class]
15:18:15.979 [main] DEBUG org.springframework.context.annotation.ClassPathBeanDefinitionScanner - Identified candidate component class: URL [jar:file:/home/marza/Documents/VIP-portal/vip-datamanagement/target/vip-datamanager-2.4.1.jar!/fr/insalyon/creatis/vip/datamanager/server/business/ShanoirStorageBusiness.class]
15:18:15.979 [main] DEBUG org.springframework.context.annotation.ClassPathBeanDefinitionScanner - Identified candidate component class: URL [jar:file:/home/marza/Documents/VIP-portal/vip-datamanagement/target/vip-datamanager-2.4.1.jar!/fr/insalyon/creatis/vip/datamanager/server/business/TransferPoolBusiness.class]
15:18:15.979 [main] DEBUG org.springframework.context.annotation.ClassPathBeanDefinitionScanner - Identified candidate component class: URL [jar:file:/home/marza/Documents/VIP-portal/vip-datamanagement/target/vip-datamanager-2.4.1.jar!/fr/insalyon/creatis/vip/datamanager/server/business/LFCBusiness.class]
15:18:15.979 [main] DEBUG org.springframework.context.annotation.ClassPathBeanDefinitionScanner - Identified candidate component class: URL [jar:file:/home/marza/Documents/VIP-portal/vip-datamanagement/target/vip-datamanager-2.4.1.jar!/fr/insalyon/creatis/vip/datamanager/server/business/LFCPermissionBusiness.class]
15:18:15.980 [main] DEBUG org.springframework.context.annotation.ClassPathBeanDefinitionScanner - Identified candidate component class: URL [jar:file:/home/marza/Documents/VIP-portal/vip-datamanagement/target/vip-datamanager-2.4.1.jar!/fr/insalyon/creatis/vip/datamanager/server/dao/mysql/SSHData.class]
15:18:15.980 [main] DEBUG org.springframework.context.annotation.ClassPathBeanDefinitionScanner - Identified candidate component class: URL [jar:file:/home/marza/Documents/VIP-portal/vip-datamanagement/target/vip-datamanager-2.4.1.jar!/fr/insalyon/creatis/vip/datamanager/server/dao/mysql/ApiKeysData.class]
15:18:15.980 [main] DEBUG org.springframework.context.annotation.ClassPathBeanDefinitionScanner - Identified candidate component class: URL [jar:file:/home/marza/Documents/VIP-portal/vip-datamanagement/target/vip-datamanager-2.4.1.jar!/fr/insalyon/creatis/vip/datamanager/server/dao/mysql/ExternalPlatformData.class]
15:18:15.980 [main] DEBUG org.springframework.context.annotation.ClassPathBeanDefinitionScanner - Identified candidate component class: URL [jar:file:/home/marza/Documents/VIP-portal/vip-datamanagement/target/vip-datamanager-2.4.1.jar!/fr/insalyon/creatis/vip/datamanager/server/dao/mysql/DataManagerDataInitializer.class]
15:18:15.983 [main] DEBUG org.springframework.context.annotation.ClassPathBeanDefinitionScanner - Identified candidate component class: URL [jar:file:/home/marza/Documents/VIP-portal/vip-social/target/vip-social-2.4.1.jar!/fr/insalyon/creatis/vip/social/server/business/MessageBusiness.class]
15:18:15.983 [main] DEBUG org.springframework.context.annotation.ClassPathBeanDefinitionScanner - Identified candidate component class: URL [jar:file:/home/marza/Documents/VIP-portal/vip-social/target/vip-social-2.4.1.jar!/fr/insalyon/creatis/vip/social/server/dao/mysql/MessageData.class]
15:18:15.984 [main] DEBUG org.springframework.context.annotation.ClassPathBeanDefinitionScanner - Identified candidate component class: URL [jar:file:/home/marza/Documents/VIP-portal/vip-social/target/vip-social-2.4.1.jar!/fr/insalyon/creatis/vip/social/server/dao/mysql/MessagingDataInitializer.class]
15:18:15.984 [main] DEBUG org.springframework.context.annotation.ClassPathBeanDefinitionScanner - Identified candidate component class: URL [jar:file:/home/marza/Documents/VIP-portal/vip-social/target/vip-social-2.4.1.jar!/fr/insalyon/creatis/vip/social/server/dao/mysql/GroupMessageData.class]
15:18:15.984 [main] DEBUG org.springframework.context.annotation.ClassPathBeanDefinitionScanner - Identified candidate component class: URL [jar:file:/home/marza/Documents/VIP-portal/vip-core/target/vip-core-2.4.1-tests.jar!/fr/insalyon/creatis/vip/core/integrationtest/TestDataSourceSpringConfig.class]
15:18:15.984 [main] DEBUG org.springframework.context.annotation.ClassPathBeanDefinitionScanner - Identified candidate component class: URL [jar:file:/home/marza/Documents/VIP-portal/vip-core/target/vip-core-2.4.1-tests.jar!/fr/insalyon/creatis/vip/core/integrationtest/SpingTestConfig.class]
15:18:15.985 [main] DEBUG org.springframework.context.annotation.ClassPathBeanDefinitionScanner - Identified candidate component class: URL [jar:file:/home/marza/Documents/VIP-portal/vip-core/target/vip-core-2.4.1-tests.jar!/fr/insalyon/creatis/vip/core/integrationtest/ServerMockConfig.class]
15:18:16.002 [main] DEBUG org.springframework.beans.factory.support.DefaultListableBeanFactory - Creating shared instance of singleton bean 'properties'
15:18:16.002 [main] DEBUG org.springframework.beans.factory.support.DefaultListableBeanFactory - Creating shared instance of singleton bean 'org.springframework.context.event.internalEventListenerProcessor'
15:18:16.002 [main] DEBUG org.springframework.beans.factory.support.DefaultListableBeanFactory - Creating shared instance of singleton bean 'org.springframework.context.event.internalEventListenerFactory'
15:18:16.002 [main] DEBUG org.springframework.beans.factory.support.DefaultListableBeanFactory - Creating shared instance of singleton bean 'org.springframework.transaction.config.internalTransactionalEventListenerFactory'
15:18:16.003 [main] DEBUG org.springframework.beans.factory.support.DefaultListableBeanFactory - Creating shared instance of singleton bean 'org.springframework.context.annotation.internalAutowiredAnnotationProcessor'
15:18:16.003 [main] DEBUG org.springframework.beans.factory.support.DefaultListableBeanFactory - Creating shared instance of singleton bean 'org.springframework.context.annotation.internalCommonAnnotationProcessor'
15:18:16.003 [main] DEBUG org.springframework.beans.factory.support.DefaultListableBeanFactory - Creating shared instance of singleton bean 'org.springframework.aop.config.internalAutoProxyCreator'
15:18:16.004 [main] DEBUG org.springframework.beans.factory.support.DefaultListableBeanFactory - Creating shared instance of singleton bean 'conversionService'
15:18:16.004 [main] DEBUG org.springframework.beans.factory.support.DefaultListableBeanFactory - Creating shared instance of singleton bean 'org.springframework.transaction.config.internalTransactionAdvisor'
15:18:16.004 [main] DEBUG org.springframework.beans.factory.support.DefaultListableBeanFactory - Creating shared instance of singleton bean 'org.springframework.transaction.annotation.ProxyTransactionManagementConfiguration'
15:18:16.005 [main] DEBUG org.springframework.beans.factory.support.DefaultListableBeanFactory - Creating shared instance of singleton bean 'transactionAttributeSource'
15:18:16.005 [main] DEBUG org.springframework.beans.factory.support.DefaultListableBeanFactory - Creating shared instance of singleton bean 'transactionInterceptor'
15:18:16.005 [main] DEBUG org.springframework.beans.factory.support.DefaultListableBeanFactory - Autowiring by type from bean name 'transactionInterceptor' via factory method to bean named 'transactionAttributeSource'
15:18:16.006 [main] DEBUG org.springframework.beans.factory.support.DefaultListableBeanFactory - Autowiring by type from bean name 'org.springframework.transaction.config.internalTransactionAdvisor' via factory method to bean named 'transactionAttributeSource'
15:18:16.006 [main] DEBUG org.springframework.beans.factory.support.DefaultListableBeanFactory - Autowiring by type from bean name 'org.springframework.transaction.config.internalTransactionAdvisor' via factory method to bean named 'transactionInterceptor'
15:18:16.006 [main] DEBUG org.springframework.beans.factory.support.DefaultListableBeanFactory - Creating shared instance of singleton bean 'springCoreConfig'
15:18:16.006 [main] DEBUG org.springframework.beans.factory.support.DefaultListableBeanFactory - Creating shared instance of singleton bean 'springApplicationTestConfig'
15:18:16.006 [main] DEBUG org.springframework.beans.factory.support.DefaultListableBeanFactory - Creating shared instance of singleton bean 'engineBusiness'
15:18:16.007 [main] DEBUG org.springframework.beans.factory.support.DefaultListableBeanFactory - Creating shared instance of singleton bean 'engineData'
15:18:16.007 [main] DEBUG org.springframework.beans.factory.support.DefaultListableBeanFactory - Creating shared instance of singleton bean 'lazyDataSource'
15:18:16.008 [main] DEBUG org.springframework.beans.factory.support.DefaultListableBeanFactory - Creating shared instance of singleton bean 'testDataSource'
15:18:16.008 [main] DEBUG org.springframework.beans.factory.support.DefaultListableBeanFactory - Creating shared instance of singleton bean 'testDataSourceSpringConfig'
15:18:16.008 [main] INFO org.springframework.jdbc.datasource.embedded.EmbeddedDatabaseFactory - Starting embedded database: url='jdbc:h2:mem:4409fdd2-56d6-4d96-8dca-fad6e464e7fd;DB_CLOSE_DELAY=-1;DB_CLOSE_ON_EXIT=false', username='sa'
15:18:16.008 [main] DEBUG org.springframework.jdbc.datasource.DataSourceUtils - Fetching JDBC Connection from DataSource
15:18:16.008 [main] DEBUG org.springframework.jdbc.datasource.SimpleDriverDataSource - Creating new JDBC Driver Connection to [jdbc:h2:mem:4409fdd2-56d6-4d96-8dca-fad6e464e7fd;DB_CLOSE_DELAY=-1;DB_CLOSE_ON_EXIT=false]
15:18:16.011 [main] DEBUG org.springframework.beans.factory.support.DefaultListableBeanFactory - Autowiring by type from bean name 'lazyDataSource' via factory method to bean named 'testDataSource'
15:18:16.011 [main] DEBUG org.springframework.jdbc.datasource.SimpleDriverDataSource - Creating new JDBC Driver Connection to [jdbc:h2:mem:4409fdd2-56d6-4d96-8dca-fad6e464e7fd;DB_CLOSE_DELAY=-1;DB_CLOSE_ON_EXIT=false]
15:18:16.012 [main] DEBUG org.springframework.beans.factory.support.DefaultListableBeanFactory - Autowiring by type from bean name 'engineBusiness' via constructor to bean named 'engineData'
15:18:16.012 [main] DEBUG org.springframework.beans.factory.support.DefaultListableBeanFactory - Creating shared instance of singleton bean 'boutiquesBusiness'
15:18:16.013 [main] DEBUG org.springframework.beans.factory.support.DefaultListableBeanFactory - Creating shared instance of singleton bean 'testServer'
15:18:16.013 [main] DEBUG org.springframework.beans.factory.support.DefaultListableBeanFactory - Creating shared instance of singleton bean 'serverMockConfig'
15:18:16.015 [main] DEBUG org.springframework.beans.factory.support.DefaultListableBeanFactory - Creating shared instance of singleton bean 'dataManagerBusiness'
15:18:16.016 [main] DEBUG org.springframework.beans.factory.support.DefaultListableBeanFactory - Creating shared instance of singleton bean 'SSHData'
15:18:16.017 [main] DEBUG org.springframework.beans.factory.support.DefaultListableBeanFactory - Creating shared instance of singleton bean 'testGridaClient'
15:18:16.017 [main] DEBUG org.springframework.beans.factory.support.DefaultListableBeanFactory - Creating shared instance of singleton bean 'spingTestConfig'
15:18:16.018 [main] DEBUG org.springframework.beans.factory.support.DefaultListableBeanFactory - Creating shared instance of singleton bean 'gridaCacheClient'
15:18:16.018 [main] DEBUG org.springframework.beans.factory.support.DefaultListableBeanFactory - Autowiring by type from bean name 'gridaCacheClient' via factory method to bean named 'testServer'
15:18:16.018 [main] DEBUG org.springframework.beans.factory.support.DefaultListableBeanFactory - Creating shared instance of singleton bean 'gridaZombieClient'
15:18:16.018 [main] DEBUG org.springframework.beans.factory.support.DefaultListableBeanFactory - Autowiring by type from bean name 'gridaZombieClient' via factory method to bean named 'testServer'
15:18:16.019 [main] DEBUG org.springframework.beans.factory.support.DefaultListableBeanFactory - Creating shared instance of singleton bean 'configurationBusiness'
15:18:16.020 [main] DEBUG org.springframework.beans.factory.support.DefaultListableBeanFactory - Creating shared instance of singleton bean 'testProxyClient'
15:18:16.021 [main] DEBUG org.springframework.beans.factory.support.DefaultListableBeanFactory - Creating shared instance of singleton bean 'testEmailBusiness'
15:18:16.021 [main] DEBUG org.springframework.beans.factory.support.DefaultListableBeanFactory - Creating shared instance of singleton bean 'testGridaPoolClient'
15:18:16.021 [main] DEBUG org.springframework.beans.factory.support.DefaultListableBeanFactory - Creating shared instance of singleton bean 'groupData'
15:18:16.022 [main] DEBUG org.springframework.beans.factory.support.DefaultListableBeanFactory - Creating shared instance of singleton bean 'termsUseData'
15:18:16.022 [main] DEBUG org.springframework.beans.factory.support.DefaultListableBeanFactory - Creating shared instance of singleton bean 'userData'
15:18:16.023 [main] DEBUG org.springframework.beans.factory.support.DefaultListableBeanFactory - Creating shared instance of singleton bean 'usersGroupsData'
15:18:16.023 [main] DEBUG org.springframework.beans.factory.support.DefaultListableBeanFactory - Autowiring by type from bean name 'usersGroupsData' via constructor to bean named 'groupData'
15:18:16.024 [main] DEBUG org.springframework.beans.factory.support.DefaultListableBeanFactory - Autowiring by type from bean name 'configurationBusiness' via constructor to bean named 'testServer'
15:18:16.024 [main] DEBUG org.springframework.beans.factory.support.DefaultListableBeanFactory - Autowiring by type from bean name 'configurationBusiness' via constructor to bean named 'testProxyClient'
15:18:16.024 [main] DEBUG org.springframework.beans.factory.support.DefaultListableBeanFactory - Autowiring by type from bean name 'configurationBusiness' via constructor to bean named 'testEmailBusiness'
15:18:16.024 [main] DEBUG org.springframework.beans.factory.support.DefaultListableBeanFactory - Autowiring by type from bean name 'configurationBusiness' via constructor to bean named 'testGridaClient'
15:18:16.024 [main] DEBUG org.springframework.beans.factory.support.DefaultListableBeanFactory - Autowiring by type from bean name 'configurationBusiness' via constructor to bean named 'testGridaPoolClient'
15:18:16.024 [main] DEBUG org.springframework.beans.factory.support.DefaultListableBeanFactory - Autowiring by type from bean name 'configurationBusiness' via constructor to bean named 'groupData'
15:18:16.024 [main] DEBUG org.springframework.beans.factory.support.DefaultListableBeanFactory - Autowiring by type from bean name 'configurationBusiness' via constructor to bean named 'termsUseData'
15:18:16.024 [main] DEBUG org.springframework.beans.factory.support.DefaultListableBeanFactory - Autowiring by type from bean name 'configurationBusiness' via constructor to bean named 'userData'
15:18:16.024 [main] DEBUG org.springframework.beans.factory.support.DefaultListableBeanFactory - Autowiring by type from bean name 'configurationBusiness' via constructor to bean named 'usersGroupsData'
15:18:16.024 [main] DEBUG org.springframework.beans.factory.support.DefaultListableBeanFactory - Creating shared instance of singleton bean 'lfcPathsBusiness'
15:18:16.025 [main] DEBUG org.springframework.beans.factory.support.DefaultListableBeanFactory - Autowiring by type from bean name 'lfcPathsBusiness' via constructor to bean named 'testServer'
15:18:16.025 [main] DEBUG org.springframework.beans.factory.support.DefaultListableBeanFactory - Autowiring by type from bean name 'lfcPathsBusiness' via constructor to bean named 'groupData'
15:18:16.025 [main] DEBUG org.springframework.beans.factory.support.DefaultListableBeanFactory - Autowiring by type from bean name 'dataManagerBusiness' via constructor to bean named 'SSHData'
15:18:16.025 [main] DEBUG org.springframework.beans.factory.support.DefaultListableBeanFactory - Autowiring by type from bean name 'dataManagerBusiness' via constructor to bean named 'testGridaClient'
15:18:16.025 [main] DEBUG org.springframework.beans.factory.support.DefaultListableBeanFactory - Autowiring by type from bean name 'dataManagerBusiness' via constructor to bean named 'gridaCacheClient'
15:18:16.025 [main] DEBUG org.springframework.beans.factory.support.DefaultListableBeanFactory - Autowiring by type from bean name 'dataManagerBusiness' via constructor to bean named 'gridaZombieClient'
15:18:16.025 [main] DEBUG org.springframework.beans.factory.support.DefaultListableBeanFactory - Autowiring by type from bean name 'dataManagerBusiness' via constructor to bean named 'configurationBusiness'
15:18:16.025 [main] DEBUG org.springframework.beans.factory.support.DefaultListableBeanFactory - Autowiring by type from bean name 'dataManagerBusiness' via constructor to bean named 'lfcPathsBusiness'
15:18:16.025 [main] DEBUG org.springframework.beans.factory.support.DefaultListableBeanFactory - Autowiring by type from bean name 'dataManagerBusiness' via constructor to bean named 'testServer'
15:18:16.025 [main] DEBUG org.springframework.beans.factory.support.DefaultListableBeanFactory - Creating shared instance of singleton bean 'applicationBusiness'
15:18:16.026 [main] DEBUG org.springframework.beans.factory.support.DefaultListableBeanFactory - Creating shared instance of singleton bean 'applicationData'
15:18:16.026 [main] DEBUG org.springframework.beans.factory.support.DefaultListableBeanFactory - Creating shared instance of singleton bean 'classData'
15:18:16.027 [main] DEBUG org.springframework.beans.factory.support.DefaultListableBeanFactory - Autowiring by type from bean name 'applicationData' via constructor to bean named 'lazyDataSource'
15:18:16.027 [main] DEBUG org.springframework.beans.factory.support.DefaultListableBeanFactory - Autowiring by type from bean name 'applicationData' via constructor to bean named 'classData'
15:18:16.027 [main] DEBUG org.springframework.beans.factory.support.DefaultListableBeanFactory - Autowiring by type from bean name 'applicationBusiness' via constructor to bean named 'applicationData'
15:18:16.027 [main] DEBUG org.springframework.beans.factory.support.DefaultListableBeanFactory - Autowiring by type from bean name 'applicationBusiness' via constructor to bean named 'classData'
15:18:16.027 [main] DEBUG org.springframework.beans.factory.support.DefaultListableBeanFactory - Autowiring by type from bean name 'applicationBusiness' via constructor to bean named 'groupData'
15:18:16.027 [main] DEBUG org.springframework.beans.factory.support.DefaultListableBeanFactory - Autowiring by type from bean name 'boutiquesBusiness' via constructor to bean named 'testServer'
15:18:16.027 [main] DEBUG org.springframework.beans.factory.support.DefaultListableBeanFactory - Autowiring by type from bean name 'boutiquesBusiness' via constructor to bean named 'dataManagerBusiness'
15:18:16.027 [main] DEBUG org.springframework.beans.factory.support.DefaultListableBeanFactory - Autowiring by type from bean name 'boutiquesBusiness' via constructor to bean named 'applicationBusiness'
15:18:16.028 [main] DEBUG org.springframework.beans.factory.support.DefaultListableBeanFactory - Creating shared instance of singleton bean 'simulationStatsData'
15:18:16.028 [main] DEBUG org.springframework.beans.factory.support.DefaultListableBeanFactory - Creating shared instance of singleton bean 'sessionFactory'
15:18:16.029 [main] DEBUG org.springframework.beans.factory.support.DefaultListableBeanFactory - Autowiring by type from bean name 'simulationStatsData' via constructor to bean named 'sessionFactory'
15:18:16.029 [main] DEBUG org.springframework.beans.factory.support.DefaultListableBeanFactory - Creating shared instance of singleton bean 'inputBusiness'
15:18:16.029 [main] DEBUG org.springframework.beans.factory.support.DefaultListableBeanFactory - Creating shared instance of singleton bean 'applicationInputData'
15:18:16.030 [main] DEBUG org.springframework.beans.factory.support.DefaultListableBeanFactory - Autowiring by type from bean name 'inputBusiness' via constructor to bean named 'applicationInputData'
15:18:16.030 [main] DEBUG org.springframework.beans.factory.support.DefaultListableBeanFactory - Autowiring by type from bean name 'inputBusiness' via constructor to bean named 'dataManagerBusiness'
15:18:16.032 [main] DEBUG org.springframework.beans.factory.support.DefaultListableBeanFactory - Creating shared instance of singleton bean 'simulationBusiness'
15:18:16.033 [main] DEBUG org.springframework.beans.factory.support.DefaultListableBeanFactory - Autowiring by type from bean name 'simulationBusiness' via constructor to bean named 'lfcPathsBusiness'
15:18:16.033 [main] DEBUG org.springframework.beans.factory.support.DefaultListableBeanFactory - Autowiring by type from bean name 'simulationBusiness' via constructor to bean named 'testServer'
15:18:16.035 [main] DEBUG org.springframework.beans.factory.support.DefaultListableBeanFactory - Creating shared instance of singleton bean 'classBusiness'
15:18:16.036 [main] DEBUG org.springframework.beans.factory.support.DefaultListableBeanFactory - Autowiring by type from bean name 'classBusiness' via constructor to bean named 'classData'
15:18:16.036 [main] DEBUG org.springframework.beans.factory.support.DefaultListableBeanFactory - Creating shared instance of singleton bean 'applicationDataInitializer'
15:18:16.036 [main] DEBUG org.springframework.beans.factory.support.DefaultListableBeanFactory - Creating shared instance of singleton bean 'tableInitializer'
15:18:16.037 [main] DEBUG org.springframework.core.env.PropertySourcesPropertyResolver - Found key 'db.tableEngine' in PropertySource 'Inlined Test Properties' with value of type String
15:18:16.037 [main] DEBUG org.springframework.core.env.PropertySourcesPropertyResolver - Found key 'db.tableEngine' in PropertySource 'environmentProperties' with value of type String
15:18:16.037 [main] DEBUG org.springframework.beans.factory.support.DefaultListableBeanFactory - Autowiring by type from bean name 'applicationDataInitializer' via constructor to bean named 'lazyDataSource'
15:18:16.037 [main] DEBUG org.springframework.beans.factory.support.DefaultListableBeanFactory - Autowiring by type from bean name 'applicationDataInitializer' via constructor to bean named 'tableInitializer'
15:18:16.038 [main] DEBUG org.springframework.beans.factory.support.DefaultListableBeanFactory - Creating shared instance of singleton bean 'workflowBusiness'
15:18:16.039 [main] DEBUG org.springframework.beans.factory.support.DefaultListableBeanFactory - Creating shared instance of singleton bean 'getTestWorkflowDAO'
15:18:16.039 [main] DEBUG org.springframework.beans.factory.support.DefaultListableBeanFactory - Creating shared instance of singleton bean 'getTestProcessorDAO'
15:18:16.040 [main] DEBUG org.springframework.beans.factory.support.DefaultListableBeanFactory - Creating shared instance of singleton bean 'getTestOutputDAO'
15:18:16.040 [main] DEBUG org.springframework.beans.factory.support.DefaultListableBeanFactory - Creating shared instance of singleton bean 'getTestInputDAO'
15:18:16.040 [main] DEBUG org.springframework.beans.factory.support.DefaultListableBeanFactory - Creating shared instance of singleton bean 'getTestStatsDAO'
15:18:16.041 [main] DEBUG org.springframework.beans.factory.support.DefaultListableBeanFactory - Creating shared instance of singleton bean 'externalPlatformBusiness'
15:18:16.042 [main] DEBUG org.springframework.beans.factory.support.DefaultListableBeanFactory - Creating shared instance of singleton bean 'girderStorageBusiness'
15:18:16.042 [main] DEBUG org.springframework.beans.factory.support.DefaultListableBeanFactory - Creating shared instance of singleton bean 'apiKeyBusiness'
15:18:16.042 [main] DEBUG org.springframework.beans.factory.support.DefaultListableBeanFactory - Creating shared instance of singleton bean 'apiKeysData'
15:18:16.043 [main] DEBUG org.springframework.beans.factory.support.DefaultListableBeanFactory - Autowiring by type from bean name 'apiKeyBusiness' via constructor to bean named 'apiKeysData'
15:18:16.043 [main] DEBUG org.springframework.beans.factory.support.DefaultListableBeanFactory - Autowiring by type from bean name 'girderStorageBusiness' via constructor to bean named 'apiKeyBusiness'
15:18:16.043 [main] DEBUG org.springframework.beans.factory.support.DefaultListableBeanFactory - Autowiring by type from bean name 'girderStorageBusiness' via constructor to bean named 'testServer'
15:18:16.044 [main] DEBUG org.springframework.beans.factory.support.DefaultListableBeanFactory - Creating shared instance of singleton bean 'shanoirStorageBusiness'
15:18:16.044 [main] DEBUG org.springframework.beans.factory.support.DefaultListableBeanFactory - Creating shared instance of singleton bean 'externalPlatformData'
15:18:16.044 [main] DEBUG org.springframework.beans.factory.support.DefaultListableBeanFactory - Autowiring by type from bean name 'externalPlatformBusiness' via constructor to bean named 'girderStorageBusiness'
15:18:16.044 [main] DEBUG org.springframework.beans.factory.support.DefaultListableBeanFactory - Autowiring by type from bean name 'externalPlatformBusiness' via constructor to bean named 'shanoirStorageBusiness'
15:18:16.044 [main] DEBUG org.springframework.beans.factory.support.DefaultListableBeanFactory - Autowiring by type from bean name 'externalPlatformBusiness' via constructor to bean named 'externalPlatformData'
15:18:16.044 [main] DEBUG org.springframework.beans.factory.support.DefaultListableBeanFactory - Autowiring by type from bean name 'workflowBusiness' via constructor to bean named 'testServer'
15:18:16.044 [main] DEBUG org.springframework.beans.factory.support.DefaultListableBeanFactory - Autowiring by type from bean name 'workflowBusiness' via constructor to bean named 'simulationStatsData'
15:18:16.044 [main] DEBUG org.springframework.beans.factory.support.DefaultListableBeanFactory - Autowiring by type from bean name 'workflowBusiness' via constructor to bean named 'getTestWorkflowDAO'
15:18:16.044 [main] DEBUG org.springframework.beans.factory.support.DefaultListableBeanFactory - Autowiring by type from bean name 'workflowBusiness' via constructor to bean named 'getTestProcessorDAO'
15:18:16.044 [main] DEBUG org.springframework.beans.factory.support.DefaultListableBeanFactory - Autowiring by type from bean name 'workflowBusiness' via constructor to bean named 'getTestOutputDAO'
15:18:16.044 [main] DEBUG org.springframework.beans.factory.support.DefaultListableBeanFactory - Autowiring by type from bean name 'workflowBusiness' via constructor to bean named 'getTestInputDAO'
15:18:16.044 [main] DEBUG org.springframework.beans.factory.support.DefaultListableBeanFactory - Autowiring by type from bean name 'workflowBusiness' via constructor to bean named 'getTestStatsDAO'
15:18:16.044 [main] DEBUG org.springframework.beans.factory.support.DefaultListableBeanFactory - Autowiring by type from bean name 'workflowBusiness' via constructor to bean named 'engineData'
15:18:16.044 [main] DEBUG org.springframework.beans.factory.support.DefaultListableBeanFactory - Autowiring by type from bean name 'workflowBusiness' via constructor to bean named 'applicationData'
15:18:16.044 [main] DEBUG org.springframework.beans.factory.support.DefaultListableBeanFactory - Autowiring by type from bean name 'workflowBusiness' via constructor to bean named 'usersGroupsData'
15:18:16.044 [main] DEBUG org.springframework.beans.factory.support.DefaultListableBeanFactory - Autowiring by type from bean name 'workflowBusiness' via constructor to bean named 'engineBusiness'
15:18:16.044 [main] DEBUG org.springframework.beans.factory.support.DefaultListableBeanFactory - Autowiring by type from bean name 'workflowBusiness' via constructor to bean named 'dataManagerBusiness'
15:18:16.044 [main] DEBUG org.springframework.beans.factory.support.DefaultListableBeanFactory - Autowiring by type from bean name 'workflowBusiness' via constructor to bean named 'testEmailBusiness'
15:18:16.044 [main] DEBUG org.springframework.beans.factory.support.DefaultListableBeanFactory - Autowiring by type from bean name 'workflowBusiness' via constructor to bean named 'lfcPathsBusiness'
15:18:16.044 [main] DEBUG org.springframework.beans.factory.support.DefaultListableBeanFactory - Autowiring by type from bean name 'workflowBusiness' via constructor to bean named 'testGridaPoolClient'
15:18:16.044 [main] DEBUG org.springframework.beans.factory.support.DefaultListableBeanFactory - Autowiring by type from bean name 'workflowBusiness' via constructor to bean named 'testGridaClient'
15:18:16.044 [main] DEBUG org.springframework.beans.factory.support.DefaultListableBeanFactory - Autowiring by type from bean name 'workflowBusiness' via constructor to bean named 'externalPlatformBusiness'
15:18:16.047 [main] DEBUG org.springframework.beans.factory.support.DefaultListableBeanFactory - Creating shared instance of singleton bean 'statsBusiness'
15:18:16.048 [main] DEBUG org.springframework.beans.factory.support.DefaultListableBeanFactory - Autowiring by type from bean name 'statsBusiness' via constructor to bean named 'userData'
15:18:16.049 [main] DEBUG org.springframework.beans.factory.support.DefaultListableBeanFactory - Creating shared instance of singleton bean 'vipSessionBusiness'
15:18:16.049 [main] DEBUG org.springframework.beans.factory.support.DefaultListableBeanFactory - Autowiring by type from bean name 'vipSessionBusiness' via constructor to bean named 'testServer'
15:18:16.049 [main] DEBUG org.springframework.beans.factory.support.DefaultListableBeanFactory - Autowiring by type from bean name 'vipSessionBusiness' via constructor to bean named 'configurationBusiness'
15:18:16.049 [main] DEBUG org.springframework.beans.factory.support.DefaultListableBeanFactory - Creating shared instance of singleton bean 'dataSourceConfig'
15:18:16.050 [main] DEBUG org.springframework.beans.factory.support.DefaultListableBeanFactory - Creating shared instance of singleton bean 'coreDataInitializer'
15:18:16.050 [main] DEBUG org.springframework.beans.factory.support.DefaultListableBeanFactory - Autowiring by type from bean name 'coreDataInitializer' via constructor to bean named 'groupData'
15:18:16.050 [main] DEBUG org.springframework.beans.factory.support.DefaultListableBeanFactory - Autowiring by type from bean name 'coreDataInitializer' via constructor to bean named 'lazyDataSource'
15:18:16.050 [main] DEBUG org.springframework.beans.factory.support.DefaultListableBeanFactory - Autowiring by type from bean name 'coreDataInitializer' via constructor to bean named 'tableInitializer'
15:18:16.050 [main] DEBUG org.springframework.beans.factory.support.DefaultListableBeanFactory - Autowiring by type from bean name 'coreDataInitializer' via constructor to bean named 'testServer'
15:18:16.050 [main] DEBUG org.springframework.beans.factory.support.DefaultListableBeanFactory - Autowiring by type from bean name 'coreDataInitializer' via constructor to bean named 'userData'
15:18:16.050 [main] DEBUG org.springframework.beans.factory.support.DefaultListableBeanFactory - Autowiring by type from bean name 'coreDataInitializer' via constructor to bean named 'usersGroupsData'
15:18:16.050 [main] DEBUG org.springframework.beans.factory.support.DefaultListableBeanFactory - Autowiring by type from bean name 'coreDataInitializer' via constructor to bean named 'termsUseData'
15:18:16.051 [main] DEBUG org.springframework.beans.factory.support.DefaultListableBeanFactory - Creating shared instance of singleton bean 'emailBusiness'
15:18:16.051 [main] DEBUG org.springframework.beans.factory.support.DefaultListableBeanFactory - Creating shared instance of singleton bean 'smaClient'
15:18:16.051 [main] DEBUG org.springframework.beans.factory.support.DefaultListableBeanFactory - Autowiring by type from bean name 'smaClient' via factory method to bean named 'testServer'
15:18:16.052 [main] DEBUG org.springframework.beans.factory.support.DefaultListableBeanFactory - Autowiring by type from bean name 'emailBusiness' via constructor to bean named 'smaClient'
15:18:16.052 [main] DEBUG org.springframework.beans.factory.support.DefaultListableBeanFactory - Creating shared instance of singleton bean 'proxyClient'
15:18:16.052 [main] DEBUG org.springframework.beans.factory.support.DefaultListableBeanFactory - Autowiring by type from bean name 'proxyClient' via constructor to bean named 'testServer'
15:18:16.052 [main] DEBUG org.springframework.beans.factory.support.DefaultListableBeanFactory - Creating shared instance of singleton bean 'transferPoolBusiness'
15:18:16.053 [main] DEBUG org.springframework.beans.factory.support.DefaultListableBeanFactory - Creating shared instance of singleton bean 'LFCBusiness'
15:18:16.053 [main] DEBUG org.springframework.beans.factory.support.DefaultListableBeanFactory - Autowiring by type from bean name 'LFCBusiness' via constructor to bean named 'testGridaClient'
15:18:16.053 [main] DEBUG org.springframework.beans.factory.support.DefaultListableBeanFactory - Autowiring by type from bean name 'LFCBusiness' via constructor to bean named 'lfcPathsBusiness'
15:18:16.054 [main] DEBUG org.springframework.beans.factory.support.DefaultListableBeanFactory - Autowiring by type from bean name 'transferPoolBusiness' via constructor to bean named 'testServer'
15:18:16.054 [main] DEBUG org.springframework.beans.factory.support.DefaultListableBeanFactory - Autowiring by type from bean name 'transferPoolBusiness' via constructor to bean named 'LFCBusiness'
15:18:16.054 [main] DEBUG org.springframework.beans.factory.support.DefaultListableBeanFactory - Autowiring by type from bean name 'transferPoolBusiness' via constructor to bean named 'testGridaPoolClient'
15:18:16.054 [main] DEBUG org.springframework.beans.factory.support.DefaultListableBeanFactory - Autowiring by type from bean name 'transferPoolBusiness' via constructor to bean named 'lfcPathsBusiness'
15:18:16.054 [main] DEBUG org.springframework.beans.factory.support.DefaultListableBeanFactory - Creating shared instance of singleton bean 'LFCPermissionBusiness'
15:18:16.055 [main] DEBUG org.springframework.beans.factory.support.DefaultListableBeanFactory - Autowiring by type from bean name 'LFCPermissionBusiness' via constructor to bean named 'dataManagerBusiness'
15:18:16.055 [main] DEBUG org.springframework.beans.factory.support.DefaultListableBeanFactory - Autowiring by type from bean name 'LFCPermissionBusiness' via constructor to bean named 'lfcPathsBusiness'
15:18:16.055 [main] DEBUG org.springframework.beans.factory.support.DefaultListableBeanFactory - Creating shared instance of singleton bean 'dataManagerDataInitializer'
15:18:16.056 [main] DEBUG org.springframework.beans.factory.support.DefaultListableBeanFactory - Autowiring by type from bean name 'dataManagerDataInitializer' via constructor to bean named 'lazyDataSource'
15:18:16.056 [main] DEBUG org.springframework.beans.factory.support.DefaultListableBeanFactory - Autowiring by type from bean name 'dataManagerDataInitializer' via constructor to bean named 'tableInitializer'
15:18:16.056 [main] DEBUG org.springframework.beans.factory.support.DefaultListableBeanFactory - Creating shared instance of singleton bean 'messageBusiness'
15:18:16.057 [main] DEBUG org.springframework.beans.factory.support.DefaultListableBeanFactory - Creating shared instance of singleton bean 'messageData'
15:18:16.057 [main] DEBUG org.springframework.beans.factory.support.DefaultListableBeanFactory - Autowiring by type from bean name 'messageData' via constructor to bean named 'userData'
15:18:16.057 [main] DEBUG org.springframework.beans.factory.support.DefaultListableBeanFactory - Autowiring by type from bean name 'messageData' via constructor to bean named 'lazyDataSource'
15:18:16.058 [main] DEBUG org.springframework.beans.factory.support.DefaultListableBeanFactory - Creating shared instance of singleton bean 'groupMessageData'
15:18:16.058 [main] DEBUG org.springframework.beans.factory.support.DefaultListableBeanFactory - Autowiring by type from bean name 'groupMessageData' via constructor to bean named 'userData'
15:18:16.058 [main] DEBUG org.springframework.beans.factory.support.DefaultListableBeanFactory - Autowiring by type from bean name 'groupMessageData' via constructor to bean named 'groupData'
15:18:16.058 [main] DEBUG org.springframework.beans.factory.support.DefaultListableBeanFactory - Autowiring by type from bean name 'groupMessageData' via constructor to bean named 'messageData'
15:18:16.058 [main] DEBUG org.springframework.beans.factory.support.DefaultListableBeanFactory - Autowiring by type from bean name 'groupMessageData' via constructor to bean named 'lazyDataSource'
15:18:16.058 [main] DEBUG org.springframework.beans.factory.support.DefaultListableBeanFactory - Autowiring by type from bean name 'messageBusiness' via constructor to bean named 'messageData'
15:18:16.058 [main] DEBUG org.springframework.beans.factory.support.DefaultListableBeanFactory - Autowiring by type from bean name 'messageBusiness' via constructor to bean named 'groupMessageData'
15:18:16.058 [main] DEBUG org.springframework.beans.factory.support.DefaultListableBeanFactory - Autowiring by type from bean name 'messageBusiness' via constructor to bean named 'usersGroupsData'
15:18:16.059 [main] DEBUG org.springframework.beans.factory.support.DefaultListableBeanFactory - Autowiring by type from bean name 'messageBusiness' via constructor to bean named 'configurationBusiness'
15:18:16.059 [main] DEBUG org.springframework.beans.factory.support.DefaultListableBeanFactory - Autowiring by type from bean name 'messageBusiness' via constructor to bean named 'testEmailBusiness'
15:18:16.059 [main] DEBUG org.springframework.beans.factory.support.DefaultListableBeanFactory - Creating shared instance of singleton bean 'messagingDataInitializer'
15:18:16.059 [main] DEBUG org.springframework.beans.factory.support.DefaultListableBeanFactory - Autowiring by type from bean name 'messagingDataInitializer' via constructor to bean named 'lazyDataSource'
15:18:16.059 [main] DEBUG org.springframework.beans.factory.support.DefaultListableBeanFactory - Autowiring by type from bean name 'messagingDataInitializer' via constructor to bean named 'tableInitializer'
15:18:16.059 [main] DEBUG org.springframework.beans.factory.support.DefaultListableBeanFactory - Creating shared instance of singleton bean 'workflowsDBDAOFactory'
15:18:16.060 [main] DEBUG org.springframework.beans.factory.support.DefaultListableBeanFactory - Creating shared instance of singleton bean 'vipConfigFolder'
15:18:16.060 [main] DEBUG org.springframework.beans.factory.support.DefaultListableBeanFactory - Autowiring by type from bean name 'vipConfigFolder' via factory method to bean named 'org.springframework.context.support.GenericApplicationContext@3408e444'
15:18:16.060 [main] DEBUG org.springframework.core.env.PropertySourcesPropertyResolver - Found key 'vipConfigFolder' in PropertySource 'Inlined Test Properties' with value of type String
15:18:16.060 [main] INFO fr.insalyon.creatis.vip.core.server.SpringCoreConfig - found vipConfigFolder property : classpath:
15:18:16.061 [main] DEBUG org.springframework.beans.factory.support.DefaultListableBeanFactory - Creating shared instance of singleton bean 'transactionManager'
15:18:16.061 [main] DEBUG org.springframework.beans.factory.support.DefaultListableBeanFactory - Autowiring by type from bean name 'transactionManager' via factory method to bean named 'lazyDataSource'
15:18:16.061 [main] DEBUG org.springframework.beans.factory.support.DefaultListableBeanFactory - Creating shared instance of singleton bean 'gridaClient'
15:18:16.061 [main] DEBUG org.springframework.beans.factory.support.DefaultListableBeanFactory - Autowiring by type from bean name 'gridaClient' via factory method to bean named 'testServer'
15:18:16.062 [main] DEBUG org.springframework.beans.factory.support.DefaultListableBeanFactory - Creating shared instance of singleton bean 'gridaPoolClient'
15:18:16.062 [main] DEBUG org.springframework.beans.factory.support.DefaultListableBeanFactory - Autowiring by type from bean name 'gridaPoolClient' via factory method to bean named 'testServer'
15:18:16.063 [main] DEBUG org.springframework.context.event.EventListenerMethodProcessor - 1 @EventListener methods processed on bean 'applicationDataInitializer': {public void fr.insalyon.creatis.vip.application.server.dao.mysql.ApplicationDataInitializer.onStartup()=@org.springframework.context.event.EventListener(classes=[org.springframework.context.event.ContextRefreshedEvent], condition=, id=, value=[org.springframework.context.event.ContextRefreshedEvent])}
15:18:16.064 [main] DEBUG org.springframework.context.event.EventListenerMethodProcessor - 1 @EventListener methods processed on bean 'coreDataInitializer': {public void fr.insalyon.creatis.vip.core.server.dao.mysql.CoreDataInitializer.onStartup()=@org.springframework.context.event.EventListener(classes=[org.springframework.context.event.ContextRefreshedEvent], condition=, id=, value=[org.springframework.context.event.ContextRefreshedEvent])}
15:18:16.064 [main] DEBUG org.springframework.context.event.EventListenerMethodProcessor - 1 @EventListener methods processed on bean 'dataManagerDataInitializer': {public void fr.insalyon.creatis.vip.datamanager.server.dao.mysql.DataManagerDataInitializer.onStartup()=@org.springframework.context.event.EventListener(classes=[org.springframework.context.event.ContextRefreshedEvent], condition=, id=, value=[org.springframework.context.event.ContextRefreshedEvent])}
15:18:16.065 [main] DEBUG org.springframework.context.event.EventListenerMethodProcessor - 1 @EventListener methods processed on bean 'messagingDataInitializer': {public void fr.insalyon.creatis.vip.social.server.dao.mysql.MessagingDataInitializer.onStartup()=@org.springframework.context.event.EventListener(classes=[org.springframework.context.event.ContextRefreshedEvent], condition=, id=, value=[org.springframework.context.event.ContextRefreshedEvent])}
15:18:16.066 [main] DEBUG org.springframework.jdbc.datasource.DataSourceTransactionManager - Creating new transaction with name [fr.insalyon.creatis.vip.core.server.dao.mysql.CoreDataInitializer.onStartup]: PROPAGATION_REQUIRED,ISOLATION_DEFAULT
15:18:16.066 [main] DEBUG org.springframework.jdbc.datasource.DataSourceTransactionManager - Acquired Connection [Lazy Connection proxy for target DataSource [org.springframework.jdbc.datasource.embedded.EmbeddedDatabaseFactory$EmbeddedDataSourceProxy@79b4a82f]] for JDBC transaction
15:18:16.066 [main] DEBUG org.springframework.jdbc.datasource.DataSourceTransactionManager - Switching JDBC Connection [Lazy Connection proxy for target DataSource [org.springframework.jdbc.datasource.embedded.EmbeddedDatabaseFactory$EmbeddedDataSourceProxy@79b4a82f]] to manual commit
15:18:16.067 [main] INFO fr.insalyon.creatis.vip.core.server.dao.mysql.CoreDataInitializer - Configuring VIP core database.
15:18:16.067 [main] DEBUG org.springframework.jdbc.datasource.DataSourceTransactionManager - Participating in existing transaction
15:18:16.067 [main] DEBUG org.springframework.jdbc.datasource.SimpleDriverDataSource - Creating new JDBC Driver Connection to [jdbc:h2:mem:4409fdd2-56d6-4d96-8dca-fad6e464e7fd;DB_CLOSE_DELAY=-1;DB_CLOSE_ON_EXIT=false]
15:18:16.068 [main] INFO fr.insalyon.creatis.vip.core.server.dao.mysql.TableInitializer - Table VIPUsers successfully created.
15:18:16.069 [main] DEBUG org.springframework.jdbc.datasource.DataSourceTransactionManager - Participating in existing transaction
15:18:16.069 [main] DEBUG org.springframework.jdbc.datasource.DataSourceTransactionManager - Participating in existing transaction
15:18:16.069 [main] INFO fr.insalyon.creatis.vip.core.server.dao.mysql.TableInitializer - Table VIPGroups successfully created.
15:18:16.069 [main] DEBUG org.springframework.jdbc.datasource.DataSourceTransactionManager - Participating in existing transaction
15:18:16.069 [main] DEBUG org.springframework.jdbc.datasource.DataSourceTransactionManager - Participating in existing transaction
15:18:16.070 [main] INFO fr.insalyon.creatis.vip.core.server.dao.mysql.TableInitializer - Table VIPUsersGroups successfully created.
15:18:16.071 [main] DEBUG org.springframework.jdbc.datasource.DataSourceTransactionManager - Participating in existing transaction
15:18:16.071 [main] DEBUG org.springframework.jdbc.datasource.DataSourceTransactionManager - Participating in existing transaction
15:18:16.071 [main] INFO fr.insalyon.creatis.vip.core.server.dao.mysql.TableInitializer - Table VIPTermsOfuse successfully created.
15:18:16.071 [main] DEBUG org.springframework.jdbc.datasource.DataSourceTransactionManager - Participating in existing transaction
15:18:16.072 [main] DEBUG org.springframework.jdbc.datasource.DataSourceTransactionManager - Initiating transaction commit
15:18:16.072 [main] DEBUG org.springframework.jdbc.datasource.DataSourceTransactionManager - Committing JDBC transaction on Connection [conn105: url=jdbc:h2:mem:4409fdd2-56d6-4d96-8dca-fad6e464e7fd user=SA]
15:18:16.072 [main] DEBUG org.springframework.jdbc.datasource.DataSourceTransactionManager - Releasing JDBC Connection [conn105: url=jdbc:h2:mem:4409fdd2-56d6-4d96-8dca-fad6e464e7fd user=SA] after transaction
15:18:16.072 [main] DEBUG org.springframework.jdbc.datasource.DataSourceTransactionManager - Creating new transaction with name [fr.insalyon.creatis.vip.application.server.dao.mysql.ApplicationDataInitializer.onStartup]: PROPAGATION_REQUIRED,ISOLATION_DEFAULT
15:18:16.072 [main] DEBUG org.springframework.jdbc.datasource.DataSourceTransactionManager - Acquired Connection [Lazy Connection proxy for target DataSource [org.springframework.jdbc.datasource.embedded.EmbeddedDatabaseFactory$EmbeddedDataSourceProxy@79b4a82f]] for JDBC transaction
15:18:16.073 [main] DEBUG org.springframework.jdbc.datasource.DataSourceTransactionManager - Switching JDBC Connection [Lazy Connection proxy for target DataSource [org.springframework.jdbc.datasource.embedded.EmbeddedDatabaseFactory$EmbeddedDataSourceProxy@79b4a82f]] to manual commit
15:18:16.073 [main] INFO fr.insalyon.creatis.vip.application.server.dao.mysql.ApplicationDataInitializer - Configuring VIP Application database.
15:18:16.073 [main] DEBUG org.springframework.jdbc.datasource.DataSourceTransactionManager - Participating in existing transaction
15:18:16.073 [main] DEBUG org.springframework.jdbc.datasource.SimpleDriverDataSource - Creating new JDBC Driver Connection to [jdbc:h2:mem:4409fdd2-56d6-4d96-8dca-fad6e464e7fd;DB_CLOSE_DELAY=-1;DB_CLOSE_ON_EXIT=false]
15:18:16.073 [main] INFO fr.insalyon.creatis.vip.core.server.dao.mysql.TableInitializer - Table VIPEngines successfully created.
15:18:16.073 [main] DEBUG org.springframework.jdbc.datasource.DataSourceTransactionManager - Participating in existing transaction
15:18:16.073 [main] INFO fr.insalyon.creatis.vip.core.server.dao.mysql.TableInitializer - Table VIPClasses successfully created.
15:18:16.073 [main] DEBUG org.springframework.jdbc.datasource.DataSourceTransactionManager - Participating in existing transaction
15:18:16.074 [main] INFO fr.insalyon.creatis.vip.core.server.dao.mysql.TableInitializer - Table VIPClassesEngines successfully created.
15:18:16.074 [main] DEBUG org.springframework.jdbc.datasource.DataSourceTransactionManager - Participating in existing transaction
15:18:16.075 [main] INFO fr.insalyon.creatis.vip.core.server.dao.mysql.TableInitializer - Table VIPGroupsClasses successfully created.
15:18:16.075 [main] DEBUG org.springframework.jdbc.datasource.DataSourceTransactionManager - Participating in existing transaction
15:18:16.076 [main] INFO fr.insalyon.creatis.vip.core.server.dao.mysql.TableInitializer - Table VIPApplications successfully created.
15:18:16.076 [main] DEBUG org.springframework.jdbc.datasource.DataSourceTransactionManager - Participating in existing transaction
15:18:16.076 [main] INFO fr.insalyon.creatis.vip.core.server.dao.mysql.TableInitializer - Table VIPAppVersions successfully created.
15:18:16.076 [main] DEBUG org.springframework.jdbc.datasource.DataSourceTransactionManager - Participating in existing transaction
15:18:16.077 [main] INFO fr.insalyon.creatis.vip.core.server.dao.mysql.TableInitializer - Table VIPApplicationClasses successfully created.
15:18:16.077 [main] DEBUG org.springframework.jdbc.datasource.DataSourceTransactionManager - Participating in existing transaction
15:18:16.077 [main] INFO fr.insalyon.creatis.vip.core.server.dao.mysql.TableInitializer - Table VIPAppInputs successfully created.
15:18:16.077 [main] DEBUG org.springframework.jdbc.datasource.DataSourceTransactionManager - Participating in existing transaction
15:18:16.077 [main] INFO fr.insalyon.creatis.vip.core.server.dao.mysql.TableInitializer - Table VIPAppExamples successfully created.
15:18:16.077 [main] DEBUG org.springframework.jdbc.datasource.DataSourceTransactionManager - Initiating transaction commit
15:18:16.077 [main] DEBUG org.springframework.jdbc.datasource.DataSourceTransactionManager - Committing JDBC transaction on Connection [conn106: url=jdbc:h2:mem:4409fdd2-56d6-4d96-8dca-fad6e464e7fd user=SA]
15:18:16.077 [main] DEBUG org.springframework.jdbc.datasource.DataSourceTransactionManager - Releasing JDBC Connection [conn106: url=jdbc:h2:mem:4409fdd2-56d6-4d96-8dca-fad6e464e7fd user=SA] after transaction
15:18:16.078 [main] DEBUG org.springframework.jdbc.datasource.DataSourceTransactionManager - Creating new transaction with name [fr.insalyon.creatis.vip.datamanager.server.dao.mysql.DataManagerDataInitializer.onStartup]: PROPAGATION_REQUIRED,ISOLATION_DEFAULT
15:18:16.078 [main] DEBUG org.springframework.jdbc.datasource.DataSourceTransactionManager - Acquired Connection [Lazy Connection proxy for target DataSource [org.springframework.jdbc.datasource.embedded.EmbeddedDatabaseFactory$EmbeddedDataSourceProxy@79b4a82f]] for JDBC transaction
15:18:16.078 [main] DEBUG org.springframework.jdbc.datasource.DataSourceTransactionManager - Switching JDBC Connection [Lazy Connection proxy for target DataSource [org.springframework.jdbc.datasource.embedded.EmbeddedDatabaseFactory$EmbeddedDataSourceProxy@79b4a82f]] to manual commit
15:18:16.078 [main] INFO fr.insalyon.creatis.vip.datamanager.server.dao.mysql.DataManagerDataInitializer - Configuring VIP SSH database.
15:18:16.078 [main] DEBUG org.springframework.jdbc.datasource.DataSourceTransactionManager - Participating in existing transaction
15:18:16.079 [main] DEBUG org.springframework.jdbc.datasource.SimpleDriverDataSource - Creating new JDBC Driver Connection to [jdbc:h2:mem:4409fdd2-56d6-4d96-8dca-fad6e464e7fd;DB_CLOSE_DELAY=-1;DB_CLOSE_ON_EXIT=false]
15:18:16.080 [main] INFO fr.insalyon.creatis.vip.core.server.dao.mysql.TableInitializer - Table VIPSSHAccounts successfully created.
15:18:16.080 [main] INFO fr.insalyon.creatis.vip.datamanager.server.dao.mysql.DataManagerDataInitializer - Configuring VIP External Platforms database.
15:18:16.080 [main] DEBUG org.springframework.jdbc.datasource.DataSourceTransactionManager - Participating in existing transaction
15:18:16.080 [main] INFO fr.insalyon.creatis.vip.core.server.dao.mysql.TableInitializer - Table VIPExternalPlatforms successfully created.
15:18:16.080 [main] INFO fr.insalyon.creatis.vip.datamanager.server.dao.mysql.DataManagerDataInitializer - Configuring VIP api keys database.
15:18:16.080 [main] DEBUG org.springframework.jdbc.datasource.DataSourceTransactionManager - Participating in existing transaction
15:18:16.081 [main] INFO fr.insalyon.creatis.vip.core.server.dao.mysql.TableInitializer - Table VIPApiKeys successfully created.
15:18:16.081 [main] DEBUG org.springframework.jdbc.datasource.DataSourceTransactionManager - Initiating transaction commit
15:18:16.081 [main] DEBUG org.springframework.jdbc.datasource.DataSourceTransactionManager - Committing JDBC transaction on Connection [conn107: url=jdbc:h2:mem:4409fdd2-56d6-4d96-8dca-fad6e464e7fd user=SA]
15:18:16.081 [main] DEBUG org.springframework.jdbc.datasource.DataSourceTransactionManager - Releasing JDBC Connection [conn107: url=jdbc:h2:mem:4409fdd2-56d6-4d96-8dca-fad6e464e7fd user=SA] after transaction
15:18:16.081 [main] DEBUG org.springframework.jdbc.datasource.DataSourceTransactionManager - Creating new transaction with name [fr.insalyon.creatis.vip.social.server.dao.mysql.MessagingDataInitializer.onStartup]: PROPAGATION_REQUIRED,ISOLATION_DEFAULT
15:18:16.081 [main] DEBUG org.springframework.jdbc.datasource.DataSourceTransactionManager - Acquired Connection [Lazy Connection proxy for target DataSource [org.springframework.jdbc.datasource.embedded.EmbeddedDatabaseFactory$EmbeddedDataSourceProxy@79b4a82f]] for JDBC transaction
15:18:16.082 [main] DEBUG org.springframework.jdbc.datasource.DataSourceTransactionManager - Switching JDBC Connection [Lazy Connection proxy for target DataSource [org.springframework.jdbc.datasource.embedded.EmbeddedDatabaseFactory$EmbeddedDataSourceProxy@79b4a82f]] to manual commit
15:18:16.082 [main] INFO fr.insalyon.creatis.vip.social.server.dao.mysql.MessagingDataInitializer - Configuring VIP Social database.
15:18:16.082 [main] DEBUG org.springframework.jdbc.datasource.DataSourceTransactionManager - Participating in existing transaction
15:18:16.082 [main] DEBUG org.springframework.jdbc.datasource.SimpleDriverDataSource - Creating new JDBC Driver Connection to [jdbc:h2:mem:4409fdd2-56d6-4d96-8dca-fad6e464e7fd;DB_CLOSE_DELAY=-1;DB_CLOSE_ON_EXIT=false]
15:18:16.083 [main] INFO fr.insalyon.creatis.vip.core.server.dao.mysql.TableInitializer - Table VIPSocialMessage successfully created.
15:18:16.083 [main] DEBUG org.springframework.jdbc.datasource.DataSourceTransactionManager - Participating in existing transaction
15:18:16.084 [main] INFO fr.insalyon.creatis.vip.core.server.dao.mysql.TableInitializer - Table VIPSocialMessageSenderReceiver successfully created.
15:18:16.084 [main] DEBUG org.springframework.jdbc.datasource.DataSourceTransactionManager - Participating in existing transaction
15:18:16.085 [main] INFO fr.insalyon.creatis.vip.core.server.dao.mysql.TableInitializer - Table VIPSocialGroupMessage successfully created.
15:18:16.085 [main] DEBUG org.springframework.jdbc.datasource.DataSourceTransactionManager - Initiating transaction commit
15:18:16.085 [main] DEBUG org.springframework.jdbc.datasource.DataSourceTransactionManager - Committing JDBC transaction on Connection [conn108: url=jdbc:h2:mem:4409fdd2-56d6-4d96-8dca-fad6e464e7fd user=SA]
15:18:16.085 [main] DEBUG org.springframework.jdbc.datasource.DataSourceTransactionManager - Releasing JDBC Connection [conn108: url=jdbc:h2:mem:4409fdd2-56d6-4d96-8dca-fad6e464e7fd user=SA] after transaction
15:18:16.085 [main] DEBUG org.springframework.test.context.cache.DefaultCacheAwareContextLoaderDelegate - Storing ApplicationContext [872997956] in cache under key [[MergedContextConfiguration@39e7d6fc testClass = ClassIT, locations = '{}', classes = '{class fr.insalyon.creatis.vip.core.server.SpringCoreConfig}', contextInitializerClasses = '[]', activeProfiles = '{test-db, test}', propertySourceLocations = '{}', propertySourceProperties = '{db.tableEngine=, vipConfigFolder=classpath:}', contextCustomizers = set[[empty]], contextLoader = 'org.springframework.test.context.support.DelegatingSmartContextLoader', parent = [null]]]
15:18:16.086 [main] DEBUG org.springframework.test.context.cache - Spring test ApplicationContext cache statistics: [DefaultContextCache@2fba07dc size = 1, maxSize = 32, parentContextCount = 0, hitCount = 171, missCount = 11]
15:18:16.088 [main] DEBUG org.springframework.test.context.cache.DefaultCacheAwareContextLoaderDelegate - Retrieved ApplicationContext [872997956] from cache with key [[MergedContextConfiguration@39e7d6fc testClass = ClassIT, locations = '{}', classes = '{class fr.insalyon.creatis.vip.core.server.SpringCoreConfig}', contextInitializerClasses = '[]', activeProfiles = '{test-db, test}', propertySourceLocations = '{}', propertySourceProperties = '{db.tableEngine=, vipConfigFolder=classpath:}', contextCustomizers = set[[empty]], contextLoader = 'org.springframework.test.context.support.DelegatingSmartContextLoader', parent = [null]]]
15:18:16.088 [main] DEBUG org.springframework.test.context.cache - Spring test ApplicationContext cache statistics: [DefaultContextCache@2fba07dc size = 1, maxSize = 32, parentContextCount = 0, hitCount = 172, missCount = 11]
15:18:16.089 [main] DEBUG org.springframework.test.context.support.AbstractDirtiesContextTestExecutionListener - Before test method: context [DefaultTestContext@23803141 testClass = ClassIT, testInstance = fr.insalyon.creatis.vip.application.integrationtest.ClassIT@58c77d6c, testMethod = testGetClass@ClassIT, testException = [null], mergedContextConfiguration = [MergedContextConfiguration@39e7d6fc testClass = ClassIT, locations = '{}', classes = '{class fr.insalyon.creatis.vip.core.server.SpringCoreConfig}', contextInitializerClasses = '[]', activeProfiles = '{test-db, test}', propertySourceLocations = '{}', propertySourceProperties = '{db.tableEngine=, vipConfigFolder=classpath:}', contextCustomizers = set[[empty]], contextLoader = 'org.springframework.test.context.support.DelegatingSmartContextLoader', parent = [null]], attributes = map['org.springframework.test.context.event.ApplicationEventsTestExecutionListener.recordApplicationEvents' -> false]], class annotated with @DirtiesContext [true] with mode [AFTER_EACH_TEST_METHOD], method annotated with @DirtiesContext [false] with mode [null].
15:18:16.089 [main] DEBUG org.springframework.test.context.transaction.TransactionalTestExecutionListener - Explicit transaction definition [PROPAGATION_REQUIRED,ISOLATION_DEFAULT] found for test context [DefaultTestContext@23803141 testClass = ClassIT, testInstance = fr.insalyon.creatis.vip.application.integrationtest.ClassIT@58c77d6c, testMethod = testGetClass@ClassIT, testException = [null], mergedContextConfiguration = [MergedContextConfiguration@39e7d6fc testClass = ClassIT, locations = '{}', classes = '{class fr.insalyon.creatis.vip.core.server.SpringCoreConfig}', contextInitializerClasses = '[]', activeProfiles = '{test-db, test}', propertySourceLocations = '{}', propertySourceProperties = '{db.tableEngine=, vipConfigFolder=classpath:}', contextCustomizers = set[[empty]], contextLoader = 'org.springframework.test.context.support.DelegatingSmartContextLoader', parent = [null]], attributes = map['org.springframework.test.context.event.ApplicationEventsTestExecutionListener.recordApplicationEvents' -> false]]
15:18:16.090 [main] DEBUG org.springframework.test.context.cache.DefaultCacheAwareContextLoaderDelegate - Retrieved ApplicationContext [872997956] from cache with key [[MergedContextConfiguration@39e7d6fc testClass = ClassIT, locations = '{}', classes = '{class fr.insalyon.creatis.vip.core.server.SpringCoreConfig}', contextInitializerClasses = '[]', activeProfiles = '{test-db, test}', propertySourceLocations = '{}', propertySourceProperties = '{db.tableEngine=, vipConfigFolder=classpath:}', contextCustomizers = set[[empty]], contextLoader = 'org.springframework.test.context.support.DelegatingSmartContextLoader', parent = [null]]]
15:18:16.090 [main] DEBUG org.springframework.test.context.cache - Spring test ApplicationContext cache statistics: [DefaultContextCache@2fba07dc size = 1, maxSize = 32, parentContextCount = 0, hitCount = 173, missCount = 11]
15:18:16.090 [main] DEBUG org.springframework.test.context.transaction.TransactionalTestExecutionListener - No method-level @Rollback override: using default rollback [true] for test context [DefaultTestContext@23803141 testClass = ClassIT, testInstance = fr.insalyon.creatis.vip.application.integrationtest.ClassIT@58c77d6c, testMethod = testGetClass@ClassIT, testException = [null], mergedContextConfiguration = [MergedContextConfiguration@39e7d6fc testClass = ClassIT, locations = '{}', classes = '{class fr.insalyon.creatis.vip.core.server.SpringCoreConfig}', contextInitializerClasses = '[]', activeProfiles = '{test-db, test}', propertySourceLocations = '{}', propertySourceProperties = '{db.tableEngine=, vipConfigFolder=classpath:}', contextCustomizers = set[[empty]], contextLoader = 'org.springframework.test.context.support.DelegatingSmartContextLoader', parent = [null]], attributes = map['org.springframework.test.context.event.ApplicationEventsTestExecutionListener.recordApplicationEvents' -> false]].
15:18:16.090 [main] DEBUG org.springframework.jdbc.datasource.DataSourceTransactionManager - Creating new transaction with name [fr.insalyon.creatis.vip.application.integrationtest.ClassIT.testGetClass]: PROPAGATION_REQUIRED,ISOLATION_DEFAULT
15:18:16.090 [main] DEBUG org.springframework.jdbc.datasource.DataSourceTransactionManager - Acquired Connection [Lazy Connection proxy for target DataSource [org.springframework.jdbc.datasource.embedded.EmbeddedDatabaseFactory$EmbeddedDataSourceProxy@79b4a82f]] for JDBC transaction
15:18:16.091 [main] DEBUG org.springframework.jdbc.datasource.DataSourceTransactionManager - Switching JDBC Connection [Lazy Connection proxy for target DataSource [org.springframework.jdbc.datasource.embedded.EmbeddedDatabaseFactory$EmbeddedDataSourceProxy@79b4a82f]] to manual commit
15:18:16.091 [main] INFO org.springframework.test.context.transaction.TransactionContext - Began transaction (1) for test context [DefaultTestContext@23803141 testClass = ClassIT, testInstance = fr.insalyon.creatis.vip.application.integrationtest.ClassIT@58c77d6c, testMethod = testGetClass@ClassIT, testException = [null], mergedContextConfiguration = [MergedContextConfiguration@39e7d6fc testClass = ClassIT, locations = '{}', classes = '{class fr.insalyon.creatis.vip.core.server.SpringCoreConfig}', contextInitializerClasses = '[]', activeProfiles = '{test-db, test}', propertySourceLocations = '{}', propertySourceProperties = '{db.tableEngine=, vipConfigFolder=classpath:}', contextCustomizers = set[[empty]], contextLoader = 'org.springframework.test.context.support.DelegatingSmartContextLoader', parent = [null]], attributes = map['org.springframework.test.context.event.ApplicationEventsTestExecutionListener.recordApplicationEvents' -> false]]; transaction manager [org.springframework.jdbc.datasource.DataSourceTransactionManager@3d3a1970]; rollback [true]
15:18:16.091 [main] DEBUG org.springframework.test.context.cache.DefaultCacheAwareContextLoaderDelegate - Retrieved ApplicationContext [872997956] from cache with key [[MergedContextConfiguration@39e7d6fc testClass = ClassIT, locations = '{}', classes = '{class fr.insalyon.creatis.vip.core.server.SpringCoreConfig}', contextInitializerClasses = '[]', activeProfiles = '{test-db, test}', propertySourceLocations = '{}', propertySourceProperties = '{db.tableEngine=, vipConfigFolder=classpath:}', contextCustomizers = set[[empty]], contextLoader = 'org.springframework.test.context.support.DelegatingSmartContextLoader', parent = [null]]]
15:18:16.091 [main] DEBUG org.springframework.test.context.cache - Spring test ApplicationContext cache statistics: [DefaultContextCache@2fba07dc size = 1, maxSize = 32, parentContextCount = 0, hitCount = 174, missCount = 11]
15:18:16.093 [main] DEBUG org.springframework.jdbc.datasource.DataSourceTransactionManager - Participating in existing transaction
15:18:16.093 [main] DEBUG org.springframework.jdbc.datasource.DataSourceTransactionManager - Participating in existing transaction
15:18:16.093 [main] DEBUG org.springframework.jdbc.datasource.SimpleDriverDataSource - Creating new JDBC Driver Connection to [jdbc:h2:mem:4409fdd2-56d6-4d96-8dca-fad6e464e7fd;DB_CLOSE_DELAY=-1;DB_CLOSE_ON_EXIT=false]
15:18:16.094 [main] DEBUG org.springframework.jdbc.datasource.DataSourceTransactionManager - Participating in existing transaction
15:18:16.094 [main] DEBUG org.springframework.jdbc.datasource.DataSourceTransactionManager - Participating in existing transaction
15:18:16.094 [main] DEBUG org.springframework.jdbc.datasource.DataSourceTransactionManager - Participating in existing transaction
15:18:16.094 [main] DEBUG org.springframework.jdbc.datasource.DataSourceTransactionManager - Participating in existing transaction
15:18:16.095 [main] DEBUG org.springframework.test.context.cache.DefaultCacheAwareContextLoaderDelegate - Retrieved ApplicationContext [872997956] from cache with key [[MergedContextConfiguration@39e7d6fc testClass = ClassIT, locations = '{}', classes = '{class fr.insalyon.creatis.vip.core.server.SpringCoreConfig}', contextInitializerClasses = '[]', activeProfiles = '{test-db, test}', propertySourceLocations = '{}', propertySourceProperties = '{db.tableEngine=, vipConfigFolder=classpath:}', contextCustomizers = set[[empty]], contextLoader = 'org.springframework.test.context.support.DelegatingSmartContextLoader', parent = [null]]]
15:18:16.095 [main] DEBUG org.springframework.test.context.cache - Spring test ApplicationContext cache statistics: [DefaultContextCache@2fba07dc size = 1, maxSize = 32, parentContextCount = 0, hitCount = 175, missCount = 11]
15:18:16.095 [main] DEBUG org.springframework.jdbc.datasource.DataSourceTransactionManager - Participating in existing transaction
15:18:16.095 [main] DEBUG org.springframework.jdbc.datasource.DataSourceTransactionManager - Participating in existing transaction
15:18:16.096 [main] DEBUG org.springframework.test.context.cache.DefaultCacheAwareContextLoaderDelegate - Retrieved ApplicationContext [872997956] from cache with key [[MergedContextConfiguration@39e7d6fc testClass = ClassIT, locations = '{}', classes = '{class fr.insalyon.creatis.vip.core.server.SpringCoreConfig}', contextInitializerClasses = '[]', activeProfiles = '{test-db, test}', propertySourceLocations = '{}', propertySourceProperties = '{db.tableEngine=, vipConfigFolder=classpath:}', contextCustomizers = set[[empty]], contextLoader = 'org.springframework.test.context.support.DelegatingSmartContextLoader', parent = [null]]]
15:18:16.096 [main] DEBUG org.springframework.test.context.cache - Spring test ApplicationContext cache statistics: [DefaultContextCache@2fba07dc size = 1, maxSize = 32, parentContextCount = 0, hitCount = 176, missCount = 11]
15:18:16.096 [main] DEBUG org.springframework.test.context.cache.DefaultCacheAwareContextLoaderDelegate - Retrieved ApplicationContext [872997956] from cache with key [[MergedContextConfiguration@39e7d6fc testClass = ClassIT, locations = '{}', classes = '{class fr.insalyon.creatis.vip.core.server.SpringCoreConfig}', contextInitializerClasses = '[]', activeProfiles = '{test-db, test}', propertySourceLocations = '{}', propertySourceProperties = '{db.tableEngine=, vipConfigFolder=classpath:}', contextCustomizers = set[[empty]], contextLoader = 'org.springframework.test.context.support.DelegatingSmartContextLoader', parent = [null]]]
15:18:16.096 [main] DEBUG org.springframework.test.context.cache - Spring test ApplicationContext cache statistics: [DefaultContextCache@2fba07dc size = 1, maxSize = 32, parentContextCount = 0, hitCount = 177, missCount = 11]
15:18:16.097 [main] DEBUG org.springframework.jdbc.datasource.DataSourceTransactionManager - Initiating transaction rollback
15:18:16.097 [main] DEBUG org.springframework.jdbc.datasource.DataSourceTransactionManager - Rolling back JDBC transaction on Connection [conn109: url=jdbc:h2:mem:4409fdd2-56d6-4d96-8dca-fad6e464e7fd user=SA]
15:18:16.097 [main] DEBUG org.springframework.jdbc.datasource.DataSourceTransactionManager - Releasing JDBC Connection [conn109: url=jdbc:h2:mem:4409fdd2-56d6-4d96-8dca-fad6e464e7fd user=SA] after transaction
15:18:16.097 [main] INFO org.springframework.test.context.transaction.TransactionContext - Rolled back transaction for test: [DefaultTestContext@23803141 testClass = ClassIT, testInstance = fr.insalyon.creatis.vip.application.integrationtest.ClassIT@58c77d6c, testMethod = testGetClass@ClassIT, testException = [null], mergedContextConfiguration = [MergedContextConfiguration@39e7d6fc testClass = ClassIT, locations = '{}', classes = '{class fr.insalyon.creatis.vip.core.server.SpringCoreConfig}', contextInitializerClasses = '[]', activeProfiles = '{test-db, test}', propertySourceLocations = '{}', propertySourceProperties = '{db.tableEngine=, vipConfigFolder=classpath:}', contextCustomizers = set[[empty]], contextLoader = 'org.springframework.test.context.support.DelegatingSmartContextLoader', parent = [null]], attributes = map['org.springframework.test.context.event.ApplicationEventsTestExecutionListener.recordApplicationEvents' -> false]]
15:18:16.097 [main] DEBUG org.springframework.test.context.support.AbstractDirtiesContextTestExecutionListener - After test method: context [DefaultTestContext@23803141 testClass = ClassIT, testInstance = fr.insalyon.creatis.vip.application.integrationtest.ClassIT@58c77d6c, testMethod = testGetClass@ClassIT, testException = [null], mergedContextConfiguration = [MergedContextConfiguration@39e7d6fc testClass = ClassIT, locations = '{}', classes = '{class fr.insalyon.creatis.vip.core.server.SpringCoreConfig}', contextInitializerClasses = '[]', activeProfiles = '{test-db, test}', propertySourceLocations = '{}', propertySourceProperties = '{db.tableEngine=, vipConfigFolder=classpath:}', contextCustomizers = set[[empty]], contextLoader = 'org.springframework.test.context.support.DelegatingSmartContextLoader', parent = [null]], attributes = map['org.springframework.test.context.event.ApplicationEventsTestExecutionListener.recordApplicationEvents' -> false]], class annotated with @DirtiesContext [true] with mode [AFTER_EACH_TEST_METHOD], method annotated with @DirtiesContext [false] with mode [null].
15:18:16.097 [main] DEBUG org.springframework.context.support.GenericApplicationContext - Closing org.springframework.context.support.GenericApplicationContext@3408e444, started on Tue Jul 11 15:18:15 CEST 2023
15:18:16.098 [main] INFO org.springframework.jdbc.datasource.embedded.EmbeddedDatabaseFactory - Shutting down embedded database: url='jdbc:h2:mem:4409fdd2-56d6-4d96-8dca-fad6e464e7fd;DB_CLOSE_DELAY=-1;DB_CLOSE_ON_EXIT=false'
15:18:16.098 [main] DEBUG org.springframework.jdbc.datasource.SimpleDriverDataSource - Creating new JDBC Driver Connection to [jdbc:h2:mem:4409fdd2-56d6-4d96-8dca-fad6e464e7fd;DB_CLOSE_DELAY=-1;DB_CLOSE_ON_EXIT=false]
]]></system-out>
  </testcase>
  <testcase name="testUpdateClass" classname="fr.insalyon.creatis.vip.application.integrationtest.ClassIT" time="0.012">
    <system-out><![CDATA[15:18:16.099 [main] DEBUG org.springframework.test.context.support.DependencyInjectionTestExecutionListener - Performing dependency injection for test context [[DefaultTestContext@23803141 testClass = ClassIT, testInstance = fr.insalyon.creatis.vip.application.integrationtest.ClassIT@127c9b0, testMethod = [null], testException = [null], mergedContextConfiguration = [MergedContextConfiguration@39e7d6fc testClass = ClassIT, locations = '{}', classes = '{class fr.insalyon.creatis.vip.core.server.SpringCoreConfig}', contextInitializerClasses = '[]', activeProfiles = '{test-db, test}', propertySourceLocations = '{}', propertySourceProperties = '{db.tableEngine=, vipConfigFolder=classpath:}', contextCustomizers = set[[empty]], contextLoader = 'org.springframework.test.context.support.DelegatingSmartContextLoader', parent = [null]], attributes = map['org.springframework.test.context.event.ApplicationEventsTestExecutionListener.recordApplicationEvents' -> false, 'org.springframework.test.context.support.DependencyInjectionTestExecutionListener.reinjectDependencies' -> true]]].
15:18:16.099 [main] DEBUG org.springframework.test.context.support.AbstractDelegatingSmartContextLoader - Delegating to AnnotationConfigContextLoader to load context from [MergedContextConfiguration@39e7d6fc testClass = ClassIT, locations = '{}', classes = '{class fr.insalyon.creatis.vip.core.server.SpringCoreConfig}', contextInitializerClasses = '[]', activeProfiles = '{test-db, test}', propertySourceLocations = '{}', propertySourceProperties = '{db.tableEngine=, vipConfigFolder=classpath:}', contextCustomizers = set[[empty]], contextLoader = 'org.springframework.test.context.support.DelegatingSmartContextLoader', parent = [null]].
15:18:16.099 [main] DEBUG org.springframework.test.context.support.AbstractGenericContextLoader - Loading ApplicationContext for merged context configuration [[MergedContextConfiguration@39e7d6fc testClass = ClassIT, locations = '{}', classes = '{class fr.insalyon.creatis.vip.core.server.SpringCoreConfig}', contextInitializerClasses = '[]', activeProfiles = '{test-db, test}', propertySourceLocations = '{}', propertySourceProperties = '{db.tableEngine=, vipConfigFolder=classpath:}', contextCustomizers = set[[empty]], contextLoader = 'org.springframework.test.context.support.DelegatingSmartContextLoader', parent = [null]]].
15:18:16.100 [main] DEBUG org.springframework.core.env.StandardEnvironment - Activating profiles [test-db, test]
15:18:16.100 [main] DEBUG org.springframework.test.context.support.TestPropertySourceUtils - Adding inlined properties to environment: {db.tableEngine=, vipConfigFolder=classpath:}
15:18:16.100 [main] DEBUG org.springframework.test.context.support.AnnotationConfigContextLoader - Registering component classes: {class fr.insalyon.creatis.vip.core.server.SpringCoreConfig}
15:18:16.100 [main] DEBUG org.springframework.context.support.GenericApplicationContext - Refreshing org.springframework.context.support.GenericApplicationContext@6cbbb17d
15:18:16.101 [main] DEBUG org.springframework.beans.factory.support.DefaultListableBeanFactory - Creating shared instance of singleton bean 'org.springframework.context.annotation.internalConfigurationAnnotationProcessor'
15:18:16.119 [main] DEBUG org.springframework.context.annotation.ClassPathBeanDefinitionScanner - Identified candidate component class: file [/home/marza/Documents/VIP-portal/vip-application/target/test-classes/fr/insalyon/creatis/vip/application/integrationtest/SpringApplicationTestConfig.class]
15:18:16.129 [main] DEBUG org.springframework.context.annotation.ClassPathBeanDefinitionScanner - Identified candidate component class: URL [jar:file:/home/marza/Documents/VIP-portal/vip-application/target/vip-application-2.4.1.jar!/fr/insalyon/creatis/vip/application/server/business/EngineBusiness.class]
15:18:16.129 [main] DEBUG org.springframework.context.annotation.ClassPathBeanDefinitionScanner - Identified candidate component class: URL [jar:file:/home/marza/Documents/VIP-portal/vip-application/target/vip-application-2.4.1.jar!/fr/insalyon/creatis/vip/application/server/business/simulation/parser/InputParser.class]
15:18:16.129 [main] DEBUG org.springframework.context.annotation.ClassPathBeanDefinitionScanner - Identified candidate component class: URL [jar:file:/home/marza/Documents/VIP-portal/vip-application/target/vip-application-2.4.1.jar!/fr/insalyon/creatis/vip/application/server/business/simulation/parser/ScuflParser.class]
15:18:16.129 [main] DEBUG org.springframework.context.annotation.ClassPathBeanDefinitionScanner - Identified candidate component class: URL [jar:file:/home/marza/Documents/VIP-portal/vip-application/target/vip-application-2.4.1.jar!/fr/insalyon/creatis/vip/application/server/business/simulation/parser/GwendiaParser.class]
15:18:16.129 [main] DEBUG org.springframework.context.annotation.ClassPathBeanDefinitionScanner - Identified candidate component class: URL [jar:file:/home/marza/Documents/VIP-portal/vip-application/target/vip-application-2.4.1.jar!/fr/insalyon/creatis/vip/application/server/business/BoutiquesBusiness.class]
15:18:16.130 [main] DEBUG org.springframework.context.annotation.ClassPathBeanDefinitionScanner - Identified candidate component class: URL [jar:file:/home/marza/Documents/VIP-portal/vip-application/target/vip-application-2.4.1.jar!/fr/insalyon/creatis/vip/application/server/dao/hibernate/SimulationStatsData.class]
15:18:16.130 [main] DEBUG org.springframework.context.annotation.ClassPathBeanDefinitionScanner - Identified candidate component class: URL [jar:file:/home/marza/Documents/VIP-portal/vip-application/target/vip-application-2.4.1.jar!/fr/insalyon/creatis/vip/application/server/dao/mysql/ApplicationData.class]
15:18:16.134 [main] DEBUG org.springframework.context.annotation.ClassPathBeanDefinitionScanner - Identified candidate component class: URL [jar:file:/home/marza/Documents/VIP-portal/vip-application/target/vip-application-2.4.1.jar!/fr/insalyon/creatis/vip/application/server/business/InputBusiness.class]
15:18:16.135 [main] DEBUG org.springframework.context.annotation.ClassPathBeanDefinitionScanner - Identified candidate component class: URL [jar:file:/home/marza/Documents/VIP-portal/vip-application/target/vip-application-2.4.1.jar!/fr/insalyon/creatis/vip/application/server/business/SimulationBusiness.class]
15:18:16.137 [main] DEBUG org.springframework.context.annotation.ClassPathBeanDefinitionScanner - Identified candidate component class: URL [jar:file:/home/marza/Documents/VIP-portal/vip-application/target/vip-application-2.4.1.jar!/fr/insalyon/creatis/vip/application/server/business/WorkflowExecutionBusiness.class]
15:18:16.138 [main] DEBUG org.springframework.context.annotation.ClassPathBeanDefinitionScanner - Identified candidate component class: URL [jar:file:/home/marza/Documents/VIP-portal/vip-application/target/vip-application-2.4.1.jar!/fr/insalyon/creatis/vip/application/server/business/ApplicationBusiness.class]
15:18:16.138 [main] DEBUG org.springframework.context.annotation.ClassPathBeanDefinitionScanner - Identified candidate component class: URL [jar:file:/home/marza/Documents/VIP-portal/vip-application/target/vip-application-2.4.1.jar!/fr/insalyon/creatis/vip/application/server/business/ClassBusiness.class]
15:18:16.138 [main] DEBUG org.springframework.context.annotation.ClassPathBeanDefinitionScanner - Identified candidate component class: URL [jar:file:/home/marza/Documents/VIP-portal/vip-application/target/vip-application-2.4.1.jar!/fr/insalyon/creatis/vip/application/server/dao/mysql/EngineData.class]
15:18:16.138 [main] DEBUG org.springframework.context.annotation.ClassPathBeanDefinitionScanner - Identified candidate component class: URL [jar:file:/home/marza/Documents/VIP-portal/vip-application/target/vip-application-2.4.1.jar!/fr/insalyon/creatis/vip/application/server/dao/mysql/ApplicationDataInitializer.class]
15:18:16.138 [main] DEBUG org.springframework.context.annotation.ClassPathBeanDefinitionScanner - Identified candidate component class: URL [jar:file:/home/marza/Documents/VIP-portal/vip-application/target/vip-application-2.4.1.jar!/fr/insalyon/creatis/vip/application/server/dao/mysql/ApplicationInputData.class]
15:18:16.139 [main] DEBUG org.springframework.context.annotation.ClassPathBeanDefinitionScanner - Identified candidate component class: URL [jar:file:/home/marza/Documents/VIP-portal/vip-application/target/vip-application-2.4.1.jar!/fr/insalyon/creatis/vip/application/server/dao/h2/ExecutionNodeData.class]
15:18:16.140 [main] DEBUG org.springframework.context.annotation.ClassPathBeanDefinitionScanner - Identified candidate component class: URL [jar:file:/home/marza/Documents/VIP-portal/vip-application/target/vip-application-2.4.1.jar!/fr/insalyon/creatis/vip/application/server/business/simulation/parser/InputM2Parser.class]
15:18:16.141 [main] DEBUG org.springframework.context.annotation.ClassPathBeanDefinitionScanner - Identified candidate component class: URL [jar:file:/home/marza/Documents/VIP-portal/vip-application/target/vip-application-2.4.1.jar!/fr/insalyon/creatis/vip/application/server/business/simulation/WebServiceEngine.class]
15:18:16.141 [main] DEBUG org.springframework.context.annotation.ClassPathBeanDefinitionScanner - Identified candidate component class: URL [jar:file:/home/marza/Documents/VIP-portal/vip-application/target/vip-application-2.4.1.jar!/fr/insalyon/creatis/vip/application/server/business/WorkflowBusiness.class]
15:18:16.141 [main] DEBUG org.springframework.context.annotation.ClassPathBeanDefinitionScanner - Identified candidate component class: URL [jar:file:/home/marza/Documents/VIP-portal/vip-application/target/vip-application-2.4.1.jar!/fr/insalyon/creatis/vip/application/server/dao/mysql/ClassData.class]
15:18:16.141 [main] DEBUG org.springframework.context.annotation.ClassPathBeanDefinitionScanner - Identified candidate component class: URL [jar:file:/home/marza/Documents/VIP-portal/vip-application/target/vip-application-2.4.1.jar!/fr/insalyon/creatis/vip/application/server/dao/h2/SimulationData.class]
15:18:16.149 [main] DEBUG org.springframework.context.annotation.ClassPathBeanDefinitionScanner - Identified candidate component class: URL [jar:file:/home/marza/Documents/VIP-portal/vip-core/target/vip-core-2.4.1.jar!/fr/insalyon/creatis/vip/core/server/dao/mysql/UsersGroupsData.class]
15:18:16.150 [main] DEBUG org.springframework.context.annotation.ClassPathBeanDefinitionScanner - Identified candidate component class: URL [jar:file:/home/marza/Documents/VIP-portal/vip-core/target/vip-core-2.4.1.jar!/fr/insalyon/creatis/vip/core/server/business/StatsBusiness.class]
15:18:16.151 [main] DEBUG org.springframework.context.annotation.ClassPathBeanDefinitionScanner - Identified candidate component class: URL [jar:file:/home/marza/Documents/VIP-portal/vip-core/target/vip-core-2.4.1.jar!/fr/insalyon/creatis/vip/core/server/business/VipSessionBusiness.class]
15:18:16.151 [main] DEBUG org.springframework.context.annotation.ClassPathBeanDefinitionScanner - Identified candidate component class: URL [jar:file:/home/marza/Documents/VIP-portal/vip-core/target/vip-core-2.4.1.jar!/fr/insalyon/creatis/vip/core/server/DataSourceConfig.class]
15:18:16.152 [main] DEBUG org.springframework.context.annotation.ClassPathBeanDefinitionScanner - Identified candidate component class: URL [jar:file:/home/marza/Documents/VIP-portal/vip-core/target/vip-core-2.4.1.jar!/fr/insalyon/creatis/vip/core/server/dao/mysql/TermsUseData.class]
15:18:16.152 [main] DEBUG org.springframework.context.annotation.ClassPathBeanDefinitionScanner - Identified candidate component class: URL [jar:file:/home/marza/Documents/VIP-portal/vip-core/target/vip-core-2.4.1.jar!/fr/insalyon/creatis/vip/core/server/dao/mysql/CoreDataInitializer.class]
15:18:16.152 [main] DEBUG org.springframework.context.annotation.ClassPathBeanDefinitionScanner - Identified candidate component class: URL [jar:file:/home/marza/Documents/VIP-portal/vip-core/target/vip-core-2.4.1.jar!/fr/insalyon/creatis/vip/core/server/dao/mysql/GroupData.class]
15:18:16.156 [main] DEBUG org.springframework.context.annotation.ClassPathBeanDefinitionScanner - Identified candidate component class: URL [jar:file:/home/marza/Documents/VIP-portal/vip-core/target/vip-core-2.4.1.jar!/fr/insalyon/creatis/vip/core/server/business/EmailBusiness.class]
15:18:16.156 [main] DEBUG org.springframework.context.annotation.ClassPathBeanDefinitionScanner - Identified candidate component class: URL [jar:file:/home/marza/Documents/VIP-portal/vip-core/target/vip-core-2.4.1.jar!/fr/insalyon/creatis/vip/core/server/business/proxy/ProxyClient.class]
15:18:16.156 [main] DEBUG org.springframework.context.annotation.ClassPathBeanDefinitionScanner - Identified candidate component class: URL [jar:file:/home/marza/Documents/VIP-portal/vip-core/target/vip-core-2.4.1.jar!/fr/insalyon/creatis/vip/core/server/business/ConfigurationBusiness.class]
15:18:16.156 [main] DEBUG org.springframework.context.annotation.ClassPathBeanDefinitionScanner - Identified candidate component class: URL [jar:file:/home/marza/Documents/VIP-portal/vip-core/target/vip-core-2.4.1.jar!/fr/insalyon/creatis/vip/core/server/dao/mysql/TableInitializer.class]
15:18:16.157 [main] DEBUG org.springframework.context.annotation.ClassPathBeanDefinitionScanner - Identified candidate component class: URL [jar:file:/home/marza/Documents/VIP-portal/vip-core/target/vip-core-2.4.1.jar!/fr/insalyon/creatis/vip/core/server/dao/mysql/UserData.class]
15:18:16.164 [main] DEBUG org.springframework.context.annotation.ClassPathBeanDefinitionScanner - Identified candidate component class: URL [jar:file:/home/marza/Documents/VIP-portal/vip-datamanagement/target/vip-datamanager-2.4.1.jar!/fr/insalyon/creatis/vip/datamanager/server/business/LfcPathsBusiness.class]
15:18:16.164 [main] DEBUG org.springframework.context.annotation.ClassPathBeanDefinitionScanner - Identified candidate component class: URL [jar:file:/home/marza/Documents/VIP-portal/vip-datamanagement/target/vip-datamanager-2.4.1.jar!/fr/insalyon/creatis/vip/datamanager/server/business/ExternalPlatformBusiness.class]
15:18:16.164 [main] DEBUG org.springframework.context.annotation.ClassPathBeanDefinitionScanner - Identified candidate component class: URL [jar:file:/home/marza/Documents/VIP-portal/vip-datamanagement/target/vip-datamanager-2.4.1.jar!/fr/insalyon/creatis/vip/datamanager/server/business/GirderStorageBusiness.class]
15:18:16.164 [main] DEBUG org.springframework.context.annotation.ClassPathBeanDefinitionScanner - Identified candidate component class: URL [jar:file:/home/marza/Documents/VIP-portal/vip-datamanagement/target/vip-datamanager-2.4.1.jar!/fr/insalyon/creatis/vip/datamanager/server/business/DataManagerBusiness.class]
15:18:16.164 [main] DEBUG org.springframework.context.annotation.ClassPathBeanDefinitionScanner - Identified candidate component class: URL [jar:file:/home/marza/Documents/VIP-portal/vip-datamanagement/target/vip-datamanager-2.4.1.jar!/fr/insalyon/creatis/vip/datamanager/server/business/ApiKeyBusiness.class]
15:18:16.165 [main] DEBUG org.springframework.context.annotation.ClassPathBeanDefinitionScanner - Identified candidate component class: URL [jar:file:/home/marza/Documents/VIP-portal/vip-datamanagement/target/vip-datamanager-2.4.1.jar!/fr/insalyon/creatis/vip/datamanager/server/business/ShanoirStorageBusiness.class]
15:18:16.165 [main] DEBUG org.springframework.context.annotation.ClassPathBeanDefinitionScanner - Identified candidate component class: URL [jar:file:/home/marza/Documents/VIP-portal/vip-datamanagement/target/vip-datamanager-2.4.1.jar!/fr/insalyon/creatis/vip/datamanager/server/business/TransferPoolBusiness.class]
15:18:16.165 [main] DEBUG org.springframework.context.annotation.ClassPathBeanDefinitionScanner - Identified candidate component class: URL [jar:file:/home/marza/Documents/VIP-portal/vip-datamanagement/target/vip-datamanager-2.4.1.jar!/fr/insalyon/creatis/vip/datamanager/server/business/LFCBusiness.class]
15:18:16.165 [main] DEBUG org.springframework.context.annotation.ClassPathBeanDefinitionScanner - Identified candidate component class: URL [jar:file:/home/marza/Documents/VIP-portal/vip-datamanagement/target/vip-datamanager-2.4.1.jar!/fr/insalyon/creatis/vip/datamanager/server/business/LFCPermissionBusiness.class]
15:18:16.165 [main] DEBUG org.springframework.context.annotation.ClassPathBeanDefinitionScanner - Identified candidate component class: URL [jar:file:/home/marza/Documents/VIP-portal/vip-datamanagement/target/vip-datamanager-2.4.1.jar!/fr/insalyon/creatis/vip/datamanager/server/dao/mysql/SSHData.class]
15:18:16.165 [main] DEBUG org.springframework.context.annotation.ClassPathBeanDefinitionScanner - Identified candidate component class: URL [jar:file:/home/marza/Documents/VIP-portal/vip-datamanagement/target/vip-datamanager-2.4.1.jar!/fr/insalyon/creatis/vip/datamanager/server/dao/mysql/ApiKeysData.class]
15:18:16.166 [main] DEBUG org.springframework.context.annotation.ClassPathBeanDefinitionScanner - Identified candidate component class: URL [jar:file:/home/marza/Documents/VIP-portal/vip-datamanagement/target/vip-datamanager-2.4.1.jar!/fr/insalyon/creatis/vip/datamanager/server/dao/mysql/ExternalPlatformData.class]
15:18:16.166 [main] DEBUG org.springframework.context.annotation.ClassPathBeanDefinitionScanner - Identified candidate component class: URL [jar:file:/home/marza/Documents/VIP-portal/vip-datamanagement/target/vip-datamanager-2.4.1.jar!/fr/insalyon/creatis/vip/datamanager/server/dao/mysql/DataManagerDataInitializer.class]
15:18:16.169 [main] DEBUG org.springframework.context.annotation.ClassPathBeanDefinitionScanner - Identified candidate component class: URL [jar:file:/home/marza/Documents/VIP-portal/vip-social/target/vip-social-2.4.1.jar!/fr/insalyon/creatis/vip/social/server/business/MessageBusiness.class]
15:18:16.169 [main] DEBUG org.springframework.context.annotation.ClassPathBeanDefinitionScanner - Identified candidate component class: URL [jar:file:/home/marza/Documents/VIP-portal/vip-social/target/vip-social-2.4.1.jar!/fr/insalyon/creatis/vip/social/server/dao/mysql/MessageData.class]
15:18:16.169 [main] DEBUG org.springframework.context.annotation.ClassPathBeanDefinitionScanner - Identified candidate component class: URL [jar:file:/home/marza/Documents/VIP-portal/vip-social/target/vip-social-2.4.1.jar!/fr/insalyon/creatis/vip/social/server/dao/mysql/MessagingDataInitializer.class]
15:18:16.169 [main] DEBUG org.springframework.context.annotation.ClassPathBeanDefinitionScanner - Identified candidate component class: URL [jar:file:/home/marza/Documents/VIP-portal/vip-social/target/vip-social-2.4.1.jar!/fr/insalyon/creatis/vip/social/server/dao/mysql/GroupMessageData.class]
15:18:16.170 [main] DEBUG org.springframework.context.annotation.ClassPathBeanDefinitionScanner - Identified candidate component class: URL [jar:file:/home/marza/Documents/VIP-portal/vip-core/target/vip-core-2.4.1-tests.jar!/fr/insalyon/creatis/vip/core/integrationtest/TestDataSourceSpringConfig.class]
15:18:16.170 [main] DEBUG org.springframework.context.annotation.ClassPathBeanDefinitionScanner - Identified candidate component class: URL [jar:file:/home/marza/Documents/VIP-portal/vip-core/target/vip-core-2.4.1-tests.jar!/fr/insalyon/creatis/vip/core/integrationtest/SpingTestConfig.class]
15:18:16.171 [main] DEBUG org.springframework.context.annotation.ClassPathBeanDefinitionScanner - Identified candidate component class: URL [jar:file:/home/marza/Documents/VIP-portal/vip-core/target/vip-core-2.4.1-tests.jar!/fr/insalyon/creatis/vip/core/integrationtest/ServerMockConfig.class]
15:18:16.187 [main] DEBUG org.springframework.beans.factory.support.DefaultListableBeanFactory - Creating shared instance of singleton bean 'properties'
15:18:16.187 [main] DEBUG org.springframework.beans.factory.support.DefaultListableBeanFactory - Creating shared instance of singleton bean 'org.springframework.context.event.internalEventListenerProcessor'
15:18:16.187 [main] DEBUG org.springframework.beans.factory.support.DefaultListableBeanFactory - Creating shared instance of singleton bean 'org.springframework.context.event.internalEventListenerFactory'
15:18:16.187 [main] DEBUG org.springframework.beans.factory.support.DefaultListableBeanFactory - Creating shared instance of singleton bean 'org.springframework.transaction.config.internalTransactionalEventListenerFactory'
15:18:16.188 [main] DEBUG org.springframework.beans.factory.support.DefaultListableBeanFactory - Creating shared instance of singleton bean 'org.springframework.context.annotation.internalAutowiredAnnotationProcessor'
15:18:16.188 [main] DEBUG org.springframework.beans.factory.support.DefaultListableBeanFactory - Creating shared instance of singleton bean 'org.springframework.context.annotation.internalCommonAnnotationProcessor'
15:18:16.188 [main] DEBUG org.springframework.beans.factory.support.DefaultListableBeanFactory - Creating shared instance of singleton bean 'org.springframework.aop.config.internalAutoProxyCreator'
15:18:16.189 [main] DEBUG org.springframework.beans.factory.support.DefaultListableBeanFactory - Creating shared instance of singleton bean 'conversionService'
15:18:16.190 [main] DEBUG org.springframework.beans.factory.support.DefaultListableBeanFactory - Creating shared instance of singleton bean 'org.springframework.transaction.config.internalTransactionAdvisor'
15:18:16.190 [main] DEBUG org.springframework.beans.factory.support.DefaultListableBeanFactory - Creating shared instance of singleton bean 'org.springframework.transaction.annotation.ProxyTransactionManagementConfiguration'
15:18:16.191 [main] DEBUG org.springframework.beans.factory.support.DefaultListableBeanFactory - Creating shared instance of singleton bean 'transactionAttributeSource'
15:18:16.191 [main] DEBUG org.springframework.beans.factory.support.DefaultListableBeanFactory - Creating shared instance of singleton bean 'transactionInterceptor'
15:18:16.191 [main] DEBUG org.springframework.beans.factory.support.DefaultListableBeanFactory - Autowiring by type from bean name 'transactionInterceptor' via factory method to bean named 'transactionAttributeSource'
15:18:16.191 [main] DEBUG org.springframework.beans.factory.support.DefaultListableBeanFactory - Autowiring by type from bean name 'org.springframework.transaction.config.internalTransactionAdvisor' via factory method to bean named 'transactionAttributeSource'
15:18:16.191 [main] DEBUG org.springframework.beans.factory.support.DefaultListableBeanFactory - Autowiring by type from bean name 'org.springframework.transaction.config.internalTransactionAdvisor' via factory method to bean named 'transactionInterceptor'
15:18:16.191 [main] DEBUG org.springframework.beans.factory.support.DefaultListableBeanFactory - Creating shared instance of singleton bean 'springCoreConfig'
15:18:16.192 [main] DEBUG org.springframework.beans.factory.support.DefaultListableBeanFactory - Creating shared instance of singleton bean 'springApplicationTestConfig'
15:18:16.192 [main] DEBUG org.springframework.beans.factory.support.DefaultListableBeanFactory - Creating shared instance of singleton bean 'engineBusiness'
15:18:16.192 [main] DEBUG org.springframework.beans.factory.support.DefaultListableBeanFactory - Creating shared instance of singleton bean 'engineData'
15:18:16.192 [main] DEBUG org.springframework.beans.factory.support.DefaultListableBeanFactory - Creating shared instance of singleton bean 'lazyDataSource'
15:18:16.193 [main] DEBUG org.springframework.beans.factory.support.DefaultListableBeanFactory - Creating shared instance of singleton bean 'testDataSource'
15:18:16.193 [main] DEBUG org.springframework.beans.factory.support.DefaultListableBeanFactory - Creating shared instance of singleton bean 'testDataSourceSpringConfig'
15:18:16.193 [main] INFO org.springframework.jdbc.datasource.embedded.EmbeddedDatabaseFactory - Starting embedded database: url='jdbc:h2:mem:b3c94af6-8494-42ce-8c7d-ff643bef4add;DB_CLOSE_DELAY=-1;DB_CLOSE_ON_EXIT=false', username='sa'
15:18:16.193 [main] DEBUG org.springframework.jdbc.datasource.DataSourceUtils - Fetching JDBC Connection from DataSource
15:18:16.193 [main] DEBUG org.springframework.jdbc.datasource.SimpleDriverDataSource - Creating new JDBC Driver Connection to [jdbc:h2:mem:b3c94af6-8494-42ce-8c7d-ff643bef4add;DB_CLOSE_DELAY=-1;DB_CLOSE_ON_EXIT=false]
15:18:16.195 [main] DEBUG org.springframework.beans.factory.support.DefaultListableBeanFactory - Autowiring by type from bean name 'lazyDataSource' via factory method to bean named 'testDataSource'
15:18:16.196 [main] DEBUG org.springframework.jdbc.datasource.SimpleDriverDataSource - Creating new JDBC Driver Connection to [jdbc:h2:mem:b3c94af6-8494-42ce-8c7d-ff643bef4add;DB_CLOSE_DELAY=-1;DB_CLOSE_ON_EXIT=false]
15:18:16.196 [main] DEBUG org.springframework.beans.factory.support.DefaultListableBeanFactory - Autowiring by type from bean name 'engineBusiness' via constructor to bean named 'engineData'
15:18:16.197 [main] DEBUG org.springframework.beans.factory.support.DefaultListableBeanFactory - Creating shared instance of singleton bean 'boutiquesBusiness'
15:18:16.197 [main] DEBUG org.springframework.beans.factory.support.DefaultListableBeanFactory - Creating shared instance of singleton bean 'testServer'
15:18:16.197 [main] DEBUG org.springframework.beans.factory.support.DefaultListableBeanFactory - Creating shared instance of singleton bean 'serverMockConfig'
15:18:16.200 [main] DEBUG org.springframework.beans.factory.support.DefaultListableBeanFactory - Creating shared instance of singleton bean 'dataManagerBusiness'
15:18:16.200 [main] DEBUG org.springframework.beans.factory.support.DefaultListableBeanFactory - Creating shared instance of singleton bean 'SSHData'
15:18:16.201 [main] DEBUG org.springframework.beans.factory.support.DefaultListableBeanFactory - Creating shared instance of singleton bean 'testGridaClient'
15:18:16.201 [main] DEBUG org.springframework.beans.factory.support.DefaultListableBeanFactory - Creating shared instance of singleton bean 'spingTestConfig'
15:18:16.202 [main] DEBUG org.springframework.beans.factory.support.DefaultListableBeanFactory - Creating shared instance of singleton bean 'gridaCacheClient'
15:18:16.202 [main] DEBUG org.springframework.beans.factory.support.DefaultListableBeanFactory - Autowiring by type from bean name 'gridaCacheClient' via factory method to bean named 'testServer'
15:18:16.203 [main] DEBUG org.springframework.beans.factory.support.DefaultListableBeanFactory - Creating shared instance of singleton bean 'gridaZombieClient'
15:18:16.203 [main] DEBUG org.springframework.beans.factory.support.DefaultListableBeanFactory - Autowiring by type from bean name 'gridaZombieClient' via factory method to bean named 'testServer'
15:18:16.203 [main] DEBUG org.springframework.beans.factory.support.DefaultListableBeanFactory - Creating shared instance of singleton bean 'configurationBusiness'
15:18:16.204 [main] DEBUG org.springframework.beans.factory.support.DefaultListableBeanFactory - Creating shared instance of singleton bean 'testProxyClient'
15:18:16.205 [main] DEBUG org.springframework.beans.factory.support.DefaultListableBeanFactory - Creating shared instance of singleton bean 'testEmailBusiness'
15:18:16.205 [main] DEBUG org.springframework.beans.factory.support.DefaultListableBeanFactory - Creating shared instance of singleton bean 'testGridaPoolClient'
15:18:16.205 [main] DEBUG org.springframework.beans.factory.support.DefaultListableBeanFactory - Creating shared instance of singleton bean 'groupData'
15:18:16.206 [main] DEBUG org.springframework.beans.factory.support.DefaultListableBeanFactory - Creating shared instance of singleton bean 'termsUseData'
15:18:16.206 [main] DEBUG org.springframework.beans.factory.support.DefaultListableBeanFactory - Creating shared instance of singleton bean 'userData'
15:18:16.207 [main] DEBUG org.springframework.beans.factory.support.DefaultListableBeanFactory - Creating shared instance of singleton bean 'usersGroupsData'
15:18:16.207 [main] DEBUG org.springframework.beans.factory.support.DefaultListableBeanFactory - Autowiring by type from bean name 'usersGroupsData' via constructor to bean named 'groupData'
15:18:16.208 [main] DEBUG org.springframework.beans.factory.support.DefaultListableBeanFactory - Autowiring by type from bean name 'configurationBusiness' via constructor to bean named 'testServer'
15:18:16.208 [main] DEBUG org.springframework.beans.factory.support.DefaultListableBeanFactory - Autowiring by type from bean name 'configurationBusiness' via constructor to bean named 'testProxyClient'
15:18:16.208 [main] DEBUG org.springframework.beans.factory.support.DefaultListableBeanFactory - Autowiring by type from bean name 'configurationBusiness' via constructor to bean named 'testEmailBusiness'
15:18:16.208 [main] DEBUG org.springframework.beans.factory.support.DefaultListableBeanFactory - Autowiring by type from bean name 'configurationBusiness' via constructor to bean named 'testGridaClient'
15:18:16.208 [main] DEBUG org.springframework.beans.factory.support.DefaultListableBeanFactory - Autowiring by type from bean name 'configurationBusiness' via constructor to bean named 'testGridaPoolClient'
15:18:16.208 [main] DEBUG org.springframework.beans.factory.support.DefaultListableBeanFactory - Autowiring by type from bean name 'configurationBusiness' via constructor to bean named 'groupData'
15:18:16.208 [main] DEBUG org.springframework.beans.factory.support.DefaultListableBeanFactory - Autowiring by type from bean name 'configurationBusiness' via constructor to bean named 'termsUseData'
15:18:16.208 [main] DEBUG org.springframework.beans.factory.support.DefaultListableBeanFactory - Autowiring by type from bean name 'configurationBusiness' via constructor to bean named 'userData'
15:18:16.208 [main] DEBUG org.springframework.beans.factory.support.DefaultListableBeanFactory - Autowiring by type from bean name 'configurationBusiness' via constructor to bean named 'usersGroupsData'
15:18:16.208 [main] DEBUG org.springframework.beans.factory.support.DefaultListableBeanFactory - Creating shared instance of singleton bean 'lfcPathsBusiness'
15:18:16.209 [main] DEBUG org.springframework.beans.factory.support.DefaultListableBeanFactory - Autowiring by type from bean name 'lfcPathsBusiness' via constructor to bean named 'testServer'
15:18:16.209 [main] DEBUG org.springframework.beans.factory.support.DefaultListableBeanFactory - Autowiring by type from bean name 'lfcPathsBusiness' via constructor to bean named 'groupData'
15:18:16.209 [main] DEBUG org.springframework.beans.factory.support.DefaultListableBeanFactory - Autowiring by type from bean name 'dataManagerBusiness' via constructor to bean named 'SSHData'
15:18:16.209 [main] DEBUG org.springframework.beans.factory.support.DefaultListableBeanFactory - Autowiring by type from bean name 'dataManagerBusiness' via constructor to bean named 'testGridaClient'
15:18:16.209 [main] DEBUG org.springframework.beans.factory.support.DefaultListableBeanFactory - Autowiring by type from bean name 'dataManagerBusiness' via constructor to bean named 'gridaCacheClient'
15:18:16.209 [main] DEBUG org.springframework.beans.factory.support.DefaultListableBeanFactory - Autowiring by type from bean name 'dataManagerBusiness' via constructor to bean named 'gridaZombieClient'
15:18:16.209 [main] DEBUG org.springframework.beans.factory.support.DefaultListableBeanFactory - Autowiring by type from bean name 'dataManagerBusiness' via constructor to bean named 'configurationBusiness'
15:18:16.209 [main] DEBUG org.springframework.beans.factory.support.DefaultListableBeanFactory - Autowiring by type from bean name 'dataManagerBusiness' via constructor to bean named 'lfcPathsBusiness'
15:18:16.209 [main] DEBUG org.springframework.beans.factory.support.DefaultListableBeanFactory - Autowiring by type from bean name 'dataManagerBusiness' via constructor to bean named 'testServer'
15:18:16.209 [main] DEBUG org.springframework.beans.factory.support.DefaultListableBeanFactory - Creating shared instance of singleton bean 'applicationBusiness'
15:18:16.210 [main] DEBUG org.springframework.beans.factory.support.DefaultListableBeanFactory - Creating shared instance of singleton bean 'applicationData'
15:18:16.210 [main] DEBUG org.springframework.beans.factory.support.DefaultListableBeanFactory - Creating shared instance of singleton bean 'classData'
15:18:16.211 [main] DEBUG org.springframework.beans.factory.support.DefaultListableBeanFactory - Autowiring by type from bean name 'applicationData' via constructor to bean named 'lazyDataSource'
15:18:16.211 [main] DEBUG org.springframework.beans.factory.support.DefaultListableBeanFactory - Autowiring by type from bean name 'applicationData' via constructor to bean named 'classData'
15:18:16.211 [main] DEBUG org.springframework.beans.factory.support.DefaultListableBeanFactory - Autowiring by type from bean name 'applicationBusiness' via constructor to bean named 'applicationData'
15:18:16.211 [main] DEBUG org.springframework.beans.factory.support.DefaultListableBeanFactory - Autowiring by type from bean name 'applicationBusiness' via constructor to bean named 'classData'
15:18:16.211 [main] DEBUG org.springframework.beans.factory.support.DefaultListableBeanFactory - Autowiring by type from bean name 'applicationBusiness' via constructor to bean named 'groupData'
15:18:16.211 [main] DEBUG org.springframework.beans.factory.support.DefaultListableBeanFactory - Autowiring by type from bean name 'boutiquesBusiness' via constructor to bean named 'testServer'
15:18:16.211 [main] DEBUG org.springframework.beans.factory.support.DefaultListableBeanFactory - Autowiring by type from bean name 'boutiquesBusiness' via constructor to bean named 'dataManagerBusiness'
15:18:16.211 [main] DEBUG org.springframework.beans.factory.support.DefaultListableBeanFactory - Autowiring by type from bean name 'boutiquesBusiness' via constructor to bean named 'applicationBusiness'
15:18:16.212 [main] DEBUG org.springframework.beans.factory.support.DefaultListableBeanFactory - Creating shared instance of singleton bean 'simulationStatsData'
15:18:16.212 [main] DEBUG org.springframework.beans.factory.support.DefaultListableBeanFactory - Creating shared instance of singleton bean 'sessionFactory'
15:18:16.213 [main] DEBUG org.springframework.beans.factory.support.DefaultListableBeanFactory - Autowiring by type from bean name 'simulationStatsData' via constructor to bean named 'sessionFactory'
15:18:16.213 [main] DEBUG org.springframework.beans.factory.support.DefaultListableBeanFactory - Creating shared instance of singleton bean 'inputBusiness'
15:18:16.213 [main] DEBUG org.springframework.beans.factory.support.DefaultListableBeanFactory - Creating shared instance of singleton bean 'applicationInputData'
15:18:16.214 [main] DEBUG org.springframework.beans.factory.support.DefaultListableBeanFactory - Autowiring by type from bean name 'inputBusiness' via constructor to bean named 'applicationInputData'
15:18:16.214 [main] DEBUG org.springframework.beans.factory.support.DefaultListableBeanFactory - Autowiring by type from bean name 'inputBusiness' via constructor to bean named 'dataManagerBusiness'
15:18:16.216 [main] DEBUG org.springframework.beans.factory.support.DefaultListableBeanFactory - Creating shared instance of singleton bean 'simulationBusiness'
15:18:16.216 [main] DEBUG org.springframework.beans.factory.support.DefaultListableBeanFactory - Autowiring by type from bean name 'simulationBusiness' via constructor to bean named 'lfcPathsBusiness'
15:18:16.216 [main] DEBUG org.springframework.beans.factory.support.DefaultListableBeanFactory - Autowiring by type from bean name 'simulationBusiness' via constructor to bean named 'testServer'
15:18:16.219 [main] DEBUG org.springframework.beans.factory.support.DefaultListableBeanFactory - Creating shared instance of singleton bean 'classBusiness'
15:18:16.219 [main] DEBUG org.springframework.beans.factory.support.DefaultListableBeanFactory - Autowiring by type from bean name 'classBusiness' via constructor to bean named 'classData'
15:18:16.219 [main] DEBUG org.springframework.beans.factory.support.DefaultListableBeanFactory - Creating shared instance of singleton bean 'applicationDataInitializer'
15:18:16.220 [main] DEBUG org.springframework.beans.factory.support.DefaultListableBeanFactory - Creating shared instance of singleton bean 'tableInitializer'
15:18:16.220 [main] DEBUG org.springframework.core.env.PropertySourcesPropertyResolver - Found key 'db.tableEngine' in PropertySource 'Inlined Test Properties' with value of type String
15:18:16.220 [main] DEBUG org.springframework.core.env.PropertySourcesPropertyResolver - Found key 'db.tableEngine' in PropertySource 'environmentProperties' with value of type String
15:18:16.221 [main] DEBUG org.springframework.beans.factory.support.DefaultListableBeanFactory - Autowiring by type from bean name 'applicationDataInitializer' via constructor to bean named 'lazyDataSource'
15:18:16.221 [main] DEBUG org.springframework.beans.factory.support.DefaultListableBeanFactory - Autowiring by type from bean name 'applicationDataInitializer' via constructor to bean named 'tableInitializer'
15:18:16.221 [main] DEBUG org.springframework.beans.factory.support.DefaultListableBeanFactory - Creating shared instance of singleton bean 'workflowBusiness'
15:18:16.222 [main] DEBUG org.springframework.beans.factory.support.DefaultListableBeanFactory - Creating shared instance of singleton bean 'getTestWorkflowDAO'
15:18:16.223 [main] DEBUG org.springframework.beans.factory.support.DefaultListableBeanFactory - Creating shared instance of singleton bean 'getTestProcessorDAO'
15:18:16.223 [main] DEBUG org.springframework.beans.factory.support.DefaultListableBeanFactory - Creating shared instance of singleton bean 'getTestOutputDAO'
15:18:16.223 [main] DEBUG org.springframework.beans.factory.support.DefaultListableBeanFactory - Creating shared instance of singleton bean 'getTestInputDAO'
15:18:16.224 [main] DEBUG org.springframework.beans.factory.support.DefaultListableBeanFactory - Creating shared instance of singleton bean 'getTestStatsDAO'
15:18:16.224 [main] DEBUG org.springframework.beans.factory.support.DefaultListableBeanFactory - Creating shared instance of singleton bean 'externalPlatformBusiness'
15:18:16.225 [main] DEBUG org.springframework.beans.factory.support.DefaultListableBeanFactory - Creating shared instance of singleton bean 'girderStorageBusiness'
15:18:16.225 [main] DEBUG org.springframework.beans.factory.support.DefaultListableBeanFactory - Creating shared instance of singleton bean 'apiKeyBusiness'
15:18:16.225 [main] DEBUG org.springframework.beans.factory.support.DefaultListableBeanFactory - Creating shared instance of singleton bean 'apiKeysData'
15:18:16.226 [main] DEBUG org.springframework.beans.factory.support.DefaultListableBeanFactory - Autowiring by type from bean name 'apiKeyBusiness' via constructor to bean named 'apiKeysData'
15:18:16.226 [main] DEBUG org.springframework.beans.factory.support.DefaultListableBeanFactory - Autowiring by type from bean name 'girderStorageBusiness' via constructor to bean named 'apiKeyBusiness'
15:18:16.226 [main] DEBUG org.springframework.beans.factory.support.DefaultListableBeanFactory - Autowiring by type from bean name 'girderStorageBusiness' via constructor to bean named 'testServer'
15:18:16.226 [main] DEBUG org.springframework.beans.factory.support.DefaultListableBeanFactory - Creating shared instance of singleton bean 'shanoirStorageBusiness'
15:18:16.227 [main] DEBUG org.springframework.beans.factory.support.DefaultListableBeanFactory - Creating shared instance of singleton bean 'externalPlatformData'
15:18:16.227 [main] DEBUG org.springframework.beans.factory.support.DefaultListableBeanFactory - Autowiring by type from bean name 'externalPlatformBusiness' via constructor to bean named 'girderStorageBusiness'
15:18:16.227 [main] DEBUG org.springframework.beans.factory.support.DefaultListableBeanFactory - Autowiring by type from bean name 'externalPlatformBusiness' via constructor to bean named 'shanoirStorageBusiness'
15:18:16.227 [main] DEBUG org.springframework.beans.factory.support.DefaultListableBeanFactory - Autowiring by type from bean name 'externalPlatformBusiness' via constructor to bean named 'externalPlatformData'
15:18:16.227 [main] DEBUG org.springframework.beans.factory.support.DefaultListableBeanFactory - Autowiring by type from bean name 'workflowBusiness' via constructor to bean named 'testServer'
15:18:16.227 [main] DEBUG org.springframework.beans.factory.support.DefaultListableBeanFactory - Autowiring by type from bean name 'workflowBusiness' via constructor to bean named 'simulationStatsData'
15:18:16.227 [main] DEBUG org.springframework.beans.factory.support.DefaultListableBeanFactory - Autowiring by type from bean name 'workflowBusiness' via constructor to bean named 'getTestWorkflowDAO'
15:18:16.227 [main] DEBUG org.springframework.beans.factory.support.DefaultListableBeanFactory - Autowiring by type from bean name 'workflowBusiness' via constructor to bean named 'getTestProcessorDAO'
15:18:16.227 [main] DEBUG org.springframework.beans.factory.support.DefaultListableBeanFactory - Autowiring by type from bean name 'workflowBusiness' via constructor to bean named 'getTestOutputDAO'
15:18:16.227 [main] DEBUG org.springframework.beans.factory.support.DefaultListableBeanFactory - Autowiring by type from bean name 'workflowBusiness' via constructor to bean named 'getTestInputDAO'
15:18:16.227 [main] DEBUG org.springframework.beans.factory.support.DefaultListableBeanFactory - Autowiring by type from bean name 'workflowBusiness' via constructor to bean named 'getTestStatsDAO'
15:18:16.227 [main] DEBUG org.springframework.beans.factory.support.DefaultListableBeanFactory - Autowiring by type from bean name 'workflowBusiness' via constructor to bean named 'engineData'
15:18:16.227 [main] DEBUG org.springframework.beans.factory.support.DefaultListableBeanFactory - Autowiring by type from bean name 'workflowBusiness' via constructor to bean named 'applicationData'
15:18:16.227 [main] DEBUG org.springframework.beans.factory.support.DefaultListableBeanFactory - Autowiring by type from bean name 'workflowBusiness' via constructor to bean named 'usersGroupsData'
15:18:16.227 [main] DEBUG org.springframework.beans.factory.support.DefaultListableBeanFactory - Autowiring by type from bean name 'workflowBusiness' via constructor to bean named 'engineBusiness'
15:18:16.227 [main] DEBUG org.springframework.beans.factory.support.DefaultListableBeanFactory - Autowiring by type from bean name 'workflowBusiness' via constructor to bean named 'dataManagerBusiness'
15:18:16.227 [main] DEBUG org.springframework.beans.factory.support.DefaultListableBeanFactory - Autowiring by type from bean name 'workflowBusiness' via constructor to bean named 'testEmailBusiness'
15:18:16.227 [main] DEBUG org.springframework.beans.factory.support.DefaultListableBeanFactory - Autowiring by type from bean name 'workflowBusiness' via constructor to bean named 'lfcPathsBusiness'
15:18:16.227 [main] DEBUG org.springframework.beans.factory.support.DefaultListableBeanFactory - Autowiring by type from bean name 'workflowBusiness' via constructor to bean named 'testGridaPoolClient'
15:18:16.227 [main] DEBUG org.springframework.beans.factory.support.DefaultListableBeanFactory - Autowiring by type from bean name 'workflowBusiness' via constructor to bean named 'testGridaClient'
15:18:16.227 [main] DEBUG org.springframework.beans.factory.support.DefaultListableBeanFactory - Autowiring by type from bean name 'workflowBusiness' via constructor to bean named 'externalPlatformBusiness'
15:18:16.231 [main] DEBUG org.springframework.beans.factory.support.DefaultListableBeanFactory - Creating shared instance of singleton bean 'statsBusiness'
15:18:16.231 [main] DEBUG org.springframework.beans.factory.support.DefaultListableBeanFactory - Autowiring by type from bean name 'statsBusiness' via constructor to bean named 'userData'
15:18:16.231 [main] DEBUG org.springframework.beans.factory.support.DefaultListableBeanFactory - Creating shared instance of singleton bean 'vipSessionBusiness'
15:18:16.231 [main] DEBUG org.springframework.beans.factory.support.DefaultListableBeanFactory - Autowiring by type from bean name 'vipSessionBusiness' via constructor to bean named 'testServer'
15:18:16.232 [main] DEBUG org.springframework.beans.factory.support.DefaultListableBeanFactory - Autowiring by type from bean name 'vipSessionBusiness' via constructor to bean named 'configurationBusiness'
15:18:16.232 [main] DEBUG org.springframework.beans.factory.support.DefaultListableBeanFactory - Creating shared instance of singleton bean 'dataSourceConfig'
15:18:16.232 [main] DEBUG org.springframework.beans.factory.support.DefaultListableBeanFactory - Creating shared instance of singleton bean 'coreDataInitializer'
15:18:16.232 [main] DEBUG org.springframework.beans.factory.support.DefaultListableBeanFactory - Autowiring by type from bean name 'coreDataInitializer' via constructor to bean named 'groupData'
15:18:16.232 [main] DEBUG org.springframework.beans.factory.support.DefaultListableBeanFactory - Autowiring by type from bean name 'coreDataInitializer' via constructor to bean named 'lazyDataSource'
15:18:16.232 [main] DEBUG org.springframework.beans.factory.support.DefaultListableBeanFactory - Autowiring by type from bean name 'coreDataInitializer' via constructor to bean named 'tableInitializer'
15:18:16.232 [main] DEBUG org.springframework.beans.factory.support.DefaultListableBeanFactory - Autowiring by type from bean name 'coreDataInitializer' via constructor to bean named 'testServer'
15:18:16.232 [main] DEBUG org.springframework.beans.factory.support.DefaultListableBeanFactory - Autowiring by type from bean name 'coreDataInitializer' via constructor to bean named 'userData'
15:18:16.232 [main] DEBUG org.springframework.beans.factory.support.DefaultListableBeanFactory - Autowiring by type from bean name 'coreDataInitializer' via constructor to bean named 'usersGroupsData'
15:18:16.232 [main] DEBUG org.springframework.beans.factory.support.DefaultListableBeanFactory - Autowiring by type from bean name 'coreDataInitializer' via constructor to bean named 'termsUseData'
15:18:16.233 [main] DEBUG org.springframework.beans.factory.support.DefaultListableBeanFactory - Creating shared instance of singleton bean 'emailBusiness'
15:18:16.233 [main] DEBUG org.springframework.beans.factory.support.DefaultListableBeanFactory - Creating shared instance of singleton bean 'smaClient'
15:18:16.233 [main] DEBUG org.springframework.beans.factory.support.DefaultListableBeanFactory - Autowiring by type from bean name 'smaClient' via factory method to bean named 'testServer'
15:18:16.233 [main] DEBUG org.springframework.beans.factory.support.DefaultListableBeanFactory - Autowiring by type from bean name 'emailBusiness' via constructor to bean named 'smaClient'
15:18:16.234 [main] DEBUG org.springframework.beans.factory.support.DefaultListableBeanFactory - Creating shared instance of singleton bean 'proxyClient'
15:18:16.234 [main] DEBUG org.springframework.beans.factory.support.DefaultListableBeanFactory - Autowiring by type from bean name 'proxyClient' via constructor to bean named 'testServer'
15:18:16.234 [main] DEBUG org.springframework.beans.factory.support.DefaultListableBeanFactory - Creating shared instance of singleton bean 'transferPoolBusiness'
15:18:16.235 [main] DEBUG org.springframework.beans.factory.support.DefaultListableBeanFactory - Creating shared instance of singleton bean 'LFCBusiness'
15:18:16.235 [main] DEBUG org.springframework.beans.factory.support.DefaultListableBeanFactory - Autowiring by type from bean name 'LFCBusiness' via constructor to bean named 'testGridaClient'
15:18:16.235 [main] DEBUG org.springframework.beans.factory.support.DefaultListableBeanFactory - Autowiring by type from bean name 'LFCBusiness' via constructor to bean named 'lfcPathsBusiness'
15:18:16.235 [main] DEBUG org.springframework.beans.factory.support.DefaultListableBeanFactory - Autowiring by type from bean name 'transferPoolBusiness' via constructor to bean named 'testServer'
15:18:16.235 [main] DEBUG org.springframework.beans.factory.support.DefaultListableBeanFactory - Autowiring by type from bean name 'transferPoolBusiness' via constructor to bean named 'LFCBusiness'
15:18:16.235 [main] DEBUG org.springframework.beans.factory.support.DefaultListableBeanFactory - Autowiring by type from bean name 'transferPoolBusiness' via constructor to bean named 'testGridaPoolClient'
15:18:16.235 [main] DEBUG org.springframework.beans.factory.support.DefaultListableBeanFactory - Autowiring by type from bean name 'transferPoolBusiness' via constructor to bean named 'lfcPathsBusiness'
15:18:16.236 [main] DEBUG org.springframework.beans.factory.support.DefaultListableBeanFactory - Creating shared instance of singleton bean 'LFCPermissionBusiness'
15:18:16.236 [main] DEBUG org.springframework.beans.factory.support.DefaultListableBeanFactory - Autowiring by type from bean name 'LFCPermissionBusiness' via constructor to bean named 'dataManagerBusiness'
15:18:16.236 [main] DEBUG org.springframework.beans.factory.support.DefaultListableBeanFactory - Autowiring by type from bean name 'LFCPermissionBusiness' via constructor to bean named 'lfcPathsBusiness'
15:18:16.236 [main] DEBUG org.springframework.beans.factory.support.DefaultListableBeanFactory - Creating shared instance of singleton bean 'dataManagerDataInitializer'
15:18:16.237 [main] DEBUG org.springframework.beans.factory.support.DefaultListableBeanFactory - Autowiring by type from bean name 'dataManagerDataInitializer' via constructor to bean named 'lazyDataSource'
15:18:16.237 [main] DEBUG org.springframework.beans.factory.support.DefaultListableBeanFactory - Autowiring by type from bean name 'dataManagerDataInitializer' via constructor to bean named 'tableInitializer'
15:18:16.237 [main] DEBUG org.springframework.beans.factory.support.DefaultListableBeanFactory - Creating shared instance of singleton bean 'messageBusiness'
15:18:16.237 [main] DEBUG org.springframework.beans.factory.support.DefaultListableBeanFactory - Creating shared instance of singleton bean 'messageData'
15:18:16.238 [main] DEBUG org.springframework.beans.factory.support.DefaultListableBeanFactory - Autowiring by type from bean name 'messageData' via constructor to bean named 'userData'
15:18:16.238 [main] DEBUG org.springframework.beans.factory.support.DefaultListableBeanFactory - Autowiring by type from bean name 'messageData' via constructor to bean named 'lazyDataSource'
15:18:16.238 [main] DEBUG org.springframework.beans.factory.support.DefaultListableBeanFactory - Creating shared instance of singleton bean 'groupMessageData'
15:18:16.238 [main] DEBUG org.springframework.beans.factory.support.DefaultListableBeanFactory - Autowiring by type from bean name 'groupMessageData' via constructor to bean named 'userData'
15:18:16.238 [main] DEBUG org.springframework.beans.factory.support.DefaultListableBeanFactory - Autowiring by type from bean name 'groupMessageData' via constructor to bean named 'groupData'
15:18:16.238 [main] DEBUG org.springframework.beans.factory.support.DefaultListableBeanFactory - Autowiring by type from bean name 'groupMessageData' via constructor to bean named 'messageData'
15:18:16.238 [main] DEBUG org.springframework.beans.factory.support.DefaultListableBeanFactory - Autowiring by type from bean name 'groupMessageData' via constructor to bean named 'lazyDataSource'
15:18:16.238 [main] DEBUG org.springframework.beans.factory.support.DefaultListableBeanFactory - Autowiring by type from bean name 'messageBusiness' via constructor to bean named 'messageData'
15:18:16.238 [main] DEBUG org.springframework.beans.factory.support.DefaultListableBeanFactory - Autowiring by type from bean name 'messageBusiness' via constructor to bean named 'groupMessageData'
15:18:16.238 [main] DEBUG org.springframework.beans.factory.support.DefaultListableBeanFactory - Autowiring by type from bean name 'messageBusiness' via constructor to bean named 'usersGroupsData'
15:18:16.238 [main] DEBUG org.springframework.beans.factory.support.DefaultListableBeanFactory - Autowiring by type from bean name 'messageBusiness' via constructor to bean named 'configurationBusiness'
15:18:16.238 [main] DEBUG org.springframework.beans.factory.support.DefaultListableBeanFactory - Autowiring by type from bean name 'messageBusiness' via constructor to bean named 'testEmailBusiness'
15:18:16.239 [main] DEBUG org.springframework.beans.factory.support.DefaultListableBeanFactory - Creating shared instance of singleton bean 'messagingDataInitializer'
15:18:16.239 [main] DEBUG org.springframework.beans.factory.support.DefaultListableBeanFactory - Autowiring by type from bean name 'messagingDataInitializer' via constructor to bean named 'lazyDataSource'
15:18:16.239 [main] DEBUG org.springframework.beans.factory.support.DefaultListableBeanFactory - Autowiring by type from bean name 'messagingDataInitializer' via constructor to bean named 'tableInitializer'
15:18:16.239 [main] DEBUG org.springframework.beans.factory.support.DefaultListableBeanFactory - Creating shared instance of singleton bean 'workflowsDBDAOFactory'
15:18:16.240 [main] DEBUG org.springframework.beans.factory.support.DefaultListableBeanFactory - Creating shared instance of singleton bean 'vipConfigFolder'
15:18:16.240 [main] DEBUG org.springframework.beans.factory.support.DefaultListableBeanFactory - Autowiring by type from bean name 'vipConfigFolder' via factory method to bean named 'org.springframework.context.support.GenericApplicationContext@6cbbb17d'
15:18:16.240 [main] DEBUG org.springframework.core.env.PropertySourcesPropertyResolver - Found key 'vipConfigFolder' in PropertySource 'Inlined Test Properties' with value of type String
15:18:16.240 [main] INFO fr.insalyon.creatis.vip.core.server.SpringCoreConfig - found vipConfigFolder property : classpath:
15:18:16.240 [main] DEBUG org.springframework.beans.factory.support.DefaultListableBeanFactory - Creating shared instance of singleton bean 'transactionManager'
15:18:16.240 [main] DEBUG org.springframework.beans.factory.support.DefaultListableBeanFactory - Autowiring by type from bean name 'transactionManager' via factory method to bean named 'lazyDataSource'
15:18:16.240 [main] DEBUG org.springframework.beans.factory.support.DefaultListableBeanFactory - Creating shared instance of singleton bean 'gridaClient'
15:18:16.241 [main] DEBUG org.springframework.beans.factory.support.DefaultListableBeanFactory - Autowiring by type from bean name 'gridaClient' via factory method to bean named 'testServer'
15:18:16.241 [main] DEBUG org.springframework.beans.factory.support.DefaultListableBeanFactory - Creating shared instance of singleton bean 'gridaPoolClient'
15:18:16.241 [main] DEBUG org.springframework.beans.factory.support.DefaultListableBeanFactory - Autowiring by type from bean name 'gridaPoolClient' via factory method to bean named 'testServer'
15:18:16.242 [main] DEBUG org.springframework.context.event.EventListenerMethodProcessor - 1 @EventListener methods processed on bean 'applicationDataInitializer': {public void fr.insalyon.creatis.vip.application.server.dao.mysql.ApplicationDataInitializer.onStartup()=@org.springframework.context.event.EventListener(classes=[org.springframework.context.event.ContextRefreshedEvent], condition=, id=, value=[org.springframework.context.event.ContextRefreshedEvent])}
15:18:16.243 [main] DEBUG org.springframework.context.event.EventListenerMethodProcessor - 1 @EventListener methods processed on bean 'coreDataInitializer': {public void fr.insalyon.creatis.vip.core.server.dao.mysql.CoreDataInitializer.onStartup()=@org.springframework.context.event.EventListener(classes=[org.springframework.context.event.ContextRefreshedEvent], condition=, id=, value=[org.springframework.context.event.ContextRefreshedEvent])}
15:18:16.243 [main] DEBUG org.springframework.context.event.EventListenerMethodProcessor - 1 @EventListener methods processed on bean 'dataManagerDataInitializer': {public void fr.insalyon.creatis.vip.datamanager.server.dao.mysql.DataManagerDataInitializer.onStartup()=@org.springframework.context.event.EventListener(classes=[org.springframework.context.event.ContextRefreshedEvent], condition=, id=, value=[org.springframework.context.event.ContextRefreshedEvent])}
15:18:16.243 [main] DEBUG org.springframework.context.event.EventListenerMethodProcessor - 1 @EventListener methods processed on bean 'messagingDataInitializer': {public void fr.insalyon.creatis.vip.social.server.dao.mysql.MessagingDataInitializer.onStartup()=@org.springframework.context.event.EventListener(classes=[org.springframework.context.event.ContextRefreshedEvent], condition=, id=, value=[org.springframework.context.event.ContextRefreshedEvent])}
15:18:16.244 [main] DEBUG org.springframework.jdbc.datasource.DataSourceTransactionManager - Creating new transaction with name [fr.insalyon.creatis.vip.core.server.dao.mysql.CoreDataInitializer.onStartup]: PROPAGATION_REQUIRED,ISOLATION_DEFAULT
15:18:16.245 [main] DEBUG org.springframework.jdbc.datasource.DataSourceTransactionManager - Acquired Connection [Lazy Connection proxy for target DataSource [org.springframework.jdbc.datasource.embedded.EmbeddedDatabaseFactory$EmbeddedDataSourceProxy@3798eae1]] for JDBC transaction
15:18:16.245 [main] DEBUG org.springframework.jdbc.datasource.DataSourceTransactionManager - Switching JDBC Connection [Lazy Connection proxy for target DataSource [org.springframework.jdbc.datasource.embedded.EmbeddedDatabaseFactory$EmbeddedDataSourceProxy@3798eae1]] to manual commit
15:18:16.245 [main] INFO fr.insalyon.creatis.vip.core.server.dao.mysql.CoreDataInitializer - Configuring VIP core database.
15:18:16.245 [main] DEBUG org.springframework.jdbc.datasource.DataSourceTransactionManager - Participating in existing transaction
15:18:16.246 [main] DEBUG org.springframework.jdbc.datasource.SimpleDriverDataSource - Creating new JDBC Driver Connection to [jdbc:h2:mem:b3c94af6-8494-42ce-8c7d-ff643bef4add;DB_CLOSE_DELAY=-1;DB_CLOSE_ON_EXIT=false]
15:18:16.246 [main] INFO fr.insalyon.creatis.vip.core.server.dao.mysql.TableInitializer - Table VIPUsers successfully created.
15:18:16.247 [main] DEBUG org.springframework.jdbc.datasource.DataSourceTransactionManager - Participating in existing transaction
15:18:16.247 [main] DEBUG org.springframework.jdbc.datasource.DataSourceTransactionManager - Participating in existing transaction
15:18:16.247 [main] INFO fr.insalyon.creatis.vip.core.server.dao.mysql.TableInitializer - Table VIPGroups successfully created.
15:18:16.247 [main] DEBUG org.springframework.jdbc.datasource.DataSourceTransactionManager - Participating in existing transaction
15:18:16.247 [main] DEBUG org.springframework.jdbc.datasource.DataSourceTransactionManager - Participating in existing transaction
15:18:16.248 [main] INFO fr.insalyon.creatis.vip.core.server.dao.mysql.TableInitializer - Table VIPUsersGroups successfully created.
15:18:16.249 [main] DEBUG org.springframework.jdbc.datasource.DataSourceTransactionManager - Participating in existing transaction
15:18:16.249 [main] DEBUG org.springframework.jdbc.datasource.DataSourceTransactionManager - Participating in existing transaction
15:18:16.249 [main] INFO fr.insalyon.creatis.vip.core.server.dao.mysql.TableInitializer - Table VIPTermsOfuse successfully created.
15:18:16.249 [main] DEBUG org.springframework.jdbc.datasource.DataSourceTransactionManager - Participating in existing transaction
15:18:16.249 [main] DEBUG org.springframework.jdbc.datasource.DataSourceTransactionManager - Initiating transaction commit
15:18:16.249 [main] DEBUG org.springframework.jdbc.datasource.DataSourceTransactionManager - Committing JDBC transaction on Connection [conn114: url=jdbc:h2:mem:b3c94af6-8494-42ce-8c7d-ff643bef4add user=SA]
15:18:16.250 [main] DEBUG org.springframework.jdbc.datasource.DataSourceTransactionManager - Releasing JDBC Connection [conn114: url=jdbc:h2:mem:b3c94af6-8494-42ce-8c7d-ff643bef4add user=SA] after transaction
15:18:16.250 [main] DEBUG org.springframework.jdbc.datasource.DataSourceTransactionManager - Creating new transaction with name [fr.insalyon.creatis.vip.application.server.dao.mysql.ApplicationDataInitializer.onStartup]: PROPAGATION_REQUIRED,ISOLATION_DEFAULT
15:18:16.250 [main] DEBUG org.springframework.jdbc.datasource.DataSourceTransactionManager - Acquired Connection [Lazy Connection proxy for target DataSource [org.springframework.jdbc.datasource.embedded.EmbeddedDatabaseFactory$EmbeddedDataSourceProxy@3798eae1]] for JDBC transaction
15:18:16.250 [main] DEBUG org.springframework.jdbc.datasource.DataSourceTransactionManager - Switching JDBC Connection [Lazy Connection proxy for target DataSource [org.springframework.jdbc.datasource.embedded.EmbeddedDatabaseFactory$EmbeddedDataSourceProxy@3798eae1]] to manual commit
15:18:16.250 [main] INFO fr.insalyon.creatis.vip.application.server.dao.mysql.ApplicationDataInitializer - Configuring VIP Application database.
15:18:16.250 [main] DEBUG org.springframework.jdbc.datasource.DataSourceTransactionManager - Participating in existing transaction
15:18:16.251 [main] DEBUG org.springframework.jdbc.datasource.SimpleDriverDataSource - Creating new JDBC Driver Connection to [jdbc:h2:mem:b3c94af6-8494-42ce-8c7d-ff643bef4add;DB_CLOSE_DELAY=-1;DB_CLOSE_ON_EXIT=false]
15:18:16.251 [main] INFO fr.insalyon.creatis.vip.core.server.dao.mysql.TableInitializer - Table VIPEngines successfully created.
15:18:16.251 [main] DEBUG org.springframework.jdbc.datasource.DataSourceTransactionManager - Participating in existing transaction
15:18:16.251 [main] INFO fr.insalyon.creatis.vip.core.server.dao.mysql.TableInitializer - Table VIPClasses successfully created.
15:18:16.251 [main] DEBUG org.springframework.jdbc.datasource.DataSourceTransactionManager - Participating in existing transaction
15:18:16.252 [main] INFO fr.insalyon.creatis.vip.core.server.dao.mysql.TableInitializer - Table VIPClassesEngines successfully created.
15:18:16.253 [main] DEBUG org.springframework.jdbc.datasource.DataSourceTransactionManager - Participating in existing transaction
15:18:16.254 [main] INFO fr.insalyon.creatis.vip.core.server.dao.mysql.TableInitializer - Table VIPGroupsClasses successfully created.
15:18:16.254 [main] DEBUG org.springframework.jdbc.datasource.DataSourceTransactionManager - Participating in existing transaction
15:18:16.254 [main] INFO fr.insalyon.creatis.vip.core.server.dao.mysql.TableInitializer - Table VIPApplications successfully created.
15:18:16.254 [main] DEBUG org.springframework.jdbc.datasource.DataSourceTransactionManager - Participating in existing transaction
15:18:16.255 [main] INFO fr.insalyon.creatis.vip.core.server.dao.mysql.TableInitializer - Table VIPAppVersions successfully created.
15:18:16.255 [main] DEBUG org.springframework.jdbc.datasource.DataSourceTransactionManager - Participating in existing transaction
15:18:16.255 [main] INFO fr.insalyon.creatis.vip.core.server.dao.mysql.TableInitializer - Table VIPApplicationClasses successfully created.
15:18:16.255 [main] DEBUG org.springframework.jdbc.datasource.DataSourceTransactionManager - Participating in existing transaction
15:18:16.255 [main] INFO fr.insalyon.creatis.vip.core.server.dao.mysql.TableInitializer - Table VIPAppInputs successfully created.
15:18:16.256 [main] DEBUG org.springframework.jdbc.datasource.DataSourceTransactionManager - Participating in existing transaction
15:18:16.256 [main] INFO fr.insalyon.creatis.vip.core.server.dao.mysql.TableInitializer - Table VIPAppExamples successfully created.
15:18:16.256 [main] DEBUG org.springframework.jdbc.datasource.DataSourceTransactionManager - Initiating transaction commit
15:18:16.256 [main] DEBUG org.springframework.jdbc.datasource.DataSourceTransactionManager - Committing JDBC transaction on Connection [conn115: url=jdbc:h2:mem:b3c94af6-8494-42ce-8c7d-ff643bef4add user=SA]
15:18:16.256 [main] DEBUG org.springframework.jdbc.datasource.DataSourceTransactionManager - Releasing JDBC Connection [conn115: url=jdbc:h2:mem:b3c94af6-8494-42ce-8c7d-ff643bef4add user=SA] after transaction
15:18:16.256 [main] DEBUG org.springframework.jdbc.datasource.DataSourceTransactionManager - Creating new transaction with name [fr.insalyon.creatis.vip.datamanager.server.dao.mysql.DataManagerDataInitializer.onStartup]: PROPAGATION_REQUIRED,ISOLATION_DEFAULT
15:18:16.256 [main] DEBUG org.springframework.jdbc.datasource.DataSourceTransactionManager - Acquired Connection [Lazy Connection proxy for target DataSource [org.springframework.jdbc.datasource.embedded.EmbeddedDatabaseFactory$EmbeddedDataSourceProxy@3798eae1]] for JDBC transaction
15:18:16.256 [main] DEBUG org.springframework.jdbc.datasource.DataSourceTransactionManager - Switching JDBC Connection [Lazy Connection proxy for target DataSource [org.springframework.jdbc.datasource.embedded.EmbeddedDatabaseFactory$EmbeddedDataSourceProxy@3798eae1]] to manual commit
15:18:16.256 [main] INFO fr.insalyon.creatis.vip.datamanager.server.dao.mysql.DataManagerDataInitializer - Configuring VIP SSH database.
15:18:16.256 [main] DEBUG org.springframework.jdbc.datasource.DataSourceTransactionManager - Participating in existing transaction
15:18:16.257 [main] DEBUG org.springframework.jdbc.datasource.SimpleDriverDataSource - Creating new JDBC Driver Connection to [jdbc:h2:mem:b3c94af6-8494-42ce-8c7d-ff643bef4add;DB_CLOSE_DELAY=-1;DB_CLOSE_ON_EXIT=false]
15:18:16.257 [main] INFO fr.insalyon.creatis.vip.core.server.dao.mysql.TableInitializer - Table VIPSSHAccounts successfully created.
15:18:16.257 [main] INFO fr.insalyon.creatis.vip.datamanager.server.dao.mysql.DataManagerDataInitializer - Configuring VIP External Platforms database.
15:18:16.257 [main] DEBUG org.springframework.jdbc.datasource.DataSourceTransactionManager - Participating in existing transaction
15:18:16.258 [main] INFO fr.insalyon.creatis.vip.core.server.dao.mysql.TableInitializer - Table VIPExternalPlatforms successfully created.
15:18:16.258 [main] INFO fr.insalyon.creatis.vip.datamanager.server.dao.mysql.DataManagerDataInitializer - Configuring VIP api keys database.
15:18:16.258 [main] DEBUG org.springframework.jdbc.datasource.DataSourceTransactionManager - Participating in existing transaction
15:18:16.258 [main] INFO fr.insalyon.creatis.vip.core.server.dao.mysql.TableInitializer - Table VIPApiKeys successfully created.
15:18:16.258 [main] DEBUG org.springframework.jdbc.datasource.DataSourceTransactionManager - Initiating transaction commit
15:18:16.258 [main] DEBUG org.springframework.jdbc.datasource.DataSourceTransactionManager - Committing JDBC transaction on Connection [conn116: url=jdbc:h2:mem:b3c94af6-8494-42ce-8c7d-ff643bef4add user=SA]
15:18:16.258 [main] DEBUG org.springframework.jdbc.datasource.DataSourceTransactionManager - Releasing JDBC Connection [conn116: url=jdbc:h2:mem:b3c94af6-8494-42ce-8c7d-ff643bef4add user=SA] after transaction
15:18:16.258 [main] DEBUG org.springframework.jdbc.datasource.DataSourceTransactionManager - Creating new transaction with name [fr.insalyon.creatis.vip.social.server.dao.mysql.MessagingDataInitializer.onStartup]: PROPAGATION_REQUIRED,ISOLATION_DEFAULT
15:18:16.259 [main] DEBUG org.springframework.jdbc.datasource.DataSourceTransactionManager - Acquired Connection [Lazy Connection proxy for target DataSource [org.springframework.jdbc.datasource.embedded.EmbeddedDatabaseFactory$EmbeddedDataSourceProxy@3798eae1]] for JDBC transaction
15:18:16.259 [main] DEBUG org.springframework.jdbc.datasource.DataSourceTransactionManager - Switching JDBC Connection [Lazy Connection proxy for target DataSource [org.springframework.jdbc.datasource.embedded.EmbeddedDatabaseFactory$EmbeddedDataSourceProxy@3798eae1]] to manual commit
15:18:16.259 [main] INFO fr.insalyon.creatis.vip.social.server.dao.mysql.MessagingDataInitializer - Configuring VIP Social database.
15:18:16.259 [main] DEBUG org.springframework.jdbc.datasource.DataSourceTransactionManager - Participating in existing transaction
15:18:16.259 [main] DEBUG org.springframework.jdbc.datasource.SimpleDriverDataSource - Creating new JDBC Driver Connection to [jdbc:h2:mem:b3c94af6-8494-42ce-8c7d-ff643bef4add;DB_CLOSE_DELAY=-1;DB_CLOSE_ON_EXIT=false]
15:18:16.260 [main] INFO fr.insalyon.creatis.vip.core.server.dao.mysql.TableInitializer - Table VIPSocialMessage successfully created.
15:18:16.260 [main] DEBUG org.springframework.jdbc.datasource.DataSourceTransactionManager - Participating in existing transaction
15:18:16.261 [main] INFO fr.insalyon.creatis.vip.core.server.dao.mysql.TableInitializer - Table VIPSocialMessageSenderReceiver successfully created.
15:18:16.261 [main] DEBUG org.springframework.jdbc.datasource.DataSourceTransactionManager - Participating in existing transaction
15:18:16.261 [main] INFO fr.insalyon.creatis.vip.core.server.dao.mysql.TableInitializer - Table VIPSocialGroupMessage successfully created.
15:18:16.261 [main] DEBUG org.springframework.jdbc.datasource.DataSourceTransactionManager - Initiating transaction commit
15:18:16.261 [main] DEBUG org.springframework.jdbc.datasource.DataSourceTransactionManager - Committing JDBC transaction on Connection [conn117: url=jdbc:h2:mem:b3c94af6-8494-42ce-8c7d-ff643bef4add user=SA]
15:18:16.261 [main] DEBUG org.springframework.jdbc.datasource.DataSourceTransactionManager - Releasing JDBC Connection [conn117: url=jdbc:h2:mem:b3c94af6-8494-42ce-8c7d-ff643bef4add user=SA] after transaction
15:18:16.262 [main] DEBUG org.springframework.test.context.cache.DefaultCacheAwareContextLoaderDelegate - Storing ApplicationContext [1824239997] in cache under key [[MergedContextConfiguration@39e7d6fc testClass = ClassIT, locations = '{}', classes = '{class fr.insalyon.creatis.vip.core.server.SpringCoreConfig}', contextInitializerClasses = '[]', activeProfiles = '{test-db, test}', propertySourceLocations = '{}', propertySourceProperties = '{db.tableEngine=, vipConfigFolder=classpath:}', contextCustomizers = set[[empty]], contextLoader = 'org.springframework.test.context.support.DelegatingSmartContextLoader', parent = [null]]]
15:18:16.262 [main] DEBUG org.springframework.test.context.cache - Spring test ApplicationContext cache statistics: [DefaultContextCache@2fba07dc size = 1, maxSize = 32, parentContextCount = 0, hitCount = 177, missCount = 12]
15:18:16.263 [main] DEBUG org.springframework.test.context.cache.DefaultCacheAwareContextLoaderDelegate - Retrieved ApplicationContext [1824239997] from cache with key [[MergedContextConfiguration@39e7d6fc testClass = ClassIT, locations = '{}', classes = '{class fr.insalyon.creatis.vip.core.server.SpringCoreConfig}', contextInitializerClasses = '[]', activeProfiles = '{test-db, test}', propertySourceLocations = '{}', propertySourceProperties = '{db.tableEngine=, vipConfigFolder=classpath:}', contextCustomizers = set[[empty]], contextLoader = 'org.springframework.test.context.support.DelegatingSmartContextLoader', parent = [null]]]
15:18:16.263 [main] DEBUG org.springframework.test.context.cache - Spring test ApplicationContext cache statistics: [DefaultContextCache@2fba07dc size = 1, maxSize = 32, parentContextCount = 0, hitCount = 178, missCount = 12]
15:18:16.265 [main] DEBUG org.springframework.test.context.support.AbstractDirtiesContextTestExecutionListener - Before test method: context [DefaultTestContext@23803141 testClass = ClassIT, testInstance = fr.insalyon.creatis.vip.application.integrationtest.ClassIT@127c9b0, testMethod = testUpdateClass@ClassIT, testException = [null], mergedContextConfiguration = [MergedContextConfiguration@39e7d6fc testClass = ClassIT, locations = '{}', classes = '{class fr.insalyon.creatis.vip.core.server.SpringCoreConfig}', contextInitializerClasses = '[]', activeProfiles = '{test-db, test}', propertySourceLocations = '{}', propertySourceProperties = '{db.tableEngine=, vipConfigFolder=classpath:}', contextCustomizers = set[[empty]], contextLoader = 'org.springframework.test.context.support.DelegatingSmartContextLoader', parent = [null]], attributes = map['org.springframework.test.context.event.ApplicationEventsTestExecutionListener.recordApplicationEvents' -> false]], class annotated with @DirtiesContext [true] with mode [AFTER_EACH_TEST_METHOD], method annotated with @DirtiesContext [false] with mode [null].
15:18:16.265 [main] DEBUG org.springframework.test.context.transaction.TransactionalTestExecutionListener - Explicit transaction definition [PROPAGATION_REQUIRED,ISOLATION_DEFAULT] found for test context [DefaultTestContext@23803141 testClass = ClassIT, testInstance = fr.insalyon.creatis.vip.application.integrationtest.ClassIT@127c9b0, testMethod = testUpdateClass@ClassIT, testException = [null], mergedContextConfiguration = [MergedContextConfiguration@39e7d6fc testClass = ClassIT, locations = '{}', classes = '{class fr.insalyon.creatis.vip.core.server.SpringCoreConfig}', contextInitializerClasses = '[]', activeProfiles = '{test-db, test}', propertySourceLocations = '{}', propertySourceProperties = '{db.tableEngine=, vipConfigFolder=classpath:}', contextCustomizers = set[[empty]], contextLoader = 'org.springframework.test.context.support.DelegatingSmartContextLoader', parent = [null]], attributes = map['org.springframework.test.context.event.ApplicationEventsTestExecutionListener.recordApplicationEvents' -> false]]
15:18:16.265 [main] DEBUG org.springframework.test.context.cache.DefaultCacheAwareContextLoaderDelegate - Retrieved ApplicationContext [1824239997] from cache with key [[MergedContextConfiguration@39e7d6fc testClass = ClassIT, locations = '{}', classes = '{class fr.insalyon.creatis.vip.core.server.SpringCoreConfig}', contextInitializerClasses = '[]', activeProfiles = '{test-db, test}', propertySourceLocations = '{}', propertySourceProperties = '{db.tableEngine=, vipConfigFolder=classpath:}', contextCustomizers = set[[empty]], contextLoader = 'org.springframework.test.context.support.DelegatingSmartContextLoader', parent = [null]]]
15:18:16.265 [main] DEBUG org.springframework.test.context.cache - Spring test ApplicationContext cache statistics: [DefaultContextCache@2fba07dc size = 1, maxSize = 32, parentContextCount = 0, hitCount = 179, missCount = 12]
15:18:16.266 [main] DEBUG org.springframework.test.context.transaction.TransactionalTestExecutionListener - No method-level @Rollback override: using default rollback [true] for test context [DefaultTestContext@23803141 testClass = ClassIT, testInstance = fr.insalyon.creatis.vip.application.integrationtest.ClassIT@127c9b0, testMethod = testUpdateClass@ClassIT, testException = [null], mergedContextConfiguration = [MergedContextConfiguration@39e7d6fc testClass = ClassIT, locations = '{}', classes = '{class fr.insalyon.creatis.vip.core.server.SpringCoreConfig}', contextInitializerClasses = '[]', activeProfiles = '{test-db, test}', propertySourceLocations = '{}', propertySourceProperties = '{db.tableEngine=, vipConfigFolder=classpath:}', contextCustomizers = set[[empty]], contextLoader = 'org.springframework.test.context.support.DelegatingSmartContextLoader', parent = [null]], attributes = map['org.springframework.test.context.event.ApplicationEventsTestExecutionListener.recordApplicationEvents' -> false]].
15:18:16.266 [main] DEBUG org.springframework.jdbc.datasource.DataSourceTransactionManager - Creating new transaction with name [fr.insalyon.creatis.vip.application.integrationtest.ClassIT.testUpdateClass]: PROPAGATION_REQUIRED,ISOLATION_DEFAULT
15:18:16.266 [main] DEBUG org.springframework.jdbc.datasource.DataSourceTransactionManager - Acquired Connection [Lazy Connection proxy for target DataSource [org.springframework.jdbc.datasource.embedded.EmbeddedDatabaseFactory$EmbeddedDataSourceProxy@3798eae1]] for JDBC transaction
15:18:16.266 [main] DEBUG org.springframework.jdbc.datasource.DataSourceTransactionManager - Switching JDBC Connection [Lazy Connection proxy for target DataSource [org.springframework.jdbc.datasource.embedded.EmbeddedDatabaseFactory$EmbeddedDataSourceProxy@3798eae1]] to manual commit
15:18:16.267 [main] INFO org.springframework.test.context.transaction.TransactionContext - Began transaction (1) for test context [DefaultTestContext@23803141 testClass = ClassIT, testInstance = fr.insalyon.creatis.vip.application.integrationtest.ClassIT@127c9b0, testMethod = testUpdateClass@ClassIT, testException = [null], mergedContextConfiguration = [MergedContextConfiguration@39e7d6fc testClass = ClassIT, locations = '{}', classes = '{class fr.insalyon.creatis.vip.core.server.SpringCoreConfig}', contextInitializerClasses = '[]', activeProfiles = '{test-db, test}', propertySourceLocations = '{}', propertySourceProperties = '{db.tableEngine=, vipConfigFolder=classpath:}', contextCustomizers = set[[empty]], contextLoader = 'org.springframework.test.context.support.DelegatingSmartContextLoader', parent = [null]], attributes = map['org.springframework.test.context.event.ApplicationEventsTestExecutionListener.recordApplicationEvents' -> false]]; transaction manager [org.springframework.jdbc.datasource.DataSourceTransactionManager@5b4171a3]; rollback [true]
15:18:16.267 [main] DEBUG org.springframework.test.context.cache.DefaultCacheAwareContextLoaderDelegate - Retrieved ApplicationContext [1824239997] from cache with key [[MergedContextConfiguration@39e7d6fc testClass = ClassIT, locations = '{}', classes = '{class fr.insalyon.creatis.vip.core.server.SpringCoreConfig}', contextInitializerClasses = '[]', activeProfiles = '{test-db, test}', propertySourceLocations = '{}', propertySourceProperties = '{db.tableEngine=, vipConfigFolder=classpath:}', contextCustomizers = set[[empty]], contextLoader = 'org.springframework.test.context.support.DelegatingSmartContextLoader', parent = [null]]]
15:18:16.267 [main] DEBUG org.springframework.test.context.cache - Spring test ApplicationContext cache statistics: [DefaultContextCache@2fba07dc size = 1, maxSize = 32, parentContextCount = 0, hitCount = 180, missCount = 12]
15:18:16.268 [main] DEBUG org.springframework.jdbc.datasource.DataSourceTransactionManager - Participating in existing transaction
15:18:16.269 [main] DEBUG org.springframework.jdbc.datasource.DataSourceTransactionManager - Participating in existing transaction
15:18:16.269 [main] DEBUG org.springframework.jdbc.datasource.SimpleDriverDataSource - Creating new JDBC Driver Connection to [jdbc:h2:mem:b3c94af6-8494-42ce-8c7d-ff643bef4add;DB_CLOSE_DELAY=-1;DB_CLOSE_ON_EXIT=false]
15:18:16.269 [main] DEBUG org.springframework.jdbc.datasource.DataSourceTransactionManager - Participating in existing transaction
15:18:16.269 [main] DEBUG org.springframework.jdbc.datasource.DataSourceTransactionManager - Participating in existing transaction
15:18:16.270 [main] DEBUG org.springframework.jdbc.datasource.DataSourceTransactionManager - Participating in existing transaction
15:18:16.270 [main] DEBUG org.springframework.jdbc.datasource.DataSourceTransactionManager - Participating in existing transaction
15:18:16.270 [main] DEBUG org.springframework.test.context.cache.DefaultCacheAwareContextLoaderDelegate - Retrieved ApplicationContext [1824239997] from cache with key [[MergedContextConfiguration@39e7d6fc testClass = ClassIT, locations = '{}', classes = '{class fr.insalyon.creatis.vip.core.server.SpringCoreConfig}', contextInitializerClasses = '[]', activeProfiles = '{test-db, test}', propertySourceLocations = '{}', propertySourceProperties = '{db.tableEngine=, vipConfigFolder=classpath:}', contextCustomizers = set[[empty]], contextLoader = 'org.springframework.test.context.support.DelegatingSmartContextLoader', parent = [null]]]
15:18:16.270 [main] DEBUG org.springframework.test.context.cache - Spring test ApplicationContext cache statistics: [DefaultContextCache@2fba07dc size = 1, maxSize = 32, parentContextCount = 0, hitCount = 181, missCount = 12]
15:18:16.270 [main] DEBUG org.springframework.jdbc.datasource.DataSourceTransactionManager - Participating in existing transaction
15:18:16.270 [main] DEBUG org.springframework.jdbc.datasource.DataSourceTransactionManager - Participating in existing transaction
15:18:16.271 [main] DEBUG org.springframework.jdbc.datasource.DataSourceTransactionManager - Participating in existing transaction
15:18:16.271 [main] DEBUG org.springframework.jdbc.datasource.DataSourceTransactionManager - Participating in existing transaction
15:18:16.271 [main] DEBUG org.springframework.jdbc.datasource.DataSourceTransactionManager - Participating in existing transaction
15:18:16.271 [main] DEBUG org.springframework.jdbc.datasource.DataSourceTransactionManager - Participating in existing transaction
15:18:16.273 [main] DEBUG org.springframework.jdbc.datasource.DataSourceTransactionManager - Participating in existing transaction
15:18:16.273 [main] DEBUG org.springframework.jdbc.datasource.DataSourceTransactionManager - Participating in existing transaction
15:18:16.273 [main] DEBUG org.springframework.test.context.cache.DefaultCacheAwareContextLoaderDelegate - Retrieved ApplicationContext [1824239997] from cache with key [[MergedContextConfiguration@39e7d6fc testClass = ClassIT, locations = '{}', classes = '{class fr.insalyon.creatis.vip.core.server.SpringCoreConfig}', contextInitializerClasses = '[]', activeProfiles = '{test-db, test}', propertySourceLocations = '{}', propertySourceProperties = '{db.tableEngine=, vipConfigFolder=classpath:}', contextCustomizers = set[[empty]], contextLoader = 'org.springframework.test.context.support.DelegatingSmartContextLoader', parent = [null]]]
15:18:16.273 [main] DEBUG org.springframework.test.context.cache - Spring test ApplicationContext cache statistics: [DefaultContextCache@2fba07dc size = 1, maxSize = 32, parentContextCount = 0, hitCount = 182, missCount = 12]
15:18:16.274 [main] DEBUG org.springframework.test.context.cache.DefaultCacheAwareContextLoaderDelegate - Retrieved ApplicationContext [1824239997] from cache with key [[MergedContextConfiguration@39e7d6fc testClass = ClassIT, locations = '{}', classes = '{class fr.insalyon.creatis.vip.core.server.SpringCoreConfig}', contextInitializerClasses = '[]', activeProfiles = '{test-db, test}', propertySourceLocations = '{}', propertySourceProperties = '{db.tableEngine=, vipConfigFolder=classpath:}', contextCustomizers = set[[empty]], contextLoader = 'org.springframework.test.context.support.DelegatingSmartContextLoader', parent = [null]]]
15:18:16.274 [main] DEBUG org.springframework.test.context.cache - Spring test ApplicationContext cache statistics: [DefaultContextCache@2fba07dc size = 1, maxSize = 32, parentContextCount = 0, hitCount = 183, missCount = 12]
15:18:16.274 [main] DEBUG org.springframework.jdbc.datasource.DataSourceTransactionManager - Initiating transaction rollback
15:18:16.274 [main] DEBUG org.springframework.jdbc.datasource.DataSourceTransactionManager - Rolling back JDBC transaction on Connection [conn118: url=jdbc:h2:mem:b3c94af6-8494-42ce-8c7d-ff643bef4add user=SA]
15:18:16.274 [main] DEBUG org.springframework.jdbc.datasource.DataSourceTransactionManager - Releasing JDBC Connection [conn118: url=jdbc:h2:mem:b3c94af6-8494-42ce-8c7d-ff643bef4add user=SA] after transaction
15:18:16.274 [main] INFO org.springframework.test.context.transaction.TransactionContext - Rolled back transaction for test: [DefaultTestContext@23803141 testClass = ClassIT, testInstance = fr.insalyon.creatis.vip.application.integrationtest.ClassIT@127c9b0, testMethod = testUpdateClass@ClassIT, testException = [null], mergedContextConfiguration = [MergedContextConfiguration@39e7d6fc testClass = ClassIT, locations = '{}', classes = '{class fr.insalyon.creatis.vip.core.server.SpringCoreConfig}', contextInitializerClasses = '[]', activeProfiles = '{test-db, test}', propertySourceLocations = '{}', propertySourceProperties = '{db.tableEngine=, vipConfigFolder=classpath:}', contextCustomizers = set[[empty]], contextLoader = 'org.springframework.test.context.support.DelegatingSmartContextLoader', parent = [null]], attributes = map['org.springframework.test.context.event.ApplicationEventsTestExecutionListener.recordApplicationEvents' -> false]]
15:18:16.274 [main] DEBUG org.springframework.test.context.support.AbstractDirtiesContextTestExecutionListener - After test method: context [DefaultTestContext@23803141 testClass = ClassIT, testInstance = fr.insalyon.creatis.vip.application.integrationtest.ClassIT@127c9b0, testMethod = testUpdateClass@ClassIT, testException = [null], mergedContextConfiguration = [MergedContextConfiguration@39e7d6fc testClass = ClassIT, locations = '{}', classes = '{class fr.insalyon.creatis.vip.core.server.SpringCoreConfig}', contextInitializerClasses = '[]', activeProfiles = '{test-db, test}', propertySourceLocations = '{}', propertySourceProperties = '{db.tableEngine=, vipConfigFolder=classpath:}', contextCustomizers = set[[empty]], contextLoader = 'org.springframework.test.context.support.DelegatingSmartContextLoader', parent = [null]], attributes = map['org.springframework.test.context.event.ApplicationEventsTestExecutionListener.recordApplicationEvents' -> false]], class annotated with @DirtiesContext [true] with mode [AFTER_EACH_TEST_METHOD], method annotated with @DirtiesContext [false] with mode [null].
15:18:16.274 [main] DEBUG org.springframework.context.support.GenericApplicationContext - Closing org.springframework.context.support.GenericApplicationContext@6cbbb17d, started on Tue Jul 11 15:18:16 CEST 2023
15:18:16.275 [main] INFO org.springframework.jdbc.datasource.embedded.EmbeddedDatabaseFactory - Shutting down embedded database: url='jdbc:h2:mem:b3c94af6-8494-42ce-8c7d-ff643bef4add;DB_CLOSE_DELAY=-1;DB_CLOSE_ON_EXIT=false'
15:18:16.275 [main] DEBUG org.springframework.jdbc.datasource.SimpleDriverDataSource - Creating new JDBC Driver Connection to [jdbc:h2:mem:b3c94af6-8494-42ce-8c7d-ff643bef4add;DB_CLOSE_DELAY=-1;DB_CLOSE_ON_EXIT=false]
]]></system-out>
  </testcase>
  <testcase name="testCatchGetNonExistentClass" classname="fr.insalyon.creatis.vip.application.integrationtest.ClassIT" time="0.013">
    <system-out><![CDATA[15:18:16.276 [main] DEBUG org.springframework.test.context.support.DependencyInjectionTestExecutionListener - Performing dependency injection for test context [[DefaultTestContext@23803141 testClass = ClassIT, testInstance = fr.insalyon.creatis.vip.application.integrationtest.ClassIT@4441d906, testMethod = [null], testException = [null], mergedContextConfiguration = [MergedContextConfiguration@39e7d6fc testClass = ClassIT, locations = '{}', classes = '{class fr.insalyon.creatis.vip.core.server.SpringCoreConfig}', contextInitializerClasses = '[]', activeProfiles = '{test-db, test}', propertySourceLocations = '{}', propertySourceProperties = '{db.tableEngine=, vipConfigFolder=classpath:}', contextCustomizers = set[[empty]], contextLoader = 'org.springframework.test.context.support.DelegatingSmartContextLoader', parent = [null]], attributes = map['org.springframework.test.context.event.ApplicationEventsTestExecutionListener.recordApplicationEvents' -> false, 'org.springframework.test.context.support.DependencyInjectionTestExecutionListener.reinjectDependencies' -> true]]].
15:18:16.276 [main] DEBUG org.springframework.test.context.support.AbstractDelegatingSmartContextLoader - Delegating to AnnotationConfigContextLoader to load context from [MergedContextConfiguration@39e7d6fc testClass = ClassIT, locations = '{}', classes = '{class fr.insalyon.creatis.vip.core.server.SpringCoreConfig}', contextInitializerClasses = '[]', activeProfiles = '{test-db, test}', propertySourceLocations = '{}', propertySourceProperties = '{db.tableEngine=, vipConfigFolder=classpath:}', contextCustomizers = set[[empty]], contextLoader = 'org.springframework.test.context.support.DelegatingSmartContextLoader', parent = [null]].
15:18:16.276 [main] DEBUG org.springframework.test.context.support.AbstractGenericContextLoader - Loading ApplicationContext for merged context configuration [[MergedContextConfiguration@39e7d6fc testClass = ClassIT, locations = '{}', classes = '{class fr.insalyon.creatis.vip.core.server.SpringCoreConfig}', contextInitializerClasses = '[]', activeProfiles = '{test-db, test}', propertySourceLocations = '{}', propertySourceProperties = '{db.tableEngine=, vipConfigFolder=classpath:}', contextCustomizers = set[[empty]], contextLoader = 'org.springframework.test.context.support.DelegatingSmartContextLoader', parent = [null]]].
15:18:16.276 [main] DEBUG org.springframework.core.env.StandardEnvironment - Activating profiles [test-db, test]
15:18:16.276 [main] DEBUG org.springframework.test.context.support.TestPropertySourceUtils - Adding inlined properties to environment: {db.tableEngine=, vipConfigFolder=classpath:}
15:18:16.276 [main] DEBUG org.springframework.test.context.support.AnnotationConfigContextLoader - Registering component classes: {class fr.insalyon.creatis.vip.core.server.SpringCoreConfig}
15:18:16.277 [main] DEBUG org.springframework.context.support.GenericApplicationContext - Refreshing org.springframework.context.support.GenericApplicationContext@75ec3734
15:18:16.277 [main] DEBUG org.springframework.beans.factory.support.DefaultListableBeanFactory - Creating shared instance of singleton bean 'org.springframework.context.annotation.internalConfigurationAnnotationProcessor'
15:18:16.283 [main] DEBUG org.springframework.context.annotation.ClassPathBeanDefinitionScanner - Identified candidate component class: file [/home/marza/Documents/VIP-portal/vip-application/target/test-classes/fr/insalyon/creatis/vip/application/integrationtest/SpringApplicationTestConfig.class]
15:18:16.292 [main] DEBUG org.springframework.context.annotation.ClassPathBeanDefinitionScanner - Identified candidate component class: URL [jar:file:/home/marza/Documents/VIP-portal/vip-application/target/vip-application-2.4.1.jar!/fr/insalyon/creatis/vip/application/server/business/EngineBusiness.class]
15:18:16.292 [main] DEBUG org.springframework.context.annotation.ClassPathBeanDefinitionScanner - Identified candidate component class: URL [jar:file:/home/marza/Documents/VIP-portal/vip-application/target/vip-application-2.4.1.jar!/fr/insalyon/creatis/vip/application/server/business/simulation/parser/InputParser.class]
15:18:16.292 [main] DEBUG org.springframework.context.annotation.ClassPathBeanDefinitionScanner - Identified candidate component class: URL [jar:file:/home/marza/Documents/VIP-portal/vip-application/target/vip-application-2.4.1.jar!/fr/insalyon/creatis/vip/application/server/business/simulation/parser/ScuflParser.class]
15:18:16.292 [main] DEBUG org.springframework.context.annotation.ClassPathBeanDefinitionScanner - Identified candidate component class: URL [jar:file:/home/marza/Documents/VIP-portal/vip-application/target/vip-application-2.4.1.jar!/fr/insalyon/creatis/vip/application/server/business/simulation/parser/GwendiaParser.class]
15:18:16.293 [main] DEBUG org.springframework.context.annotation.ClassPathBeanDefinitionScanner - Identified candidate component class: URL [jar:file:/home/marza/Documents/VIP-portal/vip-application/target/vip-application-2.4.1.jar!/fr/insalyon/creatis/vip/application/server/business/BoutiquesBusiness.class]
15:18:16.293 [main] DEBUG org.springframework.context.annotation.ClassPathBeanDefinitionScanner - Identified candidate component class: URL [jar:file:/home/marza/Documents/VIP-portal/vip-application/target/vip-application-2.4.1.jar!/fr/insalyon/creatis/vip/application/server/dao/hibernate/SimulationStatsData.class]
15:18:16.293 [main] DEBUG org.springframework.context.annotation.ClassPathBeanDefinitionScanner - Identified candidate component class: URL [jar:file:/home/marza/Documents/VIP-portal/vip-application/target/vip-application-2.4.1.jar!/fr/insalyon/creatis/vip/application/server/dao/mysql/ApplicationData.class]
15:18:16.298 [main] DEBUG org.springframework.context.annotation.ClassPathBeanDefinitionScanner - Identified candidate component class: URL [jar:file:/home/marza/Documents/VIP-portal/vip-application/target/vip-application-2.4.1.jar!/fr/insalyon/creatis/vip/application/server/business/InputBusiness.class]
15:18:16.298 [main] DEBUG org.springframework.context.annotation.ClassPathBeanDefinitionScanner - Identified candidate component class: URL [jar:file:/home/marza/Documents/VIP-portal/vip-application/target/vip-application-2.4.1.jar!/fr/insalyon/creatis/vip/application/server/business/SimulationBusiness.class]
15:18:16.301 [main] DEBUG org.springframework.context.annotation.ClassPathBeanDefinitionScanner - Identified candidate component class: URL [jar:file:/home/marza/Documents/VIP-portal/vip-application/target/vip-application-2.4.1.jar!/fr/insalyon/creatis/vip/application/server/business/WorkflowExecutionBusiness.class]
15:18:16.301 [main] DEBUG org.springframework.context.annotation.ClassPathBeanDefinitionScanner - Identified candidate component class: URL [jar:file:/home/marza/Documents/VIP-portal/vip-application/target/vip-application-2.4.1.jar!/fr/insalyon/creatis/vip/application/server/business/ApplicationBusiness.class]
15:18:16.301 [main] DEBUG org.springframework.context.annotation.ClassPathBeanDefinitionScanner - Identified candidate component class: URL [jar:file:/home/marza/Documents/VIP-portal/vip-application/target/vip-application-2.4.1.jar!/fr/insalyon/creatis/vip/application/server/business/ClassBusiness.class]
15:18:16.301 [main] DEBUG org.springframework.context.annotation.ClassPathBeanDefinitionScanner - Identified candidate component class: URL [jar:file:/home/marza/Documents/VIP-portal/vip-application/target/vip-application-2.4.1.jar!/fr/insalyon/creatis/vip/application/server/dao/mysql/EngineData.class]
15:18:16.302 [main] DEBUG org.springframework.context.annotation.ClassPathBeanDefinitionScanner - Identified candidate component class: URL [jar:file:/home/marza/Documents/VIP-portal/vip-application/target/vip-application-2.4.1.jar!/fr/insalyon/creatis/vip/application/server/dao/mysql/ApplicationDataInitializer.class]
15:18:16.302 [main] DEBUG org.springframework.context.annotation.ClassPathBeanDefinitionScanner - Identified candidate component class: URL [jar:file:/home/marza/Documents/VIP-portal/vip-application/target/vip-application-2.4.1.jar!/fr/insalyon/creatis/vip/application/server/dao/mysql/ApplicationInputData.class]
15:18:16.302 [main] DEBUG org.springframework.context.annotation.ClassPathBeanDefinitionScanner - Identified candidate component class: URL [jar:file:/home/marza/Documents/VIP-portal/vip-application/target/vip-application-2.4.1.jar!/fr/insalyon/creatis/vip/application/server/dao/h2/ExecutionNodeData.class]
15:18:16.304 [main] DEBUG org.springframework.context.annotation.ClassPathBeanDefinitionScanner - Identified candidate component class: URL [jar:file:/home/marza/Documents/VIP-portal/vip-application/target/vip-application-2.4.1.jar!/fr/insalyon/creatis/vip/application/server/business/simulation/parser/InputM2Parser.class]
15:18:16.304 [main] DEBUG org.springframework.context.annotation.ClassPathBeanDefinitionScanner - Identified candidate component class: URL [jar:file:/home/marza/Documents/VIP-portal/vip-application/target/vip-application-2.4.1.jar!/fr/insalyon/creatis/vip/application/server/business/simulation/WebServiceEngine.class]
15:18:16.304 [main] DEBUG org.springframework.context.annotation.ClassPathBeanDefinitionScanner - Identified candidate component class: URL [jar:file:/home/marza/Documents/VIP-portal/vip-application/target/vip-application-2.4.1.jar!/fr/insalyon/creatis/vip/application/server/business/WorkflowBusiness.class]
15:18:16.305 [main] DEBUG org.springframework.context.annotation.ClassPathBeanDefinitionScanner - Identified candidate component class: URL [jar:file:/home/marza/Documents/VIP-portal/vip-application/target/vip-application-2.4.1.jar!/fr/insalyon/creatis/vip/application/server/dao/mysql/ClassData.class]
15:18:16.305 [main] DEBUG org.springframework.context.annotation.ClassPathBeanDefinitionScanner - Identified candidate component class: URL [jar:file:/home/marza/Documents/VIP-portal/vip-application/target/vip-application-2.4.1.jar!/fr/insalyon/creatis/vip/application/server/dao/h2/SimulationData.class]
15:18:16.312 [main] DEBUG org.springframework.context.annotation.ClassPathBeanDefinitionScanner - Identified candidate component class: URL [jar:file:/home/marza/Documents/VIP-portal/vip-core/target/vip-core-2.4.1.jar!/fr/insalyon/creatis/vip/core/server/dao/mysql/UsersGroupsData.class]
15:18:16.314 [main] DEBUG org.springframework.context.annotation.ClassPathBeanDefinitionScanner - Identified candidate component class: URL [jar:file:/home/marza/Documents/VIP-portal/vip-core/target/vip-core-2.4.1.jar!/fr/insalyon/creatis/vip/core/server/business/StatsBusiness.class]
15:18:16.314 [main] DEBUG org.springframework.context.annotation.ClassPathBeanDefinitionScanner - Identified candidate component class: URL [jar:file:/home/marza/Documents/VIP-portal/vip-core/target/vip-core-2.4.1.jar!/fr/insalyon/creatis/vip/core/server/business/VipSessionBusiness.class]
15:18:16.315 [main] DEBUG org.springframework.context.annotation.ClassPathBeanDefinitionScanner - Identified candidate component class: URL [jar:file:/home/marza/Documents/VIP-portal/vip-core/target/vip-core-2.4.1.jar!/fr/insalyon/creatis/vip/core/server/DataSourceConfig.class]
15:18:16.315 [main] DEBUG org.springframework.context.annotation.ClassPathBeanDefinitionScanner - Identified candidate component class: URL [jar:file:/home/marza/Documents/VIP-portal/vip-core/target/vip-core-2.4.1.jar!/fr/insalyon/creatis/vip/core/server/dao/mysql/TermsUseData.class]
15:18:16.315 [main] DEBUG org.springframework.context.annotation.ClassPathBeanDefinitionScanner - Identified candidate component class: URL [jar:file:/home/marza/Documents/VIP-portal/vip-core/target/vip-core-2.4.1.jar!/fr/insalyon/creatis/vip/core/server/dao/mysql/CoreDataInitializer.class]
15:18:16.315 [main] DEBUG org.springframework.context.annotation.ClassPathBeanDefinitionScanner - Identified candidate component class: URL [jar:file:/home/marza/Documents/VIP-portal/vip-core/target/vip-core-2.4.1.jar!/fr/insalyon/creatis/vip/core/server/dao/mysql/GroupData.class]
15:18:16.319 [main] DEBUG org.springframework.context.annotation.ClassPathBeanDefinitionScanner - Identified candidate component class: URL [jar:file:/home/marza/Documents/VIP-portal/vip-core/target/vip-core-2.4.1.jar!/fr/insalyon/creatis/vip/core/server/business/EmailBusiness.class]
15:18:16.319 [main] DEBUG org.springframework.context.annotation.ClassPathBeanDefinitionScanner - Identified candidate component class: URL [jar:file:/home/marza/Documents/VIP-portal/vip-core/target/vip-core-2.4.1.jar!/fr/insalyon/creatis/vip/core/server/business/proxy/ProxyClient.class]
15:18:16.320 [main] DEBUG org.springframework.context.annotation.ClassPathBeanDefinitionScanner - Identified candidate component class: URL [jar:file:/home/marza/Documents/VIP-portal/vip-core/target/vip-core-2.4.1.jar!/fr/insalyon/creatis/vip/core/server/business/ConfigurationBusiness.class]
15:18:16.320 [main] DEBUG org.springframework.context.annotation.ClassPathBeanDefinitionScanner - Identified candidate component class: URL [jar:file:/home/marza/Documents/VIP-portal/vip-core/target/vip-core-2.4.1.jar!/fr/insalyon/creatis/vip/core/server/dao/mysql/TableInitializer.class]
15:18:16.320 [main] DEBUG org.springframework.context.annotation.ClassPathBeanDefinitionScanner - Identified candidate component class: URL [jar:file:/home/marza/Documents/VIP-portal/vip-core/target/vip-core-2.4.1.jar!/fr/insalyon/creatis/vip/core/server/dao/mysql/UserData.class]
15:18:16.328 [main] DEBUG org.springframework.context.annotation.ClassPathBeanDefinitionScanner - Identified candidate component class: URL [jar:file:/home/marza/Documents/VIP-portal/vip-datamanagement/target/vip-datamanager-2.4.1.jar!/fr/insalyon/creatis/vip/datamanager/server/business/LfcPathsBusiness.class]
15:18:16.328 [main] DEBUG org.springframework.context.annotation.ClassPathBeanDefinitionScanner - Identified candidate component class: URL [jar:file:/home/marza/Documents/VIP-portal/vip-datamanagement/target/vip-datamanager-2.4.1.jar!/fr/insalyon/creatis/vip/datamanager/server/business/ExternalPlatformBusiness.class]
15:18:16.328 [main] DEBUG org.springframework.context.annotation.ClassPathBeanDefinitionScanner - Identified candidate component class: URL [jar:file:/home/marza/Documents/VIP-portal/vip-datamanagement/target/vip-datamanager-2.4.1.jar!/fr/insalyon/creatis/vip/datamanager/server/business/GirderStorageBusiness.class]
15:18:16.328 [main] DEBUG org.springframework.context.annotation.ClassPathBeanDefinitionScanner - Identified candidate component class: URL [jar:file:/home/marza/Documents/VIP-portal/vip-datamanagement/target/vip-datamanager-2.4.1.jar!/fr/insalyon/creatis/vip/datamanager/server/business/DataManagerBusiness.class]
15:18:16.328 [main] DEBUG org.springframework.context.annotation.ClassPathBeanDefinitionScanner - Identified candidate component class: URL [jar:file:/home/marza/Documents/VIP-portal/vip-datamanagement/target/vip-datamanager-2.4.1.jar!/fr/insalyon/creatis/vip/datamanager/server/business/ApiKeyBusiness.class]
15:18:16.328 [main] DEBUG org.springframework.context.annotation.ClassPathBeanDefinitionScanner - Identified candidate component class: URL [jar:file:/home/marza/Documents/VIP-portal/vip-datamanagement/target/vip-datamanager-2.4.1.jar!/fr/insalyon/creatis/vip/datamanager/server/business/ShanoirStorageBusiness.class]
15:18:16.329 [main] DEBUG org.springframework.context.annotation.ClassPathBeanDefinitionScanner - Identified candidate component class: URL [jar:file:/home/marza/Documents/VIP-portal/vip-datamanagement/target/vip-datamanager-2.4.1.jar!/fr/insalyon/creatis/vip/datamanager/server/business/TransferPoolBusiness.class]
15:18:16.329 [main] DEBUG org.springframework.context.annotation.ClassPathBeanDefinitionScanner - Identified candidate component class: URL [jar:file:/home/marza/Documents/VIP-portal/vip-datamanagement/target/vip-datamanager-2.4.1.jar!/fr/insalyon/creatis/vip/datamanager/server/business/LFCBusiness.class]
15:18:16.329 [main] DEBUG org.springframework.context.annotation.ClassPathBeanDefinitionScanner - Identified candidate component class: URL [jar:file:/home/marza/Documents/VIP-portal/vip-datamanagement/target/vip-datamanager-2.4.1.jar!/fr/insalyon/creatis/vip/datamanager/server/business/LFCPermissionBusiness.class]
15:18:16.329 [main] DEBUG org.springframework.context.annotation.ClassPathBeanDefinitionScanner - Identified candidate component class: URL [jar:file:/home/marza/Documents/VIP-portal/vip-datamanagement/target/vip-datamanager-2.4.1.jar!/fr/insalyon/creatis/vip/datamanager/server/dao/mysql/SSHData.class]
15:18:16.329 [main] DEBUG org.springframework.context.annotation.ClassPathBeanDefinitionScanner - Identified candidate component class: URL [jar:file:/home/marza/Documents/VIP-portal/vip-datamanagement/target/vip-datamanager-2.4.1.jar!/fr/insalyon/creatis/vip/datamanager/server/dao/mysql/ApiKeysData.class]
15:18:16.330 [main] DEBUG org.springframework.context.annotation.ClassPathBeanDefinitionScanner - Identified candidate component class: URL [jar:file:/home/marza/Documents/VIP-portal/vip-datamanagement/target/vip-datamanager-2.4.1.jar!/fr/insalyon/creatis/vip/datamanager/server/dao/mysql/ExternalPlatformData.class]
15:18:16.330 [main] DEBUG org.springframework.context.annotation.ClassPathBeanDefinitionScanner - Identified candidate component class: URL [jar:file:/home/marza/Documents/VIP-portal/vip-datamanagement/target/vip-datamanager-2.4.1.jar!/fr/insalyon/creatis/vip/datamanager/server/dao/mysql/DataManagerDataInitializer.class]
15:18:16.333 [main] DEBUG org.springframework.context.annotation.ClassPathBeanDefinitionScanner - Identified candidate component class: URL [jar:file:/home/marza/Documents/VIP-portal/vip-social/target/vip-social-2.4.1.jar!/fr/insalyon/creatis/vip/social/server/business/MessageBusiness.class]
15:18:16.333 [main] DEBUG org.springframework.context.annotation.ClassPathBeanDefinitionScanner - Identified candidate component class: URL [jar:file:/home/marza/Documents/VIP-portal/vip-social/target/vip-social-2.4.1.jar!/fr/insalyon/creatis/vip/social/server/dao/mysql/MessageData.class]
15:18:16.333 [main] DEBUG org.springframework.context.annotation.ClassPathBeanDefinitionScanner - Identified candidate component class: URL [jar:file:/home/marza/Documents/VIP-portal/vip-social/target/vip-social-2.4.1.jar!/fr/insalyon/creatis/vip/social/server/dao/mysql/MessagingDataInitializer.class]
15:18:16.333 [main] DEBUG org.springframework.context.annotation.ClassPathBeanDefinitionScanner - Identified candidate component class: URL [jar:file:/home/marza/Documents/VIP-portal/vip-social/target/vip-social-2.4.1.jar!/fr/insalyon/creatis/vip/social/server/dao/mysql/GroupMessageData.class]
15:18:16.334 [main] DEBUG org.springframework.context.annotation.ClassPathBeanDefinitionScanner - Identified candidate component class: URL [jar:file:/home/marza/Documents/VIP-portal/vip-core/target/vip-core-2.4.1-tests.jar!/fr/insalyon/creatis/vip/core/integrationtest/TestDataSourceSpringConfig.class]
15:18:16.334 [main] DEBUG org.springframework.context.annotation.ClassPathBeanDefinitionScanner - Identified candidate component class: URL [jar:file:/home/marza/Documents/VIP-portal/vip-core/target/vip-core-2.4.1-tests.jar!/fr/insalyon/creatis/vip/core/integrationtest/SpingTestConfig.class]
15:18:16.335 [main] DEBUG org.springframework.context.annotation.ClassPathBeanDefinitionScanner - Identified candidate component class: URL [jar:file:/home/marza/Documents/VIP-portal/vip-core/target/vip-core-2.4.1-tests.jar!/fr/insalyon/creatis/vip/core/integrationtest/ServerMockConfig.class]
15:18:16.350 [main] DEBUG org.springframework.beans.factory.support.DefaultListableBeanFactory - Creating shared instance of singleton bean 'properties'
15:18:16.351 [main] DEBUG org.springframework.beans.factory.support.DefaultListableBeanFactory - Creating shared instance of singleton bean 'org.springframework.context.event.internalEventListenerProcessor'
15:18:16.351 [main] DEBUG org.springframework.beans.factory.support.DefaultListableBeanFactory - Creating shared instance of singleton bean 'org.springframework.context.event.internalEventListenerFactory'
15:18:16.351 [main] DEBUG org.springframework.beans.factory.support.DefaultListableBeanFactory - Creating shared instance of singleton bean 'org.springframework.transaction.config.internalTransactionalEventListenerFactory'
15:18:16.351 [main] DEBUG org.springframework.beans.factory.support.DefaultListableBeanFactory - Creating shared instance of singleton bean 'org.springframework.context.annotation.internalAutowiredAnnotationProcessor'
15:18:16.352 [main] DEBUG org.springframework.beans.factory.support.DefaultListableBeanFactory - Creating shared instance of singleton bean 'org.springframework.context.annotation.internalCommonAnnotationProcessor'
15:18:16.352 [main] DEBUG org.springframework.beans.factory.support.DefaultListableBeanFactory - Creating shared instance of singleton bean 'org.springframework.aop.config.internalAutoProxyCreator'
15:18:16.352 [main] DEBUG org.springframework.beans.factory.support.DefaultListableBeanFactory - Creating shared instance of singleton bean 'conversionService'
15:18:16.353 [main] DEBUG org.springframework.beans.factory.support.DefaultListableBeanFactory - Creating shared instance of singleton bean 'org.springframework.transaction.config.internalTransactionAdvisor'
15:18:16.353 [main] DEBUG org.springframework.beans.factory.support.DefaultListableBeanFactory - Creating shared instance of singleton bean 'org.springframework.transaction.annotation.ProxyTransactionManagementConfiguration'
15:18:16.354 [main] DEBUG org.springframework.beans.factory.support.DefaultListableBeanFactory - Creating shared instance of singleton bean 'transactionAttributeSource'
15:18:16.354 [main] DEBUG org.springframework.beans.factory.support.DefaultListableBeanFactory - Creating shared instance of singleton bean 'transactionInterceptor'
15:18:16.354 [main] DEBUG org.springframework.beans.factory.support.DefaultListableBeanFactory - Autowiring by type from bean name 'transactionInterceptor' via factory method to bean named 'transactionAttributeSource'
15:18:16.354 [main] DEBUG org.springframework.beans.factory.support.DefaultListableBeanFactory - Autowiring by type from bean name 'org.springframework.transaction.config.internalTransactionAdvisor' via factory method to bean named 'transactionAttributeSource'
15:18:16.354 [main] DEBUG org.springframework.beans.factory.support.DefaultListableBeanFactory - Autowiring by type from bean name 'org.springframework.transaction.config.internalTransactionAdvisor' via factory method to bean named 'transactionInterceptor'
15:18:16.354 [main] DEBUG org.springframework.beans.factory.support.DefaultListableBeanFactory - Creating shared instance of singleton bean 'springCoreConfig'
15:18:16.355 [main] DEBUG org.springframework.beans.factory.support.DefaultListableBeanFactory - Creating shared instance of singleton bean 'springApplicationTestConfig'
15:18:16.355 [main] DEBUG org.springframework.beans.factory.support.DefaultListableBeanFactory - Creating shared instance of singleton bean 'engineBusiness'
15:18:16.355 [main] DEBUG org.springframework.beans.factory.support.DefaultListableBeanFactory - Creating shared instance of singleton bean 'engineData'
15:18:16.356 [main] DEBUG org.springframework.beans.factory.support.DefaultListableBeanFactory - Creating shared instance of singleton bean 'lazyDataSource'
15:18:16.356 [main] DEBUG org.springframework.beans.factory.support.DefaultListableBeanFactory - Creating shared instance of singleton bean 'testDataSource'
15:18:16.356 [main] DEBUG org.springframework.beans.factory.support.DefaultListableBeanFactory - Creating shared instance of singleton bean 'testDataSourceSpringConfig'
15:18:16.356 [main] INFO org.springframework.jdbc.datasource.embedded.EmbeddedDatabaseFactory - Starting embedded database: url='jdbc:h2:mem:d5a04a94-5707-4c34-9cea-d40b40501440;DB_CLOSE_DELAY=-1;DB_CLOSE_ON_EXIT=false', username='sa'
15:18:16.356 [main] DEBUG org.springframework.jdbc.datasource.DataSourceUtils - Fetching JDBC Connection from DataSource
15:18:16.356 [main] DEBUG org.springframework.jdbc.datasource.SimpleDriverDataSource - Creating new JDBC Driver Connection to [jdbc:h2:mem:d5a04a94-5707-4c34-9cea-d40b40501440;DB_CLOSE_DELAY=-1;DB_CLOSE_ON_EXIT=false]
15:18:16.358 [main] DEBUG org.springframework.beans.factory.support.DefaultListableBeanFactory - Autowiring by type from bean name 'lazyDataSource' via factory method to bean named 'testDataSource'
15:18:16.359 [main] DEBUG org.springframework.jdbc.datasource.SimpleDriverDataSource - Creating new JDBC Driver Connection to [jdbc:h2:mem:d5a04a94-5707-4c34-9cea-d40b40501440;DB_CLOSE_DELAY=-1;DB_CLOSE_ON_EXIT=false]
15:18:16.360 [main] DEBUG org.springframework.beans.factory.support.DefaultListableBeanFactory - Autowiring by type from bean name 'engineBusiness' via constructor to bean named 'engineData'
15:18:16.360 [main] DEBUG org.springframework.beans.factory.support.DefaultListableBeanFactory - Creating shared instance of singleton bean 'boutiquesBusiness'
15:18:16.361 [main] DEBUG org.springframework.beans.factory.support.DefaultListableBeanFactory - Creating shared instance of singleton bean 'testServer'
15:18:16.361 [main] DEBUG org.springframework.beans.factory.support.DefaultListableBeanFactory - Creating shared instance of singleton bean 'serverMockConfig'
15:18:16.365 [main] DEBUG org.springframework.beans.factory.support.DefaultListableBeanFactory - Creating shared instance of singleton bean 'dataManagerBusiness'
15:18:16.365 [main] DEBUG org.springframework.beans.factory.support.DefaultListableBeanFactory - Creating shared instance of singleton bean 'SSHData'
15:18:16.367 [main] DEBUG org.springframework.beans.factory.support.DefaultListableBeanFactory - Creating shared instance of singleton bean 'testGridaClient'
15:18:16.367 [main] DEBUG org.springframework.beans.factory.support.DefaultListableBeanFactory - Creating shared instance of singleton bean 'spingTestConfig'
15:18:16.368 [main] DEBUG org.springframework.beans.factory.support.DefaultListableBeanFactory - Creating shared instance of singleton bean 'gridaCacheClient'
15:18:16.368 [main] DEBUG org.springframework.beans.factory.support.DefaultListableBeanFactory - Autowiring by type from bean name 'gridaCacheClient' via factory method to bean named 'testServer'
15:18:16.369 [main] DEBUG org.springframework.beans.factory.support.DefaultListableBeanFactory - Creating shared instance of singleton bean 'gridaZombieClient'
15:18:16.370 [main] DEBUG org.springframework.beans.factory.support.DefaultListableBeanFactory - Autowiring by type from bean name 'gridaZombieClient' via factory method to bean named 'testServer'
15:18:16.371 [main] DEBUG org.springframework.beans.factory.support.DefaultListableBeanFactory - Creating shared instance of singleton bean 'configurationBusiness'
15:18:16.372 [main] DEBUG org.springframework.beans.factory.support.DefaultListableBeanFactory - Creating shared instance of singleton bean 'testProxyClient'
15:18:16.373 [main] DEBUG org.springframework.beans.factory.support.DefaultListableBeanFactory - Creating shared instance of singleton bean 'testEmailBusiness'
15:18:16.374 [main] DEBUG org.springframework.beans.factory.support.DefaultListableBeanFactory - Creating shared instance of singleton bean 'testGridaPoolClient'
15:18:16.374 [main] DEBUG org.springframework.beans.factory.support.DefaultListableBeanFactory - Creating shared instance of singleton bean 'groupData'
15:18:16.375 [main] DEBUG org.springframework.beans.factory.support.DefaultListableBeanFactory - Creating shared instance of singleton bean 'termsUseData'
15:18:16.376 [main] DEBUG org.springframework.beans.factory.support.DefaultListableBeanFactory - Creating shared instance of singleton bean 'userData'
15:18:16.377 [main] DEBUG org.springframework.beans.factory.support.DefaultListableBeanFactory - Creating shared instance of singleton bean 'usersGroupsData'
15:18:16.377 [main] DEBUG org.springframework.beans.factory.support.DefaultListableBeanFactory - Autowiring by type from bean name 'usersGroupsData' via constructor to bean named 'groupData'
15:18:16.378 [main] DEBUG org.springframework.beans.factory.support.DefaultListableBeanFactory - Autowiring by type from bean name 'configurationBusiness' via constructor to bean named 'testServer'
15:18:16.378 [main] DEBUG org.springframework.beans.factory.support.DefaultListableBeanFactory - Autowiring by type from bean name 'configurationBusiness' via constructor to bean named 'testProxyClient'
15:18:16.378 [main] DEBUG org.springframework.beans.factory.support.DefaultListableBeanFactory - Autowiring by type from bean name 'configurationBusiness' via constructor to bean named 'testEmailBusiness'
15:18:16.378 [main] DEBUG org.springframework.beans.factory.support.DefaultListableBeanFactory - Autowiring by type from bean name 'configurationBusiness' via constructor to bean named 'testGridaClient'
15:18:16.378 [main] DEBUG org.springframework.beans.factory.support.DefaultListableBeanFactory - Autowiring by type from bean name 'configurationBusiness' via constructor to bean named 'testGridaPoolClient'
15:18:16.378 [main] DEBUG org.springframework.beans.factory.support.DefaultListableBeanFactory - Autowiring by type from bean name 'configurationBusiness' via constructor to bean named 'groupData'
15:18:16.378 [main] DEBUG org.springframework.beans.factory.support.DefaultListableBeanFactory - Autowiring by type from bean name 'configurationBusiness' via constructor to bean named 'termsUseData'
15:18:16.378 [main] DEBUG org.springframework.beans.factory.support.DefaultListableBeanFactory - Autowiring by type from bean name 'configurationBusiness' via constructor to bean named 'userData'
15:18:16.378 [main] DEBUG org.springframework.beans.factory.support.DefaultListableBeanFactory - Autowiring by type from bean name 'configurationBusiness' via constructor to bean named 'usersGroupsData'
15:18:16.379 [main] DEBUG org.springframework.beans.factory.support.DefaultListableBeanFactory - Creating shared instance of singleton bean 'lfcPathsBusiness'
15:18:16.379 [main] DEBUG org.springframework.beans.factory.support.DefaultListableBeanFactory - Autowiring by type from bean name 'lfcPathsBusiness' via constructor to bean named 'testServer'
15:18:16.379 [main] DEBUG org.springframework.beans.factory.support.DefaultListableBeanFactory - Autowiring by type from bean name 'lfcPathsBusiness' via constructor to bean named 'groupData'
15:18:16.380 [main] DEBUG org.springframework.beans.factory.support.DefaultListableBeanFactory - Autowiring by type from bean name 'dataManagerBusiness' via constructor to bean named 'SSHData'
15:18:16.380 [main] DEBUG org.springframework.beans.factory.support.DefaultListableBeanFactory - Autowiring by type from bean name 'dataManagerBusiness' via constructor to bean named 'testGridaClient'
15:18:16.380 [main] DEBUG org.springframework.beans.factory.support.DefaultListableBeanFactory - Autowiring by type from bean name 'dataManagerBusiness' via constructor to bean named 'gridaCacheClient'
15:18:16.380 [main] DEBUG org.springframework.beans.factory.support.DefaultListableBeanFactory - Autowiring by type from bean name 'dataManagerBusiness' via constructor to bean named 'gridaZombieClient'
15:18:16.380 [main] DEBUG org.springframework.beans.factory.support.DefaultListableBeanFactory - Autowiring by type from bean name 'dataManagerBusiness' via constructor to bean named 'configurationBusiness'
15:18:16.380 [main] DEBUG org.springframework.beans.factory.support.DefaultListableBeanFactory - Autowiring by type from bean name 'dataManagerBusiness' via constructor to bean named 'lfcPathsBusiness'
15:18:16.380 [main] DEBUG org.springframework.beans.factory.support.DefaultListableBeanFactory - Autowiring by type from bean name 'dataManagerBusiness' via constructor to bean named 'testServer'
15:18:16.380 [main] DEBUG org.springframework.beans.factory.support.DefaultListableBeanFactory - Creating shared instance of singleton bean 'applicationBusiness'
15:18:16.381 [main] DEBUG org.springframework.beans.factory.support.DefaultListableBeanFactory - Creating shared instance of singleton bean 'applicationData'
15:18:16.382 [main] DEBUG org.springframework.beans.factory.support.DefaultListableBeanFactory - Creating shared instance of singleton bean 'classData'
15:18:16.383 [main] DEBUG org.springframework.beans.factory.support.DefaultListableBeanFactory - Autowiring by type from bean name 'applicationData' via constructor to bean named 'lazyDataSource'
15:18:16.383 [main] DEBUG org.springframework.beans.factory.support.DefaultListableBeanFactory - Autowiring by type from bean name 'applicationData' via constructor to bean named 'classData'
15:18:16.383 [main] DEBUG org.springframework.beans.factory.support.DefaultListableBeanFactory - Autowiring by type from bean name 'applicationBusiness' via constructor to bean named 'applicationData'
15:18:16.383 [main] DEBUG org.springframework.beans.factory.support.DefaultListableBeanFactory - Autowiring by type from bean name 'applicationBusiness' via constructor to bean named 'classData'
15:18:16.383 [main] DEBUG org.springframework.beans.factory.support.DefaultListableBeanFactory - Autowiring by type from bean name 'applicationBusiness' via constructor to bean named 'groupData'
15:18:16.384 [main] DEBUG org.springframework.beans.factory.support.DefaultListableBeanFactory - Autowiring by type from bean name 'boutiquesBusiness' via constructor to bean named 'testServer'
15:18:16.384 [main] DEBUG org.springframework.beans.factory.support.DefaultListableBeanFactory - Autowiring by type from bean name 'boutiquesBusiness' via constructor to bean named 'dataManagerBusiness'
15:18:16.384 [main] DEBUG org.springframework.beans.factory.support.DefaultListableBeanFactory - Autowiring by type from bean name 'boutiquesBusiness' via constructor to bean named 'applicationBusiness'
15:18:16.384 [main] DEBUG org.springframework.beans.factory.support.DefaultListableBeanFactory - Creating shared instance of singleton bean 'simulationStatsData'
15:18:16.385 [main] DEBUG org.springframework.beans.factory.support.DefaultListableBeanFactory - Creating shared instance of singleton bean 'sessionFactory'
15:18:16.386 [main] DEBUG org.springframework.beans.factory.support.DefaultListableBeanFactory - Autowiring by type from bean name 'simulationStatsData' via constructor to bean named 'sessionFactory'
15:18:16.386 [main] DEBUG org.springframework.beans.factory.support.DefaultListableBeanFactory - Creating shared instance of singleton bean 'inputBusiness'
15:18:16.387 [main] DEBUG org.springframework.beans.factory.support.DefaultListableBeanFactory - Creating shared instance of singleton bean 'applicationInputData'
15:18:16.388 [main] DEBUG org.springframework.beans.factory.support.DefaultListableBeanFactory - Autowiring by type from bean name 'inputBusiness' via constructor to bean named 'applicationInputData'
15:18:16.388 [main] DEBUG org.springframework.beans.factory.support.DefaultListableBeanFactory - Autowiring by type from bean name 'inputBusiness' via constructor to bean named 'dataManagerBusiness'
15:18:16.391 [main] DEBUG org.springframework.beans.factory.support.DefaultListableBeanFactory - Creating shared instance of singleton bean 'simulationBusiness'
15:18:16.392 [main] DEBUG org.springframework.beans.factory.support.DefaultListableBeanFactory - Autowiring by type from bean name 'simulationBusiness' via constructor to bean named 'lfcPathsBusiness'
15:18:16.392 [main] DEBUG org.springframework.beans.factory.support.DefaultListableBeanFactory - Autowiring by type from bean name 'simulationBusiness' via constructor to bean named 'testServer'
15:18:16.395 [main] DEBUG org.springframework.beans.factory.support.DefaultListableBeanFactory - Creating shared instance of singleton bean 'classBusiness'
15:18:16.396 [main] DEBUG org.springframework.beans.factory.support.DefaultListableBeanFactory - Autowiring by type from bean name 'classBusiness' via constructor to bean named 'classData'
15:18:16.396 [main] DEBUG org.springframework.beans.factory.support.DefaultListableBeanFactory - Creating shared instance of singleton bean 'applicationDataInitializer'
15:18:16.397 [main] DEBUG org.springframework.beans.factory.support.DefaultListableBeanFactory - Creating shared instance of singleton bean 'tableInitializer'
15:18:16.397 [main] DEBUG org.springframework.core.env.PropertySourcesPropertyResolver - Found key 'db.tableEngine' in PropertySource 'Inlined Test Properties' with value of type String
15:18:16.398 [main] DEBUG org.springframework.core.env.PropertySourcesPropertyResolver - Found key 'db.tableEngine' in PropertySource 'environmentProperties' with value of type String
15:18:16.398 [main] DEBUG org.springframework.beans.factory.support.DefaultListableBeanFactory - Autowiring by type from bean name 'applicationDataInitializer' via constructor to bean named 'lazyDataSource'
15:18:16.398 [main] DEBUG org.springframework.beans.factory.support.DefaultListableBeanFactory - Autowiring by type from bean name 'applicationDataInitializer' via constructor to bean named 'tableInitializer'
15:18:16.399 [main] DEBUG org.springframework.beans.factory.support.DefaultListableBeanFactory - Creating shared instance of singleton bean 'workflowBusiness'
15:18:16.400 [main] DEBUG org.springframework.beans.factory.support.DefaultListableBeanFactory - Creating shared instance of singleton bean 'getTestWorkflowDAO'
15:18:16.401 [main] DEBUG org.springframework.beans.factory.support.DefaultListableBeanFactory - Creating shared instance of singleton bean 'getTestProcessorDAO'
15:18:16.402 [main] DEBUG org.springframework.beans.factory.support.DefaultListableBeanFactory - Creating shared instance of singleton bean 'getTestOutputDAO'
15:18:16.402 [main] DEBUG org.springframework.beans.factory.support.DefaultListableBeanFactory - Creating shared instance of singleton bean 'getTestInputDAO'
15:18:16.403 [main] DEBUG org.springframework.beans.factory.support.DefaultListableBeanFactory - Creating shared instance of singleton bean 'getTestStatsDAO'
15:18:16.404 [main] DEBUG org.springframework.beans.factory.support.DefaultListableBeanFactory - Creating shared instance of singleton bean 'externalPlatformBusiness'
15:18:16.405 [main] DEBUG org.springframework.beans.factory.support.DefaultListableBeanFactory - Creating shared instance of singleton bean 'girderStorageBusiness'
15:18:16.405 [main] DEBUG org.springframework.beans.factory.support.DefaultListableBeanFactory - Creating shared instance of singleton bean 'apiKeyBusiness'
15:18:16.406 [main] DEBUG org.springframework.beans.factory.support.DefaultListableBeanFactory - Creating shared instance of singleton bean 'apiKeysData'
15:18:16.406 [main] DEBUG org.springframework.beans.factory.support.DefaultListableBeanFactory - Autowiring by type from bean name 'apiKeyBusiness' via constructor to bean named 'apiKeysData'
15:18:16.407 [main] DEBUG org.springframework.beans.factory.support.DefaultListableBeanFactory - Autowiring by type from bean name 'girderStorageBusiness' via constructor to bean named 'apiKeyBusiness'
15:18:16.407 [main] DEBUG org.springframework.beans.factory.support.DefaultListableBeanFactory - Autowiring by type from bean name 'girderStorageBusiness' via constructor to bean named 'testServer'
15:18:16.408 [main] DEBUG org.springframework.beans.factory.support.DefaultListableBeanFactory - Creating shared instance of singleton bean 'shanoirStorageBusiness'
15:18:16.408 [main] DEBUG org.springframework.beans.factory.support.DefaultListableBeanFactory - Creating shared instance of singleton bean 'externalPlatformData'
15:18:16.408 [main] DEBUG org.springframework.beans.factory.support.DefaultListableBeanFactory - Autowiring by type from bean name 'externalPlatformBusiness' via constructor to bean named 'girderStorageBusiness'
15:18:16.408 [main] DEBUG org.springframework.beans.factory.support.DefaultListableBeanFactory - Autowiring by type from bean name 'externalPlatformBusiness' via constructor to bean named 'shanoirStorageBusiness'
15:18:16.408 [main] DEBUG org.springframework.beans.factory.support.DefaultListableBeanFactory - Autowiring by type from bean name 'externalPlatformBusiness' via constructor to bean named 'externalPlatformData'
15:18:16.409 [main] DEBUG org.springframework.beans.factory.support.DefaultListableBeanFactory - Autowiring by type from bean name 'workflowBusiness' via constructor to bean named 'testServer'
15:18:16.409 [main] DEBUG org.springframework.beans.factory.support.DefaultListableBeanFactory - Autowiring by type from bean name 'workflowBusiness' via constructor to bean named 'simulationStatsData'
15:18:16.409 [main] DEBUG org.springframework.beans.factory.support.DefaultListableBeanFactory - Autowiring by type from bean name 'workflowBusiness' via constructor to bean named 'getTestWorkflowDAO'
15:18:16.409 [main] DEBUG org.springframework.beans.factory.support.DefaultListableBeanFactory - Autowiring by type from bean name 'workflowBusiness' via constructor to bean named 'getTestProcessorDAO'
15:18:16.409 [main] DEBUG org.springframework.beans.factory.support.DefaultListableBeanFactory - Autowiring by type from bean name 'workflowBusiness' via constructor to bean named 'getTestOutputDAO'
15:18:16.409 [main] DEBUG org.springframework.beans.factory.support.DefaultListableBeanFactory - Autowiring by type from bean name 'workflowBusiness' via constructor to bean named 'getTestInputDAO'
15:18:16.409 [main] DEBUG org.springframework.beans.factory.support.DefaultListableBeanFactory - Autowiring by type from bean name 'workflowBusiness' via constructor to bean named 'getTestStatsDAO'
15:18:16.409 [main] DEBUG org.springframework.beans.factory.support.DefaultListableBeanFactory - Autowiring by type from bean name 'workflowBusiness' via constructor to bean named 'engineData'
15:18:16.409 [main] DEBUG org.springframework.beans.factory.support.DefaultListableBeanFactory - Autowiring by type from bean name 'workflowBusiness' via constructor to bean named 'applicationData'
15:18:16.409 [main] DEBUG org.springframework.beans.factory.support.DefaultListableBeanFactory - Autowiring by type from bean name 'workflowBusiness' via constructor to bean named 'usersGroupsData'
15:18:16.409 [main] DEBUG org.springframework.beans.factory.support.DefaultListableBeanFactory - Autowiring by type from bean name 'workflowBusiness' via constructor to bean named 'engineBusiness'
15:18:16.409 [main] DEBUG org.springframework.beans.factory.support.DefaultListableBeanFactory - Autowiring by type from bean name 'workflowBusiness' via constructor to bean named 'dataManagerBusiness'
15:18:16.409 [main] DEBUG org.springframework.beans.factory.support.DefaultListableBeanFactory - Autowiring by type from bean name 'workflowBusiness' via constructor to bean named 'testEmailBusiness'
15:18:16.409 [main] DEBUG org.springframework.beans.factory.support.DefaultListableBeanFactory - Autowiring by type from bean name 'workflowBusiness' via constructor to bean named 'lfcPathsBusiness'
15:18:16.409 [main] DEBUG org.springframework.beans.factory.support.DefaultListableBeanFactory - Autowiring by type from bean name 'workflowBusiness' via constructor to bean named 'testGridaPoolClient'
15:18:16.409 [main] DEBUG org.springframework.beans.factory.support.DefaultListableBeanFactory - Autowiring by type from bean name 'workflowBusiness' via constructor to bean named 'testGridaClient'
15:18:16.409 [main] DEBUG org.springframework.beans.factory.support.DefaultListableBeanFactory - Autowiring by type from bean name 'workflowBusiness' via constructor to bean named 'externalPlatformBusiness'
15:18:16.413 [main] DEBUG org.springframework.beans.factory.support.DefaultListableBeanFactory - Creating shared instance of singleton bean 'statsBusiness'
15:18:16.414 [main] DEBUG org.springframework.beans.factory.support.DefaultListableBeanFactory - Autowiring by type from bean name 'statsBusiness' via constructor to bean named 'userData'
15:18:16.414 [main] DEBUG org.springframework.beans.factory.support.DefaultListableBeanFactory - Creating shared instance of singleton bean 'vipSessionBusiness'
15:18:16.415 [main] DEBUG org.springframework.beans.factory.support.DefaultListableBeanFactory - Autowiring by type from bean name 'vipSessionBusiness' via constructor to bean named 'testServer'
15:18:16.415 [main] DEBUG org.springframework.beans.factory.support.DefaultListableBeanFactory - Autowiring by type from bean name 'vipSessionBusiness' via constructor to bean named 'configurationBusiness'
15:18:16.415 [main] DEBUG org.springframework.beans.factory.support.DefaultListableBeanFactory - Creating shared instance of singleton bean 'dataSourceConfig'
15:18:16.415 [main] DEBUG org.springframework.beans.factory.support.DefaultListableBeanFactory - Creating shared instance of singleton bean 'coreDataInitializer'
15:18:16.416 [main] DEBUG org.springframework.beans.factory.support.DefaultListableBeanFactory - Autowiring by type from bean name 'coreDataInitializer' via constructor to bean named 'groupData'
15:18:16.416 [main] DEBUG org.springframework.beans.factory.support.DefaultListableBeanFactory - Autowiring by type from bean name 'coreDataInitializer' via constructor to bean named 'lazyDataSource'
15:18:16.416 [main] DEBUG org.springframework.beans.factory.support.DefaultListableBeanFactory - Autowiring by type from bean name 'coreDataInitializer' via constructor to bean named 'tableInitializer'
15:18:16.416 [main] DEBUG org.springframework.beans.factory.support.DefaultListableBeanFactory - Autowiring by type from bean name 'coreDataInitializer' via constructor to bean named 'testServer'
15:18:16.416 [main] DEBUG org.springframework.beans.factory.support.DefaultListableBeanFactory - Autowiring by type from bean name 'coreDataInitializer' via constructor to bean named 'userData'
15:18:16.416 [main] DEBUG org.springframework.beans.factory.support.DefaultListableBeanFactory - Autowiring by type from bean name 'coreDataInitializer' via constructor to bean named 'usersGroupsData'
15:18:16.416 [main] DEBUG org.springframework.beans.factory.support.DefaultListableBeanFactory - Autowiring by type from bean name 'coreDataInitializer' via constructor to bean named 'termsUseData'
15:18:16.417 [main] DEBUG org.springframework.beans.factory.support.DefaultListableBeanFactory - Creating shared instance of singleton bean 'emailBusiness'
15:18:16.417 [main] DEBUG org.springframework.beans.factory.support.DefaultListableBeanFactory - Creating shared instance of singleton bean 'smaClient'
15:18:16.417 [main] DEBUG org.springframework.beans.factory.support.DefaultListableBeanFactory - Autowiring by type from bean name 'smaClient' via factory method to bean named 'testServer'
15:18:16.418 [main] DEBUG org.springframework.beans.factory.support.DefaultListableBeanFactory - Autowiring by type from bean name 'emailBusiness' via constructor to bean named 'smaClient'
15:18:16.418 [main] DEBUG org.springframework.beans.factory.support.DefaultListableBeanFactory - Creating shared instance of singleton bean 'proxyClient'
15:18:16.419 [main] DEBUG org.springframework.beans.factory.support.DefaultListableBeanFactory - Autowiring by type from bean name 'proxyClient' via constructor to bean named 'testServer'
15:18:16.419 [main] DEBUG org.springframework.beans.factory.support.DefaultListableBeanFactory - Creating shared instance of singleton bean 'transferPoolBusiness'
15:18:16.420 [main] DEBUG org.springframework.beans.factory.support.DefaultListableBeanFactory - Creating shared instance of singleton bean 'LFCBusiness'
15:18:16.420 [main] DEBUG org.springframework.beans.factory.support.DefaultListableBeanFactory - Autowiring by type from bean name 'LFCBusiness' via constructor to bean named 'testGridaClient'
15:18:16.420 [main] DEBUG org.springframework.beans.factory.support.DefaultListableBeanFactory - Autowiring by type from bean name 'LFCBusiness' via constructor to bean named 'lfcPathsBusiness'
15:18:16.421 [main] DEBUG org.springframework.beans.factory.support.DefaultListableBeanFactory - Autowiring by type from bean name 'transferPoolBusiness' via constructor to bean named 'testServer'
15:18:16.421 [main] DEBUG org.springframework.beans.factory.support.DefaultListableBeanFactory - Autowiring by type from bean name 'transferPoolBusiness' via constructor to bean named 'LFCBusiness'
15:18:16.421 [main] DEBUG org.springframework.beans.factory.support.DefaultListableBeanFactory - Autowiring by type from bean name 'transferPoolBusiness' via constructor to bean named 'testGridaPoolClient'
15:18:16.421 [main] DEBUG org.springframework.beans.factory.support.DefaultListableBeanFactory - Autowiring by type from bean name 'transferPoolBusiness' via constructor to bean named 'lfcPathsBusiness'
15:18:16.421 [main] DEBUG org.springframework.beans.factory.support.DefaultListableBeanFactory - Creating shared instance of singleton bean 'LFCPermissionBusiness'
15:18:16.422 [main] DEBUG org.springframework.beans.factory.support.DefaultListableBeanFactory - Autowiring by type from bean name 'LFCPermissionBusiness' via constructor to bean named 'dataManagerBusiness'
15:18:16.422 [main] DEBUG org.springframework.beans.factory.support.DefaultListableBeanFactory - Autowiring by type from bean name 'LFCPermissionBusiness' via constructor to bean named 'lfcPathsBusiness'
15:18:16.422 [main] DEBUG org.springframework.beans.factory.support.DefaultListableBeanFactory - Creating shared instance of singleton bean 'dataManagerDataInitializer'
15:18:16.423 [main] DEBUG org.springframework.beans.factory.support.DefaultListableBeanFactory - Autowiring by type from bean name 'dataManagerDataInitializer' via constructor to bean named 'lazyDataSource'
15:18:16.423 [main] DEBUG org.springframework.beans.factory.support.DefaultListableBeanFactory - Autowiring by type from bean name 'dataManagerDataInitializer' via constructor to bean named 'tableInitializer'
15:18:16.423 [main] DEBUG org.springframework.beans.factory.support.DefaultListableBeanFactory - Creating shared instance of singleton bean 'messageBusiness'
15:18:16.424 [main] DEBUG org.springframework.beans.factory.support.DefaultListableBeanFactory - Creating shared instance of singleton bean 'messageData'
15:18:16.424 [main] DEBUG org.springframework.beans.factory.support.DefaultListableBeanFactory - Autowiring by type from bean name 'messageData' via constructor to bean named 'userData'
15:18:16.424 [main] DEBUG org.springframework.beans.factory.support.DefaultListableBeanFactory - Autowiring by type from bean name 'messageData' via constructor to bean named 'lazyDataSource'
15:18:16.425 [main] DEBUG org.springframework.beans.factory.support.DefaultListableBeanFactory - Creating shared instance of singleton bean 'groupMessageData'
15:18:16.425 [main] DEBUG org.springframework.beans.factory.support.DefaultListableBeanFactory - Autowiring by type from bean name 'groupMessageData' via constructor to bean named 'userData'
15:18:16.425 [main] DEBUG org.springframework.beans.factory.support.DefaultListableBeanFactory - Autowiring by type from bean name 'groupMessageData' via constructor to bean named 'groupData'
15:18:16.425 [main] DEBUG org.springframework.beans.factory.support.DefaultListableBeanFactory - Autowiring by type from bean name 'groupMessageData' via constructor to bean named 'messageData'
15:18:16.425 [main] DEBUG org.springframework.beans.factory.support.DefaultListableBeanFactory - Autowiring by type from bean name 'groupMessageData' via constructor to bean named 'lazyDataSource'
15:18:16.426 [main] DEBUG org.springframework.beans.factory.support.DefaultListableBeanFactory - Autowiring by type from bean name 'messageBusiness' via constructor to bean named 'messageData'
15:18:16.426 [main] DEBUG org.springframework.beans.factory.support.DefaultListableBeanFactory - Autowiring by type from bean name 'messageBusiness' via constructor to bean named 'groupMessageData'
15:18:16.426 [main] DEBUG org.springframework.beans.factory.support.DefaultListableBeanFactory - Autowiring by type from bean name 'messageBusiness' via constructor to bean named 'usersGroupsData'
15:18:16.426 [main] DEBUG org.springframework.beans.factory.support.DefaultListableBeanFactory - Autowiring by type from bean name 'messageBusiness' via constructor to bean named 'configurationBusiness'
15:18:16.426 [main] DEBUG org.springframework.beans.factory.support.DefaultListableBeanFactory - Autowiring by type from bean name 'messageBusiness' via constructor to bean named 'testEmailBusiness'
15:18:16.426 [main] DEBUG org.springframework.beans.factory.support.DefaultListableBeanFactory - Creating shared instance of singleton bean 'messagingDataInitializer'
15:18:16.427 [main] DEBUG org.springframework.beans.factory.support.DefaultListableBeanFactory - Autowiring by type from bean name 'messagingDataInitializer' via constructor to bean named 'lazyDataSource'
15:18:16.427 [main] DEBUG org.springframework.beans.factory.support.DefaultListableBeanFactory - Autowiring by type from bean name 'messagingDataInitializer' via constructor to bean named 'tableInitializer'
15:18:16.427 [main] DEBUG org.springframework.beans.factory.support.DefaultListableBeanFactory - Creating shared instance of singleton bean 'workflowsDBDAOFactory'
15:18:16.428 [main] DEBUG org.springframework.beans.factory.support.DefaultListableBeanFactory - Creating shared instance of singleton bean 'vipConfigFolder'
15:18:16.428 [main] DEBUG org.springframework.beans.factory.support.DefaultListableBeanFactory - Autowiring by type from bean name 'vipConfigFolder' via factory method to bean named 'org.springframework.context.support.GenericApplicationContext@75ec3734'
15:18:16.428 [main] DEBUG org.springframework.core.env.PropertySourcesPropertyResolver - Found key 'vipConfigFolder' in PropertySource 'Inlined Test Properties' with value of type String
15:18:16.428 [main] INFO fr.insalyon.creatis.vip.core.server.SpringCoreConfig - found vipConfigFolder property : classpath:
15:18:16.429 [main] DEBUG org.springframework.beans.factory.support.DefaultListableBeanFactory - Creating shared instance of singleton bean 'transactionManager'
15:18:16.429 [main] DEBUG org.springframework.beans.factory.support.DefaultListableBeanFactory - Autowiring by type from bean name 'transactionManager' via factory method to bean named 'lazyDataSource'
15:18:16.429 [main] DEBUG org.springframework.beans.factory.support.DefaultListableBeanFactory - Creating shared instance of singleton bean 'gridaClient'
15:18:16.429 [main] DEBUG org.springframework.beans.factory.support.DefaultListableBeanFactory - Autowiring by type from bean name 'gridaClient' via factory method to bean named 'testServer'
15:18:16.430 [main] DEBUG org.springframework.beans.factory.support.DefaultListableBeanFactory - Creating shared instance of singleton bean 'gridaPoolClient'
15:18:16.430 [main] DEBUG org.springframework.beans.factory.support.DefaultListableBeanFactory - Autowiring by type from bean name 'gridaPoolClient' via factory method to bean named 'testServer'
15:18:16.432 [main] DEBUG org.springframework.context.event.EventListenerMethodProcessor - 1 @EventListener methods processed on bean 'applicationDataInitializer': {public void fr.insalyon.creatis.vip.application.server.dao.mysql.ApplicationDataInitializer.onStartup()=@org.springframework.context.event.EventListener(classes=[org.springframework.context.event.ContextRefreshedEvent], condition=, id=, value=[org.springframework.context.event.ContextRefreshedEvent])}
15:18:16.433 [main] DEBUG org.springframework.context.event.EventListenerMethodProcessor - 1 @EventListener methods processed on bean 'coreDataInitializer': {public void fr.insalyon.creatis.vip.core.server.dao.mysql.CoreDataInitializer.onStartup()=@org.springframework.context.event.EventListener(classes=[org.springframework.context.event.ContextRefreshedEvent], condition=, id=, value=[org.springframework.context.event.ContextRefreshedEvent])}
15:18:16.434 [main] DEBUG org.springframework.context.event.EventListenerMethodProcessor - 1 @EventListener methods processed on bean 'dataManagerDataInitializer': {public void fr.insalyon.creatis.vip.datamanager.server.dao.mysql.DataManagerDataInitializer.onStartup()=@org.springframework.context.event.EventListener(classes=[org.springframework.context.event.ContextRefreshedEvent], condition=, id=, value=[org.springframework.context.event.ContextRefreshedEvent])}
15:18:16.434 [main] DEBUG org.springframework.context.event.EventListenerMethodProcessor - 1 @EventListener methods processed on bean 'messagingDataInitializer': {public void fr.insalyon.creatis.vip.social.server.dao.mysql.MessagingDataInitializer.onStartup()=@org.springframework.context.event.EventListener(classes=[org.springframework.context.event.ContextRefreshedEvent], condition=, id=, value=[org.springframework.context.event.ContextRefreshedEvent])}
15:18:16.435 [main] DEBUG org.springframework.jdbc.datasource.DataSourceTransactionManager - Creating new transaction with name [fr.insalyon.creatis.vip.core.server.dao.mysql.CoreDataInitializer.onStartup]: PROPAGATION_REQUIRED,ISOLATION_DEFAULT
15:18:16.436 [main] DEBUG org.springframework.jdbc.datasource.DataSourceTransactionManager - Acquired Connection [Lazy Connection proxy for target DataSource [org.springframework.jdbc.datasource.embedded.EmbeddedDatabaseFactory$EmbeddedDataSourceProxy@33f9fc63]] for JDBC transaction
15:18:16.436 [main] DEBUG org.springframework.jdbc.datasource.DataSourceTransactionManager - Switching JDBC Connection [Lazy Connection proxy for target DataSource [org.springframework.jdbc.datasource.embedded.EmbeddedDatabaseFactory$EmbeddedDataSourceProxy@33f9fc63]] to manual commit
15:18:16.436 [main] INFO fr.insalyon.creatis.vip.core.server.dao.mysql.CoreDataInitializer - Configuring VIP core database.
15:18:16.436 [main] DEBUG org.springframework.jdbc.datasource.DataSourceTransactionManager - Participating in existing transaction
15:18:16.437 [main] DEBUG org.springframework.jdbc.datasource.SimpleDriverDataSource - Creating new JDBC Driver Connection to [jdbc:h2:mem:d5a04a94-5707-4c34-9cea-d40b40501440;DB_CLOSE_DELAY=-1;DB_CLOSE_ON_EXIT=false]
15:18:16.438 [main] INFO fr.insalyon.creatis.vip.core.server.dao.mysql.TableInitializer - Table VIPUsers successfully created.
15:18:16.439 [main] DEBUG org.springframework.jdbc.datasource.DataSourceTransactionManager - Participating in existing transaction
15:18:16.439 [main] DEBUG org.springframework.jdbc.datasource.DataSourceTransactionManager - Participating in existing transaction
15:18:16.440 [main] INFO fr.insalyon.creatis.vip.core.server.dao.mysql.TableInitializer - Table VIPGroups successfully created.
15:18:16.440 [main] DEBUG org.springframework.jdbc.datasource.DataSourceTransactionManager - Participating in existing transaction
15:18:16.440 [main] DEBUG org.springframework.jdbc.datasource.DataSourceTransactionManager - Participating in existing transaction
15:18:16.441 [main] INFO fr.insalyon.creatis.vip.core.server.dao.mysql.TableInitializer - Table VIPUsersGroups successfully created.
15:18:16.442 [main] DEBUG org.springframework.jdbc.datasource.DataSourceTransactionManager - Participating in existing transaction
15:18:16.442 [main] DEBUG org.springframework.jdbc.datasource.DataSourceTransactionManager - Participating in existing transaction
15:18:16.442 [main] INFO fr.insalyon.creatis.vip.core.server.dao.mysql.TableInitializer - Table VIPTermsOfuse successfully created.
15:18:16.442 [main] DEBUG org.springframework.jdbc.datasource.DataSourceTransactionManager - Participating in existing transaction
15:18:16.442 [main] DEBUG org.springframework.jdbc.datasource.DataSourceTransactionManager - Initiating transaction commit
15:18:16.442 [main] DEBUG org.springframework.jdbc.datasource.DataSourceTransactionManager - Committing JDBC transaction on Connection [conn123: url=jdbc:h2:mem:d5a04a94-5707-4c34-9cea-d40b40501440 user=SA]
15:18:16.442 [main] DEBUG org.springframework.jdbc.datasource.DataSourceTransactionManager - Releasing JDBC Connection [conn123: url=jdbc:h2:mem:d5a04a94-5707-4c34-9cea-d40b40501440 user=SA] after transaction
15:18:16.443 [main] DEBUG org.springframework.jdbc.datasource.DataSourceTransactionManager - Creating new transaction with name [fr.insalyon.creatis.vip.application.server.dao.mysql.ApplicationDataInitializer.onStartup]: PROPAGATION_REQUIRED,ISOLATION_DEFAULT
15:18:16.443 [main] DEBUG org.springframework.jdbc.datasource.DataSourceTransactionManager - Acquired Connection [Lazy Connection proxy for target DataSource [org.springframework.jdbc.datasource.embedded.EmbeddedDatabaseFactory$EmbeddedDataSourceProxy@33f9fc63]] for JDBC transaction
15:18:16.444 [main] DEBUG org.springframework.jdbc.datasource.DataSourceTransactionManager - Switching JDBC Connection [Lazy Connection proxy for target DataSource [org.springframework.jdbc.datasource.embedded.EmbeddedDatabaseFactory$EmbeddedDataSourceProxy@33f9fc63]] to manual commit
15:18:16.444 [main] INFO fr.insalyon.creatis.vip.application.server.dao.mysql.ApplicationDataInitializer - Configuring VIP Application database.
15:18:16.444 [main] DEBUG org.springframework.jdbc.datasource.DataSourceTransactionManager - Participating in existing transaction
15:18:16.444 [main] DEBUG org.springframework.jdbc.datasource.SimpleDriverDataSource - Creating new JDBC Driver Connection to [jdbc:h2:mem:d5a04a94-5707-4c34-9cea-d40b40501440;DB_CLOSE_DELAY=-1;DB_CLOSE_ON_EXIT=false]
15:18:16.445 [main] INFO fr.insalyon.creatis.vip.core.server.dao.mysql.TableInitializer - Table VIPEngines successfully created.
15:18:16.445 [main] DEBUG org.springframework.jdbc.datasource.DataSourceTransactionManager - Participating in existing transaction
15:18:16.445 [main] INFO fr.insalyon.creatis.vip.core.server.dao.mysql.TableInitializer - Table VIPClasses successfully created.
15:18:16.445 [main] DEBUG org.springframework.jdbc.datasource.DataSourceTransactionManager - Participating in existing transaction
15:18:16.446 [main] INFO fr.insalyon.creatis.vip.core.server.dao.mysql.TableInitializer - Table VIPClassesEngines successfully created.
15:18:16.446 [main] DEBUG org.springframework.jdbc.datasource.DataSourceTransactionManager - Participating in existing transaction
15:18:16.447 [main] INFO fr.insalyon.creatis.vip.core.server.dao.mysql.TableInitializer - Table VIPGroupsClasses successfully created.
15:18:16.447 [main] DEBUG org.springframework.jdbc.datasource.DataSourceTransactionManager - Participating in existing transaction
15:18:16.447 [main] INFO fr.insalyon.creatis.vip.core.server.dao.mysql.TableInitializer - Table VIPApplications successfully created.
15:18:16.447 [main] DEBUG org.springframework.jdbc.datasource.DataSourceTransactionManager - Participating in existing transaction
15:18:16.448 [main] INFO fr.insalyon.creatis.vip.core.server.dao.mysql.TableInitializer - Table VIPAppVersions successfully created.
15:18:16.448 [main] DEBUG org.springframework.jdbc.datasource.DataSourceTransactionManager - Participating in existing transaction
15:18:16.449 [main] INFO fr.insalyon.creatis.vip.core.server.dao.mysql.TableInitializer - Table VIPApplicationClasses successfully created.
15:18:16.449 [main] DEBUG org.springframework.jdbc.datasource.DataSourceTransactionManager - Participating in existing transaction
15:18:16.450 [main] INFO fr.insalyon.creatis.vip.core.server.dao.mysql.TableInitializer - Table VIPAppInputs successfully created.
15:18:16.450 [main] DEBUG org.springframework.jdbc.datasource.DataSourceTransactionManager - Participating in existing transaction
15:18:16.450 [main] INFO fr.insalyon.creatis.vip.core.server.dao.mysql.TableInitializer - Table VIPAppExamples successfully created.
15:18:16.450 [main] DEBUG org.springframework.jdbc.datasource.DataSourceTransactionManager - Initiating transaction commit
15:18:16.450 [main] DEBUG org.springframework.jdbc.datasource.DataSourceTransactionManager - Committing JDBC transaction on Connection [conn124: url=jdbc:h2:mem:d5a04a94-5707-4c34-9cea-d40b40501440 user=SA]
15:18:16.450 [main] DEBUG org.springframework.jdbc.datasource.DataSourceTransactionManager - Releasing JDBC Connection [conn124: url=jdbc:h2:mem:d5a04a94-5707-4c34-9cea-d40b40501440 user=SA] after transaction
15:18:16.450 [main] DEBUG org.springframework.jdbc.datasource.DataSourceTransactionManager - Creating new transaction with name [fr.insalyon.creatis.vip.datamanager.server.dao.mysql.DataManagerDataInitializer.onStartup]: PROPAGATION_REQUIRED,ISOLATION_DEFAULT
15:18:16.451 [main] DEBUG org.springframework.jdbc.datasource.DataSourceTransactionManager - Acquired Connection [Lazy Connection proxy for target DataSource [org.springframework.jdbc.datasource.embedded.EmbeddedDatabaseFactory$EmbeddedDataSourceProxy@33f9fc63]] for JDBC transaction
15:18:16.451 [main] DEBUG org.springframework.jdbc.datasource.DataSourceTransactionManager - Switching JDBC Connection [Lazy Connection proxy for target DataSource [org.springframework.jdbc.datasource.embedded.EmbeddedDatabaseFactory$EmbeddedDataSourceProxy@33f9fc63]] to manual commit
15:18:16.452 [main] INFO fr.insalyon.creatis.vip.datamanager.server.dao.mysql.DataManagerDataInitializer - Configuring VIP SSH database.
15:18:16.452 [main] DEBUG org.springframework.jdbc.datasource.DataSourceTransactionManager - Participating in existing transaction
15:18:16.452 [main] DEBUG org.springframework.jdbc.datasource.SimpleDriverDataSource - Creating new JDBC Driver Connection to [jdbc:h2:mem:d5a04a94-5707-4c34-9cea-d40b40501440;DB_CLOSE_DELAY=-1;DB_CLOSE_ON_EXIT=false]
15:18:16.453 [main] INFO fr.insalyon.creatis.vip.core.server.dao.mysql.TableInitializer - Table VIPSSHAccounts successfully created.
15:18:16.453 [main] INFO fr.insalyon.creatis.vip.datamanager.server.dao.mysql.DataManagerDataInitializer - Configuring VIP External Platforms database.
15:18:16.453 [main] DEBUG org.springframework.jdbc.datasource.DataSourceTransactionManager - Participating in existing transaction
15:18:16.453 [main] INFO fr.insalyon.creatis.vip.core.server.dao.mysql.TableInitializer - Table VIPExternalPlatforms successfully created.
15:18:16.453 [main] INFO fr.insalyon.creatis.vip.datamanager.server.dao.mysql.DataManagerDataInitializer - Configuring VIP api keys database.
15:18:16.453 [main] DEBUG org.springframework.jdbc.datasource.DataSourceTransactionManager - Participating in existing transaction
15:18:16.454 [main] INFO fr.insalyon.creatis.vip.core.server.dao.mysql.TableInitializer - Table VIPApiKeys successfully created.
15:18:16.454 [main] DEBUG org.springframework.jdbc.datasource.DataSourceTransactionManager - Initiating transaction commit
15:18:16.454 [main] DEBUG org.springframework.jdbc.datasource.DataSourceTransactionManager - Committing JDBC transaction on Connection [conn125: url=jdbc:h2:mem:d5a04a94-5707-4c34-9cea-d40b40501440 user=SA]
15:18:16.454 [main] DEBUG org.springframework.jdbc.datasource.DataSourceTransactionManager - Releasing JDBC Connection [conn125: url=jdbc:h2:mem:d5a04a94-5707-4c34-9cea-d40b40501440 user=SA] after transaction
15:18:16.454 [main] DEBUG org.springframework.jdbc.datasource.DataSourceTransactionManager - Creating new transaction with name [fr.insalyon.creatis.vip.social.server.dao.mysql.MessagingDataInitializer.onStartup]: PROPAGATION_REQUIRED,ISOLATION_DEFAULT
15:18:16.455 [main] DEBUG org.springframework.jdbc.datasource.DataSourceTransactionManager - Acquired Connection [Lazy Connection proxy for target DataSource [org.springframework.jdbc.datasource.embedded.EmbeddedDatabaseFactory$EmbeddedDataSourceProxy@33f9fc63]] for JDBC transaction
15:18:16.455 [main] DEBUG org.springframework.jdbc.datasource.DataSourceTransactionManager - Switching JDBC Connection [Lazy Connection proxy for target DataSource [org.springframework.jdbc.datasource.embedded.EmbeddedDatabaseFactory$EmbeddedDataSourceProxy@33f9fc63]] to manual commit
15:18:16.455 [main] INFO fr.insalyon.creatis.vip.social.server.dao.mysql.MessagingDataInitializer - Configuring VIP Social database.
15:18:16.455 [main] DEBUG org.springframework.jdbc.datasource.DataSourceTransactionManager - Participating in existing transaction
15:18:16.456 [main] DEBUG org.springframework.jdbc.datasource.SimpleDriverDataSource - Creating new JDBC Driver Connection to [jdbc:h2:mem:d5a04a94-5707-4c34-9cea-d40b40501440;DB_CLOSE_DELAY=-1;DB_CLOSE_ON_EXIT=false]
15:18:16.457 [main] INFO fr.insalyon.creatis.vip.core.server.dao.mysql.TableInitializer - Table VIPSocialMessage successfully created.
15:18:16.457 [main] DEBUG org.springframework.jdbc.datasource.DataSourceTransactionManager - Participating in existing transaction
15:18:16.458 [main] INFO fr.insalyon.creatis.vip.core.server.dao.mysql.TableInitializer - Table VIPSocialMessageSenderReceiver successfully created.
15:18:16.458 [main] DEBUG org.springframework.jdbc.datasource.DataSourceTransactionManager - Participating in existing transaction
15:18:16.459 [main] INFO fr.insalyon.creatis.vip.core.server.dao.mysql.TableInitializer - Table VIPSocialGroupMessage successfully created.
15:18:16.459 [main] DEBUG org.springframework.jdbc.datasource.DataSourceTransactionManager - Initiating transaction commit
15:18:16.459 [main] DEBUG org.springframework.jdbc.datasource.DataSourceTransactionManager - Committing JDBC transaction on Connection [conn126: url=jdbc:h2:mem:d5a04a94-5707-4c34-9cea-d40b40501440 user=SA]
15:18:16.459 [main] DEBUG org.springframework.jdbc.datasource.DataSourceTransactionManager - Releasing JDBC Connection [conn126: url=jdbc:h2:mem:d5a04a94-5707-4c34-9cea-d40b40501440 user=SA] after transaction
15:18:16.459 [main] DEBUG org.springframework.test.context.cache.DefaultCacheAwareContextLoaderDelegate - Storing ApplicationContext [1978414900] in cache under key [[MergedContextConfiguration@39e7d6fc testClass = ClassIT, locations = '{}', classes = '{class fr.insalyon.creatis.vip.core.server.SpringCoreConfig}', contextInitializerClasses = '[]', activeProfiles = '{test-db, test}', propertySourceLocations = '{}', propertySourceProperties = '{db.tableEngine=, vipConfigFolder=classpath:}', contextCustomizers = set[[empty]], contextLoader = 'org.springframework.test.context.support.DelegatingSmartContextLoader', parent = [null]]]
15:18:16.459 [main] DEBUG org.springframework.test.context.cache - Spring test ApplicationContext cache statistics: [DefaultContextCache@2fba07dc size = 1, maxSize = 32, parentContextCount = 0, hitCount = 183, missCount = 13]
15:18:16.462 [main] DEBUG org.springframework.test.context.cache.DefaultCacheAwareContextLoaderDelegate - Retrieved ApplicationContext [1978414900] from cache with key [[MergedContextConfiguration@39e7d6fc testClass = ClassIT, locations = '{}', classes = '{class fr.insalyon.creatis.vip.core.server.SpringCoreConfig}', contextInitializerClasses = '[]', activeProfiles = '{test-db, test}', propertySourceLocations = '{}', propertySourceProperties = '{db.tableEngine=, vipConfigFolder=classpath:}', contextCustomizers = set[[empty]], contextLoader = 'org.springframework.test.context.support.DelegatingSmartContextLoader', parent = [null]]]
15:18:16.462 [main] DEBUG org.springframework.test.context.cache - Spring test ApplicationContext cache statistics: [DefaultContextCache@2fba07dc size = 1, maxSize = 32, parentContextCount = 0, hitCount = 184, missCount = 13]
15:18:16.463 [main] DEBUG org.springframework.test.context.support.AbstractDirtiesContextTestExecutionListener - Before test method: context [DefaultTestContext@23803141 testClass = ClassIT, testInstance = fr.insalyon.creatis.vip.application.integrationtest.ClassIT@4441d906, testMethod = testCatchGetNonExistentClass@ClassIT, testException = [null], mergedContextConfiguration = [MergedContextConfiguration@39e7d6fc testClass = ClassIT, locations = '{}', classes = '{class fr.insalyon.creatis.vip.core.server.SpringCoreConfig}', contextInitializerClasses = '[]', activeProfiles = '{test-db, test}', propertySourceLocations = '{}', propertySourceProperties = '{db.tableEngine=, vipConfigFolder=classpath:}', contextCustomizers = set[[empty]], contextLoader = 'org.springframework.test.context.support.DelegatingSmartContextLoader', parent = [null]], attributes = map['org.springframework.test.context.event.ApplicationEventsTestExecutionListener.recordApplicationEvents' -> false]], class annotated with @DirtiesContext [true] with mode [AFTER_EACH_TEST_METHOD], method annotated with @DirtiesContext [false] with mode [null].
15:18:16.464 [main] DEBUG org.springframework.test.context.transaction.TransactionalTestExecutionListener - Explicit transaction definition [PROPAGATION_REQUIRED,ISOLATION_DEFAULT] found for test context [DefaultTestContext@23803141 testClass = ClassIT, testInstance = fr.insalyon.creatis.vip.application.integrationtest.ClassIT@4441d906, testMethod = testCatchGetNonExistentClass@ClassIT, testException = [null], mergedContextConfiguration = [MergedContextConfiguration@39e7d6fc testClass = ClassIT, locations = '{}', classes = '{class fr.insalyon.creatis.vip.core.server.SpringCoreConfig}', contextInitializerClasses = '[]', activeProfiles = '{test-db, test}', propertySourceLocations = '{}', propertySourceProperties = '{db.tableEngine=, vipConfigFolder=classpath:}', contextCustomizers = set[[empty]], contextLoader = 'org.springframework.test.context.support.DelegatingSmartContextLoader', parent = [null]], attributes = map['org.springframework.test.context.event.ApplicationEventsTestExecutionListener.recordApplicationEvents' -> false]]
15:18:16.464 [main] DEBUG org.springframework.test.context.cache.DefaultCacheAwareContextLoaderDelegate - Retrieved ApplicationContext [1978414900] from cache with key [[MergedContextConfiguration@39e7d6fc testClass = ClassIT, locations = '{}', classes = '{class fr.insalyon.creatis.vip.core.server.SpringCoreConfig}', contextInitializerClasses = '[]', activeProfiles = '{test-db, test}', propertySourceLocations = '{}', propertySourceProperties = '{db.tableEngine=, vipConfigFolder=classpath:}', contextCustomizers = set[[empty]], contextLoader = 'org.springframework.test.context.support.DelegatingSmartContextLoader', parent = [null]]]
15:18:16.464 [main] DEBUG org.springframework.test.context.cache - Spring test ApplicationContext cache statistics: [DefaultContextCache@2fba07dc size = 1, maxSize = 32, parentContextCount = 0, hitCount = 185, missCount = 13]
15:18:16.464 [main] DEBUG org.springframework.test.context.transaction.TransactionalTestExecutionListener - No method-level @Rollback override: using default rollback [true] for test context [DefaultTestContext@23803141 testClass = ClassIT, testInstance = fr.insalyon.creatis.vip.application.integrationtest.ClassIT@4441d906, testMethod = testCatchGetNonExistentClass@ClassIT, testException = [null], mergedContextConfiguration = [MergedContextConfiguration@39e7d6fc testClass = ClassIT, locations = '{}', classes = '{class fr.insalyon.creatis.vip.core.server.SpringCoreConfig}', contextInitializerClasses = '[]', activeProfiles = '{test-db, test}', propertySourceLocations = '{}', propertySourceProperties = '{db.tableEngine=, vipConfigFolder=classpath:}', contextCustomizers = set[[empty]], contextLoader = 'org.springframework.test.context.support.DelegatingSmartContextLoader', parent = [null]], attributes = map['org.springframework.test.context.event.ApplicationEventsTestExecutionListener.recordApplicationEvents' -> false]].
15:18:16.464 [main] DEBUG org.springframework.jdbc.datasource.DataSourceTransactionManager - Creating new transaction with name [fr.insalyon.creatis.vip.application.integrationtest.ClassIT.testCatchGetNonExistentClass]: PROPAGATION_REQUIRED,ISOLATION_DEFAULT
15:18:16.465 [main] DEBUG org.springframework.jdbc.datasource.DataSourceTransactionManager - Acquired Connection [Lazy Connection proxy for target DataSource [org.springframework.jdbc.datasource.embedded.EmbeddedDatabaseFactory$EmbeddedDataSourceProxy@33f9fc63]] for JDBC transaction
15:18:16.465 [main] DEBUG org.springframework.jdbc.datasource.DataSourceTransactionManager - Switching JDBC Connection [Lazy Connection proxy for target DataSource [org.springframework.jdbc.datasource.embedded.EmbeddedDatabaseFactory$EmbeddedDataSourceProxy@33f9fc63]] to manual commit
15:18:16.465 [main] INFO org.springframework.test.context.transaction.TransactionContext - Began transaction (1) for test context [DefaultTestContext@23803141 testClass = ClassIT, testInstance = fr.insalyon.creatis.vip.application.integrationtest.ClassIT@4441d906, testMethod = testCatchGetNonExistentClass@ClassIT, testException = [null], mergedContextConfiguration = [MergedContextConfiguration@39e7d6fc testClass = ClassIT, locations = '{}', classes = '{class fr.insalyon.creatis.vip.core.server.SpringCoreConfig}', contextInitializerClasses = '[]', activeProfiles = '{test-db, test}', propertySourceLocations = '{}', propertySourceProperties = '{db.tableEngine=, vipConfigFolder=classpath:}', contextCustomizers = set[[empty]], contextLoader = 'org.springframework.test.context.support.DelegatingSmartContextLoader', parent = [null]], attributes = map['org.springframework.test.context.event.ApplicationEventsTestExecutionListener.recordApplicationEvents' -> false]]; transaction manager [org.springframework.jdbc.datasource.DataSourceTransactionManager@55cc600b]; rollback [true]
15:18:16.465 [main] DEBUG org.springframework.test.context.cache.DefaultCacheAwareContextLoaderDelegate - Retrieved ApplicationContext [1978414900] from cache with key [[MergedContextConfiguration@39e7d6fc testClass = ClassIT, locations = '{}', classes = '{class fr.insalyon.creatis.vip.core.server.SpringCoreConfig}', contextInitializerClasses = '[]', activeProfiles = '{test-db, test}', propertySourceLocations = '{}', propertySourceProperties = '{db.tableEngine=, vipConfigFolder=classpath:}', contextCustomizers = set[[empty]], contextLoader = 'org.springframework.test.context.support.DelegatingSmartContextLoader', parent = [null]]]
15:18:16.465 [main] DEBUG org.springframework.test.context.cache - Spring test ApplicationContext cache statistics: [DefaultContextCache@2fba07dc size = 1, maxSize = 32, parentContextCount = 0, hitCount = 186, missCount = 13]
15:18:16.468 [main] DEBUG org.springframework.jdbc.datasource.DataSourceTransactionManager - Participating in existing transaction
15:18:16.468 [main] DEBUG org.springframework.jdbc.datasource.DataSourceTransactionManager - Participating in existing transaction
15:18:16.468 [main] DEBUG org.springframework.jdbc.datasource.SimpleDriverDataSource - Creating new JDBC Driver Connection to [jdbc:h2:mem:d5a04a94-5707-4c34-9cea-d40b40501440;DB_CLOSE_DELAY=-1;DB_CLOSE_ON_EXIT=false]
15:18:16.469 [main] DEBUG org.springframework.jdbc.datasource.DataSourceTransactionManager - Participating in existing transaction
15:18:16.469 [main] DEBUG org.springframework.jdbc.datasource.DataSourceTransactionManager - Participating in existing transaction
15:18:16.470 [main] DEBUG org.springframework.jdbc.datasource.DataSourceTransactionManager - Participating in existing transaction
15:18:16.470 [main] DEBUG org.springframework.jdbc.datasource.DataSourceTransactionManager - Participating in existing transaction
15:18:16.470 [main] DEBUG org.springframework.test.context.cache.DefaultCacheAwareContextLoaderDelegate - Retrieved ApplicationContext [1978414900] from cache with key [[MergedContextConfiguration@39e7d6fc testClass = ClassIT, locations = '{}', classes = '{class fr.insalyon.creatis.vip.core.server.SpringCoreConfig}', contextInitializerClasses = '[]', activeProfiles = '{test-db, test}', propertySourceLocations = '{}', propertySourceProperties = '{db.tableEngine=, vipConfigFolder=classpath:}', contextCustomizers = set[[empty]], contextLoader = 'org.springframework.test.context.support.DelegatingSmartContextLoader', parent = [null]]]
15:18:16.470 [main] DEBUG org.springframework.test.context.cache - Spring test ApplicationContext cache statistics: [DefaultContextCache@2fba07dc size = 1, maxSize = 32, parentContextCount = 0, hitCount = 187, missCount = 13]
15:18:16.471 [main] DEBUG org.springframework.jdbc.datasource.DataSourceTransactionManager - Participating in existing transaction
15:18:16.471 [main] DEBUG org.springframework.jdbc.datasource.DataSourceTransactionManager - Participating in existing transaction
15:18:16.471 [main] ERROR fr.insalyon.creatis.vip.application.server.dao.mysql.ClassData - There is no class registered with the name: nonExistent class
15:18:16.472 [main] DEBUG org.springframework.test.context.cache.DefaultCacheAwareContextLoaderDelegate - Retrieved ApplicationContext [1978414900] from cache with key [[MergedContextConfiguration@39e7d6fc testClass = ClassIT, locations = '{}', classes = '{class fr.insalyon.creatis.vip.core.server.SpringCoreConfig}', contextInitializerClasses = '[]', activeProfiles = '{test-db, test}', propertySourceLocations = '{}', propertySourceProperties = '{db.tableEngine=, vipConfigFolder=classpath:}', contextCustomizers = set[[empty]], contextLoader = 'org.springframework.test.context.support.DelegatingSmartContextLoader', parent = [null]]]
15:18:16.472 [main] DEBUG org.springframework.test.context.cache - Spring test ApplicationContext cache statistics: [DefaultContextCache@2fba07dc size = 1, maxSize = 32, parentContextCount = 0, hitCount = 188, missCount = 13]
15:18:16.472 [main] DEBUG org.springframework.test.context.cache.DefaultCacheAwareContextLoaderDelegate - Retrieved ApplicationContext [1978414900] from cache with key [[MergedContextConfiguration@39e7d6fc testClass = ClassIT, locations = '{}', classes = '{class fr.insalyon.creatis.vip.core.server.SpringCoreConfig}', contextInitializerClasses = '[]', activeProfiles = '{test-db, test}', propertySourceLocations = '{}', propertySourceProperties = '{db.tableEngine=, vipConfigFolder=classpath:}', contextCustomizers = set[[empty]], contextLoader = 'org.springframework.test.context.support.DelegatingSmartContextLoader', parent = [null]]]
15:18:16.472 [main] DEBUG org.springframework.test.context.cache - Spring test ApplicationContext cache statistics: [DefaultContextCache@2fba07dc size = 1, maxSize = 32, parentContextCount = 0, hitCount = 189, missCount = 13]
15:18:16.473 [main] DEBUG org.springframework.jdbc.datasource.DataSourceTransactionManager - Initiating transaction rollback
15:18:16.473 [main] DEBUG org.springframework.jdbc.datasource.DataSourceTransactionManager - Rolling back JDBC transaction on Connection [conn127: url=jdbc:h2:mem:d5a04a94-5707-4c34-9cea-d40b40501440 user=SA]
15:18:16.473 [main] DEBUG org.springframework.jdbc.datasource.DataSourceTransactionManager - Releasing JDBC Connection [conn127: url=jdbc:h2:mem:d5a04a94-5707-4c34-9cea-d40b40501440 user=SA] after transaction
15:18:16.473 [main] INFO org.springframework.test.context.transaction.TransactionContext - Rolled back transaction for test: [DefaultTestContext@23803141 testClass = ClassIT, testInstance = fr.insalyon.creatis.vip.application.integrationtest.ClassIT@4441d906, testMethod = testCatchGetNonExistentClass@ClassIT, testException = [null], mergedContextConfiguration = [MergedContextConfiguration@39e7d6fc testClass = ClassIT, locations = '{}', classes = '{class fr.insalyon.creatis.vip.core.server.SpringCoreConfig}', contextInitializerClasses = '[]', activeProfiles = '{test-db, test}', propertySourceLocations = '{}', propertySourceProperties = '{db.tableEngine=, vipConfigFolder=classpath:}', contextCustomizers = set[[empty]], contextLoader = 'org.springframework.test.context.support.DelegatingSmartContextLoader', parent = [null]], attributes = map['org.springframework.test.context.event.ApplicationEventsTestExecutionListener.recordApplicationEvents' -> false]]
15:18:16.473 [main] DEBUG org.springframework.test.context.support.AbstractDirtiesContextTestExecutionListener - After test method: context [DefaultTestContext@23803141 testClass = ClassIT, testInstance = fr.insalyon.creatis.vip.application.integrationtest.ClassIT@4441d906, testMethod = testCatchGetNonExistentClass@ClassIT, testException = [null], mergedContextConfiguration = [MergedContextConfiguration@39e7d6fc testClass = ClassIT, locations = '{}', classes = '{class fr.insalyon.creatis.vip.core.server.SpringCoreConfig}', contextInitializerClasses = '[]', activeProfiles = '{test-db, test}', propertySourceLocations = '{}', propertySourceProperties = '{db.tableEngine=, vipConfigFolder=classpath:}', contextCustomizers = set[[empty]], contextLoader = 'org.springframework.test.context.support.DelegatingSmartContextLoader', parent = [null]], attributes = map['org.springframework.test.context.event.ApplicationEventsTestExecutionListener.recordApplicationEvents' -> false]], class annotated with @DirtiesContext [true] with mode [AFTER_EACH_TEST_METHOD], method annotated with @DirtiesContext [false] with mode [null].
15:18:16.473 [main] DEBUG org.springframework.context.support.GenericApplicationContext - Closing org.springframework.context.support.GenericApplicationContext@75ec3734, started on Tue Jul 11 15:18:16 CEST 2023
15:18:16.474 [main] INFO org.springframework.jdbc.datasource.embedded.EmbeddedDatabaseFactory - Shutting down embedded database: url='jdbc:h2:mem:d5a04a94-5707-4c34-9cea-d40b40501440;DB_CLOSE_DELAY=-1;DB_CLOSE_ON_EXIT=false'
15:18:16.474 [main] DEBUG org.springframework.jdbc.datasource.SimpleDriverDataSource - Creating new JDBC Driver Connection to [jdbc:h2:mem:d5a04a94-5707-4c34-9cea-d40b40501440;DB_CLOSE_DELAY=-1;DB_CLOSE_ON_EXIT=false]
]]></system-out>
  </testcase>
  <testcase name="testRemoveClass" classname="fr.insalyon.creatis.vip.application.integrationtest.ClassIT" time="0.012">
    <system-out><![CDATA[15:18:16.475 [main] DEBUG org.springframework.test.context.support.DependencyInjectionTestExecutionListener - Performing dependency injection for test context [[DefaultTestContext@23803141 testClass = ClassIT, testInstance = fr.insalyon.creatis.vip.application.integrationtest.ClassIT@3215e5bf, testMethod = [null], testException = [null], mergedContextConfiguration = [MergedContextConfiguration@39e7d6fc testClass = ClassIT, locations = '{}', classes = '{class fr.insalyon.creatis.vip.core.server.SpringCoreConfig}', contextInitializerClasses = '[]', activeProfiles = '{test-db, test}', propertySourceLocations = '{}', propertySourceProperties = '{db.tableEngine=, vipConfigFolder=classpath:}', contextCustomizers = set[[empty]], contextLoader = 'org.springframework.test.context.support.DelegatingSmartContextLoader', parent = [null]], attributes = map['org.springframework.test.context.event.ApplicationEventsTestExecutionListener.recordApplicationEvents' -> false, 'org.springframework.test.context.support.DependencyInjectionTestExecutionListener.reinjectDependencies' -> true]]].
15:18:16.476 [main] DEBUG org.springframework.test.context.support.AbstractDelegatingSmartContextLoader - Delegating to AnnotationConfigContextLoader to load context from [MergedContextConfiguration@39e7d6fc testClass = ClassIT, locations = '{}', classes = '{class fr.insalyon.creatis.vip.core.server.SpringCoreConfig}', contextInitializerClasses = '[]', activeProfiles = '{test-db, test}', propertySourceLocations = '{}', propertySourceProperties = '{db.tableEngine=, vipConfigFolder=classpath:}', contextCustomizers = set[[empty]], contextLoader = 'org.springframework.test.context.support.DelegatingSmartContextLoader', parent = [null]].
15:18:16.476 [main] DEBUG org.springframework.test.context.support.AbstractGenericContextLoader - Loading ApplicationContext for merged context configuration [[MergedContextConfiguration@39e7d6fc testClass = ClassIT, locations = '{}', classes = '{class fr.insalyon.creatis.vip.core.server.SpringCoreConfig}', contextInitializerClasses = '[]', activeProfiles = '{test-db, test}', propertySourceLocations = '{}', propertySourceProperties = '{db.tableEngine=, vipConfigFolder=classpath:}', contextCustomizers = set[[empty]], contextLoader = 'org.springframework.test.context.support.DelegatingSmartContextLoader', parent = [null]]].
15:18:16.476 [main] DEBUG org.springframework.core.env.StandardEnvironment - Activating profiles [test-db, test]
15:18:16.476 [main] DEBUG org.springframework.test.context.support.TestPropertySourceUtils - Adding inlined properties to environment: {db.tableEngine=, vipConfigFolder=classpath:}
15:18:16.476 [main] DEBUG org.springframework.test.context.support.AnnotationConfigContextLoader - Registering component classes: {class fr.insalyon.creatis.vip.core.server.SpringCoreConfig}
15:18:16.477 [main] DEBUG org.springframework.context.support.GenericApplicationContext - Refreshing org.springframework.context.support.GenericApplicationContext@39bf843a
15:18:16.477 [main] DEBUG org.springframework.beans.factory.support.DefaultListableBeanFactory - Creating shared instance of singleton bean 'org.springframework.context.annotation.internalConfigurationAnnotationProcessor'
15:18:16.486 [main] DEBUG org.springframework.context.annotation.ClassPathBeanDefinitionScanner - Identified candidate component class: file [/home/marza/Documents/VIP-portal/vip-application/target/test-classes/fr/insalyon/creatis/vip/application/integrationtest/SpringApplicationTestConfig.class]
15:18:16.498 [main] DEBUG org.springframework.context.annotation.ClassPathBeanDefinitionScanner - Identified candidate component class: URL [jar:file:/home/marza/Documents/VIP-portal/vip-application/target/vip-application-2.4.1.jar!/fr/insalyon/creatis/vip/application/server/business/EngineBusiness.class]
15:18:16.498 [main] DEBUG org.springframework.context.annotation.ClassPathBeanDefinitionScanner - Identified candidate component class: URL [jar:file:/home/marza/Documents/VIP-portal/vip-application/target/vip-application-2.4.1.jar!/fr/insalyon/creatis/vip/application/server/business/simulation/parser/InputParser.class]
15:18:16.499 [main] DEBUG org.springframework.context.annotation.ClassPathBeanDefinitionScanner - Identified candidate component class: URL [jar:file:/home/marza/Documents/VIP-portal/vip-application/target/vip-application-2.4.1.jar!/fr/insalyon/creatis/vip/application/server/business/simulation/parser/ScuflParser.class]
15:18:16.499 [main] DEBUG org.springframework.context.annotation.ClassPathBeanDefinitionScanner - Identified candidate component class: URL [jar:file:/home/marza/Documents/VIP-portal/vip-application/target/vip-application-2.4.1.jar!/fr/insalyon/creatis/vip/application/server/business/simulation/parser/GwendiaParser.class]
15:18:16.499 [main] DEBUG org.springframework.context.annotation.ClassPathBeanDefinitionScanner - Identified candidate component class: URL [jar:file:/home/marza/Documents/VIP-portal/vip-application/target/vip-application-2.4.1.jar!/fr/insalyon/creatis/vip/application/server/business/BoutiquesBusiness.class]
15:18:16.499 [main] DEBUG org.springframework.context.annotation.ClassPathBeanDefinitionScanner - Identified candidate component class: URL [jar:file:/home/marza/Documents/VIP-portal/vip-application/target/vip-application-2.4.1.jar!/fr/insalyon/creatis/vip/application/server/dao/hibernate/SimulationStatsData.class]
15:18:16.500 [main] DEBUG org.springframework.context.annotation.ClassPathBeanDefinitionScanner - Identified candidate component class: URL [jar:file:/home/marza/Documents/VIP-portal/vip-application/target/vip-application-2.4.1.jar!/fr/insalyon/creatis/vip/application/server/dao/mysql/ApplicationData.class]
15:18:16.504 [main] DEBUG org.springframework.context.annotation.ClassPathBeanDefinitionScanner - Identified candidate component class: URL [jar:file:/home/marza/Documents/VIP-portal/vip-application/target/vip-application-2.4.1.jar!/fr/insalyon/creatis/vip/application/server/business/InputBusiness.class]
15:18:16.504 [main] DEBUG org.springframework.context.annotation.ClassPathBeanDefinitionScanner - Identified candidate component class: URL [jar:file:/home/marza/Documents/VIP-portal/vip-application/target/vip-application-2.4.1.jar!/fr/insalyon/creatis/vip/application/server/business/SimulationBusiness.class]
15:18:16.507 [main] DEBUG org.springframework.context.annotation.ClassPathBeanDefinitionScanner - Identified candidate component class: URL [jar:file:/home/marza/Documents/VIP-portal/vip-application/target/vip-application-2.4.1.jar!/fr/insalyon/creatis/vip/application/server/business/WorkflowExecutionBusiness.class]
15:18:16.507 [main] DEBUG org.springframework.context.annotation.ClassPathBeanDefinitionScanner - Identified candidate component class: URL [jar:file:/home/marza/Documents/VIP-portal/vip-application/target/vip-application-2.4.1.jar!/fr/insalyon/creatis/vip/application/server/business/ApplicationBusiness.class]
15:18:16.507 [main] DEBUG org.springframework.context.annotation.ClassPathBeanDefinitionScanner - Identified candidate component class: URL [jar:file:/home/marza/Documents/VIP-portal/vip-application/target/vip-application-2.4.1.jar!/fr/insalyon/creatis/vip/application/server/business/ClassBusiness.class]
15:18:16.508 [main] DEBUG org.springframework.context.annotation.ClassPathBeanDefinitionScanner - Identified candidate component class: URL [jar:file:/home/marza/Documents/VIP-portal/vip-application/target/vip-application-2.4.1.jar!/fr/insalyon/creatis/vip/application/server/dao/mysql/EngineData.class]
15:18:16.508 [main] DEBUG org.springframework.context.annotation.ClassPathBeanDefinitionScanner - Identified candidate component class: URL [jar:file:/home/marza/Documents/VIP-portal/vip-application/target/vip-application-2.4.1.jar!/fr/insalyon/creatis/vip/application/server/dao/mysql/ApplicationDataInitializer.class]
15:18:16.508 [main] DEBUG org.springframework.context.annotation.ClassPathBeanDefinitionScanner - Identified candidate component class: URL [jar:file:/home/marza/Documents/VIP-portal/vip-application/target/vip-application-2.4.1.jar!/fr/insalyon/creatis/vip/application/server/dao/mysql/ApplicationInputData.class]
15:18:16.508 [main] DEBUG org.springframework.context.annotation.ClassPathBeanDefinitionScanner - Identified candidate component class: URL [jar:file:/home/marza/Documents/VIP-portal/vip-application/target/vip-application-2.4.1.jar!/fr/insalyon/creatis/vip/application/server/dao/h2/ExecutionNodeData.class]
15:18:16.510 [main] DEBUG org.springframework.context.annotation.ClassPathBeanDefinitionScanner - Identified candidate component class: URL [jar:file:/home/marza/Documents/VIP-portal/vip-application/target/vip-application-2.4.1.jar!/fr/insalyon/creatis/vip/application/server/business/simulation/parser/InputM2Parser.class]
15:18:16.510 [main] DEBUG org.springframework.context.annotation.ClassPathBeanDefinitionScanner - Identified candidate component class: URL [jar:file:/home/marza/Documents/VIP-portal/vip-application/target/vip-application-2.4.1.jar!/fr/insalyon/creatis/vip/application/server/business/simulation/WebServiceEngine.class]
15:18:16.510 [main] DEBUG org.springframework.context.annotation.ClassPathBeanDefinitionScanner - Identified candidate component class: URL [jar:file:/home/marza/Documents/VIP-portal/vip-application/target/vip-application-2.4.1.jar!/fr/insalyon/creatis/vip/application/server/business/WorkflowBusiness.class]
15:18:16.511 [main] DEBUG org.springframework.context.annotation.ClassPathBeanDefinitionScanner - Identified candidate component class: URL [jar:file:/home/marza/Documents/VIP-portal/vip-application/target/vip-application-2.4.1.jar!/fr/insalyon/creatis/vip/application/server/dao/mysql/ClassData.class]
15:18:16.511 [main] DEBUG org.springframework.context.annotation.ClassPathBeanDefinitionScanner - Identified candidate component class: URL [jar:file:/home/marza/Documents/VIP-portal/vip-application/target/vip-application-2.4.1.jar!/fr/insalyon/creatis/vip/application/server/dao/h2/SimulationData.class]
15:18:16.518 [main] DEBUG org.springframework.context.annotation.ClassPathBeanDefinitionScanner - Identified candidate component class: URL [jar:file:/home/marza/Documents/VIP-portal/vip-core/target/vip-core-2.4.1.jar!/fr/insalyon/creatis/vip/core/server/dao/mysql/UsersGroupsData.class]
15:18:16.519 [main] DEBUG org.springframework.context.annotation.ClassPathBeanDefinitionScanner - Identified candidate component class: URL [jar:file:/home/marza/Documents/VIP-portal/vip-core/target/vip-core-2.4.1.jar!/fr/insalyon/creatis/vip/core/server/business/StatsBusiness.class]
15:18:16.520 [main] DEBUG org.springframework.context.annotation.ClassPathBeanDefinitionScanner - Identified candidate component class: URL [jar:file:/home/marza/Documents/VIP-portal/vip-core/target/vip-core-2.4.1.jar!/fr/insalyon/creatis/vip/core/server/business/VipSessionBusiness.class]
15:18:16.520 [main] DEBUG org.springframework.context.annotation.ClassPathBeanDefinitionScanner - Identified candidate component class: URL [jar:file:/home/marza/Documents/VIP-portal/vip-core/target/vip-core-2.4.1.jar!/fr/insalyon/creatis/vip/core/server/DataSourceConfig.class]
15:18:16.520 [main] DEBUG org.springframework.context.annotation.ClassPathBeanDefinitionScanner - Identified candidate component class: URL [jar:file:/home/marza/Documents/VIP-portal/vip-core/target/vip-core-2.4.1.jar!/fr/insalyon/creatis/vip/core/server/dao/mysql/TermsUseData.class]
15:18:16.521 [main] DEBUG org.springframework.context.annotation.ClassPathBeanDefinitionScanner - Identified candidate component class: URL [jar:file:/home/marza/Documents/VIP-portal/vip-core/target/vip-core-2.4.1.jar!/fr/insalyon/creatis/vip/core/server/dao/mysql/CoreDataInitializer.class]
15:18:16.521 [main] DEBUG org.springframework.context.annotation.ClassPathBeanDefinitionScanner - Identified candidate component class: URL [jar:file:/home/marza/Documents/VIP-portal/vip-core/target/vip-core-2.4.1.jar!/fr/insalyon/creatis/vip/core/server/dao/mysql/GroupData.class]
15:18:16.524 [main] DEBUG org.springframework.context.annotation.ClassPathBeanDefinitionScanner - Identified candidate component class: URL [jar:file:/home/marza/Documents/VIP-portal/vip-core/target/vip-core-2.4.1.jar!/fr/insalyon/creatis/vip/core/server/business/EmailBusiness.class]
15:18:16.524 [main] DEBUG org.springframework.context.annotation.ClassPathBeanDefinitionScanner - Identified candidate component class: URL [jar:file:/home/marza/Documents/VIP-portal/vip-core/target/vip-core-2.4.1.jar!/fr/insalyon/creatis/vip/core/server/business/proxy/ProxyClient.class]
15:18:16.525 [main] DEBUG org.springframework.context.annotation.ClassPathBeanDefinitionScanner - Identified candidate component class: URL [jar:file:/home/marza/Documents/VIP-portal/vip-core/target/vip-core-2.4.1.jar!/fr/insalyon/creatis/vip/core/server/business/ConfigurationBusiness.class]
15:18:16.525 [main] DEBUG org.springframework.context.annotation.ClassPathBeanDefinitionScanner - Identified candidate component class: URL [jar:file:/home/marza/Documents/VIP-portal/vip-core/target/vip-core-2.4.1.jar!/fr/insalyon/creatis/vip/core/server/dao/mysql/TableInitializer.class]
15:18:16.525 [main] DEBUG org.springframework.context.annotation.ClassPathBeanDefinitionScanner - Identified candidate component class: URL [jar:file:/home/marza/Documents/VIP-portal/vip-core/target/vip-core-2.4.1.jar!/fr/insalyon/creatis/vip/core/server/dao/mysql/UserData.class]
15:18:16.533 [main] DEBUG org.springframework.context.annotation.ClassPathBeanDefinitionScanner - Identified candidate component class: URL [jar:file:/home/marza/Documents/VIP-portal/vip-datamanagement/target/vip-datamanager-2.4.1.jar!/fr/insalyon/creatis/vip/datamanager/server/business/LfcPathsBusiness.class]
15:18:16.533 [main] DEBUG org.springframework.context.annotation.ClassPathBeanDefinitionScanner - Identified candidate component class: URL [jar:file:/home/marza/Documents/VIP-portal/vip-datamanagement/target/vip-datamanager-2.4.1.jar!/fr/insalyon/creatis/vip/datamanager/server/business/ExternalPlatformBusiness.class]
15:18:16.533 [main] DEBUG org.springframework.context.annotation.ClassPathBeanDefinitionScanner - Identified candidate component class: URL [jar:file:/home/marza/Documents/VIP-portal/vip-datamanagement/target/vip-datamanager-2.4.1.jar!/fr/insalyon/creatis/vip/datamanager/server/business/GirderStorageBusiness.class]
15:18:16.533 [main] DEBUG org.springframework.context.annotation.ClassPathBeanDefinitionScanner - Identified candidate component class: URL [jar:file:/home/marza/Documents/VIP-portal/vip-datamanagement/target/vip-datamanager-2.4.1.jar!/fr/insalyon/creatis/vip/datamanager/server/business/DataManagerBusiness.class]
15:18:16.533 [main] DEBUG org.springframework.context.annotation.ClassPathBeanDefinitionScanner - Identified candidate component class: URL [jar:file:/home/marza/Documents/VIP-portal/vip-datamanagement/target/vip-datamanager-2.4.1.jar!/fr/insalyon/creatis/vip/datamanager/server/business/ApiKeyBusiness.class]
15:18:16.533 [main] DEBUG org.springframework.context.annotation.ClassPathBeanDefinitionScanner - Identified candidate component class: URL [jar:file:/home/marza/Documents/VIP-portal/vip-datamanagement/target/vip-datamanager-2.4.1.jar!/fr/insalyon/creatis/vip/datamanager/server/business/ShanoirStorageBusiness.class]
15:18:16.533 [main] DEBUG org.springframework.context.annotation.ClassPathBeanDefinitionScanner - Identified candidate component class: URL [jar:file:/home/marza/Documents/VIP-portal/vip-datamanagement/target/vip-datamanager-2.4.1.jar!/fr/insalyon/creatis/vip/datamanager/server/business/TransferPoolBusiness.class]
15:18:16.534 [main] DEBUG org.springframework.context.annotation.ClassPathBeanDefinitionScanner - Identified candidate component class: URL [jar:file:/home/marza/Documents/VIP-portal/vip-datamanagement/target/vip-datamanager-2.4.1.jar!/fr/insalyon/creatis/vip/datamanager/server/business/LFCBusiness.class]
15:18:16.534 [main] DEBUG org.springframework.context.annotation.ClassPathBeanDefinitionScanner - Identified candidate component class: URL [jar:file:/home/marza/Documents/VIP-portal/vip-datamanagement/target/vip-datamanager-2.4.1.jar!/fr/insalyon/creatis/vip/datamanager/server/business/LFCPermissionBusiness.class]
15:18:16.534 [main] DEBUG org.springframework.context.annotation.ClassPathBeanDefinitionScanner - Identified candidate component class: URL [jar:file:/home/marza/Documents/VIP-portal/vip-datamanagement/target/vip-datamanager-2.4.1.jar!/fr/insalyon/creatis/vip/datamanager/server/dao/mysql/SSHData.class]
15:18:16.534 [main] DEBUG org.springframework.context.annotation.ClassPathBeanDefinitionScanner - Identified candidate component class: URL [jar:file:/home/marza/Documents/VIP-portal/vip-datamanagement/target/vip-datamanager-2.4.1.jar!/fr/insalyon/creatis/vip/datamanager/server/dao/mysql/ApiKeysData.class]
15:18:16.534 [main] DEBUG org.springframework.context.annotation.ClassPathBeanDefinitionScanner - Identified candidate component class: URL [jar:file:/home/marza/Documents/VIP-portal/vip-datamanagement/target/vip-datamanager-2.4.1.jar!/fr/insalyon/creatis/vip/datamanager/server/dao/mysql/ExternalPlatformData.class]
15:18:16.534 [main] DEBUG org.springframework.context.annotation.ClassPathBeanDefinitionScanner - Identified candidate component class: URL [jar:file:/home/marza/Documents/VIP-portal/vip-datamanagement/target/vip-datamanager-2.4.1.jar!/fr/insalyon/creatis/vip/datamanager/server/dao/mysql/DataManagerDataInitializer.class]
15:18:16.537 [main] DEBUG org.springframework.context.annotation.ClassPathBeanDefinitionScanner - Identified candidate component class: URL [jar:file:/home/marza/Documents/VIP-portal/vip-social/target/vip-social-2.4.1.jar!/fr/insalyon/creatis/vip/social/server/business/MessageBusiness.class]
15:18:16.538 [main] DEBUG org.springframework.context.annotation.ClassPathBeanDefinitionScanner - Identified candidate component class: URL [jar:file:/home/marza/Documents/VIP-portal/vip-social/target/vip-social-2.4.1.jar!/fr/insalyon/creatis/vip/social/server/dao/mysql/MessageData.class]
15:18:16.538 [main] DEBUG org.springframework.context.annotation.ClassPathBeanDefinitionScanner - Identified candidate component class: URL [jar:file:/home/marza/Documents/VIP-portal/vip-social/target/vip-social-2.4.1.jar!/fr/insalyon/creatis/vip/social/server/dao/mysql/MessagingDataInitializer.class]
15:18:16.538 [main] DEBUG org.springframework.context.annotation.ClassPathBeanDefinitionScanner - Identified candidate component class: URL [jar:file:/home/marza/Documents/VIP-portal/vip-social/target/vip-social-2.4.1.jar!/fr/insalyon/creatis/vip/social/server/dao/mysql/GroupMessageData.class]
15:18:16.538 [main] DEBUG org.springframework.context.annotation.ClassPathBeanDefinitionScanner - Identified candidate component class: URL [jar:file:/home/marza/Documents/VIP-portal/vip-core/target/vip-core-2.4.1-tests.jar!/fr/insalyon/creatis/vip/core/integrationtest/TestDataSourceSpringConfig.class]
15:18:16.539 [main] DEBUG org.springframework.context.annotation.ClassPathBeanDefinitionScanner - Identified candidate component class: URL [jar:file:/home/marza/Documents/VIP-portal/vip-core/target/vip-core-2.4.1-tests.jar!/fr/insalyon/creatis/vip/core/integrationtest/SpingTestConfig.class]
15:18:16.539 [main] DEBUG org.springframework.context.annotation.ClassPathBeanDefinitionScanner - Identified candidate component class: URL [jar:file:/home/marza/Documents/VIP-portal/vip-core/target/vip-core-2.4.1-tests.jar!/fr/insalyon/creatis/vip/core/integrationtest/ServerMockConfig.class]
15:18:16.565 [main] DEBUG org.springframework.beans.factory.support.DefaultListableBeanFactory - Creating shared instance of singleton bean 'properties'
15:18:16.566 [main] DEBUG org.springframework.beans.factory.support.DefaultListableBeanFactory - Creating shared instance of singleton bean 'org.springframework.context.event.internalEventListenerProcessor'
15:18:16.566 [main] DEBUG org.springframework.beans.factory.support.DefaultListableBeanFactory - Creating shared instance of singleton bean 'org.springframework.context.event.internalEventListenerFactory'
15:18:16.566 [main] DEBUG org.springframework.beans.factory.support.DefaultListableBeanFactory - Creating shared instance of singleton bean 'org.springframework.transaction.config.internalTransactionalEventListenerFactory'
15:18:16.567 [main] DEBUG org.springframework.beans.factory.support.DefaultListableBeanFactory - Creating shared instance of singleton bean 'org.springframework.context.annotation.internalAutowiredAnnotationProcessor'
15:18:16.567 [main] DEBUG org.springframework.beans.factory.support.DefaultListableBeanFactory - Creating shared instance of singleton bean 'org.springframework.context.annotation.internalCommonAnnotationProcessor'
15:18:16.568 [main] DEBUG org.springframework.beans.factory.support.DefaultListableBeanFactory - Creating shared instance of singleton bean 'org.springframework.aop.config.internalAutoProxyCreator'
15:18:16.569 [main] DEBUG org.springframework.beans.factory.support.DefaultListableBeanFactory - Creating shared instance of singleton bean 'conversionService'
15:18:16.569 [main] DEBUG org.springframework.beans.factory.support.DefaultListableBeanFactory - Creating shared instance of singleton bean 'org.springframework.transaction.config.internalTransactionAdvisor'
15:18:16.569 [main] DEBUG org.springframework.beans.factory.support.DefaultListableBeanFactory - Creating shared instance of singleton bean 'org.springframework.transaction.annotation.ProxyTransactionManagementConfiguration'
15:18:16.571 [main] DEBUG org.springframework.beans.factory.support.DefaultListableBeanFactory - Creating shared instance of singleton bean 'transactionAttributeSource'
15:18:16.571 [main] DEBUG org.springframework.beans.factory.support.DefaultListableBeanFactory - Creating shared instance of singleton bean 'transactionInterceptor'
15:18:16.571 [main] DEBUG org.springframework.beans.factory.support.DefaultListableBeanFactory - Autowiring by type from bean name 'transactionInterceptor' via factory method to bean named 'transactionAttributeSource'
15:18:16.571 [main] DEBUG org.springframework.beans.factory.support.DefaultListableBeanFactory - Autowiring by type from bean name 'org.springframework.transaction.config.internalTransactionAdvisor' via factory method to bean named 'transactionAttributeSource'
15:18:16.571 [main] DEBUG org.springframework.beans.factory.support.DefaultListableBeanFactory - Autowiring by type from bean name 'org.springframework.transaction.config.internalTransactionAdvisor' via factory method to bean named 'transactionInterceptor'
15:18:16.572 [main] DEBUG org.springframework.beans.factory.support.DefaultListableBeanFactory - Creating shared instance of singleton bean 'springCoreConfig'
15:18:16.572 [main] DEBUG org.springframework.beans.factory.support.DefaultListableBeanFactory - Creating shared instance of singleton bean 'springApplicationTestConfig'
15:18:16.573 [main] DEBUG org.springframework.beans.factory.support.DefaultListableBeanFactory - Creating shared instance of singleton bean 'engineBusiness'
15:18:16.573 [main] DEBUG org.springframework.beans.factory.support.DefaultListableBeanFactory - Creating shared instance of singleton bean 'engineData'
15:18:16.574 [main] DEBUG org.springframework.beans.factory.support.DefaultListableBeanFactory - Creating shared instance of singleton bean 'lazyDataSource'
15:18:16.574 [main] DEBUG org.springframework.beans.factory.support.DefaultListableBeanFactory - Creating shared instance of singleton bean 'testDataSource'
15:18:16.574 [main] DEBUG org.springframework.beans.factory.support.DefaultListableBeanFactory - Creating shared instance of singleton bean 'testDataSourceSpringConfig'
15:18:16.575 [main] INFO org.springframework.jdbc.datasource.embedded.EmbeddedDatabaseFactory - Starting embedded database: url='jdbc:h2:mem:2caf4e10-3e34-4166-940e-dcc98cad018f;DB_CLOSE_DELAY=-1;DB_CLOSE_ON_EXIT=false', username='sa'
15:18:16.575 [main] DEBUG org.springframework.jdbc.datasource.DataSourceUtils - Fetching JDBC Connection from DataSource
15:18:16.575 [main] DEBUG org.springframework.jdbc.datasource.SimpleDriverDataSource - Creating new JDBC Driver Connection to [jdbc:h2:mem:2caf4e10-3e34-4166-940e-dcc98cad018f;DB_CLOSE_DELAY=-1;DB_CLOSE_ON_EXIT=false]
15:18:16.578 [main] DEBUG org.springframework.beans.factory.support.DefaultListableBeanFactory - Autowiring by type from bean name 'lazyDataSource' via factory method to bean named 'testDataSource'
15:18:16.578 [main] DEBUG org.springframework.jdbc.datasource.SimpleDriverDataSource - Creating new JDBC Driver Connection to [jdbc:h2:mem:2caf4e10-3e34-4166-940e-dcc98cad018f;DB_CLOSE_DELAY=-1;DB_CLOSE_ON_EXIT=false]
15:18:16.580 [main] DEBUG org.springframework.beans.factory.support.DefaultListableBeanFactory - Autowiring by type from bean name 'engineBusiness' via constructor to bean named 'engineData'
15:18:16.580 [main] DEBUG org.springframework.beans.factory.support.DefaultListableBeanFactory - Creating shared instance of singleton bean 'boutiquesBusiness'
15:18:16.581 [main] DEBUG org.springframework.beans.factory.support.DefaultListableBeanFactory - Creating shared instance of singleton bean 'testServer'
15:18:16.581 [main] DEBUG org.springframework.beans.factory.support.DefaultListableBeanFactory - Creating shared instance of singleton bean 'serverMockConfig'
15:18:16.586 [main] DEBUG org.springframework.beans.factory.support.DefaultListableBeanFactory - Creating shared instance of singleton bean 'dataManagerBusiness'
15:18:16.586 [main] DEBUG org.springframework.beans.factory.support.DefaultListableBeanFactory - Creating shared instance of singleton bean 'SSHData'
15:18:16.588 [main] DEBUG org.springframework.beans.factory.support.DefaultListableBeanFactory - Creating shared instance of singleton bean 'testGridaClient'
15:18:16.588 [main] DEBUG org.springframework.beans.factory.support.DefaultListableBeanFactory - Creating shared instance of singleton bean 'spingTestConfig'
15:18:16.589 [main] DEBUG org.springframework.beans.factory.support.DefaultListableBeanFactory - Creating shared instance of singleton bean 'gridaCacheClient'
15:18:16.589 [main] DEBUG org.springframework.beans.factory.support.DefaultListableBeanFactory - Autowiring by type from bean name 'gridaCacheClient' via factory method to bean named 'testServer'
15:18:16.590 [main] DEBUG org.springframework.beans.factory.support.DefaultListableBeanFactory - Creating shared instance of singleton bean 'gridaZombieClient'
15:18:16.590 [main] DEBUG org.springframework.beans.factory.support.DefaultListableBeanFactory - Autowiring by type from bean name 'gridaZombieClient' via factory method to bean named 'testServer'
15:18:16.591 [main] DEBUG org.springframework.beans.factory.support.DefaultListableBeanFactory - Creating shared instance of singleton bean 'configurationBusiness'
15:18:16.593 [main] DEBUG org.springframework.beans.factory.support.DefaultListableBeanFactory - Creating shared instance of singleton bean 'testProxyClient'
15:18:16.594 [main] DEBUG org.springframework.beans.factory.support.DefaultListableBeanFactory - Creating shared instance of singleton bean 'testEmailBusiness'
15:18:16.594 [main] DEBUG org.springframework.beans.factory.support.DefaultListableBeanFactory - Creating shared instance of singleton bean 'testGridaPoolClient'
15:18:16.595 [main] DEBUG org.springframework.beans.factory.support.DefaultListableBeanFactory - Creating shared instance of singleton bean 'groupData'
15:18:16.596 [main] DEBUG org.springframework.beans.factory.support.DefaultListableBeanFactory - Creating shared instance of singleton bean 'termsUseData'
15:18:16.597 [main] DEBUG org.springframework.beans.factory.support.DefaultListableBeanFactory - Creating shared instance of singleton bean 'userData'
15:18:16.598 [main] DEBUG org.springframework.beans.factory.support.DefaultListableBeanFactory - Creating shared instance of singleton bean 'usersGroupsData'
15:18:16.598 [main] DEBUG org.springframework.beans.factory.support.DefaultListableBeanFactory - Autowiring by type from bean name 'usersGroupsData' via constructor to bean named 'groupData'
15:18:16.599 [main] DEBUG org.springframework.beans.factory.support.DefaultListableBeanFactory - Autowiring by type from bean name 'configurationBusiness' via constructor to bean named 'testServer'
15:18:16.599 [main] DEBUG org.springframework.beans.factory.support.DefaultListableBeanFactory - Autowiring by type from bean name 'configurationBusiness' via constructor to bean named 'testProxyClient'
15:18:16.599 [main] DEBUG org.springframework.beans.factory.support.DefaultListableBeanFactory - Autowiring by type from bean name 'configurationBusiness' via constructor to bean named 'testEmailBusiness'
15:18:16.599 [main] DEBUG org.springframework.beans.factory.support.DefaultListableBeanFactory - Autowiring by type from bean name 'configurationBusiness' via constructor to bean named 'testGridaClient'
15:18:16.599 [main] DEBUG org.springframework.beans.factory.support.DefaultListableBeanFactory - Autowiring by type from bean name 'configurationBusiness' via constructor to bean named 'testGridaPoolClient'
15:18:16.599 [main] DEBUG org.springframework.beans.factory.support.DefaultListableBeanFactory - Autowiring by type from bean name 'configurationBusiness' via constructor to bean named 'groupData'
15:18:16.599 [main] DEBUG org.springframework.beans.factory.support.DefaultListableBeanFactory - Autowiring by type from bean name 'configurationBusiness' via constructor to bean named 'termsUseData'
15:18:16.599 [main] DEBUG org.springframework.beans.factory.support.DefaultListableBeanFactory - Autowiring by type from bean name 'configurationBusiness' via constructor to bean named 'userData'
15:18:16.599 [main] DEBUG org.springframework.beans.factory.support.DefaultListableBeanFactory - Autowiring by type from bean name 'configurationBusiness' via constructor to bean named 'usersGroupsData'
15:18:16.600 [main] DEBUG org.springframework.beans.factory.support.DefaultListableBeanFactory - Creating shared instance of singleton bean 'lfcPathsBusiness'
15:18:16.600 [main] DEBUG org.springframework.beans.factory.support.DefaultListableBeanFactory - Autowiring by type from bean name 'lfcPathsBusiness' via constructor to bean named 'testServer'
15:18:16.600 [main] DEBUG org.springframework.beans.factory.support.DefaultListableBeanFactory - Autowiring by type from bean name 'lfcPathsBusiness' via constructor to bean named 'groupData'
15:18:16.601 [main] DEBUG org.springframework.beans.factory.support.DefaultListableBeanFactory - Autowiring by type from bean name 'dataManagerBusiness' via constructor to bean named 'SSHData'
15:18:16.601 [main] DEBUG org.springframework.beans.factory.support.DefaultListableBeanFactory - Autowiring by type from bean name 'dataManagerBusiness' via constructor to bean named 'testGridaClient'
15:18:16.601 [main] DEBUG org.springframework.beans.factory.support.DefaultListableBeanFactory - Autowiring by type from bean name 'dataManagerBusiness' via constructor to bean named 'gridaCacheClient'
15:18:16.601 [main] DEBUG org.springframework.beans.factory.support.DefaultListableBeanFactory - Autowiring by type from bean name 'dataManagerBusiness' via constructor to bean named 'gridaZombieClient'
15:18:16.601 [main] DEBUG org.springframework.beans.factory.support.DefaultListableBeanFactory - Autowiring by type from bean name 'dataManagerBusiness' via constructor to bean named 'configurationBusiness'
15:18:16.601 [main] DEBUG org.springframework.beans.factory.support.DefaultListableBeanFactory - Autowiring by type from bean name 'dataManagerBusiness' via constructor to bean named 'lfcPathsBusiness'
15:18:16.601 [main] DEBUG org.springframework.beans.factory.support.DefaultListableBeanFactory - Autowiring by type from bean name 'dataManagerBusiness' via constructor to bean named 'testServer'
15:18:16.602 [main] DEBUG org.springframework.beans.factory.support.DefaultListableBeanFactory - Creating shared instance of singleton bean 'applicationBusiness'
15:18:16.602 [main] DEBUG org.springframework.beans.factory.support.DefaultListableBeanFactory - Creating shared instance of singleton bean 'applicationData'
15:18:16.603 [main] DEBUG org.springframework.beans.factory.support.DefaultListableBeanFactory - Creating shared instance of singleton bean 'classData'
15:18:16.604 [main] DEBUG org.springframework.beans.factory.support.DefaultListableBeanFactory - Autowiring by type from bean name 'applicationData' via constructor to bean named 'lazyDataSource'
15:18:16.604 [main] DEBUG org.springframework.beans.factory.support.DefaultListableBeanFactory - Autowiring by type from bean name 'applicationData' via constructor to bean named 'classData'
15:18:16.605 [main] DEBUG org.springframework.beans.factory.support.DefaultListableBeanFactory - Autowiring by type from bean name 'applicationBusiness' via constructor to bean named 'applicationData'
15:18:16.605 [main] DEBUG org.springframework.beans.factory.support.DefaultListableBeanFactory - Autowiring by type from bean name 'applicationBusiness' via constructor to bean named 'classData'
15:18:16.605 [main] DEBUG org.springframework.beans.factory.support.DefaultListableBeanFactory - Autowiring by type from bean name 'applicationBusiness' via constructor to bean named 'groupData'
15:18:16.605 [main] DEBUG org.springframework.beans.factory.support.DefaultListableBeanFactory - Autowiring by type from bean name 'boutiquesBusiness' via constructor to bean named 'testServer'
15:18:16.605 [main] DEBUG org.springframework.beans.factory.support.DefaultListableBeanFactory - Autowiring by type from bean name 'boutiquesBusiness' via constructor to bean named 'dataManagerBusiness'
15:18:16.605 [main] DEBUG org.springframework.beans.factory.support.DefaultListableBeanFactory - Autowiring by type from bean name 'boutiquesBusiness' via constructor to bean named 'applicationBusiness'
15:18:16.605 [main] DEBUG org.springframework.beans.factory.support.DefaultListableBeanFactory - Creating shared instance of singleton bean 'simulationStatsData'
15:18:16.606 [main] DEBUG org.springframework.beans.factory.support.DefaultListableBeanFactory - Creating shared instance of singleton bean 'sessionFactory'
15:18:16.607 [main] DEBUG org.springframework.beans.factory.support.DefaultListableBeanFactory - Autowiring by type from bean name 'simulationStatsData' via constructor to bean named 'sessionFactory'
15:18:16.607 [main] DEBUG org.springframework.beans.factory.support.DefaultListableBeanFactory - Creating shared instance of singleton bean 'inputBusiness'
15:18:16.608 [main] DEBUG org.springframework.beans.factory.support.DefaultListableBeanFactory - Creating shared instance of singleton bean 'applicationInputData'
15:18:16.608 [main] DEBUG org.springframework.beans.factory.support.DefaultListableBeanFactory - Autowiring by type from bean name 'inputBusiness' via constructor to bean named 'applicationInputData'
15:18:16.608 [main] DEBUG org.springframework.beans.factory.support.DefaultListableBeanFactory - Autowiring by type from bean name 'inputBusiness' via constructor to bean named 'dataManagerBusiness'
15:18:16.612 [main] DEBUG org.springframework.beans.factory.support.DefaultListableBeanFactory - Creating shared instance of singleton bean 'simulationBusiness'
15:18:16.612 [main] DEBUG org.springframework.beans.factory.support.DefaultListableBeanFactory - Autowiring by type from bean name 'simulationBusiness' via constructor to bean named 'lfcPathsBusiness'
15:18:16.612 [main] DEBUG org.springframework.beans.factory.support.DefaultListableBeanFactory - Autowiring by type from bean name 'simulationBusiness' via constructor to bean named 'testServer'
15:18:16.616 [main] DEBUG org.springframework.beans.factory.support.DefaultListableBeanFactory - Creating shared instance of singleton bean 'classBusiness'
15:18:16.617 [main] DEBUG org.springframework.beans.factory.support.DefaultListableBeanFactory - Autowiring by type from bean name 'classBusiness' via constructor to bean named 'classData'
15:18:16.617 [main] DEBUG org.springframework.beans.factory.support.DefaultListableBeanFactory - Creating shared instance of singleton bean 'applicationDataInitializer'
15:18:16.618 [main] DEBUG org.springframework.beans.factory.support.DefaultListableBeanFactory - Creating shared instance of singleton bean 'tableInitializer'
15:18:16.618 [main] DEBUG org.springframework.core.env.PropertySourcesPropertyResolver - Found key 'db.tableEngine' in PropertySource 'Inlined Test Properties' with value of type String
15:18:16.618 [main] DEBUG org.springframework.core.env.PropertySourcesPropertyResolver - Found key 'db.tableEngine' in PropertySource 'environmentProperties' with value of type String
15:18:16.619 [main] DEBUG org.springframework.beans.factory.support.DefaultListableBeanFactory - Autowiring by type from bean name 'applicationDataInitializer' via constructor to bean named 'lazyDataSource'
15:18:16.619 [main] DEBUG org.springframework.beans.factory.support.DefaultListableBeanFactory - Autowiring by type from bean name 'applicationDataInitializer' via constructor to bean named 'tableInitializer'
15:18:16.619 [main] DEBUG org.springframework.beans.factory.support.DefaultListableBeanFactory - Creating shared instance of singleton bean 'workflowBusiness'
15:18:16.620 [main] DEBUG org.springframework.beans.factory.support.DefaultListableBeanFactory - Creating shared instance of singleton bean 'getTestWorkflowDAO'
15:18:16.621 [main] DEBUG org.springframework.beans.factory.support.DefaultListableBeanFactory - Creating shared instance of singleton bean 'getTestProcessorDAO'
15:18:16.621 [main] DEBUG org.springframework.beans.factory.support.DefaultListableBeanFactory - Creating shared instance of singleton bean 'getTestOutputDAO'
15:18:16.622 [main] DEBUG org.springframework.beans.factory.support.DefaultListableBeanFactory - Creating shared instance of singleton bean 'getTestInputDAO'
15:18:16.622 [main] DEBUG org.springframework.beans.factory.support.DefaultListableBeanFactory - Creating shared instance of singleton bean 'getTestStatsDAO'
15:18:16.623 [main] DEBUG org.springframework.beans.factory.support.DefaultListableBeanFactory - Creating shared instance of singleton bean 'externalPlatformBusiness'
15:18:16.623 [main] DEBUG org.springframework.beans.factory.support.DefaultListableBeanFactory - Creating shared instance of singleton bean 'girderStorageBusiness'
15:18:16.624 [main] DEBUG org.springframework.beans.factory.support.DefaultListableBeanFactory - Creating shared instance of singleton bean 'apiKeyBusiness'
15:18:16.624 [main] DEBUG org.springframework.beans.factory.support.DefaultListableBeanFactory - Creating shared instance of singleton bean 'apiKeysData'
15:18:16.625 [main] DEBUG org.springframework.beans.factory.support.DefaultListableBeanFactory - Autowiring by type from bean name 'apiKeyBusiness' via constructor to bean named 'apiKeysData'
15:18:16.625 [main] DEBUG org.springframework.beans.factory.support.DefaultListableBeanFactory - Autowiring by type from bean name 'girderStorageBusiness' via constructor to bean named 'apiKeyBusiness'
15:18:16.625 [main] DEBUG org.springframework.beans.factory.support.DefaultListableBeanFactory - Autowiring by type from bean name 'girderStorageBusiness' via constructor to bean named 'testServer'
15:18:16.625 [main] DEBUG org.springframework.beans.factory.support.DefaultListableBeanFactory - Creating shared instance of singleton bean 'shanoirStorageBusiness'
15:18:16.626 [main] DEBUG org.springframework.beans.factory.support.DefaultListableBeanFactory - Creating shared instance of singleton bean 'externalPlatformData'
15:18:16.626 [main] DEBUG org.springframework.beans.factory.support.DefaultListableBeanFactory - Autowiring by type from bean name 'externalPlatformBusiness' via constructor to bean named 'girderStorageBusiness'
15:18:16.626 [main] DEBUG org.springframework.beans.factory.support.DefaultListableBeanFactory - Autowiring by type from bean name 'externalPlatformBusiness' via constructor to bean named 'shanoirStorageBusiness'
15:18:16.626 [main] DEBUG org.springframework.beans.factory.support.DefaultListableBeanFactory - Autowiring by type from bean name 'externalPlatformBusiness' via constructor to bean named 'externalPlatformData'
15:18:16.626 [main] DEBUG org.springframework.beans.factory.support.DefaultListableBeanFactory - Autowiring by type from bean name 'workflowBusiness' via constructor to bean named 'testServer'
15:18:16.626 [main] DEBUG org.springframework.beans.factory.support.DefaultListableBeanFactory - Autowiring by type from bean name 'workflowBusiness' via constructor to bean named 'simulationStatsData'
15:18:16.626 [main] DEBUG org.springframework.beans.factory.support.DefaultListableBeanFactory - Autowiring by type from bean name 'workflowBusiness' via constructor to bean named 'getTestWorkflowDAO'
15:18:16.626 [main] DEBUG org.springframework.beans.factory.support.DefaultListableBeanFactory - Autowiring by type from bean name 'workflowBusiness' via constructor to bean named 'getTestProcessorDAO'
15:18:16.626 [main] DEBUG org.springframework.beans.factory.support.DefaultListableBeanFactory - Autowiring by type from bean name 'workflowBusiness' via constructor to bean named 'getTestOutputDAO'
15:18:16.626 [main] DEBUG org.springframework.beans.factory.support.DefaultListableBeanFactory - Autowiring by type from bean name 'workflowBusiness' via constructor to bean named 'getTestInputDAO'
15:18:16.626 [main] DEBUG org.springframework.beans.factory.support.DefaultListableBeanFactory - Autowiring by type from bean name 'workflowBusiness' via constructor to bean named 'getTestStatsDAO'
15:18:16.626 [main] DEBUG org.springframework.beans.factory.support.DefaultListableBeanFactory - Autowiring by type from bean name 'workflowBusiness' via constructor to bean named 'engineData'
15:18:16.626 [main] DEBUG org.springframework.beans.factory.support.DefaultListableBeanFactory - Autowiring by type from bean name 'workflowBusiness' via constructor to bean named 'applicationData'
15:18:16.626 [main] DEBUG org.springframework.beans.factory.support.DefaultListableBeanFactory - Autowiring by type from bean name 'workflowBusiness' via constructor to bean named 'usersGroupsData'
15:18:16.626 [main] DEBUG org.springframework.beans.factory.support.DefaultListableBeanFactory - Autowiring by type from bean name 'workflowBusiness' via constructor to bean named 'engineBusiness'
15:18:16.627 [main] DEBUG org.springframework.beans.factory.support.DefaultListableBeanFactory - Autowiring by type from bean name 'workflowBusiness' via constructor to bean named 'dataManagerBusiness'
15:18:16.627 [main] DEBUG org.springframework.beans.factory.support.DefaultListableBeanFactory - Autowiring by type from bean name 'workflowBusiness' via constructor to bean named 'testEmailBusiness'
15:18:16.627 [main] DEBUG org.springframework.beans.factory.support.DefaultListableBeanFactory - Autowiring by type from bean name 'workflowBusiness' via constructor to bean named 'lfcPathsBusiness'
15:18:16.627 [main] DEBUG org.springframework.beans.factory.support.DefaultListableBeanFactory - Autowiring by type from bean name 'workflowBusiness' via constructor to bean named 'testGridaPoolClient'
15:18:16.627 [main] DEBUG org.springframework.beans.factory.support.DefaultListableBeanFactory - Autowiring by type from bean name 'workflowBusiness' via constructor to bean named 'testGridaClient'
15:18:16.627 [main] DEBUG org.springframework.beans.factory.support.DefaultListableBeanFactory - Autowiring by type from bean name 'workflowBusiness' via constructor to bean named 'externalPlatformBusiness'
15:18:16.630 [main] DEBUG org.springframework.beans.factory.support.DefaultListableBeanFactory - Creating shared instance of singleton bean 'statsBusiness'
15:18:16.630 [main] DEBUG org.springframework.beans.factory.support.DefaultListableBeanFactory - Autowiring by type from bean name 'statsBusiness' via constructor to bean named 'userData'
15:18:16.630 [main] DEBUG org.springframework.beans.factory.support.DefaultListableBeanFactory - Creating shared instance of singleton bean 'vipSessionBusiness'
15:18:16.631 [main] DEBUG org.springframework.beans.factory.support.DefaultListableBeanFactory - Autowiring by type from bean name 'vipSessionBusiness' via constructor to bean named 'testServer'
15:18:16.631 [main] DEBUG org.springframework.beans.factory.support.DefaultListableBeanFactory - Autowiring by type from bean name 'vipSessionBusiness' via constructor to bean named 'configurationBusiness'
15:18:16.631 [main] DEBUG org.springframework.beans.factory.support.DefaultListableBeanFactory - Creating shared instance of singleton bean 'dataSourceConfig'
15:18:16.632 [main] DEBUG org.springframework.beans.factory.support.DefaultListableBeanFactory - Creating shared instance of singleton bean 'coreDataInitializer'
15:18:16.632 [main] DEBUG org.springframework.beans.factory.support.DefaultListableBeanFactory - Autowiring by type from bean name 'coreDataInitializer' via constructor to bean named 'groupData'
15:18:16.632 [main] DEBUG org.springframework.beans.factory.support.DefaultListableBeanFactory - Autowiring by type from bean name 'coreDataInitializer' via constructor to bean named 'lazyDataSource'
15:18:16.632 [main] DEBUG org.springframework.beans.factory.support.DefaultListableBeanFactory - Autowiring by type from bean name 'coreDataInitializer' via constructor to bean named 'tableInitializer'
15:18:16.632 [main] DEBUG org.springframework.beans.factory.support.DefaultListableBeanFactory - Autowiring by type from bean name 'coreDataInitializer' via constructor to bean named 'testServer'
15:18:16.632 [main] DEBUG org.springframework.beans.factory.support.DefaultListableBeanFactory - Autowiring by type from bean name 'coreDataInitializer' via constructor to bean named 'userData'
15:18:16.632 [main] DEBUG org.springframework.beans.factory.support.DefaultListableBeanFactory - Autowiring by type from bean name 'coreDataInitializer' via constructor to bean named 'usersGroupsData'
15:18:16.632 [main] DEBUG org.springframework.beans.factory.support.DefaultListableBeanFactory - Autowiring by type from bean name 'coreDataInitializer' via constructor to bean named 'termsUseData'
15:18:16.633 [main] DEBUG org.springframework.beans.factory.support.DefaultListableBeanFactory - Creating shared instance of singleton bean 'emailBusiness'
15:18:16.633 [main] DEBUG org.springframework.beans.factory.support.DefaultListableBeanFactory - Creating shared instance of singleton bean 'smaClient'
15:18:16.633 [main] DEBUG org.springframework.beans.factory.support.DefaultListableBeanFactory - Autowiring by type from bean name 'smaClient' via factory method to bean named 'testServer'
15:18:16.634 [main] DEBUG org.springframework.beans.factory.support.DefaultListableBeanFactory - Autowiring by type from bean name 'emailBusiness' via constructor to bean named 'smaClient'
15:18:16.634 [main] DEBUG org.springframework.beans.factory.support.DefaultListableBeanFactory - Creating shared instance of singleton bean 'proxyClient'
15:18:16.635 [main] DEBUG org.springframework.beans.factory.support.DefaultListableBeanFactory - Autowiring by type from bean name 'proxyClient' via constructor to bean named 'testServer'
15:18:16.635 [main] DEBUG org.springframework.beans.factory.support.DefaultListableBeanFactory - Creating shared instance of singleton bean 'transferPoolBusiness'
15:18:16.635 [main] DEBUG org.springframework.beans.factory.support.DefaultListableBeanFactory - Creating shared instance of singleton bean 'LFCBusiness'
15:18:16.636 [main] DEBUG org.springframework.beans.factory.support.DefaultListableBeanFactory - Autowiring by type from bean name 'LFCBusiness' via constructor to bean named 'testGridaClient'
15:18:16.636 [main] DEBUG org.springframework.beans.factory.support.DefaultListableBeanFactory - Autowiring by type from bean name 'LFCBusiness' via constructor to bean named 'lfcPathsBusiness'
15:18:16.636 [main] DEBUG org.springframework.beans.factory.support.DefaultListableBeanFactory - Autowiring by type from bean name 'transferPoolBusiness' via constructor to bean named 'testServer'
15:18:16.636 [main] DEBUG org.springframework.beans.factory.support.DefaultListableBeanFactory - Autowiring by type from bean name 'transferPoolBusiness' via constructor to bean named 'LFCBusiness'
15:18:16.636 [main] DEBUG org.springframework.beans.factory.support.DefaultListableBeanFactory - Autowiring by type from bean name 'transferPoolBusiness' via constructor to bean named 'testGridaPoolClient'
15:18:16.636 [main] DEBUG org.springframework.beans.factory.support.DefaultListableBeanFactory - Autowiring by type from bean name 'transferPoolBusiness' via constructor to bean named 'lfcPathsBusiness'
15:18:16.636 [main] DEBUG org.springframework.beans.factory.support.DefaultListableBeanFactory - Creating shared instance of singleton bean 'LFCPermissionBusiness'
15:18:16.637 [main] DEBUG org.springframework.beans.factory.support.DefaultListableBeanFactory - Autowiring by type from bean name 'LFCPermissionBusiness' via constructor to bean named 'dataManagerBusiness'
15:18:16.637 [main] DEBUG org.springframework.beans.factory.support.DefaultListableBeanFactory - Autowiring by type from bean name 'LFCPermissionBusiness' via constructor to bean named 'lfcPathsBusiness'
15:18:16.637 [main] DEBUG org.springframework.beans.factory.support.DefaultListableBeanFactory - Creating shared instance of singleton bean 'dataManagerDataInitializer'
15:18:16.637 [main] DEBUG org.springframework.beans.factory.support.DefaultListableBeanFactory - Autowiring by type from bean name 'dataManagerDataInitializer' via constructor to bean named 'lazyDataSource'
15:18:16.637 [main] DEBUG org.springframework.beans.factory.support.DefaultListableBeanFactory - Autowiring by type from bean name 'dataManagerDataInitializer' via constructor to bean named 'tableInitializer'
15:18:16.638 [main] DEBUG org.springframework.beans.factory.support.DefaultListableBeanFactory - Creating shared instance of singleton bean 'messageBusiness'
15:18:16.638 [main] DEBUG org.springframework.beans.factory.support.DefaultListableBeanFactory - Creating shared instance of singleton bean 'messageData'
15:18:16.639 [main] DEBUG org.springframework.beans.factory.support.DefaultListableBeanFactory - Autowiring by type from bean name 'messageData' via constructor to bean named 'userData'
15:18:16.639 [main] DEBUG org.springframework.beans.factory.support.DefaultListableBeanFactory - Autowiring by type from bean name 'messageData' via constructor to bean named 'lazyDataSource'
15:18:16.639 [main] DEBUG org.springframework.beans.factory.support.DefaultListableBeanFactory - Creating shared instance of singleton bean 'groupMessageData'
15:18:16.640 [main] DEBUG org.springframework.beans.factory.support.DefaultListableBeanFactory - Autowiring by type from bean name 'groupMessageData' via constructor to bean named 'userData'
15:18:16.640 [main] DEBUG org.springframework.beans.factory.support.DefaultListableBeanFactory - Autowiring by type from bean name 'groupMessageData' via constructor to bean named 'groupData'
15:18:16.640 [main] DEBUG org.springframework.beans.factory.support.DefaultListableBeanFactory - Autowiring by type from bean name 'groupMessageData' via constructor to bean named 'messageData'
15:18:16.640 [main] DEBUG org.springframework.beans.factory.support.DefaultListableBeanFactory - Autowiring by type from bean name 'groupMessageData' via constructor to bean named 'lazyDataSource'
15:18:16.640 [main] DEBUG org.springframework.beans.factory.support.DefaultListableBeanFactory - Autowiring by type from bean name 'messageBusiness' via constructor to bean named 'messageData'
15:18:16.640 [main] DEBUG org.springframework.beans.factory.support.DefaultListableBeanFactory - Autowiring by type from bean name 'messageBusiness' via constructor to bean named 'groupMessageData'
15:18:16.640 [main] DEBUG org.springframework.beans.factory.support.DefaultListableBeanFactory - Autowiring by type from bean name 'messageBusiness' via constructor to bean named 'usersGroupsData'
15:18:16.640 [main] DEBUG org.springframework.beans.factory.support.DefaultListableBeanFactory - Autowiring by type from bean name 'messageBusiness' via constructor to bean named 'configurationBusiness'
15:18:16.640 [main] DEBUG org.springframework.beans.factory.support.DefaultListableBeanFactory - Autowiring by type from bean name 'messageBusiness' via constructor to bean named 'testEmailBusiness'
15:18:16.640 [main] DEBUG org.springframework.beans.factory.support.DefaultListableBeanFactory - Creating shared instance of singleton bean 'messagingDataInitializer'
15:18:16.640 [main] DEBUG org.springframework.beans.factory.support.DefaultListableBeanFactory - Autowiring by type from bean name 'messagingDataInitializer' via constructor to bean named 'lazyDataSource'
15:18:16.640 [main] DEBUG org.springframework.beans.factory.support.DefaultListableBeanFactory - Autowiring by type from bean name 'messagingDataInitializer' via constructor to bean named 'tableInitializer'
15:18:16.641 [main] DEBUG org.springframework.beans.factory.support.DefaultListableBeanFactory - Creating shared instance of singleton bean 'workflowsDBDAOFactory'
15:18:16.641 [main] DEBUG org.springframework.beans.factory.support.DefaultListableBeanFactory - Creating shared instance of singleton bean 'vipConfigFolder'
15:18:16.641 [main] DEBUG org.springframework.beans.factory.support.DefaultListableBeanFactory - Autowiring by type from bean name 'vipConfigFolder' via factory method to bean named 'org.springframework.context.support.GenericApplicationContext@39bf843a'
15:18:16.641 [main] DEBUG org.springframework.core.env.PropertySourcesPropertyResolver - Found key 'vipConfigFolder' in PropertySource 'Inlined Test Properties' with value of type String
15:18:16.641 [main] INFO fr.insalyon.creatis.vip.core.server.SpringCoreConfig - found vipConfigFolder property : classpath:
15:18:16.642 [main] DEBUG org.springframework.beans.factory.support.DefaultListableBeanFactory - Creating shared instance of singleton bean 'transactionManager'
15:18:16.642 [main] DEBUG org.springframework.beans.factory.support.DefaultListableBeanFactory - Autowiring by type from bean name 'transactionManager' via factory method to bean named 'lazyDataSource'
15:18:16.642 [main] DEBUG org.springframework.beans.factory.support.DefaultListableBeanFactory - Creating shared instance of singleton bean 'gridaClient'
15:18:16.642 [main] DEBUG org.springframework.beans.factory.support.DefaultListableBeanFactory - Autowiring by type from bean name 'gridaClient' via factory method to bean named 'testServer'
15:18:16.643 [main] DEBUG org.springframework.beans.factory.support.DefaultListableBeanFactory - Creating shared instance of singleton bean 'gridaPoolClient'
15:18:16.643 [main] DEBUG org.springframework.beans.factory.support.DefaultListableBeanFactory - Autowiring by type from bean name 'gridaPoolClient' via factory method to bean named 'testServer'
15:18:16.644 [main] DEBUG org.springframework.context.event.EventListenerMethodProcessor - 1 @EventListener methods processed on bean 'applicationDataInitializer': {public void fr.insalyon.creatis.vip.application.server.dao.mysql.ApplicationDataInitializer.onStartup()=@org.springframework.context.event.EventListener(classes=[org.springframework.context.event.ContextRefreshedEvent], condition=, id=, value=[org.springframework.context.event.ContextRefreshedEvent])}
15:18:16.645 [main] DEBUG org.springframework.context.event.EventListenerMethodProcessor - 1 @EventListener methods processed on bean 'coreDataInitializer': {public void fr.insalyon.creatis.vip.core.server.dao.mysql.CoreDataInitializer.onStartup()=@org.springframework.context.event.EventListener(classes=[org.springframework.context.event.ContextRefreshedEvent], condition=, id=, value=[org.springframework.context.event.ContextRefreshedEvent])}
15:18:16.645 [main] DEBUG org.springframework.context.event.EventListenerMethodProcessor - 1 @EventListener methods processed on bean 'dataManagerDataInitializer': {public void fr.insalyon.creatis.vip.datamanager.server.dao.mysql.DataManagerDataInitializer.onStartup()=@org.springframework.context.event.EventListener(classes=[org.springframework.context.event.ContextRefreshedEvent], condition=, id=, value=[org.springframework.context.event.ContextRefreshedEvent])}
15:18:16.645 [main] DEBUG org.springframework.context.event.EventListenerMethodProcessor - 1 @EventListener methods processed on bean 'messagingDataInitializer': {public void fr.insalyon.creatis.vip.social.server.dao.mysql.MessagingDataInitializer.onStartup()=@org.springframework.context.event.EventListener(classes=[org.springframework.context.event.ContextRefreshedEvent], condition=, id=, value=[org.springframework.context.event.ContextRefreshedEvent])}
15:18:16.646 [main] DEBUG org.springframework.jdbc.datasource.DataSourceTransactionManager - Creating new transaction with name [fr.insalyon.creatis.vip.core.server.dao.mysql.CoreDataInitializer.onStartup]: PROPAGATION_REQUIRED,ISOLATION_DEFAULT
15:18:16.646 [main] DEBUG org.springframework.jdbc.datasource.DataSourceTransactionManager - Acquired Connection [Lazy Connection proxy for target DataSource [org.springframework.jdbc.datasource.embedded.EmbeddedDatabaseFactory$EmbeddedDataSourceProxy@79f0fba0]] for JDBC transaction
15:18:16.647 [main] DEBUG org.springframework.jdbc.datasource.DataSourceTransactionManager - Switching JDBC Connection [Lazy Connection proxy for target DataSource [org.springframework.jdbc.datasource.embedded.EmbeddedDatabaseFactory$EmbeddedDataSourceProxy@79f0fba0]] to manual commit
15:18:16.647 [main] INFO fr.insalyon.creatis.vip.core.server.dao.mysql.CoreDataInitializer - Configuring VIP core database.
15:18:16.647 [main] DEBUG org.springframework.jdbc.datasource.DataSourceTransactionManager - Participating in existing transaction
15:18:16.647 [main] DEBUG org.springframework.jdbc.datasource.SimpleDriverDataSource - Creating new JDBC Driver Connection to [jdbc:h2:mem:2caf4e10-3e34-4166-940e-dcc98cad018f;DB_CLOSE_DELAY=-1;DB_CLOSE_ON_EXIT=false]
15:18:16.648 [main] INFO fr.insalyon.creatis.vip.core.server.dao.mysql.TableInitializer - Table VIPUsers successfully created.
15:18:16.649 [main] DEBUG org.springframework.jdbc.datasource.DataSourceTransactionManager - Participating in existing transaction
15:18:16.649 [main] DEBUG org.springframework.jdbc.datasource.DataSourceTransactionManager - Participating in existing transaction
15:18:16.649 [main] INFO fr.insalyon.creatis.vip.core.server.dao.mysql.TableInitializer - Table VIPGroups successfully created.
15:18:16.649 [main] DEBUG org.springframework.jdbc.datasource.DataSourceTransactionManager - Participating in existing transaction
15:18:16.650 [main] DEBUG org.springframework.jdbc.datasource.DataSourceTransactionManager - Participating in existing transaction
15:18:16.650 [main] INFO fr.insalyon.creatis.vip.core.server.dao.mysql.TableInitializer - Table VIPUsersGroups successfully created.
15:18:16.651 [main] DEBUG org.springframework.jdbc.datasource.DataSourceTransactionManager - Participating in existing transaction
15:18:16.651 [main] DEBUG org.springframework.jdbc.datasource.DataSourceTransactionManager - Participating in existing transaction
15:18:16.651 [main] INFO fr.insalyon.creatis.vip.core.server.dao.mysql.TableInitializer - Table VIPTermsOfuse successfully created.
15:18:16.651 [main] DEBUG org.springframework.jdbc.datasource.DataSourceTransactionManager - Participating in existing transaction
15:18:16.651 [main] DEBUG org.springframework.jdbc.datasource.DataSourceTransactionManager - Initiating transaction commit
15:18:16.651 [main] DEBUG org.springframework.jdbc.datasource.DataSourceTransactionManager - Committing JDBC transaction on Connection [conn132: url=jdbc:h2:mem:2caf4e10-3e34-4166-940e-dcc98cad018f user=SA]
15:18:16.651 [main] DEBUG org.springframework.jdbc.datasource.DataSourceTransactionManager - Releasing JDBC Connection [conn132: url=jdbc:h2:mem:2caf4e10-3e34-4166-940e-dcc98cad018f user=SA] after transaction
15:18:16.652 [main] DEBUG org.springframework.jdbc.datasource.DataSourceTransactionManager - Creating new transaction with name [fr.insalyon.creatis.vip.application.server.dao.mysql.ApplicationDataInitializer.onStartup]: PROPAGATION_REQUIRED,ISOLATION_DEFAULT
15:18:16.652 [main] DEBUG org.springframework.jdbc.datasource.DataSourceTransactionManager - Acquired Connection [Lazy Connection proxy for target DataSource [org.springframework.jdbc.datasource.embedded.EmbeddedDatabaseFactory$EmbeddedDataSourceProxy@79f0fba0]] for JDBC transaction
15:18:16.652 [main] DEBUG org.springframework.jdbc.datasource.DataSourceTransactionManager - Switching JDBC Connection [Lazy Connection proxy for target DataSource [org.springframework.jdbc.datasource.embedded.EmbeddedDatabaseFactory$EmbeddedDataSourceProxy@79f0fba0]] to manual commit
15:18:16.652 [main] INFO fr.insalyon.creatis.vip.application.server.dao.mysql.ApplicationDataInitializer - Configuring VIP Application database.
15:18:16.652 [main] DEBUG org.springframework.jdbc.datasource.DataSourceTransactionManager - Participating in existing transaction
15:18:16.653 [main] DEBUG org.springframework.jdbc.datasource.SimpleDriverDataSource - Creating new JDBC Driver Connection to [jdbc:h2:mem:2caf4e10-3e34-4166-940e-dcc98cad018f;DB_CLOSE_DELAY=-1;DB_CLOSE_ON_EXIT=false]
15:18:16.653 [main] INFO fr.insalyon.creatis.vip.core.server.dao.mysql.TableInitializer - Table VIPEngines successfully created.
15:18:16.653 [main] DEBUG org.springframework.jdbc.datasource.DataSourceTransactionManager - Participating in existing transaction
15:18:16.653 [main] INFO fr.insalyon.creatis.vip.core.server.dao.mysql.TableInitializer - Table VIPClasses successfully created.
15:18:16.653 [main] DEBUG org.springframework.jdbc.datasource.DataSourceTransactionManager - Participating in existing transaction
15:18:16.654 [main] INFO fr.insalyon.creatis.vip.core.server.dao.mysql.TableInitializer - Table VIPClassesEngines successfully created.
15:18:16.654 [main] DEBUG org.springframework.jdbc.datasource.DataSourceTransactionManager - Participating in existing transaction
15:18:16.655 [main] INFO fr.insalyon.creatis.vip.core.server.dao.mysql.TableInitializer - Table VIPGroupsClasses successfully created.
15:18:16.655 [main] DEBUG org.springframework.jdbc.datasource.DataSourceTransactionManager - Participating in existing transaction
15:18:16.655 [main] INFO fr.insalyon.creatis.vip.core.server.dao.mysql.TableInitializer - Table VIPApplications successfully created.
15:18:16.655 [main] DEBUG org.springframework.jdbc.datasource.DataSourceTransactionManager - Participating in existing transaction
15:18:16.656 [main] INFO fr.insalyon.creatis.vip.core.server.dao.mysql.TableInitializer - Table VIPAppVersions successfully created.
15:18:16.656 [main] DEBUG org.springframework.jdbc.datasource.DataSourceTransactionManager - Participating in existing transaction
15:18:16.656 [main] INFO fr.insalyon.creatis.vip.core.server.dao.mysql.TableInitializer - Table VIPApplicationClasses successfully created.
15:18:16.656 [main] DEBUG org.springframework.jdbc.datasource.DataSourceTransactionManager - Participating in existing transaction
15:18:16.657 [main] INFO fr.insalyon.creatis.vip.core.server.dao.mysql.TableInitializer - Table VIPAppInputs successfully created.
15:18:16.657 [main] DEBUG org.springframework.jdbc.datasource.DataSourceTransactionManager - Participating in existing transaction
15:18:16.657 [main] INFO fr.insalyon.creatis.vip.core.server.dao.mysql.TableInitializer - Table VIPAppExamples successfully created.
15:18:16.657 [main] DEBUG org.springframework.jdbc.datasource.DataSourceTransactionManager - Initiating transaction commit
15:18:16.657 [main] DEBUG org.springframework.jdbc.datasource.DataSourceTransactionManager - Committing JDBC transaction on Connection [conn133: url=jdbc:h2:mem:2caf4e10-3e34-4166-940e-dcc98cad018f user=SA]
15:18:16.657 [main] DEBUG org.springframework.jdbc.datasource.DataSourceTransactionManager - Releasing JDBC Connection [conn133: url=jdbc:h2:mem:2caf4e10-3e34-4166-940e-dcc98cad018f user=SA] after transaction
15:18:16.657 [main] DEBUG org.springframework.jdbc.datasource.DataSourceTransactionManager - Creating new transaction with name [fr.insalyon.creatis.vip.datamanager.server.dao.mysql.DataManagerDataInitializer.onStartup]: PROPAGATION_REQUIRED,ISOLATION_DEFAULT
15:18:16.657 [main] DEBUG org.springframework.jdbc.datasource.DataSourceTransactionManager - Acquired Connection [Lazy Connection proxy for target DataSource [org.springframework.jdbc.datasource.embedded.EmbeddedDatabaseFactory$EmbeddedDataSourceProxy@79f0fba0]] for JDBC transaction
15:18:16.658 [main] DEBUG org.springframework.jdbc.datasource.DataSourceTransactionManager - Switching JDBC Connection [Lazy Connection proxy for target DataSource [org.springframework.jdbc.datasource.embedded.EmbeddedDatabaseFactory$EmbeddedDataSourceProxy@79f0fba0]] to manual commit
15:18:16.658 [main] INFO fr.insalyon.creatis.vip.datamanager.server.dao.mysql.DataManagerDataInitializer - Configuring VIP SSH database.
15:18:16.658 [main] DEBUG org.springframework.jdbc.datasource.DataSourceTransactionManager - Participating in existing transaction
15:18:16.658 [main] DEBUG org.springframework.jdbc.datasource.SimpleDriverDataSource - Creating new JDBC Driver Connection to [jdbc:h2:mem:2caf4e10-3e34-4166-940e-dcc98cad018f;DB_CLOSE_DELAY=-1;DB_CLOSE_ON_EXIT=false]
15:18:16.659 [main] INFO fr.insalyon.creatis.vip.core.server.dao.mysql.TableInitializer - Table VIPSSHAccounts successfully created.
15:18:16.659 [main] INFO fr.insalyon.creatis.vip.datamanager.server.dao.mysql.DataManagerDataInitializer - Configuring VIP External Platforms database.
15:18:16.659 [main] DEBUG org.springframework.jdbc.datasource.DataSourceTransactionManager - Participating in existing transaction
15:18:16.659 [main] INFO fr.insalyon.creatis.vip.core.server.dao.mysql.TableInitializer - Table VIPExternalPlatforms successfully created.
15:18:16.659 [main] INFO fr.insalyon.creatis.vip.datamanager.server.dao.mysql.DataManagerDataInitializer - Configuring VIP api keys database.
15:18:16.659 [main] DEBUG org.springframework.jdbc.datasource.DataSourceTransactionManager - Participating in existing transaction
15:18:16.660 [main] INFO fr.insalyon.creatis.vip.core.server.dao.mysql.TableInitializer - Table VIPApiKeys successfully created.
15:18:16.660 [main] DEBUG org.springframework.jdbc.datasource.DataSourceTransactionManager - Initiating transaction commit
15:18:16.660 [main] DEBUG org.springframework.jdbc.datasource.DataSourceTransactionManager - Committing JDBC transaction on Connection [conn134: url=jdbc:h2:mem:2caf4e10-3e34-4166-940e-dcc98cad018f user=SA]
15:18:16.660 [main] DEBUG org.springframework.jdbc.datasource.DataSourceTransactionManager - Releasing JDBC Connection [conn134: url=jdbc:h2:mem:2caf4e10-3e34-4166-940e-dcc98cad018f user=SA] after transaction
15:18:16.660 [main] DEBUG org.springframework.jdbc.datasource.DataSourceTransactionManager - Creating new transaction with name [fr.insalyon.creatis.vip.social.server.dao.mysql.MessagingDataInitializer.onStartup]: PROPAGATION_REQUIRED,ISOLATION_DEFAULT
15:18:16.661 [main] DEBUG org.springframework.jdbc.datasource.DataSourceTransactionManager - Acquired Connection [Lazy Connection proxy for target DataSource [org.springframework.jdbc.datasource.embedded.EmbeddedDatabaseFactory$EmbeddedDataSourceProxy@79f0fba0]] for JDBC transaction
15:18:16.661 [main] DEBUG org.springframework.jdbc.datasource.DataSourceTransactionManager - Switching JDBC Connection [Lazy Connection proxy for target DataSource [org.springframework.jdbc.datasource.embedded.EmbeddedDatabaseFactory$EmbeddedDataSourceProxy@79f0fba0]] to manual commit
15:18:16.661 [main] INFO fr.insalyon.creatis.vip.social.server.dao.mysql.MessagingDataInitializer - Configuring VIP Social database.
15:18:16.661 [main] DEBUG org.springframework.jdbc.datasource.DataSourceTransactionManager - Participating in existing transaction
15:18:16.661 [main] DEBUG org.springframework.jdbc.datasource.SimpleDriverDataSource - Creating new JDBC Driver Connection to [jdbc:h2:mem:2caf4e10-3e34-4166-940e-dcc98cad018f;DB_CLOSE_DELAY=-1;DB_CLOSE_ON_EXIT=false]
15:18:16.662 [main] INFO fr.insalyon.creatis.vip.core.server.dao.mysql.TableInitializer - Table VIPSocialMessage successfully created.
15:18:16.662 [main] DEBUG org.springframework.jdbc.datasource.DataSourceTransactionManager - Participating in existing transaction
15:18:16.663 [main] INFO fr.insalyon.creatis.vip.core.server.dao.mysql.TableInitializer - Table VIPSocialMessageSenderReceiver successfully created.
15:18:16.663 [main] DEBUG org.springframework.jdbc.datasource.DataSourceTransactionManager - Participating in existing transaction
15:18:16.664 [main] INFO fr.insalyon.creatis.vip.core.server.dao.mysql.TableInitializer - Table VIPSocialGroupMessage successfully created.
15:18:16.664 [main] DEBUG org.springframework.jdbc.datasource.DataSourceTransactionManager - Initiating transaction commit
15:18:16.664 [main] DEBUG org.springframework.jdbc.datasource.DataSourceTransactionManager - Committing JDBC transaction on Connection [conn135: url=jdbc:h2:mem:2caf4e10-3e34-4166-940e-dcc98cad018f user=SA]
15:18:16.664 [main] DEBUG org.springframework.jdbc.datasource.DataSourceTransactionManager - Releasing JDBC Connection [conn135: url=jdbc:h2:mem:2caf4e10-3e34-4166-940e-dcc98cad018f user=SA] after transaction
15:18:16.665 [main] DEBUG org.springframework.test.context.cache.DefaultCacheAwareContextLoaderDelegate - Storing ApplicationContext [968852538] in cache under key [[MergedContextConfiguration@39e7d6fc testClass = ClassIT, locations = '{}', classes = '{class fr.insalyon.creatis.vip.core.server.SpringCoreConfig}', contextInitializerClasses = '[]', activeProfiles = '{test-db, test}', propertySourceLocations = '{}', propertySourceProperties = '{db.tableEngine=, vipConfigFolder=classpath:}', contextCustomizers = set[[empty]], contextLoader = 'org.springframework.test.context.support.DelegatingSmartContextLoader', parent = [null]]]
15:18:16.665 [main] DEBUG org.springframework.test.context.cache - Spring test ApplicationContext cache statistics: [DefaultContextCache@2fba07dc size = 1, maxSize = 32, parentContextCount = 0, hitCount = 189, missCount = 14]
15:18:16.667 [main] DEBUG org.springframework.test.context.cache.DefaultCacheAwareContextLoaderDelegate - Retrieved ApplicationContext [968852538] from cache with key [[MergedContextConfiguration@39e7d6fc testClass = ClassIT, locations = '{}', classes = '{class fr.insalyon.creatis.vip.core.server.SpringCoreConfig}', contextInitializerClasses = '[]', activeProfiles = '{test-db, test}', propertySourceLocations = '{}', propertySourceProperties = '{db.tableEngine=, vipConfigFolder=classpath:}', contextCustomizers = set[[empty]], contextLoader = 'org.springframework.test.context.support.DelegatingSmartContextLoader', parent = [null]]]
15:18:16.667 [main] DEBUG org.springframework.test.context.cache - Spring test ApplicationContext cache statistics: [DefaultContextCache@2fba07dc size = 1, maxSize = 32, parentContextCount = 0, hitCount = 190, missCount = 14]
15:18:16.668 [main] DEBUG org.springframework.test.context.support.AbstractDirtiesContextTestExecutionListener - Before test method: context [DefaultTestContext@23803141 testClass = ClassIT, testInstance = fr.insalyon.creatis.vip.application.integrationtest.ClassIT@3215e5bf, testMethod = testRemoveClass@ClassIT, testException = [null], mergedContextConfiguration = [MergedContextConfiguration@39e7d6fc testClass = ClassIT, locations = '{}', classes = '{class fr.insalyon.creatis.vip.core.server.SpringCoreConfig}', contextInitializerClasses = '[]', activeProfiles = '{test-db, test}', propertySourceLocations = '{}', propertySourceProperties = '{db.tableEngine=, vipConfigFolder=classpath:}', contextCustomizers = set[[empty]], contextLoader = 'org.springframework.test.context.support.DelegatingSmartContextLoader', parent = [null]], attributes = map['org.springframework.test.context.event.ApplicationEventsTestExecutionListener.recordApplicationEvents' -> false]], class annotated with @DirtiesContext [true] with mode [AFTER_EACH_TEST_METHOD], method annotated with @DirtiesContext [false] with mode [null].
15:18:16.669 [main] DEBUG org.springframework.test.context.transaction.TransactionalTestExecutionListener - Explicit transaction definition [PROPAGATION_REQUIRED,ISOLATION_DEFAULT] found for test context [DefaultTestContext@23803141 testClass = ClassIT, testInstance = fr.insalyon.creatis.vip.application.integrationtest.ClassIT@3215e5bf, testMethod = testRemoveClass@ClassIT, testException = [null], mergedContextConfiguration = [MergedContextConfiguration@39e7d6fc testClass = ClassIT, locations = '{}', classes = '{class fr.insalyon.creatis.vip.core.server.SpringCoreConfig}', contextInitializerClasses = '[]', activeProfiles = '{test-db, test}', propertySourceLocations = '{}', propertySourceProperties = '{db.tableEngine=, vipConfigFolder=classpath:}', contextCustomizers = set[[empty]], contextLoader = 'org.springframework.test.context.support.DelegatingSmartContextLoader', parent = [null]], attributes = map['org.springframework.test.context.event.ApplicationEventsTestExecutionListener.recordApplicationEvents' -> false]]
15:18:16.669 [main] DEBUG org.springframework.test.context.cache.DefaultCacheAwareContextLoaderDelegate - Retrieved ApplicationContext [968852538] from cache with key [[MergedContextConfiguration@39e7d6fc testClass = ClassIT, locations = '{}', classes = '{class fr.insalyon.creatis.vip.core.server.SpringCoreConfig}', contextInitializerClasses = '[]', activeProfiles = '{test-db, test}', propertySourceLocations = '{}', propertySourceProperties = '{db.tableEngine=, vipConfigFolder=classpath:}', contextCustomizers = set[[empty]], contextLoader = 'org.springframework.test.context.support.DelegatingSmartContextLoader', parent = [null]]]
15:18:16.669 [main] DEBUG org.springframework.test.context.cache - Spring test ApplicationContext cache statistics: [DefaultContextCache@2fba07dc size = 1, maxSize = 32, parentContextCount = 0, hitCount = 191, missCount = 14]
15:18:16.669 [main] DEBUG org.springframework.test.context.transaction.TransactionalTestExecutionListener - No method-level @Rollback override: using default rollback [true] for test context [DefaultTestContext@23803141 testClass = ClassIT, testInstance = fr.insalyon.creatis.vip.application.integrationtest.ClassIT@3215e5bf, testMethod = testRemoveClass@ClassIT, testException = [null], mergedContextConfiguration = [MergedContextConfiguration@39e7d6fc testClass = ClassIT, locations = '{}', classes = '{class fr.insalyon.creatis.vip.core.server.SpringCoreConfig}', contextInitializerClasses = '[]', activeProfiles = '{test-db, test}', propertySourceLocations = '{}', propertySourceProperties = '{db.tableEngine=, vipConfigFolder=classpath:}', contextCustomizers = set[[empty]], contextLoader = 'org.springframework.test.context.support.DelegatingSmartContextLoader', parent = [null]], attributes = map['org.springframework.test.context.event.ApplicationEventsTestExecutionListener.recordApplicationEvents' -> false]].
15:18:16.669 [main] DEBUG org.springframework.jdbc.datasource.DataSourceTransactionManager - Creating new transaction with name [fr.insalyon.creatis.vip.application.integrationtest.ClassIT.testRemoveClass]: PROPAGATION_REQUIRED,ISOLATION_DEFAULT
15:18:16.670 [main] DEBUG org.springframework.jdbc.datasource.DataSourceTransactionManager - Acquired Connection [Lazy Connection proxy for target DataSource [org.springframework.jdbc.datasource.embedded.EmbeddedDatabaseFactory$EmbeddedDataSourceProxy@79f0fba0]] for JDBC transaction
15:18:16.670 [main] DEBUG org.springframework.jdbc.datasource.DataSourceTransactionManager - Switching JDBC Connection [Lazy Connection proxy for target DataSource [org.springframework.jdbc.datasource.embedded.EmbeddedDatabaseFactory$EmbeddedDataSourceProxy@79f0fba0]] to manual commit
15:18:16.670 [main] INFO org.springframework.test.context.transaction.TransactionContext - Began transaction (1) for test context [DefaultTestContext@23803141 testClass = ClassIT, testInstance = fr.insalyon.creatis.vip.application.integrationtest.ClassIT@3215e5bf, testMethod = testRemoveClass@ClassIT, testException = [null], mergedContextConfiguration = [MergedContextConfiguration@39e7d6fc testClass = ClassIT, locations = '{}', classes = '{class fr.insalyon.creatis.vip.core.server.SpringCoreConfig}', contextInitializerClasses = '[]', activeProfiles = '{test-db, test}', propertySourceLocations = '{}', propertySourceProperties = '{db.tableEngine=, vipConfigFolder=classpath:}', contextCustomizers = set[[empty]], contextLoader = 'org.springframework.test.context.support.DelegatingSmartContextLoader', parent = [null]], attributes = map['org.springframework.test.context.event.ApplicationEventsTestExecutionListener.recordApplicationEvents' -> false]]; transaction manager [org.springframework.jdbc.datasource.DataSourceTransactionManager@c126600]; rollback [true]
15:18:16.670 [main] DEBUG org.springframework.test.context.cache.DefaultCacheAwareContextLoaderDelegate - Retrieved ApplicationContext [968852538] from cache with key [[MergedContextConfiguration@39e7d6fc testClass = ClassIT, locations = '{}', classes = '{class fr.insalyon.creatis.vip.core.server.SpringCoreConfig}', contextInitializerClasses = '[]', activeProfiles = '{test-db, test}', propertySourceLocations = '{}', propertySourceProperties = '{db.tableEngine=, vipConfigFolder=classpath:}', contextCustomizers = set[[empty]], contextLoader = 'org.springframework.test.context.support.DelegatingSmartContextLoader', parent = [null]]]
15:18:16.670 [main] DEBUG org.springframework.test.context.cache - Spring test ApplicationContext cache statistics: [DefaultContextCache@2fba07dc size = 1, maxSize = 32, parentContextCount = 0, hitCount = 192, missCount = 14]
15:18:16.672 [main] DEBUG org.springframework.jdbc.datasource.DataSourceTransactionManager - Participating in existing transaction
15:18:16.672 [main] DEBUG org.springframework.jdbc.datasource.DataSourceTransactionManager - Participating in existing transaction
15:18:16.672 [main] DEBUG org.springframework.jdbc.datasource.SimpleDriverDataSource - Creating new JDBC Driver Connection to [jdbc:h2:mem:2caf4e10-3e34-4166-940e-dcc98cad018f;DB_CLOSE_DELAY=-1;DB_CLOSE_ON_EXIT=false]
15:18:16.673 [main] DEBUG org.springframework.jdbc.datasource.DataSourceTransactionManager - Participating in existing transaction
15:18:16.673 [main] DEBUG org.springframework.jdbc.datasource.DataSourceTransactionManager - Participating in existing transaction
15:18:16.673 [main] DEBUG org.springframework.jdbc.datasource.DataSourceTransactionManager - Participating in existing transaction
15:18:16.673 [main] DEBUG org.springframework.jdbc.datasource.DataSourceTransactionManager - Participating in existing transaction
15:18:16.674 [main] DEBUG org.springframework.test.context.cache.DefaultCacheAwareContextLoaderDelegate - Retrieved ApplicationContext [968852538] from cache with key [[MergedContextConfiguration@39e7d6fc testClass = ClassIT, locations = '{}', classes = '{class fr.insalyon.creatis.vip.core.server.SpringCoreConfig}', contextInitializerClasses = '[]', activeProfiles = '{test-db, test}', propertySourceLocations = '{}', propertySourceProperties = '{db.tableEngine=, vipConfigFolder=classpath:}', contextCustomizers = set[[empty]], contextLoader = 'org.springframework.test.context.support.DelegatingSmartContextLoader', parent = [null]]]
15:18:16.674 [main] DEBUG org.springframework.test.context.cache - Spring test ApplicationContext cache statistics: [DefaultContextCache@2fba07dc size = 1, maxSize = 32, parentContextCount = 0, hitCount = 193, missCount = 14]
15:18:16.674 [main] DEBUG org.springframework.jdbc.datasource.DataSourceTransactionManager - Participating in existing transaction
15:18:16.674 [main] DEBUG org.springframework.jdbc.datasource.DataSourceTransactionManager - Participating in existing transaction
15:18:16.675 [main] DEBUG org.springframework.jdbc.datasource.DataSourceTransactionManager - Participating in existing transaction
15:18:16.675 [main] DEBUG org.springframework.jdbc.datasource.DataSourceTransactionManager - Participating in existing transaction
15:18:16.676 [main] ERROR fr.insalyon.creatis.vip.application.server.dao.mysql.ClassData - There is no class registered with the name: class1
15:18:16.676 [main] DEBUG org.springframework.jdbc.datasource.DataSourceTransactionManager - Participating in existing transaction
15:18:16.676 [main] DEBUG org.springframework.jdbc.datasource.DataSourceTransactionManager - Participating in existing transaction
15:18:16.676 [main] DEBUG org.springframework.test.context.cache.DefaultCacheAwareContextLoaderDelegate - Retrieved ApplicationContext [968852538] from cache with key [[MergedContextConfiguration@39e7d6fc testClass = ClassIT, locations = '{}', classes = '{class fr.insalyon.creatis.vip.core.server.SpringCoreConfig}', contextInitializerClasses = '[]', activeProfiles = '{test-db, test}', propertySourceLocations = '{}', propertySourceProperties = '{db.tableEngine=, vipConfigFolder=classpath:}', contextCustomizers = set[[empty]], contextLoader = 'org.springframework.test.context.support.DelegatingSmartContextLoader', parent = [null]]]
15:18:16.676 [main] DEBUG org.springframework.test.context.cache - Spring test ApplicationContext cache statistics: [DefaultContextCache@2fba07dc size = 1, maxSize = 32, parentContextCount = 0, hitCount = 194, missCount = 14]
15:18:16.676 [main] DEBUG org.springframework.test.context.cache.DefaultCacheAwareContextLoaderDelegate - Retrieved ApplicationContext [968852538] from cache with key [[MergedContextConfiguration@39e7d6fc testClass = ClassIT, locations = '{}', classes = '{class fr.insalyon.creatis.vip.core.server.SpringCoreConfig}', contextInitializerClasses = '[]', activeProfiles = '{test-db, test}', propertySourceLocations = '{}', propertySourceProperties = '{db.tableEngine=, vipConfigFolder=classpath:}', contextCustomizers = set[[empty]], contextLoader = 'org.springframework.test.context.support.DelegatingSmartContextLoader', parent = [null]]]
15:18:16.676 [main] DEBUG org.springframework.test.context.cache - Spring test ApplicationContext cache statistics: [DefaultContextCache@2fba07dc size = 1, maxSize = 32, parentContextCount = 0, hitCount = 195, missCount = 14]
15:18:16.677 [main] DEBUG org.springframework.jdbc.datasource.DataSourceTransactionManager - Initiating transaction rollback
15:18:16.677 [main] DEBUG org.springframework.jdbc.datasource.DataSourceTransactionManager - Rolling back JDBC transaction on Connection [conn136: url=jdbc:h2:mem:2caf4e10-3e34-4166-940e-dcc98cad018f user=SA]
15:18:16.677 [main] DEBUG org.springframework.jdbc.datasource.DataSourceTransactionManager - Releasing JDBC Connection [conn136: url=jdbc:h2:mem:2caf4e10-3e34-4166-940e-dcc98cad018f user=SA] after transaction
15:18:16.677 [main] INFO org.springframework.test.context.transaction.TransactionContext - Rolled back transaction for test: [DefaultTestContext@23803141 testClass = ClassIT, testInstance = fr.insalyon.creatis.vip.application.integrationtest.ClassIT@3215e5bf, testMethod = testRemoveClass@ClassIT, testException = [null], mergedContextConfiguration = [MergedContextConfiguration@39e7d6fc testClass = ClassIT, locations = '{}', classes = '{class fr.insalyon.creatis.vip.core.server.SpringCoreConfig}', contextInitializerClasses = '[]', activeProfiles = '{test-db, test}', propertySourceLocations = '{}', propertySourceProperties = '{db.tableEngine=, vipConfigFolder=classpath:}', contextCustomizers = set[[empty]], contextLoader = 'org.springframework.test.context.support.DelegatingSmartContextLoader', parent = [null]], attributes = map['org.springframework.test.context.event.ApplicationEventsTestExecutionListener.recordApplicationEvents' -> false]]
15:18:16.677 [main] DEBUG org.springframework.test.context.support.AbstractDirtiesContextTestExecutionListener - After test method: context [DefaultTestContext@23803141 testClass = ClassIT, testInstance = fr.insalyon.creatis.vip.application.integrationtest.ClassIT@3215e5bf, testMethod = testRemoveClass@ClassIT, testException = [null], mergedContextConfiguration = [MergedContextConfiguration@39e7d6fc testClass = ClassIT, locations = '{}', classes = '{class fr.insalyon.creatis.vip.core.server.SpringCoreConfig}', contextInitializerClasses = '[]', activeProfiles = '{test-db, test}', propertySourceLocations = '{}', propertySourceProperties = '{db.tableEngine=, vipConfigFolder=classpath:}', contextCustomizers = set[[empty]], contextLoader = 'org.springframework.test.context.support.DelegatingSmartContextLoader', parent = [null]], attributes = map['org.springframework.test.context.event.ApplicationEventsTestExecutionListener.recordApplicationEvents' -> false]], class annotated with @DirtiesContext [true] with mode [AFTER_EACH_TEST_METHOD], method annotated with @DirtiesContext [false] with mode [null].
15:18:16.677 [main] DEBUG org.springframework.context.support.GenericApplicationContext - Closing org.springframework.context.support.GenericApplicationContext@39bf843a, started on Tue Jul 11 15:18:16 CEST 2023
15:18:16.678 [main] INFO org.springframework.jdbc.datasource.embedded.EmbeddedDatabaseFactory - Shutting down embedded database: url='jdbc:h2:mem:2caf4e10-3e34-4166-940e-dcc98cad018f;DB_CLOSE_DELAY=-1;DB_CLOSE_ON_EXIT=false'
15:18:16.678 [main] DEBUG org.springframework.jdbc.datasource.SimpleDriverDataSource - Creating new JDBC Driver Connection to [jdbc:h2:mem:2caf4e10-3e34-4166-940e-dcc98cad018f;DB_CLOSE_DELAY=-1;DB_CLOSE_ON_EXIT=false]
]]></system-out>
  </testcase>
  <testcase name="testAddClass" classname="fr.insalyon.creatis.vip.application.integrationtest.ClassIT" time="0.01">
    <system-out><![CDATA[15:18:16.679 [main] DEBUG org.springframework.test.context.support.DependencyInjectionTestExecutionListener - Performing dependency injection for test context [[DefaultTestContext@23803141 testClass = ClassIT, testInstance = fr.insalyon.creatis.vip.application.integrationtest.ClassIT@23b770b4, testMethod = [null], testException = [null], mergedContextConfiguration = [MergedContextConfiguration@39e7d6fc testClass = ClassIT, locations = '{}', classes = '{class fr.insalyon.creatis.vip.core.server.SpringCoreConfig}', contextInitializerClasses = '[]', activeProfiles = '{test-db, test}', propertySourceLocations = '{}', propertySourceProperties = '{db.tableEngine=, vipConfigFolder=classpath:}', contextCustomizers = set[[empty]], contextLoader = 'org.springframework.test.context.support.DelegatingSmartContextLoader', parent = [null]], attributes = map['org.springframework.test.context.event.ApplicationEventsTestExecutionListener.recordApplicationEvents' -> false, 'org.springframework.test.context.support.DependencyInjectionTestExecutionListener.reinjectDependencies' -> true]]].
15:18:16.679 [main] DEBUG org.springframework.test.context.support.AbstractDelegatingSmartContextLoader - Delegating to AnnotationConfigContextLoader to load context from [MergedContextConfiguration@39e7d6fc testClass = ClassIT, locations = '{}', classes = '{class fr.insalyon.creatis.vip.core.server.SpringCoreConfig}', contextInitializerClasses = '[]', activeProfiles = '{test-db, test}', propertySourceLocations = '{}', propertySourceProperties = '{db.tableEngine=, vipConfigFolder=classpath:}', contextCustomizers = set[[empty]], contextLoader = 'org.springframework.test.context.support.DelegatingSmartContextLoader', parent = [null]].
15:18:16.680 [main] DEBUG org.springframework.test.context.support.AbstractGenericContextLoader - Loading ApplicationContext for merged context configuration [[MergedContextConfiguration@39e7d6fc testClass = ClassIT, locations = '{}', classes = '{class fr.insalyon.creatis.vip.core.server.SpringCoreConfig}', contextInitializerClasses = '[]', activeProfiles = '{test-db, test}', propertySourceLocations = '{}', propertySourceProperties = '{db.tableEngine=, vipConfigFolder=classpath:}', contextCustomizers = set[[empty]], contextLoader = 'org.springframework.test.context.support.DelegatingSmartContextLoader', parent = [null]]].
15:18:16.680 [main] DEBUG org.springframework.core.env.StandardEnvironment - Activating profiles [test-db, test]
15:18:16.680 [main] DEBUG org.springframework.test.context.support.TestPropertySourceUtils - Adding inlined properties to environment: {db.tableEngine=, vipConfigFolder=classpath:}
15:18:16.680 [main] DEBUG org.springframework.test.context.support.AnnotationConfigContextLoader - Registering component classes: {class fr.insalyon.creatis.vip.core.server.SpringCoreConfig}
15:18:16.681 [main] DEBUG org.springframework.context.support.GenericApplicationContext - Refreshing org.springframework.context.support.GenericApplicationContext@3e0d8508
15:18:16.681 [main] DEBUG org.springframework.beans.factory.support.DefaultListableBeanFactory - Creating shared instance of singleton bean 'org.springframework.context.annotation.internalConfigurationAnnotationProcessor'
15:18:16.688 [main] DEBUG org.springframework.context.annotation.ClassPathBeanDefinitionScanner - Identified candidate component class: file [/home/marza/Documents/VIP-portal/vip-application/target/test-classes/fr/insalyon/creatis/vip/application/integrationtest/SpringApplicationTestConfig.class]
15:18:16.696 [main] DEBUG org.springframework.context.annotation.ClassPathBeanDefinitionScanner - Identified candidate component class: URL [jar:file:/home/marza/Documents/VIP-portal/vip-application/target/vip-application-2.4.1.jar!/fr/insalyon/creatis/vip/application/server/business/EngineBusiness.class]
15:18:16.696 [main] DEBUG org.springframework.context.annotation.ClassPathBeanDefinitionScanner - Identified candidate component class: URL [jar:file:/home/marza/Documents/VIP-portal/vip-application/target/vip-application-2.4.1.jar!/fr/insalyon/creatis/vip/application/server/business/simulation/parser/InputParser.class]
15:18:16.696 [main] DEBUG org.springframework.context.annotation.ClassPathBeanDefinitionScanner - Identified candidate component class: URL [jar:file:/home/marza/Documents/VIP-portal/vip-application/target/vip-application-2.4.1.jar!/fr/insalyon/creatis/vip/application/server/business/simulation/parser/ScuflParser.class]
15:18:16.696 [main] DEBUG org.springframework.context.annotation.ClassPathBeanDefinitionScanner - Identified candidate component class: URL [jar:file:/home/marza/Documents/VIP-portal/vip-application/target/vip-application-2.4.1.jar!/fr/insalyon/creatis/vip/application/server/business/simulation/parser/GwendiaParser.class]
15:18:16.697 [main] DEBUG org.springframework.context.annotation.ClassPathBeanDefinitionScanner - Identified candidate component class: URL [jar:file:/home/marza/Documents/VIP-portal/vip-application/target/vip-application-2.4.1.jar!/fr/insalyon/creatis/vip/application/server/business/BoutiquesBusiness.class]
15:18:16.697 [main] DEBUG org.springframework.context.annotation.ClassPathBeanDefinitionScanner - Identified candidate component class: URL [jar:file:/home/marza/Documents/VIP-portal/vip-application/target/vip-application-2.4.1.jar!/fr/insalyon/creatis/vip/application/server/dao/hibernate/SimulationStatsData.class]
15:18:16.697 [main] DEBUG org.springframework.context.annotation.ClassPathBeanDefinitionScanner - Identified candidate component class: URL [jar:file:/home/marza/Documents/VIP-portal/vip-application/target/vip-application-2.4.1.jar!/fr/insalyon/creatis/vip/application/server/dao/mysql/ApplicationData.class]
15:18:16.701 [main] DEBUG org.springframework.context.annotation.ClassPathBeanDefinitionScanner - Identified candidate component class: URL [jar:file:/home/marza/Documents/VIP-portal/vip-application/target/vip-application-2.4.1.jar!/fr/insalyon/creatis/vip/application/server/business/InputBusiness.class]
15:18:16.702 [main] DEBUG org.springframework.context.annotation.ClassPathBeanDefinitionScanner - Identified candidate component class: URL [jar:file:/home/marza/Documents/VIP-portal/vip-application/target/vip-application-2.4.1.jar!/fr/insalyon/creatis/vip/application/server/business/SimulationBusiness.class]
15:18:16.705 [main] DEBUG org.springframework.context.annotation.ClassPathBeanDefinitionScanner - Identified candidate component class: URL [jar:file:/home/marza/Documents/VIP-portal/vip-application/target/vip-application-2.4.1.jar!/fr/insalyon/creatis/vip/application/server/business/WorkflowExecutionBusiness.class]
15:18:16.706 [main] DEBUG org.springframework.context.annotation.ClassPathBeanDefinitionScanner - Identified candidate component class: URL [jar:file:/home/marza/Documents/VIP-portal/vip-application/target/vip-application-2.4.1.jar!/fr/insalyon/creatis/vip/application/server/business/ApplicationBusiness.class]
15:18:16.706 [main] DEBUG org.springframework.context.annotation.ClassPathBeanDefinitionScanner - Identified candidate component class: URL [jar:file:/home/marza/Documents/VIP-portal/vip-application/target/vip-application-2.4.1.jar!/fr/insalyon/creatis/vip/application/server/business/ClassBusiness.class]
15:18:16.706 [main] DEBUG org.springframework.context.annotation.ClassPathBeanDefinitionScanner - Identified candidate component class: URL [jar:file:/home/marza/Documents/VIP-portal/vip-application/target/vip-application-2.4.1.jar!/fr/insalyon/creatis/vip/application/server/dao/mysql/EngineData.class]
15:18:16.706 [main] DEBUG org.springframework.context.annotation.ClassPathBeanDefinitionScanner - Identified candidate component class: URL [jar:file:/home/marza/Documents/VIP-portal/vip-application/target/vip-application-2.4.1.jar!/fr/insalyon/creatis/vip/application/server/dao/mysql/ApplicationDataInitializer.class]
15:18:16.707 [main] DEBUG org.springframework.context.annotation.ClassPathBeanDefinitionScanner - Identified candidate component class: URL [jar:file:/home/marza/Documents/VIP-portal/vip-application/target/vip-application-2.4.1.jar!/fr/insalyon/creatis/vip/application/server/dao/mysql/ApplicationInputData.class]
15:18:16.707 [main] DEBUG org.springframework.context.annotation.ClassPathBeanDefinitionScanner - Identified candidate component class: URL [jar:file:/home/marza/Documents/VIP-portal/vip-application/target/vip-application-2.4.1.jar!/fr/insalyon/creatis/vip/application/server/dao/h2/ExecutionNodeData.class]
15:18:16.708 [main] DEBUG org.springframework.context.annotation.ClassPathBeanDefinitionScanner - Identified candidate component class: URL [jar:file:/home/marza/Documents/VIP-portal/vip-application/target/vip-application-2.4.1.jar!/fr/insalyon/creatis/vip/application/server/business/simulation/parser/InputM2Parser.class]
15:18:16.709 [main] DEBUG org.springframework.context.annotation.ClassPathBeanDefinitionScanner - Identified candidate component class: URL [jar:file:/home/marza/Documents/VIP-portal/vip-application/target/vip-application-2.4.1.jar!/fr/insalyon/creatis/vip/application/server/business/simulation/WebServiceEngine.class]
15:18:16.709 [main] DEBUG org.springframework.context.annotation.ClassPathBeanDefinitionScanner - Identified candidate component class: URL [jar:file:/home/marza/Documents/VIP-portal/vip-application/target/vip-application-2.4.1.jar!/fr/insalyon/creatis/vip/application/server/business/WorkflowBusiness.class]
15:18:16.709 [main] DEBUG org.springframework.context.annotation.ClassPathBeanDefinitionScanner - Identified candidate component class: URL [jar:file:/home/marza/Documents/VIP-portal/vip-application/target/vip-application-2.4.1.jar!/fr/insalyon/creatis/vip/application/server/dao/mysql/ClassData.class]
15:18:16.709 [main] DEBUG org.springframework.context.annotation.ClassPathBeanDefinitionScanner - Identified candidate component class: URL [jar:file:/home/marza/Documents/VIP-portal/vip-application/target/vip-application-2.4.1.jar!/fr/insalyon/creatis/vip/application/server/dao/h2/SimulationData.class]
15:18:16.717 [main] DEBUG org.springframework.context.annotation.ClassPathBeanDefinitionScanner - Identified candidate component class: URL [jar:file:/home/marza/Documents/VIP-portal/vip-core/target/vip-core-2.4.1.jar!/fr/insalyon/creatis/vip/core/server/dao/mysql/UsersGroupsData.class]
15:18:16.718 [main] DEBUG org.springframework.context.annotation.ClassPathBeanDefinitionScanner - Identified candidate component class: URL [jar:file:/home/marza/Documents/VIP-portal/vip-core/target/vip-core-2.4.1.jar!/fr/insalyon/creatis/vip/core/server/business/StatsBusiness.class]
15:18:16.718 [main] DEBUG org.springframework.context.annotation.ClassPathBeanDefinitionScanner - Identified candidate component class: URL [jar:file:/home/marza/Documents/VIP-portal/vip-core/target/vip-core-2.4.1.jar!/fr/insalyon/creatis/vip/core/server/business/VipSessionBusiness.class]
15:18:16.719 [main] DEBUG org.springframework.context.annotation.ClassPathBeanDefinitionScanner - Identified candidate component class: URL [jar:file:/home/marza/Documents/VIP-portal/vip-core/target/vip-core-2.4.1.jar!/fr/insalyon/creatis/vip/core/server/DataSourceConfig.class]
15:18:16.720 [main] DEBUG org.springframework.context.annotation.ClassPathBeanDefinitionScanner - Identified candidate component class: URL [jar:file:/home/marza/Documents/VIP-portal/vip-core/target/vip-core-2.4.1.jar!/fr/insalyon/creatis/vip/core/server/dao/mysql/TermsUseData.class]
15:18:16.720 [main] DEBUG org.springframework.context.annotation.ClassPathBeanDefinitionScanner - Identified candidate component class: URL [jar:file:/home/marza/Documents/VIP-portal/vip-core/target/vip-core-2.4.1.jar!/fr/insalyon/creatis/vip/core/server/dao/mysql/CoreDataInitializer.class]
15:18:16.720 [main] DEBUG org.springframework.context.annotation.ClassPathBeanDefinitionScanner - Identified candidate component class: URL [jar:file:/home/marza/Documents/VIP-portal/vip-core/target/vip-core-2.4.1.jar!/fr/insalyon/creatis/vip/core/server/dao/mysql/GroupData.class]
15:18:16.726 [main] DEBUG org.springframework.context.annotation.ClassPathBeanDefinitionScanner - Identified candidate component class: URL [jar:file:/home/marza/Documents/VIP-portal/vip-core/target/vip-core-2.4.1.jar!/fr/insalyon/creatis/vip/core/server/business/EmailBusiness.class]
15:18:16.727 [main] DEBUG org.springframework.context.annotation.ClassPathBeanDefinitionScanner - Identified candidate component class: URL [jar:file:/home/marza/Documents/VIP-portal/vip-core/target/vip-core-2.4.1.jar!/fr/insalyon/creatis/vip/core/server/business/proxy/ProxyClient.class]
15:18:16.728 [main] DEBUG org.springframework.context.annotation.ClassPathBeanDefinitionScanner - Identified candidate component class: URL [jar:file:/home/marza/Documents/VIP-portal/vip-core/target/vip-core-2.4.1.jar!/fr/insalyon/creatis/vip/core/server/business/ConfigurationBusiness.class]
15:18:16.729 [main] DEBUG org.springframework.context.annotation.ClassPathBeanDefinitionScanner - Identified candidate component class: URL [jar:file:/home/marza/Documents/VIP-portal/vip-core/target/vip-core-2.4.1.jar!/fr/insalyon/creatis/vip/core/server/dao/mysql/TableInitializer.class]
15:18:16.729 [main] DEBUG org.springframework.context.annotation.ClassPathBeanDefinitionScanner - Identified candidate component class: URL [jar:file:/home/marza/Documents/VIP-portal/vip-core/target/vip-core-2.4.1.jar!/fr/insalyon/creatis/vip/core/server/dao/mysql/UserData.class]
15:18:16.741 [main] DEBUG org.springframework.context.annotation.ClassPathBeanDefinitionScanner - Identified candidate component class: URL [jar:file:/home/marza/Documents/VIP-portal/vip-datamanagement/target/vip-datamanager-2.4.1.jar!/fr/insalyon/creatis/vip/datamanager/server/business/LfcPathsBusiness.class]
15:18:16.741 [main] DEBUG org.springframework.context.annotation.ClassPathBeanDefinitionScanner - Identified candidate component class: URL [jar:file:/home/marza/Documents/VIP-portal/vip-datamanagement/target/vip-datamanager-2.4.1.jar!/fr/insalyon/creatis/vip/datamanager/server/business/ExternalPlatformBusiness.class]
15:18:16.742 [main] DEBUG org.springframework.context.annotation.ClassPathBeanDefinitionScanner - Identified candidate component class: URL [jar:file:/home/marza/Documents/VIP-portal/vip-datamanagement/target/vip-datamanager-2.4.1.jar!/fr/insalyon/creatis/vip/datamanager/server/business/GirderStorageBusiness.class]
15:18:16.742 [main] DEBUG org.springframework.context.annotation.ClassPathBeanDefinitionScanner - Identified candidate component class: URL [jar:file:/home/marza/Documents/VIP-portal/vip-datamanagement/target/vip-datamanager-2.4.1.jar!/fr/insalyon/creatis/vip/datamanager/server/business/DataManagerBusiness.class]
15:18:16.742 [main] DEBUG org.springframework.context.annotation.ClassPathBeanDefinitionScanner - Identified candidate component class: URL [jar:file:/home/marza/Documents/VIP-portal/vip-datamanagement/target/vip-datamanager-2.4.1.jar!/fr/insalyon/creatis/vip/datamanager/server/business/ApiKeyBusiness.class]
15:18:16.742 [main] DEBUG org.springframework.context.annotation.ClassPathBeanDefinitionScanner - Identified candidate component class: URL [jar:file:/home/marza/Documents/VIP-portal/vip-datamanagement/target/vip-datamanager-2.4.1.jar!/fr/insalyon/creatis/vip/datamanager/server/business/ShanoirStorageBusiness.class]
15:18:16.742 [main] DEBUG org.springframework.context.annotation.ClassPathBeanDefinitionScanner - Identified candidate component class: URL [jar:file:/home/marza/Documents/VIP-portal/vip-datamanagement/target/vip-datamanager-2.4.1.jar!/fr/insalyon/creatis/vip/datamanager/server/business/TransferPoolBusiness.class]
15:18:16.743 [main] DEBUG org.springframework.context.annotation.ClassPathBeanDefinitionScanner - Identified candidate component class: URL [jar:file:/home/marza/Documents/VIP-portal/vip-datamanagement/target/vip-datamanager-2.4.1.jar!/fr/insalyon/creatis/vip/datamanager/server/business/LFCBusiness.class]
15:18:16.743 [main] DEBUG org.springframework.context.annotation.ClassPathBeanDefinitionScanner - Identified candidate component class: URL [jar:file:/home/marza/Documents/VIP-portal/vip-datamanagement/target/vip-datamanager-2.4.1.jar!/fr/insalyon/creatis/vip/datamanager/server/business/LFCPermissionBusiness.class]
15:18:16.743 [main] DEBUG org.springframework.context.annotation.ClassPathBeanDefinitionScanner - Identified candidate component class: URL [jar:file:/home/marza/Documents/VIP-portal/vip-datamanagement/target/vip-datamanager-2.4.1.jar!/fr/insalyon/creatis/vip/datamanager/server/dao/mysql/SSHData.class]
15:18:16.744 [main] DEBUG org.springframework.context.annotation.ClassPathBeanDefinitionScanner - Identified candidate component class: URL [jar:file:/home/marza/Documents/VIP-portal/vip-datamanagement/target/vip-datamanager-2.4.1.jar!/fr/insalyon/creatis/vip/datamanager/server/dao/mysql/ApiKeysData.class]
15:18:16.744 [main] DEBUG org.springframework.context.annotation.ClassPathBeanDefinitionScanner - Identified candidate component class: URL [jar:file:/home/marza/Documents/VIP-portal/vip-datamanagement/target/vip-datamanager-2.4.1.jar!/fr/insalyon/creatis/vip/datamanager/server/dao/mysql/ExternalPlatformData.class]
15:18:16.744 [main] DEBUG org.springframework.context.annotation.ClassPathBeanDefinitionScanner - Identified candidate component class: URL [jar:file:/home/marza/Documents/VIP-portal/vip-datamanagement/target/vip-datamanager-2.4.1.jar!/fr/insalyon/creatis/vip/datamanager/server/dao/mysql/DataManagerDataInitializer.class]
15:18:16.749 [main] DEBUG org.springframework.context.annotation.ClassPathBeanDefinitionScanner - Identified candidate component class: URL [jar:file:/home/marza/Documents/VIP-portal/vip-social/target/vip-social-2.4.1.jar!/fr/insalyon/creatis/vip/social/server/business/MessageBusiness.class]
15:18:16.749 [main] DEBUG org.springframework.context.annotation.ClassPathBeanDefinitionScanner - Identified candidate component class: URL [jar:file:/home/marza/Documents/VIP-portal/vip-social/target/vip-social-2.4.1.jar!/fr/insalyon/creatis/vip/social/server/dao/mysql/MessageData.class]
15:18:16.749 [main] DEBUG org.springframework.context.annotation.ClassPathBeanDefinitionScanner - Identified candidate component class: URL [jar:file:/home/marza/Documents/VIP-portal/vip-social/target/vip-social-2.4.1.jar!/fr/insalyon/creatis/vip/social/server/dao/mysql/MessagingDataInitializer.class]
15:18:16.749 [main] DEBUG org.springframework.context.annotation.ClassPathBeanDefinitionScanner - Identified candidate component class: URL [jar:file:/home/marza/Documents/VIP-portal/vip-social/target/vip-social-2.4.1.jar!/fr/insalyon/creatis/vip/social/server/dao/mysql/GroupMessageData.class]
15:18:16.750 [main] DEBUG org.springframework.context.annotation.ClassPathBeanDefinitionScanner - Identified candidate component class: URL [jar:file:/home/marza/Documents/VIP-portal/vip-core/target/vip-core-2.4.1-tests.jar!/fr/insalyon/creatis/vip/core/integrationtest/TestDataSourceSpringConfig.class]
15:18:16.751 [main] DEBUG org.springframework.context.annotation.ClassPathBeanDefinitionScanner - Identified candidate component class: URL [jar:file:/home/marza/Documents/VIP-portal/vip-core/target/vip-core-2.4.1-tests.jar!/fr/insalyon/creatis/vip/core/integrationtest/SpingTestConfig.class]
15:18:16.753 [main] DEBUG org.springframework.context.annotation.ClassPathBeanDefinitionScanner - Identified candidate component class: URL [jar:file:/home/marza/Documents/VIP-portal/vip-core/target/vip-core-2.4.1-tests.jar!/fr/insalyon/creatis/vip/core/integrationtest/ServerMockConfig.class]
15:18:16.777 [main] DEBUG org.springframework.beans.factory.support.DefaultListableBeanFactory - Creating shared instance of singleton bean 'properties'
15:18:16.777 [main] DEBUG org.springframework.beans.factory.support.DefaultListableBeanFactory - Creating shared instance of singleton bean 'org.springframework.context.event.internalEventListenerProcessor'
15:18:16.778 [main] DEBUG org.springframework.beans.factory.support.DefaultListableBeanFactory - Creating shared instance of singleton bean 'org.springframework.context.event.internalEventListenerFactory'
15:18:16.778 [main] DEBUG org.springframework.beans.factory.support.DefaultListableBeanFactory - Creating shared instance of singleton bean 'org.springframework.transaction.config.internalTransactionalEventListenerFactory'
15:18:16.778 [main] DEBUG org.springframework.beans.factory.support.DefaultListableBeanFactory - Creating shared instance of singleton bean 'org.springframework.context.annotation.internalAutowiredAnnotationProcessor'
15:18:16.779 [main] DEBUG org.springframework.beans.factory.support.DefaultListableBeanFactory - Creating shared instance of singleton bean 'org.springframework.context.annotation.internalCommonAnnotationProcessor'
15:18:16.779 [main] DEBUG org.springframework.beans.factory.support.DefaultListableBeanFactory - Creating shared instance of singleton bean 'org.springframework.aop.config.internalAutoProxyCreator'
15:18:16.781 [main] DEBUG org.springframework.beans.factory.support.DefaultListableBeanFactory - Creating shared instance of singleton bean 'conversionService'
15:18:16.781 [main] DEBUG org.springframework.beans.factory.support.DefaultListableBeanFactory - Creating shared instance of singleton bean 'org.springframework.transaction.config.internalTransactionAdvisor'
15:18:16.781 [main] DEBUG org.springframework.beans.factory.support.DefaultListableBeanFactory - Creating shared instance of singleton bean 'org.springframework.transaction.annotation.ProxyTransactionManagementConfiguration'
15:18:16.785 [main] DEBUG org.springframework.beans.factory.support.DefaultListableBeanFactory - Creating shared instance of singleton bean 'transactionAttributeSource'
15:18:16.786 [main] DEBUG org.springframework.beans.factory.support.DefaultListableBeanFactory - Creating shared instance of singleton bean 'transactionInterceptor'
15:18:16.787 [main] DEBUG org.springframework.beans.factory.support.DefaultListableBeanFactory - Autowiring by type from bean name 'transactionInterceptor' via factory method to bean named 'transactionAttributeSource'
15:18:16.788 [main] DEBUG org.springframework.beans.factory.support.DefaultListableBeanFactory - Autowiring by type from bean name 'org.springframework.transaction.config.internalTransactionAdvisor' via factory method to bean named 'transactionAttributeSource'
15:18:16.788 [main] DEBUG org.springframework.beans.factory.support.DefaultListableBeanFactory - Autowiring by type from bean name 'org.springframework.transaction.config.internalTransactionAdvisor' via factory method to bean named 'transactionInterceptor'
15:18:16.789 [main] DEBUG org.springframework.beans.factory.support.DefaultListableBeanFactory - Creating shared instance of singleton bean 'springCoreConfig'
15:18:16.790 [main] DEBUG org.springframework.beans.factory.support.DefaultListableBeanFactory - Creating shared instance of singleton bean 'springApplicationTestConfig'
15:18:16.791 [main] DEBUG org.springframework.beans.factory.support.DefaultListableBeanFactory - Creating shared instance of singleton bean 'engineBusiness'
15:18:16.792 [main] DEBUG org.springframework.beans.factory.support.DefaultListableBeanFactory - Creating shared instance of singleton bean 'engineData'
15:18:16.793 [main] DEBUG org.springframework.beans.factory.support.DefaultListableBeanFactory - Creating shared instance of singleton bean 'lazyDataSource'
15:18:16.793 [main] DEBUG org.springframework.beans.factory.support.DefaultListableBeanFactory - Creating shared instance of singleton bean 'testDataSource'
15:18:16.793 [main] DEBUG org.springframework.beans.factory.support.DefaultListableBeanFactory - Creating shared instance of singleton bean 'testDataSourceSpringConfig'
15:18:16.794 [main] INFO org.springframework.jdbc.datasource.embedded.EmbeddedDatabaseFactory - Starting embedded database: url='jdbc:h2:mem:03625cdf-ceb4-4e82-b081-649efc805f06;DB_CLOSE_DELAY=-1;DB_CLOSE_ON_EXIT=false', username='sa'
15:18:16.794 [main] DEBUG org.springframework.jdbc.datasource.DataSourceUtils - Fetching JDBC Connection from DataSource
15:18:16.794 [main] DEBUG org.springframework.jdbc.datasource.SimpleDriverDataSource - Creating new JDBC Driver Connection to [jdbc:h2:mem:03625cdf-ceb4-4e82-b081-649efc805f06;DB_CLOSE_DELAY=-1;DB_CLOSE_ON_EXIT=false]
15:18:16.797 [main] DEBUG org.springframework.beans.factory.support.DefaultListableBeanFactory - Autowiring by type from bean name 'lazyDataSource' via factory method to bean named 'testDataSource'
15:18:16.797 [main] DEBUG org.springframework.jdbc.datasource.SimpleDriverDataSource - Creating new JDBC Driver Connection to [jdbc:h2:mem:03625cdf-ceb4-4e82-b081-649efc805f06;DB_CLOSE_DELAY=-1;DB_CLOSE_ON_EXIT=false]
15:18:16.798 [main] DEBUG org.springframework.beans.factory.support.DefaultListableBeanFactory - Autowiring by type from bean name 'engineBusiness' via constructor to bean named 'engineData'
15:18:16.798 [main] DEBUG org.springframework.beans.factory.support.DefaultListableBeanFactory - Creating shared instance of singleton bean 'boutiquesBusiness'
15:18:16.799 [main] DEBUG org.springframework.beans.factory.support.DefaultListableBeanFactory - Creating shared instance of singleton bean 'testServer'
15:18:16.799 [main] DEBUG org.springframework.beans.factory.support.DefaultListableBeanFactory - Creating shared instance of singleton bean 'serverMockConfig'
15:18:16.802 [main] DEBUG org.springframework.beans.factory.support.DefaultListableBeanFactory - Creating shared instance of singleton bean 'dataManagerBusiness'
15:18:16.802 [main] DEBUG org.springframework.beans.factory.support.DefaultListableBeanFactory - Creating shared instance of singleton bean 'SSHData'
15:18:16.803 [main] DEBUG org.springframework.beans.factory.support.DefaultListableBeanFactory - Creating shared instance of singleton bean 'testGridaClient'
15:18:16.803 [main] DEBUG org.springframework.beans.factory.support.DefaultListableBeanFactory - Creating shared instance of singleton bean 'spingTestConfig'
15:18:16.804 [main] DEBUG org.springframework.beans.factory.support.DefaultListableBeanFactory - Creating shared instance of singleton bean 'gridaCacheClient'
15:18:16.804 [main] DEBUG org.springframework.beans.factory.support.DefaultListableBeanFactory - Autowiring by type from bean name 'gridaCacheClient' via factory method to bean named 'testServer'
15:18:16.805 [main] DEBUG org.springframework.beans.factory.support.DefaultListableBeanFactory - Creating shared instance of singleton bean 'gridaZombieClient'
15:18:16.805 [main] DEBUG org.springframework.beans.factory.support.DefaultListableBeanFactory - Autowiring by type from bean name 'gridaZombieClient' via factory method to bean named 'testServer'
15:18:16.806 [main] DEBUG org.springframework.beans.factory.support.DefaultListableBeanFactory - Creating shared instance of singleton bean 'configurationBusiness'
15:18:16.807 [main] DEBUG org.springframework.beans.factory.support.DefaultListableBeanFactory - Creating shared instance of singleton bean 'testProxyClient'
15:18:16.807 [main] DEBUG org.springframework.beans.factory.support.DefaultListableBeanFactory - Creating shared instance of singleton bean 'testEmailBusiness'
15:18:16.808 [main] DEBUG org.springframework.beans.factory.support.DefaultListableBeanFactory - Creating shared instance of singleton bean 'testGridaPoolClient'
15:18:16.808 [main] DEBUG org.springframework.beans.factory.support.DefaultListableBeanFactory - Creating shared instance of singleton bean 'groupData'
15:18:16.809 [main] DEBUG org.springframework.beans.factory.support.DefaultListableBeanFactory - Creating shared instance of singleton bean 'termsUseData'
15:18:16.810 [main] DEBUG org.springframework.beans.factory.support.DefaultListableBeanFactory - Creating shared instance of singleton bean 'userData'
15:18:16.811 [main] DEBUG org.springframework.beans.factory.support.DefaultListableBeanFactory - Creating shared instance of singleton bean 'usersGroupsData'
15:18:16.811 [main] DEBUG org.springframework.beans.factory.support.DefaultListableBeanFactory - Autowiring by type from bean name 'usersGroupsData' via constructor to bean named 'groupData'
15:18:16.812 [main] DEBUG org.springframework.beans.factory.support.DefaultListableBeanFactory - Autowiring by type from bean name 'configurationBusiness' via constructor to bean named 'testServer'
15:18:16.812 [main] DEBUG org.springframework.beans.factory.support.DefaultListableBeanFactory - Autowiring by type from bean name 'configurationBusiness' via constructor to bean named 'testProxyClient'
15:18:16.812 [main] DEBUG org.springframework.beans.factory.support.DefaultListableBeanFactory - Autowiring by type from bean name 'configurationBusiness' via constructor to bean named 'testEmailBusiness'
15:18:16.812 [main] DEBUG org.springframework.beans.factory.support.DefaultListableBeanFactory - Autowiring by type from bean name 'configurationBusiness' via constructor to bean named 'testGridaClient'
15:18:16.812 [main] DEBUG org.springframework.beans.factory.support.DefaultListableBeanFactory - Autowiring by type from bean name 'configurationBusiness' via constructor to bean named 'testGridaPoolClient'
15:18:16.812 [main] DEBUG org.springframework.beans.factory.support.DefaultListableBeanFactory - Autowiring by type from bean name 'configurationBusiness' via constructor to bean named 'groupData'
15:18:16.812 [main] DEBUG org.springframework.beans.factory.support.DefaultListableBeanFactory - Autowiring by type from bean name 'configurationBusiness' via constructor to bean named 'termsUseData'
15:18:16.812 [main] DEBUG org.springframework.beans.factory.support.DefaultListableBeanFactory - Autowiring by type from bean name 'configurationBusiness' via constructor to bean named 'userData'
15:18:16.812 [main] DEBUG org.springframework.beans.factory.support.DefaultListableBeanFactory - Autowiring by type from bean name 'configurationBusiness' via constructor to bean named 'usersGroupsData'
15:18:16.813 [main] DEBUG org.springframework.beans.factory.support.DefaultListableBeanFactory - Creating shared instance of singleton bean 'lfcPathsBusiness'
15:18:16.813 [main] DEBUG org.springframework.beans.factory.support.DefaultListableBeanFactory - Autowiring by type from bean name 'lfcPathsBusiness' via constructor to bean named 'testServer'
15:18:16.813 [main] DEBUG org.springframework.beans.factory.support.DefaultListableBeanFactory - Autowiring by type from bean name 'lfcPathsBusiness' via constructor to bean named 'groupData'
15:18:16.813 [main] DEBUG org.springframework.beans.factory.support.DefaultListableBeanFactory - Autowiring by type from bean name 'dataManagerBusiness' via constructor to bean named 'SSHData'
15:18:16.813 [main] DEBUG org.springframework.beans.factory.support.DefaultListableBeanFactory - Autowiring by type from bean name 'dataManagerBusiness' via constructor to bean named 'testGridaClient'
15:18:16.813 [main] DEBUG org.springframework.beans.factory.support.DefaultListableBeanFactory - Autowiring by type from bean name 'dataManagerBusiness' via constructor to bean named 'gridaCacheClient'
15:18:16.813 [main] DEBUG org.springframework.beans.factory.support.DefaultListableBeanFactory - Autowiring by type from bean name 'dataManagerBusiness' via constructor to bean named 'gridaZombieClient'
15:18:16.814 [main] DEBUG org.springframework.beans.factory.support.DefaultListableBeanFactory - Autowiring by type from bean name 'dataManagerBusiness' via constructor to bean named 'configurationBusiness'
15:18:16.814 [main] DEBUG org.springframework.beans.factory.support.DefaultListableBeanFactory - Autowiring by type from bean name 'dataManagerBusiness' via constructor to bean named 'lfcPathsBusiness'
15:18:16.814 [main] DEBUG org.springframework.beans.factory.support.DefaultListableBeanFactory - Autowiring by type from bean name 'dataManagerBusiness' via constructor to bean named 'testServer'
15:18:16.814 [main] DEBUG org.springframework.beans.factory.support.DefaultListableBeanFactory - Creating shared instance of singleton bean 'applicationBusiness'
15:18:16.815 [main] DEBUG org.springframework.beans.factory.support.DefaultListableBeanFactory - Creating shared instance of singleton bean 'applicationData'
15:18:16.816 [main] DEBUG org.springframework.beans.factory.support.DefaultListableBeanFactory - Creating shared instance of singleton bean 'classData'
15:18:16.818 [main] DEBUG org.springframework.beans.factory.support.DefaultListableBeanFactory - Autowiring by type from bean name 'applicationData' via constructor to bean named 'lazyDataSource'
15:18:16.818 [main] DEBUG org.springframework.beans.factory.support.DefaultListableBeanFactory - Autowiring by type from bean name 'applicationData' via constructor to bean named 'classData'
15:18:16.819 [main] DEBUG org.springframework.beans.factory.support.DefaultListableBeanFactory - Autowiring by type from bean name 'applicationBusiness' via constructor to bean named 'applicationData'
15:18:16.819 [main] DEBUG org.springframework.beans.factory.support.DefaultListableBeanFactory - Autowiring by type from bean name 'applicationBusiness' via constructor to bean named 'classData'
15:18:16.819 [main] DEBUG org.springframework.beans.factory.support.DefaultListableBeanFactory - Autowiring by type from bean name 'applicationBusiness' via constructor to bean named 'groupData'
15:18:16.820 [main] DEBUG org.springframework.beans.factory.support.DefaultListableBeanFactory - Autowiring by type from bean name 'boutiquesBusiness' via constructor to bean named 'testServer'
15:18:16.820 [main] DEBUG org.springframework.beans.factory.support.DefaultListableBeanFactory - Autowiring by type from bean name 'boutiquesBusiness' via constructor to bean named 'dataManagerBusiness'
15:18:16.820 [main] DEBUG org.springframework.beans.factory.support.DefaultListableBeanFactory - Autowiring by type from bean name 'boutiquesBusiness' via constructor to bean named 'applicationBusiness'
15:18:16.820 [main] DEBUG org.springframework.beans.factory.support.DefaultListableBeanFactory - Creating shared instance of singleton bean 'simulationStatsData'
15:18:16.822 [main] DEBUG org.springframework.beans.factory.support.DefaultListableBeanFactory - Creating shared instance of singleton bean 'sessionFactory'
15:18:16.824 [main] DEBUG org.springframework.beans.factory.support.DefaultListableBeanFactory - Autowiring by type from bean name 'simulationStatsData' via constructor to bean named 'sessionFactory'
15:18:16.825 [main] DEBUG org.springframework.beans.factory.support.DefaultListableBeanFactory - Creating shared instance of singleton bean 'inputBusiness'
15:18:16.826 [main] DEBUG org.springframework.beans.factory.support.DefaultListableBeanFactory - Creating shared instance of singleton bean 'applicationInputData'
15:18:16.827 [main] DEBUG org.springframework.beans.factory.support.DefaultListableBeanFactory - Autowiring by type from bean name 'inputBusiness' via constructor to bean named 'applicationInputData'
15:18:16.827 [main] DEBUG org.springframework.beans.factory.support.DefaultListableBeanFactory - Autowiring by type from bean name 'inputBusiness' via constructor to bean named 'dataManagerBusiness'
15:18:16.829 [main] DEBUG org.springframework.beans.factory.support.DefaultListableBeanFactory - Creating shared instance of singleton bean 'simulationBusiness'
15:18:16.830 [main] DEBUG org.springframework.beans.factory.support.DefaultListableBeanFactory - Autowiring by type from bean name 'simulationBusiness' via constructor to bean named 'lfcPathsBusiness'
15:18:16.830 [main] DEBUG org.springframework.beans.factory.support.DefaultListableBeanFactory - Autowiring by type from bean name 'simulationBusiness' via constructor to bean named 'testServer'
15:18:16.832 [main] DEBUG org.springframework.beans.factory.support.DefaultListableBeanFactory - Creating shared instance of singleton bean 'classBusiness'
15:18:16.832 [main] DEBUG org.springframework.beans.factory.support.DefaultListableBeanFactory - Autowiring by type from bean name 'classBusiness' via constructor to bean named 'classData'
15:18:16.833 [main] DEBUG org.springframework.beans.factory.support.DefaultListableBeanFactory - Creating shared instance of singleton bean 'applicationDataInitializer'
15:18:16.833 [main] DEBUG org.springframework.beans.factory.support.DefaultListableBeanFactory - Creating shared instance of singleton bean 'tableInitializer'
15:18:16.833 [main] DEBUG org.springframework.core.env.PropertySourcesPropertyResolver - Found key 'db.tableEngine' in PropertySource 'Inlined Test Properties' with value of type String
15:18:16.833 [main] DEBUG org.springframework.core.env.PropertySourcesPropertyResolver - Found key 'db.tableEngine' in PropertySource 'environmentProperties' with value of type String
15:18:16.834 [main] DEBUG org.springframework.beans.factory.support.DefaultListableBeanFactory - Autowiring by type from bean name 'applicationDataInitializer' via constructor to bean named 'lazyDataSource'
15:18:16.834 [main] DEBUG org.springframework.beans.factory.support.DefaultListableBeanFactory - Autowiring by type from bean name 'applicationDataInitializer' via constructor to bean named 'tableInitializer'
15:18:16.834 [main] DEBUG org.springframework.beans.factory.support.DefaultListableBeanFactory - Creating shared instance of singleton bean 'workflowBusiness'
15:18:16.835 [main] DEBUG org.springframework.beans.factory.support.DefaultListableBeanFactory - Creating shared instance of singleton bean 'getTestWorkflowDAO'
15:18:16.835 [main] DEBUG org.springframework.beans.factory.support.DefaultListableBeanFactory - Creating shared instance of singleton bean 'getTestProcessorDAO'
15:18:16.836 [main] DEBUG org.springframework.beans.factory.support.DefaultListableBeanFactory - Creating shared instance of singleton bean 'getTestOutputDAO'
15:18:16.836 [main] DEBUG org.springframework.beans.factory.support.DefaultListableBeanFactory - Creating shared instance of singleton bean 'getTestInputDAO'
15:18:16.836 [main] DEBUG org.springframework.beans.factory.support.DefaultListableBeanFactory - Creating shared instance of singleton bean 'getTestStatsDAO'
15:18:16.837 [main] DEBUG org.springframework.beans.factory.support.DefaultListableBeanFactory - Creating shared instance of singleton bean 'externalPlatformBusiness'
15:18:16.837 [main] DEBUG org.springframework.beans.factory.support.DefaultListableBeanFactory - Creating shared instance of singleton bean 'girderStorageBusiness'
15:18:16.838 [main] DEBUG org.springframework.beans.factory.support.DefaultListableBeanFactory - Creating shared instance of singleton bean 'apiKeyBusiness'
15:18:16.838 [main] DEBUG org.springframework.beans.factory.support.DefaultListableBeanFactory - Creating shared instance of singleton bean 'apiKeysData'
15:18:16.838 [main] DEBUG org.springframework.beans.factory.support.DefaultListableBeanFactory - Autowiring by type from bean name 'apiKeyBusiness' via constructor to bean named 'apiKeysData'
15:18:16.839 [main] DEBUG org.springframework.beans.factory.support.DefaultListableBeanFactory - Autowiring by type from bean name 'girderStorageBusiness' via constructor to bean named 'apiKeyBusiness'
15:18:16.839 [main] DEBUG org.springframework.beans.factory.support.DefaultListableBeanFactory - Autowiring by type from bean name 'girderStorageBusiness' via constructor to bean named 'testServer'
15:18:16.839 [main] DEBUG org.springframework.beans.factory.support.DefaultListableBeanFactory - Creating shared instance of singleton bean 'shanoirStorageBusiness'
15:18:16.839 [main] DEBUG org.springframework.beans.factory.support.DefaultListableBeanFactory - Creating shared instance of singleton bean 'externalPlatformData'
15:18:16.839 [main] DEBUG org.springframework.beans.factory.support.DefaultListableBeanFactory - Autowiring by type from bean name 'externalPlatformBusiness' via constructor to bean named 'girderStorageBusiness'
15:18:16.839 [main] DEBUG org.springframework.beans.factory.support.DefaultListableBeanFactory - Autowiring by type from bean name 'externalPlatformBusiness' via constructor to bean named 'shanoirStorageBusiness'
15:18:16.839 [main] DEBUG org.springframework.beans.factory.support.DefaultListableBeanFactory - Autowiring by type from bean name 'externalPlatformBusiness' via constructor to bean named 'externalPlatformData'
15:18:16.840 [main] DEBUG org.springframework.beans.factory.support.DefaultListableBeanFactory - Autowiring by type from bean name 'workflowBusiness' via constructor to bean named 'testServer'
15:18:16.840 [main] DEBUG org.springframework.beans.factory.support.DefaultListableBeanFactory - Autowiring by type from bean name 'workflowBusiness' via constructor to bean named 'simulationStatsData'
15:18:16.840 [main] DEBUG org.springframework.beans.factory.support.DefaultListableBeanFactory - Autowiring by type from bean name 'workflowBusiness' via constructor to bean named 'getTestWorkflowDAO'
15:18:16.840 [main] DEBUG org.springframework.beans.factory.support.DefaultListableBeanFactory - Autowiring by type from bean name 'workflowBusiness' via constructor to bean named 'getTestProcessorDAO'
15:18:16.840 [main] DEBUG org.springframework.beans.factory.support.DefaultListableBeanFactory - Autowiring by type from bean name 'workflowBusiness' via constructor to bean named 'getTestOutputDAO'
15:18:16.840 [main] DEBUG org.springframework.beans.factory.support.DefaultListableBeanFactory - Autowiring by type from bean name 'workflowBusiness' via constructor to bean named 'getTestInputDAO'
15:18:16.840 [main] DEBUG org.springframework.beans.factory.support.DefaultListableBeanFactory - Autowiring by type from bean name 'workflowBusiness' via constructor to bean named 'getTestStatsDAO'
15:18:16.840 [main] DEBUG org.springframework.beans.factory.support.DefaultListableBeanFactory - Autowiring by type from bean name 'workflowBusiness' via constructor to bean named 'engineData'
15:18:16.840 [main] DEBUG org.springframework.beans.factory.support.DefaultListableBeanFactory - Autowiring by type from bean name 'workflowBusiness' via constructor to bean named 'applicationData'
15:18:16.840 [main] DEBUG org.springframework.beans.factory.support.DefaultListableBeanFactory - Autowiring by type from bean name 'workflowBusiness' via constructor to bean named 'usersGroupsData'
15:18:16.840 [main] DEBUG org.springframework.beans.factory.support.DefaultListableBeanFactory - Autowiring by type from bean name 'workflowBusiness' via constructor to bean named 'engineBusiness'
15:18:16.840 [main] DEBUG org.springframework.beans.factory.support.DefaultListableBeanFactory - Autowiring by type from bean name 'workflowBusiness' via constructor to bean named 'dataManagerBusiness'
15:18:16.840 [main] DEBUG org.springframework.beans.factory.support.DefaultListableBeanFactory - Autowiring by type from bean name 'workflowBusiness' via constructor to bean named 'testEmailBusiness'
15:18:16.840 [main] DEBUG org.springframework.beans.factory.support.DefaultListableBeanFactory - Autowiring by type from bean name 'workflowBusiness' via constructor to bean named 'lfcPathsBusiness'
15:18:16.840 [main] DEBUG org.springframework.beans.factory.support.DefaultListableBeanFactory - Autowiring by type from bean name 'workflowBusiness' via constructor to bean named 'testGridaPoolClient'
15:18:16.840 [main] DEBUG org.springframework.beans.factory.support.DefaultListableBeanFactory - Autowiring by type from bean name 'workflowBusiness' via constructor to bean named 'testGridaClient'
15:18:16.840 [main] DEBUG org.springframework.beans.factory.support.DefaultListableBeanFactory - Autowiring by type from bean name 'workflowBusiness' via constructor to bean named 'externalPlatformBusiness'
15:18:16.842 [main] DEBUG org.springframework.beans.factory.support.DefaultListableBeanFactory - Creating shared instance of singleton bean 'statsBusiness'
15:18:16.843 [main] DEBUG org.springframework.beans.factory.support.DefaultListableBeanFactory - Autowiring by type from bean name 'statsBusiness' via constructor to bean named 'userData'
15:18:16.843 [main] DEBUG org.springframework.beans.factory.support.DefaultListableBeanFactory - Creating shared instance of singleton bean 'vipSessionBusiness'
15:18:16.844 [main] DEBUG org.springframework.beans.factory.support.DefaultListableBeanFactory - Autowiring by type from bean name 'vipSessionBusiness' via constructor to bean named 'testServer'
15:18:16.844 [main] DEBUG org.springframework.beans.factory.support.DefaultListableBeanFactory - Autowiring by type from bean name 'vipSessionBusiness' via constructor to bean named 'configurationBusiness'
15:18:16.844 [main] DEBUG org.springframework.beans.factory.support.DefaultListableBeanFactory - Creating shared instance of singleton bean 'dataSourceConfig'
15:18:16.845 [main] DEBUG org.springframework.beans.factory.support.DefaultListableBeanFactory - Creating shared instance of singleton bean 'coreDataInitializer'
15:18:16.845 [main] DEBUG org.springframework.beans.factory.support.DefaultListableBeanFactory - Autowiring by type from bean name 'coreDataInitializer' via constructor to bean named 'groupData'
15:18:16.845 [main] DEBUG org.springframework.beans.factory.support.DefaultListableBeanFactory - Autowiring by type from bean name 'coreDataInitializer' via constructor to bean named 'lazyDataSource'
15:18:16.845 [main] DEBUG org.springframework.beans.factory.support.DefaultListableBeanFactory - Autowiring by type from bean name 'coreDataInitializer' via constructor to bean named 'tableInitializer'
15:18:16.845 [main] DEBUG org.springframework.beans.factory.support.DefaultListableBeanFactory - Autowiring by type from bean name 'coreDataInitializer' via constructor to bean named 'testServer'
15:18:16.845 [main] DEBUG org.springframework.beans.factory.support.DefaultListableBeanFactory - Autowiring by type from bean name 'coreDataInitializer' via constructor to bean named 'userData'
15:18:16.845 [main] DEBUG org.springframework.beans.factory.support.DefaultListableBeanFactory - Autowiring by type from bean name 'coreDataInitializer' via constructor to bean named 'usersGroupsData'
15:18:16.845 [main] DEBUG org.springframework.beans.factory.support.DefaultListableBeanFactory - Autowiring by type from bean name 'coreDataInitializer' via constructor to bean named 'termsUseData'
15:18:16.846 [main] DEBUG org.springframework.beans.factory.support.DefaultListableBeanFactory - Creating shared instance of singleton bean 'emailBusiness'
15:18:16.846 [main] DEBUG org.springframework.beans.factory.support.DefaultListableBeanFactory - Creating shared instance of singleton bean 'smaClient'
15:18:16.847 [main] DEBUG org.springframework.beans.factory.support.DefaultListableBeanFactory - Autowiring by type from bean name 'smaClient' via factory method to bean named 'testServer'
15:18:16.847 [main] DEBUG org.springframework.beans.factory.support.DefaultListableBeanFactory - Autowiring by type from bean name 'emailBusiness' via constructor to bean named 'smaClient'
15:18:16.847 [main] DEBUG org.springframework.beans.factory.support.DefaultListableBeanFactory - Creating shared instance of singleton bean 'proxyClient'
15:18:16.848 [main] DEBUG org.springframework.beans.factory.support.DefaultListableBeanFactory - Autowiring by type from bean name 'proxyClient' via constructor to bean named 'testServer'
15:18:16.848 [main] DEBUG org.springframework.beans.factory.support.DefaultListableBeanFactory - Creating shared instance of singleton bean 'transferPoolBusiness'
15:18:16.849 [main] DEBUG org.springframework.beans.factory.support.DefaultListableBeanFactory - Creating shared instance of singleton bean 'LFCBusiness'
15:18:16.849 [main] DEBUG org.springframework.beans.factory.support.DefaultListableBeanFactory - Autowiring by type from bean name 'LFCBusiness' via constructor to bean named 'testGridaClient'
15:18:16.849 [main] DEBUG org.springframework.beans.factory.support.DefaultListableBeanFactory - Autowiring by type from bean name 'LFCBusiness' via constructor to bean named 'lfcPathsBusiness'
15:18:16.850 [main] DEBUG org.springframework.beans.factory.support.DefaultListableBeanFactory - Autowiring by type from bean name 'transferPoolBusiness' via constructor to bean named 'testServer'
15:18:16.850 [main] DEBUG org.springframework.beans.factory.support.DefaultListableBeanFactory - Autowiring by type from bean name 'transferPoolBusiness' via constructor to bean named 'LFCBusiness'
15:18:16.850 [main] DEBUG org.springframework.beans.factory.support.DefaultListableBeanFactory - Autowiring by type from bean name 'transferPoolBusiness' via constructor to bean named 'testGridaPoolClient'
15:18:16.850 [main] DEBUG org.springframework.beans.factory.support.DefaultListableBeanFactory - Autowiring by type from bean name 'transferPoolBusiness' via constructor to bean named 'lfcPathsBusiness'
15:18:16.851 [main] DEBUG org.springframework.beans.factory.support.DefaultListableBeanFactory - Creating shared instance of singleton bean 'LFCPermissionBusiness'
15:18:16.853 [main] DEBUG org.springframework.beans.factory.support.DefaultListableBeanFactory - Autowiring by type from bean name 'LFCPermissionBusiness' via constructor to bean named 'dataManagerBusiness'
15:18:16.853 [main] DEBUG org.springframework.beans.factory.support.DefaultListableBeanFactory - Autowiring by type from bean name 'LFCPermissionBusiness' via constructor to bean named 'lfcPathsBusiness'
15:18:16.854 [main] DEBUG org.springframework.beans.factory.support.DefaultListableBeanFactory - Creating shared instance of singleton bean 'dataManagerDataInitializer'
15:18:16.855 [main] DEBUG org.springframework.beans.factory.support.DefaultListableBeanFactory - Autowiring by type from bean name 'dataManagerDataInitializer' via constructor to bean named 'lazyDataSource'
15:18:16.856 [main] DEBUG org.springframework.beans.factory.support.DefaultListableBeanFactory - Autowiring by type from bean name 'dataManagerDataInitializer' via constructor to bean named 'tableInitializer'
15:18:16.856 [main] DEBUG org.springframework.beans.factory.support.DefaultListableBeanFactory - Creating shared instance of singleton bean 'messageBusiness'
15:18:16.857 [main] DEBUG org.springframework.beans.factory.support.DefaultListableBeanFactory - Creating shared instance of singleton bean 'messageData'
15:18:16.858 [main] DEBUG org.springframework.beans.factory.support.DefaultListableBeanFactory - Autowiring by type from bean name 'messageData' via constructor to bean named 'userData'
15:18:16.858 [main] DEBUG org.springframework.beans.factory.support.DefaultListableBeanFactory - Autowiring by type from bean name 'messageData' via constructor to bean named 'lazyDataSource'
15:18:16.859 [main] DEBUG org.springframework.beans.factory.support.DefaultListableBeanFactory - Creating shared instance of singleton bean 'groupMessageData'
15:18:16.859 [main] DEBUG org.springframework.beans.factory.support.DefaultListableBeanFactory - Autowiring by type from bean name 'groupMessageData' via constructor to bean named 'userData'
15:18:16.859 [main] DEBUG org.springframework.beans.factory.support.DefaultListableBeanFactory - Autowiring by type from bean name 'groupMessageData' via constructor to bean named 'groupData'
15:18:16.859 [main] DEBUG org.springframework.beans.factory.support.DefaultListableBeanFactory - Autowiring by type from bean name 'groupMessageData' via constructor to bean named 'messageData'
15:18:16.859 [main] DEBUG org.springframework.beans.factory.support.DefaultListableBeanFactory - Autowiring by type from bean name 'groupMessageData' via constructor to bean named 'lazyDataSource'
15:18:16.860 [main] DEBUG org.springframework.beans.factory.support.DefaultListableBeanFactory - Autowiring by type from bean name 'messageBusiness' via constructor to bean named 'messageData'
15:18:16.860 [main] DEBUG org.springframework.beans.factory.support.DefaultListableBeanFactory - Autowiring by type from bean name 'messageBusiness' via constructor to bean named 'groupMessageData'
15:18:16.860 [main] DEBUG org.springframework.beans.factory.support.DefaultListableBeanFactory - Autowiring by type from bean name 'messageBusiness' via constructor to bean named 'usersGroupsData'
15:18:16.860 [main] DEBUG org.springframework.beans.factory.support.DefaultListableBeanFactory - Autowiring by type from bean name 'messageBusiness' via constructor to bean named 'configurationBusiness'
15:18:16.860 [main] DEBUG org.springframework.beans.factory.support.DefaultListableBeanFactory - Autowiring by type from bean name 'messageBusiness' via constructor to bean named 'testEmailBusiness'
15:18:16.860 [main] DEBUG org.springframework.beans.factory.support.DefaultListableBeanFactory - Creating shared instance of singleton bean 'messagingDataInitializer'
15:18:16.861 [main] DEBUG org.springframework.beans.factory.support.DefaultListableBeanFactory - Autowiring by type from bean name 'messagingDataInitializer' via constructor to bean named 'lazyDataSource'
15:18:16.861 [main] DEBUG org.springframework.beans.factory.support.DefaultListableBeanFactory - Autowiring by type from bean name 'messagingDataInitializer' via constructor to bean named 'tableInitializer'
15:18:16.861 [main] DEBUG org.springframework.beans.factory.support.DefaultListableBeanFactory - Creating shared instance of singleton bean 'workflowsDBDAOFactory'
15:18:16.862 [main] DEBUG org.springframework.beans.factory.support.DefaultListableBeanFactory - Creating shared instance of singleton bean 'vipConfigFolder'
15:18:16.862 [main] DEBUG org.springframework.beans.factory.support.DefaultListableBeanFactory - Autowiring by type from bean name 'vipConfigFolder' via factory method to bean named 'org.springframework.context.support.GenericApplicationContext@3e0d8508'
15:18:16.862 [main] DEBUG org.springframework.core.env.PropertySourcesPropertyResolver - Found key 'vipConfigFolder' in PropertySource 'Inlined Test Properties' with value of type String
15:18:16.862 [main] INFO fr.insalyon.creatis.vip.core.server.SpringCoreConfig - found vipConfigFolder property : classpath:
15:18:16.862 [main] DEBUG org.springframework.beans.factory.support.DefaultListableBeanFactory - Creating shared instance of singleton bean 'transactionManager'
15:18:16.862 [main] DEBUG org.springframework.beans.factory.support.DefaultListableBeanFactory - Autowiring by type from bean name 'transactionManager' via factory method to bean named 'lazyDataSource'
15:18:16.862 [main] DEBUG org.springframework.beans.factory.support.DefaultListableBeanFactory - Creating shared instance of singleton bean 'gridaClient'
15:18:16.862 [main] DEBUG org.springframework.beans.factory.support.DefaultListableBeanFactory - Autowiring by type from bean name 'gridaClient' via factory method to bean named 'testServer'
15:18:16.863 [main] DEBUG org.springframework.beans.factory.support.DefaultListableBeanFactory - Creating shared instance of singleton bean 'gridaPoolClient'
15:18:16.863 [main] DEBUG org.springframework.beans.factory.support.DefaultListableBeanFactory - Autowiring by type from bean name 'gridaPoolClient' via factory method to bean named 'testServer'
15:18:16.864 [main] DEBUG org.springframework.context.event.EventListenerMethodProcessor - 1 @EventListener methods processed on bean 'applicationDataInitializer': {public void fr.insalyon.creatis.vip.application.server.dao.mysql.ApplicationDataInitializer.onStartup()=@org.springframework.context.event.EventListener(classes=[org.springframework.context.event.ContextRefreshedEvent], condition=, id=, value=[org.springframework.context.event.ContextRefreshedEvent])}
15:18:16.865 [main] DEBUG org.springframework.context.event.EventListenerMethodProcessor - 1 @EventListener methods processed on bean 'coreDataInitializer': {public void fr.insalyon.creatis.vip.core.server.dao.mysql.CoreDataInitializer.onStartup()=@org.springframework.context.event.EventListener(classes=[org.springframework.context.event.ContextRefreshedEvent], condition=, id=, value=[org.springframework.context.event.ContextRefreshedEvent])}
15:18:16.865 [main] DEBUG org.springframework.context.event.EventListenerMethodProcessor - 1 @EventListener methods processed on bean 'dataManagerDataInitializer': {public void fr.insalyon.creatis.vip.datamanager.server.dao.mysql.DataManagerDataInitializer.onStartup()=@org.springframework.context.event.EventListener(classes=[org.springframework.context.event.ContextRefreshedEvent], condition=, id=, value=[org.springframework.context.event.ContextRefreshedEvent])}
15:18:16.865 [main] DEBUG org.springframework.context.event.EventListenerMethodProcessor - 1 @EventListener methods processed on bean 'messagingDataInitializer': {public void fr.insalyon.creatis.vip.social.server.dao.mysql.MessagingDataInitializer.onStartup()=@org.springframework.context.event.EventListener(classes=[org.springframework.context.event.ContextRefreshedEvent], condition=, id=, value=[org.springframework.context.event.ContextRefreshedEvent])}
15:18:16.866 [main] DEBUG org.springframework.jdbc.datasource.DataSourceTransactionManager - Creating new transaction with name [fr.insalyon.creatis.vip.core.server.dao.mysql.CoreDataInitializer.onStartup]: PROPAGATION_REQUIRED,ISOLATION_DEFAULT
15:18:16.866 [main] DEBUG org.springframework.jdbc.datasource.DataSourceTransactionManager - Acquired Connection [Lazy Connection proxy for target DataSource [org.springframework.jdbc.datasource.embedded.EmbeddedDatabaseFactory$EmbeddedDataSourceProxy@4e276ba4]] for JDBC transaction
15:18:16.866 [main] DEBUG org.springframework.jdbc.datasource.DataSourceTransactionManager - Switching JDBC Connection [Lazy Connection proxy for target DataSource [org.springframework.jdbc.datasource.embedded.EmbeddedDatabaseFactory$EmbeddedDataSourceProxy@4e276ba4]] to manual commit
15:18:16.867 [main] INFO fr.insalyon.creatis.vip.core.server.dao.mysql.CoreDataInitializer - Configuring VIP core database.
15:18:16.867 [main] DEBUG org.springframework.jdbc.datasource.DataSourceTransactionManager - Participating in existing transaction
15:18:16.867 [main] DEBUG org.springframework.jdbc.datasource.SimpleDriverDataSource - Creating new JDBC Driver Connection to [jdbc:h2:mem:03625cdf-ceb4-4e82-b081-649efc805f06;DB_CLOSE_DELAY=-1;DB_CLOSE_ON_EXIT=false]
15:18:16.867 [main] INFO fr.insalyon.creatis.vip.core.server.dao.mysql.TableInitializer - Table VIPUsers successfully created.
15:18:16.868 [main] DEBUG org.springframework.jdbc.datasource.DataSourceTransactionManager - Participating in existing transaction
15:18:16.868 [main] DEBUG org.springframework.jdbc.datasource.DataSourceTransactionManager - Participating in existing transaction
15:18:16.869 [main] INFO fr.insalyon.creatis.vip.core.server.dao.mysql.TableInitializer - Table VIPGroups successfully created.
15:18:16.869 [main] DEBUG org.springframework.jdbc.datasource.DataSourceTransactionManager - Participating in existing transaction
15:18:16.869 [main] DEBUG org.springframework.jdbc.datasource.DataSourceTransactionManager - Participating in existing transaction
15:18:16.870 [main] INFO fr.insalyon.creatis.vip.core.server.dao.mysql.TableInitializer - Table VIPUsersGroups successfully created.
15:18:16.870 [main] DEBUG org.springframework.jdbc.datasource.DataSourceTransactionManager - Participating in existing transaction
15:18:16.870 [main] DEBUG org.springframework.jdbc.datasource.DataSourceTransactionManager - Participating in existing transaction
15:18:16.870 [main] INFO fr.insalyon.creatis.vip.core.server.dao.mysql.TableInitializer - Table VIPTermsOfuse successfully created.
15:18:16.870 [main] DEBUG org.springframework.jdbc.datasource.DataSourceTransactionManager - Participating in existing transaction
15:18:16.871 [main] DEBUG org.springframework.jdbc.datasource.DataSourceTransactionManager - Initiating transaction commit
15:18:16.871 [main] DEBUG org.springframework.jdbc.datasource.DataSourceTransactionManager - Committing JDBC transaction on Connection [conn141: url=jdbc:h2:mem:03625cdf-ceb4-4e82-b081-649efc805f06 user=SA]
15:18:16.871 [main] DEBUG org.springframework.jdbc.datasource.DataSourceTransactionManager - Releasing JDBC Connection [conn141: url=jdbc:h2:mem:03625cdf-ceb4-4e82-b081-649efc805f06 user=SA] after transaction
15:18:16.871 [main] DEBUG org.springframework.jdbc.datasource.DataSourceTransactionManager - Creating new transaction with name [fr.insalyon.creatis.vip.application.server.dao.mysql.ApplicationDataInitializer.onStartup]: PROPAGATION_REQUIRED,ISOLATION_DEFAULT
15:18:16.871 [main] DEBUG org.springframework.jdbc.datasource.DataSourceTransactionManager - Acquired Connection [Lazy Connection proxy for target DataSource [org.springframework.jdbc.datasource.embedded.EmbeddedDatabaseFactory$EmbeddedDataSourceProxy@4e276ba4]] for JDBC transaction
15:18:16.871 [main] DEBUG org.springframework.jdbc.datasource.DataSourceTransactionManager - Switching JDBC Connection [Lazy Connection proxy for target DataSource [org.springframework.jdbc.datasource.embedded.EmbeddedDatabaseFactory$EmbeddedDataSourceProxy@4e276ba4]] to manual commit
15:18:16.871 [main] INFO fr.insalyon.creatis.vip.application.server.dao.mysql.ApplicationDataInitializer - Configuring VIP Application database.
15:18:16.871 [main] DEBUG org.springframework.jdbc.datasource.DataSourceTransactionManager - Participating in existing transaction
15:18:16.872 [main] DEBUG org.springframework.jdbc.datasource.SimpleDriverDataSource - Creating new JDBC Driver Connection to [jdbc:h2:mem:03625cdf-ceb4-4e82-b081-649efc805f06;DB_CLOSE_DELAY=-1;DB_CLOSE_ON_EXIT=false]
15:18:16.872 [main] INFO fr.insalyon.creatis.vip.core.server.dao.mysql.TableInitializer - Table VIPEngines successfully created.
15:18:16.872 [main] DEBUG org.springframework.jdbc.datasource.DataSourceTransactionManager - Participating in existing transaction
15:18:16.872 [main] INFO fr.insalyon.creatis.vip.core.server.dao.mysql.TableInitializer - Table VIPClasses successfully created.
15:18:16.872 [main] DEBUG org.springframework.jdbc.datasource.DataSourceTransactionManager - Participating in existing transaction
15:18:16.873 [main] INFO fr.insalyon.creatis.vip.core.server.dao.mysql.TableInitializer - Table VIPClassesEngines successfully created.
15:18:16.873 [main] DEBUG org.springframework.jdbc.datasource.DataSourceTransactionManager - Participating in existing transaction
15:18:16.873 [main] INFO fr.insalyon.creatis.vip.core.server.dao.mysql.TableInitializer - Table VIPGroupsClasses successfully created.
15:18:16.873 [main] DEBUG org.springframework.jdbc.datasource.DataSourceTransactionManager - Participating in existing transaction
15:18:16.874 [main] INFO fr.insalyon.creatis.vip.core.server.dao.mysql.TableInitializer - Table VIPApplications successfully created.
15:18:16.874 [main] DEBUG org.springframework.jdbc.datasource.DataSourceTransactionManager - Participating in existing transaction
15:18:16.874 [main] INFO fr.insalyon.creatis.vip.core.server.dao.mysql.TableInitializer - Table VIPAppVersions successfully created.
15:18:16.874 [main] DEBUG org.springframework.jdbc.datasource.DataSourceTransactionManager - Participating in existing transaction
15:18:16.875 [main] INFO fr.insalyon.creatis.vip.core.server.dao.mysql.TableInitializer - Table VIPApplicationClasses successfully created.
15:18:16.875 [main] DEBUG org.springframework.jdbc.datasource.DataSourceTransactionManager - Participating in existing transaction
15:18:16.875 [main] INFO fr.insalyon.creatis.vip.core.server.dao.mysql.TableInitializer - Table VIPAppInputs successfully created.
15:18:16.875 [main] DEBUG org.springframework.jdbc.datasource.DataSourceTransactionManager - Participating in existing transaction
15:18:16.875 [main] INFO fr.insalyon.creatis.vip.core.server.dao.mysql.TableInitializer - Table VIPAppExamples successfully created.
15:18:16.875 [main] DEBUG org.springframework.jdbc.datasource.DataSourceTransactionManager - Initiating transaction commit
15:18:16.875 [main] DEBUG org.springframework.jdbc.datasource.DataSourceTransactionManager - Committing JDBC transaction on Connection [conn142: url=jdbc:h2:mem:03625cdf-ceb4-4e82-b081-649efc805f06 user=SA]
15:18:16.875 [main] DEBUG org.springframework.jdbc.datasource.DataSourceTransactionManager - Releasing JDBC Connection [conn142: url=jdbc:h2:mem:03625cdf-ceb4-4e82-b081-649efc805f06 user=SA] after transaction
15:18:16.875 [main] DEBUG org.springframework.jdbc.datasource.DataSourceTransactionManager - Creating new transaction with name [fr.insalyon.creatis.vip.datamanager.server.dao.mysql.DataManagerDataInitializer.onStartup]: PROPAGATION_REQUIRED,ISOLATION_DEFAULT
15:18:16.876 [main] DEBUG org.springframework.jdbc.datasource.DataSourceTransactionManager - Acquired Connection [Lazy Connection proxy for target DataSource [org.springframework.jdbc.datasource.embedded.EmbeddedDatabaseFactory$EmbeddedDataSourceProxy@4e276ba4]] for JDBC transaction
15:18:16.876 [main] DEBUG org.springframework.jdbc.datasource.DataSourceTransactionManager - Switching JDBC Connection [Lazy Connection proxy for target DataSource [org.springframework.jdbc.datasource.embedded.EmbeddedDatabaseFactory$EmbeddedDataSourceProxy@4e276ba4]] to manual commit
15:18:16.876 [main] INFO fr.insalyon.creatis.vip.datamanager.server.dao.mysql.DataManagerDataInitializer - Configuring VIP SSH database.
15:18:16.876 [main] DEBUG org.springframework.jdbc.datasource.DataSourceTransactionManager - Participating in existing transaction
15:18:16.876 [main] DEBUG org.springframework.jdbc.datasource.SimpleDriverDataSource - Creating new JDBC Driver Connection to [jdbc:h2:mem:03625cdf-ceb4-4e82-b081-649efc805f06;DB_CLOSE_DELAY=-1;DB_CLOSE_ON_EXIT=false]
15:18:16.877 [main] INFO fr.insalyon.creatis.vip.core.server.dao.mysql.TableInitializer - Table VIPSSHAccounts successfully created.
15:18:16.878 [main] INFO fr.insalyon.creatis.vip.datamanager.server.dao.mysql.DataManagerDataInitializer - Configuring VIP External Platforms database.
15:18:16.878 [main] DEBUG org.springframework.jdbc.datasource.DataSourceTransactionManager - Participating in existing transaction
15:18:16.878 [main] INFO fr.insalyon.creatis.vip.core.server.dao.mysql.TableInitializer - Table VIPExternalPlatforms successfully created.
15:18:16.878 [main] INFO fr.insalyon.creatis.vip.datamanager.server.dao.mysql.DataManagerDataInitializer - Configuring VIP api keys database.
15:18:16.878 [main] DEBUG org.springframework.jdbc.datasource.DataSourceTransactionManager - Participating in existing transaction
15:18:16.879 [main] INFO fr.insalyon.creatis.vip.core.server.dao.mysql.TableInitializer - Table VIPApiKeys successfully created.
15:18:16.879 [main] DEBUG org.springframework.jdbc.datasource.DataSourceTransactionManager - Initiating transaction commit
15:18:16.879 [main] DEBUG org.springframework.jdbc.datasource.DataSourceTransactionManager - Committing JDBC transaction on Connection [conn143: url=jdbc:h2:mem:03625cdf-ceb4-4e82-b081-649efc805f06 user=SA]
15:18:16.879 [main] DEBUG org.springframework.jdbc.datasource.DataSourceTransactionManager - Releasing JDBC Connection [conn143: url=jdbc:h2:mem:03625cdf-ceb4-4e82-b081-649efc805f06 user=SA] after transaction
15:18:16.879 [main] DEBUG org.springframework.jdbc.datasource.DataSourceTransactionManager - Creating new transaction with name [fr.insalyon.creatis.vip.social.server.dao.mysql.MessagingDataInitializer.onStartup]: PROPAGATION_REQUIRED,ISOLATION_DEFAULT
15:18:16.880 [main] DEBUG org.springframework.jdbc.datasource.DataSourceTransactionManager - Acquired Connection [Lazy Connection proxy for target DataSource [org.springframework.jdbc.datasource.embedded.EmbeddedDatabaseFactory$EmbeddedDataSourceProxy@4e276ba4]] for JDBC transaction
15:18:16.880 [main] DEBUG org.springframework.jdbc.datasource.DataSourceTransactionManager - Switching JDBC Connection [Lazy Connection proxy for target DataSource [org.springframework.jdbc.datasource.embedded.EmbeddedDatabaseFactory$EmbeddedDataSourceProxy@4e276ba4]] to manual commit
15:18:16.880 [main] INFO fr.insalyon.creatis.vip.social.server.dao.mysql.MessagingDataInitializer - Configuring VIP Social database.
15:18:16.880 [main] DEBUG org.springframework.jdbc.datasource.DataSourceTransactionManager - Participating in existing transaction
15:18:16.881 [main] DEBUG org.springframework.jdbc.datasource.SimpleDriverDataSource - Creating new JDBC Driver Connection to [jdbc:h2:mem:03625cdf-ceb4-4e82-b081-649efc805f06;DB_CLOSE_DELAY=-1;DB_CLOSE_ON_EXIT=false]
15:18:16.882 [main] INFO fr.insalyon.creatis.vip.core.server.dao.mysql.TableInitializer - Table VIPSocialMessage successfully created.
15:18:16.882 [main] DEBUG org.springframework.jdbc.datasource.DataSourceTransactionManager - Participating in existing transaction
15:18:16.884 [main] INFO fr.insalyon.creatis.vip.core.server.dao.mysql.TableInitializer - Table VIPSocialMessageSenderReceiver successfully created.
15:18:16.885 [main] DEBUG org.springframework.jdbc.datasource.DataSourceTransactionManager - Participating in existing transaction
15:18:16.887 [main] INFO fr.insalyon.creatis.vip.core.server.dao.mysql.TableInitializer - Table VIPSocialGroupMessage successfully created.
15:18:16.887 [main] DEBUG org.springframework.jdbc.datasource.DataSourceTransactionManager - Initiating transaction commit
15:18:16.887 [main] DEBUG org.springframework.jdbc.datasource.DataSourceTransactionManager - Committing JDBC transaction on Connection [conn144: url=jdbc:h2:mem:03625cdf-ceb4-4e82-b081-649efc805f06 user=SA]
15:18:16.887 [main] DEBUG org.springframework.jdbc.datasource.DataSourceTransactionManager - Releasing JDBC Connection [conn144: url=jdbc:h2:mem:03625cdf-ceb4-4e82-b081-649efc805f06 user=SA] after transaction
15:18:16.888 [main] DEBUG org.springframework.test.context.cache.DefaultCacheAwareContextLoaderDelegate - Storing ApplicationContext [1041073416] in cache under key [[MergedContextConfiguration@39e7d6fc testClass = ClassIT, locations = '{}', classes = '{class fr.insalyon.creatis.vip.core.server.SpringCoreConfig}', contextInitializerClasses = '[]', activeProfiles = '{test-db, test}', propertySourceLocations = '{}', propertySourceProperties = '{db.tableEngine=, vipConfigFolder=classpath:}', contextCustomizers = set[[empty]], contextLoader = 'org.springframework.test.context.support.DelegatingSmartContextLoader', parent = [null]]]
15:18:16.888 [main] DEBUG org.springframework.test.context.cache - Spring test ApplicationContext cache statistics: [DefaultContextCache@2fba07dc size = 1, maxSize = 32, parentContextCount = 0, hitCount = 195, missCount = 15]
15:18:16.892 [main] DEBUG org.springframework.test.context.cache.DefaultCacheAwareContextLoaderDelegate - Retrieved ApplicationContext [1041073416] from cache with key [[MergedContextConfiguration@39e7d6fc testClass = ClassIT, locations = '{}', classes = '{class fr.insalyon.creatis.vip.core.server.SpringCoreConfig}', contextInitializerClasses = '[]', activeProfiles = '{test-db, test}', propertySourceLocations = '{}', propertySourceProperties = '{db.tableEngine=, vipConfigFolder=classpath:}', contextCustomizers = set[[empty]], contextLoader = 'org.springframework.test.context.support.DelegatingSmartContextLoader', parent = [null]]]
15:18:16.892 [main] DEBUG org.springframework.test.context.cache - Spring test ApplicationContext cache statistics: [DefaultContextCache@2fba07dc size = 1, maxSize = 32, parentContextCount = 0, hitCount = 196, missCount = 15]
15:18:16.894 [main] DEBUG org.springframework.test.context.support.AbstractDirtiesContextTestExecutionListener - Before test method: context [DefaultTestContext@23803141 testClass = ClassIT, testInstance = fr.insalyon.creatis.vip.application.integrationtest.ClassIT@23b770b4, testMethod = testAddClass@ClassIT, testException = [null], mergedContextConfiguration = [MergedContextConfiguration@39e7d6fc testClass = ClassIT, locations = '{}', classes = '{class fr.insalyon.creatis.vip.core.server.SpringCoreConfig}', contextInitializerClasses = '[]', activeProfiles = '{test-db, test}', propertySourceLocations = '{}', propertySourceProperties = '{db.tableEngine=, vipConfigFolder=classpath:}', contextCustomizers = set[[empty]], contextLoader = 'org.springframework.test.context.support.DelegatingSmartContextLoader', parent = [null]], attributes = map['org.springframework.test.context.event.ApplicationEventsTestExecutionListener.recordApplicationEvents' -> false]], class annotated with @DirtiesContext [true] with mode [AFTER_EACH_TEST_METHOD], method annotated with @DirtiesContext [false] with mode [null].
15:18:16.894 [main] DEBUG org.springframework.test.context.transaction.TransactionalTestExecutionListener - Explicit transaction definition [PROPAGATION_REQUIRED,ISOLATION_DEFAULT] found for test context [DefaultTestContext@23803141 testClass = ClassIT, testInstance = fr.insalyon.creatis.vip.application.integrationtest.ClassIT@23b770b4, testMethod = testAddClass@ClassIT, testException = [null], mergedContextConfiguration = [MergedContextConfiguration@39e7d6fc testClass = ClassIT, locations = '{}', classes = '{class fr.insalyon.creatis.vip.core.server.SpringCoreConfig}', contextInitializerClasses = '[]', activeProfiles = '{test-db, test}', propertySourceLocations = '{}', propertySourceProperties = '{db.tableEngine=, vipConfigFolder=classpath:}', contextCustomizers = set[[empty]], contextLoader = 'org.springframework.test.context.support.DelegatingSmartContextLoader', parent = [null]], attributes = map['org.springframework.test.context.event.ApplicationEventsTestExecutionListener.recordApplicationEvents' -> false]]
15:18:16.895 [main] DEBUG org.springframework.test.context.cache.DefaultCacheAwareContextLoaderDelegate - Retrieved ApplicationContext [1041073416] from cache with key [[MergedContextConfiguration@39e7d6fc testClass = ClassIT, locations = '{}', classes = '{class fr.insalyon.creatis.vip.core.server.SpringCoreConfig}', contextInitializerClasses = '[]', activeProfiles = '{test-db, test}', propertySourceLocations = '{}', propertySourceProperties = '{db.tableEngine=, vipConfigFolder=classpath:}', contextCustomizers = set[[empty]], contextLoader = 'org.springframework.test.context.support.DelegatingSmartContextLoader', parent = [null]]]
15:18:16.895 [main] DEBUG org.springframework.test.context.cache - Spring test ApplicationContext cache statistics: [DefaultContextCache@2fba07dc size = 1, maxSize = 32, parentContextCount = 0, hitCount = 197, missCount = 15]
15:18:16.895 [main] DEBUG org.springframework.test.context.transaction.TransactionalTestExecutionListener - No method-level @Rollback override: using default rollback [true] for test context [DefaultTestContext@23803141 testClass = ClassIT, testInstance = fr.insalyon.creatis.vip.application.integrationtest.ClassIT@23b770b4, testMethod = testAddClass@ClassIT, testException = [null], mergedContextConfiguration = [MergedContextConfiguration@39e7d6fc testClass = ClassIT, locations = '{}', classes = '{class fr.insalyon.creatis.vip.core.server.SpringCoreConfig}', contextInitializerClasses = '[]', activeProfiles = '{test-db, test}', propertySourceLocations = '{}', propertySourceProperties = '{db.tableEngine=, vipConfigFolder=classpath:}', contextCustomizers = set[[empty]], contextLoader = 'org.springframework.test.context.support.DelegatingSmartContextLoader', parent = [null]], attributes = map['org.springframework.test.context.event.ApplicationEventsTestExecutionListener.recordApplicationEvents' -> false]].
15:18:16.895 [main] DEBUG org.springframework.jdbc.datasource.DataSourceTransactionManager - Creating new transaction with name [fr.insalyon.creatis.vip.application.integrationtest.ClassIT.testAddClass]: PROPAGATION_REQUIRED,ISOLATION_DEFAULT
15:18:16.895 [main] DEBUG org.springframework.jdbc.datasource.DataSourceTransactionManager - Acquired Connection [Lazy Connection proxy for target DataSource [org.springframework.jdbc.datasource.embedded.EmbeddedDatabaseFactory$EmbeddedDataSourceProxy@4e276ba4]] for JDBC transaction
15:18:16.896 [main] DEBUG org.springframework.jdbc.datasource.DataSourceTransactionManager - Switching JDBC Connection [Lazy Connection proxy for target DataSource [org.springframework.jdbc.datasource.embedded.EmbeddedDatabaseFactory$EmbeddedDataSourceProxy@4e276ba4]] to manual commit
15:18:16.896 [main] INFO org.springframework.test.context.transaction.TransactionContext - Began transaction (1) for test context [DefaultTestContext@23803141 testClass = ClassIT, testInstance = fr.insalyon.creatis.vip.application.integrationtest.ClassIT@23b770b4, testMethod = testAddClass@ClassIT, testException = [null], mergedContextConfiguration = [MergedContextConfiguration@39e7d6fc testClass = ClassIT, locations = '{}', classes = '{class fr.insalyon.creatis.vip.core.server.SpringCoreConfig}', contextInitializerClasses = '[]', activeProfiles = '{test-db, test}', propertySourceLocations = '{}', propertySourceProperties = '{db.tableEngine=, vipConfigFolder=classpath:}', contextCustomizers = set[[empty]], contextLoader = 'org.springframework.test.context.support.DelegatingSmartContextLoader', parent = [null]], attributes = map['org.springframework.test.context.event.ApplicationEventsTestExecutionListener.recordApplicationEvents' -> false]]; transaction manager [org.springframework.jdbc.datasource.DataSourceTransactionManager@1a7f44bc]; rollback [true]
15:18:16.896 [main] DEBUG org.springframework.test.context.cache.DefaultCacheAwareContextLoaderDelegate - Retrieved ApplicationContext [1041073416] from cache with key [[MergedContextConfiguration@39e7d6fc testClass = ClassIT, locations = '{}', classes = '{class fr.insalyon.creatis.vip.core.server.SpringCoreConfig}', contextInitializerClasses = '[]', activeProfiles = '{test-db, test}', propertySourceLocations = '{}', propertySourceProperties = '{db.tableEngine=, vipConfigFolder=classpath:}', contextCustomizers = set[[empty]], contextLoader = 'org.springframework.test.context.support.DelegatingSmartContextLoader', parent = [null]]]
15:18:16.896 [main] DEBUG org.springframework.test.context.cache - Spring test ApplicationContext cache statistics: [DefaultContextCache@2fba07dc size = 1, maxSize = 32, parentContextCount = 0, hitCount = 198, missCount = 15]
15:18:16.897 [main] DEBUG org.springframework.jdbc.datasource.DataSourceTransactionManager - Participating in existing transaction
15:18:16.898 [main] DEBUG org.springframework.jdbc.datasource.DataSourceTransactionManager - Participating in existing transaction
15:18:16.898 [main] DEBUG org.springframework.jdbc.datasource.SimpleDriverDataSource - Creating new JDBC Driver Connection to [jdbc:h2:mem:03625cdf-ceb4-4e82-b081-649efc805f06;DB_CLOSE_DELAY=-1;DB_CLOSE_ON_EXIT=false]
15:18:16.898 [main] DEBUG org.springframework.jdbc.datasource.DataSourceTransactionManager - Participating in existing transaction
15:18:16.898 [main] DEBUG org.springframework.jdbc.datasource.DataSourceTransactionManager - Participating in existing transaction
15:18:16.898 [main] DEBUG org.springframework.jdbc.datasource.DataSourceTransactionManager - Participating in existing transaction
15:18:16.898 [main] DEBUG org.springframework.jdbc.datasource.DataSourceTransactionManager - Participating in existing transaction
15:18:16.899 [main] DEBUG org.springframework.test.context.cache.DefaultCacheAwareContextLoaderDelegate - Retrieved ApplicationContext [1041073416] from cache with key [[MergedContextConfiguration@39e7d6fc testClass = ClassIT, locations = '{}', classes = '{class fr.insalyon.creatis.vip.core.server.SpringCoreConfig}', contextInitializerClasses = '[]', activeProfiles = '{test-db, test}', propertySourceLocations = '{}', propertySourceProperties = '{db.tableEngine=, vipConfigFolder=classpath:}', contextCustomizers = set[[empty]], contextLoader = 'org.springframework.test.context.support.DelegatingSmartContextLoader', parent = [null]]]
15:18:16.899 [main] DEBUG org.springframework.test.context.cache - Spring test ApplicationContext cache statistics: [DefaultContextCache@2fba07dc size = 1, maxSize = 32, parentContextCount = 0, hitCount = 199, missCount = 15]
15:18:16.899 [main] DEBUG org.springframework.jdbc.datasource.DataSourceTransactionManager - Participating in existing transaction
15:18:16.899 [main] DEBUG org.springframework.jdbc.datasource.DataSourceTransactionManager - Participating in existing transaction
15:18:16.899 [main] DEBUG org.springframework.jdbc.datasource.DataSourceTransactionManager - Participating in existing transaction
15:18:16.899 [main] DEBUG org.springframework.jdbc.datasource.DataSourceTransactionManager - Participating in existing transaction
15:18:16.900 [main] DEBUG org.springframework.jdbc.datasource.DataSourceTransactionManager - Participating in existing transaction
15:18:16.900 [main] DEBUG org.springframework.jdbc.datasource.DataSourceTransactionManager - Participating in existing transaction
15:18:16.900 [main] DEBUG org.springframework.test.context.cache.DefaultCacheAwareContextLoaderDelegate - Retrieved ApplicationContext [1041073416] from cache with key [[MergedContextConfiguration@39e7d6fc testClass = ClassIT, locations = '{}', classes = '{class fr.insalyon.creatis.vip.core.server.SpringCoreConfig}', contextInitializerClasses = '[]', activeProfiles = '{test-db, test}', propertySourceLocations = '{}', propertySourceProperties = '{db.tableEngine=, vipConfigFolder=classpath:}', contextCustomizers = set[[empty]], contextLoader = 'org.springframework.test.context.support.DelegatingSmartContextLoader', parent = [null]]]
15:18:16.900 [main] DEBUG org.springframework.test.context.cache - Spring test ApplicationContext cache statistics: [DefaultContextCache@2fba07dc size = 1, maxSize = 32, parentContextCount = 0, hitCount = 200, missCount = 15]
15:18:16.901 [main] DEBUG org.springframework.test.context.cache.DefaultCacheAwareContextLoaderDelegate - Retrieved ApplicationContext [1041073416] from cache with key [[MergedContextConfiguration@39e7d6fc testClass = ClassIT, locations = '{}', classes = '{class fr.insalyon.creatis.vip.core.server.SpringCoreConfig}', contextInitializerClasses = '[]', activeProfiles = '{test-db, test}', propertySourceLocations = '{}', propertySourceProperties = '{db.tableEngine=, vipConfigFolder=classpath:}', contextCustomizers = set[[empty]], contextLoader = 'org.springframework.test.context.support.DelegatingSmartContextLoader', parent = [null]]]
15:18:16.901 [main] DEBUG org.springframework.test.context.cache - Spring test ApplicationContext cache statistics: [DefaultContextCache@2fba07dc size = 1, maxSize = 32, parentContextCount = 0, hitCount = 201, missCount = 15]
15:18:16.901 [main] DEBUG org.springframework.jdbc.datasource.DataSourceTransactionManager - Initiating transaction rollback
15:18:16.901 [main] DEBUG org.springframework.jdbc.datasource.DataSourceTransactionManager - Rolling back JDBC transaction on Connection [conn145: url=jdbc:h2:mem:03625cdf-ceb4-4e82-b081-649efc805f06 user=SA]
15:18:16.901 [main] DEBUG org.springframework.jdbc.datasource.DataSourceTransactionManager - Releasing JDBC Connection [conn145: url=jdbc:h2:mem:03625cdf-ceb4-4e82-b081-649efc805f06 user=SA] after transaction
15:18:16.901 [main] INFO org.springframework.test.context.transaction.TransactionContext - Rolled back transaction for test: [DefaultTestContext@23803141 testClass = ClassIT, testInstance = fr.insalyon.creatis.vip.application.integrationtest.ClassIT@23b770b4, testMethod = testAddClass@ClassIT, testException = [null], mergedContextConfiguration = [MergedContextConfiguration@39e7d6fc testClass = ClassIT, locations = '{}', classes = '{class fr.insalyon.creatis.vip.core.server.SpringCoreConfig}', contextInitializerClasses = '[]', activeProfiles = '{test-db, test}', propertySourceLocations = '{}', propertySourceProperties = '{db.tableEngine=, vipConfigFolder=classpath:}', contextCustomizers = set[[empty]], contextLoader = 'org.springframework.test.context.support.DelegatingSmartContextLoader', parent = [null]], attributes = map['org.springframework.test.context.event.ApplicationEventsTestExecutionListener.recordApplicationEvents' -> false]]
15:18:16.901 [main] DEBUG org.springframework.test.context.support.AbstractDirtiesContextTestExecutionListener - After test method: context [DefaultTestContext@23803141 testClass = ClassIT, testInstance = fr.insalyon.creatis.vip.application.integrationtest.ClassIT@23b770b4, testMethod = testAddClass@ClassIT, testException = [null], mergedContextConfiguration = [MergedContextConfiguration@39e7d6fc testClass = ClassIT, locations = '{}', classes = '{class fr.insalyon.creatis.vip.core.server.SpringCoreConfig}', contextInitializerClasses = '[]', activeProfiles = '{test-db, test}', propertySourceLocations = '{}', propertySourceProperties = '{db.tableEngine=, vipConfigFolder=classpath:}', contextCustomizers = set[[empty]], contextLoader = 'org.springframework.test.context.support.DelegatingSmartContextLoader', parent = [null]], attributes = map['org.springframework.test.context.event.ApplicationEventsTestExecutionListener.recordApplicationEvents' -> false]], class annotated with @DirtiesContext [true] with mode [AFTER_EACH_TEST_METHOD], method annotated with @DirtiesContext [false] with mode [null].
15:18:16.901 [main] DEBUG org.springframework.context.support.GenericApplicationContext - Closing org.springframework.context.support.GenericApplicationContext@3e0d8508, started on Tue Jul 11 15:18:16 CEST 2023
15:18:16.902 [main] INFO org.springframework.jdbc.datasource.embedded.EmbeddedDatabaseFactory - Shutting down embedded database: url='jdbc:h2:mem:03625cdf-ceb4-4e82-b081-649efc805f06;DB_CLOSE_DELAY=-1;DB_CLOSE_ON_EXIT=false'
15:18:16.902 [main] DEBUG org.springframework.jdbc.datasource.SimpleDriverDataSource - Creating new JDBC Driver Connection to [jdbc:h2:mem:03625cdf-ceb4-4e82-b081-649efc805f06;DB_CLOSE_DELAY=-1;DB_CLOSE_ON_EXIT=false]
]]></system-out>
  </testcase>
  <testcase name="testCatchUpdateClass" classname="fr.insalyon.creatis.vip.application.integrationtest.ClassIT" time="0.01">
    <system-out><![CDATA[15:18:16.903 [main] DEBUG org.springframework.test.context.support.DependencyInjectionTestExecutionListener - Performing dependency injection for test context [[DefaultTestContext@23803141 testClass = ClassIT, testInstance = fr.insalyon.creatis.vip.application.integrationtest.ClassIT@12ef6545, testMethod = [null], testException = [null], mergedContextConfiguration = [MergedContextConfiguration@39e7d6fc testClass = ClassIT, locations = '{}', classes = '{class fr.insalyon.creatis.vip.core.server.SpringCoreConfig}', contextInitializerClasses = '[]', activeProfiles = '{test-db, test}', propertySourceLocations = '{}', propertySourceProperties = '{db.tableEngine=, vipConfigFolder=classpath:}', contextCustomizers = set[[empty]], contextLoader = 'org.springframework.test.context.support.DelegatingSmartContextLoader', parent = [null]], attributes = map['org.springframework.test.context.event.ApplicationEventsTestExecutionListener.recordApplicationEvents' -> false, 'org.springframework.test.context.support.DependencyInjectionTestExecutionListener.reinjectDependencies' -> true]]].
15:18:16.903 [main] DEBUG org.springframework.test.context.support.AbstractDelegatingSmartContextLoader - Delegating to AnnotationConfigContextLoader to load context from [MergedContextConfiguration@39e7d6fc testClass = ClassIT, locations = '{}', classes = '{class fr.insalyon.creatis.vip.core.server.SpringCoreConfig}', contextInitializerClasses = '[]', activeProfiles = '{test-db, test}', propertySourceLocations = '{}', propertySourceProperties = '{db.tableEngine=, vipConfigFolder=classpath:}', contextCustomizers = set[[empty]], contextLoader = 'org.springframework.test.context.support.DelegatingSmartContextLoader', parent = [null]].
15:18:16.903 [main] DEBUG org.springframework.test.context.support.AbstractGenericContextLoader - Loading ApplicationContext for merged context configuration [[MergedContextConfiguration@39e7d6fc testClass = ClassIT, locations = '{}', classes = '{class fr.insalyon.creatis.vip.core.server.SpringCoreConfig}', contextInitializerClasses = '[]', activeProfiles = '{test-db, test}', propertySourceLocations = '{}', propertySourceProperties = '{db.tableEngine=, vipConfigFolder=classpath:}', contextCustomizers = set[[empty]], contextLoader = 'org.springframework.test.context.support.DelegatingSmartContextLoader', parent = [null]]].
15:18:16.903 [main] DEBUG org.springframework.core.env.StandardEnvironment - Activating profiles [test-db, test]
15:18:16.903 [main] DEBUG org.springframework.test.context.support.TestPropertySourceUtils - Adding inlined properties to environment: {db.tableEngine=, vipConfigFolder=classpath:}
15:18:16.903 [main] DEBUG org.springframework.test.context.support.AnnotationConfigContextLoader - Registering component classes: {class fr.insalyon.creatis.vip.core.server.SpringCoreConfig}
15:18:16.904 [main] DEBUG org.springframework.context.support.GenericApplicationContext - Refreshing org.springframework.context.support.GenericApplicationContext@72d59900
15:18:16.904 [main] DEBUG org.springframework.beans.factory.support.DefaultListableBeanFactory - Creating shared instance of singleton bean 'org.springframework.context.annotation.internalConfigurationAnnotationProcessor'
15:18:16.910 [main] DEBUG org.springframework.context.annotation.ClassPathBeanDefinitionScanner - Identified candidate component class: file [/home/marza/Documents/VIP-portal/vip-application/target/test-classes/fr/insalyon/creatis/vip/application/integrationtest/SpringApplicationTestConfig.class]
15:18:16.919 [main] DEBUG org.springframework.context.annotation.ClassPathBeanDefinitionScanner - Identified candidate component class: URL [jar:file:/home/marza/Documents/VIP-portal/vip-application/target/vip-application-2.4.1.jar!/fr/insalyon/creatis/vip/application/server/business/EngineBusiness.class]
15:18:16.919 [main] DEBUG org.springframework.context.annotation.ClassPathBeanDefinitionScanner - Identified candidate component class: URL [jar:file:/home/marza/Documents/VIP-portal/vip-application/target/vip-application-2.4.1.jar!/fr/insalyon/creatis/vip/application/server/business/simulation/parser/InputParser.class]
15:18:16.920 [main] DEBUG org.springframework.context.annotation.ClassPathBeanDefinitionScanner - Identified candidate component class: URL [jar:file:/home/marza/Documents/VIP-portal/vip-application/target/vip-application-2.4.1.jar!/fr/insalyon/creatis/vip/application/server/business/simulation/parser/ScuflParser.class]
15:18:16.920 [main] DEBUG org.springframework.context.annotation.ClassPathBeanDefinitionScanner - Identified candidate component class: URL [jar:file:/home/marza/Documents/VIP-portal/vip-application/target/vip-application-2.4.1.jar!/fr/insalyon/creatis/vip/application/server/business/simulation/parser/GwendiaParser.class]
15:18:16.920 [main] DEBUG org.springframework.context.annotation.ClassPathBeanDefinitionScanner - Identified candidate component class: URL [jar:file:/home/marza/Documents/VIP-portal/vip-application/target/vip-application-2.4.1.jar!/fr/insalyon/creatis/vip/application/server/business/BoutiquesBusiness.class]
15:18:16.921 [main] DEBUG org.springframework.context.annotation.ClassPathBeanDefinitionScanner - Identified candidate component class: URL [jar:file:/home/marza/Documents/VIP-portal/vip-application/target/vip-application-2.4.1.jar!/fr/insalyon/creatis/vip/application/server/dao/hibernate/SimulationStatsData.class]
15:18:16.921 [main] DEBUG org.springframework.context.annotation.ClassPathBeanDefinitionScanner - Identified candidate component class: URL [jar:file:/home/marza/Documents/VIP-portal/vip-application/target/vip-application-2.4.1.jar!/fr/insalyon/creatis/vip/application/server/dao/mysql/ApplicationData.class]
15:18:16.926 [main] DEBUG org.springframework.context.annotation.ClassPathBeanDefinitionScanner - Identified candidate component class: URL [jar:file:/home/marza/Documents/VIP-portal/vip-application/target/vip-application-2.4.1.jar!/fr/insalyon/creatis/vip/application/server/business/InputBusiness.class]
15:18:16.926 [main] DEBUG org.springframework.context.annotation.ClassPathBeanDefinitionScanner - Identified candidate component class: URL [jar:file:/home/marza/Documents/VIP-portal/vip-application/target/vip-application-2.4.1.jar!/fr/insalyon/creatis/vip/application/server/business/SimulationBusiness.class]
15:18:16.930 [main] DEBUG org.springframework.context.annotation.ClassPathBeanDefinitionScanner - Identified candidate component class: URL [jar:file:/home/marza/Documents/VIP-portal/vip-application/target/vip-application-2.4.1.jar!/fr/insalyon/creatis/vip/application/server/business/WorkflowExecutionBusiness.class]
15:18:16.930 [main] DEBUG org.springframework.context.annotation.ClassPathBeanDefinitionScanner - Identified candidate component class: URL [jar:file:/home/marza/Documents/VIP-portal/vip-application/target/vip-application-2.4.1.jar!/fr/insalyon/creatis/vip/application/server/business/ApplicationBusiness.class]
15:18:16.930 [main] DEBUG org.springframework.context.annotation.ClassPathBeanDefinitionScanner - Identified candidate component class: URL [jar:file:/home/marza/Documents/VIP-portal/vip-application/target/vip-application-2.4.1.jar!/fr/insalyon/creatis/vip/application/server/business/ClassBusiness.class]
15:18:16.931 [main] DEBUG org.springframework.context.annotation.ClassPathBeanDefinitionScanner - Identified candidate component class: URL [jar:file:/home/marza/Documents/VIP-portal/vip-application/target/vip-application-2.4.1.jar!/fr/insalyon/creatis/vip/application/server/dao/mysql/EngineData.class]
15:18:16.931 [main] DEBUG org.springframework.context.annotation.ClassPathBeanDefinitionScanner - Identified candidate component class: URL [jar:file:/home/marza/Documents/VIP-portal/vip-application/target/vip-application-2.4.1.jar!/fr/insalyon/creatis/vip/application/server/dao/mysql/ApplicationDataInitializer.class]
15:18:16.931 [main] DEBUG org.springframework.context.annotation.ClassPathBeanDefinitionScanner - Identified candidate component class: URL [jar:file:/home/marza/Documents/VIP-portal/vip-application/target/vip-application-2.4.1.jar!/fr/insalyon/creatis/vip/application/server/dao/mysql/ApplicationInputData.class]
15:18:16.932 [main] DEBUG org.springframework.context.annotation.ClassPathBeanDefinitionScanner - Identified candidate component class: URL [jar:file:/home/marza/Documents/VIP-portal/vip-application/target/vip-application-2.4.1.jar!/fr/insalyon/creatis/vip/application/server/dao/h2/ExecutionNodeData.class]
15:18:16.934 [main] DEBUG org.springframework.context.annotation.ClassPathBeanDefinitionScanner - Identified candidate component class: URL [jar:file:/home/marza/Documents/VIP-portal/vip-application/target/vip-application-2.4.1.jar!/fr/insalyon/creatis/vip/application/server/business/simulation/parser/InputM2Parser.class]
15:18:16.934 [main] DEBUG org.springframework.context.annotation.ClassPathBeanDefinitionScanner - Identified candidate component class: URL [jar:file:/home/marza/Documents/VIP-portal/vip-application/target/vip-application-2.4.1.jar!/fr/insalyon/creatis/vip/application/server/business/simulation/WebServiceEngine.class]
15:18:16.934 [main] DEBUG org.springframework.context.annotation.ClassPathBeanDefinitionScanner - Identified candidate component class: URL [jar:file:/home/marza/Documents/VIP-portal/vip-application/target/vip-application-2.4.1.jar!/fr/insalyon/creatis/vip/application/server/business/WorkflowBusiness.class]
15:18:16.934 [main] DEBUG org.springframework.context.annotation.ClassPathBeanDefinitionScanner - Identified candidate component class: URL [jar:file:/home/marza/Documents/VIP-portal/vip-application/target/vip-application-2.4.1.jar!/fr/insalyon/creatis/vip/application/server/dao/mysql/ClassData.class]
15:18:16.935 [main] DEBUG org.springframework.context.annotation.ClassPathBeanDefinitionScanner - Identified candidate component class: URL [jar:file:/home/marza/Documents/VIP-portal/vip-application/target/vip-application-2.4.1.jar!/fr/insalyon/creatis/vip/application/server/dao/h2/SimulationData.class]
15:18:16.942 [main] DEBUG org.springframework.context.annotation.ClassPathBeanDefinitionScanner - Identified candidate component class: URL [jar:file:/home/marza/Documents/VIP-portal/vip-core/target/vip-core-2.4.1.jar!/fr/insalyon/creatis/vip/core/server/dao/mysql/UsersGroupsData.class]
15:18:16.943 [main] DEBUG org.springframework.context.annotation.ClassPathBeanDefinitionScanner - Identified candidate component class: URL [jar:file:/home/marza/Documents/VIP-portal/vip-core/target/vip-core-2.4.1.jar!/fr/insalyon/creatis/vip/core/server/business/StatsBusiness.class]
15:18:16.943 [main] DEBUG org.springframework.context.annotation.ClassPathBeanDefinitionScanner - Identified candidate component class: URL [jar:file:/home/marza/Documents/VIP-portal/vip-core/target/vip-core-2.4.1.jar!/fr/insalyon/creatis/vip/core/server/business/VipSessionBusiness.class]
15:18:16.944 [main] DEBUG org.springframework.context.annotation.ClassPathBeanDefinitionScanner - Identified candidate component class: URL [jar:file:/home/marza/Documents/VIP-portal/vip-core/target/vip-core-2.4.1.jar!/fr/insalyon/creatis/vip/core/server/DataSourceConfig.class]
15:18:16.944 [main] DEBUG org.springframework.context.annotation.ClassPathBeanDefinitionScanner - Identified candidate component class: URL [jar:file:/home/marza/Documents/VIP-portal/vip-core/target/vip-core-2.4.1.jar!/fr/insalyon/creatis/vip/core/server/dao/mysql/TermsUseData.class]
15:18:16.945 [main] DEBUG org.springframework.context.annotation.ClassPathBeanDefinitionScanner - Identified candidate component class: URL [jar:file:/home/marza/Documents/VIP-portal/vip-core/target/vip-core-2.4.1.jar!/fr/insalyon/creatis/vip/core/server/dao/mysql/CoreDataInitializer.class]
15:18:16.945 [main] DEBUG org.springframework.context.annotation.ClassPathBeanDefinitionScanner - Identified candidate component class: URL [jar:file:/home/marza/Documents/VIP-portal/vip-core/target/vip-core-2.4.1.jar!/fr/insalyon/creatis/vip/core/server/dao/mysql/GroupData.class]
15:18:16.948 [main] DEBUG org.springframework.context.annotation.ClassPathBeanDefinitionScanner - Identified candidate component class: URL [jar:file:/home/marza/Documents/VIP-portal/vip-core/target/vip-core-2.4.1.jar!/fr/insalyon/creatis/vip/core/server/business/EmailBusiness.class]
15:18:16.948 [main] DEBUG org.springframework.context.annotation.ClassPathBeanDefinitionScanner - Identified candidate component class: URL [jar:file:/home/marza/Documents/VIP-portal/vip-core/target/vip-core-2.4.1.jar!/fr/insalyon/creatis/vip/core/server/business/proxy/ProxyClient.class]
15:18:16.949 [main] DEBUG org.springframework.context.annotation.ClassPathBeanDefinitionScanner - Identified candidate component class: URL [jar:file:/home/marza/Documents/VIP-portal/vip-core/target/vip-core-2.4.1.jar!/fr/insalyon/creatis/vip/core/server/business/ConfigurationBusiness.class]
15:18:16.949 [main] DEBUG org.springframework.context.annotation.ClassPathBeanDefinitionScanner - Identified candidate component class: URL [jar:file:/home/marza/Documents/VIP-portal/vip-core/target/vip-core-2.4.1.jar!/fr/insalyon/creatis/vip/core/server/dao/mysql/TableInitializer.class]
15:18:16.949 [main] DEBUG org.springframework.context.annotation.ClassPathBeanDefinitionScanner - Identified candidate component class: URL [jar:file:/home/marza/Documents/VIP-portal/vip-core/target/vip-core-2.4.1.jar!/fr/insalyon/creatis/vip/core/server/dao/mysql/UserData.class]
15:18:16.956 [main] DEBUG org.springframework.context.annotation.ClassPathBeanDefinitionScanner - Identified candidate component class: URL [jar:file:/home/marza/Documents/VIP-portal/vip-datamanagement/target/vip-datamanager-2.4.1.jar!/fr/insalyon/creatis/vip/datamanager/server/business/LfcPathsBusiness.class]
15:18:16.956 [main] DEBUG org.springframework.context.annotation.ClassPathBeanDefinitionScanner - Identified candidate component class: URL [jar:file:/home/marza/Documents/VIP-portal/vip-datamanagement/target/vip-datamanager-2.4.1.jar!/fr/insalyon/creatis/vip/datamanager/server/business/ExternalPlatformBusiness.class]
15:18:16.956 [main] DEBUG org.springframework.context.annotation.ClassPathBeanDefinitionScanner - Identified candidate component class: URL [jar:file:/home/marza/Documents/VIP-portal/vip-datamanagement/target/vip-datamanager-2.4.1.jar!/fr/insalyon/creatis/vip/datamanager/server/business/GirderStorageBusiness.class]
15:18:16.956 [main] DEBUG org.springframework.context.annotation.ClassPathBeanDefinitionScanner - Identified candidate component class: URL [jar:file:/home/marza/Documents/VIP-portal/vip-datamanagement/target/vip-datamanager-2.4.1.jar!/fr/insalyon/creatis/vip/datamanager/server/business/DataManagerBusiness.class]
15:18:16.956 [main] DEBUG org.springframework.context.annotation.ClassPathBeanDefinitionScanner - Identified candidate component class: URL [jar:file:/home/marza/Documents/VIP-portal/vip-datamanagement/target/vip-datamanager-2.4.1.jar!/fr/insalyon/creatis/vip/datamanager/server/business/ApiKeyBusiness.class]
15:18:16.956 [main] DEBUG org.springframework.context.annotation.ClassPathBeanDefinitionScanner - Identified candidate component class: URL [jar:file:/home/marza/Documents/VIP-portal/vip-datamanagement/target/vip-datamanager-2.4.1.jar!/fr/insalyon/creatis/vip/datamanager/server/business/ShanoirStorageBusiness.class]
15:18:16.957 [main] DEBUG org.springframework.context.annotation.ClassPathBeanDefinitionScanner - Identified candidate component class: URL [jar:file:/home/marza/Documents/VIP-portal/vip-datamanagement/target/vip-datamanager-2.4.1.jar!/fr/insalyon/creatis/vip/datamanager/server/business/TransferPoolBusiness.class]
15:18:16.957 [main] DEBUG org.springframework.context.annotation.ClassPathBeanDefinitionScanner - Identified candidate component class: URL [jar:file:/home/marza/Documents/VIP-portal/vip-datamanagement/target/vip-datamanager-2.4.1.jar!/fr/insalyon/creatis/vip/datamanager/server/business/LFCBusiness.class]
15:18:16.957 [main] DEBUG org.springframework.context.annotation.ClassPathBeanDefinitionScanner - Identified candidate component class: URL [jar:file:/home/marza/Documents/VIP-portal/vip-datamanagement/target/vip-datamanager-2.4.1.jar!/fr/insalyon/creatis/vip/datamanager/server/business/LFCPermissionBusiness.class]
15:18:16.957 [main] DEBUG org.springframework.context.annotation.ClassPathBeanDefinitionScanner - Identified candidate component class: URL [jar:file:/home/marza/Documents/VIP-portal/vip-datamanagement/target/vip-datamanager-2.4.1.jar!/fr/insalyon/creatis/vip/datamanager/server/dao/mysql/SSHData.class]
15:18:16.957 [main] DEBUG org.springframework.context.annotation.ClassPathBeanDefinitionScanner - Identified candidate component class: URL [jar:file:/home/marza/Documents/VIP-portal/vip-datamanagement/target/vip-datamanager-2.4.1.jar!/fr/insalyon/creatis/vip/datamanager/server/dao/mysql/ApiKeysData.class]
15:18:16.957 [main] DEBUG org.springframework.context.annotation.ClassPathBeanDefinitionScanner - Identified candidate component class: URL [jar:file:/home/marza/Documents/VIP-portal/vip-datamanagement/target/vip-datamanager-2.4.1.jar!/fr/insalyon/creatis/vip/datamanager/server/dao/mysql/ExternalPlatformData.class]
15:18:16.958 [main] DEBUG org.springframework.context.annotation.ClassPathBeanDefinitionScanner - Identified candidate component class: URL [jar:file:/home/marza/Documents/VIP-portal/vip-datamanagement/target/vip-datamanager-2.4.1.jar!/fr/insalyon/creatis/vip/datamanager/server/dao/mysql/DataManagerDataInitializer.class]
15:18:16.961 [main] DEBUG org.springframework.context.annotation.ClassPathBeanDefinitionScanner - Identified candidate component class: URL [jar:file:/home/marza/Documents/VIP-portal/vip-social/target/vip-social-2.4.1.jar!/fr/insalyon/creatis/vip/social/server/business/MessageBusiness.class]
15:18:16.962 [main] DEBUG org.springframework.context.annotation.ClassPathBeanDefinitionScanner - Identified candidate component class: URL [jar:file:/home/marza/Documents/VIP-portal/vip-social/target/vip-social-2.4.1.jar!/fr/insalyon/creatis/vip/social/server/dao/mysql/MessageData.class]
15:18:16.962 [main] DEBUG org.springframework.context.annotation.ClassPathBeanDefinitionScanner - Identified candidate component class: URL [jar:file:/home/marza/Documents/VIP-portal/vip-social/target/vip-social-2.4.1.jar!/fr/insalyon/creatis/vip/social/server/dao/mysql/MessagingDataInitializer.class]
15:18:16.962 [main] DEBUG org.springframework.context.annotation.ClassPathBeanDefinitionScanner - Identified candidate component class: URL [jar:file:/home/marza/Documents/VIP-portal/vip-social/target/vip-social-2.4.1.jar!/fr/insalyon/creatis/vip/social/server/dao/mysql/GroupMessageData.class]
15:18:16.962 [main] DEBUG org.springframework.context.annotation.ClassPathBeanDefinitionScanner - Identified candidate component class: URL [jar:file:/home/marza/Documents/VIP-portal/vip-core/target/vip-core-2.4.1-tests.jar!/fr/insalyon/creatis/vip/core/integrationtest/TestDataSourceSpringConfig.class]
15:18:16.963 [main] DEBUG org.springframework.context.annotation.ClassPathBeanDefinitionScanner - Identified candidate component class: URL [jar:file:/home/marza/Documents/VIP-portal/vip-core/target/vip-core-2.4.1-tests.jar!/fr/insalyon/creatis/vip/core/integrationtest/SpingTestConfig.class]
15:18:16.964 [main] DEBUG org.springframework.context.annotation.ClassPathBeanDefinitionScanner - Identified candidate component class: URL [jar:file:/home/marza/Documents/VIP-portal/vip-core/target/vip-core-2.4.1-tests.jar!/fr/insalyon/creatis/vip/core/integrationtest/ServerMockConfig.class]
15:18:16.982 [main] DEBUG org.springframework.beans.factory.support.DefaultListableBeanFactory - Creating shared instance of singleton bean 'properties'
15:18:16.982 [main] DEBUG org.springframework.beans.factory.support.DefaultListableBeanFactory - Creating shared instance of singleton bean 'org.springframework.context.event.internalEventListenerProcessor'
15:18:16.982 [main] DEBUG org.springframework.beans.factory.support.DefaultListableBeanFactory - Creating shared instance of singleton bean 'org.springframework.context.event.internalEventListenerFactory'
15:18:16.982 [main] DEBUG org.springframework.beans.factory.support.DefaultListableBeanFactory - Creating shared instance of singleton bean 'org.springframework.transaction.config.internalTransactionalEventListenerFactory'
15:18:16.983 [main] DEBUG org.springframework.beans.factory.support.DefaultListableBeanFactory - Creating shared instance of singleton bean 'org.springframework.context.annotation.internalAutowiredAnnotationProcessor'
15:18:16.983 [main] DEBUG org.springframework.beans.factory.support.DefaultListableBeanFactory - Creating shared instance of singleton bean 'org.springframework.context.annotation.internalCommonAnnotationProcessor'
15:18:16.983 [main] DEBUG org.springframework.beans.factory.support.DefaultListableBeanFactory - Creating shared instance of singleton bean 'org.springframework.aop.config.internalAutoProxyCreator'
15:18:16.984 [main] DEBUG org.springframework.beans.factory.support.DefaultListableBeanFactory - Creating shared instance of singleton bean 'conversionService'
15:18:16.985 [main] DEBUG org.springframework.beans.factory.support.DefaultListableBeanFactory - Creating shared instance of singleton bean 'org.springframework.transaction.config.internalTransactionAdvisor'
15:18:16.985 [main] DEBUG org.springframework.beans.factory.support.DefaultListableBeanFactory - Creating shared instance of singleton bean 'org.springframework.transaction.annotation.ProxyTransactionManagementConfiguration'
15:18:16.986 [main] DEBUG org.springframework.beans.factory.support.DefaultListableBeanFactory - Creating shared instance of singleton bean 'transactionAttributeSource'
15:18:16.986 [main] DEBUG org.springframework.beans.factory.support.DefaultListableBeanFactory - Creating shared instance of singleton bean 'transactionInterceptor'
15:18:16.986 [main] DEBUG org.springframework.beans.factory.support.DefaultListableBeanFactory - Autowiring by type from bean name 'transactionInterceptor' via factory method to bean named 'transactionAttributeSource'
15:18:16.986 [main] DEBUG org.springframework.beans.factory.support.DefaultListableBeanFactory - Autowiring by type from bean name 'org.springframework.transaction.config.internalTransactionAdvisor' via factory method to bean named 'transactionAttributeSource'
15:18:16.986 [main] DEBUG org.springframework.beans.factory.support.DefaultListableBeanFactory - Autowiring by type from bean name 'org.springframework.transaction.config.internalTransactionAdvisor' via factory method to bean named 'transactionInterceptor'
15:18:16.987 [main] DEBUG org.springframework.beans.factory.support.DefaultListableBeanFactory - Creating shared instance of singleton bean 'springCoreConfig'
15:18:16.987 [main] DEBUG org.springframework.beans.factory.support.DefaultListableBeanFactory - Creating shared instance of singleton bean 'springApplicationTestConfig'
15:18:16.987 [main] DEBUG org.springframework.beans.factory.support.DefaultListableBeanFactory - Creating shared instance of singleton bean 'engineBusiness'
15:18:16.988 [main] DEBUG org.springframework.beans.factory.support.DefaultListableBeanFactory - Creating shared instance of singleton bean 'engineData'
15:18:16.988 [main] DEBUG org.springframework.beans.factory.support.DefaultListableBeanFactory - Creating shared instance of singleton bean 'lazyDataSource'
15:18:16.988 [main] DEBUG org.springframework.beans.factory.support.DefaultListableBeanFactory - Creating shared instance of singleton bean 'testDataSource'
15:18:16.988 [main] DEBUG org.springframework.beans.factory.support.DefaultListableBeanFactory - Creating shared instance of singleton bean 'testDataSourceSpringConfig'
15:18:16.989 [main] INFO org.springframework.jdbc.datasource.embedded.EmbeddedDatabaseFactory - Starting embedded database: url='jdbc:h2:mem:7d208e18-e9a4-4733-921c-135926200dc1;DB_CLOSE_DELAY=-1;DB_CLOSE_ON_EXIT=false', username='sa'
15:18:16.989 [main] DEBUG org.springframework.jdbc.datasource.DataSourceUtils - Fetching JDBC Connection from DataSource
15:18:16.989 [main] DEBUG org.springframework.jdbc.datasource.SimpleDriverDataSource - Creating new JDBC Driver Connection to [jdbc:h2:mem:7d208e18-e9a4-4733-921c-135926200dc1;DB_CLOSE_DELAY=-1;DB_CLOSE_ON_EXIT=false]
15:18:16.991 [main] DEBUG org.springframework.beans.factory.support.DefaultListableBeanFactory - Autowiring by type from bean name 'lazyDataSource' via factory method to bean named 'testDataSource'
15:18:16.992 [main] DEBUG org.springframework.jdbc.datasource.SimpleDriverDataSource - Creating new JDBC Driver Connection to [jdbc:h2:mem:7d208e18-e9a4-4733-921c-135926200dc1;DB_CLOSE_DELAY=-1;DB_CLOSE_ON_EXIT=false]
15:18:16.993 [main] DEBUG org.springframework.beans.factory.support.DefaultListableBeanFactory - Autowiring by type from bean name 'engineBusiness' via constructor to bean named 'engineData'
15:18:16.993 [main] DEBUG org.springframework.beans.factory.support.DefaultListableBeanFactory - Creating shared instance of singleton bean 'boutiquesBusiness'
15:18:16.994 [main] DEBUG org.springframework.beans.factory.support.DefaultListableBeanFactory - Creating shared instance of singleton bean 'testServer'
15:18:16.994 [main] DEBUG org.springframework.beans.factory.support.DefaultListableBeanFactory - Creating shared instance of singleton bean 'serverMockConfig'
15:18:17.001 [main] DEBUG org.springframework.beans.factory.support.DefaultListableBeanFactory - Creating shared instance of singleton bean 'dataManagerBusiness'
15:18:17.003 [main] DEBUG org.springframework.beans.factory.support.DefaultListableBeanFactory - Creating shared instance of singleton bean 'SSHData'
15:18:17.004 [main] DEBUG org.springframework.beans.factory.support.DefaultListableBeanFactory - Creating shared instance of singleton bean 'testGridaClient'
15:18:17.004 [main] DEBUG org.springframework.beans.factory.support.DefaultListableBeanFactory - Creating shared instance of singleton bean 'spingTestConfig'
15:18:17.005 [main] DEBUG org.springframework.beans.factory.support.DefaultListableBeanFactory - Creating shared instance of singleton bean 'gridaCacheClient'
15:18:17.005 [main] DEBUG org.springframework.beans.factory.support.DefaultListableBeanFactory - Autowiring by type from bean name 'gridaCacheClient' via factory method to bean named 'testServer'
15:18:17.006 [main] DEBUG org.springframework.beans.factory.support.DefaultListableBeanFactory - Creating shared instance of singleton bean 'gridaZombieClient'
15:18:17.006 [main] DEBUG org.springframework.beans.factory.support.DefaultListableBeanFactory - Autowiring by type from bean name 'gridaZombieClient' via factory method to bean named 'testServer'
15:18:17.007 [main] DEBUG org.springframework.beans.factory.support.DefaultListableBeanFactory - Creating shared instance of singleton bean 'configurationBusiness'
15:18:17.008 [main] DEBUG org.springframework.beans.factory.support.DefaultListableBeanFactory - Creating shared instance of singleton bean 'testProxyClient'
15:18:17.008 [main] DEBUG org.springframework.beans.factory.support.DefaultListableBeanFactory - Creating shared instance of singleton bean 'testEmailBusiness'
15:18:17.009 [main] DEBUG org.springframework.beans.factory.support.DefaultListableBeanFactory - Creating shared instance of singleton bean 'testGridaPoolClient'
15:18:17.010 [main] DEBUG org.springframework.beans.factory.support.DefaultListableBeanFactory - Creating shared instance of singleton bean 'groupData'
15:18:17.012 [main] DEBUG org.springframework.beans.factory.support.DefaultListableBeanFactory - Creating shared instance of singleton bean 'termsUseData'
15:18:17.017 [main] DEBUG org.springframework.beans.factory.support.DefaultListableBeanFactory - Creating shared instance of singleton bean 'userData'
15:18:17.020 [main] DEBUG org.springframework.beans.factory.support.DefaultListableBeanFactory - Creating shared instance of singleton bean 'usersGroupsData'
15:18:17.021 [main] DEBUG org.springframework.beans.factory.support.DefaultListableBeanFactory - Autowiring by type from bean name 'usersGroupsData' via constructor to bean named 'groupData'
15:18:17.022 [main] DEBUG org.springframework.beans.factory.support.DefaultListableBeanFactory - Autowiring by type from bean name 'configurationBusiness' via constructor to bean named 'testServer'
15:18:17.022 [main] DEBUG org.springframework.beans.factory.support.DefaultListableBeanFactory - Autowiring by type from bean name 'configurationBusiness' via constructor to bean named 'testProxyClient'
15:18:17.022 [main] DEBUG org.springframework.beans.factory.support.DefaultListableBeanFactory - Autowiring by type from bean name 'configurationBusiness' via constructor to bean named 'testEmailBusiness'
15:18:17.022 [main] DEBUG org.springframework.beans.factory.support.DefaultListableBeanFactory - Autowiring by type from bean name 'configurationBusiness' via constructor to bean named 'testGridaClient'
15:18:17.022 [main] DEBUG org.springframework.beans.factory.support.DefaultListableBeanFactory - Autowiring by type from bean name 'configurationBusiness' via constructor to bean named 'testGridaPoolClient'
15:18:17.022 [main] DEBUG org.springframework.beans.factory.support.DefaultListableBeanFactory - Autowiring by type from bean name 'configurationBusiness' via constructor to bean named 'groupData'
15:18:17.022 [main] DEBUG org.springframework.beans.factory.support.DefaultListableBeanFactory - Autowiring by type from bean name 'configurationBusiness' via constructor to bean named 'termsUseData'
15:18:17.022 [main] DEBUG org.springframework.beans.factory.support.DefaultListableBeanFactory - Autowiring by type from bean name 'configurationBusiness' via constructor to bean named 'userData'
15:18:17.022 [main] DEBUG org.springframework.beans.factory.support.DefaultListableBeanFactory - Autowiring by type from bean name 'configurationBusiness' via constructor to bean named 'usersGroupsData'
15:18:17.023 [main] DEBUG org.springframework.beans.factory.support.DefaultListableBeanFactory - Creating shared instance of singleton bean 'lfcPathsBusiness'
15:18:17.023 [main] DEBUG org.springframework.beans.factory.support.DefaultListableBeanFactory - Autowiring by type from bean name 'lfcPathsBusiness' via constructor to bean named 'testServer'
15:18:17.023 [main] DEBUG org.springframework.beans.factory.support.DefaultListableBeanFactory - Autowiring by type from bean name 'lfcPathsBusiness' via constructor to bean named 'groupData'
15:18:17.024 [main] DEBUG org.springframework.beans.factory.support.DefaultListableBeanFactory - Autowiring by type from bean name 'dataManagerBusiness' via constructor to bean named 'SSHData'
15:18:17.024 [main] DEBUG org.springframework.beans.factory.support.DefaultListableBeanFactory - Autowiring by type from bean name 'dataManagerBusiness' via constructor to bean named 'testGridaClient'
15:18:17.024 [main] DEBUG org.springframework.beans.factory.support.DefaultListableBeanFactory - Autowiring by type from bean name 'dataManagerBusiness' via constructor to bean named 'gridaCacheClient'
15:18:17.024 [main] DEBUG org.springframework.beans.factory.support.DefaultListableBeanFactory - Autowiring by type from bean name 'dataManagerBusiness' via constructor to bean named 'gridaZombieClient'
15:18:17.024 [main] DEBUG org.springframework.beans.factory.support.DefaultListableBeanFactory - Autowiring by type from bean name 'dataManagerBusiness' via constructor to bean named 'configurationBusiness'
15:18:17.024 [main] DEBUG org.springframework.beans.factory.support.DefaultListableBeanFactory - Autowiring by type from bean name 'dataManagerBusiness' via constructor to bean named 'lfcPathsBusiness'
15:18:17.024 [main] DEBUG org.springframework.beans.factory.support.DefaultListableBeanFactory - Autowiring by type from bean name 'dataManagerBusiness' via constructor to bean named 'testServer'
15:18:17.025 [main] DEBUG org.springframework.beans.factory.support.DefaultListableBeanFactory - Creating shared instance of singleton bean 'applicationBusiness'
15:18:17.025 [main] DEBUG org.springframework.beans.factory.support.DefaultListableBeanFactory - Creating shared instance of singleton bean 'applicationData'
15:18:17.026 [main] DEBUG org.springframework.beans.factory.support.DefaultListableBeanFactory - Creating shared instance of singleton bean 'classData'
15:18:17.027 [main] DEBUG org.springframework.beans.factory.support.DefaultListableBeanFactory - Autowiring by type from bean name 'applicationData' via constructor to bean named 'lazyDataSource'
15:18:17.027 [main] DEBUG org.springframework.beans.factory.support.DefaultListableBeanFactory - Autowiring by type from bean name 'applicationData' via constructor to bean named 'classData'
15:18:17.028 [main] DEBUG org.springframework.beans.factory.support.DefaultListableBeanFactory - Autowiring by type from bean name 'applicationBusiness' via constructor to bean named 'applicationData'
15:18:17.028 [main] DEBUG org.springframework.beans.factory.support.DefaultListableBeanFactory - Autowiring by type from bean name 'applicationBusiness' via constructor to bean named 'classData'
15:18:17.028 [main] DEBUG org.springframework.beans.factory.support.DefaultListableBeanFactory - Autowiring by type from bean name 'applicationBusiness' via constructor to bean named 'groupData'
15:18:17.028 [main] DEBUG org.springframework.beans.factory.support.DefaultListableBeanFactory - Autowiring by type from bean name 'boutiquesBusiness' via constructor to bean named 'testServer'
15:18:17.028 [main] DEBUG org.springframework.beans.factory.support.DefaultListableBeanFactory - Autowiring by type from bean name 'boutiquesBusiness' via constructor to bean named 'dataManagerBusiness'
15:18:17.028 [main] DEBUG org.springframework.beans.factory.support.DefaultListableBeanFactory - Autowiring by type from bean name 'boutiquesBusiness' via constructor to bean named 'applicationBusiness'
15:18:17.029 [main] DEBUG org.springframework.beans.factory.support.DefaultListableBeanFactory - Creating shared instance of singleton bean 'simulationStatsData'
15:18:17.029 [main] DEBUG org.springframework.beans.factory.support.DefaultListableBeanFactory - Creating shared instance of singleton bean 'sessionFactory'
15:18:17.030 [main] DEBUG org.springframework.beans.factory.support.DefaultListableBeanFactory - Autowiring by type from bean name 'simulationStatsData' via constructor to bean named 'sessionFactory'
15:18:17.031 [main] DEBUG org.springframework.beans.factory.support.DefaultListableBeanFactory - Creating shared instance of singleton bean 'inputBusiness'
15:18:17.031 [main] DEBUG org.springframework.beans.factory.support.DefaultListableBeanFactory - Creating shared instance of singleton bean 'applicationInputData'
15:18:17.032 [main] DEBUG org.springframework.beans.factory.support.DefaultListableBeanFactory - Autowiring by type from bean name 'inputBusiness' via constructor to bean named 'applicationInputData'
15:18:17.032 [main] DEBUG org.springframework.beans.factory.support.DefaultListableBeanFactory - Autowiring by type from bean name 'inputBusiness' via constructor to bean named 'dataManagerBusiness'
15:18:17.035 [main] DEBUG org.springframework.beans.factory.support.DefaultListableBeanFactory - Creating shared instance of singleton bean 'simulationBusiness'
15:18:17.036 [main] DEBUG org.springframework.beans.factory.support.DefaultListableBeanFactory - Autowiring by type from bean name 'simulationBusiness' via constructor to bean named 'lfcPathsBusiness'
15:18:17.036 [main] DEBUG org.springframework.beans.factory.support.DefaultListableBeanFactory - Autowiring by type from bean name 'simulationBusiness' via constructor to bean named 'testServer'
15:18:17.039 [main] DEBUG org.springframework.beans.factory.support.DefaultListableBeanFactory - Creating shared instance of singleton bean 'classBusiness'
15:18:17.039 [main] DEBUG org.springframework.beans.factory.support.DefaultListableBeanFactory - Autowiring by type from bean name 'classBusiness' via constructor to bean named 'classData'
15:18:17.040 [main] DEBUG org.springframework.beans.factory.support.DefaultListableBeanFactory - Creating shared instance of singleton bean 'applicationDataInitializer'
15:18:17.040 [main] DEBUG org.springframework.beans.factory.support.DefaultListableBeanFactory - Creating shared instance of singleton bean 'tableInitializer'
15:18:17.041 [main] DEBUG org.springframework.core.env.PropertySourcesPropertyResolver - Found key 'db.tableEngine' in PropertySource 'Inlined Test Properties' with value of type String
15:18:17.041 [main] DEBUG org.springframework.core.env.PropertySourcesPropertyResolver - Found key 'db.tableEngine' in PropertySource 'environmentProperties' with value of type String
15:18:17.041 [main] DEBUG org.springframework.beans.factory.support.DefaultListableBeanFactory - Autowiring by type from bean name 'applicationDataInitializer' via constructor to bean named 'lazyDataSource'
15:18:17.041 [main] DEBUG org.springframework.beans.factory.support.DefaultListableBeanFactory - Autowiring by type from bean name 'applicationDataInitializer' via constructor to bean named 'tableInitializer'
15:18:17.042 [main] DEBUG org.springframework.beans.factory.support.DefaultListableBeanFactory - Creating shared instance of singleton bean 'workflowBusiness'
15:18:17.043 [main] DEBUG org.springframework.beans.factory.support.DefaultListableBeanFactory - Creating shared instance of singleton bean 'getTestWorkflowDAO'
15:18:17.044 [main] DEBUG org.springframework.beans.factory.support.DefaultListableBeanFactory - Creating shared instance of singleton bean 'getTestProcessorDAO'
15:18:17.044 [main] DEBUG org.springframework.beans.factory.support.DefaultListableBeanFactory - Creating shared instance of singleton bean 'getTestOutputDAO'
15:18:17.046 [main] DEBUG org.springframework.beans.factory.support.DefaultListableBeanFactory - Creating shared instance of singleton bean 'getTestInputDAO'
15:18:17.046 [main] DEBUG org.springframework.beans.factory.support.DefaultListableBeanFactory - Creating shared instance of singleton bean 'getTestStatsDAO'
15:18:17.047 [main] DEBUG org.springframework.beans.factory.support.DefaultListableBeanFactory - Creating shared instance of singleton bean 'externalPlatformBusiness'
15:18:17.048 [main] DEBUG org.springframework.beans.factory.support.DefaultListableBeanFactory - Creating shared instance of singleton bean 'girderStorageBusiness'
15:18:17.050 [main] DEBUG org.springframework.beans.factory.support.DefaultListableBeanFactory - Creating shared instance of singleton bean 'apiKeyBusiness'
15:18:17.050 [main] DEBUG org.springframework.beans.factory.support.DefaultListableBeanFactory - Creating shared instance of singleton bean 'apiKeysData'
15:18:17.052 [main] DEBUG org.springframework.beans.factory.support.DefaultListableBeanFactory - Autowiring by type from bean name 'apiKeyBusiness' via constructor to bean named 'apiKeysData'
15:18:17.053 [main] DEBUG org.springframework.beans.factory.support.DefaultListableBeanFactory - Autowiring by type from bean name 'girderStorageBusiness' via constructor to bean named 'apiKeyBusiness'
15:18:17.053 [main] DEBUG org.springframework.beans.factory.support.DefaultListableBeanFactory - Autowiring by type from bean name 'girderStorageBusiness' via constructor to bean named 'testServer'
15:18:17.054 [main] DEBUG org.springframework.beans.factory.support.DefaultListableBeanFactory - Creating shared instance of singleton bean 'shanoirStorageBusiness'
15:18:17.054 [main] DEBUG org.springframework.beans.factory.support.DefaultListableBeanFactory - Creating shared instance of singleton bean 'externalPlatformData'
15:18:17.055 [main] DEBUG org.springframework.beans.factory.support.DefaultListableBeanFactory - Autowiring by type from bean name 'externalPlatformBusiness' via constructor to bean named 'girderStorageBusiness'
15:18:17.055 [main] DEBUG org.springframework.beans.factory.support.DefaultListableBeanFactory - Autowiring by type from bean name 'externalPlatformBusiness' via constructor to bean named 'shanoirStorageBusiness'
15:18:17.055 [main] DEBUG org.springframework.beans.factory.support.DefaultListableBeanFactory - Autowiring by type from bean name 'externalPlatformBusiness' via constructor to bean named 'externalPlatformData'
15:18:17.056 [main] DEBUG org.springframework.beans.factory.support.DefaultListableBeanFactory - Autowiring by type from bean name 'workflowBusiness' via constructor to bean named 'testServer'
15:18:17.056 [main] DEBUG org.springframework.beans.factory.support.DefaultListableBeanFactory - Autowiring by type from bean name 'workflowBusiness' via constructor to bean named 'simulationStatsData'
15:18:17.056 [main] DEBUG org.springframework.beans.factory.support.DefaultListableBeanFactory - Autowiring by type from bean name 'workflowBusiness' via constructor to bean named 'getTestWorkflowDAO'
15:18:17.056 [main] DEBUG org.springframework.beans.factory.support.DefaultListableBeanFactory - Autowiring by type from bean name 'workflowBusiness' via constructor to bean named 'getTestProcessorDAO'
15:18:17.056 [main] DEBUG org.springframework.beans.factory.support.DefaultListableBeanFactory - Autowiring by type from bean name 'workflowBusiness' via constructor to bean named 'getTestOutputDAO'
15:18:17.056 [main] DEBUG org.springframework.beans.factory.support.DefaultListableBeanFactory - Autowiring by type from bean name 'workflowBusiness' via constructor to bean named 'getTestInputDAO'
15:18:17.056 [main] DEBUG org.springframework.beans.factory.support.DefaultListableBeanFactory - Autowiring by type from bean name 'workflowBusiness' via constructor to bean named 'getTestStatsDAO'
15:18:17.056 [main] DEBUG org.springframework.beans.factory.support.DefaultListableBeanFactory - Autowiring by type from bean name 'workflowBusiness' via constructor to bean named 'engineData'
15:18:17.056 [main] DEBUG org.springframework.beans.factory.support.DefaultListableBeanFactory - Autowiring by type from bean name 'workflowBusiness' via constructor to bean named 'applicationData'
15:18:17.056 [main] DEBUG org.springframework.beans.factory.support.DefaultListableBeanFactory - Autowiring by type from bean name 'workflowBusiness' via constructor to bean named 'usersGroupsData'
15:18:17.056 [main] DEBUG org.springframework.beans.factory.support.DefaultListableBeanFactory - Autowiring by type from bean name 'workflowBusiness' via constructor to bean named 'engineBusiness'
15:18:17.056 [main] DEBUG org.springframework.beans.factory.support.DefaultListableBeanFactory - Autowiring by type from bean name 'workflowBusiness' via constructor to bean named 'dataManagerBusiness'
15:18:17.056 [main] DEBUG org.springframework.beans.factory.support.DefaultListableBeanFactory - Autowiring by type from bean name 'workflowBusiness' via constructor to bean named 'testEmailBusiness'
15:18:17.056 [main] DEBUG org.springframework.beans.factory.support.DefaultListableBeanFactory - Autowiring by type from bean name 'workflowBusiness' via constructor to bean named 'lfcPathsBusiness'
15:18:17.056 [main] DEBUG org.springframework.beans.factory.support.DefaultListableBeanFactory - Autowiring by type from bean name 'workflowBusiness' via constructor to bean named 'testGridaPoolClient'
15:18:17.056 [main] DEBUG org.springframework.beans.factory.support.DefaultListableBeanFactory - Autowiring by type from bean name 'workflowBusiness' via constructor to bean named 'testGridaClient'
15:18:17.056 [main] DEBUG org.springframework.beans.factory.support.DefaultListableBeanFactory - Autowiring by type from bean name 'workflowBusiness' via constructor to bean named 'externalPlatformBusiness'
15:18:17.060 [main] DEBUG org.springframework.beans.factory.support.DefaultListableBeanFactory - Creating shared instance of singleton bean 'statsBusiness'
15:18:17.061 [main] DEBUG org.springframework.beans.factory.support.DefaultListableBeanFactory - Autowiring by type from bean name 'statsBusiness' via constructor to bean named 'userData'
15:18:17.061 [main] DEBUG org.springframework.beans.factory.support.DefaultListableBeanFactory - Creating shared instance of singleton bean 'vipSessionBusiness'
15:18:17.062 [main] DEBUG org.springframework.beans.factory.support.DefaultListableBeanFactory - Autowiring by type from bean name 'vipSessionBusiness' via constructor to bean named 'testServer'
15:18:17.062 [main] DEBUG org.springframework.beans.factory.support.DefaultListableBeanFactory - Autowiring by type from bean name 'vipSessionBusiness' via constructor to bean named 'configurationBusiness'
15:18:17.063 [main] DEBUG org.springframework.beans.factory.support.DefaultListableBeanFactory - Creating shared instance of singleton bean 'dataSourceConfig'
15:18:17.063 [main] DEBUG org.springframework.beans.factory.support.DefaultListableBeanFactory - Creating shared instance of singleton bean 'coreDataInitializer'
15:18:17.063 [main] DEBUG org.springframework.beans.factory.support.DefaultListableBeanFactory - Autowiring by type from bean name 'coreDataInitializer' via constructor to bean named 'groupData'
15:18:17.063 [main] DEBUG org.springframework.beans.factory.support.DefaultListableBeanFactory - Autowiring by type from bean name 'coreDataInitializer' via constructor to bean named 'lazyDataSource'
15:18:17.063 [main] DEBUG org.springframework.beans.factory.support.DefaultListableBeanFactory - Autowiring by type from bean name 'coreDataInitializer' via constructor to bean named 'tableInitializer'
15:18:17.063 [main] DEBUG org.springframework.beans.factory.support.DefaultListableBeanFactory - Autowiring by type from bean name 'coreDataInitializer' via constructor to bean named 'testServer'
15:18:17.063 [main] DEBUG org.springframework.beans.factory.support.DefaultListableBeanFactory - Autowiring by type from bean name 'coreDataInitializer' via constructor to bean named 'userData'
15:18:17.063 [main] DEBUG org.springframework.beans.factory.support.DefaultListableBeanFactory - Autowiring by type from bean name 'coreDataInitializer' via constructor to bean named 'usersGroupsData'
15:18:17.063 [main] DEBUG org.springframework.beans.factory.support.DefaultListableBeanFactory - Autowiring by type from bean name 'coreDataInitializer' via constructor to bean named 'termsUseData'
15:18:17.064 [main] DEBUG org.springframework.beans.factory.support.DefaultListableBeanFactory - Creating shared instance of singleton bean 'emailBusiness'
15:18:17.064 [main] DEBUG org.springframework.beans.factory.support.DefaultListableBeanFactory - Creating shared instance of singleton bean 'smaClient'
15:18:17.065 [main] DEBUG org.springframework.beans.factory.support.DefaultListableBeanFactory - Autowiring by type from bean name 'smaClient' via factory method to bean named 'testServer'
15:18:17.065 [main] DEBUG org.springframework.beans.factory.support.DefaultListableBeanFactory - Autowiring by type from bean name 'emailBusiness' via constructor to bean named 'smaClient'
15:18:17.065 [main] DEBUG org.springframework.beans.factory.support.DefaultListableBeanFactory - Creating shared instance of singleton bean 'proxyClient'
15:18:17.066 [main] DEBUG org.springframework.beans.factory.support.DefaultListableBeanFactory - Autowiring by type from bean name 'proxyClient' via constructor to bean named 'testServer'
15:18:17.066 [main] DEBUG org.springframework.beans.factory.support.DefaultListableBeanFactory - Creating shared instance of singleton bean 'transferPoolBusiness'
15:18:17.067 [main] DEBUG org.springframework.beans.factory.support.DefaultListableBeanFactory - Creating shared instance of singleton bean 'LFCBusiness'
15:18:17.067 [main] DEBUG org.springframework.beans.factory.support.DefaultListableBeanFactory - Autowiring by type from bean name 'LFCBusiness' via constructor to bean named 'testGridaClient'
15:18:17.067 [main] DEBUG org.springframework.beans.factory.support.DefaultListableBeanFactory - Autowiring by type from bean name 'LFCBusiness' via constructor to bean named 'lfcPathsBusiness'
15:18:17.068 [main] DEBUG org.springframework.beans.factory.support.DefaultListableBeanFactory - Autowiring by type from bean name 'transferPoolBusiness' via constructor to bean named 'testServer'
15:18:17.068 [main] DEBUG org.springframework.beans.factory.support.DefaultListableBeanFactory - Autowiring by type from bean name 'transferPoolBusiness' via constructor to bean named 'LFCBusiness'
15:18:17.068 [main] DEBUG org.springframework.beans.factory.support.DefaultListableBeanFactory - Autowiring by type from bean name 'transferPoolBusiness' via constructor to bean named 'testGridaPoolClient'
15:18:17.068 [main] DEBUG org.springframework.beans.factory.support.DefaultListableBeanFactory - Autowiring by type from bean name 'transferPoolBusiness' via constructor to bean named 'lfcPathsBusiness'
15:18:17.068 [main] DEBUG org.springframework.beans.factory.support.DefaultListableBeanFactory - Creating shared instance of singleton bean 'LFCPermissionBusiness'
15:18:17.069 [main] DEBUG org.springframework.beans.factory.support.DefaultListableBeanFactory - Autowiring by type from bean name 'LFCPermissionBusiness' via constructor to bean named 'dataManagerBusiness'
15:18:17.069 [main] DEBUG org.springframework.beans.factory.support.DefaultListableBeanFactory - Autowiring by type from bean name 'LFCPermissionBusiness' via constructor to bean named 'lfcPathsBusiness'
15:18:17.069 [main] DEBUG org.springframework.beans.factory.support.DefaultListableBeanFactory - Creating shared instance of singleton bean 'dataManagerDataInitializer'
15:18:17.070 [main] DEBUG org.springframework.beans.factory.support.DefaultListableBeanFactory - Autowiring by type from bean name 'dataManagerDataInitializer' via constructor to bean named 'lazyDataSource'
15:18:17.070 [main] DEBUG org.springframework.beans.factory.support.DefaultListableBeanFactory - Autowiring by type from bean name 'dataManagerDataInitializer' via constructor to bean named 'tableInitializer'
15:18:17.070 [main] DEBUG org.springframework.beans.factory.support.DefaultListableBeanFactory - Creating shared instance of singleton bean 'messageBusiness'
15:18:17.071 [main] DEBUG org.springframework.beans.factory.support.DefaultListableBeanFactory - Creating shared instance of singleton bean 'messageData'
15:18:17.071 [main] DEBUG org.springframework.beans.factory.support.DefaultListableBeanFactory - Autowiring by type from bean name 'messageData' via constructor to bean named 'userData'
15:18:17.071 [main] DEBUG org.springframework.beans.factory.support.DefaultListableBeanFactory - Autowiring by type from bean name 'messageData' via constructor to bean named 'lazyDataSource'
15:18:17.072 [main] DEBUG org.springframework.beans.factory.support.DefaultListableBeanFactory - Creating shared instance of singleton bean 'groupMessageData'
15:18:17.073 [main] DEBUG org.springframework.beans.factory.support.DefaultListableBeanFactory - Autowiring by type from bean name 'groupMessageData' via constructor to bean named 'userData'
15:18:17.073 [main] DEBUG org.springframework.beans.factory.support.DefaultListableBeanFactory - Autowiring by type from bean name 'groupMessageData' via constructor to bean named 'groupData'
15:18:17.073 [main] DEBUG org.springframework.beans.factory.support.DefaultListableBeanFactory - Autowiring by type from bean name 'groupMessageData' via constructor to bean named 'messageData'
15:18:17.073 [main] DEBUG org.springframework.beans.factory.support.DefaultListableBeanFactory - Autowiring by type from bean name 'groupMessageData' via constructor to bean named 'lazyDataSource'
15:18:17.073 [main] DEBUG org.springframework.beans.factory.support.DefaultListableBeanFactory - Autowiring by type from bean name 'messageBusiness' via constructor to bean named 'messageData'
15:18:17.073 [main] DEBUG org.springframework.beans.factory.support.DefaultListableBeanFactory - Autowiring by type from bean name 'messageBusiness' via constructor to bean named 'groupMessageData'
15:18:17.073 [main] DEBUG org.springframework.beans.factory.support.DefaultListableBeanFactory - Autowiring by type from bean name 'messageBusiness' via constructor to bean named 'usersGroupsData'
15:18:17.073 [main] DEBUG org.springframework.beans.factory.support.DefaultListableBeanFactory - Autowiring by type from bean name 'messageBusiness' via constructor to bean named 'configurationBusiness'
15:18:17.073 [main] DEBUG org.springframework.beans.factory.support.DefaultListableBeanFactory - Autowiring by type from bean name 'messageBusiness' via constructor to bean named 'testEmailBusiness'
15:18:17.074 [main] DEBUG org.springframework.beans.factory.support.DefaultListableBeanFactory - Creating shared instance of singleton bean 'messagingDataInitializer'
15:18:17.074 [main] DEBUG org.springframework.beans.factory.support.DefaultListableBeanFactory - Autowiring by type from bean name 'messagingDataInitializer' via constructor to bean named 'lazyDataSource'
15:18:17.074 [main] DEBUG org.springframework.beans.factory.support.DefaultListableBeanFactory - Autowiring by type from bean name 'messagingDataInitializer' via constructor to bean named 'tableInitializer'
15:18:17.075 [main] DEBUG org.springframework.beans.factory.support.DefaultListableBeanFactory - Creating shared instance of singleton bean 'workflowsDBDAOFactory'
15:18:17.075 [main] DEBUG org.springframework.beans.factory.support.DefaultListableBeanFactory - Creating shared instance of singleton bean 'vipConfigFolder'
15:18:17.075 [main] DEBUG org.springframework.beans.factory.support.DefaultListableBeanFactory - Autowiring by type from bean name 'vipConfigFolder' via factory method to bean named 'org.springframework.context.support.GenericApplicationContext@72d59900'
15:18:17.075 [main] DEBUG org.springframework.core.env.PropertySourcesPropertyResolver - Found key 'vipConfigFolder' in PropertySource 'Inlined Test Properties' with value of type String
15:18:17.075 [main] INFO fr.insalyon.creatis.vip.core.server.SpringCoreConfig - found vipConfigFolder property : classpath:
15:18:17.076 [main] DEBUG org.springframework.beans.factory.support.DefaultListableBeanFactory - Creating shared instance of singleton bean 'transactionManager'
15:18:17.076 [main] DEBUG org.springframework.beans.factory.support.DefaultListableBeanFactory - Autowiring by type from bean name 'transactionManager' via factory method to bean named 'lazyDataSource'
15:18:17.076 [main] DEBUG org.springframework.beans.factory.support.DefaultListableBeanFactory - Creating shared instance of singleton bean 'gridaClient'
15:18:17.076 [main] DEBUG org.springframework.beans.factory.support.DefaultListableBeanFactory - Autowiring by type from bean name 'gridaClient' via factory method to bean named 'testServer'
15:18:17.077 [main] DEBUG org.springframework.beans.factory.support.DefaultListableBeanFactory - Creating shared instance of singleton bean 'gridaPoolClient'
15:18:17.077 [main] DEBUG org.springframework.beans.factory.support.DefaultListableBeanFactory - Autowiring by type from bean name 'gridaPoolClient' via factory method to bean named 'testServer'
15:18:17.079 [main] DEBUG org.springframework.context.event.EventListenerMethodProcessor - 1 @EventListener methods processed on bean 'applicationDataInitializer': {public void fr.insalyon.creatis.vip.application.server.dao.mysql.ApplicationDataInitializer.onStartup()=@org.springframework.context.event.EventListener(classes=[org.springframework.context.event.ContextRefreshedEvent], condition=, id=, value=[org.springframework.context.event.ContextRefreshedEvent])}
15:18:17.080 [main] DEBUG org.springframework.context.event.EventListenerMethodProcessor - 1 @EventListener methods processed on bean 'coreDataInitializer': {public void fr.insalyon.creatis.vip.core.server.dao.mysql.CoreDataInitializer.onStartup()=@org.springframework.context.event.EventListener(classes=[org.springframework.context.event.ContextRefreshedEvent], condition=, id=, value=[org.springframework.context.event.ContextRefreshedEvent])}
15:18:17.081 [main] DEBUG org.springframework.context.event.EventListenerMethodProcessor - 1 @EventListener methods processed on bean 'dataManagerDataInitializer': {public void fr.insalyon.creatis.vip.datamanager.server.dao.mysql.DataManagerDataInitializer.onStartup()=@org.springframework.context.event.EventListener(classes=[org.springframework.context.event.ContextRefreshedEvent], condition=, id=, value=[org.springframework.context.event.ContextRefreshedEvent])}
15:18:17.082 [main] DEBUG org.springframework.context.event.EventListenerMethodProcessor - 1 @EventListener methods processed on bean 'messagingDataInitializer': {public void fr.insalyon.creatis.vip.social.server.dao.mysql.MessagingDataInitializer.onStartup()=@org.springframework.context.event.EventListener(classes=[org.springframework.context.event.ContextRefreshedEvent], condition=, id=, value=[org.springframework.context.event.ContextRefreshedEvent])}
15:18:17.085 [main] DEBUG org.springframework.jdbc.datasource.DataSourceTransactionManager - Creating new transaction with name [fr.insalyon.creatis.vip.core.server.dao.mysql.CoreDataInitializer.onStartup]: PROPAGATION_REQUIRED,ISOLATION_DEFAULT
15:18:17.086 [main] DEBUG org.springframework.jdbc.datasource.DataSourceTransactionManager - Acquired Connection [Lazy Connection proxy for target DataSource [org.springframework.jdbc.datasource.embedded.EmbeddedDatabaseFactory$EmbeddedDataSourceProxy@738e2734]] for JDBC transaction
15:18:17.087 [main] DEBUG org.springframework.jdbc.datasource.DataSourceTransactionManager - Switching JDBC Connection [Lazy Connection proxy for target DataSource [org.springframework.jdbc.datasource.embedded.EmbeddedDatabaseFactory$EmbeddedDataSourceProxy@738e2734]] to manual commit
15:18:17.087 [main] INFO fr.insalyon.creatis.vip.core.server.dao.mysql.CoreDataInitializer - Configuring VIP core database.
15:18:17.088 [main] DEBUG org.springframework.jdbc.datasource.DataSourceTransactionManager - Participating in existing transaction
15:18:17.088 [main] DEBUG org.springframework.jdbc.datasource.SimpleDriverDataSource - Creating new JDBC Driver Connection to [jdbc:h2:mem:7d208e18-e9a4-4733-921c-135926200dc1;DB_CLOSE_DELAY=-1;DB_CLOSE_ON_EXIT=false]
15:18:17.089 [main] INFO fr.insalyon.creatis.vip.core.server.dao.mysql.TableInitializer - Table VIPUsers successfully created.
15:18:17.090 [main] DEBUG org.springframework.jdbc.datasource.DataSourceTransactionManager - Participating in existing transaction
15:18:17.090 [main] DEBUG org.springframework.jdbc.datasource.DataSourceTransactionManager - Participating in existing transaction
15:18:17.090 [main] INFO fr.insalyon.creatis.vip.core.server.dao.mysql.TableInitializer - Table VIPGroups successfully created.
15:18:17.090 [main] DEBUG org.springframework.jdbc.datasource.DataSourceTransactionManager - Participating in existing transaction
15:18:17.091 [main] DEBUG org.springframework.jdbc.datasource.DataSourceTransactionManager - Participating in existing transaction
15:18:17.091 [main] INFO fr.insalyon.creatis.vip.core.server.dao.mysql.TableInitializer - Table VIPUsersGroups successfully created.
15:18:17.092 [main] DEBUG org.springframework.jdbc.datasource.DataSourceTransactionManager - Participating in existing transaction
15:18:17.092 [main] DEBUG org.springframework.jdbc.datasource.DataSourceTransactionManager - Participating in existing transaction
15:18:17.092 [main] INFO fr.insalyon.creatis.vip.core.server.dao.mysql.TableInitializer - Table VIPTermsOfuse successfully created.
15:18:17.092 [main] DEBUG org.springframework.jdbc.datasource.DataSourceTransactionManager - Participating in existing transaction
15:18:17.093 [main] DEBUG org.springframework.jdbc.datasource.DataSourceTransactionManager - Initiating transaction commit
15:18:17.093 [main] DEBUG org.springframework.jdbc.datasource.DataSourceTransactionManager - Committing JDBC transaction on Connection [conn150: url=jdbc:h2:mem:7d208e18-e9a4-4733-921c-135926200dc1 user=SA]
15:18:17.093 [main] DEBUG org.springframework.jdbc.datasource.DataSourceTransactionManager - Releasing JDBC Connection [conn150: url=jdbc:h2:mem:7d208e18-e9a4-4733-921c-135926200dc1 user=SA] after transaction
15:18:17.093 [main] DEBUG org.springframework.jdbc.datasource.DataSourceTransactionManager - Creating new transaction with name [fr.insalyon.creatis.vip.application.server.dao.mysql.ApplicationDataInitializer.onStartup]: PROPAGATION_REQUIRED,ISOLATION_DEFAULT
15:18:17.094 [main] DEBUG org.springframework.jdbc.datasource.DataSourceTransactionManager - Acquired Connection [Lazy Connection proxy for target DataSource [org.springframework.jdbc.datasource.embedded.EmbeddedDatabaseFactory$EmbeddedDataSourceProxy@738e2734]] for JDBC transaction
15:18:17.094 [main] DEBUG org.springframework.jdbc.datasource.DataSourceTransactionManager - Switching JDBC Connection [Lazy Connection proxy for target DataSource [org.springframework.jdbc.datasource.embedded.EmbeddedDatabaseFactory$EmbeddedDataSourceProxy@738e2734]] to manual commit
15:18:17.094 [main] INFO fr.insalyon.creatis.vip.application.server.dao.mysql.ApplicationDataInitializer - Configuring VIP Application database.
15:18:17.094 [main] DEBUG org.springframework.jdbc.datasource.DataSourceTransactionManager - Participating in existing transaction
15:18:17.094 [main] DEBUG org.springframework.jdbc.datasource.SimpleDriverDataSource - Creating new JDBC Driver Connection to [jdbc:h2:mem:7d208e18-e9a4-4733-921c-135926200dc1;DB_CLOSE_DELAY=-1;DB_CLOSE_ON_EXIT=false]
15:18:17.095 [main] INFO fr.insalyon.creatis.vip.core.server.dao.mysql.TableInitializer - Table VIPEngines successfully created.
15:18:17.095 [main] DEBUG org.springframework.jdbc.datasource.DataSourceTransactionManager - Participating in existing transaction
15:18:17.095 [main] INFO fr.insalyon.creatis.vip.core.server.dao.mysql.TableInitializer - Table VIPClasses successfully created.
15:18:17.095 [main] DEBUG org.springframework.jdbc.datasource.DataSourceTransactionManager - Participating in existing transaction
15:18:17.097 [main] INFO fr.insalyon.creatis.vip.core.server.dao.mysql.TableInitializer - Table VIPClassesEngines successfully created.
15:18:17.097 [main] DEBUG org.springframework.jdbc.datasource.DataSourceTransactionManager - Participating in existing transaction
15:18:17.099 [main] INFO fr.insalyon.creatis.vip.core.server.dao.mysql.TableInitializer - Table VIPGroupsClasses successfully created.
15:18:17.099 [main] DEBUG org.springframework.jdbc.datasource.DataSourceTransactionManager - Participating in existing transaction
15:18:17.099 [main] INFO fr.insalyon.creatis.vip.core.server.dao.mysql.TableInitializer - Table VIPApplications successfully created.
15:18:17.099 [main] DEBUG org.springframework.jdbc.datasource.DataSourceTransactionManager - Participating in existing transaction
15:18:17.100 [main] INFO fr.insalyon.creatis.vip.core.server.dao.mysql.TableInitializer - Table VIPAppVersions successfully created.
15:18:17.100 [main] DEBUG org.springframework.jdbc.datasource.DataSourceTransactionManager - Participating in existing transaction
15:18:17.101 [main] INFO fr.insalyon.creatis.vip.core.server.dao.mysql.TableInitializer - Table VIPApplicationClasses successfully created.
15:18:17.101 [main] DEBUG org.springframework.jdbc.datasource.DataSourceTransactionManager - Participating in existing transaction
15:18:17.101 [main] INFO fr.insalyon.creatis.vip.core.server.dao.mysql.TableInitializer - Table VIPAppInputs successfully created.
15:18:17.101 [main] DEBUG org.springframework.jdbc.datasource.DataSourceTransactionManager - Participating in existing transaction
15:18:17.101 [main] INFO fr.insalyon.creatis.vip.core.server.dao.mysql.TableInitializer - Table VIPAppExamples successfully created.
15:18:17.101 [main] DEBUG org.springframework.jdbc.datasource.DataSourceTransactionManager - Initiating transaction commit
15:18:17.101 [main] DEBUG org.springframework.jdbc.datasource.DataSourceTransactionManager - Committing JDBC transaction on Connection [conn151: url=jdbc:h2:mem:7d208e18-e9a4-4733-921c-135926200dc1 user=SA]
15:18:17.102 [main] DEBUG org.springframework.jdbc.datasource.DataSourceTransactionManager - Releasing JDBC Connection [conn151: url=jdbc:h2:mem:7d208e18-e9a4-4733-921c-135926200dc1 user=SA] after transaction
15:18:17.102 [main] DEBUG org.springframework.jdbc.datasource.DataSourceTransactionManager - Creating new transaction with name [fr.insalyon.creatis.vip.datamanager.server.dao.mysql.DataManagerDataInitializer.onStartup]: PROPAGATION_REQUIRED,ISOLATION_DEFAULT
15:18:17.103 [main] DEBUG org.springframework.jdbc.datasource.DataSourceTransactionManager - Acquired Connection [Lazy Connection proxy for target DataSource [org.springframework.jdbc.datasource.embedded.EmbeddedDatabaseFactory$EmbeddedDataSourceProxy@738e2734]] for JDBC transaction
15:18:17.103 [main] DEBUG org.springframework.jdbc.datasource.DataSourceTransactionManager - Switching JDBC Connection [Lazy Connection proxy for target DataSource [org.springframework.jdbc.datasource.embedded.EmbeddedDatabaseFactory$EmbeddedDataSourceProxy@738e2734]] to manual commit
15:18:17.103 [main] INFO fr.insalyon.creatis.vip.datamanager.server.dao.mysql.DataManagerDataInitializer - Configuring VIP SSH database.
15:18:17.103 [main] DEBUG org.springframework.jdbc.datasource.DataSourceTransactionManager - Participating in existing transaction
15:18:17.104 [main] DEBUG org.springframework.jdbc.datasource.SimpleDriverDataSource - Creating new JDBC Driver Connection to [jdbc:h2:mem:7d208e18-e9a4-4733-921c-135926200dc1;DB_CLOSE_DELAY=-1;DB_CLOSE_ON_EXIT=false]
15:18:17.104 [main] INFO fr.insalyon.creatis.vip.core.server.dao.mysql.TableInitializer - Table VIPSSHAccounts successfully created.
15:18:17.104 [main] INFO fr.insalyon.creatis.vip.datamanager.server.dao.mysql.DataManagerDataInitializer - Configuring VIP External Platforms database.
15:18:17.104 [main] DEBUG org.springframework.jdbc.datasource.DataSourceTransactionManager - Participating in existing transaction
15:18:17.105 [main] INFO fr.insalyon.creatis.vip.core.server.dao.mysql.TableInitializer - Table VIPExternalPlatforms successfully created.
15:18:17.105 [main] INFO fr.insalyon.creatis.vip.datamanager.server.dao.mysql.DataManagerDataInitializer - Configuring VIP api keys database.
15:18:17.105 [main] DEBUG org.springframework.jdbc.datasource.DataSourceTransactionManager - Participating in existing transaction
15:18:17.105 [main] INFO fr.insalyon.creatis.vip.core.server.dao.mysql.TableInitializer - Table VIPApiKeys successfully created.
15:18:17.105 [main] DEBUG org.springframework.jdbc.datasource.DataSourceTransactionManager - Initiating transaction commit
15:18:17.105 [main] DEBUG org.springframework.jdbc.datasource.DataSourceTransactionManager - Committing JDBC transaction on Connection [conn152: url=jdbc:h2:mem:7d208e18-e9a4-4733-921c-135926200dc1 user=SA]
15:18:17.105 [main] DEBUG org.springframework.jdbc.datasource.DataSourceTransactionManager - Releasing JDBC Connection [conn152: url=jdbc:h2:mem:7d208e18-e9a4-4733-921c-135926200dc1 user=SA] after transaction
15:18:17.106 [main] DEBUG org.springframework.jdbc.datasource.DataSourceTransactionManager - Creating new transaction with name [fr.insalyon.creatis.vip.social.server.dao.mysql.MessagingDataInitializer.onStartup]: PROPAGATION_REQUIRED,ISOLATION_DEFAULT
15:18:17.106 [main] DEBUG org.springframework.jdbc.datasource.DataSourceTransactionManager - Acquired Connection [Lazy Connection proxy for target DataSource [org.springframework.jdbc.datasource.embedded.EmbeddedDatabaseFactory$EmbeddedDataSourceProxy@738e2734]] for JDBC transaction
15:18:17.106 [main] DEBUG org.springframework.jdbc.datasource.DataSourceTransactionManager - Switching JDBC Connection [Lazy Connection proxy for target DataSource [org.springframework.jdbc.datasource.embedded.EmbeddedDatabaseFactory$EmbeddedDataSourceProxy@738e2734]] to manual commit
15:18:17.106 [main] INFO fr.insalyon.creatis.vip.social.server.dao.mysql.MessagingDataInitializer - Configuring VIP Social database.
15:18:17.106 [main] DEBUG org.springframework.jdbc.datasource.DataSourceTransactionManager - Participating in existing transaction
15:18:17.107 [main] DEBUG org.springframework.jdbc.datasource.SimpleDriverDataSource - Creating new JDBC Driver Connection to [jdbc:h2:mem:7d208e18-e9a4-4733-921c-135926200dc1;DB_CLOSE_DELAY=-1;DB_CLOSE_ON_EXIT=false]
15:18:17.108 [main] INFO fr.insalyon.creatis.vip.core.server.dao.mysql.TableInitializer - Table VIPSocialMessage successfully created.
15:18:17.108 [main] DEBUG org.springframework.jdbc.datasource.DataSourceTransactionManager - Participating in existing transaction
15:18:17.109 [main] INFO fr.insalyon.creatis.vip.core.server.dao.mysql.TableInitializer - Table VIPSocialMessageSenderReceiver successfully created.
15:18:17.109 [main] DEBUG org.springframework.jdbc.datasource.DataSourceTransactionManager - Participating in existing transaction
15:18:17.109 [main] INFO fr.insalyon.creatis.vip.core.server.dao.mysql.TableInitializer - Table VIPSocialGroupMessage successfully created.
15:18:17.109 [main] DEBUG org.springframework.jdbc.datasource.DataSourceTransactionManager - Initiating transaction commit
15:18:17.109 [main] DEBUG org.springframework.jdbc.datasource.DataSourceTransactionManager - Committing JDBC transaction on Connection [conn153: url=jdbc:h2:mem:7d208e18-e9a4-4733-921c-135926200dc1 user=SA]
15:18:17.109 [main] DEBUG org.springframework.jdbc.datasource.DataSourceTransactionManager - Releasing JDBC Connection [conn153: url=jdbc:h2:mem:7d208e18-e9a4-4733-921c-135926200dc1 user=SA] after transaction
15:18:17.110 [main] DEBUG org.springframework.test.context.cache.DefaultCacheAwareContextLoaderDelegate - Storing ApplicationContext [1926600960] in cache under key [[MergedContextConfiguration@39e7d6fc testClass = ClassIT, locations = '{}', classes = '{class fr.insalyon.creatis.vip.core.server.SpringCoreConfig}', contextInitializerClasses = '[]', activeProfiles = '{test-db, test}', propertySourceLocations = '{}', propertySourceProperties = '{db.tableEngine=, vipConfigFolder=classpath:}', contextCustomizers = set[[empty]], contextLoader = 'org.springframework.test.context.support.DelegatingSmartContextLoader', parent = [null]]]
15:18:17.110 [main] DEBUG org.springframework.test.context.cache - Spring test ApplicationContext cache statistics: [DefaultContextCache@2fba07dc size = 1, maxSize = 32, parentContextCount = 0, hitCount = 201, missCount = 16]
15:18:17.111 [main] DEBUG org.springframework.test.context.cache.DefaultCacheAwareContextLoaderDelegate - Retrieved ApplicationContext [1926600960] from cache with key [[MergedContextConfiguration@39e7d6fc testClass = ClassIT, locations = '{}', classes = '{class fr.insalyon.creatis.vip.core.server.SpringCoreConfig}', contextInitializerClasses = '[]', activeProfiles = '{test-db, test}', propertySourceLocations = '{}', propertySourceProperties = '{db.tableEngine=, vipConfigFolder=classpath:}', contextCustomizers = set[[empty]], contextLoader = 'org.springframework.test.context.support.DelegatingSmartContextLoader', parent = [null]]]
15:18:17.111 [main] DEBUG org.springframework.test.context.cache - Spring test ApplicationContext cache statistics: [DefaultContextCache@2fba07dc size = 1, maxSize = 32, parentContextCount = 0, hitCount = 202, missCount = 16]
15:18:17.113 [main] DEBUG org.springframework.test.context.support.AbstractDirtiesContextTestExecutionListener - Before test method: context [DefaultTestContext@23803141 testClass = ClassIT, testInstance = fr.insalyon.creatis.vip.application.integrationtest.ClassIT@12ef6545, testMethod = testCatchUpdateClass@ClassIT, testException = [null], mergedContextConfiguration = [MergedContextConfiguration@39e7d6fc testClass = ClassIT, locations = '{}', classes = '{class fr.insalyon.creatis.vip.core.server.SpringCoreConfig}', contextInitializerClasses = '[]', activeProfiles = '{test-db, test}', propertySourceLocations = '{}', propertySourceProperties = '{db.tableEngine=, vipConfigFolder=classpath:}', contextCustomizers = set[[empty]], contextLoader = 'org.springframework.test.context.support.DelegatingSmartContextLoader', parent = [null]], attributes = map['org.springframework.test.context.event.ApplicationEventsTestExecutionListener.recordApplicationEvents' -> false]], class annotated with @DirtiesContext [true] with mode [AFTER_EACH_TEST_METHOD], method annotated with @DirtiesContext [false] with mode [null].
15:18:17.113 [main] DEBUG org.springframework.test.context.transaction.TransactionalTestExecutionListener - Explicit transaction definition [PROPAGATION_REQUIRED,ISOLATION_DEFAULT] found for test context [DefaultTestContext@23803141 testClass = ClassIT, testInstance = fr.insalyon.creatis.vip.application.integrationtest.ClassIT@12ef6545, testMethod = testCatchUpdateClass@ClassIT, testException = [null], mergedContextConfiguration = [MergedContextConfiguration@39e7d6fc testClass = ClassIT, locations = '{}', classes = '{class fr.insalyon.creatis.vip.core.server.SpringCoreConfig}', contextInitializerClasses = '[]', activeProfiles = '{test-db, test}', propertySourceLocations = '{}', propertySourceProperties = '{db.tableEngine=, vipConfigFolder=classpath:}', contextCustomizers = set[[empty]], contextLoader = 'org.springframework.test.context.support.DelegatingSmartContextLoader', parent = [null]], attributes = map['org.springframework.test.context.event.ApplicationEventsTestExecutionListener.recordApplicationEvents' -> false]]
15:18:17.113 [main] DEBUG org.springframework.test.context.cache.DefaultCacheAwareContextLoaderDelegate - Retrieved ApplicationContext [1926600960] from cache with key [[MergedContextConfiguration@39e7d6fc testClass = ClassIT, locations = '{}', classes = '{class fr.insalyon.creatis.vip.core.server.SpringCoreConfig}', contextInitializerClasses = '[]', activeProfiles = '{test-db, test}', propertySourceLocations = '{}', propertySourceProperties = '{db.tableEngine=, vipConfigFolder=classpath:}', contextCustomizers = set[[empty]], contextLoader = 'org.springframework.test.context.support.DelegatingSmartContextLoader', parent = [null]]]
15:18:17.113 [main] DEBUG org.springframework.test.context.cache - Spring test ApplicationContext cache statistics: [DefaultContextCache@2fba07dc size = 1, maxSize = 32, parentContextCount = 0, hitCount = 203, missCount = 16]
15:18:17.114 [main] DEBUG org.springframework.test.context.transaction.TransactionalTestExecutionListener - No method-level @Rollback override: using default rollback [true] for test context [DefaultTestContext@23803141 testClass = ClassIT, testInstance = fr.insalyon.creatis.vip.application.integrationtest.ClassIT@12ef6545, testMethod = testCatchUpdateClass@ClassIT, testException = [null], mergedContextConfiguration = [MergedContextConfiguration@39e7d6fc testClass = ClassIT, locations = '{}', classes = '{class fr.insalyon.creatis.vip.core.server.SpringCoreConfig}', contextInitializerClasses = '[]', activeProfiles = '{test-db, test}', propertySourceLocations = '{}', propertySourceProperties = '{db.tableEngine=, vipConfigFolder=classpath:}', contextCustomizers = set[[empty]], contextLoader = 'org.springframework.test.context.support.DelegatingSmartContextLoader', parent = [null]], attributes = map['org.springframework.test.context.event.ApplicationEventsTestExecutionListener.recordApplicationEvents' -> false]].
15:18:17.114 [main] DEBUG org.springframework.jdbc.datasource.DataSourceTransactionManager - Creating new transaction with name [fr.insalyon.creatis.vip.application.integrationtest.ClassIT.testCatchUpdateClass]: PROPAGATION_REQUIRED,ISOLATION_DEFAULT
15:18:17.114 [main] DEBUG org.springframework.jdbc.datasource.DataSourceTransactionManager - Acquired Connection [Lazy Connection proxy for target DataSource [org.springframework.jdbc.datasource.embedded.EmbeddedDatabaseFactory$EmbeddedDataSourceProxy@738e2734]] for JDBC transaction
15:18:17.114 [main] DEBUG org.springframework.jdbc.datasource.DataSourceTransactionManager - Switching JDBC Connection [Lazy Connection proxy for target DataSource [org.springframework.jdbc.datasource.embedded.EmbeddedDatabaseFactory$EmbeddedDataSourceProxy@738e2734]] to manual commit
15:18:17.114 [main] INFO org.springframework.test.context.transaction.TransactionContext - Began transaction (1) for test context [DefaultTestContext@23803141 testClass = ClassIT, testInstance = fr.insalyon.creatis.vip.application.integrationtest.ClassIT@12ef6545, testMethod = testCatchUpdateClass@ClassIT, testException = [null], mergedContextConfiguration = [MergedContextConfiguration@39e7d6fc testClass = ClassIT, locations = '{}', classes = '{class fr.insalyon.creatis.vip.core.server.SpringCoreConfig}', contextInitializerClasses = '[]', activeProfiles = '{test-db, test}', propertySourceLocations = '{}', propertySourceProperties = '{db.tableEngine=, vipConfigFolder=classpath:}', contextCustomizers = set[[empty]], contextLoader = 'org.springframework.test.context.support.DelegatingSmartContextLoader', parent = [null]], attributes = map['org.springframework.test.context.event.ApplicationEventsTestExecutionListener.recordApplicationEvents' -> false]]; transaction manager [org.springframework.jdbc.datasource.DataSourceTransactionManager@4a6bfb5b]; rollback [true]
15:18:17.115 [main] DEBUG org.springframework.test.context.cache.DefaultCacheAwareContextLoaderDelegate - Retrieved ApplicationContext [1926600960] from cache with key [[MergedContextConfiguration@39e7d6fc testClass = ClassIT, locations = '{}', classes = '{class fr.insalyon.creatis.vip.core.server.SpringCoreConfig}', contextInitializerClasses = '[]', activeProfiles = '{test-db, test}', propertySourceLocations = '{}', propertySourceProperties = '{db.tableEngine=, vipConfigFolder=classpath:}', contextCustomizers = set[[empty]], contextLoader = 'org.springframework.test.context.support.DelegatingSmartContextLoader', parent = [null]]]
15:18:17.115 [main] DEBUG org.springframework.test.context.cache - Spring test ApplicationContext cache statistics: [DefaultContextCache@2fba07dc size = 1, maxSize = 32, parentContextCount = 0, hitCount = 204, missCount = 16]
15:18:17.116 [main] DEBUG org.springframework.jdbc.datasource.DataSourceTransactionManager - Participating in existing transaction
15:18:17.116 [main] DEBUG org.springframework.jdbc.datasource.DataSourceTransactionManager - Participating in existing transaction
15:18:17.117 [main] DEBUG org.springframework.jdbc.datasource.SimpleDriverDataSource - Creating new JDBC Driver Connection to [jdbc:h2:mem:7d208e18-e9a4-4733-921c-135926200dc1;DB_CLOSE_DELAY=-1;DB_CLOSE_ON_EXIT=false]
15:18:17.117 [main] DEBUG org.springframework.jdbc.datasource.DataSourceTransactionManager - Participating in existing transaction
15:18:17.117 [main] DEBUG org.springframework.jdbc.datasource.DataSourceTransactionManager - Participating in existing transaction
15:18:17.117 [main] DEBUG org.springframework.jdbc.datasource.DataSourceTransactionManager - Participating in existing transaction
15:18:17.118 [main] DEBUG org.springframework.jdbc.datasource.DataSourceTransactionManager - Participating in existing transaction
15:18:17.118 [main] DEBUG org.springframework.test.context.cache.DefaultCacheAwareContextLoaderDelegate - Retrieved ApplicationContext [1926600960] from cache with key [[MergedContextConfiguration@39e7d6fc testClass = ClassIT, locations = '{}', classes = '{class fr.insalyon.creatis.vip.core.server.SpringCoreConfig}', contextInitializerClasses = '[]', activeProfiles = '{test-db, test}', propertySourceLocations = '{}', propertySourceProperties = '{db.tableEngine=, vipConfigFolder=classpath:}', contextCustomizers = set[[empty]], contextLoader = 'org.springframework.test.context.support.DelegatingSmartContextLoader', parent = [null]]]
15:18:17.118 [main] DEBUG org.springframework.test.context.cache - Spring test ApplicationContext cache statistics: [DefaultContextCache@2fba07dc size = 1, maxSize = 32, parentContextCount = 0, hitCount = 205, missCount = 16]
15:18:17.118 [main] DEBUG org.springframework.jdbc.datasource.DataSourceTransactionManager - Participating in existing transaction
15:18:17.118 [main] DEBUG org.springframework.jdbc.datasource.DataSourceTransactionManager - Participating in existing transaction
15:18:17.118 [main] DEBUG org.springframework.jdbc.datasource.DataSourceTransactionManager - Participating in existing transaction
15:18:17.118 [main] DEBUG org.springframework.jdbc.datasource.DataSourceTransactionManager - Participating in existing transaction
15:18:17.119 [main] DEBUG org.springframework.jdbc.datasource.DataSourceTransactionManager - Participating in existing transaction
15:18:17.119 [main] DEBUG org.springframework.jdbc.datasource.DataSourceTransactionManager - Participating in existing transaction
15:18:17.119 [main] DEBUG org.springframework.jdbc.datasource.DataSourceTransactionManager - Participating in existing transaction
15:18:17.119 [main] DEBUG org.springframework.jdbc.datasource.DataSourceTransactionManager - Participating in existing transaction
15:18:17.119 [main] DEBUG org.springframework.test.context.cache.DefaultCacheAwareContextLoaderDelegate - Retrieved ApplicationContext [1926600960] from cache with key [[MergedContextConfiguration@39e7d6fc testClass = ClassIT, locations = '{}', classes = '{class fr.insalyon.creatis.vip.core.server.SpringCoreConfig}', contextInitializerClasses = '[]', activeProfiles = '{test-db, test}', propertySourceLocations = '{}', propertySourceProperties = '{db.tableEngine=, vipConfigFolder=classpath:}', contextCustomizers = set[[empty]], contextLoader = 'org.springframework.test.context.support.DelegatingSmartContextLoader', parent = [null]]]
15:18:17.119 [main] DEBUG org.springframework.test.context.cache - Spring test ApplicationContext cache statistics: [DefaultContextCache@2fba07dc size = 1, maxSize = 32, parentContextCount = 0, hitCount = 206, missCount = 16]
15:18:17.120 [main] DEBUG org.springframework.test.context.cache.DefaultCacheAwareContextLoaderDelegate - Retrieved ApplicationContext [1926600960] from cache with key [[MergedContextConfiguration@39e7d6fc testClass = ClassIT, locations = '{}', classes = '{class fr.insalyon.creatis.vip.core.server.SpringCoreConfig}', contextInitializerClasses = '[]', activeProfiles = '{test-db, test}', propertySourceLocations = '{}', propertySourceProperties = '{db.tableEngine=, vipConfigFolder=classpath:}', contextCustomizers = set[[empty]], contextLoader = 'org.springframework.test.context.support.DelegatingSmartContextLoader', parent = [null]]]
15:18:17.120 [main] DEBUG org.springframework.test.context.cache - Spring test ApplicationContext cache statistics: [DefaultContextCache@2fba07dc size = 1, maxSize = 32, parentContextCount = 0, hitCount = 207, missCount = 16]
15:18:17.120 [main] DEBUG org.springframework.jdbc.datasource.DataSourceTransactionManager - Initiating transaction rollback
15:18:17.120 [main] DEBUG org.springframework.jdbc.datasource.DataSourceTransactionManager - Rolling back JDBC transaction on Connection [conn154: url=jdbc:h2:mem:7d208e18-e9a4-4733-921c-135926200dc1 user=SA]
15:18:17.120 [main] DEBUG org.springframework.jdbc.datasource.DataSourceTransactionManager - Releasing JDBC Connection [conn154: url=jdbc:h2:mem:7d208e18-e9a4-4733-921c-135926200dc1 user=SA] after transaction
15:18:17.120 [main] INFO org.springframework.test.context.transaction.TransactionContext - Rolled back transaction for test: [DefaultTestContext@23803141 testClass = ClassIT, testInstance = fr.insalyon.creatis.vip.application.integrationtest.ClassIT@12ef6545, testMethod = testCatchUpdateClass@ClassIT, testException = [null], mergedContextConfiguration = [MergedContextConfiguration@39e7d6fc testClass = ClassIT, locations = '{}', classes = '{class fr.insalyon.creatis.vip.core.server.SpringCoreConfig}', contextInitializerClasses = '[]', activeProfiles = '{test-db, test}', propertySourceLocations = '{}', propertySourceProperties = '{db.tableEngine=, vipConfigFolder=classpath:}', contextCustomizers = set[[empty]], contextLoader = 'org.springframework.test.context.support.DelegatingSmartContextLoader', parent = [null]], attributes = map['org.springframework.test.context.event.ApplicationEventsTestExecutionListener.recordApplicationEvents' -> false]]
15:18:17.120 [main] DEBUG org.springframework.test.context.support.AbstractDirtiesContextTestExecutionListener - After test method: context [DefaultTestContext@23803141 testClass = ClassIT, testInstance = fr.insalyon.creatis.vip.application.integrationtest.ClassIT@12ef6545, testMethod = testCatchUpdateClass@ClassIT, testException = [null], mergedContextConfiguration = [MergedContextConfiguration@39e7d6fc testClass = ClassIT, locations = '{}', classes = '{class fr.insalyon.creatis.vip.core.server.SpringCoreConfig}', contextInitializerClasses = '[]', activeProfiles = '{test-db, test}', propertySourceLocations = '{}', propertySourceProperties = '{db.tableEngine=, vipConfigFolder=classpath:}', contextCustomizers = set[[empty]], contextLoader = 'org.springframework.test.context.support.DelegatingSmartContextLoader', parent = [null]], attributes = map['org.springframework.test.context.event.ApplicationEventsTestExecutionListener.recordApplicationEvents' -> false]], class annotated with @DirtiesContext [true] with mode [AFTER_EACH_TEST_METHOD], method annotated with @DirtiesContext [false] with mode [null].
15:18:17.120 [main] DEBUG org.springframework.context.support.GenericApplicationContext - Closing org.springframework.context.support.GenericApplicationContext@72d59900, started on Tue Jul 11 15:18:16 CEST 2023
15:18:17.122 [main] INFO org.springframework.jdbc.datasource.embedded.EmbeddedDatabaseFactory - Shutting down embedded database: url='jdbc:h2:mem:7d208e18-e9a4-4733-921c-135926200dc1;DB_CLOSE_DELAY=-1;DB_CLOSE_ON_EXIT=false'
15:18:17.122 [main] DEBUG org.springframework.jdbc.datasource.SimpleDriverDataSource - Creating new JDBC Driver Connection to [jdbc:h2:mem:7d208e18-e9a4-4733-921c-135926200dc1;DB_CLOSE_DELAY=-1;DB_CLOSE_ON_EXIT=false]
]]></system-out>
  </testcase>
  <testcase name="testInitialization" classname="fr.insalyon.creatis.vip.application.integrationtest.ClassIT" time="0.01">
    <system-out><![CDATA[15:18:17.123 [main] DEBUG org.springframework.test.context.support.DependencyInjectionTestExecutionListener - Performing dependency injection for test context [[DefaultTestContext@23803141 testClass = ClassIT, testInstance = fr.insalyon.creatis.vip.application.integrationtest.ClassIT@6df7e8a5, testMethod = [null], testException = [null], mergedContextConfiguration = [MergedContextConfiguration@39e7d6fc testClass = ClassIT, locations = '{}', classes = '{class fr.insalyon.creatis.vip.core.server.SpringCoreConfig}', contextInitializerClasses = '[]', activeProfiles = '{test-db, test}', propertySourceLocations = '{}', propertySourceProperties = '{db.tableEngine=, vipConfigFolder=classpath:}', contextCustomizers = set[[empty]], contextLoader = 'org.springframework.test.context.support.DelegatingSmartContextLoader', parent = [null]], attributes = map['org.springframework.test.context.event.ApplicationEventsTestExecutionListener.recordApplicationEvents' -> false, 'org.springframework.test.context.support.DependencyInjectionTestExecutionListener.reinjectDependencies' -> true]]].
15:18:17.123 [main] DEBUG org.springframework.test.context.support.AbstractDelegatingSmartContextLoader - Delegating to AnnotationConfigContextLoader to load context from [MergedContextConfiguration@39e7d6fc testClass = ClassIT, locations = '{}', classes = '{class fr.insalyon.creatis.vip.core.server.SpringCoreConfig}', contextInitializerClasses = '[]', activeProfiles = '{test-db, test}', propertySourceLocations = '{}', propertySourceProperties = '{db.tableEngine=, vipConfigFolder=classpath:}', contextCustomizers = set[[empty]], contextLoader = 'org.springframework.test.context.support.DelegatingSmartContextLoader', parent = [null]].
15:18:17.123 [main] DEBUG org.springframework.test.context.support.AbstractGenericContextLoader - Loading ApplicationContext for merged context configuration [[MergedContextConfiguration@39e7d6fc testClass = ClassIT, locations = '{}', classes = '{class fr.insalyon.creatis.vip.core.server.SpringCoreConfig}', contextInitializerClasses = '[]', activeProfiles = '{test-db, test}', propertySourceLocations = '{}', propertySourceProperties = '{db.tableEngine=, vipConfigFolder=classpath:}', contextCustomizers = set[[empty]], contextLoader = 'org.springframework.test.context.support.DelegatingSmartContextLoader', parent = [null]]].
15:18:17.123 [main] DEBUG org.springframework.core.env.StandardEnvironment - Activating profiles [test-db, test]
15:18:17.123 [main] DEBUG org.springframework.test.context.support.TestPropertySourceUtils - Adding inlined properties to environment: {db.tableEngine=, vipConfigFolder=classpath:}
15:18:17.123 [main] DEBUG org.springframework.test.context.support.AnnotationConfigContextLoader - Registering component classes: {class fr.insalyon.creatis.vip.core.server.SpringCoreConfig}
15:18:17.124 [main] DEBUG org.springframework.context.support.GenericApplicationContext - Refreshing org.springframework.context.support.GenericApplicationContext@4beb4802
15:18:17.124 [main] DEBUG org.springframework.beans.factory.support.DefaultListableBeanFactory - Creating shared instance of singleton bean 'org.springframework.context.annotation.internalConfigurationAnnotationProcessor'
15:18:17.132 [main] DEBUG org.springframework.context.annotation.ClassPathBeanDefinitionScanner - Identified candidate component class: file [/home/marza/Documents/VIP-portal/vip-application/target/test-classes/fr/insalyon/creatis/vip/application/integrationtest/SpringApplicationTestConfig.class]
15:18:17.139 [main] DEBUG org.springframework.context.annotation.ClassPathBeanDefinitionScanner - Identified candidate component class: URL [jar:file:/home/marza/Documents/VIP-portal/vip-application/target/vip-application-2.4.1.jar!/fr/insalyon/creatis/vip/application/server/business/EngineBusiness.class]
15:18:17.139 [main] DEBUG org.springframework.context.annotation.ClassPathBeanDefinitionScanner - Identified candidate component class: URL [jar:file:/home/marza/Documents/VIP-portal/vip-application/target/vip-application-2.4.1.jar!/fr/insalyon/creatis/vip/application/server/business/simulation/parser/InputParser.class]
15:18:17.139 [main] DEBUG org.springframework.context.annotation.ClassPathBeanDefinitionScanner - Identified candidate component class: URL [jar:file:/home/marza/Documents/VIP-portal/vip-application/target/vip-application-2.4.1.jar!/fr/insalyon/creatis/vip/application/server/business/simulation/parser/ScuflParser.class]
15:18:17.140 [main] DEBUG org.springframework.context.annotation.ClassPathBeanDefinitionScanner - Identified candidate component class: URL [jar:file:/home/marza/Documents/VIP-portal/vip-application/target/vip-application-2.4.1.jar!/fr/insalyon/creatis/vip/application/server/business/simulation/parser/GwendiaParser.class]
15:18:17.140 [main] DEBUG org.springframework.context.annotation.ClassPathBeanDefinitionScanner - Identified candidate component class: URL [jar:file:/home/marza/Documents/VIP-portal/vip-application/target/vip-application-2.4.1.jar!/fr/insalyon/creatis/vip/application/server/business/BoutiquesBusiness.class]
15:18:17.140 [main] DEBUG org.springframework.context.annotation.ClassPathBeanDefinitionScanner - Identified candidate component class: URL [jar:file:/home/marza/Documents/VIP-portal/vip-application/target/vip-application-2.4.1.jar!/fr/insalyon/creatis/vip/application/server/dao/hibernate/SimulationStatsData.class]
15:18:17.140 [main] DEBUG org.springframework.context.annotation.ClassPathBeanDefinitionScanner - Identified candidate component class: URL [jar:file:/home/marza/Documents/VIP-portal/vip-application/target/vip-application-2.4.1.jar!/fr/insalyon/creatis/vip/application/server/dao/mysql/ApplicationData.class]
15:18:17.145 [main] DEBUG org.springframework.context.annotation.ClassPathBeanDefinitionScanner - Identified candidate component class: URL [jar:file:/home/marza/Documents/VIP-portal/vip-application/target/vip-application-2.4.1.jar!/fr/insalyon/creatis/vip/application/server/business/InputBusiness.class]
15:18:17.146 [main] DEBUG org.springframework.context.annotation.ClassPathBeanDefinitionScanner - Identified candidate component class: URL [jar:file:/home/marza/Documents/VIP-portal/vip-application/target/vip-application-2.4.1.jar!/fr/insalyon/creatis/vip/application/server/business/SimulationBusiness.class]
15:18:17.149 [main] DEBUG org.springframework.context.annotation.ClassPathBeanDefinitionScanner - Identified candidate component class: URL [jar:file:/home/marza/Documents/VIP-portal/vip-application/target/vip-application-2.4.1.jar!/fr/insalyon/creatis/vip/application/server/business/WorkflowExecutionBusiness.class]
15:18:17.149 [main] DEBUG org.springframework.context.annotation.ClassPathBeanDefinitionScanner - Identified candidate component class: URL [jar:file:/home/marza/Documents/VIP-portal/vip-application/target/vip-application-2.4.1.jar!/fr/insalyon/creatis/vip/application/server/business/ApplicationBusiness.class]
15:18:17.149 [main] DEBUG org.springframework.context.annotation.ClassPathBeanDefinitionScanner - Identified candidate component class: URL [jar:file:/home/marza/Documents/VIP-portal/vip-application/target/vip-application-2.4.1.jar!/fr/insalyon/creatis/vip/application/server/business/ClassBusiness.class]
15:18:17.149 [main] DEBUG org.springframework.context.annotation.ClassPathBeanDefinitionScanner - Identified candidate component class: URL [jar:file:/home/marza/Documents/VIP-portal/vip-application/target/vip-application-2.4.1.jar!/fr/insalyon/creatis/vip/application/server/dao/mysql/EngineData.class]
15:18:17.149 [main] DEBUG org.springframework.context.annotation.ClassPathBeanDefinitionScanner - Identified candidate component class: URL [jar:file:/home/marza/Documents/VIP-portal/vip-application/target/vip-application-2.4.1.jar!/fr/insalyon/creatis/vip/application/server/dao/mysql/ApplicationDataInitializer.class]
15:18:17.150 [main] DEBUG org.springframework.context.annotation.ClassPathBeanDefinitionScanner - Identified candidate component class: URL [jar:file:/home/marza/Documents/VIP-portal/vip-application/target/vip-application-2.4.1.jar!/fr/insalyon/creatis/vip/application/server/dao/mysql/ApplicationInputData.class]
15:18:17.150 [main] DEBUG org.springframework.context.annotation.ClassPathBeanDefinitionScanner - Identified candidate component class: URL [jar:file:/home/marza/Documents/VIP-portal/vip-application/target/vip-application-2.4.1.jar!/fr/insalyon/creatis/vip/application/server/dao/h2/ExecutionNodeData.class]
15:18:17.151 [main] DEBUG org.springframework.context.annotation.ClassPathBeanDefinitionScanner - Identified candidate component class: URL [jar:file:/home/marza/Documents/VIP-portal/vip-application/target/vip-application-2.4.1.jar!/fr/insalyon/creatis/vip/application/server/business/simulation/parser/InputM2Parser.class]
15:18:17.152 [main] DEBUG org.springframework.context.annotation.ClassPathBeanDefinitionScanner - Identified candidate component class: URL [jar:file:/home/marza/Documents/VIP-portal/vip-application/target/vip-application-2.4.1.jar!/fr/insalyon/creatis/vip/application/server/business/simulation/WebServiceEngine.class]
15:18:17.152 [main] DEBUG org.springframework.context.annotation.ClassPathBeanDefinitionScanner - Identified candidate component class: URL [jar:file:/home/marza/Documents/VIP-portal/vip-application/target/vip-application-2.4.1.jar!/fr/insalyon/creatis/vip/application/server/business/WorkflowBusiness.class]
15:18:17.152 [main] DEBUG org.springframework.context.annotation.ClassPathBeanDefinitionScanner - Identified candidate component class: URL [jar:file:/home/marza/Documents/VIP-portal/vip-application/target/vip-application-2.4.1.jar!/fr/insalyon/creatis/vip/application/server/dao/mysql/ClassData.class]
15:18:17.152 [main] DEBUG org.springframework.context.annotation.ClassPathBeanDefinitionScanner - Identified candidate component class: URL [jar:file:/home/marza/Documents/VIP-portal/vip-application/target/vip-application-2.4.1.jar!/fr/insalyon/creatis/vip/application/server/dao/h2/SimulationData.class]
15:18:17.159 [main] DEBUG org.springframework.context.annotation.ClassPathBeanDefinitionScanner - Identified candidate component class: URL [jar:file:/home/marza/Documents/VIP-portal/vip-core/target/vip-core-2.4.1.jar!/fr/insalyon/creatis/vip/core/server/dao/mysql/UsersGroupsData.class]
15:18:17.161 [main] DEBUG org.springframework.context.annotation.ClassPathBeanDefinitionScanner - Identified candidate component class: URL [jar:file:/home/marza/Documents/VIP-portal/vip-core/target/vip-core-2.4.1.jar!/fr/insalyon/creatis/vip/core/server/business/StatsBusiness.class]
15:18:17.161 [main] DEBUG org.springframework.context.annotation.ClassPathBeanDefinitionScanner - Identified candidate component class: URL [jar:file:/home/marza/Documents/VIP-portal/vip-core/target/vip-core-2.4.1.jar!/fr/insalyon/creatis/vip/core/server/business/VipSessionBusiness.class]
15:18:17.162 [main] DEBUG org.springframework.context.annotation.ClassPathBeanDefinitionScanner - Identified candidate component class: URL [jar:file:/home/marza/Documents/VIP-portal/vip-core/target/vip-core-2.4.1.jar!/fr/insalyon/creatis/vip/core/server/DataSourceConfig.class]
15:18:17.162 [main] DEBUG org.springframework.context.annotation.ClassPathBeanDefinitionScanner - Identified candidate component class: URL [jar:file:/home/marza/Documents/VIP-portal/vip-core/target/vip-core-2.4.1.jar!/fr/insalyon/creatis/vip/core/server/dao/mysql/TermsUseData.class]
15:18:17.162 [main] DEBUG org.springframework.context.annotation.ClassPathBeanDefinitionScanner - Identified candidate component class: URL [jar:file:/home/marza/Documents/VIP-portal/vip-core/target/vip-core-2.4.1.jar!/fr/insalyon/creatis/vip/core/server/dao/mysql/CoreDataInitializer.class]
15:18:17.162 [main] DEBUG org.springframework.context.annotation.ClassPathBeanDefinitionScanner - Identified candidate component class: URL [jar:file:/home/marza/Documents/VIP-portal/vip-core/target/vip-core-2.4.1.jar!/fr/insalyon/creatis/vip/core/server/dao/mysql/GroupData.class]
15:18:17.166 [main] DEBUG org.springframework.context.annotation.ClassPathBeanDefinitionScanner - Identified candidate component class: URL [jar:file:/home/marza/Documents/VIP-portal/vip-core/target/vip-core-2.4.1.jar!/fr/insalyon/creatis/vip/core/server/business/EmailBusiness.class]
15:18:17.166 [main] DEBUG org.springframework.context.annotation.ClassPathBeanDefinitionScanner - Identified candidate component class: URL [jar:file:/home/marza/Documents/VIP-portal/vip-core/target/vip-core-2.4.1.jar!/fr/insalyon/creatis/vip/core/server/business/proxy/ProxyClient.class]
15:18:17.166 [main] DEBUG org.springframework.context.annotation.ClassPathBeanDefinitionScanner - Identified candidate component class: URL [jar:file:/home/marza/Documents/VIP-portal/vip-core/target/vip-core-2.4.1.jar!/fr/insalyon/creatis/vip/core/server/business/ConfigurationBusiness.class]
15:18:17.167 [main] DEBUG org.springframework.context.annotation.ClassPathBeanDefinitionScanner - Identified candidate component class: URL [jar:file:/home/marza/Documents/VIP-portal/vip-core/target/vip-core-2.4.1.jar!/fr/insalyon/creatis/vip/core/server/dao/mysql/TableInitializer.class]
15:18:17.167 [main] DEBUG org.springframework.context.annotation.ClassPathBeanDefinitionScanner - Identified candidate component class: URL [jar:file:/home/marza/Documents/VIP-portal/vip-core/target/vip-core-2.4.1.jar!/fr/insalyon/creatis/vip/core/server/dao/mysql/UserData.class]
15:18:17.173 [main] DEBUG org.springframework.context.annotation.ClassPathBeanDefinitionScanner - Identified candidate component class: URL [jar:file:/home/marza/Documents/VIP-portal/vip-datamanagement/target/vip-datamanager-2.4.1.jar!/fr/insalyon/creatis/vip/datamanager/server/business/LfcPathsBusiness.class]
15:18:17.174 [main] DEBUG org.springframework.context.annotation.ClassPathBeanDefinitionScanner - Identified candidate component class: URL [jar:file:/home/marza/Documents/VIP-portal/vip-datamanagement/target/vip-datamanager-2.4.1.jar!/fr/insalyon/creatis/vip/datamanager/server/business/ExternalPlatformBusiness.class]
15:18:17.174 [main] DEBUG org.springframework.context.annotation.ClassPathBeanDefinitionScanner - Identified candidate component class: URL [jar:file:/home/marza/Documents/VIP-portal/vip-datamanagement/target/vip-datamanager-2.4.1.jar!/fr/insalyon/creatis/vip/datamanager/server/business/GirderStorageBusiness.class]
15:18:17.174 [main] DEBUG org.springframework.context.annotation.ClassPathBeanDefinitionScanner - Identified candidate component class: URL [jar:file:/home/marza/Documents/VIP-portal/vip-datamanagement/target/vip-datamanager-2.4.1.jar!/fr/insalyon/creatis/vip/datamanager/server/business/DataManagerBusiness.class]
15:18:17.174 [main] DEBUG org.springframework.context.annotation.ClassPathBeanDefinitionScanner - Identified candidate component class: URL [jar:file:/home/marza/Documents/VIP-portal/vip-datamanagement/target/vip-datamanager-2.4.1.jar!/fr/insalyon/creatis/vip/datamanager/server/business/ApiKeyBusiness.class]
15:18:17.174 [main] DEBUG org.springframework.context.annotation.ClassPathBeanDefinitionScanner - Identified candidate component class: URL [jar:file:/home/marza/Documents/VIP-portal/vip-datamanagement/target/vip-datamanager-2.4.1.jar!/fr/insalyon/creatis/vip/datamanager/server/business/ShanoirStorageBusiness.class]
15:18:17.174 [main] DEBUG org.springframework.context.annotation.ClassPathBeanDefinitionScanner - Identified candidate component class: URL [jar:file:/home/marza/Documents/VIP-portal/vip-datamanagement/target/vip-datamanager-2.4.1.jar!/fr/insalyon/creatis/vip/datamanager/server/business/TransferPoolBusiness.class]
15:18:17.174 [main] DEBUG org.springframework.context.annotation.ClassPathBeanDefinitionScanner - Identified candidate component class: URL [jar:file:/home/marza/Documents/VIP-portal/vip-datamanagement/target/vip-datamanager-2.4.1.jar!/fr/insalyon/creatis/vip/datamanager/server/business/LFCBusiness.class]
15:18:17.174 [main] DEBUG org.springframework.context.annotation.ClassPathBeanDefinitionScanner - Identified candidate component class: URL [jar:file:/home/marza/Documents/VIP-portal/vip-datamanagement/target/vip-datamanager-2.4.1.jar!/fr/insalyon/creatis/vip/datamanager/server/business/LFCPermissionBusiness.class]
15:18:17.175 [main] DEBUG org.springframework.context.annotation.ClassPathBeanDefinitionScanner - Identified candidate component class: URL [jar:file:/home/marza/Documents/VIP-portal/vip-datamanagement/target/vip-datamanager-2.4.1.jar!/fr/insalyon/creatis/vip/datamanager/server/dao/mysql/SSHData.class]
15:18:17.175 [main] DEBUG org.springframework.context.annotation.ClassPathBeanDefinitionScanner - Identified candidate component class: URL [jar:file:/home/marza/Documents/VIP-portal/vip-datamanagement/target/vip-datamanager-2.4.1.jar!/fr/insalyon/creatis/vip/datamanager/server/dao/mysql/ApiKeysData.class]
15:18:17.175 [main] DEBUG org.springframework.context.annotation.ClassPathBeanDefinitionScanner - Identified candidate component class: URL [jar:file:/home/marza/Documents/VIP-portal/vip-datamanagement/target/vip-datamanager-2.4.1.jar!/fr/insalyon/creatis/vip/datamanager/server/dao/mysql/ExternalPlatformData.class]
15:18:17.175 [main] DEBUG org.springframework.context.annotation.ClassPathBeanDefinitionScanner - Identified candidate component class: URL [jar:file:/home/marza/Documents/VIP-portal/vip-datamanagement/target/vip-datamanager-2.4.1.jar!/fr/insalyon/creatis/vip/datamanager/server/dao/mysql/DataManagerDataInitializer.class]
15:18:17.179 [main] DEBUG org.springframework.context.annotation.ClassPathBeanDefinitionScanner - Identified candidate component class: URL [jar:file:/home/marza/Documents/VIP-portal/vip-social/target/vip-social-2.4.1.jar!/fr/insalyon/creatis/vip/social/server/business/MessageBusiness.class]
15:18:17.179 [main] DEBUG org.springframework.context.annotation.ClassPathBeanDefinitionScanner - Identified candidate component class: URL [jar:file:/home/marza/Documents/VIP-portal/vip-social/target/vip-social-2.4.1.jar!/fr/insalyon/creatis/vip/social/server/dao/mysql/MessageData.class]
15:18:17.180 [main] DEBUG org.springframework.context.annotation.ClassPathBeanDefinitionScanner - Identified candidate component class: URL [jar:file:/home/marza/Documents/VIP-portal/vip-social/target/vip-social-2.4.1.jar!/fr/insalyon/creatis/vip/social/server/dao/mysql/MessagingDataInitializer.class]
15:18:17.180 [main] DEBUG org.springframework.context.annotation.ClassPathBeanDefinitionScanner - Identified candidate component class: URL [jar:file:/home/marza/Documents/VIP-portal/vip-social/target/vip-social-2.4.1.jar!/fr/insalyon/creatis/vip/social/server/dao/mysql/GroupMessageData.class]
15:18:17.180 [main] DEBUG org.springframework.context.annotation.ClassPathBeanDefinitionScanner - Identified candidate component class: URL [jar:file:/home/marza/Documents/VIP-portal/vip-core/target/vip-core-2.4.1-tests.jar!/fr/insalyon/creatis/vip/core/integrationtest/TestDataSourceSpringConfig.class]
15:18:17.180 [main] DEBUG org.springframework.context.annotation.ClassPathBeanDefinitionScanner - Identified candidate component class: URL [jar:file:/home/marza/Documents/VIP-portal/vip-core/target/vip-core-2.4.1-tests.jar!/fr/insalyon/creatis/vip/core/integrationtest/SpingTestConfig.class]
15:18:17.181 [main] DEBUG org.springframework.context.annotation.ClassPathBeanDefinitionScanner - Identified candidate component class: URL [jar:file:/home/marza/Documents/VIP-portal/vip-core/target/vip-core-2.4.1-tests.jar!/fr/insalyon/creatis/vip/core/integrationtest/ServerMockConfig.class]
15:18:17.198 [main] DEBUG org.springframework.beans.factory.support.DefaultListableBeanFactory - Creating shared instance of singleton bean 'properties'
15:18:17.198 [main] DEBUG org.springframework.beans.factory.support.DefaultListableBeanFactory - Creating shared instance of singleton bean 'org.springframework.context.event.internalEventListenerProcessor'
15:18:17.199 [main] DEBUG org.springframework.beans.factory.support.DefaultListableBeanFactory - Creating shared instance of singleton bean 'org.springframework.context.event.internalEventListenerFactory'
15:18:17.199 [main] DEBUG org.springframework.beans.factory.support.DefaultListableBeanFactory - Creating shared instance of singleton bean 'org.springframework.transaction.config.internalTransactionalEventListenerFactory'
15:18:17.199 [main] DEBUG org.springframework.beans.factory.support.DefaultListableBeanFactory - Creating shared instance of singleton bean 'org.springframework.context.annotation.internalAutowiredAnnotationProcessor'
15:18:17.200 [main] DEBUG org.springframework.beans.factory.support.DefaultListableBeanFactory - Creating shared instance of singleton bean 'org.springframework.context.annotation.internalCommonAnnotationProcessor'
15:18:17.200 [main] DEBUG org.springframework.beans.factory.support.DefaultListableBeanFactory - Creating shared instance of singleton bean 'org.springframework.aop.config.internalAutoProxyCreator'
15:18:17.201 [main] DEBUG org.springframework.beans.factory.support.DefaultListableBeanFactory - Creating shared instance of singleton bean 'conversionService'
15:18:17.201 [main] DEBUG org.springframework.beans.factory.support.DefaultListableBeanFactory - Creating shared instance of singleton bean 'org.springframework.transaction.config.internalTransactionAdvisor'
15:18:17.202 [main] DEBUG org.springframework.beans.factory.support.DefaultListableBeanFactory - Creating shared instance of singleton bean 'org.springframework.transaction.annotation.ProxyTransactionManagementConfiguration'
15:18:17.203 [main] DEBUG org.springframework.beans.factory.support.DefaultListableBeanFactory - Creating shared instance of singleton bean 'transactionAttributeSource'
15:18:17.203 [main] DEBUG org.springframework.beans.factory.support.DefaultListableBeanFactory - Creating shared instance of singleton bean 'transactionInterceptor'
15:18:17.203 [main] DEBUG org.springframework.beans.factory.support.DefaultListableBeanFactory - Autowiring by type from bean name 'transactionInterceptor' via factory method to bean named 'transactionAttributeSource'
15:18:17.204 [main] DEBUG org.springframework.beans.factory.support.DefaultListableBeanFactory - Autowiring by type from bean name 'org.springframework.transaction.config.internalTransactionAdvisor' via factory method to bean named 'transactionAttributeSource'
15:18:17.204 [main] DEBUG org.springframework.beans.factory.support.DefaultListableBeanFactory - Autowiring by type from bean name 'org.springframework.transaction.config.internalTransactionAdvisor' via factory method to bean named 'transactionInterceptor'
15:18:17.204 [main] DEBUG org.springframework.beans.factory.support.DefaultListableBeanFactory - Creating shared instance of singleton bean 'springCoreConfig'
15:18:17.205 [main] DEBUG org.springframework.beans.factory.support.DefaultListableBeanFactory - Creating shared instance of singleton bean 'springApplicationTestConfig'
15:18:17.205 [main] DEBUG org.springframework.beans.factory.support.DefaultListableBeanFactory - Creating shared instance of singleton bean 'engineBusiness'
15:18:17.206 [main] DEBUG org.springframework.beans.factory.support.DefaultListableBeanFactory - Creating shared instance of singleton bean 'engineData'
15:18:17.207 [main] DEBUG org.springframework.beans.factory.support.DefaultListableBeanFactory - Creating shared instance of singleton bean 'lazyDataSource'
15:18:17.207 [main] DEBUG org.springframework.beans.factory.support.DefaultListableBeanFactory - Creating shared instance of singleton bean 'testDataSource'
15:18:17.207 [main] DEBUG org.springframework.beans.factory.support.DefaultListableBeanFactory - Creating shared instance of singleton bean 'testDataSourceSpringConfig'
15:18:17.208 [main] INFO org.springframework.jdbc.datasource.embedded.EmbeddedDatabaseFactory - Starting embedded database: url='jdbc:h2:mem:475a64a9-a099-4585-b375-b58eb15da6ef;DB_CLOSE_DELAY=-1;DB_CLOSE_ON_EXIT=false', username='sa'
15:18:17.208 [main] DEBUG org.springframework.jdbc.datasource.DataSourceUtils - Fetching JDBC Connection from DataSource
15:18:17.208 [main] DEBUG org.springframework.jdbc.datasource.SimpleDriverDataSource - Creating new JDBC Driver Connection to [jdbc:h2:mem:475a64a9-a099-4585-b375-b58eb15da6ef;DB_CLOSE_DELAY=-1;DB_CLOSE_ON_EXIT=false]
15:18:17.210 [main] DEBUG org.springframework.beans.factory.support.DefaultListableBeanFactory - Autowiring by type from bean name 'lazyDataSource' via factory method to bean named 'testDataSource'
15:18:17.211 [main] DEBUG org.springframework.jdbc.datasource.SimpleDriverDataSource - Creating new JDBC Driver Connection to [jdbc:h2:mem:475a64a9-a099-4585-b375-b58eb15da6ef;DB_CLOSE_DELAY=-1;DB_CLOSE_ON_EXIT=false]
15:18:17.213 [main] DEBUG org.springframework.beans.factory.support.DefaultListableBeanFactory - Autowiring by type from bean name 'engineBusiness' via constructor to bean named 'engineData'
15:18:17.214 [main] DEBUG org.springframework.beans.factory.support.DefaultListableBeanFactory - Creating shared instance of singleton bean 'boutiquesBusiness'
15:18:17.214 [main] DEBUG org.springframework.beans.factory.support.DefaultListableBeanFactory - Creating shared instance of singleton bean 'testServer'
15:18:17.214 [main] DEBUG org.springframework.beans.factory.support.DefaultListableBeanFactory - Creating shared instance of singleton bean 'serverMockConfig'
15:18:17.217 [main] DEBUG org.springframework.beans.factory.support.DefaultListableBeanFactory - Creating shared instance of singleton bean 'dataManagerBusiness'
15:18:17.218 [main] DEBUG org.springframework.beans.factory.support.DefaultListableBeanFactory - Creating shared instance of singleton bean 'SSHData'
15:18:17.218 [main] DEBUG org.springframework.beans.factory.support.DefaultListableBeanFactory - Creating shared instance of singleton bean 'testGridaClient'
15:18:17.218 [main] DEBUG org.springframework.beans.factory.support.DefaultListableBeanFactory - Creating shared instance of singleton bean 'spingTestConfig'
15:18:17.219 [main] DEBUG org.springframework.beans.factory.support.DefaultListableBeanFactory - Creating shared instance of singleton bean 'gridaCacheClient'
15:18:17.219 [main] DEBUG org.springframework.beans.factory.support.DefaultListableBeanFactory - Autowiring by type from bean name 'gridaCacheClient' via factory method to bean named 'testServer'
15:18:17.220 [main] DEBUG org.springframework.beans.factory.support.DefaultListableBeanFactory - Creating shared instance of singleton bean 'gridaZombieClient'
15:18:17.220 [main] DEBUG org.springframework.beans.factory.support.DefaultListableBeanFactory - Autowiring by type from bean name 'gridaZombieClient' via factory method to bean named 'testServer'
15:18:17.221 [main] DEBUG org.springframework.beans.factory.support.DefaultListableBeanFactory - Creating shared instance of singleton bean 'configurationBusiness'
15:18:17.222 [main] DEBUG org.springframework.beans.factory.support.DefaultListableBeanFactory - Creating shared instance of singleton bean 'testProxyClient'
15:18:17.222 [main] DEBUG org.springframework.beans.factory.support.DefaultListableBeanFactory - Creating shared instance of singleton bean 'testEmailBusiness'
15:18:17.223 [main] DEBUG org.springframework.beans.factory.support.DefaultListableBeanFactory - Creating shared instance of singleton bean 'testGridaPoolClient'
15:18:17.224 [main] DEBUG org.springframework.beans.factory.support.DefaultListableBeanFactory - Creating shared instance of singleton bean 'groupData'
15:18:17.224 [main] DEBUG org.springframework.beans.factory.support.DefaultListableBeanFactory - Creating shared instance of singleton bean 'termsUseData'
15:18:17.225 [main] DEBUG org.springframework.beans.factory.support.DefaultListableBeanFactory - Creating shared instance of singleton bean 'userData'
15:18:17.225 [main] DEBUG org.springframework.beans.factory.support.DefaultListableBeanFactory - Creating shared instance of singleton bean 'usersGroupsData'
15:18:17.225 [main] DEBUG org.springframework.beans.factory.support.DefaultListableBeanFactory - Autowiring by type from bean name 'usersGroupsData' via constructor to bean named 'groupData'
15:18:17.226 [main] DEBUG org.springframework.beans.factory.support.DefaultListableBeanFactory - Autowiring by type from bean name 'configurationBusiness' via constructor to bean named 'testServer'
15:18:17.226 [main] DEBUG org.springframework.beans.factory.support.DefaultListableBeanFactory - Autowiring by type from bean name 'configurationBusiness' via constructor to bean named 'testProxyClient'
15:18:17.226 [main] DEBUG org.springframework.beans.factory.support.DefaultListableBeanFactory - Autowiring by type from bean name 'configurationBusiness' via constructor to bean named 'testEmailBusiness'
15:18:17.226 [main] DEBUG org.springframework.beans.factory.support.DefaultListableBeanFactory - Autowiring by type from bean name 'configurationBusiness' via constructor to bean named 'testGridaClient'
15:18:17.226 [main] DEBUG org.springframework.beans.factory.support.DefaultListableBeanFactory - Autowiring by type from bean name 'configurationBusiness' via constructor to bean named 'testGridaPoolClient'
15:18:17.226 [main] DEBUG org.springframework.beans.factory.support.DefaultListableBeanFactory - Autowiring by type from bean name 'configurationBusiness' via constructor to bean named 'groupData'
15:18:17.226 [main] DEBUG org.springframework.beans.factory.support.DefaultListableBeanFactory - Autowiring by type from bean name 'configurationBusiness' via constructor to bean named 'termsUseData'
15:18:17.226 [main] DEBUG org.springframework.beans.factory.support.DefaultListableBeanFactory - Autowiring by type from bean name 'configurationBusiness' via constructor to bean named 'userData'
15:18:17.226 [main] DEBUG org.springframework.beans.factory.support.DefaultListableBeanFactory - Autowiring by type from bean name 'configurationBusiness' via constructor to bean named 'usersGroupsData'
15:18:17.226 [main] DEBUG org.springframework.beans.factory.support.DefaultListableBeanFactory - Creating shared instance of singleton bean 'lfcPathsBusiness'
15:18:17.227 [main] DEBUG org.springframework.beans.factory.support.DefaultListableBeanFactory - Autowiring by type from bean name 'lfcPathsBusiness' via constructor to bean named 'testServer'
15:18:17.227 [main] DEBUG org.springframework.beans.factory.support.DefaultListableBeanFactory - Autowiring by type from bean name 'lfcPathsBusiness' via constructor to bean named 'groupData'
15:18:17.227 [main] DEBUG org.springframework.beans.factory.support.DefaultListableBeanFactory - Autowiring by type from bean name 'dataManagerBusiness' via constructor to bean named 'SSHData'
15:18:17.227 [main] DEBUG org.springframework.beans.factory.support.DefaultListableBeanFactory - Autowiring by type from bean name 'dataManagerBusiness' via constructor to bean named 'testGridaClient'
15:18:17.227 [main] DEBUG org.springframework.beans.factory.support.DefaultListableBeanFactory - Autowiring by type from bean name 'dataManagerBusiness' via constructor to bean named 'gridaCacheClient'
15:18:17.227 [main] DEBUG org.springframework.beans.factory.support.DefaultListableBeanFactory - Autowiring by type from bean name 'dataManagerBusiness' via constructor to bean named 'gridaZombieClient'
15:18:17.227 [main] DEBUG org.springframework.beans.factory.support.DefaultListableBeanFactory - Autowiring by type from bean name 'dataManagerBusiness' via constructor to bean named 'configurationBusiness'
15:18:17.227 [main] DEBUG org.springframework.beans.factory.support.DefaultListableBeanFactory - Autowiring by type from bean name 'dataManagerBusiness' via constructor to bean named 'lfcPathsBusiness'
15:18:17.227 [main] DEBUG org.springframework.beans.factory.support.DefaultListableBeanFactory - Autowiring by type from bean name 'dataManagerBusiness' via constructor to bean named 'testServer'
15:18:17.227 [main] DEBUG org.springframework.beans.factory.support.DefaultListableBeanFactory - Creating shared instance of singleton bean 'applicationBusiness'
15:18:17.228 [main] DEBUG org.springframework.beans.factory.support.DefaultListableBeanFactory - Creating shared instance of singleton bean 'applicationData'
15:18:17.229 [main] DEBUG org.springframework.beans.factory.support.DefaultListableBeanFactory - Creating shared instance of singleton bean 'classData'
15:18:17.229 [main] DEBUG org.springframework.beans.factory.support.DefaultListableBeanFactory - Autowiring by type from bean name 'applicationData' via constructor to bean named 'lazyDataSource'
15:18:17.230 [main] DEBUG org.springframework.beans.factory.support.DefaultListableBeanFactory - Autowiring by type from bean name 'applicationData' via constructor to bean named 'classData'
15:18:17.230 [main] DEBUG org.springframework.beans.factory.support.DefaultListableBeanFactory - Autowiring by type from bean name 'applicationBusiness' via constructor to bean named 'applicationData'
15:18:17.230 [main] DEBUG org.springframework.beans.factory.support.DefaultListableBeanFactory - Autowiring by type from bean name 'applicationBusiness' via constructor to bean named 'classData'
15:18:17.230 [main] DEBUG org.springframework.beans.factory.support.DefaultListableBeanFactory - Autowiring by type from bean name 'applicationBusiness' via constructor to bean named 'groupData'
15:18:17.230 [main] DEBUG org.springframework.beans.factory.support.DefaultListableBeanFactory - Autowiring by type from bean name 'boutiquesBusiness' via constructor to bean named 'testServer'
15:18:17.230 [main] DEBUG org.springframework.beans.factory.support.DefaultListableBeanFactory - Autowiring by type from bean name 'boutiquesBusiness' via constructor to bean named 'dataManagerBusiness'
15:18:17.230 [main] DEBUG org.springframework.beans.factory.support.DefaultListableBeanFactory - Autowiring by type from bean name 'boutiquesBusiness' via constructor to bean named 'applicationBusiness'
15:18:17.230 [main] DEBUG org.springframework.beans.factory.support.DefaultListableBeanFactory - Creating shared instance of singleton bean 'simulationStatsData'
15:18:17.231 [main] DEBUG org.springframework.beans.factory.support.DefaultListableBeanFactory - Creating shared instance of singleton bean 'sessionFactory'
15:18:17.232 [main] DEBUG org.springframework.beans.factory.support.DefaultListableBeanFactory - Autowiring by type from bean name 'simulationStatsData' via constructor to bean named 'sessionFactory'
15:18:17.232 [main] DEBUG org.springframework.beans.factory.support.DefaultListableBeanFactory - Creating shared instance of singleton bean 'inputBusiness'
15:18:17.233 [main] DEBUG org.springframework.beans.factory.support.DefaultListableBeanFactory - Creating shared instance of singleton bean 'applicationInputData'
15:18:17.233 [main] DEBUG org.springframework.beans.factory.support.DefaultListableBeanFactory - Autowiring by type from bean name 'inputBusiness' via constructor to bean named 'applicationInputData'
15:18:17.233 [main] DEBUG org.springframework.beans.factory.support.DefaultListableBeanFactory - Autowiring by type from bean name 'inputBusiness' via constructor to bean named 'dataManagerBusiness'
15:18:17.236 [main] DEBUG org.springframework.beans.factory.support.DefaultListableBeanFactory - Creating shared instance of singleton bean 'simulationBusiness'
15:18:17.236 [main] DEBUG org.springframework.beans.factory.support.DefaultListableBeanFactory - Autowiring by type from bean name 'simulationBusiness' via constructor to bean named 'lfcPathsBusiness'
15:18:17.236 [main] DEBUG org.springframework.beans.factory.support.DefaultListableBeanFactory - Autowiring by type from bean name 'simulationBusiness' via constructor to bean named 'testServer'
15:18:17.238 [main] DEBUG org.springframework.beans.factory.support.DefaultListableBeanFactory - Creating shared instance of singleton bean 'classBusiness'
15:18:17.239 [main] DEBUG org.springframework.beans.factory.support.DefaultListableBeanFactory - Autowiring by type from bean name 'classBusiness' via constructor to bean named 'classData'
15:18:17.239 [main] DEBUG org.springframework.beans.factory.support.DefaultListableBeanFactory - Creating shared instance of singleton bean 'applicationDataInitializer'
15:18:17.239 [main] DEBUG org.springframework.beans.factory.support.DefaultListableBeanFactory - Creating shared instance of singleton bean 'tableInitializer'
15:18:17.240 [main] DEBUG org.springframework.core.env.PropertySourcesPropertyResolver - Found key 'db.tableEngine' in PropertySource 'Inlined Test Properties' with value of type String
15:18:17.240 [main] DEBUG org.springframework.core.env.PropertySourcesPropertyResolver - Found key 'db.tableEngine' in PropertySource 'environmentProperties' with value of type String
15:18:17.240 [main] DEBUG org.springframework.beans.factory.support.DefaultListableBeanFactory - Autowiring by type from bean name 'applicationDataInitializer' via constructor to bean named 'lazyDataSource'
15:18:17.240 [main] DEBUG org.springframework.beans.factory.support.DefaultListableBeanFactory - Autowiring by type from bean name 'applicationDataInitializer' via constructor to bean named 'tableInitializer'
15:18:17.240 [main] DEBUG org.springframework.beans.factory.support.DefaultListableBeanFactory - Creating shared instance of singleton bean 'workflowBusiness'
15:18:17.241 [main] DEBUG org.springframework.beans.factory.support.DefaultListableBeanFactory - Creating shared instance of singleton bean 'getTestWorkflowDAO'
15:18:17.242 [main] DEBUG org.springframework.beans.factory.support.DefaultListableBeanFactory - Creating shared instance of singleton bean 'getTestProcessorDAO'
15:18:17.243 [main] DEBUG org.springframework.beans.factory.support.DefaultListableBeanFactory - Creating shared instance of singleton bean 'getTestOutputDAO'
15:18:17.244 [main] DEBUG org.springframework.beans.factory.support.DefaultListableBeanFactory - Creating shared instance of singleton bean 'getTestInputDAO'
15:18:17.245 [main] DEBUG org.springframework.beans.factory.support.DefaultListableBeanFactory - Creating shared instance of singleton bean 'getTestStatsDAO'
15:18:17.246 [main] DEBUG org.springframework.beans.factory.support.DefaultListableBeanFactory - Creating shared instance of singleton bean 'externalPlatformBusiness'
15:18:17.247 [main] DEBUG org.springframework.beans.factory.support.DefaultListableBeanFactory - Creating shared instance of singleton bean 'girderStorageBusiness'
15:18:17.247 [main] DEBUG org.springframework.beans.factory.support.DefaultListableBeanFactory - Creating shared instance of singleton bean 'apiKeyBusiness'
15:18:17.248 [main] DEBUG org.springframework.beans.factory.support.DefaultListableBeanFactory - Creating shared instance of singleton bean 'apiKeysData'
15:18:17.248 [main] DEBUG org.springframework.beans.factory.support.DefaultListableBeanFactory - Autowiring by type from bean name 'apiKeyBusiness' via constructor to bean named 'apiKeysData'
15:18:17.248 [main] DEBUG org.springframework.beans.factory.support.DefaultListableBeanFactory - Autowiring by type from bean name 'girderStorageBusiness' via constructor to bean named 'apiKeyBusiness'
15:18:17.248 [main] DEBUG org.springframework.beans.factory.support.DefaultListableBeanFactory - Autowiring by type from bean name 'girderStorageBusiness' via constructor to bean named 'testServer'
15:18:17.249 [main] DEBUG org.springframework.beans.factory.support.DefaultListableBeanFactory - Creating shared instance of singleton bean 'shanoirStorageBusiness'
15:18:17.249 [main] DEBUG org.springframework.beans.factory.support.DefaultListableBeanFactory - Creating shared instance of singleton bean 'externalPlatformData'
15:18:17.249 [main] DEBUG org.springframework.beans.factory.support.DefaultListableBeanFactory - Autowiring by type from bean name 'externalPlatformBusiness' via constructor to bean named 'girderStorageBusiness'
15:18:17.249 [main] DEBUG org.springframework.beans.factory.support.DefaultListableBeanFactory - Autowiring by type from bean name 'externalPlatformBusiness' via constructor to bean named 'shanoirStorageBusiness'
15:18:17.249 [main] DEBUG org.springframework.beans.factory.support.DefaultListableBeanFactory - Autowiring by type from bean name 'externalPlatformBusiness' via constructor to bean named 'externalPlatformData'
15:18:17.250 [main] DEBUG org.springframework.beans.factory.support.DefaultListableBeanFactory - Autowiring by type from bean name 'workflowBusiness' via constructor to bean named 'testServer'
15:18:17.250 [main] DEBUG org.springframework.beans.factory.support.DefaultListableBeanFactory - Autowiring by type from bean name 'workflowBusiness' via constructor to bean named 'simulationStatsData'
15:18:17.250 [main] DEBUG org.springframework.beans.factory.support.DefaultListableBeanFactory - Autowiring by type from bean name 'workflowBusiness' via constructor to bean named 'getTestWorkflowDAO'
15:18:17.250 [main] DEBUG org.springframework.beans.factory.support.DefaultListableBeanFactory - Autowiring by type from bean name 'workflowBusiness' via constructor to bean named 'getTestProcessorDAO'
15:18:17.250 [main] DEBUG org.springframework.beans.factory.support.DefaultListableBeanFactory - Autowiring by type from bean name 'workflowBusiness' via constructor to bean named 'getTestOutputDAO'
15:18:17.250 [main] DEBUG org.springframework.beans.factory.support.DefaultListableBeanFactory - Autowiring by type from bean name 'workflowBusiness' via constructor to bean named 'getTestInputDAO'
15:18:17.250 [main] DEBUG org.springframework.beans.factory.support.DefaultListableBeanFactory - Autowiring by type from bean name 'workflowBusiness' via constructor to bean named 'getTestStatsDAO'
15:18:17.250 [main] DEBUG org.springframework.beans.factory.support.DefaultListableBeanFactory - Autowiring by type from bean name 'workflowBusiness' via constructor to bean named 'engineData'
15:18:17.250 [main] DEBUG org.springframework.beans.factory.support.DefaultListableBeanFactory - Autowiring by type from bean name 'workflowBusiness' via constructor to bean named 'applicationData'
15:18:17.250 [main] DEBUG org.springframework.beans.factory.support.DefaultListableBeanFactory - Autowiring by type from bean name 'workflowBusiness' via constructor to bean named 'usersGroupsData'
15:18:17.250 [main] DEBUG org.springframework.beans.factory.support.DefaultListableBeanFactory - Autowiring by type from bean name 'workflowBusiness' via constructor to bean named 'engineBusiness'
15:18:17.250 [main] DEBUG org.springframework.beans.factory.support.DefaultListableBeanFactory - Autowiring by type from bean name 'workflowBusiness' via constructor to bean named 'dataManagerBusiness'
15:18:17.250 [main] DEBUG org.springframework.beans.factory.support.DefaultListableBeanFactory - Autowiring by type from bean name 'workflowBusiness' via constructor to bean named 'testEmailBusiness'
15:18:17.250 [main] DEBUG org.springframework.beans.factory.support.DefaultListableBeanFactory - Autowiring by type from bean name 'workflowBusiness' via constructor to bean named 'lfcPathsBusiness'
15:18:17.250 [main] DEBUG org.springframework.beans.factory.support.DefaultListableBeanFactory - Autowiring by type from bean name 'workflowBusiness' via constructor to bean named 'testGridaPoolClient'
15:18:17.250 [main] DEBUG org.springframework.beans.factory.support.DefaultListableBeanFactory - Autowiring by type from bean name 'workflowBusiness' via constructor to bean named 'testGridaClient'
15:18:17.250 [main] DEBUG org.springframework.beans.factory.support.DefaultListableBeanFactory - Autowiring by type from bean name 'workflowBusiness' via constructor to bean named 'externalPlatformBusiness'
15:18:17.252 [main] DEBUG org.springframework.beans.factory.support.DefaultListableBeanFactory - Creating shared instance of singleton bean 'statsBusiness'
15:18:17.253 [main] DEBUG org.springframework.beans.factory.support.DefaultListableBeanFactory - Autowiring by type from bean name 'statsBusiness' via constructor to bean named 'userData'
15:18:17.253 [main] DEBUG org.springframework.beans.factory.support.DefaultListableBeanFactory - Creating shared instance of singleton bean 'vipSessionBusiness'
15:18:17.253 [main] DEBUG org.springframework.beans.factory.support.DefaultListableBeanFactory - Autowiring by type from bean name 'vipSessionBusiness' via constructor to bean named 'testServer'
15:18:17.253 [main] DEBUG org.springframework.beans.factory.support.DefaultListableBeanFactory - Autowiring by type from bean name 'vipSessionBusiness' via constructor to bean named 'configurationBusiness'
15:18:17.254 [main] DEBUG org.springframework.beans.factory.support.DefaultListableBeanFactory - Creating shared instance of singleton bean 'dataSourceConfig'
15:18:17.254 [main] DEBUG org.springframework.beans.factory.support.DefaultListableBeanFactory - Creating shared instance of singleton bean 'coreDataInitializer'
15:18:17.254 [main] DEBUG org.springframework.beans.factory.support.DefaultListableBeanFactory - Autowiring by type from bean name 'coreDataInitializer' via constructor to bean named 'groupData'
15:18:17.254 [main] DEBUG org.springframework.beans.factory.support.DefaultListableBeanFactory - Autowiring by type from bean name 'coreDataInitializer' via constructor to bean named 'lazyDataSource'
15:18:17.254 [main] DEBUG org.springframework.beans.factory.support.DefaultListableBeanFactory - Autowiring by type from bean name 'coreDataInitializer' via constructor to bean named 'tableInitializer'
15:18:17.254 [main] DEBUG org.springframework.beans.factory.support.DefaultListableBeanFactory - Autowiring by type from bean name 'coreDataInitializer' via constructor to bean named 'testServer'
15:18:17.254 [main] DEBUG org.springframework.beans.factory.support.DefaultListableBeanFactory - Autowiring by type from bean name 'coreDataInitializer' via constructor to bean named 'userData'
15:18:17.254 [main] DEBUG org.springframework.beans.factory.support.DefaultListableBeanFactory - Autowiring by type from bean name 'coreDataInitializer' via constructor to bean named 'usersGroupsData'
15:18:17.254 [main] DEBUG org.springframework.beans.factory.support.DefaultListableBeanFactory - Autowiring by type from bean name 'coreDataInitializer' via constructor to bean named 'termsUseData'
15:18:17.254 [main] DEBUG org.springframework.beans.factory.support.DefaultListableBeanFactory - Creating shared instance of singleton bean 'emailBusiness'
15:18:17.255 [main] DEBUG org.springframework.beans.factory.support.DefaultListableBeanFactory - Creating shared instance of singleton bean 'smaClient'
15:18:17.255 [main] DEBUG org.springframework.beans.factory.support.DefaultListableBeanFactory - Autowiring by type from bean name 'smaClient' via factory method to bean named 'testServer'
15:18:17.255 [main] DEBUG org.springframework.beans.factory.support.DefaultListableBeanFactory - Autowiring by type from bean name 'emailBusiness' via constructor to bean named 'smaClient'
15:18:17.255 [main] DEBUG org.springframework.beans.factory.support.DefaultListableBeanFactory - Creating shared instance of singleton bean 'proxyClient'
15:18:17.256 [main] DEBUG org.springframework.beans.factory.support.DefaultListableBeanFactory - Autowiring by type from bean name 'proxyClient' via constructor to bean named 'testServer'
15:18:17.256 [main] DEBUG org.springframework.beans.factory.support.DefaultListableBeanFactory - Creating shared instance of singleton bean 'transferPoolBusiness'
15:18:17.256 [main] DEBUG org.springframework.beans.factory.support.DefaultListableBeanFactory - Creating shared instance of singleton bean 'LFCBusiness'
15:18:17.257 [main] DEBUG org.springframework.beans.factory.support.DefaultListableBeanFactory - Autowiring by type from bean name 'LFCBusiness' via constructor to bean named 'testGridaClient'
15:18:17.257 [main] DEBUG org.springframework.beans.factory.support.DefaultListableBeanFactory - Autowiring by type from bean name 'LFCBusiness' via constructor to bean named 'lfcPathsBusiness'
15:18:17.257 [main] DEBUG org.springframework.beans.factory.support.DefaultListableBeanFactory - Autowiring by type from bean name 'transferPoolBusiness' via constructor to bean named 'testServer'
15:18:17.257 [main] DEBUG org.springframework.beans.factory.support.DefaultListableBeanFactory - Autowiring by type from bean name 'transferPoolBusiness' via constructor to bean named 'LFCBusiness'
15:18:17.257 [main] DEBUG org.springframework.beans.factory.support.DefaultListableBeanFactory - Autowiring by type from bean name 'transferPoolBusiness' via constructor to bean named 'testGridaPoolClient'
15:18:17.257 [main] DEBUG org.springframework.beans.factory.support.DefaultListableBeanFactory - Autowiring by type from bean name 'transferPoolBusiness' via constructor to bean named 'lfcPathsBusiness'
15:18:17.257 [main] DEBUG org.springframework.beans.factory.support.DefaultListableBeanFactory - Creating shared instance of singleton bean 'LFCPermissionBusiness'
15:18:17.258 [main] DEBUG org.springframework.beans.factory.support.DefaultListableBeanFactory - Autowiring by type from bean name 'LFCPermissionBusiness' via constructor to bean named 'dataManagerBusiness'
15:18:17.258 [main] DEBUG org.springframework.beans.factory.support.DefaultListableBeanFactory - Autowiring by type from bean name 'LFCPermissionBusiness' via constructor to bean named 'lfcPathsBusiness'
15:18:17.258 [main] DEBUG org.springframework.beans.factory.support.DefaultListableBeanFactory - Creating shared instance of singleton bean 'dataManagerDataInitializer'
15:18:17.258 [main] DEBUG org.springframework.beans.factory.support.DefaultListableBeanFactory - Autowiring by type from bean name 'dataManagerDataInitializer' via constructor to bean named 'lazyDataSource'
15:18:17.258 [main] DEBUG org.springframework.beans.factory.support.DefaultListableBeanFactory - Autowiring by type from bean name 'dataManagerDataInitializer' via constructor to bean named 'tableInitializer'
15:18:17.258 [main] DEBUG org.springframework.beans.factory.support.DefaultListableBeanFactory - Creating shared instance of singleton bean 'messageBusiness'
15:18:17.259 [main] DEBUG org.springframework.beans.factory.support.DefaultListableBeanFactory - Creating shared instance of singleton bean 'messageData'
15:18:17.259 [main] DEBUG org.springframework.beans.factory.support.DefaultListableBeanFactory - Autowiring by type from bean name 'messageData' via constructor to bean named 'userData'
15:18:17.259 [main] DEBUG org.springframework.beans.factory.support.DefaultListableBeanFactory - Autowiring by type from bean name 'messageData' via constructor to bean named 'lazyDataSource'
15:18:17.260 [main] DEBUG org.springframework.beans.factory.support.DefaultListableBeanFactory - Creating shared instance of singleton bean 'groupMessageData'
15:18:17.260 [main] DEBUG org.springframework.beans.factory.support.DefaultListableBeanFactory - Autowiring by type from bean name 'groupMessageData' via constructor to bean named 'userData'
15:18:17.260 [main] DEBUG org.springframework.beans.factory.support.DefaultListableBeanFactory - Autowiring by type from bean name 'groupMessageData' via constructor to bean named 'groupData'
15:18:17.260 [main] DEBUG org.springframework.beans.factory.support.DefaultListableBeanFactory - Autowiring by type from bean name 'groupMessageData' via constructor to bean named 'messageData'
15:18:17.260 [main] DEBUG org.springframework.beans.factory.support.DefaultListableBeanFactory - Autowiring by type from bean name 'groupMessageData' via constructor to bean named 'lazyDataSource'
15:18:17.261 [main] DEBUG org.springframework.beans.factory.support.DefaultListableBeanFactory - Autowiring by type from bean name 'messageBusiness' via constructor to bean named 'messageData'
15:18:17.261 [main] DEBUG org.springframework.beans.factory.support.DefaultListableBeanFactory - Autowiring by type from bean name 'messageBusiness' via constructor to bean named 'groupMessageData'
15:18:17.261 [main] DEBUG org.springframework.beans.factory.support.DefaultListableBeanFactory - Autowiring by type from bean name 'messageBusiness' via constructor to bean named 'usersGroupsData'
15:18:17.261 [main] DEBUG org.springframework.beans.factory.support.DefaultListableBeanFactory - Autowiring by type from bean name 'messageBusiness' via constructor to bean named 'configurationBusiness'
15:18:17.261 [main] DEBUG org.springframework.beans.factory.support.DefaultListableBeanFactory - Autowiring by type from bean name 'messageBusiness' via constructor to bean named 'testEmailBusiness'
15:18:17.261 [main] DEBUG org.springframework.beans.factory.support.DefaultListableBeanFactory - Creating shared instance of singleton bean 'messagingDataInitializer'
15:18:17.261 [main] DEBUG org.springframework.beans.factory.support.DefaultListableBeanFactory - Autowiring by type from bean name 'messagingDataInitializer' via constructor to bean named 'lazyDataSource'
15:18:17.261 [main] DEBUG org.springframework.beans.factory.support.DefaultListableBeanFactory - Autowiring by type from bean name 'messagingDataInitializer' via constructor to bean named 'tableInitializer'
15:18:17.262 [main] DEBUG org.springframework.beans.factory.support.DefaultListableBeanFactory - Creating shared instance of singleton bean 'workflowsDBDAOFactory'
15:18:17.263 [main] DEBUG org.springframework.beans.factory.support.DefaultListableBeanFactory - Creating shared instance of singleton bean 'vipConfigFolder'
15:18:17.263 [main] DEBUG org.springframework.beans.factory.support.DefaultListableBeanFactory - Autowiring by type from bean name 'vipConfigFolder' via factory method to bean named 'org.springframework.context.support.GenericApplicationContext@4beb4802'
15:18:17.264 [main] DEBUG org.springframework.core.env.PropertySourcesPropertyResolver - Found key 'vipConfigFolder' in PropertySource 'Inlined Test Properties' with value of type String
15:18:17.264 [main] INFO fr.insalyon.creatis.vip.core.server.SpringCoreConfig - found vipConfigFolder property : classpath:
15:18:17.264 [main] DEBUG org.springframework.beans.factory.support.DefaultListableBeanFactory - Creating shared instance of singleton bean 'transactionManager'
15:18:17.264 [main] DEBUG org.springframework.beans.factory.support.DefaultListableBeanFactory - Autowiring by type from bean name 'transactionManager' via factory method to bean named 'lazyDataSource'
15:18:17.265 [main] DEBUG org.springframework.beans.factory.support.DefaultListableBeanFactory - Creating shared instance of singleton bean 'gridaClient'
15:18:17.265 [main] DEBUG org.springframework.beans.factory.support.DefaultListableBeanFactory - Autowiring by type from bean name 'gridaClient' via factory method to bean named 'testServer'
15:18:17.265 [main] DEBUG org.springframework.beans.factory.support.DefaultListableBeanFactory - Creating shared instance of singleton bean 'gridaPoolClient'
15:18:17.265 [main] DEBUG org.springframework.beans.factory.support.DefaultListableBeanFactory - Autowiring by type from bean name 'gridaPoolClient' via factory method to bean named 'testServer'
15:18:17.267 [main] DEBUG org.springframework.context.event.EventListenerMethodProcessor - 1 @EventListener methods processed on bean 'applicationDataInitializer': {public void fr.insalyon.creatis.vip.application.server.dao.mysql.ApplicationDataInitializer.onStartup()=@org.springframework.context.event.EventListener(classes=[org.springframework.context.event.ContextRefreshedEvent], condition=, id=, value=[org.springframework.context.event.ContextRefreshedEvent])}
15:18:17.267 [main] DEBUG org.springframework.context.event.EventListenerMethodProcessor - 1 @EventListener methods processed on bean 'coreDataInitializer': {public void fr.insalyon.creatis.vip.core.server.dao.mysql.CoreDataInitializer.onStartup()=@org.springframework.context.event.EventListener(classes=[org.springframework.context.event.ContextRefreshedEvent], condition=, id=, value=[org.springframework.context.event.ContextRefreshedEvent])}
15:18:17.267 [main] DEBUG org.springframework.context.event.EventListenerMethodProcessor - 1 @EventListener methods processed on bean 'dataManagerDataInitializer': {public void fr.insalyon.creatis.vip.datamanager.server.dao.mysql.DataManagerDataInitializer.onStartup()=@org.springframework.context.event.EventListener(classes=[org.springframework.context.event.ContextRefreshedEvent], condition=, id=, value=[org.springframework.context.event.ContextRefreshedEvent])}
15:18:17.267 [main] DEBUG org.springframework.context.event.EventListenerMethodProcessor - 1 @EventListener methods processed on bean 'messagingDataInitializer': {public void fr.insalyon.creatis.vip.social.server.dao.mysql.MessagingDataInitializer.onStartup()=@org.springframework.context.event.EventListener(classes=[org.springframework.context.event.ContextRefreshedEvent], condition=, id=, value=[org.springframework.context.event.ContextRefreshedEvent])}
15:18:17.268 [main] DEBUG org.springframework.jdbc.datasource.DataSourceTransactionManager - Creating new transaction with name [fr.insalyon.creatis.vip.core.server.dao.mysql.CoreDataInitializer.onStartup]: PROPAGATION_REQUIRED,ISOLATION_DEFAULT
15:18:17.269 [main] DEBUG org.springframework.jdbc.datasource.DataSourceTransactionManager - Acquired Connection [Lazy Connection proxy for target DataSource [org.springframework.jdbc.datasource.embedded.EmbeddedDatabaseFactory$EmbeddedDataSourceProxy@4165547e]] for JDBC transaction
15:18:17.269 [main] DEBUG org.springframework.jdbc.datasource.DataSourceTransactionManager - Switching JDBC Connection [Lazy Connection proxy for target DataSource [org.springframework.jdbc.datasource.embedded.EmbeddedDatabaseFactory$EmbeddedDataSourceProxy@4165547e]] to manual commit
15:18:17.269 [main] INFO fr.insalyon.creatis.vip.core.server.dao.mysql.CoreDataInitializer - Configuring VIP core database.
15:18:17.269 [main] DEBUG org.springframework.jdbc.datasource.DataSourceTransactionManager - Participating in existing transaction
15:18:17.269 [main] DEBUG org.springframework.jdbc.datasource.SimpleDriverDataSource - Creating new JDBC Driver Connection to [jdbc:h2:mem:475a64a9-a099-4585-b375-b58eb15da6ef;DB_CLOSE_DELAY=-1;DB_CLOSE_ON_EXIT=false]
15:18:17.270 [main] INFO fr.insalyon.creatis.vip.core.server.dao.mysql.TableInitializer - Table VIPUsers successfully created.
15:18:17.270 [main] DEBUG org.springframework.jdbc.datasource.DataSourceTransactionManager - Participating in existing transaction
15:18:17.270 [main] DEBUG org.springframework.jdbc.datasource.DataSourceTransactionManager - Participating in existing transaction
15:18:17.271 [main] INFO fr.insalyon.creatis.vip.core.server.dao.mysql.TableInitializer - Table VIPGroups successfully created.
15:18:17.271 [main] DEBUG org.springframework.jdbc.datasource.DataSourceTransactionManager - Participating in existing transaction
15:18:17.271 [main] DEBUG org.springframework.jdbc.datasource.DataSourceTransactionManager - Participating in existing transaction
15:18:17.272 [main] INFO fr.insalyon.creatis.vip.core.server.dao.mysql.TableInitializer - Table VIPUsersGroups successfully created.
15:18:17.272 [main] DEBUG org.springframework.jdbc.datasource.DataSourceTransactionManager - Participating in existing transaction
15:18:17.272 [main] DEBUG org.springframework.jdbc.datasource.DataSourceTransactionManager - Participating in existing transaction
15:18:17.272 [main] INFO fr.insalyon.creatis.vip.core.server.dao.mysql.TableInitializer - Table VIPTermsOfuse successfully created.
15:18:17.272 [main] DEBUG org.springframework.jdbc.datasource.DataSourceTransactionManager - Participating in existing transaction
15:18:17.272 [main] DEBUG org.springframework.jdbc.datasource.DataSourceTransactionManager - Initiating transaction commit
15:18:17.272 [main] DEBUG org.springframework.jdbc.datasource.DataSourceTransactionManager - Committing JDBC transaction on Connection [conn159: url=jdbc:h2:mem:475a64a9-a099-4585-b375-b58eb15da6ef user=SA]
15:18:17.272 [main] DEBUG org.springframework.jdbc.datasource.DataSourceTransactionManager - Releasing JDBC Connection [conn159: url=jdbc:h2:mem:475a64a9-a099-4585-b375-b58eb15da6ef user=SA] after transaction
15:18:17.273 [main] DEBUG org.springframework.jdbc.datasource.DataSourceTransactionManager - Creating new transaction with name [fr.insalyon.creatis.vip.application.server.dao.mysql.ApplicationDataInitializer.onStartup]: PROPAGATION_REQUIRED,ISOLATION_DEFAULT
15:18:17.273 [main] DEBUG org.springframework.jdbc.datasource.DataSourceTransactionManager - Acquired Connection [Lazy Connection proxy for target DataSource [org.springframework.jdbc.datasource.embedded.EmbeddedDatabaseFactory$EmbeddedDataSourceProxy@4165547e]] for JDBC transaction
15:18:17.273 [main] DEBUG org.springframework.jdbc.datasource.DataSourceTransactionManager - Switching JDBC Connection [Lazy Connection proxy for target DataSource [org.springframework.jdbc.datasource.embedded.EmbeddedDatabaseFactory$EmbeddedDataSourceProxy@4165547e]] to manual commit
15:18:17.273 [main] INFO fr.insalyon.creatis.vip.application.server.dao.mysql.ApplicationDataInitializer - Configuring VIP Application database.
15:18:17.273 [main] DEBUG org.springframework.jdbc.datasource.DataSourceTransactionManager - Participating in existing transaction
15:18:17.273 [main] DEBUG org.springframework.jdbc.datasource.SimpleDriverDataSource - Creating new JDBC Driver Connection to [jdbc:h2:mem:475a64a9-a099-4585-b375-b58eb15da6ef;DB_CLOSE_DELAY=-1;DB_CLOSE_ON_EXIT=false]
15:18:17.274 [main] INFO fr.insalyon.creatis.vip.core.server.dao.mysql.TableInitializer - Table VIPEngines successfully created.
15:18:17.274 [main] DEBUG org.springframework.jdbc.datasource.DataSourceTransactionManager - Participating in existing transaction
15:18:17.274 [main] INFO fr.insalyon.creatis.vip.core.server.dao.mysql.TableInitializer - Table VIPClasses successfully created.
15:18:17.274 [main] DEBUG org.springframework.jdbc.datasource.DataSourceTransactionManager - Participating in existing transaction
15:18:17.274 [main] INFO fr.insalyon.creatis.vip.core.server.dao.mysql.TableInitializer - Table VIPClassesEngines successfully created.
15:18:17.274 [main] DEBUG org.springframework.jdbc.datasource.DataSourceTransactionManager - Participating in existing transaction
15:18:17.275 [main] INFO fr.insalyon.creatis.vip.core.server.dao.mysql.TableInitializer - Table VIPGroupsClasses successfully created.
15:18:17.275 [main] DEBUG org.springframework.jdbc.datasource.DataSourceTransactionManager - Participating in existing transaction
15:18:17.275 [main] INFO fr.insalyon.creatis.vip.core.server.dao.mysql.TableInitializer - Table VIPApplications successfully created.
15:18:17.275 [main] DEBUG org.springframework.jdbc.datasource.DataSourceTransactionManager - Participating in existing transaction
15:18:17.276 [main] INFO fr.insalyon.creatis.vip.core.server.dao.mysql.TableInitializer - Table VIPAppVersions successfully created.
15:18:17.276 [main] DEBUG org.springframework.jdbc.datasource.DataSourceTransactionManager - Participating in existing transaction
15:18:17.276 [main] INFO fr.insalyon.creatis.vip.core.server.dao.mysql.TableInitializer - Table VIPApplicationClasses successfully created.
15:18:17.276 [main] DEBUG org.springframework.jdbc.datasource.DataSourceTransactionManager - Participating in existing transaction
15:18:17.276 [main] INFO fr.insalyon.creatis.vip.core.server.dao.mysql.TableInitializer - Table VIPAppInputs successfully created.
15:18:17.277 [main] DEBUG org.springframework.jdbc.datasource.DataSourceTransactionManager - Participating in existing transaction
15:18:17.277 [main] INFO fr.insalyon.creatis.vip.core.server.dao.mysql.TableInitializer - Table VIPAppExamples successfully created.
15:18:17.277 [main] DEBUG org.springframework.jdbc.datasource.DataSourceTransactionManager - Initiating transaction commit
15:18:17.277 [main] DEBUG org.springframework.jdbc.datasource.DataSourceTransactionManager - Committing JDBC transaction on Connection [conn160: url=jdbc:h2:mem:475a64a9-a099-4585-b375-b58eb15da6ef user=SA]
15:18:17.277 [main] DEBUG org.springframework.jdbc.datasource.DataSourceTransactionManager - Releasing JDBC Connection [conn160: url=jdbc:h2:mem:475a64a9-a099-4585-b375-b58eb15da6ef user=SA] after transaction
15:18:17.277 [main] DEBUG org.springframework.jdbc.datasource.DataSourceTransactionManager - Creating new transaction with name [fr.insalyon.creatis.vip.datamanager.server.dao.mysql.DataManagerDataInitializer.onStartup]: PROPAGATION_REQUIRED,ISOLATION_DEFAULT
15:18:17.277 [main] DEBUG org.springframework.jdbc.datasource.DataSourceTransactionManager - Acquired Connection [Lazy Connection proxy for target DataSource [org.springframework.jdbc.datasource.embedded.EmbeddedDatabaseFactory$EmbeddedDataSourceProxy@4165547e]] for JDBC transaction
15:18:17.277 [main] DEBUG org.springframework.jdbc.datasource.DataSourceTransactionManager - Switching JDBC Connection [Lazy Connection proxy for target DataSource [org.springframework.jdbc.datasource.embedded.EmbeddedDatabaseFactory$EmbeddedDataSourceProxy@4165547e]] to manual commit
15:18:17.278 [main] INFO fr.insalyon.creatis.vip.datamanager.server.dao.mysql.DataManagerDataInitializer - Configuring VIP SSH database.
15:18:17.278 [main] DEBUG org.springframework.jdbc.datasource.DataSourceTransactionManager - Participating in existing transaction
15:18:17.278 [main] DEBUG org.springframework.jdbc.datasource.SimpleDriverDataSource - Creating new JDBC Driver Connection to [jdbc:h2:mem:475a64a9-a099-4585-b375-b58eb15da6ef;DB_CLOSE_DELAY=-1;DB_CLOSE_ON_EXIT=false]
15:18:17.279 [main] INFO fr.insalyon.creatis.vip.core.server.dao.mysql.TableInitializer - Table VIPSSHAccounts successfully created.
15:18:17.279 [main] INFO fr.insalyon.creatis.vip.datamanager.server.dao.mysql.DataManagerDataInitializer - Configuring VIP External Platforms database.
15:18:17.279 [main] DEBUG org.springframework.jdbc.datasource.DataSourceTransactionManager - Participating in existing transaction
15:18:17.279 [main] INFO fr.insalyon.creatis.vip.core.server.dao.mysql.TableInitializer - Table VIPExternalPlatforms successfully created.
15:18:17.279 [main] INFO fr.insalyon.creatis.vip.datamanager.server.dao.mysql.DataManagerDataInitializer - Configuring VIP api keys database.
15:18:17.279 [main] DEBUG org.springframework.jdbc.datasource.DataSourceTransactionManager - Participating in existing transaction
15:18:17.279 [main] INFO fr.insalyon.creatis.vip.core.server.dao.mysql.TableInitializer - Table VIPApiKeys successfully created.
15:18:17.279 [main] DEBUG org.springframework.jdbc.datasource.DataSourceTransactionManager - Initiating transaction commit
15:18:17.279 [main] DEBUG org.springframework.jdbc.datasource.DataSourceTransactionManager - Committing JDBC transaction on Connection [conn161: url=jdbc:h2:mem:475a64a9-a099-4585-b375-b58eb15da6ef user=SA]
15:18:17.280 [main] DEBUG org.springframework.jdbc.datasource.DataSourceTransactionManager - Releasing JDBC Connection [conn161: url=jdbc:h2:mem:475a64a9-a099-4585-b375-b58eb15da6ef user=SA] after transaction
15:18:17.280 [main] DEBUG org.springframework.jdbc.datasource.DataSourceTransactionManager - Creating new transaction with name [fr.insalyon.creatis.vip.social.server.dao.mysql.MessagingDataInitializer.onStartup]: PROPAGATION_REQUIRED,ISOLATION_DEFAULT
15:18:17.280 [main] DEBUG org.springframework.jdbc.datasource.DataSourceTransactionManager - Acquired Connection [Lazy Connection proxy for target DataSource [org.springframework.jdbc.datasource.embedded.EmbeddedDatabaseFactory$EmbeddedDataSourceProxy@4165547e]] for JDBC transaction
15:18:17.280 [main] DEBUG org.springframework.jdbc.datasource.DataSourceTransactionManager - Switching JDBC Connection [Lazy Connection proxy for target DataSource [org.springframework.jdbc.datasource.embedded.EmbeddedDatabaseFactory$EmbeddedDataSourceProxy@4165547e]] to manual commit
15:18:17.280 [main] INFO fr.insalyon.creatis.vip.social.server.dao.mysql.MessagingDataInitializer - Configuring VIP Social database.
15:18:17.280 [main] DEBUG org.springframework.jdbc.datasource.DataSourceTransactionManager - Participating in existing transaction
15:18:17.281 [main] DEBUG org.springframework.jdbc.datasource.SimpleDriverDataSource - Creating new JDBC Driver Connection to [jdbc:h2:mem:475a64a9-a099-4585-b375-b58eb15da6ef;DB_CLOSE_DELAY=-1;DB_CLOSE_ON_EXIT=false]
15:18:17.281 [main] INFO fr.insalyon.creatis.vip.core.server.dao.mysql.TableInitializer - Table VIPSocialMessage successfully created.
15:18:17.281 [main] DEBUG org.springframework.jdbc.datasource.DataSourceTransactionManager - Participating in existing transaction
15:18:17.282 [main] INFO fr.insalyon.creatis.vip.core.server.dao.mysql.TableInitializer - Table VIPSocialMessageSenderReceiver successfully created.
15:18:17.282 [main] DEBUG org.springframework.jdbc.datasource.DataSourceTransactionManager - Participating in existing transaction
15:18:17.283 [main] INFO fr.insalyon.creatis.vip.core.server.dao.mysql.TableInitializer - Table VIPSocialGroupMessage successfully created.
15:18:17.283 [main] DEBUG org.springframework.jdbc.datasource.DataSourceTransactionManager - Initiating transaction commit
15:18:17.283 [main] DEBUG org.springframework.jdbc.datasource.DataSourceTransactionManager - Committing JDBC transaction on Connection [conn162: url=jdbc:h2:mem:475a64a9-a099-4585-b375-b58eb15da6ef user=SA]
15:18:17.283 [main] DEBUG org.springframework.jdbc.datasource.DataSourceTransactionManager - Releasing JDBC Connection [conn162: url=jdbc:h2:mem:475a64a9-a099-4585-b375-b58eb15da6ef user=SA] after transaction
15:18:17.283 [main] DEBUG org.springframework.test.context.cache.DefaultCacheAwareContextLoaderDelegate - Storing ApplicationContext [1273710594] in cache under key [[MergedContextConfiguration@39e7d6fc testClass = ClassIT, locations = '{}', classes = '{class fr.insalyon.creatis.vip.core.server.SpringCoreConfig}', contextInitializerClasses = '[]', activeProfiles = '{test-db, test}', propertySourceLocations = '{}', propertySourceProperties = '{db.tableEngine=, vipConfigFolder=classpath:}', contextCustomizers = set[[empty]], contextLoader = 'org.springframework.test.context.support.DelegatingSmartContextLoader', parent = [null]]]
15:18:17.283 [main] DEBUG org.springframework.test.context.cache - Spring test ApplicationContext cache statistics: [DefaultContextCache@2fba07dc size = 1, maxSize = 32, parentContextCount = 0, hitCount = 207, missCount = 17]
15:18:17.284 [main] DEBUG org.springframework.test.context.cache.DefaultCacheAwareContextLoaderDelegate - Retrieved ApplicationContext [1273710594] from cache with key [[MergedContextConfiguration@39e7d6fc testClass = ClassIT, locations = '{}', classes = '{class fr.insalyon.creatis.vip.core.server.SpringCoreConfig}', contextInitializerClasses = '[]', activeProfiles = '{test-db, test}', propertySourceLocations = '{}', propertySourceProperties = '{db.tableEngine=, vipConfigFolder=classpath:}', contextCustomizers = set[[empty]], contextLoader = 'org.springframework.test.context.support.DelegatingSmartContextLoader', parent = [null]]]
15:18:17.284 [main] DEBUG org.springframework.test.context.cache - Spring test ApplicationContext cache statistics: [DefaultContextCache@2fba07dc size = 1, maxSize = 32, parentContextCount = 0, hitCount = 208, missCount = 17]
15:18:17.285 [main] DEBUG org.springframework.test.context.support.AbstractDirtiesContextTestExecutionListener - Before test method: context [DefaultTestContext@23803141 testClass = ClassIT, testInstance = fr.insalyon.creatis.vip.application.integrationtest.ClassIT@6df7e8a5, testMethod = testInitialization@ClassIT, testException = [null], mergedContextConfiguration = [MergedContextConfiguration@39e7d6fc testClass = ClassIT, locations = '{}', classes = '{class fr.insalyon.creatis.vip.core.server.SpringCoreConfig}', contextInitializerClasses = '[]', activeProfiles = '{test-db, test}', propertySourceLocations = '{}', propertySourceProperties = '{db.tableEngine=, vipConfigFolder=classpath:}', contextCustomizers = set[[empty]], contextLoader = 'org.springframework.test.context.support.DelegatingSmartContextLoader', parent = [null]], attributes = map['org.springframework.test.context.event.ApplicationEventsTestExecutionListener.recordApplicationEvents' -> false]], class annotated with @DirtiesContext [true] with mode [AFTER_EACH_TEST_METHOD], method annotated with @DirtiesContext [false] with mode [null].
15:18:17.286 [main] DEBUG org.springframework.test.context.transaction.TransactionalTestExecutionListener - Explicit transaction definition [PROPAGATION_REQUIRED,ISOLATION_DEFAULT] found for test context [DefaultTestContext@23803141 testClass = ClassIT, testInstance = fr.insalyon.creatis.vip.application.integrationtest.ClassIT@6df7e8a5, testMethod = testInitialization@ClassIT, testException = [null], mergedContextConfiguration = [MergedContextConfiguration@39e7d6fc testClass = ClassIT, locations = '{}', classes = '{class fr.insalyon.creatis.vip.core.server.SpringCoreConfig}', contextInitializerClasses = '[]', activeProfiles = '{test-db, test}', propertySourceLocations = '{}', propertySourceProperties = '{db.tableEngine=, vipConfigFolder=classpath:}', contextCustomizers = set[[empty]], contextLoader = 'org.springframework.test.context.support.DelegatingSmartContextLoader', parent = [null]], attributes = map['org.springframework.test.context.event.ApplicationEventsTestExecutionListener.recordApplicationEvents' -> false]]
15:18:17.286 [main] DEBUG org.springframework.test.context.cache.DefaultCacheAwareContextLoaderDelegate - Retrieved ApplicationContext [1273710594] from cache with key [[MergedContextConfiguration@39e7d6fc testClass = ClassIT, locations = '{}', classes = '{class fr.insalyon.creatis.vip.core.server.SpringCoreConfig}', contextInitializerClasses = '[]', activeProfiles = '{test-db, test}', propertySourceLocations = '{}', propertySourceProperties = '{db.tableEngine=, vipConfigFolder=classpath:}', contextCustomizers = set[[empty]], contextLoader = 'org.springframework.test.context.support.DelegatingSmartContextLoader', parent = [null]]]
15:18:17.286 [main] DEBUG org.springframework.test.context.cache - Spring test ApplicationContext cache statistics: [DefaultContextCache@2fba07dc size = 1, maxSize = 32, parentContextCount = 0, hitCount = 209, missCount = 17]
15:18:17.286 [main] DEBUG org.springframework.test.context.transaction.TransactionalTestExecutionListener - No method-level @Rollback override: using default rollback [true] for test context [DefaultTestContext@23803141 testClass = ClassIT, testInstance = fr.insalyon.creatis.vip.application.integrationtest.ClassIT@6df7e8a5, testMethod = testInitialization@ClassIT, testException = [null], mergedContextConfiguration = [MergedContextConfiguration@39e7d6fc testClass = ClassIT, locations = '{}', classes = '{class fr.insalyon.creatis.vip.core.server.SpringCoreConfig}', contextInitializerClasses = '[]', activeProfiles = '{test-db, test}', propertySourceLocations = '{}', propertySourceProperties = '{db.tableEngine=, vipConfigFolder=classpath:}', contextCustomizers = set[[empty]], contextLoader = 'org.springframework.test.context.support.DelegatingSmartContextLoader', parent = [null]], attributes = map['org.springframework.test.context.event.ApplicationEventsTestExecutionListener.recordApplicationEvents' -> false]].
15:18:17.286 [main] DEBUG org.springframework.jdbc.datasource.DataSourceTransactionManager - Creating new transaction with name [fr.insalyon.creatis.vip.application.integrationtest.ClassIT.testInitialization]: PROPAGATION_REQUIRED,ISOLATION_DEFAULT
15:18:17.287 [main] DEBUG org.springframework.jdbc.datasource.DataSourceTransactionManager - Acquired Connection [Lazy Connection proxy for target DataSource [org.springframework.jdbc.datasource.embedded.EmbeddedDatabaseFactory$EmbeddedDataSourceProxy@4165547e]] for JDBC transaction
15:18:17.287 [main] DEBUG org.springframework.jdbc.datasource.DataSourceTransactionManager - Switching JDBC Connection [Lazy Connection proxy for target DataSource [org.springframework.jdbc.datasource.embedded.EmbeddedDatabaseFactory$EmbeddedDataSourceProxy@4165547e]] to manual commit
15:18:17.287 [main] INFO org.springframework.test.context.transaction.TransactionContext - Began transaction (1) for test context [DefaultTestContext@23803141 testClass = ClassIT, testInstance = fr.insalyon.creatis.vip.application.integrationtest.ClassIT@6df7e8a5, testMethod = testInitialization@ClassIT, testException = [null], mergedContextConfiguration = [MergedContextConfiguration@39e7d6fc testClass = ClassIT, locations = '{}', classes = '{class fr.insalyon.creatis.vip.core.server.SpringCoreConfig}', contextInitializerClasses = '[]', activeProfiles = '{test-db, test}', propertySourceLocations = '{}', propertySourceProperties = '{db.tableEngine=, vipConfigFolder=classpath:}', contextCustomizers = set[[empty]], contextLoader = 'org.springframework.test.context.support.DelegatingSmartContextLoader', parent = [null]], attributes = map['org.springframework.test.context.event.ApplicationEventsTestExecutionListener.recordApplicationEvents' -> false]]; transaction manager [org.springframework.jdbc.datasource.DataSourceTransactionManager@d950304]; rollback [true]
15:18:17.287 [main] DEBUG org.springframework.test.context.cache.DefaultCacheAwareContextLoaderDelegate - Retrieved ApplicationContext [1273710594] from cache with key [[MergedContextConfiguration@39e7d6fc testClass = ClassIT, locations = '{}', classes = '{class fr.insalyon.creatis.vip.core.server.SpringCoreConfig}', contextInitializerClasses = '[]', activeProfiles = '{test-db, test}', propertySourceLocations = '{}', propertySourceProperties = '{db.tableEngine=, vipConfigFolder=classpath:}', contextCustomizers = set[[empty]], contextLoader = 'org.springframework.test.context.support.DelegatingSmartContextLoader', parent = [null]]]
15:18:17.287 [main] DEBUG org.springframework.test.context.cache - Spring test ApplicationContext cache statistics: [DefaultContextCache@2fba07dc size = 1, maxSize = 32, parentContextCount = 0, hitCount = 210, missCount = 17]
15:18:17.289 [main] DEBUG org.springframework.jdbc.datasource.DataSourceTransactionManager - Participating in existing transaction
15:18:17.289 [main] DEBUG org.springframework.jdbc.datasource.DataSourceTransactionManager - Participating in existing transaction
15:18:17.289 [main] DEBUG org.springframework.jdbc.datasource.SimpleDriverDataSource - Creating new JDBC Driver Connection to [jdbc:h2:mem:475a64a9-a099-4585-b375-b58eb15da6ef;DB_CLOSE_DELAY=-1;DB_CLOSE_ON_EXIT=false]
15:18:17.289 [main] DEBUG org.springframework.jdbc.datasource.DataSourceTransactionManager - Participating in existing transaction
15:18:17.290 [main] DEBUG org.springframework.jdbc.datasource.DataSourceTransactionManager - Participating in existing transaction
15:18:17.290 [main] DEBUG org.springframework.jdbc.datasource.DataSourceTransactionManager - Participating in existing transaction
15:18:17.290 [main] DEBUG org.springframework.jdbc.datasource.DataSourceTransactionManager - Participating in existing transaction
15:18:17.290 [main] DEBUG org.springframework.test.context.cache.DefaultCacheAwareContextLoaderDelegate - Retrieved ApplicationContext [1273710594] from cache with key [[MergedContextConfiguration@39e7d6fc testClass = ClassIT, locations = '{}', classes = '{class fr.insalyon.creatis.vip.core.server.SpringCoreConfig}', contextInitializerClasses = '[]', activeProfiles = '{test-db, test}', propertySourceLocations = '{}', propertySourceProperties = '{db.tableEngine=, vipConfigFolder=classpath:}', contextCustomizers = set[[empty]], contextLoader = 'org.springframework.test.context.support.DelegatingSmartContextLoader', parent = [null]]]
15:18:17.290 [main] DEBUG org.springframework.test.context.cache - Spring test ApplicationContext cache statistics: [DefaultContextCache@2fba07dc size = 1, maxSize = 32, parentContextCount = 0, hitCount = 211, missCount = 17]
15:18:17.291 [main] DEBUG org.springframework.jdbc.datasource.DataSourceTransactionManager - Participating in existing transaction
15:18:17.291 [main] DEBUG org.springframework.jdbc.datasource.DataSourceTransactionManager - Participating in existing transaction
15:18:17.291 [main] DEBUG org.springframework.jdbc.datasource.DataSourceTransactionManager - Participating in existing transaction
15:18:17.291 [main] DEBUG org.springframework.jdbc.datasource.DataSourceTransactionManager - Participating in existing transaction
15:18:17.292 [main] DEBUG org.springframework.test.context.cache.DefaultCacheAwareContextLoaderDelegate - Retrieved ApplicationContext [1273710594] from cache with key [[MergedContextConfiguration@39e7d6fc testClass = ClassIT, locations = '{}', classes = '{class fr.insalyon.creatis.vip.core.server.SpringCoreConfig}', contextInitializerClasses = '[]', activeProfiles = '{test-db, test}', propertySourceLocations = '{}', propertySourceProperties = '{db.tableEngine=, vipConfigFolder=classpath:}', contextCustomizers = set[[empty]], contextLoader = 'org.springframework.test.context.support.DelegatingSmartContextLoader', parent = [null]]]
15:18:17.292 [main] DEBUG org.springframework.test.context.cache - Spring test ApplicationContext cache statistics: [DefaultContextCache@2fba07dc size = 1, maxSize = 32, parentContextCount = 0, hitCount = 212, missCount = 17]
15:18:17.292 [main] DEBUG org.springframework.test.context.cache.DefaultCacheAwareContextLoaderDelegate - Retrieved ApplicationContext [1273710594] from cache with key [[MergedContextConfiguration@39e7d6fc testClass = ClassIT, locations = '{}', classes = '{class fr.insalyon.creatis.vip.core.server.SpringCoreConfig}', contextInitializerClasses = '[]', activeProfiles = '{test-db, test}', propertySourceLocations = '{}', propertySourceProperties = '{db.tableEngine=, vipConfigFolder=classpath:}', contextCustomizers = set[[empty]], contextLoader = 'org.springframework.test.context.support.DelegatingSmartContextLoader', parent = [null]]]
15:18:17.292 [main] DEBUG org.springframework.test.context.cache - Spring test ApplicationContext cache statistics: [DefaultContextCache@2fba07dc size = 1, maxSize = 32, parentContextCount = 0, hitCount = 213, missCount = 17]
15:18:17.292 [main] DEBUG org.springframework.jdbc.datasource.DataSourceTransactionManager - Initiating transaction rollback
15:18:17.292 [main] DEBUG org.springframework.jdbc.datasource.DataSourceTransactionManager - Rolling back JDBC transaction on Connection [conn163: url=jdbc:h2:mem:475a64a9-a099-4585-b375-b58eb15da6ef user=SA]
15:18:17.292 [main] DEBUG org.springframework.jdbc.datasource.DataSourceTransactionManager - Releasing JDBC Connection [conn163: url=jdbc:h2:mem:475a64a9-a099-4585-b375-b58eb15da6ef user=SA] after transaction
15:18:17.292 [main] INFO org.springframework.test.context.transaction.TransactionContext - Rolled back transaction for test: [DefaultTestContext@23803141 testClass = ClassIT, testInstance = fr.insalyon.creatis.vip.application.integrationtest.ClassIT@6df7e8a5, testMethod = testInitialization@ClassIT, testException = [null], mergedContextConfiguration = [MergedContextConfiguration@39e7d6fc testClass = ClassIT, locations = '{}', classes = '{class fr.insalyon.creatis.vip.core.server.SpringCoreConfig}', contextInitializerClasses = '[]', activeProfiles = '{test-db, test}', propertySourceLocations = '{}', propertySourceProperties = '{db.tableEngine=, vipConfigFolder=classpath:}', contextCustomizers = set[[empty]], contextLoader = 'org.springframework.test.context.support.DelegatingSmartContextLoader', parent = [null]], attributes = map['org.springframework.test.context.event.ApplicationEventsTestExecutionListener.recordApplicationEvents' -> false]]
15:18:17.293 [main] DEBUG org.springframework.test.context.support.AbstractDirtiesContextTestExecutionListener - After test method: context [DefaultTestContext@23803141 testClass = ClassIT, testInstance = fr.insalyon.creatis.vip.application.integrationtest.ClassIT@6df7e8a5, testMethod = testInitialization@ClassIT, testException = [null], mergedContextConfiguration = [MergedContextConfiguration@39e7d6fc testClass = ClassIT, locations = '{}', classes = '{class fr.insalyon.creatis.vip.core.server.SpringCoreConfig}', contextInitializerClasses = '[]', activeProfiles = '{test-db, test}', propertySourceLocations = '{}', propertySourceProperties = '{db.tableEngine=, vipConfigFolder=classpath:}', contextCustomizers = set[[empty]], contextLoader = 'org.springframework.test.context.support.DelegatingSmartContextLoader', parent = [null]], attributes = map['org.springframework.test.context.event.ApplicationEventsTestExecutionListener.recordApplicationEvents' -> false]], class annotated with @DirtiesContext [true] with mode [AFTER_EACH_TEST_METHOD], method annotated with @DirtiesContext [false] with mode [null].
15:18:17.293 [main] DEBUG org.springframework.context.support.GenericApplicationContext - Closing org.springframework.context.support.GenericApplicationContext@4beb4802, started on Tue Jul 11 15:18:17 CEST 2023
15:18:17.294 [main] INFO org.springframework.jdbc.datasource.embedded.EmbeddedDatabaseFactory - Shutting down embedded database: url='jdbc:h2:mem:475a64a9-a099-4585-b375-b58eb15da6ef;DB_CLOSE_DELAY=-1;DB_CLOSE_ON_EXIT=false'
15:18:17.294 [main] DEBUG org.springframework.jdbc.datasource.SimpleDriverDataSource - Creating new JDBC Driver Connection to [jdbc:h2:mem:475a64a9-a099-4585-b375-b58eb15da6ef;DB_CLOSE_DELAY=-1;DB_CLOSE_ON_EXIT=false]
]]></system-out>
  </testcase>
  <testcase name="testAddExistingClass" classname="fr.insalyon.creatis.vip.application.integrationtest.ClassIT" time="0.01">
    <system-out><![CDATA[15:18:17.296 [main] DEBUG org.springframework.test.context.support.DependencyInjectionTestExecutionListener - Performing dependency injection for test context [[DefaultTestContext@23803141 testClass = ClassIT, testInstance = fr.insalyon.creatis.vip.application.integrationtest.ClassIT@3b9e23dc, testMethod = [null], testException = [null], mergedContextConfiguration = [MergedContextConfiguration@39e7d6fc testClass = ClassIT, locations = '{}', classes = '{class fr.insalyon.creatis.vip.core.server.SpringCoreConfig}', contextInitializerClasses = '[]', activeProfiles = '{test-db, test}', propertySourceLocations = '{}', propertySourceProperties = '{db.tableEngine=, vipConfigFolder=classpath:}', contextCustomizers = set[[empty]], contextLoader = 'org.springframework.test.context.support.DelegatingSmartContextLoader', parent = [null]], attributes = map['org.springframework.test.context.event.ApplicationEventsTestExecutionListener.recordApplicationEvents' -> false, 'org.springframework.test.context.support.DependencyInjectionTestExecutionListener.reinjectDependencies' -> true]]].
15:18:17.296 [main] DEBUG org.springframework.test.context.support.AbstractDelegatingSmartContextLoader - Delegating to AnnotationConfigContextLoader to load context from [MergedContextConfiguration@39e7d6fc testClass = ClassIT, locations = '{}', classes = '{class fr.insalyon.creatis.vip.core.server.SpringCoreConfig}', contextInitializerClasses = '[]', activeProfiles = '{test-db, test}', propertySourceLocations = '{}', propertySourceProperties = '{db.tableEngine=, vipConfigFolder=classpath:}', contextCustomizers = set[[empty]], contextLoader = 'org.springframework.test.context.support.DelegatingSmartContextLoader', parent = [null]].
15:18:17.296 [main] DEBUG org.springframework.test.context.support.AbstractGenericContextLoader - Loading ApplicationContext for merged context configuration [[MergedContextConfiguration@39e7d6fc testClass = ClassIT, locations = '{}', classes = '{class fr.insalyon.creatis.vip.core.server.SpringCoreConfig}', contextInitializerClasses = '[]', activeProfiles = '{test-db, test}', propertySourceLocations = '{}', propertySourceProperties = '{db.tableEngine=, vipConfigFolder=classpath:}', contextCustomizers = set[[empty]], contextLoader = 'org.springframework.test.context.support.DelegatingSmartContextLoader', parent = [null]]].
15:18:17.296 [main] DEBUG org.springframework.core.env.StandardEnvironment - Activating profiles [test-db, test]
15:18:17.296 [main] DEBUG org.springframework.test.context.support.TestPropertySourceUtils - Adding inlined properties to environment: {db.tableEngine=, vipConfigFolder=classpath:}
15:18:17.296 [main] DEBUG org.springframework.test.context.support.AnnotationConfigContextLoader - Registering component classes: {class fr.insalyon.creatis.vip.core.server.SpringCoreConfig}
15:18:17.297 [main] DEBUG org.springframework.context.support.GenericApplicationContext - Refreshing org.springframework.context.support.GenericApplicationContext@1eb69a88
15:18:17.297 [main] DEBUG org.springframework.beans.factory.support.DefaultListableBeanFactory - Creating shared instance of singleton bean 'org.springframework.context.annotation.internalConfigurationAnnotationProcessor'
15:18:17.303 [main] DEBUG org.springframework.context.annotation.ClassPathBeanDefinitionScanner - Identified candidate component class: file [/home/marza/Documents/VIP-portal/vip-application/target/test-classes/fr/insalyon/creatis/vip/application/integrationtest/SpringApplicationTestConfig.class]
15:18:17.312 [main] DEBUG org.springframework.context.annotation.ClassPathBeanDefinitionScanner - Identified candidate component class: URL [jar:file:/home/marza/Documents/VIP-portal/vip-application/target/vip-application-2.4.1.jar!/fr/insalyon/creatis/vip/application/server/business/EngineBusiness.class]
15:18:17.312 [main] DEBUG org.springframework.context.annotation.ClassPathBeanDefinitionScanner - Identified candidate component class: URL [jar:file:/home/marza/Documents/VIP-portal/vip-application/target/vip-application-2.4.1.jar!/fr/insalyon/creatis/vip/application/server/business/simulation/parser/InputParser.class]
15:18:17.312 [main] DEBUG org.springframework.context.annotation.ClassPathBeanDefinitionScanner - Identified candidate component class: URL [jar:file:/home/marza/Documents/VIP-portal/vip-application/target/vip-application-2.4.1.jar!/fr/insalyon/creatis/vip/application/server/business/simulation/parser/ScuflParser.class]
15:18:17.312 [main] DEBUG org.springframework.context.annotation.ClassPathBeanDefinitionScanner - Identified candidate component class: URL [jar:file:/home/marza/Documents/VIP-portal/vip-application/target/vip-application-2.4.1.jar!/fr/insalyon/creatis/vip/application/server/business/simulation/parser/GwendiaParser.class]
15:18:17.312 [main] DEBUG org.springframework.context.annotation.ClassPathBeanDefinitionScanner - Identified candidate component class: URL [jar:file:/home/marza/Documents/VIP-portal/vip-application/target/vip-application-2.4.1.jar!/fr/insalyon/creatis/vip/application/server/business/BoutiquesBusiness.class]
15:18:17.313 [main] DEBUG org.springframework.context.annotation.ClassPathBeanDefinitionScanner - Identified candidate component class: URL [jar:file:/home/marza/Documents/VIP-portal/vip-application/target/vip-application-2.4.1.jar!/fr/insalyon/creatis/vip/application/server/dao/hibernate/SimulationStatsData.class]
15:18:17.313 [main] DEBUG org.springframework.context.annotation.ClassPathBeanDefinitionScanner - Identified candidate component class: URL [jar:file:/home/marza/Documents/VIP-portal/vip-application/target/vip-application-2.4.1.jar!/fr/insalyon/creatis/vip/application/server/dao/mysql/ApplicationData.class]
15:18:17.317 [main] DEBUG org.springframework.context.annotation.ClassPathBeanDefinitionScanner - Identified candidate component class: URL [jar:file:/home/marza/Documents/VIP-portal/vip-application/target/vip-application-2.4.1.jar!/fr/insalyon/creatis/vip/application/server/business/InputBusiness.class]
15:18:17.317 [main] DEBUG org.springframework.context.annotation.ClassPathBeanDefinitionScanner - Identified candidate component class: URL [jar:file:/home/marza/Documents/VIP-portal/vip-application/target/vip-application-2.4.1.jar!/fr/insalyon/creatis/vip/application/server/business/SimulationBusiness.class]
15:18:17.320 [main] DEBUG org.springframework.context.annotation.ClassPathBeanDefinitionScanner - Identified candidate component class: URL [jar:file:/home/marza/Documents/VIP-portal/vip-application/target/vip-application-2.4.1.jar!/fr/insalyon/creatis/vip/application/server/business/WorkflowExecutionBusiness.class]
15:18:17.320 [main] DEBUG org.springframework.context.annotation.ClassPathBeanDefinitionScanner - Identified candidate component class: URL [jar:file:/home/marza/Documents/VIP-portal/vip-application/target/vip-application-2.4.1.jar!/fr/insalyon/creatis/vip/application/server/business/ApplicationBusiness.class]
15:18:17.320 [main] DEBUG org.springframework.context.annotation.ClassPathBeanDefinitionScanner - Identified candidate component class: URL [jar:file:/home/marza/Documents/VIP-portal/vip-application/target/vip-application-2.4.1.jar!/fr/insalyon/creatis/vip/application/server/business/ClassBusiness.class]
15:18:17.321 [main] DEBUG org.springframework.context.annotation.ClassPathBeanDefinitionScanner - Identified candidate component class: URL [jar:file:/home/marza/Documents/VIP-portal/vip-application/target/vip-application-2.4.1.jar!/fr/insalyon/creatis/vip/application/server/dao/mysql/EngineData.class]
15:18:17.321 [main] DEBUG org.springframework.context.annotation.ClassPathBeanDefinitionScanner - Identified candidate component class: URL [jar:file:/home/marza/Documents/VIP-portal/vip-application/target/vip-application-2.4.1.jar!/fr/insalyon/creatis/vip/application/server/dao/mysql/ApplicationDataInitializer.class]
15:18:17.321 [main] DEBUG org.springframework.context.annotation.ClassPathBeanDefinitionScanner - Identified candidate component class: URL [jar:file:/home/marza/Documents/VIP-portal/vip-application/target/vip-application-2.4.1.jar!/fr/insalyon/creatis/vip/application/server/dao/mysql/ApplicationInputData.class]
15:18:17.321 [main] DEBUG org.springframework.context.annotation.ClassPathBeanDefinitionScanner - Identified candidate component class: URL [jar:file:/home/marza/Documents/VIP-portal/vip-application/target/vip-application-2.4.1.jar!/fr/insalyon/creatis/vip/application/server/dao/h2/ExecutionNodeData.class]
15:18:17.323 [main] DEBUG org.springframework.context.annotation.ClassPathBeanDefinitionScanner - Identified candidate component class: URL [jar:file:/home/marza/Documents/VIP-portal/vip-application/target/vip-application-2.4.1.jar!/fr/insalyon/creatis/vip/application/server/business/simulation/parser/InputM2Parser.class]
15:18:17.323 [main] DEBUG org.springframework.context.annotation.ClassPathBeanDefinitionScanner - Identified candidate component class: URL [jar:file:/home/marza/Documents/VIP-portal/vip-application/target/vip-application-2.4.1.jar!/fr/insalyon/creatis/vip/application/server/business/simulation/WebServiceEngine.class]
15:18:17.323 [main] DEBUG org.springframework.context.annotation.ClassPathBeanDefinitionScanner - Identified candidate component class: URL [jar:file:/home/marza/Documents/VIP-portal/vip-application/target/vip-application-2.4.1.jar!/fr/insalyon/creatis/vip/application/server/business/WorkflowBusiness.class]
15:18:17.323 [main] DEBUG org.springframework.context.annotation.ClassPathBeanDefinitionScanner - Identified candidate component class: URL [jar:file:/home/marza/Documents/VIP-portal/vip-application/target/vip-application-2.4.1.jar!/fr/insalyon/creatis/vip/application/server/dao/mysql/ClassData.class]
15:18:17.324 [main] DEBUG org.springframework.context.annotation.ClassPathBeanDefinitionScanner - Identified candidate component class: URL [jar:file:/home/marza/Documents/VIP-portal/vip-application/target/vip-application-2.4.1.jar!/fr/insalyon/creatis/vip/application/server/dao/h2/SimulationData.class]
15:18:17.332 [main] DEBUG org.springframework.context.annotation.ClassPathBeanDefinitionScanner - Identified candidate component class: URL [jar:file:/home/marza/Documents/VIP-portal/vip-core/target/vip-core-2.4.1.jar!/fr/insalyon/creatis/vip/core/server/dao/mysql/UsersGroupsData.class]
15:18:17.333 [main] DEBUG org.springframework.context.annotation.ClassPathBeanDefinitionScanner - Identified candidate component class: URL [jar:file:/home/marza/Documents/VIP-portal/vip-core/target/vip-core-2.4.1.jar!/fr/insalyon/creatis/vip/core/server/business/StatsBusiness.class]
15:18:17.333 [main] DEBUG org.springframework.context.annotation.ClassPathBeanDefinitionScanner - Identified candidate component class: URL [jar:file:/home/marza/Documents/VIP-portal/vip-core/target/vip-core-2.4.1.jar!/fr/insalyon/creatis/vip/core/server/business/VipSessionBusiness.class]
15:18:17.334 [main] DEBUG org.springframework.context.annotation.ClassPathBeanDefinitionScanner - Identified candidate component class: URL [jar:file:/home/marza/Documents/VIP-portal/vip-core/target/vip-core-2.4.1.jar!/fr/insalyon/creatis/vip/core/server/DataSourceConfig.class]
15:18:17.334 [main] DEBUG org.springframework.context.annotation.ClassPathBeanDefinitionScanner - Identified candidate component class: URL [jar:file:/home/marza/Documents/VIP-portal/vip-core/target/vip-core-2.4.1.jar!/fr/insalyon/creatis/vip/core/server/dao/mysql/TermsUseData.class]
15:18:17.334 [main] DEBUG org.springframework.context.annotation.ClassPathBeanDefinitionScanner - Identified candidate component class: URL [jar:file:/home/marza/Documents/VIP-portal/vip-core/target/vip-core-2.4.1.jar!/fr/insalyon/creatis/vip/core/server/dao/mysql/CoreDataInitializer.class]
15:18:17.334 [main] DEBUG org.springframework.context.annotation.ClassPathBeanDefinitionScanner - Identified candidate component class: URL [jar:file:/home/marza/Documents/VIP-portal/vip-core/target/vip-core-2.4.1.jar!/fr/insalyon/creatis/vip/core/server/dao/mysql/GroupData.class]
15:18:17.338 [main] DEBUG org.springframework.context.annotation.ClassPathBeanDefinitionScanner - Identified candidate component class: URL [jar:file:/home/marza/Documents/VIP-portal/vip-core/target/vip-core-2.4.1.jar!/fr/insalyon/creatis/vip/core/server/business/EmailBusiness.class]
15:18:17.338 [main] DEBUG org.springframework.context.annotation.ClassPathBeanDefinitionScanner - Identified candidate component class: URL [jar:file:/home/marza/Documents/VIP-portal/vip-core/target/vip-core-2.4.1.jar!/fr/insalyon/creatis/vip/core/server/business/proxy/ProxyClient.class]
15:18:17.338 [main] DEBUG org.springframework.context.annotation.ClassPathBeanDefinitionScanner - Identified candidate component class: URL [jar:file:/home/marza/Documents/VIP-portal/vip-core/target/vip-core-2.4.1.jar!/fr/insalyon/creatis/vip/core/server/business/ConfigurationBusiness.class]
15:18:17.339 [main] DEBUG org.springframework.context.annotation.ClassPathBeanDefinitionScanner - Identified candidate component class: URL [jar:file:/home/marza/Documents/VIP-portal/vip-core/target/vip-core-2.4.1.jar!/fr/insalyon/creatis/vip/core/server/dao/mysql/TableInitializer.class]
15:18:17.339 [main] DEBUG org.springframework.context.annotation.ClassPathBeanDefinitionScanner - Identified candidate component class: URL [jar:file:/home/marza/Documents/VIP-portal/vip-core/target/vip-core-2.4.1.jar!/fr/insalyon/creatis/vip/core/server/dao/mysql/UserData.class]
15:18:17.345 [main] DEBUG org.springframework.context.annotation.ClassPathBeanDefinitionScanner - Identified candidate component class: URL [jar:file:/home/marza/Documents/VIP-portal/vip-datamanagement/target/vip-datamanager-2.4.1.jar!/fr/insalyon/creatis/vip/datamanager/server/business/LfcPathsBusiness.class]
15:18:17.345 [main] DEBUG org.springframework.context.annotation.ClassPathBeanDefinitionScanner - Identified candidate component class: URL [jar:file:/home/marza/Documents/VIP-portal/vip-datamanagement/target/vip-datamanager-2.4.1.jar!/fr/insalyon/creatis/vip/datamanager/server/business/ExternalPlatformBusiness.class]
15:18:17.346 [main] DEBUG org.springframework.context.annotation.ClassPathBeanDefinitionScanner - Identified candidate component class: URL [jar:file:/home/marza/Documents/VIP-portal/vip-datamanagement/target/vip-datamanager-2.4.1.jar!/fr/insalyon/creatis/vip/datamanager/server/business/GirderStorageBusiness.class]
15:18:17.346 [main] DEBUG org.springframework.context.annotation.ClassPathBeanDefinitionScanner - Identified candidate component class: URL [jar:file:/home/marza/Documents/VIP-portal/vip-datamanagement/target/vip-datamanager-2.4.1.jar!/fr/insalyon/creatis/vip/datamanager/server/business/DataManagerBusiness.class]
15:18:17.346 [main] DEBUG org.springframework.context.annotation.ClassPathBeanDefinitionScanner - Identified candidate component class: URL [jar:file:/home/marza/Documents/VIP-portal/vip-datamanagement/target/vip-datamanager-2.4.1.jar!/fr/insalyon/creatis/vip/datamanager/server/business/ApiKeyBusiness.class]
15:18:17.346 [main] DEBUG org.springframework.context.annotation.ClassPathBeanDefinitionScanner - Identified candidate component class: URL [jar:file:/home/marza/Documents/VIP-portal/vip-datamanagement/target/vip-datamanager-2.4.1.jar!/fr/insalyon/creatis/vip/datamanager/server/business/ShanoirStorageBusiness.class]
15:18:17.346 [main] DEBUG org.springframework.context.annotation.ClassPathBeanDefinitionScanner - Identified candidate component class: URL [jar:file:/home/marza/Documents/VIP-portal/vip-datamanagement/target/vip-datamanager-2.4.1.jar!/fr/insalyon/creatis/vip/datamanager/server/business/TransferPoolBusiness.class]
15:18:17.346 [main] DEBUG org.springframework.context.annotation.ClassPathBeanDefinitionScanner - Identified candidate component class: URL [jar:file:/home/marza/Documents/VIP-portal/vip-datamanagement/target/vip-datamanager-2.4.1.jar!/fr/insalyon/creatis/vip/datamanager/server/business/LFCBusiness.class]
15:18:17.346 [main] DEBUG org.springframework.context.annotation.ClassPathBeanDefinitionScanner - Identified candidate component class: URL [jar:file:/home/marza/Documents/VIP-portal/vip-datamanagement/target/vip-datamanager-2.4.1.jar!/fr/insalyon/creatis/vip/datamanager/server/business/LFCPermissionBusiness.class]
15:18:17.347 [main] DEBUG org.springframework.context.annotation.ClassPathBeanDefinitionScanner - Identified candidate component class: URL [jar:file:/home/marza/Documents/VIP-portal/vip-datamanagement/target/vip-datamanager-2.4.1.jar!/fr/insalyon/creatis/vip/datamanager/server/dao/mysql/SSHData.class]
15:18:17.347 [main] DEBUG org.springframework.context.annotation.ClassPathBeanDefinitionScanner - Identified candidate component class: URL [jar:file:/home/marza/Documents/VIP-portal/vip-datamanagement/target/vip-datamanager-2.4.1.jar!/fr/insalyon/creatis/vip/datamanager/server/dao/mysql/ApiKeysData.class]
15:18:17.347 [main] DEBUG org.springframework.context.annotation.ClassPathBeanDefinitionScanner - Identified candidate component class: URL [jar:file:/home/marza/Documents/VIP-portal/vip-datamanagement/target/vip-datamanager-2.4.1.jar!/fr/insalyon/creatis/vip/datamanager/server/dao/mysql/ExternalPlatformData.class]
15:18:17.347 [main] DEBUG org.springframework.context.annotation.ClassPathBeanDefinitionScanner - Identified candidate component class: URL [jar:file:/home/marza/Documents/VIP-portal/vip-datamanagement/target/vip-datamanager-2.4.1.jar!/fr/insalyon/creatis/vip/datamanager/server/dao/mysql/DataManagerDataInitializer.class]
15:18:17.350 [main] DEBUG org.springframework.context.annotation.ClassPathBeanDefinitionScanner - Identified candidate component class: URL [jar:file:/home/marza/Documents/VIP-portal/vip-social/target/vip-social-2.4.1.jar!/fr/insalyon/creatis/vip/social/server/business/MessageBusiness.class]
15:18:17.350 [main] DEBUG org.springframework.context.annotation.ClassPathBeanDefinitionScanner - Identified candidate component class: URL [jar:file:/home/marza/Documents/VIP-portal/vip-social/target/vip-social-2.4.1.jar!/fr/insalyon/creatis/vip/social/server/dao/mysql/MessageData.class]
15:18:17.350 [main] DEBUG org.springframework.context.annotation.ClassPathBeanDefinitionScanner - Identified candidate component class: URL [jar:file:/home/marza/Documents/VIP-portal/vip-social/target/vip-social-2.4.1.jar!/fr/insalyon/creatis/vip/social/server/dao/mysql/MessagingDataInitializer.class]
15:18:17.350 [main] DEBUG org.springframework.context.annotation.ClassPathBeanDefinitionScanner - Identified candidate component class: URL [jar:file:/home/marza/Documents/VIP-portal/vip-social/target/vip-social-2.4.1.jar!/fr/insalyon/creatis/vip/social/server/dao/mysql/GroupMessageData.class]
15:18:17.351 [main] DEBUG org.springframework.context.annotation.ClassPathBeanDefinitionScanner - Identified candidate component class: URL [jar:file:/home/marza/Documents/VIP-portal/vip-core/target/vip-core-2.4.1-tests.jar!/fr/insalyon/creatis/vip/core/integrationtest/TestDataSourceSpringConfig.class]
15:18:17.351 [main] DEBUG org.springframework.context.annotation.ClassPathBeanDefinitionScanner - Identified candidate component class: URL [jar:file:/home/marza/Documents/VIP-portal/vip-core/target/vip-core-2.4.1-tests.jar!/fr/insalyon/creatis/vip/core/integrationtest/SpingTestConfig.class]
15:18:17.352 [main] DEBUG org.springframework.context.annotation.ClassPathBeanDefinitionScanner - Identified candidate component class: URL [jar:file:/home/marza/Documents/VIP-portal/vip-core/target/vip-core-2.4.1-tests.jar!/fr/insalyon/creatis/vip/core/integrationtest/ServerMockConfig.class]
15:18:17.368 [main] DEBUG org.springframework.beans.factory.support.DefaultListableBeanFactory - Creating shared instance of singleton bean 'properties'
15:18:17.368 [main] DEBUG org.springframework.beans.factory.support.DefaultListableBeanFactory - Creating shared instance of singleton bean 'org.springframework.context.event.internalEventListenerProcessor'
15:18:17.368 [main] DEBUG org.springframework.beans.factory.support.DefaultListableBeanFactory - Creating shared instance of singleton bean 'org.springframework.context.event.internalEventListenerFactory'
15:18:17.368 [main] DEBUG org.springframework.beans.factory.support.DefaultListableBeanFactory - Creating shared instance of singleton bean 'org.springframework.transaction.config.internalTransactionalEventListenerFactory'
15:18:17.368 [main] DEBUG org.springframework.beans.factory.support.DefaultListableBeanFactory - Creating shared instance of singleton bean 'org.springframework.context.annotation.internalAutowiredAnnotationProcessor'
15:18:17.369 [main] DEBUG org.springframework.beans.factory.support.DefaultListableBeanFactory - Creating shared instance of singleton bean 'org.springframework.context.annotation.internalCommonAnnotationProcessor'
15:18:17.369 [main] DEBUG org.springframework.beans.factory.support.DefaultListableBeanFactory - Creating shared instance of singleton bean 'org.springframework.aop.config.internalAutoProxyCreator'
15:18:17.370 [main] DEBUG org.springframework.beans.factory.support.DefaultListableBeanFactory - Creating shared instance of singleton bean 'conversionService'
15:18:17.370 [main] DEBUG org.springframework.beans.factory.support.DefaultListableBeanFactory - Creating shared instance of singleton bean 'org.springframework.transaction.config.internalTransactionAdvisor'
15:18:17.370 [main] DEBUG org.springframework.beans.factory.support.DefaultListableBeanFactory - Creating shared instance of singleton bean 'org.springframework.transaction.annotation.ProxyTransactionManagementConfiguration'
15:18:17.371 [main] DEBUG org.springframework.beans.factory.support.DefaultListableBeanFactory - Creating shared instance of singleton bean 'transactionAttributeSource'
15:18:17.371 [main] DEBUG org.springframework.beans.factory.support.DefaultListableBeanFactory - Creating shared instance of singleton bean 'transactionInterceptor'
15:18:17.371 [main] DEBUG org.springframework.beans.factory.support.DefaultListableBeanFactory - Autowiring by type from bean name 'transactionInterceptor' via factory method to bean named 'transactionAttributeSource'
15:18:17.371 [main] DEBUG org.springframework.beans.factory.support.DefaultListableBeanFactory - Autowiring by type from bean name 'org.springframework.transaction.config.internalTransactionAdvisor' via factory method to bean named 'transactionAttributeSource'
15:18:17.371 [main] DEBUG org.springframework.beans.factory.support.DefaultListableBeanFactory - Autowiring by type from bean name 'org.springframework.transaction.config.internalTransactionAdvisor' via factory method to bean named 'transactionInterceptor'
15:18:17.372 [main] DEBUG org.springframework.beans.factory.support.DefaultListableBeanFactory - Creating shared instance of singleton bean 'springCoreConfig'
15:18:17.372 [main] DEBUG org.springframework.beans.factory.support.DefaultListableBeanFactory - Creating shared instance of singleton bean 'springApplicationTestConfig'
15:18:17.372 [main] DEBUG org.springframework.beans.factory.support.DefaultListableBeanFactory - Creating shared instance of singleton bean 'engineBusiness'
15:18:17.373 [main] DEBUG org.springframework.beans.factory.support.DefaultListableBeanFactory - Creating shared instance of singleton bean 'engineData'
15:18:17.373 [main] DEBUG org.springframework.beans.factory.support.DefaultListableBeanFactory - Creating shared instance of singleton bean 'lazyDataSource'
15:18:17.373 [main] DEBUG org.springframework.beans.factory.support.DefaultListableBeanFactory - Creating shared instance of singleton bean 'testDataSource'
15:18:17.373 [main] DEBUG org.springframework.beans.factory.support.DefaultListableBeanFactory - Creating shared instance of singleton bean 'testDataSourceSpringConfig'
15:18:17.374 [main] INFO org.springframework.jdbc.datasource.embedded.EmbeddedDatabaseFactory - Starting embedded database: url='jdbc:h2:mem:d137784c-5aaa-447d-a12f-012e6d7e59c7;DB_CLOSE_DELAY=-1;DB_CLOSE_ON_EXIT=false', username='sa'
15:18:17.374 [main] DEBUG org.springframework.jdbc.datasource.DataSourceUtils - Fetching JDBC Connection from DataSource
15:18:17.374 [main] DEBUG org.springframework.jdbc.datasource.SimpleDriverDataSource - Creating new JDBC Driver Connection to [jdbc:h2:mem:d137784c-5aaa-447d-a12f-012e6d7e59c7;DB_CLOSE_DELAY=-1;DB_CLOSE_ON_EXIT=false]
15:18:17.376 [main] DEBUG org.springframework.beans.factory.support.DefaultListableBeanFactory - Autowiring by type from bean name 'lazyDataSource' via factory method to bean named 'testDataSource'
15:18:17.376 [main] DEBUG org.springframework.jdbc.datasource.SimpleDriverDataSource - Creating new JDBC Driver Connection to [jdbc:h2:mem:d137784c-5aaa-447d-a12f-012e6d7e59c7;DB_CLOSE_DELAY=-1;DB_CLOSE_ON_EXIT=false]
15:18:17.377 [main] DEBUG org.springframework.beans.factory.support.DefaultListableBeanFactory - Autowiring by type from bean name 'engineBusiness' via constructor to bean named 'engineData'
15:18:17.377 [main] DEBUG org.springframework.beans.factory.support.DefaultListableBeanFactory - Creating shared instance of singleton bean 'boutiquesBusiness'
15:18:17.378 [main] DEBUG org.springframework.beans.factory.support.DefaultListableBeanFactory - Creating shared instance of singleton bean 'testServer'
15:18:17.378 [main] DEBUG org.springframework.beans.factory.support.DefaultListableBeanFactory - Creating shared instance of singleton bean 'serverMockConfig'
15:18:17.381 [main] DEBUG org.springframework.beans.factory.support.DefaultListableBeanFactory - Creating shared instance of singleton bean 'dataManagerBusiness'
15:18:17.382 [main] DEBUG org.springframework.beans.factory.support.DefaultListableBeanFactory - Creating shared instance of singleton bean 'SSHData'
15:18:17.382 [main] DEBUG org.springframework.beans.factory.support.DefaultListableBeanFactory - Creating shared instance of singleton bean 'testGridaClient'
15:18:17.382 [main] DEBUG org.springframework.beans.factory.support.DefaultListableBeanFactory - Creating shared instance of singleton bean 'spingTestConfig'
15:18:17.383 [main] DEBUG org.springframework.beans.factory.support.DefaultListableBeanFactory - Creating shared instance of singleton bean 'gridaCacheClient'
15:18:17.383 [main] DEBUG org.springframework.beans.factory.support.DefaultListableBeanFactory - Autowiring by type from bean name 'gridaCacheClient' via factory method to bean named 'testServer'
15:18:17.384 [main] DEBUG org.springframework.beans.factory.support.DefaultListableBeanFactory - Creating shared instance of singleton bean 'gridaZombieClient'
15:18:17.384 [main] DEBUG org.springframework.beans.factory.support.DefaultListableBeanFactory - Autowiring by type from bean name 'gridaZombieClient' via factory method to bean named 'testServer'
15:18:17.385 [main] DEBUG org.springframework.beans.factory.support.DefaultListableBeanFactory - Creating shared instance of singleton bean 'configurationBusiness'
15:18:17.386 [main] DEBUG org.springframework.beans.factory.support.DefaultListableBeanFactory - Creating shared instance of singleton bean 'testProxyClient'
15:18:17.387 [main] DEBUG org.springframework.beans.factory.support.DefaultListableBeanFactory - Creating shared instance of singleton bean 'testEmailBusiness'
15:18:17.388 [main] DEBUG org.springframework.beans.factory.support.DefaultListableBeanFactory - Creating shared instance of singleton bean 'testGridaPoolClient'
15:18:17.388 [main] DEBUG org.springframework.beans.factory.support.DefaultListableBeanFactory - Creating shared instance of singleton bean 'groupData'
15:18:17.389 [main] DEBUG org.springframework.beans.factory.support.DefaultListableBeanFactory - Creating shared instance of singleton bean 'termsUseData'
15:18:17.389 [main] DEBUG org.springframework.beans.factory.support.DefaultListableBeanFactory - Creating shared instance of singleton bean 'userData'
15:18:17.390 [main] DEBUG org.springframework.beans.factory.support.DefaultListableBeanFactory - Creating shared instance of singleton bean 'usersGroupsData'
15:18:17.390 [main] DEBUG org.springframework.beans.factory.support.DefaultListableBeanFactory - Autowiring by type from bean name 'usersGroupsData' via constructor to bean named 'groupData'
15:18:17.391 [main] DEBUG org.springframework.beans.factory.support.DefaultListableBeanFactory - Autowiring by type from bean name 'configurationBusiness' via constructor to bean named 'testServer'
15:18:17.391 [main] DEBUG org.springframework.beans.factory.support.DefaultListableBeanFactory - Autowiring by type from bean name 'configurationBusiness' via constructor to bean named 'testProxyClient'
15:18:17.391 [main] DEBUG org.springframework.beans.factory.support.DefaultListableBeanFactory - Autowiring by type from bean name 'configurationBusiness' via constructor to bean named 'testEmailBusiness'
15:18:17.391 [main] DEBUG org.springframework.beans.factory.support.DefaultListableBeanFactory - Autowiring by type from bean name 'configurationBusiness' via constructor to bean named 'testGridaClient'
15:18:17.391 [main] DEBUG org.springframework.beans.factory.support.DefaultListableBeanFactory - Autowiring by type from bean name 'configurationBusiness' via constructor to bean named 'testGridaPoolClient'
15:18:17.391 [main] DEBUG org.springframework.beans.factory.support.DefaultListableBeanFactory - Autowiring by type from bean name 'configurationBusiness' via constructor to bean named 'groupData'
15:18:17.391 [main] DEBUG org.springframework.beans.factory.support.DefaultListableBeanFactory - Autowiring by type from bean name 'configurationBusiness' via constructor to bean named 'termsUseData'
15:18:17.391 [main] DEBUG org.springframework.beans.factory.support.DefaultListableBeanFactory - Autowiring by type from bean name 'configurationBusiness' via constructor to bean named 'userData'
15:18:17.391 [main] DEBUG org.springframework.beans.factory.support.DefaultListableBeanFactory - Autowiring by type from bean name 'configurationBusiness' via constructor to bean named 'usersGroupsData'
15:18:17.391 [main] DEBUG org.springframework.beans.factory.support.DefaultListableBeanFactory - Creating shared instance of singleton bean 'lfcPathsBusiness'
15:18:17.391 [main] DEBUG org.springframework.beans.factory.support.DefaultListableBeanFactory - Autowiring by type from bean name 'lfcPathsBusiness' via constructor to bean named 'testServer'
15:18:17.391 [main] DEBUG org.springframework.beans.factory.support.DefaultListableBeanFactory - Autowiring by type from bean name 'lfcPathsBusiness' via constructor to bean named 'groupData'
15:18:17.392 [main] DEBUG org.springframework.beans.factory.support.DefaultListableBeanFactory - Autowiring by type from bean name 'dataManagerBusiness' via constructor to bean named 'SSHData'
15:18:17.392 [main] DEBUG org.springframework.beans.factory.support.DefaultListableBeanFactory - Autowiring by type from bean name 'dataManagerBusiness' via constructor to bean named 'testGridaClient'
15:18:17.392 [main] DEBUG org.springframework.beans.factory.support.DefaultListableBeanFactory - Autowiring by type from bean name 'dataManagerBusiness' via constructor to bean named 'gridaCacheClient'
15:18:17.392 [main] DEBUG org.springframework.beans.factory.support.DefaultListableBeanFactory - Autowiring by type from bean name 'dataManagerBusiness' via constructor to bean named 'gridaZombieClient'
15:18:17.392 [main] DEBUG org.springframework.beans.factory.support.DefaultListableBeanFactory - Autowiring by type from bean name 'dataManagerBusiness' via constructor to bean named 'configurationBusiness'
15:18:17.392 [main] DEBUG org.springframework.beans.factory.support.DefaultListableBeanFactory - Autowiring by type from bean name 'dataManagerBusiness' via constructor to bean named 'lfcPathsBusiness'
15:18:17.392 [main] DEBUG org.springframework.beans.factory.support.DefaultListableBeanFactory - Autowiring by type from bean name 'dataManagerBusiness' via constructor to bean named 'testServer'
15:18:17.392 [main] DEBUG org.springframework.beans.factory.support.DefaultListableBeanFactory - Creating shared instance of singleton bean 'applicationBusiness'
15:18:17.393 [main] DEBUG org.springframework.beans.factory.support.DefaultListableBeanFactory - Creating shared instance of singleton bean 'applicationData'
15:18:17.393 [main] DEBUG org.springframework.beans.factory.support.DefaultListableBeanFactory - Creating shared instance of singleton bean 'classData'
15:18:17.394 [main] DEBUG org.springframework.beans.factory.support.DefaultListableBeanFactory - Autowiring by type from bean name 'applicationData' via constructor to bean named 'lazyDataSource'
15:18:17.394 [main] DEBUG org.springframework.beans.factory.support.DefaultListableBeanFactory - Autowiring by type from bean name 'applicationData' via constructor to bean named 'classData'
15:18:17.394 [main] DEBUG org.springframework.beans.factory.support.DefaultListableBeanFactory - Autowiring by type from bean name 'applicationBusiness' via constructor to bean named 'applicationData'
15:18:17.394 [main] DEBUG org.springframework.beans.factory.support.DefaultListableBeanFactory - Autowiring by type from bean name 'applicationBusiness' via constructor to bean named 'classData'
15:18:17.394 [main] DEBUG org.springframework.beans.factory.support.DefaultListableBeanFactory - Autowiring by type from bean name 'applicationBusiness' via constructor to bean named 'groupData'
15:18:17.394 [main] DEBUG org.springframework.beans.factory.support.DefaultListableBeanFactory - Autowiring by type from bean name 'boutiquesBusiness' via constructor to bean named 'testServer'
15:18:17.394 [main] DEBUG org.springframework.beans.factory.support.DefaultListableBeanFactory - Autowiring by type from bean name 'boutiquesBusiness' via constructor to bean named 'dataManagerBusiness'
15:18:17.394 [main] DEBUG org.springframework.beans.factory.support.DefaultListableBeanFactory - Autowiring by type from bean name 'boutiquesBusiness' via constructor to bean named 'applicationBusiness'
15:18:17.394 [main] DEBUG org.springframework.beans.factory.support.DefaultListableBeanFactory - Creating shared instance of singleton bean 'simulationStatsData'
15:18:17.395 [main] DEBUG org.springframework.beans.factory.support.DefaultListableBeanFactory - Creating shared instance of singleton bean 'sessionFactory'
15:18:17.396 [main] DEBUG org.springframework.beans.factory.support.DefaultListableBeanFactory - Autowiring by type from bean name 'simulationStatsData' via constructor to bean named 'sessionFactory'
15:18:17.396 [main] DEBUG org.springframework.beans.factory.support.DefaultListableBeanFactory - Creating shared instance of singleton bean 'inputBusiness'
15:18:17.396 [main] DEBUG org.springframework.beans.factory.support.DefaultListableBeanFactory - Creating shared instance of singleton bean 'applicationInputData'
15:18:17.397 [main] DEBUG org.springframework.beans.factory.support.DefaultListableBeanFactory - Autowiring by type from bean name 'inputBusiness' via constructor to bean named 'applicationInputData'
15:18:17.397 [main] DEBUG org.springframework.beans.factory.support.DefaultListableBeanFactory - Autowiring by type from bean name 'inputBusiness' via constructor to bean named 'dataManagerBusiness'
15:18:17.399 [main] DEBUG org.springframework.beans.factory.support.DefaultListableBeanFactory - Creating shared instance of singleton bean 'simulationBusiness'
15:18:17.399 [main] DEBUG org.springframework.beans.factory.support.DefaultListableBeanFactory - Autowiring by type from bean name 'simulationBusiness' via constructor to bean named 'lfcPathsBusiness'
15:18:17.399 [main] DEBUG org.springframework.beans.factory.support.DefaultListableBeanFactory - Autowiring by type from bean name 'simulationBusiness' via constructor to bean named 'testServer'
15:18:17.401 [main] DEBUG org.springframework.beans.factory.support.DefaultListableBeanFactory - Creating shared instance of singleton bean 'classBusiness'
15:18:17.402 [main] DEBUG org.springframework.beans.factory.support.DefaultListableBeanFactory - Autowiring by type from bean name 'classBusiness' via constructor to bean named 'classData'
15:18:17.402 [main] DEBUG org.springframework.beans.factory.support.DefaultListableBeanFactory - Creating shared instance of singleton bean 'applicationDataInitializer'
15:18:17.402 [main] DEBUG org.springframework.beans.factory.support.DefaultListableBeanFactory - Creating shared instance of singleton bean 'tableInitializer'
15:18:17.403 [main] DEBUG org.springframework.core.env.PropertySourcesPropertyResolver - Found key 'db.tableEngine' in PropertySource 'Inlined Test Properties' with value of type String
15:18:17.403 [main] DEBUG org.springframework.core.env.PropertySourcesPropertyResolver - Found key 'db.tableEngine' in PropertySource 'environmentProperties' with value of type String
15:18:17.403 [main] DEBUG org.springframework.beans.factory.support.DefaultListableBeanFactory - Autowiring by type from bean name 'applicationDataInitializer' via constructor to bean named 'lazyDataSource'
15:18:17.403 [main] DEBUG org.springframework.beans.factory.support.DefaultListableBeanFactory - Autowiring by type from bean name 'applicationDataInitializer' via constructor to bean named 'tableInitializer'
15:18:17.403 [main] DEBUG org.springframework.beans.factory.support.DefaultListableBeanFactory - Creating shared instance of singleton bean 'workflowBusiness'
15:18:17.404 [main] DEBUG org.springframework.beans.factory.support.DefaultListableBeanFactory - Creating shared instance of singleton bean 'getTestWorkflowDAO'
15:18:17.405 [main] DEBUG org.springframework.beans.factory.support.DefaultListableBeanFactory - Creating shared instance of singleton bean 'getTestProcessorDAO'
15:18:17.405 [main] DEBUG org.springframework.beans.factory.support.DefaultListableBeanFactory - Creating shared instance of singleton bean 'getTestOutputDAO'
15:18:17.406 [main] DEBUG org.springframework.beans.factory.support.DefaultListableBeanFactory - Creating shared instance of singleton bean 'getTestInputDAO'
15:18:17.406 [main] DEBUG org.springframework.beans.factory.support.DefaultListableBeanFactory - Creating shared instance of singleton bean 'getTestStatsDAO'
15:18:17.406 [main] DEBUG org.springframework.beans.factory.support.DefaultListableBeanFactory - Creating shared instance of singleton bean 'externalPlatformBusiness'
15:18:17.407 [main] DEBUG org.springframework.beans.factory.support.DefaultListableBeanFactory - Creating shared instance of singleton bean 'girderStorageBusiness'
15:18:17.407 [main] DEBUG org.springframework.beans.factory.support.DefaultListableBeanFactory - Creating shared instance of singleton bean 'apiKeyBusiness'
15:18:17.407 [main] DEBUG org.springframework.beans.factory.support.DefaultListableBeanFactory - Creating shared instance of singleton bean 'apiKeysData'
15:18:17.408 [main] DEBUG org.springframework.beans.factory.support.DefaultListableBeanFactory - Autowiring by type from bean name 'apiKeyBusiness' via constructor to bean named 'apiKeysData'
15:18:17.408 [main] DEBUG org.springframework.beans.factory.support.DefaultListableBeanFactory - Autowiring by type from bean name 'girderStorageBusiness' via constructor to bean named 'apiKeyBusiness'
15:18:17.408 [main] DEBUG org.springframework.beans.factory.support.DefaultListableBeanFactory - Autowiring by type from bean name 'girderStorageBusiness' via constructor to bean named 'testServer'
15:18:17.408 [main] DEBUG org.springframework.beans.factory.support.DefaultListableBeanFactory - Creating shared instance of singleton bean 'shanoirStorageBusiness'
15:18:17.408 [main] DEBUG org.springframework.beans.factory.support.DefaultListableBeanFactory - Creating shared instance of singleton bean 'externalPlatformData'
15:18:17.409 [main] DEBUG org.springframework.beans.factory.support.DefaultListableBeanFactory - Autowiring by type from bean name 'externalPlatformBusiness' via constructor to bean named 'girderStorageBusiness'
15:18:17.409 [main] DEBUG org.springframework.beans.factory.support.DefaultListableBeanFactory - Autowiring by type from bean name 'externalPlatformBusiness' via constructor to bean named 'shanoirStorageBusiness'
15:18:17.409 [main] DEBUG org.springframework.beans.factory.support.DefaultListableBeanFactory - Autowiring by type from bean name 'externalPlatformBusiness' via constructor to bean named 'externalPlatformData'
15:18:17.409 [main] DEBUG org.springframework.beans.factory.support.DefaultListableBeanFactory - Autowiring by type from bean name 'workflowBusiness' via constructor to bean named 'testServer'
15:18:17.409 [main] DEBUG org.springframework.beans.factory.support.DefaultListableBeanFactory - Autowiring by type from bean name 'workflowBusiness' via constructor to bean named 'simulationStatsData'
15:18:17.409 [main] DEBUG org.springframework.beans.factory.support.DefaultListableBeanFactory - Autowiring by type from bean name 'workflowBusiness' via constructor to bean named 'getTestWorkflowDAO'
15:18:17.409 [main] DEBUG org.springframework.beans.factory.support.DefaultListableBeanFactory - Autowiring by type from bean name 'workflowBusiness' via constructor to bean named 'getTestProcessorDAO'
15:18:17.409 [main] DEBUG org.springframework.beans.factory.support.DefaultListableBeanFactory - Autowiring by type from bean name 'workflowBusiness' via constructor to bean named 'getTestOutputDAO'
15:18:17.409 [main] DEBUG org.springframework.beans.factory.support.DefaultListableBeanFactory - Autowiring by type from bean name 'workflowBusiness' via constructor to bean named 'getTestInputDAO'
15:18:17.409 [main] DEBUG org.springframework.beans.factory.support.DefaultListableBeanFactory - Autowiring by type from bean name 'workflowBusiness' via constructor to bean named 'getTestStatsDAO'
15:18:17.409 [main] DEBUG org.springframework.beans.factory.support.DefaultListableBeanFactory - Autowiring by type from bean name 'workflowBusiness' via constructor to bean named 'engineData'
15:18:17.409 [main] DEBUG org.springframework.beans.factory.support.DefaultListableBeanFactory - Autowiring by type from bean name 'workflowBusiness' via constructor to bean named 'applicationData'
15:18:17.409 [main] DEBUG org.springframework.beans.factory.support.DefaultListableBeanFactory - Autowiring by type from bean name 'workflowBusiness' via constructor to bean named 'usersGroupsData'
15:18:17.409 [main] DEBUG org.springframework.beans.factory.support.DefaultListableBeanFactory - Autowiring by type from bean name 'workflowBusiness' via constructor to bean named 'engineBusiness'
15:18:17.409 [main] DEBUG org.springframework.beans.factory.support.DefaultListableBeanFactory - Autowiring by type from bean name 'workflowBusiness' via constructor to bean named 'dataManagerBusiness'
15:18:17.409 [main] DEBUG org.springframework.beans.factory.support.DefaultListableBeanFactory - Autowiring by type from bean name 'workflowBusiness' via constructor to bean named 'testEmailBusiness'
15:18:17.409 [main] DEBUG org.springframework.beans.factory.support.DefaultListableBeanFactory - Autowiring by type from bean name 'workflowBusiness' via constructor to bean named 'lfcPathsBusiness'
15:18:17.409 [main] DEBUG org.springframework.beans.factory.support.DefaultListableBeanFactory - Autowiring by type from bean name 'workflowBusiness' via constructor to bean named 'testGridaPoolClient'
15:18:17.409 [main] DEBUG org.springframework.beans.factory.support.DefaultListableBeanFactory - Autowiring by type from bean name 'workflowBusiness' via constructor to bean named 'testGridaClient'
15:18:17.409 [main] DEBUG org.springframework.beans.factory.support.DefaultListableBeanFactory - Autowiring by type from bean name 'workflowBusiness' via constructor to bean named 'externalPlatformBusiness'
15:18:17.411 [main] DEBUG org.springframework.beans.factory.support.DefaultListableBeanFactory - Creating shared instance of singleton bean 'statsBusiness'
15:18:17.412 [main] DEBUG org.springframework.beans.factory.support.DefaultListableBeanFactory - Autowiring by type from bean name 'statsBusiness' via constructor to bean named 'userData'
15:18:17.412 [main] DEBUG org.springframework.beans.factory.support.DefaultListableBeanFactory - Creating shared instance of singleton bean 'vipSessionBusiness'
15:18:17.412 [main] DEBUG org.springframework.beans.factory.support.DefaultListableBeanFactory - Autowiring by type from bean name 'vipSessionBusiness' via constructor to bean named 'testServer'
15:18:17.412 [main] DEBUG org.springframework.beans.factory.support.DefaultListableBeanFactory - Autowiring by type from bean name 'vipSessionBusiness' via constructor to bean named 'configurationBusiness'
15:18:17.412 [main] DEBUG org.springframework.beans.factory.support.DefaultListableBeanFactory - Creating shared instance of singleton bean 'dataSourceConfig'
15:18:17.413 [main] DEBUG org.springframework.beans.factory.support.DefaultListableBeanFactory - Creating shared instance of singleton bean 'coreDataInitializer'
15:18:17.413 [main] DEBUG org.springframework.beans.factory.support.DefaultListableBeanFactory - Autowiring by type from bean name 'coreDataInitializer' via constructor to bean named 'groupData'
15:18:17.413 [main] DEBUG org.springframework.beans.factory.support.DefaultListableBeanFactory - Autowiring by type from bean name 'coreDataInitializer' via constructor to bean named 'lazyDataSource'
15:18:17.413 [main] DEBUG org.springframework.beans.factory.support.DefaultListableBeanFactory - Autowiring by type from bean name 'coreDataInitializer' via constructor to bean named 'tableInitializer'
15:18:17.413 [main] DEBUG org.springframework.beans.factory.support.DefaultListableBeanFactory - Autowiring by type from bean name 'coreDataInitializer' via constructor to bean named 'testServer'
15:18:17.413 [main] DEBUG org.springframework.beans.factory.support.DefaultListableBeanFactory - Autowiring by type from bean name 'coreDataInitializer' via constructor to bean named 'userData'
15:18:17.413 [main] DEBUG org.springframework.beans.factory.support.DefaultListableBeanFactory - Autowiring by type from bean name 'coreDataInitializer' via constructor to bean named 'usersGroupsData'
15:18:17.413 [main] DEBUG org.springframework.beans.factory.support.DefaultListableBeanFactory - Autowiring by type from bean name 'coreDataInitializer' via constructor to bean named 'termsUseData'
15:18:17.413 [main] DEBUG org.springframework.beans.factory.support.DefaultListableBeanFactory - Creating shared instance of singleton bean 'emailBusiness'
15:18:17.414 [main] DEBUG org.springframework.beans.factory.support.DefaultListableBeanFactory - Creating shared instance of singleton bean 'smaClient'
15:18:17.414 [main] DEBUG org.springframework.beans.factory.support.DefaultListableBeanFactory - Autowiring by type from bean name 'smaClient' via factory method to bean named 'testServer'
15:18:17.414 [main] DEBUG org.springframework.beans.factory.support.DefaultListableBeanFactory - Autowiring by type from bean name 'emailBusiness' via constructor to bean named 'smaClient'
15:18:17.414 [main] DEBUG org.springframework.beans.factory.support.DefaultListableBeanFactory - Creating shared instance of singleton bean 'proxyClient'
15:18:17.415 [main] DEBUG org.springframework.beans.factory.support.DefaultListableBeanFactory - Autowiring by type from bean name 'proxyClient' via constructor to bean named 'testServer'
15:18:17.415 [main] DEBUG org.springframework.beans.factory.support.DefaultListableBeanFactory - Creating shared instance of singleton bean 'transferPoolBusiness'
15:18:17.415 [main] DEBUG org.springframework.beans.factory.support.DefaultListableBeanFactory - Creating shared instance of singleton bean 'LFCBusiness'
15:18:17.415 [main] DEBUG org.springframework.beans.factory.support.DefaultListableBeanFactory - Autowiring by type from bean name 'LFCBusiness' via constructor to bean named 'testGridaClient'
15:18:17.415 [main] DEBUG org.springframework.beans.factory.support.DefaultListableBeanFactory - Autowiring by type from bean name 'LFCBusiness' via constructor to bean named 'lfcPathsBusiness'
15:18:17.416 [main] DEBUG org.springframework.beans.factory.support.DefaultListableBeanFactory - Autowiring by type from bean name 'transferPoolBusiness' via constructor to bean named 'testServer'
15:18:17.416 [main] DEBUG org.springframework.beans.factory.support.DefaultListableBeanFactory - Autowiring by type from bean name 'transferPoolBusiness' via constructor to bean named 'LFCBusiness'
15:18:17.416 [main] DEBUG org.springframework.beans.factory.support.DefaultListableBeanFactory - Autowiring by type from bean name 'transferPoolBusiness' via constructor to bean named 'testGridaPoolClient'
15:18:17.416 [main] DEBUG org.springframework.beans.factory.support.DefaultListableBeanFactory - Autowiring by type from bean name 'transferPoolBusiness' via constructor to bean named 'lfcPathsBusiness'
15:18:17.416 [main] DEBUG org.springframework.beans.factory.support.DefaultListableBeanFactory - Creating shared instance of singleton bean 'LFCPermissionBusiness'
15:18:17.416 [main] DEBUG org.springframework.beans.factory.support.DefaultListableBeanFactory - Autowiring by type from bean name 'LFCPermissionBusiness' via constructor to bean named 'dataManagerBusiness'
15:18:17.416 [main] DEBUG org.springframework.beans.factory.support.DefaultListableBeanFactory - Autowiring by type from bean name 'LFCPermissionBusiness' via constructor to bean named 'lfcPathsBusiness'
15:18:17.416 [main] DEBUG org.springframework.beans.factory.support.DefaultListableBeanFactory - Creating shared instance of singleton bean 'dataManagerDataInitializer'
15:18:17.417 [main] DEBUG org.springframework.beans.factory.support.DefaultListableBeanFactory - Autowiring by type from bean name 'dataManagerDataInitializer' via constructor to bean named 'lazyDataSource'
15:18:17.417 [main] DEBUG org.springframework.beans.factory.support.DefaultListableBeanFactory - Autowiring by type from bean name 'dataManagerDataInitializer' via constructor to bean named 'tableInitializer'
15:18:17.417 [main] DEBUG org.springframework.beans.factory.support.DefaultListableBeanFactory - Creating shared instance of singleton bean 'messageBusiness'
15:18:17.417 [main] DEBUG org.springframework.beans.factory.support.DefaultListableBeanFactory - Creating shared instance of singleton bean 'messageData'
15:18:17.418 [main] DEBUG org.springframework.beans.factory.support.DefaultListableBeanFactory - Autowiring by type from bean name 'messageData' via constructor to bean named 'userData'
15:18:17.418 [main] DEBUG org.springframework.beans.factory.support.DefaultListableBeanFactory - Autowiring by type from bean name 'messageData' via constructor to bean named 'lazyDataSource'
15:18:17.418 [main] DEBUG org.springframework.beans.factory.support.DefaultListableBeanFactory - Creating shared instance of singleton bean 'groupMessageData'
15:18:17.418 [main] DEBUG org.springframework.beans.factory.support.DefaultListableBeanFactory - Autowiring by type from bean name 'groupMessageData' via constructor to bean named 'userData'
15:18:17.418 [main] DEBUG org.springframework.beans.factory.support.DefaultListableBeanFactory - Autowiring by type from bean name 'groupMessageData' via constructor to bean named 'groupData'
15:18:17.418 [main] DEBUG org.springframework.beans.factory.support.DefaultListableBeanFactory - Autowiring by type from bean name 'groupMessageData' via constructor to bean named 'messageData'
15:18:17.418 [main] DEBUG org.springframework.beans.factory.support.DefaultListableBeanFactory - Autowiring by type from bean name 'groupMessageData' via constructor to bean named 'lazyDataSource'
15:18:17.418 [main] DEBUG org.springframework.beans.factory.support.DefaultListableBeanFactory - Autowiring by type from bean name 'messageBusiness' via constructor to bean named 'messageData'
15:18:17.418 [main] DEBUG org.springframework.beans.factory.support.DefaultListableBeanFactory - Autowiring by type from bean name 'messageBusiness' via constructor to bean named 'groupMessageData'
15:18:17.418 [main] DEBUG org.springframework.beans.factory.support.DefaultListableBeanFactory - Autowiring by type from bean name 'messageBusiness' via constructor to bean named 'usersGroupsData'
15:18:17.418 [main] DEBUG org.springframework.beans.factory.support.DefaultListableBeanFactory - Autowiring by type from bean name 'messageBusiness' via constructor to bean named 'configurationBusiness'
15:18:17.418 [main] DEBUG org.springframework.beans.factory.support.DefaultListableBeanFactory - Autowiring by type from bean name 'messageBusiness' via constructor to bean named 'testEmailBusiness'
15:18:17.418 [main] DEBUG org.springframework.beans.factory.support.DefaultListableBeanFactory - Creating shared instance of singleton bean 'messagingDataInitializer'
15:18:17.419 [main] DEBUG org.springframework.beans.factory.support.DefaultListableBeanFactory - Autowiring by type from bean name 'messagingDataInitializer' via constructor to bean named 'lazyDataSource'
15:18:17.419 [main] DEBUG org.springframework.beans.factory.support.DefaultListableBeanFactory - Autowiring by type from bean name 'messagingDataInitializer' via constructor to bean named 'tableInitializer'
15:18:17.419 [main] DEBUG org.springframework.beans.factory.support.DefaultListableBeanFactory - Creating shared instance of singleton bean 'workflowsDBDAOFactory'
15:18:17.419 [main] DEBUG org.springframework.beans.factory.support.DefaultListableBeanFactory - Creating shared instance of singleton bean 'vipConfigFolder'
15:18:17.419 [main] DEBUG org.springframework.beans.factory.support.DefaultListableBeanFactory - Autowiring by type from bean name 'vipConfigFolder' via factory method to bean named 'org.springframework.context.support.GenericApplicationContext@1eb69a88'
15:18:17.419 [main] DEBUG org.springframework.core.env.PropertySourcesPropertyResolver - Found key 'vipConfigFolder' in PropertySource 'Inlined Test Properties' with value of type String
15:18:17.419 [main] INFO fr.insalyon.creatis.vip.core.server.SpringCoreConfig - found vipConfigFolder property : classpath:
15:18:17.420 [main] DEBUG org.springframework.beans.factory.support.DefaultListableBeanFactory - Creating shared instance of singleton bean 'transactionManager'
15:18:17.420 [main] DEBUG org.springframework.beans.factory.support.DefaultListableBeanFactory - Autowiring by type from bean name 'transactionManager' via factory method to bean named 'lazyDataSource'
15:18:17.420 [main] DEBUG org.springframework.beans.factory.support.DefaultListableBeanFactory - Creating shared instance of singleton bean 'gridaClient'
15:18:17.420 [main] DEBUG org.springframework.beans.factory.support.DefaultListableBeanFactory - Autowiring by type from bean name 'gridaClient' via factory method to bean named 'testServer'
15:18:17.421 [main] DEBUG org.springframework.beans.factory.support.DefaultListableBeanFactory - Creating shared instance of singleton bean 'gridaPoolClient'
15:18:17.421 [main] DEBUG org.springframework.beans.factory.support.DefaultListableBeanFactory - Autowiring by type from bean name 'gridaPoolClient' via factory method to bean named 'testServer'
15:18:17.422 [main] DEBUG org.springframework.context.event.EventListenerMethodProcessor - 1 @EventListener methods processed on bean 'applicationDataInitializer': {public void fr.insalyon.creatis.vip.application.server.dao.mysql.ApplicationDataInitializer.onStartup()=@org.springframework.context.event.EventListener(classes=[org.springframework.context.event.ContextRefreshedEvent], condition=, id=, value=[org.springframework.context.event.ContextRefreshedEvent])}
15:18:17.422 [main] DEBUG org.springframework.context.event.EventListenerMethodProcessor - 1 @EventListener methods processed on bean 'coreDataInitializer': {public void fr.insalyon.creatis.vip.core.server.dao.mysql.CoreDataInitializer.onStartup()=@org.springframework.context.event.EventListener(classes=[org.springframework.context.event.ContextRefreshedEvent], condition=, id=, value=[org.springframework.context.event.ContextRefreshedEvent])}
15:18:17.422 [main] DEBUG org.springframework.context.event.EventListenerMethodProcessor - 1 @EventListener methods processed on bean 'dataManagerDataInitializer': {public void fr.insalyon.creatis.vip.datamanager.server.dao.mysql.DataManagerDataInitializer.onStartup()=@org.springframework.context.event.EventListener(classes=[org.springframework.context.event.ContextRefreshedEvent], condition=, id=, value=[org.springframework.context.event.ContextRefreshedEvent])}
15:18:17.423 [main] DEBUG org.springframework.context.event.EventListenerMethodProcessor - 1 @EventListener methods processed on bean 'messagingDataInitializer': {public void fr.insalyon.creatis.vip.social.server.dao.mysql.MessagingDataInitializer.onStartup()=@org.springframework.context.event.EventListener(classes=[org.springframework.context.event.ContextRefreshedEvent], condition=, id=, value=[org.springframework.context.event.ContextRefreshedEvent])}
15:18:17.423 [main] DEBUG org.springframework.jdbc.datasource.DataSourceTransactionManager - Creating new transaction with name [fr.insalyon.creatis.vip.core.server.dao.mysql.CoreDataInitializer.onStartup]: PROPAGATION_REQUIRED,ISOLATION_DEFAULT
15:18:17.424 [main] DEBUG org.springframework.jdbc.datasource.DataSourceTransactionManager - Acquired Connection [Lazy Connection proxy for target DataSource [org.springframework.jdbc.datasource.embedded.EmbeddedDatabaseFactory$EmbeddedDataSourceProxy@191cf952]] for JDBC transaction
15:18:17.424 [main] DEBUG org.springframework.jdbc.datasource.DataSourceTransactionManager - Switching JDBC Connection [Lazy Connection proxy for target DataSource [org.springframework.jdbc.datasource.embedded.EmbeddedDatabaseFactory$EmbeddedDataSourceProxy@191cf952]] to manual commit
15:18:17.424 [main] INFO fr.insalyon.creatis.vip.core.server.dao.mysql.CoreDataInitializer - Configuring VIP core database.
15:18:17.424 [main] DEBUG org.springframework.jdbc.datasource.DataSourceTransactionManager - Participating in existing transaction
15:18:17.424 [main] DEBUG org.springframework.jdbc.datasource.SimpleDriverDataSource - Creating new JDBC Driver Connection to [jdbc:h2:mem:d137784c-5aaa-447d-a12f-012e6d7e59c7;DB_CLOSE_DELAY=-1;DB_CLOSE_ON_EXIT=false]
15:18:17.425 [main] INFO fr.insalyon.creatis.vip.core.server.dao.mysql.TableInitializer - Table VIPUsers successfully created.
15:18:17.426 [main] DEBUG org.springframework.jdbc.datasource.DataSourceTransactionManager - Participating in existing transaction
15:18:17.426 [main] DEBUG org.springframework.jdbc.datasource.DataSourceTransactionManager - Participating in existing transaction
15:18:17.426 [main] INFO fr.insalyon.creatis.vip.core.server.dao.mysql.TableInitializer - Table VIPGroups successfully created.
15:18:17.426 [main] DEBUG org.springframework.jdbc.datasource.DataSourceTransactionManager - Participating in existing transaction
15:18:17.426 [main] DEBUG org.springframework.jdbc.datasource.DataSourceTransactionManager - Participating in existing transaction
15:18:17.427 [main] INFO fr.insalyon.creatis.vip.core.server.dao.mysql.TableInitializer - Table VIPUsersGroups successfully created.
15:18:17.428 [main] DEBUG org.springframework.jdbc.datasource.DataSourceTransactionManager - Participating in existing transaction
15:18:17.428 [main] DEBUG org.springframework.jdbc.datasource.DataSourceTransactionManager - Participating in existing transaction
15:18:17.428 [main] INFO fr.insalyon.creatis.vip.core.server.dao.mysql.TableInitializer - Table VIPTermsOfuse successfully created.
15:18:17.428 [main] DEBUG org.springframework.jdbc.datasource.DataSourceTransactionManager - Participating in existing transaction
15:18:17.428 [main] DEBUG org.springframework.jdbc.datasource.DataSourceTransactionManager - Initiating transaction commit
15:18:17.428 [main] DEBUG org.springframework.jdbc.datasource.DataSourceTransactionManager - Committing JDBC transaction on Connection [conn168: url=jdbc:h2:mem:d137784c-5aaa-447d-a12f-012e6d7e59c7 user=SA]
15:18:17.428 [main] DEBUG org.springframework.jdbc.datasource.DataSourceTransactionManager - Releasing JDBC Connection [conn168: url=jdbc:h2:mem:d137784c-5aaa-447d-a12f-012e6d7e59c7 user=SA] after transaction
15:18:17.428 [main] DEBUG org.springframework.jdbc.datasource.DataSourceTransactionManager - Creating new transaction with name [fr.insalyon.creatis.vip.application.server.dao.mysql.ApplicationDataInitializer.onStartup]: PROPAGATION_REQUIRED,ISOLATION_DEFAULT
15:18:17.429 [main] DEBUG org.springframework.jdbc.datasource.DataSourceTransactionManager - Acquired Connection [Lazy Connection proxy for target DataSource [org.springframework.jdbc.datasource.embedded.EmbeddedDatabaseFactory$EmbeddedDataSourceProxy@191cf952]] for JDBC transaction
15:18:17.429 [main] DEBUG org.springframework.jdbc.datasource.DataSourceTransactionManager - Switching JDBC Connection [Lazy Connection proxy for target DataSource [org.springframework.jdbc.datasource.embedded.EmbeddedDatabaseFactory$EmbeddedDataSourceProxy@191cf952]] to manual commit
15:18:17.429 [main] INFO fr.insalyon.creatis.vip.application.server.dao.mysql.ApplicationDataInitializer - Configuring VIP Application database.
15:18:17.429 [main] DEBUG org.springframework.jdbc.datasource.DataSourceTransactionManager - Participating in existing transaction
15:18:17.429 [main] DEBUG org.springframework.jdbc.datasource.SimpleDriverDataSource - Creating new JDBC Driver Connection to [jdbc:h2:mem:d137784c-5aaa-447d-a12f-012e6d7e59c7;DB_CLOSE_DELAY=-1;DB_CLOSE_ON_EXIT=false]
15:18:17.430 [main] INFO fr.insalyon.creatis.vip.core.server.dao.mysql.TableInitializer - Table VIPEngines successfully created.
15:18:17.430 [main] DEBUG org.springframework.jdbc.datasource.DataSourceTransactionManager - Participating in existing transaction
15:18:17.430 [main] INFO fr.insalyon.creatis.vip.core.server.dao.mysql.TableInitializer - Table VIPClasses successfully created.
15:18:17.430 [main] DEBUG org.springframework.jdbc.datasource.DataSourceTransactionManager - Participating in existing transaction
15:18:17.430 [main] INFO fr.insalyon.creatis.vip.core.server.dao.mysql.TableInitializer - Table VIPClassesEngines successfully created.
15:18:17.430 [main] DEBUG org.springframework.jdbc.datasource.DataSourceTransactionManager - Participating in existing transaction
15:18:17.431 [main] INFO fr.insalyon.creatis.vip.core.server.dao.mysql.TableInitializer - Table VIPGroupsClasses successfully created.
15:18:17.431 [main] DEBUG org.springframework.jdbc.datasource.DataSourceTransactionManager - Participating in existing transaction
15:18:17.431 [main] INFO fr.insalyon.creatis.vip.core.server.dao.mysql.TableInitializer - Table VIPApplications successfully created.
15:18:17.431 [main] DEBUG org.springframework.jdbc.datasource.DataSourceTransactionManager - Participating in existing transaction
15:18:17.432 [main] INFO fr.insalyon.creatis.vip.core.server.dao.mysql.TableInitializer - Table VIPAppVersions successfully created.
15:18:17.432 [main] DEBUG org.springframework.jdbc.datasource.DataSourceTransactionManager - Participating in existing transaction
15:18:17.432 [main] INFO fr.insalyon.creatis.vip.core.server.dao.mysql.TableInitializer - Table VIPApplicationClasses successfully created.
15:18:17.432 [main] DEBUG org.springframework.jdbc.datasource.DataSourceTransactionManager - Participating in existing transaction
15:18:17.433 [main] INFO fr.insalyon.creatis.vip.core.server.dao.mysql.TableInitializer - Table VIPAppInputs successfully created.
15:18:17.433 [main] DEBUG org.springframework.jdbc.datasource.DataSourceTransactionManager - Participating in existing transaction
15:18:17.433 [main] INFO fr.insalyon.creatis.vip.core.server.dao.mysql.TableInitializer - Table VIPAppExamples successfully created.
15:18:17.433 [main] DEBUG org.springframework.jdbc.datasource.DataSourceTransactionManager - Initiating transaction commit
15:18:17.433 [main] DEBUG org.springframework.jdbc.datasource.DataSourceTransactionManager - Committing JDBC transaction on Connection [conn169: url=jdbc:h2:mem:d137784c-5aaa-447d-a12f-012e6d7e59c7 user=SA]
15:18:17.433 [main] DEBUG org.springframework.jdbc.datasource.DataSourceTransactionManager - Releasing JDBC Connection [conn169: url=jdbc:h2:mem:d137784c-5aaa-447d-a12f-012e6d7e59c7 user=SA] after transaction
15:18:17.433 [main] DEBUG org.springframework.jdbc.datasource.DataSourceTransactionManager - Creating new transaction with name [fr.insalyon.creatis.vip.datamanager.server.dao.mysql.DataManagerDataInitializer.onStartup]: PROPAGATION_REQUIRED,ISOLATION_DEFAULT
15:18:17.434 [main] DEBUG org.springframework.jdbc.datasource.DataSourceTransactionManager - Acquired Connection [Lazy Connection proxy for target DataSource [org.springframework.jdbc.datasource.embedded.EmbeddedDatabaseFactory$EmbeddedDataSourceProxy@191cf952]] for JDBC transaction
15:18:17.434 [main] DEBUG org.springframework.jdbc.datasource.DataSourceTransactionManager - Switching JDBC Connection [Lazy Connection proxy for target DataSource [org.springframework.jdbc.datasource.embedded.EmbeddedDatabaseFactory$EmbeddedDataSourceProxy@191cf952]] to manual commit
15:18:17.434 [main] INFO fr.insalyon.creatis.vip.datamanager.server.dao.mysql.DataManagerDataInitializer - Configuring VIP SSH database.
15:18:17.434 [main] DEBUG org.springframework.jdbc.datasource.DataSourceTransactionManager - Participating in existing transaction
15:18:17.435 [main] DEBUG org.springframework.jdbc.datasource.SimpleDriverDataSource - Creating new JDBC Driver Connection to [jdbc:h2:mem:d137784c-5aaa-447d-a12f-012e6d7e59c7;DB_CLOSE_DELAY=-1;DB_CLOSE_ON_EXIT=false]
15:18:17.435 [main] INFO fr.insalyon.creatis.vip.core.server.dao.mysql.TableInitializer - Table VIPSSHAccounts successfully created.
15:18:17.435 [main] INFO fr.insalyon.creatis.vip.datamanager.server.dao.mysql.DataManagerDataInitializer - Configuring VIP External Platforms database.
15:18:17.435 [main] DEBUG org.springframework.jdbc.datasource.DataSourceTransactionManager - Participating in existing transaction
15:18:17.436 [main] INFO fr.insalyon.creatis.vip.core.server.dao.mysql.TableInitializer - Table VIPExternalPlatforms successfully created.
15:18:17.436 [main] INFO fr.insalyon.creatis.vip.datamanager.server.dao.mysql.DataManagerDataInitializer - Configuring VIP api keys database.
15:18:17.436 [main] DEBUG org.springframework.jdbc.datasource.DataSourceTransactionManager - Participating in existing transaction
15:18:17.436 [main] INFO fr.insalyon.creatis.vip.core.server.dao.mysql.TableInitializer - Table VIPApiKeys successfully created.
15:18:17.436 [main] DEBUG org.springframework.jdbc.datasource.DataSourceTransactionManager - Initiating transaction commit
15:18:17.436 [main] DEBUG org.springframework.jdbc.datasource.DataSourceTransactionManager - Committing JDBC transaction on Connection [conn170: url=jdbc:h2:mem:d137784c-5aaa-447d-a12f-012e6d7e59c7 user=SA]
15:18:17.436 [main] DEBUG org.springframework.jdbc.datasource.DataSourceTransactionManager - Releasing JDBC Connection [conn170: url=jdbc:h2:mem:d137784c-5aaa-447d-a12f-012e6d7e59c7 user=SA] after transaction
15:18:17.436 [main] DEBUG org.springframework.jdbc.datasource.DataSourceTransactionManager - Creating new transaction with name [fr.insalyon.creatis.vip.social.server.dao.mysql.MessagingDataInitializer.onStartup]: PROPAGATION_REQUIRED,ISOLATION_DEFAULT
15:18:17.437 [main] DEBUG org.springframework.jdbc.datasource.DataSourceTransactionManager - Acquired Connection [Lazy Connection proxy for target DataSource [org.springframework.jdbc.datasource.embedded.EmbeddedDatabaseFactory$EmbeddedDataSourceProxy@191cf952]] for JDBC transaction
15:18:17.437 [main] DEBUG org.springframework.jdbc.datasource.DataSourceTransactionManager - Switching JDBC Connection [Lazy Connection proxy for target DataSource [org.springframework.jdbc.datasource.embedded.EmbeddedDatabaseFactory$EmbeddedDataSourceProxy@191cf952]] to manual commit
15:18:17.437 [main] INFO fr.insalyon.creatis.vip.social.server.dao.mysql.MessagingDataInitializer - Configuring VIP Social database.
15:18:17.437 [main] DEBUG org.springframework.jdbc.datasource.DataSourceTransactionManager - Participating in existing transaction
15:18:17.438 [main] DEBUG org.springframework.jdbc.datasource.SimpleDriverDataSource - Creating new JDBC Driver Connection to [jdbc:h2:mem:d137784c-5aaa-447d-a12f-012e6d7e59c7;DB_CLOSE_DELAY=-1;DB_CLOSE_ON_EXIT=false]
15:18:17.438 [main] INFO fr.insalyon.creatis.vip.core.server.dao.mysql.TableInitializer - Table VIPSocialMessage successfully created.
15:18:17.438 [main] DEBUG org.springframework.jdbc.datasource.DataSourceTransactionManager - Participating in existing transaction
15:18:17.439 [main] INFO fr.insalyon.creatis.vip.core.server.dao.mysql.TableInitializer - Table VIPSocialMessageSenderReceiver successfully created.
15:18:17.439 [main] DEBUG org.springframework.jdbc.datasource.DataSourceTransactionManager - Participating in existing transaction
15:18:17.440 [main] INFO fr.insalyon.creatis.vip.core.server.dao.mysql.TableInitializer - Table VIPSocialGroupMessage successfully created.
15:18:17.440 [main] DEBUG org.springframework.jdbc.datasource.DataSourceTransactionManager - Initiating transaction commit
15:18:17.440 [main] DEBUG org.springframework.jdbc.datasource.DataSourceTransactionManager - Committing JDBC transaction on Connection [conn171: url=jdbc:h2:mem:d137784c-5aaa-447d-a12f-012e6d7e59c7 user=SA]
15:18:17.440 [main] DEBUG org.springframework.jdbc.datasource.DataSourceTransactionManager - Releasing JDBC Connection [conn171: url=jdbc:h2:mem:d137784c-5aaa-447d-a12f-012e6d7e59c7 user=SA] after transaction
15:18:17.440 [main] DEBUG org.springframework.test.context.cache.DefaultCacheAwareContextLoaderDelegate - Storing ApplicationContext [515283592] in cache under key [[MergedContextConfiguration@39e7d6fc testClass = ClassIT, locations = '{}', classes = '{class fr.insalyon.creatis.vip.core.server.SpringCoreConfig}', contextInitializerClasses = '[]', activeProfiles = '{test-db, test}', propertySourceLocations = '{}', propertySourceProperties = '{db.tableEngine=, vipConfigFolder=classpath:}', contextCustomizers = set[[empty]], contextLoader = 'org.springframework.test.context.support.DelegatingSmartContextLoader', parent = [null]]]
15:18:17.440 [main] DEBUG org.springframework.test.context.cache - Spring test ApplicationContext cache statistics: [DefaultContextCache@2fba07dc size = 1, maxSize = 32, parentContextCount = 0, hitCount = 213, missCount = 18]
15:18:17.442 [main] DEBUG org.springframework.test.context.cache.DefaultCacheAwareContextLoaderDelegate - Retrieved ApplicationContext [515283592] from cache with key [[MergedContextConfiguration@39e7d6fc testClass = ClassIT, locations = '{}', classes = '{class fr.insalyon.creatis.vip.core.server.SpringCoreConfig}', contextInitializerClasses = '[]', activeProfiles = '{test-db, test}', propertySourceLocations = '{}', propertySourceProperties = '{db.tableEngine=, vipConfigFolder=classpath:}', contextCustomizers = set[[empty]], contextLoader = 'org.springframework.test.context.support.DelegatingSmartContextLoader', parent = [null]]]
15:18:17.442 [main] DEBUG org.springframework.test.context.cache - Spring test ApplicationContext cache statistics: [DefaultContextCache@2fba07dc size = 1, maxSize = 32, parentContextCount = 0, hitCount = 214, missCount = 18]
15:18:17.443 [main] DEBUG org.springframework.test.context.support.AbstractDirtiesContextTestExecutionListener - Before test method: context [DefaultTestContext@23803141 testClass = ClassIT, testInstance = fr.insalyon.creatis.vip.application.integrationtest.ClassIT@3b9e23dc, testMethod = testAddExistingClass@ClassIT, testException = [null], mergedContextConfiguration = [MergedContextConfiguration@39e7d6fc testClass = ClassIT, locations = '{}', classes = '{class fr.insalyon.creatis.vip.core.server.SpringCoreConfig}', contextInitializerClasses = '[]', activeProfiles = '{test-db, test}', propertySourceLocations = '{}', propertySourceProperties = '{db.tableEngine=, vipConfigFolder=classpath:}', contextCustomizers = set[[empty]], contextLoader = 'org.springframework.test.context.support.DelegatingSmartContextLoader', parent = [null]], attributes = map['org.springframework.test.context.event.ApplicationEventsTestExecutionListener.recordApplicationEvents' -> false]], class annotated with @DirtiesContext [true] with mode [AFTER_EACH_TEST_METHOD], method annotated with @DirtiesContext [false] with mode [null].
15:18:17.443 [main] DEBUG org.springframework.test.context.transaction.TransactionalTestExecutionListener - Explicit transaction definition [PROPAGATION_REQUIRED,ISOLATION_DEFAULT] found for test context [DefaultTestContext@23803141 testClass = ClassIT, testInstance = fr.insalyon.creatis.vip.application.integrationtest.ClassIT@3b9e23dc, testMethod = testAddExistingClass@ClassIT, testException = [null], mergedContextConfiguration = [MergedContextConfiguration@39e7d6fc testClass = ClassIT, locations = '{}', classes = '{class fr.insalyon.creatis.vip.core.server.SpringCoreConfig}', contextInitializerClasses = '[]', activeProfiles = '{test-db, test}', propertySourceLocations = '{}', propertySourceProperties = '{db.tableEngine=, vipConfigFolder=classpath:}', contextCustomizers = set[[empty]], contextLoader = 'org.springframework.test.context.support.DelegatingSmartContextLoader', parent = [null]], attributes = map['org.springframework.test.context.event.ApplicationEventsTestExecutionListener.recordApplicationEvents' -> false]]
15:18:17.444 [main] DEBUG org.springframework.test.context.cache.DefaultCacheAwareContextLoaderDelegate - Retrieved ApplicationContext [515283592] from cache with key [[MergedContextConfiguration@39e7d6fc testClass = ClassIT, locations = '{}', classes = '{class fr.insalyon.creatis.vip.core.server.SpringCoreConfig}', contextInitializerClasses = '[]', activeProfiles = '{test-db, test}', propertySourceLocations = '{}', propertySourceProperties = '{db.tableEngine=, vipConfigFolder=classpath:}', contextCustomizers = set[[empty]], contextLoader = 'org.springframework.test.context.support.DelegatingSmartContextLoader', parent = [null]]]
15:18:17.444 [main] DEBUG org.springframework.test.context.cache - Spring test ApplicationContext cache statistics: [DefaultContextCache@2fba07dc size = 1, maxSize = 32, parentContextCount = 0, hitCount = 215, missCount = 18]
15:18:17.444 [main] DEBUG org.springframework.test.context.transaction.TransactionalTestExecutionListener - No method-level @Rollback override: using default rollback [true] for test context [DefaultTestContext@23803141 testClass = ClassIT, testInstance = fr.insalyon.creatis.vip.application.integrationtest.ClassIT@3b9e23dc, testMethod = testAddExistingClass@ClassIT, testException = [null], mergedContextConfiguration = [MergedContextConfiguration@39e7d6fc testClass = ClassIT, locations = '{}', classes = '{class fr.insalyon.creatis.vip.core.server.SpringCoreConfig}', contextInitializerClasses = '[]', activeProfiles = '{test-db, test}', propertySourceLocations = '{}', propertySourceProperties = '{db.tableEngine=, vipConfigFolder=classpath:}', contextCustomizers = set[[empty]], contextLoader = 'org.springframework.test.context.support.DelegatingSmartContextLoader', parent = [null]], attributes = map['org.springframework.test.context.event.ApplicationEventsTestExecutionListener.recordApplicationEvents' -> false]].
15:18:17.444 [main] DEBUG org.springframework.jdbc.datasource.DataSourceTransactionManager - Creating new transaction with name [fr.insalyon.creatis.vip.application.integrationtest.ClassIT.testAddExistingClass]: PROPAGATION_REQUIRED,ISOLATION_DEFAULT
15:18:17.445 [main] DEBUG org.springframework.jdbc.datasource.DataSourceTransactionManager - Acquired Connection [Lazy Connection proxy for target DataSource [org.springframework.jdbc.datasource.embedded.EmbeddedDatabaseFactory$EmbeddedDataSourceProxy@191cf952]] for JDBC transaction
15:18:17.445 [main] DEBUG org.springframework.jdbc.datasource.DataSourceTransactionManager - Switching JDBC Connection [Lazy Connection proxy for target DataSource [org.springframework.jdbc.datasource.embedded.EmbeddedDatabaseFactory$EmbeddedDataSourceProxy@191cf952]] to manual commit
15:18:17.445 [main] INFO org.springframework.test.context.transaction.TransactionContext - Began transaction (1) for test context [DefaultTestContext@23803141 testClass = ClassIT, testInstance = fr.insalyon.creatis.vip.application.integrationtest.ClassIT@3b9e23dc, testMethod = testAddExistingClass@ClassIT, testException = [null], mergedContextConfiguration = [MergedContextConfiguration@39e7d6fc testClass = ClassIT, locations = '{}', classes = '{class fr.insalyon.creatis.vip.core.server.SpringCoreConfig}', contextInitializerClasses = '[]', activeProfiles = '{test-db, test}', propertySourceLocations = '{}', propertySourceProperties = '{db.tableEngine=, vipConfigFolder=classpath:}', contextCustomizers = set[[empty]], contextLoader = 'org.springframework.test.context.support.DelegatingSmartContextLoader', parent = [null]], attributes = map['org.springframework.test.context.event.ApplicationEventsTestExecutionListener.recordApplicationEvents' -> false]]; transaction manager [org.springframework.jdbc.datasource.DataSourceTransactionManager@7790ff61]; rollback [true]
15:18:17.445 [main] DEBUG org.springframework.test.context.cache.DefaultCacheAwareContextLoaderDelegate - Retrieved ApplicationContext [515283592] from cache with key [[MergedContextConfiguration@39e7d6fc testClass = ClassIT, locations = '{}', classes = '{class fr.insalyon.creatis.vip.core.server.SpringCoreConfig}', contextInitializerClasses = '[]', activeProfiles = '{test-db, test}', propertySourceLocations = '{}', propertySourceProperties = '{db.tableEngine=, vipConfigFolder=classpath:}', contextCustomizers = set[[empty]], contextLoader = 'org.springframework.test.context.support.DelegatingSmartContextLoader', parent = [null]]]
15:18:17.445 [main] DEBUG org.springframework.test.context.cache - Spring test ApplicationContext cache statistics: [DefaultContextCache@2fba07dc size = 1, maxSize = 32, parentContextCount = 0, hitCount = 216, missCount = 18]
15:18:17.447 [main] DEBUG org.springframework.jdbc.datasource.DataSourceTransactionManager - Participating in existing transaction
15:18:17.447 [main] DEBUG org.springframework.jdbc.datasource.DataSourceTransactionManager - Participating in existing transaction
15:18:17.447 [main] DEBUG org.springframework.jdbc.datasource.SimpleDriverDataSource - Creating new JDBC Driver Connection to [jdbc:h2:mem:d137784c-5aaa-447d-a12f-012e6d7e59c7;DB_CLOSE_DELAY=-1;DB_CLOSE_ON_EXIT=false]
15:18:17.448 [main] DEBUG org.springframework.jdbc.datasource.DataSourceTransactionManager - Participating in existing transaction
15:18:17.448 [main] DEBUG org.springframework.jdbc.datasource.DataSourceTransactionManager - Participating in existing transaction
15:18:17.448 [main] DEBUG org.springframework.jdbc.datasource.DataSourceTransactionManager - Participating in existing transaction
15:18:17.448 [main] DEBUG org.springframework.jdbc.datasource.DataSourceTransactionManager - Participating in existing transaction
15:18:17.449 [main] DEBUG org.springframework.test.context.cache.DefaultCacheAwareContextLoaderDelegate - Retrieved ApplicationContext [515283592] from cache with key [[MergedContextConfiguration@39e7d6fc testClass = ClassIT, locations = '{}', classes = '{class fr.insalyon.creatis.vip.core.server.SpringCoreConfig}', contextInitializerClasses = '[]', activeProfiles = '{test-db, test}', propertySourceLocations = '{}', propertySourceProperties = '{db.tableEngine=, vipConfigFolder=classpath:}', contextCustomizers = set[[empty]], contextLoader = 'org.springframework.test.context.support.DelegatingSmartContextLoader', parent = [null]]]
15:18:17.449 [main] DEBUG org.springframework.test.context.cache - Spring test ApplicationContext cache statistics: [DefaultContextCache@2fba07dc size = 1, maxSize = 32, parentContextCount = 0, hitCount = 217, missCount = 18]
15:18:17.449 [main] DEBUG org.springframework.jdbc.datasource.DataSourceTransactionManager - Participating in existing transaction
15:18:17.449 [main] DEBUG org.springframework.jdbc.datasource.DataSourceTransactionManager - Participating in existing transaction
15:18:17.450 [main] ERROR fr.insalyon.creatis.vip.application.server.dao.mysql.ClassData - A class named "class1" already exists.
15:18:17.450 [main] DEBUG org.springframework.test.context.cache.DefaultCacheAwareContextLoaderDelegate - Retrieved ApplicationContext [515283592] from cache with key [[MergedContextConfiguration@39e7d6fc testClass = ClassIT, locations = '{}', classes = '{class fr.insalyon.creatis.vip.core.server.SpringCoreConfig}', contextInitializerClasses = '[]', activeProfiles = '{test-db, test}', propertySourceLocations = '{}', propertySourceProperties = '{db.tableEngine=, vipConfigFolder=classpath:}', contextCustomizers = set[[empty]], contextLoader = 'org.springframework.test.context.support.DelegatingSmartContextLoader', parent = [null]]]
15:18:17.450 [main] DEBUG org.springframework.test.context.cache - Spring test ApplicationContext cache statistics: [DefaultContextCache@2fba07dc size = 1, maxSize = 32, parentContextCount = 0, hitCount = 218, missCount = 18]
15:18:17.450 [main] DEBUG org.springframework.test.context.cache.DefaultCacheAwareContextLoaderDelegate - Retrieved ApplicationContext [515283592] from cache with key [[MergedContextConfiguration@39e7d6fc testClass = ClassIT, locations = '{}', classes = '{class fr.insalyon.creatis.vip.core.server.SpringCoreConfig}', contextInitializerClasses = '[]', activeProfiles = '{test-db, test}', propertySourceLocations = '{}', propertySourceProperties = '{db.tableEngine=, vipConfigFolder=classpath:}', contextCustomizers = set[[empty]], contextLoader = 'org.springframework.test.context.support.DelegatingSmartContextLoader', parent = [null]]]
15:18:17.450 [main] DEBUG org.springframework.test.context.cache - Spring test ApplicationContext cache statistics: [DefaultContextCache@2fba07dc size = 1, maxSize = 32, parentContextCount = 0, hitCount = 219, missCount = 18]
15:18:17.450 [main] DEBUG org.springframework.jdbc.datasource.DataSourceTransactionManager - Initiating transaction rollback
15:18:17.451 [main] DEBUG org.springframework.jdbc.datasource.DataSourceTransactionManager - Rolling back JDBC transaction on Connection [conn172: url=jdbc:h2:mem:d137784c-5aaa-447d-a12f-012e6d7e59c7 user=SA]
15:18:17.451 [main] DEBUG org.springframework.jdbc.datasource.DataSourceTransactionManager - Releasing JDBC Connection [conn172: url=jdbc:h2:mem:d137784c-5aaa-447d-a12f-012e6d7e59c7 user=SA] after transaction
15:18:17.451 [main] INFO org.springframework.test.context.transaction.TransactionContext - Rolled back transaction for test: [DefaultTestContext@23803141 testClass = ClassIT, testInstance = fr.insalyon.creatis.vip.application.integrationtest.ClassIT@3b9e23dc, testMethod = testAddExistingClass@ClassIT, testException = [null], mergedContextConfiguration = [MergedContextConfiguration@39e7d6fc testClass = ClassIT, locations = '{}', classes = '{class fr.insalyon.creatis.vip.core.server.SpringCoreConfig}', contextInitializerClasses = '[]', activeProfiles = '{test-db, test}', propertySourceLocations = '{}', propertySourceProperties = '{db.tableEngine=, vipConfigFolder=classpath:}', contextCustomizers = set[[empty]], contextLoader = 'org.springframework.test.context.support.DelegatingSmartContextLoader', parent = [null]], attributes = map['org.springframework.test.context.event.ApplicationEventsTestExecutionListener.recordApplicationEvents' -> false]]
15:18:17.451 [main] DEBUG org.springframework.test.context.support.AbstractDirtiesContextTestExecutionListener - After test method: context [DefaultTestContext@23803141 testClass = ClassIT, testInstance = fr.insalyon.creatis.vip.application.integrationtest.ClassIT@3b9e23dc, testMethod = testAddExistingClass@ClassIT, testException = [null], mergedContextConfiguration = [MergedContextConfiguration@39e7d6fc testClass = ClassIT, locations = '{}', classes = '{class fr.insalyon.creatis.vip.core.server.SpringCoreConfig}', contextInitializerClasses = '[]', activeProfiles = '{test-db, test}', propertySourceLocations = '{}', propertySourceProperties = '{db.tableEngine=, vipConfigFolder=classpath:}', contextCustomizers = set[[empty]], contextLoader = 'org.springframework.test.context.support.DelegatingSmartContextLoader', parent = [null]], attributes = map['org.springframework.test.context.event.ApplicationEventsTestExecutionListener.recordApplicationEvents' -> false]], class annotated with @DirtiesContext [true] with mode [AFTER_EACH_TEST_METHOD], method annotated with @DirtiesContext [false] with mode [null].
15:18:17.451 [main] DEBUG org.springframework.context.support.GenericApplicationContext - Closing org.springframework.context.support.GenericApplicationContext@1eb69a88, started on Tue Jul 11 15:18:17 CEST 2023
15:18:17.452 [main] INFO org.springframework.jdbc.datasource.embedded.EmbeddedDatabaseFactory - Shutting down embedded database: url='jdbc:h2:mem:d137784c-5aaa-447d-a12f-012e6d7e59c7;DB_CLOSE_DELAY=-1;DB_CLOSE_ON_EXIT=false'
15:18:17.452 [main] DEBUG org.springframework.jdbc.datasource.SimpleDriverDataSource - Creating new JDBC Driver Connection to [jdbc:h2:mem:d137784c-5aaa-447d-a12f-012e6d7e59c7;DB_CLOSE_DELAY=-1;DB_CLOSE_ON_EXIT=false]
]]></system-out>
  </testcase>
</testsuite>